2019-09-23 05:09:04,710 DEBUG (BaseJdbcLogger.java:143)- ====> Parameters: 25564(Integer)
2019-09-23 05:09:04,712 DEBUG (BaseJdbcLogger.java:143)- <====      Total: 0
2019-09-23 05:09:04,713 DEBUG (BaseJdbcLogger.java:143)- ====>  Preparing: select a.id, a.role_id, a.name from role as a,user_role as b where a.id=b.role_id and b.user_id=? 
2019-09-23 05:09:04,713 DEBUG (BaseJdbcLogger.java:143)- ====> Parameters: 25565(Integer)
2019-09-23 05:09:04,714 DEBUG (BaseJdbcLogger.java:143)- <====      Total: 0
2019-09-23 05:09:04,714 DEBUG (BaseJdbcLogger.java:143)- ====>  Preparing: select a.id, a.role_id, a.name from role as a,user_role as b where a.id=b.role_id and b.user_id=? 
2019-09-23 05:09:04,715 DEBUG (BaseJdbcLogger.java:143)- ====> Parameters: 25566(Integer)
2019-09-23 05:09:04,781 DEBUG (BaseJdbcLogger.java:143)- <====      Total: 0
2019-09-23 05:09:04,783 DEBUG (BaseJdbcLogger.java:143)- ====>  Preparing: select a.id, a.role_id, a.name from role as a,user_role as b where a.id=b.role_id and b.user_id=? 
2019-09-23 05:09:04,783 DEBUG (BaseJdbcLogger.java:143)- ====> Parameters: 25567(Integer)
2019-09-23 05:09:04,784 DEBUG (BaseJdbcLogger.java:143)- <====      Total: 0
2019-09-23 05:09:04,784 DEBUG (BaseJdbcLogger.java:143)- ====>  Preparing: select a.id, a.role_id, a.name from role as a,user_role as b where a.id=b.role_id and b.user_id=? 
2019-09-23 05:09:04,784 DEBUG (BaseJdbcLogger.java:143)- ====> Parameters: 25568(Integer)
2019-09-23 05:09:04,786 DEBUG (BaseJdbcLogger.java:143)- <====      Total: 0
2019-09-23 05:09:04,786 DEBUG (BaseJdbcLogger.java:143)- ====>  Preparing: select a.id, a.role_id, a.name from role as a,user_role as b where a.id=b.role_id and b.user_id=? 
2019-09-23 05:09:04,787 DEBUG (BaseJdbcLogger.java:143)- ====> Parameters: 25569(Integer)
2019-09-23 05:09:04,787 DEBUG (BaseJdbcLogger.java:143)- <====      Total: 0
2019-09-23 05:09:04,788 DEBUG (BaseJdbcLogger.java:143)- ====>  Preparing: select a.id, a.role_id, a.name from role as a,user_role as b where a.id=b.role_id and b.user_id=? 
2019-09-23 05:09:04,788 DEBUG (BaseJdbcLogger.java:143)- ====> Parameters: 25573(Integer)
2019-09-23 05:09:04,788 DEBUG (BaseJdbcLogger.java:143)- <====      Total: 0
2019-09-23 05:09:04,789 DEBUG (BaseJdbcLogger.java:143)- ====>  Preparing: select a.id, a.role_id, a.name from role as a,user_role as b where a.id=b.role_id and b.user_id=? 
2019-09-23 05:09:04,789 DEBUG (BaseJdbcLogger.java:143)- ====> Parameters: 25579(Integer)
2019-09-23 05:09:04,789 DEBUG (BaseJdbcLogger.java:143)- <====      Total: 0
2019-09-23 05:09:04,790 DEBUG (BaseJdbcLogger.java:143)- ====>  Preparing: select a.id, a.role_id, a.name from role as a,user_role as b where a.id=b.role_id and b.user_id=? 
2019-09-23 05:09:04,790 DEBUG (BaseJdbcLogger.java:143)- ====> Parameters: 25580(Integer)
2019-09-23 05:09:04,791 DEBUG (BaseJdbcLogger.java:143)- <====      Total: 0
2019-09-23 05:09:04,792 DEBUG (BaseJdbcLogger.java:143)- ====>  Preparing: select a.id, a.role_id, a.name from role as a,user_role as b where a.id=b.role_id and b.user_id=? 
2019-09-23 05:09:04,792 DEBUG (BaseJdbcLogger.java:143)- ====> Parameters: 25583(Integer)
2019-09-23 05:09:04,793 DEBUG (BaseJdbcLogger.java:143)- <====      Total: 0
2019-09-23 05:09:04,793 DEBUG (BaseJdbcLogger.java:143)- ====>  Preparing: select a.id, a.role_id, a.name from role as a,user_role as b where a.id=b.role_id and b.user_id=? 
2019-09-23 05:09:04,793 DEBUG (BaseJdbcLogger.java:143)- ====> Parameters: 25586(Integer)
2019-09-23 05:09:04,793 DEBUG (BaseJdbcLogger.java:143)- <====      Total: 0
2019-09-23 05:09:04,794 DEBUG (BaseJdbcLogger.java:143)- ====>  Preparing: select a.id, a.role_id, a.name from role as a,user_role as b where a.id=b.role_id and b.user_id=? 
2019-09-23 05:09:04,795 DEBUG (BaseJdbcLogger.java:143)- ====> Parameters: 25589(Integer)
2019-09-23 05:09:04,795 DEBUG (BaseJdbcLogger.java:143)- <====      Total: 0
2019-09-23 05:09:04,796 DEBUG (BaseJdbcLogger.java:143)- ====>  Preparing: select a.id, a.role_id, a.name from role as a,user_role as b where a.id=b.role_id and b.user_id=? 
2019-09-23 05:09:04,796 DEBUG (BaseJdbcLogger.java:143)- ====> Parameters: 25590(Integer)
2019-09-23 05:09:04,796 DEBUG (BaseJdbcLogger.java:143)- <====      Total: 0
2019-09-23 05:09:04,797 DEBUG (BaseJdbcLogger.java:143)- ====>  Preparing: select a.id, a.role_id, a.name from role as a,user_role as b where a.id=b.role_id and b.user_id=? 
2019-09-23 05:09:04,797 DEBUG (BaseJdbcLogger.java:143)- ====> Parameters: 25592(Integer)
2019-09-23 05:09:04,797 DEBUG (BaseJdbcLogger.java:143)- <====      Total: 0
2019-09-23 05:09:04,798 DEBUG (BaseJdbcLogger.java:143)- ====>  Preparing: select a.id, a.role_id, a.name from role as a,user_role as b where a.id=b.role_id and b.user_id=? 
2019-09-23 05:09:04,798 DEBUG (BaseJdbcLogger.java:143)- ====> Parameters: 25593(Integer)
2019-09-23 05:09:04,799 DEBUG (BaseJdbcLogger.java:143)- <====      Total: 0
2019-09-23 05:09:04,799 DEBUG (BaseJdbcLogger.java:143)- ====>  Preparing: select a.id, a.role_id, a.name from role as a,user_role as b where a.id=b.role_id and b.user_id=? 
2019-09-23 05:09:04,799 DEBUG (BaseJdbcLogger.java:143)- ====> Parameters: 25595(Integer)
2019-09-23 05:09:04,800 DEBUG (BaseJdbcLogger.java:143)- <====      Total: 0
2019-09-23 05:09:04,800 DEBUG (BaseJdbcLogger.java:143)- ====>  Preparing: select a.id, a.role_id, a.name from role as a,user_role as b where a.id=b.role_id and b.user_id=? 
2019-09-23 05:09:04,800 DEBUG (BaseJdbcLogger.java:143)- ====> Parameters: 25597(Integer)
2019-09-23 05:09:04,801 DEBUG (BaseJdbcLogger.java:143)- <====      Total: 0
2019-09-23 05:09:04,802 DEBUG (BaseJdbcLogger.java:143)- ====>  Preparing: select a.id, a.role_id, a.name from role as a,user_role as b where a.id=b.role_id and b.user_id=? 
2019-09-23 05:09:04,803 DEBUG (BaseJdbcLogger.java:143)- ====> Parameters: 25600(Integer)
2019-09-23 05:09:04,804 DEBUG (BaseJdbcLogger.java:143)- <====      Total: 0
2019-09-23 05:09:04,805 DEBUG (BaseJdbcLogger.java:143)- ====>  Preparing: select a.id, a.role_id, a.name from role as a,user_role as b where a.id=b.role_id and b.user_id=? 
2019-09-23 05:09:04,805 DEBUG (BaseJdbcLogger.java:143)- ====> Parameters: 25601(Integer)
2019-09-23 05:09:04,806 DEBUG (BaseJdbcLogger.java:143)- <====      Total: 0
2019-09-23 05:09:04,806 DEBUG (BaseJdbcLogger.java:143)- ====>  Preparing: select a.id, a.role_id, a.name from role as a,user_role as b where a.id=b.role_id and b.user_id=? 
2019-09-23 05:09:04,806 DEBUG (BaseJdbcLogger.java:143)- ====> Parameters: 25606(Integer)
2019-09-23 05:09:04,807 DEBUG (BaseJdbcLogger.java:143)- <====      Total: 0
2019-09-23 05:09:04,808 DEBUG (BaseJdbcLogger.java:143)- <==      Total: 96
2019-09-23 05:09:04,808 DEBUG (BaseJdbcLogger.java:143)- ==>  Preparing: select id, name, sex, birthday, phone, ID_number, email, parent_phone, adress, major, state from student_basic where sex=? and major=? and state='0' 
2019-09-23 05:09:04,808 DEBUG (BaseJdbcLogger.java:143)- ==> Parameters: 女(String), 环境设计(String)
2019-09-23 05:09:04,809 DEBUG (BaseJdbcLogger.java:143)- ====>  Preparing: select a.id, a.role_id, a.name from role as a,user_role as b where a.id=b.role_id and b.user_id=? 
2019-09-23 05:09:04,810 DEBUG (BaseJdbcLogger.java:143)- ====> Parameters: 25434(Integer)
2019-09-23 05:09:04,812 DEBUG (BaseJdbcLogger.java:143)- <====      Total: 0
2019-09-23 05:09:04,812 DEBUG (BaseJdbcLogger.java:143)- ====>  Preparing: select a.id, a.role_id, a.name from role as a,user_role as b where a.id=b.role_id and b.user_id=? 
2019-09-23 05:09:04,812 DEBUG (BaseJdbcLogger.java:143)- ====> Parameters: 25435(Integer)
2019-09-23 05:09:04,813 DEBUG (BaseJdbcLogger.java:143)- <====      Total: 0
2019-09-23 05:09:04,814 DEBUG (BaseJdbcLogger.java:143)- ====>  Preparing: select a.id, a.role_id, a.name from role as a,user_role as b where a.id=b.role_id and b.user_id=? 
2019-09-23 05:09:04,814 DEBUG (BaseJdbcLogger.java:143)- ====> Parameters: 25438(Integer)
2019-09-23 05:09:04,816 DEBUG (BaseJdbcLogger.java:143)- <====      Total: 0
2019-09-23 05:09:04,816 DEBUG (BaseJdbcLogger.java:143)- ====>  Preparing: select a.id, a.role_id, a.name from role as a,user_role as b where a.id=b.role_id and b.user_id=? 
2019-09-23 05:09:04,816 DEBUG (BaseJdbcLogger.java:143)- ====> Parameters: 25439(Integer)
2019-09-23 05:09:04,817 DEBUG (BaseJdbcLogger.java:143)- <====      Total: 0
2019-09-23 05:09:04,817 DEBUG (BaseJdbcLogger.java:143)- ====>  Preparing: select a.id, a.role_id, a.name from role as a,user_role as b where a.id=b.role_id and b.user_id=? 
2019-09-23 05:09:04,817 DEBUG (BaseJdbcLogger.java:143)- ====> Parameters: 25440(Integer)
2019-09-23 05:09:04,818 DEBUG (BaseJdbcLogger.java:143)- <====      Total: 0
2019-09-23 05:09:04,818 DEBUG (BaseJdbcLogger.java:143)- ====>  Preparing: select a.id, a.role_id, a.name from role as a,user_role as b where a.id=b.role_id and b.user_id=? 
2019-09-23 05:09:04,818 DEBUG (BaseJdbcLogger.java:143)- ====> Parameters: 25444(Integer)
2019-09-23 05:09:04,819 DEBUG (BaseJdbcLogger.java:143)- <====      Total: 0
2019-09-23 05:09:04,819 DEBUG (BaseJdbcLogger.java:143)- ====>  Preparing: select a.id, a.role_id, a.name from role as a,user_role as b where a.id=b.role_id and b.user_id=? 
2019-09-23 05:09:04,820 DEBUG (BaseJdbcLogger.java:143)- ====> Parameters: 25446(Integer)
2019-09-23 05:09:04,820 DEBUG (BaseJdbcLogger.java:143)- <====      Total: 0
2019-09-23 05:09:04,821 DEBUG (BaseJdbcLogger.java:143)- ====>  Preparing: select a.id, a.role_id, a.name from role as a,user_role as b where a.id=b.role_id and b.user_id=? 
2019-09-23 05:09:04,821 DEBUG (BaseJdbcLogger.java:143)- ====> Parameters: 25447(Integer)
2019-09-23 05:09:04,822 DEBUG (BaseJdbcLogger.java:143)- <====      Total: 0
2019-09-23 05:09:04,822 DEBUG (BaseJdbcLogger.java:143)- ====>  Preparing: select a.id, a.role_id, a.name from role as a,user_role as b where a.id=b.role_id and b.user_id=? 
2019-09-23 05:09:04,822 DEBUG (BaseJdbcLogger.java:143)- ====> Parameters: 25448(Integer)
2019-09-23 05:09:04,823 DEBUG (BaseJdbcLogger.java:143)- <====      Total: 0
2019-09-23 05:09:04,823 DEBUG (BaseJdbcLogger.java:143)- ====>  Preparing: select a.id, a.role_id, a.name from role as a,user_role as b where a.id=b.role_id and b.user_id=? 
2019-09-23 05:09:04,823 DEBUG (BaseJdbcLogger.java:143)- ====> Parameters: 25453(Integer)
2019-09-23 05:09:04,824 DEBUG (BaseJdbcLogger.java:143)- <====      Total: 0
2019-09-23 05:09:04,824 DEBUG (BaseJdbcLogger.java:143)- ====>  Preparing: select a.id, a.role_id, a.name from role as a,user_role as b where a.id=b.role_id and b.user_id=? 
2019-09-23 05:09:04,825 DEBUG (BaseJdbcLogger.java:143)- ====> Parameters: 25455(Integer)
2019-09-23 05:09:04,825 DEBUG (BaseJdbcLogger.java:143)- <====      Total: 0
2019-09-23 05:09:04,826 DEBUG (BaseJdbcLogger.java:143)- ====>  Preparing: select a.id, a.role_id, a.name from role as a,user_role as b where a.id=b.role_id and b.user_id=? 
2019-09-23 05:09:04,826 DEBUG (BaseJdbcLogger.java:143)- ====> Parameters: 25469(Integer)
2019-09-23 05:09:04,827 DEBUG (BaseJdbcLogger.java:143)- <====      Total: 0
2019-09-23 05:09:04,827 DEBUG (BaseJdbcLogger.java:143)- ====>  Preparing: select a.id, a.role_id, a.name from role as a,user_role as b where a.id=b.role_id and b.user_id=? 
2019-09-23 05:09:04,827 DEBUG (BaseJdbcLogger.java:143)- ====> Parameters: 25470(Integer)
2019-09-23 05:09:04,828 DEBUG (BaseJdbcLogger.java:143)- <====      Total: 0
2019-09-23 05:09:04,828 DEBUG (BaseJdbcLogger.java:143)- ====>  Preparing: select a.id, a.role_id, a.name from role as a,user_role as b where a.id=b.role_id and b.user_id=? 
2019-09-23 05:09:04,828 DEBUG (BaseJdbcLogger.java:143)- ====> Parameters: 25472(Integer)
2019-09-23 05:09:04,830 DEBUG (BaseJdbcLogger.java:143)- <====      Total: 0
2019-09-23 05:09:04,830 DEBUG (BaseJdbcLogger.java:143)- ====>  Preparing: select a.id, a.role_id, a.name from role as a,user_role as b where a.id=b.role_id and b.user_id=? 
2019-09-23 05:09:04,831 DEBUG (BaseJdbcLogger.java:143)- ====> Parameters: 25473(Integer)
2019-09-23 05:09:04,832 DEBUG (BaseJdbcLogger.java:143)- <====      Total: 0
2019-09-23 05:09:04,832 DEBUG (BaseJdbcLogger.java:143)- ====>  Preparing: select a.id, a.role_id, a.name from role as a,user_role as b where a.id=b.role_id and b.user_id=? 
2019-09-23 05:09:04,833 DEBUG (BaseJdbcLogger.java:143)- ====> Parameters: 25479(Integer)
2019-09-23 05:09:04,834 DEBUG (BaseJdbcLogger.java:143)- <====      Total: 0
2019-09-23 05:09:04,834 DEBUG (BaseJdbcLogger.java:143)- ====>  Preparing: select a.id, a.role_id, a.name from role as a,user_role as b where a.id=b.role_id and b.user_id=? 
2019-09-23 05:09:04,834 DEBUG (BaseJdbcLogger.java:143)- ====> Parameters: 25480(Integer)
2019-09-23 05:09:04,835 DEBUG (BaseJdbcLogger.java:143)- <====      Total: 0
2019-09-23 05:09:04,836 DEBUG (BaseJdbcLogger.java:143)- ====>  Preparing: select a.id, a.role_id, a.name from role as a,user_role as b where a.id=b.role_id and b.user_id=? 
2019-09-23 05:09:04,836 DEBUG (BaseJdbcLogger.java:143)- ====> Parameters: 25481(Integer)
2019-09-23 05:09:04,836 DEBUG (BaseJdbcLogger.java:143)- <====      Total: 0
2019-09-23 05:09:04,837 DEBUG (BaseJdbcLogger.java:143)- ====>  Preparing: select a.id, a.role_id, a.name from role as a,user_role as b where a.id=b.role_id and b.user_id=? 
2019-09-23 05:09:04,837 DEBUG (BaseJdbcLogger.java:143)- ====> Parameters: 25482(Integer)
2019-09-23 05:09:04,837 DEBUG (BaseJdbcLogger.java:143)- <====      Total: 0
2019-09-23 05:09:04,838 DEBUG (BaseJdbcLogger.java:143)- ====>  Preparing: select a.id, a.role_id, a.name from role as a,user_role as b where a.id=b.role_id and b.user_id=? 
2019-09-23 05:09:04,838 DEBUG (BaseJdbcLogger.java:143)- ====> Parameters: 25483(Integer)
2019-09-23 05:09:04,839 DEBUG (BaseJdbcLogger.java:143)- <====      Total: 0
2019-09-23 05:09:04,839 DEBUG (BaseJdbcLogger.java:143)- ====>  Preparing: select a.id, a.role_id, a.name from role as a,user_role as b where a.id=b.role_id and b.user_id=? 
2019-09-23 05:09:04,840 DEBUG (BaseJdbcLogger.java:143)- ====> Parameters: 25484(Integer)
2019-09-23 05:09:04,840 DEBUG (BaseJdbcLogger.java:143)- <====      Total: 0
2019-09-23 05:09:04,841 DEBUG (BaseJdbcLogger.java:143)- ====>  Preparing: select a.id, a.role_id, a.name from role as a,user_role as b where a.id=b.role_id and b.user_id=? 
2019-09-23 05:09:04,841 DEBUG (BaseJdbcLogger.java:143)- ====> Parameters: 25487(Integer)
2019-09-23 05:09:04,841 DEBUG (BaseJdbcLogger.java:143)- <====      Total: 0
2019-09-23 05:09:04,842 DEBUG (BaseJdbcLogger.java:143)- ====>  Preparing: select a.id, a.role_id, a.name from role as a,user_role as b where a.id=b.role_id and b.user_id=? 
2019-09-23 05:09:04,842 DEBUG (BaseJdbcLogger.java:143)- ====> Parameters: 25489(Integer)
2019-09-23 05:09:04,843 DEBUG (BaseJdbcLogger.java:143)- <====      Total: 0
2019-09-23 05:09:04,844 DEBUG (BaseJdbcLogger.java:143)- ====>  Preparing: select a.id, a.role_id, a.name from role as a,user_role as b where a.id=b.role_id and b.user_id=? 
2019-09-23 05:09:04,844 DEBUG (BaseJdbcLogger.java:143)- ====> Parameters: 25493(Integer)
2019-09-23 05:09:04,845 DEBUG (BaseJdbcLogger.java:143)- <====      Total: 0
2019-09-23 05:09:04,845 DEBUG (BaseJdbcLogger.java:143)- ====>  Preparing: select a.id, a.role_id, a.name from role as a,user_role as b where a.id=b.role_id and b.user_id=? 
2019-09-23 05:09:04,845 DEBUG (BaseJdbcLogger.java:143)- ====> Parameters: 25494(Integer)
2019-09-23 05:09:04,846 DEBUG (BaseJdbcLogger.java:143)- <====      Total: 0
2019-09-23 05:09:04,847 DEBUG (BaseJdbcLogger.java:143)- ====>  Preparing: select a.id, a.role_id, a.name from role as a,user_role as b where a.id=b.role_id and b.user_id=? 
2019-09-23 05:09:04,847 DEBUG (BaseJdbcLogger.java:143)- ====> Parameters: 25495(Integer)
2019-09-23 05:09:04,848 DEBUG (BaseJdbcLogger.java:143)- <====      Total: 0
2019-09-23 05:09:04,848 DEBUG (BaseJdbcLogger.java:143)- ====>  Preparing: select a.id, a.role_id, a.name from role as a,user_role as b where a.id=b.role_id and b.user_id=? 
2019-09-23 05:09:04,848 DEBUG (BaseJdbcLogger.java:143)- ====> Parameters: 25498(Integer)
2019-09-23 05:09:04,849 DEBUG (BaseJdbcLogger.java:143)- <====      Total: 0
2019-09-23 05:09:04,849 DEBUG (BaseJdbcLogger.java:143)- ====>  Preparing: select a.id, a.role_id, a.name from role as a,user_role as b where a.id=b.role_id and b.user_id=? 
2019-09-23 05:09:04,850 DEBUG (BaseJdbcLogger.java:143)- ====> Parameters: 25499(Integer)
2019-09-23 05:09:04,850 DEBUG (BaseJdbcLogger.java:143)- <====      Total: 0
2019-09-23 05:09:04,851 DEBUG (BaseJdbcLogger.java:143)- ====>  Preparing: select a.id, a.role_id, a.name from role as a,user_role as b where a.id=b.role_id and b.user_id=? 
2019-09-23 05:09:04,851 DEBUG (BaseJdbcLogger.java:143)- ====> Parameters: 25505(Integer)
2019-09-23 05:09:04,852 DEBUG (BaseJdbcLogger.java:143)- <====      Total: 0
2019-09-23 05:09:04,852 DEBUG (BaseJdbcLogger.java:143)- ====>  Preparing: select a.id, a.role_id, a.name from role as a,user_role as b where a.id=b.role_id and b.user_id=? 
2019-09-23 05:09:04,852 DEBUG (BaseJdbcLogger.java:143)- ====> Parameters: 25506(Integer)
2019-09-23 05:09:04,853 DEBUG (BaseJdbcLogger.java:143)- <====      Total: 0
2019-09-23 05:09:04,854 DEBUG (BaseJdbcLogger.java:143)- ====>  Preparing: select a.id, a.role_id, a.name from role as a,user_role as b where a.id=b.role_id and b.user_id=? 
2019-09-23 05:09:04,854 DEBUG (BaseJdbcLogger.java:143)- ====> Parameters: 25511(Integer)
2019-09-23 05:09:04,854 DEBUG (BaseJdbcLogger.java:143)- <====      Total: 0
2019-09-23 05:09:04,855 DEBUG (BaseJdbcLogger.java:143)- ====>  Preparing: select a.id, a.role_id, a.name from role as a,user_role as b where a.id=b.role_id and b.user_id=? 
2019-09-23 05:09:04,855 DEBUG (BaseJdbcLogger.java:143)- ====> Parameters: 25513(Integer)
2019-09-23 05:09:04,856 DEBUG (BaseJdbcLogger.java:143)- <====      Total: 0
2019-09-23 05:09:04,856 DEBUG (BaseJdbcLogger.java:143)- ====>  Preparing: select a.id, a.role_id, a.name from role as a,user_role as b where a.id=b.role_id and b.user_id=? 
2019-09-23 05:09:04,857 DEBUG (BaseJdbcLogger.java:143)- ====> Parameters: 25514(Integer)
2019-09-23 05:09:04,857 DEBUG (BaseJdbcLogger.java:143)- <====      Total: 0
2019-09-23 05:09:04,858 DEBUG (BaseJdbcLogger.java:143)- ====>  Preparing: select a.id, a.role_id, a.name from role as a,user_role as b where a.id=b.role_id and b.user_id=? 
2019-09-23 05:09:04,858 DEBUG (BaseJdbcLogger.java:143)- ====> Parameters: 25516(Integer)
2019-09-23 05:09:04,859 DEBUG (BaseJdbcLogger.java:143)- <====      Total: 0
2019-09-23 05:09:04,859 DEBUG (BaseJdbcLogger.java:143)- ====>  Preparing: select a.id, a.role_id, a.name from role as a,user_role as b where a.id=b.role_id and b.user_id=? 
2019-09-23 05:09:04,859 DEBUG (BaseJdbcLogger.java:143)- ====> Parameters: 25517(Integer)
2019-09-23 05:09:04,860 DEBUG (BaseJdbcLogger.java:143)- <====      Total: 0
2019-09-23 05:09:04,860 DEBUG (BaseJdbcLogger.java:143)- ====>  Preparing: select a.id, a.role_id, a.name from role as a,user_role as b where a.id=b.role_id and b.user_id=? 
2019-09-23 05:09:04,861 DEBUG (BaseJdbcLogger.java:143)- ====> Parameters: 25522(Integer)
2019-09-23 05:09:04,861 DEBUG (BaseJdbcLogger.java:143)- <====      Total: 0
2019-09-23 05:09:04,862 DEBUG (BaseJdbcLogger.java:143)- ====>  Preparing: select a.id, a.role_id, a.name from role as a,user_role as b where a.id=b.role_id and b.user_id=? 
2019-09-23 05:09:04,862 DEBUG (BaseJdbcLogger.java:143)- ====> Parameters: 25523(Integer)
2019-09-23 05:09:04,863 DEBUG (BaseJdbcLogger.java:143)- <====      Total: 0
2019-09-23 05:09:04,863 DEBUG (BaseJdbcLogger.java:143)- ====>  Preparing: select a.id, a.role_id, a.name from role as a,user_role as b where a.id=b.role_id and b.user_id=? 
2019-09-23 05:09:04,863 DEBUG (BaseJdbcLogger.java:143)- ====> Parameters: 25528(Integer)
2019-09-23 05:09:04,865 DEBUG (BaseJdbcLogger.java:143)- <====      Total: 0
2019-09-23 05:09:04,865 DEBUG (BaseJdbcLogger.java:143)- ====>  Preparing: select a.id, a.role_id, a.name from role as a,user_role as b where a.id=b.role_id and b.user_id=? 
2019-09-23 05:09:04,866 DEBUG (BaseJdbcLogger.java:143)- ====> Parameters: 25529(Integer)
2019-09-23 05:09:04,868 DEBUG (BaseJdbcLogger.java:143)- <====      Total: 0
2019-09-23 05:09:04,868 DEBUG (BaseJdbcLogger.java:143)- ====>  Preparing: select a.id, a.role_id, a.name from role as a,user_role as b where a.id=b.role_id and b.user_id=? 
2019-09-23 05:09:04,868 DEBUG (BaseJdbcLogger.java:143)- ====> Parameters: 25530(Integer)
2019-09-23 05:09:04,869 DEBUG (BaseJdbcLogger.java:143)- <====      Total: 0
2019-09-23 05:09:04,870 DEBUG (BaseJdbcLogger.java:143)- ====>  Preparing: select a.id, a.role_id, a.name from role as a,user_role as b where a.id=b.role_id and b.user_id=? 
2019-09-23 05:09:04,870 DEBUG (BaseJdbcLogger.java:143)- ====> Parameters: 25531(Integer)
2019-09-23 05:09:04,870 DEBUG (BaseJdbcLogger.java:143)- <====      Total: 0
2019-09-23 05:09:04,871 DEBUG (BaseJdbcLogger.java:143)- ====>  Preparing: select a.id, a.role_id, a.name from role as a,user_role as b where a.id=b.role_id and b.user_id=? 
2019-09-23 05:09:04,871 DEBUG (BaseJdbcLogger.java:143)- ====> Parameters: 25533(Integer)
2019-09-23 05:09:04,872 DEBUG (BaseJdbcLogger.java:143)- <====      Total: 0
2019-09-23 05:09:04,872 DEBUG (BaseJdbcLogger.java:143)- ====>  Preparing: select a.id, a.role_id, a.name from role as a,user_role as b where a.id=b.role_id and b.user_id=? 
2019-09-23 05:09:04,872 DEBUG (BaseJdbcLogger.java:143)- ====> Parameters: 25534(Integer)
2019-09-23 05:09:04,873 DEBUG (BaseJdbcLogger.java:143)- <====      Total: 0
2019-09-23 05:09:04,873 DEBUG (BaseJdbcLogger.java:143)- ====>  Preparing: select a.id, a.role_id, a.name from role as a,user_role as b where a.id=b.role_id and b.user_id=? 
2019-09-23 05:09:04,873 DEBUG (BaseJdbcLogger.java:143)- ====> Parameters: 25535(Integer)
2019-09-23 05:09:04,874 DEBUG (BaseJdbcLogger.java:143)- <====      Total: 0
2019-09-23 05:09:04,874 DEBUG (BaseJdbcLogger.java:143)- ====>  Preparing: select a.id, a.role_id, a.name from role as a,user_role as b where a.id=b.role_id and b.user_id=? 
2019-09-23 05:09:04,875 DEBUG (BaseJdbcLogger.java:143)- ====> Parameters: 25537(Integer)
2019-09-23 05:09:04,876 DEBUG (BaseJdbcLogger.java:143)- <====      Total: 0
2019-09-23 05:09:04,877 DEBUG (BaseJdbcLogger.java:143)- ====>  Preparing: select a.id, a.role_id, a.name from role as a,user_role as b where a.id=b.role_id and b.user_id=? 
2019-09-23 05:09:04,877 DEBUG (BaseJdbcLogger.java:143)- ====> Parameters: 25538(Integer)
2019-09-23 05:09:04,878 DEBUG (BaseJdbcLogger.java:143)- <====      Total: 0
2019-09-23 05:09:04,878 DEBUG (BaseJdbcLogger.java:143)- ====>  Preparing: select a.id, a.role_id, a.name from role as a,user_role as b where a.id=b.role_id and b.user_id=? 
2019-09-23 05:09:04,878 DEBUG (BaseJdbcLogger.java:143)- ====> Parameters: 25539(Integer)
2019-09-23 05:09:04,879 DEBUG (BaseJdbcLogger.java:143)- <====      Total: 0
2019-09-23 05:09:04,879 DEBUG (BaseJdbcLogger.java:143)- ====>  Preparing: select a.id, a.role_id, a.name from role as a,user_role as b where a.id=b.role_id and b.user_id=? 
2019-09-23 05:09:04,880 DEBUG (BaseJdbcLogger.java:143)- ====> Parameters: 25540(Integer)
2019-09-23 05:09:04,880 DEBUG (BaseJdbcLogger.java:143)- <====      Total: 0
2019-09-23 05:09:04,881 DEBUG (BaseJdbcLogger.java:143)- ====>  Preparing: select a.id, a.role_id, a.name from role as a,user_role as b where a.id=b.role_id and b.user_id=? 
2019-09-23 05:09:04,881 DEBUG (BaseJdbcLogger.java:143)- ====> Parameters: 25550(Integer)
2019-09-23 05:09:04,882 DEBUG (BaseJdbcLogger.java:143)- <====      Total: 0
2019-09-23 05:09:04,882 DEBUG (BaseJdbcLogger.java:143)- ====>  Preparing: select a.id, a.role_id, a.name from role as a,user_role as b where a.id=b.role_id and b.user_id=? 
2019-09-23 05:09:04,882 DEBUG (BaseJdbcLogger.java:143)- ====> Parameters: 25551(Integer)
2019-09-23 05:09:04,883 DEBUG (BaseJdbcLogger.java:143)- <====      Total: 0
2019-09-23 05:09:04,883 DEBUG (BaseJdbcLogger.java:143)- ====>  Preparing: select a.id, a.role_id, a.name from role as a,user_role as b where a.id=b.role_id and b.user_id=? 
2019-09-23 05:09:04,884 DEBUG (BaseJdbcLogger.java:143)- ====> Parameters: 25556(Integer)
2019-09-23 05:09:04,884 DEBUG (BaseJdbcLogger.java:143)- <====      Total: 0
2019-09-23 05:09:04,885 DEBUG (BaseJdbcLogger.java:143)- ====>  Preparing: select a.id, a.role_id, a.name from role as a,user_role as b where a.id=b.role_id and b.user_id=? 
2019-09-23 05:09:04,885 DEBUG (BaseJdbcLogger.java:143)- ====> Parameters: 25557(Integer)
2019-09-23 05:09:04,886 DEBUG (BaseJdbcLogger.java:143)- <====      Total: 0
2019-09-23 05:09:04,886 DEBUG (BaseJdbcLogger.java:143)- ====>  Preparing: select a.id, a.role_id, a.name from role as a,user_role as b where a.id=b.role_id and b.user_id=? 
2019-09-23 05:09:04,886 DEBUG (BaseJdbcLogger.java:143)- ====> Parameters: 25560(Integer)
2019-09-23 05:09:04,887 DEBUG (BaseJdbcLogger.java:143)- <====      Total: 0
2019-09-23 05:09:04,887 DEBUG (BaseJdbcLogger.java:143)- ====>  Preparing: select a.id, a.role_id, a.name from role as a,user_role as b where a.id=b.role_id and b.user_id=? 
2019-09-23 05:09:04,888 DEBUG (BaseJdbcLogger.java:143)- ====> Parameters: 25563(Integer)
2019-09-23 05:09:04,888 DEBUG (BaseJdbcLogger.java:143)- <====      Total: 0
2019-09-23 05:09:04,888 DEBUG (BaseJdbcLogger.java:143)- ====>  Preparing: select a.id, a.role_id, a.name from role as a,user_role as b where a.id=b.role_id and b.user_id=? 
2019-09-23 05:09:04,889 DEBUG (BaseJdbcLogger.java:143)- ====> Parameters: 25570(Integer)
2019-09-23 05:09:04,889 DEBUG (BaseJdbcLogger.java:143)- <====      Total: 0
2019-09-23 05:09:04,890 DEBUG (BaseJdbcLogger.java:143)- ====>  Preparing: select a.id, a.role_id, a.name from role as a,user_role as b where a.id=b.role_id and b.user_id=? 
2019-09-23 05:09:04,891 DEBUG (BaseJdbcLogger.java:143)- ====> Parameters: 25571(Integer)
2019-09-23 05:09:04,892 DEBUG (BaseJdbcLogger.java:143)- <====      Total: 0
2019-09-23 05:09:04,892 DEBUG (BaseJdbcLogger.java:143)- ====>  Preparing: select a.id, a.role_id, a.name from role as a,user_role as b where a.id=b.role_id and b.user_id=? 
2019-09-23 05:09:04,892 DEBUG (BaseJdbcLogger.java:143)- ====> Parameters: 25572(Integer)
2019-09-23 05:09:04,893 DEBUG (BaseJdbcLogger.java:143)- <====      Total: 0
2019-09-23 05:09:04,894 DEBUG (BaseJdbcLogger.java:143)- ====>  Preparing: select a.id, a.role_id, a.name from role as a,user_role as b where a.id=b.role_id and b.user_id=? 
2019-09-23 05:09:04,894 DEBUG (BaseJdbcLogger.java:143)- ====> Parameters: 25574(Integer)
2019-09-23 05:09:04,895 DEBUG (BaseJdbcLogger.java:143)- <====      Total: 0
2019-09-23 05:09:04,895 DEBUG (BaseJdbcLogger.java:143)- ====>  Preparing: select a.id, a.role_id, a.name from role as a,user_role as b where a.id=b.role_id and b.user_id=? 
2019-09-23 05:09:04,895 DEBUG (BaseJdbcLogger.java:143)- ====> Parameters: 25575(Integer)
2019-09-23 05:09:04,896 DEBUG (BaseJdbcLogger.java:143)- <====      Total: 0
2019-09-23 05:09:04,897 DEBUG (BaseJdbcLogger.java:143)- ====>  Preparing: select a.id, a.role_id, a.name from role as a,user_role as b where a.id=b.role_id and b.user_id=? 
2019-09-23 05:09:04,897 DEBUG (BaseJdbcLogger.java:143)- ====> Parameters: 25576(Integer)
2019-09-23 05:09:04,897 DEBUG (BaseJdbcLogger.java:143)- <====      Total: 0
2019-09-23 05:09:04,898 DEBUG (BaseJdbcLogger.java:143)- ====>  Preparing: select a.id, a.role_id, a.name from role as a,user_role as b where a.id=b.role_id and b.user_id=? 
2019-09-23 05:09:04,898 DEBUG (BaseJdbcLogger.java:143)- ====> Parameters: 25577(Integer)
2019-09-23 05:09:04,899 DEBUG (BaseJdbcLogger.java:143)- <====      Total: 0
2019-09-23 05:09:04,899 DEBUG (BaseJdbcLogger.java:143)- ====>  Preparing: select a.id, a.role_id, a.name from role as a,user_role as b where a.id=b.role_id and b.user_id=? 
2019-09-23 05:09:04,899 DEBUG (BaseJdbcLogger.java:143)- ====> Parameters: 25578(Integer)
2019-09-23 05:09:04,900 DEBUG (BaseJdbcLogger.java:143)- <====      Total: 0
2019-09-23 05:09:04,900 DEBUG (BaseJdbcLogger.java:143)- ====>  Preparing: select a.id, a.role_id, a.name from role as a,user_role as b where a.id=b.role_id and b.user_id=? 
2019-09-23 05:09:04,901 DEBUG (BaseJdbcLogger.java:143)- ====> Parameters: 25581(Integer)
2019-09-23 05:09:04,901 DEBUG (BaseJdbcLogger.java:143)- <====      Total: 0
2019-09-23 05:09:04,902 DEBUG (BaseJdbcLogger.java:143)- ====>  Preparing: select a.id, a.role_id, a.name from role as a,user_role as b where a.id=b.role_id and b.user_id=? 
2019-09-23 05:09:04,902 DEBUG (BaseJdbcLogger.java:143)- ====> Parameters: 25582(Integer)
2019-09-23 05:09:04,903 DEBUG (BaseJdbcLogger.java:143)- <====      Total: 0
2019-09-23 05:09:04,903 DEBUG (BaseJdbcLogger.java:143)- ====>  Preparing: select a.id, a.role_id, a.name from role as a,user_role as b where a.id=b.role_id and b.user_id=? 
2019-09-23 05:09:04,903 DEBUG (BaseJdbcLogger.java:143)- ====> Parameters: 25584(Integer)
