2019-09-04 04:00:19,595 DEBUG (BaseJdbcLogger.java:143)- ====> Parameters: 19006(String)
2019-09-04 04:00:19,598 DEBUG (BaseJdbcLogger.java:143)- <====      Total: 1
2019-09-04 04:00:19,599 DEBUG (BaseJdbcLogger.java:143)- ====>  Preparing: select id, name, sex, birthday, phone, ID_number, email, parent_phone, adress, major, state from student_basic where id = ? 
2019-09-04 04:00:19,599 DEBUG (BaseJdbcLogger.java:143)- ====> Parameters: 19007(String)
2019-09-04 04:00:19,600 DEBUG (BaseJdbcLogger.java:143)- <====      Total: 1
2019-09-04 04:00:19,600 DEBUG (BaseJdbcLogger.java:143)- ====>  Preparing: select id, name, sex, birthday, phone, ID_number, email, parent_phone, adress, major, state from student_basic where id = ? 
2019-09-04 04:00:19,601 DEBUG (BaseJdbcLogger.java:143)- ====> Parameters: 19009(String)
2019-09-04 04:00:19,602 DEBUG (BaseJdbcLogger.java:143)- <====      Total: 1
2019-09-04 04:00:19,602 DEBUG (BaseJdbcLogger.java:143)- ====>  Preparing: select id, name, sex, birthday, phone, ID_number, email, parent_phone, adress, major, state from student_basic where id = ? 
2019-09-04 04:00:19,602 DEBUG (BaseJdbcLogger.java:143)- ====> Parameters: 19012(String)
2019-09-04 04:00:19,603 DEBUG (BaseJdbcLogger.java:143)- <====      Total: 1
2019-09-04 04:00:19,603 DEBUG (BaseJdbcLogger.java:143)- ====>  Preparing: select id, name, sex, birthday, phone, ID_number, email, parent_phone, adress, major, state from student_basic where id = ? 
2019-09-04 04:00:19,604 DEBUG (BaseJdbcLogger.java:143)- ====> Parameters: 19016(String)
2019-09-04 04:00:19,604 DEBUG (BaseJdbcLogger.java:143)- <====      Total: 1
2019-09-04 04:00:19,604 DEBUG (BaseJdbcLogger.java:143)- ====>  Preparing: select id, name, sex, birthday, phone, ID_number, email, parent_phone, adress, major, state from student_basic where id = ? 
2019-09-04 04:00:19,605 DEBUG (BaseJdbcLogger.java:143)- ====> Parameters: 19019(String)
2019-09-04 04:00:19,605 DEBUG (BaseJdbcLogger.java:143)- <====      Total: 1
2019-09-04 04:00:19,605 DEBUG (BaseJdbcLogger.java:143)- ====>  Preparing: select id, name, sex, birthday, phone, ID_number, email, parent_phone, adress, major, state from student_basic where id = ? 
2019-09-04 04:00:19,606 DEBUG (BaseJdbcLogger.java:143)- ====> Parameters: 19021(String)
2019-09-04 04:00:19,606 DEBUG (BaseJdbcLogger.java:143)- <====      Total: 1
2019-09-04 04:00:19,607 DEBUG (BaseJdbcLogger.java:143)- ====>  Preparing: select id, name, sex, birthday, phone, ID_number, email, parent_phone, adress, major, state from student_basic where id = ? 
2019-09-04 04:00:19,607 DEBUG (BaseJdbcLogger.java:143)- ====> Parameters: 19022(String)
2019-09-04 04:00:19,608 DEBUG (BaseJdbcLogger.java:143)- <====      Total: 1
2019-09-04 04:00:19,608 DEBUG (BaseJdbcLogger.java:143)- ====>  Preparing: select id, name, sex, birthday, phone, ID_number, email, parent_phone, adress, major, state from student_basic where id = ? 
2019-09-04 04:00:19,608 DEBUG (BaseJdbcLogger.java:143)- ====> Parameters: 19024(String)
2019-09-04 04:00:19,609 DEBUG (BaseJdbcLogger.java:143)- <====      Total: 1
2019-09-04 04:00:19,609 DEBUG (BaseJdbcLogger.java:143)- ====>  Preparing: select id, name, sex, birthday, phone, ID_number, email, parent_phone, adress, major, state from student_basic where id = ? 
2019-09-04 04:00:19,610 DEBUG (BaseJdbcLogger.java:143)- ====> Parameters: 19027(String)
2019-09-04 04:00:19,611 DEBUG (BaseJdbcLogger.java:143)- <====      Total: 1
2019-09-04 04:00:19,612 DEBUG (BaseJdbcLogger.java:143)- ====>  Preparing: select id, name, sex, birthday, phone, ID_number, email, parent_phone, adress, major, state from student_basic where id = ? 
2019-09-04 04:00:19,613 DEBUG (BaseJdbcLogger.java:143)- ====> Parameters: 19029(String)
2019-09-04 04:00:19,614 DEBUG (BaseJdbcLogger.java:143)- <====      Total: 1
2019-09-04 04:00:19,615 DEBUG (BaseJdbcLogger.java:143)- ====>  Preparing: select id, name, sex, birthday, phone, ID_number, email, parent_phone, adress, major, state from student_basic where id = ? 
2019-09-04 04:00:19,616 DEBUG (BaseJdbcLogger.java:143)- ====> Parameters: 19031(String)
2019-09-04 04:00:19,617 DEBUG (BaseJdbcLogger.java:143)- <====      Total: 1
2019-09-04 04:00:19,617 DEBUG (BaseJdbcLogger.java:143)- ====>  Preparing: select id, name, sex, birthday, phone, ID_number, email, parent_phone, adress, major, state from student_basic where id = ? 
2019-09-04 04:00:19,618 DEBUG (BaseJdbcLogger.java:143)- ====> Parameters: 19033(String)
2019-09-04 04:00:19,618 DEBUG (BaseJdbcLogger.java:143)- <====      Total: 1
2019-09-04 04:00:19,619 DEBUG (BaseJdbcLogger.java:143)- ====>  Preparing: select id, name, sex, birthday, phone, ID_number, email, parent_phone, adress, major, state from student_basic where id = ? 
2019-09-04 04:00:19,619 DEBUG (BaseJdbcLogger.java:143)- ====> Parameters: 19035(String)
2019-09-04 04:00:19,620 DEBUG (BaseJdbcLogger.java:143)- <====      Total: 1
2019-09-04 04:00:19,620 DEBUG (BaseJdbcLogger.java:143)- ====>  Preparing: select id, name, sex, birthday, phone, ID_number, email, parent_phone, adress, major, state from student_basic where id = ? 
2019-09-04 04:00:19,620 DEBUG (BaseJdbcLogger.java:143)- ====> Parameters: 19036(String)
2019-09-04 04:00:19,621 DEBUG (BaseJdbcLogger.java:143)- <====      Total: 1
2019-09-04 04:00:19,621 DEBUG (BaseJdbcLogger.java:143)- ====>  Preparing: select id, name, sex, birthday, phone, ID_number, email, parent_phone, adress, major, state from student_basic where id = ? 
2019-09-04 04:00:19,622 DEBUG (BaseJdbcLogger.java:143)- ====> Parameters: 19037(String)
2019-09-04 04:00:19,622 DEBUG (BaseJdbcLogger.java:143)- <====      Total: 1
2019-09-04 04:00:19,623 DEBUG (BaseJdbcLogger.java:143)- ====>  Preparing: select id, name, sex, birthday, phone, ID_number, email, parent_phone, adress, major, state from student_basic where id = ? 
2019-09-04 04:00:19,623 DEBUG (BaseJdbcLogger.java:143)- ====> Parameters: 19039(String)
2019-09-04 04:00:19,625 DEBUG (BaseJdbcLogger.java:143)- <====      Total: 1
2019-09-04 04:00:19,625 DEBUG (BaseJdbcLogger.java:143)- ====>  Preparing: select id, name, sex, birthday, phone, ID_number, email, parent_phone, adress, major, state from student_basic where id = ? 
2019-09-04 04:00:19,625 DEBUG (BaseJdbcLogger.java:143)- ====> Parameters: 19042(String)
2019-09-04 04:00:19,625 DEBUG (BaseJdbcLogger.java:143)- <====      Total: 1
2019-09-04 04:00:19,627 DEBUG (BaseJdbcLogger.java:143)- ====>  Preparing: select id, name, sex, birthday, phone, ID_number, email, parent_phone, adress, major, state from student_basic where id = ? 
2019-09-04 04:00:19,627 DEBUG (BaseJdbcLogger.java:143)- ====> Parameters: 19043(String)
2019-09-04 04:00:19,629 DEBUG (BaseJdbcLogger.java:143)- <====      Total: 1
2019-09-04 04:00:19,631 DEBUG (BaseJdbcLogger.java:143)- ====>  Preparing: select id, name, sex, birthday, phone, ID_number, email, parent_phone, adress, major, state from student_basic where id = ? 
2019-09-04 04:00:19,632 DEBUG (BaseJdbcLogger.java:143)- ====> Parameters: 19044(String)
2019-09-04 04:00:19,633 DEBUG (BaseJdbcLogger.java:143)- <====      Total: 1
2019-09-04 04:00:19,634 DEBUG (BaseJdbcLogger.java:143)- <==      Total: 22
2019-09-04 04:00:19,634 DEBUG (BaseJdbcLogger.java:143)- ==>  Preparing: select dormitory_allocation.id, dormitory_allocation.class_id, dormitory_allocation.dormitory_id,dormitory_allocation.number from dormitory_allocation,dormitory WHERE dormitory_allocation.dormitory_id=dormitory.id and dormitory.sex=? and class_id = ? 
2019-09-04 04:00:19,635 DEBUG (BaseJdbcLogger.java:143)- ==> Parameters: 男(String), 080901201901(String)
2019-09-04 04:00:19,636 DEBUG (BaseJdbcLogger.java:143)- <==      Total: 0
2019-09-04 04:00:19,636 DEBUG (BaseJdbcLogger.java:143)- ==>  Preparing: select student_status.id,student_status.basic_id, student_status.student_id, student_status.class_id from student_status,student_basic where student_status.basic_id=student_basic.id and student_basic.sex=? and student_status.class_id=? 
2019-09-04 04:00:19,636 DEBUG (BaseJdbcLogger.java:143)- ==> Parameters: 男(String), 080901201902(String)
2019-09-04 04:00:19,637 DEBUG (BaseJdbcLogger.java:143)- ====>  Preparing: select id, name, sex, birthday, phone, ID_number, email, parent_phone, adress, major, state from student_basic where id = ? 
2019-09-04 04:00:19,638 DEBUG (BaseJdbcLogger.java:143)- ====> Parameters: 19046(String)
2019-09-04 04:00:19,638 DEBUG (BaseJdbcLogger.java:143)- <====      Total: 1
2019-09-04 04:00:19,638 DEBUG (BaseJdbcLogger.java:143)- ====>  Preparing: select id, class_id, name, director, grade, major_id from class where class_id = ? 
2019-09-04 04:00:19,639 DEBUG (BaseJdbcLogger.java:143)- ====> Parameters: 080901201902(String)
2019-09-04 04:00:19,641 DEBUG (BaseJdbcLogger.java:143)- ======>  Preparing: select id, major_id, name, price, department_id from major where major_id = ? 
2019-09-04 04:00:19,641 DEBUG (BaseJdbcLogger.java:143)- ======> Parameters: 080901(String)
2019-09-04 04:00:19,644 DEBUG (BaseJdbcLogger.java:143)- <======      Total: 1
2019-09-04 04:00:19,646 DEBUG (BaseJdbcLogger.java:143)- <====      Total: 1
2019-09-04 04:00:19,647 DEBUG (BaseJdbcLogger.java:143)- ====>  Preparing: select id, name, sex, birthday, phone, ID_number, email, parent_phone, adress, major, state from student_basic where id = ? 
2019-09-04 04:00:19,647 DEBUG (BaseJdbcLogger.java:143)- ====> Parameters: 19047(String)
2019-09-04 04:00:19,648 DEBUG (BaseJdbcLogger.java:143)- <====      Total: 1
2019-09-04 04:00:19,648 DEBUG (BaseJdbcLogger.java:143)- ====>  Preparing: select id, name, sex, birthday, phone, ID_number, email, parent_phone, adress, major, state from student_basic where id = ? 
2019-09-04 04:00:19,648 DEBUG (BaseJdbcLogger.java:143)- ====> Parameters: 19048(String)
2019-09-04 04:00:19,654 DEBUG (BaseJdbcLogger.java:143)- <====      Total: 1
2019-09-04 04:00:19,654 DEBUG (BaseJdbcLogger.java:143)- ====>  Preparing: select id, name, sex, birthday, phone, ID_number, email, parent_phone, adress, major, state from student_basic where id = ? 
2019-09-04 04:00:19,654 DEBUG (BaseJdbcLogger.java:143)- ====> Parameters: 19051(String)
2019-09-04 04:00:19,656 DEBUG (BaseJdbcLogger.java:143)- <====      Total: 1
2019-09-04 04:00:19,656 DEBUG (BaseJdbcLogger.java:143)- ====>  Preparing: select id, name, sex, birthday, phone, ID_number, email, parent_phone, adress, major, state from student_basic where id = ? 
2019-09-04 04:00:19,656 DEBUG (BaseJdbcLogger.java:143)- ====> Parameters: 19053(String)
2019-09-04 04:00:19,657 DEBUG (BaseJdbcLogger.java:143)- <====      Total: 1
2019-09-04 04:00:19,657 DEBUG (BaseJdbcLogger.java:143)- ====>  Preparing: select id, name, sex, birthday, phone, ID_number, email, parent_phone, adress, major, state from student_basic where id = ? 
2019-09-04 04:00:19,658 DEBUG (BaseJdbcLogger.java:143)- ====> Parameters: 19055(String)
2019-09-04 04:00:19,658 DEBUG (BaseJdbcLogger.java:143)- <====      Total: 1
2019-09-04 04:00:19,659 DEBUG (BaseJdbcLogger.java:143)- ====>  Preparing: select id, name, sex, birthday, phone, ID_number, email, parent_phone, adress, major, state from student_basic where id = ? 
2019-09-04 04:00:19,659 DEBUG (BaseJdbcLogger.java:143)- ====> Parameters: 19056(String)
2019-09-04 04:00:19,660 DEBUG (BaseJdbcLogger.java:143)- <====      Total: 1
2019-09-04 04:00:19,661 DEBUG (BaseJdbcLogger.java:143)- ====>  Preparing: select id, name, sex, birthday, phone, ID_number, email, parent_phone, adress, major, state from student_basic where id = ? 
2019-09-04 04:00:19,662 DEBUG (BaseJdbcLogger.java:143)- ====> Parameters: 19058(String)
2019-09-04 04:00:19,663 DEBUG (BaseJdbcLogger.java:143)- <====      Total: 1
2019-09-04 04:00:19,663 DEBUG (BaseJdbcLogger.java:143)- ====>  Preparing: select id, name, sex, birthday, phone, ID_number, email, parent_phone, adress, major, state from student_basic where id = ? 
2019-09-04 04:00:19,663 DEBUG (BaseJdbcLogger.java:143)- ====> Parameters: 19059(String)
2019-09-04 04:00:19,668 DEBUG (BaseJdbcLogger.java:143)- <====      Total: 1
2019-09-04 04:00:19,668 DEBUG (BaseJdbcLogger.java:143)- ====>  Preparing: select id, name, sex, birthday, phone, ID_number, email, parent_phone, adress, major, state from student_basic where id = ? 
2019-09-04 04:00:19,668 DEBUG (BaseJdbcLogger.java:143)- ====> Parameters: 19060(String)
2019-09-04 04:00:19,670 DEBUG (BaseJdbcLogger.java:143)- <====      Total: 1
2019-09-04 04:00:19,670 DEBUG (BaseJdbcLogger.java:143)- ====>  Preparing: select id, name, sex, birthday, phone, ID_number, email, parent_phone, adress, major, state from student_basic where id = ? 
2019-09-04 04:00:19,671 DEBUG (BaseJdbcLogger.java:143)- ====> Parameters: 19062(String)
2019-09-04 04:00:19,672 DEBUG (BaseJdbcLogger.java:143)- <====      Total: 1
2019-09-04 04:00:19,672 DEBUG (BaseJdbcLogger.java:143)- ====>  Preparing: select id, name, sex, birthday, phone, ID_number, email, parent_phone, adress, major, state from student_basic where id = ? 
2019-09-04 04:00:19,672 DEBUG (BaseJdbcLogger.java:143)- ====> Parameters: 19065(String)
2019-09-04 04:00:19,674 DEBUG (BaseJdbcLogger.java:143)- <====      Total: 1
2019-09-04 04:00:19,674 DEBUG (BaseJdbcLogger.java:143)- ====>  Preparing: select id, name, sex, birthday, phone, ID_number, email, parent_phone, adress, major, state from student_basic where id = ? 
2019-09-04 04:00:19,675 DEBUG (BaseJdbcLogger.java:143)- ====> Parameters: 19067(String)
2019-09-04 04:00:19,676 DEBUG (BaseJdbcLogger.java:143)- <====      Total: 1
2019-09-04 04:00:19,678 DEBUG (BaseJdbcLogger.java:143)- ====>  Preparing: select id, name, sex, birthday, phone, ID_number, email, parent_phone, adress, major, state from student_basic where id = ? 
2019-09-04 04:00:19,678 DEBUG (BaseJdbcLogger.java:143)- ====> Parameters: 19071(String)
2019-09-04 04:00:19,680 DEBUG (BaseJdbcLogger.java:143)- <====      Total: 1
2019-09-04 04:00:19,680 DEBUG (BaseJdbcLogger.java:143)- ====>  Preparing: select id, name, sex, birthday, phone, ID_number, email, parent_phone, adress, major, state from student_basic where id = ? 
2019-09-04 04:00:19,681 DEBUG (BaseJdbcLogger.java:143)- ====> Parameters: 19072(String)
2019-09-04 04:00:19,682 DEBUG (BaseJdbcLogger.java:143)- <====      Total: 1
2019-09-04 04:00:19,683 DEBUG (BaseJdbcLogger.java:143)- ====>  Preparing: select id, name, sex, birthday, phone, ID_number, email, parent_phone, adress, major, state from student_basic where id = ? 
2019-09-04 04:00:19,685 DEBUG (BaseJdbcLogger.java:143)- ====> Parameters: 19073(String)
2019-09-04 04:00:19,685 DEBUG (BaseJdbcLogger.java:143)- <====      Total: 1
2019-09-04 04:00:19,686 DEBUG (BaseJdbcLogger.java:143)- ====>  Preparing: select id, name, sex, birthday, phone, ID_number, email, parent_phone, adress, major, state from student_basic where id = ? 
2019-09-04 04:00:19,687 DEBUG (BaseJdbcLogger.java:143)- ====> Parameters: 19074(String)
2019-09-04 04:00:19,688 DEBUG (BaseJdbcLogger.java:143)- <====      Total: 1
2019-09-04 04:00:19,689 DEBUG (BaseJdbcLogger.java:143)- ==>  Preparing: insert into dormitory_allocation (class_id, dormitory_id,number) values ( ?, ?, ? ) 
2019-09-04 04:00:19,689 DEBUG (BaseJdbcLogger.java:143)- ====>  Preparing: select id, name, sex, birthday, phone, ID_number, email, parent_phone, adress, major, state from student_basic where id = ? 
2019-09-04 04:00:19,689 DEBUG (BaseJdbcLogger.java:143)- ==> Parameters: 080205201902(String), 30(Integer), 3(Integer)
2019-09-04 04:00:19,689 DEBUG (BaseJdbcLogger.java:143)- ====> Parameters: 19077(String)
2019-09-04 04:00:19,692 DEBUG (BaseJdbcLogger.java:143)- <====      Total: 1
2019-09-04 04:00:19,692 DEBUG (BaseJdbcLogger.java:143)- ====>  Preparing: select id, name, sex, birthday, phone, ID_number, email, parent_phone, adress, major, state from student_basic where id = ? 
2019-09-04 04:00:19,692 DEBUG (BaseJdbcLogger.java:143)- ====> Parameters: 19081(String)
2019-09-04 04:00:19,693 DEBUG (BaseJdbcLogger.java:143)- <====      Total: 1
2019-09-04 04:00:19,694 DEBUG (BaseJdbcLogger.java:143)- ====>  Preparing: select id, name, sex, birthday, phone, ID_number, email, parent_phone, adress, major, state from student_basic where id = ? 
2019-09-04 04:00:19,694 DEBUG (BaseJdbcLogger.java:143)- ====> Parameters: 19084(String)
2019-09-04 04:00:19,695 DEBUG (BaseJdbcLogger.java:143)- <====      Total: 1
2019-09-04 04:00:19,696 DEBUG (BaseJdbcLogger.java:143)- ====>  Preparing: select id, name, sex, birthday, phone, ID_number, email, parent_phone, adress, major, state from student_basic where id = ? 
2019-09-04 04:00:19,698 DEBUG (BaseJdbcLogger.java:143)- ====> Parameters: 19086(String)
2019-09-04 04:00:19,698 DEBUG (BaseJdbcLogger.java:143)- <====      Total: 1
2019-09-04 04:00:19,698 DEBUG (BaseJdbcLogger.java:143)- ====>  Preparing: select id, name, sex, birthday, phone, ID_number, email, parent_phone, adress, major, state from student_basic where id = ? 
2019-09-04 04:00:19,698 DEBUG (BaseJdbcLogger.java:143)- <==    Updates: 1
2019-09-04 04:00:19,699 DEBUG (BaseJdbcLogger.java:143)- ====> Parameters: 19089(String)
2019-09-04 04:00:19,700 DEBUG (BaseJdbcLogger.java:143)- ==>  Preparing: select id, dong, floor, room, sex, number, rent,hasnumber from dormitory where id = ? 
2019-09-04 04:00:19,700 DEBUG (BaseJdbcLogger.java:143)- <====      Total: 1
2019-09-04 04:00:19,700 DEBUG (BaseJdbcLogger.java:143)- ==> Parameters: 30(Integer)
2019-09-04 04:00:19,701 DEBUG (BaseJdbcLogger.java:143)- <==      Total: 22
2019-09-04 04:00:19,701 DEBUG (BaseJdbcLogger.java:143)- ==>  Preparing: select dormitory_allocation.id, dormitory_allocation.class_id, dormitory_allocation.dormitory_id,dormitory_allocation.number from dormitory_allocation,dormitory WHERE dormitory_allocation.dormitory_id=dormitory.id and dormitory.sex=? and class_id = ? 
2019-09-04 04:00:19,701 DEBUG (BaseJdbcLogger.java:143)- <==      Total: 1
2019-09-04 04:00:19,701 DEBUG (BaseJdbcLogger.java:143)- ==> Parameters: 男(String), 080901201902(String)
2019-09-04 04:00:19,701 DEBUG (BaseJdbcLogger.java:143)- ==>  Preparing: update dormitory set dong = ?, floor = ?, room = ?, sex = ?, number = ?, rent = ?, hasnumber = ? where id = ? 
2019-09-04 04:00:19,703 DEBUG (BaseJdbcLogger.java:143)- ==> Parameters: 1A(String), 1(Integer), 30(Integer), 男(String), 5(Integer), 1250(String), 3(Integer), 30(Integer)
2019-09-04 04:00:19,703 DEBUG (BaseJdbcLogger.java:143)- <==      Total: 0
2019-09-04 04:00:19,703 DEBUG (BaseJdbcLogger.java:143)- ==>  Preparing: select student_status.id,student_status.basic_id, student_status.student_id, student_status.class_id from student_status,student_basic where student_status.basic_id=student_basic.id and student_basic.sex=? and student_status.class_id=? 
2019-09-04 04:00:19,703 DEBUG (BaseJdbcLogger.java:143)- ==> Parameters: 男(String), 080901201903(String)
2019-09-04 04:00:19,705 DEBUG (BaseJdbcLogger.java:143)- <==    Updates: 1
2019-09-04 04:00:19,705 DEBUG (BaseJdbcLogger.java:143)- ====>  Preparing: select id, name, sex, birthday, phone, ID_number, email, parent_phone, adress, major, state from student_basic where id = ? 
2019-09-04 04:00:19,705 DEBUG (BaseJdbcLogger.java:143)- ====> Parameters: 19090(String)
2019-09-04 04:00:19,706 DEBUG (BaseJdbcLogger.java:143)- <====      Total: 1
2019-09-04 04:00:19,706 DEBUG (BaseJdbcLogger.java:143)- ====>  Preparing: select id, class_id, name, director, grade, major_id from class where class_id = ? 
2019-09-04 04:00:19,707 DEBUG (BaseJdbcLogger.java:143)- ====> Parameters: 080901201903(String)
2019-09-04 04:00:19,709 DEBUG (BaseJdbcLogger.java:143)- ======>  Preparing: select id, major_id, name, price, department_id from major where major_id = ? 
2019-09-04 04:00:19,710 DEBUG (BaseJdbcLogger.java:143)- ======> Parameters: 080901(String)
2019-09-04 04:00:19,711 DEBUG (BaseJdbcLogger.java:143)- <======      Total: 1
2019-09-04 04:00:19,712 DEBUG (BaseJdbcLogger.java:143)- <====      Total: 1
2019-09-04 04:00:19,713 DEBUG (BaseJdbcLogger.java:143)- ====>  Preparing: select id, name, sex, birthday, phone, ID_number, email, parent_phone, adress, major, state from student_basic where id = ? 
2019-09-04 04:00:19,714 DEBUG (BaseJdbcLogger.java:143)- ====> Parameters: 19095(String)
2019-09-04 04:00:19,714 DEBUG (BaseJdbcLogger.java:143)- <====      Total: 1
2019-09-04 04:00:19,715 DEBUG (BaseJdbcLogger.java:143)- ====>  Preparing: select id, name, sex, birthday, phone, ID_number, email, parent_phone, adress, major, state from student_basic where id = ? 
2019-09-04 04:00:19,716 DEBUG (BaseJdbcLogger.java:143)- ====> Parameters: 19096(String)
2019-09-04 04:00:19,716 DEBUG (BaseJdbcLogger.java:143)- <====      Total: 1
2019-09-04 04:00:19,716 DEBUG (BaseJdbcLogger.java:143)- ====>  Preparing: select id, name, sex, birthday, phone, ID_number, email, parent_phone, adress, major, state from student_basic where id = ? 
2019-09-04 04:00:19,717 DEBUG (BaseJdbcLogger.java:143)- ====> Parameters: 19097(String)
2019-09-04 04:00:19,718 DEBUG (BaseJdbcLogger.java:143)- <====      Total: 1
2019-09-04 04:00:19,720 DEBUG (BaseJdbcLogger.java:143)- ====>  Preparing: select id, name, sex, birthday, phone, ID_number, email, parent_phone, adress, major, state from student_basic where id = ? 
2019-09-04 04:00:19,720 DEBUG (BaseJdbcLogger.java:143)- ====> Parameters: 19098(String)
2019-09-04 04:00:19,721 DEBUG (BaseJdbcLogger.java:143)- <====      Total: 1
2019-09-04 04:00:19,721 DEBUG (BaseJdbcLogger.java:143)- ====>  Preparing: select id, name, sex, birthday, phone, ID_number, email, parent_phone, adress, major, state from student_basic where id = ? 
2019-09-04 04:00:19,722 DEBUG (BaseJdbcLogger.java:143)- ====> Parameters: 19099(String)
2019-09-04 04:00:19,723 DEBUG (BaseJdbcLogger.java:143)- <====      Total: 1
2019-09-04 04:00:19,723 DEBUG (BaseJdbcLogger.java:143)- ====>  Preparing: select id, name, sex, birthday, phone, ID_number, email, parent_phone, adress, major, state from student_basic where id = ? 
2019-09-04 04:00:19,724 DEBUG (BaseJdbcLogger.java:143)- ====> Parameters: 19100(String)
2019-09-04 04:00:19,725 DEBUG (BaseJdbcLogger.java:143)- <====      Total: 1
2019-09-04 04:00:19,727 DEBUG (BaseJdbcLogger.java:143)- ====>  Preparing: select id, name, sex, birthday, phone, ID_number, email, parent_phone, adress, major, state from student_basic where id = ? 
2019-09-04 04:00:19,727 DEBUG (BaseJdbcLogger.java:143)- ====> Parameters: 19101(String)
2019-09-04 04:00:19,731 DEBUG (BaseJdbcLogger.java:143)- <====      Total: 1
2019-09-04 04:00:19,732 DEBUG (BaseJdbcLogger.java:143)- ====>  Preparing: select id, name, sex, birthday, phone, ID_number, email, parent_phone, adress, major, state from student_basic where id = ? 
2019-09-04 04:00:19,733 DEBUG (BaseJdbcLogger.java:143)- ====> Parameters: 19102(String)
2019-09-04 04:00:19,734 DEBUG (BaseJdbcLogger.java:143)- <====      Total: 1
2019-09-04 04:00:19,735 DEBUG (BaseJdbcLogger.java:143)- ====>  Preparing: select id, name, sex, birthday, phone, ID_number, email, parent_phone, adress, major, state from student_basic where id = ? 
2019-09-04 04:00:19,735 DEBUG (BaseJdbcLogger.java:143)- ====> Parameters: 19104(String)
2019-09-04 04:00:19,747 DEBUG (BaseJdbcLogger.java:143)- <====      Total: 1
2019-09-04 04:00:19,748 DEBUG (BaseJdbcLogger.java:143)- ==>  Preparing: select id, class_id, name, director, grade, major_id from class 
2019-09-04 04:00:19,749 DEBUG (BaseJdbcLogger.java:143)- ==>  Preparing: select DISTINCT dormitory.dong from dormitory where dormitory.sex=? 
2019-09-04 04:00:19,748 DEBUG (BaseJdbcLogger.java:143)- ====>  Preparing: select id, name, sex, birthday, phone, ID_number, email, parent_phone, adress, major, state from student_basic where id = ? 
2019-09-04 04:00:19,749 DEBUG (BaseJdbcLogger.java:143)- ==> Parameters: 男(String)
2019-09-04 04:00:19,749 DEBUG (BaseJdbcLogger.java:143)- ==> Parameters: 
2019-09-04 04:00:19,749 DEBUG (BaseJdbcLogger.java:143)- ====> Parameters: 19105(String)
2019-09-04 04:00:19,750 DEBUG (BaseJdbcLogger.java:143)- ====>  Preparing: select id, major_id, name, price, department_id from major where major_id = ? 
2019-09-04 04:00:19,750 DEBUG (BaseJdbcLogger.java:143)- <====      Total: 1
2019-09-04 04:00:19,750 DEBUG (BaseJdbcLogger.java:143)- ====> Parameters: 081001(String)
2019-09-04 04:00:19,751 DEBUG (BaseJdbcLogger.java:143)- <==      Total: 2
2019-09-04 04:00:19,751 DEBUG (BaseJdbcLogger.java:143)- ====>  Preparing: select id, name, sex, birthday, phone, ID_number, email, parent_phone, adress, major, state from student_basic where id = ? 
2019-09-04 04:00:19,751 DEBUG (BaseJdbcLogger.java:143)- ====> Parameters: 19108(String)
2019-09-04 04:00:19,751 DEBUG (BaseJdbcLogger.java:143)- <====      Total: 1
2019-09-04 04:00:19,752 DEBUG (BaseJdbcLogger.java:143)- ====>  Preparing: select id, major_id, name, price, department_id from major where major_id = ? 
2019-09-04 04:00:19,753 DEBUG (BaseJdbcLogger.java:143)- ====> Parameters: 080205(String)
2019-09-04 04:00:19,753 DEBUG (BaseJdbcLogger.java:143)- <====      Total: 1
2019-09-04 04:00:19,754 DEBUG (BaseJdbcLogger.java:143)- ====>  Preparing: select id, name, sex, birthday, phone, ID_number, email, parent_phone, adress, major, state from student_basic where id = ? 
2019-09-04 04:00:19,755 DEBUG (BaseJdbcLogger.java:143)- <====      Total: 1
2019-09-04 04:00:19,755 DEBUG (BaseJdbcLogger.java:143)- ====> Parameters: 19111(String)
2019-09-04 04:00:19,755 DEBUG (BaseJdbcLogger.java:143)- ====>  Preparing: select id, major_id, name, price, department_id from major where major_id = ? 
2019-09-04 04:00:19,756 DEBUG (BaseJdbcLogger.java:143)- ====> Parameters: 130503(String)
2019-09-04 04:00:19,756 DEBUG (BaseJdbcLogger.java:143)- <====      Total: 1
2019-09-04 04:00:19,757 DEBUG (BaseJdbcLogger.java:143)- <====      Total: 1
2019-09-04 04:00:19,757 DEBUG (BaseJdbcLogger.java:143)- ====>  Preparing: select id, name, sex, birthday, phone, ID_number, email, parent_phone, adress, major, state from student_basic where id = ? 
2019-09-04 04:00:19,757 DEBUG (BaseJdbcLogger.java:143)- ====>  Preparing: select id, major_id, name, price, department_id from major where major_id = ? 
2019-09-04 04:00:19,758 DEBUG (BaseJdbcLogger.java:143)- ====> Parameters: 080702(String)
2019-09-04 04:00:19,758 DEBUG (BaseJdbcLogger.java:143)- ====> Parameters: 19112(String)
2019-09-04 04:00:19,759 DEBUG (BaseJdbcLogger.java:143)- <====      Total: 1
2019-09-04 04:00:19,759 DEBUG (BaseJdbcLogger.java:143)- <====      Total: 1
2019-09-04 04:00:19,759 DEBUG (BaseJdbcLogger.java:143)- ====>  Preparing: select id, major_id, name, price, department_id from major where major_id = ? 
2019-09-04 04:00:19,759 DEBUG (BaseJdbcLogger.java:143)- ====>  Preparing: select id, name, sex, birthday, phone, ID_number, email, parent_phone, adress, major, state from student_basic where id = ? 
2019-09-04 04:00:19,759 DEBUG (BaseJdbcLogger.java:143)- ====> Parameters: 080901(String)
2019-09-04 04:00:19,760 DEBUG (BaseJdbcLogger.java:143)- ====> Parameters: 19113(String)
2019-09-04 04:00:19,761 DEBUG (BaseJdbcLogger.java:143)- <====      Total: 1
2019-09-04 04:00:19,761 DEBUG (BaseJdbcLogger.java:143)- <====      Total: 1
2019-09-04 04:00:19,762 DEBUG (BaseJdbcLogger.java:143)- ====>  Preparing: select id, major_id, name, price, department_id from major where major_id = ? 
2019-09-04 04:00:19,762 DEBUG (BaseJdbcLogger.java:143)- ====>  Preparing: select id, name, sex, birthday, phone, ID_number, email, parent_phone, adress, major, state from student_basic where id = ? 
2019-09-04 04:00:19,762 DEBUG (BaseJdbcLogger.java:143)- ====> Parameters: 080703(String)
2019-09-04 04:00:19,762 DEBUG (BaseJdbcLogger.java:143)- ====> Parameters: 19117(String)
2019-09-04 04:00:19,763 DEBUG (BaseJdbcLogger.java:143)- <====      Total: 1
2019-09-04 04:00:19,763 DEBUG (BaseJdbcLogger.java:143)- <====      Total: 1
2019-09-04 04:00:19,764 DEBUG (BaseJdbcLogger.java:143)- ====>  Preparing: select id, name, sex, birthday, phone, ID_number, email, parent_phone, adress, major, state from student_basic where id = ? 
2019-09-04 04:00:19,764 DEBUG (BaseJdbcLogger.java:143)- ====>  Preparing: select id, major_id, name, price, department_id from major where major_id = ? 
2019-09-04 04:00:19,765 DEBUG (BaseJdbcLogger.java:143)- ====> Parameters: 082803(String)
2019-09-04 04:00:19,765 DEBUG (BaseJdbcLogger.java:143)- ====> Parameters: 19118(String)
2019-09-04 04:00:19,766 DEBUG (BaseJdbcLogger.java:143)- <====      Total: 1
2019-09-04 04:00:19,766 DEBUG (BaseJdbcLogger.java:143)- <====      Total: 1
2019-09-04 04:00:19,766 DEBUG (BaseJdbcLogger.java:143)- <==      Total: 22
2019-09-04 04:00:19,767 DEBUG (BaseJdbcLogger.java:143)- ====>  Preparing: select id, name, sex, birthday, phone, ID_number, email, parent_phone, adress, major, state from student_basic where id = ? 
2019-09-04 04:00:19,767 DEBUG (BaseJdbcLogger.java:143)- ==>  Preparing: select student_status.id,student_status.basic_id, student_status.student_id, student_status.class_id from student_status,student_basic where student_status.basic_id=student_basic.id and student_basic.sex=? and student_status.class_id=? 
2019-09-04 04:00:19,767 DEBUG (BaseJdbcLogger.java:143)- ==> Parameters: 男(String), 081001201901(String)
2019-09-04 04:00:19,767 DEBUG (BaseJdbcLogger.java:143)- ====> Parameters: 19119(String)
2019-09-04 04:00:19,768 DEBUG (BaseJdbcLogger.java:143)- ====>  Preparing: select id, name, sex, birthday, phone, ID_number, email, parent_phone, adress, major, state from student_basic where id = ? 
2019-09-04 04:00:19,768 DEBUG (BaseJdbcLogger.java:143)- <====      Total: 1
2019-09-04 04:00:19,769 DEBUG (BaseJdbcLogger.java:143)- ====> Parameters: 19158(String)
2019-09-04 04:00:19,769 DEBUG (BaseJdbcLogger.java:143)- ====>  Preparing: select id, name, sex, birthday, phone, ID_number, email, parent_phone, adress, major, state from student_basic where id = ? 
2019-09-04 04:00:19,769 DEBUG (BaseJdbcLogger.java:143)- ====> Parameters: 19120(String)
2019-09-04 04:00:19,770 DEBUG (BaseJdbcLogger.java:143)- <====      Total: 1
2019-09-04 04:00:19,770 DEBUG (BaseJdbcLogger.java:143)- ====>  Preparing: select id, class_id, name, director, grade, major_id from class where class_id = ? 
2019-09-04 04:00:19,771 DEBUG (BaseJdbcLogger.java:143)- ====> Parameters: 081001201901(String)
2019-09-04 04:00:19,771 DEBUG (BaseJdbcLogger.java:143)- <====      Total: 1
2019-09-04 04:00:19,771 DEBUG (BaseJdbcLogger.java:143)- ====>  Preparing: select id, name, sex, birthday, phone, ID_number, email, parent_phone, adress, major, state from student_basic where id = ? 
2019-09-04 04:00:19,771 DEBUG (BaseJdbcLogger.java:143)- ======>  Preparing: select id, major_id, name, price, department_id from major where major_id = ? 
2019-09-04 04:00:19,772 DEBUG (BaseJdbcLogger.java:143)- ====> Parameters: 19121(String)
2019-09-04 04:00:19,772 DEBUG (BaseJdbcLogger.java:143)- ======> Parameters: 081001(String)
2019-09-04 04:00:19,773 DEBUG (BaseJdbcLogger.java:143)- <====      Total: 1
2019-09-04 04:00:19,773 DEBUG (BaseJdbcLogger.java:143)- <======      Total: 1
2019-09-04 04:00:19,774 DEBUG (BaseJdbcLogger.java:143)- <====      Total: 1
2019-09-04 04:00:19,773 DEBUG (BaseJdbcLogger.java:143)- ====>  Preparing: select id, name, sex, birthday, phone, ID_number, email, parent_phone, adress, major, state from student_basic where id = ? 
2019-09-04 04:00:19,774 DEBUG (BaseJdbcLogger.java:143)- ====>  Preparing: select id, name, sex, birthday, phone, ID_number, email, parent_phone, adress, major, state from student_basic where id = ? 
2019-09-04 04:00:19,774 DEBUG (BaseJdbcLogger.java:143)- ====> Parameters: 19122(String)
2019-09-04 04:00:19,775 DEBUG (BaseJdbcLogger.java:143)- ====> Parameters: 19162(String)
2019-09-04 04:00:19,775 DEBUG (BaseJdbcLogger.java:143)- <====      Total: 1
2019-09-04 04:00:19,776 DEBUG (BaseJdbcLogger.java:143)- <====      Total: 1
2019-09-04 04:00:19,776 DEBUG (BaseJdbcLogger.java:143)- <==      Total: 21
2019-09-04 04:00:19,777 DEBUG (BaseJdbcLogger.java:143)- ====>  Preparing: select id, name, sex, birthday, phone, ID_number, email, parent_phone, adress, major, state from student_basic where id = ? 
2019-09-04 04:00:19,777 DEBUG (BaseJdbcLogger.java:143)- ==>  Preparing: select dormitory_allocation.id, dormitory_allocation.class_id, dormitory_allocation.dormitory_id,dormitory_allocation.number from dormitory_allocation,dormitory WHERE dormitory_allocation.dormitory_id=dormitory.id and dormitory.sex=? and class_id = ? 
2019-09-04 04:00:19,777 DEBUG (BaseJdbcLogger.java:143)- ====> Parameters: 19163(String)
2019-09-04 04:00:19,778 DEBUG (BaseJdbcLogger.java:143)- ==> Parameters: 男(String), 080901201903(String)
2019-09-04 04:00:19,779 DEBUG (BaseJdbcLogger.java:143)- <====      Total: 1
2019-09-04 04:00:19,779 DEBUG (BaseJdbcLogger.java:143)- ====>  Preparing: select id, dong, floor, room, sex, number, rent,hasnumber from dormitory where id = ? 
2019-09-04 04:00:19,779 DEBUG (BaseJdbcLogger.java:143)- ====> Parameters: 10(Integer)
2019-09-04 04:00:19,779 DEBUG (BaseJdbcLogger.java:143)- ====>  Preparing: select id, name, sex, birthday, phone, ID_number, email, parent_phone, adress, major, state from student_basic where id = ? 
2019-09-04 04:00:19,780 DEBUG (BaseJdbcLogger.java:143)- ====> Parameters: 19165(String)
2019-09-04 04:00:19,780 DEBUG (BaseJdbcLogger.java:143)- <====      Total: 1
2019-09-04 04:00:19,781 DEBUG (BaseJdbcLogger.java:143)- ====>  Preparing: select id, dong, floor, room, sex, number, rent,hasnumber from dormitory where id = ? 
2019-09-04 04:00:19,781 DEBUG (BaseJdbcLogger.java:143)- <====      Total: 1
2019-09-04 04:00:19,782 DEBUG (BaseJdbcLogger.java:143)- ====>  Preparing: select id, name, sex, birthday, phone, ID_number, email, parent_phone, adress, major, state from student_basic where id = ? 
2019-09-04 04:00:19,782 DEBUG (BaseJdbcLogger.java:143)- ====> Parameters: 11(Integer)
2019-09-04 04:00:19,783 DEBUG (BaseJdbcLogger.java:143)- ====> Parameters: 19167(String)
2019-09-04 04:00:19,783 DEBUG (BaseJdbcLogger.java:143)- <====      Total: 1
2019-09-04 04:00:19,784 DEBUG (BaseJdbcLogger.java:143)- ====>  Preparing: select id, dong, floor, room, sex, number, rent,hasnumber from dormitory where id = ? 
2019-09-04 04:00:19,784 DEBUG (BaseJdbcLogger.java:143)- <====      Total: 1
2019-09-04 04:00:19,784 DEBUG (BaseJdbcLogger.java:143)- ====> Parameters: 12(Integer)
2019-09-04 04:00:19,785 DEBUG (BaseJdbcLogger.java:143)- ====>  Preparing: select id, name, sex, birthday, phone, ID_number, email, parent_phone, adress, major, state from student_basic where id = ? 
2019-09-04 04:00:19,785 DEBUG (BaseJdbcLogger.java:143)- <====      Total: 1
2019-09-04 04:00:19,785 DEBUG (BaseJdbcLogger.java:143)- ==>  Preparing: select DISTINCT dormitory.floor from dormitory where dormitory.dong=? 
2019-09-04 04:00:19,785 DEBUG (BaseJdbcLogger.java:143)- ====> Parameters: 19168(String)
2019-09-04 04:00:19,786 DEBUG (BaseJdbcLogger.java:143)- ==> Parameters: 1A(String)
2019-09-04 04:00:19,786 DEBUG (BaseJdbcLogger.java:143)- ====>  Preparing: select id, dong, floor, room, sex, number, rent,hasnumber from dormitory where id = ? 
2019-09-04 04:00:19,786 DEBUG (BaseJdbcLogger.java:143)- ====> Parameters: 13(Integer)
2019-09-04 04:00:19,786 DEBUG (BaseJdbcLogger.java:143)- <====      Total: 1
2019-09-04 04:00:19,787 DEBUG (BaseJdbcLogger.java:143)- <==      Total: 6
2019-09-04 04:00:19,787 DEBUG (BaseJdbcLogger.java:143)- <====      Total: 1
2019-09-04 04:00:19,787 DEBUG (BaseJdbcLogger.java:143)- ====>  Preparing: select id, name, sex, birthday, phone, ID_number, email, parent_phone, adress, major, state from student_basic where id = ? 
2019-09-04 04:00:19,787 DEBUG (BaseJdbcLogger.java:143)- ====>  Preparing: select id, dong, floor, room, sex, number, rent,hasnumber from dormitory where id = ? 
2019-09-04 04:00:19,787 DEBUG (BaseJdbcLogger.java:143)- ====> Parameters: 19169(String)
2019-09-04 04:00:19,788 DEBUG (BaseJdbcLogger.java:143)- ====> Parameters: 14(Integer)
2019-09-04 04:00:19,788 DEBUG (BaseJdbcLogger.java:143)- <====      Total: 1
2019-09-04 04:00:19,788 DEBUG (BaseJdbcLogger.java:143)- <====      Total: 1
2019-09-04 04:00:19,789 DEBUG (BaseJdbcLogger.java:143)- ====>  Preparing: select id, dong, floor, room, sex, number, rent,hasnumber from dormitory where id = ? 
2019-09-04 04:00:19,789 DEBUG (BaseJdbcLogger.java:143)- ====>  Preparing: select id, name, sex, birthday, phone, ID_number, email, parent_phone, adress, major, state from student_basic where id = ? 
2019-09-04 04:00:19,789 DEBUG (BaseJdbcLogger.java:143)- ====> Parameters: 15(Integer)
2019-09-04 04:00:19,789 DEBUG (BaseJdbcLogger.java:143)- ====> Parameters: 19170(String)
2019-09-04 04:00:19,790 DEBUG (BaseJdbcLogger.java:143)- <====      Total: 1
2019-09-04 04:00:19,790 DEBUG (BaseJdbcLogger.java:143)- <====      Total: 1
2019-09-04 04:00:19,790 DEBUG (BaseJdbcLogger.java:143)- <==      Total: 6
2019-09-04 04:00:19,790 DEBUG (BaseJdbcLogger.java:143)- ====>  Preparing: select id, name, sex, birthday, phone, ID_number, email, parent_phone, adress, major, state from student_basic where id = ? 
2019-09-04 04:00:19,791 DEBUG (BaseJdbcLogger.java:143)- ==>  Preparing: select student_status.id,student_status.basic_id, student_status.student_id, student_status.class_id from student_status,student_basic where student_status.basic_id=student_basic.id and student_basic.sex=? and student_status.class_id=? 
2019-09-04 04:00:19,791 DEBUG (BaseJdbcLogger.java:143)- ==> Parameters: 男(String), 080901201904(String)
2019-09-04 04:00:19,791 DEBUG (BaseJdbcLogger.java:143)- ====> Parameters: 19174(String)
2019-09-04 04:00:19,792 DEBUG (BaseJdbcLogger.java:143)- <====      Total: 1
2019-09-04 04:00:19,792 DEBUG (BaseJdbcLogger.java:143)- ====>  Preparing: select id, name, sex, birthday, phone, ID_number, email, parent_phone, adress, major, state from student_basic where id = ? 
2019-09-04 04:00:19,793 DEBUG (BaseJdbcLogger.java:143)- ====> Parameters: 19175(String)
2019-09-04 04:00:19,794 DEBUG (BaseJdbcLogger.java:143)- <====      Total: 1
2019-09-04 04:00:19,795 DEBUG (BaseJdbcLogger.java:143)- ====>  Preparing: select id, name, sex, birthday, phone, ID_number, email, parent_phone, adress, major, state from student_basic where id = ? 
2019-09-04 04:00:19,796 DEBUG (BaseJdbcLogger.java:143)- ====>  Preparing: select id, name, sex, birthday, phone, ID_number, email, parent_phone, adress, major, state from student_basic where id = ? 
2019-09-04 04:00:19,796 DEBUG (BaseJdbcLogger.java:143)- ====> Parameters: 19124(String)
2019-09-04 04:00:19,796 DEBUG (BaseJdbcLogger.java:143)- ====> Parameters: 19176(String)
2019-09-04 04:00:19,797 DEBUG (BaseJdbcLogger.java:143)- <====      Total: 1
2019-09-04 04:00:19,798 DEBUG (BaseJdbcLogger.java:143)- ====>  Preparing: select id, name, sex, birthday, phone, ID_number, email, parent_phone, adress, major, state from student_basic where id = ? 
2019-09-04 04:00:19,798 DEBUG (BaseJdbcLogger.java:143)- ====> Parameters: 19178(String)
2019-09-04 04:00:19,799 DEBUG (BaseJdbcLogger.java:143)- <====      Total: 1
2019-09-04 04:00:19,799 DEBUG (BaseJdbcLogger.java:143)- ====>  Preparing: select id, name, sex, birthday, phone, ID_number, email, parent_phone, adress, major, state from student_basic where id = ? 
2019-09-04 04:00:19,800 DEBUG (BaseJdbcLogger.java:143)- ====> Parameters: 19179(String)
2019-09-04 04:00:19,801 DEBUG (BaseJdbcLogger.java:143)- <====      Total: 1
2019-09-04 04:00:19,801 DEBUG (BaseJdbcLogger.java:143)- ====>  Preparing: select id, name, sex, birthday, phone, ID_number, email, parent_phone, adress, major, state from student_basic where id = ? 
2019-09-04 04:00:19,802 DEBUG (BaseJdbcLogger.java:143)- ====> Parameters: 19185(String)
2019-09-04 04:00:19,803 DEBUG (BaseJdbcLogger.java:143)- <====      Total: 1
2019-09-04 04:00:19,804 DEBUG (BaseJdbcLogger.java:143)- ====>  Preparing: select id, name, sex, birthday, phone, ID_number, email, parent_phone, adress, major, state from student_basic where id = ? 
2019-09-04 04:00:19,805 DEBUG (BaseJdbcLogger.java:143)- ====> Parameters: 19189(String)
2019-09-04 04:00:19,806 DEBUG (BaseJdbcLogger.java:143)- <====      Total: 1
2019-09-04 04:00:19,807 DEBUG (BaseJdbcLogger.java:143)- ====>  Preparing: select id, name, sex, birthday, phone, ID_number, email, parent_phone, adress, major, state from student_basic where id = ? 
2019-09-04 04:00:19,808 DEBUG (BaseJdbcLogger.java:143)- ====> Parameters: 19190(String)
2019-09-04 04:00:19,809 DEBUG (BaseJdbcLogger.java:143)- <====      Total: 1
2019-09-04 04:00:19,809 DEBUG (BaseJdbcLogger.java:143)- ====>  Preparing: select id, name, sex, birthday, phone, ID_number, email, parent_phone, adress, major, state from student_basic where id = ? 
2019-09-04 04:00:19,810 DEBUG (BaseJdbcLogger.java:143)- ====> Parameters: 19194(String)
2019-09-04 04:00:19,810 DEBUG (BaseJdbcLogger.java:143)- <====      Total: 1
2019-09-04 04:00:19,811 DEBUG (BaseJdbcLogger.java:143)- ====>  Preparing: select id, class_id, name, director, grade, major_id from class where class_id = ? 
2019-09-04 04:00:19,812 DEBUG (BaseJdbcLogger.java:143)- ====> Parameters: 080901201904(String)
2019-09-04 04:00:19,812 DEBUG (BaseJdbcLogger.java:143)- <====      Total: 1
2019-09-04 04:00:19,813 DEBUG (BaseJdbcLogger.java:143)- ====>  Preparing: select id, name, sex, birthday, phone, ID_number, email, parent_phone, adress, major, state from student_basic where id = ? 
2019-09-04 04:00:19,813 DEBUG (BaseJdbcLogger.java:143)- ====> Parameters: 19195(String)
2019-09-04 04:00:19,813 DEBUG (BaseJdbcLogger.java:143)- ======>  Preparing: select id, major_id, name, price, department_id from major where major_id = ? 
2019-09-04 04:00:19,814 DEBUG (BaseJdbcLogger.java:143)- ======> Parameters: 080901(String)
2019-09-04 04:00:19,814 DEBUG (BaseJdbcLogger.java:143)- <====      Total: 1
2019-09-04 04:00:19,814 DEBUG (BaseJdbcLogger.java:143)- <======      Total: 1
2019-09-04 04:00:19,815 DEBUG (BaseJdbcLogger.java:143)- <==      Total: 18
2019-09-04 04:00:19,815 DEBUG (BaseJdbcLogger.java:143)- <====      Total: 1
2019-09-04 04:00:19,815 DEBUG (BaseJdbcLogger.java:143)- ==>  Preparing: select dormitory_allocation.id, dormitory_allocation.class_id, dormitory_allocation.dormitory_id,dormitory_allocation.number from dormitory_allocation,dormitory WHERE dormitory_allocation.dormitory_id=dormitory.id and dormitory.sex=? and class_id = ? 
2019-09-04 04:00:19,815 DEBUG (BaseJdbcLogger.java:143)- ====>  Preparing: select id, name, sex, birthday, phone, ID_number, email, parent_phone, adress, major, state from student_basic where id = ? 
2019-09-04 04:00:19,816 DEBUG (BaseJdbcLogger.java:143)- ====> Parameters: 19127(String)
2019-09-04 04:00:19,816 DEBUG (BaseJdbcLogger.java:143)- ==> Parameters: 男(String), 081001201901(String)
2019-09-04 04:00:19,817 DEBUG (BaseJdbcLogger.java:143)- <====      Total: 1
2019-09-04 04:00:19,817 DEBUG (BaseJdbcLogger.java:143)- ====>  Preparing: select id, dong, floor, room, sex, number, rent,hasnumber from dormitory where id = ? 
2019-09-04 04:00:19,817 DEBUG (BaseJdbcLogger.java:143)- ====>  Preparing: select id, name, sex, birthday, phone, ID_number, email, parent_phone, adress, major, state from student_basic where id = ? 
2019-09-04 04:00:19,817 DEBUG (BaseJdbcLogger.java:143)- ====> Parameters: 1(Integer)
2019-09-04 04:00:19,818 DEBUG (BaseJdbcLogger.java:143)- ====> Parameters: 19129(String)
2019-09-04 04:00:19,818 DEBUG (BaseJdbcLogger.java:143)- <====      Total: 1
2019-09-04 04:00:19,818 DEBUG (BaseJdbcLogger.java:143)- <====      Total: 1
2019-09-04 04:00:19,819 DEBUG (BaseJdbcLogger.java:143)- ====>  Preparing: select id, dong, floor, room, sex, number, rent,hasnumber from dormitory where id = ? 
2019-09-04 04:00:19,819 DEBUG (BaseJdbcLogger.java:143)- ====>  Preparing: select id, name, sex, birthday, phone, ID_number, email, parent_phone, adress, major, state from student_basic where id = ? 
2019-09-04 04:00:19,819 DEBUG (BaseJdbcLogger.java:143)- ====> Parameters: 2(Integer)
2019-09-04 04:00:19,819 DEBUG (BaseJdbcLogger.java:143)- ====> Parameters: 19130(String)
2019-09-04 04:00:19,820 DEBUG (BaseJdbcLogger.java:143)- <====      Total: 1
2019-09-04 04:00:19,820 DEBUG (BaseJdbcLogger.java:143)- <====      Total: 1
2019-09-04 04:00:19,820 DEBUG (BaseJdbcLogger.java:143)- ====>  Preparing: select id, dong, floor, room, sex, number, rent,hasnumber from dormitory where id = ? 
2019-09-04 04:00:19,820 DEBUG (BaseJdbcLogger.java:143)- ====>  Preparing: select id, name, sex, birthday, phone, ID_number, email, parent_phone, adress, major, state from student_basic where id = ? 
2019-09-04 04:00:19,821 DEBUG (BaseJdbcLogger.java:143)- ====> Parameters: 3(Integer)
2019-09-04 04:00:19,821 DEBUG (BaseJdbcLogger.java:143)- ====> Parameters: 19132(String)
2019-09-04 04:00:19,821 DEBUG (BaseJdbcLogger.java:143)- <====      Total: 1
2019-09-04 04:00:19,821 DEBUG (BaseJdbcLogger.java:143)- <====      Total: 1
2019-09-04 04:00:19,822 DEBUG (BaseJdbcLogger.java:143)- ====>  Preparing: select id, dong, floor, room, sex, number, rent,hasnumber from dormitory where id = ? 
2019-09-04 04:00:19,822 DEBUG (BaseJdbcLogger.java:143)- ====>  Preparing: select id, name, sex, birthday, phone, ID_number, email, parent_phone, adress, major, state from student_basic where id = ? 
2019-09-04 04:00:19,822 DEBUG (BaseJdbcLogger.java:143)- ====> Parameters: 4(Integer)
2019-09-04 04:00:19,822 DEBUG (BaseJdbcLogger.java:143)- ====> Parameters: 19134(String)
2019-09-04 04:00:19,823 DEBUG (BaseJdbcLogger.java:143)- <====      Total: 1
2019-09-04 04:00:19,823 DEBUG (BaseJdbcLogger.java:143)- <====      Total: 1
2019-09-04 04:00:19,823 DEBUG (BaseJdbcLogger.java:143)- <==      Total: 4
2019-09-04 04:00:19,824 DEBUG (BaseJdbcLogger.java:143)- ====>  Preparing: select id, name, sex, birthday, phone, ID_number, email, parent_phone, adress, major, state from student_basic where id = ? 
2019-09-04 04:00:19,824 DEBUG (BaseJdbcLogger.java:143)- ==>  Preparing: select student_status.id,student_status.basic_id, student_status.student_id, student_status.class_id from student_status,student_basic where student_status.basic_id=student_basic.id and student_basic.sex=? and student_status.class_id=? 
2019-09-04 04:00:19,824 DEBUG (BaseJdbcLogger.java:143)- ====> Parameters: 19135(String)
2019-09-04 04:00:19,824 DEBUG (BaseJdbcLogger.java:143)- ==> Parameters: 男(String), 081001201902(String)
2019-09-04 04:00:19,825 DEBUG (BaseJdbcLogger.java:143)- <====      Total: 1
2019-09-04 04:00:19,825 DEBUG (BaseJdbcLogger.java:143)- ====>  Preparing: select id, name, sex, birthday, phone, ID_number, email, parent_phone, adress, major, state from student_basic where id = ? 
2019-09-04 04:00:19,825 DEBUG (BaseJdbcLogger.java:143)- ====>  Preparing: select id, name, sex, birthday, phone, ID_number, email, parent_phone, adress, major, state from student_basic where id = ? 
2019-09-04 04:00:19,826 DEBUG (BaseJdbcLogger.java:143)- ====> Parameters: 19200(String)
2019-09-04 04:00:19,826 DEBUG (BaseJdbcLogger.java:143)- ====> Parameters: 19136(String)
2019-09-04 04:00:19,827 DEBUG (BaseJdbcLogger.java:143)- <====      Total: 1
2019-09-04 04:00:19,827 DEBUG (BaseJdbcLogger.java:143)- <====      Total: 1
2019-09-04 04:00:19,828 DEBUG (BaseJdbcLogger.java:143)- ====>  Preparing: select id, name, sex, birthday, phone, ID_number, email, parent_phone, adress, major, state from student_basic where id = ? 
2019-09-04 04:00:19,828 DEBUG (BaseJdbcLogger.java:143)- ====>  Preparing: select id, class_id, name, director, grade, major_id from class where class_id = ? 
2019-09-04 04:00:19,829 DEBUG (BaseJdbcLogger.java:143)- ====> Parameters: 081001201902(String)
2019-09-04 04:00:19,829 DEBUG (BaseJdbcLogger.java:143)- ====> Parameters: 19137(String)
2019-09-04 04:00:19,830 DEBUG (BaseJdbcLogger.java:143)- <====      Total: 1
2019-09-04 04:00:19,830 DEBUG (BaseJdbcLogger.java:143)- ======>  Preparing: select id, major_id, name, price, department_id from major where major_id = ? 
2019-09-04 04:00:19,831 DEBUG (BaseJdbcLogger.java:143)- ====>  Preparing: select id, name, sex, birthday, phone, ID_number, email, parent_phone, adress, major, state from student_basic where id = ? 
2019-09-04 04:00:19,831 DEBUG (BaseJdbcLogger.java:143)- ======> Parameters: 081001(String)
2019-09-04 04:00:19,832 DEBUG (BaseJdbcLogger.java:143)- ====> Parameters: 19139(String)
2019-09-04 04:00:19,833 DEBUG (BaseJdbcLogger.java:143)- <======      Total: 1
2019-09-04 04:00:19,833 DEBUG (BaseJdbcLogger.java:143)- <====      Total: 1
2019-09-04 04:00:19,834 DEBUG (BaseJdbcLogger.java:143)- <====      Total: 1
2019-09-04 04:00:19,834 DEBUG (BaseJdbcLogger.java:143)- ====>  Preparing: select id, name, sex, birthday, phone, ID_number, email, parent_phone, adress, major, state from student_basic where id = ? 
2019-09-04 04:00:19,834 DEBUG (BaseJdbcLogger.java:143)- ====>  Preparing: select id, name, sex, birthday, phone, ID_number, email, parent_phone, adress, major, state from student_basic where id = ? 
2019-09-04 04:00:19,835 DEBUG (BaseJdbcLogger.java:143)- ====> Parameters: 19141(String)
2019-09-04 04:00:19,835 DEBUG (BaseJdbcLogger.java:143)- ====> Parameters: 19204(String)
2019-09-04 04:00:19,835 DEBUG (BaseJdbcLogger.java:143)- <====      Total: 1
2019-09-04 04:00:19,836 DEBUG (BaseJdbcLogger.java:143)- ====>  Preparing: select id, name, sex, birthday, phone, ID_number, email, parent_phone, adress, major, state from student_basic where id = ? 
2019-09-04 04:00:19,836 DEBUG (BaseJdbcLogger.java:143)- <====      Total: 1
2019-09-04 04:00:19,836 DEBUG (BaseJdbcLogger.java:143)- ====> Parameters: 19142(String)
2019-09-04 04:00:19,836 DEBUG (BaseJdbcLogger.java:143)- ====>  Preparing: select id, name, sex, birthday, phone, ID_number, email, parent_phone, adress, major, state from student_basic where id = ? 
2019-09-04 04:00:19,837 DEBUG (BaseJdbcLogger.java:143)- <====      Total: 1
2019-09-04 04:00:19,837 DEBUG (BaseJdbcLogger.java:143)- ====> Parameters: 19207(String)
2019-09-04 04:00:19,837 DEBUG (BaseJdbcLogger.java:143)- ====>  Preparing: select id, name, sex, birthday, phone, ID_number, email, parent_phone, adress, major, state from student_basic where id = ? 
2019-09-04 04:00:19,838 DEBUG (BaseJdbcLogger.java:143)- ====> Parameters: 19143(String)
2019-09-04 04:00:19,838 DEBUG (BaseJdbcLogger.java:143)- <====      Total: 1
2019-09-04 04:00:19,838 DEBUG (BaseJdbcLogger.java:143)- ====>  Preparing: select id, name, sex, birthday, phone, ID_number, email, parent_phone, adress, major, state from student_basic where id = ? 
2019-09-04 04:00:19,838 DEBUG (BaseJdbcLogger.java:143)- <====      Total: 1
2019-09-04 04:00:19,838 DEBUG (BaseJdbcLogger.java:143)- ====> Parameters: 19208(String)
2019-09-04 04:00:19,839 DEBUG (BaseJdbcLogger.java:143)- ====>  Preparing: select id, name, sex, birthday, phone, ID_number, email, parent_phone, adress, major, state from student_basic where id = ? 
2019-09-04 04:00:19,839 DEBUG (BaseJdbcLogger.java:143)- <====      Total: 1
2019-09-04 04:00:19,839 DEBUG (BaseJdbcLogger.java:143)- ==>  Preparing: select dormitory.id, dormitory.dong, dormitory.floor, dormitory.room, dormitory.sex, dormitory.number, dormitory.rent, dormitory.hasnumber from dormitory LEFT JOIN dormitory_allocation on dormitory_allocation.dormitory_id = dormitory.id LEFT JOIN class on dormitory_allocation.class_id=class.class_id LEFT JOIN major on class.major_id=major.major_id WHERE dong = ? and floor = ? group by dormitory.dong,dormitory.floor,dormitory.room 
2019-09-04 04:00:19,839 DEBUG (BaseJdbcLogger.java:143)- ====> Parameters: 19147(String)
2019-09-04 04:00:19,840 DEBUG (BaseJdbcLogger.java:143)- ====>  Preparing: select id, name, sex, birthday, phone, ID_number, email, parent_phone, adress, major, state from student_basic where id = ? 
2019-09-04 04:00:19,840 DEBUG (BaseJdbcLogger.java:143)- ==> Parameters: 1A(String), 1(Integer)
2019-09-04 04:00:19,840 DEBUG (BaseJdbcLogger.java:143)- ====> Parameters: 19212(String)
2019-09-04 04:00:19,840 DEBUG (BaseJdbcLogger.java:143)- <====      Total: 1
2019-09-04 04:00:19,840 DEBUG (BaseJdbcLogger.java:143)- ====>  Preparing: select id, name, sex, birthday, phone, ID_number, email, parent_phone, adress, major, state from student_basic where id = ? 
2019-09-04 04:00:19,841 DEBUG (BaseJdbcLogger.java:143)- <====      Total: 1
2019-09-04 04:00:19,841 DEBUG (BaseJdbcLogger.java:143)- ====> Parameters: 19148(String)
2019-09-04 04:00:19,841 DEBUG (BaseJdbcLogger.java:143)- ====>  Preparing: select id, name, sex, birthday, phone, ID_number, email, parent_phone, adress, major, state from student_basic where id = ? 
2019-09-04 04:00:19,841 DEBUG (BaseJdbcLogger.java:143)- ====> Parameters: 19215(String)
2019-09-04 04:00:19,842 DEBUG (BaseJdbcLogger.java:143)- <====      Total: 1
2019-09-04 04:00:19,842 DEBUG (BaseJdbcLogger.java:143)- ====>  Preparing: select id, name, sex, birthday, phone, ID_number, email, parent_phone, adress, major, state from student_basic where id = ? 
2019-09-04 04:00:19,842 DEBUG (BaseJdbcLogger.java:143)- ====> Parameters: 19149(String)
2019-09-04 04:00:19,843 DEBUG (BaseJdbcLogger.java:143)- <====      Total: 1
2019-09-04 04:00:19,844 DEBUG (BaseJdbcLogger.java:143)- ====>  Preparing: select id, name, sex, birthday, phone, ID_number, email, parent_phone, adress, major, state from student_basic where id = ? 
2019-09-04 04:00:19,844 DEBUG (BaseJdbcLogger.java:143)- <====      Total: 1
2019-09-04 04:00:19,844 DEBUG (BaseJdbcLogger.java:143)- ====> Parameters: 19150(String)
2019-09-04 04:00:19,845 DEBUG (BaseJdbcLogger.java:143)- ====>  Preparing: select id, name, sex, birthday, phone, ID_number, email, parent_phone, adress, major, state from student_basic where id = ? 
2019-09-04 04:00:19,845 DEBUG (BaseJdbcLogger.java:143)- <==      Total: 50
2019-09-04 04:00:19,845 DEBUG (BaseJdbcLogger.java:143)- ====> Parameters: 19216(String)
2019-09-04 04:00:19,846 DEBUG (BaseJdbcLogger.java:143)- <====      Total: 1
2019-09-04 04:00:19,846 DEBUG (BaseJdbcLogger.java:143)- ====>  Preparing: select id, name, sex, birthday, phone, ID_number, email, parent_phone, adress, major, state from student_basic where id = ? 
2019-09-04 04:00:19,846 DEBUG (BaseJdbcLogger.java:143)- ====> Parameters: 19152(String)
2019-09-04 04:00:19,848 DEBUG (BaseJdbcLogger.java:143)- <====      Total: 1
2019-09-04 04:00:19,849 DEBUG (BaseJdbcLogger.java:143)- ====>  Preparing: select id, name, sex, birthday, phone, ID_number, email, parent_phone, adress, major, state from student_basic where id = ? 
2019-09-04 04:00:19,849 DEBUG (BaseJdbcLogger.java:143)- ====> Parameters: 19153(String)
2019-09-04 04:00:19,850 DEBUG (BaseJdbcLogger.java:143)- <====      Total: 1
2019-09-04 04:00:19,851 DEBUG (BaseJdbcLogger.java:143)- ====>  Preparing: select id, name, sex, birthday, phone, ID_number, email, parent_phone, adress, major, state from student_basic where id = ? 
2019-09-04 04:00:19,851 DEBUG (BaseJdbcLogger.java:143)- ====> Parameters: 19154(String)
2019-09-04 04:00:19,852 DEBUG (BaseJdbcLogger.java:143)- <====      Total: 1
2019-09-04 04:00:19,853 DEBUG (BaseJdbcLogger.java:143)- ====>  Preparing: select id, name, sex, birthday, phone, ID_number, email, parent_phone, adress, major, state from student_basic where id = ? 
2019-09-04 04:00:19,853 DEBUG (BaseJdbcLogger.java:143)- ====> Parameters: 19155(String)
2019-09-04 04:00:19,854 DEBUG (BaseJdbcLogger.java:143)- <====      Total: 1
2019-09-04 04:00:19,854 DEBUG (BaseJdbcLogger.java:143)- <==      Total: 21
2019-09-04 04:00:19,854 DEBUG (BaseJdbcLogger.java:143)- ==>  Preparing: select dormitory_allocation.id, dormitory_allocation.class_id, dormitory_allocation.dormitory_id,dormitory_allocation.number from dormitory_allocation,dormitory WHERE dormitory_allocation.dormitory_id=dormitory.id and dormitory.sex=? and class_id = ? 
2019-09-04 04:00:19,855 DEBUG (BaseJdbcLogger.java:143)- ==> Parameters: 男(String), 080901201904(String)
2019-09-04 04:00:19,855 DEBUG (BaseJdbcLogger.java:143)- <====      Total: 1
2019-09-04 04:00:19,856 DEBUG (BaseJdbcLogger.java:143)- ====>  Preparing: select id, dong, floor, room, sex, number, rent,hasnumber from dormitory where id = ? 
2019-09-04 04:00:19,856 DEBUG (BaseJdbcLogger.java:143)- ====>  Preparing: select id, name, sex, birthday, phone, ID_number, email, parent_phone, adress, major, state from student_basic where id = ? 
2019-09-04 04:00:19,856 DEBUG (BaseJdbcLogger.java:143)- ====> Parameters: 16(Integer)
2019-09-04 04:00:19,856 DEBUG (BaseJdbcLogger.java:143)- ====> Parameters: 19217(String)
2019-09-04 04:00:19,859 DEBUG (BaseJdbcLogger.java:143)- <====      Total: 1
2019-09-04 04:00:19,860 DEBUG (BaseJdbcLogger.java:143)- ====>  Preparing: select id, name, sex, birthday, phone, ID_number, email, parent_phone, adress, major, state from student_basic where id = ? 
2019-09-04 04:00:19,861 DEBUG (BaseJdbcLogger.java:143)- <====      Total: 1
2019-09-04 04:00:19,861 DEBUG (BaseJdbcLogger.java:143)- ====> Parameters: 19219(String)
2019-09-04 04:00:19,861 DEBUG (BaseJdbcLogger.java:143)- <==      Total: 1
2019-09-04 04:00:19,862 DEBUG (BaseJdbcLogger.java:143)- <====      Total: 1
2019-09-04 04:00:19,862 DEBUG (BaseJdbcLogger.java:143)- ==>  Preparing: select student_status.id,student_status.basic_id, student_status.student_id, student_status.class_id from student_status,student_basic where student_status.basic_id=student_basic.id and student_basic.sex=? and student_status.class_id=? 
2019-09-04 04:00:19,863 DEBUG (BaseJdbcLogger.java:143)- ==> Parameters: 男(String), 080703201901(String)
2019-09-04 04:00:19,863 DEBUG (BaseJdbcLogger.java:143)- ====>  Preparing: select id, name, sex, birthday, phone, ID_number, email, parent_phone, adress, major, state from student_basic where id = ? 
2019-09-04 04:00:19,863 DEBUG (BaseJdbcLogger.java:143)- ====> Parameters: 19222(String)
2019-09-04 04:00:19,864 DEBUG (BaseJdbcLogger.java:143)- <====      Total: 1
2019-09-04 04:00:19,864 DEBUG (BaseJdbcLogger.java:143)- ====>  Preparing: select id, name, sex, birthday, phone, ID_number, email, parent_phone, adress, major, state from student_basic where id = ? 
2019-09-04 04:00:19,865 DEBUG (BaseJdbcLogger.java:143)- ====>  Preparing: select id, name, sex, birthday, phone, ID_number, email, parent_phone, adress, major, state from student_basic where id = ? 
2019-09-04 04:00:19,865 DEBUG (BaseJdbcLogger.java:143)- ====> Parameters: 19233(String)
2019-09-04 04:00:19,865 DEBUG (BaseJdbcLogger.java:143)- ====> Parameters: 19223(String)
2019-09-04 04:00:19,866 DEBUG (BaseJdbcLogger.java:143)- <====      Total: 1
2019-09-04 04:00:19,866 DEBUG (BaseJdbcLogger.java:143)- <====      Total: 1
2019-09-04 04:00:19,866 DEBUG (BaseJdbcLogger.java:143)- ====>  Preparing: select id, name, sex, birthday, phone, ID_number, email, parent_phone, adress, major, state from student_basic where id = ? 
2019-09-04 04:00:19,866 DEBUG (BaseJdbcLogger.java:143)- ====>  Preparing: select id, class_id, name, director, grade, major_id from class where class_id = ? 
2019-09-04 04:00:19,867 DEBUG (BaseJdbcLogger.java:143)- ====> Parameters: 080703201901(String)
2019-09-04 04:00:19,867 DEBUG (BaseJdbcLogger.java:143)- ====> Parameters: 19226(String)
2019-09-04 04:00:19,868 DEBUG (BaseJdbcLogger.java:143)- <====      Total: 1
2019-09-04 04:00:19,868 DEBUG (BaseJdbcLogger.java:143)- ======>  Preparing: select id, major_id, name, price, department_id from major where major_id = ? 
2019-09-04 04:00:19,868 DEBUG (BaseJdbcLogger.java:143)- ====>  Preparing: select id, name, sex, birthday, phone, ID_number, email, parent_phone, adress, major, state from student_basic where id = ? 
2019-09-04 04:00:19,868 DEBUG (BaseJdbcLogger.java:143)- ======> Parameters: 080703(String)
2019-09-04 04:00:19,868 DEBUG (BaseJdbcLogger.java:143)- ====> Parameters: 19227(String)
2019-09-04 04:00:19,870 DEBUG (BaseJdbcLogger.java:143)- <======      Total: 1
2019-09-04 04:00:19,870 DEBUG (BaseJdbcLogger.java:143)- <====      Total: 1
2019-09-04 04:00:19,870 DEBUG (BaseJdbcLogger.java:143)- <====      Total: 1
2019-09-04 04:00:19,870 DEBUG (BaseJdbcLogger.java:143)- ====>  Preparing: select id, name, sex, birthday, phone, ID_number, email, parent_phone, adress, major, state from student_basic where id = ? 
2019-09-04 04:00:19,870 DEBUG (BaseJdbcLogger.java:143)- ====>  Preparing: select id, name, sex, birthday, phone, ID_number, email, parent_phone, adress, major, state from student_basic where id = ? 
2019-09-04 04:00:19,870 DEBUG (BaseJdbcLogger.java:143)- ====> Parameters: 19228(String)
2019-09-04 04:00:19,870 DEBUG (BaseJdbcLogger.java:143)- ====> Parameters: 19234(String)
2019-09-04 04:00:19,872 DEBUG (BaseJdbcLogger.java:143)- <====      Total: 1
2019-09-04 04:00:19,872 DEBUG (BaseJdbcLogger.java:143)- <====      Total: 1
2019-09-04 04:00:19,872 DEBUG (BaseJdbcLogger.java:143)- ====>  Preparing: select id, name, sex, birthday, phone, ID_number, email, parent_phone, adress, major, state from student_basic where id = ? 
2019-09-04 04:00:19,872 DEBUG (BaseJdbcLogger.java:143)- ====>  Preparing: select id, name, sex, birthday, phone, ID_number, email, parent_phone, adress, major, state from student_basic where id = ? 
2019-09-04 04:00:19,872 DEBUG (BaseJdbcLogger.java:143)- ====> Parameters: 19229(String)
2019-09-04 04:00:19,872 DEBUG (BaseJdbcLogger.java:143)- ====> Parameters: 19235(String)
2019-09-04 04:00:19,872 DEBUG (BaseJdbcLogger.java:143)- <====      Total: 1
2019-09-04 04:00:19,872 DEBUG (BaseJdbcLogger.java:143)- <====      Total: 1
2019-09-04 04:00:19,873 DEBUG (BaseJdbcLogger.java:143)- ====>  Preparing: select id, name, sex, birthday, phone, ID_number, email, parent_phone, adress, major, state from student_basic where id = ? 
2019-09-04 04:00:19,873 DEBUG (BaseJdbcLogger.java:143)- ====>  Preparing: select id, name, sex, birthday, phone, ID_number, email, parent_phone, adress, major, state from student_basic where id = ? 
2019-09-04 04:00:19,873 DEBUG (BaseJdbcLogger.java:143)- ====> Parameters: 19236(String)
2019-09-04 04:00:19,873 DEBUG (BaseJdbcLogger.java:143)- ====> Parameters: 19230(String)
2019-09-04 04:00:19,874 DEBUG (BaseJdbcLogger.java:143)- <====      Total: 1
2019-09-04 04:00:19,874 DEBUG (BaseJdbcLogger.java:143)- <====      Total: 1
2019-09-04 04:00:19,874 DEBUG (BaseJdbcLogger.java:143)- ====>  Preparing: select id, name, sex, birthday, phone, ID_number, email, parent_phone, adress, major, state from student_basic where id = ? 
2019-09-04 04:00:19,874 DEBUG (BaseJdbcLogger.java:143)- ====>  Preparing: select id, name, sex, birthday, phone, ID_number, email, parent_phone, adress, major, state from student_basic where id = ? 
2019-09-04 04:00:19,874 DEBUG (BaseJdbcLogger.java:143)- ====> Parameters: 19239(String)
2019-09-04 04:00:19,874 DEBUG (BaseJdbcLogger.java:143)- ====> Parameters: 19231(String)
