2019-10-27 11:41:34,275 DEBUG (BaseJdbcLogger.java:143)- ====>  Preparing: select id, name, sex, birthday, phone, ID_number, email, parent_phone, adress, major, state from student_basic where id = ? 
2019-10-27 11:41:34,277 DEBUG (BaseJdbcLogger.java:143)- ====> Parameters: 27902(String)
2019-10-27 11:41:34,277 DEBUG (BaseJdbcLogger.java:143)- <====      Total: 1
2019-10-27 11:41:34,278 DEBUG (BaseJdbcLogger.java:143)- ====>  Preparing: select id, class_id, name, director, grade, major_id from class WHERE class_id = ? 
2019-10-27 11:41:34,278 DEBUG (BaseJdbcLogger.java:143)- ====> Parameters: 080901201902(String)
2019-10-27 11:41:34,279 DEBUG (BaseJdbcLogger.java:143)- ======>  Preparing: select id, major_id, name, price, department_id from major where major_id = ? 
2019-10-27 11:41:34,280 DEBUG (BaseJdbcLogger.java:143)- ======> Parameters: 080901(String)
2019-10-27 11:41:34,280 DEBUG (BaseJdbcLogger.java:143)- <======      Total: 1
2019-10-27 11:41:34,281 DEBUG (BaseJdbcLogger.java:143)- <====      Total: 1
2019-10-27 11:41:34,281 DEBUG (BaseJdbcLogger.java:143)- ====>  Preparing: select id, name, sex, birthday, phone, ID_number, email, parent_phone, adress, major, state from student_basic where id = ? 
2019-10-27 11:41:34,282 DEBUG (BaseJdbcLogger.java:143)- ====> Parameters: 27903(String)
2019-10-27 11:41:34,284 DEBUG (BaseJdbcLogger.java:143)- <====      Total: 1
2019-10-27 11:41:34,286 DEBUG (BaseJdbcLogger.java:143)- ====>  Preparing: select id, name, sex, birthday, phone, ID_number, email, parent_phone, adress, major, state from student_basic where id = ? 
2019-10-27 11:41:34,288 DEBUG (BaseJdbcLogger.java:143)- ====> Parameters: 27904(String)
2019-10-27 11:41:34,289 DEBUG (BaseJdbcLogger.java:143)- <====      Total: 1
2019-10-27 11:41:34,289 DEBUG (BaseJdbcLogger.java:143)- ====>  Preparing: select id, name, sex, birthday, phone, ID_number, email, parent_phone, adress, major, state from student_basic where id = ? 
2019-10-27 11:41:34,289 DEBUG (BaseJdbcLogger.java:143)- ====> Parameters: 27907(String)
2019-10-27 11:41:34,290 DEBUG (BaseJdbcLogger.java:143)- <====      Total: 1
2019-10-27 11:41:34,290 DEBUG (BaseJdbcLogger.java:143)- ====>  Preparing: select id, name, sex, birthday, phone, ID_number, email, parent_phone, adress, major, state from student_basic where id = ? 
2019-10-27 11:41:34,291 DEBUG (BaseJdbcLogger.java:143)- ====> Parameters: 27909(String)
2019-10-27 11:41:34,292 DEBUG (BaseJdbcLogger.java:143)- <====      Total: 1
2019-10-27 11:41:34,292 DEBUG (BaseJdbcLogger.java:143)- ====>  Preparing: select id, name, sex, birthday, phone, ID_number, email, parent_phone, adress, major, state from student_basic where id = ? 
2019-10-27 11:41:34,293 DEBUG (BaseJdbcLogger.java:143)- ====> Parameters: 27911(String)
2019-10-27 11:41:34,293 DEBUG (BaseJdbcLogger.java:143)- <====      Total: 1
2019-10-27 11:41:34,294 DEBUG (BaseJdbcLogger.java:143)- ====>  Preparing: select id, name, sex, birthday, phone, ID_number, email, parent_phone, adress, major, state from student_basic where id = ? 
2019-10-27 11:41:34,294 DEBUG (BaseJdbcLogger.java:143)- ====> Parameters: 27912(String)
2019-10-27 11:41:34,295 DEBUG (BaseJdbcLogger.java:143)- <====      Total: 1
2019-10-27 11:41:34,295 DEBUG (BaseJdbcLogger.java:143)- ====>  Preparing: select id, name, sex, birthday, phone, ID_number, email, parent_phone, adress, major, state from student_basic where id = ? 
2019-10-27 11:41:34,295 DEBUG (BaseJdbcLogger.java:143)- ====> Parameters: 27914(String)
2019-10-27 11:41:34,296 DEBUG (BaseJdbcLogger.java:143)- <====      Total: 1
2019-10-27 11:41:34,296 DEBUG (BaseJdbcLogger.java:143)- ====>  Preparing: select id, name, sex, birthday, phone, ID_number, email, parent_phone, adress, major, state from student_basic where id = ? 
2019-10-27 11:41:34,297 DEBUG (BaseJdbcLogger.java:143)- ====> Parameters: 27915(String)
2019-10-27 11:41:34,297 DEBUG (BaseJdbcLogger.java:143)- <====      Total: 1
2019-10-27 11:41:34,298 DEBUG (BaseJdbcLogger.java:143)- ====>  Preparing: select id, name, sex, birthday, phone, ID_number, email, parent_phone, adress, major, state from student_basic where id = ? 
2019-10-27 11:41:34,298 DEBUG (BaseJdbcLogger.java:143)- ====> Parameters: 27916(String)
2019-10-27 11:41:34,299 DEBUG (BaseJdbcLogger.java:143)- <====      Total: 1
2019-10-27 11:41:34,301 DEBUG (BaseJdbcLogger.java:143)- ====>  Preparing: select id, name, sex, birthday, phone, ID_number, email, parent_phone, adress, major, state from student_basic where id = ? 
2019-10-27 11:41:34,302 DEBUG (BaseJdbcLogger.java:143)- ====> Parameters: 27918(String)
2019-10-27 11:41:34,305 DEBUG (BaseJdbcLogger.java:143)- <====      Total: 1
2019-10-27 11:41:34,305 DEBUG (BaseJdbcLogger.java:143)- ====>  Preparing: select id, name, sex, birthday, phone, ID_number, email, parent_phone, adress, major, state from student_basic where id = ? 
2019-10-27 11:41:34,305 DEBUG (BaseJdbcLogger.java:143)- ====> Parameters: 27921(String)
2019-10-27 11:41:34,306 DEBUG (BaseJdbcLogger.java:143)- <====      Total: 1
2019-10-27 11:41:34,307 DEBUG (BaseJdbcLogger.java:143)- ====>  Preparing: select id, name, sex, birthday, phone, ID_number, email, parent_phone, adress, major, state from student_basic where id = ? 
2019-10-27 11:41:34,307 DEBUG (BaseJdbcLogger.java:143)- ====> Parameters: 27923(String)
2019-10-27 11:41:34,307 DEBUG (BaseJdbcLogger.java:143)- <====      Total: 1
2019-10-27 11:41:34,308 DEBUG (BaseJdbcLogger.java:143)- ====>  Preparing: select id, name, sex, birthday, phone, ID_number, email, parent_phone, adress, major, state from student_basic where id = ? 
2019-10-27 11:41:34,308 DEBUG (BaseJdbcLogger.java:143)- ====> Parameters: 27927(String)
2019-10-27 11:41:34,309 DEBUG (BaseJdbcLogger.java:143)- <====      Total: 1
2019-10-27 11:41:34,309 DEBUG (BaseJdbcLogger.java:143)- ====>  Preparing: select id, name, sex, birthday, phone, ID_number, email, parent_phone, adress, major, state from student_basic where id = ? 
2019-10-27 11:41:34,309 DEBUG (BaseJdbcLogger.java:143)- ====> Parameters: 27928(String)
2019-10-27 11:41:34,310 DEBUG (BaseJdbcLogger.java:143)- <====      Total: 1
2019-10-27 11:41:34,311 DEBUG (BaseJdbcLogger.java:143)- ====>  Preparing: select id, name, sex, birthday, phone, ID_number, email, parent_phone, adress, major, state from student_basic where id = ? 
2019-10-27 11:41:34,312 DEBUG (BaseJdbcLogger.java:143)- ====> Parameters: 27929(String)
2019-10-27 11:41:34,313 DEBUG (BaseJdbcLogger.java:143)- <====      Total: 1
2019-10-27 11:41:34,314 DEBUG (BaseJdbcLogger.java:143)- ====>  Preparing: select id, name, sex, birthday, phone, ID_number, email, parent_phone, adress, major, state from student_basic where id = ? 
2019-10-27 11:41:34,314 DEBUG (BaseJdbcLogger.java:143)- ====> Parameters: 27930(String)
2019-10-27 11:41:34,315 DEBUG (BaseJdbcLogger.java:143)- <====      Total: 1
2019-10-27 11:41:34,317 DEBUG (BaseJdbcLogger.java:143)- ====>  Preparing: select id, name, sex, birthday, phone, ID_number, email, parent_phone, adress, major, state from student_basic where id = ? 
2019-10-27 11:41:34,320 DEBUG (BaseJdbcLogger.java:143)- ====> Parameters: 27933(String)
2019-10-27 11:41:34,322 DEBUG (BaseJdbcLogger.java:143)- <====      Total: 1
2019-10-27 11:41:34,322 DEBUG (BaseJdbcLogger.java:143)- ====>  Preparing: select id, name, sex, birthday, phone, ID_number, email, parent_phone, adress, major, state from student_basic where id = ? 
2019-10-27 11:41:34,324 DEBUG (BaseJdbcLogger.java:143)- ====> Parameters: 27937(String)
2019-10-27 11:41:34,324 DEBUG (BaseJdbcLogger.java:143)- <====      Total: 1
2019-10-27 11:41:34,325 DEBUG (BaseJdbcLogger.java:143)- ====>  Preparing: select id, name, sex, birthday, phone, ID_number, email, parent_phone, adress, major, state from student_basic where id = ? 
2019-10-27 11:41:34,325 DEBUG (BaseJdbcLogger.java:143)- ====> Parameters: 27940(String)
2019-10-27 11:41:34,326 DEBUG (BaseJdbcLogger.java:143)- <====      Total: 1
2019-10-27 11:41:34,326 DEBUG (BaseJdbcLogger.java:143)- ====>  Preparing: select id, name, sex, birthday, phone, ID_number, email, parent_phone, adress, major, state from student_basic where id = ? 
2019-10-27 11:41:34,326 DEBUG (BaseJdbcLogger.java:143)- ====> Parameters: 27942(String)
2019-10-27 11:41:34,327 DEBUG (BaseJdbcLogger.java:143)- <====      Total: 1
2019-10-27 11:41:34,327 DEBUG (BaseJdbcLogger.java:143)- ====>  Preparing: select id, name, sex, birthday, phone, ID_number, email, parent_phone, adress, major, state from student_basic where id = ? 
2019-10-27 11:41:34,329 DEBUG (BaseJdbcLogger.java:143)- ====> Parameters: 27945(String)
2019-10-27 11:41:34,329 DEBUG (BaseJdbcLogger.java:143)- <====      Total: 1
2019-10-27 11:41:34,329 DEBUG (BaseJdbcLogger.java:143)- <==      Total: 22
2019-10-27 11:41:34,331 DEBUG (BaseJdbcLogger.java:143)- ==>  Preparing: select dormitory_allocation.id, dormitory_allocation.class_id, dormitory_allocation.dormitory_id,dormitory_allocation.number from dormitory_allocation,dormitory WHERE dormitory_allocation.dormitory_id=dormitory.id and dormitory.sex=? and class_id = ? 
2019-10-27 11:41:34,331 DEBUG (BaseJdbcLogger.java:143)- ==> Parameters: 男(String), 080901201902(String)
2019-10-27 11:41:34,334 DEBUG (BaseJdbcLogger.java:143)- <==      Total: 0
2019-10-27 11:41:34,338 DEBUG (BaseJdbcLogger.java:143)- ==>  Preparing: select student_status.id,student_status.basic_id, student_status.student_id, student_status.class_id from student_status,student_basic where student_status.basic_id=student_basic.id and student_basic.sex=? and student_status.class_id=? 
2019-10-27 11:41:34,339 DEBUG (BaseJdbcLogger.java:143)- ==> Parameters: 男(String), 080901201903(String)
2019-10-27 11:41:34,339 DEBUG (BaseJdbcLogger.java:143)- ====>  Preparing: select id, name, sex, birthday, phone, ID_number, email, parent_phone, adress, major, state from student_basic where id = ? 
2019-10-27 11:41:34,340 DEBUG (BaseJdbcLogger.java:143)- ====> Parameters: 27946(String)
2019-10-27 11:41:34,341 DEBUG (BaseJdbcLogger.java:143)- <====      Total: 1
2019-10-27 11:41:34,342 DEBUG (BaseJdbcLogger.java:143)- ====>  Preparing: select id, class_id, name, director, grade, major_id from class WHERE class_id = ? 
2019-10-27 11:41:34,342 DEBUG (BaseJdbcLogger.java:143)- ====> Parameters: 080901201903(String)
2019-10-27 11:41:34,343 DEBUG (BaseJdbcLogger.java:143)- ======>  Preparing: select id, major_id, name, price, department_id from major where major_id = ? 
2019-10-27 11:41:34,343 DEBUG (BaseJdbcLogger.java:143)- ======> Parameters: 080901(String)
2019-10-27 11:41:34,344 DEBUG (BaseJdbcLogger.java:143)- <======      Total: 1
2019-10-27 11:41:34,344 DEBUG (BaseJdbcLogger.java:143)- <====      Total: 1
2019-10-27 11:41:34,344 DEBUG (BaseJdbcLogger.java:143)- ====>  Preparing: select id, name, sex, birthday, phone, ID_number, email, parent_phone, adress, major, state from student_basic where id = ? 
2019-10-27 11:41:34,344 DEBUG (BaseJdbcLogger.java:143)- ====> Parameters: 27951(String)
2019-10-27 11:41:34,345 DEBUG (BaseJdbcLogger.java:143)- <====      Total: 1
2019-10-27 11:41:34,346 DEBUG (BaseJdbcLogger.java:143)- ====>  Preparing: select id, name, sex, birthday, phone, ID_number, email, parent_phone, adress, major, state from student_basic where id = ? 
2019-10-27 11:41:34,346 DEBUG (BaseJdbcLogger.java:143)- ====> Parameters: 27952(String)
2019-10-27 11:41:34,346 DEBUG (BaseJdbcLogger.java:143)- <====      Total: 1
2019-10-27 11:41:34,347 DEBUG (BaseJdbcLogger.java:143)- ====>  Preparing: select id, name, sex, birthday, phone, ID_number, email, parent_phone, adress, major, state from student_basic where id = ? 
2019-10-27 11:41:34,347 DEBUG (BaseJdbcLogger.java:143)- ====> Parameters: 27953(String)
2019-10-27 11:41:34,349 DEBUG (BaseJdbcLogger.java:143)- <====      Total: 1
2019-10-27 11:41:34,351 DEBUG (BaseJdbcLogger.java:143)- ====>  Preparing: select id, name, sex, birthday, phone, ID_number, email, parent_phone, adress, major, state from student_basic where id = ? 
2019-10-27 11:41:34,353 DEBUG (BaseJdbcLogger.java:143)- ====> Parameters: 27954(String)
2019-10-27 11:41:34,355 DEBUG (BaseJdbcLogger.java:143)- <====      Total: 1
2019-10-27 11:41:34,355 DEBUG (BaseJdbcLogger.java:143)- ====>  Preparing: select id, name, sex, birthday, phone, ID_number, email, parent_phone, adress, major, state from student_basic where id = ? 
2019-10-27 11:41:34,355 DEBUG (BaseJdbcLogger.java:143)- ====> Parameters: 27955(String)
2019-10-27 11:41:34,356 DEBUG (BaseJdbcLogger.java:143)- <====      Total: 1
2019-10-27 11:41:34,356 DEBUG (BaseJdbcLogger.java:143)- ====>  Preparing: select id, name, sex, birthday, phone, ID_number, email, parent_phone, adress, major, state from student_basic where id = ? 
2019-10-27 11:41:34,357 DEBUG (BaseJdbcLogger.java:143)- ====> Parameters: 27956(String)
2019-10-27 11:41:34,357 DEBUG (BaseJdbcLogger.java:143)- <====      Total: 1
2019-10-27 11:41:34,358 DEBUG (BaseJdbcLogger.java:143)- ====>  Preparing: select id, name, sex, birthday, phone, ID_number, email, parent_phone, adress, major, state from student_basic where id = ? 
2019-10-27 11:41:34,358 DEBUG (BaseJdbcLogger.java:143)- ====> Parameters: 27957(String)
2019-10-27 11:41:34,359 DEBUG (BaseJdbcLogger.java:143)- <====      Total: 1
2019-10-27 11:41:34,359 DEBUG (BaseJdbcLogger.java:143)- ====>  Preparing: select id, name, sex, birthday, phone, ID_number, email, parent_phone, adress, major, state from student_basic where id = ? 
2019-10-27 11:41:34,359 DEBUG (BaseJdbcLogger.java:143)- ====> Parameters: 27958(String)
2019-10-27 11:41:34,360 DEBUG (BaseJdbcLogger.java:143)- <====      Total: 1
2019-10-27 11:41:34,360 DEBUG (BaseJdbcLogger.java:143)- ====>  Preparing: select id, name, sex, birthday, phone, ID_number, email, parent_phone, adress, major, state from student_basic where id = ? 
2019-10-27 11:41:34,361 DEBUG (BaseJdbcLogger.java:143)- ====> Parameters: 27960(String)
2019-10-27 11:41:34,361 DEBUG (BaseJdbcLogger.java:143)- <====      Total: 1
2019-10-27 11:41:34,362 DEBUG (BaseJdbcLogger.java:143)- ====>  Preparing: select id, name, sex, birthday, phone, ID_number, email, parent_phone, adress, major, state from student_basic where id = ? 
2019-10-27 11:41:34,362 DEBUG (BaseJdbcLogger.java:143)- ====> Parameters: 27961(String)
2019-10-27 11:41:34,363 DEBUG (BaseJdbcLogger.java:143)- <====      Total: 1
2019-10-27 11:41:34,364 DEBUG (BaseJdbcLogger.java:143)- ====>  Preparing: select id, name, sex, birthday, phone, ID_number, email, parent_phone, adress, major, state from student_basic where id = ? 
2019-10-27 11:41:34,365 DEBUG (BaseJdbcLogger.java:143)- ====> Parameters: 27964(String)
2019-10-27 11:41:34,369 DEBUG (BaseJdbcLogger.java:143)- <====      Total: 1
2019-10-27 11:41:34,371 DEBUG (BaseJdbcLogger.java:143)- ====>  Preparing: select id, name, sex, birthday, phone, ID_number, email, parent_phone, adress, major, state from student_basic where id = ? 
2019-10-27 11:41:34,372 DEBUG (BaseJdbcLogger.java:143)- ====> Parameters: 27967(String)
2019-10-27 11:41:34,372 DEBUG (BaseJdbcLogger.java:143)- <====      Total: 1
2019-10-27 11:41:34,373 DEBUG (BaseJdbcLogger.java:143)- ====>  Preparing: select id, name, sex, birthday, phone, ID_number, email, parent_phone, adress, major, state from student_basic where id = ? 
2019-10-27 11:41:34,373 DEBUG (BaseJdbcLogger.java:143)- ====> Parameters: 27968(String)
2019-10-27 11:41:34,374 DEBUG (BaseJdbcLogger.java:143)- <====      Total: 1
2019-10-27 11:41:34,375 DEBUG (BaseJdbcLogger.java:143)- ====>  Preparing: select id, name, sex, birthday, phone, ID_number, email, parent_phone, adress, major, state from student_basic where id = ? 
2019-10-27 11:41:34,375 DEBUG (BaseJdbcLogger.java:143)- ====> Parameters: 27969(String)
