2019-09-04 04:04:02,374 DEBUG (BaseJdbcLogger.java:143)- ==> Parameters: 男(String), 081001201902(String)
2019-09-04 04:04:02,377 DEBUG (BaseJdbcLogger.java:143)- <==      Total: 0
2019-09-04 04:04:02,378 DEBUG (BaseJdbcLogger.java:143)- ==>  Preparing: select dormitory.id, dormitory.dong, dormitory.floor, dormitory.room, dormitory.sex, dormitory.number, dormitory.rent, dormitory.hasnumber from dormitory LEFT JOIN dormitory_allocation on dormitory_allocation.dormitory_id = dormitory.id LEFT JOIN class on dormitory_allocation.class_id=class.class_id LEFT JOIN major on class.major_id=major.major_id WHERE dong = ? and floor = ? group by dormitory.dong,dormitory.floor,dormitory.room 
2019-09-04 04:04:02,378 DEBUG (BaseJdbcLogger.java:143)- ==>  Preparing: select student_status.id,student_status.basic_id, student_status.student_id, student_status.class_id from student_status,student_basic where student_status.basic_id=student_basic.id and student_basic.sex=? and student_status.class_id=? 
2019-09-04 04:04:02,378 DEBUG (BaseJdbcLogger.java:143)- ==> Parameters: 1A(String), 1(Integer)
2019-09-04 04:04:02,379 DEBUG (BaseJdbcLogger.java:143)- ==> Parameters: 男(String), 080205201902(String)
2019-09-04 04:04:02,380 DEBUG (BaseJdbcLogger.java:143)- ====>  Preparing: select id, name, sex, birthday, phone, ID_number, email, parent_phone, adress, major, state from student_basic where id = ? 
2019-09-04 04:04:02,381 DEBUG (BaseJdbcLogger.java:143)- ====> Parameters: 19797(String)
2019-09-04 04:04:02,382 DEBUG (BaseJdbcLogger.java:143)- <==      Total: 50
2019-09-04 04:04:02,383 DEBUG (BaseJdbcLogger.java:143)- <====      Total: 1
2019-09-04 04:04:02,384 DEBUG (BaseJdbcLogger.java:143)- ====>  Preparing: select id, class_id, name, director, grade, major_id from class where class_id = ? 
2019-09-04 04:04:02,385 DEBUG (BaseJdbcLogger.java:143)- ====> Parameters: 080205201902(String)
2019-09-04 04:04:02,387 DEBUG (BaseJdbcLogger.java:143)- ======>  Preparing: select id, major_id, name, price, department_id from major where major_id = ? 
2019-09-04 04:04:02,388 DEBUG (BaseJdbcLogger.java:143)- ======> Parameters: 080205(String)
2019-09-04 04:04:02,399 DEBUG (BaseJdbcLogger.java:143)- <======      Total: 1
2019-09-04 04:04:02,400 DEBUG (BaseJdbcLogger.java:143)- <====      Total: 1
2019-09-04 04:04:02,401 DEBUG (BaseJdbcLogger.java:143)- ====>  Preparing: select id, name, sex, birthday, phone, ID_number, email, parent_phone, adress, major, state from student_basic where id = ? 
2019-09-04 04:04:02,402 DEBUG (BaseJdbcLogger.java:143)- ====> Parameters: 19799(String)
2019-09-04 04:04:02,403 DEBUG (BaseJdbcLogger.java:143)- <====      Total: 1
2019-09-04 04:04:02,404 DEBUG (BaseJdbcLogger.java:143)- ====>  Preparing: select id, name, sex, birthday, phone, ID_number, email, parent_phone, adress, major, state from student_basic where id = ? 
2019-09-04 04:04:02,405 DEBUG (BaseJdbcLogger.java:143)- ====> Parameters: 19801(String)
2019-09-04 04:04:02,406 DEBUG (BaseJdbcLogger.java:143)- <====      Total: 1
2019-09-04 04:04:02,407 DEBUG (BaseJdbcLogger.java:143)- ====>  Preparing: select id, name, sex, birthday, phone, ID_number, email, parent_phone, adress, major, state from student_basic where id = ? 
2019-09-04 04:04:02,408 DEBUG (BaseJdbcLogger.java:143)- ====> Parameters: 19802(String)
2019-09-04 04:04:02,409 DEBUG (BaseJdbcLogger.java:143)- <====      Total: 1
2019-09-04 04:04:02,410 DEBUG (BaseJdbcLogger.java:143)- ====>  Preparing: select id, name, sex, birthday, phone, ID_number, email, parent_phone, adress, major, state from student_basic where id = ? 
2019-09-04 04:04:02,411 DEBUG (BaseJdbcLogger.java:143)- ====> Parameters: 19804(String)
2019-09-04 04:04:02,412 DEBUG (BaseJdbcLogger.java:143)- <====      Total: 1
2019-09-04 04:04:02,413 DEBUG (BaseJdbcLogger.java:143)- ====>  Preparing: select id, name, sex, birthday, phone, ID_number, email, parent_phone, adress, major, state from student_basic where id = ? 
2019-09-04 04:04:02,414 DEBUG (BaseJdbcLogger.java:143)- ====> Parameters: 19805(String)
2019-09-04 04:04:02,416 DEBUG (BaseJdbcLogger.java:143)- <====      Total: 1
2019-09-04 04:04:02,418 DEBUG (BaseJdbcLogger.java:143)- ====>  Preparing: select id, name, sex, birthday, phone, ID_number, email, parent_phone, adress, major, state from student_basic where id = ? 
2019-09-04 04:04:02,419 DEBUG (BaseJdbcLogger.java:143)- ====> Parameters: 19806(String)
2019-09-04 04:04:02,420 DEBUG (BaseJdbcLogger.java:143)- <====      Total: 1
2019-09-04 04:04:02,422 DEBUG (BaseJdbcLogger.java:143)- ====>  Preparing: select id, name, sex, birthday, phone, ID_number, email, parent_phone, adress, major, state from student_basic where id = ? 
2019-09-04 04:04:02,422 DEBUG (BaseJdbcLogger.java:143)- ====> Parameters: 19807(String)
2019-09-04 04:04:02,424 DEBUG (BaseJdbcLogger.java:143)- <====      Total: 1
2019-09-04 04:04:02,425 DEBUG (BaseJdbcLogger.java:143)- ====>  Preparing: select id, name, sex, birthday, phone, ID_number, email, parent_phone, adress, major, state from student_basic where id = ? 
2019-09-04 04:04:02,426 DEBUG (BaseJdbcLogger.java:143)- ====> Parameters: 19809(String)
2019-09-04 04:04:02,426 DEBUG (BaseJdbcLogger.java:143)- <====      Total: 1
2019-09-04 04:04:02,427 DEBUG (BaseJdbcLogger.java:143)- ====>  Preparing: select id, name, sex, birthday, phone, ID_number, email, parent_phone, adress, major, state from student_basic where id = ? 
2019-09-04 04:04:02,428 DEBUG (BaseJdbcLogger.java:143)- ====> Parameters: 19812(String)
2019-09-04 04:04:02,430 DEBUG (BaseJdbcLogger.java:143)- <====      Total: 1
2019-09-04 04:04:02,430 DEBUG (BaseJdbcLogger.java:143)- ====>  Preparing: select id, name, sex, birthday, phone, ID_number, email, parent_phone, adress, major, state from student_basic where id = ? 
2019-09-04 04:04:02,431 DEBUG (BaseJdbcLogger.java:143)- ====> Parameters: 19813(String)
2019-09-04 04:04:02,434 DEBUG (BaseJdbcLogger.java:143)- <====      Total: 1
2019-09-04 04:04:02,434 DEBUG (BaseJdbcLogger.java:143)- ====>  Preparing: select id, name, sex, birthday, phone, ID_number, email, parent_phone, adress, major, state from student_basic where id = ? 
2019-09-04 04:04:02,435 DEBUG (BaseJdbcLogger.java:143)- ====> Parameters: 19815(String)
2019-09-04 04:04:02,437 DEBUG (BaseJdbcLogger.java:143)- <====      Total: 1
2019-09-04 04:04:02,439 DEBUG (BaseJdbcLogger.java:143)- ====>  Preparing: select id, name, sex, birthday, phone, ID_number, email, parent_phone, adress, major, state from student_basic where id = ? 
2019-09-04 04:04:02,439 DEBUG (BaseJdbcLogger.java:143)- ====> Parameters: 19817(String)
2019-09-04 04:04:02,440 DEBUG (BaseJdbcLogger.java:143)- <====      Total: 1
2019-09-04 04:04:02,441 DEBUG (BaseJdbcLogger.java:143)- ====>  Preparing: select id, name, sex, birthday, phone, ID_number, email, parent_phone, adress, major, state from student_basic where id = ? 
2019-09-04 04:04:02,442 DEBUG (BaseJdbcLogger.java:143)- ====> Parameters: 19818(String)
2019-09-04 04:04:02,444 DEBUG (BaseJdbcLogger.java:143)- <====      Total: 1
2019-09-04 04:04:02,444 DEBUG (BaseJdbcLogger.java:143)- ====>  Preparing: select id, name, sex, birthday, phone, ID_number, email, parent_phone, adress, major, state from student_basic where id = ? 
2019-09-04 04:04:02,444 DEBUG (BaseJdbcLogger.java:143)- ====> Parameters: 19821(String)
2019-09-04 04:04:02,446 DEBUG (BaseJdbcLogger.java:143)- <====      Total: 1
2019-09-04 04:04:02,446 DEBUG (BaseJdbcLogger.java:143)- ====>  Preparing: select id, name, sex, birthday, phone, ID_number, email, parent_phone, adress, major, state from student_basic where id = ? 
2019-09-04 04:04:02,447 DEBUG (BaseJdbcLogger.java:143)- ====> Parameters: 19823(String)
2019-09-04 04:04:02,448 DEBUG (BaseJdbcLogger.java:143)- <====      Total: 1
2019-09-04 04:04:02,449 DEBUG (BaseJdbcLogger.java:143)- ====>  Preparing: select id, name, sex, birthday, phone, ID_number, email, parent_phone, adress, major, state from student_basic where id = ? 
2019-09-04 04:04:02,450 DEBUG (BaseJdbcLogger.java:143)- ====> Parameters: 19827(String)
2019-09-04 04:04:02,453 DEBUG (BaseJdbcLogger.java:143)- <====      Total: 1
2019-09-04 04:04:02,453 DEBUG (BaseJdbcLogger.java:143)- ====>  Preparing: select id, name, sex, birthday, phone, ID_number, email, parent_phone, adress, major, state from student_basic where id = ? 
2019-09-04 04:04:02,454 DEBUG (BaseJdbcLogger.java:143)- ====> Parameters: 19832(String)
2019-09-04 04:04:02,455 DEBUG (BaseJdbcLogger.java:143)- <====      Total: 1
2019-09-04 04:04:02,455 DEBUG (BaseJdbcLogger.java:143)- ====>  Preparing: select id, name, sex, birthday, phone, ID_number, email, parent_phone, adress, major, state from student_basic where id = ? 
2019-09-04 04:04:02,456 DEBUG (BaseJdbcLogger.java:143)- ====> Parameters: 19833(String)
2019-09-04 04:04:02,458 DEBUG (BaseJdbcLogger.java:143)- <====      Total: 1
2019-09-04 04:04:02,458 DEBUG (BaseJdbcLogger.java:143)- ====>  Preparing: select id, name, sex, birthday, phone, ID_number, email, parent_phone, adress, major, state from student_basic where id = ? 
2019-09-04 04:04:02,459 DEBUG (BaseJdbcLogger.java:143)- ====> Parameters: 19834(String)
2019-09-04 04:04:02,460 DEBUG (BaseJdbcLogger.java:143)- <====      Total: 1
2019-09-04 04:04:02,460 DEBUG (BaseJdbcLogger.java:143)- ====>  Preparing: select id, name, sex, birthday, phone, ID_number, email, parent_phone, adress, major, state from student_basic where id = ? 
2019-09-04 04:04:02,461 DEBUG (BaseJdbcLogger.java:143)- ====> Parameters: 19837(String)
2019-09-04 04:04:02,462 DEBUG (BaseJdbcLogger.java:143)- <====      Total: 1
2019-09-04 04:04:02,463 DEBUG (BaseJdbcLogger.java:143)- ====>  Preparing: select id, name, sex, birthday, phone, ID_number, email, parent_phone, adress, major, state from student_basic where id = ? 
2019-09-04 04:04:02,463 DEBUG (BaseJdbcLogger.java:143)- ====> Parameters: 19840(String)
2019-09-04 04:04:02,464 DEBUG (BaseJdbcLogger.java:143)- <====      Total: 1
2019-09-04 04:04:02,465 DEBUG (BaseJdbcLogger.java:143)- ====>  Preparing: select id, name, sex, birthday, phone, ID_number, email, parent_phone, adress, major, state from student_basic where id = ? 
2019-09-04 04:04:02,467 DEBUG (BaseJdbcLogger.java:143)- ====> Parameters: 19841(String)
2019-09-04 04:04:02,468 DEBUG (BaseJdbcLogger.java:143)- <====      Total: 1
2019-09-04 04:04:02,469 DEBUG (BaseJdbcLogger.java:143)- ====>  Preparing: select id, name, sex, birthday, phone, ID_number, email, parent_phone, adress, major, state from student_basic where id = ? 
2019-09-04 04:04:02,471 DEBUG (BaseJdbcLogger.java:143)- ====> Parameters: 19846(String)
2019-09-04 04:04:02,471 DEBUG (BaseJdbcLogger.java:143)- <====      Total: 1
2019-09-04 04:04:02,472 DEBUG (BaseJdbcLogger.java:143)- ====>  Preparing: select id, name, sex, birthday, phone, ID_number, email, parent_phone, adress, major, state from student_basic where id = ? 
2019-09-04 04:04:02,473 DEBUG (BaseJdbcLogger.java:143)- ====> Parameters: 19847(String)
2019-09-04 04:04:02,474 DEBUG (BaseJdbcLogger.java:143)- <====      Total: 1
2019-09-04 04:04:02,475 DEBUG (BaseJdbcLogger.java:143)- <==      Total: 25
2019-09-04 04:04:02,476 DEBUG (BaseJdbcLogger.java:143)- ==>  Preparing: select dormitory_allocation.id, dormitory_allocation.class_id, dormitory_allocation.dormitory_id,dormitory_allocation.number from dormitory_allocation,dormitory WHERE dormitory_allocation.dormitory_id=dormitory.id and dormitory.sex=? and class_id = ? 
2019-09-04 04:04:02,476 DEBUG (BaseJdbcLogger.java:143)- ==> Parameters: 男(String), 080205201902(String)
2019-09-04 04:04:02,477 DEBUG (BaseJdbcLogger.java:143)- <==      Total: 0
2019-09-04 04:04:02,478 DEBUG (BaseJdbcLogger.java:143)- ==>  Preparing: select student_status.id,student_status.basic_id, student_status.student_id, student_status.class_id from student_status,student_basic where student_status.basic_id=student_basic.id and student_basic.sex=? and student_status.class_id=? 
2019-09-04 04:04:02,478 DEBUG (BaseJdbcLogger.java:143)- ==> Parameters: 男(String), 080205201903(String)
2019-09-04 04:04:02,480 DEBUG (BaseJdbcLogger.java:143)- ====>  Preparing: select id, name, sex, birthday, phone, ID_number, email, parent_phone, adress, major, state from student_basic where id = ? 
2019-09-04 04:04:02,480 DEBUG (BaseJdbcLogger.java:143)- ====> Parameters: 19848(String)
2019-09-04 04:04:02,481 DEBUG (BaseJdbcLogger.java:143)- <====      Total: 1
2019-09-04 04:04:02,482 DEBUG (BaseJdbcLogger.java:143)- ====>  Preparing: select id, class_id, name, director, grade, major_id from class where class_id = ? 
2019-09-04 04:04:02,484 DEBUG (BaseJdbcLogger.java:143)- ====> Parameters: 080205201903(String)
2019-09-04 04:04:02,484 DEBUG (BaseJdbcLogger.java:143)- ======>  Preparing: select id, major_id, name, price, department_id from major where major_id = ? 
2019-09-04 04:04:02,485 DEBUG (BaseJdbcLogger.java:143)- ======> Parameters: 080205(String)
2019-09-04 04:04:02,486 DEBUG (BaseJdbcLogger.java:143)- <======      Total: 1
2019-09-04 04:04:02,487 DEBUG (BaseJdbcLogger.java:143)- <====      Total: 1
2019-09-04 04:04:02,487 DEBUG (BaseJdbcLogger.java:143)- ====>  Preparing: select id, name, sex, birthday, phone, ID_number, email, parent_phone, adress, major, state from student_basic where id = ? 
2019-09-04 04:04:02,488 DEBUG (BaseJdbcLogger.java:143)- ====> Parameters: 19849(String)
2019-09-04 04:04:02,489 DEBUG (BaseJdbcLogger.java:143)- <====      Total: 1
2019-09-04 04:04:02,490 DEBUG (BaseJdbcLogger.java:143)- ====>  Preparing: select id, name, sex, birthday, phone, ID_number, email, parent_phone, adress, major, state from student_basic where id = ? 
2019-09-04 04:04:02,490 DEBUG (BaseJdbcLogger.java:143)- ====> Parameters: 19853(String)
2019-09-04 04:04:02,491 DEBUG (BaseJdbcLogger.java:143)- <====      Total: 1
2019-09-04 04:04:02,491 DEBUG (BaseJdbcLogger.java:143)- ====>  Preparing: select id, name, sex, birthday, phone, ID_number, email, parent_phone, adress, major, state from student_basic where id = ? 
2019-09-04 04:04:02,492 DEBUG (BaseJdbcLogger.java:143)- ====> Parameters: 19854(String)
2019-09-04 04:04:02,493 DEBUG (BaseJdbcLogger.java:143)- <====      Total: 1
2019-09-04 04:04:02,494 DEBUG (BaseJdbcLogger.java:143)- ====>  Preparing: select id, name, sex, birthday, phone, ID_number, email, parent_phone, adress, major, state from student_basic where id = ? 
2019-09-04 04:04:02,494 DEBUG (BaseJdbcLogger.java:143)- ====> Parameters: 19856(String)
2019-09-04 04:04:02,495 DEBUG (BaseJdbcLogger.java:143)- <====      Total: 1
2019-09-04 04:04:02,496 DEBUG (BaseJdbcLogger.java:143)- ====>  Preparing: select id, name, sex, birthday, phone, ID_number, email, parent_phone, adress, major, state from student_basic where id = ? 
2019-09-04 04:04:02,496 DEBUG (BaseJdbcLogger.java:143)- ====> Parameters: 19859(String)
2019-09-04 04:04:02,497 DEBUG (BaseJdbcLogger.java:143)- <====      Total: 1
2019-09-04 04:04:02,498 DEBUG (BaseJdbcLogger.java:143)- ====>  Preparing: select id, name, sex, birthday, phone, ID_number, email, parent_phone, adress, major, state from student_basic where id = ? 
2019-09-04 04:04:02,498 DEBUG (BaseJdbcLogger.java:143)- ====> Parameters: 19860(String)
2019-09-04 04:04:02,501 DEBUG (BaseJdbcLogger.java:143)- <====      Total: 1
2019-09-04 04:04:02,501 DEBUG (BaseJdbcLogger.java:143)- ====>  Preparing: select id, name, sex, birthday, phone, ID_number, email, parent_phone, adress, major, state from student_basic where id = ? 
2019-09-04 04:04:02,502 DEBUG (BaseJdbcLogger.java:143)- ====> Parameters: 19862(String)
2019-09-04 04:04:02,503 DEBUG (BaseJdbcLogger.java:143)- <====      Total: 1
2019-09-04 04:04:02,503 DEBUG (BaseJdbcLogger.java:143)- ====>  Preparing: select id, name, sex, birthday, phone, ID_number, email, parent_phone, adress, major, state from student_basic where id = ? 
2019-09-04 04:04:02,504 DEBUG (BaseJdbcLogger.java:143)- ====> Parameters: 19867(String)
2019-09-04 04:04:02,505 DEBUG (BaseJdbcLogger.java:143)- <====      Total: 1
2019-09-04 04:04:02,505 DEBUG (BaseJdbcLogger.java:143)- ====>  Preparing: select id, name, sex, birthday, phone, ID_number, email, parent_phone, adress, major, state from student_basic where id = ? 
2019-09-04 04:04:02,506 DEBUG (BaseJdbcLogger.java:143)- ====> Parameters: 19870(String)
2019-09-04 04:04:02,507 DEBUG (BaseJdbcLogger.java:143)- <====      Total: 1
2019-09-04 04:04:02,507 DEBUG (BaseJdbcLogger.java:143)- ====>  Preparing: select id, name, sex, birthday, phone, ID_number, email, parent_phone, adress, major, state from student_basic where id = ? 
2019-09-04 04:04:02,508 DEBUG (BaseJdbcLogger.java:143)- ====> Parameters: 19872(String)
2019-09-04 04:04:02,509 DEBUG (BaseJdbcLogger.java:143)- <====      Total: 1
2019-09-04 04:04:02,509 DEBUG (BaseJdbcLogger.java:143)- ====>  Preparing: select id, name, sex, birthday, phone, ID_number, email, parent_phone, adress, major, state from student_basic where id = ? 
2019-09-04 04:04:02,510 DEBUG (BaseJdbcLogger.java:143)- ====> Parameters: 19875(String)
2019-09-04 04:04:02,511 DEBUG (BaseJdbcLogger.java:143)- <====      Total: 1
2019-09-04 04:04:02,511 DEBUG (BaseJdbcLogger.java:143)- ====>  Preparing: select id, name, sex, birthday, phone, ID_number, email, parent_phone, adress, major, state from student_basic where id = ? 
2019-09-04 04:04:02,512 DEBUG (BaseJdbcLogger.java:143)- ====> Parameters: 19876(String)
2019-09-04 04:04:02,512 DEBUG (BaseJdbcLogger.java:143)- <====      Total: 1
2019-09-04 04:04:02,513 DEBUG (BaseJdbcLogger.java:143)- ====>  Preparing: select id, name, sex, birthday, phone, ID_number, email, parent_phone, adress, major, state from student_basic where id = ? 
2019-09-04 04:04:02,514 DEBUG (BaseJdbcLogger.java:143)- ====> Parameters: 19878(String)
2019-09-04 04:04:02,515 DEBUG (BaseJdbcLogger.java:143)- <====      Total: 1
2019-09-04 04:04:02,516 DEBUG (BaseJdbcLogger.java:143)- ====>  Preparing: select id, name, sex, birthday, phone, ID_number, email, parent_phone, adress, major, state from student_basic where id = ? 
2019-09-04 04:04:02,517 DEBUG (BaseJdbcLogger.java:143)- ====> Parameters: 19881(String)
2019-09-04 04:04:02,518 DEBUG (BaseJdbcLogger.java:143)- <====      Total: 1
2019-09-04 04:04:02,519 DEBUG (BaseJdbcLogger.java:143)- ====>  Preparing: select id, name, sex, birthday, phone, ID_number, email, parent_phone, adress, major, state from student_basic where id = ? 
2019-09-04 04:04:02,520 DEBUG (BaseJdbcLogger.java:143)- ====> Parameters: 19882(String)
2019-09-04 04:04:02,521 DEBUG (BaseJdbcLogger.java:143)- <====      Total: 1
2019-09-04 04:04:02,522 DEBUG (BaseJdbcLogger.java:143)- ====>  Preparing: select id, name, sex, birthday, phone, ID_number, email, parent_phone, adress, major, state from student_basic where id = ? 
2019-09-04 04:04:02,523 DEBUG (BaseJdbcLogger.java:143)- ====> Parameters: 19883(String)
2019-09-04 04:04:02,523 DEBUG (BaseJdbcLogger.java:143)- <====      Total: 1
2019-09-04 04:04:02,523 DEBUG (BaseJdbcLogger.java:143)- ====>  Preparing: select id, name, sex, birthday, phone, ID_number, email, parent_phone, adress, major, state from student_basic where id = ? 
2019-09-04 04:04:02,525 DEBUG (BaseJdbcLogger.java:143)- ====> Parameters: 19884(String)
2019-09-04 04:04:02,526 DEBUG (BaseJdbcLogger.java:143)- <====      Total: 1
2019-09-04 04:04:02,526 DEBUG (BaseJdbcLogger.java:143)- ====>  Preparing: select id, name, sex, birthday, phone, ID_number, email, parent_phone, adress, major, state from student_basic where id = ? 
2019-09-04 04:04:02,527 DEBUG (BaseJdbcLogger.java:143)- ====> Parameters: 19887(String)
2019-09-04 04:04:02,527 DEBUG (BaseJdbcLogger.java:143)- <====      Total: 1
2019-09-04 04:04:02,528 DEBUG (BaseJdbcLogger.java:143)- ====>  Preparing: select id, name, sex, birthday, phone, ID_number, email, parent_phone, adress, major, state from student_basic where id = ? 
2019-09-04 04:04:02,529 DEBUG (BaseJdbcLogger.java:143)- ====> Parameters: 19888(String)
2019-09-04 04:04:02,529 DEBUG (BaseJdbcLogger.java:143)- <====      Total: 1
2019-09-04 04:04:02,529 DEBUG (BaseJdbcLogger.java:143)- ====>  Preparing: select id, name, sex, birthday, phone, ID_number, email, parent_phone, adress, major, state from student_basic where id = ? 
2019-09-04 04:04:02,530 DEBUG (BaseJdbcLogger.java:143)- ====> Parameters: 19890(String)
2019-09-04 04:04:02,532 DEBUG (BaseJdbcLogger.java:143)- <====      Total: 1
2019-09-04 04:04:02,532 DEBUG (BaseJdbcLogger.java:143)- ====>  Preparing: select id, name, sex, birthday, phone, ID_number, email, parent_phone, adress, major, state from student_basic where id = ? 
2019-09-04 04:04:02,533 DEBUG (BaseJdbcLogger.java:143)- ====> Parameters: 19891(String)
2019-09-04 04:04:02,534 DEBUG (BaseJdbcLogger.java:143)- <====      Total: 1
2019-09-04 04:04:02,534 DEBUG (BaseJdbcLogger.java:143)- ====>  Preparing: select id, name, sex, birthday, phone, ID_number, email, parent_phone, adress, major, state from student_basic where id = ? 
2019-09-04 04:04:02,535 DEBUG (BaseJdbcLogger.java:143)- ====> Parameters: 19892(String)
2019-09-04 04:04:02,536 DEBUG (BaseJdbcLogger.java:143)- <====      Total: 1
2019-09-04 04:04:02,537 DEBUG (BaseJdbcLogger.java:143)- ====>  Preparing: select id, name, sex, birthday, phone, ID_number, email, parent_phone, adress, major, state from student_basic where id = ? 
2019-09-04 04:04:02,538 DEBUG (BaseJdbcLogger.java:143)- ====> Parameters: 19895(String)
2019-09-04 04:04:02,539 DEBUG (BaseJdbcLogger.java:143)- <====      Total: 1
2019-09-04 04:04:02,540 DEBUG (BaseJdbcLogger.java:143)- ====>  Preparing: select id, name, sex, birthday, phone, ID_number, email, parent_phone, adress, major, state from student_basic where id = ? 
2019-09-04 04:04:02,540 DEBUG (BaseJdbcLogger.java:143)- ====> Parameters: 19896(String)
2019-09-04 04:04:02,541 DEBUG (BaseJdbcLogger.java:143)- <====      Total: 1
2019-09-04 04:04:02,541 DEBUG (BaseJdbcLogger.java:143)- <==      Total: 25
2019-09-04 04:04:02,542 DEBUG (BaseJdbcLogger.java:143)- ==>  Preparing: select dormitory_allocation.id, dormitory_allocation.class_id, dormitory_allocation.dormitory_id,dormitory_allocation.number from dormitory_allocation,dormitory WHERE dormitory_allocation.dormitory_id=dormitory.id and dormitory.sex=? and class_id = ? 
2019-09-04 04:04:02,542 DEBUG (BaseJdbcLogger.java:143)- ==> Parameters: 男(String), 080205201903(String)
2019-09-04 04:04:02,544 DEBUG (BaseJdbcLogger.java:143)- <==      Total: 0
2019-09-04 04:04:02,544 DEBUG (BaseJdbcLogger.java:143)- ==>  Preparing: select student_status.id,student_status.basic_id, student_status.student_id, student_status.class_id from student_status,student_basic where student_status.basic_id=student_basic.id and student_basic.sex=? and student_status.class_id=? 
2019-09-04 04:04:02,544 DEBUG (BaseJdbcLogger.java:143)- ==> Parameters: 男(String), 130503201901(String)
2019-09-04 04:04:02,546 DEBUG (BaseJdbcLogger.java:143)- ====>  Preparing: select id, name, sex, birthday, phone, ID_number, email, parent_phone, adress, major, state from student_basic where id = ? 
2019-09-04 04:04:02,546 DEBUG (BaseJdbcLogger.java:143)- ====> Parameters: 19580(String)
2019-09-04 04:04:02,547 DEBUG (BaseJdbcLogger.java:143)- <====      Total: 1
2019-09-04 04:04:02,547 DEBUG (BaseJdbcLogger.java:143)- ====>  Preparing: select id, class_id, name, director, grade, major_id from class where class_id = ? 
2019-09-04 04:04:02,548 DEBUG (BaseJdbcLogger.java:143)- ====> Parameters: 130503201901(String)
2019-09-04 04:04:02,549 DEBUG (BaseJdbcLogger.java:143)- ======>  Preparing: select id, major_id, name, price, department_id from major where major_id = ? 
2019-09-04 04:04:02,549 DEBUG (BaseJdbcLogger.java:143)- ======> Parameters: 130503(String)
2019-09-04 04:04:02,551 DEBUG (BaseJdbcLogger.java:143)- <======      Total: 1
2019-09-04 04:04:02,551 DEBUG (BaseJdbcLogger.java:143)- <====      Total: 1
2019-09-04 04:04:02,551 DEBUG (BaseJdbcLogger.java:143)- ====>  Preparing: select id, name, sex, birthday, phone, ID_number, email, parent_phone, adress, major, state from student_basic where id = ? 
2019-09-04 04:04:02,551 DEBUG (BaseJdbcLogger.java:143)- ====> Parameters: 19581(String)
2019-09-04 04:04:02,552 DEBUG (BaseJdbcLogger.java:143)- <====      Total: 1
2019-09-04 04:04:02,552 DEBUG (BaseJdbcLogger.java:143)- ====>  Preparing: select id, name, sex, birthday, phone, ID_number, email, parent_phone, adress, major, state from student_basic where id = ? 
2019-09-04 04:04:02,552 DEBUG (BaseJdbcLogger.java:143)- ====> Parameters: 19585(String)
2019-09-04 04:04:02,553 DEBUG (BaseJdbcLogger.java:143)- <====      Total: 1
2019-09-04 04:04:02,553 DEBUG (BaseJdbcLogger.java:143)- ====>  Preparing: select id, name, sex, birthday, phone, ID_number, email, parent_phone, adress, major, state from student_basic where id = ? 
2019-09-04 04:04:02,554 DEBUG (BaseJdbcLogger.java:143)- ====> Parameters: 19586(String)
2019-09-04 04:04:02,554 DEBUG (BaseJdbcLogger.java:143)- <====      Total: 1
2019-09-04 04:04:02,555 DEBUG (BaseJdbcLogger.java:143)- ====>  Preparing: select id, name, sex, birthday, phone, ID_number, email, parent_phone, adress, major, state from student_basic where id = ? 
2019-09-04 04:04:02,555 DEBUG (BaseJdbcLogger.java:143)- ====> Parameters: 19587(String)
2019-09-04 04:04:02,556 DEBUG (BaseJdbcLogger.java:143)- <====      Total: 1
2019-09-04 04:04:02,557 DEBUG (BaseJdbcLogger.java:143)- ====>  Preparing: select id, name, sex, birthday, phone, ID_number, email, parent_phone, adress, major, state from student_basic where id = ? 
2019-09-04 04:04:02,557 DEBUG (BaseJdbcLogger.java:143)- ====> Parameters: 19589(String)
2019-09-04 04:04:02,557 DEBUG (BaseJdbcLogger.java:143)- <====      Total: 1
2019-09-04 04:04:02,558 DEBUG (BaseJdbcLogger.java:143)- ====>  Preparing: select id, name, sex, birthday, phone, ID_number, email, parent_phone, adress, major, state from student_basic where id = ? 
2019-09-04 04:04:02,559 DEBUG (BaseJdbcLogger.java:143)- ====> Parameters: 19593(String)
2019-09-04 04:04:02,559 DEBUG (BaseJdbcLogger.java:143)- <====      Total: 1
2019-09-04 04:04:02,559 DEBUG (BaseJdbcLogger.java:143)- ====>  Preparing: select id, name, sex, birthday, phone, ID_number, email, parent_phone, adress, major, state from student_basic where id = ? 
2019-09-04 04:04:02,559 DEBUG (BaseJdbcLogger.java:143)- ====> Parameters: 19594(String)
2019-09-04 04:04:02,560 DEBUG (BaseJdbcLogger.java:143)- <====      Total: 1
2019-09-04 04:04:02,561 DEBUG (BaseJdbcLogger.java:143)- ====>  Preparing: select id, name, sex, birthday, phone, ID_number, email, parent_phone, adress, major, state from student_basic where id = ? 
2019-09-04 04:04:02,561 DEBUG (BaseJdbcLogger.java:143)- ====> Parameters: 19595(String)
2019-09-04 04:04:02,561 DEBUG (BaseJdbcLogger.java:143)- <====      Total: 1
2019-09-04 04:04:02,562 DEBUG (BaseJdbcLogger.java:143)- ====>  Preparing: select id, name, sex, birthday, phone, ID_number, email, parent_phone, adress, major, state from student_basic where id = ? 
2019-09-04 04:04:02,563 DEBUG (BaseJdbcLogger.java:143)- ====> Parameters: 19596(String)
2019-09-04 04:04:02,563 DEBUG (BaseJdbcLogger.java:143)- <====      Total: 1
2019-09-04 04:04:02,565 DEBUG (BaseJdbcLogger.java:143)- ====>  Preparing: select id, name, sex, birthday, phone, ID_number, email, parent_phone, adress, major, state from student_basic where id = ? 
2019-09-04 04:04:02,565 DEBUG (BaseJdbcLogger.java:143)- ====> Parameters: 19598(String)
2019-09-04 04:04:02,565 DEBUG (BaseJdbcLogger.java:143)- <====      Total: 1
2019-09-04 04:04:02,565 DEBUG (BaseJdbcLogger.java:143)- ====>  Preparing: select id, name, sex, birthday, phone, ID_number, email, parent_phone, adress, major, state from student_basic where id = ? 
2019-09-04 04:04:02,567 DEBUG (BaseJdbcLogger.java:143)- ====> Parameters: 19600(String)
2019-09-04 04:04:02,567 DEBUG (BaseJdbcLogger.java:143)- <====      Total: 1
2019-09-04 04:04:02,568 DEBUG (BaseJdbcLogger.java:143)- ====>  Preparing: select id, name, sex, birthday, phone, ID_number, email, parent_phone, adress, major, state from student_basic where id = ? 
2019-09-04 04:04:02,568 DEBUG (BaseJdbcLogger.java:143)- ====> Parameters: 19601(String)
2019-09-04 04:04:02,569 DEBUG (BaseJdbcLogger.java:143)- <====      Total: 1
2019-09-04 04:04:02,569 DEBUG (BaseJdbcLogger.java:143)- ====>  Preparing: select id, name, sex, birthday, phone, ID_number, email, parent_phone, adress, major, state from student_basic where id = ? 
2019-09-04 04:04:02,570 DEBUG (BaseJdbcLogger.java:143)- ====> Parameters: 19602(String)
2019-09-04 04:04:02,570 DEBUG (BaseJdbcLogger.java:143)- <====      Total: 1
2019-09-04 04:04:02,571 DEBUG (BaseJdbcLogger.java:143)- ====>  Preparing: select id, name, sex, birthday, phone, ID_number, email, parent_phone, adress, major, state from student_basic where id = ? 
2019-09-04 04:04:02,571 DEBUG (BaseJdbcLogger.java:143)- ====> Parameters: 19603(String)
2019-09-04 04:04:02,571 DEBUG (BaseJdbcLogger.java:143)- <====      Total: 1
2019-09-04 04:04:02,572 DEBUG (BaseJdbcLogger.java:143)- ====>  Preparing: select id, name, sex, birthday, phone, ID_number, email, parent_phone, adress, major, state from student_basic where id = ? 
2019-09-04 04:04:02,572 DEBUG (BaseJdbcLogger.java:143)- ====> Parameters: 19604(String)
2019-09-04 04:04:02,573 DEBUG (BaseJdbcLogger.java:143)- <====      Total: 1
2019-09-04 04:04:02,574 DEBUG (BaseJdbcLogger.java:143)- ====>  Preparing: select id, name, sex, birthday, phone, ID_number, email, parent_phone, adress, major, state from student_basic where id = ? 
2019-09-04 04:04:02,574 DEBUG (BaseJdbcLogger.java:143)- ====> Parameters: 19605(String)
2019-09-04 04:04:02,574 DEBUG (BaseJdbcLogger.java:143)- <====      Total: 1
2019-09-04 04:04:02,575 DEBUG (BaseJdbcLogger.java:143)- ====>  Preparing: select id, name, sex, birthday, phone, ID_number, email, parent_phone, adress, major, state from student_basic where id = ? 
2019-09-04 04:04:02,575 DEBUG (BaseJdbcLogger.java:143)- ====> Parameters: 19606(String)
2019-09-04 04:04:02,577 DEBUG (BaseJdbcLogger.java:143)- <====      Total: 1
2019-09-04 04:04:02,577 DEBUG (BaseJdbcLogger.java:143)- ====>  Preparing: select id, name, sex, birthday, phone, ID_number, email, parent_phone, adress, major, state from student_basic where id = ? 
2019-09-04 04:04:02,577 DEBUG (BaseJdbcLogger.java:143)- ====> Parameters: 19607(String)
2019-09-04 04:04:02,578 DEBUG (BaseJdbcLogger.java:143)- <====      Total: 1
2019-09-04 04:04:02,578 DEBUG (BaseJdbcLogger.java:143)- ====>  Preparing: select id, name, sex, birthday, phone, ID_number, email, parent_phone, adress, major, state from student_basic where id = ? 
2019-09-04 04:04:02,579 DEBUG (BaseJdbcLogger.java:143)- ====> Parameters: 19608(String)
2019-09-04 04:04:02,590 DEBUG (BaseJdbcLogger.java:143)- <====      Total: 1
2019-09-04 04:04:02,590 DEBUG (BaseJdbcLogger.java:143)- ====>  Preparing: select id, name, sex, birthday, phone, ID_number, email, parent_phone, adress, major, state from student_basic where id = ? 
2019-09-04 04:04:02,590 DEBUG (BaseJdbcLogger.java:143)- ====> Parameters: 19609(String)
2019-09-04 04:04:02,591 DEBUG (BaseJdbcLogger.java:143)- <====      Total: 1
2019-09-04 04:04:02,592 DEBUG (BaseJdbcLogger.java:143)- ====>  Preparing: select id, name, sex, birthday, phone, ID_number, email, parent_phone, adress, major, state from student_basic where id = ? 
2019-09-04 04:04:02,592 DEBUG (BaseJdbcLogger.java:143)- ====> Parameters: 19610(String)
2019-09-04 04:04:02,592 DEBUG (BaseJdbcLogger.java:143)- <====      Total: 1
2019-09-04 04:04:02,594 DEBUG (BaseJdbcLogger.java:143)- ====>  Preparing: select id, name, sex, birthday, phone, ID_number, email, parent_phone, adress, major, state from student_basic where id = ? 
2019-09-04 04:04:02,594 DEBUG (BaseJdbcLogger.java:143)- ====> Parameters: 19611(String)
2019-09-04 04:04:02,594 DEBUG (BaseJdbcLogger.java:143)- <====      Total: 1
