2019-10-28 00:53:08,010 DEBUG (BaseJdbcLogger.java:143)- <====      Total: 1
2019-10-28 00:53:08,011 DEBUG (BaseJdbcLogger.java:143)- ====>  Preparing: select id, name, sex, birthday, phone, ID_number, email, parent_phone, adress, major, state from student_basic where id = ? 
2019-10-28 00:53:08,012 DEBUG (BaseJdbcLogger.java:143)- ====> Parameters: 28055(String)
2019-10-28 00:53:08,012 DEBUG (BaseJdbcLogger.java:143)- <====      Total: 1
2019-10-28 00:53:08,014 DEBUG (BaseJdbcLogger.java:143)- ====>  Preparing: select id, name, sex, birthday, phone, ID_number, email, parent_phone, adress, major, state from student_basic where id = ? 
2019-10-28 00:53:08,014 DEBUG (BaseJdbcLogger.java:143)- ====> Parameters: 28057(String)
2019-10-28 00:53:08,015 DEBUG (BaseJdbcLogger.java:143)- <====      Total: 1
2019-10-28 00:53:08,017 DEBUG (BaseJdbcLogger.java:143)- ====>  Preparing: select id, name, sex, birthday, phone, ID_number, email, parent_phone, adress, major, state from student_basic where id = ? 
2019-10-28 00:53:08,017 DEBUG (BaseJdbcLogger.java:143)- ====> Parameters: 28058(String)
2019-10-28 00:53:08,018 DEBUG (BaseJdbcLogger.java:143)- <====      Total: 1
2019-10-28 00:53:08,020 DEBUG (BaseJdbcLogger.java:143)- ====>  Preparing: select id, name, sex, birthday, phone, ID_number, email, parent_phone, adress, major, state from student_basic where id = ? 
2019-10-28 00:53:08,020 DEBUG (BaseJdbcLogger.java:143)- ====> Parameters: 28059(String)
2019-10-28 00:53:08,021 DEBUG (BaseJdbcLogger.java:143)- <====      Total: 1
2019-10-28 00:53:08,022 DEBUG (BaseJdbcLogger.java:143)- ====>  Preparing: select id, name, sex, birthday, phone, ID_number, email, parent_phone, adress, major, state from student_basic where id = ? 
2019-10-28 00:53:08,023 DEBUG (BaseJdbcLogger.java:143)- ====> Parameters: 28061(String)
2019-10-28 00:53:08,024 DEBUG (BaseJdbcLogger.java:143)- <====      Total: 1
2019-10-28 00:53:08,025 DEBUG (BaseJdbcLogger.java:143)- ====>  Preparing: select id, name, sex, birthday, phone, ID_number, email, parent_phone, adress, major, state from student_basic where id = ? 
2019-10-28 00:53:08,026 DEBUG (BaseJdbcLogger.java:143)- ====> Parameters: 28062(String)
2019-10-28 00:53:08,027 DEBUG (BaseJdbcLogger.java:143)- <====      Total: 1
2019-10-28 00:53:08,027 DEBUG (BaseJdbcLogger.java:143)- ====>  Preparing: select id, name, sex, birthday, phone, ID_number, email, parent_phone, adress, major, state from student_basic where id = ? 
2019-10-28 00:53:08,027 DEBUG (BaseJdbcLogger.java:143)- ====> Parameters: 28065(String)
2019-10-28 00:53:08,028 DEBUG (BaseJdbcLogger.java:143)- <====      Total: 1
2019-10-28 00:53:08,029 DEBUG (BaseJdbcLogger.java:143)- ====>  Preparing: select id, name, sex, birthday, phone, ID_number, email, parent_phone, adress, major, state from student_basic where id = ? 
2019-10-28 00:53:08,029 DEBUG (BaseJdbcLogger.java:143)- ====> Parameters: 28066(String)
2019-10-28 00:53:08,029 DEBUG (BaseJdbcLogger.java:143)- <====      Total: 1
2019-10-28 00:53:08,030 DEBUG (BaseJdbcLogger.java:143)- ====>  Preparing: select id, name, sex, birthday, phone, ID_number, email, parent_phone, adress, major, state from student_basic where id = ? 
2019-10-28 00:53:08,030 DEBUG (BaseJdbcLogger.java:143)- ====> Parameters: 28067(String)
2019-10-28 00:53:08,031 DEBUG (BaseJdbcLogger.java:143)- <====      Total: 1
2019-10-28 00:53:08,032 DEBUG (BaseJdbcLogger.java:143)- ====>  Preparing: select id, name, sex, birthday, phone, ID_number, email, parent_phone, adress, major, state from student_basic where id = ? 
2019-10-28 00:53:08,032 DEBUG (BaseJdbcLogger.java:143)- ====> Parameters: 28069(String)
2019-10-28 00:53:08,032 DEBUG (BaseJdbcLogger.java:143)- <====      Total: 1
2019-10-28 00:53:08,033 DEBUG (BaseJdbcLogger.java:143)- ====>  Preparing: select id, name, sex, birthday, phone, ID_number, email, parent_phone, adress, major, state from student_basic where id = ? 
2019-10-28 00:53:08,033 DEBUG (BaseJdbcLogger.java:143)- ====> Parameters: 28070(String)
2019-10-28 00:53:08,035 DEBUG (BaseJdbcLogger.java:143)- <====      Total: 1
2019-10-28 00:53:08,036 DEBUG (BaseJdbcLogger.java:143)- ====>  Preparing: select id, name, sex, birthday, phone, ID_number, email, parent_phone, adress, major, state from student_basic where id = ? 
2019-10-28 00:53:08,037 DEBUG (BaseJdbcLogger.java:143)- ====> Parameters: 28074(String)
2019-10-28 00:53:08,038 DEBUG (BaseJdbcLogger.java:143)- ==>  Preparing: select dormitory.id, dormitory.dong, dormitory.floor, dormitory.room, dormitory.sex, dormitory.number, dormitory.rent, dormitory.hasnumber from dormitory LEFT JOIN dormitory_allocation on dormitory_allocation.dormitory_id = dormitory.id LEFT JOIN class on dormitory_allocation.class_id=class.class_id LEFT JOIN major on class.major_id=major.major_id WHERE dong = ? and floor = ? group by dormitory.dong,dormitory.floor,dormitory.room 
2019-10-28 00:53:08,038 DEBUG (BaseJdbcLogger.java:143)- <====      Total: 1
2019-10-28 00:53:08,040 DEBUG (BaseJdbcLogger.java:143)- ====>  Preparing: select id, name, sex, birthday, phone, ID_number, email, parent_phone, adress, major, state from student_basic where id = ? 
2019-10-28 00:53:08,040 DEBUG (BaseJdbcLogger.java:143)- ====> Parameters: 28076(String)
2019-10-28 00:53:08,042 DEBUG (BaseJdbcLogger.java:143)- <====      Total: 1
2019-10-28 00:53:08,042 DEBUG (BaseJdbcLogger.java:143)- ====>  Preparing: select id, name, sex, birthday, phone, ID_number, email, parent_phone, adress, major, state from student_basic where id = ? 
2019-10-28 00:53:08,043 DEBUG (BaseJdbcLogger.java:143)- ====> Parameters: 28077(String)
2019-10-28 00:53:08,044 DEBUG (BaseJdbcLogger.java:143)- <====      Total: 1
2019-10-28 00:53:08,045 DEBUG (BaseJdbcLogger.java:143)- ====>  Preparing: select id, name, sex, birthday, phone, ID_number, email, parent_phone, adress, major, state from student_basic where id = ? 
2019-10-28 00:53:08,045 DEBUG (BaseJdbcLogger.java:143)- ====> Parameters: 28080(String)
2019-10-28 00:53:08,045 DEBUG (BaseJdbcLogger.java:143)- <====      Total: 1
2019-10-28 00:53:08,047 DEBUG (BaseJdbcLogger.java:143)- ====>  Preparing: select id, name, sex, birthday, phone, ID_number, email, parent_phone, adress, major, state from student_basic where id = ? 
2019-10-28 00:53:08,047 DEBUG (BaseJdbcLogger.java:143)- ====> Parameters: 28081(String)
2019-10-28 00:53:08,047 DEBUG (BaseJdbcLogger.java:143)- <====      Total: 1
2019-10-28 00:53:08,048 DEBUG (BaseJdbcLogger.java:143)- <==      Total: 21
2019-10-28 00:53:08,048 DEBUG (BaseJdbcLogger.java:143)- ==>  Preparing: select dormitory_allocation.id, dormitory_allocation.class_id, dormitory_allocation.dormitory_id,dormitory_allocation.number from dormitory_allocation,dormitory WHERE dormitory_allocation.dormitory_id=dormitory.id and dormitory.sex=? and class_id = ? 
2019-10-28 00:53:08,048 DEBUG (BaseJdbcLogger.java:143)- ==> Parameters: 女(String), 081001201902(String)
2019-10-28 00:53:08,049 DEBUG (BaseJdbcLogger.java:143)- ====>  Preparing: select id, dong, floor, room, sex, number, rent,hasnumber from dormitory where id = ? 
2019-10-28 00:53:08,050 DEBUG (BaseJdbcLogger.java:143)- ==> Parameters: 2A(String), 1(Integer)
2019-10-28 00:53:08,050 DEBUG (BaseJdbcLogger.java:143)- ====> Parameters: 455(Integer)
2019-10-28 00:53:08,051 DEBUG (BaseJdbcLogger.java:143)- <====      Total: 1
2019-10-28 00:53:08,051 DEBUG (BaseJdbcLogger.java:143)- ====>  Preparing: select id, dong, floor, room, sex, number, rent,hasnumber from dormitory where id = ? 
2019-10-28 00:53:08,053 DEBUG (BaseJdbcLogger.java:143)- ====> Parameters: 456(Integer)
2019-10-28 00:53:08,053 DEBUG (BaseJdbcLogger.java:143)- <====      Total: 1
2019-10-28 00:53:08,055 DEBUG (BaseJdbcLogger.java:143)- <==      Total: 50
2019-10-28 00:53:08,055 DEBUG (BaseJdbcLogger.java:143)- ====>  Preparing: select id, dong, floor, room, sex, number, rent,hasnumber from dormitory where id = ? 
2019-10-28 00:53:08,055 DEBUG (BaseJdbcLogger.java:143)- ====> Parameters: 457(Integer)
2019-10-28 00:53:08,056 DEBUG (BaseJdbcLogger.java:143)- <====      Total: 1
2019-10-28 00:53:08,057 DEBUG (BaseJdbcLogger.java:143)- ====>  Preparing: select id, dong, floor, room, sex, number, rent,hasnumber from dormitory where id = ? 
2019-10-28 00:53:08,058 DEBUG (BaseJdbcLogger.java:143)- ====> Parameters: 458(Integer)
2019-10-28 00:53:08,058 DEBUG (BaseJdbcLogger.java:143)- <====      Total: 1
2019-10-28 00:53:08,059 DEBUG (BaseJdbcLogger.java:143)- ====>  Preparing: select id, dong, floor, room, sex, number, rent,hasnumber from dormitory where id = ? 
2019-10-28 00:53:08,059 DEBUG (BaseJdbcLogger.java:143)- ====> Parameters: 454(Integer)
2019-10-28 00:53:08,060 DEBUG (BaseJdbcLogger.java:143)- <====      Total: 1
2019-10-28 00:53:08,060 DEBUG (BaseJdbcLogger.java:143)- <==      Total: 5
2019-10-28 00:53:08,061 DEBUG (BaseJdbcLogger.java:143)- ==>  Preparing: select student_status.id,student_status.basic_id, student_status.student_id, student_status.class_id from student_status,student_basic where student_status.basic_id=student_basic.id and student_basic.sex=? and student_status.class_id=? 
2019-10-28 00:53:08,061 DEBUG (BaseJdbcLogger.java:143)- ==> Parameters: 女(String), 080205201901(String)
2019-10-28 00:53:08,062 DEBUG (BaseJdbcLogger.java:143)- ====>  Preparing: select id, name, sex, birthday, phone, ID_number, email, parent_phone, adress, major, state from student_basic where id = ? 
2019-10-28 00:53:08,062 DEBUG (BaseJdbcLogger.java:143)- ====> Parameters: 28612(String)
2019-10-28 00:53:08,064 DEBUG (BaseJdbcLogger.java:143)- <====      Total: 1
2019-10-28 00:53:08,065 DEBUG (BaseJdbcLogger.java:143)- ====>  Preparing: select id, class_id, name, director, grade, major_id from class WHERE class_id = ? 
2019-10-28 00:53:08,065 DEBUG (BaseJdbcLogger.java:143)- ====> Parameters: 080205201901(String)
2019-10-28 00:53:08,066 DEBUG (BaseJdbcLogger.java:143)- ======>  Preparing: select id, major_id, name, price, department_id from major where major_id = ? 
2019-10-28 00:53:08,066 DEBUG (BaseJdbcLogger.java:143)- ======> Parameters: 080205(String)
2019-10-28 00:53:08,067 DEBUG (BaseJdbcLogger.java:143)- <======      Total: 1
2019-10-28 00:53:08,069 DEBUG (BaseJdbcLogger.java:143)- <====      Total: 1
2019-10-28 00:53:08,069 DEBUG (BaseJdbcLogger.java:143)- ====>  Preparing: select id, name, sex, birthday, phone, ID_number, email, parent_phone, adress, major, state from student_basic where id = ? 
2019-10-28 00:53:08,070 DEBUG (BaseJdbcLogger.java:143)- ====> Parameters: 28614(String)
2019-10-28 00:53:08,071 DEBUG (BaseJdbcLogger.java:143)- <====      Total: 1
2019-10-28 00:53:08,072 DEBUG (BaseJdbcLogger.java:143)- ====>  Preparing: select id, name, sex, birthday, phone, ID_number, email, parent_phone, adress, major, state from student_basic where id = ? 
2019-10-28 00:53:08,073 DEBUG (BaseJdbcLogger.java:143)- ====> Parameters: 28615(String)
2019-10-28 00:53:08,074 DEBUG (BaseJdbcLogger.java:143)- <====      Total: 1
2019-10-28 00:53:08,075 DEBUG (BaseJdbcLogger.java:143)- ====>  Preparing: select id, name, sex, birthday, phone, ID_number, email, parent_phone, adress, major, state from student_basic where id = ? 
2019-10-28 00:53:08,076 DEBUG (BaseJdbcLogger.java:143)- ====> Parameters: 28617(String)
2019-10-28 00:53:08,076 DEBUG (BaseJdbcLogger.java:143)- <====      Total: 1
2019-10-28 00:53:08,077 DEBUG (BaseJdbcLogger.java:143)- ====>  Preparing: select id, name, sex, birthday, phone, ID_number, email, parent_phone, adress, major, state from student_basic where id = ? 
2019-10-28 00:53:08,077 DEBUG (BaseJdbcLogger.java:143)- ====> Parameters: 28620(String)
2019-10-28 00:53:08,078 DEBUG (BaseJdbcLogger.java:143)- <====      Total: 1
2019-10-28 00:53:08,079 DEBUG (BaseJdbcLogger.java:143)- ====>  Preparing: select id, name, sex, birthday, phone, ID_number, email, parent_phone, adress, major, state from student_basic where id = ? 
2019-10-28 00:53:08,079 DEBUG (BaseJdbcLogger.java:143)- ====> Parameters: 28624(String)
2019-10-28 00:53:08,080 DEBUG (BaseJdbcLogger.java:143)- <====      Total: 1
2019-10-28 00:53:08,080 DEBUG (BaseJdbcLogger.java:143)- ====>  Preparing: select id, name, sex, birthday, phone, ID_number, email, parent_phone, adress, major, state from student_basic where id = ? 
2019-10-28 00:53:08,081 DEBUG (BaseJdbcLogger.java:143)- ====> Parameters: 28626(String)
2019-10-28 00:53:08,082 DEBUG (BaseJdbcLogger.java:143)- <====      Total: 1
2019-10-28 00:53:08,082 DEBUG (BaseJdbcLogger.java:143)- ====>  Preparing: select id, name, sex, birthday, phone, ID_number, email, parent_phone, adress, major, state from student_basic where id = ? 
2019-10-28 00:53:08,083 DEBUG (BaseJdbcLogger.java:143)- ====> Parameters: 28628(String)
2019-10-28 00:53:08,083 DEBUG (BaseJdbcLogger.java:143)- <====      Total: 1
2019-10-28 00:53:08,084 DEBUG (BaseJdbcLogger.java:143)- ====>  Preparing: select id, name, sex, birthday, phone, ID_number, email, parent_phone, adress, major, state from student_basic where id = ? 
2019-10-28 00:53:08,084 DEBUG (BaseJdbcLogger.java:143)- ====> Parameters: 28631(String)
2019-10-28 00:53:08,085 DEBUG (BaseJdbcLogger.java:143)- <====      Total: 1
2019-10-28 00:53:08,086 DEBUG (BaseJdbcLogger.java:143)- ====>  Preparing: select id, name, sex, birthday, phone, ID_number, email, parent_phone, adress, major, state from student_basic where id = ? 
2019-10-28 00:53:08,086 DEBUG (BaseJdbcLogger.java:143)- ====> Parameters: 28633(String)
2019-10-28 00:53:08,088 DEBUG (BaseJdbcLogger.java:143)- <====      Total: 1
2019-10-28 00:53:08,088 DEBUG (BaseJdbcLogger.java:143)- ====>  Preparing: select id, name, sex, birthday, phone, ID_number, email, parent_phone, adress, major, state from student_basic where id = ? 
2019-10-28 00:53:08,089 DEBUG (BaseJdbcLogger.java:143)- ====> Parameters: 28635(String)
2019-10-28 00:53:08,090 DEBUG (BaseJdbcLogger.java:143)- <====      Total: 1
2019-10-28 00:53:08,091 DEBUG (BaseJdbcLogger.java:143)- ====>  Preparing: select id, name, sex, birthday, phone, ID_number, email, parent_phone, adress, major, state from student_basic where id = ? 
2019-10-28 00:53:08,091 DEBUG (BaseJdbcLogger.java:143)- ====> Parameters: 28637(String)
2019-10-28 00:53:08,092 DEBUG (BaseJdbcLogger.java:143)- <====      Total: 1
2019-10-28 00:53:08,093 DEBUG (BaseJdbcLogger.java:143)- ====>  Preparing: select id, name, sex, birthday, phone, ID_number, email, parent_phone, adress, major, state from student_basic where id = ? 
2019-10-28 00:53:08,093 DEBUG (BaseJdbcLogger.java:143)- ====> Parameters: 28638(String)
2019-10-28 00:53:08,093 DEBUG (BaseJdbcLogger.java:143)- <====      Total: 1
2019-10-28 00:53:08,094 DEBUG (BaseJdbcLogger.java:143)- ====>  Preparing: select id, name, sex, birthday, phone, ID_number, email, parent_phone, adress, major, state from student_basic where id = ? 
2019-10-28 00:53:08,094 DEBUG (BaseJdbcLogger.java:143)- ====> Parameters: 28640(String)
2019-10-28 00:53:08,095 DEBUG (BaseJdbcLogger.java:143)- <====      Total: 1
2019-10-28 00:53:08,095 DEBUG (BaseJdbcLogger.java:143)- ====>  Preparing: select id, name, sex, birthday, phone, ID_number, email, parent_phone, adress, major, state from student_basic where id = ? 
2019-10-28 00:53:08,096 DEBUG (BaseJdbcLogger.java:143)- ====> Parameters: 28643(String)
2019-10-28 00:53:08,096 DEBUG (BaseJdbcLogger.java:143)- <====      Total: 1
2019-10-28 00:53:08,097 DEBUG (BaseJdbcLogger.java:143)- ====>  Preparing: select id, name, sex, birthday, phone, ID_number, email, parent_phone, adress, major, state from student_basic where id = ? 
2019-10-28 00:53:08,097 DEBUG (BaseJdbcLogger.java:143)- ====> Parameters: 28644(String)
2019-10-28 00:53:08,098 DEBUG (BaseJdbcLogger.java:143)- <====      Total: 1
2019-10-28 00:53:08,099 DEBUG (BaseJdbcLogger.java:143)- ====>  Preparing: select id, name, sex, birthday, phone, ID_number, email, parent_phone, adress, major, state from student_basic where id = ? 
