2019-09-02 12:38:38,424 DEBUG (BaseJdbcLogger.java:143)- ====> Parameters: 18708(String)
2019-09-02 12:38:38,426 DEBUG (BaseJdbcLogger.java:143)- <====      Total: 1
2019-09-02 12:38:38,427 DEBUG (BaseJdbcLogger.java:143)- ====>  Preparing: select id, name, sex, birthday, phone, ID_number, email, parent_phone, adress, major, state from student_basic where id = ? 
2019-09-02 12:38:38,427 DEBUG (BaseJdbcLogger.java:143)- ====> Parameters: 18709(String)
2019-09-02 12:38:38,427 DEBUG (BaseJdbcLogger.java:143)- <====      Total: 1
2019-09-02 12:38:38,428 DEBUG (BaseJdbcLogger.java:143)- ====>  Preparing: select id, name, sex, birthday, phone, ID_number, email, parent_phone, adress, major, state from student_basic where id = ? 
2019-09-02 12:38:38,429 DEBUG (BaseJdbcLogger.java:143)- ====> Parameters: 18710(String)
2019-09-02 12:38:38,430 DEBUG (BaseJdbcLogger.java:143)- <====      Total: 1
2019-09-02 12:38:38,430 DEBUG (BaseJdbcLogger.java:143)- ====>  Preparing: select id, name, sex, birthday, phone, ID_number, email, parent_phone, adress, major, state from student_basic where id = ? 
2019-09-02 12:38:38,430 DEBUG (BaseJdbcLogger.java:143)- ====> Parameters: 18711(String)
2019-09-02 12:38:38,431 DEBUG (BaseJdbcLogger.java:143)- <====      Total: 1
2019-09-02 12:38:38,431 DEBUG (BaseJdbcLogger.java:143)- ====>  Preparing: select id, name, sex, birthday, phone, ID_number, email, parent_phone, adress, major, state from student_basic where id = ? 
2019-09-02 12:38:38,431 DEBUG (BaseJdbcLogger.java:143)- ====> Parameters: 18712(String)
2019-09-02 12:38:38,432 DEBUG (BaseJdbcLogger.java:143)- <====      Total: 1
2019-09-02 12:38:38,433 DEBUG (BaseJdbcLogger.java:143)- ====>  Preparing: select id, name, sex, birthday, phone, ID_number, email, parent_phone, adress, major, state from student_basic where id = ? 
2019-09-02 12:38:38,433 DEBUG (BaseJdbcLogger.java:143)- ====> Parameters: 18713(String)
2019-09-02 12:38:38,433 DEBUG (BaseJdbcLogger.java:143)- <====      Total: 1
2019-09-02 12:38:38,434 DEBUG (BaseJdbcLogger.java:143)- ====>  Preparing: select id, name, sex, birthday, phone, ID_number, email, parent_phone, adress, major, state from student_basic where id = ? 
2019-09-02 12:38:38,435 DEBUG (BaseJdbcLogger.java:143)- ====> Parameters: 18717(String)
2019-09-02 12:38:38,436 DEBUG (BaseJdbcLogger.java:143)- <====      Total: 1
2019-09-02 12:38:38,436 DEBUG (BaseJdbcLogger.java:143)- ====>  Preparing: select id, name, sex, birthday, phone, ID_number, email, parent_phone, adress, major, state from student_basic where id = ? 
2019-09-02 12:38:38,436 DEBUG (BaseJdbcLogger.java:143)- ====> Parameters: 18723(String)
2019-09-02 12:38:38,437 DEBUG (BaseJdbcLogger.java:143)- <====      Total: 1
2019-09-02 12:38:38,438 DEBUG (BaseJdbcLogger.java:143)- ====>  Preparing: select id, name, sex, birthday, phone, ID_number, email, parent_phone, adress, major, state from student_basic where id = ? 
2019-09-02 12:38:38,438 DEBUG (BaseJdbcLogger.java:143)- ====> Parameters: 18724(String)
2019-09-02 12:38:38,439 DEBUG (BaseJdbcLogger.java:143)- <====      Total: 1
2019-09-02 12:38:38,440 DEBUG (BaseJdbcLogger.java:143)- ====>  Preparing: select id, name, sex, birthday, phone, ID_number, email, parent_phone, adress, major, state from student_basic where id = ? 
2019-09-02 12:38:38,441 DEBUG (BaseJdbcLogger.java:143)- ====> Parameters: 18727(String)
2019-09-02 12:38:38,442 DEBUG (BaseJdbcLogger.java:143)- <====      Total: 1
2019-09-02 12:38:38,442 DEBUG (BaseJdbcLogger.java:143)- ====>  Preparing: select id, name, sex, birthday, phone, ID_number, email, parent_phone, adress, major, state from student_basic where id = ? 
2019-09-02 12:38:38,442 DEBUG (BaseJdbcLogger.java:143)- ====> Parameters: 18730(String)
2019-09-02 12:38:38,443 DEBUG (BaseJdbcLogger.java:143)- <====      Total: 1
2019-09-02 12:38:38,444 DEBUG (BaseJdbcLogger.java:143)- ====>  Preparing: select id, name, sex, birthday, phone, ID_number, email, parent_phone, adress, major, state from student_basic where id = ? 
2019-09-02 12:38:38,444 DEBUG (BaseJdbcLogger.java:143)- ====> Parameters: 18733(String)
2019-09-02 12:38:38,444 DEBUG (BaseJdbcLogger.java:143)- <====      Total: 1
2019-09-02 12:38:38,445 DEBUG (BaseJdbcLogger.java:143)- ====>  Preparing: select id, name, sex, birthday, phone, ID_number, email, parent_phone, adress, major, state from student_basic where id = ? 
2019-09-02 12:38:38,445 DEBUG (BaseJdbcLogger.java:143)- ====> Parameters: 18734(String)
2019-09-02 12:38:38,445 DEBUG (BaseJdbcLogger.java:143)- <====      Total: 1
2019-09-02 12:38:38,446 DEBUG (BaseJdbcLogger.java:143)- ====>  Preparing: select id, name, sex, birthday, phone, ID_number, email, parent_phone, adress, major, state from student_basic where id = ? 
2019-09-02 12:38:38,446 DEBUG (BaseJdbcLogger.java:143)- ====> Parameters: 18736(String)
2019-09-02 12:38:38,446 DEBUG (BaseJdbcLogger.java:143)- <====      Total: 1
2019-09-02 12:38:38,447 DEBUG (BaseJdbcLogger.java:143)- ====>  Preparing: select id, name, sex, birthday, phone, ID_number, email, parent_phone, adress, major, state from student_basic where id = ? 
2019-09-02 12:38:38,447 DEBUG (BaseJdbcLogger.java:143)- ====> Parameters: 18737(String)
2019-09-02 12:38:38,448 DEBUG (BaseJdbcLogger.java:143)- <====      Total: 1
2019-09-02 12:38:38,448 DEBUG (BaseJdbcLogger.java:143)- ====>  Preparing: select id, name, sex, birthday, phone, ID_number, email, parent_phone, adress, major, state from student_basic where id = ? 
2019-09-02 12:38:38,448 DEBUG (BaseJdbcLogger.java:143)- ====> Parameters: 18739(String)
2019-09-02 12:38:38,449 DEBUG (BaseJdbcLogger.java:143)- <====      Total: 1
2019-09-02 12:38:38,449 DEBUG (BaseJdbcLogger.java:143)- ====>  Preparing: select id, name, sex, birthday, phone, ID_number, email, parent_phone, adress, major, state from student_basic where id = ? 
2019-09-02 12:38:38,450 DEBUG (BaseJdbcLogger.java:143)- ====> Parameters: 18741(String)
2019-09-02 12:38:38,450 DEBUG (BaseJdbcLogger.java:143)- <====      Total: 1
2019-09-02 12:38:38,450 DEBUG (BaseJdbcLogger.java:143)- ====>  Preparing: select id, name, sex, birthday, phone, ID_number, email, parent_phone, adress, major, state from student_basic where id = ? 
2019-09-02 12:38:38,451 DEBUG (BaseJdbcLogger.java:143)- ====> Parameters: 18744(String)
2019-09-02 12:38:38,452 DEBUG (BaseJdbcLogger.java:143)- <====      Total: 1
2019-09-02 12:38:38,452 DEBUG (BaseJdbcLogger.java:143)- ====>  Preparing: select id, name, sex, birthday, phone, ID_number, email, parent_phone, adress, major, state from student_basic where id = ? 
2019-09-02 12:38:38,453 DEBUG (BaseJdbcLogger.java:143)- ====> Parameters: 18745(String)
2019-09-02 12:38:38,453 DEBUG (BaseJdbcLogger.java:143)- <====      Total: 1
2019-09-02 12:38:38,454 DEBUG (BaseJdbcLogger.java:143)- ====>  Preparing: select id, name, sex, birthday, phone, ID_number, email, parent_phone, adress, major, state from student_basic where id = ? 
2019-09-02 12:38:38,454 DEBUG (BaseJdbcLogger.java:143)- ====> Parameters: 18750(String)
2019-09-02 12:38:38,454 DEBUG (BaseJdbcLogger.java:143)- <====      Total: 1
2019-09-02 12:38:38,455 DEBUG (BaseJdbcLogger.java:143)- <==      Total: 24
2019-09-02 12:38:38,455 DEBUG (BaseJdbcLogger.java:143)- ==>  Preparing: select student_status.id,student_status.basic_id, student_status.student_id, student_status.class_id from student_status,student_basic where student_status.basic_id=student_basic.id and student_basic.sex=? and student_status.class_id=? 
2019-09-02 12:38:38,456 DEBUG (BaseJdbcLogger.java:143)- ==> Parameters: 女(String), 130503201904(String)
2019-09-02 12:38:38,458 DEBUG (BaseJdbcLogger.java:143)- ====>  Preparing: select id, name, sex, birthday, phone, ID_number, email, parent_phone, adress, major, state from student_basic where id = ? 
2019-09-02 12:38:38,458 DEBUG (BaseJdbcLogger.java:143)- ====> Parameters: 18720(String)
2019-09-02 12:38:38,458 DEBUG (BaseJdbcLogger.java:143)- <====      Total: 1
2019-09-02 12:38:38,459 DEBUG (BaseJdbcLogger.java:143)- ====>  Preparing: select id, class_id, name, director, grade, major_id from class where class_id = ? 
2019-09-02 12:38:38,459 DEBUG (BaseJdbcLogger.java:143)- ====> Parameters: 130503201904(String)
2019-09-02 12:38:38,460 DEBUG (BaseJdbcLogger.java:143)- ======>  Preparing: select id, major_id, name, price, department_id from major where major_id = ? 
2019-09-02 12:38:38,460 DEBUG (BaseJdbcLogger.java:143)- ======> Parameters: 130503(String)
2019-09-02 12:38:38,460 DEBUG (BaseJdbcLogger.java:143)- <======      Total: 1
2019-09-02 12:38:38,461 DEBUG (BaseJdbcLogger.java:143)- <====      Total: 1
2019-09-02 12:38:38,461 DEBUG (BaseJdbcLogger.java:143)- ====>  Preparing: select id, name, sex, birthday, phone, ID_number, email, parent_phone, adress, major, state from student_basic where id = ? 
2019-09-02 12:38:38,461 DEBUG (BaseJdbcLogger.java:143)- ====> Parameters: 18721(String)
2019-09-02 12:38:38,462 DEBUG (BaseJdbcLogger.java:143)- <====      Total: 1
2019-09-02 12:38:38,462 DEBUG (BaseJdbcLogger.java:143)- ====>  Preparing: select id, name, sex, birthday, phone, ID_number, email, parent_phone, adress, major, state from student_basic where id = ? 
2019-09-02 12:38:38,462 DEBUG (BaseJdbcLogger.java:143)- ====> Parameters: 18722(String)
2019-09-02 12:38:38,463 DEBUG (BaseJdbcLogger.java:143)- <====      Total: 1
2019-09-02 12:38:38,463 DEBUG (BaseJdbcLogger.java:143)- ====>  Preparing: select id, name, sex, birthday, phone, ID_number, email, parent_phone, adress, major, state from student_basic where id = ? 
2019-09-02 12:38:38,463 DEBUG (BaseJdbcLogger.java:143)- ====> Parameters: 18725(String)
2019-09-02 12:38:38,464 DEBUG (BaseJdbcLogger.java:143)- <====      Total: 1
2019-09-02 12:38:38,465 DEBUG (BaseJdbcLogger.java:143)- ====>  Preparing: select id, name, sex, birthday, phone, ID_number, email, parent_phone, adress, major, state from student_basic where id = ? 
2019-09-02 12:38:38,465 DEBUG (BaseJdbcLogger.java:143)- ====> Parameters: 18726(String)
2019-09-02 12:38:38,465 DEBUG (BaseJdbcLogger.java:143)- <====      Total: 1
2019-09-02 12:38:38,466 DEBUG (BaseJdbcLogger.java:143)- ====>  Preparing: select id, name, sex, birthday, phone, ID_number, email, parent_phone, adress, major, state from student_basic where id = ? 
2019-09-02 12:38:38,466 DEBUG (BaseJdbcLogger.java:143)- ====> Parameters: 18728(String)
2019-09-02 12:38:38,466 DEBUG (BaseJdbcLogger.java:143)- <====      Total: 1
2019-09-02 12:38:38,467 DEBUG (BaseJdbcLogger.java:143)- ====>  Preparing: select id, name, sex, birthday, phone, ID_number, email, parent_phone, adress, major, state from student_basic where id = ? 
2019-09-02 12:38:38,467 DEBUG (BaseJdbcLogger.java:143)- ====> Parameters: 18729(String)
2019-09-02 12:38:38,469 DEBUG (BaseJdbcLogger.java:143)- <====      Total: 1
2019-09-02 12:38:38,469 DEBUG (BaseJdbcLogger.java:143)- ====>  Preparing: select id, name, sex, birthday, phone, ID_number, email, parent_phone, adress, major, state from student_basic where id = ? 
2019-09-02 12:38:38,470 DEBUG (BaseJdbcLogger.java:143)- ====> Parameters: 18731(String)
2019-09-02 12:38:38,470 DEBUG (BaseJdbcLogger.java:143)- <====      Total: 1
2019-09-02 12:38:38,471 DEBUG (BaseJdbcLogger.java:143)- ====>  Preparing: select id, name, sex, birthday, phone, ID_number, email, parent_phone, adress, major, state from student_basic where id = ? 
2019-09-02 12:38:38,471 DEBUG (BaseJdbcLogger.java:143)- ====> Parameters: 18732(String)
2019-09-02 12:38:38,471 DEBUG (BaseJdbcLogger.java:143)- <====      Total: 1
2019-09-02 12:38:38,472 DEBUG (BaseJdbcLogger.java:143)- ====>  Preparing: select id, name, sex, birthday, phone, ID_number, email, parent_phone, adress, major, state from student_basic where id = ? 
2019-09-02 12:38:38,472 DEBUG (BaseJdbcLogger.java:143)- ====> Parameters: 18735(String)
2019-09-02 12:38:38,473 DEBUG (BaseJdbcLogger.java:143)- <====      Total: 1
2019-09-02 12:38:38,473 DEBUG (BaseJdbcLogger.java:143)- ====>  Preparing: select id, name, sex, birthday, phone, ID_number, email, parent_phone, adress, major, state from student_basic where id = ? 
2019-09-02 12:38:38,473 DEBUG (BaseJdbcLogger.java:143)- ====> Parameters: 18738(String)
2019-09-02 12:38:38,474 DEBUG (BaseJdbcLogger.java:143)- <====      Total: 1
2019-09-02 12:38:38,474 DEBUG (BaseJdbcLogger.java:143)- ====>  Preparing: select id, name, sex, birthday, phone, ID_number, email, parent_phone, adress, major, state from student_basic where id = ? 
2019-09-02 12:38:38,474 DEBUG (BaseJdbcLogger.java:143)- ====> Parameters: 18740(String)
2019-09-02 12:38:38,475 DEBUG (BaseJdbcLogger.java:143)- <====      Total: 1
2019-09-02 12:38:38,475 DEBUG (BaseJdbcLogger.java:143)- ====>  Preparing: select id, name, sex, birthday, phone, ID_number, email, parent_phone, adress, major, state from student_basic where id = ? 
2019-09-02 12:38:38,476 DEBUG (BaseJdbcLogger.java:143)- ====> Parameters: 18742(String)
2019-09-02 12:38:38,476 DEBUG (BaseJdbcLogger.java:143)- <====      Total: 1
2019-09-02 12:38:38,476 DEBUG (BaseJdbcLogger.java:143)- ====>  Preparing: select id, name, sex, birthday, phone, ID_number, email, parent_phone, adress, major, state from student_basic where id = ? 
2019-09-02 12:38:38,477 DEBUG (BaseJdbcLogger.java:143)- ====> Parameters: 18743(String)
2019-09-02 12:38:38,477 DEBUG (BaseJdbcLogger.java:143)- <====      Total: 1
2019-09-02 12:38:38,477 DEBUG (BaseJdbcLogger.java:143)- ====>  Preparing: select id, name, sex, birthday, phone, ID_number, email, parent_phone, adress, major, state from student_basic where id = ? 
2019-09-02 12:38:38,478 DEBUG (BaseJdbcLogger.java:143)- ====> Parameters: 18746(String)
2019-09-02 12:38:38,478 DEBUG (BaseJdbcLogger.java:143)- <====      Total: 1
2019-09-02 12:38:38,478 DEBUG (BaseJdbcLogger.java:143)- ====>  Preparing: select id, name, sex, birthday, phone, ID_number, email, parent_phone, adress, major, state from student_basic where id = ? 
2019-09-02 12:38:38,479 DEBUG (BaseJdbcLogger.java:143)- ====> Parameters: 18747(String)
2019-09-02 12:38:38,479 DEBUG (BaseJdbcLogger.java:143)- <====      Total: 1
2019-09-02 12:38:38,480 DEBUG (BaseJdbcLogger.java:143)- ====>  Preparing: select id, name, sex, birthday, phone, ID_number, email, parent_phone, adress, major, state from student_basic where id = ? 
2019-09-02 12:38:38,480 DEBUG (BaseJdbcLogger.java:143)- ====> Parameters: 18748(String)
2019-09-02 12:38:38,481 DEBUG (BaseJdbcLogger.java:143)- <====      Total: 1
2019-09-02 12:38:38,481 DEBUG (BaseJdbcLogger.java:143)- ====>  Preparing: select id, name, sex, birthday, phone, ID_number, email, parent_phone, adress, major, state from student_basic where id = ? 
2019-09-02 12:38:38,481 DEBUG (BaseJdbcLogger.java:143)- ====> Parameters: 18749(String)
2019-09-02 12:38:38,482 DEBUG (BaseJdbcLogger.java:143)- <====      Total: 1
2019-09-02 12:38:38,483 DEBUG (BaseJdbcLogger.java:143)- ====>  Preparing: select id, name, sex, birthday, phone, ID_number, email, parent_phone, adress, major, state from student_basic where id = ? 
2019-09-02 12:38:38,483 DEBUG (BaseJdbcLogger.java:143)- ====> Parameters: 18751(String)
2019-09-02 12:38:38,484 DEBUG (BaseJdbcLogger.java:143)- <====      Total: 1
2019-09-02 12:38:38,484 DEBUG (BaseJdbcLogger.java:143)- <==      Total: 19
2019-09-02 12:38:38,485 DEBUG (BaseJdbcLogger.java:143)- ==>  Preparing: select dormitory_allocation.id, dormitory_allocation.class_id, dormitory_allocation.dormitory_id,dormitory_allocation.number from dormitory_allocation,dormitory WHERE dormitory_allocation.dormitory_id=dormitory.id and dormitory.sex=? and class_id = ? 
2019-09-02 12:38:38,485 DEBUG (BaseJdbcLogger.java:143)- ==> Parameters: 男(String), 130503201904(String)
2019-09-02 12:38:38,486 DEBUG (BaseJdbcLogger.java:143)- ====>  Preparing: select id, dong, floor, room, sex, number, rent from dormitory where id = ? 
2019-09-02 12:38:38,486 DEBUG (BaseJdbcLogger.java:143)- ====> Parameters: 48(Integer)
2019-09-02 12:38:38,487 DEBUG (BaseJdbcLogger.java:143)- <====      Total: 1
2019-09-02 12:38:38,487 DEBUG (BaseJdbcLogger.java:143)- ====>  Preparing: select id, dong, floor, room, sex, number, rent from dormitory where id = ? 
2019-09-02 12:38:38,488 DEBUG (BaseJdbcLogger.java:143)- ====> Parameters: 49(Integer)
2019-09-02 12:38:38,489 DEBUG (BaseJdbcLogger.java:143)- <====      Total: 1
2019-09-02 12:38:38,490 DEBUG (BaseJdbcLogger.java:143)- ====>  Preparing: select id, dong, floor, room, sex, number, rent from dormitory where id = ? 
2019-09-02 12:38:38,490 DEBUG (BaseJdbcLogger.java:143)- ====> Parameters: 50(Integer)
2019-09-02 12:38:38,491 DEBUG (BaseJdbcLogger.java:143)- <====      Total: 1
2019-09-02 12:38:38,492 DEBUG (BaseJdbcLogger.java:143)- ====>  Preparing: select id, dong, floor, room, sex, number, rent from dormitory where id = ? 
2019-09-02 12:38:38,492 DEBUG (BaseJdbcLogger.java:143)- ====> Parameters: 51(Integer)
2019-09-02 12:38:38,493 DEBUG (BaseJdbcLogger.java:143)- <====      Total: 1
2019-09-02 12:38:38,493 DEBUG (BaseJdbcLogger.java:143)- ====>  Preparing: select id, dong, floor, room, sex, number, rent from dormitory where id = ? 
2019-09-02 12:38:38,493 DEBUG (BaseJdbcLogger.java:143)- ====> Parameters: 32(Integer)
2019-09-02 12:38:38,494 DEBUG (BaseJdbcLogger.java:143)- <====      Total: 1
2019-09-02 12:38:38,494 DEBUG (BaseJdbcLogger.java:143)- ====>  Preparing: select id, dong, floor, room, sex, number, rent from dormitory where id = ? 
2019-09-02 12:38:38,495 DEBUG (BaseJdbcLogger.java:143)- ====> Parameters: 37(Integer)
2019-09-02 12:38:38,495 DEBUG (BaseJdbcLogger.java:143)- <====      Total: 1
2019-09-02 12:38:38,495 DEBUG (BaseJdbcLogger.java:143)- ====>  Preparing: select id, dong, floor, room, sex, number, rent from dormitory where id = ? 
2019-09-02 12:38:38,496 DEBUG (BaseJdbcLogger.java:143)- ====> Parameters: 42(Integer)
2019-09-02 12:38:38,497 DEBUG (BaseJdbcLogger.java:143)- <====      Total: 1
2019-09-02 12:38:38,497 DEBUG (BaseJdbcLogger.java:143)- ====>  Preparing: select id, dong, floor, room, sex, number, rent from dormitory where id = ? 
2019-09-02 12:38:38,497 DEBUG (BaseJdbcLogger.java:143)- ====> Parameters: 47(Integer)
2019-09-02 12:38:38,498 DEBUG (BaseJdbcLogger.java:143)- <====      Total: 1
2019-09-02 12:38:38,498 DEBUG (BaseJdbcLogger.java:143)- <==      Total: 8
2019-09-02 12:38:38,498 DEBUG (BaseJdbcLogger.java:143)- ==>  Preparing: select dormitory_allocation.id, dormitory_allocation.class_id, dormitory_allocation.dormitory_id,dormitory_allocation.number from dormitory_allocation,dormitory WHERE dormitory_allocation.dormitory_id=dormitory.id and dormitory.sex=? and class_id = ? 
2019-09-02 12:38:38,498 DEBUG (BaseJdbcLogger.java:143)- ==> Parameters: 女(String), 130503201904(String)
2019-09-02 12:38:38,499 DEBUG (BaseJdbcLogger.java:143)- ====>  Preparing: select id, dong, floor, room, sex, number, rent from dormitory where id = ? 
2019-09-02 12:38:38,499 DEBUG (BaseJdbcLogger.java:143)- ====> Parameters: 496(Integer)
2019-09-02 12:38:38,500 DEBUG (BaseJdbcLogger.java:143)- <====      Total: 1
2019-09-02 12:38:38,500 DEBUG (BaseJdbcLogger.java:143)- ====>  Preparing: select id, dong, floor, room, sex, number, rent from dormitory where id = ? 
2019-09-02 12:38:38,500 DEBUG (BaseJdbcLogger.java:143)- ====> Parameters: 497(Integer)
2019-09-02 12:38:38,501 DEBUG (BaseJdbcLogger.java:143)- <====      Total: 1
2019-09-02 12:38:38,501 DEBUG (BaseJdbcLogger.java:143)- ====>  Preparing: select id, dong, floor, room, sex, number, rent from dormitory where id = ? 
2019-09-02 12:38:38,502 DEBUG (BaseJdbcLogger.java:143)- ====> Parameters: 498(Integer)
2019-09-02 12:38:38,503 DEBUG (BaseJdbcLogger.java:143)- <====      Total: 1
2019-09-02 12:38:38,503 DEBUG (BaseJdbcLogger.java:143)- ====>  Preparing: select id, dong, floor, room, sex, number, rent from dormitory where id = ? 
2019-09-02 12:38:38,503 DEBUG (BaseJdbcLogger.java:143)- ====> Parameters: 499(Integer)
2019-09-02 12:38:38,504 DEBUG (BaseJdbcLogger.java:143)- <====      Total: 1
2019-09-02 12:38:38,505 DEBUG (BaseJdbcLogger.java:143)- <==      Total: 4
2019-09-02 12:38:38,505 DEBUG (BaseJdbcLogger.java:143)- ==>  Preparing: select student_status.id,student_status.basic_id, student_status.student_id, student_status.class_id from student_status,student_basic where student_status.basic_id=student_basic.id and student_basic.sex=? and student_status.class_id=? 
2019-09-02 12:38:38,505 DEBUG (BaseJdbcLogger.java:143)- ==> Parameters: 男(String), 080702201901(String)
2019-09-02 12:38:38,506 DEBUG (BaseJdbcLogger.java:143)- ====>  Preparing: select id, name, sex, birthday, phone, ID_number, email, parent_phone, adress, major, state from student_basic where id = ? 
2019-09-02 12:38:38,507 DEBUG (BaseJdbcLogger.java:143)- ====> Parameters: 18363(String)
2019-09-02 12:38:38,507 DEBUG (BaseJdbcLogger.java:143)- <====      Total: 1
2019-09-02 12:38:38,507 DEBUG (BaseJdbcLogger.java:143)- ====>  Preparing: select id, class_id, name, director, grade, major_id from class where class_id = ? 
2019-09-02 12:38:38,508 DEBUG (BaseJdbcLogger.java:143)- ====> Parameters: 080702201901(String)
2019-09-02 12:38:38,508 DEBUG (BaseJdbcLogger.java:143)- ======>  Preparing: select id, major_id, name, price, department_id from major where major_id = ? 
2019-09-02 12:38:38,509 DEBUG (BaseJdbcLogger.java:143)- ======> Parameters: 080702(String)
2019-09-02 12:38:38,509 DEBUG (BaseJdbcLogger.java:143)- <======      Total: 1
2019-09-02 12:38:38,509 DEBUG (BaseJdbcLogger.java:143)- <====      Total: 1
2019-09-02 12:38:38,510 DEBUG (BaseJdbcLogger.java:143)- ====>  Preparing: select id, name, sex, birthday, phone, ID_number, email, parent_phone, adress, major, state from student_basic where id = ? 
2019-09-02 12:38:38,510 DEBUG (BaseJdbcLogger.java:143)- ====> Parameters: 18366(String)
2019-09-02 12:38:38,510 DEBUG (BaseJdbcLogger.java:143)- <====      Total: 1
2019-09-02 12:38:38,511 DEBUG (BaseJdbcLogger.java:143)- ====>  Preparing: select id, name, sex, birthday, phone, ID_number, email, parent_phone, adress, major, state from student_basic where id = ? 
2019-09-02 12:38:38,511 DEBUG (BaseJdbcLogger.java:143)- ====> Parameters: 18367(String)
2019-09-02 12:38:38,511 DEBUG (BaseJdbcLogger.java:143)- <====      Total: 1
2019-09-02 12:38:38,512 DEBUG (BaseJdbcLogger.java:143)- ====>  Preparing: select id, name, sex, birthday, phone, ID_number, email, parent_phone, adress, major, state from student_basic where id = ? 
2019-09-02 12:38:38,512 DEBUG (BaseJdbcLogger.java:143)- ====> Parameters: 18368(String)
2019-09-02 12:38:38,513 DEBUG (BaseJdbcLogger.java:143)- <====      Total: 1
2019-09-02 12:38:38,513 DEBUG (BaseJdbcLogger.java:143)- ====>  Preparing: select id, name, sex, birthday, phone, ID_number, email, parent_phone, adress, major, state from student_basic where id = ? 
2019-09-02 12:38:38,513 DEBUG (BaseJdbcLogger.java:143)- ====> Parameters: 18370(String)
2019-09-02 12:38:38,514 DEBUG (BaseJdbcLogger.java:143)- <====      Total: 1
2019-09-02 12:38:38,514 DEBUG (BaseJdbcLogger.java:143)- ====>  Preparing: select id, name, sex, birthday, phone, ID_number, email, parent_phone, adress, major, state from student_basic where id = ? 
2019-09-02 12:38:38,514 DEBUG (BaseJdbcLogger.java:143)- ====> Parameters: 18371(String)
2019-09-02 12:38:38,515 DEBUG (BaseJdbcLogger.java:143)- <====      Total: 1
2019-09-02 12:38:38,515 DEBUG (BaseJdbcLogger.java:143)- ====>  Preparing: select id, name, sex, birthday, phone, ID_number, email, parent_phone, adress, major, state from student_basic where id = ? 
2019-09-02 12:38:38,515 DEBUG (BaseJdbcLogger.java:143)- ====> Parameters: 18372(String)
2019-09-02 12:38:38,516 DEBUG (BaseJdbcLogger.java:143)- <====      Total: 1
2019-09-02 12:38:38,516 DEBUG (BaseJdbcLogger.java:143)- ====>  Preparing: select id, name, sex, birthday, phone, ID_number, email, parent_phone, adress, major, state from student_basic where id = ? 
2019-09-02 12:38:38,516 DEBUG (BaseJdbcLogger.java:143)- ====> Parameters: 18374(String)
2019-09-02 12:38:38,517 DEBUG (BaseJdbcLogger.java:143)- <====      Total: 1
2019-09-02 12:38:38,518 DEBUG (BaseJdbcLogger.java:143)- ====>  Preparing: select id, name, sex, birthday, phone, ID_number, email, parent_phone, adress, major, state from student_basic where id = ? 
2019-09-02 12:38:38,519 DEBUG (BaseJdbcLogger.java:143)- ====> Parameters: 18375(String)
2019-09-02 12:38:38,520 DEBUG (BaseJdbcLogger.java:143)- <====      Total: 1
2019-09-02 12:38:38,520 DEBUG (BaseJdbcLogger.java:143)- ====>  Preparing: select id, name, sex, birthday, phone, ID_number, email, parent_phone, adress, major, state from student_basic where id = ? 
2019-09-02 12:38:38,520 DEBUG (BaseJdbcLogger.java:143)- ====> Parameters: 18376(String)
2019-09-02 12:38:38,521 DEBUG (BaseJdbcLogger.java:143)- <====      Total: 1
2019-09-02 12:38:38,521 DEBUG (BaseJdbcLogger.java:143)- ====>  Preparing: select id, name, sex, birthday, phone, ID_number, email, parent_phone, adress, major, state from student_basic where id = ? 
2019-09-02 12:38:38,522 DEBUG (BaseJdbcLogger.java:143)- ====> Parameters: 18377(String)
2019-09-02 12:38:38,522 DEBUG (BaseJdbcLogger.java:143)- <====      Total: 1
2019-09-02 12:38:38,522 DEBUG (BaseJdbcLogger.java:143)- ====>  Preparing: select id, name, sex, birthday, phone, ID_number, email, parent_phone, adress, major, state from student_basic where id = ? 
2019-09-02 12:38:38,523 DEBUG (BaseJdbcLogger.java:143)- ====> Parameters: 18378(String)
2019-09-02 12:38:38,523 DEBUG (BaseJdbcLogger.java:143)- <====      Total: 1
2019-09-02 12:38:38,523 DEBUG (BaseJdbcLogger.java:143)- ====>  Preparing: select id, name, sex, birthday, phone, ID_number, email, parent_phone, adress, major, state from student_basic where id = ? 
2019-09-02 12:38:38,524 DEBUG (BaseJdbcLogger.java:143)- ====> Parameters: 18380(String)
2019-09-02 12:38:38,524 DEBUG (BaseJdbcLogger.java:143)- <====      Total: 1
2019-09-02 12:38:38,524 DEBUG (BaseJdbcLogger.java:143)- ====>  Preparing: select id, name, sex, birthday, phone, ID_number, email, parent_phone, adress, major, state from student_basic where id = ? 
2019-09-02 12:38:38,525 DEBUG (BaseJdbcLogger.java:143)- ====> Parameters: 18386(String)
2019-09-02 12:38:38,525 DEBUG (BaseJdbcLogger.java:143)- <====      Total: 1
2019-09-02 12:38:38,526 DEBUG (BaseJdbcLogger.java:143)- ====>  Preparing: select id, name, sex, birthday, phone, ID_number, email, parent_phone, adress, major, state from student_basic where id = ? 
2019-09-02 12:38:38,526 DEBUG (BaseJdbcLogger.java:143)- ====> Parameters: 18389(String)
2019-09-02 12:38:38,526 DEBUG (BaseJdbcLogger.java:143)- <====      Total: 1
2019-09-02 12:38:38,527 DEBUG (BaseJdbcLogger.java:143)- ====>  Preparing: select id, name, sex, birthday, phone, ID_number, email, parent_phone, adress, major, state from student_basic where id = ? 
2019-09-02 12:38:38,527 DEBUG (BaseJdbcLogger.java:143)- ====> Parameters: 18390(String)
2019-09-02 12:38:38,527 DEBUG (BaseJdbcLogger.java:143)- <====      Total: 1
2019-09-02 12:38:38,528 DEBUG (BaseJdbcLogger.java:143)- ====>  Preparing: select id, name, sex, birthday, phone, ID_number, email, parent_phone, adress, major, state from student_basic where id = ? 
2019-09-02 12:38:38,528 DEBUG (BaseJdbcLogger.java:143)- ====> Parameters: 18391(String)
2019-09-02 12:38:38,529 DEBUG (BaseJdbcLogger.java:143)- <====      Total: 1
2019-09-02 12:38:38,530 DEBUG (BaseJdbcLogger.java:143)- ====>  Preparing: select id, name, sex, birthday, phone, ID_number, email, parent_phone, adress, major, state from student_basic where id = ? 
2019-09-02 12:38:38,530 DEBUG (BaseJdbcLogger.java:143)- ====> Parameters: 18392(String)
2019-09-02 12:38:38,531 DEBUG (BaseJdbcLogger.java:143)- <====      Total: 1
2019-09-02 12:38:38,531 DEBUG (BaseJdbcLogger.java:143)- ====>  Preparing: select id, name, sex, birthday, phone, ID_number, email, parent_phone, adress, major, state from student_basic where id = ? 
2019-09-02 12:38:38,532 DEBUG (BaseJdbcLogger.java:143)- ====> Parameters: 18393(String)
2019-09-02 12:38:38,532 DEBUG (BaseJdbcLogger.java:143)- <====      Total: 1
2019-09-02 12:38:38,532 DEBUG (BaseJdbcLogger.java:143)- ====>  Preparing: select id, name, sex, birthday, phone, ID_number, email, parent_phone, adress, major, state from student_basic where id = ? 
2019-09-02 12:38:38,533 DEBUG (BaseJdbcLogger.java:143)- ====> Parameters: 18394(String)
2019-09-02 12:38:38,533 DEBUG (BaseJdbcLogger.java:143)- <====      Total: 1
2019-09-02 12:38:38,534 DEBUG (BaseJdbcLogger.java:143)- ====>  Preparing: select id, name, sex, birthday, phone, ID_number, email, parent_phone, adress, major, state from student_basic where id = ? 
2019-09-02 12:38:38,534 DEBUG (BaseJdbcLogger.java:143)- ====> Parameters: 18395(String)
2019-09-02 12:38:38,534 DEBUG (BaseJdbcLogger.java:143)- <====      Total: 1
2019-09-02 12:38:38,535 DEBUG (BaseJdbcLogger.java:143)- ====>  Preparing: select id, name, sex, birthday, phone, ID_number, email, parent_phone, adress, major, state from student_basic where id = ? 
2019-09-02 12:38:38,535 DEBUG (BaseJdbcLogger.java:143)- ====> Parameters: 18396(String)
2019-09-02 12:38:38,536 DEBUG (BaseJdbcLogger.java:143)- <====      Total: 1
2019-09-02 12:38:38,537 DEBUG (BaseJdbcLogger.java:143)- ====>  Preparing: select id, name, sex, birthday, phone, ID_number, email, parent_phone, adress, major, state from student_basic where id = ? 
2019-09-02 12:38:38,537 DEBUG (BaseJdbcLogger.java:143)- ====> Parameters: 18397(String)
2019-09-02 12:38:38,538 DEBUG (BaseJdbcLogger.java:143)- <====      Total: 1
2019-09-02 12:38:38,538 DEBUG (BaseJdbcLogger.java:143)- ====>  Preparing: select id, name, sex, birthday, phone, ID_number, email, parent_phone, adress, major, state from student_basic where id = ? 
2019-09-02 12:38:38,538 DEBUG (BaseJdbcLogger.java:143)- ====> Parameters: 18398(String)
2019-09-02 12:38:38,539 DEBUG (BaseJdbcLogger.java:143)- <====      Total: 1
2019-09-02 12:38:38,539 DEBUG (BaseJdbcLogger.java:143)- ====>  Preparing: select id, name, sex, birthday, phone, ID_number, email, parent_phone, adress, major, state from student_basic where id = ? 
2019-09-02 12:38:38,539 DEBUG (BaseJdbcLogger.java:143)- ====> Parameters: 18399(String)
2019-09-02 12:38:38,540 DEBUG (BaseJdbcLogger.java:143)- <====      Total: 1
2019-09-02 12:38:38,540 DEBUG (BaseJdbcLogger.java:143)- <==      Total: 25
2019-09-02 12:38:38,540 DEBUG (BaseJdbcLogger.java:143)- ==>  Preparing: select student_status.id,student_status.basic_id, student_status.student_id, student_status.class_id from student_status,student_basic where student_status.basic_id=student_basic.id and student_basic.sex=? and student_status.class_id=? 
2019-09-02 12:38:38,540 DEBUG (BaseJdbcLogger.java:143)- ==> Parameters: 女(String), 080702201901(String)
2019-09-02 12:38:38,542 DEBUG (BaseJdbcLogger.java:143)- ====>  Preparing: select id, name, sex, birthday, phone, ID_number, email, parent_phone, adress, major, state from student_basic where id = ? 
2019-09-02 12:38:38,542 DEBUG (BaseJdbcLogger.java:143)- ====> Parameters: 18362(String)
