2019-09-23 05:14:59,877 DEBUG (BaseJdbcLogger.java:143)- ====> Parameters: 25317(String)
2019-09-23 05:14:59,879 DEBUG (BaseJdbcLogger.java:143)- <====      Total: 1
2019-09-23 05:14:59,881 DEBUG (BaseJdbcLogger.java:143)- ====>  Preparing: select id, name, sex, birthday, phone, ID_number, email, parent_phone, adress, major, state from student_basic where id = ? 
2019-09-23 05:14:59,881 DEBUG (BaseJdbcLogger.java:143)- ====> Parameters: 25319(String)
2019-09-23 05:14:59,881 DEBUG (BaseJdbcLogger.java:143)- <====      Total: 1
2019-09-23 05:14:59,881 DEBUG (BaseJdbcLogger.java:143)- ====>  Preparing: select id, name, sex, birthday, phone, ID_number, email, parent_phone, adress, major, state from student_basic where id = ? 
2019-09-23 05:14:59,882 DEBUG (BaseJdbcLogger.java:143)- ====> Parameters: 25320(String)
2019-09-23 05:14:59,882 DEBUG (BaseJdbcLogger.java:143)- <====      Total: 1
2019-09-23 05:14:59,883 DEBUG (BaseJdbcLogger.java:143)- ====>  Preparing: select id, name, sex, birthday, phone, ID_number, email, parent_phone, adress, major, state from student_basic where id = ? 
2019-09-23 05:14:59,883 DEBUG (BaseJdbcLogger.java:143)- ====> Parameters: 25321(String)
2019-09-23 05:14:59,883 DEBUG (BaseJdbcLogger.java:143)- <====      Total: 1
2019-09-23 05:14:59,884 DEBUG (BaseJdbcLogger.java:143)- ====>  Preparing: select id, name, sex, birthday, phone, ID_number, email, parent_phone, adress, major, state from student_basic where id = ? 
2019-09-23 05:14:59,884 DEBUG (BaseJdbcLogger.java:143)- ====> Parameters: 25322(String)
2019-09-23 05:14:59,884 DEBUG (BaseJdbcLogger.java:143)- <====      Total: 1
2019-09-23 05:14:59,885 DEBUG (BaseJdbcLogger.java:143)- ====>  Preparing: select id, name, sex, birthday, phone, ID_number, email, parent_phone, adress, major, state from student_basic where id = ? 
2019-09-23 05:14:59,886 DEBUG (BaseJdbcLogger.java:143)- ====> Parameters: 25323(String)
2019-09-23 05:14:59,888 DEBUG (BaseJdbcLogger.java:143)- <====      Total: 1
2019-09-23 05:14:59,888 DEBUG (BaseJdbcLogger.java:143)- ====>  Preparing: select id, name, sex, birthday, phone, ID_number, email, parent_phone, adress, major, state from student_basic where id = ? 
2019-09-23 05:14:59,889 DEBUG (BaseJdbcLogger.java:143)- ====> Parameters: 25324(String)
2019-09-23 05:14:59,890 DEBUG (BaseJdbcLogger.java:143)- <====      Total: 1
2019-09-23 05:14:59,891 DEBUG (BaseJdbcLogger.java:143)- ====>  Preparing: select id, name, sex, birthday, phone, ID_number, email, parent_phone, adress, major, state from student_basic where id = ? 
2019-09-23 05:14:59,891 DEBUG (BaseJdbcLogger.java:143)- ====> Parameters: 25325(String)
2019-09-23 05:14:59,892 DEBUG (BaseJdbcLogger.java:143)- <====      Total: 1
2019-09-23 05:14:59,893 DEBUG (BaseJdbcLogger.java:143)- ====>  Preparing: select id, name, sex, birthday, phone, ID_number, email, parent_phone, adress, major, state from student_basic where id = ? 
2019-09-23 05:14:59,893 DEBUG (BaseJdbcLogger.java:143)- ====> Parameters: 25328(String)
2019-09-23 05:14:59,894 DEBUG (BaseJdbcLogger.java:143)- <====      Total: 1
2019-09-23 05:14:59,894 DEBUG (BaseJdbcLogger.java:143)- ====>  Preparing: select id, name, sex, birthday, phone, ID_number, email, parent_phone, adress, major, state from student_basic where id = ? 
2019-09-23 05:14:59,895 DEBUG (BaseJdbcLogger.java:143)- ====> Parameters: 25329(String)
2019-09-23 05:14:59,895 DEBUG (BaseJdbcLogger.java:143)- <====      Total: 1
2019-09-23 05:14:59,896 DEBUG (BaseJdbcLogger.java:143)- ====>  Preparing: select id, name, sex, birthday, phone, ID_number, email, parent_phone, adress, major, state from student_basic where id = ? 
2019-09-23 05:14:59,896 DEBUG (BaseJdbcLogger.java:143)- ====> Parameters: 25330(String)
2019-09-23 05:14:59,897 DEBUG (BaseJdbcLogger.java:143)- <====      Total: 1
2019-09-23 05:14:59,897 DEBUG (BaseJdbcLogger.java:143)- ====>  Preparing: select id, name, sex, birthday, phone, ID_number, email, parent_phone, adress, major, state from student_basic where id = ? 
2019-09-23 05:14:59,897 DEBUG (BaseJdbcLogger.java:143)- ====> Parameters: 25333(String)
2019-09-23 05:14:59,898 DEBUG (BaseJdbcLogger.java:143)- <====      Total: 1
2019-09-23 05:14:59,898 DEBUG (BaseJdbcLogger.java:143)- ====>  Preparing: select id, name, sex, birthday, phone, ID_number, email, parent_phone, adress, major, state from student_basic where id = ? 
2019-09-23 05:14:59,899 DEBUG (BaseJdbcLogger.java:143)- ====> Parameters: 25335(String)
2019-09-23 05:14:59,899 DEBUG (BaseJdbcLogger.java:143)- <====      Total: 1
2019-09-23 05:14:59,899 DEBUG (BaseJdbcLogger.java:143)- <==      Total: 24
2019-09-23 05:14:59,900 DEBUG (BaseJdbcLogger.java:143)- ==>  Preparing: select dormitory_allocation.id, dormitory_allocation.class_id, dormitory_allocation.dormitory_id,dormitory_allocation.number from dormitory_allocation,dormitory WHERE dormitory_allocation.dormitory_id=dormitory.id and dormitory.sex=? and class_id = ? 
2019-09-23 05:14:59,900 DEBUG (BaseJdbcLogger.java:143)- ==> Parameters: 男(String), 080702201903(String)
2019-09-23 05:14:59,900 DEBUG (BaseJdbcLogger.java:143)- <==      Total: 0
2019-09-23 05:14:59,901 DEBUG (BaseJdbcLogger.java:143)- ==>  Preparing: select student_status.id,student_status.basic_id, student_status.student_id, student_status.class_id from student_status,student_basic where student_status.basic_id=student_basic.id and student_basic.sex=? and student_status.class_id=? 
2019-09-23 05:14:59,901 DEBUG (BaseJdbcLogger.java:143)- ==> Parameters: 男(String), 080901201901(String)
2019-09-23 05:14:59,902 DEBUG (BaseJdbcLogger.java:143)- ====>  Preparing: select id, name, sex, birthday, phone, ID_number, email, parent_phone, adress, major, state from student_basic where id = ? 
2019-09-23 05:14:59,903 DEBUG (BaseJdbcLogger.java:143)- ====> Parameters: 24858(String)
2019-09-23 05:14:59,903 DEBUG (BaseJdbcLogger.java:143)- <====      Total: 1
2019-09-23 05:14:59,905 DEBUG (BaseJdbcLogger.java:143)- ====>  Preparing: select id, class_id, name, director, grade, major_id from class WHERE class_id = ? 
2019-09-23 05:14:59,905 DEBUG (BaseJdbcLogger.java:143)- ====> Parameters: 080901201901(String)
2019-09-23 05:14:59,906 DEBUG (BaseJdbcLogger.java:143)- ======>  Preparing: select id, major_id, name, price, department_id from major where major_id = ? 
2019-09-23 05:14:59,906 DEBUG (BaseJdbcLogger.java:143)- ======> Parameters: 080901(String)
2019-09-23 05:14:59,906 DEBUG (BaseJdbcLogger.java:143)- <======      Total: 1
2019-09-23 05:14:59,908 DEBUG (BaseJdbcLogger.java:143)- <====      Total: 1
2019-09-23 05:14:59,908 DEBUG (BaseJdbcLogger.java:143)- ====>  Preparing: select id, name, sex, birthday, phone, ID_number, email, parent_phone, adress, major, state from student_basic where id = ? 
2019-09-23 05:14:59,908 DEBUG (BaseJdbcLogger.java:143)- ====> Parameters: 24859(String)
2019-09-23 05:14:59,909 DEBUG (BaseJdbcLogger.java:143)- <====      Total: 1
2019-09-23 05:14:59,909 DEBUG (BaseJdbcLogger.java:143)- ====>  Preparing: select id, name, sex, birthday, phone, ID_number, email, parent_phone, adress, major, state from student_basic where id = ? 
2019-09-23 05:14:59,909 DEBUG (BaseJdbcLogger.java:143)- ====> Parameters: 24862(String)
2019-09-23 05:14:59,910 DEBUG (BaseJdbcLogger.java:143)- <====      Total: 1
2019-09-23 05:14:59,911 DEBUG (BaseJdbcLogger.java:143)- ====>  Preparing: select id, name, sex, birthday, phone, ID_number, email, parent_phone, adress, major, state from student_basic where id = ? 
2019-09-23 05:14:59,912 DEBUG (BaseJdbcLogger.java:143)- ====> Parameters: 24863(String)
2019-09-23 05:14:59,912 DEBUG (BaseJdbcLogger.java:143)- <====      Total: 1
2019-09-23 05:14:59,912 DEBUG (BaseJdbcLogger.java:143)- ====>  Preparing: select id, name, sex, birthday, phone, ID_number, email, parent_phone, adress, major, state from student_basic where id = ? 
2019-09-23 05:14:59,912 DEBUG (BaseJdbcLogger.java:143)- ====> Parameters: 24865(String)
2019-09-23 05:14:59,913 DEBUG (BaseJdbcLogger.java:143)- <====      Total: 1
2019-09-23 05:14:59,914 DEBUG (BaseJdbcLogger.java:143)- ====>  Preparing: select id, name, sex, birthday, phone, ID_number, email, parent_phone, adress, major, state from student_basic where id = ? 
2019-09-23 05:14:59,914 DEBUG (BaseJdbcLogger.java:143)- ====> Parameters: 24868(String)
2019-09-23 05:14:59,915 DEBUG (BaseJdbcLogger.java:143)- <====      Total: 1
2019-09-23 05:14:59,915 DEBUG (BaseJdbcLogger.java:143)- ====>  Preparing: select id, name, sex, birthday, phone, ID_number, email, parent_phone, adress, major, state from student_basic where id = ? 
2019-09-23 05:14:59,916 DEBUG (BaseJdbcLogger.java:143)- ====> Parameters: 24872(String)
2019-09-23 05:14:59,916 DEBUG (BaseJdbcLogger.java:143)- <====      Total: 1
2019-09-23 05:14:59,916 DEBUG (BaseJdbcLogger.java:143)- ====>  Preparing: select id, name, sex, birthday, phone, ID_number, email, parent_phone, adress, major, state from student_basic where id = ? 
2019-09-23 05:14:59,917 DEBUG (BaseJdbcLogger.java:143)- ====> Parameters: 24875(String)
2019-09-23 05:14:59,918 DEBUG (BaseJdbcLogger.java:143)- <====      Total: 1
2019-09-23 05:14:59,919 DEBUG (BaseJdbcLogger.java:143)- ====>  Preparing: select id, name, sex, birthday, phone, ID_number, email, parent_phone, adress, major, state from student_basic where id = ? 
2019-09-23 05:14:59,920 DEBUG (BaseJdbcLogger.java:143)- ====> Parameters: 24877(String)
2019-09-23 05:14:59,921 DEBUG (BaseJdbcLogger.java:143)- <====      Total: 1
2019-09-23 05:14:59,921 DEBUG (BaseJdbcLogger.java:143)- ====>  Preparing: select id, name, sex, birthday, phone, ID_number, email, parent_phone, adress, major, state from student_basic where id = ? 
2019-09-23 05:14:59,922 DEBUG (BaseJdbcLogger.java:143)- ====> Parameters: 24878(String)
2019-09-23 05:14:59,923 DEBUG (BaseJdbcLogger.java:143)- <====      Total: 1
2019-09-23 05:14:59,923 DEBUG (BaseJdbcLogger.java:143)- ====>  Preparing: select id, name, sex, birthday, phone, ID_number, email, parent_phone, adress, major, state from student_basic where id = ? 
2019-09-23 05:14:59,923 DEBUG (BaseJdbcLogger.java:143)- ====> Parameters: 24880(String)
2019-09-23 05:14:59,925 DEBUG (BaseJdbcLogger.java:143)- <====      Total: 1
2019-09-23 05:14:59,925 DEBUG (BaseJdbcLogger.java:143)- ====>  Preparing: select id, name, sex, birthday, phone, ID_number, email, parent_phone, adress, major, state from student_basic where id = ? 
2019-09-23 05:14:59,925 DEBUG (BaseJdbcLogger.java:143)- ====> Parameters: 24883(String)
2019-09-23 05:14:59,927 DEBUG (BaseJdbcLogger.java:143)- <====      Total: 1
2019-09-23 05:14:59,927 DEBUG (BaseJdbcLogger.java:143)- ====>  Preparing: select id, name, sex, birthday, phone, ID_number, email, parent_phone, adress, major, state from student_basic where id = ? 
2019-09-23 05:14:59,927 DEBUG (BaseJdbcLogger.java:143)- ====> Parameters: 24885(String)
2019-09-23 05:14:59,927 DEBUG (BaseJdbcLogger.java:143)- <====      Total: 1
2019-09-23 05:14:59,928 DEBUG (BaseJdbcLogger.java:143)- ====>  Preparing: select id, name, sex, birthday, phone, ID_number, email, parent_phone, adress, major, state from student_basic where id = ? 
2019-09-23 05:14:59,928 DEBUG (BaseJdbcLogger.java:143)- ====> Parameters: 24887(String)
2019-09-23 05:14:59,929 DEBUG (BaseJdbcLogger.java:143)- <====      Total: 1
2019-09-23 05:14:59,930 DEBUG (BaseJdbcLogger.java:143)- ====>  Preparing: select id, name, sex, birthday, phone, ID_number, email, parent_phone, adress, major, state from student_basic where id = ? 
2019-09-23 05:14:59,930 DEBUG (BaseJdbcLogger.java:143)- ====> Parameters: 24889(String)
2019-09-23 05:14:59,930 DEBUG (BaseJdbcLogger.java:143)- <====      Total: 1
2019-09-23 05:14:59,931 DEBUG (BaseJdbcLogger.java:143)- ====>  Preparing: select id, name, sex, birthday, phone, ID_number, email, parent_phone, adress, major, state from student_basic where id = ? 
2019-09-23 05:14:59,931 DEBUG (BaseJdbcLogger.java:143)- ====> Parameters: 24891(String)
2019-09-23 05:14:59,931 DEBUG (BaseJdbcLogger.java:143)- <====      Total: 1
2019-09-23 05:14:59,932 DEBUG (BaseJdbcLogger.java:143)- ====>  Preparing: select id, name, sex, birthday, phone, ID_number, email, parent_phone, adress, major, state from student_basic where id = ? 
2019-09-23 05:14:59,932 DEBUG (BaseJdbcLogger.java:143)- ====> Parameters: 24892(String)
2019-09-23 05:14:59,932 DEBUG (BaseJdbcLogger.java:143)- <====      Total: 1
2019-09-23 05:14:59,933 DEBUG (BaseJdbcLogger.java:143)- ====>  Preparing: select id, name, sex, birthday, phone, ID_number, email, parent_phone, adress, major, state from student_basic where id = ? 
2019-09-23 05:14:59,933 DEBUG (BaseJdbcLogger.java:143)- ====> Parameters: 24893(String)
2019-09-23 05:14:59,934 DEBUG (BaseJdbcLogger.java:143)- <====      Total: 1
2019-09-23 05:14:59,935 DEBUG (BaseJdbcLogger.java:143)- ====>  Preparing: select id, name, sex, birthday, phone, ID_number, email, parent_phone, adress, major, state from student_basic where id = ? 
2019-09-23 05:14:59,935 DEBUG (BaseJdbcLogger.java:143)- ====> Parameters: 24895(String)
2019-09-23 05:14:59,936 DEBUG (BaseJdbcLogger.java:143)- <====      Total: 1
2019-09-23 05:14:59,937 DEBUG (BaseJdbcLogger.java:143)- ====>  Preparing: select id, name, sex, birthday, phone, ID_number, email, parent_phone, adress, major, state from student_basic where id = ? 
2019-09-23 05:14:59,937 DEBUG (BaseJdbcLogger.java:143)- ====> Parameters: 24898(String)
2019-09-23 05:14:59,938 DEBUG (BaseJdbcLogger.java:143)- <====      Total: 1
2019-09-23 05:14:59,939 DEBUG (BaseJdbcLogger.java:143)- ====>  Preparing: select id, name, sex, birthday, phone, ID_number, email, parent_phone, adress, major, state from student_basic where id = ? 
2019-09-23 05:14:59,939 DEBUG (BaseJdbcLogger.java:143)- ====> Parameters: 24899(String)
2019-09-23 05:14:59,941 DEBUG (BaseJdbcLogger.java:143)- <====      Total: 1
2019-09-23 05:14:59,942 DEBUG (BaseJdbcLogger.java:143)- ====>  Preparing: select id, name, sex, birthday, phone, ID_number, email, parent_phone, adress, major, state from student_basic where id = ? 
2019-09-23 05:14:59,942 DEBUG (BaseJdbcLogger.java:143)- ====> Parameters: 24900(String)
2019-09-23 05:14:59,942 DEBUG (BaseJdbcLogger.java:143)- <====      Total: 1
2019-09-23 05:14:59,942 DEBUG (BaseJdbcLogger.java:143)- <==      Total: 22
2019-09-23 05:14:59,943 DEBUG (BaseJdbcLogger.java:143)- ==>  Preparing: select dormitory_allocation.id, dormitory_allocation.class_id, dormitory_allocation.dormitory_id,dormitory_allocation.number from dormitory_allocation,dormitory WHERE dormitory_allocation.dormitory_id=dormitory.id and dormitory.sex=? and class_id = ? 
2019-09-23 05:14:59,943 DEBUG (BaseJdbcLogger.java:143)- ==> Parameters: 男(String), 080901201901(String)
2019-09-23 05:14:59,944 DEBUG (BaseJdbcLogger.java:143)- <==      Total: 0
2019-09-23 05:14:59,944 DEBUG (BaseJdbcLogger.java:143)- ==>  Preparing: select student_status.id,student_status.basic_id, student_status.student_id, student_status.class_id from student_status,student_basic where student_status.basic_id=student_basic.id and student_basic.sex=? and student_status.class_id=? 
2019-09-23 05:14:59,944 DEBUG (BaseJdbcLogger.java:143)- ==> Parameters: 男(String), 080901201902(String)
2019-09-23 05:14:59,945 DEBUG (BaseJdbcLogger.java:143)- ====>  Preparing: select id, name, sex, birthday, phone, ID_number, email, parent_phone, adress, major, state from student_basic where id = ? 
2019-09-23 05:14:59,945 DEBUG (BaseJdbcLogger.java:143)- ====> Parameters: 24902(String)
2019-09-23 05:14:59,946 DEBUG (BaseJdbcLogger.java:143)- <====      Total: 1
2019-09-23 05:14:59,946 DEBUG (BaseJdbcLogger.java:143)- ====>  Preparing: select id, class_id, name, director, grade, major_id from class WHERE class_id = ? 
2019-09-23 05:14:59,946 DEBUG (BaseJdbcLogger.java:143)- ====> Parameters: 080901201902(String)
2019-09-23 05:14:59,947 DEBUG (BaseJdbcLogger.java:143)- ======>  Preparing: select id, major_id, name, price, department_id from major where major_id = ? 
2019-09-23 05:14:59,948 DEBUG (BaseJdbcLogger.java:143)- ======> Parameters: 080901(String)
2019-09-23 05:14:59,948 DEBUG (BaseJdbcLogger.java:143)- <======      Total: 1
2019-09-23 05:14:59,950 DEBUG (BaseJdbcLogger.java:143)- <====      Total: 1
2019-09-23 05:14:59,950 DEBUG (BaseJdbcLogger.java:143)- ====>  Preparing: select id, name, sex, birthday, phone, ID_number, email, parent_phone, adress, major, state from student_basic where id = ? 
2019-09-23 05:14:59,950 DEBUG (BaseJdbcLogger.java:143)- ====> Parameters: 24903(String)
2019-09-23 05:14:59,950 DEBUG (BaseJdbcLogger.java:143)- <====      Total: 1
2019-09-23 05:14:59,951 DEBUG (BaseJdbcLogger.java:143)- ====>  Preparing: select id, name, sex, birthday, phone, ID_number, email, parent_phone, adress, major, state from student_basic where id = ? 
2019-09-23 05:14:59,951 DEBUG (BaseJdbcLogger.java:143)- ====> Parameters: 24904(String)
2019-09-23 05:14:59,952 DEBUG (BaseJdbcLogger.java:143)- <====      Total: 1
2019-09-23 05:14:59,953 DEBUG (BaseJdbcLogger.java:143)- ====>  Preparing: select id, name, sex, birthday, phone, ID_number, email, parent_phone, adress, major, state from student_basic where id = ? 
2019-09-23 05:14:59,953 DEBUG (BaseJdbcLogger.java:143)- ====> Parameters: 24907(String)
2019-09-23 05:14:59,955 DEBUG (BaseJdbcLogger.java:143)- <====      Total: 1
2019-09-23 05:14:59,955 DEBUG (BaseJdbcLogger.java:143)- ====>  Preparing: select id, name, sex, birthday, phone, ID_number, email, parent_phone, adress, major, state from student_basic where id = ? 
2019-09-23 05:14:59,957 DEBUG (BaseJdbcLogger.java:143)- ====> Parameters: 24909(String)
2019-09-23 05:14:59,958 DEBUG (BaseJdbcLogger.java:143)- <====      Total: 1
2019-09-23 05:14:59,958 DEBUG (BaseJdbcLogger.java:143)- ====>  Preparing: select id, name, sex, birthday, phone, ID_number, email, parent_phone, adress, major, state from student_basic where id = ? 
2019-09-23 05:14:59,958 DEBUG (BaseJdbcLogger.java:143)- ====> Parameters: 24911(String)
2019-09-23 05:14:59,958 DEBUG (BaseJdbcLogger.java:143)- <====      Total: 1
2019-09-23 05:14:59,959 DEBUG (BaseJdbcLogger.java:143)- ====>  Preparing: select id, name, sex, birthday, phone, ID_number, email, parent_phone, adress, major, state from student_basic where id = ? 
2019-09-23 05:14:59,959 DEBUG (BaseJdbcLogger.java:143)- ====> Parameters: 24912(String)
2019-09-23 05:14:59,961 DEBUG (BaseJdbcLogger.java:143)- <====      Total: 1
2019-09-23 05:14:59,961 DEBUG (BaseJdbcLogger.java:143)- ====>  Preparing: select id, name, sex, birthday, phone, ID_number, email, parent_phone, adress, major, state from student_basic where id = ? 
2019-09-23 05:14:59,961 DEBUG (BaseJdbcLogger.java:143)- ====> Parameters: 24914(String)
2019-09-23 05:14:59,961 DEBUG (BaseJdbcLogger.java:143)- <====      Total: 1
2019-09-23 05:14:59,961 DEBUG (BaseJdbcLogger.java:143)- ====>  Preparing: select id, name, sex, birthday, phone, ID_number, email, parent_phone, adress, major, state from student_basic where id = ? 
2019-09-23 05:14:59,962 DEBUG (BaseJdbcLogger.java:143)- ====> Parameters: 24915(String)
2019-09-23 05:14:59,962 DEBUG (BaseJdbcLogger.java:143)- <====      Total: 1
2019-09-23 05:14:59,963 DEBUG (BaseJdbcLogger.java:143)- ====>  Preparing: select id, name, sex, birthday, phone, ID_number, email, parent_phone, adress, major, state from student_basic where id = ? 
2019-09-23 05:14:59,963 DEBUG (BaseJdbcLogger.java:143)- ====> Parameters: 24916(String)
2019-09-23 05:14:59,963 DEBUG (BaseJdbcLogger.java:143)- <====      Total: 1
2019-09-23 05:14:59,965 DEBUG (BaseJdbcLogger.java:143)- ====>  Preparing: select id, name, sex, birthday, phone, ID_number, email, parent_phone, adress, major, state from student_basic where id = ? 
2019-09-23 05:14:59,965 DEBUG (BaseJdbcLogger.java:143)- ====> Parameters: 24918(String)
2019-09-23 05:14:59,965 DEBUG (BaseJdbcLogger.java:143)- <====      Total: 1
2019-09-23 05:14:59,966 DEBUG (BaseJdbcLogger.java:143)- ====>  Preparing: select id, name, sex, birthday, phone, ID_number, email, parent_phone, adress, major, state from student_basic where id = ? 
2019-09-23 05:14:59,966 DEBUG (BaseJdbcLogger.java:143)- ====> Parameters: 24921(String)
2019-09-23 05:14:59,967 DEBUG (BaseJdbcLogger.java:143)- <====      Total: 1
2019-09-23 05:14:59,967 DEBUG (BaseJdbcLogger.java:143)- ====>  Preparing: select id, name, sex, birthday, phone, ID_number, email, parent_phone, adress, major, state from student_basic where id = ? 
2019-09-23 05:14:59,968 DEBUG (BaseJdbcLogger.java:143)- ====> Parameters: 24923(String)
2019-09-23 05:14:59,969 DEBUG (BaseJdbcLogger.java:143)- <====      Total: 1
2019-09-23 05:14:59,970 DEBUG (BaseJdbcLogger.java:143)- ====>  Preparing: select id, name, sex, birthday, phone, ID_number, email, parent_phone, adress, major, state from student_basic where id = ? 
2019-09-23 05:14:59,970 DEBUG (BaseJdbcLogger.java:143)- ====> Parameters: 24927(String)
2019-09-23 05:14:59,971 DEBUG (BaseJdbcLogger.java:143)- <====      Total: 1
2019-09-23 05:14:59,973 DEBUG (BaseJdbcLogger.java:143)- ====>  Preparing: select id, name, sex, birthday, phone, ID_number, email, parent_phone, adress, major, state from student_basic where id = ? 
2019-09-23 05:14:59,974 DEBUG (BaseJdbcLogger.java:143)- ====> Parameters: 24928(String)
2019-09-23 05:14:59,975 DEBUG (BaseJdbcLogger.java:143)- <====      Total: 1
2019-09-23 05:14:59,975 DEBUG (BaseJdbcLogger.java:143)- ====>  Preparing: select id, name, sex, birthday, phone, ID_number, email, parent_phone, adress, major, state from student_basic where id = ? 
2019-09-23 05:14:59,975 DEBUG (BaseJdbcLogger.java:143)- ====> Parameters: 24929(String)
2019-09-23 05:14:59,977 DEBUG (BaseJdbcLogger.java:143)- <====      Total: 1
2019-09-23 05:14:59,977 DEBUG (BaseJdbcLogger.java:143)- ====>  Preparing: select id, name, sex, birthday, phone, ID_number, email, parent_phone, adress, major, state from student_basic where id = ? 
2019-09-23 05:14:59,977 DEBUG (BaseJdbcLogger.java:143)- ====> Parameters: 24930(String)
2019-09-23 05:14:59,978 DEBUG (BaseJdbcLogger.java:143)- <====      Total: 1
2019-09-23 05:14:59,978 DEBUG (BaseJdbcLogger.java:143)- ====>  Preparing: select id, name, sex, birthday, phone, ID_number, email, parent_phone, adress, major, state from student_basic where id = ? 
2019-09-23 05:14:59,979 DEBUG (BaseJdbcLogger.java:143)- ====> Parameters: 24933(String)
2019-09-23 05:14:59,980 DEBUG (BaseJdbcLogger.java:143)- <====      Total: 1
2019-09-23 05:14:59,980 DEBUG (BaseJdbcLogger.java:143)- ====>  Preparing: select id, name, sex, birthday, phone, ID_number, email, parent_phone, adress, major, state from student_basic where id = ? 
2019-09-23 05:14:59,980 DEBUG (BaseJdbcLogger.java:143)- ====> Parameters: 24937(String)
2019-09-23 05:14:59,981 DEBUG (BaseJdbcLogger.java:143)- <====      Total: 1
2019-09-23 05:14:59,981 DEBUG (BaseJdbcLogger.java:143)- ====>  Preparing: select id, name, sex, birthday, phone, ID_number, email, parent_phone, adress, major, state from student_basic where id = ? 
2019-09-23 05:14:59,981 DEBUG (BaseJdbcLogger.java:143)- ====> Parameters: 24940(String)
2019-09-23 05:14:59,983 DEBUG (BaseJdbcLogger.java:143)- <====      Total: 1
2019-09-23 05:14:59,983 DEBUG (BaseJdbcLogger.java:143)- ====>  Preparing: select id, name, sex, birthday, phone, ID_number, email, parent_phone, adress, major, state from student_basic where id = ? 
2019-09-23 05:14:59,983 DEBUG (BaseJdbcLogger.java:143)- ====> Parameters: 24942(String)
2019-09-23 05:14:59,984 DEBUG (BaseJdbcLogger.java:143)- <====      Total: 1
2019-09-23 05:14:59,985 DEBUG (BaseJdbcLogger.java:143)- ====>  Preparing: select id, name, sex, birthday, phone, ID_number, email, parent_phone, adress, major, state from student_basic where id = ? 
2019-09-23 05:14:59,985 DEBUG (BaseJdbcLogger.java:143)- ====> Parameters: 24945(String)
2019-09-23 05:14:59,986 DEBUG (BaseJdbcLogger.java:143)- <====      Total: 1
2019-09-23 05:14:59,987 DEBUG (BaseJdbcLogger.java:143)- <==      Total: 22
2019-09-23 05:14:59,988 DEBUG (BaseJdbcLogger.java:143)- ==>  Preparing: select dormitory_allocation.id, dormitory_allocation.class_id, dormitory_allocation.dormitory_id,dormitory_allocation.number from dormitory_allocation,dormitory WHERE dormitory_allocation.dormitory_id=dormitory.id and dormitory.sex=? and class_id = ? 
2019-09-23 05:14:59,989 DEBUG (BaseJdbcLogger.java:143)- ==> Parameters: 男(String), 080901201902(String)
2019-09-23 05:14:59,990 DEBUG (BaseJdbcLogger.java:143)- <==      Total: 0
2019-09-23 05:14:59,990 DEBUG (BaseJdbcLogger.java:143)- ==>  Preparing: select student_status.id,student_status.basic_id, student_status.student_id, student_status.class_id from student_status,student_basic where student_status.basic_id=student_basic.id and student_basic.sex=? and student_status.class_id=? 
2019-09-23 05:14:59,990 DEBUG (BaseJdbcLogger.java:143)- ==> Parameters: 男(String), 080901201903(String)
2019-09-23 05:14:59,992 DEBUG (BaseJdbcLogger.java:143)- ====>  Preparing: select id, name, sex, birthday, phone, ID_number, email, parent_phone, adress, major, state from student_basic where id = ? 
2019-09-23 05:14:59,992 DEBUG (BaseJdbcLogger.java:143)- ====> Parameters: 24946(String)
2019-09-23 05:14:59,992 DEBUG (BaseJdbcLogger.java:143)- <====      Total: 1
2019-09-23 05:14:59,993 DEBUG (BaseJdbcLogger.java:143)- ====>  Preparing: select id, class_id, name, director, grade, major_id from class WHERE class_id = ? 
2019-09-23 05:14:59,993 DEBUG (BaseJdbcLogger.java:143)- ====> Parameters: 080901201903(String)
2019-09-23 05:14:59,994 DEBUG (BaseJdbcLogger.java:143)- ======>  Preparing: select id, major_id, name, price, department_id from major where major_id = ? 
2019-09-23 05:14:59,994 DEBUG (BaseJdbcLogger.java:143)- ======> Parameters: 080901(String)
2019-09-23 05:14:59,995 DEBUG (BaseJdbcLogger.java:143)- <======      Total: 1
2019-09-23 05:14:59,995 DEBUG (BaseJdbcLogger.java:143)- <====      Total: 1
2019-09-23 05:14:59,995 DEBUG (BaseJdbcLogger.java:143)- ====>  Preparing: select id, name, sex, birthday, phone, ID_number, email, parent_phone, adress, major, state from student_basic where id = ? 
2019-09-23 05:14:59,995 DEBUG (BaseJdbcLogger.java:143)- ====> Parameters: 24951(String)
2019-09-23 05:14:59,997 DEBUG (BaseJdbcLogger.java:143)- <====      Total: 1
2019-09-23 05:14:59,997 DEBUG (BaseJdbcLogger.java:143)- ====>  Preparing: select id, name, sex, birthday, phone, ID_number, email, parent_phone, adress, major, state from student_basic where id = ? 
2019-09-23 05:14:59,997 DEBUG (BaseJdbcLogger.java:143)- ====> Parameters: 24952(String)
2019-09-23 05:14:59,998 DEBUG (BaseJdbcLogger.java:143)- <====      Total: 1
2019-09-23 05:14:59,999 DEBUG (BaseJdbcLogger.java:143)- ====>  Preparing: select id, name, sex, birthday, phone, ID_number, email, parent_phone, adress, major, state from student_basic where id = ? 
2019-09-23 05:14:59,999 DEBUG (BaseJdbcLogger.java:143)- ====> Parameters: 24953(String)
2019-09-23 05:14:59,999 DEBUG (BaseJdbcLogger.java:143)- <====      Total: 1
2019-09-23 05:15:00,000 DEBUG (BaseJdbcLogger.java:143)- ====>  Preparing: select id, name, sex, birthday, phone, ID_number, email, parent_phone, adress, major, state from student_basic where id = ? 
2019-09-23 05:15:00,001 DEBUG (BaseJdbcLogger.java:143)- ====> Parameters: 24954(String)
2019-09-23 05:15:00,002 DEBUG (BaseJdbcLogger.java:143)- <====      Total: 1
2019-09-23 05:15:00,002 DEBUG (BaseJdbcLogger.java:143)- ====>  Preparing: select id, name, sex, birthday, phone, ID_number, email, parent_phone, adress, major, state from student_basic where id = ? 
2019-09-23 05:15:00,002 DEBUG (BaseJdbcLogger.java:143)- ====> Parameters: 24955(String)
2019-09-23 05:15:00,003 DEBUG (BaseJdbcLogger.java:143)- <====      Total: 1
2019-09-23 05:15:00,003 DEBUG (BaseJdbcLogger.java:143)- ====>  Preparing: select id, name, sex, birthday, phone, ID_number, email, parent_phone, adress, major, state from student_basic where id = ? 
2019-09-23 05:15:00,005 DEBUG (BaseJdbcLogger.java:143)- ====> Parameters: 24956(String)
2019-09-23 05:15:00,006 DEBUG (BaseJdbcLogger.java:143)- <====      Total: 1
2019-09-23 05:15:00,006 DEBUG (BaseJdbcLogger.java:143)- ====>  Preparing: select id, name, sex, birthday, phone, ID_number, email, parent_phone, adress, major, state from student_basic where id = ? 
2019-09-23 05:15:00,006 DEBUG (BaseJdbcLogger.java:143)- ====> Parameters: 24957(String)
2019-09-23 05:15:00,007 DEBUG (BaseJdbcLogger.java:143)- <====      Total: 1
2019-09-23 05:15:00,007 DEBUG (BaseJdbcLogger.java:143)- ====>  Preparing: select id, name, sex, birthday, phone, ID_number, email, parent_phone, adress, major, state from student_basic where id = ? 
2019-09-23 05:15:00,007 DEBUG (BaseJdbcLogger.java:143)- ====> Parameters: 24958(String)
2019-09-23 05:15:00,008 DEBUG (BaseJdbcLogger.java:143)- <====      Total: 1
2019-09-23 05:15:00,008 DEBUG (BaseJdbcLogger.java:143)- ====>  Preparing: select id, name, sex, birthday, phone, ID_number, email, parent_phone, adress, major, state from student_basic where id = ? 
2019-09-23 05:15:00,009 DEBUG (BaseJdbcLogger.java:143)- ====> Parameters: 24960(String)
2019-09-23 05:15:00,009 DEBUG (BaseJdbcLogger.java:143)- <====      Total: 1
2019-09-23 05:15:00,010 DEBUG (BaseJdbcLogger.java:143)- ====>  Preparing: select id, name, sex, birthday, phone, ID_number, email, parent_phone, adress, major, state from student_basic where id = ? 
2019-09-23 05:15:00,010 DEBUG (BaseJdbcLogger.java:143)- ====> Parameters: 24961(String)
2019-09-23 05:15:00,011 DEBUG (BaseJdbcLogger.java:143)- <====      Total: 1
2019-09-23 05:15:00,011 DEBUG (BaseJdbcLogger.java:143)- ====>  Preparing: select id, name, sex, birthday, phone, ID_number, email, parent_phone, adress, major, state from student_basic where id = ? 
2019-09-23 05:15:00,011 DEBUG (BaseJdbcLogger.java:143)- ====> Parameters: 24964(String)
2019-09-23 05:15:00,013 DEBUG (BaseJdbcLogger.java:143)- <====      Total: 1
2019-09-23 05:15:00,013 DEBUG (BaseJdbcLogger.java:143)- ====>  Preparing: select id, name, sex, birthday, phone, ID_number, email, parent_phone, adress, major, state from student_basic where id = ? 
2019-09-23 05:15:00,013 DEBUG (BaseJdbcLogger.java:143)- ====> Parameters: 24967(String)
2019-09-23 05:15:00,014 DEBUG (BaseJdbcLogger.java:143)- <====      Total: 1
2019-09-23 05:15:00,014 DEBUG (BaseJdbcLogger.java:143)- ====>  Preparing: select id, name, sex, birthday, phone, ID_number, email, parent_phone, adress, major, state from student_basic where id = ? 
2019-09-23 05:15:00,015 DEBUG (BaseJdbcLogger.java:143)- ====> Parameters: 24968(String)
2019-09-23 05:15:00,015 DEBUG (BaseJdbcLogger.java:143)- <====      Total: 1
2019-09-23 05:15:00,016 DEBUG (BaseJdbcLogger.java:143)- ====>  Preparing: select id, name, sex, birthday, phone, ID_number, email, parent_phone, adress, major, state from student_basic where id = ? 
2019-09-23 05:15:00,017 DEBUG (BaseJdbcLogger.java:143)- ====> Parameters: 24969(String)
2019-09-23 05:15:00,017 DEBUG (BaseJdbcLogger.java:143)- <====      Total: 1
2019-09-23 05:15:00,018 DEBUG (BaseJdbcLogger.java:143)- ====>  Preparing: select id, name, sex, birthday, phone, ID_number, email, parent_phone, adress, major, state from student_basic where id = ? 
2019-09-23 05:15:00,018 DEBUG (BaseJdbcLogger.java:143)- ====> Parameters: 24973(String)
2019-09-23 05:15:00,018 DEBUG (BaseJdbcLogger.java:143)- <====      Total: 1
2019-09-23 05:15:00,019 DEBUG (BaseJdbcLogger.java:143)- ====>  Preparing: select id, name, sex, birthday, phone, ID_number, email, parent_phone, adress, major, state from student_basic where id = ? 
2019-09-23 05:15:00,019 DEBUG (BaseJdbcLogger.java:143)- ====> Parameters: 24974(String)
