2019-08-22 22:49:14,405 DEBUG (BaseJdbcLogger.java:143)- ====>  Preparing: select id, name, sex, birthday, phone, ID_number, email, parent_phone, adress, major, state from student_basic where id = ? 
2019-08-22 22:49:14,407 DEBUG (BaseJdbcLogger.java:143)- ====> Parameters: 12783(String)
2019-08-22 22:49:14,408 DEBUG (BaseJdbcLogger.java:143)- <====      Total: 1
2019-08-22 22:49:14,408 DEBUG (BaseJdbcLogger.java:143)- ====>  Preparing: select id, name, sex, birthday, phone, ID_number, email, parent_phone, adress, major, state from student_basic where id = ? 
2019-08-22 22:49:14,409 DEBUG (BaseJdbcLogger.java:143)- ====> Parameters: 12785(String)
2019-08-22 22:49:14,410 DEBUG (BaseJdbcLogger.java:143)- <====      Total: 1
2019-08-22 22:49:14,411 DEBUG (BaseJdbcLogger.java:143)- ====>  Preparing: select id, name, sex, birthday, phone, ID_number, email, parent_phone, adress, major, state from student_basic where id = ? 
2019-08-22 22:49:14,411 DEBUG (BaseJdbcLogger.java:143)- ====> Parameters: 12786(String)
2019-08-22 22:49:14,412 DEBUG (BaseJdbcLogger.java:143)- <====      Total: 1
2019-08-22 22:49:14,413 DEBUG (BaseJdbcLogger.java:143)- ====>  Preparing: select id, name, sex, birthday, phone, ID_number, email, parent_phone, adress, major, state from student_basic where id = ? 
2019-08-22 22:49:14,413 DEBUG (BaseJdbcLogger.java:143)- ====> Parameters: 12789(String)
2019-08-22 22:49:14,414 DEBUG (BaseJdbcLogger.java:143)- <====      Total: 1
2019-08-22 22:49:14,414 DEBUG (BaseJdbcLogger.java:143)- ====>  Preparing: select id, name, sex, birthday, phone, ID_number, email, parent_phone, adress, major, state from student_basic where id = ? 
2019-08-22 22:49:14,414 DEBUG (BaseJdbcLogger.java:143)- ====> Parameters: 12793(String)
2019-08-22 22:49:14,415 DEBUG (BaseJdbcLogger.java:143)- <====      Total: 1
2019-08-22 22:49:14,416 DEBUG (BaseJdbcLogger.java:143)- ====>  Preparing: select id, name, sex, birthday, phone, ID_number, email, parent_phone, adress, major, state from student_basic where id = ? 
2019-08-22 22:49:14,416 DEBUG (BaseJdbcLogger.java:143)- ====> Parameters: 12794(String)
2019-08-22 22:49:14,417 DEBUG (BaseJdbcLogger.java:143)- <====      Total: 1
2019-08-22 22:49:14,418 DEBUG (BaseJdbcLogger.java:143)- ====>  Preparing: select id, name, sex, birthday, phone, ID_number, email, parent_phone, adress, major, state from student_basic where id = ? 
2019-08-22 22:49:14,418 DEBUG (BaseJdbcLogger.java:143)- ====> Parameters: 12796(String)
2019-08-22 22:49:14,418 DEBUG (BaseJdbcLogger.java:143)- <====      Total: 1
2019-08-22 22:49:14,419 DEBUG (BaseJdbcLogger.java:143)- <==      Total: 25
2019-08-22 22:49:14,419 DEBUG (BaseJdbcLogger.java:143)- ==>  Preparing: select student_status.id,student_status.basic_id, student_status.student_id, student_status.class_id from student_status,student_basic where student_status.basic_id=student_basic.id and student_basic.sex=? and student_status.class_id=? 
2019-08-22 22:49:14,420 DEBUG (BaseJdbcLogger.java:143)- ==> Parameters: 女(String), 080205201901(String)
2019-08-22 22:49:14,421 DEBUG (BaseJdbcLogger.java:143)- ====>  Preparing: select id, name, sex, birthday, phone, ID_number, email, parent_phone, adress, major, state from student_basic where id = ? 
2019-08-22 22:49:14,421 DEBUG (BaseJdbcLogger.java:143)- ====> Parameters: 12756(String)
2019-08-22 22:49:14,422 DEBUG (BaseJdbcLogger.java:143)- <====      Total: 1
2019-08-22 22:49:14,422 DEBUG (BaseJdbcLogger.java:143)- ====>  Preparing: select id, class_id, name, director, grade, major_id from class where class_id = ? 
2019-08-22 22:49:14,423 DEBUG (BaseJdbcLogger.java:143)- ====> Parameters: 080205201901(String)
2019-08-22 22:49:14,423 DEBUG (BaseJdbcLogger.java:143)- ======>  Preparing: select id, major_id, name, price, department_id from major where major_id = ? 
2019-08-22 22:49:14,423 DEBUG (BaseJdbcLogger.java:143)- ======> Parameters: 080205(String)
2019-08-22 22:49:14,424 DEBUG (BaseJdbcLogger.java:143)- <======      Total: 1
2019-08-22 22:49:14,424 DEBUG (BaseJdbcLogger.java:143)- <====      Total: 1
2019-08-22 22:49:14,425 DEBUG (BaseJdbcLogger.java:143)- ====>  Preparing: select id, name, sex, birthday, phone, ID_number, email, parent_phone, adress, major, state from student_basic where id = ? 
2019-08-22 22:49:14,426 DEBUG (BaseJdbcLogger.java:143)- ====> Parameters: 12758(String)
2019-08-22 22:49:14,427 DEBUG (BaseJdbcLogger.java:143)- <====      Total: 1
2019-08-22 22:49:14,428 DEBUG (BaseJdbcLogger.java:143)- ====>  Preparing: select id, name, sex, birthday, phone, ID_number, email, parent_phone, adress, major, state from student_basic where id = ? 
2019-08-22 22:49:14,428 DEBUG (BaseJdbcLogger.java:143)- ====> Parameters: 12759(String)
2019-08-22 22:49:14,429 DEBUG (BaseJdbcLogger.java:143)- <====      Total: 1
2019-08-22 22:49:14,430 DEBUG (BaseJdbcLogger.java:143)- ====>  Preparing: select id, name, sex, birthday, phone, ID_number, email, parent_phone, adress, major, state from student_basic where id = ? 
2019-08-22 22:49:14,430 DEBUG (BaseJdbcLogger.java:143)- ====> Parameters: 12761(String)
2019-08-22 22:49:14,431 DEBUG (BaseJdbcLogger.java:143)- <====      Total: 1
2019-08-22 22:49:14,431 DEBUG (BaseJdbcLogger.java:143)- ====>  Preparing: select id, name, sex, birthday, phone, ID_number, email, parent_phone, adress, major, state from student_basic where id = ? 
2019-08-22 22:49:14,432 DEBUG (BaseJdbcLogger.java:143)- ====> Parameters: 12764(String)
2019-08-22 22:49:14,432 DEBUG (BaseJdbcLogger.java:143)- <====      Total: 1
2019-08-22 22:49:14,433 DEBUG (BaseJdbcLogger.java:143)- ====>  Preparing: select id, name, sex, birthday, phone, ID_number, email, parent_phone, adress, major, state from student_basic where id = ? 
2019-08-22 22:49:14,433 DEBUG (BaseJdbcLogger.java:143)- ====> Parameters: 12768(String)
2019-08-22 22:49:14,434 DEBUG (BaseJdbcLogger.java:143)- <====      Total: 1
2019-08-22 22:49:14,434 DEBUG (BaseJdbcLogger.java:143)- ====>  Preparing: select id, name, sex, birthday, phone, ID_number, email, parent_phone, adress, major, state from student_basic where id = ? 
2019-08-22 22:49:14,434 DEBUG (BaseJdbcLogger.java:143)- ====> Parameters: 12770(String)
2019-08-22 22:49:14,435 DEBUG (BaseJdbcLogger.java:143)- <====      Total: 1
2019-08-22 22:49:14,436 DEBUG (BaseJdbcLogger.java:143)- ====>  Preparing: select id, name, sex, birthday, phone, ID_number, email, parent_phone, adress, major, state from student_basic where id = ? 
2019-08-22 22:49:14,436 DEBUG (BaseJdbcLogger.java:143)- ====> Parameters: 12772(String)
2019-08-22 22:49:14,437 DEBUG (BaseJdbcLogger.java:143)- <====      Total: 1
2019-08-22 22:49:14,438 DEBUG (BaseJdbcLogger.java:143)- ====>  Preparing: select id, name, sex, birthday, phone, ID_number, email, parent_phone, adress, major, state from student_basic where id = ? 
2019-08-22 22:49:14,438 DEBUG (BaseJdbcLogger.java:143)- ====> Parameters: 12775(String)
2019-08-22 22:49:14,439 DEBUG (BaseJdbcLogger.java:143)- <====      Total: 1
2019-08-22 22:49:14,439 DEBUG (BaseJdbcLogger.java:143)- ====>  Preparing: select id, name, sex, birthday, phone, ID_number, email, parent_phone, adress, major, state from student_basic where id = ? 
2019-08-22 22:49:14,440 DEBUG (BaseJdbcLogger.java:143)- ====> Parameters: 12777(String)
2019-08-22 22:49:14,440 DEBUG (BaseJdbcLogger.java:143)- <====      Total: 1
2019-08-22 22:49:14,441 DEBUG (BaseJdbcLogger.java:143)- ====>  Preparing: select id, name, sex, birthday, phone, ID_number, email, parent_phone, adress, major, state from student_basic where id = ? 
2019-08-22 22:49:14,441 DEBUG (BaseJdbcLogger.java:143)- ====> Parameters: 12779(String)
2019-08-22 22:49:14,442 DEBUG (BaseJdbcLogger.java:143)- <====      Total: 1
2019-08-22 22:49:14,442 DEBUG (BaseJdbcLogger.java:143)- ====>  Preparing: select id, name, sex, birthday, phone, ID_number, email, parent_phone, adress, major, state from student_basic where id = ? 
2019-08-22 22:49:14,442 DEBUG (BaseJdbcLogger.java:143)- ====> Parameters: 12781(String)
2019-08-22 22:49:14,443 DEBUG (BaseJdbcLogger.java:143)- <====      Total: 1
2019-08-22 22:49:14,443 DEBUG (BaseJdbcLogger.java:143)- ====>  Preparing: select id, name, sex, birthday, phone, ID_number, email, parent_phone, adress, major, state from student_basic where id = ? 
2019-08-22 22:49:14,444 DEBUG (BaseJdbcLogger.java:143)- ====> Parameters: 12782(String)
2019-08-22 22:49:14,444 DEBUG (BaseJdbcLogger.java:143)- <====      Total: 1
2019-08-22 22:49:14,444 DEBUG (BaseJdbcLogger.java:143)- ====>  Preparing: select id, name, sex, birthday, phone, ID_number, email, parent_phone, adress, major, state from student_basic where id = ? 
2019-08-22 22:49:14,445 DEBUG (BaseJdbcLogger.java:143)- ====> Parameters: 12784(String)
2019-08-22 22:49:14,446 DEBUG (BaseJdbcLogger.java:143)- <====      Total: 1
2019-08-22 22:49:14,447 DEBUG (BaseJdbcLogger.java:143)- ====>  Preparing: select id, name, sex, birthday, phone, ID_number, email, parent_phone, adress, major, state from student_basic where id = ? 
2019-08-22 22:49:14,447 DEBUG (BaseJdbcLogger.java:143)- ====> Parameters: 12787(String)
2019-08-22 22:49:14,447 DEBUG (BaseJdbcLogger.java:143)- <====      Total: 1
2019-08-22 22:49:14,447 DEBUG (BaseJdbcLogger.java:143)- ====>  Preparing: select id, name, sex, birthday, phone, ID_number, email, parent_phone, adress, major, state from student_basic where id = ? 
2019-08-22 22:49:14,448 DEBUG (BaseJdbcLogger.java:143)- ====> Parameters: 12788(String)
2019-08-22 22:49:14,448 DEBUG (BaseJdbcLogger.java:143)- <====      Total: 1
2019-08-22 22:49:14,449 DEBUG (BaseJdbcLogger.java:143)- ====>  Preparing: select id, name, sex, birthday, phone, ID_number, email, parent_phone, adress, major, state from student_basic where id = ? 
2019-08-22 22:49:14,449 DEBUG (BaseJdbcLogger.java:143)- ====> Parameters: 12790(String)
2019-08-22 22:49:14,449 DEBUG (BaseJdbcLogger.java:143)- <====      Total: 1
2019-08-22 22:49:14,450 DEBUG (BaseJdbcLogger.java:143)- ====>  Preparing: select id, name, sex, birthday, phone, ID_number, email, parent_phone, adress, major, state from student_basic where id = ? 
2019-08-22 22:49:14,450 DEBUG (BaseJdbcLogger.java:143)- ====> Parameters: 12791(String)
2019-08-22 22:49:14,451 DEBUG (BaseJdbcLogger.java:143)- <====      Total: 1
2019-08-22 22:49:14,451 DEBUG (BaseJdbcLogger.java:143)- ====>  Preparing: select id, name, sex, birthday, phone, ID_number, email, parent_phone, adress, major, state from student_basic where id = ? 
2019-08-22 22:49:14,451 DEBUG (BaseJdbcLogger.java:143)- ====> Parameters: 12792(String)
2019-08-22 22:49:14,452 DEBUG (BaseJdbcLogger.java:143)- <====      Total: 1
2019-08-22 22:49:14,453 DEBUG (BaseJdbcLogger.java:143)- ====>  Preparing: select id, name, sex, birthday, phone, ID_number, email, parent_phone, adress, major, state from student_basic where id = ? 
2019-08-22 22:49:14,453 DEBUG (BaseJdbcLogger.java:143)- ====> Parameters: 12795(String)
2019-08-22 22:49:14,454 DEBUG (BaseJdbcLogger.java:143)- <====      Total: 1
2019-08-22 22:49:14,454 DEBUG (BaseJdbcLogger.java:143)- ====>  Preparing: select id, name, sex, birthday, phone, ID_number, email, parent_phone, adress, major, state from student_basic where id = ? 
2019-08-22 22:49:14,455 DEBUG (BaseJdbcLogger.java:143)- ====> Parameters: 12798(String)
2019-08-22 22:49:14,455 DEBUG (BaseJdbcLogger.java:143)- <====      Total: 1
2019-08-22 22:49:14,456 DEBUG (BaseJdbcLogger.java:143)- ====>  Preparing: select id, name, sex, birthday, phone, ID_number, email, parent_phone, adress, major, state from student_basic where id = ? 
2019-08-22 22:49:14,456 DEBUG (BaseJdbcLogger.java:143)- ====> Parameters: 12800(String)
2019-08-22 22:49:14,457 DEBUG (BaseJdbcLogger.java:143)- <====      Total: 1
2019-08-22 22:49:14,457 DEBUG (BaseJdbcLogger.java:143)- ====>  Preparing: select id, name, sex, birthday, phone, ID_number, email, parent_phone, adress, major, state from student_basic where id = ? 
2019-08-22 22:49:14,457 DEBUG (BaseJdbcLogger.java:143)- ====> Parameters: 12803(String)
2019-08-22 22:49:14,458 DEBUG (BaseJdbcLogger.java:143)- <====      Total: 1
2019-08-22 22:49:14,458 DEBUG (BaseJdbcLogger.java:143)- ====>  Preparing: select id, name, sex, birthday, phone, ID_number, email, parent_phone, adress, major, state from student_basic where id = ? 
2019-08-22 22:49:14,458 DEBUG (BaseJdbcLogger.java:143)- ====> Parameters: 12808(String)
2019-08-22 22:49:14,459 DEBUG (BaseJdbcLogger.java:143)- <====      Total: 1
2019-08-22 22:49:14,460 DEBUG (BaseJdbcLogger.java:143)- ====>  Preparing: select id, name, sex, birthday, phone, ID_number, email, parent_phone, adress, major, state from student_basic where id = ? 
2019-08-22 22:49:14,460 DEBUG (BaseJdbcLogger.java:143)- ====> Parameters: 12810(String)
2019-08-22 22:49:14,460 DEBUG (BaseJdbcLogger.java:143)- <====      Total: 1
2019-08-22 22:49:14,462 DEBUG (BaseJdbcLogger.java:143)- ====>  Preparing: select id, name, sex, birthday, phone, ID_number, email, parent_phone, adress, major, state from student_basic where id = ? 
2019-08-22 22:49:14,462 DEBUG (BaseJdbcLogger.java:143)- ====> Parameters: 12811(String)
2019-08-22 22:49:14,463 DEBUG (BaseJdbcLogger.java:143)- <====      Total: 1
2019-08-22 22:49:14,463 DEBUG (BaseJdbcLogger.java:143)- <==      Total: 26
2019-08-22 22:49:14,463 DEBUG (BaseJdbcLogger.java:143)- ==>  Preparing: select dormitory_allocation.id, dormitory_allocation.class_id, dormitory_allocation.dormitory_id,dormitory_allocation.number from dormitory_allocation,dormitory WHERE dormitory_allocation.dormitory_id=dormitory.id and dormitory.sex=? and class_id = ? 
2019-08-22 22:49:14,463 DEBUG (BaseJdbcLogger.java:143)- ==> Parameters: 男(String), 080205201901(String)
2019-08-22 22:49:14,464 DEBUG (BaseJdbcLogger.java:143)- ====>  Preparing: select id, dong, floor, room, sex, number, rent from dormitory where id = ? 
2019-08-22 22:49:14,465 DEBUG (BaseJdbcLogger.java:143)- ====> Parameters: 8(Integer)
2019-08-22 22:49:14,465 DEBUG (BaseJdbcLogger.java:143)- <====      Total: 1
2019-08-22 22:49:14,466 DEBUG (BaseJdbcLogger.java:143)- ====>  Preparing: select id, dong, floor, room, sex, number, rent from dormitory where id = ? 
2019-08-22 22:49:14,466 DEBUG (BaseJdbcLogger.java:143)- ====> Parameters: 9(Integer)
2019-08-22 22:49:14,467 DEBUG (BaseJdbcLogger.java:143)- <====      Total: 1
2019-08-22 22:49:14,467 DEBUG (BaseJdbcLogger.java:143)- ====>  Preparing: select id, dong, floor, room, sex, number, rent from dormitory where id = ? 
2019-08-22 22:49:14,468 DEBUG (BaseJdbcLogger.java:143)- ====> Parameters: 10(Integer)
2019-08-22 22:49:14,468 DEBUG (BaseJdbcLogger.java:143)- <====      Total: 1
2019-08-22 22:49:14,469 DEBUG (BaseJdbcLogger.java:143)- ====>  Preparing: select id, dong, floor, room, sex, number, rent from dormitory where id = ? 
2019-08-22 22:49:14,469 DEBUG (BaseJdbcLogger.java:143)- ====> Parameters: 11(Integer)
2019-08-22 22:49:14,470 DEBUG (BaseJdbcLogger.java:143)- <====      Total: 1
2019-08-22 22:49:14,471 DEBUG (BaseJdbcLogger.java:143)- ====>  Preparing: select id, dong, floor, room, sex, number, rent from dormitory where id = ? 
2019-08-22 22:49:14,471 DEBUG (BaseJdbcLogger.java:143)- ====> Parameters: 12(Integer)
2019-08-22 22:49:14,472 DEBUG (BaseJdbcLogger.java:143)- <====      Total: 1
2019-08-22 22:49:14,472 DEBUG (BaseJdbcLogger.java:143)- <==      Total: 5
2019-08-22 22:49:14,472 DEBUG (BaseJdbcLogger.java:143)- ==>  Preparing: select dormitory_allocation.id, dormitory_allocation.class_id, dormitory_allocation.dormitory_id,dormitory_allocation.number from dormitory_allocation,dormitory WHERE dormitory_allocation.dormitory_id=dormitory.id and dormitory.sex=? and class_id = ? 
