2019-08-22 22:28:50,606 DEBUG (BaseJdbcLogger.java:143)- ==>  Preparing: select dormitory_allocation.id, dormitory_allocation.class_id, dormitory_allocation.dormitory_id,dormitory_allocation.number from dormitory_allocation,dormitory WHERE dormitory_allocation.dormitory_id=dormitory.id and dormitory_id = ? 
2019-08-22 22:28:50,613 DEBUG (BaseJdbcLogger.java:143)- ==> Parameters: 79(Integer)
2019-08-22 22:28:50,614 DEBUG (BaseJdbcLogger.java:143)- ====>  Preparing: select id, dong, floor, room, sex, number, rent from dormitory where id = ? 
2019-08-22 22:28:50,615 DEBUG (BaseJdbcLogger.java:143)- ====> Parameters: 79(Integer)
2019-08-22 22:28:50,616 DEBUG (BaseJdbcLogger.java:143)- <====      Total: 1
2019-08-22 22:28:50,617 DEBUG (BaseJdbcLogger.java:143)- <==      Total: 2
2019-08-22 22:28:50,618 DEBUG (BaseJdbcLogger.java:143)- ==>  Preparing: select dormitory_allocation.id, dormitory_allocation.class_id, dormitory_allocation.dormitory_id,dormitory_allocation.number from dormitory_allocation,dormitory WHERE dormitory_allocation.dormitory_id=dormitory.id and dormitory_id = ? 
2019-08-22 22:28:50,619 DEBUG (BaseJdbcLogger.java:143)- ==> Parameters: 105(Integer)
2019-08-22 22:28:50,622 DEBUG (BaseJdbcLogger.java:143)- ====>  Preparing: select id, dong, floor, room, sex, number, rent from dormitory where id = ? 
2019-08-22 22:28:50,624 DEBUG (BaseJdbcLogger.java:143)- ====> Parameters: 105(Integer)
2019-08-22 22:28:50,630 DEBUG (BaseJdbcLogger.java:143)- <====      Total: 1
2019-08-22 22:28:50,631 DEBUG (BaseJdbcLogger.java:143)- <==      Total: 2
2019-08-22 22:28:50,634 DEBUG (BaseJdbcLogger.java:143)- ==>  Preparing: SELECT a.* from dormitory_allocation as a ,dormitory as b where a.dormitory_id=b.id and a.number < b.number and b.sex=? and a.dormitory_id in ( SELECT dormitory_id from dormitory_allocation GROUP BY (dormitory_id) HAVING COUNT(dormitory_id) = 1 ) 
2019-08-22 22:28:50,635 DEBUG (BaseJdbcLogger.java:143)- ==> Parameters: 女(String)
2019-08-22 22:28:50,640 DEBUG (BaseJdbcLogger.java:143)- <==      Total: 0
2019-08-22 22:28:50,642 DEBUG (BaseJdbcLogger.java:143)- ==>  Preparing: SELECT a.* from dormitory_allocation as a ,dormitory as b where a.dormitory_id=b.id and b.sex=? GROUP BY (a.dormitory_id) HAVING COUNT(a.dormitory_id)>1 
2019-08-22 22:28:50,643 DEBUG (BaseJdbcLogger.java:143)- ==> Parameters: 女(String)
2019-08-22 22:28:50,650 DEBUG (BaseJdbcLogger.java:143)- <==      Total: 6
2019-08-22 22:28:50,652 DEBUG (BaseJdbcLogger.java:143)- ==>  Preparing: select dormitory_allocation.id, dormitory_allocation.class_id, dormitory_allocation.dormitory_id,dormitory_allocation.number from dormitory_allocation,dormitory WHERE dormitory_allocation.dormitory_id=dormitory.id and dormitory_id = ? 
2019-08-22 22:28:50,653 DEBUG (BaseJdbcLogger.java:143)- ==> Parameters: 495(Integer)
2019-08-22 22:28:50,656 DEBUG (BaseJdbcLogger.java:143)- ====>  Preparing: select id, dong, floor, room, sex, number, rent from dormitory where id = ? 
2019-08-22 22:28:50,657 DEBUG (BaseJdbcLogger.java:143)- ====> Parameters: 495(Integer)
2019-08-22 22:28:50,661 DEBUG (BaseJdbcLogger.java:143)- <====      Total: 1
2019-08-22 22:28:50,664 DEBUG (BaseJdbcLogger.java:143)- <==      Total: 5
2019-08-22 22:28:50,666 DEBUG (BaseJdbcLogger.java:143)- ==>  Preparing: select dormitory_allocation.id, dormitory_allocation.class_id, dormitory_allocation.dormitory_id,dormitory_allocation.number from dormitory_allocation,dormitory WHERE dormitory_allocation.dormitory_id=dormitory.id and dormitory_id = ? 
2019-08-22 22:28:50,667 DEBUG (BaseJdbcLogger.java:143)- ==> Parameters: 499(Integer)
2019-08-22 22:28:50,668 DEBUG (BaseJdbcLogger.java:143)- ====>  Preparing: select id, dong, floor, room, sex, number, rent from dormitory where id = ? 
2019-08-22 22:28:50,670 DEBUG (BaseJdbcLogger.java:143)- ====> Parameters: 499(Integer)
2019-08-22 22:28:50,673 DEBUG (BaseJdbcLogger.java:143)- <====      Total: 1
2019-08-22 22:28:50,676 DEBUG (BaseJdbcLogger.java:143)- <==      Total: 5
2019-08-22 22:28:50,679 DEBUG (BaseJdbcLogger.java:143)- ==>  Preparing: select dormitory_allocation.id, dormitory_allocation.class_id, dormitory_allocation.dormitory_id,dormitory_allocation.number from dormitory_allocation,dormitory WHERE dormitory_allocation.dormitory_id=dormitory.id and dormitory_id = ? 
2019-08-22 22:28:50,680 DEBUG (BaseJdbcLogger.java:143)- ==> Parameters: 508(Integer)
2019-08-22 22:28:50,683 DEBUG (BaseJdbcLogger.java:143)- ====>  Preparing: select id, dong, floor, room, sex, number, rent from dormitory where id = ? 
2019-08-22 22:28:50,684 DEBUG (BaseJdbcLogger.java:143)- ====> Parameters: 508(Integer)
2019-08-22 22:28:50,685 DEBUG (BaseJdbcLogger.java:143)- <====      Total: 1
2019-08-22 22:28:50,687 DEBUG (BaseJdbcLogger.java:143)- <==      Total: 2
2019-08-22 22:28:50,689 DEBUG (BaseJdbcLogger.java:143)- ==>  Preparing: select dormitory_allocation.id, dormitory_allocation.class_id, dormitory_allocation.dormitory_id,dormitory_allocation.number from dormitory_allocation,dormitory WHERE dormitory_allocation.dormitory_id=dormitory.id and dormitory_id = ? 
2019-08-22 22:28:50,691 DEBUG (BaseJdbcLogger.java:143)- ==> Parameters: 513(Integer)
2019-08-22 22:28:50,695 DEBUG (BaseJdbcLogger.java:143)- ====>  Preparing: select id, dong, floor, room, sex, number, rent from dormitory where id = ? 
2019-08-22 22:28:50,696 DEBUG (BaseJdbcLogger.java:143)- ====> Parameters: 513(Integer)
2019-08-22 22:28:50,698 DEBUG (BaseJdbcLogger.java:143)- <====      Total: 1
2019-08-22 22:28:50,699 DEBUG (BaseJdbcLogger.java:143)- <==      Total: 2
2019-08-22 22:28:50,700 DEBUG (BaseJdbcLogger.java:143)- ==>  Preparing: select dormitory_allocation.id, dormitory_allocation.class_id, dormitory_allocation.dormitory_id,dormitory_allocation.number from dormitory_allocation,dormitory WHERE dormitory_allocation.dormitory_id=dormitory.id and dormitory_id = ? 
2019-08-22 22:28:50,701 DEBUG (BaseJdbcLogger.java:143)- ==> Parameters: 518(Integer)
2019-08-22 22:28:50,702 DEBUG (BaseJdbcLogger.java:143)- ====>  Preparing: select id, dong, floor, room, sex, number, rent from dormitory where id = ? 
2019-08-22 22:28:50,704 DEBUG (BaseJdbcLogger.java:143)- ====> Parameters: 518(Integer)
2019-08-22 22:28:50,707 DEBUG (BaseJdbcLogger.java:143)- <====      Total: 1
2019-08-22 22:28:50,710 DEBUG (BaseJdbcLogger.java:143)- <==      Total: 3
2019-08-22 22:28:50,711 DEBUG (BaseJdbcLogger.java:143)- ==>  Preparing: select dormitory_allocation.id, dormitory_allocation.class_id, dormitory_allocation.dormitory_id,dormitory_allocation.number from dormitory_allocation,dormitory WHERE dormitory_allocation.dormitory_id=dormitory.id and dormitory_id = ? 
2019-08-22 22:28:50,712 DEBUG (BaseJdbcLogger.java:143)- ==> Parameters: 523(Integer)
2019-08-22 22:28:50,713 DEBUG (BaseJdbcLogger.java:143)- ====>  Preparing: select id, dong, floor, room, sex, number, rent from dormitory where id = ? 
2019-08-22 22:28:50,714 DEBUG (BaseJdbcLogger.java:143)- ====> Parameters: 523(Integer)
2019-08-22 22:28:50,716 DEBUG (BaseJdbcLogger.java:143)- <====      Total: 1
2019-08-22 22:28:50,717 DEBUG (BaseJdbcLogger.java:143)- <==      Total: 2
2019-08-22 22:28:51,084 DEBUG (BaseJdbcLogger.java:143)- ==>  Preparing: select id, class_id, name, director, grade, major_id from class 
2019-08-22 22:28:51,084 DEBUG (BaseJdbcLogger.java:143)- ==> Parameters: 
2019-08-22 22:28:51,084 DEBUG (BaseJdbcLogger.java:143)- ====>  Preparing: select id, major_id, name, price, department_id from major where major_id = ? 
2019-08-22 22:28:51,086 DEBUG (BaseJdbcLogger.java:143)- ====> Parameters: 081001(String)
2019-08-22 22:28:51,088 DEBUG (BaseJdbcLogger.java:143)- <====      Total: 1
2019-08-22 22:28:51,090 DEBUG (BaseJdbcLogger.java:143)- ====>  Preparing: select id, major_id, name, price, department_id from major where major_id = ? 
2019-08-22 22:28:51,092 DEBUG (BaseJdbcLogger.java:143)- ====> Parameters: 080205(String)
2019-08-22 22:28:51,094 DEBUG (BaseJdbcLogger.java:143)- <====      Total: 1
2019-08-22 22:28:51,095 DEBUG (BaseJdbcLogger.java:143)- ====>  Preparing: select id, major_id, name, price, department_id from major where major_id = ? 
2019-08-22 22:28:51,095 DEBUG (BaseJdbcLogger.java:143)- ====> Parameters: 130503(String)
2019-08-22 22:28:51,097 DEBUG (BaseJdbcLogger.java:143)- <====      Total: 1
2019-08-22 22:28:51,097 DEBUG (BaseJdbcLogger.java:143)- ====>  Preparing: select id, major_id, name, price, department_id from major where major_id = ? 
2019-08-22 22:28:51,097 DEBUG (BaseJdbcLogger.java:143)- ====> Parameters: 080702(String)
2019-08-22 22:28:51,098 DEBUG (BaseJdbcLogger.java:143)- <====      Total: 1
2019-08-22 22:28:51,098 DEBUG (BaseJdbcLogger.java:143)- ====>  Preparing: select id, major_id, name, price, department_id from major where major_id = ? 
2019-08-22 22:28:51,099 DEBUG (BaseJdbcLogger.java:143)- ====> Parameters: 080901(String)
2019-08-22 22:28:51,099 DEBUG (BaseJdbcLogger.java:143)- <====      Total: 1
2019-08-22 22:28:51,101 DEBUG (BaseJdbcLogger.java:143)- ====>  Preparing: select id, major_id, name, price, department_id from major where major_id = ? 
2019-08-22 22:28:51,101 DEBUG (BaseJdbcLogger.java:143)- ====> Parameters: 080703(String)
2019-08-22 22:28:51,102 DEBUG (BaseJdbcLogger.java:143)- <====      Total: 1
2019-08-22 22:28:51,102 DEBUG (BaseJdbcLogger.java:143)- ====>  Preparing: select id, major_id, name, price, department_id from major where major_id = ? 
2019-08-22 22:28:51,103 DEBUG (BaseJdbcLogger.java:143)- ====> Parameters: 082803(String)
2019-08-22 22:28:51,105 DEBUG (BaseJdbcLogger.java:143)- <====      Total: 1
2019-08-22 22:28:51,107 DEBUG (BaseJdbcLogger.java:143)- <==      Total: 22
2019-08-22 22:28:51,110 DEBUG (BaseJdbcLogger.java:143)- ==>  Preparing: select student_status.id,student_status.basic_id, student_status.student_id, student_status.class_id from student_status,student_basic where student_status.basic_id=student_basic.id and student_basic.sex=? and student_status.class_id=? 
2019-08-22 22:28:51,110 DEBUG (BaseJdbcLogger.java:143)- ==> Parameters: 男(String), 081001201901(String)
2019-08-22 22:28:51,112 DEBUG (BaseJdbcLogger.java:143)- ====>  Preparing: select id, name, sex, birthday, phone, ID_number, email, parent_phone, adress, major, state from student_basic where id = ? 
2019-08-22 22:28:51,112 DEBUG (BaseJdbcLogger.java:143)- ====> Parameters: 12158(String)
2019-08-22 22:28:51,114 DEBUG (BaseJdbcLogger.java:143)- <====      Total: 1
2019-08-22 22:28:51,115 DEBUG (BaseJdbcLogger.java:143)- ====>  Preparing: select id, class_id, name, director, grade, major_id from class where class_id = ? 
2019-08-22 22:28:51,115 DEBUG (BaseJdbcLogger.java:143)- ====> Parameters: 081001201901(String)
2019-08-22 22:28:51,116 DEBUG (BaseJdbcLogger.java:143)- ======>  Preparing: select id, major_id, name, price, department_id from major where major_id = ? 
2019-08-22 22:28:51,117 DEBUG (BaseJdbcLogger.java:143)- ======> Parameters: 081001(String)
2019-08-22 22:28:51,118 DEBUG (BaseJdbcLogger.java:143)- <======      Total: 1
2019-08-22 22:28:51,120 DEBUG (BaseJdbcLogger.java:143)- <====      Total: 1
2019-08-22 22:28:51,122 DEBUG (BaseJdbcLogger.java:143)- ====>  Preparing: select id, name, sex, birthday, phone, ID_number, email, parent_phone, adress, major, state from student_basic where id = ? 
2019-08-22 22:28:51,122 DEBUG (BaseJdbcLogger.java:143)- ====> Parameters: 12162(String)
2019-08-22 22:28:51,127 DEBUG (BaseJdbcLogger.java:143)- <====      Total: 1
2019-08-22 22:28:51,127 DEBUG (BaseJdbcLogger.java:143)- ====>  Preparing: select id, name, sex, birthday, phone, ID_number, email, parent_phone, adress, major, state from student_basic where id = ? 
2019-08-22 22:28:51,128 DEBUG (BaseJdbcLogger.java:143)- ====> Parameters: 12163(String)
2019-08-22 22:28:51,129 DEBUG (BaseJdbcLogger.java:143)- <====      Total: 1
2019-08-22 22:28:51,131 DEBUG (BaseJdbcLogger.java:143)- ====>  Preparing: select id, name, sex, birthday, phone, ID_number, email, parent_phone, adress, major, state from student_basic where id = ? 
2019-08-22 22:28:51,131 DEBUG (BaseJdbcLogger.java:143)- ====> Parameters: 12165(String)
2019-08-22 22:28:51,131 DEBUG (BaseJdbcLogger.java:143)- <====      Total: 1
2019-08-22 22:28:51,132 DEBUG (BaseJdbcLogger.java:143)- ====>  Preparing: select id, name, sex, birthday, phone, ID_number, email, parent_phone, adress, major, state from student_basic where id = ? 
2019-08-22 22:28:51,133 DEBUG (BaseJdbcLogger.java:143)- ====> Parameters: 12167(String)
2019-08-22 22:28:51,133 DEBUG (BaseJdbcLogger.java:143)- <====      Total: 1
2019-08-22 22:28:51,134 DEBUG (BaseJdbcLogger.java:143)- ====>  Preparing: select id, name, sex, birthday, phone, ID_number, email, parent_phone, adress, major, state from student_basic where id = ? 
2019-08-22 22:28:51,134 DEBUG (BaseJdbcLogger.java:143)- ====> Parameters: 12168(String)
2019-08-22 22:28:51,135 DEBUG (BaseJdbcLogger.java:143)- <====      Total: 1
2019-08-22 22:28:51,136 DEBUG (BaseJdbcLogger.java:143)- ====>  Preparing: select id, name, sex, birthday, phone, ID_number, email, parent_phone, adress, major, state from student_basic where id = ? 
2019-08-22 22:28:51,138 DEBUG (BaseJdbcLogger.java:143)- ====> Parameters: 12169(String)
2019-08-22 22:28:51,141 DEBUG (BaseJdbcLogger.java:143)- <====      Total: 1
2019-08-22 22:28:51,143 DEBUG (BaseJdbcLogger.java:143)- ====>  Preparing: select id, name, sex, birthday, phone, ID_number, email, parent_phone, adress, major, state from student_basic where id = ? 
2019-08-22 22:28:51,144 DEBUG (BaseJdbcLogger.java:143)- ====> Parameters: 12170(String)
2019-08-22 22:28:51,145 DEBUG (BaseJdbcLogger.java:143)- <====      Total: 1
2019-08-22 22:28:51,145 DEBUG (BaseJdbcLogger.java:143)- ====>  Preparing: select id, name, sex, birthday, phone, ID_number, email, parent_phone, adress, major, state from student_basic where id = ? 
2019-08-22 22:28:51,145 DEBUG (BaseJdbcLogger.java:143)- ====> Parameters: 12174(String)
2019-08-22 22:28:51,150 DEBUG (BaseJdbcLogger.java:143)- <====      Total: 1
2019-08-22 22:28:51,150 DEBUG (BaseJdbcLogger.java:143)- ====>  Preparing: select id, name, sex, birthday, phone, ID_number, email, parent_phone, adress, major, state from student_basic where id = ? 
2019-08-22 22:28:51,151 DEBUG (BaseJdbcLogger.java:143)- ====> Parameters: 12175(String)
2019-08-22 22:28:51,153 DEBUG (BaseJdbcLogger.java:143)- <====      Total: 1
2019-08-22 22:28:51,154 DEBUG (BaseJdbcLogger.java:143)- ====>  Preparing: select id, name, sex, birthday, phone, ID_number, email, parent_phone, adress, major, state from student_basic where id = ? 
2019-08-22 22:28:51,155 DEBUG (BaseJdbcLogger.java:143)- ====> Parameters: 12176(String)
2019-08-22 22:28:51,159 DEBUG (BaseJdbcLogger.java:143)- <====      Total: 1
2019-08-22 22:28:51,159 DEBUG (BaseJdbcLogger.java:143)- ====>  Preparing: select id, name, sex, birthday, phone, ID_number, email, parent_phone, adress, major, state from student_basic where id = ? 
2019-08-22 22:28:51,160 DEBUG (BaseJdbcLogger.java:143)- ====> Parameters: 12178(String)
2019-08-22 22:28:51,161 DEBUG (BaseJdbcLogger.java:143)- <====      Total: 1
2019-08-22 22:28:51,161 DEBUG (BaseJdbcLogger.java:143)- ====>  Preparing: select id, name, sex, birthday, phone, ID_number, email, parent_phone, adress, major, state from student_basic where id = ? 
2019-08-22 22:28:51,162 DEBUG (BaseJdbcLogger.java:143)- ====> Parameters: 12179(String)
2019-08-22 22:28:51,162 DEBUG (BaseJdbcLogger.java:143)- <====      Total: 1
2019-08-22 22:28:51,163 DEBUG (BaseJdbcLogger.java:143)- ====>  Preparing: select id, name, sex, birthday, phone, ID_number, email, parent_phone, adress, major, state from student_basic where id = ? 
2019-08-22 22:28:51,163 DEBUG (BaseJdbcLogger.java:143)- ====> Parameters: 12185(String)
2019-08-22 22:28:51,163 DEBUG (BaseJdbcLogger.java:143)- <====      Total: 1
