2019-09-02 12:34:22,898 DEBUG (BaseJdbcLogger.java:143)- ====>  Preparing: select id, name, sex, birthday, phone, ID_number, email, parent_phone, adress, major, state from student_basic where id = ? 
2019-09-02 12:34:22,902 DEBUG (BaseJdbcLogger.java:143)- ====> Parameters: 18170(String)
2019-09-02 12:34:22,903 DEBUG (BaseJdbcLogger.java:143)- <====      Total: 1
2019-09-02 12:34:22,904 DEBUG (BaseJdbcLogger.java:143)- ====>  Preparing: select id, name, sex, birthday, phone, ID_number, email, parent_phone, adress, major, state from student_basic where id = ? 
2019-09-02 12:34:22,905 DEBUG (BaseJdbcLogger.java:143)- ====> Parameters: 18174(String)
2019-09-02 12:34:22,906 DEBUG (BaseJdbcLogger.java:143)- <====      Total: 1
2019-09-02 12:34:22,907 DEBUG (BaseJdbcLogger.java:143)- ====>  Preparing: select id, name, sex, birthday, phone, ID_number, email, parent_phone, adress, major, state from student_basic where id = ? 
2019-09-02 12:34:22,909 DEBUG (BaseJdbcLogger.java:143)- ====> Parameters: 18175(String)
2019-09-02 12:34:22,911 DEBUG (BaseJdbcLogger.java:143)- <====      Total: 1
2019-09-02 12:34:22,913 DEBUG (BaseJdbcLogger.java:143)- ====>  Preparing: select id, name, sex, birthday, phone, ID_number, email, parent_phone, adress, major, state from student_basic where id = ? 
2019-09-02 12:34:22,915 DEBUG (BaseJdbcLogger.java:143)- ====> Parameters: 18176(String)
2019-09-02 12:34:22,917 DEBUG (BaseJdbcLogger.java:143)- <====      Total: 1
2019-09-02 12:34:22,917 DEBUG (BaseJdbcLogger.java:143)- ====>  Preparing: select id, name, sex, birthday, phone, ID_number, email, parent_phone, adress, major, state from student_basic where id = ? 
2019-09-02 12:34:22,918 DEBUG (BaseJdbcLogger.java:143)- ====> Parameters: 18178(String)
2019-09-02 12:34:22,919 DEBUG (BaseJdbcLogger.java:143)- <====      Total: 1
2019-09-02 12:34:22,919 DEBUG (BaseJdbcLogger.java:143)- ====>  Preparing: select id, name, sex, birthday, phone, ID_number, email, parent_phone, adress, major, state from student_basic where id = ? 
2019-09-02 12:34:22,920 DEBUG (BaseJdbcLogger.java:143)- ====> Parameters: 18179(String)
2019-09-02 12:34:22,921 DEBUG (BaseJdbcLogger.java:143)- <====      Total: 1
2019-09-02 12:34:22,922 DEBUG (BaseJdbcLogger.java:143)- ====>  Preparing: select id, name, sex, birthday, phone, ID_number, email, parent_phone, adress, major, state from student_basic where id = ? 
2019-09-02 12:34:22,922 DEBUG (BaseJdbcLogger.java:143)- ====> Parameters: 18185(String)
2019-09-02 12:34:22,923 DEBUG (BaseJdbcLogger.java:143)- <====      Total: 1
2019-09-02 12:34:22,924 DEBUG (BaseJdbcLogger.java:143)- ====>  Preparing: select id, name, sex, birthday, phone, ID_number, email, parent_phone, adress, major, state from student_basic where id = ? 
2019-09-02 12:34:22,925 DEBUG (BaseJdbcLogger.java:143)- ====> Parameters: 18189(String)
2019-09-02 12:34:22,927 DEBUG (BaseJdbcLogger.java:143)- <====      Total: 1
2019-09-02 12:34:22,929 DEBUG (BaseJdbcLogger.java:143)- ====>  Preparing: select id, name, sex, birthday, phone, ID_number, email, parent_phone, adress, major, state from student_basic where id = ? 
2019-09-02 12:34:22,930 DEBUG (BaseJdbcLogger.java:143)- ====> Parameters: 18190(String)
2019-09-02 12:34:22,933 DEBUG (BaseJdbcLogger.java:143)- <====      Total: 1
2019-09-02 12:34:22,934 DEBUG (BaseJdbcLogger.java:143)- ====>  Preparing: select id, name, sex, birthday, phone, ID_number, email, parent_phone, adress, major, state from student_basic where id = ? 
2019-09-02 12:34:22,935 DEBUG (BaseJdbcLogger.java:143)- ====> Parameters: 18194(String)
2019-09-02 12:34:22,936 DEBUG (BaseJdbcLogger.java:143)- <====      Total: 1
2019-09-02 12:34:22,936 DEBUG (BaseJdbcLogger.java:143)- ====>  Preparing: select id, name, sex, birthday, phone, ID_number, email, parent_phone, adress, major, state from student_basic where id = ? 
2019-09-02 12:34:22,937 DEBUG (BaseJdbcLogger.java:143)- ====> Parameters: 18195(String)
2019-09-02 12:34:22,938 DEBUG (BaseJdbcLogger.java:143)- <====      Total: 1
2019-09-02 12:34:22,939 DEBUG (BaseJdbcLogger.java:143)- <==      Total: 18
2019-09-02 12:34:22,939 DEBUG (BaseJdbcLogger.java:143)- ==>  Preparing: select student_status.id,student_status.basic_id, student_status.student_id, student_status.class_id from student_status,student_basic where student_status.basic_id=student_basic.id and student_basic.sex=? and student_status.class_id=? 
2019-09-02 12:34:22,940 DEBUG (BaseJdbcLogger.java:143)- ==> Parameters: 女(String), 081001201901(String)
2019-09-02 12:34:22,943 DEBUG (BaseJdbcLogger.java:143)- ====>  Preparing: select id, name, sex, birthday, phone, ID_number, email, parent_phone, adress, major, state from student_basic where id = ? 
2019-09-02 12:34:22,944 DEBUG (BaseJdbcLogger.java:143)- ====> Parameters: 18157(String)
2019-09-02 12:34:22,947 DEBUG (BaseJdbcLogger.java:143)- <====      Total: 1
2019-09-02 12:34:22,949 DEBUG (BaseJdbcLogger.java:143)- ====>  Preparing: select id, class_id, name, director, grade, major_id from class where class_id = ? 
2019-09-02 12:34:22,951 DEBUG (BaseJdbcLogger.java:143)- ====> Parameters: 081001201901(String)
2019-09-02 12:34:22,952 DEBUG (BaseJdbcLogger.java:143)- ======>  Preparing: select id, major_id, name, price, department_id from major where major_id = ? 
2019-09-02 12:34:22,952 DEBUG (BaseJdbcLogger.java:143)- ======> Parameters: 081001(String)
2019-09-02 12:34:22,953 DEBUG (BaseJdbcLogger.java:143)- <======      Total: 1
2019-09-02 12:34:22,954 DEBUG (BaseJdbcLogger.java:143)- <====      Total: 1
2019-09-02 12:34:22,954 DEBUG (BaseJdbcLogger.java:143)- ====>  Preparing: select id, name, sex, birthday, phone, ID_number, email, parent_phone, adress, major, state from student_basic where id = ? 
2019-09-02 12:34:22,955 DEBUG (BaseJdbcLogger.java:143)- ====> Parameters: 18159(String)
2019-09-02 12:34:22,956 DEBUG (BaseJdbcLogger.java:143)- <====      Total: 1
2019-09-02 12:34:22,956 DEBUG (BaseJdbcLogger.java:143)- ====>  Preparing: select id, name, sex, birthday, phone, ID_number, email, parent_phone, adress, major, state from student_basic where id = ? 
2019-09-02 12:34:22,957 DEBUG (BaseJdbcLogger.java:143)- ====> Parameters: 18160(String)
2019-09-02 12:34:22,959 DEBUG (BaseJdbcLogger.java:143)- <====      Total: 1
2019-09-02 12:34:22,960 DEBUG (BaseJdbcLogger.java:143)- ====>  Preparing: select id, name, sex, birthday, phone, ID_number, email, parent_phone, adress, major, state from student_basic where id = ? 
2019-09-02 12:34:22,962 DEBUG (BaseJdbcLogger.java:143)- ====> Parameters: 18161(String)
2019-09-02 12:34:22,967 DEBUG (BaseJdbcLogger.java:143)- <====      Total: 1
2019-09-02 12:34:22,968 DEBUG (BaseJdbcLogger.java:143)- ====>  Preparing: select id, name, sex, birthday, phone, ID_number, email, parent_phone, adress, major, state from student_basic where id = ? 
2019-09-02 12:34:22,969 DEBUG (BaseJdbcLogger.java:143)- ====> Parameters: 18164(String)
2019-09-02 12:34:22,970 DEBUG (BaseJdbcLogger.java:143)- <====      Total: 1
2019-09-02 12:34:22,970 DEBUG (BaseJdbcLogger.java:143)- ====>  Preparing: select id, name, sex, birthday, phone, ID_number, email, parent_phone, adress, major, state from student_basic where id = ? 
2019-09-02 12:34:22,970 DEBUG (BaseJdbcLogger.java:143)- ====> Parameters: 18166(String)
2019-09-02 12:34:22,971 DEBUG (BaseJdbcLogger.java:143)- <====      Total: 1
2019-09-02 12:34:22,972 DEBUG (BaseJdbcLogger.java:143)- ====>  Preparing: select id, name, sex, birthday, phone, ID_number, email, parent_phone, adress, major, state from student_basic where id = ? 
2019-09-02 12:34:22,972 DEBUG (BaseJdbcLogger.java:143)- ====> Parameters: 18171(String)
2019-09-02 12:34:22,973 DEBUG (BaseJdbcLogger.java:143)- <====      Total: 1
2019-09-02 12:34:22,974 DEBUG (BaseJdbcLogger.java:143)- ====>  Preparing: select id, name, sex, birthday, phone, ID_number, email, parent_phone, adress, major, state from student_basic where id = ? 
2019-09-02 12:34:22,975 DEBUG (BaseJdbcLogger.java:143)- ====> Parameters: 18172(String)
2019-09-02 12:34:22,979 DEBUG (BaseJdbcLogger.java:143)- <====      Total: 1
2019-09-02 12:34:22,980 DEBUG (BaseJdbcLogger.java:143)- ====>  Preparing: select id, name, sex, birthday, phone, ID_number, email, parent_phone, adress, major, state from student_basic where id = ? 
2019-09-02 12:34:22,982 DEBUG (BaseJdbcLogger.java:143)- ====> Parameters: 18173(String)
2019-09-02 12:34:22,985 DEBUG (BaseJdbcLogger.java:143)- <====      Total: 1
2019-09-02 12:34:22,986 DEBUG (BaseJdbcLogger.java:143)- ====>  Preparing: select id, name, sex, birthday, phone, ID_number, email, parent_phone, adress, major, state from student_basic where id = ? 
2019-09-02 12:34:22,986 DEBUG (BaseJdbcLogger.java:143)- ====> Parameters: 18177(String)
2019-09-02 12:34:22,987 DEBUG (BaseJdbcLogger.java:143)- <====      Total: 1
2019-09-02 12:34:22,987 DEBUG (BaseJdbcLogger.java:143)- ====>  Preparing: select id, name, sex, birthday, phone, ID_number, email, parent_phone, adress, major, state from student_basic where id = ? 
2019-09-02 12:34:22,988 DEBUG (BaseJdbcLogger.java:143)- ====> Parameters: 18180(String)
2019-09-02 12:34:22,988 DEBUG (BaseJdbcLogger.java:143)- <====      Total: 1
2019-09-02 12:34:22,989 DEBUG (BaseJdbcLogger.java:143)- ====>  Preparing: select id, name, sex, birthday, phone, ID_number, email, parent_phone, adress, major, state from student_basic where id = ? 
2019-09-02 12:34:22,989 DEBUG (BaseJdbcLogger.java:143)- ====> Parameters: 18181(String)
2019-09-02 12:34:22,990 DEBUG (BaseJdbcLogger.java:143)- <====      Total: 1
2019-09-02 12:34:22,990 DEBUG (BaseJdbcLogger.java:143)- ====>  Preparing: select id, name, sex, birthday, phone, ID_number, email, parent_phone, adress, major, state from student_basic where id = ? 
2019-09-02 12:34:22,991 DEBUG (BaseJdbcLogger.java:143)- ====> Parameters: 18182(String)
2019-09-02 12:34:22,993 DEBUG (BaseJdbcLogger.java:143)- <====      Total: 1
2019-09-02 12:34:22,994 DEBUG (BaseJdbcLogger.java:143)- ====>  Preparing: select id, name, sex, birthday, phone, ID_number, email, parent_phone, adress, major, state from student_basic where id = ? 
2019-09-02 12:34:22,996 DEBUG (BaseJdbcLogger.java:143)- ====> Parameters: 18183(String)
2019-09-02 12:34:23,000 DEBUG (BaseJdbcLogger.java:143)- <====      Total: 1
2019-09-02 12:34:23,001 DEBUG (BaseJdbcLogger.java:143)- ====>  Preparing: select id, name, sex, birthday, phone, ID_number, email, parent_phone, adress, major, state from student_basic where id = ? 
2019-09-02 12:34:23,001 DEBUG (BaseJdbcLogger.java:143)- ====> Parameters: 18184(String)
2019-09-02 12:34:23,002 DEBUG (BaseJdbcLogger.java:143)- <====      Total: 1
2019-09-02 12:34:23,003 DEBUG (BaseJdbcLogger.java:143)- ====>  Preparing: select id, name, sex, birthday, phone, ID_number, email, parent_phone, adress, major, state from student_basic where id = ? 
2019-09-02 12:34:23,003 DEBUG (BaseJdbcLogger.java:143)- ====> Parameters: 18186(String)
2019-09-02 12:34:23,004 DEBUG (BaseJdbcLogger.java:143)- <====      Total: 1
2019-09-02 12:34:23,004 DEBUG (BaseJdbcLogger.java:143)- ====>  Preparing: select id, name, sex, birthday, phone, ID_number, email, parent_phone, adress, major, state from student_basic where id = ? 
2019-09-02 12:34:23,004 DEBUG (BaseJdbcLogger.java:143)- ====> Parameters: 18187(String)
2019-09-02 12:34:23,005 DEBUG (BaseJdbcLogger.java:143)- <====      Total: 1
2019-09-02 12:34:23,005 DEBUG (BaseJdbcLogger.java:143)- ====>  Preparing: select id, name, sex, birthday, phone, ID_number, email, parent_phone, adress, major, state from student_basic where id = ? 
2019-09-02 12:34:23,006 DEBUG (BaseJdbcLogger.java:143)- ====> Parameters: 18188(String)
2019-09-02 12:34:23,006 DEBUG (BaseJdbcLogger.java:143)- <====      Total: 1
2019-09-02 12:34:23,007 DEBUG (BaseJdbcLogger.java:143)- ====>  Preparing: select id, name, sex, birthday, phone, ID_number, email, parent_phone, adress, major, state from student_basic where id = ? 
2019-09-02 12:34:23,007 DEBUG (BaseJdbcLogger.java:143)- ====> Parameters: 18191(String)
2019-09-02 12:34:23,008 DEBUG (BaseJdbcLogger.java:143)- <====      Total: 1
2019-09-02 12:34:23,010 DEBUG (BaseJdbcLogger.java:143)- ====>  Preparing: select id, name, sex, birthday, phone, ID_number, email, parent_phone, adress, major, state from student_basic where id = ? 
2019-09-02 12:34:23,012 DEBUG (BaseJdbcLogger.java:143)- ====> Parameters: 18192(String)
2019-09-02 12:34:23,017 DEBUG (BaseJdbcLogger.java:143)- <====      Total: 1
2019-09-02 12:34:23,018 DEBUG (BaseJdbcLogger.java:143)- <==      Total: 20
2019-09-02 12:34:23,019 DEBUG (BaseJdbcLogger.java:143)- ==>  Preparing: select dormitory_allocation.id, dormitory_allocation.class_id, dormitory_allocation.dormitory_id,dormitory_allocation.number from dormitory_allocation,dormitory WHERE dormitory_allocation.dormitory_id=dormitory.id and dormitory.sex=? and class_id = ? 
2019-09-02 12:34:23,020 DEBUG (BaseJdbcLogger.java:143)- ==> Parameters: 男(String), 081001201901(String)
2019-09-02 12:34:23,022 DEBUG (BaseJdbcLogger.java:143)- ====>  Preparing: select id, dong, floor, room, sex, number, rent from dormitory where id = ? 
2019-09-02 12:34:23,023 DEBUG (BaseJdbcLogger.java:143)- ====> Parameters: 1(Integer)
2019-09-02 12:34:23,025 DEBUG (BaseJdbcLogger.java:143)- <====      Total: 1
2019-09-02 12:34:23,027 DEBUG (BaseJdbcLogger.java:143)- ====>  Preparing: select id, dong, floor, room, sex, number, rent from dormitory where id = ? 
2019-09-02 12:34:23,027 DEBUG (BaseJdbcLogger.java:143)- ====> Parameters: 2(Integer)
2019-09-02 12:34:23,030 DEBUG (BaseJdbcLogger.java:143)- <====      Total: 1
2019-09-02 12:34:23,030 DEBUG (BaseJdbcLogger.java:143)- ====>  Preparing: select id, dong, floor, room, sex, number, rent from dormitory where id = ? 
2019-09-02 12:34:23,031 DEBUG (BaseJdbcLogger.java:143)- ====> Parameters: 3(Integer)
2019-09-02 12:34:23,032 DEBUG (BaseJdbcLogger.java:143)- <====      Total: 1
2019-09-02 12:34:23,034 DEBUG (BaseJdbcLogger.java:143)- ====>  Preparing: select id, dong, floor, room, sex, number, rent from dormitory where id = ? 
2019-09-02 12:34:23,034 DEBUG (BaseJdbcLogger.java:143)- ====> Parameters: 4(Integer)
2019-09-02 12:34:23,036 DEBUG (BaseJdbcLogger.java:143)- <====      Total: 1
2019-09-02 12:34:23,036 DEBUG (BaseJdbcLogger.java:143)- <==      Total: 4
2019-09-02 12:34:23,037 DEBUG (BaseJdbcLogger.java:143)- ==>  Preparing: select dormitory_allocation.id, dormitory_allocation.class_id, dormitory_allocation.dormitory_id,dormitory_allocation.number from dormitory_allocation,dormitory WHERE dormitory_allocation.dormitory_id=dormitory.id and dormitory.sex=? and class_id = ? 
2019-09-02 12:34:23,037 DEBUG (BaseJdbcLogger.java:143)- ==> Parameters: 女(String), 081001201901(String)
2019-09-02 12:34:23,038 DEBUG (BaseJdbcLogger.java:143)- ====>  Preparing: select id, dong, floor, room, sex, number, rent from dormitory where id = ? 
2019-09-02 12:34:23,039 DEBUG (BaseJdbcLogger.java:143)- ====> Parameters: 451(Integer)
2019-09-02 12:34:23,040 DEBUG (BaseJdbcLogger.java:143)- <====      Total: 1
2019-09-02 12:34:23,040 DEBUG (BaseJdbcLogger.java:143)- ====>  Preparing: select id, dong, floor, room, sex, number, rent from dormitory where id = ? 
2019-09-02 12:34:23,041 DEBUG (BaseJdbcLogger.java:143)- ====> Parameters: 452(Integer)
2019-09-02 12:34:23,043 DEBUG (BaseJdbcLogger.java:143)- <====      Total: 1
2019-09-02 12:34:23,044 DEBUG (BaseJdbcLogger.java:143)- ====>  Preparing: select id, dong, floor, room, sex, number, rent from dormitory where id = ? 
2019-09-02 12:34:23,046 DEBUG (BaseJdbcLogger.java:143)- ====> Parameters: 453(Integer)
