2019-09-23 05:34:57,657 DEBUG (BaseJdbcLogger.java:143)- ====>  Preparing: select id, name, sex, birthday, phone, ID_number, email, parent_phone, adress, major, state from student_basic where id = ? 
2019-09-23 05:34:57,675 DEBUG (BaseJdbcLogger.java:143)- ====> Parameters: 25019(String)
2019-09-23 05:34:57,676 DEBUG (BaseJdbcLogger.java:143)- <====      Total: 1
2019-09-23 05:34:57,677 DEBUG (BaseJdbcLogger.java:143)- ====>  Preparing: select id, name, sex, birthday, phone, ID_number, email, parent_phone, adress, major, state from student_basic where id = ? 
2019-09-23 05:34:57,677 DEBUG (BaseJdbcLogger.java:143)- ====> Parameters: 25021(String)
2019-09-23 05:34:57,679 DEBUG (BaseJdbcLogger.java:143)- <====      Total: 1
2019-09-23 05:34:57,680 DEBUG (BaseJdbcLogger.java:143)- ====>  Preparing: select id, name, sex, birthday, phone, ID_number, email, parent_phone, adress, major, state from student_basic where id = ? 
2019-09-23 05:34:57,680 DEBUG (BaseJdbcLogger.java:143)- ====> Parameters: 25023(String)
2019-09-23 05:34:57,682 DEBUG (BaseJdbcLogger.java:143)- <====      Total: 1
2019-09-23 05:34:57,683 DEBUG (BaseJdbcLogger.java:143)- ====>  Preparing: select id, name, sex, birthday, phone, ID_number, email, parent_phone, adress, major, state from student_basic where id = ? 
2019-09-23 05:34:57,684 DEBUG (BaseJdbcLogger.java:143)- ====> Parameters: 25024(String)
2019-09-23 05:34:57,685 DEBUG (BaseJdbcLogger.java:143)- <====      Total: 1
2019-09-23 05:34:57,686 DEBUG (BaseJdbcLogger.java:143)- ====>  Preparing: select id, name, sex, birthday, phone, ID_number, email, parent_phone, adress, major, state from student_basic where id = ? 
2019-09-23 05:34:57,687 DEBUG (BaseJdbcLogger.java:143)- ====> Parameters: 25025(String)
2019-09-23 05:34:57,689 DEBUG (BaseJdbcLogger.java:143)- <====      Total: 1
2019-09-23 05:34:57,690 DEBUG (BaseJdbcLogger.java:143)- ====>  Preparing: select id, name, sex, birthday, phone, ID_number, email, parent_phone, adress, major, state from student_basic where id = ? 
2019-09-23 05:34:57,691 DEBUG (BaseJdbcLogger.java:143)- ====> Parameters: 25026(String)
2019-09-23 05:34:57,692 DEBUG (BaseJdbcLogger.java:143)- <====      Total: 1
2019-09-23 05:34:57,693 DEBUG (BaseJdbcLogger.java:143)- ====>  Preparing: select id, name, sex, birthday, phone, ID_number, email, parent_phone, adress, major, state from student_basic where id = ? 
2019-09-23 05:34:57,694 DEBUG (BaseJdbcLogger.java:143)- ====> Parameters: 25030(String)
2019-09-23 05:34:57,696 DEBUG (BaseJdbcLogger.java:143)- <====      Total: 1
2019-09-23 05:34:57,696 DEBUG (BaseJdbcLogger.java:143)- ====>  Preparing: select id, name, sex, birthday, phone, ID_number, email, parent_phone, adress, major, state from student_basic where id = ? 
2019-09-23 05:34:57,697 DEBUG (BaseJdbcLogger.java:143)- ====> Parameters: 25031(String)
2019-09-23 05:34:57,699 DEBUG (BaseJdbcLogger.java:143)- <====      Total: 1
2019-09-23 05:34:57,699 DEBUG (BaseJdbcLogger.java:143)- ====>  Preparing: select id, name, sex, birthday, phone, ID_number, email, parent_phone, adress, major, state from student_basic where id = ? 
2019-09-23 05:34:57,700 DEBUG (BaseJdbcLogger.java:143)- ====> Parameters: 25032(String)
2019-09-23 05:34:57,702 DEBUG (BaseJdbcLogger.java:143)- <====      Total: 1
2019-09-23 05:34:57,702 DEBUG (BaseJdbcLogger.java:143)- ====>  Preparing: select id, name, sex, birthday, phone, ID_number, email, parent_phone, adress, major, state from student_basic where id = ? 
2019-09-23 05:34:57,703 DEBUG (BaseJdbcLogger.java:143)- ====> Parameters: 25034(String)
2019-09-23 05:34:57,703 DEBUG (BaseJdbcLogger.java:143)- <====      Total: 1
2019-09-23 05:34:57,704 DEBUG (BaseJdbcLogger.java:143)- ====>  Preparing: select id, name, sex, birthday, phone, ID_number, email, parent_phone, adress, major, state from student_basic where id = ? 
2019-09-23 05:34:57,706 DEBUG (BaseJdbcLogger.java:143)- ====> Parameters: 25035(String)
2019-09-23 05:34:57,707 DEBUG (BaseJdbcLogger.java:143)- <====      Total: 1
2019-09-23 05:34:57,708 DEBUG (BaseJdbcLogger.java:143)- ====>  Preparing: select id, name, sex, birthday, phone, ID_number, email, parent_phone, adress, major, state from student_basic where id = ? 
2019-09-23 05:34:57,709 DEBUG (BaseJdbcLogger.java:143)- ====> Parameters: 25041(String)
2019-09-23 05:34:57,710 DEBUG (BaseJdbcLogger.java:143)- <====      Total: 1
2019-09-23 05:34:57,711 DEBUG (BaseJdbcLogger.java:143)- ====>  Preparing: select id, name, sex, birthday, phone, ID_number, email, parent_phone, adress, major, state from student_basic where id = ? 
2019-09-23 05:34:57,711 DEBUG (BaseJdbcLogger.java:143)- ====> Parameters: 25045(String)
2019-09-23 05:34:57,712 DEBUG (BaseJdbcLogger.java:143)- <====      Total: 1
2019-09-23 05:34:57,714 DEBUG (BaseJdbcLogger.java:143)- ====>  Preparing: select id, name, sex, birthday, phone, ID_number, email, parent_phone, adress, major, state from student_basic where id = ? 
2019-09-23 05:34:57,714 DEBUG (BaseJdbcLogger.java:143)- ====> Parameters: 25046(String)
2019-09-23 05:34:57,714 DEBUG (BaseJdbcLogger.java:143)- ==>  Preparing: select dormitory.id, dormitory.dong, dormitory.floor, dormitory.room, dormitory.sex, dormitory.number, dormitory.rent, dormitory.hasnumber from dormitory LEFT JOIN dormitory_allocation on dormitory_allocation.dormitory_id = dormitory.id LEFT JOIN class on dormitory_allocation.class_id=class.class_id LEFT JOIN major on class.major_id=major.major_id WHERE dong = ? and floor = ? group by dormitory.dong,dormitory.floor,dormitory.room 
2019-09-23 05:34:57,715 DEBUG (BaseJdbcLogger.java:143)- <====      Total: 1
2019-09-23 05:34:57,715 DEBUG (BaseJdbcLogger.java:143)- ==> Parameters: 1A(String), 1(Integer)
2019-09-23 05:34:57,715 DEBUG (BaseJdbcLogger.java:143)- ====>  Preparing: select id, name, sex, birthday, phone, ID_number, email, parent_phone, adress, major, state from student_basic where id = ? 
2019-09-23 05:34:57,716 DEBUG (BaseJdbcLogger.java:143)- ====> Parameters: 25050(String)
2019-09-23 05:34:57,717 DEBUG (BaseJdbcLogger.java:143)- <====      Total: 1
2019-09-23 05:34:57,718 DEBUG (BaseJdbcLogger.java:143)- ====>  Preparing: select id, name, sex, birthday, phone, ID_number, email, parent_phone, adress, major, state from student_basic where id = ? 
2019-09-23 05:34:57,718 DEBUG (BaseJdbcLogger.java:143)- ====> Parameters: 25051(String)
2019-09-23 05:34:57,719 DEBUG (BaseJdbcLogger.java:143)- <====      Total: 1
2019-09-23 05:34:57,720 DEBUG (BaseJdbcLogger.java:143)- <==      Total: 18
2019-09-23 05:34:57,720 DEBUG (BaseJdbcLogger.java:143)- ==>  Preparing: select dormitory_allocation.id, dormitory_allocation.class_id, dormitory_allocation.dormitory_id,dormitory_allocation.number from dormitory_allocation,dormitory WHERE dormitory_allocation.dormitory_id=dormitory.id and dormitory.sex=? and class_id = ? 
2019-09-23 05:34:57,720 DEBUG (BaseJdbcLogger.java:143)- <==      Total: 50
2019-09-23 05:34:57,720 DEBUG (BaseJdbcLogger.java:143)- ==> Parameters: 男(String), 081001201901(String)
2019-09-23 05:34:57,723 DEBUG (BaseJdbcLogger.java:143)- <==      Total: 0
2019-09-23 05:34:57,724 DEBUG (BaseJdbcLogger.java:143)- ==>  Preparing: select student_status.id,student_status.basic_id, student_status.student_id, student_status.class_id from student_status,student_basic where student_status.basic_id=student_basic.id and student_basic.sex=? and student_status.class_id=? 
2019-09-23 05:34:57,725 DEBUG (BaseJdbcLogger.java:143)- ==> Parameters: 男(String), 081001201902(String)
2019-09-23 05:34:57,738 DEBUG (BaseJdbcLogger.java:143)- ====>  Preparing: select id, name, sex, birthday, phone, ID_number, email, parent_phone, adress, major, state from student_basic where id = ? 
2019-09-23 05:34:57,740 DEBUG (BaseJdbcLogger.java:143)- ====> Parameters: 25056(String)
2019-09-23 05:34:57,742 DEBUG (BaseJdbcLogger.java:143)- <====      Total: 1
2019-09-23 05:34:57,743 DEBUG (BaseJdbcLogger.java:143)- ====>  Preparing: select id, class_id, name, director, grade, major_id from class WHERE class_id = ? 
2019-09-23 05:34:57,743 DEBUG (BaseJdbcLogger.java:143)- ====> Parameters: 081001201902(String)
2019-09-23 05:34:57,745 DEBUG (BaseJdbcLogger.java:143)- ======>  Preparing: select id, major_id, name, price, department_id from major where major_id = ? 
2019-09-23 05:34:57,746 DEBUG (BaseJdbcLogger.java:143)- ======> Parameters: 081001(String)
