2019-09-02 18:49:02,384 DEBUG (BaseJdbcLogger.java:143)- ====> Parameters: 19516(String)
2019-09-02 18:49:02,391 DEBUG (BaseJdbcLogger.java:143)- <====      Total: 1
2019-09-02 18:49:02,392 DEBUG (BaseJdbcLogger.java:143)- ====>  Preparing: select id, name, sex, birthday, phone, ID_number, email, parent_phone, adress, major, state from student_basic where id = ? 
2019-09-02 18:49:02,393 DEBUG (BaseJdbcLogger.java:143)- ====> Parameters: 19519(String)
2019-09-02 18:49:02,394 DEBUG (BaseJdbcLogger.java:143)- <====      Total: 1
2019-09-02 18:49:02,395 DEBUG (BaseJdbcLogger.java:143)- ====>  Preparing: select id, name, sex, birthday, phone, ID_number, email, parent_phone, adress, major, state from student_basic where id = ? 
2019-09-02 18:49:02,397 DEBUG (BaseJdbcLogger.java:143)- ====> Parameters: 19520(String)
2019-09-02 18:49:02,398 DEBUG (BaseJdbcLogger.java:143)- <====      Total: 1
2019-09-02 18:49:02,399 DEBUG (BaseJdbcLogger.java:143)- ====>  Preparing: select id, name, sex, birthday, phone, ID_number, email, parent_phone, adress, major, state from student_basic where id = ? 
2019-09-02 18:49:02,399 DEBUG (BaseJdbcLogger.java:143)- ====> Parameters: 19522(String)
2019-09-02 18:49:02,400 DEBUG (BaseJdbcLogger.java:143)- <====      Total: 1
2019-09-02 18:49:02,400 DEBUG (BaseJdbcLogger.java:143)- ====>  Preparing: select id, name, sex, birthday, phone, ID_number, email, parent_phone, adress, major, state from student_basic where id = ? 
2019-09-02 18:49:02,400 DEBUG (BaseJdbcLogger.java:143)- ====> Parameters: 19525(String)
2019-09-02 18:49:02,402 DEBUG (BaseJdbcLogger.java:143)- <====      Total: 1
2019-09-02 18:49:02,402 DEBUG (BaseJdbcLogger.java:143)- ====>  Preparing: select id, name, sex, birthday, phone, ID_number, email, parent_phone, adress, major, state from student_basic where id = ? 
2019-09-02 18:49:02,402 DEBUG (BaseJdbcLogger.java:143)- ====> Parameters: 19526(String)
2019-09-02 18:49:02,402 DEBUG (BaseJdbcLogger.java:143)- <====      Total: 1
2019-09-02 18:49:02,403 DEBUG (BaseJdbcLogger.java:143)- ====>  Preparing: select id, name, sex, birthday, phone, ID_number, email, parent_phone, adress, major, state from student_basic where id = ? 
2019-09-02 18:49:02,403 DEBUG (BaseJdbcLogger.java:143)- ====> Parameters: 19527(String)
2019-09-02 18:49:02,405 DEBUG (BaseJdbcLogger.java:143)- <====      Total: 1
2019-09-02 18:49:02,405 DEBUG (BaseJdbcLogger.java:143)- ====>  Preparing: select id, name, sex, birthday, phone, ID_number, email, parent_phone, adress, major, state from student_basic where id = ? 
2019-09-02 18:49:02,405 DEBUG (BaseJdbcLogger.java:143)- ====> Parameters: 19529(String)
2019-09-02 18:49:02,406 DEBUG (BaseJdbcLogger.java:143)- <====      Total: 1
2019-09-02 18:49:02,406 DEBUG (BaseJdbcLogger.java:143)- ====>  Preparing: select id, name, sex, birthday, phone, ID_number, email, parent_phone, adress, major, state from student_basic where id = ? 
2019-09-02 18:49:02,407 DEBUG (BaseJdbcLogger.java:143)- ====> Parameters: 19530(String)
2019-09-02 18:49:02,407 DEBUG (BaseJdbcLogger.java:143)- <====      Total: 1
2019-09-02 18:49:02,408 DEBUG (BaseJdbcLogger.java:143)- ====>  Preparing: select id, name, sex, birthday, phone, ID_number, email, parent_phone, adress, major, state from student_basic where id = ? 
2019-09-02 18:49:02,408 DEBUG (BaseJdbcLogger.java:143)- ====> Parameters: 19531(String)
2019-09-02 18:49:02,409 DEBUG (BaseJdbcLogger.java:143)- <====      Total: 1
2019-09-02 18:49:02,409 DEBUG (BaseJdbcLogger.java:143)- ====>  Preparing: select id, name, sex, birthday, phone, ID_number, email, parent_phone, adress, major, state from student_basic where id = ? 
2019-09-02 18:49:02,410 DEBUG (BaseJdbcLogger.java:143)- ====> Parameters: 19533(String)
2019-09-02 18:49:02,411 DEBUG (BaseJdbcLogger.java:143)- <====      Total: 1
2019-09-02 18:49:02,412 DEBUG (BaseJdbcLogger.java:143)- ====>  Preparing: select id, name, sex, birthday, phone, ID_number, email, parent_phone, adress, major, state from student_basic where id = ? 
2019-09-02 18:49:02,412 DEBUG (BaseJdbcLogger.java:143)- ====> Parameters: 19538(String)
2019-09-02 18:49:02,413 DEBUG (BaseJdbcLogger.java:143)- <====      Total: 1
2019-09-02 18:49:02,414 DEBUG (BaseJdbcLogger.java:143)- ====>  Preparing: select id, name, sex, birthday, phone, ID_number, email, parent_phone, adress, major, state from student_basic where id = ? 
2019-09-02 18:49:02,414 DEBUG (BaseJdbcLogger.java:143)- ====> Parameters: 19540(String)
2019-09-02 18:49:02,416 DEBUG (BaseJdbcLogger.java:143)- <====      Total: 1
2019-09-02 18:49:02,416 DEBUG (BaseJdbcLogger.java:143)- ====>  Preparing: select id, name, sex, birthday, phone, ID_number, email, parent_phone, adress, major, state from student_basic where id = ? 
2019-09-02 18:49:02,416 DEBUG (BaseJdbcLogger.java:143)- ====> Parameters: 19542(String)
2019-09-02 18:49:02,417 DEBUG (BaseJdbcLogger.java:143)- <====      Total: 1
2019-09-02 18:49:02,417 DEBUG (BaseJdbcLogger.java:143)- ====>  Preparing: select id, name, sex, birthday, phone, ID_number, email, parent_phone, adress, major, state from student_basic where id = ? 
2019-09-02 18:49:02,417 DEBUG (BaseJdbcLogger.java:143)- ====> Parameters: 19546(String)
2019-09-02 18:49:02,418 DEBUG (BaseJdbcLogger.java:143)- <====      Total: 1
2019-09-02 18:49:02,419 DEBUG (BaseJdbcLogger.java:143)- ====>  Preparing: select id, name, sex, birthday, phone, ID_number, email, parent_phone, adress, major, state from student_basic where id = ? 
2019-09-02 18:49:02,419 DEBUG (BaseJdbcLogger.java:143)- ====> Parameters: 19549(String)
2019-09-02 18:49:02,420 DEBUG (BaseJdbcLogger.java:143)- <====      Total: 1
2019-09-02 18:49:02,420 DEBUG (BaseJdbcLogger.java:143)- <==      Total: 17
2019-09-02 18:49:02,420 DEBUG (BaseJdbcLogger.java:143)- ==>  Preparing: select dormitory_allocation.id, dormitory_allocation.class_id, dormitory_allocation.dormitory_id,dormitory_allocation.number from dormitory_allocation,dormitory WHERE dormitory_allocation.dormitory_id=dormitory.id and dormitory.sex=? and class_id = ? 
2019-09-02 18:49:02,421 DEBUG (BaseJdbcLogger.java:143)- ==> Parameters: 男(String), 082803201902(String)
2019-09-02 18:49:02,421 DEBUG (BaseJdbcLogger.java:143)- ====>  Preparing: select id, dong, floor, room, sex, number, rent from dormitory where id = ? 
2019-09-02 18:49:02,422 DEBUG (BaseJdbcLogger.java:143)- ====> Parameters: 91(Integer)
2019-09-02 18:49:02,423 DEBUG (BaseJdbcLogger.java:143)- <====      Total: 1
2019-09-02 18:49:02,423 DEBUG (BaseJdbcLogger.java:143)- ====>  Preparing: select id, dong, floor, room, sex, number, rent from dormitory where id = ? 
2019-09-02 18:49:02,423 DEBUG (BaseJdbcLogger.java:143)- ====> Parameters: 92(Integer)
2019-09-02 18:49:02,424 DEBUG (BaseJdbcLogger.java:143)- <====      Total: 1
2019-09-02 18:49:02,425 DEBUG (BaseJdbcLogger.java:143)- ====>  Preparing: select id, dong, floor, room, sex, number, rent from dormitory where id = ? 
2019-09-02 18:49:02,425 DEBUG (BaseJdbcLogger.java:143)- ====> Parameters: 93(Integer)
2019-09-02 18:49:02,426 DEBUG (BaseJdbcLogger.java:143)- <====      Total: 1
2019-09-02 18:49:02,427 DEBUG (BaseJdbcLogger.java:143)- ====>  Preparing: select id, dong, floor, room, sex, number, rent from dormitory where id = ? 
2019-09-02 18:49:02,427 DEBUG (BaseJdbcLogger.java:143)- ====> Parameters: 99(Integer)
2019-09-02 18:49:02,429 DEBUG (BaseJdbcLogger.java:143)- <====      Total: 1
2019-09-02 18:49:02,429 DEBUG (BaseJdbcLogger.java:143)- <==      Total: 4
2019-09-02 18:49:02,429 DEBUG (BaseJdbcLogger.java:143)- ==>  Preparing: select dormitory_allocation.id, dormitory_allocation.class_id, dormitory_allocation.dormitory_id,dormitory_allocation.number from dormitory_allocation,dormitory WHERE dormitory_allocation.dormitory_id=dormitory.id and dormitory.sex=? and class_id = ? 
2019-09-02 18:49:02,429 DEBUG (BaseJdbcLogger.java:143)- ==> Parameters: 女(String), 082803201902(String)
2019-09-02 18:49:02,430 DEBUG (BaseJdbcLogger.java:143)- ====>  Preparing: select id, dong, floor, room, sex, number, rent from dormitory where id = ? 
2019-09-02 18:49:02,431 DEBUG (BaseJdbcLogger.java:143)- ====> Parameters: 526(Integer)
2019-09-02 18:49:02,432 DEBUG (BaseJdbcLogger.java:143)- <====      Total: 1
2019-09-02 18:49:02,433 DEBUG (BaseJdbcLogger.java:143)- ====>  Preparing: select id, dong, floor, room, sex, number, rent from dormitory where id = ? 
2019-09-02 18:49:02,434 DEBUG (BaseJdbcLogger.java:143)- ====> Parameters: 527(Integer)
2019-09-02 18:49:02,438 DEBUG (BaseJdbcLogger.java:143)- <====      Total: 1
2019-09-02 18:49:02,438 DEBUG (BaseJdbcLogger.java:143)- ====>  Preparing: select id, dong, floor, room, sex, number, rent from dormitory where id = ? 
2019-09-02 18:49:02,438 DEBUG (BaseJdbcLogger.java:143)- ====> Parameters: 528(Integer)
2019-09-02 18:49:02,439 DEBUG (BaseJdbcLogger.java:143)- <====      Total: 1
2019-09-02 18:49:02,440 DEBUG (BaseJdbcLogger.java:143)- ====>  Preparing: select id, dong, floor, room, sex, number, rent from dormitory where id = ? 
2019-09-02 18:49:02,440 DEBUG (BaseJdbcLogger.java:143)- ====> Parameters: 533(Integer)
2019-09-02 18:49:02,442 DEBUG (BaseJdbcLogger.java:143)- <====      Total: 1
2019-09-02 18:49:02,442 DEBUG (BaseJdbcLogger.java:143)- <==      Total: 4
2019-09-02 18:49:02,443 DEBUG (BaseJdbcLogger.java:143)- ==>  Preparing: select student_status.id,student_status.basic_id, student_status.student_id, student_status.class_id from student_status,student_basic where student_status.basic_id=student_basic.id and student_basic.sex=? and student_status.class_id=? 
2019-09-02 18:49:02,443 DEBUG (BaseJdbcLogger.java:143)- ==> Parameters: 男(String), 082803201903(String)
2019-09-02 18:49:02,444 DEBUG (BaseJdbcLogger.java:143)- ====>  Preparing: select id, name, sex, birthday, phone, ID_number, email, parent_phone, adress, major, state from student_basic where id = ? 
2019-09-02 18:49:02,445 DEBUG (BaseJdbcLogger.java:143)- ====> Parameters: 19544(String)
2019-09-02 18:49:02,446 DEBUG (BaseJdbcLogger.java:143)- <====      Total: 1
2019-09-02 18:49:02,446 DEBUG (BaseJdbcLogger.java:143)- ====>  Preparing: select id, class_id, name, director, grade, major_id from class where class_id = ? 
2019-09-02 18:49:02,447 DEBUG (BaseJdbcLogger.java:143)- ====> Parameters: 082803201903(String)
2019-09-02 18:49:02,448 DEBUG (BaseJdbcLogger.java:143)- ======>  Preparing: select id, major_id, name, price, department_id from major where major_id = ? 
2019-09-02 18:49:02,448 DEBUG (BaseJdbcLogger.java:143)- ======> Parameters: 082803(String)
2019-09-02 18:49:02,449 DEBUG (BaseJdbcLogger.java:143)- <======      Total: 1
2019-09-02 18:49:02,450 DEBUG (BaseJdbcLogger.java:143)- <====      Total: 1
2019-09-02 18:49:02,451 DEBUG (BaseJdbcLogger.java:143)- ====>  Preparing: select id, name, sex, birthday, phone, ID_number, email, parent_phone, adress, major, state from student_basic where id = ? 
2019-09-02 18:49:02,452 DEBUG (BaseJdbcLogger.java:143)- ====> Parameters: 19545(String)
2019-09-02 18:49:02,452 DEBUG (BaseJdbcLogger.java:143)- <====      Total: 1
2019-09-02 18:49:02,452 DEBUG (BaseJdbcLogger.java:143)- ====>  Preparing: select id, name, sex, birthday, phone, ID_number, email, parent_phone, adress, major, state from student_basic where id = ? 
2019-09-02 18:49:02,453 DEBUG (BaseJdbcLogger.java:143)- ====> Parameters: 19547(String)
2019-09-02 18:49:02,454 DEBUG (BaseJdbcLogger.java:143)- <====      Total: 1
2019-09-02 18:49:02,454 DEBUG (BaseJdbcLogger.java:143)- ====>  Preparing: select id, name, sex, birthday, phone, ID_number, email, parent_phone, adress, major, state from student_basic where id = ? 
2019-09-02 18:49:02,454 DEBUG (BaseJdbcLogger.java:143)- ====> Parameters: 19548(String)
2019-09-02 18:49:02,456 DEBUG (BaseJdbcLogger.java:143)- <====      Total: 1
2019-09-02 18:49:02,456 DEBUG (BaseJdbcLogger.java:143)- ====>  Preparing: select id, name, sex, birthday, phone, ID_number, email, parent_phone, adress, major, state from student_basic where id = ? 
2019-09-02 18:49:02,456 DEBUG (BaseJdbcLogger.java:143)- ====> Parameters: 19550(String)
2019-09-02 18:49:02,457 DEBUG (BaseJdbcLogger.java:143)- <====      Total: 1
2019-09-02 18:49:02,457 DEBUG (BaseJdbcLogger.java:143)- ====>  Preparing: select id, name, sex, birthday, phone, ID_number, email, parent_phone, adress, major, state from student_basic where id = ? 
2019-09-02 18:49:02,458 DEBUG (BaseJdbcLogger.java:143)- ====> Parameters: 19553(String)
2019-09-02 18:49:02,459 DEBUG (BaseJdbcLogger.java:143)- <====      Total: 1
2019-09-02 18:49:02,460 DEBUG (BaseJdbcLogger.java:143)- ====>  Preparing: select id, name, sex, birthday, phone, ID_number, email, parent_phone, adress, major, state from student_basic where id = ? 
2019-09-02 18:49:02,460 DEBUG (BaseJdbcLogger.java:143)- ====> Parameters: 19555(String)
2019-09-02 18:49:02,461 DEBUG (BaseJdbcLogger.java:143)- <====      Total: 1
2019-09-02 18:49:02,462 DEBUG (BaseJdbcLogger.java:143)- ====>  Preparing: select id, name, sex, birthday, phone, ID_number, email, parent_phone, adress, major, state from student_basic where id = ? 
2019-09-02 18:49:02,463 DEBUG (BaseJdbcLogger.java:143)- ====> Parameters: 19561(String)
2019-09-02 18:49:02,464 DEBUG (BaseJdbcLogger.java:143)- <====      Total: 1
2019-09-02 18:49:02,464 DEBUG (BaseJdbcLogger.java:143)- ====>  Preparing: select id, name, sex, birthday, phone, ID_number, email, parent_phone, adress, major, state from student_basic where id = ? 
2019-09-02 18:49:02,465 DEBUG (BaseJdbcLogger.java:143)- ====> Parameters: 19562(String)
2019-09-02 18:49:02,466 DEBUG (BaseJdbcLogger.java:143)- <====      Total: 1
2019-09-02 18:49:02,466 DEBUG (BaseJdbcLogger.java:143)- ====>  Preparing: select id, name, sex, birthday, phone, ID_number, email, parent_phone, adress, major, state from student_basic where id = ? 
2019-09-02 18:49:02,467 DEBUG (BaseJdbcLogger.java:143)- ====> Parameters: 19564(String)
2019-09-02 18:49:02,467 DEBUG (BaseJdbcLogger.java:143)- <====      Total: 1
2019-09-02 18:49:02,468 DEBUG (BaseJdbcLogger.java:143)- ====>  Preparing: select id, name, sex, birthday, phone, ID_number, email, parent_phone, adress, major, state from student_basic where id = ? 
2019-09-02 18:49:02,468 DEBUG (BaseJdbcLogger.java:143)- ====> Parameters: 19565(String)
2019-09-02 18:49:02,469 DEBUG (BaseJdbcLogger.java:143)- <====      Total: 1
2019-09-02 18:49:02,470 DEBUG (BaseJdbcLogger.java:143)- ====>  Preparing: select id, name, sex, birthday, phone, ID_number, email, parent_phone, adress, major, state from student_basic where id = ? 
2019-09-02 18:49:02,470 DEBUG (BaseJdbcLogger.java:143)- ====> Parameters: 19566(String)
2019-09-02 18:49:02,471 DEBUG (BaseJdbcLogger.java:143)- <====      Total: 1
2019-09-02 18:49:02,472 DEBUG (BaseJdbcLogger.java:143)- ====>  Preparing: select id, name, sex, birthday, phone, ID_number, email, parent_phone, adress, major, state from student_basic where id = ? 
2019-09-02 18:49:02,472 DEBUG (BaseJdbcLogger.java:143)- ====> Parameters: 19567(String)
2019-09-02 18:49:02,473 DEBUG (BaseJdbcLogger.java:143)- <====      Total: 1
2019-09-02 18:49:02,473 DEBUG (BaseJdbcLogger.java:143)- ====>  Preparing: select id, name, sex, birthday, phone, ID_number, email, parent_phone, adress, major, state from student_basic where id = ? 
2019-09-02 18:49:02,473 DEBUG (BaseJdbcLogger.java:143)- ====> Parameters: 19570(String)
2019-09-02 18:49:02,474 DEBUG (BaseJdbcLogger.java:143)- <====      Total: 1
2019-09-02 18:49:02,475 DEBUG (BaseJdbcLogger.java:143)- ====>  Preparing: select id, name, sex, birthday, phone, ID_number, email, parent_phone, adress, major, state from student_basic where id = ? 
2019-09-02 18:49:02,475 DEBUG (BaseJdbcLogger.java:143)- ====> Parameters: 19573(String)
2019-09-02 18:49:02,476 DEBUG (BaseJdbcLogger.java:143)- <====      Total: 1
2019-09-02 18:49:02,476 DEBUG (BaseJdbcLogger.java:143)- ====>  Preparing: select id, name, sex, birthday, phone, ID_number, email, parent_phone, adress, major, state from student_basic where id = ? 
2019-09-02 18:49:02,477 DEBUG (BaseJdbcLogger.java:143)- ====> Parameters: 19574(String)
2019-09-02 18:49:02,478 DEBUG (BaseJdbcLogger.java:143)- <====      Total: 1
2019-09-02 18:49:02,478 DEBUG (BaseJdbcLogger.java:143)- <==      Total: 16
2019-09-02 18:49:02,478 DEBUG (BaseJdbcLogger.java:143)- ==>  Preparing: select student_status.id,student_status.basic_id, student_status.student_id, student_status.class_id from student_status,student_basic where student_status.basic_id=student_basic.id and student_basic.sex=? and student_status.class_id=? 
2019-09-02 18:49:02,478 DEBUG (BaseJdbcLogger.java:143)- ==> Parameters: 女(String), 082803201903(String)
2019-09-02 18:49:02,480 DEBUG (BaseJdbcLogger.java:143)- ====>  Preparing: select id, name, sex, birthday, phone, ID_number, email, parent_phone, adress, major, state from student_basic where id = ? 
2019-09-02 18:49:02,481 DEBUG (BaseJdbcLogger.java:143)- ====> Parameters: 19551(String)
2019-09-02 18:49:02,482 DEBUG (BaseJdbcLogger.java:143)- <====      Total: 1
2019-09-02 18:49:02,482 DEBUG (BaseJdbcLogger.java:143)- ====>  Preparing: select id, class_id, name, director, grade, major_id from class where class_id = ? 
2019-09-02 18:49:02,482 DEBUG (BaseJdbcLogger.java:143)- ====> Parameters: 082803201903(String)
2019-09-02 18:49:02,483 DEBUG (BaseJdbcLogger.java:143)- ======>  Preparing: select id, major_id, name, price, department_id from major where major_id = ? 
2019-09-02 18:49:02,484 DEBUG (BaseJdbcLogger.java:143)- ======> Parameters: 082803(String)
2019-09-02 18:49:02,487 DEBUG (BaseJdbcLogger.java:143)- <======      Total: 1
2019-09-02 18:49:02,487 DEBUG (BaseJdbcLogger.java:143)- <====      Total: 1
2019-09-02 18:49:02,488 DEBUG (BaseJdbcLogger.java:143)- ====>  Preparing: select id, name, sex, birthday, phone, ID_number, email, parent_phone, adress, major, state from student_basic where id = ? 
2019-09-02 18:49:02,488 DEBUG (BaseJdbcLogger.java:143)- ====> Parameters: 19552(String)
2019-09-02 18:49:02,490 DEBUG (BaseJdbcLogger.java:143)- <====      Total: 1
2019-09-02 18:49:02,490 DEBUG (BaseJdbcLogger.java:143)- ====>  Preparing: select id, name, sex, birthday, phone, ID_number, email, parent_phone, adress, major, state from student_basic where id = ? 
2019-09-02 18:49:02,490 DEBUG (BaseJdbcLogger.java:143)- ====> Parameters: 19554(String)
2019-09-02 18:49:02,491 DEBUG (BaseJdbcLogger.java:143)- <====      Total: 1
2019-09-02 18:49:02,491 DEBUG (BaseJdbcLogger.java:143)- ====>  Preparing: select id, name, sex, birthday, phone, ID_number, email, parent_phone, adress, major, state from student_basic where id = ? 
2019-09-02 18:49:02,492 DEBUG (BaseJdbcLogger.java:143)- ====> Parameters: 19556(String)
2019-09-02 18:49:02,493 DEBUG (BaseJdbcLogger.java:143)- <====      Total: 1
2019-09-02 18:49:02,494 DEBUG (BaseJdbcLogger.java:143)- ====>  Preparing: select id, name, sex, birthday, phone, ID_number, email, parent_phone, adress, major, state from student_basic where id = ? 
2019-09-02 18:49:02,494 DEBUG (BaseJdbcLogger.java:143)- ====> Parameters: 19557(String)
2019-09-02 18:49:02,497 DEBUG (BaseJdbcLogger.java:143)- <====      Total: 1
2019-09-02 18:49:02,497 DEBUG (BaseJdbcLogger.java:143)- ====>  Preparing: select id, name, sex, birthday, phone, ID_number, email, parent_phone, adress, major, state from student_basic where id = ? 
2019-09-02 18:49:02,498 DEBUG (BaseJdbcLogger.java:143)- ====> Parameters: 19558(String)
2019-09-02 18:49:02,499 DEBUG (BaseJdbcLogger.java:143)- <====      Total: 1
2019-09-02 18:49:02,499 DEBUG (BaseJdbcLogger.java:143)- ====>  Preparing: select id, name, sex, birthday, phone, ID_number, email, parent_phone, adress, major, state from student_basic where id = ? 
2019-09-02 18:49:02,500 DEBUG (BaseJdbcLogger.java:143)- ====> Parameters: 19559(String)
2019-09-02 18:49:02,501 DEBUG (BaseJdbcLogger.java:143)- <====      Total: 1
2019-09-02 18:49:02,502 DEBUG (BaseJdbcLogger.java:143)- ====>  Preparing: select id, name, sex, birthday, phone, ID_number, email, parent_phone, adress, major, state from student_basic where id = ? 
2019-09-02 18:49:02,502 DEBUG (BaseJdbcLogger.java:143)- ====> Parameters: 19560(String)
2019-09-02 18:49:02,503 DEBUG (BaseJdbcLogger.java:143)- <====      Total: 1
2019-09-02 18:49:02,503 DEBUG (BaseJdbcLogger.java:143)- ====>  Preparing: select id, name, sex, birthday, phone, ID_number, email, parent_phone, adress, major, state from student_basic where id = ? 
2019-09-02 18:49:02,503 DEBUG (BaseJdbcLogger.java:143)- ====> Parameters: 19563(String)
2019-09-02 18:49:02,504 DEBUG (BaseJdbcLogger.java:143)- <====      Total: 1
2019-09-02 18:49:02,504 DEBUG (BaseJdbcLogger.java:143)- ====>  Preparing: select id, name, sex, birthday, phone, ID_number, email, parent_phone, adress, major, state from student_basic where id = ? 
2019-09-02 18:49:02,504 DEBUG (BaseJdbcLogger.java:143)- ====> Parameters: 19568(String)
2019-09-02 18:49:02,506 DEBUG (BaseJdbcLogger.java:143)- <====      Total: 1
2019-09-02 18:49:02,506 DEBUG (BaseJdbcLogger.java:143)- ====>  Preparing: select id, name, sex, birthday, phone, ID_number, email, parent_phone, adress, major, state from student_basic where id = ? 
2019-09-02 18:49:02,506 DEBUG (BaseJdbcLogger.java:143)- ====> Parameters: 19569(String)
2019-09-02 18:49:02,506 DEBUG (BaseJdbcLogger.java:143)- <====      Total: 1
2019-09-02 18:49:02,506 DEBUG (BaseJdbcLogger.java:143)- ====>  Preparing: select id, name, sex, birthday, phone, ID_number, email, parent_phone, adress, major, state from student_basic where id = ? 
2019-09-02 18:49:02,507 DEBUG (BaseJdbcLogger.java:143)- ====> Parameters: 19571(String)
2019-09-02 18:49:02,508 DEBUG (BaseJdbcLogger.java:143)- <====      Total: 1
2019-09-02 18:49:02,508 DEBUG (BaseJdbcLogger.java:143)- ====>  Preparing: select id, name, sex, birthday, phone, ID_number, email, parent_phone, adress, major, state from student_basic where id = ? 
2019-09-02 18:49:02,508 DEBUG (BaseJdbcLogger.java:143)- ====> Parameters: 19572(String)
2019-09-02 18:49:02,510 DEBUG (BaseJdbcLogger.java:143)- <====      Total: 1
2019-09-02 18:49:02,510 DEBUG (BaseJdbcLogger.java:143)- ====>  Preparing: select id, name, sex, birthday, phone, ID_number, email, parent_phone, adress, major, state from student_basic where id = ? 
2019-09-02 18:49:02,510 DEBUG (BaseJdbcLogger.java:143)- ====> Parameters: 19575(String)
2019-09-02 18:49:02,511 DEBUG (BaseJdbcLogger.java:143)- <====      Total: 1
2019-09-02 18:49:02,511 DEBUG (BaseJdbcLogger.java:143)- ====>  Preparing: select id, name, sex, birthday, phone, ID_number, email, parent_phone, adress, major, state from student_basic where id = ? 
2019-09-02 18:49:02,512 DEBUG (BaseJdbcLogger.java:143)- ====> Parameters: 19576(String)
2019-09-02 18:49:02,513 DEBUG (BaseJdbcLogger.java:143)- <====      Total: 1
2019-09-02 18:49:02,513 DEBUG (BaseJdbcLogger.java:143)- ====>  Preparing: select id, name, sex, birthday, phone, ID_number, email, parent_phone, adress, major, state from student_basic where id = ? 
2019-09-02 18:49:02,514 DEBUG (BaseJdbcLogger.java:143)- ====> Parameters: 19577(String)
2019-09-02 18:49:02,515 DEBUG (BaseJdbcLogger.java:143)- <====      Total: 1
2019-09-02 18:49:02,515 DEBUG (BaseJdbcLogger.java:143)- <==      Total: 16
2019-09-02 18:49:02,516 DEBUG (BaseJdbcLogger.java:143)- ==>  Preparing: select dormitory_allocation.id, dormitory_allocation.class_id, dormitory_allocation.dormitory_id,dormitory_allocation.number from dormitory_allocation,dormitory WHERE dormitory_allocation.dormitory_id=dormitory.id and dormitory.sex=? and class_id = ? 
2019-09-02 18:49:02,516 DEBUG (BaseJdbcLogger.java:143)- ==> Parameters: 男(String), 082803201903(String)
2019-09-02 18:49:02,518 DEBUG (BaseJdbcLogger.java:143)- ====>  Preparing: select id, dong, floor, room, sex, number, rent from dormitory where id = ? 
2019-09-02 18:49:02,518 DEBUG (BaseJdbcLogger.java:143)- ====> Parameters: 94(Integer)
2019-09-02 18:49:02,520 DEBUG (BaseJdbcLogger.java:143)- <====      Total: 1
2019-09-02 18:49:02,520 DEBUG (BaseJdbcLogger.java:143)- ====>  Preparing: select id, dong, floor, room, sex, number, rent from dormitory where id = ? 
2019-09-02 18:49:02,520 DEBUG (BaseJdbcLogger.java:143)- ====> Parameters: 95(Integer)
2019-09-02 18:49:02,520 DEBUG (BaseJdbcLogger.java:143)- <====      Total: 1
2019-09-02 18:49:02,521 DEBUG (BaseJdbcLogger.java:143)- ====>  Preparing: select id, dong, floor, room, sex, number, rent from dormitory where id = ? 
2019-09-02 18:49:02,521 DEBUG (BaseJdbcLogger.java:143)- ====> Parameters: 96(Integer)
2019-09-02 18:49:02,523 DEBUG (BaseJdbcLogger.java:143)- <====      Total: 1
2019-09-02 18:49:02,523 DEBUG (BaseJdbcLogger.java:143)- ====>  Preparing: select id, dong, floor, room, sex, number, rent from dormitory where id = ? 
2019-09-02 18:49:02,523 DEBUG (BaseJdbcLogger.java:143)- ====> Parameters: 99(Integer)
2019-09-02 18:49:02,524 DEBUG (BaseJdbcLogger.java:143)- <====      Total: 1
2019-09-02 18:49:02,524 DEBUG (BaseJdbcLogger.java:143)- <==      Total: 4
2019-09-02 18:49:02,524 DEBUG (BaseJdbcLogger.java:143)- ==>  Preparing: select dormitory_allocation.id, dormitory_allocation.class_id, dormitory_allocation.dormitory_id,dormitory_allocation.number from dormitory_allocation,dormitory WHERE dormitory_allocation.dormitory_id=dormitory.id and dormitory.sex=? and class_id = ? 
2019-09-02 18:49:02,524 DEBUG (BaseJdbcLogger.java:143)- ==> Parameters: 女(String), 082803201903(String)
2019-09-02 18:49:02,525 DEBUG (BaseJdbcLogger.java:143)- ====>  Preparing: select id, dong, floor, room, sex, number, rent from dormitory where id = ? 
2019-09-02 18:49:02,527 DEBUG (BaseJdbcLogger.java:143)- ====> Parameters: 529(Integer)
2019-09-02 18:49:02,527 DEBUG (BaseJdbcLogger.java:143)- <====      Total: 1
2019-09-02 18:49:02,527 DEBUG (BaseJdbcLogger.java:143)- ====>  Preparing: select id, dong, floor, room, sex, number, rent from dormitory where id = ? 
2019-09-02 18:49:02,527 DEBUG (BaseJdbcLogger.java:143)- ====> Parameters: 530(Integer)
2019-09-02 18:49:02,529 DEBUG (BaseJdbcLogger.java:143)- <====      Total: 1
2019-09-02 18:49:02,529 DEBUG (BaseJdbcLogger.java:143)- ====>  Preparing: select id, dong, floor, room, sex, number, rent from dormitory where id = ? 
2019-09-02 18:49:02,529 DEBUG (BaseJdbcLogger.java:143)- ====> Parameters: 531(Integer)
2019-09-02 18:49:02,530 DEBUG (BaseJdbcLogger.java:143)- <====      Total: 1
2019-09-02 18:49:02,530 DEBUG (BaseJdbcLogger.java:143)- ====>  Preparing: select id, dong, floor, room, sex, number, rent from dormitory where id = ? 
2019-09-02 18:49:02,530 DEBUG (BaseJdbcLogger.java:143)- ====> Parameters: 533(Integer)
2019-09-02 18:49:02,530 DEBUG (BaseJdbcLogger.java:143)- <====      Total: 1
2019-09-02 18:49:02,530 DEBUG (BaseJdbcLogger.java:143)- <==      Total: 4
2019-09-02 18:49:02,531 DEBUG (BaseJdbcLogger.java:143)- ==>  Preparing: select student_status.id,student_status.basic_id, student_status.student_id, student_status.class_id from student_status,student_basic where student_status.basic_id=student_basic.id and student_basic.sex=? and student_status.class_id=? 
2019-09-02 18:49:02,531 DEBUG (BaseJdbcLogger.java:143)- ==> Parameters: 男(String), 080205201904(String)
2019-09-02 18:49:02,533 DEBUG (BaseJdbcLogger.java:143)- ====>  Preparing: select id, name, sex, birthday, phone, ID_number, email, parent_phone, adress, major, state from student_basic where id = ? 
2019-09-02 18:49:02,533 DEBUG (BaseJdbcLogger.java:143)- ====> Parameters: 19752(String)
2019-09-02 18:49:02,534 DEBUG (BaseJdbcLogger.java:143)- <====      Total: 1
2019-09-02 18:49:02,535 DEBUG (BaseJdbcLogger.java:143)- ====>  Preparing: select id, class_id, name, director, grade, major_id from class where class_id = ? 
2019-09-02 18:49:02,538 DEBUG (BaseJdbcLogger.java:143)- ====> Parameters: 080205201904(String)
2019-09-02 18:49:02,538 DEBUG (BaseJdbcLogger.java:143)- ======>  Preparing: select id, major_id, name, price, department_id from major where major_id = ? 
2019-09-02 18:49:02,538 DEBUG (BaseJdbcLogger.java:143)- ======> Parameters: 080205(String)
2019-09-02 18:49:02,540 DEBUG (BaseJdbcLogger.java:143)- <======      Total: 1
2019-09-02 18:49:02,540 DEBUG (BaseJdbcLogger.java:143)- <====      Total: 1
2019-09-02 18:49:02,541 DEBUG (BaseJdbcLogger.java:143)- ====>  Preparing: select id, name, sex, birthday, phone, ID_number, email, parent_phone, adress, major, state from student_basic where id = ? 
2019-09-02 18:49:02,542 DEBUG (BaseJdbcLogger.java:143)- ====> Parameters: 19753(String)
2019-09-02 18:49:02,544 DEBUG (BaseJdbcLogger.java:143)- <====      Total: 1
2019-09-02 18:49:02,544 DEBUG (BaseJdbcLogger.java:143)- ====>  Preparing: select id, name, sex, birthday, phone, ID_number, email, parent_phone, adress, major, state from student_basic where id = ? 
2019-09-02 18:49:02,544 DEBUG (BaseJdbcLogger.java:143)- ====> Parameters: 19754(String)
2019-09-02 18:49:02,545 DEBUG (BaseJdbcLogger.java:143)- <====      Total: 1
2019-09-02 18:49:02,545 DEBUG (BaseJdbcLogger.java:143)- ====>  Preparing: select id, name, sex, birthday, phone, ID_number, email, parent_phone, adress, major, state from student_basic where id = ? 
2019-09-02 18:49:02,547 DEBUG (BaseJdbcLogger.java:143)- ====> Parameters: 19755(String)
2019-09-02 18:49:02,548 DEBUG (BaseJdbcLogger.java:143)- <====      Total: 1
2019-09-02 18:49:02,548 DEBUG (BaseJdbcLogger.java:143)- ====>  Preparing: select id, name, sex, birthday, phone, ID_number, email, parent_phone, adress, major, state from student_basic where id = ? 
2019-09-02 18:49:02,549 DEBUG (BaseJdbcLogger.java:143)- ====> Parameters: 19757(String)
2019-09-02 18:49:02,550 DEBUG (BaseJdbcLogger.java:143)- <====      Total: 1
2019-09-02 18:49:02,550 DEBUG (BaseJdbcLogger.java:143)- ====>  Preparing: select id, name, sex, birthday, phone, ID_number, email, parent_phone, adress, major, state from student_basic where id = ? 
2019-09-02 18:49:02,551 DEBUG (BaseJdbcLogger.java:143)- ====> Parameters: 19760(String)
2019-09-02 18:49:02,552 DEBUG (BaseJdbcLogger.java:143)- <====      Total: 1
2019-09-02 18:49:02,553 DEBUG (BaseJdbcLogger.java:143)- ====>  Preparing: select id, name, sex, birthday, phone, ID_number, email, parent_phone, adress, major, state from student_basic where id = ? 
2019-09-02 18:49:02,554 DEBUG (BaseJdbcLogger.java:143)- ====> Parameters: 19762(String)
2019-09-02 18:49:02,555 DEBUG (BaseJdbcLogger.java:143)- <====      Total: 1
2019-09-02 18:49:02,555 DEBUG (BaseJdbcLogger.java:143)- ====>  Preparing: select id, name, sex, birthday, phone, ID_number, email, parent_phone, adress, major, state from student_basic where id = ? 
2019-09-02 18:49:02,557 DEBUG (BaseJdbcLogger.java:143)- ====> Parameters: 19763(String)
2019-09-02 18:49:02,557 DEBUG (BaseJdbcLogger.java:143)- <====      Total: 1
2019-09-02 18:49:02,557 DEBUG (BaseJdbcLogger.java:143)- ====>  Preparing: select id, name, sex, birthday, phone, ID_number, email, parent_phone, adress, major, state from student_basic where id = ? 
2019-09-02 18:49:02,557 DEBUG (BaseJdbcLogger.java:143)- ====> Parameters: 19765(String)
2019-09-02 18:49:02,559 DEBUG (BaseJdbcLogger.java:143)- <====      Total: 1
2019-09-02 18:49:02,559 DEBUG (BaseJdbcLogger.java:143)- ====>  Preparing: select id, name, sex, birthday, phone, ID_number, email, parent_phone, adress, major, state from student_basic where id = ? 
2019-09-02 18:49:02,559 DEBUG (BaseJdbcLogger.java:143)- ====> Parameters: 19766(String)
2019-09-02 18:49:02,560 DEBUG (BaseJdbcLogger.java:143)- <====      Total: 1
2019-09-02 18:49:02,561 DEBUG (BaseJdbcLogger.java:143)- ====>  Preparing: select id, name, sex, birthday, phone, ID_number, email, parent_phone, adress, major, state from student_basic where id = ? 
2019-09-02 18:49:02,561 DEBUG (BaseJdbcLogger.java:143)- ====> Parameters: 19767(String)
2019-09-02 18:49:02,563 DEBUG (BaseJdbcLogger.java:143)- <====      Total: 1
2019-09-02 18:49:02,563 DEBUG (BaseJdbcLogger.java:143)- ====>  Preparing: select id, name, sex, birthday, phone, ID_number, email, parent_phone, adress, major, state from student_basic where id = ? 
2019-09-02 18:49:02,564 DEBUG (BaseJdbcLogger.java:143)- ====> Parameters: 19769(String)
2019-09-02 18:49:02,565 DEBUG (BaseJdbcLogger.java:143)- <====      Total: 1
2019-09-02 18:49:02,566 DEBUG (BaseJdbcLogger.java:143)- ====>  Preparing: select id, name, sex, birthday, phone, ID_number, email, parent_phone, adress, major, state from student_basic where id = ? 
2019-09-02 18:49:02,566 DEBUG (BaseJdbcLogger.java:143)- ====> Parameters: 19771(String)
2019-09-02 18:49:02,567 DEBUG (BaseJdbcLogger.java:143)- <====      Total: 1
2019-09-02 18:49:02,567 DEBUG (BaseJdbcLogger.java:143)- ====>  Preparing: select id, name, sex, birthday, phone, ID_number, email, parent_phone, adress, major, state from student_basic where id = ? 
2019-09-02 18:49:02,567 DEBUG (BaseJdbcLogger.java:143)- ====> Parameters: 19773(String)
2019-09-02 18:49:02,568 DEBUG (BaseJdbcLogger.java:143)- <====      Total: 1
2019-09-02 18:49:02,569 DEBUG (BaseJdbcLogger.java:143)- ====>  Preparing: select id, name, sex, birthday, phone, ID_number, email, parent_phone, adress, major, state from student_basic where id = ? 
2019-09-02 18:49:02,569 DEBUG (BaseJdbcLogger.java:143)- ====> Parameters: 19774(String)
2019-09-02 18:49:02,570 DEBUG (BaseJdbcLogger.java:143)- <====      Total: 1
2019-09-02 18:49:02,570 DEBUG (BaseJdbcLogger.java:143)- ====>  Preparing: select id, name, sex, birthday, phone, ID_number, email, parent_phone, adress, major, state from student_basic where id = ? 
2019-09-02 18:49:02,570 DEBUG (BaseJdbcLogger.java:143)- ====> Parameters: 19776(String)
2019-09-02 18:49:02,571 DEBUG (BaseJdbcLogger.java:143)- <====      Total: 1
2019-09-02 18:49:02,572 DEBUG (BaseJdbcLogger.java:143)- ====>  Preparing: select id, name, sex, birthday, phone, ID_number, email, parent_phone, adress, major, state from student_basic where id = ? 
2019-09-02 18:49:02,572 DEBUG (BaseJdbcLogger.java:143)- ====> Parameters: 19778(String)
2019-09-02 18:49:02,573 DEBUG (BaseJdbcLogger.java:143)- <====      Total: 1
2019-09-02 18:49:02,573 DEBUG (BaseJdbcLogger.java:143)- ====>  Preparing: select id, name, sex, birthday, phone, ID_number, email, parent_phone, adress, major, state from student_basic where id = ? 
2019-09-02 18:49:02,574 DEBUG (BaseJdbcLogger.java:143)- ====> Parameters: 19780(String)
2019-09-02 18:49:02,575 DEBUG (BaseJdbcLogger.java:143)- <====      Total: 1
2019-09-02 18:49:02,575 DEBUG (BaseJdbcLogger.java:143)- ====>  Preparing: select id, name, sex, birthday, phone, ID_number, email, parent_phone, adress, major, state from student_basic where id = ? 
2019-09-02 18:49:02,575 DEBUG (BaseJdbcLogger.java:143)- ====> Parameters: 19783(String)
2019-09-02 18:49:02,576 DEBUG (BaseJdbcLogger.java:143)- <====      Total: 1
2019-09-02 18:49:02,576 DEBUG (BaseJdbcLogger.java:143)- ====>  Preparing: select id, name, sex, birthday, phone, ID_number, email, parent_phone, adress, major, state from student_basic where id = ? 
2019-09-02 18:49:02,576 DEBUG (BaseJdbcLogger.java:143)- ====> Parameters: 19785(String)
2019-09-02 18:49:02,578 DEBUG (BaseJdbcLogger.java:143)- <====      Total: 1
2019-09-02 18:49:02,578 DEBUG (BaseJdbcLogger.java:143)- ====>  Preparing: select id, name, sex, birthday, phone, ID_number, email, parent_phone, adress, major, state from student_basic where id = ? 
2019-09-02 18:49:02,578 DEBUG (BaseJdbcLogger.java:143)- ====> Parameters: 19786(String)
2019-09-02 18:49:02,578 DEBUG (BaseJdbcLogger.java:143)- <====      Total: 1
2019-09-02 18:49:02,579 DEBUG (BaseJdbcLogger.java:143)- ====>  Preparing: select id, name, sex, birthday, phone, ID_number, email, parent_phone, adress, major, state from student_basic where id = ? 
2019-09-02 18:49:02,580 DEBUG (BaseJdbcLogger.java:143)- ====> Parameters: 19789(String)
2019-09-02 18:49:02,580 DEBUG (BaseJdbcLogger.java:143)- <====      Total: 1
2019-09-02 18:49:02,580 DEBUG (BaseJdbcLogger.java:143)- <==      Total: 22
2019-09-02 18:49:02,580 DEBUG (BaseJdbcLogger.java:143)- ==>  Preparing: select student_status.id,student_status.basic_id, student_status.student_id, student_status.class_id from student_status,student_basic where student_status.basic_id=student_basic.id and student_basic.sex=? and student_status.class_id=? 
2019-09-02 18:49:02,582 DEBUG (BaseJdbcLogger.java:143)- ==> Parameters: 女(String), 080205201904(String)
2019-09-02 18:49:02,583 DEBUG (BaseJdbcLogger.java:143)- ====>  Preparing: select id, name, sex, birthday, phone, ID_number, email, parent_phone, adress, major, state from student_basic where id = ? 
2019-09-02 18:49:02,583 DEBUG (BaseJdbcLogger.java:143)- ====> Parameters: 19756(String)
2019-09-02 18:49:02,587 DEBUG (BaseJdbcLogger.java:143)- <====      Total: 1
2019-09-02 18:49:02,588 DEBUG (BaseJdbcLogger.java:143)- ====>  Preparing: select id, class_id, name, director, grade, major_id from class where class_id = ? 
2019-09-02 18:49:02,588 DEBUG (BaseJdbcLogger.java:143)- ====> Parameters: 080205201904(String)
2019-09-02 18:49:02,588 DEBUG (BaseJdbcLogger.java:143)- ======>  Preparing: select id, major_id, name, price, department_id from major where major_id = ? 
2019-09-02 18:49:02,589 DEBUG (BaseJdbcLogger.java:143)- ======> Parameters: 080205(String)
2019-09-02 18:49:02,590 DEBUG (BaseJdbcLogger.java:143)- <======      Total: 1
2019-09-02 18:49:02,591 DEBUG (BaseJdbcLogger.java:143)- <====      Total: 1
2019-09-02 18:49:02,591 DEBUG (BaseJdbcLogger.java:143)- ====>  Preparing: select id, name, sex, birthday, phone, ID_number, email, parent_phone, adress, major, state from student_basic where id = ? 
2019-09-02 18:49:02,592 DEBUG (BaseJdbcLogger.java:143)- ====> Parameters: 19758(String)
2019-09-02 18:49:02,593 DEBUG (BaseJdbcLogger.java:143)- <====      Total: 1
2019-09-02 18:49:02,594 DEBUG (BaseJdbcLogger.java:143)- ====>  Preparing: select id, name, sex, birthday, phone, ID_number, email, parent_phone, adress, major, state from student_basic where id = ? 
2019-09-02 18:49:02,595 DEBUG (BaseJdbcLogger.java:143)- ====> Parameters: 19759(String)
2019-09-02 18:49:02,595 DEBUG (BaseJdbcLogger.java:143)- <====      Total: 1
2019-09-02 18:49:02,595 DEBUG (BaseJdbcLogger.java:143)- ====>  Preparing: select id, name, sex, birthday, phone, ID_number, email, parent_phone, adress, major, state from student_basic where id = ? 
2019-09-02 18:49:02,596 DEBUG (BaseJdbcLogger.java:143)- ====> Parameters: 19761(String)
2019-09-02 18:49:02,597 DEBUG (BaseJdbcLogger.java:143)- <====      Total: 1
2019-09-02 18:49:02,598 DEBUG (BaseJdbcLogger.java:143)- ====>  Preparing: select id, name, sex, birthday, phone, ID_number, email, parent_phone, adress, major, state from student_basic where id = ? 
2019-09-02 18:49:02,599 DEBUG (BaseJdbcLogger.java:143)- ====> Parameters: 19764(String)
2019-09-02 18:49:02,600 DEBUG (BaseJdbcLogger.java:143)- <====      Total: 1
2019-09-02 18:49:02,600 DEBUG (BaseJdbcLogger.java:143)- ====>  Preparing: select id, name, sex, birthday, phone, ID_number, email, parent_phone, adress, major, state from student_basic where id = ? 
2019-09-02 18:49:02,600 DEBUG (BaseJdbcLogger.java:143)- ====> Parameters: 19768(String)
2019-09-02 18:49:02,601 DEBUG (BaseJdbcLogger.java:143)- <====      Total: 1
2019-09-02 18:49:02,602 DEBUG (BaseJdbcLogger.java:143)- ====>  Preparing: select id, name, sex, birthday, phone, ID_number, email, parent_phone, adress, major, state from student_basic where id = ? 
2019-09-02 18:49:02,602 DEBUG (BaseJdbcLogger.java:143)- ====> Parameters: 19770(String)
2019-09-02 18:49:02,604 DEBUG (BaseJdbcLogger.java:143)- <====      Total: 1
2019-09-02 18:49:02,604 DEBUG (BaseJdbcLogger.java:143)- ====>  Preparing: select id, name, sex, birthday, phone, ID_number, email, parent_phone, adress, major, state from student_basic where id = ? 
2019-09-02 18:49:02,605 DEBUG (BaseJdbcLogger.java:143)- ====> Parameters: 19772(String)
2019-09-02 18:49:02,606 DEBUG (BaseJdbcLogger.java:143)- <====      Total: 1
2019-09-02 18:49:02,607 DEBUG (BaseJdbcLogger.java:143)- ====>  Preparing: select id, name, sex, birthday, phone, ID_number, email, parent_phone, adress, major, state from student_basic where id = ? 
2019-09-02 18:49:02,607 DEBUG (BaseJdbcLogger.java:143)- ====> Parameters: 19775(String)
2019-09-02 18:49:02,608 DEBUG (BaseJdbcLogger.java:143)- <====      Total: 1
2019-09-02 18:49:02,608 DEBUG (BaseJdbcLogger.java:143)- ====>  Preparing: select id, name, sex, birthday, phone, ID_number, email, parent_phone, adress, major, state from student_basic where id = ? 
2019-09-02 18:49:02,608 DEBUG (BaseJdbcLogger.java:143)- ====> Parameters: 19777(String)
2019-09-02 18:49:02,609 DEBUG (BaseJdbcLogger.java:143)- <====      Total: 1
2019-09-02 18:49:02,610 DEBUG (BaseJdbcLogger.java:143)- ====>  Preparing: select id, name, sex, birthday, phone, ID_number, email, parent_phone, adress, major, state from student_basic where id = ? 
2019-09-02 18:49:02,610 DEBUG (BaseJdbcLogger.java:143)- ====> Parameters: 19779(String)
2019-09-02 18:49:02,611 DEBUG (BaseJdbcLogger.java:143)- <====      Total: 1
2019-09-02 18:49:02,612 DEBUG (BaseJdbcLogger.java:143)- ====>  Preparing: select id, name, sex, birthday, phone, ID_number, email, parent_phone, adress, major, state from student_basic where id = ? 
2019-09-02 18:49:02,613 DEBUG (BaseJdbcLogger.java:143)- ====> Parameters: 19781(String)
2019-09-02 18:49:02,613 DEBUG (BaseJdbcLogger.java:143)- <====      Total: 1
2019-09-02 18:49:02,614 DEBUG (BaseJdbcLogger.java:143)- ====>  Preparing: select id, name, sex, birthday, phone, ID_number, email, parent_phone, adress, major, state from student_basic where id = ? 
2019-09-02 18:49:02,614 DEBUG (BaseJdbcLogger.java:143)- ====> Parameters: 19782(String)
2019-09-02 18:49:02,615 DEBUG (BaseJdbcLogger.java:143)- <====      Total: 1
2019-09-02 18:49:02,616 DEBUG (BaseJdbcLogger.java:143)- ====>  Preparing: select id, name, sex, birthday, phone, ID_number, email, parent_phone, adress, major, state from student_basic where id = ? 
2019-09-02 18:49:02,616 DEBUG (BaseJdbcLogger.java:143)- ====> Parameters: 19784(String)
2019-09-02 18:49:02,617 DEBUG (BaseJdbcLogger.java:143)- <====      Total: 1
2019-09-02 18:49:02,618 DEBUG (BaseJdbcLogger.java:143)- ====>  Preparing: select id, name, sex, birthday, phone, ID_number, email, parent_phone, adress, major, state from student_basic where id = ? 
2019-09-02 18:49:02,618 DEBUG (BaseJdbcLogger.java:143)- ====> Parameters: 19787(String)
2019-09-02 18:49:02,618 DEBUG (BaseJdbcLogger.java:143)- <====      Total: 1
2019-09-02 18:49:02,619 DEBUG (BaseJdbcLogger.java:143)- ====>  Preparing: select id, name, sex, birthday, phone, ID_number, email, parent_phone, adress, major, state from student_basic where id = ? 
2019-09-02 18:49:02,620 DEBUG (BaseJdbcLogger.java:143)- ====> Parameters: 19788(String)
2019-09-02 18:49:02,621 DEBUG (BaseJdbcLogger.java:143)- <====      Total: 1
2019-09-02 18:49:02,621 DEBUG (BaseJdbcLogger.java:143)- ====>  Preparing: select id, name, sex, birthday, phone, ID_number, email, parent_phone, adress, major, state from student_basic where id = ? 
2019-09-02 18:49:02,622 DEBUG (BaseJdbcLogger.java:143)- ====> Parameters: 19790(String)
2019-09-02 18:49:02,623 DEBUG (BaseJdbcLogger.java:143)- <====      Total: 1
2019-09-02 18:49:02,623 DEBUG (BaseJdbcLogger.java:143)- ====>  Preparing: select id, name, sex, birthday, phone, ID_number, email, parent_phone, adress, major, state from student_basic where id = ? 
2019-09-02 18:49:02,623 DEBUG (BaseJdbcLogger.java:143)- ====> Parameters: 19791(String)
2019-09-02 18:49:02,624 DEBUG (BaseJdbcLogger.java:143)- <====      Total: 1
2019-09-02 18:49:02,625 DEBUG (BaseJdbcLogger.java:143)- <==      Total: 18
2019-09-02 18:49:02,625 DEBUG (BaseJdbcLogger.java:143)- ==>  Preparing: select dormitory_allocation.id, dormitory_allocation.class_id, dormitory_allocation.dormitory_id,dormitory_allocation.number from dormitory_allocation,dormitory WHERE dormitory_allocation.dormitory_id=dormitory.id and dormitory.sex=? and class_id = ? 
2019-09-02 18:49:02,626 DEBUG (BaseJdbcLogger.java:143)- ==> Parameters: 男(String), 080205201904(String)
2019-09-02 18:49:02,628 DEBUG (BaseJdbcLogger.java:143)- ====>  Preparing: select id, dong, floor, room, sex, number, rent from dormitory where id = ? 
2019-09-02 18:49:02,628 DEBUG (BaseJdbcLogger.java:143)- ====> Parameters: 18(Integer)
2019-09-02 18:49:02,628 DEBUG (BaseJdbcLogger.java:143)- <====      Total: 1
2019-09-02 18:49:02,629 DEBUG (BaseJdbcLogger.java:143)- ====>  Preparing: select id, dong, floor, room, sex, number, rent from dormitory where id = ? 
2019-09-02 18:49:02,629 DEBUG (BaseJdbcLogger.java:143)- ====> Parameters: 19(Integer)
2019-09-02 18:49:02,630 DEBUG (BaseJdbcLogger.java:143)- <====      Total: 1
2019-09-02 18:49:02,631 DEBUG (BaseJdbcLogger.java:143)- ====>  Preparing: select id, dong, floor, room, sex, number, rent from dormitory where id = ? 
2019-09-02 18:49:02,631 DEBUG (BaseJdbcLogger.java:143)- ====> Parameters: 20(Integer)
2019-09-02 18:49:02,632 DEBUG (BaseJdbcLogger.java:143)- <====      Total: 1
2019-09-02 18:49:02,633 DEBUG (BaseJdbcLogger.java:143)- ====>  Preparing: select id, dong, floor, room, sex, number, rent from dormitory where id = ? 
2019-09-02 18:49:02,633 DEBUG (BaseJdbcLogger.java:143)- ====> Parameters: 21(Integer)
2019-09-02 18:49:02,634 DEBUG (BaseJdbcLogger.java:143)- <====      Total: 1
2019-09-02 18:49:02,635 DEBUG (BaseJdbcLogger.java:143)- ====>  Preparing: select id, dong, floor, room, sex, number, rent from dormitory where id = ? 
2019-09-02 18:49:02,637 DEBUG (BaseJdbcLogger.java:143)- ====> Parameters: 97(Integer)
2019-09-02 18:49:02,638 DEBUG (BaseJdbcLogger.java:143)- <====      Total: 1
2019-09-02 18:49:02,638 DEBUG (BaseJdbcLogger.java:143)- <==      Total: 5
2019-09-02 18:49:02,639 DEBUG (BaseJdbcLogger.java:143)- ==>  Preparing: select dormitory_allocation.id, dormitory_allocation.class_id, dormitory_allocation.dormitory_id,dormitory_allocation.number from dormitory_allocation,dormitory WHERE dormitory_allocation.dormitory_id=dormitory.id and dormitory.sex=? and class_id = ? 
2019-09-02 18:49:02,639 DEBUG (BaseJdbcLogger.java:143)- ==> Parameters: 女(String), 080205201904(String)
2019-09-02 18:49:02,640 DEBUG (BaseJdbcLogger.java:143)- ====>  Preparing: select id, dong, floor, room, sex, number, rent from dormitory where id = ? 
2019-09-02 18:49:02,641 DEBUG (BaseJdbcLogger.java:143)- ====> Parameters: 469(Integer)
2019-09-02 18:49:02,642 DEBUG (BaseJdbcLogger.java:143)- <====      Total: 1
2019-09-02 18:49:02,644 DEBUG (BaseJdbcLogger.java:143)- ====>  Preparing: select id, dong, floor, room, sex, number, rent from dormitory where id = ? 
2019-09-02 18:49:02,644 DEBUG (BaseJdbcLogger.java:143)- ====> Parameters: 470(Integer)
2019-09-02 18:49:02,644 DEBUG (BaseJdbcLogger.java:143)- <====      Total: 1
2019-09-02 18:49:02,644 DEBUG (BaseJdbcLogger.java:143)- ====>  Preparing: select id, dong, floor, room, sex, number, rent from dormitory where id = ? 
2019-09-02 18:49:02,645 DEBUG (BaseJdbcLogger.java:143)- ====> Parameters: 471(Integer)
2019-09-02 18:49:02,646 DEBUG (BaseJdbcLogger.java:143)- <====      Total: 1
2019-09-02 18:49:02,646 DEBUG (BaseJdbcLogger.java:143)- ====>  Preparing: select id, dong, floor, room, sex, number, rent from dormitory where id = ? 
2019-09-02 18:49:02,646 DEBUG (BaseJdbcLogger.java:143)- ====> Parameters: 472(Integer)
2019-09-02 18:49:02,648 DEBUG (BaseJdbcLogger.java:143)- <====      Total: 1
2019-09-02 18:49:02,648 DEBUG (BaseJdbcLogger.java:143)- <==      Total: 4
