2019-09-04 03:51:25,952 DEBUG (BaseJdbcLogger.java:143)- <====      Total: 1
2019-09-04 03:51:25,955 DEBUG (BaseJdbcLogger.java:143)- ====>  Preparing: select id, name, sex, birthday, phone, ID_number, email, parent_phone, adress, major, state from student_basic where id = ? 
2019-09-04 03:51:25,955 DEBUG (BaseJdbcLogger.java:143)- ====> Parameters: 19170(String)
2019-09-04 03:51:25,956 DEBUG (BaseJdbcLogger.java:143)- <====      Total: 1
2019-09-04 03:51:25,956 DEBUG (BaseJdbcLogger.java:143)- ====>  Preparing: select id, name, sex, birthday, phone, ID_number, email, parent_phone, adress, major, state from student_basic where id = ? 
2019-09-04 03:51:25,957 DEBUG (BaseJdbcLogger.java:143)- ====> Parameters: 19174(String)
2019-09-04 03:51:25,958 DEBUG (BaseJdbcLogger.java:143)- <====      Total: 1
2019-09-04 03:51:25,958 DEBUG (BaseJdbcLogger.java:143)- ====>  Preparing: select id, name, sex, birthday, phone, ID_number, email, parent_phone, adress, major, state from student_basic where id = ? 
2019-09-04 03:51:25,959 DEBUG (BaseJdbcLogger.java:143)- ====> Parameters: 19175(String)
2019-09-04 03:51:25,960 DEBUG (BaseJdbcLogger.java:143)- <====      Total: 1
2019-09-04 03:51:25,960 DEBUG (BaseJdbcLogger.java:143)- ====>  Preparing: select id, name, sex, birthday, phone, ID_number, email, parent_phone, adress, major, state from student_basic where id = ? 
2019-09-04 03:51:25,961 DEBUG (BaseJdbcLogger.java:143)- ====> Parameters: 19176(String)
2019-09-04 03:51:25,962 DEBUG (BaseJdbcLogger.java:143)- <====      Total: 1
2019-09-04 03:51:25,962 DEBUG (BaseJdbcLogger.java:143)- ====>  Preparing: select id, name, sex, birthday, phone, ID_number, email, parent_phone, adress, major, state from student_basic where id = ? 
2019-09-04 03:51:25,962 DEBUG (BaseJdbcLogger.java:143)- ====> Parameters: 19178(String)
2019-09-04 03:51:25,964 DEBUG (BaseJdbcLogger.java:143)- <====      Total: 1
2019-09-04 03:51:25,964 DEBUG (BaseJdbcLogger.java:143)- ====>  Preparing: select id, name, sex, birthday, phone, ID_number, email, parent_phone, adress, major, state from student_basic where id = ? 
2019-09-04 03:51:25,964 DEBUG (BaseJdbcLogger.java:143)- ====> Parameters: 19179(String)
2019-09-04 03:51:25,966 DEBUG (BaseJdbcLogger.java:143)- <====      Total: 1
2019-09-04 03:51:25,967 DEBUG (BaseJdbcLogger.java:143)- ====>  Preparing: select id, name, sex, birthday, phone, ID_number, email, parent_phone, adress, major, state from student_basic where id = ? 
2019-09-04 03:51:25,968 DEBUG (BaseJdbcLogger.java:143)- ====> Parameters: 19185(String)
2019-09-04 03:51:25,969 DEBUG (BaseJdbcLogger.java:143)- <====      Total: 1
2019-09-04 03:51:25,970 DEBUG (BaseJdbcLogger.java:143)- ====>  Preparing: select id, name, sex, birthday, phone, ID_number, email, parent_phone, adress, major, state from student_basic where id = ? 
2019-09-04 03:51:25,970 DEBUG (BaseJdbcLogger.java:143)- ====> Parameters: 19189(String)
2019-09-04 03:51:25,972 DEBUG (BaseJdbcLogger.java:143)- <====      Total: 1
2019-09-04 03:51:25,973 DEBUG (BaseJdbcLogger.java:143)- ====>  Preparing: select id, name, sex, birthday, phone, ID_number, email, parent_phone, adress, major, state from student_basic where id = ? 
2019-09-04 03:51:25,973 DEBUG (BaseJdbcLogger.java:143)- ====> Parameters: 19190(String)
2019-09-04 03:51:25,974 DEBUG (BaseJdbcLogger.java:143)- <====      Total: 1
2019-09-04 03:51:25,974 DEBUG (BaseJdbcLogger.java:143)- ====>  Preparing: select id, name, sex, birthday, phone, ID_number, email, parent_phone, adress, major, state from student_basic where id = ? 
2019-09-04 03:51:25,974 DEBUG (BaseJdbcLogger.java:143)- ====> Parameters: 19194(String)
2019-09-04 03:51:25,976 DEBUG (BaseJdbcLogger.java:143)- <====      Total: 1
2019-09-04 03:51:25,977 DEBUG (BaseJdbcLogger.java:143)- ====>  Preparing: select id, name, sex, birthday, phone, ID_number, email, parent_phone, adress, major, state from student_basic where id = ? 
2019-09-04 03:51:25,979 DEBUG (BaseJdbcLogger.java:143)- ====> Parameters: 19195(String)
2019-09-04 03:51:25,980 DEBUG (BaseJdbcLogger.java:143)- <====      Total: 1
2019-09-04 03:51:25,981 DEBUG (BaseJdbcLogger.java:143)- <==      Total: 18
2019-09-04 03:51:25,981 DEBUG (BaseJdbcLogger.java:143)- ==>  Preparing: select dormitory_allocation.id, dormitory_allocation.class_id, dormitory_allocation.dormitory_id,dormitory_allocation.number from dormitory_allocation,dormitory WHERE dormitory_allocation.dormitory_id=dormitory.id and dormitory.sex=? and class_id = ? 
2019-09-04 03:51:25,982 DEBUG (BaseJdbcLogger.java:143)- ==> Parameters: 男(String), 081001201901(String)
2019-09-04 03:51:25,982 DEBUG (BaseJdbcLogger.java:143)- ====>  Preparing: select id, dong, floor, room, sex, number, rent,hasnumber from dormitory where id = ? 
2019-09-04 03:51:25,982 DEBUG (BaseJdbcLogger.java:143)- ====> Parameters: 1(Integer)
2019-09-04 03:51:25,984 DEBUG (BaseJdbcLogger.java:143)- <====      Total: 1
2019-09-04 03:51:25,984 DEBUG (BaseJdbcLogger.java:143)- ====>  Preparing: select id, dong, floor, room, sex, number, rent,hasnumber from dormitory where id = ? 
2019-09-04 03:51:25,985 DEBUG (BaseJdbcLogger.java:143)- ====> Parameters: 2(Integer)
2019-09-04 03:51:25,986 DEBUG (BaseJdbcLogger.java:143)- <====      Total: 1
2019-09-04 03:51:25,986 DEBUG (BaseJdbcLogger.java:143)- ====>  Preparing: select id, dong, floor, room, sex, number, rent,hasnumber from dormitory where id = ? 
2019-09-04 03:51:25,986 DEBUG (BaseJdbcLogger.java:143)- ==>  Preparing: select DISTINCT dormitory.floor from dormitory where dormitory.dong=? 
2019-09-04 03:51:25,986 DEBUG (BaseJdbcLogger.java:143)- ====> Parameters: 3(Integer)
2019-09-04 03:51:25,986 DEBUG (BaseJdbcLogger.java:143)- ==> Parameters: 1A(String)
2019-09-04 03:51:25,987 DEBUG (BaseJdbcLogger.java:143)- <====      Total: 1
2019-09-04 03:51:25,987 DEBUG (BaseJdbcLogger.java:143)- <==      Total: 6
2019-09-04 03:51:25,988 DEBUG (BaseJdbcLogger.java:143)- ====>  Preparing: select id, dong, floor, room, sex, number, rent,hasnumber from dormitory where id = ? 
2019-09-04 03:51:25,988 DEBUG (BaseJdbcLogger.java:143)- ====> Parameters: 4(Integer)
2019-09-04 03:51:25,989 DEBUG (BaseJdbcLogger.java:143)- <====      Total: 1
2019-09-04 03:51:25,990 DEBUG (BaseJdbcLogger.java:143)- <==      Total: 4
2019-09-04 03:51:25,990 DEBUG (BaseJdbcLogger.java:143)- ==>  Preparing: select student_status.id,student_status.basic_id, student_status.student_id, student_status.class_id from student_status,student_basic where student_status.basic_id=student_basic.id and student_basic.sex=? and student_status.class_id=? 
2019-09-04 03:51:25,991 DEBUG (BaseJdbcLogger.java:143)- ==> Parameters: 男(String), 081001201902(String)
2019-09-04 03:51:25,997 DEBUG (BaseJdbcLogger.java:143)- ====>  Preparing: select id, name, sex, birthday, phone, ID_number, email, parent_phone, adress, major, state from student_basic where id = ? 
2019-09-04 03:51:25,998 DEBUG (BaseJdbcLogger.java:143)- ====> Parameters: 19200(String)
2019-09-04 03:51:25,999 DEBUG (BaseJdbcLogger.java:143)- <====      Total: 1
2019-09-04 03:51:26,000 DEBUG (BaseJdbcLogger.java:143)- ====>  Preparing: select id, class_id, name, director, grade, major_id from class where class_id = ? 
2019-09-04 03:51:26,000 DEBUG (BaseJdbcLogger.java:143)- ====> Parameters: 081001201902(String)
2019-09-04 03:51:26,001 DEBUG (BaseJdbcLogger.java:143)- ======>  Preparing: select id, major_id, name, price, department_id from major where major_id = ? 
2019-09-04 03:51:26,002 DEBUG (BaseJdbcLogger.java:143)- ======> Parameters: 081001(String)
2019-09-04 03:51:26,002 DEBUG (BaseJdbcLogger.java:143)- <======      Total: 1
2019-09-04 03:51:26,003 DEBUG (BaseJdbcLogger.java:143)- <====      Total: 1
2019-09-04 03:51:26,003 DEBUG (BaseJdbcLogger.java:143)- ====>  Preparing: select id, name, sex, birthday, phone, ID_number, email, parent_phone, adress, major, state from student_basic where id = ? 
2019-09-04 03:51:26,004 DEBUG (BaseJdbcLogger.java:143)- ====> Parameters: 19204(String)
2019-09-04 03:51:26,005 DEBUG (BaseJdbcLogger.java:143)- <====      Total: 1
2019-09-04 03:51:26,006 DEBUG (BaseJdbcLogger.java:143)- ====>  Preparing: select id, name, sex, birthday, phone, ID_number, email, parent_phone, adress, major, state from student_basic where id = ? 
2019-09-04 03:51:26,006 DEBUG (BaseJdbcLogger.java:143)- ====> Parameters: 19207(String)
2019-09-04 03:51:26,007 DEBUG (BaseJdbcLogger.java:143)- <====      Total: 1
2019-09-04 03:51:26,008 DEBUG (BaseJdbcLogger.java:143)- ====>  Preparing: select id, name, sex, birthday, phone, ID_number, email, parent_phone, adress, major, state from student_basic where id = ? 
2019-09-04 03:51:26,008 DEBUG (BaseJdbcLogger.java:143)- ====> Parameters: 19208(String)
2019-09-04 03:51:26,009 DEBUG (BaseJdbcLogger.java:143)- <====      Total: 1
2019-09-04 03:51:26,010 DEBUG (BaseJdbcLogger.java:143)- ====>  Preparing: select id, name, sex, birthday, phone, ID_number, email, parent_phone, adress, major, state from student_basic where id = ? 
2019-09-04 03:51:26,010 DEBUG (BaseJdbcLogger.java:143)- ====> Parameters: 19212(String)
2019-09-04 03:51:26,011 DEBUG (BaseJdbcLogger.java:143)- <====      Total: 1
2019-09-04 03:51:26,012 DEBUG (BaseJdbcLogger.java:143)- ====>  Preparing: select id, name, sex, birthday, phone, ID_number, email, parent_phone, adress, major, state from student_basic where id = ? 
2019-09-04 03:51:26,012 DEBUG (BaseJdbcLogger.java:143)- ====> Parameters: 19215(String)
2019-09-04 03:51:26,013 DEBUG (BaseJdbcLogger.java:143)- <====      Total: 1
2019-09-04 03:51:26,014 DEBUG (BaseJdbcLogger.java:143)- ====>  Preparing: select id, name, sex, birthday, phone, ID_number, email, parent_phone, adress, major, state from student_basic where id = ? 
2019-09-04 03:51:26,015 DEBUG (BaseJdbcLogger.java:143)- ====> Parameters: 19216(String)
2019-09-04 03:51:26,016 DEBUG (BaseJdbcLogger.java:143)- <====      Total: 1
2019-09-04 03:51:26,018 DEBUG (BaseJdbcLogger.java:143)- ====>  Preparing: select id, name, sex, birthday, phone, ID_number, email, parent_phone, adress, major, state from student_basic where id = ? 
2019-09-04 03:51:26,018 DEBUG (BaseJdbcLogger.java:143)- ====> Parameters: 19217(String)
2019-09-04 03:51:26,019 DEBUG (BaseJdbcLogger.java:143)- <====      Total: 1
2019-09-04 03:51:26,021 DEBUG (BaseJdbcLogger.java:143)- ====>  Preparing: select id, name, sex, birthday, phone, ID_number, email, parent_phone, adress, major, state from student_basic where id = ? 
2019-09-04 03:51:26,021 DEBUG (BaseJdbcLogger.java:143)- ====> Parameters: 19219(String)
2019-09-04 03:51:26,023 DEBUG (BaseJdbcLogger.java:143)- <====      Total: 1
2019-09-04 03:51:26,023 DEBUG (BaseJdbcLogger.java:143)- ====>  Preparing: select id, name, sex, birthday, phone, ID_number, email, parent_phone, adress, major, state from student_basic where id = ? 
2019-09-04 03:51:26,025 DEBUG (BaseJdbcLogger.java:143)- ====> Parameters: 19222(String)
2019-09-04 03:51:26,027 DEBUG (BaseJdbcLogger.java:143)- <====      Total: 1
2019-09-04 03:51:26,028 DEBUG (BaseJdbcLogger.java:143)- ====>  Preparing: select id, name, sex, birthday, phone, ID_number, email, parent_phone, adress, major, state from student_basic where id = ? 
2019-09-04 03:51:26,029 DEBUG (BaseJdbcLogger.java:143)- ====> Parameters: 19223(String)
2019-09-04 03:51:26,030 DEBUG (BaseJdbcLogger.java:143)- <====      Total: 1
2019-09-04 03:51:26,030 DEBUG (BaseJdbcLogger.java:143)- ====>  Preparing: select id, name, sex, birthday, phone, ID_number, email, parent_phone, adress, major, state from student_basic where id = ? 
2019-09-04 03:51:26,030 DEBUG (BaseJdbcLogger.java:143)- ====> Parameters: 19226(String)
2019-09-04 03:51:26,031 DEBUG (BaseJdbcLogger.java:143)- ==>  Preparing: select dormitory.id, dormitory.dong, dormitory.floor, dormitory.room, dormitory.sex, dormitory.number, dormitory.rent, dormitory.hasnumber from dormitory LEFT JOIN dormitory_allocation on dormitory_allocation.dormitory_id = dormitory.id LEFT JOIN class on dormitory_allocation.class_id=class.class_id LEFT JOIN major on class.major_id=major.major_id WHERE dong = ? and floor = ? group by dormitory.dong,dormitory.floor,dormitory.room 
2019-09-04 03:51:26,032 DEBUG (BaseJdbcLogger.java:143)- <====      Total: 1
2019-09-04 03:51:26,032 DEBUG (BaseJdbcLogger.java:143)- ==> Parameters: 1A(String), 1(Integer)
2019-09-04 03:51:26,032 DEBUG (BaseJdbcLogger.java:143)- ====>  Preparing: select id, name, sex, birthday, phone, ID_number, email, parent_phone, adress, major, state from student_basic where id = ? 
2019-09-04 03:51:26,032 DEBUG (BaseJdbcLogger.java:143)- ====> Parameters: 19227(String)
2019-09-04 03:51:26,033 DEBUG (BaseJdbcLogger.java:143)- <====      Total: 1
2019-09-04 03:51:26,034 DEBUG (BaseJdbcLogger.java:143)- ====>  Preparing: select id, name, sex, birthday, phone, ID_number, email, parent_phone, adress, major, state from student_basic where id = ? 
2019-09-04 03:51:26,034 DEBUG (BaseJdbcLogger.java:143)- ====> Parameters: 19228(String)
2019-09-04 03:51:26,034 DEBUG (BaseJdbcLogger.java:143)- <==      Total: 50
2019-09-04 03:51:26,035 DEBUG (BaseJdbcLogger.java:143)- <====      Total: 1
2019-09-04 03:51:26,035 DEBUG (BaseJdbcLogger.java:143)- ====>  Preparing: select id, name, sex, birthday, phone, ID_number, email, parent_phone, adress, major, state from student_basic where id = ? 
2019-09-04 03:51:26,035 DEBUG (BaseJdbcLogger.java:143)- ====> Parameters: 19229(String)
2019-09-04 03:51:26,037 DEBUG (BaseJdbcLogger.java:143)- <====      Total: 1
2019-09-04 03:51:26,037 DEBUG (BaseJdbcLogger.java:143)- ====>  Preparing: select id, name, sex, birthday, phone, ID_number, email, parent_phone, adress, major, state from student_basic where id = ? 
2019-09-04 03:51:26,037 DEBUG (BaseJdbcLogger.java:143)- ====> Parameters: 19230(String)
2019-09-04 03:51:26,045 DEBUG (BaseJdbcLogger.java:143)- <====      Total: 1
2019-09-04 03:51:26,045 DEBUG (BaseJdbcLogger.java:143)- ====>  Preparing: select id, name, sex, birthday, phone, ID_number, email, parent_phone, adress, major, state from student_basic where id = ? 
2019-09-04 03:51:26,045 DEBUG (BaseJdbcLogger.java:143)- ====> Parameters: 19231(String)
2019-09-04 03:51:26,047 DEBUG (BaseJdbcLogger.java:143)- <====      Total: 1
2019-09-04 03:51:26,047 DEBUG (BaseJdbcLogger.java:143)- <==      Total: 17
2019-09-04 03:51:26,047 DEBUG (BaseJdbcLogger.java:143)- ==>  Preparing: select dormitory_allocation.id, dormitory_allocation.class_id, dormitory_allocation.dormitory_id,dormitory_allocation.number from dormitory_allocation,dormitory WHERE dormitory_allocation.dormitory_id=dormitory.id and dormitory.sex=? and class_id = ? 
2019-09-04 03:51:26,047 DEBUG (BaseJdbcLogger.java:143)- ==> Parameters: 男(String), 081001201902(String)
2019-09-04 03:51:26,049 DEBUG (BaseJdbcLogger.java:143)- <==      Total: 0
2019-09-04 03:51:26,049 DEBUG (BaseJdbcLogger.java:143)- ==>  Preparing: select student_status.id,student_status.basic_id, student_status.student_id, student_status.class_id from student_status,student_basic where student_status.basic_id=student_basic.id and student_basic.sex=? and student_status.class_id=? 
2019-09-04 03:51:26,049 DEBUG (BaseJdbcLogger.java:143)- ==> Parameters: 男(String), 080205201902(String)
2019-09-04 03:51:26,051 DEBUG (BaseJdbcLogger.java:143)- ====>  Preparing: select id, name, sex, birthday, phone, ID_number, email, parent_phone, adress, major, state from student_basic where id = ? 
2019-09-04 03:51:26,051 DEBUG (BaseJdbcLogger.java:143)- ====> Parameters: 19797(String)
2019-09-04 03:51:26,052 DEBUG (BaseJdbcLogger.java:143)- <====      Total: 1
2019-09-04 03:51:26,053 DEBUG (BaseJdbcLogger.java:143)- ====>  Preparing: select id, class_id, name, director, grade, major_id from class where class_id = ? 
2019-09-04 03:51:26,054 DEBUG (BaseJdbcLogger.java:143)- ====> Parameters: 080205201902(String)
2019-09-04 03:51:26,055 DEBUG (BaseJdbcLogger.java:143)- ======>  Preparing: select id, major_id, name, price, department_id from major where major_id = ? 
2019-09-04 03:51:26,055 DEBUG (BaseJdbcLogger.java:143)- ======> Parameters: 080205(String)
