2019-10-27 11:41:33,052 DEBUG (BaseJdbcLogger.java:143)- ====>  Preparing: select id, name, sex, birthday, phone, ID_number, email, parent_phone, adress, major, state from student_basic where id = ? 
2019-10-27 11:41:33,054 DEBUG (BaseJdbcLogger.java:143)- ====> Parameters: 28064(String)
2019-10-27 11:41:33,056 DEBUG (BaseJdbcLogger.java:143)- <====      Total: 1
2019-10-27 11:41:33,057 DEBUG (BaseJdbcLogger.java:143)- ====>  Preparing: select id, name, sex, birthday, phone, ID_number, email, parent_phone, adress, major, state from student_basic where id = ? 
2019-10-27 11:41:33,057 DEBUG (BaseJdbcLogger.java:143)- ====> Parameters: 28068(String)
2019-10-27 11:41:33,071 DEBUG (BaseJdbcLogger.java:143)- <====      Total: 1
2019-10-27 11:41:33,073 DEBUG (BaseJdbcLogger.java:143)- ====>  Preparing: select id, name, sex, birthday, phone, ID_number, email, parent_phone, adress, major, state from student_basic where id = ? 
2019-10-27 11:41:33,073 DEBUG (BaseJdbcLogger.java:143)- ====> Parameters: 28071(String)
2019-10-27 11:41:33,075 DEBUG (BaseJdbcLogger.java:143)- <====      Total: 1
2019-10-27 11:41:33,076 DEBUG (BaseJdbcLogger.java:143)- ====>  Preparing: select id, name, sex, birthday, phone, ID_number, email, parent_phone, adress, major, state from student_basic where id = ? 
2019-10-27 11:41:33,076 DEBUG (BaseJdbcLogger.java:143)- ====> Parameters: 28072(String)
2019-10-27 11:41:33,077 DEBUG (BaseJdbcLogger.java:143)- <====      Total: 1
2019-10-27 11:41:33,078 DEBUG (BaseJdbcLogger.java:143)- ====>  Preparing: select id, name, sex, birthday, phone, ID_number, email, parent_phone, adress, major, state from student_basic where id = ? 
2019-10-27 11:41:33,079 DEBUG (BaseJdbcLogger.java:143)- ====> Parameters: 28073(String)
2019-10-27 11:41:33,080 DEBUG (BaseJdbcLogger.java:143)- <====      Total: 1
2019-10-27 11:41:33,081 DEBUG (BaseJdbcLogger.java:143)- ====>  Preparing: select id, name, sex, birthday, phone, ID_number, email, parent_phone, adress, major, state from student_basic where id = ? 
2019-10-27 11:41:33,082 DEBUG (BaseJdbcLogger.java:143)- ====> Parameters: 28075(String)
2019-10-27 11:41:33,084 DEBUG (BaseJdbcLogger.java:143)- <====      Total: 1
2019-10-27 11:41:33,085 DEBUG (BaseJdbcLogger.java:143)- ====>  Preparing: select id, name, sex, birthday, phone, ID_number, email, parent_phone, adress, major, state from student_basic where id = ? 
2019-10-27 11:41:33,085 DEBUG (BaseJdbcLogger.java:143)- ====> Parameters: 28078(String)
2019-10-27 11:41:33,087 DEBUG (BaseJdbcLogger.java:143)- <====      Total: 1
2019-10-27 11:41:33,088 DEBUG (BaseJdbcLogger.java:143)- ====>  Preparing: select id, name, sex, birthday, phone, ID_number, email, parent_phone, adress, major, state from student_basic where id = ? 
2019-10-27 11:41:33,088 DEBUG (BaseJdbcLogger.java:143)- ====> Parameters: 28079(String)
2019-10-27 11:41:33,090 DEBUG (BaseJdbcLogger.java:143)- <====      Total: 1
2019-10-27 11:41:33,091 DEBUG (BaseJdbcLogger.java:143)- ====>  Preparing: select id, name, sex, birthday, phone, ID_number, email, parent_phone, adress, major, state from student_basic where id = ? 
2019-10-27 11:41:33,092 DEBUG (BaseJdbcLogger.java:143)- ====> Parameters: 28082(String)
2019-10-27 11:41:33,094 DEBUG (BaseJdbcLogger.java:143)- <====      Total: 1
2019-10-27 11:41:33,095 DEBUG (BaseJdbcLogger.java:143)- ====>  Preparing: select id, name, sex, birthday, phone, ID_number, email, parent_phone, adress, major, state from student_basic where id = ? 
2019-10-27 11:41:33,096 DEBUG (BaseJdbcLogger.java:143)- ====> Parameters: 28083(String)
2019-10-27 11:41:33,097 DEBUG (BaseJdbcLogger.java:143)- <====      Total: 1
2019-10-27 11:41:33,098 DEBUG (BaseJdbcLogger.java:143)- ====>  Preparing: select id, name, sex, birthday, phone, ID_number, email, parent_phone, adress, major, state from student_basic where id = ? 
2019-10-27 11:41:33,099 DEBUG (BaseJdbcLogger.java:143)- ====> Parameters: 28084(String)
2019-10-27 11:41:33,101 DEBUG (BaseJdbcLogger.java:143)- <====      Total: 1
2019-10-27 11:41:33,102 DEBUG (BaseJdbcLogger.java:143)- ====>  Preparing: select id, name, sex, birthday, phone, ID_number, email, parent_phone, adress, major, state from student_basic where id = ? 
2019-10-27 11:41:33,102 DEBUG (BaseJdbcLogger.java:143)- ====> Parameters: 28085(String)
2019-10-27 11:41:33,103 DEBUG (BaseJdbcLogger.java:143)- <====      Total: 1
2019-10-27 11:41:33,104 DEBUG (BaseJdbcLogger.java:143)- ====>  Preparing: select id, name, sex, birthday, phone, ID_number, email, parent_phone, adress, major, state from student_basic where id = ? 
2019-10-27 11:41:33,105 DEBUG (BaseJdbcLogger.java:143)- ====> Parameters: 28086(String)
2019-10-27 11:41:33,105 DEBUG (BaseJdbcLogger.java:143)- <====      Total: 1
2019-10-27 11:41:33,106 DEBUG (BaseJdbcLogger.java:143)- ====>  Preparing: select id, name, sex, birthday, phone, ID_number, email, parent_phone, adress, major, state from student_basic where id = ? 
2019-10-27 11:41:33,107 DEBUG (BaseJdbcLogger.java:143)- ====> Parameters: 28087(String)
2019-10-27 11:41:33,108 DEBUG (BaseJdbcLogger.java:143)- <====      Total: 1
2019-10-27 11:41:33,109 DEBUG (BaseJdbcLogger.java:143)- <==      Total: 17
2019-10-27 11:41:33,109 DEBUG (BaseJdbcLogger.java:143)- ==>  Preparing: select dormitory_allocation.id, dormitory_allocation.class_id, dormitory_allocation.dormitory_id,dormitory_allocation.number from dormitory_allocation,dormitory WHERE dormitory_allocation.dormitory_id=dormitory.id and dormitory.sex=? and class_id = ? 
2019-10-27 11:41:33,110 DEBUG (BaseJdbcLogger.java:143)- ==> Parameters: 男(String), 081001201902(String)
2019-10-27 11:41:33,111 DEBUG (BaseJdbcLogger.java:143)- <==      Total: 0
2019-10-27 11:41:33,111 DEBUG (BaseJdbcLogger.java:143)- ==>  Preparing: select student_status.id,student_status.basic_id, student_status.student_id, student_status.class_id from student_status,student_basic where student_status.basic_id=student_basic.id and student_basic.sex=? and student_status.class_id=? 
2019-10-27 11:41:33,112 DEBUG (BaseJdbcLogger.java:143)- ==> Parameters: 男(String), 080205201901(String)
2019-10-27 11:41:33,121 DEBUG (BaseJdbcLogger.java:143)- ====>  Preparing: select id, name, sex, birthday, phone, ID_number, email, parent_phone, adress, major, state from student_basic where id = ? 
2019-10-27 11:41:33,121 DEBUG (BaseJdbcLogger.java:143)- ====> Parameters: 28608(String)
2019-10-27 11:41:33,125 DEBUG (BaseJdbcLogger.java:143)- <====      Total: 1
2019-10-27 11:41:33,126 DEBUG (BaseJdbcLogger.java:143)- ====>  Preparing: select id, class_id, name, director, grade, major_id from class WHERE class_id = ? 
2019-10-27 11:41:33,127 DEBUG (BaseJdbcLogger.java:143)- ====> Parameters: 080205201901(String)
2019-10-27 11:41:33,129 DEBUG (BaseJdbcLogger.java:143)- ======>  Preparing: select id, major_id, name, price, department_id from major where major_id = ? 
2019-10-27 11:41:33,129 DEBUG (BaseJdbcLogger.java:143)- ======> Parameters: 080205(String)
2019-10-27 11:41:33,130 DEBUG (BaseJdbcLogger.java:143)- <======      Total: 1
2019-10-27 11:41:33,131 DEBUG (BaseJdbcLogger.java:143)- <====      Total: 1
2019-10-27 11:41:33,131 DEBUG (BaseJdbcLogger.java:143)- ====>  Preparing: select id, name, sex, birthday, phone, ID_number, email, parent_phone, adress, major, state from student_basic where id = ? 
2019-10-27 11:41:33,131 DEBUG (BaseJdbcLogger.java:143)- ====> Parameters: 28609(String)
2019-10-27 11:41:33,133 DEBUG (BaseJdbcLogger.java:143)- <====      Total: 1
2019-10-27 11:41:33,134 DEBUG (BaseJdbcLogger.java:143)- ====>  Preparing: select id, name, sex, birthday, phone, ID_number, email, parent_phone, adress, major, state from student_basic where id = ? 
2019-10-27 11:41:33,135 DEBUG (BaseJdbcLogger.java:143)- ====> Parameters: 28610(String)
2019-10-27 11:41:33,136 DEBUG (BaseJdbcLogger.java:143)- <====      Total: 1
2019-10-27 11:41:33,137 DEBUG (BaseJdbcLogger.java:143)- ====>  Preparing: select id, name, sex, birthday, phone, ID_number, email, parent_phone, adress, major, state from student_basic where id = ? 
2019-10-27 11:41:33,138 DEBUG (BaseJdbcLogger.java:143)- ====> Parameters: 28611(String)
2019-10-27 11:41:33,139 DEBUG (BaseJdbcLogger.java:143)- <====      Total: 1
2019-10-27 11:41:33,139 DEBUG (BaseJdbcLogger.java:143)- ====>  Preparing: select id, name, sex, birthday, phone, ID_number, email, parent_phone, adress, major, state from student_basic where id = ? 
2019-10-27 11:41:33,140 DEBUG (BaseJdbcLogger.java:143)- ====> Parameters: 28613(String)
2019-10-27 11:41:33,141 DEBUG (BaseJdbcLogger.java:143)- <====      Total: 1
2019-10-27 11:41:33,142 DEBUG (BaseJdbcLogger.java:143)- ====>  Preparing: select id, name, sex, birthday, phone, ID_number, email, parent_phone, adress, major, state from student_basic where id = ? 
2019-10-27 11:41:33,142 DEBUG (BaseJdbcLogger.java:143)- ====> Parameters: 28616(String)
2019-10-27 11:41:33,143 DEBUG (BaseJdbcLogger.java:143)- <====      Total: 1
2019-10-27 11:41:33,144 DEBUG (BaseJdbcLogger.java:143)- ====>  Preparing: select id, name, sex, birthday, phone, ID_number, email, parent_phone, adress, major, state from student_basic where id = ? 
2019-10-27 11:41:33,145 DEBUG (BaseJdbcLogger.java:143)- ====> Parameters: 28618(String)
2019-10-27 11:41:33,146 DEBUG (BaseJdbcLogger.java:143)- <====      Total: 1
2019-10-27 11:41:33,147 DEBUG (BaseJdbcLogger.java:143)- ====>  Preparing: select id, name, sex, birthday, phone, ID_number, email, parent_phone, adress, major, state from student_basic where id = ? 
2019-10-27 11:41:33,148 DEBUG (BaseJdbcLogger.java:143)- ====> Parameters: 28619(String)
2019-10-27 11:41:33,149 DEBUG (BaseJdbcLogger.java:143)- <====      Total: 1
2019-10-27 11:41:33,151 DEBUG (BaseJdbcLogger.java:143)- ====>  Preparing: select id, name, sex, birthday, phone, ID_number, email, parent_phone, adress, major, state from student_basic where id = ? 
2019-10-27 11:41:33,151 DEBUG (BaseJdbcLogger.java:143)- ====> Parameters: 28621(String)
2019-10-27 11:41:33,153 DEBUG (BaseJdbcLogger.java:143)- <====      Total: 1
2019-10-27 11:41:33,153 DEBUG (BaseJdbcLogger.java:143)- ====>  Preparing: select id, name, sex, birthday, phone, ID_number, email, parent_phone, adress, major, state from student_basic where id = ? 
2019-10-27 11:41:33,154 DEBUG (BaseJdbcLogger.java:143)- ====> Parameters: 28622(String)
2019-10-27 11:41:33,155 DEBUG (BaseJdbcLogger.java:143)- <====      Total: 1
2019-10-27 11:41:33,156 DEBUG (BaseJdbcLogger.java:143)- ====>  Preparing: select id, name, sex, birthday, phone, ID_number, email, parent_phone, adress, major, state from student_basic where id = ? 
2019-10-27 11:41:33,157 DEBUG (BaseJdbcLogger.java:143)- ====> Parameters: 28623(String)
2019-10-27 11:41:33,158 DEBUG (BaseJdbcLogger.java:143)- <====      Total: 1
2019-10-27 11:41:33,159 DEBUG (BaseJdbcLogger.java:143)- ====>  Preparing: select id, name, sex, birthday, phone, ID_number, email, parent_phone, adress, major, state from student_basic where id = ? 
2019-10-27 11:41:33,159 DEBUG (BaseJdbcLogger.java:143)- ====> Parameters: 28625(String)
2019-10-27 11:41:33,160 DEBUG (BaseJdbcLogger.java:143)- <====      Total: 1
2019-10-27 11:41:33,161 DEBUG (BaseJdbcLogger.java:143)- ====>  Preparing: select id, name, sex, birthday, phone, ID_number, email, parent_phone, adress, major, state from student_basic where id = ? 
2019-10-27 11:41:33,162 DEBUG (BaseJdbcLogger.java:143)- ====> Parameters: 28627(String)
2019-10-27 11:41:33,163 DEBUG (BaseJdbcLogger.java:143)- <====      Total: 1
2019-10-27 11:41:33,163 DEBUG (BaseJdbcLogger.java:143)- ====>  Preparing: select id, name, sex, birthday, phone, ID_number, email, parent_phone, adress, major, state from student_basic where id = ? 
2019-10-27 11:41:33,164 DEBUG (BaseJdbcLogger.java:143)- ====> Parameters: 28629(String)
2019-10-27 11:41:33,165 DEBUG (BaseJdbcLogger.java:143)- <====      Total: 1
2019-10-27 11:41:33,166 DEBUG (BaseJdbcLogger.java:143)- ====>  Preparing: select id, name, sex, birthday, phone, ID_number, email, parent_phone, adress, major, state from student_basic where id = ? 
2019-10-27 11:41:33,167 DEBUG (BaseJdbcLogger.java:143)- ====> Parameters: 28630(String)
2019-10-27 11:41:33,168 DEBUG (BaseJdbcLogger.java:143)- <====      Total: 1
2019-10-27 11:41:33,169 DEBUG (BaseJdbcLogger.java:143)- ====>  Preparing: select id, name, sex, birthday, phone, ID_number, email, parent_phone, adress, major, state from student_basic where id = ? 
2019-10-27 11:41:33,169 DEBUG (BaseJdbcLogger.java:143)- ====> Parameters: 28632(String)
2019-10-27 11:41:33,170 DEBUG (BaseJdbcLogger.java:143)- <====      Total: 1
2019-10-27 11:41:33,171 DEBUG (BaseJdbcLogger.java:143)- ====>  Preparing: select id, name, sex, birthday, phone, ID_number, email, parent_phone, adress, major, state from student_basic where id = ? 
2019-10-27 11:41:33,171 DEBUG (BaseJdbcLogger.java:143)- ====> Parameters: 28634(String)
2019-10-27 11:41:33,172 DEBUG (BaseJdbcLogger.java:143)- <====      Total: 1
2019-10-27 11:41:33,173 DEBUG (BaseJdbcLogger.java:143)- ====>  Preparing: select id, name, sex, birthday, phone, ID_number, email, parent_phone, adress, major, state from student_basic where id = ? 
2019-10-27 11:41:33,173 DEBUG (BaseJdbcLogger.java:143)- ====> Parameters: 28636(String)
2019-10-27 11:41:33,174 DEBUG (BaseJdbcLogger.java:143)- <====      Total: 1
2019-10-27 11:41:33,175 DEBUG (BaseJdbcLogger.java:143)- ====>  Preparing: select id, name, sex, birthday, phone, ID_number, email, parent_phone, adress, major, state from student_basic where id = ? 
2019-10-27 11:41:33,175 DEBUG (BaseJdbcLogger.java:143)- ====> Parameters: 28639(String)
2019-10-27 11:41:33,176 DEBUG (BaseJdbcLogger.java:143)- <====      Total: 1
2019-10-27 11:41:33,176 DEBUG (BaseJdbcLogger.java:143)- ====>  Preparing: select id, name, sex, birthday, phone, ID_number, email, parent_phone, adress, major, state from student_basic where id = ? 
2019-10-27 11:41:33,177 DEBUG (BaseJdbcLogger.java:143)- ====> Parameters: 28641(String)
2019-10-27 11:41:33,178 DEBUG (BaseJdbcLogger.java:143)- <====      Total: 1
2019-10-27 11:41:33,178 DEBUG (BaseJdbcLogger.java:143)- ====>  Preparing: select id, name, sex, birthday, phone, ID_number, email, parent_phone, adress, major, state from student_basic where id = ? 
2019-10-27 11:41:33,179 DEBUG (BaseJdbcLogger.java:143)- ====> Parameters: 28642(String)
2019-10-27 11:41:33,179 DEBUG (BaseJdbcLogger.java:143)- <====      Total: 1
2019-10-27 11:41:33,180 DEBUG (BaseJdbcLogger.java:143)- ====>  Preparing: select id, name, sex, birthday, phone, ID_number, email, parent_phone, adress, major, state from student_basic where id = ? 
2019-10-27 11:41:33,181 DEBUG (BaseJdbcLogger.java:143)- ====> Parameters: 28645(String)
2019-10-27 11:41:33,181 DEBUG (BaseJdbcLogger.java:143)- <====      Total: 1
2019-10-27 11:41:33,182 DEBUG (BaseJdbcLogger.java:143)- ====>  Preparing: select id, name, sex, birthday, phone, ID_number, email, parent_phone, adress, major, state from student_basic where id = ? 
2019-10-27 11:41:33,183 DEBUG (BaseJdbcLogger.java:143)- ====> Parameters: 28649(String)
2019-10-27 11:41:33,184 DEBUG (BaseJdbcLogger.java:143)- <====      Total: 1
2019-10-27 11:41:33,184 DEBUG (BaseJdbcLogger.java:143)- ====>  Preparing: select id, name, sex, birthday, phone, ID_number, email, parent_phone, adress, major, state from student_basic where id = ? 
2019-10-27 11:41:33,185 DEBUG (BaseJdbcLogger.java:143)- ====> Parameters: 28650(String)
2019-10-27 11:41:33,186 DEBUG (BaseJdbcLogger.java:143)- <====      Total: 1
2019-10-27 11:41:33,186 DEBUG (BaseJdbcLogger.java:143)- ====>  Preparing: select id, name, sex, birthday, phone, ID_number, email, parent_phone, adress, major, state from student_basic where id = ? 
2019-10-27 11:41:33,187 DEBUG (BaseJdbcLogger.java:143)- ====> Parameters: 28652(String)
