2019-08-22 18:38:12,972 DEBUG (BaseJdbcLogger.java:143)- <==      Total: 5
2019-08-22 18:38:12,973 DEBUG (BaseJdbcLogger.java:143)- ==>  Preparing: select student_status.id,student_status.basic_id, student_status.student_id, student_status.class_id from student_status,student_basic where student_status.basic_id=student_basic.id and student_basic.sex=? and student_status.class_id=? 
2019-08-22 18:38:12,973 DEBUG (BaseJdbcLogger.java:143)- ==> Parameters: 男(String), 080901201902(String)
2019-08-22 18:38:12,975 DEBUG (BaseJdbcLogger.java:143)- ====>  Preparing: select id, name, sex, birthday, phone, ID_number, email, parent_phone, adress, major, state from student_basic where id = ? 
2019-08-22 18:38:12,975 DEBUG (BaseJdbcLogger.java:143)- ====> Parameters: 12058(String)
2019-08-22 18:38:12,994 DEBUG (BaseJdbcLogger.java:143)- <====      Total: 1
2019-08-22 18:38:12,995 DEBUG (BaseJdbcLogger.java:143)- ====>  Preparing: select id, class_id, name, director, grade, major_id from class where class_id = ? 
2019-08-22 18:38:12,995 DEBUG (BaseJdbcLogger.java:143)- ====> Parameters: 080901201902(String)
2019-08-22 18:38:12,996 DEBUG (BaseJdbcLogger.java:143)- ======>  Preparing: select id, major_id, name, price, department_id from major where major_id = ? 
2019-08-22 18:38:12,996 DEBUG (BaseJdbcLogger.java:143)- ======> Parameters: 080901(String)
2019-08-22 18:38:12,997 DEBUG (BaseJdbcLogger.java:143)- <======      Total: 1
2019-08-22 18:38:12,997 DEBUG (BaseJdbcLogger.java:143)- <====      Total: 1
2019-08-22 18:38:12,997 DEBUG (BaseJdbcLogger.java:143)- ====>  Preparing: select id, name, sex, birthday, phone, ID_number, email, parent_phone, adress, major, state from student_basic where id = ? 
2019-08-22 18:38:12,997 DEBUG (BaseJdbcLogger.java:143)- ====> Parameters: 12059(String)
2019-08-22 18:38:12,998 DEBUG (BaseJdbcLogger.java:143)- <====      Total: 1
2019-08-22 18:38:12,998 DEBUG (BaseJdbcLogger.java:143)- ====>  Preparing: select id, name, sex, birthday, phone, ID_number, email, parent_phone, adress, major, state from student_basic where id = ? 
2019-08-22 18:38:12,999 DEBUG (BaseJdbcLogger.java:143)- ====> Parameters: 12060(String)
2019-08-22 18:38:12,999 DEBUG (BaseJdbcLogger.java:143)- <====      Total: 1
2019-08-22 18:38:13,000 DEBUG (BaseJdbcLogger.java:143)- ====>  Preparing: select id, name, sex, birthday, phone, ID_number, email, parent_phone, adress, major, state from student_basic where id = ? 
2019-08-22 18:38:13,000 DEBUG (BaseJdbcLogger.java:143)- ====> Parameters: 12062(String)
2019-08-22 18:38:13,001 DEBUG (BaseJdbcLogger.java:143)- <====      Total: 1
2019-08-22 18:38:13,001 DEBUG (BaseJdbcLogger.java:143)- ====>  Preparing: select id, name, sex, birthday, phone, ID_number, email, parent_phone, adress, major, state from student_basic where id = ? 
2019-08-22 18:38:13,002 DEBUG (BaseJdbcLogger.java:143)- ====> Parameters: 12065(String)
2019-08-22 18:38:13,003 DEBUG (BaseJdbcLogger.java:143)- <====      Total: 1
2019-08-22 18:38:13,003 DEBUG (BaseJdbcLogger.java:143)- ====>  Preparing: select id, name, sex, birthday, phone, ID_number, email, parent_phone, adress, major, state from student_basic where id = ? 
2019-08-22 18:38:13,003 DEBUG (BaseJdbcLogger.java:143)- ====> Parameters: 12067(String)
2019-08-22 18:38:13,004 DEBUG (BaseJdbcLogger.java:143)- <====      Total: 1
2019-08-22 18:38:13,004 DEBUG (BaseJdbcLogger.java:143)- ====>  Preparing: select id, name, sex, birthday, phone, ID_number, email, parent_phone, adress, major, state from student_basic where id = ? 
2019-08-22 18:38:13,004 DEBUG (BaseJdbcLogger.java:143)- ====> Parameters: 12071(String)
2019-08-22 18:38:13,005 DEBUG (BaseJdbcLogger.java:143)- <====      Total: 1
2019-08-22 18:38:13,005 DEBUG (BaseJdbcLogger.java:143)- ====>  Preparing: select id, name, sex, birthday, phone, ID_number, email, parent_phone, adress, major, state from student_basic where id = ? 
2019-08-22 18:38:13,005 DEBUG (BaseJdbcLogger.java:143)- ====> Parameters: 12072(String)
2019-08-22 18:38:13,006 DEBUG (BaseJdbcLogger.java:143)- <====      Total: 1
2019-08-22 18:38:13,006 DEBUG (BaseJdbcLogger.java:143)- ====>  Preparing: select id, name, sex, birthday, phone, ID_number, email, parent_phone, adress, major, state from student_basic where id = ? 
2019-08-22 18:38:13,006 DEBUG (BaseJdbcLogger.java:143)- ====> Parameters: 12073(String)
2019-08-22 18:38:13,007 DEBUG (BaseJdbcLogger.java:143)- <====      Total: 1
2019-08-22 18:38:13,007 DEBUG (BaseJdbcLogger.java:143)- ====>  Preparing: select id, name, sex, birthday, phone, ID_number, email, parent_phone, adress, major, state from student_basic where id = ? 
2019-08-22 18:38:13,007 DEBUG (BaseJdbcLogger.java:143)- ====> Parameters: 12074(String)
2019-08-22 18:38:13,008 DEBUG (BaseJdbcLogger.java:143)- <====      Total: 1
2019-08-22 18:38:13,008 DEBUG (BaseJdbcLogger.java:143)- ====>  Preparing: select id, name, sex, birthday, phone, ID_number, email, parent_phone, adress, major, state from student_basic where id = ? 
2019-08-22 18:38:13,008 DEBUG (BaseJdbcLogger.java:143)- ====> Parameters: 12077(String)
2019-08-22 18:38:13,009 DEBUG (BaseJdbcLogger.java:143)- <====      Total: 1
2019-08-22 18:38:13,009 DEBUG (BaseJdbcLogger.java:143)- ====>  Preparing: select id, name, sex, birthday, phone, ID_number, email, parent_phone, adress, major, state from student_basic where id = ? 
2019-08-22 18:38:13,010 DEBUG (BaseJdbcLogger.java:143)- ====> Parameters: 12081(String)
2019-08-22 18:38:13,010 DEBUG (BaseJdbcLogger.java:143)- <====      Total: 1
2019-08-22 18:38:13,010 DEBUG (BaseJdbcLogger.java:143)- ====>  Preparing: select id, name, sex, birthday, phone, ID_number, email, parent_phone, adress, major, state from student_basic where id = ? 
2019-08-22 18:38:13,011 DEBUG (BaseJdbcLogger.java:143)- ====> Parameters: 12084(String)
2019-08-22 18:38:13,011 DEBUG (BaseJdbcLogger.java:143)- <====      Total: 1
2019-08-22 18:38:13,011 DEBUG (BaseJdbcLogger.java:143)- ====>  Preparing: select id, name, sex, birthday, phone, ID_number, email, parent_phone, adress, major, state from student_basic where id = ? 
2019-08-22 18:38:13,012 DEBUG (BaseJdbcLogger.java:143)- ====> Parameters: 12086(String)
2019-08-22 18:38:13,012 DEBUG (BaseJdbcLogger.java:143)- <====      Total: 1
2019-08-22 18:38:13,012 DEBUG (BaseJdbcLogger.java:143)- ====>  Preparing: select id, name, sex, birthday, phone, ID_number, email, parent_phone, adress, major, state from student_basic where id = ? 
2019-08-22 18:38:13,013 DEBUG (BaseJdbcLogger.java:143)- ====> Parameters: 12089(String)
2019-08-22 18:38:13,014 DEBUG (BaseJdbcLogger.java:143)- <====      Total: 1
2019-08-22 18:38:13,014 DEBUG (BaseJdbcLogger.java:143)- ====>  Preparing: select id, name, sex, birthday, phone, ID_number, email, parent_phone, adress, major, state from student_basic where id = ? 
2019-08-22 18:38:13,014 DEBUG (BaseJdbcLogger.java:143)- ====> Parameters: 12090(String)
2019-08-22 18:38:13,015 DEBUG (BaseJdbcLogger.java:143)- <====      Total: 1
2019-08-22 18:38:13,015 DEBUG (BaseJdbcLogger.java:143)- ====>  Preparing: select id, name, sex, birthday, phone, ID_number, email, parent_phone, adress, major, state from student_basic where id = ? 
2019-08-22 18:38:13,015 DEBUG (BaseJdbcLogger.java:143)- ====> Parameters: 12095(String)
2019-08-22 18:38:13,016 DEBUG (BaseJdbcLogger.java:143)- <====      Total: 1
2019-08-22 18:38:13,017 DEBUG (BaseJdbcLogger.java:143)- ====>  Preparing: select id, name, sex, birthday, phone, ID_number, email, parent_phone, adress, major, state from student_basic where id = ? 
2019-08-22 18:38:13,017 DEBUG (BaseJdbcLogger.java:143)- ====> Parameters: 12096(String)
2019-08-22 18:38:13,017 DEBUG (BaseJdbcLogger.java:143)- <====      Total: 1
2019-08-22 18:38:13,018 DEBUG (BaseJdbcLogger.java:143)- ====>  Preparing: select id, name, sex, birthday, phone, ID_number, email, parent_phone, adress, major, state from student_basic where id = ? 
2019-08-22 18:38:13,018 DEBUG (BaseJdbcLogger.java:143)- ====> Parameters: 12097(String)
2019-08-22 18:38:13,019 DEBUG (BaseJdbcLogger.java:143)- <====      Total: 1
2019-08-22 18:38:13,020 DEBUG (BaseJdbcLogger.java:143)- ====>  Preparing: select id, name, sex, birthday, phone, ID_number, email, parent_phone, adress, major, state from student_basic where id = ? 
2019-08-22 18:38:13,021 DEBUG (BaseJdbcLogger.java:143)- ====> Parameters: 12098(String)
2019-08-22 18:38:13,021 DEBUG (BaseJdbcLogger.java:143)- <====      Total: 1
2019-08-22 18:38:13,022 DEBUG (BaseJdbcLogger.java:143)- ====>  Preparing: select id, name, sex, birthday, phone, ID_number, email, parent_phone, adress, major, state from student_basic where id = ? 
2019-08-22 18:38:13,022 DEBUG (BaseJdbcLogger.java:143)- ====> Parameters: 12099(String)
2019-08-22 18:38:13,023 DEBUG (BaseJdbcLogger.java:143)- <====      Total: 1
2019-08-22 18:38:13,024 DEBUG (BaseJdbcLogger.java:143)- ====>  Preparing: select id, name, sex, birthday, phone, ID_number, email, parent_phone, adress, major, state from student_basic where id = ? 
2019-08-22 18:38:13,024 DEBUG (BaseJdbcLogger.java:143)- ====> Parameters: 12100(String)
2019-08-22 18:38:13,025 DEBUG (BaseJdbcLogger.java:143)- <====      Total: 1
2019-08-22 18:38:13,025 DEBUG (BaseJdbcLogger.java:143)- ====>  Preparing: select id, name, sex, birthday, phone, ID_number, email, parent_phone, adress, major, state from student_basic where id = ? 
2019-08-22 18:38:13,025 DEBUG (BaseJdbcLogger.java:143)- ====> Parameters: 12101(String)
2019-08-22 18:38:13,026 DEBUG (BaseJdbcLogger.java:143)- <====      Total: 1
2019-08-22 18:38:13,026 DEBUG (BaseJdbcLogger.java:143)- ====>  Preparing: select id, name, sex, birthday, phone, ID_number, email, parent_phone, adress, major, state from student_basic where id = ? 
2019-08-22 18:38:13,027 DEBUG (BaseJdbcLogger.java:143)- ====> Parameters: 12102(String)
2019-08-22 18:38:13,027 DEBUG (BaseJdbcLogger.java:143)- <====      Total: 1
2019-08-22 18:38:13,027 DEBUG (BaseJdbcLogger.java:143)- ====>  Preparing: select id, name, sex, birthday, phone, ID_number, email, parent_phone, adress, major, state from student_basic where id = ? 
2019-08-22 18:38:13,028 DEBUG (BaseJdbcLogger.java:143)- ====> Parameters: 12104(String)
2019-08-22 18:38:13,028 DEBUG (BaseJdbcLogger.java:143)- <====      Total: 1
2019-08-22 18:38:13,029 DEBUG (BaseJdbcLogger.java:143)- ====>  Preparing: select id, name, sex, birthday, phone, ID_number, email, parent_phone, adress, major, state from student_basic where id = ? 
2019-08-22 18:38:13,029 DEBUG (BaseJdbcLogger.java:143)- ====> Parameters: 12105(String)
2019-08-22 18:38:13,030 DEBUG (BaseJdbcLogger.java:143)- <====      Total: 1
2019-08-22 18:38:13,030 DEBUG (BaseJdbcLogger.java:143)- ====>  Preparing: select id, name, sex, birthday, phone, ID_number, email, parent_phone, adress, major, state from student_basic where id = ? 
2019-08-22 18:38:13,030 DEBUG (BaseJdbcLogger.java:143)- ====> Parameters: 12108(String)
2019-08-22 18:38:13,031 DEBUG (BaseJdbcLogger.java:143)- <====      Total: 1
2019-08-22 18:38:13,031 DEBUG (BaseJdbcLogger.java:143)- ====>  Preparing: select id, name, sex, birthday, phone, ID_number, email, parent_phone, adress, major, state from student_basic where id = ? 
2019-08-22 18:38:13,032 DEBUG (BaseJdbcLogger.java:143)- ====> Parameters: 12111(String)
2019-08-22 18:38:13,033 DEBUG (BaseJdbcLogger.java:143)- <====      Total: 1
2019-08-22 18:38:13,033 DEBUG (BaseJdbcLogger.java:143)- ====>  Preparing: select id, name, sex, birthday, phone, ID_number, email, parent_phone, adress, major, state from student_basic where id = ? 
2019-08-22 18:38:13,033 DEBUG (BaseJdbcLogger.java:143)- ====> Parameters: 12112(String)
2019-08-22 18:38:13,034 DEBUG (BaseJdbcLogger.java:143)- <====      Total: 1
2019-08-22 18:38:13,035 DEBUG (BaseJdbcLogger.java:143)- <==      Total: 29
2019-08-22 18:38:13,035 DEBUG (BaseJdbcLogger.java:143)- ==>  Preparing: select student_status.id,student_status.basic_id, student_status.student_id, student_status.class_id from student_status,student_basic where student_status.basic_id=student_basic.id and student_basic.sex=? and student_status.class_id=? 
2019-08-22 18:38:13,035 DEBUG (BaseJdbcLogger.java:143)- ==> Parameters: 女(String), 080901201902(String)
2019-08-22 18:38:13,036 DEBUG (BaseJdbcLogger.java:143)- ====>  Preparing: select id, name, sex, birthday, phone, ID_number, email, parent_phone, adress, major, state from student_basic where id = ? 
2019-08-22 18:38:13,037 DEBUG (BaseJdbcLogger.java:143)- ====> Parameters: 12050(String)
2019-08-22 18:38:13,037 DEBUG (BaseJdbcLogger.java:143)- <====      Total: 1
2019-08-22 18:38:13,038 DEBUG (BaseJdbcLogger.java:143)- ====>  Preparing: select id, class_id, name, director, grade, major_id from class where class_id = ? 
2019-08-22 18:38:13,038 DEBUG (BaseJdbcLogger.java:143)- ====> Parameters: 080901201902(String)
2019-08-22 18:38:13,039 DEBUG (BaseJdbcLogger.java:143)- ======>  Preparing: select id, major_id, name, price, department_id from major where major_id = ? 
2019-08-22 18:38:13,039 DEBUG (BaseJdbcLogger.java:143)- ======> Parameters: 080901(String)
2019-08-22 18:38:13,040 DEBUG (BaseJdbcLogger.java:143)- <======      Total: 1
2019-08-22 18:38:13,040 DEBUG (BaseJdbcLogger.java:143)- <====      Total: 1
2019-08-22 18:38:13,040 DEBUG (BaseJdbcLogger.java:143)- ====>  Preparing: select id, name, sex, birthday, phone, ID_number, email, parent_phone, adress, major, state from student_basic where id = ? 
2019-08-22 18:38:13,040 DEBUG (BaseJdbcLogger.java:143)- ====> Parameters: 12052(String)
2019-08-22 18:38:13,041 DEBUG (BaseJdbcLogger.java:143)- <====      Total: 1
2019-08-22 18:38:13,041 DEBUG (BaseJdbcLogger.java:143)- ====>  Preparing: select id, name, sex, birthday, phone, ID_number, email, parent_phone, adress, major, state from student_basic where id = ? 
2019-08-22 18:38:13,041 DEBUG (BaseJdbcLogger.java:143)- ====> Parameters: 12054(String)
2019-08-22 18:38:13,042 DEBUG (BaseJdbcLogger.java:143)- <====      Total: 1
2019-08-22 18:38:13,042 DEBUG (BaseJdbcLogger.java:143)- ====>  Preparing: select id, name, sex, birthday, phone, ID_number, email, parent_phone, adress, major, state from student_basic where id = ? 
2019-08-22 18:38:13,042 DEBUG (BaseJdbcLogger.java:143)- ====> Parameters: 12057(String)
2019-08-22 18:38:13,043 DEBUG (BaseJdbcLogger.java:143)- <====      Total: 1
2019-08-22 18:38:13,043 DEBUG (BaseJdbcLogger.java:143)- ====>  Preparing: select id, name, sex, birthday, phone, ID_number, email, parent_phone, adress, major, state from student_basic where id = ? 
2019-08-22 18:38:13,043 DEBUG (BaseJdbcLogger.java:143)- ====> Parameters: 12061(String)
2019-08-22 18:38:13,044 DEBUG (BaseJdbcLogger.java:143)- <====      Total: 1
2019-08-22 18:38:13,044 DEBUG (BaseJdbcLogger.java:143)- ====>  Preparing: select id, name, sex, birthday, phone, ID_number, email, parent_phone, adress, major, state from student_basic where id = ? 
2019-08-22 18:38:13,044 DEBUG (BaseJdbcLogger.java:143)- ====> Parameters: 12063(String)
2019-08-22 18:38:13,045 DEBUG (BaseJdbcLogger.java:143)- <====      Total: 1
2019-08-22 18:38:13,045 DEBUG (BaseJdbcLogger.java:143)- ====>  Preparing: select id, name, sex, birthday, phone, ID_number, email, parent_phone, adress, major, state from student_basic where id = ? 
2019-08-22 18:38:13,045 DEBUG (BaseJdbcLogger.java:143)- ====> Parameters: 12064(String)
2019-08-22 18:38:13,046 DEBUG (BaseJdbcLogger.java:143)- <====      Total: 1
2019-08-22 18:38:13,046 DEBUG (BaseJdbcLogger.java:143)- ====>  Preparing: select id, name, sex, birthday, phone, ID_number, email, parent_phone, adress, major, state from student_basic where id = ? 
2019-08-22 18:38:13,046 DEBUG (BaseJdbcLogger.java:143)- ====> Parameters: 12066(String)
2019-08-22 18:38:13,047 DEBUG (BaseJdbcLogger.java:143)- <====      Total: 1
2019-08-22 18:38:13,047 DEBUG (BaseJdbcLogger.java:143)- ====>  Preparing: select id, name, sex, birthday, phone, ID_number, email, parent_phone, adress, major, state from student_basic where id = ? 
2019-08-22 18:38:13,047 DEBUG (BaseJdbcLogger.java:143)- ====> Parameters: 12068(String)
2019-08-22 18:38:13,048 DEBUG (BaseJdbcLogger.java:143)- <====      Total: 1
2019-08-22 18:38:13,048 DEBUG (BaseJdbcLogger.java:143)- ====>  Preparing: select id, name, sex, birthday, phone, ID_number, email, parent_phone, adress, major, state from student_basic where id = ? 
2019-08-22 18:38:13,048 DEBUG (BaseJdbcLogger.java:143)- ====> Parameters: 12069(String)
2019-08-22 18:38:13,049 DEBUG (BaseJdbcLogger.java:143)- <====      Total: 1
2019-08-22 18:38:13,050 DEBUG (BaseJdbcLogger.java:143)- ====>  Preparing: select id, name, sex, birthday, phone, ID_number, email, parent_phone, adress, major, state from student_basic where id = ? 
2019-08-22 18:38:13,050 DEBUG (BaseJdbcLogger.java:143)- ====> Parameters: 12070(String)
2019-08-22 18:38:13,051 DEBUG (BaseJdbcLogger.java:143)- <====      Total: 1
2019-08-22 18:38:13,051 DEBUG (BaseJdbcLogger.java:143)- ====>  Preparing: select id, name, sex, birthday, phone, ID_number, email, parent_phone, adress, major, state from student_basic where id = ? 
2019-08-22 18:38:13,051 DEBUG (BaseJdbcLogger.java:143)- ====> Parameters: 12075(String)
2019-08-22 18:38:13,052 DEBUG (BaseJdbcLogger.java:143)- <====      Total: 1
2019-08-22 18:38:13,052 DEBUG (BaseJdbcLogger.java:143)- ====>  Preparing: select id, name, sex, birthday, phone, ID_number, email, parent_phone, adress, major, state from student_basic where id = ? 
2019-08-22 18:38:13,052 DEBUG (BaseJdbcLogger.java:143)- ====> Parameters: 12076(String)
2019-08-22 18:38:13,053 DEBUG (BaseJdbcLogger.java:143)- <====      Total: 1
2019-08-22 18:38:13,053 DEBUG (BaseJdbcLogger.java:143)- ====>  Preparing: select id, name, sex, birthday, phone, ID_number, email, parent_phone, adress, major, state from student_basic where id = ? 
2019-08-22 18:38:13,053 DEBUG (BaseJdbcLogger.java:143)- ====> Parameters: 12078(String)
2019-08-22 18:38:13,054 DEBUG (BaseJdbcLogger.java:143)- <====      Total: 1
2019-08-22 18:38:13,054 DEBUG (BaseJdbcLogger.java:143)- ====>  Preparing: select id, name, sex, birthday, phone, ID_number, email, parent_phone, adress, major, state from student_basic where id = ? 
2019-08-22 18:38:13,054 DEBUG (BaseJdbcLogger.java:143)- ====> Parameters: 12079(String)
2019-08-22 18:38:13,055 DEBUG (BaseJdbcLogger.java:143)- <====      Total: 1
2019-08-22 18:38:13,055 DEBUG (BaseJdbcLogger.java:143)- ====>  Preparing: select id, name, sex, birthday, phone, ID_number, email, parent_phone, adress, major, state from student_basic where id = ? 
2019-08-22 18:38:13,056 DEBUG (BaseJdbcLogger.java:143)- ====> Parameters: 12080(String)
2019-08-22 18:38:13,056 DEBUG (BaseJdbcLogger.java:143)- <====      Total: 1
2019-08-22 18:38:13,056 DEBUG (BaseJdbcLogger.java:143)- ====>  Preparing: select id, name, sex, birthday, phone, ID_number, email, parent_phone, adress, major, state from student_basic where id = ? 
2019-08-22 18:38:13,057 DEBUG (BaseJdbcLogger.java:143)- ====> Parameters: 12082(String)
2019-08-22 18:38:13,057 DEBUG (BaseJdbcLogger.java:143)- <====      Total: 1
2019-08-22 18:38:13,057 DEBUG (BaseJdbcLogger.java:143)- ====>  Preparing: select id, name, sex, birthday, phone, ID_number, email, parent_phone, adress, major, state from student_basic where id = ? 
2019-08-22 18:38:13,058 DEBUG (BaseJdbcLogger.java:143)- ====> Parameters: 12083(String)
2019-08-22 18:38:13,058 DEBUG (BaseJdbcLogger.java:143)- <====      Total: 1
2019-08-22 18:38:13,058 DEBUG (BaseJdbcLogger.java:143)- ====>  Preparing: select id, name, sex, birthday, phone, ID_number, email, parent_phone, adress, major, state from student_basic where id = ? 
2019-08-22 18:38:13,059 DEBUG (BaseJdbcLogger.java:143)- ====> Parameters: 12085(String)
2019-08-22 18:38:13,059 DEBUG (BaseJdbcLogger.java:143)- <====      Total: 1
2019-08-22 18:38:13,059 DEBUG (BaseJdbcLogger.java:143)- ====>  Preparing: select id, name, sex, birthday, phone, ID_number, email, parent_phone, adress, major, state from student_basic where id = ? 
2019-08-22 18:38:13,060 DEBUG (BaseJdbcLogger.java:143)- ====> Parameters: 12087(String)
2019-08-22 18:38:13,060 DEBUG (BaseJdbcLogger.java:143)- <====      Total: 1
2019-08-22 18:38:13,061 DEBUG (BaseJdbcLogger.java:143)- ====>  Preparing: select id, name, sex, birthday, phone, ID_number, email, parent_phone, adress, major, state from student_basic where id = ? 
2019-08-22 18:38:13,061 DEBUG (BaseJdbcLogger.java:143)- ====> Parameters: 12088(String)
2019-08-22 18:38:13,061 DEBUG (BaseJdbcLogger.java:143)- <====      Total: 1
2019-08-22 18:38:13,062 DEBUG (BaseJdbcLogger.java:143)- ====>  Preparing: select id, name, sex, birthday, phone, ID_number, email, parent_phone, adress, major, state from student_basic where id = ? 
2019-08-22 18:38:13,062 DEBUG (BaseJdbcLogger.java:143)- ====> Parameters: 12091(String)
2019-08-22 18:38:13,062 DEBUG (BaseJdbcLogger.java:143)- <====      Total: 1
2019-08-22 18:38:13,063 DEBUG (BaseJdbcLogger.java:143)- ====>  Preparing: select id, name, sex, birthday, phone, ID_number, email, parent_phone, adress, major, state from student_basic where id = ? 
2019-08-22 18:38:13,063 DEBUG (BaseJdbcLogger.java:143)- ====> Parameters: 12092(String)
2019-08-22 18:38:13,064 DEBUG (BaseJdbcLogger.java:143)- <====      Total: 1
2019-08-22 18:38:13,064 DEBUG (BaseJdbcLogger.java:143)- <==      Total: 23
2019-08-22 18:38:13,065 DEBUG (BaseJdbcLogger.java:143)- ==>  Preparing: select dormitory_allocation.id, dormitory_allocation.class_id, dormitory_allocation.dormitory_id,dormitory_allocation.number from dormitory_allocation,dormitory WHERE dormitory_allocation.dormitory_id=dormitory.id and dormitory.sex=? and class_id = ? 
2019-08-22 18:38:13,065 DEBUG (BaseJdbcLogger.java:143)- ==> Parameters: 男(String), 080901201902(String)
2019-08-22 18:38:13,066 DEBUG (BaseJdbcLogger.java:143)- ====>  Preparing: select id, dong, floor, room, sex, number, rent from dormitory where id = ? 
2019-08-22 18:38:13,066 DEBUG (BaseJdbcLogger.java:143)- ====> Parameters: 74(Integer)
2019-08-22 18:38:13,067 DEBUG (BaseJdbcLogger.java:143)- <====      Total: 1
2019-08-22 18:38:13,067 DEBUG (BaseJdbcLogger.java:143)- ====>  Preparing: select id, dong, floor, room, sex, number, rent from dormitory where id = ? 
2019-08-22 18:38:13,067 DEBUG (BaseJdbcLogger.java:143)- ====> Parameters: 75(Integer)
2019-08-22 18:38:13,068 DEBUG (BaseJdbcLogger.java:143)- <====      Total: 1
2019-08-22 18:38:13,068 DEBUG (BaseJdbcLogger.java:143)- ====>  Preparing: select id, dong, floor, room, sex, number, rent from dormitory where id = ? 
2019-08-22 18:38:13,068 DEBUG (BaseJdbcLogger.java:143)- ====> Parameters: 76(Integer)
2019-08-22 18:38:13,069 DEBUG (BaseJdbcLogger.java:143)- <====      Total: 1
2019-08-22 18:38:13,069 DEBUG (BaseJdbcLogger.java:143)- ====>  Preparing: select id, dong, floor, room, sex, number, rent from dormitory where id = ? 
2019-08-22 18:38:13,069 DEBUG (BaseJdbcLogger.java:143)- ====> Parameters: 77(Integer)
2019-08-22 18:38:13,070 DEBUG (BaseJdbcLogger.java:143)- <====      Total: 1
2019-08-22 18:38:13,070 DEBUG (BaseJdbcLogger.java:143)- ====>  Preparing: select id, dong, floor, room, sex, number, rent from dormitory where id = ? 
2019-08-22 18:38:13,070 DEBUG (BaseJdbcLogger.java:143)- ====> Parameters: 78(Integer)
2019-08-22 18:38:13,071 DEBUG (BaseJdbcLogger.java:143)- <====      Total: 1
2019-08-22 18:38:13,072 DEBUG (BaseJdbcLogger.java:143)- ====>  Preparing: select id, dong, floor, room, sex, number, rent from dormitory where id = ? 
2019-08-22 18:38:13,072 DEBUG (BaseJdbcLogger.java:143)- ====> Parameters: 79(Integer)
2019-08-22 18:38:13,073 DEBUG (BaseJdbcLogger.java:143)- <====      Total: 1
2019-08-22 18:38:13,074 DEBUG (BaseJdbcLogger.java:143)- <==      Total: 6
2019-08-22 18:38:13,074 DEBUG (BaseJdbcLogger.java:143)- ==>  Preparing: select dormitory_allocation.id, dormitory_allocation.class_id, dormitory_allocation.dormitory_id,dormitory_allocation.number from dormitory_allocation,dormitory WHERE dormitory_allocation.dormitory_id=dormitory.id and dormitory.sex=? and class_id = ? 
2019-08-22 18:38:13,074 DEBUG (BaseJdbcLogger.java:143)- ==> Parameters: 女(String), 080901201902(String)
2019-08-22 18:38:13,075 DEBUG (BaseJdbcLogger.java:143)- ====>  Preparing: select id, dong, floor, room, sex, number, rent from dormitory where id = ? 
2019-08-22 18:38:13,075 DEBUG (BaseJdbcLogger.java:143)- ====> Parameters: 514(Integer)
2019-08-22 18:38:13,076 DEBUG (BaseJdbcLogger.java:143)- <====      Total: 1
2019-08-22 18:38:13,076 DEBUG (BaseJdbcLogger.java:143)- ====>  Preparing: select id, dong, floor, room, sex, number, rent from dormitory where id = ? 
2019-08-22 18:38:13,077 DEBUG (BaseJdbcLogger.java:143)- ====> Parameters: 515(Integer)
2019-08-22 18:38:13,077 DEBUG (BaseJdbcLogger.java:143)- <====      Total: 1
2019-08-22 18:38:13,078 DEBUG (BaseJdbcLogger.java:143)- ====>  Preparing: select id, dong, floor, room, sex, number, rent from dormitory where id = ? 
2019-08-22 18:38:13,078 DEBUG (BaseJdbcLogger.java:143)- ====> Parameters: 516(Integer)
2019-08-22 18:38:13,079 DEBUG (BaseJdbcLogger.java:143)- <====      Total: 1
2019-08-22 18:38:13,079 DEBUG (BaseJdbcLogger.java:143)- ====>  Preparing: select id, dong, floor, room, sex, number, rent from dormitory where id = ? 
2019-08-22 18:38:13,079 DEBUG (BaseJdbcLogger.java:143)- ====> Parameters: 517(Integer)
2019-08-22 18:38:13,080 DEBUG (BaseJdbcLogger.java:143)- <====      Total: 1
2019-08-22 18:38:13,080 DEBUG (BaseJdbcLogger.java:143)- ====>  Preparing: select id, dong, floor, room, sex, number, rent from dormitory where id = ? 
2019-08-22 18:38:13,081 DEBUG (BaseJdbcLogger.java:143)- ====> Parameters: 518(Integer)
2019-08-22 18:38:13,081 DEBUG (BaseJdbcLogger.java:143)- <====      Total: 1
2019-08-22 18:38:13,082 DEBUG (BaseJdbcLogger.java:143)- <==      Total: 5
2019-08-22 18:38:13,082 DEBUG (BaseJdbcLogger.java:143)- ==>  Preparing: select student_status.id,student_status.basic_id, student_status.student_id, student_status.class_id from student_status,student_basic where student_status.basic_id=student_basic.id and student_basic.sex=? and student_status.class_id=? 
2019-08-22 18:38:13,082 DEBUG (BaseJdbcLogger.java:143)- ==> Parameters: 男(String), 080901201903(String)
2019-08-22 18:38:13,083 DEBUG (BaseJdbcLogger.java:143)- ====>  Preparing: select id, name, sex, birthday, phone, ID_number, email, parent_phone, adress, major, state from student_basic where id = ? 
2019-08-22 18:38:13,083 DEBUG (BaseJdbcLogger.java:143)- ====> Parameters: 12113(String)
2019-08-22 18:38:13,084 DEBUG (BaseJdbcLogger.java:143)- <====      Total: 1
2019-08-22 18:38:13,084 DEBUG (BaseJdbcLogger.java:143)- ====>  Preparing: select id, class_id, name, director, grade, major_id from class where class_id = ? 
2019-08-22 18:38:13,085 DEBUG (BaseJdbcLogger.java:143)- ====> Parameters: 080901201903(String)
2019-08-22 18:38:13,085 DEBUG (BaseJdbcLogger.java:143)- ======>  Preparing: select id, major_id, name, price, department_id from major where major_id = ? 
2019-08-22 18:38:13,086 DEBUG (BaseJdbcLogger.java:143)- ======> Parameters: 080901(String)
2019-08-22 18:38:13,087 DEBUG (BaseJdbcLogger.java:143)- <======      Total: 1
2019-08-22 18:38:13,087 DEBUG (BaseJdbcLogger.java:143)- <====      Total: 1
2019-08-22 18:38:13,087 DEBUG (BaseJdbcLogger.java:143)- ====>  Preparing: select id, name, sex, birthday, phone, ID_number, email, parent_phone, adress, major, state from student_basic where id = ? 
2019-08-22 18:38:13,088 DEBUG (BaseJdbcLogger.java:143)- ====> Parameters: 12117(String)
2019-08-22 18:38:13,088 DEBUG (BaseJdbcLogger.java:143)- <====      Total: 1
2019-08-22 18:38:13,088 DEBUG (BaseJdbcLogger.java:143)- ====>  Preparing: select id, name, sex, birthday, phone, ID_number, email, parent_phone, adress, major, state from student_basic where id = ? 
2019-08-22 18:38:13,089 DEBUG (BaseJdbcLogger.java:143)- ====> Parameters: 12118(String)
2019-08-22 18:38:13,089 DEBUG (BaseJdbcLogger.java:143)- <====      Total: 1
2019-08-22 18:38:13,089 DEBUG (BaseJdbcLogger.java:143)- ====>  Preparing: select id, name, sex, birthday, phone, ID_number, email, parent_phone, adress, major, state from student_basic where id = ? 
2019-08-22 18:38:13,090 DEBUG (BaseJdbcLogger.java:143)- ====> Parameters: 12119(String)
2019-08-22 18:38:13,090 DEBUG (BaseJdbcLogger.java:143)- <====      Total: 1
2019-08-22 18:38:13,091 DEBUG (BaseJdbcLogger.java:143)- ====>  Preparing: select id, name, sex, birthday, phone, ID_number, email, parent_phone, adress, major, state from student_basic where id = ? 
2019-08-22 18:38:13,091 DEBUG (BaseJdbcLogger.java:143)- ====> Parameters: 12120(String)
2019-08-22 18:38:13,091 DEBUG (BaseJdbcLogger.java:143)- <====      Total: 1
2019-08-22 18:38:13,092 DEBUG (BaseJdbcLogger.java:143)- ====>  Preparing: select id, name, sex, birthday, phone, ID_number, email, parent_phone, adress, major, state from student_basic where id = ? 
2019-08-22 18:38:13,092 DEBUG (BaseJdbcLogger.java:143)- ====> Parameters: 12121(String)
2019-08-22 18:38:13,092 DEBUG (BaseJdbcLogger.java:143)- <====      Total: 1
2019-08-22 18:38:13,093 DEBUG (BaseJdbcLogger.java:143)- ====>  Preparing: select id, name, sex, birthday, phone, ID_number, email, parent_phone, adress, major, state from student_basic where id = ? 
2019-08-22 18:38:13,093 DEBUG (BaseJdbcLogger.java:143)- ====> Parameters: 12122(String)
2019-08-22 18:38:13,093 DEBUG (BaseJdbcLogger.java:143)- <====      Total: 1
2019-08-22 18:38:13,094 DEBUG (BaseJdbcLogger.java:143)- ====>  Preparing: select id, name, sex, birthday, phone, ID_number, email, parent_phone, adress, major, state from student_basic where id = ? 
2019-08-22 18:38:13,094 DEBUG (BaseJdbcLogger.java:143)- ====> Parameters: 12124(String)
2019-08-22 18:38:13,094 DEBUG (BaseJdbcLogger.java:143)- <====      Total: 1
2019-08-22 18:38:13,095 DEBUG (BaseJdbcLogger.java:143)- ====>  Preparing: select id, name, sex, birthday, phone, ID_number, email, parent_phone, adress, major, state from student_basic where id = ? 
2019-08-22 18:38:13,095 DEBUG (BaseJdbcLogger.java:143)- ====> Parameters: 12127(String)
2019-08-22 18:38:13,095 DEBUG (BaseJdbcLogger.java:143)- <====      Total: 1
2019-08-22 18:38:13,096 DEBUG (BaseJdbcLogger.java:143)- ====>  Preparing: select id, name, sex, birthday, phone, ID_number, email, parent_phone, adress, major, state from student_basic where id = ? 
2019-08-22 18:38:13,097 DEBUG (BaseJdbcLogger.java:143)- ====> Parameters: 12129(String)
2019-08-22 18:38:13,097 DEBUG (BaseJdbcLogger.java:143)- <====      Total: 1
2019-08-22 18:38:13,098 DEBUG (BaseJdbcLogger.java:143)- ====>  Preparing: select id, name, sex, birthday, phone, ID_number, email, parent_phone, adress, major, state from student_basic where id = ? 
2019-08-22 18:38:13,098 DEBUG (BaseJdbcLogger.java:143)- ====> Parameters: 12130(String)
2019-08-22 18:38:13,099 DEBUG (BaseJdbcLogger.java:143)- <====      Total: 1
2019-08-22 18:38:13,099 DEBUG (BaseJdbcLogger.java:143)- ====>  Preparing: select id, name, sex, birthday, phone, ID_number, email, parent_phone, adress, major, state from student_basic where id = ? 
2019-08-22 18:38:13,099 DEBUG (BaseJdbcLogger.java:143)- ====> Parameters: 12132(String)
2019-08-22 18:38:13,100 DEBUG (BaseJdbcLogger.java:143)- <====      Total: 1
2019-08-22 18:38:13,100 DEBUG (BaseJdbcLogger.java:143)- ====>  Preparing: select id, name, sex, birthday, phone, ID_number, email, parent_phone, adress, major, state from student_basic where id = ? 
2019-08-22 18:38:13,100 DEBUG (BaseJdbcLogger.java:143)- ====> Parameters: 12134(String)
2019-08-22 18:38:13,101 DEBUG (BaseJdbcLogger.java:143)- <====      Total: 1
2019-08-22 18:38:13,101 DEBUG (BaseJdbcLogger.java:143)- ====>  Preparing: select id, name, sex, birthday, phone, ID_number, email, parent_phone, adress, major, state from student_basic where id = ? 
2019-08-22 18:38:13,101 DEBUG (BaseJdbcLogger.java:143)- ====> Parameters: 12135(String)
2019-08-22 18:38:13,102 DEBUG (BaseJdbcLogger.java:143)- <====      Total: 1
2019-08-22 18:38:13,102 DEBUG (BaseJdbcLogger.java:143)- ====>  Preparing: select id, name, sex, birthday, phone, ID_number, email, parent_phone, adress, major, state from student_basic where id = ? 
2019-08-22 18:38:13,103 DEBUG (BaseJdbcLogger.java:143)- ====> Parameters: 12136(String)
2019-08-22 18:38:13,103 DEBUG (BaseJdbcLogger.java:143)- <====      Total: 1
2019-08-22 18:38:13,104 DEBUG (BaseJdbcLogger.java:143)- ====>  Preparing: select id, name, sex, birthday, phone, ID_number, email, parent_phone, adress, major, state from student_basic where id = ? 
2019-08-22 18:38:13,104 DEBUG (BaseJdbcLogger.java:143)- ====> Parameters: 12137(String)
2019-08-22 18:38:13,104 DEBUG (BaseJdbcLogger.java:143)- <====      Total: 1
2019-08-22 18:38:13,105 DEBUG (BaseJdbcLogger.java:143)- ====>  Preparing: select id, name, sex, birthday, phone, ID_number, email, parent_phone, adress, major, state from student_basic where id = ? 
2019-08-22 18:38:13,105 DEBUG (BaseJdbcLogger.java:143)- ====> Parameters: 12139(String)
2019-08-22 18:38:13,106 DEBUG (BaseJdbcLogger.java:143)- <====      Total: 1
2019-08-22 18:38:13,106 DEBUG (BaseJdbcLogger.java:143)- ====>  Preparing: select id, name, sex, birthday, phone, ID_number, email, parent_phone, adress, major, state from student_basic where id = ? 
2019-08-22 18:38:13,106 DEBUG (BaseJdbcLogger.java:143)- ====> Parameters: 12141(String)
2019-08-22 18:38:13,107 DEBUG (BaseJdbcLogger.java:143)- <====      Total: 1
2019-08-22 18:38:13,107 DEBUG (BaseJdbcLogger.java:143)- ====>  Preparing: select id, name, sex, birthday, phone, ID_number, email, parent_phone, adress, major, state from student_basic where id = ? 
2019-08-22 18:38:13,107 DEBUG (BaseJdbcLogger.java:143)- ====> Parameters: 12142(String)
2019-08-22 18:38:13,108 DEBUG (BaseJdbcLogger.java:143)- <====      Total: 1
2019-08-22 18:38:13,108 DEBUG (BaseJdbcLogger.java:143)- ====>  Preparing: select id, name, sex, birthday, phone, ID_number, email, parent_phone, adress, major, state from student_basic where id = ? 
2019-08-22 18:38:13,108 DEBUG (BaseJdbcLogger.java:143)- ====> Parameters: 12143(String)
2019-08-22 18:38:13,109 DEBUG (BaseJdbcLogger.java:143)- <====      Total: 1
2019-08-22 18:38:13,109 DEBUG (BaseJdbcLogger.java:143)- ====>  Preparing: select id, name, sex, birthday, phone, ID_number, email, parent_phone, adress, major, state from student_basic where id = ? 
2019-08-22 18:38:13,109 DEBUG (BaseJdbcLogger.java:143)- ====> Parameters: 12147(String)
2019-08-22 18:38:13,110 DEBUG (BaseJdbcLogger.java:143)- <====      Total: 1
2019-08-22 18:38:13,110 DEBUG (BaseJdbcLogger.java:143)- ====>  Preparing: select id, name, sex, birthday, phone, ID_number, email, parent_phone, adress, major, state from student_basic where id = ? 
2019-08-22 18:38:13,110 DEBUG (BaseJdbcLogger.java:143)- ====> Parameters: 12148(String)
2019-08-22 18:38:13,111 DEBUG (BaseJdbcLogger.java:143)- <====      Total: 1
2019-08-22 18:38:13,112 DEBUG (BaseJdbcLogger.java:143)- ====>  Preparing: select id, name, sex, birthday, phone, ID_number, email, parent_phone, adress, major, state from student_basic where id = ? 
2019-08-22 18:38:13,112 DEBUG (BaseJdbcLogger.java:143)- ====> Parameters: 12149(String)
2019-08-22 18:38:13,113 DEBUG (BaseJdbcLogger.java:143)- <====      Total: 1
2019-08-22 18:38:13,113 DEBUG (BaseJdbcLogger.java:143)- ====>  Preparing: select id, name, sex, birthday, phone, ID_number, email, parent_phone, adress, major, state from student_basic where id = ? 
2019-08-22 18:38:13,113 DEBUG (BaseJdbcLogger.java:143)- ====> Parameters: 12150(String)
2019-08-22 18:38:13,114 DEBUG (BaseJdbcLogger.java:143)- <====      Total: 1
2019-08-22 18:38:13,114 DEBUG (BaseJdbcLogger.java:143)- ====>  Preparing: select id, name, sex, birthday, phone, ID_number, email, parent_phone, adress, major, state from student_basic where id = ? 
2019-08-22 18:38:13,114 DEBUG (BaseJdbcLogger.java:143)- ====> Parameters: 12152(String)
2019-08-22 18:38:13,115 DEBUG (BaseJdbcLogger.java:143)- <====      Total: 1
2019-08-22 18:38:13,115 DEBUG (BaseJdbcLogger.java:143)- ====>  Preparing: select id, name, sex, birthday, phone, ID_number, email, parent_phone, adress, major, state from student_basic where id = ? 
2019-08-22 18:38:13,115 DEBUG (BaseJdbcLogger.java:143)- ====> Parameters: 12153(String)
2019-08-22 18:38:13,116 DEBUG (BaseJdbcLogger.java:143)- <====      Total: 1
2019-08-22 18:38:13,116 DEBUG (BaseJdbcLogger.java:143)- ====>  Preparing: select id, name, sex, birthday, phone, ID_number, email, parent_phone, adress, major, state from student_basic where id = ? 
2019-08-22 18:38:13,116 DEBUG (BaseJdbcLogger.java:143)- ====> Parameters: 12154(String)
2019-08-22 18:38:13,117 DEBUG (BaseJdbcLogger.java:143)- <====      Total: 1
2019-08-22 18:38:13,117 DEBUG (BaseJdbcLogger.java:143)- ====>  Preparing: select id, name, sex, birthday, phone, ID_number, email, parent_phone, adress, major, state from student_basic where id = ? 
2019-08-22 18:38:13,117 DEBUG (BaseJdbcLogger.java:143)- ====> Parameters: 12155(String)
2019-08-22 18:38:13,118 DEBUG (BaseJdbcLogger.java:143)- <====      Total: 1
2019-08-22 18:38:13,118 DEBUG (BaseJdbcLogger.java:143)- <==      Total: 28
2019-08-22 18:38:13,118 DEBUG (BaseJdbcLogger.java:143)- ==>  Preparing: select student_status.id,student_status.basic_id, student_status.student_id, student_status.class_id from student_status,student_basic where student_status.basic_id=student_basic.id and student_basic.sex=? and student_status.class_id=? 
2019-08-22 18:38:13,119 DEBUG (BaseJdbcLogger.java:143)- ==> Parameters: 女(String), 080901201903(String)
2019-08-22 18:38:13,120 DEBUG (BaseJdbcLogger.java:143)- ====>  Preparing: select id, name, sex, birthday, phone, ID_number, email, parent_phone, adress, major, state from student_basic where id = ? 
2019-08-22 18:38:13,120 DEBUG (BaseJdbcLogger.java:143)- ====> Parameters: 12093(String)
2019-08-22 18:38:13,120 DEBUG (BaseJdbcLogger.java:143)- <====      Total: 1
2019-08-22 18:38:13,121 DEBUG (BaseJdbcLogger.java:143)- ====>  Preparing: select id, class_id, name, director, grade, major_id from class where class_id = ? 
2019-08-22 18:38:13,121 DEBUG (BaseJdbcLogger.java:143)- ====> Parameters: 080901201903(String)
2019-08-22 18:38:13,122 DEBUG (BaseJdbcLogger.java:143)- ======>  Preparing: select id, major_id, name, price, department_id from major where major_id = ? 
2019-08-22 18:38:13,122 DEBUG (BaseJdbcLogger.java:143)- ======> Parameters: 080901(String)
2019-08-22 18:38:13,122 DEBUG (BaseJdbcLogger.java:143)- <======      Total: 1
2019-08-22 18:38:13,123 DEBUG (BaseJdbcLogger.java:143)- <====      Total: 1
2019-08-22 18:38:13,123 DEBUG (BaseJdbcLogger.java:143)- ====>  Preparing: select id, name, sex, birthday, phone, ID_number, email, parent_phone, adress, major, state from student_basic where id = ? 
2019-08-22 18:38:13,123 DEBUG (BaseJdbcLogger.java:143)- ====> Parameters: 12094(String)
2019-08-22 18:38:13,124 DEBUG (BaseJdbcLogger.java:143)- <====      Total: 1
2019-08-22 18:38:13,125 DEBUG (BaseJdbcLogger.java:143)- ====>  Preparing: select id, name, sex, birthday, phone, ID_number, email, parent_phone, adress, major, state from student_basic where id = ? 
2019-08-22 18:38:13,125 DEBUG (BaseJdbcLogger.java:143)- ====> Parameters: 12103(String)
2019-08-22 18:38:13,126 DEBUG (BaseJdbcLogger.java:143)- <====      Total: 1
2019-08-22 18:38:13,126 DEBUG (BaseJdbcLogger.java:143)- ====>  Preparing: select id, name, sex, birthday, phone, ID_number, email, parent_phone, adress, major, state from student_basic where id = ? 
2019-08-22 18:38:13,127 DEBUG (BaseJdbcLogger.java:143)- ====> Parameters: 12106(String)
2019-08-22 18:38:13,127 DEBUG (BaseJdbcLogger.java:143)- <====      Total: 1
2019-08-22 18:38:13,128 DEBUG (BaseJdbcLogger.java:143)- ====>  Preparing: select id, name, sex, birthday, phone, ID_number, email, parent_phone, adress, major, state from student_basic where id = ? 
2019-08-22 18:38:13,128 DEBUG (BaseJdbcLogger.java:143)- ====> Parameters: 12107(String)
2019-08-22 18:38:13,129 DEBUG (BaseJdbcLogger.java:143)- <====      Total: 1
2019-08-22 18:38:13,130 DEBUG (BaseJdbcLogger.java:143)- ====>  Preparing: select id, name, sex, birthday, phone, ID_number, email, parent_phone, adress, major, state from student_basic where id = ? 
2019-08-22 18:38:13,130 DEBUG (BaseJdbcLogger.java:143)- ====> Parameters: 12109(String)
2019-08-22 18:38:13,131 DEBUG (BaseJdbcLogger.java:143)- <====      Total: 1
2019-08-22 18:38:13,131 DEBUG (BaseJdbcLogger.java:143)- ====>  Preparing: select id, name, sex, birthday, phone, ID_number, email, parent_phone, adress, major, state from student_basic where id = ? 
2019-08-22 18:38:13,131 DEBUG (BaseJdbcLogger.java:143)- ====> Parameters: 12110(String)
2019-08-22 18:38:13,132 DEBUG (BaseJdbcLogger.java:143)- <====      Total: 1
2019-08-22 18:38:13,133 DEBUG (BaseJdbcLogger.java:143)- ====>  Preparing: select id, name, sex, birthday, phone, ID_number, email, parent_phone, adress, major, state from student_basic where id = ? 
2019-08-22 18:38:13,133 DEBUG (BaseJdbcLogger.java:143)- ====> Parameters: 12114(String)
2019-08-22 18:38:13,133 DEBUG (BaseJdbcLogger.java:143)- <====      Total: 1
2019-08-22 18:38:13,134 DEBUG (BaseJdbcLogger.java:143)- ====>  Preparing: select id, name, sex, birthday, phone, ID_number, email, parent_phone, adress, major, state from student_basic where id = ? 
2019-08-22 18:38:13,134 DEBUG (BaseJdbcLogger.java:143)- ====> Parameters: 12115(String)
2019-08-22 18:38:13,135 DEBUG (BaseJdbcLogger.java:143)- <====      Total: 1
2019-08-22 18:38:13,135 DEBUG (BaseJdbcLogger.java:143)- ====>  Preparing: select id, name, sex, birthday, phone, ID_number, email, parent_phone, adress, major, state from student_basic where id = ? 
2019-08-22 18:38:13,135 DEBUG (BaseJdbcLogger.java:143)- ====> Parameters: 12116(String)
2019-08-22 18:38:13,136 DEBUG (BaseJdbcLogger.java:143)- <====      Total: 1
2019-08-22 18:38:13,137 DEBUG (BaseJdbcLogger.java:143)- ====>  Preparing: select id, name, sex, birthday, phone, ID_number, email, parent_phone, adress, major, state from student_basic where id = ? 
2019-08-22 18:38:13,137 DEBUG (BaseJdbcLogger.java:143)- ====> Parameters: 12123(String)
2019-08-22 18:38:13,138 DEBUG (BaseJdbcLogger.java:143)- <====      Total: 1
2019-08-22 18:38:13,138 DEBUG (BaseJdbcLogger.java:143)- ====>  Preparing: select id, name, sex, birthday, phone, ID_number, email, parent_phone, adress, major, state from student_basic where id = ? 
2019-08-22 18:38:13,138 DEBUG (BaseJdbcLogger.java:143)- ====> Parameters: 12125(String)
2019-08-22 18:38:13,139 DEBUG (BaseJdbcLogger.java:143)- <====      Total: 1
2019-08-22 18:38:13,139 DEBUG (BaseJdbcLogger.java:143)- ====>  Preparing: select id, name, sex, birthday, phone, ID_number, email, parent_phone, adress, major, state from student_basic where id = ? 
2019-08-22 18:38:13,140 DEBUG (BaseJdbcLogger.java:143)- ====> Parameters: 12126(String)
2019-08-22 18:38:13,140 DEBUG (BaseJdbcLogger.java:143)- <====      Total: 1
2019-08-22 18:38:13,141 DEBUG (BaseJdbcLogger.java:143)- ====>  Preparing: select id, name, sex, birthday, phone, ID_number, email, parent_phone, adress, major, state from student_basic where id = ? 
2019-08-22 18:38:13,141 DEBUG (BaseJdbcLogger.java:143)- ====> Parameters: 12128(String)
2019-08-22 18:38:13,142 DEBUG (BaseJdbcLogger.java:143)- <====      Total: 1
2019-08-22 18:38:13,142 DEBUG (BaseJdbcLogger.java:143)- ====>  Preparing: select id, name, sex, birthday, phone, ID_number, email, parent_phone, adress, major, state from student_basic where id = ? 
2019-08-22 18:38:13,142 DEBUG (BaseJdbcLogger.java:143)- ====> Parameters: 12131(String)
2019-08-22 18:38:13,143 DEBUG (BaseJdbcLogger.java:143)- <====      Total: 1
2019-08-22 18:38:13,143 DEBUG (BaseJdbcLogger.java:143)- ====>  Preparing: select id, name, sex, birthday, phone, ID_number, email, parent_phone, adress, major, state from student_basic where id = ? 
2019-08-22 18:38:13,143 DEBUG (BaseJdbcLogger.java:143)- ====> Parameters: 12133(String)
2019-08-22 18:38:13,144 DEBUG (BaseJdbcLogger.java:143)- <====      Total: 1
2019-08-22 18:38:13,144 DEBUG (BaseJdbcLogger.java:143)- ====>  Preparing: select id, name, sex, birthday, phone, ID_number, email, parent_phone, adress, major, state from student_basic where id = ? 
2019-08-22 18:38:13,144 DEBUG (BaseJdbcLogger.java:143)- ====> Parameters: 12138(String)
2019-08-22 18:38:13,145 DEBUG (BaseJdbcLogger.java:143)- <====      Total: 1
2019-08-22 18:38:13,145 DEBUG (BaseJdbcLogger.java:143)- ====>  Preparing: select id, name, sex, birthday, phone, ID_number, email, parent_phone, adress, major, state from student_basic where id = ? 
2019-08-22 18:38:13,145 DEBUG (BaseJdbcLogger.java:143)- ====> Parameters: 12140(String)
2019-08-22 18:38:13,146 DEBUG (BaseJdbcLogger.java:143)- <====      Total: 1
2019-08-22 18:38:13,146 DEBUG (BaseJdbcLogger.java:143)- ====>  Preparing: select id, name, sex, birthday, phone, ID_number, email, parent_phone, adress, major, state from student_basic where id = ? 
2019-08-22 18:38:13,147 DEBUG (BaseJdbcLogger.java:143)- ====> Parameters: 12144(String)
2019-08-22 18:38:13,147 DEBUG (BaseJdbcLogger.java:143)- <====      Total: 1
2019-08-22 18:38:13,147 DEBUG (BaseJdbcLogger.java:143)- ====>  Preparing: select id, name, sex, birthday, phone, ID_number, email, parent_phone, adress, major, state from student_basic where id = ? 
2019-08-22 18:38:13,148 DEBUG (BaseJdbcLogger.java:143)- ====> Parameters: 12145(String)
2019-08-22 18:38:13,148 DEBUG (BaseJdbcLogger.java:143)- <====      Total: 1
2019-08-22 18:38:13,148 DEBUG (BaseJdbcLogger.java:143)- ====>  Preparing: select id, name, sex, birthday, phone, ID_number, email, parent_phone, adress, major, state from student_basic where id = ? 
2019-08-22 18:38:13,149 DEBUG (BaseJdbcLogger.java:143)- ====> Parameters: 12146(String)
2019-08-22 18:38:13,149 DEBUG (BaseJdbcLogger.java:143)- <====      Total: 1
2019-08-22 18:38:13,149 DEBUG (BaseJdbcLogger.java:143)- ====>  Preparing: select id, name, sex, birthday, phone, ID_number, email, parent_phone, adress, major, state from student_basic where id = ? 
2019-08-22 18:38:13,150 DEBUG (BaseJdbcLogger.java:143)- ====> Parameters: 12151(String)
2019-08-22 18:38:13,150 DEBUG (BaseJdbcLogger.java:143)- <====      Total: 1
2019-08-22 18:38:13,150 DEBUG (BaseJdbcLogger.java:143)- ====>  Preparing: select id, name, sex, birthday, phone, ID_number, email, parent_phone, adress, major, state from student_basic where id = ? 
2019-08-22 18:38:13,151 DEBUG (BaseJdbcLogger.java:143)- ====> Parameters: 12156(String)
2019-08-22 18:38:13,151 DEBUG (BaseJdbcLogger.java:143)- <====      Total: 1
2019-08-22 18:38:13,151 DEBUG (BaseJdbcLogger.java:143)- <==      Total: 23
2019-08-22 18:38:13,152 DEBUG (BaseJdbcLogger.java:143)- ==>  Preparing: select dormitory_allocation.id, dormitory_allocation.class_id, dormitory_allocation.dormitory_id,dormitory_allocation.number from dormitory_allocation,dormitory WHERE dormitory_allocation.dormitory_id=dormitory.id and dormitory.sex=? and class_id = ? 
2019-08-22 18:38:13,152 DEBUG (BaseJdbcLogger.java:143)- ==> Parameters: 男(String), 080901201903(String)
2019-08-22 18:38:13,153 DEBUG (BaseJdbcLogger.java:143)- ====>  Preparing: select id, dong, floor, room, sex, number, rent from dormitory where id = ? 
2019-08-22 18:38:13,153 DEBUG (BaseJdbcLogger.java:143)- ====> Parameters: 80(Integer)
2019-08-22 18:38:13,154 DEBUG (BaseJdbcLogger.java:143)- <====      Total: 1
2019-08-22 18:38:13,154 DEBUG (BaseJdbcLogger.java:143)- ====>  Preparing: select id, dong, floor, room, sex, number, rent from dormitory where id = ? 
2019-08-22 18:38:13,154 DEBUG (BaseJdbcLogger.java:143)- ====> Parameters: 81(Integer)
2019-08-22 18:38:13,155 DEBUG (BaseJdbcLogger.java:143)- <====      Total: 1
2019-08-22 18:38:13,155 DEBUG (BaseJdbcLogger.java:143)- ====>  Preparing: select id, dong, floor, room, sex, number, rent from dormitory where id = ? 
2019-08-22 18:38:13,155 DEBUG (BaseJdbcLogger.java:143)- ====> Parameters: 82(Integer)
2019-08-22 18:38:13,156 DEBUG (BaseJdbcLogger.java:143)- <====      Total: 1
2019-08-22 18:38:13,157 DEBUG (BaseJdbcLogger.java:143)- ====>  Preparing: select id, dong, floor, room, sex, number, rent from dormitory where id = ? 
2019-08-22 18:38:13,157 DEBUG (BaseJdbcLogger.java:143)- ====> Parameters: 83(Integer)
2019-08-22 18:38:13,157 DEBUG (BaseJdbcLogger.java:143)- <====      Total: 1
2019-08-22 18:38:13,158 DEBUG (BaseJdbcLogger.java:143)- ====>  Preparing: select id, dong, floor, room, sex, number, rent from dormitory where id = ? 
2019-08-22 18:38:13,158 DEBUG (BaseJdbcLogger.java:143)- ====> Parameters: 84(Integer)
2019-08-22 18:38:13,158 DEBUG (BaseJdbcLogger.java:143)- <====      Total: 1
2019-08-22 18:38:13,159 DEBUG (BaseJdbcLogger.java:143)- ====>  Preparing: select id, dong, floor, room, sex, number, rent from dormitory where id = ? 
2019-08-22 18:38:13,159 DEBUG (BaseJdbcLogger.java:143)- ====> Parameters: 73(Integer)
2019-08-22 18:38:13,159 DEBUG (BaseJdbcLogger.java:143)- <====      Total: 1
2019-08-22 18:38:13,160 DEBUG (BaseJdbcLogger.java:143)- ====>  Preparing: select id, dong, floor, room, sex, number, rent from dormitory where id = ? 
2019-08-22 18:38:13,160 DEBUG (BaseJdbcLogger.java:143)- ====> Parameters: 79(Integer)
2019-08-22 18:38:13,160 DEBUG (BaseJdbcLogger.java:143)- <====      Total: 1
2019-08-22 18:38:13,161 DEBUG (BaseJdbcLogger.java:143)- ====>  Preparing: select id, dong, floor, room, sex, number, rent from dormitory where id = ? 
2019-08-22 18:38:13,161 DEBUG (BaseJdbcLogger.java:143)- ====> Parameters: 105(Integer)
2019-08-22 18:38:13,161 DEBUG (BaseJdbcLogger.java:143)- <====      Total: 1
2019-08-22 18:38:13,162 DEBUG (BaseJdbcLogger.java:143)- <==      Total: 8
2019-08-22 18:38:13,162 DEBUG (BaseJdbcLogger.java:143)- ==>  Preparing: select dormitory_allocation.id, dormitory_allocation.class_id, dormitory_allocation.dormitory_id,dormitory_allocation.number from dormitory_allocation,dormitory WHERE dormitory_allocation.dormitory_id=dormitory.id and dormitory.sex=? and class_id = ? 
2019-08-22 18:38:13,162 DEBUG (BaseJdbcLogger.java:143)- ==> Parameters: 女(String), 080901201903(String)
2019-08-22 18:38:13,163 DEBUG (BaseJdbcLogger.java:143)- ====>  Preparing: select id, dong, floor, room, sex, number, rent from dormitory where id = ? 
2019-08-22 18:38:13,163 DEBUG (BaseJdbcLogger.java:143)- ====> Parameters: 519(Integer)
2019-08-22 18:38:13,164 DEBUG (BaseJdbcLogger.java:143)- <====      Total: 1
2019-08-22 18:38:13,164 DEBUG (BaseJdbcLogger.java:143)- ====>  Preparing: select id, dong, floor, room, sex, number, rent from dormitory where id = ? 
2019-08-22 18:38:13,164 DEBUG (BaseJdbcLogger.java:143)- ====> Parameters: 520(Integer)
2019-08-22 18:38:13,165 DEBUG (BaseJdbcLogger.java:143)- <====      Total: 1
2019-08-22 18:38:13,165 DEBUG (BaseJdbcLogger.java:143)- ====>  Preparing: select id, dong, floor, room, sex, number, rent from dormitory where id = ? 
2019-08-22 18:38:13,165 DEBUG (BaseJdbcLogger.java:143)- ====> Parameters: 521(Integer)
2019-08-22 18:38:13,166 DEBUG (BaseJdbcLogger.java:143)- <====      Total: 1
2019-08-22 18:38:13,166 DEBUG (BaseJdbcLogger.java:143)- ====>  Preparing: select id, dong, floor, room, sex, number, rent from dormitory where id = ? 
2019-08-22 18:38:13,166 DEBUG (BaseJdbcLogger.java:143)- ====> Parameters: 522(Integer)
2019-08-22 18:38:13,167 DEBUG (BaseJdbcLogger.java:143)- <====      Total: 1
2019-08-22 18:38:13,167 DEBUG (BaseJdbcLogger.java:143)- ====>  Preparing: select id, dong, floor, room, sex, number, rent from dormitory where id = ? 
2019-08-22 18:38:13,167 DEBUG (BaseJdbcLogger.java:143)- ====> Parameters: 523(Integer)
2019-08-22 18:38:13,168 DEBUG (BaseJdbcLogger.java:143)- <====      Total: 1
2019-08-22 18:38:13,168 DEBUG (BaseJdbcLogger.java:143)- <==      Total: 5
2019-08-22 18:38:13,168 DEBUG (BaseJdbcLogger.java:143)- ==>  Preparing: select student_status.id,student_status.basic_id, student_status.student_id, student_status.class_id from student_status,student_basic where student_status.basic_id=student_basic.id and student_basic.sex=? and student_status.class_id=? 
2019-08-22 18:38:13,168 DEBUG (BaseJdbcLogger.java:143)- ==> Parameters: 男(String), 080703201901(String)
2019-08-22 18:38:13,169 DEBUG (BaseJdbcLogger.java:143)- ====>  Preparing: select id, name, sex, birthday, phone, ID_number, email, parent_phone, adress, major, state from student_basic where id = ? 
2019-08-22 18:38:13,170 DEBUG (BaseJdbcLogger.java:143)- ====> Parameters: 12233(String)
2019-08-22 18:38:13,170 DEBUG (BaseJdbcLogger.java:143)- <====      Total: 1
2019-08-22 18:38:13,171 DEBUG (BaseJdbcLogger.java:143)- ====>  Preparing: select id, class_id, name, director, grade, major_id from class where class_id = ? 
2019-08-22 18:38:13,172 DEBUG (BaseJdbcLogger.java:143)- ====> Parameters: 080703201901(String)
2019-08-22 18:38:13,172 DEBUG (BaseJdbcLogger.java:143)- ======>  Preparing: select id, major_id, name, price, department_id from major where major_id = ? 
2019-08-22 18:38:13,172 DEBUG (BaseJdbcLogger.java:143)- ======> Parameters: 080703(String)
2019-08-22 18:38:13,173 DEBUG (BaseJdbcLogger.java:143)- <======      Total: 1
2019-08-22 18:38:13,174 DEBUG (BaseJdbcLogger.java:143)- <====      Total: 1
2019-08-22 18:38:13,174 DEBUG (BaseJdbcLogger.java:143)- ====>  Preparing: select id, name, sex, birthday, phone, ID_number, email, parent_phone, adress, major, state from student_basic where id = ? 
2019-08-22 18:38:13,174 DEBUG (BaseJdbcLogger.java:143)- ====> Parameters: 12234(String)
2019-08-22 18:38:13,175 DEBUG (BaseJdbcLogger.java:143)- <====      Total: 1
2019-08-22 18:38:13,175 DEBUG (BaseJdbcLogger.java:143)- ====>  Preparing: select id, name, sex, birthday, phone, ID_number, email, parent_phone, adress, major, state from student_basic where id = ? 
2019-08-22 18:38:13,176 DEBUG (BaseJdbcLogger.java:143)- ====> Parameters: 12235(String)
2019-08-22 18:38:13,176 DEBUG (BaseJdbcLogger.java:143)- <====      Total: 1
2019-08-22 18:38:13,176 DEBUG (BaseJdbcLogger.java:143)- ====>  Preparing: select id, name, sex, birthday, phone, ID_number, email, parent_phone, adress, major, state from student_basic where id = ? 
2019-08-22 18:38:13,177 DEBUG (BaseJdbcLogger.java:143)- ====> Parameters: 12236(String)
2019-08-22 18:38:13,177 DEBUG (BaseJdbcLogger.java:143)- <====      Total: 1
2019-08-22 18:38:13,177 DEBUG (BaseJdbcLogger.java:143)- ====>  Preparing: select id, name, sex, birthday, phone, ID_number, email, parent_phone, adress, major, state from student_basic where id = ? 
2019-08-22 18:38:13,177 DEBUG (BaseJdbcLogger.java:143)- ====> Parameters: 12239(String)
2019-08-22 18:38:13,178 DEBUG (BaseJdbcLogger.java:143)- <====      Total: 1
2019-08-22 18:38:13,179 DEBUG (BaseJdbcLogger.java:143)- ====>  Preparing: select id, name, sex, birthday, phone, ID_number, email, parent_phone, adress, major, state from student_basic where id = ? 
2019-08-22 18:38:13,179 DEBUG (BaseJdbcLogger.java:143)- ====> Parameters: 12240(String)
2019-08-22 18:38:13,179 DEBUG (BaseJdbcLogger.java:143)- <====      Total: 1
2019-08-22 18:38:13,179 DEBUG (BaseJdbcLogger.java:143)- ====>  Preparing: select id, name, sex, birthday, phone, ID_number, email, parent_phone, adress, major, state from student_basic where id = ? 
2019-08-22 18:38:13,180 DEBUG (BaseJdbcLogger.java:143)- ====> Parameters: 12241(String)
2019-08-22 18:38:13,181 DEBUG (BaseJdbcLogger.java:143)- <====      Total: 1
2019-08-22 18:38:13,181 DEBUG (BaseJdbcLogger.java:143)- ====>  Preparing: select id, name, sex, birthday, phone, ID_number, email, parent_phone, adress, major, state from student_basic where id = ? 
2019-08-22 18:38:13,181 DEBUG (BaseJdbcLogger.java:143)- ====> Parameters: 12242(String)
2019-08-22 18:38:13,183 DEBUG (BaseJdbcLogger.java:143)- <====      Total: 1
2019-08-22 18:38:13,183 DEBUG (BaseJdbcLogger.java:143)- ====>  Preparing: select id, name, sex, birthday, phone, ID_number, email, parent_phone, adress, major, state from student_basic where id = ? 
2019-08-22 18:38:13,184 DEBUG (BaseJdbcLogger.java:143)- ====> Parameters: 12243(String)
2019-08-22 18:38:13,184 DEBUG (BaseJdbcLogger.java:143)- <====      Total: 1
2019-08-22 18:38:13,184 DEBUG (BaseJdbcLogger.java:143)- ====>  Preparing: select id, name, sex, birthday, phone, ID_number, email, parent_phone, adress, major, state from student_basic where id = ? 
2019-08-22 18:38:13,184 DEBUG (BaseJdbcLogger.java:143)- ====> Parameters: 12244(String)
2019-08-22 18:38:13,185 DEBUG (BaseJdbcLogger.java:143)- <====      Total: 1
2019-08-22 18:38:13,185 DEBUG (BaseJdbcLogger.java:143)- ====>  Preparing: select id, name, sex, birthday, phone, ID_number, email, parent_phone, adress, major, state from student_basic where id = ? 
2019-08-22 18:38:13,186 DEBUG (BaseJdbcLogger.java:143)- ====> Parameters: 12246(String)
2019-08-22 18:38:13,187 DEBUG (BaseJdbcLogger.java:143)- <====      Total: 1
2019-08-22 18:38:13,187 DEBUG (BaseJdbcLogger.java:143)- ====>  Preparing: select id, name, sex, birthday, phone, ID_number, email, parent_phone, adress, major, state from student_basic where id = ? 
2019-08-22 18:38:13,187 DEBUG (BaseJdbcLogger.java:143)- ====> Parameters: 12250(String)
2019-08-22 18:38:13,189 DEBUG (BaseJdbcLogger.java:143)- <====      Total: 1
2019-08-22 18:38:13,189 DEBUG (BaseJdbcLogger.java:143)- ====>  Preparing: select id, name, sex, birthday, phone, ID_number, email, parent_phone, adress, major, state from student_basic where id = ? 
2019-08-22 18:38:13,189 DEBUG (BaseJdbcLogger.java:143)- ====> Parameters: 12253(String)
2019-08-22 18:38:13,190 DEBUG (BaseJdbcLogger.java:143)- <====      Total: 1
2019-08-22 18:38:13,191 DEBUG (BaseJdbcLogger.java:143)- ====>  Preparing: select id, name, sex, birthday, phone, ID_number, email, parent_phone, adress, major, state from student_basic where id = ? 
2019-08-22 18:38:13,191 DEBUG (BaseJdbcLogger.java:143)- ====> Parameters: 12254(String)
2019-08-22 18:38:13,192 DEBUG (BaseJdbcLogger.java:143)- <====      Total: 1
2019-08-22 18:38:13,192 DEBUG (BaseJdbcLogger.java:143)- ====>  Preparing: select id, name, sex, birthday, phone, ID_number, email, parent_phone, adress, major, state from student_basic where id = ? 
2019-08-22 18:38:13,192 DEBUG (BaseJdbcLogger.java:143)- ====> Parameters: 12257(String)
2019-08-22 18:38:13,193 DEBUG (BaseJdbcLogger.java:143)- <====      Total: 1
2019-08-22 18:38:13,193 DEBUG (BaseJdbcLogger.java:143)- ====>  Preparing: select id, name, sex, birthday, phone, ID_number, email, parent_phone, adress, major, state from student_basic where id = ? 
2019-08-22 18:38:13,193 DEBUG (BaseJdbcLogger.java:143)- ====> Parameters: 12259(String)
2019-08-22 18:38:13,194 DEBUG (BaseJdbcLogger.java:143)- <====      Total: 1
2019-08-22 18:38:13,194 DEBUG (BaseJdbcLogger.java:143)- ====>  Preparing: select id, name, sex, birthday, phone, ID_number, email, parent_phone, adress, major, state from student_basic where id = ? 
2019-08-22 18:38:13,194 DEBUG (BaseJdbcLogger.java:143)- ====> Parameters: 12260(String)
2019-08-22 18:38:13,196 DEBUG (BaseJdbcLogger.java:143)- <====      Total: 1
2019-08-22 18:38:13,196 DEBUG (BaseJdbcLogger.java:143)- ====>  Preparing: select id, name, sex, birthday, phone, ID_number, email, parent_phone, adress, major, state from student_basic where id = ? 
2019-08-22 18:38:13,196 DEBUG (BaseJdbcLogger.java:143)- ====> Parameters: 12262(String)
2019-08-22 18:38:13,196 DEBUG (BaseJdbcLogger.java:143)- <====      Total: 1
2019-08-22 18:38:13,196 DEBUG (BaseJdbcLogger.java:143)- ====>  Preparing: select id, name, sex, birthday, phone, ID_number, email, parent_phone, adress, major, state from student_basic where id = ? 
2019-08-22 18:38:13,197 DEBUG (BaseJdbcLogger.java:143)- ====> Parameters: 12263(String)
2019-08-22 18:38:13,197 DEBUG (BaseJdbcLogger.java:143)- <====      Total: 1
2019-08-22 18:38:13,198 DEBUG (BaseJdbcLogger.java:143)- ====>  Preparing: select id, name, sex, birthday, phone, ID_number, email, parent_phone, adress, major, state from student_basic where id = ? 
2019-08-22 18:38:13,198 DEBUG (BaseJdbcLogger.java:143)- ====> Parameters: 12265(String)
2019-08-22 18:38:13,198 DEBUG (BaseJdbcLogger.java:143)- <====      Total: 1
2019-08-22 18:38:13,199 DEBUG (BaseJdbcLogger.java:143)- ====>  Preparing: select id, name, sex, birthday, phone, ID_number, email, parent_phone, adress, major, state from student_basic where id = ? 
2019-08-22 18:38:13,199 DEBUG (BaseJdbcLogger.java:143)- ====> Parameters: 12268(String)
2019-08-22 18:38:13,199 DEBUG (BaseJdbcLogger.java:143)- <====      Total: 1
2019-08-22 18:38:13,200 DEBUG (BaseJdbcLogger.java:143)- ====>  Preparing: select id, name, sex, birthday, phone, ID_number, email, parent_phone, adress, major, state from student_basic where id = ? 
2019-08-22 18:38:13,200 DEBUG (BaseJdbcLogger.java:143)- ====> Parameters: 12271(String)
2019-08-22 18:38:13,200 DEBUG (BaseJdbcLogger.java:143)- <====      Total: 1
2019-08-22 18:38:13,201 DEBUG (BaseJdbcLogger.java:143)- ====>  Preparing: select id, name, sex, birthday, phone, ID_number, email, parent_phone, adress, major, state from student_basic where id = ? 
2019-08-22 18:38:13,201 DEBUG (BaseJdbcLogger.java:143)- ====> Parameters: 12274(String)
2019-08-22 18:38:13,201 DEBUG (BaseJdbcLogger.java:143)- <====      Total: 1
2019-08-22 18:38:13,202 DEBUG (BaseJdbcLogger.java:143)- ====>  Preparing: select id, name, sex, birthday, phone, ID_number, email, parent_phone, adress, major, state from student_basic where id = ? 
2019-08-22 18:38:13,202 DEBUG (BaseJdbcLogger.java:143)- ====> Parameters: 12275(String)
2019-08-22 18:38:13,204 DEBUG (BaseJdbcLogger.java:143)- <====      Total: 1
2019-08-22 18:38:13,204 DEBUG (BaseJdbcLogger.java:143)- ====>  Preparing: select id, name, sex, birthday, phone, ID_number, email, parent_phone, adress, major, state from student_basic where id = ? 
2019-08-22 18:38:13,204 DEBUG (BaseJdbcLogger.java:143)- ====> Parameters: 12276(String)
