2019-09-23 04:35:41,544 DEBUG (BaseJdbcLogger.java:143)- ====>  Preparing: select id, name, sex, birthday, phone, ID_number, email, parent_phone, adress, major, state from student_basic where id = ? 
2019-09-23 04:35:41,547 DEBUG (BaseJdbcLogger.java:143)- ====> Parameters: 24511(String)
2019-09-23 04:35:41,548 DEBUG (BaseJdbcLogger.java:143)- <====      Total: 1
2019-09-23 04:35:41,548 DEBUG (BaseJdbcLogger.java:143)- ====>  Preparing: select id, name, sex, birthday, phone, ID_number, email, parent_phone, adress, major, state from student_basic where id = ? 
2019-09-23 04:35:41,548 DEBUG (BaseJdbcLogger.java:143)- ====> Parameters: 24513(String)
2019-09-23 04:35:41,550 DEBUG (BaseJdbcLogger.java:143)- <====      Total: 1
2019-09-23 04:35:41,552 DEBUG (BaseJdbcLogger.java:143)- ====>  Preparing: select id, name, sex, birthday, phone, ID_number, email, parent_phone, adress, major, state from student_basic where id = ? 
2019-09-23 04:35:41,552 DEBUG (BaseJdbcLogger.java:143)- ====> Parameters: 24514(String)
2019-09-23 04:35:41,553 DEBUG (BaseJdbcLogger.java:143)- <====      Total: 1
2019-09-23 04:35:41,554 DEBUG (BaseJdbcLogger.java:143)- ====>  Preparing: select id, name, sex, birthday, phone, ID_number, email, parent_phone, adress, major, state from student_basic where id = ? 
2019-09-23 04:35:41,555 DEBUG (BaseJdbcLogger.java:143)- ====> Parameters: 24516(String)
2019-09-23 04:35:41,555 DEBUG (BaseJdbcLogger.java:143)- <====      Total: 1
2019-09-23 04:35:41,555 DEBUG (BaseJdbcLogger.java:143)- ====>  Preparing: select id, name, sex, birthday, phone, ID_number, email, parent_phone, adress, major, state from student_basic where id = ? 
2019-09-23 04:35:41,555 DEBUG (BaseJdbcLogger.java:143)- ====> Parameters: 24517(String)
2019-09-23 04:35:41,556 DEBUG (BaseJdbcLogger.java:143)- <====      Total: 1
2019-09-23 04:35:41,557 DEBUG (BaseJdbcLogger.java:143)- ====>  Preparing: select id, name, sex, birthday, phone, ID_number, email, parent_phone, adress, major, state from student_basic where id = ? 
2019-09-23 04:35:41,557 DEBUG (BaseJdbcLogger.java:143)- ====> Parameters: 24522(String)
2019-09-23 04:35:41,557 DEBUG (BaseJdbcLogger.java:143)- <====      Total: 1
2019-09-23 04:35:41,558 DEBUG (BaseJdbcLogger.java:143)- ====>  Preparing: select id, name, sex, birthday, phone, ID_number, email, parent_phone, adress, major, state from student_basic where id = ? 
2019-09-23 04:35:41,558 DEBUG (BaseJdbcLogger.java:143)- ====> Parameters: 24523(String)
2019-09-23 04:35:41,558 DEBUG (BaseJdbcLogger.java:143)- <====      Total: 1
2019-09-23 04:35:41,559 DEBUG (BaseJdbcLogger.java:143)- ====>  Preparing: select id, name, sex, birthday, phone, ID_number, email, parent_phone, adress, major, state from student_basic where id = ? 
2019-09-23 04:35:41,560 DEBUG (BaseJdbcLogger.java:143)- ====> Parameters: 24528(String)
2019-09-23 04:35:41,560 DEBUG (BaseJdbcLogger.java:143)- <====      Total: 1
2019-09-23 04:35:41,561 DEBUG (BaseJdbcLogger.java:143)- ====>  Preparing: select id, name, sex, birthday, phone, ID_number, email, parent_phone, adress, major, state from student_basic where id = ? 
2019-09-23 04:35:41,561 DEBUG (BaseJdbcLogger.java:143)- ====> Parameters: 24529(String)
2019-09-23 04:35:41,563 DEBUG (BaseJdbcLogger.java:143)- <====      Total: 1
2019-09-23 04:35:41,563 DEBUG (BaseJdbcLogger.java:143)- ====>  Preparing: select id, name, sex, birthday, phone, ID_number, email, parent_phone, adress, major, state from student_basic where id = ? 
2019-09-23 04:35:41,564 DEBUG (BaseJdbcLogger.java:143)- ====> Parameters: 24530(String)
2019-09-23 04:35:41,565 DEBUG (BaseJdbcLogger.java:143)- <====      Total: 1
2019-09-23 04:35:41,566 DEBUG (BaseJdbcLogger.java:143)- ====>  Preparing: select id, name, sex, birthday, phone, ID_number, email, parent_phone, adress, major, state from student_basic where id = ? 
2019-09-23 04:35:41,566 DEBUG (BaseJdbcLogger.java:143)- ====> Parameters: 24531(String)
2019-09-23 04:35:41,567 DEBUG (BaseJdbcLogger.java:143)- <====      Total: 1
2019-09-23 04:35:41,567 DEBUG (BaseJdbcLogger.java:143)- ====>  Preparing: select id, name, sex, birthday, phone, ID_number, email, parent_phone, adress, major, state from student_basic where id = ? 
2019-09-23 04:35:41,567 DEBUG (BaseJdbcLogger.java:143)- ====> Parameters: 24533(String)
2019-09-23 04:35:41,569 DEBUG (BaseJdbcLogger.java:143)- <====      Total: 1
2019-09-23 04:35:41,569 DEBUG (BaseJdbcLogger.java:143)- ====>  Preparing: select id, name, sex, birthday, phone, ID_number, email, parent_phone, adress, major, state from student_basic where id = ? 
2019-09-23 04:35:41,570 DEBUG (BaseJdbcLogger.java:143)- ====> Parameters: 24534(String)
2019-09-23 04:35:41,570 DEBUG (BaseJdbcLogger.java:143)- <====      Total: 1
2019-09-23 04:35:41,570 DEBUG (BaseJdbcLogger.java:143)- ====>  Preparing: select id, name, sex, birthday, phone, ID_number, email, parent_phone, adress, major, state from student_basic where id = ? 
2019-09-23 04:35:41,571 DEBUG (BaseJdbcLogger.java:143)- ====> Parameters: 24535(String)
2019-09-23 04:35:41,572 DEBUG (BaseJdbcLogger.java:143)- <====      Total: 1
2019-09-23 04:35:41,572 DEBUG (BaseJdbcLogger.java:143)- ====>  Preparing: select id, name, sex, birthday, phone, ID_number, email, parent_phone, adress, major, state from student_basic where id = ? 
2019-09-23 04:35:41,572 DEBUG (BaseJdbcLogger.java:143)- ====> Parameters: 24537(String)
2019-09-23 04:35:41,573 DEBUG (BaseJdbcLogger.java:143)- <====      Total: 1
2019-09-23 04:35:41,573 DEBUG (BaseJdbcLogger.java:143)- ====>  Preparing: select id, name, sex, birthday, phone, ID_number, email, parent_phone, adress, major, state from student_basic where id = ? 
2019-09-23 04:35:41,573 DEBUG (BaseJdbcLogger.java:143)- ====> Parameters: 24538(String)
2019-09-23 04:35:41,574 DEBUG (BaseJdbcLogger.java:143)- <====      Total: 1
2019-09-23 04:35:41,575 DEBUG (BaseJdbcLogger.java:143)- ====>  Preparing: select id, name, sex, birthday, phone, ID_number, email, parent_phone, adress, major, state from student_basic where id = ? 
2019-09-23 04:35:41,575 DEBUG (BaseJdbcLogger.java:143)- ====> Parameters: 24539(String)
2019-09-23 04:35:41,575 DEBUG (BaseJdbcLogger.java:143)- <====      Total: 1
2019-09-23 04:35:41,576 DEBUG (BaseJdbcLogger.java:143)- ====>  Preparing: select id, name, sex, birthday, phone, ID_number, email, parent_phone, adress, major, state from student_basic where id = ? 
2019-09-23 04:35:41,576 DEBUG (BaseJdbcLogger.java:143)- ====> Parameters: 24540(String)
2019-09-23 04:35:41,576 DEBUG (BaseJdbcLogger.java:143)- <====      Total: 1
2019-09-23 04:35:41,577 DEBUG (BaseJdbcLogger.java:143)- ====>  Preparing: select id, name, sex, birthday, phone, ID_number, email, parent_phone, adress, major, state from student_basic where id = ? 
2019-09-23 04:35:41,577 DEBUG (BaseJdbcLogger.java:143)- ====> Parameters: 24550(String)
2019-09-23 04:35:41,578 DEBUG (BaseJdbcLogger.java:143)- <====      Total: 1
2019-09-23 04:35:41,579 DEBUG (BaseJdbcLogger.java:143)- ====>  Preparing: select id, name, sex, birthday, phone, ID_number, email, parent_phone, adress, major, state from student_basic where id = ? 
2019-09-23 04:35:41,580 DEBUG (BaseJdbcLogger.java:143)- ====> Parameters: 24551(String)
2019-09-23 04:35:41,580 DEBUG (BaseJdbcLogger.java:143)- <====      Total: 1
2019-09-23 04:35:41,581 DEBUG (BaseJdbcLogger.java:143)- ====>  Preparing: select id, name, sex, birthday, phone, ID_number, email, parent_phone, adress, major, state from student_basic where id = ? 
2019-09-23 04:35:41,581 DEBUG (BaseJdbcLogger.java:143)- ====> Parameters: 24556(String)
2019-09-23 04:35:41,581 DEBUG (BaseJdbcLogger.java:143)- <====      Total: 1
2019-09-23 04:35:41,583 DEBUG (BaseJdbcLogger.java:143)- ====>  Preparing: select id, name, sex, birthday, phone, ID_number, email, parent_phone, adress, major, state from student_basic where id = ? 
2019-09-23 04:35:41,584 DEBUG (BaseJdbcLogger.java:143)- ====> Parameters: 24557(String)
2019-09-23 04:35:41,584 DEBUG (BaseJdbcLogger.java:143)- <====      Total: 1
2019-09-23 04:35:41,584 DEBUG (BaseJdbcLogger.java:143)- ====>  Preparing: select id, name, sex, birthday, phone, ID_number, email, parent_phone, adress, major, state from student_basic where id = ? 
2019-09-23 04:35:41,585 DEBUG (BaseJdbcLogger.java:143)- ====> Parameters: 24560(String)
2019-09-23 04:35:41,586 DEBUG (BaseJdbcLogger.java:143)- <====      Total: 1
2019-09-23 04:35:41,586 DEBUG (BaseJdbcLogger.java:143)- ====>  Preparing: select id, name, sex, birthday, phone, ID_number, email, parent_phone, adress, major, state from student_basic where id = ? 
2019-09-23 04:35:41,587 DEBUG (BaseJdbcLogger.java:143)- ====> Parameters: 24563(String)
2019-09-23 04:35:41,587 DEBUG (BaseJdbcLogger.java:143)- <====      Total: 1
2019-09-23 04:35:41,588 DEBUG (BaseJdbcLogger.java:143)- ====>  Preparing: select id, name, sex, birthday, phone, ID_number, email, parent_phone, adress, major, state from student_basic where id = ? 
2019-09-23 04:35:41,588 DEBUG (BaseJdbcLogger.java:143)- ====> Parameters: 24570(String)
2019-09-23 04:35:41,588 DEBUG (BaseJdbcLogger.java:143)- <====      Total: 1
2019-09-23 04:35:41,589 DEBUG (BaseJdbcLogger.java:143)- ====>  Preparing: select id, name, sex, birthday, phone, ID_number, email, parent_phone, adress, major, state from student_basic where id = ? 
2019-09-23 04:35:41,589 DEBUG (BaseJdbcLogger.java:143)- ====> Parameters: 24571(String)
2019-09-23 04:35:41,589 DEBUG (BaseJdbcLogger.java:143)- <====      Total: 1
2019-09-23 04:35:41,590 DEBUG (BaseJdbcLogger.java:143)- ====>  Preparing: select id, name, sex, birthday, phone, ID_number, email, parent_phone, adress, major, state from student_basic where id = ? 
2019-09-23 04:35:41,590 DEBUG (BaseJdbcLogger.java:143)- ====> Parameters: 24572(String)
2019-09-23 04:35:41,590 DEBUG (BaseJdbcLogger.java:143)- <====      Total: 1
2019-09-23 04:35:41,591 DEBUG (BaseJdbcLogger.java:143)- ====>  Preparing: select id, name, sex, birthday, phone, ID_number, email, parent_phone, adress, major, state from student_basic where id = ? 
2019-09-23 04:35:41,591 DEBUG (BaseJdbcLogger.java:143)- ====> Parameters: 24574(String)
2019-09-23 04:35:41,591 DEBUG (BaseJdbcLogger.java:143)- <====      Total: 1
2019-09-23 04:35:41,592 DEBUG (BaseJdbcLogger.java:143)- ====>  Preparing: select id, name, sex, birthday, phone, ID_number, email, parent_phone, adress, major, state from student_basic where id = ? 
2019-09-23 04:35:41,593 DEBUG (BaseJdbcLogger.java:143)- ====> Parameters: 24575(String)
2019-09-23 04:35:41,594 DEBUG (BaseJdbcLogger.java:143)- <====      Total: 1
2019-09-23 04:35:41,594 DEBUG (BaseJdbcLogger.java:143)- ====>  Preparing: select id, name, sex, birthday, phone, ID_number, email, parent_phone, adress, major, state from student_basic where id = ? 
2019-09-23 04:35:41,594 DEBUG (BaseJdbcLogger.java:143)- ====> Parameters: 24576(String)
2019-09-23 04:35:41,596 DEBUG (BaseJdbcLogger.java:143)- <====      Total: 1
2019-09-23 04:35:41,596 DEBUG (BaseJdbcLogger.java:143)- ====>  Preparing: select id, name, sex, birthday, phone, ID_number, email, parent_phone, adress, major, state from student_basic where id = ? 
2019-09-23 04:35:41,597 DEBUG (BaseJdbcLogger.java:143)- ====> Parameters: 24577(String)
2019-09-23 04:35:41,598 DEBUG (BaseJdbcLogger.java:143)- <====      Total: 1
2019-09-23 04:35:41,598 DEBUG (BaseJdbcLogger.java:143)- ====>  Preparing: select id, name, sex, birthday, phone, ID_number, email, parent_phone, adress, major, state from student_basic where id = ? 
2019-09-23 04:35:41,599 DEBUG (BaseJdbcLogger.java:143)- ====> Parameters: 24578(String)
2019-09-23 04:35:41,599 DEBUG (BaseJdbcLogger.java:143)- <====      Total: 1
2019-09-23 04:35:41,600 DEBUG (BaseJdbcLogger.java:143)- ====>  Preparing: select id, name, sex, birthday, phone, ID_number, email, parent_phone, adress, major, state from student_basic where id = ? 
2019-09-23 04:35:41,600 DEBUG (BaseJdbcLogger.java:143)- ====> Parameters: 24581(String)
2019-09-23 04:35:41,600 DEBUG (BaseJdbcLogger.java:143)- <====      Total: 1
2019-09-23 04:35:41,601 DEBUG (BaseJdbcLogger.java:143)- ====>  Preparing: select id, name, sex, birthday, phone, ID_number, email, parent_phone, adress, major, state from student_basic where id = ? 
2019-09-23 04:35:41,601 DEBUG (BaseJdbcLogger.java:143)- ====> Parameters: 24582(String)
2019-09-23 04:35:41,602 DEBUG (BaseJdbcLogger.java:143)- <====      Total: 1
2019-09-23 04:35:41,602 DEBUG (BaseJdbcLogger.java:143)- ====>  Preparing: select id, name, sex, birthday, phone, ID_number, email, parent_phone, adress, major, state from student_basic where id = ? 
2019-09-23 04:35:41,603 DEBUG (BaseJdbcLogger.java:143)- ====> Parameters: 24584(String)
2019-09-23 04:35:41,603 DEBUG (BaseJdbcLogger.java:143)- <====      Total: 1
2019-09-23 04:35:41,604 DEBUG (BaseJdbcLogger.java:143)- ====>  Preparing: select id, name, sex, birthday, phone, ID_number, email, parent_phone, adress, major, state from student_basic where id = ? 
2019-09-23 04:35:41,604 DEBUG (BaseJdbcLogger.java:143)- ====> Parameters: 24585(String)
2019-09-23 04:35:41,604 DEBUG (BaseJdbcLogger.java:143)- <====      Total: 1
2019-09-23 04:35:41,605 DEBUG (BaseJdbcLogger.java:143)- ====>  Preparing: select id, name, sex, birthday, phone, ID_number, email, parent_phone, adress, major, state from student_basic where id = ? 
2019-09-23 04:35:41,605 DEBUG (BaseJdbcLogger.java:143)- ====> Parameters: 24587(String)
2019-09-23 04:35:41,605 DEBUG (BaseJdbcLogger.java:143)- <====      Total: 1
2019-09-23 04:35:41,606 DEBUG (BaseJdbcLogger.java:143)- ====>  Preparing: select id, name, sex, birthday, phone, ID_number, email, parent_phone, adress, major, state from student_basic where id = ? 
2019-09-23 04:35:41,606 DEBUG (BaseJdbcLogger.java:143)- ====> Parameters: 24588(String)
2019-09-23 04:35:41,607 DEBUG (BaseJdbcLogger.java:143)- <====      Total: 1
2019-09-23 04:35:41,608 DEBUG (BaseJdbcLogger.java:143)- ====>  Preparing: select id, name, sex, birthday, phone, ID_number, email, parent_phone, adress, major, state from student_basic where id = ? 
2019-09-23 04:35:41,608 DEBUG (BaseJdbcLogger.java:143)- ====> Parameters: 24591(String)
2019-09-23 04:35:41,608 DEBUG (BaseJdbcLogger.java:143)- <====      Total: 1
2019-09-23 04:35:41,608 DEBUG (BaseJdbcLogger.java:143)- ====>  Preparing: select id, name, sex, birthday, phone, ID_number, email, parent_phone, adress, major, state from student_basic where id = ? 
2019-09-23 04:35:41,608 DEBUG (BaseJdbcLogger.java:143)- ====> Parameters: 24594(String)
2019-09-23 04:35:41,610 DEBUG (BaseJdbcLogger.java:143)- <====      Total: 1
2019-09-23 04:35:41,611 DEBUG (BaseJdbcLogger.java:143)- ====>  Preparing: select id, name, sex, birthday, phone, ID_number, email, parent_phone, adress, major, state from student_basic where id = ? 
2019-09-23 04:35:41,611 DEBUG (BaseJdbcLogger.java:143)- ====> Parameters: 24596(String)
2019-09-23 04:35:41,611 DEBUG (BaseJdbcLogger.java:143)- <====      Total: 1
2019-09-23 04:35:41,612 DEBUG (BaseJdbcLogger.java:143)- ====>  Preparing: select id, name, sex, birthday, phone, ID_number, email, parent_phone, adress, major, state from student_basic where id = ? 
2019-09-23 04:35:41,613 DEBUG (BaseJdbcLogger.java:143)- ====> Parameters: 24598(String)
2019-09-23 04:35:41,613 DEBUG (BaseJdbcLogger.java:143)- <====      Total: 1
2019-09-23 04:35:41,613 DEBUG (BaseJdbcLogger.java:143)- ====>  Preparing: select id, name, sex, birthday, phone, ID_number, email, parent_phone, adress, major, state from student_basic where id = ? 
2019-09-23 04:35:41,614 DEBUG (BaseJdbcLogger.java:143)- ====> Parameters: 24599(String)
2019-09-23 04:35:41,614 DEBUG (BaseJdbcLogger.java:143)- <====      Total: 1
2019-09-23 04:35:41,615 DEBUG (BaseJdbcLogger.java:143)- ====>  Preparing: select id, name, sex, birthday, phone, ID_number, email, parent_phone, adress, major, state from student_basic where id = ? 
2019-09-23 04:35:41,615 DEBUG (BaseJdbcLogger.java:143)- ====> Parameters: 24602(String)
2019-09-23 04:35:41,615 DEBUG (BaseJdbcLogger.java:143)- <====      Total: 1
2019-09-23 04:35:41,616 DEBUG (BaseJdbcLogger.java:143)- ====>  Preparing: select id, name, sex, birthday, phone, ID_number, email, parent_phone, adress, major, state from student_basic where id = ? 
2019-09-23 04:35:41,616 DEBUG (BaseJdbcLogger.java:143)- ====> Parameters: 24603(String)
2019-09-23 04:35:41,617 DEBUG (BaseJdbcLogger.java:143)- <====      Total: 1
2019-09-23 04:35:41,617 DEBUG (BaseJdbcLogger.java:143)- ====>  Preparing: select id, name, sex, birthday, phone, ID_number, email, parent_phone, adress, major, state from student_basic where id = ? 
2019-09-23 04:35:41,617 DEBUG (BaseJdbcLogger.java:143)- ====> Parameters: 24604(String)
2019-09-23 04:35:41,618 DEBUG (BaseJdbcLogger.java:143)- <====      Total: 1
2019-09-23 04:35:41,620 DEBUG (BaseJdbcLogger.java:143)- ====>  Preparing: select id, name, sex, birthday, phone, ID_number, email, parent_phone, adress, major, state from student_basic where id = ? 
2019-09-23 04:35:41,620 DEBUG (BaseJdbcLogger.java:143)- ====> Parameters: 24605(String)
2019-09-23 04:35:41,621 DEBUG (BaseJdbcLogger.java:143)- <====      Total: 1
2019-09-23 04:35:41,621 DEBUG (BaseJdbcLogger.java:143)- ====>  Preparing: select id, name, sex, birthday, phone, ID_number, email, parent_phone, adress, major, state from student_basic where id = ? 
2019-09-23 04:35:41,622 DEBUG (BaseJdbcLogger.java:143)- ====> Parameters: 24607(String)
2019-09-23 04:35:41,623 DEBUG (BaseJdbcLogger.java:143)- <====      Total: 1
2019-09-23 04:35:41,624 DEBUG (BaseJdbcLogger.java:143)- <==      Total: 78
2019-09-23 04:35:41,625 DEBUG (BaseJdbcLogger.java:143)- ==>  Preparing: select student_status.id, student_status.basic_id, student_status.student_id, student_status.class_id from student_status,student_basic where student_status.basic_id=student_basic.id and student_basic.sex=? and student_basic.major=? and student_status.class_id='0' 
2019-09-23 04:35:41,625 DEBUG (BaseJdbcLogger.java:143)- ==> Parameters: 男(String), 电子科学与技术(String)
2019-09-23 04:35:41,626 DEBUG (BaseJdbcLogger.java:143)- ====>  Preparing: select id, name, sex, birthday, phone, ID_number, email, parent_phone, adress, major, state from student_basic where id = ? 
2019-09-23 04:35:41,627 DEBUG (BaseJdbcLogger.java:143)- ====> Parameters: 24219(String)
2019-09-23 04:35:41,628 DEBUG (BaseJdbcLogger.java:143)- <====      Total: 1
2019-09-23 04:35:41,628 DEBUG (BaseJdbcLogger.java:143)- ====>  Preparing: select id, class_id, name, director, grade, major_id from class WHERE class_id = ? 
2019-09-23 04:35:41,628 DEBUG (BaseJdbcLogger.java:143)- ====> Parameters: 0(String)
2019-09-23 04:35:41,628 DEBUG (BaseJdbcLogger.java:143)- <====      Total: 0
2019-09-23 04:35:41,629 DEBUG (BaseJdbcLogger.java:143)- ====>  Preparing: select id, name, sex, birthday, phone, ID_number, email, parent_phone, adress, major, state from student_basic where id = ? 
2019-09-23 04:35:41,630 DEBUG (BaseJdbcLogger.java:143)- ====> Parameters: 24222(String)
2019-09-23 04:35:41,630 DEBUG (BaseJdbcLogger.java:143)- <====      Total: 1
2019-09-23 04:35:41,631 DEBUG (BaseJdbcLogger.java:143)- ====>  Preparing: select id, name, sex, birthday, phone, ID_number, email, parent_phone, adress, major, state from student_basic where id = ? 
2019-09-23 04:35:41,631 DEBUG (BaseJdbcLogger.java:143)- ====> Parameters: 24223(String)
2019-09-23 04:35:41,631 DEBUG (BaseJdbcLogger.java:143)- <====      Total: 1
2019-09-23 04:35:41,632 DEBUG (BaseJdbcLogger.java:143)- ====>  Preparing: select id, name, sex, birthday, phone, ID_number, email, parent_phone, adress, major, state from student_basic where id = ? 
2019-09-23 04:35:41,632 DEBUG (BaseJdbcLogger.java:143)- ====> Parameters: 24224(String)
2019-09-23 04:35:41,632 DEBUG (BaseJdbcLogger.java:143)- <====      Total: 1
2019-09-23 04:35:41,633 DEBUG (BaseJdbcLogger.java:143)- ====>  Preparing: select id, name, sex, birthday, phone, ID_number, email, parent_phone, adress, major, state from student_basic where id = ? 
2019-09-23 04:35:41,633 DEBUG (BaseJdbcLogger.java:143)- ====> Parameters: 24226(String)
2019-09-23 04:35:41,634 DEBUG (BaseJdbcLogger.java:143)- <====      Total: 1
2019-09-23 04:35:41,635 DEBUG (BaseJdbcLogger.java:143)- ====>  Preparing: select id, name, sex, birthday, phone, ID_number, email, parent_phone, adress, major, state from student_basic where id = ? 
2019-09-23 04:35:41,635 DEBUG (BaseJdbcLogger.java:143)- ====> Parameters: 24227(String)
2019-09-23 04:35:41,635 DEBUG (BaseJdbcLogger.java:143)- <====      Total: 1
2019-09-23 04:35:41,636 DEBUG (BaseJdbcLogger.java:143)- ====>  Preparing: select id, name, sex, birthday, phone, ID_number, email, parent_phone, adress, major, state from student_basic where id = ? 
2019-09-23 04:35:41,636 DEBUG (BaseJdbcLogger.java:143)- ====> Parameters: 24228(String)
2019-09-23 04:35:41,636 DEBUG (BaseJdbcLogger.java:143)- <====      Total: 1
2019-09-23 04:35:41,637 DEBUG (BaseJdbcLogger.java:143)- ====>  Preparing: select id, name, sex, birthday, phone, ID_number, email, parent_phone, adress, major, state from student_basic where id = ? 
2019-09-23 04:35:41,637 DEBUG (BaseJdbcLogger.java:143)- ====> Parameters: 24230(String)
2019-09-23 04:35:41,637 DEBUG (BaseJdbcLogger.java:143)- <====      Total: 1
2019-09-23 04:35:41,638 DEBUG (BaseJdbcLogger.java:143)- ====>  Preparing: select id, name, sex, birthday, phone, ID_number, email, parent_phone, adress, major, state from student_basic where id = ? 
2019-09-23 04:35:41,639 DEBUG (BaseJdbcLogger.java:143)- ====> Parameters: 24231(String)
2019-09-23 04:35:41,639 DEBUG (BaseJdbcLogger.java:143)- <====      Total: 1
2019-09-23 04:35:41,639 DEBUG (BaseJdbcLogger.java:143)- ====>  Preparing: select id, name, sex, birthday, phone, ID_number, email, parent_phone, adress, major, state from student_basic where id = ? 
2019-09-23 04:35:41,640 DEBUG (BaseJdbcLogger.java:143)- ====> Parameters: 24232(String)
2019-09-23 04:35:41,640 DEBUG (BaseJdbcLogger.java:143)- <====      Total: 1
2019-09-23 04:35:41,641 DEBUG (BaseJdbcLogger.java:143)- ====>  Preparing: select id, name, sex, birthday, phone, ID_number, email, parent_phone, adress, major, state from student_basic where id = ? 
2019-09-23 04:35:41,641 DEBUG (BaseJdbcLogger.java:143)- ====> Parameters: 24233(String)
2019-09-23 04:35:41,641 DEBUG (BaseJdbcLogger.java:143)- <====      Total: 1
2019-09-23 04:35:41,641 DEBUG (BaseJdbcLogger.java:143)- ====>  Preparing: select id, name, sex, birthday, phone, ID_number, email, parent_phone, adress, major, state from student_basic where id = ? 
2019-09-23 04:35:41,642 DEBUG (BaseJdbcLogger.java:143)- ====> Parameters: 24234(String)
2019-09-23 04:35:41,643 DEBUG (BaseJdbcLogger.java:143)- <====      Total: 1
2019-09-23 04:35:41,643 DEBUG (BaseJdbcLogger.java:143)- ====>  Preparing: select id, name, sex, birthday, phone, ID_number, email, parent_phone, adress, major, state from student_basic where id = ? 
2019-09-23 04:35:41,643 DEBUG (BaseJdbcLogger.java:143)- ====> Parameters: 24236(String)
2019-09-23 04:35:41,644 DEBUG (BaseJdbcLogger.java:143)- <====      Total: 1
2019-09-23 04:35:41,645 DEBUG (BaseJdbcLogger.java:143)- ====>  Preparing: select id, name, sex, birthday, phone, ID_number, email, parent_phone, adress, major, state from student_basic where id = ? 
2019-09-23 04:35:41,646 DEBUG (BaseJdbcLogger.java:143)- ====> Parameters: 24242(String)
2019-09-23 04:35:41,646 DEBUG (BaseJdbcLogger.java:143)- <====      Total: 1
2019-09-23 04:35:41,647 DEBUG (BaseJdbcLogger.java:143)- ====>  Preparing: select id, name, sex, birthday, phone, ID_number, email, parent_phone, adress, major, state from student_basic where id = ? 
2019-09-23 04:35:41,647 DEBUG (BaseJdbcLogger.java:143)- ====> Parameters: 24245(String)
2019-09-23 04:35:41,647 DEBUG (BaseJdbcLogger.java:143)- <====      Total: 1
2019-09-23 04:35:41,648 DEBUG (BaseJdbcLogger.java:143)- ====>  Preparing: select id, name, sex, birthday, phone, ID_number, email, parent_phone, adress, major, state from student_basic where id = ? 
2019-09-23 04:35:41,649 DEBUG (BaseJdbcLogger.java:143)- ====> Parameters: 24246(String)
2019-09-23 04:35:41,649 DEBUG (BaseJdbcLogger.java:143)- <====      Total: 1
2019-09-23 04:35:41,649 DEBUG (BaseJdbcLogger.java:143)- ====>  Preparing: select id, name, sex, birthday, phone, ID_number, email, parent_phone, adress, major, state from student_basic where id = ? 
2019-09-23 04:35:41,650 DEBUG (BaseJdbcLogger.java:143)- ====> Parameters: 24247(String)
2019-09-23 04:35:41,651 DEBUG (BaseJdbcLogger.java:143)- <====      Total: 1
2019-09-23 04:35:41,651 DEBUG (BaseJdbcLogger.java:143)- ====>  Preparing: select id, name, sex, birthday, phone, ID_number, email, parent_phone, adress, major, state from student_basic where id = ? 
2019-09-23 04:35:41,651 DEBUG (BaseJdbcLogger.java:143)- ====> Parameters: 24248(String)
2019-09-23 04:35:41,652 DEBUG (BaseJdbcLogger.java:143)- <====      Total: 1
2019-09-23 04:35:41,652 DEBUG (BaseJdbcLogger.java:143)- ====>  Preparing: select id, name, sex, birthday, phone, ID_number, email, parent_phone, adress, major, state from student_basic where id = ? 
2019-09-23 04:35:41,653 DEBUG (BaseJdbcLogger.java:143)- ====> Parameters: 24249(String)
2019-09-23 04:35:41,653 DEBUG (BaseJdbcLogger.java:143)- <====      Total: 1
2019-09-23 04:35:41,653 DEBUG (BaseJdbcLogger.java:143)- ====>  Preparing: select id, name, sex, birthday, phone, ID_number, email, parent_phone, adress, major, state from student_basic where id = ? 
2019-09-23 04:35:41,654 DEBUG (BaseJdbcLogger.java:143)- ====> Parameters: 24250(String)
2019-09-23 04:35:41,654 DEBUG (BaseJdbcLogger.java:143)- <====      Total: 1
2019-09-23 04:35:41,655 DEBUG (BaseJdbcLogger.java:143)- ====>  Preparing: select id, name, sex, birthday, phone, ID_number, email, parent_phone, adress, major, state from student_basic where id = ? 
2019-09-23 04:35:41,655 DEBUG (BaseJdbcLogger.java:143)- ====> Parameters: 24251(String)
2019-09-23 04:35:41,655 DEBUG (BaseJdbcLogger.java:143)- <====      Total: 1
2019-09-23 04:35:41,656 DEBUG (BaseJdbcLogger.java:143)- ====>  Preparing: select id, name, sex, birthday, phone, ID_number, email, parent_phone, adress, major, state from student_basic where id = ? 
2019-09-23 04:35:41,656 DEBUG (BaseJdbcLogger.java:143)- ====> Parameters: 24252(String)
2019-09-23 04:35:41,658 DEBUG (BaseJdbcLogger.java:143)- <====      Total: 1
2019-09-23 04:35:41,658 DEBUG (BaseJdbcLogger.java:143)- ====>  Preparing: select id, name, sex, birthday, phone, ID_number, email, parent_phone, adress, major, state from student_basic where id = ? 
2019-09-23 04:35:41,659 DEBUG (BaseJdbcLogger.java:143)- ====> Parameters: 24253(String)
2019-09-23 04:35:41,660 DEBUG (BaseJdbcLogger.java:143)- <====      Total: 1
2019-09-23 04:35:41,660 DEBUG (BaseJdbcLogger.java:143)- ====>  Preparing: select id, name, sex, birthday, phone, ID_number, email, parent_phone, adress, major, state from student_basic where id = ? 
2019-09-23 04:35:41,660 DEBUG (BaseJdbcLogger.java:143)- ====> Parameters: 24254(String)
2019-09-23 04:35:41,661 DEBUG (BaseJdbcLogger.java:143)- <====      Total: 1
2019-09-23 04:35:41,661 DEBUG (BaseJdbcLogger.java:143)- ====>  Preparing: select id, name, sex, birthday, phone, ID_number, email, parent_phone, adress, major, state from student_basic where id = ? 
2019-09-23 04:35:41,661 DEBUG (BaseJdbcLogger.java:143)- ====> Parameters: 24255(String)
2019-09-23 04:35:41,662 DEBUG (BaseJdbcLogger.java:143)- <====      Total: 1
2019-09-23 04:35:41,662 DEBUG (BaseJdbcLogger.java:143)- ====>  Preparing: select id, name, sex, birthday, phone, ID_number, email, parent_phone, adress, major, state from student_basic where id = ? 
2019-09-23 04:35:41,663 DEBUG (BaseJdbcLogger.java:143)- ====> Parameters: 24256(String)
2019-09-23 04:35:41,663 DEBUG (BaseJdbcLogger.java:143)- <====      Total: 1
2019-09-23 04:35:41,664 DEBUG (BaseJdbcLogger.java:143)- ====>  Preparing: select id, name, sex, birthday, phone, ID_number, email, parent_phone, adress, major, state from student_basic where id = ? 
2019-09-23 04:35:41,664 DEBUG (BaseJdbcLogger.java:143)- ====> Parameters: 24257(String)
2019-09-23 04:35:41,665 DEBUG (BaseJdbcLogger.java:143)- <====      Total: 1
2019-09-23 04:35:41,665 DEBUG (BaseJdbcLogger.java:143)- ====>  Preparing: select id, name, sex, birthday, phone, ID_number, email, parent_phone, adress, major, state from student_basic where id = ? 
2019-09-23 04:35:41,666 DEBUG (BaseJdbcLogger.java:143)- ====> Parameters: 24258(String)
2019-09-23 04:35:41,666 DEBUG (BaseJdbcLogger.java:143)- <====      Total: 1
2019-09-23 04:35:41,667 DEBUG (BaseJdbcLogger.java:143)- ====>  Preparing: select id, name, sex, birthday, phone, ID_number, email, parent_phone, adress, major, state from student_basic where id = ? 
2019-09-23 04:35:41,668 DEBUG (BaseJdbcLogger.java:143)- ====> Parameters: 24259(String)
2019-09-23 04:35:41,668 DEBUG (BaseJdbcLogger.java:143)- <====      Total: 1
2019-09-23 04:35:41,668 DEBUG (BaseJdbcLogger.java:143)- ====>  Preparing: select id, name, sex, birthday, phone, ID_number, email, parent_phone, adress, major, state from student_basic where id = ? 
2019-09-23 04:35:41,668 DEBUG (BaseJdbcLogger.java:143)- ====> Parameters: 24261(String)
2019-09-23 04:35:41,670 DEBUG (BaseJdbcLogger.java:143)- <====      Total: 1
2019-09-23 04:35:41,671 DEBUG (BaseJdbcLogger.java:143)- ====>  Preparing: select id, name, sex, birthday, phone, ID_number, email, parent_phone, adress, major, state from student_basic where id = ? 
2019-09-23 04:35:41,671 DEBUG (BaseJdbcLogger.java:143)- ====> Parameters: 24262(String)
2019-09-23 04:35:41,672 DEBUG (BaseJdbcLogger.java:143)- <====      Total: 1
2019-09-23 04:35:41,672 DEBUG (BaseJdbcLogger.java:143)- ====>  Preparing: select id, name, sex, birthday, phone, ID_number, email, parent_phone, adress, major, state from student_basic where id = ? 
2019-09-23 04:35:41,673 DEBUG (BaseJdbcLogger.java:143)- ====> Parameters: 24265(String)
2019-09-23 04:35:41,674 DEBUG (BaseJdbcLogger.java:143)- <====      Total: 1
2019-09-23 04:35:41,674 DEBUG (BaseJdbcLogger.java:143)- ====>  Preparing: select id, name, sex, birthday, phone, ID_number, email, parent_phone, adress, major, state from student_basic where id = ? 
2019-09-23 04:35:41,675 DEBUG (BaseJdbcLogger.java:143)- ====> Parameters: 24266(String)
2019-09-23 04:35:41,675 DEBUG (BaseJdbcLogger.java:143)- <====      Total: 1
2019-09-23 04:35:41,677 DEBUG (BaseJdbcLogger.java:143)- ====>  Preparing: select id, name, sex, birthday, phone, ID_number, email, parent_phone, adress, major, state from student_basic where id = ? 
2019-09-23 04:35:41,677 DEBUG (BaseJdbcLogger.java:143)- ====> Parameters: 24267(String)
2019-09-23 04:35:41,678 DEBUG (BaseJdbcLogger.java:143)- <====      Total: 1
2019-09-23 04:35:41,678 DEBUG (BaseJdbcLogger.java:143)- ====>  Preparing: select id, name, sex, birthday, phone, ID_number, email, parent_phone, adress, major, state from student_basic where id = ? 
2019-09-23 04:35:41,678 DEBUG (BaseJdbcLogger.java:143)- ====> Parameters: 24268(String)
2019-09-23 04:35:41,679 DEBUG (BaseJdbcLogger.java:143)- <====      Total: 1
2019-09-23 04:35:41,679 DEBUG (BaseJdbcLogger.java:143)- ====>  Preparing: select id, name, sex, birthday, phone, ID_number, email, parent_phone, adress, major, state from student_basic where id = ? 
2019-09-23 04:35:41,680 DEBUG (BaseJdbcLogger.java:143)- ====> Parameters: 24271(String)
2019-09-23 04:35:41,681 DEBUG (BaseJdbcLogger.java:143)- <====      Total: 1
2019-09-23 04:35:41,681 DEBUG (BaseJdbcLogger.java:143)- ====>  Preparing: select id, name, sex, birthday, phone, ID_number, email, parent_phone, adress, major, state from student_basic where id = ? 
2019-09-23 04:35:41,681 DEBUG (BaseJdbcLogger.java:143)- ====> Parameters: 24273(String)
2019-09-23 04:35:41,682 DEBUG (BaseJdbcLogger.java:143)- <====      Total: 1
2019-09-23 04:35:41,682 DEBUG (BaseJdbcLogger.java:143)- ====>  Preparing: select id, name, sex, birthday, phone, ID_number, email, parent_phone, adress, major, state from student_basic where id = ? 
2019-09-23 04:35:41,682 DEBUG (BaseJdbcLogger.java:143)- ====> Parameters: 24274(String)
2019-09-23 04:35:41,683 DEBUG (BaseJdbcLogger.java:143)- <====      Total: 1
2019-09-23 04:35:41,683 DEBUG (BaseJdbcLogger.java:143)- ====>  Preparing: select id, name, sex, birthday, phone, ID_number, email, parent_phone, adress, major, state from student_basic where id = ? 
2019-09-23 04:35:41,684 DEBUG (BaseJdbcLogger.java:143)- ====> Parameters: 24275(String)
2019-09-23 04:35:41,685 DEBUG (BaseJdbcLogger.java:143)- <====      Total: 1
2019-09-23 04:35:41,686 DEBUG (BaseJdbcLogger.java:143)- ====>  Preparing: select id, name, sex, birthday, phone, ID_number, email, parent_phone, adress, major, state from student_basic where id = ? 
2019-09-23 04:35:41,686 DEBUG (BaseJdbcLogger.java:143)- ====> Parameters: 24278(String)
2019-09-23 04:35:41,686 DEBUG (BaseJdbcLogger.java:143)- <====      Total: 1
2019-09-23 04:35:41,687 DEBUG (BaseJdbcLogger.java:143)- ====>  Preparing: select id, name, sex, birthday, phone, ID_number, email, parent_phone, adress, major, state from student_basic where id = ? 
2019-09-23 04:35:41,687 DEBUG (BaseJdbcLogger.java:143)- ====> Parameters: 24279(String)
2019-09-23 04:35:41,687 DEBUG (BaseJdbcLogger.java:143)- <====      Total: 1
2019-09-23 04:35:41,688 DEBUG (BaseJdbcLogger.java:143)- ====>  Preparing: select id, name, sex, birthday, phone, ID_number, email, parent_phone, adress, major, state from student_basic where id = ? 
2019-09-23 04:35:41,688 DEBUG (BaseJdbcLogger.java:143)- ====> Parameters: 24281(String)
2019-09-23 04:35:41,689 DEBUG (BaseJdbcLogger.java:143)- <====      Total: 1
2019-09-23 04:35:41,689 DEBUG (BaseJdbcLogger.java:143)- ====>  Preparing: select id, name, sex, birthday, phone, ID_number, email, parent_phone, adress, major, state from student_basic where id = ? 
2019-09-23 04:35:41,690 DEBUG (BaseJdbcLogger.java:143)- ====> Parameters: 24282(String)
2019-09-23 04:35:41,690 DEBUG (BaseJdbcLogger.java:143)- <====      Total: 1
2019-09-23 04:35:41,691 DEBUG (BaseJdbcLogger.java:143)- ====>  Preparing: select id, name, sex, birthday, phone, ID_number, email, parent_phone, adress, major, state from student_basic where id = ? 
2019-09-23 04:35:41,691 DEBUG (BaseJdbcLogger.java:143)- ====> Parameters: 24285(String)
2019-09-23 04:35:41,692 DEBUG (BaseJdbcLogger.java:143)- <====      Total: 1
2019-09-23 04:35:41,692 DEBUG (BaseJdbcLogger.java:143)- ====>  Preparing: select id, name, sex, birthday, phone, ID_number, email, parent_phone, adress, major, state from student_basic where id = ? 
2019-09-23 04:35:41,692 DEBUG (BaseJdbcLogger.java:143)- ====> Parameters: 24287(String)
2019-09-23 04:35:41,693 DEBUG (BaseJdbcLogger.java:143)- <====      Total: 1
2019-09-23 04:35:41,694 DEBUG (BaseJdbcLogger.java:143)- ====>  Preparing: select id, name, sex, birthday, phone, ID_number, email, parent_phone, adress, major, state from student_basic where id = ? 
2019-09-23 04:35:41,694 DEBUG (BaseJdbcLogger.java:143)- ====> Parameters: 24288(String)
2019-09-23 04:35:41,694 DEBUG (BaseJdbcLogger.java:143)- <====      Total: 1
2019-09-23 04:35:41,695 DEBUG (BaseJdbcLogger.java:143)- ====>  Preparing: select id, name, sex, birthday, phone, ID_number, email, parent_phone, adress, major, state from student_basic where id = ? 
2019-09-23 04:35:41,696 DEBUG (BaseJdbcLogger.java:143)- ====> Parameters: 24289(String)
2019-09-23 04:35:41,696 DEBUG (BaseJdbcLogger.java:143)- <====      Total: 1
2019-09-23 04:35:41,696 DEBUG (BaseJdbcLogger.java:143)- ====>  Preparing: select id, name, sex, birthday, phone, ID_number, email, parent_phone, adress, major, state from student_basic where id = ? 
2019-09-23 04:35:41,696 DEBUG (BaseJdbcLogger.java:143)- ====> Parameters: 24291(String)
2019-09-23 04:35:41,697 DEBUG (BaseJdbcLogger.java:143)- <====      Total: 1
2019-09-23 04:35:41,698 DEBUG (BaseJdbcLogger.java:143)- ====>  Preparing: select id, name, sex, birthday, phone, ID_number, email, parent_phone, adress, major, state from student_basic where id = ? 
2019-09-23 04:35:41,698 DEBUG (BaseJdbcLogger.java:143)- ====> Parameters: 24293(String)
2019-09-23 04:35:41,699 DEBUG (BaseJdbcLogger.java:143)- <====      Total: 1
2019-09-23 04:35:41,699 DEBUG (BaseJdbcLogger.java:143)- ====>  Preparing: select id, name, sex, birthday, phone, ID_number, email, parent_phone, adress, major, state from student_basic where id = ? 
2019-09-23 04:35:41,699 DEBUG (BaseJdbcLogger.java:143)- ====> Parameters: 24294(String)
2019-09-23 04:35:41,700 DEBUG (BaseJdbcLogger.java:143)- <====      Total: 1
2019-09-23 04:35:41,700 DEBUG (BaseJdbcLogger.java:143)- ====>  Preparing: select id, name, sex, birthday, phone, ID_number, email, parent_phone, adress, major, state from student_basic where id = ? 
2019-09-23 04:35:41,701 DEBUG (BaseJdbcLogger.java:143)- ====> Parameters: 24295(String)
2019-09-23 04:35:41,702 DEBUG (BaseJdbcLogger.java:143)- <====      Total: 1
2019-09-23 04:35:41,702 DEBUG (BaseJdbcLogger.java:143)- ====>  Preparing: select id, name, sex, birthday, phone, ID_number, email, parent_phone, adress, major, state from student_basic where id = ? 
2019-09-23 04:35:41,702 DEBUG (BaseJdbcLogger.java:143)- ====> Parameters: 24296(String)
2019-09-23 04:35:41,703 DEBUG (BaseJdbcLogger.java:143)- <====      Total: 1
2019-09-23 04:35:41,704 DEBUG (BaseJdbcLogger.java:143)- ====>  Preparing: select id, name, sex, birthday, phone, ID_number, email, parent_phone, adress, major, state from student_basic where id = ? 
2019-09-23 04:35:41,705 DEBUG (BaseJdbcLogger.java:143)- ====> Parameters: 24300(String)
2019-09-23 04:35:41,705 DEBUG (BaseJdbcLogger.java:143)- <====      Total: 1
2019-09-23 04:35:41,705 DEBUG (BaseJdbcLogger.java:143)- ====>  Preparing: select id, name, sex, birthday, phone, ID_number, email, parent_phone, adress, major, state from student_basic where id = ? 
2019-09-23 04:35:41,705 DEBUG (BaseJdbcLogger.java:143)- ====> Parameters: 24303(String)
2019-09-23 04:35:41,707 DEBUG (BaseJdbcLogger.java:143)- <====      Total: 1
2019-09-23 04:35:41,707 DEBUG (BaseJdbcLogger.java:143)- ====>  Preparing: select id, name, sex, birthday, phone, ID_number, email, parent_phone, adress, major, state from student_basic where id = ? 
2019-09-23 04:35:41,707 DEBUG (BaseJdbcLogger.java:143)- ====> Parameters: 24306(String)
2019-09-23 04:35:41,707 DEBUG (BaseJdbcLogger.java:143)- <====      Total: 1
2019-09-23 04:35:41,708 DEBUG (BaseJdbcLogger.java:143)- ====>  Preparing: select id, name, sex, birthday, phone, ID_number, email, parent_phone, adress, major, state from student_basic where id = ? 
2019-09-23 04:35:41,708 DEBUG (BaseJdbcLogger.java:143)- ====> Parameters: 24307(String)
2019-09-23 04:35:41,709 DEBUG (BaseJdbcLogger.java:143)- <====      Total: 1
2019-09-23 04:35:41,709 DEBUG (BaseJdbcLogger.java:143)- ====>  Preparing: select id, name, sex, birthday, phone, ID_number, email, parent_phone, adress, major, state from student_basic where id = ? 
2019-09-23 04:35:41,709 DEBUG (BaseJdbcLogger.java:143)- ====> Parameters: 24308(String)
2019-09-23 04:35:41,710 DEBUG (BaseJdbcLogger.java:143)- <====      Total: 1
2019-09-23 04:35:41,710 DEBUG (BaseJdbcLogger.java:143)- ====>  Preparing: select id, name, sex, birthday, phone, ID_number, email, parent_phone, adress, major, state from student_basic where id = ? 
2019-09-23 04:35:41,710 DEBUG (BaseJdbcLogger.java:143)- ====> Parameters: 24312(String)
2019-09-23 04:35:41,711 DEBUG (BaseJdbcLogger.java:143)- <====      Total: 1
2019-09-23 04:35:41,711 DEBUG (BaseJdbcLogger.java:143)- ====>  Preparing: select id, name, sex, birthday, phone, ID_number, email, parent_phone, adress, major, state from student_basic where id = ? 
2019-09-23 04:35:41,712 DEBUG (BaseJdbcLogger.java:143)- ====> Parameters: 24313(String)
2019-09-23 04:35:41,712 DEBUG (BaseJdbcLogger.java:143)- <====      Total: 1
2019-09-23 04:35:41,713 DEBUG (BaseJdbcLogger.java:143)- ====>  Preparing: select id, name, sex, birthday, phone, ID_number, email, parent_phone, adress, major, state from student_basic where id = ? 
2019-09-23 04:35:41,713 DEBUG (BaseJdbcLogger.java:143)- ====> Parameters: 24314(String)
2019-09-23 04:35:41,714 DEBUG (BaseJdbcLogger.java:143)- <====      Total: 1
2019-09-23 04:35:41,715 DEBUG (BaseJdbcLogger.java:143)- ====>  Preparing: select id, name, sex, birthday, phone, ID_number, email, parent_phone, adress, major, state from student_basic where id = ? 
2019-09-23 04:35:41,715 DEBUG (BaseJdbcLogger.java:143)- ====> Parameters: 24315(String)
2019-09-23 04:35:41,716 DEBUG (BaseJdbcLogger.java:143)- <====      Total: 1
2019-09-23 04:35:41,716 DEBUG (BaseJdbcLogger.java:143)- ====>  Preparing: select id, name, sex, birthday, phone, ID_number, email, parent_phone, adress, major, state from student_basic where id = ? 
2019-09-23 04:35:41,716 DEBUG (BaseJdbcLogger.java:143)- ====> Parameters: 24317(String)
2019-09-23 04:35:41,717 DEBUG (BaseJdbcLogger.java:143)- <====      Total: 1
2019-09-23 04:35:41,718 DEBUG (BaseJdbcLogger.java:143)- ====>  Preparing: select id, name, sex, birthday, phone, ID_number, email, parent_phone, adress, major, state from student_basic where id = ? 
2019-09-23 04:35:41,719 DEBUG (BaseJdbcLogger.java:143)- ====> Parameters: 24319(String)
2019-09-23 04:35:41,719 DEBUG (BaseJdbcLogger.java:143)- <====      Total: 1
2019-09-23 04:35:41,720 DEBUG (BaseJdbcLogger.java:143)- ====>  Preparing: select id, name, sex, birthday, phone, ID_number, email, parent_phone, adress, major, state from student_basic where id = ? 
2019-09-23 04:35:41,720 DEBUG (BaseJdbcLogger.java:143)- ====> Parameters: 24320(String)
2019-09-23 04:35:41,721 DEBUG (BaseJdbcLogger.java:143)- <====      Total: 1
2019-09-23 04:35:41,722 DEBUG (BaseJdbcLogger.java:143)- ====>  Preparing: select id, name, sex, birthday, phone, ID_number, email, parent_phone, adress, major, state from student_basic where id = ? 
2019-09-23 04:35:41,723 DEBUG (BaseJdbcLogger.java:143)- ====> Parameters: 24321(String)
2019-09-23 04:35:41,723 DEBUG (BaseJdbcLogger.java:143)- <====      Total: 1
2019-09-23 04:35:41,724 DEBUG (BaseJdbcLogger.java:143)- ====>  Preparing: select id, name, sex, birthday, phone, ID_number, email, parent_phone, adress, major, state from student_basic where id = ? 
2019-09-23 04:35:41,724 DEBUG (BaseJdbcLogger.java:143)- ====> Parameters: 24322(String)
2019-09-23 04:35:41,724 DEBUG (BaseJdbcLogger.java:143)- <====      Total: 1
2019-09-23 04:35:41,725 DEBUG (BaseJdbcLogger.java:143)- ====>  Preparing: select id, name, sex, birthday, phone, ID_number, email, parent_phone, adress, major, state from student_basic where id = ? 
2019-09-23 04:35:41,726 DEBUG (BaseJdbcLogger.java:143)- ====> Parameters: 24323(String)
2019-09-23 04:35:41,726 DEBUG (BaseJdbcLogger.java:143)- <====      Total: 1
2019-09-23 04:35:41,727 DEBUG (BaseJdbcLogger.java:143)- ====>  Preparing: select id, name, sex, birthday, phone, ID_number, email, parent_phone, adress, major, state from student_basic where id = ? 
2019-09-23 04:35:41,727 DEBUG (BaseJdbcLogger.java:143)- ====> Parameters: 24324(String)
2019-09-23 04:35:41,728 DEBUG (BaseJdbcLogger.java:143)- <====      Total: 1
2019-09-23 04:35:41,729 DEBUG (BaseJdbcLogger.java:143)- ====>  Preparing: select id, name, sex, birthday, phone, ID_number, email, parent_phone, adress, major, state from student_basic where id = ? 
2019-09-23 04:35:41,730 DEBUG (BaseJdbcLogger.java:143)- ====> Parameters: 24325(String)
2019-09-23 04:35:41,731 DEBUG (BaseJdbcLogger.java:143)- <====      Total: 1
2019-09-23 04:35:41,731 DEBUG (BaseJdbcLogger.java:143)- ====>  Preparing: select id, name, sex, birthday, phone, ID_number, email, parent_phone, adress, major, state from student_basic where id = ? 
2019-09-23 04:35:41,732 DEBUG (BaseJdbcLogger.java:143)- ====> Parameters: 24328(String)
2019-09-23 04:35:41,733 DEBUG (BaseJdbcLogger.java:143)- <====      Total: 1
2019-09-23 04:35:41,733 DEBUG (BaseJdbcLogger.java:143)- ====>  Preparing: select id, name, sex, birthday, phone, ID_number, email, parent_phone, adress, major, state from student_basic where id = ? 
2019-09-23 04:35:41,733 DEBUG (BaseJdbcLogger.java:143)- ====> Parameters: 24329(String)
2019-09-23 04:35:41,734 DEBUG (BaseJdbcLogger.java:143)- <====      Total: 1
2019-09-23 04:35:41,734 DEBUG (BaseJdbcLogger.java:143)- ====>  Preparing: select id, name, sex, birthday, phone, ID_number, email, parent_phone, adress, major, state from student_basic where id = ? 
2019-09-23 04:35:41,735 DEBUG (BaseJdbcLogger.java:143)- ====> Parameters: 24330(String)
2019-09-23 04:35:41,735 DEBUG (BaseJdbcLogger.java:143)- <====      Total: 1
2019-09-23 04:35:41,736 DEBUG (BaseJdbcLogger.java:143)- ====>  Preparing: select id, name, sex, birthday, phone, ID_number, email, parent_phone, adress, major, state from student_basic where id = ? 
2019-09-23 04:35:41,736 DEBUG (BaseJdbcLogger.java:143)- ====> Parameters: 24333(String)
2019-09-23 04:35:41,737 DEBUG (BaseJdbcLogger.java:143)- <====      Total: 1
2019-09-23 04:35:41,737 DEBUG (BaseJdbcLogger.java:143)- ====>  Preparing: select id, name, sex, birthday, phone, ID_number, email, parent_phone, adress, major, state from student_basic where id = ? 
2019-09-23 04:35:41,737 DEBUG (BaseJdbcLogger.java:143)- ====> Parameters: 24335(String)
2019-09-23 04:35:41,738 DEBUG (BaseJdbcLogger.java:143)- <====      Total: 1
2019-09-23 04:35:41,739 DEBUG (BaseJdbcLogger.java:143)- <==      Total: 74
2019-09-23 04:35:41,739 DEBUG (BaseJdbcLogger.java:143)- ==>  Preparing: select student_status.id, student_status.basic_id, student_status.student_id, student_status.class_id from student_status,student_basic where student_status.basic_id=student_basic.id and student_basic.sex=? and student_basic.major=? and student_status.class_id='0' 
2019-09-23 04:35:41,740 DEBUG (BaseJdbcLogger.java:143)- ==> Parameters: 女(String), 电子科学与技术(String)
2019-09-23 04:35:41,742 DEBUG (BaseJdbcLogger.java:143)- ====>  Preparing: select id, name, sex, birthday, phone, ID_number, email, parent_phone, adress, major, state from student_basic where id = ? 
2019-09-23 04:35:41,742 DEBUG (BaseJdbcLogger.java:143)- ====> Parameters: 24218(String)
2019-09-23 04:35:41,743 DEBUG (BaseJdbcLogger.java:143)- <====      Total: 1
2019-09-23 04:35:41,743 DEBUG (BaseJdbcLogger.java:143)- ====>  Preparing: select id, class_id, name, director, grade, major_id from class WHERE class_id = ? 
2019-09-23 04:35:41,744 DEBUG (BaseJdbcLogger.java:143)- ====> Parameters: 0(String)
2019-09-23 04:35:41,744 DEBUG (BaseJdbcLogger.java:143)- <====      Total: 0
2019-09-23 04:35:41,744 DEBUG (BaseJdbcLogger.java:143)- ====>  Preparing: select id, name, sex, birthday, phone, ID_number, email, parent_phone, adress, major, state from student_basic where id = ? 
2019-09-23 04:35:41,745 DEBUG (BaseJdbcLogger.java:143)- ====> Parameters: 24220(String)
2019-09-23 04:35:41,745 DEBUG (BaseJdbcLogger.java:143)- <====      Total: 1
2019-09-23 04:35:41,746 DEBUG (BaseJdbcLogger.java:143)- ====>  Preparing: select id, name, sex, birthday, phone, ID_number, email, parent_phone, adress, major, state from student_basic where id = ? 
2019-09-23 04:35:41,746 DEBUG (BaseJdbcLogger.java:143)- ====> Parameters: 24221(String)
2019-09-23 04:35:41,748 DEBUG (BaseJdbcLogger.java:143)- <====      Total: 1
2019-09-23 04:35:41,748 DEBUG (BaseJdbcLogger.java:143)- ====>  Preparing: select id, name, sex, birthday, phone, ID_number, email, parent_phone, adress, major, state from student_basic where id = ? 
2019-09-23 04:35:41,748 DEBUG (BaseJdbcLogger.java:143)- ====> Parameters: 24225(String)
2019-09-23 04:35:41,749 DEBUG (BaseJdbcLogger.java:143)- <====      Total: 1
2019-09-23 04:35:41,749 DEBUG (BaseJdbcLogger.java:143)- ====>  Preparing: select id, name, sex, birthday, phone, ID_number, email, parent_phone, adress, major, state from student_basic where id = ? 
2019-09-23 04:35:41,750 DEBUG (BaseJdbcLogger.java:143)- ====> Parameters: 24229(String)
2019-09-23 04:35:41,751 DEBUG (BaseJdbcLogger.java:143)- <====      Total: 1
2019-09-23 04:35:41,752 DEBUG (BaseJdbcLogger.java:143)- ====>  Preparing: select id, name, sex, birthday, phone, ID_number, email, parent_phone, adress, major, state from student_basic where id = ? 
2019-09-23 04:35:41,752 DEBUG (BaseJdbcLogger.java:143)- ====> Parameters: 24235(String)
2019-09-23 04:35:41,753 DEBUG (BaseJdbcLogger.java:143)- <====      Total: 1
2019-09-23 04:35:41,753 DEBUG (BaseJdbcLogger.java:143)- ====>  Preparing: select id, name, sex, birthday, phone, ID_number, email, parent_phone, adress, major, state from student_basic where id = ? 
2019-09-23 04:35:41,753 DEBUG (BaseJdbcLogger.java:143)- ====> Parameters: 24237(String)
2019-09-23 04:35:41,753 DEBUG (BaseJdbcLogger.java:143)- <====      Total: 1
2019-09-23 04:35:41,754 DEBUG (BaseJdbcLogger.java:143)- ====>  Preparing: select id, name, sex, birthday, phone, ID_number, email, parent_phone, adress, major, state from student_basic where id = ? 
2019-09-23 04:35:41,754 DEBUG (BaseJdbcLogger.java:143)- ====> Parameters: 24238(String)
2019-09-23 04:35:41,754 DEBUG (BaseJdbcLogger.java:143)- <====      Total: 1
2019-09-23 04:35:41,755 DEBUG (BaseJdbcLogger.java:143)- ====>  Preparing: select id, name, sex, birthday, phone, ID_number, email, parent_phone, adress, major, state from student_basic where id = ? 
2019-09-23 04:35:41,756 DEBUG (BaseJdbcLogger.java:143)- ====> Parameters: 24239(String)
2019-09-23 04:35:41,756 DEBUG (BaseJdbcLogger.java:143)- <====      Total: 1
2019-09-23 04:35:41,757 DEBUG (BaseJdbcLogger.java:143)- ====>  Preparing: select id, name, sex, birthday, phone, ID_number, email, parent_phone, adress, major, state from student_basic where id = ? 
2019-09-23 04:35:41,757 DEBUG (BaseJdbcLogger.java:143)- ====> Parameters: 24240(String)
2019-09-23 04:35:41,757 DEBUG (BaseJdbcLogger.java:143)- <====      Total: 1
2019-09-23 04:35:41,758 DEBUG (BaseJdbcLogger.java:143)- ====>  Preparing: select id, name, sex, birthday, phone, ID_number, email, parent_phone, adress, major, state from student_basic where id = ? 
2019-09-23 04:35:41,758 DEBUG (BaseJdbcLogger.java:143)- ====> Parameters: 24241(String)
2019-09-23 04:35:41,758 DEBUG (BaseJdbcLogger.java:143)- <====      Total: 1
2019-09-23 04:35:41,759 DEBUG (BaseJdbcLogger.java:143)- ====>  Preparing: select id, name, sex, birthday, phone, ID_number, email, parent_phone, adress, major, state from student_basic where id = ? 
2019-09-23 04:35:41,759 DEBUG (BaseJdbcLogger.java:143)- ====> Parameters: 24243(String)
2019-09-23 04:35:41,759 DEBUG (BaseJdbcLogger.java:143)- <====      Total: 1
2019-09-23 04:35:41,760 DEBUG (BaseJdbcLogger.java:143)- ====>  Preparing: select id, name, sex, birthday, phone, ID_number, email, parent_phone, adress, major, state from student_basic where id = ? 
2019-09-23 04:35:41,761 DEBUG (BaseJdbcLogger.java:143)- ====> Parameters: 24244(String)
2019-09-23 04:35:41,761 DEBUG (BaseJdbcLogger.java:143)- <====      Total: 1
2019-09-23 04:35:41,761 DEBUG (BaseJdbcLogger.java:143)- ====>  Preparing: select id, name, sex, birthday, phone, ID_number, email, parent_phone, adress, major, state from student_basic where id = ? 
2019-09-23 04:35:41,762 DEBUG (BaseJdbcLogger.java:143)- ====> Parameters: 24260(String)
2019-09-23 04:35:41,762 DEBUG (BaseJdbcLogger.java:143)- <====      Total: 1
2019-09-23 04:35:41,762 DEBUG (BaseJdbcLogger.java:143)- ====>  Preparing: select id, name, sex, birthday, phone, ID_number, email, parent_phone, adress, major, state from student_basic where id = ? 
2019-09-23 04:35:41,764 DEBUG (BaseJdbcLogger.java:143)- ====> Parameters: 24263(String)
2019-09-23 04:35:41,764 DEBUG (BaseJdbcLogger.java:143)- <====      Total: 1
2019-09-23 04:35:41,765 DEBUG (BaseJdbcLogger.java:143)- ====>  Preparing: select id, name, sex, birthday, phone, ID_number, email, parent_phone, adress, major, state from student_basic where id = ? 
2019-09-23 04:35:41,765 DEBUG (BaseJdbcLogger.java:143)- ====> Parameters: 24264(String)
2019-09-23 04:35:41,765 DEBUG (BaseJdbcLogger.java:143)- <====      Total: 1
2019-09-23 04:35:41,766 DEBUG (BaseJdbcLogger.java:143)- ====>  Preparing: select id, name, sex, birthday, phone, ID_number, email, parent_phone, adress, major, state from student_basic where id = ? 
2019-09-23 04:35:41,766 DEBUG (BaseJdbcLogger.java:143)- ====> Parameters: 24269(String)
2019-09-23 04:35:41,766 DEBUG (BaseJdbcLogger.java:143)- <====      Total: 1
2019-09-23 04:35:41,767 DEBUG (BaseJdbcLogger.java:143)- ====>  Preparing: select id, name, sex, birthday, phone, ID_number, email, parent_phone, adress, major, state from student_basic where id = ? 
2019-09-23 04:35:41,768 DEBUG (BaseJdbcLogger.java:143)- ====> Parameters: 24270(String)
2019-09-23 04:35:41,768 DEBUG (BaseJdbcLogger.java:143)- <====      Total: 1
2019-09-23 04:35:41,768 DEBUG (BaseJdbcLogger.java:143)- ====>  Preparing: select id, name, sex, birthday, phone, ID_number, email, parent_phone, adress, major, state from student_basic where id = ? 
2019-09-23 04:35:41,769 DEBUG (BaseJdbcLogger.java:143)- ====> Parameters: 24272(String)
2019-09-23 04:35:41,769 DEBUG (BaseJdbcLogger.java:143)- <====      Total: 1
2019-09-23 04:35:41,770 DEBUG (BaseJdbcLogger.java:143)- ====>  Preparing: select id, name, sex, birthday, phone, ID_number, email, parent_phone, adress, major, state from student_basic where id = ? 
2019-09-23 04:35:41,770 DEBUG (BaseJdbcLogger.java:143)- ====> Parameters: 24276(String)
2019-09-23 04:35:41,770 DEBUG (BaseJdbcLogger.java:143)- <====      Total: 1
2019-09-23 04:35:41,770 DEBUG (BaseJdbcLogger.java:143)- ====>  Preparing: select id, name, sex, birthday, phone, ID_number, email, parent_phone, adress, major, state from student_basic where id = ? 
2019-09-23 04:35:41,771 DEBUG (BaseJdbcLogger.java:143)- ====> Parameters: 24277(String)
2019-09-23 04:35:41,773 DEBUG (BaseJdbcLogger.java:143)- <====      Total: 1
2019-09-23 04:35:41,773 DEBUG (BaseJdbcLogger.java:143)- ====>  Preparing: select id, name, sex, birthday, phone, ID_number, email, parent_phone, adress, major, state from student_basic where id = ? 
2019-09-23 04:35:41,773 DEBUG (BaseJdbcLogger.java:143)- ====> Parameters: 24280(String)
2019-09-23 04:35:41,773 DEBUG (BaseJdbcLogger.java:143)- <====      Total: 1
2019-09-23 04:35:41,774 DEBUG (BaseJdbcLogger.java:143)- ====>  Preparing: select id, name, sex, birthday, phone, ID_number, email, parent_phone, adress, major, state from student_basic where id = ? 
2019-09-23 04:35:41,775 DEBUG (BaseJdbcLogger.java:143)- ====> Parameters: 24283(String)
2019-09-23 04:35:41,775 DEBUG (BaseJdbcLogger.java:143)- <====      Total: 1
2019-09-23 04:35:41,776 DEBUG (BaseJdbcLogger.java:143)- ====>  Preparing: select id, name, sex, birthday, phone, ID_number, email, parent_phone, adress, major, state from student_basic where id = ? 
2019-09-23 04:35:41,776 DEBUG (BaseJdbcLogger.java:143)- ====> Parameters: 24284(String)
2019-09-23 04:35:41,776 DEBUG (BaseJdbcLogger.java:143)- <====      Total: 1
2019-09-23 04:35:41,776 DEBUG (BaseJdbcLogger.java:143)- ====>  Preparing: select id, name, sex, birthday, phone, ID_number, email, parent_phone, adress, major, state from student_basic where id = ? 
2019-09-23 04:35:41,776 DEBUG (BaseJdbcLogger.java:143)- ====> Parameters: 24286(String)
2019-09-23 04:35:41,778 DEBUG (BaseJdbcLogger.java:143)- <====      Total: 1
2019-09-23 04:35:41,778 DEBUG (BaseJdbcLogger.java:143)- ====>  Preparing: select id, name, sex, birthday, phone, ID_number, email, parent_phone, adress, major, state from student_basic where id = ? 
2019-09-23 04:35:41,778 DEBUG (BaseJdbcLogger.java:143)- ====> Parameters: 24290(String)
2019-09-23 04:35:41,779 DEBUG (BaseJdbcLogger.java:143)- <====      Total: 1
2019-09-23 04:35:41,780 DEBUG (BaseJdbcLogger.java:143)- ====>  Preparing: select id, name, sex, birthday, phone, ID_number, email, parent_phone, adress, major, state from student_basic where id = ? 
2019-09-23 04:35:41,781 DEBUG (BaseJdbcLogger.java:143)- ====> Parameters: 24292(String)
2019-09-23 04:35:41,782 DEBUG (BaseJdbcLogger.java:143)- <====      Total: 1
2019-09-23 04:35:41,783 DEBUG (BaseJdbcLogger.java:143)- ====>  Preparing: select id, name, sex, birthday, phone, ID_number, email, parent_phone, adress, major, state from student_basic where id = ? 
2019-09-23 04:35:41,783 DEBUG (BaseJdbcLogger.java:143)- ====> Parameters: 24297(String)
2019-09-23 04:35:41,784 DEBUG (BaseJdbcLogger.java:143)- <====      Total: 1
2019-09-23 04:35:41,785 DEBUG (BaseJdbcLogger.java:143)- ====>  Preparing: select id, name, sex, birthday, phone, ID_number, email, parent_phone, adress, major, state from student_basic where id = ? 
2019-09-23 04:35:41,785 DEBUG (BaseJdbcLogger.java:143)- ====> Parameters: 24298(String)
2019-09-23 04:35:41,786 DEBUG (BaseJdbcLogger.java:143)- <====      Total: 1
2019-09-23 04:35:41,786 DEBUG (BaseJdbcLogger.java:143)- ====>  Preparing: select id, name, sex, birthday, phone, ID_number, email, parent_phone, adress, major, state from student_basic where id = ? 
2019-09-23 04:35:41,787 DEBUG (BaseJdbcLogger.java:143)- ====> Parameters: 24299(String)
2019-09-23 04:35:41,787 DEBUG (BaseJdbcLogger.java:143)- <====      Total: 1
2019-09-23 04:35:41,788 DEBUG (BaseJdbcLogger.java:143)- ====>  Preparing: select id, name, sex, birthday, phone, ID_number, email, parent_phone, adress, major, state from student_basic where id = ? 
2019-09-23 04:35:41,788 DEBUG (BaseJdbcLogger.java:143)- ====> Parameters: 24301(String)
2019-09-23 04:35:41,789 DEBUG (BaseJdbcLogger.java:143)- <====      Total: 1
2019-09-23 04:35:41,790 DEBUG (BaseJdbcLogger.java:143)- ====>  Preparing: select id, name, sex, birthday, phone, ID_number, email, parent_phone, adress, major, state from student_basic where id = ? 
2019-09-23 04:35:41,790 DEBUG (BaseJdbcLogger.java:143)- ====> Parameters: 24302(String)
2019-09-23 04:35:41,790 DEBUG (BaseJdbcLogger.java:143)- <====      Total: 1
2019-09-23 04:35:41,790 DEBUG (BaseJdbcLogger.java:143)- ====>  Preparing: select id, name, sex, birthday, phone, ID_number, email, parent_phone, adress, major, state from student_basic where id = ? 
2019-09-23 04:35:41,790 DEBUG (BaseJdbcLogger.java:143)- ====> Parameters: 24304(String)
2019-09-23 04:35:41,791 DEBUG (BaseJdbcLogger.java:143)- <====      Total: 1
2019-09-23 04:35:41,791 DEBUG (BaseJdbcLogger.java:143)- ====>  Preparing: select id, name, sex, birthday, phone, ID_number, email, parent_phone, adress, major, state from student_basic where id = ? 
2019-09-23 04:35:41,792 DEBUG (BaseJdbcLogger.java:143)- ====> Parameters: 24305(String)
2019-09-23 04:35:41,792 DEBUG (BaseJdbcLogger.java:143)- <====      Total: 1
2019-09-23 04:35:41,793 DEBUG (BaseJdbcLogger.java:143)- ====>  Preparing: select id, name, sex, birthday, phone, ID_number, email, parent_phone, adress, major, state from student_basic where id = ? 
2019-09-23 04:35:41,793 DEBUG (BaseJdbcLogger.java:143)- ====> Parameters: 24309(String)
2019-09-23 04:35:41,794 DEBUG (BaseJdbcLogger.java:143)- <====      Total: 1
2019-09-23 04:35:41,794 DEBUG (BaseJdbcLogger.java:143)- ====>  Preparing: select id, name, sex, birthday, phone, ID_number, email, parent_phone, adress, major, state from student_basic where id = ? 
2019-09-23 04:35:41,795 DEBUG (BaseJdbcLogger.java:143)- ====> Parameters: 24310(String)
2019-09-23 04:35:41,795 DEBUG (BaseJdbcLogger.java:143)- <====      Total: 1
2019-09-23 04:35:41,797 DEBUG (BaseJdbcLogger.java:143)- ====>  Preparing: select id, name, sex, birthday, phone, ID_number, email, parent_phone, adress, major, state from student_basic where id = ? 
2019-09-23 04:35:41,797 DEBUG (BaseJdbcLogger.java:143)- ====> Parameters: 24311(String)
2019-09-23 04:35:41,797 DEBUG (BaseJdbcLogger.java:143)- <====      Total: 1
2019-09-23 04:35:41,797 DEBUG (BaseJdbcLogger.java:143)- ====>  Preparing: select id, name, sex, birthday, phone, ID_number, email, parent_phone, adress, major, state from student_basic where id = ? 
2019-09-23 04:35:41,797 DEBUG (BaseJdbcLogger.java:143)- ====> Parameters: 24316(String)
2019-09-23 04:35:41,799 DEBUG (BaseJdbcLogger.java:143)- <====      Total: 1
2019-09-23 04:35:41,799 DEBUG (BaseJdbcLogger.java:143)- ====>  Preparing: select id, name, sex, birthday, phone, ID_number, email, parent_phone, adress, major, state from student_basic where id = ? 
2019-09-23 04:35:41,800 DEBUG (BaseJdbcLogger.java:143)- ====> Parameters: 24318(String)
2019-09-23 04:35:41,800 DEBUG (BaseJdbcLogger.java:143)- <====      Total: 1
2019-09-23 04:35:41,801 DEBUG (BaseJdbcLogger.java:143)- ====>  Preparing: select id, name, sex, birthday, phone, ID_number, email, parent_phone, adress, major, state from student_basic where id = ? 
2019-09-23 04:35:41,802 DEBUG (BaseJdbcLogger.java:143)- ====> Parameters: 24326(String)
2019-09-23 04:35:41,802 DEBUG (BaseJdbcLogger.java:143)- <====      Total: 1
2019-09-23 04:35:41,802 DEBUG (BaseJdbcLogger.java:143)- ====>  Preparing: select id, name, sex, birthday, phone, ID_number, email, parent_phone, adress, major, state from student_basic where id = ? 
2019-09-23 04:35:41,804 DEBUG (BaseJdbcLogger.java:143)- ====> Parameters: 24327(String)
2019-09-23 04:35:41,804 DEBUG (BaseJdbcLogger.java:143)- <====      Total: 1
2019-09-23 04:35:41,804 DEBUG (BaseJdbcLogger.java:143)- ====>  Preparing: select id, name, sex, birthday, phone, ID_number, email, parent_phone, adress, major, state from student_basic where id = ? 
2019-09-23 04:35:41,804 DEBUG (BaseJdbcLogger.java:143)- ====> Parameters: 24331(String)
2019-09-23 04:35:41,805 DEBUG (BaseJdbcLogger.java:143)- <====      Total: 1
2019-09-23 04:35:41,805 DEBUG (BaseJdbcLogger.java:143)- ====>  Preparing: select id, name, sex, birthday, phone, ID_number, email, parent_phone, adress, major, state from student_basic where id = ? 
2019-09-23 04:35:41,805 DEBUG (BaseJdbcLogger.java:143)- ====> Parameters: 24332(String)
2019-09-23 04:35:41,806 DEBUG (BaseJdbcLogger.java:143)- <====      Total: 1
2019-09-23 04:35:41,806 DEBUG (BaseJdbcLogger.java:143)- ====>  Preparing: select id, name, sex, birthday, phone, ID_number, email, parent_phone, adress, major, state from student_basic where id = ? 
2019-09-23 04:35:41,806 DEBUG (BaseJdbcLogger.java:143)- ====> Parameters: 24334(String)
2019-09-23 04:35:41,807 DEBUG (BaseJdbcLogger.java:143)- <====      Total: 1
2019-09-23 04:35:41,807 DEBUG (BaseJdbcLogger.java:143)- <==      Total: 44
2019-09-23 04:35:41,808 DEBUG (BaseJdbcLogger.java:143)- ==>  Preparing: select student_status.id, student_status.basic_id, student_status.student_id, student_status.class_id from student_status,student_basic where student_status.basic_id=student_basic.id and student_basic.sex=? and student_basic.major=? and student_status.class_id='0' 
