2019-08-22 18:33:26,810 DEBUG (BaseJdbcLogger.java:143)- ====>  Preparing: select id, dong, floor, room, sex, number, rent from dormitory where id = ? 
2019-08-22 18:33:26,811 DEBUG (BaseJdbcLogger.java:143)- ====> Parameters: 540(Integer)
2019-08-22 18:33:26,812 DEBUG (BaseJdbcLogger.java:143)- <====      Total: 1
2019-08-22 18:33:26,812 DEBUG (BaseJdbcLogger.java:143)- <==      Total: 5
2019-08-22 18:33:26,813 DEBUG (BaseJdbcLogger.java:143)- ==>  Preparing: select student_status.id,student_status.basic_id, student_status.student_id, student_status.class_id from student_status,student_basic where student_status.basic_id=student_basic.id and student_basic.sex=? and student_status.class_id=? 
2019-08-22 18:33:26,813 DEBUG (BaseJdbcLogger.java:143)- ==> Parameters: 男(String), 082803201902(String)
2019-08-22 18:33:26,815 DEBUG (BaseJdbcLogger.java:143)- ====>  Preparing: select id, name, sex, birthday, phone, ID_number, email, parent_phone, adress, major, state from student_basic where id = ? 
2019-08-22 18:33:26,815 DEBUG (BaseJdbcLogger.java:143)- ====> Parameters: 12532(String)
2019-08-22 18:33:26,816 DEBUG (BaseJdbcLogger.java:143)- <====      Total: 1
2019-08-22 18:33:26,816 DEBUG (BaseJdbcLogger.java:143)- ====>  Preparing: select id, class_id, name, director, grade, major_id from class where class_id = ? 
2019-08-22 18:33:26,816 DEBUG (BaseJdbcLogger.java:143)- ====> Parameters: 082803201902(String)
2019-08-22 18:33:26,817 DEBUG (BaseJdbcLogger.java:143)- ======>  Preparing: select id, major_id, name, price, department_id from major where major_id = ? 
2019-08-22 18:33:26,817 DEBUG (BaseJdbcLogger.java:143)- ======> Parameters: 082803(String)
2019-08-22 18:33:26,818 DEBUG (BaseJdbcLogger.java:143)- <======      Total: 1
2019-08-22 18:33:26,819 DEBUG (BaseJdbcLogger.java:143)- <====      Total: 1
2019-08-22 18:33:26,819 DEBUG (BaseJdbcLogger.java:143)- ====>  Preparing: select id, name, sex, birthday, phone, ID_number, email, parent_phone, adress, major, state from student_basic where id = ? 
2019-08-22 18:33:26,819 DEBUG (BaseJdbcLogger.java:143)- ====> Parameters: 12534(String)
2019-08-22 18:33:26,820 DEBUG (BaseJdbcLogger.java:143)- <====      Total: 1
2019-08-22 18:33:26,821 DEBUG (BaseJdbcLogger.java:143)- ====>  Preparing: select id, name, sex, birthday, phone, ID_number, email, parent_phone, adress, major, state from student_basic where id = ? 
2019-08-22 18:33:26,821 DEBUG (BaseJdbcLogger.java:143)- ====> Parameters: 12535(String)
2019-08-22 18:33:26,821 DEBUG (BaseJdbcLogger.java:143)- <====      Total: 1
2019-08-22 18:33:26,822 DEBUG (BaseJdbcLogger.java:143)- ====>  Preparing: select id, name, sex, birthday, phone, ID_number, email, parent_phone, adress, major, state from student_basic where id = ? 
2019-08-22 18:33:26,822 DEBUG (BaseJdbcLogger.java:143)- ====> Parameters: 12536(String)
2019-08-22 18:33:26,823 DEBUG (BaseJdbcLogger.java:143)- <====      Total: 1
2019-08-22 18:33:26,824 DEBUG (BaseJdbcLogger.java:143)- ====>  Preparing: select id, name, sex, birthday, phone, ID_number, email, parent_phone, adress, major, state from student_basic where id = ? 
2019-08-22 18:33:26,824 DEBUG (BaseJdbcLogger.java:143)- ====> Parameters: 12537(String)
2019-08-22 18:33:26,825 DEBUG (BaseJdbcLogger.java:143)- <====      Total: 1
2019-08-22 18:33:26,825 DEBUG (BaseJdbcLogger.java:143)- ====>  Preparing: select id, name, sex, birthday, phone, ID_number, email, parent_phone, adress, major, state from student_basic where id = ? 
2019-08-22 18:33:26,826 DEBUG (BaseJdbcLogger.java:143)- ====> Parameters: 12539(String)
2019-08-22 18:33:26,827 DEBUG (BaseJdbcLogger.java:143)- <====      Total: 1
2019-08-22 18:33:26,827 DEBUG (BaseJdbcLogger.java:143)- ====>  Preparing: select id, name, sex, birthday, phone, ID_number, email, parent_phone, adress, major, state from student_basic where id = ? 
2019-08-22 18:33:26,828 DEBUG (BaseJdbcLogger.java:143)- ====> Parameters: 12541(String)
2019-08-22 18:33:26,835 DEBUG (BaseJdbcLogger.java:143)- <====      Total: 1
2019-08-22 18:33:26,836 DEBUG (BaseJdbcLogger.java:143)- ====>  Preparing: select id, name, sex, birthday, phone, ID_number, email, parent_phone, adress, major, state from student_basic where id = ? 
2019-08-22 18:33:26,837 DEBUG (BaseJdbcLogger.java:143)- ====> Parameters: 12543(String)
2019-08-22 18:33:26,838 DEBUG (BaseJdbcLogger.java:143)- <====      Total: 1
2019-08-22 18:33:26,839 DEBUG (BaseJdbcLogger.java:143)- ====>  Preparing: select id, name, sex, birthday, phone, ID_number, email, parent_phone, adress, major, state from student_basic where id = ? 
2019-08-22 18:33:26,839 DEBUG (BaseJdbcLogger.java:143)- ====> Parameters: 12544(String)
2019-08-22 18:33:26,840 DEBUG (BaseJdbcLogger.java:143)- <====      Total: 1
2019-08-22 18:33:26,840 DEBUG (BaseJdbcLogger.java:143)- ====>  Preparing: select id, name, sex, birthday, phone, ID_number, email, parent_phone, adress, major, state from student_basic where id = ? 
2019-08-22 18:33:26,841 DEBUG (BaseJdbcLogger.java:143)- ====> Parameters: 12545(String)
2019-08-22 18:33:26,841 DEBUG (BaseJdbcLogger.java:143)- <====      Total: 1
2019-08-22 18:33:26,842 DEBUG (BaseJdbcLogger.java:143)- ====>  Preparing: select id, name, sex, birthday, phone, ID_number, email, parent_phone, adress, major, state from student_basic where id = ? 
2019-08-22 18:33:26,842 DEBUG (BaseJdbcLogger.java:143)- ====> Parameters: 12547(String)
2019-08-22 18:33:26,843 DEBUG (BaseJdbcLogger.java:143)- <====      Total: 1
2019-08-22 18:33:26,844 DEBUG (BaseJdbcLogger.java:143)- ====>  Preparing: select id, name, sex, birthday, phone, ID_number, email, parent_phone, adress, major, state from student_basic where id = ? 
2019-08-22 18:33:26,844 DEBUG (BaseJdbcLogger.java:143)- ====> Parameters: 12548(String)
2019-08-22 18:33:26,845 DEBUG (BaseJdbcLogger.java:143)- <====      Total: 1
2019-08-22 18:33:26,845 DEBUG (BaseJdbcLogger.java:143)- ====>  Preparing: select id, name, sex, birthday, phone, ID_number, email, parent_phone, adress, major, state from student_basic where id = ? 
2019-08-22 18:33:26,846 DEBUG (BaseJdbcLogger.java:143)- ====> Parameters: 12550(String)
2019-08-22 18:33:26,847 DEBUG (BaseJdbcLogger.java:143)- <====      Total: 1
2019-08-22 18:33:26,848 DEBUG (BaseJdbcLogger.java:143)- ====>  Preparing: select id, name, sex, birthday, phone, ID_number, email, parent_phone, adress, major, state from student_basic where id = ? 
2019-08-22 18:33:26,848 DEBUG (BaseJdbcLogger.java:143)- ====> Parameters: 12553(String)
2019-08-22 18:33:26,849 DEBUG (BaseJdbcLogger.java:143)- <====      Total: 1
2019-08-22 18:33:26,850 DEBUG (BaseJdbcLogger.java:143)- ====>  Preparing: select id, name, sex, birthday, phone, ID_number, email, parent_phone, adress, major, state from student_basic where id = ? 
2019-08-22 18:33:26,850 DEBUG (BaseJdbcLogger.java:143)- ====> Parameters: 12555(String)
2019-08-22 18:33:26,851 DEBUG (BaseJdbcLogger.java:143)- <====      Total: 1
2019-08-22 18:33:26,852 DEBUG (BaseJdbcLogger.java:143)- ====>  Preparing: select id, name, sex, birthday, phone, ID_number, email, parent_phone, adress, major, state from student_basic where id = ? 
2019-08-22 18:33:26,852 DEBUG (BaseJdbcLogger.java:143)- ====> Parameters: 12561(String)
2019-08-22 18:33:26,854 DEBUG (BaseJdbcLogger.java:143)- <====      Total: 1
2019-08-22 18:33:26,854 DEBUG (BaseJdbcLogger.java:143)- ====>  Preparing: select id, name, sex, birthday, phone, ID_number, email, parent_phone, adress, major, state from student_basic where id = ? 
2019-08-22 18:33:26,854 DEBUG (BaseJdbcLogger.java:143)- ====> Parameters: 12562(String)
2019-08-22 18:33:26,855 DEBUG (BaseJdbcLogger.java:143)- <====      Total: 1
2019-08-22 18:33:26,855 DEBUG (BaseJdbcLogger.java:143)- ====>  Preparing: select id, name, sex, birthday, phone, ID_number, email, parent_phone, adress, major, state from student_basic where id = ? 
2019-08-22 18:33:26,855 DEBUG (BaseJdbcLogger.java:143)- ====> Parameters: 12564(String)
2019-08-22 18:33:26,856 DEBUG (BaseJdbcLogger.java:143)- <====      Total: 1
2019-08-22 18:33:26,856 DEBUG (BaseJdbcLogger.java:143)- ====>  Preparing: select id, name, sex, birthday, phone, ID_number, email, parent_phone, adress, major, state from student_basic where id = ? 
2019-08-22 18:33:26,856 DEBUG (BaseJdbcLogger.java:143)- ====> Parameters: 12565(String)
2019-08-22 18:33:26,857 DEBUG (BaseJdbcLogger.java:143)- <====      Total: 1
2019-08-22 18:33:26,857 DEBUG (BaseJdbcLogger.java:143)- ====>  Preparing: select id, name, sex, birthday, phone, ID_number, email, parent_phone, adress, major, state from student_basic where id = ? 
2019-08-22 18:33:26,858 DEBUG (BaseJdbcLogger.java:143)- ====> Parameters: 12566(String)
2019-08-22 18:33:26,859 DEBUG (BaseJdbcLogger.java:143)- <====      Total: 1
2019-08-22 18:33:26,859 DEBUG (BaseJdbcLogger.java:143)- ====>  Preparing: select id, name, sex, birthday, phone, ID_number, email, parent_phone, adress, major, state from student_basic where id = ? 
2019-08-22 18:33:26,859 DEBUG (BaseJdbcLogger.java:143)- ====> Parameters: 12567(String)
2019-08-22 18:33:26,859 DEBUG (BaseJdbcLogger.java:143)- <====      Total: 1
2019-08-22 18:33:26,859 DEBUG (BaseJdbcLogger.java:143)- ====>  Preparing: select id, name, sex, birthday, phone, ID_number, email, parent_phone, adress, major, state from student_basic where id = ? 
2019-08-22 18:33:26,861 DEBUG (BaseJdbcLogger.java:143)- ====> Parameters: 12570(String)
2019-08-22 18:33:26,861 DEBUG (BaseJdbcLogger.java:143)- <====      Total: 1
2019-08-22 18:33:26,861 DEBUG (BaseJdbcLogger.java:143)- ====>  Preparing: select id, name, sex, birthday, phone, ID_number, email, parent_phone, adress, major, state from student_basic where id = ? 
2019-08-22 18:33:26,862 DEBUG (BaseJdbcLogger.java:143)- ====> Parameters: 12573(String)
2019-08-22 18:33:26,862 DEBUG (BaseJdbcLogger.java:143)- <====      Total: 1
2019-08-22 18:33:26,862 DEBUG (BaseJdbcLogger.java:143)- ====>  Preparing: select id, name, sex, birthday, phone, ID_number, email, parent_phone, adress, major, state from student_basic where id = ? 
2019-08-22 18:33:26,863 DEBUG (BaseJdbcLogger.java:143)- ====> Parameters: 12574(String)
2019-08-22 18:33:26,864 DEBUG (BaseJdbcLogger.java:143)- <====      Total: 1
2019-08-22 18:33:26,864 DEBUG (BaseJdbcLogger.java:143)- <==      Total: 24
2019-08-22 18:33:26,865 DEBUG (BaseJdbcLogger.java:143)- ==>  Preparing: select student_status.id,student_status.basic_id, student_status.student_id, student_status.class_id from student_status,student_basic where student_status.basic_id=student_basic.id and student_basic.sex=? and student_status.class_id=? 
2019-08-22 18:33:26,865 DEBUG (BaseJdbcLogger.java:143)- ==> Parameters: 女(String), 082803201902(String)
2019-08-22 18:33:26,866 DEBUG (BaseJdbcLogger.java:143)- ====>  Preparing: select id, name, sex, birthday, phone, ID_number, email, parent_phone, adress, major, state from student_basic where id = ? 
2019-08-22 18:33:26,866 DEBUG (BaseJdbcLogger.java:143)- ====> Parameters: 12529(String)
2019-08-22 18:33:26,867 DEBUG (BaseJdbcLogger.java:143)- <====      Total: 1
2019-08-22 18:33:26,867 DEBUG (BaseJdbcLogger.java:143)- ====>  Preparing: select id, class_id, name, director, grade, major_id from class where class_id = ? 
2019-08-22 18:33:26,867 DEBUG (BaseJdbcLogger.java:143)- ====> Parameters: 082803201902(String)
2019-08-22 18:33:26,868 DEBUG (BaseJdbcLogger.java:143)- ======>  Preparing: select id, major_id, name, price, department_id from major where major_id = ? 
2019-08-22 18:33:26,868 DEBUG (BaseJdbcLogger.java:143)- ======> Parameters: 082803(String)
2019-08-22 18:33:26,869 DEBUG (BaseJdbcLogger.java:143)- <======      Total: 1
2019-08-22 18:33:26,869 DEBUG (BaseJdbcLogger.java:143)- <====      Total: 1
2019-08-22 18:33:26,869 DEBUG (BaseJdbcLogger.java:143)- ====>  Preparing: select id, name, sex, birthday, phone, ID_number, email, parent_phone, adress, major, state from student_basic where id = ? 
2019-08-22 18:33:26,870 DEBUG (BaseJdbcLogger.java:143)- ====> Parameters: 12530(String)
2019-08-22 18:33:26,871 DEBUG (BaseJdbcLogger.java:143)- <====      Total: 1
2019-08-22 18:33:26,871 DEBUG (BaseJdbcLogger.java:143)- ====>  Preparing: select id, name, sex, birthday, phone, ID_number, email, parent_phone, adress, major, state from student_basic where id = ? 
2019-08-22 18:33:26,872 DEBUG (BaseJdbcLogger.java:143)- ====> Parameters: 12531(String)
2019-08-22 18:33:26,873 DEBUG (BaseJdbcLogger.java:143)- <====      Total: 1
2019-08-22 18:33:26,873 DEBUG (BaseJdbcLogger.java:143)- ====>  Preparing: select id, name, sex, birthday, phone, ID_number, email, parent_phone, adress, major, state from student_basic where id = ? 
2019-08-22 18:33:26,873 DEBUG (BaseJdbcLogger.java:143)- ====> Parameters: 12533(String)
2019-08-22 18:33:26,874 DEBUG (BaseJdbcLogger.java:143)- <====      Total: 1
2019-08-22 18:33:26,874 DEBUG (BaseJdbcLogger.java:143)- ====>  Preparing: select id, name, sex, birthday, phone, ID_number, email, parent_phone, adress, major, state from student_basic where id = ? 
2019-08-22 18:33:26,875 DEBUG (BaseJdbcLogger.java:143)- ====> Parameters: 12538(String)
2019-08-22 18:33:26,875 DEBUG (BaseJdbcLogger.java:143)- <====      Total: 1
2019-08-22 18:33:26,876 DEBUG (BaseJdbcLogger.java:143)- ====>  Preparing: select id, name, sex, birthday, phone, ID_number, email, parent_phone, adress, major, state from student_basic where id = ? 
2019-08-22 18:33:26,876 DEBUG (BaseJdbcLogger.java:143)- ====> Parameters: 12540(String)
2019-08-22 18:33:26,877 DEBUG (BaseJdbcLogger.java:143)- <====      Total: 1
2019-08-22 18:33:26,878 DEBUG (BaseJdbcLogger.java:143)- ====>  Preparing: select id, name, sex, birthday, phone, ID_number, email, parent_phone, adress, major, state from student_basic where id = ? 
2019-08-22 18:33:26,878 DEBUG (BaseJdbcLogger.java:143)- ====> Parameters: 12542(String)
2019-08-22 18:33:26,879 DEBUG (BaseJdbcLogger.java:143)- <====      Total: 1
2019-08-22 18:33:26,879 DEBUG (BaseJdbcLogger.java:143)- ====>  Preparing: select id, name, sex, birthday, phone, ID_number, email, parent_phone, adress, major, state from student_basic where id = ? 
2019-08-22 18:33:26,879 DEBUG (BaseJdbcLogger.java:143)- ====> Parameters: 12546(String)
2019-08-22 18:33:26,880 DEBUG (BaseJdbcLogger.java:143)- <====      Total: 1
2019-08-22 18:33:26,880 DEBUG (BaseJdbcLogger.java:143)- ====>  Preparing: select id, name, sex, birthday, phone, ID_number, email, parent_phone, adress, major, state from student_basic where id = ? 
2019-08-22 18:33:26,881 DEBUG (BaseJdbcLogger.java:143)- ====> Parameters: 12549(String)
2019-08-22 18:33:26,882 DEBUG (BaseJdbcLogger.java:143)- <====      Total: 1
2019-08-22 18:33:26,882 DEBUG (BaseJdbcLogger.java:143)- ====>  Preparing: select id, name, sex, birthday, phone, ID_number, email, parent_phone, adress, major, state from student_basic where id = ? 
2019-08-22 18:33:26,882 DEBUG (BaseJdbcLogger.java:143)- ====> Parameters: 12551(String)
2019-08-22 18:33:26,883 DEBUG (BaseJdbcLogger.java:143)- <====      Total: 1
2019-08-22 18:33:26,883 DEBUG (BaseJdbcLogger.java:143)- ====>  Preparing: select id, name, sex, birthday, phone, ID_number, email, parent_phone, adress, major, state from student_basic where id = ? 
2019-08-22 18:33:26,884 DEBUG (BaseJdbcLogger.java:143)- ====> Parameters: 12552(String)
2019-08-22 18:33:26,884 DEBUG (BaseJdbcLogger.java:143)- <====      Total: 1
2019-08-22 18:33:26,885 DEBUG (BaseJdbcLogger.java:143)- ====>  Preparing: select id, name, sex, birthday, phone, ID_number, email, parent_phone, adress, major, state from student_basic where id = ? 
2019-08-22 18:33:26,885 DEBUG (BaseJdbcLogger.java:143)- ====> Parameters: 12554(String)
2019-08-22 18:33:26,885 DEBUG (BaseJdbcLogger.java:143)- <====      Total: 1
2019-08-22 18:33:26,886 DEBUG (BaseJdbcLogger.java:143)- ====>  Preparing: select id, name, sex, birthday, phone, ID_number, email, parent_phone, adress, major, state from student_basic where id = ? 
2019-08-22 18:33:26,886 DEBUG (BaseJdbcLogger.java:143)- ====> Parameters: 12556(String)
2019-08-22 18:33:26,887 DEBUG (BaseJdbcLogger.java:143)- <====      Total: 1
2019-08-22 18:33:26,887 DEBUG (BaseJdbcLogger.java:143)- ====>  Preparing: select id, name, sex, birthday, phone, ID_number, email, parent_phone, adress, major, state from student_basic where id = ? 
2019-08-22 18:33:26,888 DEBUG (BaseJdbcLogger.java:143)- ====> Parameters: 12557(String)
2019-08-22 18:33:26,889 DEBUG (BaseJdbcLogger.java:143)- <====      Total: 1
2019-08-22 18:33:26,889 DEBUG (BaseJdbcLogger.java:143)- ====>  Preparing: select id, name, sex, birthday, phone, ID_number, email, parent_phone, adress, major, state from student_basic where id = ? 
2019-08-22 18:33:26,889 DEBUG (BaseJdbcLogger.java:143)- ====> Parameters: 12558(String)
2019-08-22 18:33:26,890 DEBUG (BaseJdbcLogger.java:143)- <====      Total: 1
2019-08-22 18:33:26,890 DEBUG (BaseJdbcLogger.java:143)- ====>  Preparing: select id, name, sex, birthday, phone, ID_number, email, parent_phone, adress, major, state from student_basic where id = ? 
2019-08-22 18:33:26,890 DEBUG (BaseJdbcLogger.java:143)- ====> Parameters: 12559(String)
2019-08-22 18:33:26,891 DEBUG (BaseJdbcLogger.java:143)- <====      Total: 1
2019-08-22 18:33:26,891 DEBUG (BaseJdbcLogger.java:143)- ====>  Preparing: select id, name, sex, birthday, phone, ID_number, email, parent_phone, adress, major, state from student_basic where id = ? 
2019-08-22 18:33:26,891 DEBUG (BaseJdbcLogger.java:143)- ====> Parameters: 12560(String)
2019-08-22 18:33:26,892 DEBUG (BaseJdbcLogger.java:143)- <====      Total: 1
2019-08-22 18:33:26,893 DEBUG (BaseJdbcLogger.java:143)- ====>  Preparing: select id, name, sex, birthday, phone, ID_number, email, parent_phone, adress, major, state from student_basic where id = ? 
2019-08-22 18:33:26,893 DEBUG (BaseJdbcLogger.java:143)- ====> Parameters: 12563(String)
2019-08-22 18:33:26,893 DEBUG (BaseJdbcLogger.java:143)- <====      Total: 1
2019-08-22 18:33:26,893 DEBUG (BaseJdbcLogger.java:143)- ====>  Preparing: select id, name, sex, birthday, phone, ID_number, email, parent_phone, adress, major, state from student_basic where id = ? 
2019-08-22 18:33:26,894 DEBUG (BaseJdbcLogger.java:143)- ====> Parameters: 12568(String)
2019-08-22 18:33:26,894 DEBUG (BaseJdbcLogger.java:143)- <====      Total: 1
2019-08-22 18:33:26,895 DEBUG (BaseJdbcLogger.java:143)- ====>  Preparing: select id, name, sex, birthday, phone, ID_number, email, parent_phone, adress, major, state from student_basic where id = ? 
2019-08-22 18:33:26,895 DEBUG (BaseJdbcLogger.java:143)- ====> Parameters: 12569(String)
2019-08-22 18:33:26,895 DEBUG (BaseJdbcLogger.java:143)- <====      Total: 1
2019-08-22 18:33:26,896 DEBUG (BaseJdbcLogger.java:143)- ====>  Preparing: select id, name, sex, birthday, phone, ID_number, email, parent_phone, adress, major, state from student_basic where id = ? 
2019-08-22 18:33:26,896 DEBUG (BaseJdbcLogger.java:143)- ====> Parameters: 12571(String)
2019-08-22 18:33:26,897 DEBUG (BaseJdbcLogger.java:143)- <====      Total: 1
2019-08-22 18:33:26,897 DEBUG (BaseJdbcLogger.java:143)- ====>  Preparing: select id, name, sex, birthday, phone, ID_number, email, parent_phone, adress, major, state from student_basic where id = ? 
2019-08-22 18:33:26,898 DEBUG (BaseJdbcLogger.java:143)- ====> Parameters: 12572(String)
2019-08-22 18:33:26,898 DEBUG (BaseJdbcLogger.java:143)- <====      Total: 1
2019-08-22 18:33:26,899 DEBUG (BaseJdbcLogger.java:143)- ====>  Preparing: select id, name, sex, birthday, phone, ID_number, email, parent_phone, adress, major, state from student_basic where id = ? 
2019-08-22 18:33:26,899 DEBUG (BaseJdbcLogger.java:143)- ====> Parameters: 12575(String)
2019-08-22 18:33:26,900 DEBUG (BaseJdbcLogger.java:143)- <====      Total: 1
2019-08-22 18:33:26,901 DEBUG (BaseJdbcLogger.java:143)- ====>  Preparing: select id, name, sex, birthday, phone, ID_number, email, parent_phone, adress, major, state from student_basic where id = ? 
2019-08-22 18:33:26,901 DEBUG (BaseJdbcLogger.java:143)- ====> Parameters: 12576(String)
2019-08-22 18:33:26,902 DEBUG (BaseJdbcLogger.java:143)- <====      Total: 1
2019-08-22 18:33:26,902 DEBUG (BaseJdbcLogger.java:143)- ====>  Preparing: select id, name, sex, birthday, phone, ID_number, email, parent_phone, adress, major, state from student_basic where id = ? 
2019-08-22 18:33:26,903 DEBUG (BaseJdbcLogger.java:143)- ====> Parameters: 12577(String)
2019-08-22 18:33:26,903 DEBUG (BaseJdbcLogger.java:143)- <====      Total: 1
2019-08-22 18:33:26,904 DEBUG (BaseJdbcLogger.java:143)- <==      Total: 25
2019-08-22 18:33:26,904 DEBUG (BaseJdbcLogger.java:143)- ==>  Preparing: select dormitory_allocation.id, dormitory_allocation.class_id, dormitory_allocation.dormitory_id,dormitory_allocation.number from dormitory_allocation,dormitory WHERE dormitory_allocation.dormitory_id=dormitory.id and dormitory.sex=? and class_id = ? 
2019-08-22 18:33:26,904 DEBUG (BaseJdbcLogger.java:143)- ==> Parameters: 男(String), 082803201902(String)
2019-08-22 18:33:26,906 DEBUG (BaseJdbcLogger.java:143)- ====>  Preparing: select id, dong, floor, room, sex, number, rent from dormitory where id = ? 
2019-08-22 18:33:26,906 DEBUG (BaseJdbcLogger.java:143)- ====> Parameters: 106(Integer)
2019-08-22 18:33:26,907 DEBUG (BaseJdbcLogger.java:143)- <====      Total: 1
2019-08-22 18:33:26,908 DEBUG (BaseJdbcLogger.java:143)- ====>  Preparing: select id, dong, floor, room, sex, number, rent from dormitory where id = ? 
2019-08-22 18:33:26,908 DEBUG (BaseJdbcLogger.java:143)- ====> Parameters: 107(Integer)
2019-08-22 18:33:26,909 DEBUG (BaseJdbcLogger.java:143)- <====      Total: 1
2019-08-22 18:33:26,910 DEBUG (BaseJdbcLogger.java:143)- ====>  Preparing: select id, dong, floor, room, sex, number, rent from dormitory where id = ? 
2019-08-22 18:33:26,910 DEBUG (BaseJdbcLogger.java:143)- ====> Parameters: 108(Integer)
2019-08-22 18:33:26,911 DEBUG (BaseJdbcLogger.java:143)- <====      Total: 1
2019-08-22 18:33:26,911 DEBUG (BaseJdbcLogger.java:143)- ====>  Preparing: select id, dong, floor, room, sex, number, rent from dormitory where id = ? 
2019-08-22 18:33:26,911 DEBUG (BaseJdbcLogger.java:143)- ====> Parameters: 109(Integer)
2019-08-22 18:33:26,912 DEBUG (BaseJdbcLogger.java:143)- <====      Total: 1
2019-08-22 18:33:26,913 DEBUG (BaseJdbcLogger.java:143)- ====>  Preparing: select id, dong, floor, room, sex, number, rent from dormitory where id = ? 
2019-08-22 18:33:26,913 DEBUG (BaseJdbcLogger.java:143)- ====> Parameters: 110(Integer)
2019-08-22 18:33:26,914 DEBUG (BaseJdbcLogger.java:143)- <====      Total: 1
2019-08-22 18:33:26,914 DEBUG (BaseJdbcLogger.java:143)- <==      Total: 5
2019-08-22 18:33:26,914 DEBUG (BaseJdbcLogger.java:143)- ==>  Preparing: select dormitory_allocation.id, dormitory_allocation.class_id, dormitory_allocation.dormitory_id,dormitory_allocation.number from dormitory_allocation,dormitory WHERE dormitory_allocation.dormitory_id=dormitory.id and dormitory.sex=? and class_id = ? 
2019-08-22 18:33:26,914 DEBUG (BaseJdbcLogger.java:143)- ==> Parameters: 女(String), 082803201902(String)
2019-08-22 18:33:26,915 DEBUG (BaseJdbcLogger.java:143)- ====>  Preparing: select id, dong, floor, room, sex, number, rent from dormitory where id = ? 
2019-08-22 18:33:26,915 DEBUG (BaseJdbcLogger.java:143)- ====> Parameters: 541(Integer)
2019-08-22 18:33:26,916 DEBUG (BaseJdbcLogger.java:143)- <====      Total: 1
2019-08-22 18:33:26,917 DEBUG (BaseJdbcLogger.java:143)- ====>  Preparing: select id, dong, floor, room, sex, number, rent from dormitory where id = ? 
2019-08-22 18:33:26,917 DEBUG (BaseJdbcLogger.java:143)- ====> Parameters: 542(Integer)
2019-08-22 18:33:26,917 DEBUG (BaseJdbcLogger.java:143)- <====      Total: 1
2019-08-22 18:33:26,917 DEBUG (BaseJdbcLogger.java:143)- ====>  Preparing: select id, dong, floor, room, sex, number, rent from dormitory where id = ? 
2019-08-22 18:33:26,918 DEBUG (BaseJdbcLogger.java:143)- ====> Parameters: 543(Integer)
2019-08-22 18:33:26,918 DEBUG (BaseJdbcLogger.java:143)- <====      Total: 1
2019-08-22 18:33:26,919 DEBUG (BaseJdbcLogger.java:143)- ====>  Preparing: select id, dong, floor, room, sex, number, rent from dormitory where id = ? 
2019-08-22 18:33:26,919 DEBUG (BaseJdbcLogger.java:143)- ====> Parameters: 544(Integer)
2019-08-22 18:33:26,920 DEBUG (BaseJdbcLogger.java:143)- <====      Total: 1
2019-08-22 18:33:26,920 DEBUG (BaseJdbcLogger.java:143)- ====>  Preparing: select id, dong, floor, room, sex, number, rent from dormitory where id = ? 
2019-08-22 18:33:26,920 DEBUG (BaseJdbcLogger.java:143)- ====> Parameters: 545(Integer)
2019-08-22 18:33:26,921 DEBUG (BaseJdbcLogger.java:143)- <====      Total: 1
2019-08-22 18:33:26,921 DEBUG (BaseJdbcLogger.java:143)- <==      Total: 5
