2019-10-26 10:16:16,381 DEBUG (BaseJdbcLogger.java:143)- <====      Total: 1
2019-10-26 10:16:16,383 DEBUG (BaseJdbcLogger.java:143)- ====>  Preparing: select id, major_id, name, price, department_id from major where major_id = ? 
2019-10-26 10:16:16,383 DEBUG (BaseJdbcLogger.java:143)- ====> Parameters: 130503(String)
2019-10-26 10:16:16,384 DEBUG (BaseJdbcLogger.java:143)- <====      Total: 1
2019-10-26 10:16:16,385 DEBUG (BaseJdbcLogger.java:143)- ====>  Preparing: select id, major_id, name, price, department_id from major where major_id = ? 
2019-10-26 10:16:16,385 DEBUG (BaseJdbcLogger.java:143)- ====> Parameters: 080702(String)
2019-10-26 10:16:16,386 DEBUG (BaseJdbcLogger.java:143)- <====      Total: 1
2019-10-26 10:16:16,387 DEBUG (BaseJdbcLogger.java:143)- ====>  Preparing: select id, major_id, name, price, department_id from major where major_id = ? 
2019-10-26 10:16:16,388 DEBUG (BaseJdbcLogger.java:143)- ====> Parameters: 080901(String)
2019-10-26 10:16:16,389 DEBUG (BaseJdbcLogger.java:143)- <====      Total: 1
2019-10-26 10:16:16,389 DEBUG (BaseJdbcLogger.java:143)- ====>  Preparing: select id, major_id, name, price, department_id from major where major_id = ? 
2019-10-26 10:16:16,389 DEBUG (BaseJdbcLogger.java:143)- ====> Parameters: 080703(String)
2019-10-26 10:16:16,390 DEBUG (BaseJdbcLogger.java:143)- <====      Total: 1
2019-10-26 10:16:16,391 DEBUG (BaseJdbcLogger.java:143)- <==      Total: 21
2019-10-26 10:16:16,391 DEBUG (BaseJdbcLogger.java:143)- ==>  Preparing: select student_status.id,student_status.basic_id, student_status.student_id, student_status.class_id from student_status,student_basic where student_status.basic_id=student_basic.id and student_basic.sex=? and student_status.class_id=? 
2019-10-26 10:16:16,391 DEBUG (BaseJdbcLogger.java:143)- ==> Parameters: 女(String), 081001201901(String)
2019-10-26 10:16:16,394 DEBUG (BaseJdbcLogger.java:143)- ====>  Preparing: select id, name, sex, birthday, phone, ID_number, email, parent_phone, adress, major, state from student_basic where id = ? 
2019-10-26 10:16:16,395 DEBUG (BaseJdbcLogger.java:143)- ====> Parameters: 28013(String)
2019-10-26 10:16:16,396 DEBUG (BaseJdbcLogger.java:143)- <====      Total: 1
2019-10-26 10:16:16,396 DEBUG (BaseJdbcLogger.java:143)- ====>  Preparing: select id, class_id, name, director, grade, major_id from class WHERE class_id = ? 
2019-10-26 10:16:16,397 DEBUG (BaseJdbcLogger.java:143)- ====> Parameters: 081001201901(String)
2019-10-26 10:16:16,397 DEBUG (BaseJdbcLogger.java:143)- ======>  Preparing: select id, major_id, name, price, department_id from major where major_id = ? 
2019-10-26 10:16:16,398 DEBUG (BaseJdbcLogger.java:143)- ======> Parameters: 081001(String)
2019-10-26 10:16:16,399 DEBUG (BaseJdbcLogger.java:143)- <======      Total: 1
2019-10-26 10:16:16,400 DEBUG (BaseJdbcLogger.java:143)- <====      Total: 1
2019-10-26 10:16:16,401 DEBUG (BaseJdbcLogger.java:143)- ====>  Preparing: select id, name, sex, birthday, phone, ID_number, email, parent_phone, adress, major, state from student_basic where id = ? 
2019-10-26 10:16:16,401 DEBUG (BaseJdbcLogger.java:143)- ====> Parameters: 28015(String)
2019-10-26 10:16:16,403 DEBUG (BaseJdbcLogger.java:143)- <====      Total: 1
2019-10-26 10:16:16,403 DEBUG (BaseJdbcLogger.java:143)- ==>  Preparing: select DISTINCT dormitory.floor from dormitory where dormitory.dong=? 
2019-10-26 10:16:16,404 DEBUG (BaseJdbcLogger.java:143)- ==> Parameters: 2A(String)
2019-10-26 10:16:16,404 DEBUG (BaseJdbcLogger.java:143)- ====>  Preparing: select id, name, sex, birthday, phone, ID_number, email, parent_phone, adress, major, state from student_basic where id = ? 
2019-10-26 10:16:16,405 DEBUG (BaseJdbcLogger.java:143)- ====> Parameters: 28016(String)
2019-10-26 10:16:16,406 DEBUG (BaseJdbcLogger.java:143)- <====      Total: 1
2019-10-26 10:16:16,406 DEBUG (BaseJdbcLogger.java:143)- <==      Total: 6
2019-10-26 10:16:16,407 DEBUG (BaseJdbcLogger.java:143)- ====>  Preparing: select id, name, sex, birthday, phone, ID_number, email, parent_phone, adress, major, state from student_basic where id = ? 
2019-10-26 10:16:16,407 DEBUG (BaseJdbcLogger.java:143)- ====> Parameters: 28020(String)
2019-10-26 10:16:16,410 DEBUG (BaseJdbcLogger.java:143)- <====      Total: 1
2019-10-26 10:16:16,411 DEBUG (BaseJdbcLogger.java:143)- ====>  Preparing: select id, name, sex, birthday, phone, ID_number, email, parent_phone, adress, major, state from student_basic where id = ? 
2019-10-26 10:16:16,411 DEBUG (BaseJdbcLogger.java:143)- ====> Parameters: 28022(String)
2019-10-26 10:16:16,412 DEBUG (BaseJdbcLogger.java:143)- <====      Total: 1
