2019-09-23 05:34:57,803 DEBUG (BaseJdbcLogger.java:143)- <====      Total: 1
2019-09-23 05:34:57,805 DEBUG (BaseJdbcLogger.java:143)- ====>  Preparing: select id, name, sex, birthday, phone, ID_number, email, parent_phone, adress, major, state from student_basic where id = ? 
2019-09-23 05:34:57,806 DEBUG (BaseJdbcLogger.java:143)- ====> Parameters: 25609(String)
2019-09-23 05:34:57,807 DEBUG (BaseJdbcLogger.java:143)- <====      Total: 1
2019-09-23 05:34:57,808 DEBUG (BaseJdbcLogger.java:143)- ====>  Preparing: select id, name, sex, birthday, phone, ID_number, email, parent_phone, adress, major, state from student_basic where id = ? 
2019-09-23 05:34:57,809 DEBUG (BaseJdbcLogger.java:143)- ====> Parameters: 25610(String)
2019-09-23 05:34:57,810 DEBUG (BaseJdbcLogger.java:143)- <====      Total: 1
2019-09-23 05:34:57,811 DEBUG (BaseJdbcLogger.java:143)- ====>  Preparing: select id, name, sex, birthday, phone, ID_number, email, parent_phone, adress, major, state from student_basic where id = ? 
2019-09-23 05:34:57,812 DEBUG (BaseJdbcLogger.java:143)- ====> Parameters: 25611(String)
2019-09-23 05:34:57,813 DEBUG (BaseJdbcLogger.java:143)- <====      Total: 1
2019-09-23 05:34:57,814 DEBUG (BaseJdbcLogger.java:143)- ====>  Preparing: select id, name, sex, birthday, phone, ID_number, email, parent_phone, adress, major, state from student_basic where id = ? 
2019-09-23 05:34:57,814 DEBUG (BaseJdbcLogger.java:143)- ====> Parameters: 25613(String)
2019-09-23 05:34:57,816 DEBUG (BaseJdbcLogger.java:143)- <====      Total: 1
2019-09-23 05:34:57,817 DEBUG (BaseJdbcLogger.java:143)- ====>  Preparing: select id, name, sex, birthday, phone, ID_number, email, parent_phone, adress, major, state from student_basic where id = ? 
2019-09-23 05:34:57,817 DEBUG (BaseJdbcLogger.java:143)- ====> Parameters: 25616(String)
2019-09-23 05:34:57,817 DEBUG (BaseJdbcLogger.java:143)- <====      Total: 1
2019-09-23 05:34:57,818 DEBUG (BaseJdbcLogger.java:143)- ====>  Preparing: select id, name, sex, birthday, phone, ID_number, email, parent_phone, adress, major, state from student_basic where id = ? 
2019-09-23 05:34:57,818 DEBUG (BaseJdbcLogger.java:143)- ====> Parameters: 25618(String)
2019-09-23 05:34:57,819 DEBUG (BaseJdbcLogger.java:143)- <====      Total: 1
2019-09-23 05:34:57,820 DEBUG (BaseJdbcLogger.java:143)- ====>  Preparing: select id, name, sex, birthday, phone, ID_number, email, parent_phone, adress, major, state from student_basic where id = ? 
2019-09-23 05:34:57,820 DEBUG (BaseJdbcLogger.java:143)- ====> Parameters: 25619(String)
2019-09-23 05:34:57,821 DEBUG (BaseJdbcLogger.java:143)- <====      Total: 1
2019-09-23 05:34:57,821 DEBUG (BaseJdbcLogger.java:143)- ====>  Preparing: select id, name, sex, birthday, phone, ID_number, email, parent_phone, adress, major, state from student_basic where id = ? 
2019-09-23 05:34:57,821 DEBUG (BaseJdbcLogger.java:143)- ====> Parameters: 25621(String)
2019-09-23 05:34:57,822 DEBUG (BaseJdbcLogger.java:143)- <====      Total: 1
2019-09-23 05:34:57,823 DEBUG (BaseJdbcLogger.java:143)- ====>  Preparing: select id, name, sex, birthday, phone, ID_number, email, parent_phone, adress, major, state from student_basic where id = ? 
2019-09-23 05:34:57,823 DEBUG (BaseJdbcLogger.java:143)- ====> Parameters: 25622(String)
2019-09-23 05:34:57,824 DEBUG (BaseJdbcLogger.java:143)- <====      Total: 1
2019-09-23 05:34:57,825 DEBUG (BaseJdbcLogger.java:143)- ====>  Preparing: select id, name, sex, birthday, phone, ID_number, email, parent_phone, adress, major, state from student_basic where id = ? 
2019-09-23 05:34:57,825 DEBUG (BaseJdbcLogger.java:143)- ====> Parameters: 25623(String)
2019-09-23 05:34:57,826 DEBUG (BaseJdbcLogger.java:143)- <====      Total: 1
2019-09-23 05:34:57,827 DEBUG (BaseJdbcLogger.java:143)- ====>  Preparing: select id, name, sex, birthday, phone, ID_number, email, parent_phone, adress, major, state from student_basic where id = ? 
2019-09-23 05:34:57,827 DEBUG (BaseJdbcLogger.java:143)- ====> Parameters: 25625(String)
2019-09-23 05:34:57,827 DEBUG (BaseJdbcLogger.java:143)- <====      Total: 1
2019-09-23 05:34:57,828 DEBUG (BaseJdbcLogger.java:143)- ====>  Preparing: select id, name, sex, birthday, phone, ID_number, email, parent_phone, adress, major, state from student_basic where id = ? 
2019-09-23 05:34:57,828 DEBUG (BaseJdbcLogger.java:143)- ====> Parameters: 25627(String)
2019-09-23 05:34:57,829 DEBUG (BaseJdbcLogger.java:143)- <====      Total: 1
2019-09-23 05:34:57,830 DEBUG (BaseJdbcLogger.java:143)- ====>  Preparing: select id, name, sex, birthday, phone, ID_number, email, parent_phone, adress, major, state from student_basic where id = ? 
2019-09-23 05:34:57,830 DEBUG (BaseJdbcLogger.java:143)- ====> Parameters: 25629(String)
2019-09-23 05:34:57,832 DEBUG (BaseJdbcLogger.java:143)- <====      Total: 1
2019-09-23 05:34:57,832 DEBUG (BaseJdbcLogger.java:143)- ====>  Preparing: select id, name, sex, birthday, phone, ID_number, email, parent_phone, adress, major, state from student_basic where id = ? 
2019-09-23 05:34:57,833 DEBUG (BaseJdbcLogger.java:143)- ====> Parameters: 25630(String)
2019-09-23 05:34:57,834 DEBUG (BaseJdbcLogger.java:143)- <====      Total: 1
2019-09-23 05:34:57,834 DEBUG (BaseJdbcLogger.java:143)- ====>  Preparing: select id, name, sex, birthday, phone, ID_number, email, parent_phone, adress, major, state from student_basic where id = ? 
2019-09-23 05:34:57,835 DEBUG (BaseJdbcLogger.java:143)- ====> Parameters: 25632(String)
2019-09-23 05:34:57,836 DEBUG (BaseJdbcLogger.java:143)- <====      Total: 1
2019-09-23 05:34:57,836 DEBUG (BaseJdbcLogger.java:143)- ====>  Preparing: select id, name, sex, birthday, phone, ID_number, email, parent_phone, adress, major, state from student_basic where id = ? 
2019-09-23 05:34:57,836 DEBUG (BaseJdbcLogger.java:143)- ====> Parameters: 25634(String)
2019-09-23 05:34:57,837 DEBUG (BaseJdbcLogger.java:143)- <====      Total: 1
2019-09-23 05:34:57,837 DEBUG (BaseJdbcLogger.java:143)- ====>  Preparing: select id, name, sex, birthday, phone, ID_number, email, parent_phone, adress, major, state from student_basic where id = ? 
2019-09-23 05:34:57,838 DEBUG (BaseJdbcLogger.java:143)- ====> Parameters: 25636(String)
2019-09-23 05:34:57,839 DEBUG (BaseJdbcLogger.java:143)- <====      Total: 1
2019-09-23 05:34:57,840 DEBUG (BaseJdbcLogger.java:143)- ====>  Preparing: select id, name, sex, birthday, phone, ID_number, email, parent_phone, adress, major, state from student_basic where id = ? 
2019-09-23 05:34:57,840 DEBUG (BaseJdbcLogger.java:143)- ====> Parameters: 25639(String)
2019-09-23 05:34:57,840 DEBUG (BaseJdbcLogger.java:143)- <====      Total: 1
2019-09-23 05:34:57,841 DEBUG (BaseJdbcLogger.java:143)- ====>  Preparing: select id, name, sex, birthday, phone, ID_number, email, parent_phone, adress, major, state from student_basic where id = ? 
2019-09-23 05:34:57,842 DEBUG (BaseJdbcLogger.java:143)- ====> Parameters: 25641(String)
2019-09-23 05:34:57,843 DEBUG (BaseJdbcLogger.java:143)- <====      Total: 1
2019-09-23 05:34:57,844 DEBUG (BaseJdbcLogger.java:143)- ====>  Preparing: select id, name, sex, birthday, phone, ID_number, email, parent_phone, adress, major, state from student_basic where id = ? 
2019-09-23 05:34:57,844 DEBUG (BaseJdbcLogger.java:143)- ====> Parameters: 25642(String)
2019-09-23 05:34:57,844 DEBUG (BaseJdbcLogger.java:143)- <====      Total: 1
2019-09-23 05:34:57,845 DEBUG (BaseJdbcLogger.java:143)- ====>  Preparing: select id, name, sex, birthday, phone, ID_number, email, parent_phone, adress, major, state from student_basic where id = ? 
2019-09-23 05:34:57,845 DEBUG (BaseJdbcLogger.java:143)- ====> Parameters: 25645(String)
2019-09-23 05:34:57,846 DEBUG (BaseJdbcLogger.java:143)- <====      Total: 1
2019-09-23 05:34:57,847 DEBUG (BaseJdbcLogger.java:143)- ====>  Preparing: select id, name, sex, birthday, phone, ID_number, email, parent_phone, adress, major, state from student_basic where id = ? 
2019-09-23 05:34:57,847 DEBUG (BaseJdbcLogger.java:143)- ====> Parameters: 25649(String)
2019-09-23 05:34:57,847 DEBUG (BaseJdbcLogger.java:143)- <====      Total: 1
2019-09-23 05:34:57,849 DEBUG (BaseJdbcLogger.java:143)- ====>  Preparing: select id, name, sex, birthday, phone, ID_number, email, parent_phone, adress, major, state from student_basic where id = ? 
2019-09-23 05:34:57,849 DEBUG (BaseJdbcLogger.java:143)- ====> Parameters: 25650(String)
2019-09-23 05:34:57,850 DEBUG (BaseJdbcLogger.java:143)- <====      Total: 1
2019-09-23 05:34:57,851 DEBUG (BaseJdbcLogger.java:143)- ====>  Preparing: select id, name, sex, birthday, phone, ID_number, email, parent_phone, adress, major, state from student_basic where id = ? 
2019-09-23 05:34:57,851 DEBUG (BaseJdbcLogger.java:143)- ====> Parameters: 25652(String)
2019-09-23 05:34:57,852 DEBUG (BaseJdbcLogger.java:143)- <====      Total: 1
2019-09-23 05:34:57,853 DEBUG (BaseJdbcLogger.java:143)- <==      Total: 25
2019-09-23 05:34:57,853 DEBUG (BaseJdbcLogger.java:143)- ==>  Preparing: select dormitory_allocation.id, dormitory_allocation.class_id, dormitory_allocation.dormitory_id,dormitory_allocation.number from dormitory_allocation,dormitory WHERE dormitory_allocation.dormitory_id=dormitory.id and dormitory.sex=? and class_id = ? 
2019-09-23 05:34:57,854 DEBUG (BaseJdbcLogger.java:143)- ==> Parameters: 男(String), 080205201901(String)
2019-09-23 05:34:57,854 DEBUG (BaseJdbcLogger.java:143)- <==      Total: 0
2019-09-23 05:34:57,855 DEBUG (BaseJdbcLogger.java:143)- ==>  Preparing: select student_status.id,student_status.basic_id, student_status.student_id, student_status.class_id from student_status,student_basic where student_status.basic_id=student_basic.id and student_basic.sex=? and student_status.class_id=? 
2019-09-23 05:34:57,855 DEBUG (BaseJdbcLogger.java:143)- ==> Parameters: 男(String), 080205201902(String)
2019-09-23 05:34:57,857 DEBUG (BaseJdbcLogger.java:143)- ====>  Preparing: select id, name, sex, birthday, phone, ID_number, email, parent_phone, adress, major, state from student_basic where id = ? 
2019-09-23 05:34:57,857 DEBUG (BaseJdbcLogger.java:143)- ====> Parameters: 25653(String)
2019-09-23 05:34:57,858 DEBUG (BaseJdbcLogger.java:143)- <====      Total: 1
2019-09-23 05:34:57,859 DEBUG (BaseJdbcLogger.java:143)- ====>  Preparing: select id, class_id, name, director, grade, major_id from class WHERE class_id = ? 
2019-09-23 05:34:57,859 DEBUG (BaseJdbcLogger.java:143)- ====> Parameters: 080205201902(String)
2019-09-23 05:34:57,861 DEBUG (BaseJdbcLogger.java:143)- ======>  Preparing: select id, major_id, name, price, department_id from major where major_id = ? 
2019-09-23 05:34:57,861 DEBUG (BaseJdbcLogger.java:143)- ======> Parameters: 080205(String)
2019-09-23 05:34:57,862 DEBUG (BaseJdbcLogger.java:143)- <======      Total: 1
2019-09-23 05:34:57,863 DEBUG (BaseJdbcLogger.java:143)- <====      Total: 1
2019-09-23 05:34:57,863 DEBUG (BaseJdbcLogger.java:143)- ====>  Preparing: select id, name, sex, birthday, phone, ID_number, email, parent_phone, adress, major, state from student_basic where id = ? 
2019-09-23 05:34:57,864 DEBUG (BaseJdbcLogger.java:143)- ====> Parameters: 25655(String)
2019-09-23 05:34:57,864 DEBUG (BaseJdbcLogger.java:143)- <====      Total: 1
2019-09-23 05:34:57,865 DEBUG (BaseJdbcLogger.java:143)- ====>  Preparing: select id, name, sex, birthday, phone, ID_number, email, parent_phone, adress, major, state from student_basic where id = ? 
2019-09-23 05:34:57,865 DEBUG (BaseJdbcLogger.java:143)- ====> Parameters: 25657(String)
2019-09-23 05:34:57,866 DEBUG (BaseJdbcLogger.java:143)- <====      Total: 1
2019-09-23 05:34:57,867 DEBUG (BaseJdbcLogger.java:143)- ====>  Preparing: select id, name, sex, birthday, phone, ID_number, email, parent_phone, adress, major, state from student_basic where id = ? 
2019-09-23 05:34:57,868 DEBUG (BaseJdbcLogger.java:143)- ====> Parameters: 25658(String)
2019-09-23 05:34:57,868 DEBUG (BaseJdbcLogger.java:143)- <====      Total: 1
2019-09-23 05:34:57,868 DEBUG (BaseJdbcLogger.java:143)- ====>  Preparing: select id, name, sex, birthday, phone, ID_number, email, parent_phone, adress, major, state from student_basic where id = ? 
2019-09-23 05:34:57,869 DEBUG (BaseJdbcLogger.java:143)- ====> Parameters: 25660(String)
2019-09-23 05:34:57,870 DEBUG (BaseJdbcLogger.java:143)- <====      Total: 1
2019-09-23 05:34:57,870 DEBUG (BaseJdbcLogger.java:143)- ====>  Preparing: select id, name, sex, birthday, phone, ID_number, email, parent_phone, adress, major, state from student_basic where id = ? 
2019-09-23 05:34:57,870 DEBUG (BaseJdbcLogger.java:143)- ====> Parameters: 25661(String)
2019-09-23 05:34:57,871 DEBUG (BaseJdbcLogger.java:143)- <====      Total: 1
2019-09-23 05:34:57,872 DEBUG (BaseJdbcLogger.java:143)- ====>  Preparing: select id, name, sex, birthday, phone, ID_number, email, parent_phone, adress, major, state from student_basic where id = ? 
2019-09-23 05:34:57,873 DEBUG (BaseJdbcLogger.java:143)- ====> Parameters: 25662(String)
2019-09-23 05:34:57,874 DEBUG (BaseJdbcLogger.java:143)- <====      Total: 1
2019-09-23 05:34:57,874 DEBUG (BaseJdbcLogger.java:143)- ====>  Preparing: select id, name, sex, birthday, phone, ID_number, email, parent_phone, adress, major, state from student_basic where id = ? 
2019-09-23 05:34:57,875 DEBUG (BaseJdbcLogger.java:143)- ====> Parameters: 25663(String)
2019-09-23 05:34:57,876 DEBUG (BaseJdbcLogger.java:143)- <====      Total: 1
2019-09-23 05:34:57,876 DEBUG (BaseJdbcLogger.java:143)- ====>  Preparing: select id, name, sex, birthday, phone, ID_number, email, parent_phone, adress, major, state from student_basic where id = ? 
2019-09-23 05:34:57,877 DEBUG (BaseJdbcLogger.java:143)- ====> Parameters: 25665(String)
2019-09-23 05:34:57,883 DEBUG (BaseJdbcLogger.java:143)- <====      Total: 1
2019-09-23 05:34:57,883 DEBUG (BaseJdbcLogger.java:143)- ====>  Preparing: select id, name, sex, birthday, phone, ID_number, email, parent_phone, adress, major, state from student_basic where id = ? 
2019-09-23 05:34:57,884 DEBUG (BaseJdbcLogger.java:143)- ====> Parameters: 25668(String)
2019-09-23 05:34:57,885 DEBUG (BaseJdbcLogger.java:143)- <====      Total: 1
2019-09-23 05:34:57,885 DEBUG (BaseJdbcLogger.java:143)- ====>  Preparing: select id, name, sex, birthday, phone, ID_number, email, parent_phone, adress, major, state from student_basic where id = ? 
2019-09-23 05:34:57,885 DEBUG (BaseJdbcLogger.java:143)- ====> Parameters: 25669(String)
2019-09-23 05:34:57,886 DEBUG (BaseJdbcLogger.java:143)- <====      Total: 1
2019-09-23 05:34:57,886 DEBUG (BaseJdbcLogger.java:143)- ====>  Preparing: select id, name, sex, birthday, phone, ID_number, email, parent_phone, adress, major, state from student_basic where id = ? 
2019-09-23 05:34:57,887 DEBUG (BaseJdbcLogger.java:143)- ====> Parameters: 25671(String)
2019-09-23 05:34:57,887 DEBUG (BaseJdbcLogger.java:143)- <====      Total: 1
2019-09-23 05:34:57,888 DEBUG (BaseJdbcLogger.java:143)- ====>  Preparing: select id, name, sex, birthday, phone, ID_number, email, parent_phone, adress, major, state from student_basic where id = ? 
2019-09-23 05:34:57,889 DEBUG (BaseJdbcLogger.java:143)- ====> Parameters: 25673(String)
2019-09-23 05:34:57,890 DEBUG (BaseJdbcLogger.java:143)- <====      Total: 1
2019-09-23 05:34:57,891 DEBUG (BaseJdbcLogger.java:143)- ====>  Preparing: select id, name, sex, birthday, phone, ID_number, email, parent_phone, adress, major, state from student_basic where id = ? 
2019-09-23 05:34:57,891 DEBUG (BaseJdbcLogger.java:143)- ====> Parameters: 25674(String)
2019-09-23 05:34:57,892 DEBUG (BaseJdbcLogger.java:143)- <====      Total: 1
2019-09-23 05:34:57,892 DEBUG (BaseJdbcLogger.java:143)- ====>  Preparing: select id, name, sex, birthday, phone, ID_number, email, parent_phone, adress, major, state from student_basic where id = ? 
2019-09-23 05:34:57,893 DEBUG (BaseJdbcLogger.java:143)- ====> Parameters: 25677(String)
2019-09-23 05:34:57,893 DEBUG (BaseJdbcLogger.java:143)- <====      Total: 1
2019-09-23 05:34:57,894 DEBUG (BaseJdbcLogger.java:143)- ====>  Preparing: select id, name, sex, birthday, phone, ID_number, email, parent_phone, adress, major, state from student_basic where id = ? 
2019-09-23 05:34:57,895 DEBUG (BaseJdbcLogger.java:143)- ====> Parameters: 25679(String)
2019-09-23 05:34:57,896 DEBUG (BaseJdbcLogger.java:143)- <====      Total: 1
2019-09-23 05:34:57,896 DEBUG (BaseJdbcLogger.java:143)- ====>  Preparing: select id, name, sex, birthday, phone, ID_number, email, parent_phone, adress, major, state from student_basic where id = ? 
2019-09-23 05:34:57,896 DEBUG (BaseJdbcLogger.java:143)- ====> Parameters: 25683(String)
2019-09-23 05:34:57,897 DEBUG (BaseJdbcLogger.java:143)- <====      Total: 1
2019-09-23 05:34:57,898 DEBUG (BaseJdbcLogger.java:143)- ====>  Preparing: select id, name, sex, birthday, phone, ID_number, email, parent_phone, adress, major, state from student_basic where id = ? 
2019-09-23 05:34:57,898 DEBUG (BaseJdbcLogger.java:143)- ====> Parameters: 25688(String)
2019-09-23 05:34:57,899 DEBUG (BaseJdbcLogger.java:143)- <====      Total: 1
2019-09-23 05:34:57,900 DEBUG (BaseJdbcLogger.java:143)- ====>  Preparing: select id, name, sex, birthday, phone, ID_number, email, parent_phone, adress, major, state from student_basic where id = ? 
2019-09-23 05:34:57,900 DEBUG (BaseJdbcLogger.java:143)- ====> Parameters: 25689(String)
2019-09-23 05:34:57,901 DEBUG (BaseJdbcLogger.java:143)- <====      Total: 1
2019-09-23 05:34:57,901 DEBUG (BaseJdbcLogger.java:143)- ====>  Preparing: select id, name, sex, birthday, phone, ID_number, email, parent_phone, adress, major, state from student_basic where id = ? 
2019-09-23 05:34:57,902 DEBUG (BaseJdbcLogger.java:143)- ====> Parameters: 25690(String)
2019-09-23 05:34:57,903 DEBUG (BaseJdbcLogger.java:143)- <====      Total: 1
2019-09-23 05:34:57,904 DEBUG (BaseJdbcLogger.java:143)- ====>  Preparing: select id, name, sex, birthday, phone, ID_number, email, parent_phone, adress, major, state from student_basic where id = ? 
2019-09-23 05:34:57,904 DEBUG (BaseJdbcLogger.java:143)- ====> Parameters: 25693(String)
2019-09-23 05:34:57,906 DEBUG (BaseJdbcLogger.java:143)- <====      Total: 1
2019-09-23 05:34:57,907 DEBUG (BaseJdbcLogger.java:143)- ====>  Preparing: select id, name, sex, birthday, phone, ID_number, email, parent_phone, adress, major, state from student_basic where id = ? 
2019-09-23 05:34:57,909 DEBUG (BaseJdbcLogger.java:143)- ====> Parameters: 25696(String)
2019-09-23 05:34:57,910 DEBUG (BaseJdbcLogger.java:143)- <====      Total: 1
2019-09-23 05:34:57,912 DEBUG (BaseJdbcLogger.java:143)- ====>  Preparing: select id, name, sex, birthday, phone, ID_number, email, parent_phone, adress, major, state from student_basic where id = ? 
2019-09-23 05:34:57,912 DEBUG (BaseJdbcLogger.java:143)- ====> Parameters: 25697(String)
2019-09-23 05:34:57,913 DEBUG (BaseJdbcLogger.java:143)- <====      Total: 1
2019-09-23 05:34:57,914 DEBUG (BaseJdbcLogger.java:143)- ====>  Preparing: select id, name, sex, birthday, phone, ID_number, email, parent_phone, adress, major, state from student_basic where id = ? 
2019-09-23 05:34:57,914 DEBUG (BaseJdbcLogger.java:143)- ====> Parameters: 25702(String)
2019-09-23 05:34:57,916 DEBUG (BaseJdbcLogger.java:143)- <====      Total: 1
2019-09-23 05:34:57,917 DEBUG (BaseJdbcLogger.java:143)- ====>  Preparing: select id, name, sex, birthday, phone, ID_number, email, parent_phone, adress, major, state from student_basic where id = ? 
2019-09-23 05:34:57,918 DEBUG (BaseJdbcLogger.java:143)- ====> Parameters: 25703(String)
2019-09-23 05:34:57,919 DEBUG (BaseJdbcLogger.java:143)- <====      Total: 1
2019-09-23 05:34:57,919 DEBUG (BaseJdbcLogger.java:143)- <==      Total: 25
2019-09-23 05:34:57,919 DEBUG (BaseJdbcLogger.java:143)- ==>  Preparing: select dormitory_allocation.id, dormitory_allocation.class_id, dormitory_allocation.dormitory_id,dormitory_allocation.number from dormitory_allocation,dormitory WHERE dormitory_allocation.dormitory_id=dormitory.id and dormitory.sex=? and class_id = ? 
2019-09-23 05:34:57,920 DEBUG (BaseJdbcLogger.java:143)- ==> Parameters: 男(String), 080205201902(String)
2019-09-23 05:34:57,921 DEBUG (BaseJdbcLogger.java:143)- <==      Total: 0
2019-09-23 05:34:57,921 DEBUG (BaseJdbcLogger.java:143)- ==>  Preparing: select student_status.id,student_status.basic_id, student_status.student_id, student_status.class_id from student_status,student_basic where student_status.basic_id=student_basic.id and student_basic.sex=? and student_status.class_id=? 
2019-09-23 05:34:57,922 DEBUG (BaseJdbcLogger.java:143)- ==> Parameters: 男(String), 080205201903(String)
2019-09-23 05:34:57,930 DEBUG (BaseJdbcLogger.java:143)- ====>  Preparing: select id, name, sex, birthday, phone, ID_number, email, parent_phone, adress, major, state from student_basic where id = ? 
2019-09-23 05:34:57,931 DEBUG (BaseJdbcLogger.java:143)- ====> Parameters: 25704(String)
2019-09-23 05:34:57,931 DEBUG (BaseJdbcLogger.java:143)- <====      Total: 1
2019-09-23 05:34:57,932 DEBUG (BaseJdbcLogger.java:143)- ====>  Preparing: select id, class_id, name, director, grade, major_id from class WHERE class_id = ? 
2019-09-23 05:34:57,932 DEBUG (BaseJdbcLogger.java:143)- ====> Parameters: 080205201903(String)
2019-09-23 05:34:57,933 DEBUG (BaseJdbcLogger.java:143)- ======>  Preparing: select id, major_id, name, price, department_id from major where major_id = ? 
2019-09-23 05:34:57,933 DEBUG (BaseJdbcLogger.java:143)- ======> Parameters: 080205(String)
2019-09-23 05:34:57,935 DEBUG (BaseJdbcLogger.java:143)- <======      Total: 1
2019-09-23 05:34:57,935 DEBUG (BaseJdbcLogger.java:143)- <====      Total: 1
2019-09-23 05:34:57,935 DEBUG (BaseJdbcLogger.java:143)- ====>  Preparing: select id, name, sex, birthday, phone, ID_number, email, parent_phone, adress, major, state from student_basic where id = ? 
2019-09-23 05:34:57,935 DEBUG (BaseJdbcLogger.java:143)- ====> Parameters: 25705(String)
2019-09-23 05:34:57,936 DEBUG (BaseJdbcLogger.java:143)- <====      Total: 1
2019-09-23 05:34:57,937 DEBUG (BaseJdbcLogger.java:143)- ====>  Preparing: select id, name, sex, birthday, phone, ID_number, email, parent_phone, adress, major, state from student_basic where id = ? 
2019-09-23 05:34:57,937 DEBUG (BaseJdbcLogger.java:143)- ====> Parameters: 25709(String)
2019-09-23 05:34:57,938 DEBUG (BaseJdbcLogger.java:143)- <====      Total: 1
2019-09-23 05:34:57,938 DEBUG (BaseJdbcLogger.java:143)- ====>  Preparing: select id, name, sex, birthday, phone, ID_number, email, parent_phone, adress, major, state from student_basic where id = ? 
2019-09-23 05:34:57,939 DEBUG (BaseJdbcLogger.java:143)- ====> Parameters: 25710(String)
2019-09-23 05:34:57,940 DEBUG (BaseJdbcLogger.java:143)- <====      Total: 1
2019-09-23 05:34:57,941 DEBUG (BaseJdbcLogger.java:143)- ====>  Preparing: select id, name, sex, birthday, phone, ID_number, email, parent_phone, adress, major, state from student_basic where id = ? 
2019-09-23 05:34:57,941 DEBUG (BaseJdbcLogger.java:143)- ====> Parameters: 25712(String)
2019-09-23 05:34:57,942 DEBUG (BaseJdbcLogger.java:143)- <====      Total: 1
2019-09-23 05:34:57,942 DEBUG (BaseJdbcLogger.java:143)- ====>  Preparing: select id, name, sex, birthday, phone, ID_number, email, parent_phone, adress, major, state from student_basic where id = ? 
2019-09-23 05:34:57,942 DEBUG (BaseJdbcLogger.java:143)- ====> Parameters: 25715(String)
2019-09-23 05:34:57,943 DEBUG (BaseJdbcLogger.java:143)- <====      Total: 1
2019-09-23 05:34:57,944 DEBUG (BaseJdbcLogger.java:143)- ====>  Preparing: select id, name, sex, birthday, phone, ID_number, email, parent_phone, adress, major, state from student_basic where id = ? 
2019-09-23 05:34:57,944 DEBUG (BaseJdbcLogger.java:143)- ====> Parameters: 25716(String)
2019-09-23 05:34:57,945 DEBUG (BaseJdbcLogger.java:143)- <====      Total: 1
2019-09-23 05:34:57,945 DEBUG (BaseJdbcLogger.java:143)- ====>  Preparing: select id, name, sex, birthday, phone, ID_number, email, parent_phone, adress, major, state from student_basic where id = ? 
2019-09-23 05:34:57,945 DEBUG (BaseJdbcLogger.java:143)- ====> Parameters: 25718(String)
2019-09-23 05:34:57,946 DEBUG (BaseJdbcLogger.java:143)- <====      Total: 1
2019-09-23 05:34:57,947 DEBUG (BaseJdbcLogger.java:143)- ====>  Preparing: select id, name, sex, birthday, phone, ID_number, email, parent_phone, adress, major, state from student_basic where id = ? 
2019-09-23 05:34:57,947 DEBUG (BaseJdbcLogger.java:143)- ====> Parameters: 25723(String)
2019-09-23 05:34:57,948 DEBUG (BaseJdbcLogger.java:143)- <====      Total: 1
2019-09-23 05:34:57,948 DEBUG (BaseJdbcLogger.java:143)- ====>  Preparing: select id, name, sex, birthday, phone, ID_number, email, parent_phone, adress, major, state from student_basic where id = ? 
2019-09-23 05:34:57,948 DEBUG (BaseJdbcLogger.java:143)- ====> Parameters: 25726(String)
2019-09-23 05:34:57,949 DEBUG (BaseJdbcLogger.java:143)- <====      Total: 1
2019-09-23 05:34:57,949 DEBUG (BaseJdbcLogger.java:143)- ====>  Preparing: select id, name, sex, birthday, phone, ID_number, email, parent_phone, adress, major, state from student_basic where id = ? 
2019-09-23 05:34:57,950 DEBUG (BaseJdbcLogger.java:143)- ====> Parameters: 25728(String)
2019-09-23 05:34:57,950 DEBUG (BaseJdbcLogger.java:143)- <====      Total: 1
2019-09-23 05:34:57,951 DEBUG (BaseJdbcLogger.java:143)- ====>  Preparing: select id, name, sex, birthday, phone, ID_number, email, parent_phone, adress, major, state from student_basic where id = ? 
2019-09-23 05:34:57,951 DEBUG (BaseJdbcLogger.java:143)- ====> Parameters: 25731(String)
2019-09-23 05:34:57,952 DEBUG (BaseJdbcLogger.java:143)- <====      Total: 1
2019-09-23 05:34:57,952 DEBUG (BaseJdbcLogger.java:143)- ====>  Preparing: select id, name, sex, birthday, phone, ID_number, email, parent_phone, adress, major, state from student_basic where id = ? 
2019-09-23 05:34:57,953 DEBUG (BaseJdbcLogger.java:143)- ====> Parameters: 25732(String)
2019-09-23 05:34:57,953 DEBUG (BaseJdbcLogger.java:143)- <====      Total: 1
2019-09-23 05:34:57,954 DEBUG (BaseJdbcLogger.java:143)- ====>  Preparing: select id, name, sex, birthday, phone, ID_number, email, parent_phone, adress, major, state from student_basic where id = ? 
2019-09-23 05:34:57,955 DEBUG (BaseJdbcLogger.java:143)- ====> Parameters: 25734(String)
2019-09-23 05:34:57,956 DEBUG (BaseJdbcLogger.java:143)- <====      Total: 1
2019-09-23 05:34:57,956 DEBUG (BaseJdbcLogger.java:143)- ====>  Preparing: select id, name, sex, birthday, phone, ID_number, email, parent_phone, adress, major, state from student_basic where id = ? 
2019-09-23 05:34:57,957 DEBUG (BaseJdbcLogger.java:143)- ====> Parameters: 25737(String)
2019-09-23 05:34:57,957 DEBUG (BaseJdbcLogger.java:143)- <====      Total: 1
2019-09-23 05:34:57,958 DEBUG (BaseJdbcLogger.java:143)- ====>  Preparing: select id, name, sex, birthday, phone, ID_number, email, parent_phone, adress, major, state from student_basic where id = ? 
2019-09-23 05:34:57,958 DEBUG (BaseJdbcLogger.java:143)- ====> Parameters: 25738(String)
2019-09-23 05:34:57,959 DEBUG (BaseJdbcLogger.java:143)- <====      Total: 1
2019-09-23 05:34:57,959 DEBUG (BaseJdbcLogger.java:143)- ====>  Preparing: select id, name, sex, birthday, phone, ID_number, email, parent_phone, adress, major, state from student_basic where id = ? 
2019-09-23 05:34:57,960 DEBUG (BaseJdbcLogger.java:143)- ====> Parameters: 25739(String)
2019-09-23 05:34:57,961 DEBUG (BaseJdbcLogger.java:143)- <====      Total: 1
2019-09-23 05:34:57,961 DEBUG (BaseJdbcLogger.java:143)- ====>  Preparing: select id, name, sex, birthday, phone, ID_number, email, parent_phone, adress, major, state from student_basic where id = ? 
2019-09-23 05:34:57,962 DEBUG (BaseJdbcLogger.java:143)- ====> Parameters: 25740(String)
2019-09-23 05:34:57,964 DEBUG (BaseJdbcLogger.java:143)- <====      Total: 1
2019-09-23 05:34:57,965 DEBUG (BaseJdbcLogger.java:143)- ====>  Preparing: select id, name, sex, birthday, phone, ID_number, email, parent_phone, adress, major, state from student_basic where id = ? 
2019-09-23 05:34:57,966 DEBUG (BaseJdbcLogger.java:143)- ====> Parameters: 25743(String)
2019-09-23 05:34:57,967 DEBUG (BaseJdbcLogger.java:143)- <====      Total: 1
2019-09-23 05:34:57,967 DEBUG (BaseJdbcLogger.java:143)- ====>  Preparing: select id, name, sex, birthday, phone, ID_number, email, parent_phone, adress, major, state from student_basic where id = ? 
2019-09-23 05:34:57,968 DEBUG (BaseJdbcLogger.java:143)- ====> Parameters: 25744(String)
2019-09-23 05:34:57,968 DEBUG (BaseJdbcLogger.java:143)- <====      Total: 1
2019-09-23 05:34:57,969 DEBUG (BaseJdbcLogger.java:143)- ====>  Preparing: select id, name, sex, birthday, phone, ID_number, email, parent_phone, adress, major, state from student_basic where id = ? 
2019-09-23 05:34:57,969 DEBUG (BaseJdbcLogger.java:143)- ====> Parameters: 25746(String)
2019-09-23 05:34:57,969 DEBUG (BaseJdbcLogger.java:143)- <====      Total: 1
2019-09-23 05:34:57,971 DEBUG (BaseJdbcLogger.java:143)- ====>  Preparing: select id, name, sex, birthday, phone, ID_number, email, parent_phone, adress, major, state from student_basic where id = ? 
2019-09-23 05:34:57,971 DEBUG (BaseJdbcLogger.java:143)- ====> Parameters: 25747(String)
2019-09-23 05:34:57,972 DEBUG (BaseJdbcLogger.java:143)- <====      Total: 1
2019-09-23 05:34:57,973 DEBUG (BaseJdbcLogger.java:143)- ====>  Preparing: select id, name, sex, birthday, phone, ID_number, email, parent_phone, adress, major, state from student_basic where id = ? 
2019-09-23 05:34:57,973 DEBUG (BaseJdbcLogger.java:143)- ====> Parameters: 25748(String)
2019-09-23 05:34:57,974 DEBUG (BaseJdbcLogger.java:143)- <====      Total: 1
2019-09-23 05:34:57,975 DEBUG (BaseJdbcLogger.java:143)- ====>  Preparing: select id, name, sex, birthday, phone, ID_number, email, parent_phone, adress, major, state from student_basic where id = ? 
2019-09-23 05:34:57,975 DEBUG (BaseJdbcLogger.java:143)- ====> Parameters: 25751(String)
2019-09-23 05:34:57,975 DEBUG (BaseJdbcLogger.java:143)- <====      Total: 1
2019-09-23 05:34:57,976 DEBUG (BaseJdbcLogger.java:143)- ====>  Preparing: select id, name, sex, birthday, phone, ID_number, email, parent_phone, adress, major, state from student_basic where id = ? 
2019-09-23 05:34:57,976 DEBUG (BaseJdbcLogger.java:143)- ====> Parameters: 25752(String)
2019-09-23 05:34:57,977 DEBUG (BaseJdbcLogger.java:143)- <====      Total: 1
2019-09-23 05:34:57,977 DEBUG (BaseJdbcLogger.java:143)- <==      Total: 25
2019-09-23 05:34:57,977 DEBUG (BaseJdbcLogger.java:143)- ==>  Preparing: select dormitory_allocation.id, dormitory_allocation.class_id, dormitory_allocation.dormitory_id,dormitory_allocation.number from dormitory_allocation,dormitory WHERE dormitory_allocation.dormitory_id=dormitory.id and dormitory.sex=? and class_id = ? 
2019-09-23 05:34:57,977 DEBUG (BaseJdbcLogger.java:143)- ==> Parameters: 男(String), 080205201903(String)
2019-09-23 05:34:57,979 DEBUG (BaseJdbcLogger.java:143)- <==      Total: 0
2019-09-23 05:34:57,979 DEBUG (BaseJdbcLogger.java:143)- ==>  Preparing: select student_status.id,student_status.basic_id, student_status.student_id, student_status.class_id from student_status,student_basic where student_status.basic_id=student_basic.id and student_basic.sex=? and student_status.class_id=? 
2019-09-23 05:34:57,979 DEBUG (BaseJdbcLogger.java:143)- ==> Parameters: 男(String), 080205201904(String)
2019-09-23 05:34:57,980 DEBUG (BaseJdbcLogger.java:143)- ====>  Preparing: select id, name, sex, birthday, phone, ID_number, email, parent_phone, adress, major, state from student_basic where id = ? 
2019-09-23 05:34:57,980 DEBUG (BaseJdbcLogger.java:143)- ====> Parameters: 25755(String)
2019-09-23 05:34:57,981 DEBUG (BaseJdbcLogger.java:143)- <====      Total: 1
