2019-09-04 04:08:14,000 DEBUG (BaseJdbcLogger.java:143)- ====>  Preparing: select id, name, sex, birthday, phone, ID_number, email, parent_phone, adress, major, state from student_basic where id = ? 
2019-09-04 04:08:14,002 DEBUG (BaseJdbcLogger.java:143)- ====> Parameters: 19492(String)
2019-09-04 04:08:14,003 DEBUG (BaseJdbcLogger.java:143)- <====      Total: 1
2019-09-04 04:08:14,003 DEBUG (BaseJdbcLogger.java:143)- ====>  Preparing: select id, name, sex, birthday, phone, ID_number, email, parent_phone, adress, major, state from student_basic where id = ? 
2019-09-04 04:08:14,004 DEBUG (BaseJdbcLogger.java:143)- ====> Parameters: 19493(String)
2019-09-04 04:08:14,004 DEBUG (BaseJdbcLogger.java:143)- <====      Total: 1
2019-09-04 04:08:14,006 DEBUG (BaseJdbcLogger.java:143)- ====>  Preparing: select id, name, sex, birthday, phone, ID_number, email, parent_phone, adress, major, state from student_basic where id = ? 
2019-09-04 04:08:14,006 DEBUG (BaseJdbcLogger.java:143)- ====> Parameters: 19496(String)
2019-09-04 04:08:14,008 DEBUG (BaseJdbcLogger.java:143)- <====      Total: 1
2019-09-04 04:08:14,008 DEBUG (BaseJdbcLogger.java:143)- ====>  Preparing: select id, name, sex, birthday, phone, ID_number, email, parent_phone, adress, major, state from student_basic where id = ? 
2019-09-04 04:08:14,009 DEBUG (BaseJdbcLogger.java:143)- ====> Parameters: 19498(String)
2019-09-04 04:08:14,009 DEBUG (BaseJdbcLogger.java:143)- <====      Total: 1
2019-09-04 04:08:14,010 DEBUG (BaseJdbcLogger.java:143)- ====>  Preparing: select id, name, sex, birthday, phone, ID_number, email, parent_phone, adress, major, state from student_basic where id = ? 
2019-09-04 04:08:14,010 DEBUG (BaseJdbcLogger.java:143)- ====> Parameters: 19499(String)
2019-09-04 04:08:14,011 DEBUG (BaseJdbcLogger.java:143)- <====      Total: 1
2019-09-04 04:08:14,012 DEBUG (BaseJdbcLogger.java:143)- ====>  Preparing: select id, name, sex, birthday, phone, ID_number, email, parent_phone, adress, major, state from student_basic where id = ? 
2019-09-04 04:08:14,012 DEBUG (BaseJdbcLogger.java:143)- ====> Parameters: 19501(String)
2019-09-04 04:08:14,013 DEBUG (BaseJdbcLogger.java:143)- <====      Total: 1
2019-09-04 04:08:14,014 DEBUG (BaseJdbcLogger.java:143)- ====>  Preparing: select id, name, sex, birthday, phone, ID_number, email, parent_phone, adress, major, state from student_basic where id = ? 
2019-09-04 04:08:14,014 DEBUG (BaseJdbcLogger.java:143)- ====> Parameters: 19508(String)
2019-09-04 04:08:14,015 DEBUG (BaseJdbcLogger.java:143)- <====      Total: 1
2019-09-04 04:08:14,016 DEBUG (BaseJdbcLogger.java:143)- ====>  Preparing: select id, name, sex, birthday, phone, ID_number, email, parent_phone, adress, major, state from student_basic where id = ? 
2019-09-04 04:08:14,016 DEBUG (BaseJdbcLogger.java:143)- ====> Parameters: 19512(String)
2019-09-04 04:08:14,017 DEBUG (BaseJdbcLogger.java:143)- <====      Total: 1
2019-09-04 04:08:14,018 DEBUG (BaseJdbcLogger.java:143)- <==      Total: 16
2019-09-04 04:08:14,019 DEBUG (BaseJdbcLogger.java:143)- ==>  Preparing: select dormitory_allocation.id, dormitory_allocation.class_id, dormitory_allocation.dormitory_id,dormitory_allocation.number from dormitory_allocation,dormitory WHERE dormitory_allocation.dormitory_id=dormitory.id and dormitory.sex=? and class_id = ? 
2019-09-04 04:08:14,019 DEBUG (BaseJdbcLogger.java:143)- ==> Parameters: 男(String), 082803201901(String)
2019-09-04 04:08:14,020 DEBUG (BaseJdbcLogger.java:143)- ====>  Preparing: select id, dong, floor, room, sex, number, rent,hasnumber from dormitory where id = ? 
2019-09-04 04:08:14,021 DEBUG (BaseJdbcLogger.java:143)- ====> Parameters: 88(Integer)
2019-09-04 04:08:14,022 DEBUG (BaseJdbcLogger.java:143)- <====      Total: 1
2019-09-04 04:08:14,023 DEBUG (BaseJdbcLogger.java:143)- ====>  Preparing: select id, dong, floor, room, sex, number, rent,hasnumber from dormitory where id = ? 
2019-09-04 04:08:14,023 DEBUG (BaseJdbcLogger.java:143)- ====> Parameters: 89(Integer)
2019-09-04 04:08:14,024 DEBUG (BaseJdbcLogger.java:143)- <====      Total: 1
2019-09-04 04:08:14,024 DEBUG (BaseJdbcLogger.java:143)- ====>  Preparing: select id, dong, floor, room, sex, number, rent,hasnumber from dormitory where id = ? 
2019-09-04 04:08:14,025 DEBUG (BaseJdbcLogger.java:143)- ====> Parameters: 90(Integer)
2019-09-04 04:08:14,025 DEBUG (BaseJdbcLogger.java:143)- <====      Total: 1
2019-09-04 04:08:14,026 DEBUG (BaseJdbcLogger.java:143)- ====>  Preparing: select id, dong, floor, room, sex, number, rent,hasnumber from dormitory where id = ? 
2019-09-04 04:08:14,027 DEBUG (BaseJdbcLogger.java:143)- ====> Parameters: 98(Integer)
2019-09-04 04:08:14,027 DEBUG (BaseJdbcLogger.java:143)- <====      Total: 1
2019-09-04 04:08:14,028 DEBUG (BaseJdbcLogger.java:143)- <==      Total: 4
2019-09-04 04:08:14,028 DEBUG (BaseJdbcLogger.java:143)- ==>  Preparing: select student_status.id,student_status.basic_id, student_status.student_id, student_status.class_id from student_status,student_basic where student_status.basic_id=student_basic.id and student_basic.sex=? and student_status.class_id=? 
2019-09-04 04:08:14,028 DEBUG (BaseJdbcLogger.java:143)- ==> Parameters: 男(String), 082803201902(String)
2019-09-04 04:08:14,030 DEBUG (BaseJdbcLogger.java:143)- ====>  Preparing: select id, name, sex, birthday, phone, ID_number, email, parent_phone, adress, major, state from student_basic where id = ? 
2019-09-04 04:08:14,031 DEBUG (BaseJdbcLogger.java:143)- ====> Parameters: 19513(String)
2019-09-04 04:08:14,032 DEBUG (BaseJdbcLogger.java:143)- <====      Total: 1
2019-09-04 04:08:14,032 DEBUG (BaseJdbcLogger.java:143)- ====>  Preparing: select id, class_id, name, director, grade, major_id from class where class_id = ? 
2019-09-04 04:08:14,033 DEBUG (BaseJdbcLogger.java:143)- ====> Parameters: 082803201902(String)
2019-09-04 04:08:14,034 DEBUG (BaseJdbcLogger.java:143)- ======>  Preparing: select id, major_id, name, price, department_id from major where major_id = ? 
2019-09-04 04:08:14,034 DEBUG (BaseJdbcLogger.java:143)- ======> Parameters: 082803(String)
2019-09-04 04:08:14,035 DEBUG (BaseJdbcLogger.java:143)- <======      Total: 1
2019-09-04 04:08:14,036 DEBUG (BaseJdbcLogger.java:143)- <====      Total: 1
2019-09-04 04:08:14,036 DEBUG (BaseJdbcLogger.java:143)- ====>  Preparing: select id, name, sex, birthday, phone, ID_number, email, parent_phone, adress, major, state from student_basic where id = ? 
2019-09-04 04:08:14,037 DEBUG (BaseJdbcLogger.java:143)- ====> Parameters: 19515(String)
2019-09-04 04:08:14,038 DEBUG (BaseJdbcLogger.java:143)- <====      Total: 1
2019-09-04 04:08:14,039 DEBUG (BaseJdbcLogger.java:143)- ====>  Preparing: select id, name, sex, birthday, phone, ID_number, email, parent_phone, adress, major, state from student_basic where id = ? 
2019-09-04 04:08:14,039 DEBUG (BaseJdbcLogger.java:143)- ====> Parameters: 19517(String)
2019-09-04 04:08:14,040 DEBUG (BaseJdbcLogger.java:143)- <====      Total: 1
2019-09-04 04:08:14,041 DEBUG (BaseJdbcLogger.java:143)- ====>  Preparing: select id, name, sex, birthday, phone, ID_number, email, parent_phone, adress, major, state from student_basic where id = ? 
2019-09-04 04:08:14,041 DEBUG (BaseJdbcLogger.java:143)- ====> Parameters: 19518(String)
2019-09-04 04:08:14,042 DEBUG (BaseJdbcLogger.java:143)- <====      Total: 1
2019-09-04 04:08:14,043 DEBUG (BaseJdbcLogger.java:143)- ====>  Preparing: select id, name, sex, birthday, phone, ID_number, email, parent_phone, adress, major, state from student_basic where id = ? 
2019-09-04 04:08:14,043 DEBUG (BaseJdbcLogger.java:143)- ====> Parameters: 19521(String)
2019-09-04 04:08:14,044 DEBUG (BaseJdbcLogger.java:143)- <====      Total: 1
2019-09-04 04:08:14,045 DEBUG (BaseJdbcLogger.java:143)- ====>  Preparing: select id, name, sex, birthday, phone, ID_number, email, parent_phone, adress, major, state from student_basic where id = ? 
2019-09-04 04:08:14,046 DEBUG (BaseJdbcLogger.java:143)- ====> Parameters: 19523(String)
2019-09-04 04:08:14,047 DEBUG (BaseJdbcLogger.java:143)- <====      Total: 1
2019-09-04 04:08:14,047 DEBUG (BaseJdbcLogger.java:143)- ====>  Preparing: select id, name, sex, birthday, phone, ID_number, email, parent_phone, adress, major, state from student_basic where id = ? 
2019-09-04 04:08:14,048 DEBUG (BaseJdbcLogger.java:143)- ====> Parameters: 19524(String)
2019-09-04 04:08:14,049 DEBUG (BaseJdbcLogger.java:143)- <====      Total: 1
2019-09-04 04:08:14,049 DEBUG (BaseJdbcLogger.java:143)- ====>  Preparing: select id, name, sex, birthday, phone, ID_number, email, parent_phone, adress, major, state from student_basic where id = ? 
2019-09-04 04:08:14,050 DEBUG (BaseJdbcLogger.java:143)- ====> Parameters: 19528(String)
2019-09-04 04:08:14,051 DEBUG (BaseJdbcLogger.java:143)- <====      Total: 1
2019-09-04 04:08:14,051 DEBUG (BaseJdbcLogger.java:143)- ====>  Preparing: select id, name, sex, birthday, phone, ID_number, email, parent_phone, adress, major, state from student_basic where id = ? 
2019-09-04 04:08:14,051 DEBUG (BaseJdbcLogger.java:143)- ====> Parameters: 19532(String)
2019-09-04 04:08:14,052 DEBUG (BaseJdbcLogger.java:143)- <====      Total: 1
2019-09-04 04:08:14,053 DEBUG (BaseJdbcLogger.java:143)- ====>  Preparing: select id, name, sex, birthday, phone, ID_number, email, parent_phone, adress, major, state from student_basic where id = ? 
2019-09-04 04:08:14,053 DEBUG (BaseJdbcLogger.java:143)- ====> Parameters: 19534(String)
2019-09-04 04:08:14,054 DEBUG (BaseJdbcLogger.java:143)- <====      Total: 1
2019-09-04 04:08:14,054 DEBUG (BaseJdbcLogger.java:143)- ====>  Preparing: select id, name, sex, birthday, phone, ID_number, email, parent_phone, adress, major, state from student_basic where id = ? 
2019-09-04 04:08:14,055 DEBUG (BaseJdbcLogger.java:143)- ====> Parameters: 19535(String)
2019-09-04 04:08:14,055 DEBUG (BaseJdbcLogger.java:143)- <====      Total: 1
2019-09-04 04:08:14,056 DEBUG (BaseJdbcLogger.java:143)- ====>  Preparing: select id, name, sex, birthday, phone, ID_number, email, parent_phone, adress, major, state from student_basic where id = ? 
2019-09-04 04:08:14,056 DEBUG (BaseJdbcLogger.java:143)- ====> Parameters: 19536(String)
2019-09-04 04:08:14,057 DEBUG (BaseJdbcLogger.java:143)- <====      Total: 1
2019-09-04 04:08:14,057 DEBUG (BaseJdbcLogger.java:143)- ====>  Preparing: select id, name, sex, birthday, phone, ID_number, email, parent_phone, adress, major, state from student_basic where id = ? 
2019-09-04 04:08:14,058 DEBUG (BaseJdbcLogger.java:143)- ====> Parameters: 19537(String)
2019-09-04 04:08:14,058 DEBUG (BaseJdbcLogger.java:143)- <====      Total: 1
2019-09-04 04:08:14,059 DEBUG (BaseJdbcLogger.java:143)- ====>  Preparing: select id, name, sex, birthday, phone, ID_number, email, parent_phone, adress, major, state from student_basic where id = ? 
2019-09-04 04:08:14,060 DEBUG (BaseJdbcLogger.java:143)- ====> Parameters: 19539(String)
2019-09-04 04:08:14,061 DEBUG (BaseJdbcLogger.java:143)- <====      Total: 1
2019-09-04 04:08:14,061 DEBUG (BaseJdbcLogger.java:143)- ====>  Preparing: select id, name, sex, birthday, phone, ID_number, email, parent_phone, adress, major, state from student_basic where id = ? 
2019-09-04 04:08:14,061 DEBUG (BaseJdbcLogger.java:143)- ====> Parameters: 19541(String)
2019-09-04 04:08:14,063 DEBUG (BaseJdbcLogger.java:143)- <====      Total: 1
2019-09-04 04:08:14,063 DEBUG (BaseJdbcLogger.java:143)- ====>  Preparing: select id, name, sex, birthday, phone, ID_number, email, parent_phone, adress, major, state from student_basic where id = ? 
2019-09-04 04:08:14,064 DEBUG (BaseJdbcLogger.java:143)- ====> Parameters: 19543(String)
2019-09-04 04:08:14,064 DEBUG (BaseJdbcLogger.java:143)- <====      Total: 1
2019-09-04 04:08:14,065 DEBUG (BaseJdbcLogger.java:143)- <==      Total: 16
2019-09-04 04:08:14,065 DEBUG (BaseJdbcLogger.java:143)- ==>  Preparing: select dormitory_allocation.id, dormitory_allocation.class_id, dormitory_allocation.dormitory_id,dormitory_allocation.number from dormitory_allocation,dormitory WHERE dormitory_allocation.dormitory_id=dormitory.id and dormitory.sex=? and class_id = ? 
2019-09-04 04:08:14,066 DEBUG (BaseJdbcLogger.java:143)- ==> Parameters: 男(String), 082803201902(String)
2019-09-04 04:08:14,067 DEBUG (BaseJdbcLogger.java:143)- ====>  Preparing: select id, dong, floor, room, sex, number, rent,hasnumber from dormitory where id = ? 
2019-09-04 04:08:14,067 DEBUG (BaseJdbcLogger.java:143)- ====> Parameters: 91(Integer)
2019-09-04 04:08:14,068 DEBUG (BaseJdbcLogger.java:143)- <====      Total: 1
2019-09-04 04:08:14,068 DEBUG (BaseJdbcLogger.java:143)- ====>  Preparing: select id, dong, floor, room, sex, number, rent,hasnumber from dormitory where id = ? 
2019-09-04 04:08:14,069 DEBUG (BaseJdbcLogger.java:143)- ====> Parameters: 92(Integer)
2019-09-04 04:08:14,070 DEBUG (BaseJdbcLogger.java:143)- <====      Total: 1
2019-09-04 04:08:14,070 DEBUG (BaseJdbcLogger.java:143)- ====>  Preparing: select id, dong, floor, room, sex, number, rent,hasnumber from dormitory where id = ? 
2019-09-04 04:08:14,070 DEBUG (BaseJdbcLogger.java:143)- ====> Parameters: 93(Integer)
2019-09-04 04:08:14,071 DEBUG (BaseJdbcLogger.java:143)- <====      Total: 1
2019-09-04 04:08:14,071 DEBUG (BaseJdbcLogger.java:143)- ====>  Preparing: select id, dong, floor, room, sex, number, rent,hasnumber from dormitory where id = ? 
2019-09-04 04:08:14,072 DEBUG (BaseJdbcLogger.java:143)- ====> Parameters: 99(Integer)
2019-09-04 04:08:14,072 DEBUG (BaseJdbcLogger.java:143)- <====      Total: 1
2019-09-04 04:08:14,073 DEBUG (BaseJdbcLogger.java:143)- <==      Total: 4
2019-09-04 04:08:14,073 DEBUG (BaseJdbcLogger.java:143)- ==>  Preparing: select student_status.id,student_status.basic_id, student_status.student_id, student_status.class_id from student_status,student_basic where student_status.basic_id=student_basic.id and student_basic.sex=? and student_status.class_id=? 
2019-09-04 04:08:14,073 DEBUG (BaseJdbcLogger.java:143)- ==> Parameters: 男(String), 082803201903(String)
2019-09-04 04:08:14,075 DEBUG (BaseJdbcLogger.java:143)- ====>  Preparing: select id, name, sex, birthday, phone, ID_number, email, parent_phone, adress, major, state from student_basic where id = ? 
2019-09-04 04:08:14,075 DEBUG (BaseJdbcLogger.java:143)- ====> Parameters: 19544(String)
2019-09-04 04:08:14,076 DEBUG (BaseJdbcLogger.java:143)- <====      Total: 1
2019-09-04 04:08:14,076 DEBUG (BaseJdbcLogger.java:143)- ====>  Preparing: select id, class_id, name, director, grade, major_id from class where class_id = ? 
2019-09-04 04:08:14,077 DEBUG (BaseJdbcLogger.java:143)- ====> Parameters: 082803201903(String)
2019-09-04 04:08:14,078 DEBUG (BaseJdbcLogger.java:143)- ======>  Preparing: select id, major_id, name, price, department_id from major where major_id = ? 
2019-09-04 04:08:14,079 DEBUG (BaseJdbcLogger.java:143)- ======> Parameters: 082803(String)
2019-09-04 04:08:14,080 DEBUG (BaseJdbcLogger.java:143)- <======      Total: 1
2019-09-04 04:08:14,080 DEBUG (BaseJdbcLogger.java:143)- <====      Total: 1
2019-09-04 04:08:14,081 DEBUG (BaseJdbcLogger.java:143)- ====>  Preparing: select id, name, sex, birthday, phone, ID_number, email, parent_phone, adress, major, state from student_basic where id = ? 
2019-09-04 04:08:14,081 DEBUG (BaseJdbcLogger.java:143)- ====> Parameters: 19545(String)
2019-09-04 04:08:14,082 DEBUG (BaseJdbcLogger.java:143)- <====      Total: 1
2019-09-04 04:08:14,083 DEBUG (BaseJdbcLogger.java:143)- ====>  Preparing: select id, name, sex, birthday, phone, ID_number, email, parent_phone, adress, major, state from student_basic where id = ? 
2019-09-04 04:08:14,083 DEBUG (BaseJdbcLogger.java:143)- ====> Parameters: 19547(String)
2019-09-04 04:08:14,084 DEBUG (BaseJdbcLogger.java:143)- <====      Total: 1
2019-09-04 04:08:14,084 DEBUG (BaseJdbcLogger.java:143)- ====>  Preparing: select id, name, sex, birthday, phone, ID_number, email, parent_phone, adress, major, state from student_basic where id = ? 
2019-09-04 04:08:14,084 DEBUG (BaseJdbcLogger.java:143)- ====> Parameters: 19548(String)
2019-09-04 04:08:14,085 DEBUG (BaseJdbcLogger.java:143)- <====      Total: 1
2019-09-04 04:08:14,086 DEBUG (BaseJdbcLogger.java:143)- ====>  Preparing: select id, name, sex, birthday, phone, ID_number, email, parent_phone, adress, major, state from student_basic where id = ? 
2019-09-04 04:08:14,087 DEBUG (BaseJdbcLogger.java:143)- ====> Parameters: 19550(String)
2019-09-04 04:08:14,087 DEBUG (BaseJdbcLogger.java:143)- <====      Total: 1
2019-09-04 04:08:14,088 DEBUG (BaseJdbcLogger.java:143)- ====>  Preparing: select id, name, sex, birthday, phone, ID_number, email, parent_phone, adress, major, state from student_basic where id = ? 
2019-09-04 04:08:14,088 DEBUG (BaseJdbcLogger.java:143)- ====> Parameters: 19553(String)
2019-09-04 04:08:14,089 DEBUG (BaseJdbcLogger.java:143)- <====      Total: 1
2019-09-04 04:08:14,090 DEBUG (BaseJdbcLogger.java:143)- ====>  Preparing: select id, name, sex, birthday, phone, ID_number, email, parent_phone, adress, major, state from student_basic where id = ? 
2019-09-04 04:08:14,090 DEBUG (BaseJdbcLogger.java:143)- ====> Parameters: 19555(String)
2019-09-04 04:08:14,091 DEBUG (BaseJdbcLogger.java:143)- <====      Total: 1
2019-09-04 04:08:14,092 DEBUG (BaseJdbcLogger.java:143)- ====>  Preparing: select id, name, sex, birthday, phone, ID_number, email, parent_phone, adress, major, state from student_basic where id = ? 
2019-09-04 04:08:14,092 DEBUG (BaseJdbcLogger.java:143)- ====> Parameters: 19561(String)
2019-09-04 04:08:14,093 DEBUG (BaseJdbcLogger.java:143)- <====      Total: 1
2019-09-04 04:08:14,093 DEBUG (BaseJdbcLogger.java:143)- ====>  Preparing: select id, name, sex, birthday, phone, ID_number, email, parent_phone, adress, major, state from student_basic where id = ? 
2019-09-04 04:08:14,094 DEBUG (BaseJdbcLogger.java:143)- ====> Parameters: 19562(String)
2019-09-04 04:08:14,095 DEBUG (BaseJdbcLogger.java:143)- <====      Total: 1
2019-09-04 04:08:14,095 DEBUG (BaseJdbcLogger.java:143)- ====>  Preparing: select id, name, sex, birthday, phone, ID_number, email, parent_phone, adress, major, state from student_basic where id = ? 
2019-09-04 04:08:14,096 DEBUG (BaseJdbcLogger.java:143)- ====> Parameters: 19564(String)
2019-09-04 04:08:14,097 DEBUG (BaseJdbcLogger.java:143)- <====      Total: 1
2019-09-04 04:08:14,097 DEBUG (BaseJdbcLogger.java:143)- ====>  Preparing: select id, name, sex, birthday, phone, ID_number, email, parent_phone, adress, major, state from student_basic where id = ? 
2019-09-04 04:08:14,098 DEBUG (BaseJdbcLogger.java:143)- ====> Parameters: 19565(String)
2019-09-04 04:08:14,098 DEBUG (BaseJdbcLogger.java:143)- <====      Total: 1
2019-09-04 04:08:14,099 DEBUG (BaseJdbcLogger.java:143)- ====>  Preparing: select id, name, sex, birthday, phone, ID_number, email, parent_phone, adress, major, state from student_basic where id = ? 
2019-09-04 04:08:14,099 DEBUG (BaseJdbcLogger.java:143)- ====> Parameters: 19566(String)
2019-09-04 04:08:14,100 DEBUG (BaseJdbcLogger.java:143)- <====      Total: 1
2019-09-04 04:08:14,100 DEBUG (BaseJdbcLogger.java:143)- ====>  Preparing: select id, name, sex, birthday, phone, ID_number, email, parent_phone, adress, major, state from student_basic where id = ? 
2019-09-04 04:08:14,101 DEBUG (BaseJdbcLogger.java:143)- ====> Parameters: 19567(String)
2019-09-04 04:08:14,101 DEBUG (BaseJdbcLogger.java:143)- <====      Total: 1
2019-09-04 04:08:14,102 DEBUG (BaseJdbcLogger.java:143)- ====>  Preparing: select id, name, sex, birthday, phone, ID_number, email, parent_phone, adress, major, state from student_basic where id = ? 
2019-09-04 04:08:14,103 DEBUG (BaseJdbcLogger.java:143)- ====> Parameters: 19570(String)
2019-09-04 04:08:14,104 DEBUG (BaseJdbcLogger.java:143)- <====      Total: 1
2019-09-04 04:08:14,104 DEBUG (BaseJdbcLogger.java:143)- ====>  Preparing: select id, name, sex, birthday, phone, ID_number, email, parent_phone, adress, major, state from student_basic where id = ? 
2019-09-04 04:08:14,104 DEBUG (BaseJdbcLogger.java:143)- ====> Parameters: 19573(String)
2019-09-04 04:08:14,105 DEBUG (BaseJdbcLogger.java:143)- <====      Total: 1
2019-09-04 04:08:14,106 DEBUG (BaseJdbcLogger.java:143)- ====>  Preparing: select id, name, sex, birthday, phone, ID_number, email, parent_phone, adress, major, state from student_basic where id = ? 
2019-09-04 04:08:14,106 DEBUG (BaseJdbcLogger.java:143)- ====> Parameters: 19574(String)
2019-09-04 04:08:14,107 DEBUG (BaseJdbcLogger.java:143)- <====      Total: 1
2019-09-04 04:08:14,107 DEBUG (BaseJdbcLogger.java:143)- <==      Total: 16
2019-09-04 04:08:14,108 DEBUG (BaseJdbcLogger.java:143)- ==>  Preparing: select dormitory_allocation.id, dormitory_allocation.class_id, dormitory_allocation.dormitory_id,dormitory_allocation.number from dormitory_allocation,dormitory WHERE dormitory_allocation.dormitory_id=dormitory.id and dormitory.sex=? and class_id = ? 
2019-09-04 04:08:14,108 DEBUG (BaseJdbcLogger.java:143)- ==> Parameters: 男(String), 082803201903(String)
2019-09-04 04:08:14,109 DEBUG (BaseJdbcLogger.java:143)- ====>  Preparing: select id, dong, floor, room, sex, number, rent,hasnumber from dormitory where id = ? 
2019-09-04 04:08:14,110 DEBUG (BaseJdbcLogger.java:143)- ====> Parameters: 94(Integer)
2019-09-04 04:08:14,111 DEBUG (BaseJdbcLogger.java:143)- <====      Total: 1
2019-09-04 04:08:14,111 DEBUG (BaseJdbcLogger.java:143)- ====>  Preparing: select id, dong, floor, room, sex, number, rent,hasnumber from dormitory where id = ? 
2019-09-04 04:08:14,111 DEBUG (BaseJdbcLogger.java:143)- ====> Parameters: 95(Integer)
2019-09-04 04:08:14,112 DEBUG (BaseJdbcLogger.java:143)- <====      Total: 1
2019-09-04 04:08:14,113 DEBUG (BaseJdbcLogger.java:143)- ====>  Preparing: select id, dong, floor, room, sex, number, rent,hasnumber from dormitory where id = ? 
2019-09-04 04:08:14,113 DEBUG (BaseJdbcLogger.java:143)- ====> Parameters: 96(Integer)
2019-09-04 04:08:14,114 DEBUG (BaseJdbcLogger.java:143)- <====      Total: 1
2019-09-04 04:08:14,115 DEBUG (BaseJdbcLogger.java:143)- ====>  Preparing: select id, dong, floor, room, sex, number, rent,hasnumber from dormitory where id = ? 
2019-09-04 04:08:14,115 DEBUG (BaseJdbcLogger.java:143)- ====> Parameters: 99(Integer)
2019-09-04 04:08:14,116 DEBUG (BaseJdbcLogger.java:143)- <====      Total: 1
2019-09-04 04:08:14,117 DEBUG (BaseJdbcLogger.java:143)- <==      Total: 4
2019-09-04 04:08:14,117 DEBUG (BaseJdbcLogger.java:143)- ==>  Preparing: select student_status.id,student_status.basic_id, student_status.student_id, student_status.class_id from student_status,student_basic where student_status.basic_id=student_basic.id and student_basic.sex=? and student_status.class_id=? 
2019-09-04 04:08:14,118 DEBUG (BaseJdbcLogger.java:143)- ==> Parameters: 男(String), 080205201904(String)
2019-09-04 04:08:14,119 DEBUG (BaseJdbcLogger.java:143)- ====>  Preparing: select id, name, sex, birthday, phone, ID_number, email, parent_phone, adress, major, state from student_basic where id = ? 
2019-09-04 04:08:14,119 DEBUG (BaseJdbcLogger.java:143)- ====> Parameters: 19752(String)
2019-09-04 04:08:14,120 DEBUG (BaseJdbcLogger.java:143)- <====      Total: 1
2019-09-04 04:08:14,121 DEBUG (BaseJdbcLogger.java:143)- ====>  Preparing: select id, class_id, name, director, grade, major_id from class where class_id = ? 
2019-09-04 04:08:14,121 DEBUG (BaseJdbcLogger.java:143)- ====> Parameters: 080205201904(String)
2019-09-04 04:08:14,122 DEBUG (BaseJdbcLogger.java:143)- ======>  Preparing: select id, major_id, name, price, department_id from major where major_id = ? 
2019-09-04 04:08:14,122 DEBUG (BaseJdbcLogger.java:143)- ======> Parameters: 080205(String)
2019-09-04 04:08:14,123 DEBUG (BaseJdbcLogger.java:143)- <======      Total: 1
2019-09-04 04:08:14,124 DEBUG (BaseJdbcLogger.java:143)- <====      Total: 1
2019-09-04 04:08:14,125 DEBUG (BaseJdbcLogger.java:143)- ====>  Preparing: select id, name, sex, birthday, phone, ID_number, email, parent_phone, adress, major, state from student_basic where id = ? 
2019-09-04 04:08:14,125 DEBUG (BaseJdbcLogger.java:143)- ====> Parameters: 19753(String)
2019-09-04 04:08:14,126 DEBUG (BaseJdbcLogger.java:143)- <====      Total: 1
2019-09-04 04:08:14,126 DEBUG (BaseJdbcLogger.java:143)- ====>  Preparing: select id, name, sex, birthday, phone, ID_number, email, parent_phone, adress, major, state from student_basic where id = ? 
2019-09-04 04:08:14,127 DEBUG (BaseJdbcLogger.java:143)- ====> Parameters: 19754(String)
2019-09-04 04:08:14,128 DEBUG (BaseJdbcLogger.java:143)- <====      Total: 1
2019-09-04 04:08:14,128 DEBUG (BaseJdbcLogger.java:143)- ====>  Preparing: select id, name, sex, birthday, phone, ID_number, email, parent_phone, adress, major, state from student_basic where id = ? 
2019-09-04 04:08:14,128 DEBUG (BaseJdbcLogger.java:143)- ====> Parameters: 19755(String)
2019-09-04 04:08:14,129 DEBUG (BaseJdbcLogger.java:143)- <====      Total: 1
2019-09-04 04:08:14,130 DEBUG (BaseJdbcLogger.java:143)- ====>  Preparing: select id, name, sex, birthday, phone, ID_number, email, parent_phone, adress, major, state from student_basic where id = ? 
2019-09-04 04:08:14,130 DEBUG (BaseJdbcLogger.java:143)- ====> Parameters: 19757(String)
2019-09-04 04:08:14,131 DEBUG (BaseJdbcLogger.java:143)- <====      Total: 1
2019-09-04 04:08:14,132 DEBUG (BaseJdbcLogger.java:143)- ====>  Preparing: select id, name, sex, birthday, phone, ID_number, email, parent_phone, adress, major, state from student_basic where id = ? 
2019-09-04 04:08:14,132 DEBUG (BaseJdbcLogger.java:143)- ====> Parameters: 19760(String)
2019-09-04 04:08:14,133 DEBUG (BaseJdbcLogger.java:143)- <====      Total: 1
2019-09-04 04:08:14,134 DEBUG (BaseJdbcLogger.java:143)- ====>  Preparing: select id, name, sex, birthday, phone, ID_number, email, parent_phone, adress, major, state from student_basic where id = ? 
2019-09-04 04:08:14,134 DEBUG (BaseJdbcLogger.java:143)- ====> Parameters: 19762(String)
2019-09-04 04:08:14,135 DEBUG (BaseJdbcLogger.java:143)- <====      Total: 1
2019-09-04 04:08:14,135 DEBUG (BaseJdbcLogger.java:143)- ====>  Preparing: select id, name, sex, birthday, phone, ID_number, email, parent_phone, adress, major, state from student_basic where id = ? 
2019-09-04 04:08:14,136 DEBUG (BaseJdbcLogger.java:143)- ====> Parameters: 19763(String)
2019-09-04 04:08:14,137 DEBUG (BaseJdbcLogger.java:143)- <====      Total: 1
2019-09-04 04:08:14,138 DEBUG (BaseJdbcLogger.java:143)- ====>  Preparing: select id, name, sex, birthday, phone, ID_number, email, parent_phone, adress, major, state from student_basic where id = ? 
2019-09-04 04:08:14,138 DEBUG (BaseJdbcLogger.java:143)- ====> Parameters: 19765(String)
2019-09-04 04:08:14,139 DEBUG (BaseJdbcLogger.java:143)- <====      Total: 1
2019-09-04 04:08:14,140 DEBUG (BaseJdbcLogger.java:143)- ====>  Preparing: select id, name, sex, birthday, phone, ID_number, email, parent_phone, adress, major, state from student_basic where id = ? 
2019-09-04 04:08:14,140 DEBUG (BaseJdbcLogger.java:143)- ====> Parameters: 19766(String)
2019-09-04 04:08:14,141 DEBUG (BaseJdbcLogger.java:143)- <====      Total: 1
2019-09-04 04:08:14,141 DEBUG (BaseJdbcLogger.java:143)- ====>  Preparing: select id, name, sex, birthday, phone, ID_number, email, parent_phone, adress, major, state from student_basic where id = ? 
2019-09-04 04:08:14,142 DEBUG (BaseJdbcLogger.java:143)- ====> Parameters: 19767(String)
2019-09-04 04:08:14,142 DEBUG (BaseJdbcLogger.java:143)- <====      Total: 1
2019-09-04 04:08:14,143 DEBUG (BaseJdbcLogger.java:143)- ====>  Preparing: select id, name, sex, birthday, phone, ID_number, email, parent_phone, adress, major, state from student_basic where id = ? 
2019-09-04 04:08:14,143 DEBUG (BaseJdbcLogger.java:143)- ====> Parameters: 19769(String)
2019-09-04 04:08:14,145 DEBUG (BaseJdbcLogger.java:143)- <====      Total: 1
2019-09-04 04:08:14,145 DEBUG (BaseJdbcLogger.java:143)- ====>  Preparing: select id, name, sex, birthday, phone, ID_number, email, parent_phone, adress, major, state from student_basic where id = ? 
2019-09-04 04:08:14,146 DEBUG (BaseJdbcLogger.java:143)- ====> Parameters: 19771(String)
2019-09-04 04:08:14,147 DEBUG (BaseJdbcLogger.java:143)- <====      Total: 1
2019-09-04 04:08:14,147 DEBUG (BaseJdbcLogger.java:143)- ====>  Preparing: select id, name, sex, birthday, phone, ID_number, email, parent_phone, adress, major, state from student_basic where id = ? 
2019-09-04 04:08:14,148 DEBUG (BaseJdbcLogger.java:143)- ====> Parameters: 19773(String)
2019-09-04 04:08:14,149 DEBUG (BaseJdbcLogger.java:143)- <====      Total: 1
2019-09-04 04:08:14,149 DEBUG (BaseJdbcLogger.java:143)- ====>  Preparing: select id, name, sex, birthday, phone, ID_number, email, parent_phone, adress, major, state from student_basic where id = ? 
2019-09-04 04:08:14,149 DEBUG (BaseJdbcLogger.java:143)- ====> Parameters: 19774(String)
2019-09-04 04:08:14,150 DEBUG (BaseJdbcLogger.java:143)- <====      Total: 1
2019-09-04 04:08:14,150 DEBUG (BaseJdbcLogger.java:143)- ====>  Preparing: select id, name, sex, birthday, phone, ID_number, email, parent_phone, adress, major, state from student_basic where id = ? 
2019-09-04 04:08:14,151 DEBUG (BaseJdbcLogger.java:143)- ====> Parameters: 19776(String)
2019-09-04 04:08:14,151 DEBUG (BaseJdbcLogger.java:143)- <====      Total: 1
2019-09-04 04:08:14,152 DEBUG (BaseJdbcLogger.java:143)- ====>  Preparing: select id, name, sex, birthday, phone, ID_number, email, parent_phone, adress, major, state from student_basic where id = ? 
2019-09-04 04:08:14,152 DEBUG (BaseJdbcLogger.java:143)- ====> Parameters: 19778(String)
2019-09-04 04:08:14,153 DEBUG (BaseJdbcLogger.java:143)- <====      Total: 1
2019-09-04 04:08:14,153 DEBUG (BaseJdbcLogger.java:143)- ====>  Preparing: select id, name, sex, birthday, phone, ID_number, email, parent_phone, adress, major, state from student_basic where id = ? 
2019-09-04 04:08:14,154 DEBUG (BaseJdbcLogger.java:143)- ====> Parameters: 19780(String)
2019-09-04 04:08:14,155 DEBUG (BaseJdbcLogger.java:143)- <====      Total: 1
2019-09-04 04:08:14,155 DEBUG (BaseJdbcLogger.java:143)- ====>  Preparing: select id, name, sex, birthday, phone, ID_number, email, parent_phone, adress, major, state from student_basic where id = ? 
2019-09-04 04:08:14,156 DEBUG (BaseJdbcLogger.java:143)- ====> Parameters: 19783(String)
2019-09-04 04:08:14,157 DEBUG (BaseJdbcLogger.java:143)- <====      Total: 1
2019-09-04 04:08:14,157 DEBUG (BaseJdbcLogger.java:143)- ====>  Preparing: select id, name, sex, birthday, phone, ID_number, email, parent_phone, adress, major, state from student_basic where id = ? 
2019-09-04 04:08:14,158 DEBUG (BaseJdbcLogger.java:143)- ====> Parameters: 19785(String)
2019-09-04 04:08:14,159 DEBUG (BaseJdbcLogger.java:143)- <====      Total: 1
2019-09-04 04:08:14,160 DEBUG (BaseJdbcLogger.java:143)- ====>  Preparing: select id, name, sex, birthday, phone, ID_number, email, parent_phone, adress, major, state from student_basic where id = ? 
2019-09-04 04:08:14,160 DEBUG (BaseJdbcLogger.java:143)- ====> Parameters: 19786(String)
2019-09-04 04:08:14,161 DEBUG (BaseJdbcLogger.java:143)- <====      Total: 1
2019-09-04 04:08:14,162 DEBUG (BaseJdbcLogger.java:143)- ====>  Preparing: select id, name, sex, birthday, phone, ID_number, email, parent_phone, adress, major, state from student_basic where id = ? 
