2019-09-23 04:17:18,291 DEBUG (BaseJdbcLogger.java:143)- ====> Parameters: 24474(String)
2019-09-23 04:17:18,294 DEBUG (BaseJdbcLogger.java:143)- <====      Total: 1
2019-09-23 04:17:18,295 DEBUG (BaseJdbcLogger.java:143)- ====>  Preparing: select id, name, sex, birthday, phone, ID_number, email, parent_phone, adress, major, state from student_basic where id = ? 
2019-09-23 04:17:18,295 DEBUG (BaseJdbcLogger.java:143)- ====> Parameters: 24475(String)
2019-09-23 04:17:18,295 DEBUG (BaseJdbcLogger.java:143)- <====      Total: 1
2019-09-23 04:17:18,296 DEBUG (BaseJdbcLogger.java:143)- ====>  Preparing: select id, name, sex, birthday, phone, ID_number, email, parent_phone, adress, major, state from student_basic where id = ? 
2019-09-23 04:17:18,296 DEBUG (BaseJdbcLogger.java:143)- ====> Parameters: 24476(String)
2019-09-23 04:17:18,297 DEBUG (BaseJdbcLogger.java:143)- <====      Total: 1
2019-09-23 04:17:18,297 DEBUG (BaseJdbcLogger.java:143)- ====>  Preparing: select id, name, sex, birthday, phone, ID_number, email, parent_phone, adress, major, state from student_basic where id = ? 
2019-09-23 04:17:18,297 DEBUG (BaseJdbcLogger.java:143)- ====> Parameters: 24477(String)
2019-09-23 04:17:18,298 DEBUG (BaseJdbcLogger.java:143)- <====      Total: 1
2019-09-23 04:17:18,298 DEBUG (BaseJdbcLogger.java:143)- ====>  Preparing: select id, name, sex, birthday, phone, ID_number, email, parent_phone, adress, major, state from student_basic where id = ? 
2019-09-23 04:17:18,298 DEBUG (BaseJdbcLogger.java:143)- ====> Parameters: 24478(String)
2019-09-23 04:17:18,300 DEBUG (BaseJdbcLogger.java:143)- <====      Total: 1
2019-09-23 04:17:18,300 DEBUG (BaseJdbcLogger.java:143)- ====>  Preparing: select id, name, sex, birthday, phone, ID_number, email, parent_phone, adress, major, state from student_basic where id = ? 
2019-09-23 04:17:18,301 DEBUG (BaseJdbcLogger.java:143)- ====> Parameters: 24485(String)
2019-09-23 04:17:18,302 DEBUG (BaseJdbcLogger.java:143)- <====      Total: 1
2019-09-23 04:17:18,303 DEBUG (BaseJdbcLogger.java:143)- ====>  Preparing: select id, name, sex, birthday, phone, ID_number, email, parent_phone, adress, major, state from student_basic where id = ? 
2019-09-23 04:17:18,303 DEBUG (BaseJdbcLogger.java:143)- ====> Parameters: 24486(String)
2019-09-23 04:17:18,303 DEBUG (BaseJdbcLogger.java:143)- <====      Total: 1
2019-09-23 04:17:18,303 DEBUG (BaseJdbcLogger.java:143)- ====>  Preparing: select id, name, sex, birthday, phone, ID_number, email, parent_phone, adress, major, state from student_basic where id = ? 
2019-09-23 04:17:18,304 DEBUG (BaseJdbcLogger.java:143)- ====> Parameters: 24488(String)
2019-09-23 04:17:18,304 DEBUG (BaseJdbcLogger.java:143)- <====      Total: 1
2019-09-23 04:17:18,305 DEBUG (BaseJdbcLogger.java:143)- ====>  Preparing: select id, name, sex, birthday, phone, ID_number, email, parent_phone, adress, major, state from student_basic where id = ? 
2019-09-23 04:17:18,305 DEBUG (BaseJdbcLogger.java:143)- ====> Parameters: 24490(String)
2019-09-23 04:17:18,305 DEBUG (BaseJdbcLogger.java:143)- <====      Total: 1
2019-09-23 04:17:18,306 DEBUG (BaseJdbcLogger.java:143)- ====>  Preparing: select id, name, sex, birthday, phone, ID_number, email, parent_phone, adress, major, state from student_basic where id = ? 
2019-09-23 04:17:18,306 DEBUG (BaseJdbcLogger.java:143)- ====> Parameters: 24491(String)
2019-09-23 04:17:18,307 DEBUG (BaseJdbcLogger.java:143)- <====      Total: 1
2019-09-23 04:17:18,308 DEBUG (BaseJdbcLogger.java:143)- ====>  Preparing: select id, name, sex, birthday, phone, ID_number, email, parent_phone, adress, major, state from student_basic where id = ? 
2019-09-23 04:17:18,308 DEBUG (BaseJdbcLogger.java:143)- ====> Parameters: 24492(String)
2019-09-23 04:17:18,309 DEBUG (BaseJdbcLogger.java:143)- <====      Total: 1
2019-09-23 04:17:18,309 DEBUG (BaseJdbcLogger.java:143)- ====>  Preparing: select id, name, sex, birthday, phone, ID_number, email, parent_phone, adress, major, state from student_basic where id = ? 
2019-09-23 04:17:18,309 DEBUG (BaseJdbcLogger.java:143)- ====> Parameters: 24496(String)
2019-09-23 04:17:18,310 DEBUG (BaseJdbcLogger.java:143)- <====      Total: 1
2019-09-23 04:17:18,312 DEBUG (BaseJdbcLogger.java:143)- ====>  Preparing: select id, name, sex, birthday, phone, ID_number, email, parent_phone, adress, major, state from student_basic where id = ? 
2019-09-23 04:17:18,312 DEBUG (BaseJdbcLogger.java:143)- ====> Parameters: 24497(String)
2019-09-23 04:17:18,313 DEBUG (BaseJdbcLogger.java:143)- <====      Total: 1
2019-09-23 04:17:18,313 DEBUG (BaseJdbcLogger.java:143)- ====>  Preparing: select id, name, sex, birthday, phone, ID_number, email, parent_phone, adress, major, state from student_basic where id = ? 
2019-09-23 04:17:18,313 DEBUG (BaseJdbcLogger.java:143)- ====> Parameters: 24500(String)
2019-09-23 04:17:18,315 DEBUG (BaseJdbcLogger.java:143)- <====      Total: 1
2019-09-23 04:17:18,315 DEBUG (BaseJdbcLogger.java:143)- ====>  Preparing: select id, name, sex, birthday, phone, ID_number, email, parent_phone, adress, major, state from student_basic where id = ? 
2019-09-23 04:17:18,315 DEBUG (BaseJdbcLogger.java:143)- ====> Parameters: 24501(String)
2019-09-23 04:17:18,317 DEBUG (BaseJdbcLogger.java:143)- <====      Total: 1
2019-09-23 04:17:18,317 DEBUG (BaseJdbcLogger.java:143)- ====>  Preparing: select id, name, sex, birthday, phone, ID_number, email, parent_phone, adress, major, state from student_basic where id = ? 
2019-09-23 04:17:18,318 DEBUG (BaseJdbcLogger.java:143)- ====> Parameters: 24502(String)
2019-09-23 04:17:18,319 DEBUG (BaseJdbcLogger.java:143)- <====      Total: 1
2019-09-23 04:17:18,319 DEBUG (BaseJdbcLogger.java:143)- ====>  Preparing: select id, name, sex, birthday, phone, ID_number, email, parent_phone, adress, major, state from student_basic where id = ? 
2019-09-23 04:17:18,319 DEBUG (BaseJdbcLogger.java:143)- ====> Parameters: 24503(String)
2019-09-23 04:17:18,319 DEBUG (BaseJdbcLogger.java:143)- <====      Total: 1
2019-09-23 04:17:18,320 DEBUG (BaseJdbcLogger.java:143)- ====>  Preparing: select id, name, sex, birthday, phone, ID_number, email, parent_phone, adress, major, state from student_basic where id = ? 
2019-09-23 04:17:18,321 DEBUG (BaseJdbcLogger.java:143)- ====> Parameters: 24504(String)
2019-09-23 04:17:18,321 DEBUG (BaseJdbcLogger.java:143)- <====      Total: 1
2019-09-23 04:17:18,321 DEBUG (BaseJdbcLogger.java:143)- ====>  Preparing: select id, name, sex, birthday, phone, ID_number, email, parent_phone, adress, major, state from student_basic where id = ? 
2019-09-23 04:17:18,321 DEBUG (BaseJdbcLogger.java:143)- ====> Parameters: 24507(String)
2019-09-23 04:17:18,322 DEBUG (BaseJdbcLogger.java:143)- <====      Total: 1
2019-09-23 04:17:18,322 DEBUG (BaseJdbcLogger.java:143)- ====>  Preparing: select id, name, sex, birthday, phone, ID_number, email, parent_phone, adress, major, state from student_basic where id = ? 
2019-09-23 04:17:18,322 DEBUG (BaseJdbcLogger.java:143)- ====> Parameters: 24508(String)
2019-09-23 04:17:18,323 DEBUG (BaseJdbcLogger.java:143)- <====      Total: 1
2019-09-23 04:17:18,323 DEBUG (BaseJdbcLogger.java:143)- ====>  Preparing: select id, name, sex, birthday, phone, ID_number, email, parent_phone, adress, major, state from student_basic where id = ? 
2019-09-23 04:17:18,325 DEBUG (BaseJdbcLogger.java:143)- ====> Parameters: 24509(String)
2019-09-23 04:17:18,325 DEBUG (BaseJdbcLogger.java:143)- <====      Total: 1
2019-09-23 04:17:18,325 DEBUG (BaseJdbcLogger.java:143)- ====>  Preparing: select id, name, sex, birthday, phone, ID_number, email, parent_phone, adress, major, state from student_basic where id = ? 
2019-09-23 04:17:18,325 DEBUG (BaseJdbcLogger.java:143)- ====> Parameters: 24510(String)
2019-09-23 04:17:18,326 DEBUG (BaseJdbcLogger.java:143)- <====      Total: 1
2019-09-23 04:17:18,326 DEBUG (BaseJdbcLogger.java:143)- ====>  Preparing: select id, name, sex, birthday, phone, ID_number, email, parent_phone, adress, major, state from student_basic where id = ? 
2019-09-23 04:17:18,327 DEBUG (BaseJdbcLogger.java:143)- ====> Parameters: 24512(String)
2019-09-23 04:17:18,327 DEBUG (BaseJdbcLogger.java:143)- <====      Total: 1
2019-09-23 04:17:18,328 DEBUG (BaseJdbcLogger.java:143)- ====>  Preparing: select id, name, sex, birthday, phone, ID_number, email, parent_phone, adress, major, state from student_basic where id = ? 
2019-09-23 04:17:18,329 DEBUG (BaseJdbcLogger.java:143)- ====> Parameters: 24515(String)
2019-09-23 04:17:18,329 DEBUG (BaseJdbcLogger.java:143)- <====      Total: 1
2019-09-23 04:17:18,329 DEBUG (BaseJdbcLogger.java:143)- ====>  Preparing: select id, name, sex, birthday, phone, ID_number, email, parent_phone, adress, major, state from student_basic where id = ? 
2019-09-23 04:17:18,329 DEBUG (BaseJdbcLogger.java:143)- ====> Parameters: 24518(String)
2019-09-23 04:17:18,329 DEBUG (BaseJdbcLogger.java:143)- <====      Total: 1
2019-09-23 04:17:18,330 DEBUG (BaseJdbcLogger.java:143)- ====>  Preparing: select id, name, sex, birthday, phone, ID_number, email, parent_phone, adress, major, state from student_basic where id = ? 
2019-09-23 04:17:18,330 DEBUG (BaseJdbcLogger.java:143)- ====> Parameters: 24519(String)
2019-09-23 04:17:18,331 DEBUG (BaseJdbcLogger.java:143)- <====      Total: 1
2019-09-23 04:17:18,331 DEBUG (BaseJdbcLogger.java:143)- ====>  Preparing: select id, name, sex, birthday, phone, ID_number, email, parent_phone, adress, major, state from student_basic where id = ? 
2019-09-23 04:17:18,331 DEBUG (BaseJdbcLogger.java:143)- ====> Parameters: 24520(String)
2019-09-23 04:17:18,333 DEBUG (BaseJdbcLogger.java:143)- <====      Total: 1
2019-09-23 04:17:18,333 DEBUG (BaseJdbcLogger.java:143)- ====>  Preparing: select id, name, sex, birthday, phone, ID_number, email, parent_phone, adress, major, state from student_basic where id = ? 
2019-09-23 04:17:18,334 DEBUG (BaseJdbcLogger.java:143)- ====> Parameters: 24521(String)
2019-09-23 04:17:18,335 DEBUG (BaseJdbcLogger.java:143)- <====      Total: 1
2019-09-23 04:17:18,335 DEBUG (BaseJdbcLogger.java:143)- ====>  Preparing: select id, name, sex, birthday, phone, ID_number, email, parent_phone, adress, major, state from student_basic where id = ? 
2019-09-23 04:17:18,335 DEBUG (BaseJdbcLogger.java:143)- ====> Parameters: 24524(String)
2019-09-23 04:17:18,335 DEBUG (BaseJdbcLogger.java:143)- <====      Total: 1
2019-09-23 04:17:18,336 DEBUG (BaseJdbcLogger.java:143)- ====>  Preparing: select id, name, sex, birthday, phone, ID_number, email, parent_phone, adress, major, state from student_basic where id = ? 
2019-09-23 04:17:18,337 DEBUG (BaseJdbcLogger.java:143)- ====> Parameters: 24525(String)
2019-09-23 04:17:18,337 DEBUG (BaseJdbcLogger.java:143)- <====      Total: 1
2019-09-23 04:17:18,337 DEBUG (BaseJdbcLogger.java:143)- ====>  Preparing: select id, name, sex, birthday, phone, ID_number, email, parent_phone, adress, major, state from student_basic where id = ? 
2019-09-23 04:17:18,337 DEBUG (BaseJdbcLogger.java:143)- ====> Parameters: 24526(String)
2019-09-23 04:17:18,338 DEBUG (BaseJdbcLogger.java:143)- <====      Total: 1
2019-09-23 04:17:18,338 DEBUG (BaseJdbcLogger.java:143)- ====>  Preparing: select id, name, sex, birthday, phone, ID_number, email, parent_phone, adress, major, state from student_basic where id = ? 
2019-09-23 04:17:18,338 DEBUG (BaseJdbcLogger.java:143)- ====> Parameters: 24527(String)
2019-09-23 04:17:18,339 DEBUG (BaseJdbcLogger.java:143)- <====      Total: 1
2019-09-23 04:17:18,340 DEBUG (BaseJdbcLogger.java:143)- ====>  Preparing: select id, name, sex, birthday, phone, ID_number, email, parent_phone, adress, major, state from student_basic where id = ? 
2019-09-23 04:17:18,340 DEBUG (BaseJdbcLogger.java:143)- ====> Parameters: 24532(String)
2019-09-23 04:17:18,341 DEBUG (BaseJdbcLogger.java:143)- <====      Total: 1
2019-09-23 04:17:18,341 DEBUG (BaseJdbcLogger.java:143)- ====>  Preparing: select id, name, sex, birthday, phone, ID_number, email, parent_phone, adress, major, state from student_basic where id = ? 
2019-09-23 04:17:18,341 DEBUG (BaseJdbcLogger.java:143)- ====> Parameters: 24536(String)
2019-09-23 04:17:18,342 DEBUG (BaseJdbcLogger.java:143)- <====      Total: 1
2019-09-23 04:17:18,342 DEBUG (BaseJdbcLogger.java:143)- ====>  Preparing: select id, name, sex, birthday, phone, ID_number, email, parent_phone, adress, major, state from student_basic where id = ? 
2019-09-23 04:17:18,342 DEBUG (BaseJdbcLogger.java:143)- ====> Parameters: 24541(String)
2019-09-23 04:17:18,344 DEBUG (BaseJdbcLogger.java:143)- <====      Total: 1
2019-09-23 04:17:18,344 DEBUG (BaseJdbcLogger.java:143)- ====>  Preparing: select id, name, sex, birthday, phone, ID_number, email, parent_phone, adress, major, state from student_basic where id = ? 
2019-09-23 04:17:18,345 DEBUG (BaseJdbcLogger.java:143)- ====> Parameters: 24542(String)
2019-09-23 04:17:18,346 DEBUG (BaseJdbcLogger.java:143)- <====      Total: 1
2019-09-23 04:17:18,346 DEBUG (BaseJdbcLogger.java:143)- ====>  Preparing: select id, name, sex, birthday, phone, ID_number, email, parent_phone, adress, major, state from student_basic where id = ? 
2019-09-23 04:17:18,346 DEBUG (BaseJdbcLogger.java:143)- ====> Parameters: 24543(String)
2019-09-23 04:17:18,347 DEBUG (BaseJdbcLogger.java:143)- <====      Total: 1
2019-09-23 04:17:18,348 DEBUG (BaseJdbcLogger.java:143)- ====>  Preparing: select id, name, sex, birthday, phone, ID_number, email, parent_phone, adress, major, state from student_basic where id = ? 
2019-09-23 04:17:18,348 DEBUG (BaseJdbcLogger.java:143)- ====> Parameters: 24544(String)
2019-09-23 04:17:18,349 DEBUG (BaseJdbcLogger.java:143)- <====      Total: 1
2019-09-23 04:17:18,349 DEBUG (BaseJdbcLogger.java:143)- ====>  Preparing: select id, name, sex, birthday, phone, ID_number, email, parent_phone, adress, major, state from student_basic where id = ? 
2019-09-23 04:17:18,349 DEBUG (BaseJdbcLogger.java:143)- ====> Parameters: 24545(String)
2019-09-23 04:17:18,350 DEBUG (BaseJdbcLogger.java:143)- <====      Total: 1
2019-09-23 04:17:18,350 DEBUG (BaseJdbcLogger.java:143)- ====>  Preparing: select id, name, sex, birthday, phone, ID_number, email, parent_phone, adress, major, state from student_basic where id = ? 
2019-09-23 04:17:18,351 DEBUG (BaseJdbcLogger.java:143)- ====> Parameters: 24546(String)
2019-09-23 04:17:18,351 DEBUG (BaseJdbcLogger.java:143)- <====      Total: 1
2019-09-23 04:17:18,352 DEBUG (BaseJdbcLogger.java:143)- ====>  Preparing: select id, name, sex, birthday, phone, ID_number, email, parent_phone, adress, major, state from student_basic where id = ? 
2019-09-23 04:17:18,352 DEBUG (BaseJdbcLogger.java:143)- ====> Parameters: 24547(String)
2019-09-23 04:17:18,352 DEBUG (BaseJdbcLogger.java:143)- <====      Total: 1
2019-09-23 04:17:18,353 DEBUG (BaseJdbcLogger.java:143)- ====>  Preparing: select id, name, sex, birthday, phone, ID_number, email, parent_phone, adress, major, state from student_basic where id = ? 
2019-09-23 04:17:18,353 DEBUG (BaseJdbcLogger.java:143)- ====> Parameters: 24548(String)
2019-09-23 04:17:18,354 DEBUG (BaseJdbcLogger.java:143)- <====      Total: 1
2019-09-23 04:17:18,354 DEBUG (BaseJdbcLogger.java:143)- ====>  Preparing: select id, name, sex, birthday, phone, ID_number, email, parent_phone, adress, major, state from student_basic where id = ? 
2019-09-23 04:17:18,354 DEBUG (BaseJdbcLogger.java:143)- ====> Parameters: 24549(String)
2019-09-23 04:17:18,355 DEBUG (BaseJdbcLogger.java:143)- <====      Total: 1
2019-09-23 04:17:18,356 DEBUG (BaseJdbcLogger.java:143)- ====>  Preparing: select id, name, sex, birthday, phone, ID_number, email, parent_phone, adress, major, state from student_basic where id = ? 
2019-09-23 04:17:18,357 DEBUG (BaseJdbcLogger.java:143)- ====> Parameters: 24552(String)
2019-09-23 04:17:18,358 DEBUG (BaseJdbcLogger.java:143)- <====      Total: 1
2019-09-23 04:17:18,358 DEBUG (BaseJdbcLogger.java:143)- ====>  Preparing: select id, name, sex, birthday, phone, ID_number, email, parent_phone, adress, major, state from student_basic where id = ? 
2019-09-23 04:17:18,358 DEBUG (BaseJdbcLogger.java:143)- ====> Parameters: 24553(String)
2019-09-23 04:17:18,359 DEBUG (BaseJdbcLogger.java:143)- <====      Total: 1
2019-09-23 04:17:18,359 DEBUG (BaseJdbcLogger.java:143)- ====>  Preparing: select id, name, sex, birthday, phone, ID_number, email, parent_phone, adress, major, state from student_basic where id = ? 
2019-09-23 04:17:18,360 DEBUG (BaseJdbcLogger.java:143)- ====> Parameters: 24554(String)
2019-09-23 04:17:18,361 DEBUG (BaseJdbcLogger.java:143)- <====      Total: 1
2019-09-23 04:17:18,361 DEBUG (BaseJdbcLogger.java:143)- ====>  Preparing: select id, name, sex, birthday, phone, ID_number, email, parent_phone, adress, major, state from student_basic where id = ? 
2019-09-23 04:17:18,361 DEBUG (BaseJdbcLogger.java:143)- ====> Parameters: 24555(String)
2019-09-23 04:17:18,362 DEBUG (BaseJdbcLogger.java:143)- <====      Total: 1
2019-09-23 04:17:18,363 DEBUG (BaseJdbcLogger.java:143)- ====>  Preparing: select id, name, sex, birthday, phone, ID_number, email, parent_phone, adress, major, state from student_basic where id = ? 
2019-09-23 04:17:18,363 DEBUG (BaseJdbcLogger.java:143)- ====> Parameters: 24558(String)
2019-09-23 04:17:18,363 DEBUG (BaseJdbcLogger.java:143)- <====      Total: 1
2019-09-23 04:17:18,363 DEBUG (BaseJdbcLogger.java:143)- ====>  Preparing: select id, name, sex, birthday, phone, ID_number, email, parent_phone, adress, major, state from student_basic where id = ? 
2019-09-23 04:17:18,364 DEBUG (BaseJdbcLogger.java:143)- ====> Parameters: 24559(String)
2019-09-23 04:17:18,365 DEBUG (BaseJdbcLogger.java:143)- <====      Total: 1
2019-09-23 04:17:18,365 DEBUG (BaseJdbcLogger.java:143)- ====>  Preparing: select id, name, sex, birthday, phone, ID_number, email, parent_phone, adress, major, state from student_basic where id = ? 
2019-09-23 04:17:18,366 DEBUG (BaseJdbcLogger.java:143)- ====> Parameters: 24561(String)
2019-09-23 04:17:18,367 DEBUG (BaseJdbcLogger.java:143)- <====      Total: 1
2019-09-23 04:17:18,367 DEBUG (BaseJdbcLogger.java:143)- ====>  Preparing: select id, name, sex, birthday, phone, ID_number, email, parent_phone, adress, major, state from student_basic where id = ? 
2019-09-23 04:17:18,368 DEBUG (BaseJdbcLogger.java:143)- ====> Parameters: 24562(String)
2019-09-23 04:17:18,368 DEBUG (BaseJdbcLogger.java:143)- <====      Total: 1
2019-09-23 04:17:18,369 DEBUG (BaseJdbcLogger.java:143)- ====>  Preparing: select id, name, sex, birthday, phone, ID_number, email, parent_phone, adress, major, state from student_basic where id = ? 
2019-09-23 04:17:18,369 DEBUG (BaseJdbcLogger.java:143)- ====> Parameters: 24564(String)
2019-09-23 04:17:18,370 DEBUG (BaseJdbcLogger.java:143)- <====      Total: 1
2019-09-23 04:17:18,370 DEBUG (BaseJdbcLogger.java:143)- ====>  Preparing: select id, name, sex, birthday, phone, ID_number, email, parent_phone, adress, major, state from student_basic where id = ? 
2019-09-23 04:17:18,370 DEBUG (BaseJdbcLogger.java:143)- ====> Parameters: 24565(String)
2019-09-23 04:17:18,371 DEBUG (BaseJdbcLogger.java:143)- <====      Total: 1
2019-09-23 04:17:18,371 DEBUG (BaseJdbcLogger.java:143)- ====>  Preparing: select id, name, sex, birthday, phone, ID_number, email, parent_phone, adress, major, state from student_basic where id = ? 
2019-09-23 04:17:18,372 DEBUG (BaseJdbcLogger.java:143)- ====> Parameters: 24566(String)
2019-09-23 04:17:18,373 DEBUG (BaseJdbcLogger.java:143)- <====      Total: 1
2019-09-23 04:17:18,373 DEBUG (BaseJdbcLogger.java:143)- ====>  Preparing: select id, name, sex, birthday, phone, ID_number, email, parent_phone, adress, major, state from student_basic where id = ? 
2019-09-23 04:17:18,374 DEBUG (BaseJdbcLogger.java:143)- ====> Parameters: 24567(String)
2019-09-23 04:17:18,375 DEBUG (BaseJdbcLogger.java:143)- <====      Total: 1
2019-09-23 04:17:18,375 DEBUG (BaseJdbcLogger.java:143)- ====>  Preparing: select id, name, sex, birthday, phone, ID_number, email, parent_phone, adress, major, state from student_basic where id = ? 
2019-09-23 04:17:18,375 DEBUG (BaseJdbcLogger.java:143)- ====> Parameters: 24568(String)
2019-09-23 04:17:18,376 DEBUG (BaseJdbcLogger.java:143)- <====      Total: 1
2019-09-23 04:17:18,376 DEBUG (BaseJdbcLogger.java:143)- ====>  Preparing: select id, name, sex, birthday, phone, ID_number, email, parent_phone, adress, major, state from student_basic where id = ? 
2019-09-23 04:17:18,377 DEBUG (BaseJdbcLogger.java:143)- ====> Parameters: 24569(String)
2019-09-23 04:17:18,377 DEBUG (BaseJdbcLogger.java:143)- <====      Total: 1
2019-09-23 04:17:18,378 DEBUG (BaseJdbcLogger.java:143)- ====>  Preparing: select id, name, sex, birthday, phone, ID_number, email, parent_phone, adress, major, state from student_basic where id = ? 
2019-09-23 04:17:18,378 DEBUG (BaseJdbcLogger.java:143)- ====> Parameters: 24573(String)
2019-09-23 04:17:18,379 DEBUG (BaseJdbcLogger.java:143)- <====      Total: 1
2019-09-23 04:17:18,379 DEBUG (BaseJdbcLogger.java:143)- ====>  Preparing: select id, name, sex, birthday, phone, ID_number, email, parent_phone, adress, major, state from student_basic where id = ? 
2019-09-23 04:17:18,379 DEBUG (BaseJdbcLogger.java:143)- ====> Parameters: 24579(String)
2019-09-23 04:17:18,380 DEBUG (BaseJdbcLogger.java:143)- <====      Total: 1
2019-09-23 04:17:18,381 DEBUG (BaseJdbcLogger.java:143)- ====>  Preparing: select id, name, sex, birthday, phone, ID_number, email, parent_phone, adress, major, state from student_basic where id = ? 
2019-09-23 04:17:18,381 DEBUG (BaseJdbcLogger.java:143)- ====> Parameters: 24580(String)
2019-09-23 04:17:18,381 DEBUG (BaseJdbcLogger.java:143)- <====      Total: 1
2019-09-23 04:17:18,382 DEBUG (BaseJdbcLogger.java:143)- ====>  Preparing: select id, name, sex, birthday, phone, ID_number, email, parent_phone, adress, major, state from student_basic where id = ? 
2019-09-23 04:17:18,382 DEBUG (BaseJdbcLogger.java:143)- ====> Parameters: 24583(String)
2019-09-23 04:17:18,383 DEBUG (BaseJdbcLogger.java:143)- <====      Total: 1
2019-09-23 04:17:18,383 DEBUG (BaseJdbcLogger.java:143)- ====>  Preparing: select id, name, sex, birthday, phone, ID_number, email, parent_phone, adress, major, state from student_basic where id = ? 
2019-09-23 04:17:18,383 DEBUG (BaseJdbcLogger.java:143)- ====> Parameters: 24586(String)
2019-09-23 04:17:18,384 DEBUG (BaseJdbcLogger.java:143)- <====      Total: 1
2019-09-23 04:17:18,384 DEBUG (BaseJdbcLogger.java:143)- ====>  Preparing: select id, name, sex, birthday, phone, ID_number, email, parent_phone, adress, major, state from student_basic where id = ? 
2019-09-23 04:17:18,385 DEBUG (BaseJdbcLogger.java:143)- ====> Parameters: 24589(String)
2019-09-23 04:17:18,385 DEBUG (BaseJdbcLogger.java:143)- <====      Total: 1
2019-09-23 04:17:18,385 DEBUG (BaseJdbcLogger.java:143)- ====>  Preparing: select id, name, sex, birthday, phone, ID_number, email, parent_phone, adress, major, state from student_basic where id = ? 
2019-09-23 04:17:18,386 DEBUG (BaseJdbcLogger.java:143)- ====> Parameters: 24590(String)
2019-09-23 04:17:18,386 DEBUG (BaseJdbcLogger.java:143)- <====      Total: 1
2019-09-23 04:17:18,387 DEBUG (BaseJdbcLogger.java:143)- ====>  Preparing: select id, name, sex, birthday, phone, ID_number, email, parent_phone, adress, major, state from student_basic where id = ? 
2019-09-23 04:17:18,387 DEBUG (BaseJdbcLogger.java:143)- ====> Parameters: 24592(String)
2019-09-23 04:17:18,387 DEBUG (BaseJdbcLogger.java:143)- <====      Total: 1
2019-09-23 04:17:18,388 DEBUG (BaseJdbcLogger.java:143)- ====>  Preparing: select id, name, sex, birthday, phone, ID_number, email, parent_phone, adress, major, state from student_basic where id = ? 
2019-09-23 04:17:18,388 DEBUG (BaseJdbcLogger.java:143)- ====> Parameters: 24593(String)
2019-09-23 04:17:18,389 DEBUG (BaseJdbcLogger.java:143)- <====      Total: 1
2019-09-23 04:17:18,389 DEBUG (BaseJdbcLogger.java:143)- ====>  Preparing: select id, name, sex, birthday, phone, ID_number, email, parent_phone, adress, major, state from student_basic where id = ? 
2019-09-23 04:17:18,390 DEBUG (BaseJdbcLogger.java:143)- ====> Parameters: 24595(String)
2019-09-23 04:17:18,390 DEBUG (BaseJdbcLogger.java:143)- <====      Total: 1
2019-09-23 04:17:18,390 DEBUG (BaseJdbcLogger.java:143)- ====>  Preparing: select id, name, sex, birthday, phone, ID_number, email, parent_phone, adress, major, state from student_basic where id = ? 
2019-09-23 04:17:18,391 DEBUG (BaseJdbcLogger.java:143)- ====> Parameters: 24597(String)
2019-09-23 04:17:18,391 DEBUG (BaseJdbcLogger.java:143)- <====      Total: 1
2019-09-23 04:17:18,392 DEBUG (BaseJdbcLogger.java:143)- ====>  Preparing: select id, name, sex, birthday, phone, ID_number, email, parent_phone, adress, major, state from student_basic where id = ? 
2019-09-23 04:17:18,392 DEBUG (BaseJdbcLogger.java:143)- ====> Parameters: 24600(String)
2019-09-23 04:17:18,392 DEBUG (BaseJdbcLogger.java:143)- <====      Total: 1
2019-09-23 04:17:18,393 DEBUG (BaseJdbcLogger.java:143)- ====>  Preparing: select id, name, sex, birthday, phone, ID_number, email, parent_phone, adress, major, state from student_basic where id = ? 
2019-09-23 04:17:18,394 DEBUG (BaseJdbcLogger.java:143)- ====> Parameters: 24601(String)
2019-09-23 04:17:18,395 DEBUG (BaseJdbcLogger.java:143)- <====      Total: 1
2019-09-23 04:17:18,396 DEBUG (BaseJdbcLogger.java:143)- ====>  Preparing: select id, name, sex, birthday, phone, ID_number, email, parent_phone, adress, major, state from student_basic where id = ? 
2019-09-23 04:17:18,396 DEBUG (BaseJdbcLogger.java:143)- ====> Parameters: 24606(String)
2019-09-23 04:17:18,397 DEBUG (BaseJdbcLogger.java:143)- <====      Total: 1
2019-09-23 04:17:18,397 DEBUG (BaseJdbcLogger.java:143)- <==      Total: 96
2019-09-23 04:17:18,397 DEBUG (BaseJdbcLogger.java:143)- ==>  Preparing: select student_status.id, student_status.basic_id, student_status.student_id, student_status.class_id from student_status,student_basic where student_status.basic_id=student_basic.id and student_basic.sex=? and student_basic.major=? and student_status.class_id='0' 
2019-09-23 04:17:18,397 DEBUG (BaseJdbcLogger.java:143)- ==> Parameters: 女(String), 环境设计(String)
2019-09-23 04:17:18,399 DEBUG (BaseJdbcLogger.java:143)- ====>  Preparing: select id, name, sex, birthday, phone, ID_number, email, parent_phone, adress, major, state from student_basic where id = ? 
2019-09-23 04:17:18,400 DEBUG (BaseJdbcLogger.java:143)- ====> Parameters: 24434(String)
2019-09-23 04:17:18,400 DEBUG (BaseJdbcLogger.java:143)- <====      Total: 1
2019-09-23 04:17:18,401 DEBUG (BaseJdbcLogger.java:143)- ====>  Preparing: select id, class_id, name, director, grade, major_id from class WHERE class_id = ? 
2019-09-23 04:17:18,401 DEBUG (BaseJdbcLogger.java:143)- ====> Parameters: 0(String)
2019-09-23 04:17:18,401 DEBUG (BaseJdbcLogger.java:143)- <====      Total: 0
2019-09-23 04:17:18,402 DEBUG (BaseJdbcLogger.java:143)- ====>  Preparing: select id, name, sex, birthday, phone, ID_number, email, parent_phone, adress, major, state from student_basic where id = ? 
2019-09-23 04:17:18,402 DEBUG (BaseJdbcLogger.java:143)- ====> Parameters: 24435(String)
2019-09-23 04:17:18,402 DEBUG (BaseJdbcLogger.java:143)- <====      Total: 1
2019-09-23 04:17:18,403 DEBUG (BaseJdbcLogger.java:143)- ====>  Preparing: select id, name, sex, birthday, phone, ID_number, email, parent_phone, adress, major, state from student_basic where id = ? 
2019-09-23 04:17:18,403 DEBUG (BaseJdbcLogger.java:143)- ====> Parameters: 24438(String)
2019-09-23 04:17:18,405 DEBUG (BaseJdbcLogger.java:143)- <====      Total: 1
2019-09-23 04:17:18,405 DEBUG (BaseJdbcLogger.java:143)- ====>  Preparing: select id, name, sex, birthday, phone, ID_number, email, parent_phone, adress, major, state from student_basic where id = ? 
2019-09-23 04:17:18,406 DEBUG (BaseJdbcLogger.java:143)- ====> Parameters: 24439(String)
2019-09-23 04:17:18,406 DEBUG (BaseJdbcLogger.java:143)- <====      Total: 1
2019-09-23 04:17:18,407 DEBUG (BaseJdbcLogger.java:143)- ====>  Preparing: select id, name, sex, birthday, phone, ID_number, email, parent_phone, adress, major, state from student_basic where id = ? 
2019-09-23 04:17:18,407 DEBUG (BaseJdbcLogger.java:143)- ====> Parameters: 24440(String)
2019-09-23 04:17:18,408 DEBUG (BaseJdbcLogger.java:143)- <====      Total: 1
2019-09-23 04:17:18,409 DEBUG (BaseJdbcLogger.java:143)- ====>  Preparing: select id, name, sex, birthday, phone, ID_number, email, parent_phone, adress, major, state from student_basic where id = ? 
2019-09-23 04:17:18,409 DEBUG (BaseJdbcLogger.java:143)- ====> Parameters: 24444(String)
2019-09-23 04:17:18,409 DEBUG (BaseJdbcLogger.java:143)- <====      Total: 1
2019-09-23 04:17:18,410 DEBUG (BaseJdbcLogger.java:143)- ====>  Preparing: select id, name, sex, birthday, phone, ID_number, email, parent_phone, adress, major, state from student_basic where id = ? 
2019-09-23 04:17:18,410 DEBUG (BaseJdbcLogger.java:143)- ====> Parameters: 24446(String)
2019-09-23 04:17:18,411 DEBUG (BaseJdbcLogger.java:143)- <====      Total: 1
2019-09-23 04:17:18,411 DEBUG (BaseJdbcLogger.java:143)- ====>  Preparing: select id, name, sex, birthday, phone, ID_number, email, parent_phone, adress, major, state from student_basic where id = ? 
2019-09-23 04:17:18,412 DEBUG (BaseJdbcLogger.java:143)- ====> Parameters: 24447(String)
2019-09-23 04:17:18,412 DEBUG (BaseJdbcLogger.java:143)- <====      Total: 1
2019-09-23 04:17:18,413 DEBUG (BaseJdbcLogger.java:143)- ====>  Preparing: select id, name, sex, birthday, phone, ID_number, email, parent_phone, adress, major, state from student_basic where id = ? 
2019-09-23 04:17:18,413 DEBUG (BaseJdbcLogger.java:143)- ====> Parameters: 24448(String)
2019-09-23 04:17:18,414 DEBUG (BaseJdbcLogger.java:143)- <====      Total: 1
2019-09-23 04:17:18,414 DEBUG (BaseJdbcLogger.java:143)- ====>  Preparing: select id, name, sex, birthday, phone, ID_number, email, parent_phone, adress, major, state from student_basic where id = ? 
2019-09-23 04:17:18,414 DEBUG (BaseJdbcLogger.java:143)- ====> Parameters: 24453(String)
2019-09-23 04:17:18,415 DEBUG (BaseJdbcLogger.java:143)- <====      Total: 1
2019-09-23 04:17:18,415 DEBUG (BaseJdbcLogger.java:143)- ====>  Preparing: select id, name, sex, birthday, phone, ID_number, email, parent_phone, adress, major, state from student_basic where id = ? 
2019-09-23 04:17:18,415 DEBUG (BaseJdbcLogger.java:143)- ====> Parameters: 24455(String)
2019-09-23 04:17:18,416 DEBUG (BaseJdbcLogger.java:143)- <====      Total: 1
2019-09-23 04:17:18,416 DEBUG (BaseJdbcLogger.java:143)- ====>  Preparing: select id, name, sex, birthday, phone, ID_number, email, parent_phone, adress, major, state from student_basic where id = ? 
2019-09-23 04:17:18,416 DEBUG (BaseJdbcLogger.java:143)- ====> Parameters: 24469(String)
2019-09-23 04:17:18,417 DEBUG (BaseJdbcLogger.java:143)- <====      Total: 1
2019-09-23 04:17:18,418 DEBUG (BaseJdbcLogger.java:143)- ====>  Preparing: select id, name, sex, birthday, phone, ID_number, email, parent_phone, adress, major, state from student_basic where id = ? 
2019-09-23 04:17:18,418 DEBUG (BaseJdbcLogger.java:143)- ====> Parameters: 24470(String)
