2019-08-22 18:34:06,644 DEBUG (BaseJdbcLogger.java:143)- <====      Total: 1
2019-08-22 18:34:06,646 DEBUG (BaseJdbcLogger.java:143)- ====>  Preparing: select id, name, sex, birthday, phone, ID_number, email, parent_phone, adress, major, state from student_basic where id = ? 
2019-08-22 18:34:06,647 DEBUG (BaseJdbcLogger.java:143)- ====> Parameters: 12099(String)
2019-08-22 18:34:06,648 DEBUG (BaseJdbcLogger.java:143)- <====      Total: 1
2019-08-22 18:34:06,648 DEBUG (BaseJdbcLogger.java:143)- ====>  Preparing: select id, name, sex, birthday, phone, ID_number, email, parent_phone, adress, major, state from student_basic where id = ? 
2019-08-22 18:34:06,649 DEBUG (BaseJdbcLogger.java:143)- ====> Parameters: 12100(String)
2019-08-22 18:34:06,650 DEBUG (BaseJdbcLogger.java:143)- <====      Total: 1
2019-08-22 18:34:06,650 DEBUG (BaseJdbcLogger.java:143)- ====>  Preparing: select id, name, sex, birthday, phone, ID_number, email, parent_phone, adress, major, state from student_basic where id = ? 
2019-08-22 18:34:06,650 DEBUG (BaseJdbcLogger.java:143)- ====> Parameters: 12101(String)
2019-08-22 18:34:06,651 DEBUG (BaseJdbcLogger.java:143)- <====      Total: 1
2019-08-22 18:34:06,652 DEBUG (BaseJdbcLogger.java:143)- ====>  Preparing: select id, name, sex, birthday, phone, ID_number, email, parent_phone, adress, major, state from student_basic where id = ? 
2019-08-22 18:34:06,652 DEBUG (BaseJdbcLogger.java:143)- ====> Parameters: 12102(String)
2019-08-22 18:34:06,653 DEBUG (BaseJdbcLogger.java:143)- <====      Total: 1
2019-08-22 18:34:06,654 DEBUG (BaseJdbcLogger.java:143)- ====>  Preparing: select id, name, sex, birthday, phone, ID_number, email, parent_phone, adress, major, state from student_basic where id = ? 
2019-08-22 18:34:06,654 DEBUG (BaseJdbcLogger.java:143)- ====> Parameters: 12104(String)
2019-08-22 18:34:06,655 DEBUG (BaseJdbcLogger.java:143)- <====      Total: 1
2019-08-22 18:34:06,655 DEBUG (BaseJdbcLogger.java:143)- ====>  Preparing: select id, name, sex, birthday, phone, ID_number, email, parent_phone, adress, major, state from student_basic where id = ? 
2019-08-22 18:34:06,655 DEBUG (BaseJdbcLogger.java:143)- ====> Parameters: 12105(String)
2019-08-22 18:34:06,656 DEBUG (BaseJdbcLogger.java:143)- <====      Total: 1
2019-08-22 18:34:06,656 DEBUG (BaseJdbcLogger.java:143)- ====>  Preparing: select id, name, sex, birthday, phone, ID_number, email, parent_phone, adress, major, state from student_basic where id = ? 
2019-08-22 18:34:06,657 DEBUG (BaseJdbcLogger.java:143)- ====> Parameters: 12108(String)
2019-08-22 18:34:06,657 DEBUG (BaseJdbcLogger.java:143)- <====      Total: 1
2019-08-22 18:34:06,658 DEBUG (BaseJdbcLogger.java:143)- ====>  Preparing: select id, name, sex, birthday, phone, ID_number, email, parent_phone, adress, major, state from student_basic where id = ? 
2019-08-22 18:34:06,658 DEBUG (BaseJdbcLogger.java:143)- ====> Parameters: 12111(String)
2019-08-22 18:34:06,658 DEBUG (BaseJdbcLogger.java:143)- <====      Total: 1
2019-08-22 18:34:06,659 DEBUG (BaseJdbcLogger.java:143)- ====>  Preparing: select id, name, sex, birthday, phone, ID_number, email, parent_phone, adress, major, state from student_basic where id = ? 
2019-08-22 18:34:06,659 DEBUG (BaseJdbcLogger.java:143)- ====> Parameters: 12112(String)
2019-08-22 18:34:06,659 DEBUG (BaseJdbcLogger.java:143)- <====      Total: 1
2019-08-22 18:34:06,660 DEBUG (BaseJdbcLogger.java:143)- <==      Total: 29
2019-08-22 18:34:06,660 DEBUG (BaseJdbcLogger.java:143)- ==>  Preparing: select student_status.id,student_status.basic_id, student_status.student_id, student_status.class_id from student_status,student_basic where student_status.basic_id=student_basic.id and student_basic.sex=? and student_status.class_id=? 
2019-08-22 18:34:06,660 DEBUG (BaseJdbcLogger.java:143)- ==> Parameters: 女(String), 080901201902(String)
2019-08-22 18:34:06,661 DEBUG (BaseJdbcLogger.java:143)- ====>  Preparing: select id, name, sex, birthday, phone, ID_number, email, parent_phone, adress, major, state from student_basic where id = ? 
2019-08-22 18:34:06,662 DEBUG (BaseJdbcLogger.java:143)- ====> Parameters: 12050(String)
2019-08-22 18:34:06,662 DEBUG (BaseJdbcLogger.java:143)- <====      Total: 1
2019-08-22 18:34:06,663 DEBUG (BaseJdbcLogger.java:143)- ====>  Preparing: select id, class_id, name, director, grade, major_id from class where class_id = ? 
2019-08-22 18:34:06,663 DEBUG (BaseJdbcLogger.java:143)- ====> Parameters: 080901201902(String)
2019-08-22 18:34:06,664 DEBUG (BaseJdbcLogger.java:143)- ======>  Preparing: select id, major_id, name, price, department_id from major where major_id = ? 
2019-08-22 18:34:06,664 DEBUG (BaseJdbcLogger.java:143)- ======> Parameters: 080901(String)
2019-08-22 18:34:06,664 DEBUG (BaseJdbcLogger.java:143)- <======      Total: 1
2019-08-22 18:34:06,665 DEBUG (BaseJdbcLogger.java:143)- <====      Total: 1
2019-08-22 18:34:06,666 DEBUG (BaseJdbcLogger.java:143)- ====>  Preparing: select id, name, sex, birthday, phone, ID_number, email, parent_phone, adress, major, state from student_basic where id = ? 
2019-08-22 18:34:06,666 DEBUG (BaseJdbcLogger.java:143)- ====> Parameters: 12052(String)
2019-08-22 18:34:06,667 DEBUG (BaseJdbcLogger.java:143)- <====      Total: 1
2019-08-22 18:34:06,667 DEBUG (BaseJdbcLogger.java:143)- ====>  Preparing: select id, name, sex, birthday, phone, ID_number, email, parent_phone, adress, major, state from student_basic where id = ? 
2019-08-22 18:34:06,667 DEBUG (BaseJdbcLogger.java:143)- ====> Parameters: 12054(String)
2019-08-22 18:34:06,668 DEBUG (BaseJdbcLogger.java:143)- <====      Total: 1
2019-08-22 18:34:06,669 DEBUG (BaseJdbcLogger.java:143)- ====>  Preparing: select id, name, sex, birthday, phone, ID_number, email, parent_phone, adress, major, state from student_basic where id = ? 
2019-08-22 18:34:06,669 DEBUG (BaseJdbcLogger.java:143)- ====> Parameters: 12057(String)
2019-08-22 18:34:06,671 DEBUG (BaseJdbcLogger.java:143)- <====      Total: 1
2019-08-22 18:34:06,671 DEBUG (BaseJdbcLogger.java:143)- ====>  Preparing: select id, name, sex, birthday, phone, ID_number, email, parent_phone, adress, major, state from student_basic where id = ? 
2019-08-22 18:34:06,671 DEBUG (BaseJdbcLogger.java:143)- ====> Parameters: 12061(String)
2019-08-22 18:34:06,672 DEBUG (BaseJdbcLogger.java:143)- <====      Total: 1
2019-08-22 18:34:06,673 DEBUG (BaseJdbcLogger.java:143)- ====>  Preparing: select id, name, sex, birthday, phone, ID_number, email, parent_phone, adress, major, state from student_basic where id = ? 
2019-08-22 18:34:06,673 DEBUG (BaseJdbcLogger.java:143)- ====> Parameters: 12063(String)
2019-08-22 18:34:06,673 DEBUG (BaseJdbcLogger.java:143)- <====      Total: 1
2019-08-22 18:34:06,674 DEBUG (BaseJdbcLogger.java:143)- ====>  Preparing: select id, name, sex, birthday, phone, ID_number, email, parent_phone, adress, major, state from student_basic where id = ? 
2019-08-22 18:34:06,674 DEBUG (BaseJdbcLogger.java:143)- ====> Parameters: 12064(String)
2019-08-22 18:34:06,675 DEBUG (BaseJdbcLogger.java:143)- <====      Total: 1
2019-08-22 18:34:06,675 DEBUG (BaseJdbcLogger.java:143)- ====>  Preparing: select id, name, sex, birthday, phone, ID_number, email, parent_phone, adress, major, state from student_basic where id = ? 
2019-08-22 18:34:06,675 DEBUG (BaseJdbcLogger.java:143)- ====> Parameters: 12066(String)
2019-08-22 18:34:06,676 DEBUG (BaseJdbcLogger.java:143)- <====      Total: 1
2019-08-22 18:34:06,676 DEBUG (BaseJdbcLogger.java:143)- ====>  Preparing: select id, name, sex, birthday, phone, ID_number, email, parent_phone, adress, major, state from student_basic where id = ? 
2019-08-22 18:34:06,677 DEBUG (BaseJdbcLogger.java:143)- ====> Parameters: 12068(String)
2019-08-22 18:34:06,678 DEBUG (BaseJdbcLogger.java:143)- <====      Total: 1
2019-08-22 18:34:06,678 DEBUG (BaseJdbcLogger.java:143)- ====>  Preparing: select id, name, sex, birthday, phone, ID_number, email, parent_phone, adress, major, state from student_basic where id = ? 
2019-08-22 18:34:06,678 DEBUG (BaseJdbcLogger.java:143)- ====> Parameters: 12069(String)
2019-08-22 18:34:06,679 DEBUG (BaseJdbcLogger.java:143)- <====      Total: 1
2019-08-22 18:34:06,679 DEBUG (BaseJdbcLogger.java:143)- ====>  Preparing: select id, name, sex, birthday, phone, ID_number, email, parent_phone, adress, major, state from student_basic where id = ? 
2019-08-22 18:34:06,679 DEBUG (BaseJdbcLogger.java:143)- ====> Parameters: 12070(String)
2019-08-22 18:34:06,680 DEBUG (BaseJdbcLogger.java:143)- <====      Total: 1
2019-08-22 18:34:06,680 DEBUG (BaseJdbcLogger.java:143)- ====>  Preparing: select id, name, sex, birthday, phone, ID_number, email, parent_phone, adress, major, state from student_basic where id = ? 
2019-08-22 18:34:06,680 DEBUG (BaseJdbcLogger.java:143)- ====> Parameters: 12075(String)
2019-08-22 18:34:06,681 DEBUG (BaseJdbcLogger.java:143)- <====      Total: 1
2019-08-22 18:34:06,681 DEBUG (BaseJdbcLogger.java:143)- ====>  Preparing: select id, name, sex, birthday, phone, ID_number, email, parent_phone, adress, major, state from student_basic where id = ? 
2019-08-22 18:34:06,681 DEBUG (BaseJdbcLogger.java:143)- ====> Parameters: 12076(String)
2019-08-22 18:34:06,682 DEBUG (BaseJdbcLogger.java:143)- <====      Total: 1
2019-08-22 18:34:06,682 DEBUG (BaseJdbcLogger.java:143)- ====>  Preparing: select id, name, sex, birthday, phone, ID_number, email, parent_phone, adress, major, state from student_basic where id = ? 
2019-08-22 18:34:06,683 DEBUG (BaseJdbcLogger.java:143)- ====> Parameters: 12078(String)
2019-08-22 18:34:06,683 DEBUG (BaseJdbcLogger.java:143)- <====      Total: 1
2019-08-22 18:34:06,683 DEBUG (BaseJdbcLogger.java:143)- ====>  Preparing: select id, name, sex, birthday, phone, ID_number, email, parent_phone, adress, major, state from student_basic where id = ? 
2019-08-22 18:34:06,684 DEBUG (BaseJdbcLogger.java:143)- ====> Parameters: 12079(String)
2019-08-22 18:34:06,685 DEBUG (BaseJdbcLogger.java:143)- <====      Total: 1
2019-08-22 18:34:06,685 DEBUG (BaseJdbcLogger.java:143)- ====>  Preparing: select id, name, sex, birthday, phone, ID_number, email, parent_phone, adress, major, state from student_basic where id = ? 
2019-08-22 18:34:06,687 DEBUG (BaseJdbcLogger.java:143)- ====> Parameters: 12080(String)
2019-08-22 18:34:06,687 DEBUG (BaseJdbcLogger.java:143)- <====      Total: 1
2019-08-22 18:34:06,687 DEBUG (BaseJdbcLogger.java:143)- ====>  Preparing: select id, name, sex, birthday, phone, ID_number, email, parent_phone, adress, major, state from student_basic where id = ? 
2019-08-22 18:34:06,688 DEBUG (BaseJdbcLogger.java:143)- ====> Parameters: 12082(String)
2019-08-22 18:34:06,689 DEBUG (BaseJdbcLogger.java:143)- <====      Total: 1
2019-08-22 18:34:06,689 DEBUG (BaseJdbcLogger.java:143)- ====>  Preparing: select id, name, sex, birthday, phone, ID_number, email, parent_phone, adress, major, state from student_basic where id = ? 
2019-08-22 18:34:06,689 DEBUG (BaseJdbcLogger.java:143)- ====> Parameters: 12083(String)
2019-08-22 18:34:06,690 DEBUG (BaseJdbcLogger.java:143)- <====      Total: 1
2019-08-22 18:34:06,691 DEBUG (BaseJdbcLogger.java:143)- ====>  Preparing: select id, name, sex, birthday, phone, ID_number, email, parent_phone, adress, major, state from student_basic where id = ? 
2019-08-22 18:34:06,691 DEBUG (BaseJdbcLogger.java:143)- ====> Parameters: 12085(String)
2019-08-22 18:34:06,692 DEBUG (BaseJdbcLogger.java:143)- <====      Total: 1
2019-08-22 18:34:06,693 DEBUG (BaseJdbcLogger.java:143)- ====>  Preparing: select id, name, sex, birthday, phone, ID_number, email, parent_phone, adress, major, state from student_basic where id = ? 
2019-08-22 18:34:06,693 DEBUG (BaseJdbcLogger.java:143)- ====> Parameters: 12087(String)
2019-08-22 18:34:06,694 DEBUG (BaseJdbcLogger.java:143)- <====      Total: 1
2019-08-22 18:34:06,695 DEBUG (BaseJdbcLogger.java:143)- ====>  Preparing: select id, name, sex, birthday, phone, ID_number, email, parent_phone, adress, major, state from student_basic where id = ? 
2019-08-22 18:34:06,695 DEBUG (BaseJdbcLogger.java:143)- ====> Parameters: 12088(String)
2019-08-22 18:34:06,696 DEBUG (BaseJdbcLogger.java:143)- <====      Total: 1
2019-08-22 18:34:06,697 DEBUG (BaseJdbcLogger.java:143)- ====>  Preparing: select id, name, sex, birthday, phone, ID_number, email, parent_phone, adress, major, state from student_basic where id = ? 
2019-08-22 18:34:06,697 DEBUG (BaseJdbcLogger.java:143)- ====> Parameters: 12091(String)
2019-08-22 18:34:06,699 DEBUG (BaseJdbcLogger.java:143)- <====      Total: 1
2019-08-22 18:34:06,699 DEBUG (BaseJdbcLogger.java:143)- ====>  Preparing: select id, name, sex, birthday, phone, ID_number, email, parent_phone, adress, major, state from student_basic where id = ? 
2019-08-22 18:34:06,700 DEBUG (BaseJdbcLogger.java:143)- ====> Parameters: 12092(String)
2019-08-22 18:34:06,701 DEBUG (BaseJdbcLogger.java:143)- <====      Total: 1
2019-08-22 18:34:06,702 DEBUG (BaseJdbcLogger.java:143)- <==      Total: 23
2019-08-22 18:34:06,703 DEBUG (BaseJdbcLogger.java:143)- ==>  Preparing: select dormitory_allocation.id, dormitory_allocation.class_id, dormitory_allocation.dormitory_id,dormitory_allocation.number from dormitory_allocation,dormitory WHERE dormitory_allocation.dormitory_id=dormitory.id and dormitory.sex=? and class_id = ? 
2019-08-22 18:34:06,704 DEBUG (BaseJdbcLogger.java:143)- ==> Parameters: 男(String), 080901201902(String)
2019-08-22 18:34:06,705 DEBUG (BaseJdbcLogger.java:143)- ====>  Preparing: select id, dong, floor, room, sex, number, rent from dormitory where id = ? 
2019-08-22 18:34:06,706 DEBUG (BaseJdbcLogger.java:143)- ====> Parameters: 74(Integer)
2019-08-22 18:34:06,708 DEBUG (BaseJdbcLogger.java:143)- <====      Total: 1
2019-08-22 18:34:06,709 DEBUG (BaseJdbcLogger.java:143)- ====>  Preparing: select id, dong, floor, room, sex, number, rent from dormitory where id = ? 
2019-08-22 18:34:06,710 DEBUG (BaseJdbcLogger.java:143)- ====> Parameters: 75(Integer)
2019-08-22 18:34:06,712 DEBUG (BaseJdbcLogger.java:143)- <====      Total: 1
2019-08-22 18:34:06,713 DEBUG (BaseJdbcLogger.java:143)- ====>  Preparing: select id, dong, floor, room, sex, number, rent from dormitory where id = ? 
2019-08-22 18:34:06,714 DEBUG (BaseJdbcLogger.java:143)- ====> Parameters: 76(Integer)
2019-08-22 18:34:06,716 DEBUG (BaseJdbcLogger.java:143)- <====      Total: 1
2019-08-22 18:34:06,718 DEBUG (BaseJdbcLogger.java:143)- ====>  Preparing: select id, dong, floor, room, sex, number, rent from dormitory where id = ? 
2019-08-22 18:34:06,718 DEBUG (BaseJdbcLogger.java:143)- ====> Parameters: 77(Integer)
2019-08-22 18:34:06,720 DEBUG (BaseJdbcLogger.java:143)- <====      Total: 1
2019-08-22 18:34:06,721 DEBUG (BaseJdbcLogger.java:143)- ====>  Preparing: select id, dong, floor, room, sex, number, rent from dormitory where id = ? 
2019-08-22 18:34:06,722 DEBUG (BaseJdbcLogger.java:143)- ====> Parameters: 78(Integer)
2019-08-22 18:34:06,723 DEBUG (BaseJdbcLogger.java:143)- <====      Total: 1
2019-08-22 18:34:06,724 DEBUG (BaseJdbcLogger.java:143)- ====>  Preparing: select id, dong, floor, room, sex, number, rent from dormitory where id = ? 
2019-08-22 18:34:06,725 DEBUG (BaseJdbcLogger.java:143)- ====> Parameters: 79(Integer)
2019-08-22 18:34:06,726 DEBUG (BaseJdbcLogger.java:143)- <====      Total: 1
2019-08-22 18:34:06,727 DEBUG (BaseJdbcLogger.java:143)- <==      Total: 6
2019-08-22 18:34:06,729 DEBUG (BaseJdbcLogger.java:143)- ==>  Preparing: select dormitory_allocation.id, dormitory_allocation.class_id, dormitory_allocation.dormitory_id,dormitory_allocation.number from dormitory_allocation,dormitory WHERE dormitory_allocation.dormitory_id=dormitory.id and dormitory.sex=? and class_id = ? 
2019-08-22 18:34:06,729 DEBUG (BaseJdbcLogger.java:143)- ==> Parameters: 女(String), 080901201902(String)
2019-08-22 18:34:06,734 DEBUG (BaseJdbcLogger.java:143)- ====>  Preparing: select id, dong, floor, room, sex, number, rent from dormitory where id = ? 
2019-08-22 18:34:06,735 DEBUG (BaseJdbcLogger.java:143)- ====> Parameters: 514(Integer)
2019-08-22 18:34:06,737 DEBUG (BaseJdbcLogger.java:143)- <====      Total: 1
2019-08-22 18:34:06,738 DEBUG (BaseJdbcLogger.java:143)- ====>  Preparing: select id, dong, floor, room, sex, number, rent from dormitory where id = ? 
2019-08-22 18:34:06,739 DEBUG (BaseJdbcLogger.java:143)- ====> Parameters: 515(Integer)
2019-08-22 18:34:06,740 DEBUG (BaseJdbcLogger.java:143)- <====      Total: 1
2019-08-22 18:34:06,740 DEBUG (BaseJdbcLogger.java:143)- ====>  Preparing: select id, dong, floor, room, sex, number, rent from dormitory where id = ? 
2019-08-22 18:34:06,741 DEBUG (BaseJdbcLogger.java:143)- ====> Parameters: 516(Integer)
2019-08-22 18:34:06,742 DEBUG (BaseJdbcLogger.java:143)- <====      Total: 1
2019-08-22 18:34:06,742 DEBUG (BaseJdbcLogger.java:143)- ====>  Preparing: select id, dong, floor, room, sex, number, rent from dormitory where id = ? 
2019-08-22 18:34:06,742 DEBUG (BaseJdbcLogger.java:143)- ====> Parameters: 517(Integer)
2019-08-22 18:34:06,743 DEBUG (BaseJdbcLogger.java:143)- <====      Total: 1
2019-08-22 18:34:06,744 DEBUG (BaseJdbcLogger.java:143)- ====>  Preparing: select id, dong, floor, room, sex, number, rent from dormitory where id = ? 
2019-08-22 18:34:06,744 DEBUG (BaseJdbcLogger.java:143)- ====> Parameters: 518(Integer)
2019-08-22 18:34:06,745 DEBUG (BaseJdbcLogger.java:143)- <====      Total: 1
2019-08-22 18:34:06,745 DEBUG (BaseJdbcLogger.java:143)- <==      Total: 5
2019-08-22 18:34:06,745 DEBUG (BaseJdbcLogger.java:143)- ==>  Preparing: select student_status.id,student_status.basic_id, student_status.student_id, student_status.class_id from student_status,student_basic where student_status.basic_id=student_basic.id and student_basic.sex=? and student_status.class_id=? 
2019-08-22 18:34:06,746 DEBUG (BaseJdbcLogger.java:143)- ==> Parameters: 男(String), 080901201903(String)
2019-08-22 18:34:06,747 DEBUG (BaseJdbcLogger.java:143)- ====>  Preparing: select id, name, sex, birthday, phone, ID_number, email, parent_phone, adress, major, state from student_basic where id = ? 
2019-08-22 18:34:06,748 DEBUG (BaseJdbcLogger.java:143)- ====> Parameters: 12113(String)
2019-08-22 18:34:06,749 DEBUG (BaseJdbcLogger.java:143)- <====      Total: 1
2019-08-22 18:34:06,749 DEBUG (BaseJdbcLogger.java:143)- ====>  Preparing: select id, class_id, name, director, grade, major_id from class where class_id = ? 
2019-08-22 18:34:06,750 DEBUG (BaseJdbcLogger.java:143)- ====> Parameters: 080901201903(String)
2019-08-22 18:34:06,751 DEBUG (BaseJdbcLogger.java:143)- ======>  Preparing: select id, major_id, name, price, department_id from major where major_id = ? 
2019-08-22 18:34:06,753 DEBUG (BaseJdbcLogger.java:143)- ======> Parameters: 080901(String)
2019-08-22 18:34:06,754 DEBUG (BaseJdbcLogger.java:143)- <======      Total: 1
2019-08-22 18:34:06,754 DEBUG (BaseJdbcLogger.java:143)- <====      Total: 1
2019-08-22 18:34:06,755 DEBUG (BaseJdbcLogger.java:143)- ====>  Preparing: select id, name, sex, birthday, phone, ID_number, email, parent_phone, adress, major, state from student_basic where id = ? 
2019-08-22 18:34:06,755 DEBUG (BaseJdbcLogger.java:143)- ====> Parameters: 12117(String)
2019-08-22 18:34:06,756 DEBUG (BaseJdbcLogger.java:143)- <====      Total: 1
2019-08-22 18:34:06,757 DEBUG (BaseJdbcLogger.java:143)- ====>  Preparing: select id, name, sex, birthday, phone, ID_number, email, parent_phone, adress, major, state from student_basic where id = ? 
2019-08-22 18:34:06,757 DEBUG (BaseJdbcLogger.java:143)- ====> Parameters: 12118(String)
2019-08-22 18:34:06,758 DEBUG (BaseJdbcLogger.java:143)- <====      Total: 1
2019-08-22 18:34:06,759 DEBUG (BaseJdbcLogger.java:143)- ====>  Preparing: select id, name, sex, birthday, phone, ID_number, email, parent_phone, adress, major, state from student_basic where id = ? 
2019-08-22 18:34:06,759 DEBUG (BaseJdbcLogger.java:143)- ====> Parameters: 12119(String)
2019-08-22 18:34:06,760 DEBUG (BaseJdbcLogger.java:143)- <====      Total: 1
2019-08-22 18:34:06,761 DEBUG (BaseJdbcLogger.java:143)- ====>  Preparing: select id, name, sex, birthday, phone, ID_number, email, parent_phone, adress, major, state from student_basic where id = ? 
2019-08-22 18:34:06,761 DEBUG (BaseJdbcLogger.java:143)- ====> Parameters: 12120(String)
2019-08-22 18:34:06,765 DEBUG (BaseJdbcLogger.java:143)- <====      Total: 1
2019-08-22 18:34:06,766 DEBUG (BaseJdbcLogger.java:143)- ====>  Preparing: select id, name, sex, birthday, phone, ID_number, email, parent_phone, adress, major, state from student_basic where id = ? 
2019-08-22 18:34:06,766 DEBUG (BaseJdbcLogger.java:143)- ====> Parameters: 12121(String)
2019-08-22 18:34:06,767 DEBUG (BaseJdbcLogger.java:143)- <====      Total: 1
2019-08-22 18:34:06,767 DEBUG (BaseJdbcLogger.java:143)- ====>  Preparing: select id, name, sex, birthday, phone, ID_number, email, parent_phone, adress, major, state from student_basic where id = ? 
2019-08-22 18:34:06,768 DEBUG (BaseJdbcLogger.java:143)- ====> Parameters: 12122(String)
2019-08-22 18:34:06,769 DEBUG (BaseJdbcLogger.java:143)- <====      Total: 1
2019-08-22 18:34:06,770 DEBUG (BaseJdbcLogger.java:143)- ====>  Preparing: select id, name, sex, birthday, phone, ID_number, email, parent_phone, adress, major, state from student_basic where id = ? 
2019-08-22 18:34:06,770 DEBUG (BaseJdbcLogger.java:143)- ====> Parameters: 12124(String)
2019-08-22 18:34:06,771 DEBUG (BaseJdbcLogger.java:143)- <====      Total: 1
2019-08-22 18:34:06,771 DEBUG (BaseJdbcLogger.java:143)- ====>  Preparing: select id, name, sex, birthday, phone, ID_number, email, parent_phone, adress, major, state from student_basic where id = ? 
2019-08-22 18:34:06,772 DEBUG (BaseJdbcLogger.java:143)- ====> Parameters: 12127(String)
2019-08-22 18:34:06,773 DEBUG (BaseJdbcLogger.java:143)- <====      Total: 1
2019-08-22 18:34:06,773 DEBUG (BaseJdbcLogger.java:143)- ====>  Preparing: select id, name, sex, birthday, phone, ID_number, email, parent_phone, adress, major, state from student_basic where id = ? 
2019-08-22 18:34:06,774 DEBUG (BaseJdbcLogger.java:143)- ====> Parameters: 12129(String)
2019-08-22 18:34:06,775 DEBUG (BaseJdbcLogger.java:143)- <====      Total: 1
2019-08-22 18:34:06,776 DEBUG (BaseJdbcLogger.java:143)- ====>  Preparing: select id, name, sex, birthday, phone, ID_number, email, parent_phone, adress, major, state from student_basic where id = ? 
2019-08-22 18:34:06,776 DEBUG (BaseJdbcLogger.java:143)- ====> Parameters: 12130(String)
2019-08-22 18:34:06,778 DEBUG (BaseJdbcLogger.java:143)- <====      Total: 1
2019-08-22 18:34:06,778 DEBUG (BaseJdbcLogger.java:143)- ====>  Preparing: select id, name, sex, birthday, phone, ID_number, email, parent_phone, adress, major, state from student_basic where id = ? 
2019-08-22 18:34:06,779 DEBUG (BaseJdbcLogger.java:143)- ====> Parameters: 12132(String)
2019-08-22 18:34:06,780 DEBUG (BaseJdbcLogger.java:143)- <====      Total: 1
2019-08-22 18:34:06,780 DEBUG (BaseJdbcLogger.java:143)- ====>  Preparing: select id, name, sex, birthday, phone, ID_number, email, parent_phone, adress, major, state from student_basic where id = ? 
2019-08-22 18:34:06,781 DEBUG (BaseJdbcLogger.java:143)- ====> Parameters: 12134(String)
2019-08-22 18:34:06,781 DEBUG (BaseJdbcLogger.java:143)- <====      Total: 1
2019-08-22 18:34:06,782 DEBUG (BaseJdbcLogger.java:143)- ====>  Preparing: select id, name, sex, birthday, phone, ID_number, email, parent_phone, adress, major, state from student_basic where id = ? 
2019-08-22 18:34:06,782 DEBUG (BaseJdbcLogger.java:143)- ====> Parameters: 12135(String)
2019-08-22 18:34:06,783 DEBUG (BaseJdbcLogger.java:143)- <====      Total: 1
2019-08-22 18:34:06,783 DEBUG (BaseJdbcLogger.java:143)- ====>  Preparing: select id, name, sex, birthday, phone, ID_number, email, parent_phone, adress, major, state from student_basic where id = ? 
2019-08-22 18:34:06,784 DEBUG (BaseJdbcLogger.java:143)- ====> Parameters: 12136(String)
2019-08-22 18:34:06,785 DEBUG (BaseJdbcLogger.java:143)- <====      Total: 1
2019-08-22 18:34:06,786 DEBUG (BaseJdbcLogger.java:143)- ====>  Preparing: select id, name, sex, birthday, phone, ID_number, email, parent_phone, adress, major, state from student_basic where id = ? 
2019-08-22 18:34:06,787 DEBUG (BaseJdbcLogger.java:143)- ====> Parameters: 12137(String)
2019-08-22 18:34:06,787 DEBUG (BaseJdbcLogger.java:143)- <====      Total: 1
2019-08-22 18:34:06,788 DEBUG (BaseJdbcLogger.java:143)- ====>  Preparing: select id, name, sex, birthday, phone, ID_number, email, parent_phone, adress, major, state from student_basic where id = ? 
2019-08-22 18:34:06,788 DEBUG (BaseJdbcLogger.java:143)- ====> Parameters: 12139(String)
2019-08-22 18:34:06,789 DEBUG (BaseJdbcLogger.java:143)- <====      Total: 1
2019-08-22 18:34:06,790 DEBUG (BaseJdbcLogger.java:143)- ====>  Preparing: select id, name, sex, birthday, phone, ID_number, email, parent_phone, adress, major, state from student_basic where id = ? 
2019-08-22 18:34:06,791 DEBUG (BaseJdbcLogger.java:143)- ====> Parameters: 12141(String)
2019-08-22 18:34:06,791 DEBUG (BaseJdbcLogger.java:143)- <====      Total: 1
2019-08-22 18:34:06,792 DEBUG (BaseJdbcLogger.java:143)- ====>  Preparing: select id, name, sex, birthday, phone, ID_number, email, parent_phone, adress, major, state from student_basic where id = ? 
2019-08-22 18:34:06,793 DEBUG (BaseJdbcLogger.java:143)- ====> Parameters: 12142(String)
2019-08-22 18:34:06,793 DEBUG (BaseJdbcLogger.java:143)- <====      Total: 1
2019-08-22 18:34:06,794 DEBUG (BaseJdbcLogger.java:143)- ====>  Preparing: select id, name, sex, birthday, phone, ID_number, email, parent_phone, adress, major, state from student_basic where id = ? 
2019-08-22 18:34:06,794 DEBUG (BaseJdbcLogger.java:143)- ====> Parameters: 12143(String)
2019-08-22 18:34:06,795 DEBUG (BaseJdbcLogger.java:143)- <====      Total: 1
2019-08-22 18:34:06,796 DEBUG (BaseJdbcLogger.java:143)- ====>  Preparing: select id, name, sex, birthday, phone, ID_number, email, parent_phone, adress, major, state from student_basic where id = ? 
2019-08-22 18:34:06,796 DEBUG (BaseJdbcLogger.java:143)- ====> Parameters: 12147(String)
2019-08-22 18:34:06,798 DEBUG (BaseJdbcLogger.java:143)- <====      Total: 1
2019-08-22 18:34:06,798 DEBUG (BaseJdbcLogger.java:143)- ====>  Preparing: select id, name, sex, birthday, phone, ID_number, email, parent_phone, adress, major, state from student_basic where id = ? 
2019-08-22 18:34:06,799 DEBUG (BaseJdbcLogger.java:143)- ====> Parameters: 12148(String)
2019-08-22 18:34:06,800 DEBUG (BaseJdbcLogger.java:143)- <====      Total: 1
2019-08-22 18:34:06,800 DEBUG (BaseJdbcLogger.java:143)- ====>  Preparing: select id, name, sex, birthday, phone, ID_number, email, parent_phone, adress, major, state from student_basic where id = ? 
2019-08-22 18:34:06,801 DEBUG (BaseJdbcLogger.java:143)- ====> Parameters: 12149(String)
2019-08-22 18:34:06,803 DEBUG (BaseJdbcLogger.java:143)- <====      Total: 1
2019-08-22 18:34:06,803 DEBUG (BaseJdbcLogger.java:143)- ====>  Preparing: select id, name, sex, birthday, phone, ID_number, email, parent_phone, adress, major, state from student_basic where id = ? 
2019-08-22 18:34:06,804 DEBUG (BaseJdbcLogger.java:143)- ====> Parameters: 12150(String)
2019-08-22 18:34:06,805 DEBUG (BaseJdbcLogger.java:143)- <====      Total: 1
2019-08-22 18:34:06,806 DEBUG (BaseJdbcLogger.java:143)- ====>  Preparing: select id, name, sex, birthday, phone, ID_number, email, parent_phone, adress, major, state from student_basic where id = ? 
2019-08-22 18:34:06,807 DEBUG (BaseJdbcLogger.java:143)- ====> Parameters: 12152(String)
2019-08-22 18:34:06,808 DEBUG (BaseJdbcLogger.java:143)- <====      Total: 1
2019-08-22 18:34:06,808 DEBUG (BaseJdbcLogger.java:143)- ====>  Preparing: select id, name, sex, birthday, phone, ID_number, email, parent_phone, adress, major, state from student_basic where id = ? 
2019-08-22 18:34:06,808 DEBUG (BaseJdbcLogger.java:143)- ====> Parameters: 12153(String)
2019-08-22 18:34:06,809 DEBUG (BaseJdbcLogger.java:143)- <====      Total: 1
2019-08-22 18:34:06,810 DEBUG (BaseJdbcLogger.java:143)- ====>  Preparing: select id, name, sex, birthday, phone, ID_number, email, parent_phone, adress, major, state from student_basic where id = ? 
2019-08-22 18:34:06,811 DEBUG (BaseJdbcLogger.java:143)- ====> Parameters: 12154(String)
2019-08-22 18:34:06,811 DEBUG (BaseJdbcLogger.java:143)- <====      Total: 1
2019-08-22 18:34:06,811 DEBUG (BaseJdbcLogger.java:143)- ====>  Preparing: select id, name, sex, birthday, phone, ID_number, email, parent_phone, adress, major, state from student_basic where id = ? 
2019-08-22 18:34:06,811 DEBUG (BaseJdbcLogger.java:143)- ====> Parameters: 12155(String)
2019-08-22 18:34:06,813 DEBUG (BaseJdbcLogger.java:143)- <====      Total: 1
2019-08-22 18:34:06,814 DEBUG (BaseJdbcLogger.java:143)- <==      Total: 28
2019-08-22 18:34:06,814 DEBUG (BaseJdbcLogger.java:143)- ==>  Preparing: select student_status.id,student_status.basic_id, student_status.student_id, student_status.class_id from student_status,student_basic where student_status.basic_id=student_basic.id and student_basic.sex=? and student_status.class_id=? 
2019-08-22 18:34:06,815 DEBUG (BaseJdbcLogger.java:143)- ==> Parameters: 女(String), 080901201903(String)
2019-08-22 18:34:06,816 DEBUG (BaseJdbcLogger.java:143)- ====>  Preparing: select id, name, sex, birthday, phone, ID_number, email, parent_phone, adress, major, state from student_basic where id = ? 
2019-08-22 18:34:06,816 DEBUG (BaseJdbcLogger.java:143)- ====> Parameters: 12093(String)
2019-08-22 18:34:06,817 DEBUG (BaseJdbcLogger.java:143)- <====      Total: 1
2019-08-22 18:34:06,817 DEBUG (BaseJdbcLogger.java:143)- ====>  Preparing: select id, class_id, name, director, grade, major_id from class where class_id = ? 
2019-08-22 18:34:06,818 DEBUG (BaseJdbcLogger.java:143)- ====> Parameters: 080901201903(String)
2019-08-22 18:34:06,819 DEBUG (BaseJdbcLogger.java:143)- ======>  Preparing: select id, major_id, name, price, department_id from major where major_id = ? 
2019-08-22 18:34:06,820 DEBUG (BaseJdbcLogger.java:143)- ======> Parameters: 080901(String)
2019-08-22 18:34:06,823 DEBUG (BaseJdbcLogger.java:143)- <======      Total: 1
2019-08-22 18:34:06,824 DEBUG (BaseJdbcLogger.java:143)- <====      Total: 1
2019-08-22 18:34:06,824 DEBUG (BaseJdbcLogger.java:143)- ====>  Preparing: select id, name, sex, birthday, phone, ID_number, email, parent_phone, adress, major, state from student_basic where id = ? 
2019-08-22 18:34:06,825 DEBUG (BaseJdbcLogger.java:143)- ====> Parameters: 12094(String)
2019-08-22 18:34:06,827 DEBUG (BaseJdbcLogger.java:143)- <====      Total: 1
2019-08-22 18:34:06,828 DEBUG (BaseJdbcLogger.java:143)- ====>  Preparing: select id, name, sex, birthday, phone, ID_number, email, parent_phone, adress, major, state from student_basic where id = ? 
2019-08-22 18:34:06,828 DEBUG (BaseJdbcLogger.java:143)- ====> Parameters: 12103(String)
2019-08-22 18:34:06,835 DEBUG (BaseJdbcLogger.java:143)- <====      Total: 1
