2019-09-04 03:51:37,105 DEBUG (BaseJdbcLogger.java:143)- ====> Parameters: 19692(String)
2019-09-04 03:51:37,108 DEBUG (BaseJdbcLogger.java:143)- <====      Total: 1
2019-09-04 03:51:37,109 DEBUG (BaseJdbcLogger.java:143)- ====>  Preparing: select id, name, sex, birthday, phone, ID_number, email, parent_phone, adress, major, state from student_basic where id = ? 
2019-09-04 03:51:37,110 DEBUG (BaseJdbcLogger.java:143)- ====> Parameters: 19693(String)
2019-09-04 03:51:37,111 DEBUG (BaseJdbcLogger.java:143)- <====      Total: 1
2019-09-04 03:51:37,111 DEBUG (BaseJdbcLogger.java:143)- ====>  Preparing: select id, name, sex, birthday, phone, ID_number, email, parent_phone, adress, major, state from student_basic where id = ? 
2019-09-04 03:51:37,112 DEBUG (BaseJdbcLogger.java:143)- ====> Parameters: 19696(String)
2019-09-04 03:51:37,114 DEBUG (BaseJdbcLogger.java:143)- <====      Total: 1
2019-09-04 03:51:37,115 DEBUG (BaseJdbcLogger.java:143)- ====>  Preparing: select id, name, sex, birthday, phone, ID_number, email, parent_phone, adress, major, state from student_basic where id = ? 
2019-09-04 03:51:37,115 DEBUG (BaseJdbcLogger.java:143)- ====> Parameters: 19697(String)
2019-09-04 03:51:37,117 DEBUG (BaseJdbcLogger.java:143)- <====      Total: 1
2019-09-04 03:51:37,118 DEBUG (BaseJdbcLogger.java:143)- ====>  Preparing: select id, name, sex, birthday, phone, ID_number, email, parent_phone, adress, major, state from student_basic where id = ? 
2019-09-04 03:51:37,119 DEBUG (BaseJdbcLogger.java:143)- ====> Parameters: 19698(String)
2019-09-04 03:51:37,120 DEBUG (BaseJdbcLogger.java:143)- <====      Total: 1
2019-09-04 03:51:37,120 DEBUG (BaseJdbcLogger.java:143)- ====>  Preparing: select id, name, sex, birthday, phone, ID_number, email, parent_phone, adress, major, state from student_basic where id = ? 
2019-09-04 03:51:37,121 DEBUG (BaseJdbcLogger.java:143)- ====> Parameters: 19699(String)
2019-09-04 03:51:37,122 DEBUG (BaseJdbcLogger.java:143)- <====      Total: 1
2019-09-04 03:51:37,123 DEBUG (BaseJdbcLogger.java:143)- <==      Total: 24
2019-09-04 03:51:37,123 DEBUG (BaseJdbcLogger.java:143)- ==>  Preparing: select dormitory_allocation.id, dormitory_allocation.class_id, dormitory_allocation.dormitory_id,dormitory_allocation.number from dormitory_allocation,dormitory WHERE dormitory_allocation.dormitory_id=dormitory.id and dormitory.sex=? and class_id = ? 
2019-09-04 03:51:37,123 DEBUG (BaseJdbcLogger.java:143)- ==> Parameters: 男(String), 130503201903(String)
2019-09-04 03:51:37,124 DEBUG (BaseJdbcLogger.java:143)- <==      Total: 0
2019-09-04 03:51:37,125 DEBUG (BaseJdbcLogger.java:143)- ==>  Preparing: select student_status.id,student_status.basic_id, student_status.student_id, student_status.class_id from student_status,student_basic where student_status.basic_id=student_basic.id and student_basic.sex=? and student_status.class_id=? 
2019-09-04 03:51:37,125 DEBUG (BaseJdbcLogger.java:143)- ==> Parameters: 男(String), 130503201904(String)
2019-09-04 03:51:37,126 DEBUG (BaseJdbcLogger.java:143)- ====>  Preparing: select id, name, sex, birthday, phone, ID_number, email, parent_phone, adress, major, state from student_basic where id = ? 
2019-09-04 03:51:37,127 DEBUG (BaseJdbcLogger.java:143)- ====> Parameters: 19702(String)
2019-09-04 03:51:37,128 DEBUG (BaseJdbcLogger.java:143)- <====      Total: 1
2019-09-04 03:51:37,128 DEBUG (BaseJdbcLogger.java:143)- ====>  Preparing: select id, class_id, name, director, grade, major_id from class where class_id = ? 
2019-09-04 03:51:37,129 DEBUG (BaseJdbcLogger.java:143)- ====> Parameters: 130503201904(String)
2019-09-04 03:51:37,130 DEBUG (BaseJdbcLogger.java:143)- ======>  Preparing: select id, major_id, name, price, department_id from major where major_id = ? 
2019-09-04 03:51:37,131 DEBUG (BaseJdbcLogger.java:143)- ======> Parameters: 130503(String)
2019-09-04 03:51:37,131 DEBUG (BaseJdbcLogger.java:143)- <======      Total: 1
2019-09-04 03:51:37,132 DEBUG (BaseJdbcLogger.java:143)- <====      Total: 1
2019-09-04 03:51:37,133 DEBUG (BaseJdbcLogger.java:143)- ====>  Preparing: select id, name, sex, birthday, phone, ID_number, email, parent_phone, adress, major, state from student_basic where id = ? 
2019-09-04 03:51:37,133 DEBUG (BaseJdbcLogger.java:143)- ====> Parameters: 19703(String)
2019-09-04 03:51:37,135 DEBUG (BaseJdbcLogger.java:143)- <====      Total: 1
2019-09-04 03:51:37,135 DEBUG (BaseJdbcLogger.java:143)- ====>  Preparing: select id, name, sex, birthday, phone, ID_number, email, parent_phone, adress, major, state from student_basic where id = ? 
2019-09-04 03:51:37,137 DEBUG (BaseJdbcLogger.java:143)- ====> Parameters: 19705(String)
2019-09-04 03:51:37,137 DEBUG (BaseJdbcLogger.java:143)- <====      Total: 1
2019-09-04 03:51:37,138 DEBUG (BaseJdbcLogger.java:143)- ====>  Preparing: select id, name, sex, birthday, phone, ID_number, email, parent_phone, adress, major, state from student_basic where id = ? 
2019-09-04 03:51:37,139 DEBUG (BaseJdbcLogger.java:143)- ====> Parameters: 19706(String)
2019-09-04 03:51:37,140 DEBUG (BaseJdbcLogger.java:143)- <====      Total: 1
2019-09-04 03:51:37,140 DEBUG (BaseJdbcLogger.java:143)- ====>  Preparing: select id, name, sex, birthday, phone, ID_number, email, parent_phone, adress, major, state from student_basic where id = ? 
2019-09-04 03:51:37,141 DEBUG (BaseJdbcLogger.java:143)- ====> Parameters: 19708(String)
2019-09-04 03:51:37,142 DEBUG (BaseJdbcLogger.java:143)- <====      Total: 1
2019-09-04 03:51:37,142 DEBUG (BaseJdbcLogger.java:143)- ====>  Preparing: select id, name, sex, birthday, phone, ID_number, email, parent_phone, adress, major, state from student_basic where id = ? 
2019-09-04 03:51:37,142 DEBUG (BaseJdbcLogger.java:143)- ====> Parameters: 19709(String)
2019-09-04 03:51:37,143 DEBUG (BaseJdbcLogger.java:143)- <====      Total: 1
2019-09-04 03:51:37,143 DEBUG (BaseJdbcLogger.java:143)- ====>  Preparing: select id, name, sex, birthday, phone, ID_number, email, parent_phone, adress, major, state from student_basic where id = ? 
2019-09-04 03:51:37,144 DEBUG (BaseJdbcLogger.java:143)- ====> Parameters: 19710(String)
2019-09-04 03:51:37,144 DEBUG (BaseJdbcLogger.java:143)- <====      Total: 1
2019-09-04 03:51:37,145 DEBUG (BaseJdbcLogger.java:143)- ====>  Preparing: select id, name, sex, birthday, phone, ID_number, email, parent_phone, adress, major, state from student_basic where id = ? 
2019-09-04 03:51:37,145 DEBUG (BaseJdbcLogger.java:143)- ====> Parameters: 19711(String)
2019-09-04 03:51:37,145 DEBUG (BaseJdbcLogger.java:143)- <====      Total: 1
2019-09-04 03:51:37,146 DEBUG (BaseJdbcLogger.java:143)- ====>  Preparing: select id, name, sex, birthday, phone, ID_number, email, parent_phone, adress, major, state from student_basic where id = ? 
2019-09-04 03:51:37,146 DEBUG (BaseJdbcLogger.java:143)- ====> Parameters: 19712(String)
2019-09-04 03:51:37,147 DEBUG (BaseJdbcLogger.java:143)- <====      Total: 1
2019-09-04 03:51:37,147 DEBUG (BaseJdbcLogger.java:143)- ====>  Preparing: select id, name, sex, birthday, phone, ID_number, email, parent_phone, adress, major, state from student_basic where id = ? 
2019-09-04 03:51:37,147 DEBUG (BaseJdbcLogger.java:143)- ====> Parameters: 19713(String)
2019-09-04 03:51:37,148 DEBUG (BaseJdbcLogger.java:143)- <====      Total: 1
2019-09-04 03:51:37,148 DEBUG (BaseJdbcLogger.java:143)- ====>  Preparing: select id, name, sex, birthday, phone, ID_number, email, parent_phone, adress, major, state from student_basic where id = ? 
2019-09-04 03:51:37,149 DEBUG (BaseJdbcLogger.java:143)- ====> Parameters: 19717(String)
2019-09-04 03:51:37,150 DEBUG (BaseJdbcLogger.java:143)- <====      Total: 1
2019-09-04 03:51:37,151 DEBUG (BaseJdbcLogger.java:143)- ====>  Preparing: select id, name, sex, birthday, phone, ID_number, email, parent_phone, adress, major, state from student_basic where id = ? 
2019-09-04 03:51:37,151 DEBUG (BaseJdbcLogger.java:143)- ====> Parameters: 19723(String)
2019-09-04 03:51:37,152 DEBUG (BaseJdbcLogger.java:143)- <====      Total: 1
2019-09-04 03:51:37,152 DEBUG (BaseJdbcLogger.java:143)- ====>  Preparing: select id, name, sex, birthday, phone, ID_number, email, parent_phone, adress, major, state from student_basic where id = ? 
2019-09-04 03:51:37,153 DEBUG (BaseJdbcLogger.java:143)- ====> Parameters: 19724(String)
2019-09-04 03:51:37,153 DEBUG (BaseJdbcLogger.java:143)- <====      Total: 1
2019-09-04 03:51:37,153 DEBUG (BaseJdbcLogger.java:143)- ====>  Preparing: select id, name, sex, birthday, phone, ID_number, email, parent_phone, adress, major, state from student_basic where id = ? 
2019-09-04 03:51:37,154 DEBUG (BaseJdbcLogger.java:143)- ====> Parameters: 19727(String)
2019-09-04 03:51:37,154 DEBUG (BaseJdbcLogger.java:143)- <====      Total: 1
2019-09-04 03:51:37,155 DEBUG (BaseJdbcLogger.java:143)- ====>  Preparing: select id, name, sex, birthday, phone, ID_number, email, parent_phone, adress, major, state from student_basic where id = ? 
2019-09-04 03:51:37,155 DEBUG (BaseJdbcLogger.java:143)- ====> Parameters: 19730(String)
2019-09-04 03:51:37,155 DEBUG (BaseJdbcLogger.java:143)- <====      Total: 1
2019-09-04 03:51:37,156 DEBUG (BaseJdbcLogger.java:143)- ====>  Preparing: select id, name, sex, birthday, phone, ID_number, email, parent_phone, adress, major, state from student_basic where id = ? 
2019-09-04 03:51:37,157 DEBUG (BaseJdbcLogger.java:143)- ====> Parameters: 19733(String)
2019-09-04 03:51:37,158 DEBUG (BaseJdbcLogger.java:143)- <====      Total: 1
2019-09-04 03:51:37,158 DEBUG (BaseJdbcLogger.java:143)- ====>  Preparing: select id, name, sex, birthday, phone, ID_number, email, parent_phone, adress, major, state from student_basic where id = ? 
2019-09-04 03:51:37,159 DEBUG (BaseJdbcLogger.java:143)- ====> Parameters: 19734(String)
2019-09-04 03:51:37,160 DEBUG (BaseJdbcLogger.java:143)- <====      Total: 1
2019-09-04 03:51:37,161 DEBUG (BaseJdbcLogger.java:143)- ====>  Preparing: select id, name, sex, birthday, phone, ID_number, email, parent_phone, adress, major, state from student_basic where id = ? 
2019-09-04 03:51:37,161 DEBUG (BaseJdbcLogger.java:143)- ====> Parameters: 19736(String)
2019-09-04 03:51:37,162 DEBUG (BaseJdbcLogger.java:143)- <====      Total: 1
2019-09-04 03:51:37,162 DEBUG (BaseJdbcLogger.java:143)- ====>  Preparing: select id, name, sex, birthday, phone, ID_number, email, parent_phone, adress, major, state from student_basic where id = ? 
2019-09-04 03:51:37,163 DEBUG (BaseJdbcLogger.java:143)- ====> Parameters: 19737(String)
2019-09-04 03:51:37,163 DEBUG (BaseJdbcLogger.java:143)- <====      Total: 1
2019-09-04 03:51:37,164 DEBUG (BaseJdbcLogger.java:143)- ====>  Preparing: select id, name, sex, birthday, phone, ID_number, email, parent_phone, adress, major, state from student_basic where id = ? 
2019-09-04 03:51:37,164 DEBUG (BaseJdbcLogger.java:143)- ====> Parameters: 19739(String)
2019-09-04 03:51:37,165 DEBUG (BaseJdbcLogger.java:143)- <====      Total: 1
2019-09-04 03:51:37,166 DEBUG (BaseJdbcLogger.java:143)- ====>  Preparing: select id, name, sex, birthday, phone, ID_number, email, parent_phone, adress, major, state from student_basic where id = ? 
2019-09-04 03:51:37,167 DEBUG (BaseJdbcLogger.java:143)- ====> Parameters: 19741(String)
2019-09-04 03:51:37,168 DEBUG (BaseJdbcLogger.java:143)- <====      Total: 1
2019-09-04 03:51:37,168 DEBUG (BaseJdbcLogger.java:143)- ====>  Preparing: select id, name, sex, birthday, phone, ID_number, email, parent_phone, adress, major, state from student_basic where id = ? 
2019-09-04 03:51:37,169 DEBUG (BaseJdbcLogger.java:143)- ====> Parameters: 19744(String)
2019-09-04 03:51:37,169 DEBUG (BaseJdbcLogger.java:143)- <====      Total: 1
2019-09-04 03:51:37,170 DEBUG (BaseJdbcLogger.java:143)- ====>  Preparing: select id, name, sex, birthday, phone, ID_number, email, parent_phone, adress, major, state from student_basic where id = ? 
2019-09-04 03:51:37,171 DEBUG (BaseJdbcLogger.java:143)- ====> Parameters: 19745(String)
2019-09-04 03:51:37,171 DEBUG (BaseJdbcLogger.java:143)- <====      Total: 1
2019-09-04 03:51:37,172 DEBUG (BaseJdbcLogger.java:143)- ====>  Preparing: select id, name, sex, birthday, phone, ID_number, email, parent_phone, adress, major, state from student_basic where id = ? 
2019-09-04 03:51:37,172 DEBUG (BaseJdbcLogger.java:143)- ====> Parameters: 19750(String)
2019-09-04 03:51:37,173 DEBUG (BaseJdbcLogger.java:143)- <====      Total: 1
2019-09-04 03:51:37,173 DEBUG (BaseJdbcLogger.java:143)- <==      Total: 24
2019-09-04 03:51:37,173 DEBUG (BaseJdbcLogger.java:143)- ==>  Preparing: select dormitory_allocation.id, dormitory_allocation.class_id, dormitory_allocation.dormitory_id,dormitory_allocation.number from dormitory_allocation,dormitory WHERE dormitory_allocation.dormitory_id=dormitory.id and dormitory.sex=? and class_id = ? 
2019-09-04 03:51:37,174 DEBUG (BaseJdbcLogger.java:143)- ==> Parameters: 男(String), 130503201904(String)
2019-09-04 03:51:37,174 DEBUG (BaseJdbcLogger.java:143)- <==      Total: 0
2019-09-04 03:51:37,175 DEBUG (BaseJdbcLogger.java:143)- ==>  Preparing: select student_status.id,student_status.basic_id, student_status.student_id, student_status.class_id from student_status,student_basic where student_status.basic_id=student_basic.id and student_basic.sex=? and student_status.class_id=? 
2019-09-04 03:51:37,175 DEBUG (BaseJdbcLogger.java:143)- ==> Parameters: 男(String), 080702201901(String)
2019-09-04 03:51:37,176 DEBUG (BaseJdbcLogger.java:143)- ====>  Preparing: select id, name, sex, birthday, phone, ID_number, email, parent_phone, adress, major, state from student_basic where id = ? 
2019-09-04 03:51:37,177 DEBUG (BaseJdbcLogger.java:143)- ====> Parameters: 19363(String)
2019-09-04 03:51:37,177 DEBUG (BaseJdbcLogger.java:143)- <====      Total: 1
2019-09-04 03:51:37,178 DEBUG (BaseJdbcLogger.java:143)- ====>  Preparing: select id, class_id, name, director, grade, major_id from class where class_id = ? 
2019-09-04 03:51:37,178 DEBUG (BaseJdbcLogger.java:143)- ====> Parameters: 080702201901(String)
2019-09-04 03:51:37,178 DEBUG (BaseJdbcLogger.java:143)- ======>  Preparing: select id, major_id, name, price, department_id from major where major_id = ? 
2019-09-04 03:51:37,179 DEBUG (BaseJdbcLogger.java:143)- ======> Parameters: 080702(String)
2019-09-04 03:51:37,179 DEBUG (BaseJdbcLogger.java:143)- <======      Total: 1
2019-09-04 03:51:37,180 DEBUG (BaseJdbcLogger.java:143)- <====      Total: 1
2019-09-04 03:51:37,180 DEBUG (BaseJdbcLogger.java:143)- ====>  Preparing: select id, name, sex, birthday, phone, ID_number, email, parent_phone, adress, major, state from student_basic where id = ? 
2019-09-04 03:51:37,180 DEBUG (BaseJdbcLogger.java:143)- ====> Parameters: 19366(String)
2019-09-04 03:51:37,181 DEBUG (BaseJdbcLogger.java:143)- <====      Total: 1
2019-09-04 03:51:37,181 DEBUG (BaseJdbcLogger.java:143)- ====>  Preparing: select id, name, sex, birthday, phone, ID_number, email, parent_phone, adress, major, state from student_basic where id = ? 
2019-09-04 03:51:37,181 DEBUG (BaseJdbcLogger.java:143)- ====> Parameters: 19367(String)
2019-09-04 03:51:37,182 DEBUG (BaseJdbcLogger.java:143)- <====      Total: 1
2019-09-04 03:51:37,183 DEBUG (BaseJdbcLogger.java:143)- ====>  Preparing: select id, name, sex, birthday, phone, ID_number, email, parent_phone, adress, major, state from student_basic where id = ? 
2019-09-04 03:51:37,183 DEBUG (BaseJdbcLogger.java:143)- ====> Parameters: 19368(String)
2019-09-04 03:51:37,184 DEBUG (BaseJdbcLogger.java:143)- <====      Total: 1
2019-09-04 03:51:37,185 DEBUG (BaseJdbcLogger.java:143)- ====>  Preparing: select id, name, sex, birthday, phone, ID_number, email, parent_phone, adress, major, state from student_basic where id = ? 
2019-09-04 03:51:37,185 DEBUG (BaseJdbcLogger.java:143)- ====> Parameters: 19370(String)
2019-09-04 03:51:37,186 DEBUG (BaseJdbcLogger.java:143)- <====      Total: 1
2019-09-04 03:51:37,186 DEBUG (BaseJdbcLogger.java:143)- ====>  Preparing: select id, name, sex, birthday, phone, ID_number, email, parent_phone, adress, major, state from student_basic where id = ? 
2019-09-04 03:51:37,187 DEBUG (BaseJdbcLogger.java:143)- ====> Parameters: 19371(String)
2019-09-04 03:51:37,187 DEBUG (BaseJdbcLogger.java:143)- <====      Total: 1
2019-09-04 03:51:37,188 DEBUG (BaseJdbcLogger.java:143)- ====>  Preparing: select id, name, sex, birthday, phone, ID_number, email, parent_phone, adress, major, state from student_basic where id = ? 
2019-09-04 03:51:37,188 DEBUG (BaseJdbcLogger.java:143)- ====> Parameters: 19372(String)
2019-09-04 03:51:37,189 DEBUG (BaseJdbcLogger.java:143)- <====      Total: 1
2019-09-04 03:51:37,190 DEBUG (BaseJdbcLogger.java:143)- ====>  Preparing: select id, name, sex, birthday, phone, ID_number, email, parent_phone, adress, major, state from student_basic where id = ? 
2019-09-04 03:51:37,190 DEBUG (BaseJdbcLogger.java:143)- ====> Parameters: 19374(String)
2019-09-04 03:51:37,190 DEBUG (BaseJdbcLogger.java:143)- <====      Total: 1
2019-09-04 03:51:37,191 DEBUG (BaseJdbcLogger.java:143)- ====>  Preparing: select id, name, sex, birthday, phone, ID_number, email, parent_phone, adress, major, state from student_basic where id = ? 
2019-09-04 03:51:37,191 DEBUG (BaseJdbcLogger.java:143)- ====> Parameters: 19375(String)
2019-09-04 03:51:37,192 DEBUG (BaseJdbcLogger.java:143)- <====      Total: 1
2019-09-04 03:51:37,192 DEBUG (BaseJdbcLogger.java:143)- ====>  Preparing: select id, name, sex, birthday, phone, ID_number, email, parent_phone, adress, major, state from student_basic where id = ? 
2019-09-04 03:51:37,192 DEBUG (BaseJdbcLogger.java:143)- ====> Parameters: 19376(String)
2019-09-04 03:51:37,193 DEBUG (BaseJdbcLogger.java:143)- <====      Total: 1
2019-09-04 03:51:37,194 DEBUG (BaseJdbcLogger.java:143)- ====>  Preparing: select id, name, sex, birthday, phone, ID_number, email, parent_phone, adress, major, state from student_basic where id = ? 
2019-09-04 03:51:37,194 DEBUG (BaseJdbcLogger.java:143)- ====> Parameters: 19377(String)
2019-09-04 03:51:37,195 DEBUG (BaseJdbcLogger.java:143)- <====      Total: 1
2019-09-04 03:51:37,195 DEBUG (BaseJdbcLogger.java:143)- ====>  Preparing: select id, name, sex, birthday, phone, ID_number, email, parent_phone, adress, major, state from student_basic where id = ? 
2019-09-04 03:51:37,195 DEBUG (BaseJdbcLogger.java:143)- ====> Parameters: 19378(String)
2019-09-04 03:51:37,196 DEBUG (BaseJdbcLogger.java:143)- <====      Total: 1
2019-09-04 03:51:37,196 DEBUG (BaseJdbcLogger.java:143)- ====>  Preparing: select id, name, sex, birthday, phone, ID_number, email, parent_phone, adress, major, state from student_basic where id = ? 
2019-09-04 03:51:37,197 DEBUG (BaseJdbcLogger.java:143)- ====> Parameters: 19380(String)
2019-09-04 03:51:37,197 DEBUG (BaseJdbcLogger.java:143)- <====      Total: 1
2019-09-04 03:51:37,197 DEBUG (BaseJdbcLogger.java:143)- ====>  Preparing: select id, name, sex, birthday, phone, ID_number, email, parent_phone, adress, major, state from student_basic where id = ? 
2019-09-04 03:51:37,198 DEBUG (BaseJdbcLogger.java:143)- ====> Parameters: 19386(String)
2019-09-04 03:51:37,198 DEBUG (BaseJdbcLogger.java:143)- <====      Total: 1
2019-09-04 03:51:37,199 DEBUG (BaseJdbcLogger.java:143)- ====>  Preparing: select id, name, sex, birthday, phone, ID_number, email, parent_phone, adress, major, state from student_basic where id = ? 
2019-09-04 03:51:37,199 DEBUG (BaseJdbcLogger.java:143)- ====> Parameters: 19389(String)
2019-09-04 03:51:37,201 DEBUG (BaseJdbcLogger.java:143)- <====      Total: 1
2019-09-04 03:51:37,201 DEBUG (BaseJdbcLogger.java:143)- ====>  Preparing: select id, name, sex, birthday, phone, ID_number, email, parent_phone, adress, major, state from student_basic where id = ? 
2019-09-04 03:51:37,201 DEBUG (BaseJdbcLogger.java:143)- ====> Parameters: 19390(String)
2019-09-04 03:51:37,202 DEBUG (BaseJdbcLogger.java:143)- <====      Total: 1
2019-09-04 03:51:37,203 DEBUG (BaseJdbcLogger.java:143)- ====>  Preparing: select id, name, sex, birthday, phone, ID_number, email, parent_phone, adress, major, state from student_basic where id = ? 
2019-09-04 03:51:37,203 DEBUG (BaseJdbcLogger.java:143)- ====> Parameters: 19391(String)
2019-09-04 03:51:37,204 DEBUG (BaseJdbcLogger.java:143)- <====      Total: 1
2019-09-04 03:51:37,205 DEBUG (BaseJdbcLogger.java:143)- ====>  Preparing: select id, name, sex, birthday, phone, ID_number, email, parent_phone, adress, major, state from student_basic where id = ? 
2019-09-04 03:51:37,205 DEBUG (BaseJdbcLogger.java:143)- ====> Parameters: 19392(String)
2019-09-04 03:51:37,205 DEBUG (BaseJdbcLogger.java:143)- <====      Total: 1
2019-09-04 03:51:37,206 DEBUG (BaseJdbcLogger.java:143)- ====>  Preparing: select id, name, sex, birthday, phone, ID_number, email, parent_phone, adress, major, state from student_basic where id = ? 
2019-09-04 03:51:37,206 DEBUG (BaseJdbcLogger.java:143)- ====> Parameters: 19393(String)
2019-09-04 03:51:37,207 DEBUG (BaseJdbcLogger.java:143)- <====      Total: 1
2019-09-04 03:51:37,207 DEBUG (BaseJdbcLogger.java:143)- ====>  Preparing: select id, name, sex, birthday, phone, ID_number, email, parent_phone, adress, major, state from student_basic where id = ? 
2019-09-04 03:51:37,207 DEBUG (BaseJdbcLogger.java:143)- ====> Parameters: 19394(String)
2019-09-04 03:51:37,208 DEBUG (BaseJdbcLogger.java:143)- <====      Total: 1
2019-09-04 03:51:37,208 DEBUG (BaseJdbcLogger.java:143)- ====>  Preparing: select id, name, sex, birthday, phone, ID_number, email, parent_phone, adress, major, state from student_basic where id = ? 
2019-09-04 03:51:37,208 DEBUG (BaseJdbcLogger.java:143)- ====> Parameters: 19395(String)
2019-09-04 03:51:37,209 DEBUG (BaseJdbcLogger.java:143)- <====      Total: 1
2019-09-04 03:51:37,209 DEBUG (BaseJdbcLogger.java:143)- ====>  Preparing: select id, name, sex, birthday, phone, ID_number, email, parent_phone, adress, major, state from student_basic where id = ? 
2019-09-04 03:51:37,209 DEBUG (BaseJdbcLogger.java:143)- ====> Parameters: 19396(String)
2019-09-04 03:51:37,210 DEBUG (BaseJdbcLogger.java:143)- <====      Total: 1
2019-09-04 03:51:37,210 DEBUG (BaseJdbcLogger.java:143)- ====>  Preparing: select id, name, sex, birthday, phone, ID_number, email, parent_phone, adress, major, state from student_basic where id = ? 
2019-09-04 03:51:37,211 DEBUG (BaseJdbcLogger.java:143)- ====> Parameters: 19397(String)
2019-09-04 03:51:37,211 DEBUG (BaseJdbcLogger.java:143)- <====      Total: 1
2019-09-04 03:51:37,211 DEBUG (BaseJdbcLogger.java:143)- ====>  Preparing: select id, name, sex, birthday, phone, ID_number, email, parent_phone, adress, major, state from student_basic where id = ? 
2019-09-04 03:51:37,212 DEBUG (BaseJdbcLogger.java:143)- ====> Parameters: 19398(String)
2019-09-04 03:51:37,212 DEBUG (BaseJdbcLogger.java:143)- <====      Total: 1
2019-09-04 03:51:37,213 DEBUG (BaseJdbcLogger.java:143)- ====>  Preparing: select id, name, sex, birthday, phone, ID_number, email, parent_phone, adress, major, state from student_basic where id = ? 
2019-09-04 03:51:37,213 DEBUG (BaseJdbcLogger.java:143)- ====> Parameters: 19399(String)
2019-09-04 03:51:37,213 DEBUG (BaseJdbcLogger.java:143)- <====      Total: 1
2019-09-04 03:51:37,214 DEBUG (BaseJdbcLogger.java:143)- <==      Total: 25
2019-09-04 03:51:37,214 DEBUG (BaseJdbcLogger.java:143)- ==>  Preparing: select dormitory_allocation.id, dormitory_allocation.class_id, dormitory_allocation.dormitory_id,dormitory_allocation.number from dormitory_allocation,dormitory WHERE dormitory_allocation.dormitory_id=dormitory.id and dormitory.sex=? and class_id = ? 
2019-09-04 03:51:37,214 DEBUG (BaseJdbcLogger.java:143)- ==> Parameters: 男(String), 080702201901(String)
2019-09-04 03:51:37,215 DEBUG (BaseJdbcLogger.java:143)- <==      Total: 0
2019-09-04 03:51:37,215 DEBUG (BaseJdbcLogger.java:143)- ==>  Preparing: select student_status.id,student_status.basic_id, student_status.student_id, student_status.class_id from student_status,student_basic where student_status.basic_id=student_basic.id and student_basic.sex=? and student_status.class_id=? 
2019-09-04 03:51:37,215 DEBUG (BaseJdbcLogger.java:143)- ==> Parameters: 男(String), 080702201902(String)
2019-09-04 03:51:37,217 DEBUG (BaseJdbcLogger.java:143)- ====>  Preparing: select id, name, sex, birthday, phone, ID_number, email, parent_phone, adress, major, state from student_basic where id = ? 
2019-09-04 03:51:37,217 DEBUG (BaseJdbcLogger.java:143)- ====> Parameters: 19400(String)
2019-09-04 03:51:37,218 DEBUG (BaseJdbcLogger.java:143)- <====      Total: 1
2019-09-04 03:51:37,218 DEBUG (BaseJdbcLogger.java:143)- ====>  Preparing: select id, class_id, name, director, grade, major_id from class where class_id = ? 
2019-09-04 03:51:37,218 DEBUG (BaseJdbcLogger.java:143)- ====> Parameters: 080702201902(String)
2019-09-04 03:51:37,219 DEBUG (BaseJdbcLogger.java:143)- ======>  Preparing: select id, major_id, name, price, department_id from major where major_id = ? 
2019-09-04 03:51:37,219 DEBUG (BaseJdbcLogger.java:143)- ======> Parameters: 080702(String)
2019-09-04 03:51:37,220 DEBUG (BaseJdbcLogger.java:143)- <======      Total: 1
2019-09-04 03:51:37,220 DEBUG (BaseJdbcLogger.java:143)- <====      Total: 1
2019-09-04 03:51:37,220 DEBUG (BaseJdbcLogger.java:143)- ====>  Preparing: select id, name, sex, birthday, phone, ID_number, email, parent_phone, adress, major, state from student_basic where id = ? 
2019-09-04 03:51:37,221 DEBUG (BaseJdbcLogger.java:143)- ====> Parameters: 19401(String)
2019-09-04 03:51:37,221 DEBUG (BaseJdbcLogger.java:143)- <====      Total: 1
2019-09-04 03:51:37,222 DEBUG (BaseJdbcLogger.java:143)- ====>  Preparing: select id, name, sex, birthday, phone, ID_number, email, parent_phone, adress, major, state from student_basic where id = ? 
2019-09-04 03:51:37,223 DEBUG (BaseJdbcLogger.java:143)- ====> Parameters: 19402(String)
2019-09-04 03:51:37,224 DEBUG (BaseJdbcLogger.java:143)- <====      Total: 1
2019-09-04 03:51:37,224 DEBUG (BaseJdbcLogger.java:143)- ====>  Preparing: select id, name, sex, birthday, phone, ID_number, email, parent_phone, adress, major, state from student_basic where id = ? 
2019-09-04 03:51:37,224 DEBUG (BaseJdbcLogger.java:143)- ====> Parameters: 19403(String)
2019-09-04 03:51:37,225 DEBUG (BaseJdbcLogger.java:143)- <====      Total: 1
2019-09-04 03:51:37,225 DEBUG (BaseJdbcLogger.java:143)- ====>  Preparing: select id, name, sex, birthday, phone, ID_number, email, parent_phone, adress, major, state from student_basic where id = ? 
2019-09-04 03:51:37,225 DEBUG (BaseJdbcLogger.java:143)- ====> Parameters: 19405(String)
2019-09-04 03:51:37,226 DEBUG (BaseJdbcLogger.java:143)- <====      Total: 1
2019-09-04 03:51:37,226 DEBUG (BaseJdbcLogger.java:143)- ====>  Preparing: select id, name, sex, birthday, phone, ID_number, email, parent_phone, adress, major, state from student_basic where id = ? 
2019-09-04 03:51:37,226 DEBUG (BaseJdbcLogger.java:143)- ====> Parameters: 19406(String)
2019-09-04 03:51:37,227 DEBUG (BaseJdbcLogger.java:143)- <====      Total: 1
2019-09-04 03:51:37,227 DEBUG (BaseJdbcLogger.java:143)- ====>  Preparing: select id, name, sex, birthday, phone, ID_number, email, parent_phone, adress, major, state from student_basic where id = ? 
2019-09-04 03:51:37,227 DEBUG (BaseJdbcLogger.java:143)- ====> Parameters: 19409(String)
2019-09-04 03:51:37,228 DEBUG (BaseJdbcLogger.java:143)- <====      Total: 1
2019-09-04 03:51:37,228 DEBUG (BaseJdbcLogger.java:143)- ====>  Preparing: select id, name, sex, birthday, phone, ID_number, email, parent_phone, adress, major, state from student_basic where id = ? 
2019-09-04 03:51:37,228 DEBUG (BaseJdbcLogger.java:143)- ====> Parameters: 19410(String)
2019-09-04 03:51:37,229 DEBUG (BaseJdbcLogger.java:143)- <====      Total: 1
2019-09-04 03:51:37,229 DEBUG (BaseJdbcLogger.java:143)- ====>  Preparing: select id, name, sex, birthday, phone, ID_number, email, parent_phone, adress, major, state from student_basic where id = ? 
2019-09-04 03:51:37,230 DEBUG (BaseJdbcLogger.java:143)- ====> Parameters: 19411(String)
2019-09-04 03:51:37,231 DEBUG (BaseJdbcLogger.java:143)- <====      Total: 1
2019-09-04 03:51:37,232 DEBUG (BaseJdbcLogger.java:143)- ====>  Preparing: select id, name, sex, birthday, phone, ID_number, email, parent_phone, adress, major, state from student_basic where id = ? 
2019-09-04 03:51:37,232 DEBUG (BaseJdbcLogger.java:143)- ====> Parameters: 19412(String)
2019-09-04 03:51:37,233 DEBUG (BaseJdbcLogger.java:143)- <====      Total: 1
2019-09-04 03:51:37,233 DEBUG (BaseJdbcLogger.java:143)- ====>  Preparing: select id, name, sex, birthday, phone, ID_number, email, parent_phone, adress, major, state from student_basic where id = ? 
2019-09-04 03:51:37,233 DEBUG (BaseJdbcLogger.java:143)- ====> Parameters: 19415(String)
2019-09-04 03:51:37,235 DEBUG (BaseJdbcLogger.java:143)- <====      Total: 1
2019-09-04 03:51:37,235 DEBUG (BaseJdbcLogger.java:143)- ====>  Preparing: select id, name, sex, birthday, phone, ID_number, email, parent_phone, adress, major, state from student_basic where id = ? 
2019-09-04 03:51:37,235 DEBUG (BaseJdbcLogger.java:143)- ====> Parameters: 19417(String)
2019-09-04 03:51:37,236 DEBUG (BaseJdbcLogger.java:143)- <====      Total: 1
2019-09-04 03:51:37,236 DEBUG (BaseJdbcLogger.java:143)- ====>  Preparing: select id, name, sex, birthday, phone, ID_number, email, parent_phone, adress, major, state from student_basic where id = ? 
2019-09-04 03:51:37,237 DEBUG (BaseJdbcLogger.java:143)- ====> Parameters: 19418(String)
2019-09-04 03:51:37,237 DEBUG (BaseJdbcLogger.java:143)- <====      Total: 1
2019-09-04 03:51:37,237 DEBUG (BaseJdbcLogger.java:143)- ====>  Preparing: select id, name, sex, birthday, phone, ID_number, email, parent_phone, adress, major, state from student_basic where id = ? 
2019-09-04 03:51:37,238 DEBUG (BaseJdbcLogger.java:143)- ====> Parameters: 19419(String)
2019-09-04 03:51:37,238 DEBUG (BaseJdbcLogger.java:143)- <====      Total: 1
2019-09-04 03:51:37,239 DEBUG (BaseJdbcLogger.java:143)- ====>  Preparing: select id, name, sex, birthday, phone, ID_number, email, parent_phone, adress, major, state from student_basic where id = ? 
2019-09-04 03:51:37,239 DEBUG (BaseJdbcLogger.java:143)- ====> Parameters: 19422(String)
2019-09-04 03:51:37,239 DEBUG (BaseJdbcLogger.java:143)- <====      Total: 1
2019-09-04 03:51:37,240 DEBUG (BaseJdbcLogger.java:143)- ====>  Preparing: select id, name, sex, birthday, phone, ID_number, email, parent_phone, adress, major, state from student_basic where id = ? 
2019-09-04 03:51:37,240 DEBUG (BaseJdbcLogger.java:143)- ====> Parameters: 19423(String)
2019-09-04 03:51:37,240 DEBUG (BaseJdbcLogger.java:143)- <====      Total: 1
2019-09-04 03:51:37,241 DEBUG (BaseJdbcLogger.java:143)- ====>  Preparing: select id, name, sex, birthday, phone, ID_number, email, parent_phone, adress, major, state from student_basic where id = ? 
2019-09-04 03:51:37,241 DEBUG (BaseJdbcLogger.java:143)- ====> Parameters: 19425(String)
2019-09-04 03:51:37,241 DEBUG (BaseJdbcLogger.java:143)- <====      Total: 1
2019-09-04 03:51:37,242 DEBUG (BaseJdbcLogger.java:143)- ====>  Preparing: select id, name, sex, birthday, phone, ID_number, email, parent_phone, adress, major, state from student_basic where id = ? 
2019-09-04 03:51:37,242 DEBUG (BaseJdbcLogger.java:143)- ====> Parameters: 19426(String)
2019-09-04 03:51:37,243 DEBUG (BaseJdbcLogger.java:143)- <====      Total: 1
2019-09-04 03:51:37,243 DEBUG (BaseJdbcLogger.java:143)- ====>  Preparing: select id, name, sex, birthday, phone, ID_number, email, parent_phone, adress, major, state from student_basic where id = ? 
2019-09-04 03:51:37,243 DEBUG (BaseJdbcLogger.java:143)- ====> Parameters: 19429(String)
