2019-09-23 05:15:04,722 DEBUG (BaseJdbcLogger.java:143)- <====      Total: 1
2019-09-23 05:15:04,723 DEBUG (BaseJdbcLogger.java:143)- <==      Total: 25
2019-09-23 05:15:04,723 DEBUG (BaseJdbcLogger.java:143)- ==>  Preparing: select student_status.id,student_status.basic_id, student_status.student_id, student_status.class_id from student_status,student_basic where student_status.basic_id=student_basic.id and student_basic.sex=? and student_status.class_id=? 
2019-09-23 05:15:04,724 DEBUG (BaseJdbcLogger.java:143)- ==> Parameters: 女(String), 080702201901(String)
2019-09-23 05:15:04,725 DEBUG (BaseJdbcLogger.java:143)- ====>  Preparing: select id, name, sex, birthday, phone, ID_number, email, parent_phone, adress, major, state from student_basic where id = ? 
2019-09-23 05:15:04,725 DEBUG (BaseJdbcLogger.java:143)- ====> Parameters: 25218(String)
2019-09-23 05:15:04,726 DEBUG (BaseJdbcLogger.java:143)- <====      Total: 1
2019-09-23 05:15:04,726 DEBUG (BaseJdbcLogger.java:143)- ====>  Preparing: select id, name, sex, birthday, phone, ID_number, email, parent_phone, adress, major, state from student_basic where id = ? 
2019-09-23 05:15:04,727 DEBUG (BaseJdbcLogger.java:143)- ====> Parameters: 25220(String)
2019-09-23 05:15:04,727 DEBUG (BaseJdbcLogger.java:143)- <====      Total: 1
2019-09-23 05:15:04,728 DEBUG (BaseJdbcLogger.java:143)- ====>  Preparing: select id, name, sex, birthday, phone, ID_number, email, parent_phone, adress, major, state from student_basic where id = ? 
2019-09-23 05:15:04,728 DEBUG (BaseJdbcLogger.java:143)- ====> Parameters: 25221(String)
2019-09-23 05:15:04,729 DEBUG (BaseJdbcLogger.java:143)- <====      Total: 1
2019-09-23 05:15:04,729 DEBUG (BaseJdbcLogger.java:143)- ====>  Preparing: select id, name, sex, birthday, phone, ID_number, email, parent_phone, adress, major, state from student_basic where id = ? 
2019-09-23 05:15:04,729 DEBUG (BaseJdbcLogger.java:143)- ====> Parameters: 25225(String)
2019-09-23 05:15:04,730 DEBUG (BaseJdbcLogger.java:143)- <====      Total: 1
2019-09-23 05:15:04,730 DEBUG (BaseJdbcLogger.java:143)- ====>  Preparing: select id, name, sex, birthday, phone, ID_number, email, parent_phone, adress, major, state from student_basic where id = ? 
2019-09-23 05:15:04,730 DEBUG (BaseJdbcLogger.java:143)- ====> Parameters: 25229(String)
2019-09-23 05:15:04,731 DEBUG (BaseJdbcLogger.java:143)- <====      Total: 1
2019-09-23 05:15:04,731 DEBUG (BaseJdbcLogger.java:143)- ====>  Preparing: select id, name, sex, birthday, phone, ID_number, email, parent_phone, adress, major, state from student_basic where id = ? 
2019-09-23 05:15:04,732 DEBUG (BaseJdbcLogger.java:143)- ====> Parameters: 25235(String)
2019-09-23 05:15:04,732 DEBUG (BaseJdbcLogger.java:143)- <====      Total: 1
2019-09-23 05:15:04,732 DEBUG (BaseJdbcLogger.java:143)- ====>  Preparing: select id, name, sex, birthday, phone, ID_number, email, parent_phone, adress, major, state from student_basic where id = ? 
2019-09-23 05:15:04,733 DEBUG (BaseJdbcLogger.java:143)- ====> Parameters: 25237(String)
2019-09-23 05:15:04,733 DEBUG (BaseJdbcLogger.java:143)- <====      Total: 1
2019-09-23 05:15:04,734 DEBUG (BaseJdbcLogger.java:143)- ====>  Preparing: select id, name, sex, birthday, phone, ID_number, email, parent_phone, adress, major, state from student_basic where id = ? 
2019-09-23 05:15:04,734 DEBUG (BaseJdbcLogger.java:143)- ====> Parameters: 25238(String)
2019-09-23 05:15:04,734 DEBUG (BaseJdbcLogger.java:143)- <====      Total: 1
2019-09-23 05:15:04,736 DEBUG (BaseJdbcLogger.java:143)- ====>  Preparing: select id, name, sex, birthday, phone, ID_number, email, parent_phone, adress, major, state from student_basic where id = ? 
2019-09-23 05:15:04,736 DEBUG (BaseJdbcLogger.java:143)- ====> Parameters: 25239(String)
2019-09-23 05:15:04,737 DEBUG (BaseJdbcLogger.java:143)- <====      Total: 1
2019-09-23 05:15:04,738 DEBUG (BaseJdbcLogger.java:143)- ====>  Preparing: select id, name, sex, birthday, phone, ID_number, email, parent_phone, adress, major, state from student_basic where id = ? 
2019-09-23 05:15:04,738 DEBUG (BaseJdbcLogger.java:143)- ====> Parameters: 25240(String)
2019-09-23 05:15:04,739 DEBUG (BaseJdbcLogger.java:143)- <====      Total: 1
2019-09-23 05:15:04,739 DEBUG (BaseJdbcLogger.java:143)- ====>  Preparing: select id, name, sex, birthday, phone, ID_number, email, parent_phone, adress, major, state from student_basic where id = ? 
2019-09-23 05:15:04,739 DEBUG (BaseJdbcLogger.java:143)- ====> Parameters: 25241(String)
2019-09-23 05:15:04,739 DEBUG (BaseJdbcLogger.java:143)- <====      Total: 1
2019-09-23 05:15:04,740 DEBUG (BaseJdbcLogger.java:143)- ====>  Preparing: select id, name, sex, birthday, phone, ID_number, email, parent_phone, adress, major, state from student_basic where id = ? 
2019-09-23 05:15:04,740 DEBUG (BaseJdbcLogger.java:143)- ====> Parameters: 25243(String)
2019-09-23 05:15:04,741 DEBUG (BaseJdbcLogger.java:143)- <====      Total: 1
2019-09-23 05:15:04,741 DEBUG (BaseJdbcLogger.java:143)- ====>  Preparing: select id, name, sex, birthday, phone, ID_number, email, parent_phone, adress, major, state from student_basic where id = ? 
2019-09-23 05:15:04,741 DEBUG (BaseJdbcLogger.java:143)- ====> Parameters: 25244(String)
2019-09-23 05:15:04,742 DEBUG (BaseJdbcLogger.java:143)- <====      Total: 1
2019-09-23 05:15:04,742 DEBUG (BaseJdbcLogger.java:143)- ====>  Preparing: select id, name, sex, birthday, phone, ID_number, email, parent_phone, adress, major, state from student_basic where id = ? 
2019-09-23 05:15:04,742 DEBUG (BaseJdbcLogger.java:143)- ====> Parameters: 25260(String)
2019-09-23 05:15:04,743 DEBUG (BaseJdbcLogger.java:143)- <====      Total: 1
2019-09-23 05:15:04,743 DEBUG (BaseJdbcLogger.java:143)- ====>  Preparing: select id, name, sex, birthday, phone, ID_number, email, parent_phone, adress, major, state from student_basic where id = ? 
2019-09-23 05:15:04,744 DEBUG (BaseJdbcLogger.java:143)- ====> Parameters: 25263(String)
2019-09-23 05:15:04,744 DEBUG (BaseJdbcLogger.java:143)- <====      Total: 1
2019-09-23 05:15:04,744 DEBUG (BaseJdbcLogger.java:143)- <==      Total: 15
2019-09-23 05:15:04,745 DEBUG (BaseJdbcLogger.java:143)- ==>  Preparing: select dormitory_allocation.id, dormitory_allocation.class_id, dormitory_allocation.dormitory_id,dormitory_allocation.number from dormitory_allocation,dormitory WHERE dormitory_allocation.dormitory_id=dormitory.id and dormitory.sex=? and class_id = ? 
2019-09-23 05:15:04,745 DEBUG (BaseJdbcLogger.java:143)- ==> Parameters: 男(String), 080702201901(String)
2019-09-23 05:15:04,746 DEBUG (BaseJdbcLogger.java:143)- <==      Total: 0
2019-09-23 05:15:04,746 DEBUG (BaseJdbcLogger.java:143)- ==>  Preparing: select dormitory_allocation.id, dormitory_allocation.class_id, dormitory_allocation.dormitory_id,dormitory_allocation.number from dormitory_allocation,dormitory WHERE dormitory_allocation.dormitory_id=dormitory.id and dormitory.sex=? and class_id = ? 
2019-09-23 05:15:04,746 DEBUG (BaseJdbcLogger.java:143)- ==> Parameters: 女(String), 080702201901(String)
2019-09-23 05:15:04,747 DEBUG (BaseJdbcLogger.java:143)- <==      Total: 0
2019-09-23 05:15:04,747 DEBUG (BaseJdbcLogger.java:143)- ==>  Preparing: select student_status.id,student_status.basic_id, student_status.student_id, student_status.class_id from student_status,student_basic where student_status.basic_id=student_basic.id and student_basic.sex=? and student_status.class_id=? 
2019-09-23 05:15:04,747 DEBUG (BaseJdbcLogger.java:143)- ==> Parameters: 男(String), 080702201902(String)
2019-09-23 05:15:04,748 DEBUG (BaseJdbcLogger.java:143)- ====>  Preparing: select id, name, sex, birthday, phone, ID_number, email, parent_phone, adress, major, state from student_basic where id = ? 
2019-09-23 05:15:04,749 DEBUG (BaseJdbcLogger.java:143)- ====> Parameters: 25256(String)
2019-09-23 05:15:04,750 DEBUG (BaseJdbcLogger.java:143)- <====      Total: 1
2019-09-23 05:15:04,751 DEBUG (BaseJdbcLogger.java:143)- ====>  Preparing: select id, class_id, name, director, grade, major_id from class WHERE class_id = ? 
2019-09-23 05:15:04,752 DEBUG (BaseJdbcLogger.java:143)- ====> Parameters: 080702201902(String)
2019-09-23 05:15:04,752 DEBUG (BaseJdbcLogger.java:143)- <====      Total: 1
2019-09-23 05:15:04,753 DEBUG (BaseJdbcLogger.java:143)- ====>  Preparing: select id, name, sex, birthday, phone, ID_number, email, parent_phone, adress, major, state from student_basic where id = ? 
2019-09-23 05:15:04,753 DEBUG (BaseJdbcLogger.java:143)- ====> Parameters: 25257(String)
2019-09-23 05:15:04,753 DEBUG (BaseJdbcLogger.java:143)- <====      Total: 1
2019-09-23 05:15:04,753 DEBUG (BaseJdbcLogger.java:143)- ====>  Preparing: select id, name, sex, birthday, phone, ID_number, email, parent_phone, adress, major, state from student_basic where id = ? 
2019-09-23 05:15:04,754 DEBUG (BaseJdbcLogger.java:143)- ====> Parameters: 25258(String)
2019-09-23 05:15:04,754 DEBUG (BaseJdbcLogger.java:143)- <====      Total: 1
2019-09-23 05:15:04,755 DEBUG (BaseJdbcLogger.java:143)- ====>  Preparing: select id, name, sex, birthday, phone, ID_number, email, parent_phone, adress, major, state from student_basic where id = ? 
2019-09-23 05:15:04,756 DEBUG (BaseJdbcLogger.java:143)- ====> Parameters: 25259(String)
2019-09-23 05:15:04,756 DEBUG (BaseJdbcLogger.java:143)- <====      Total: 1
2019-09-23 05:15:04,757 DEBUG (BaseJdbcLogger.java:143)- ====>  Preparing: select id, name, sex, birthday, phone, ID_number, email, parent_phone, adress, major, state from student_basic where id = ? 
2019-09-23 05:15:04,757 DEBUG (BaseJdbcLogger.java:143)- ====> Parameters: 25261(String)
2019-09-23 05:15:04,757 DEBUG (BaseJdbcLogger.java:143)- <====      Total: 1
2019-09-23 05:15:04,758 DEBUG (BaseJdbcLogger.java:143)- ====>  Preparing: select id, name, sex, birthday, phone, ID_number, email, parent_phone, adress, major, state from student_basic where id = ? 
2019-09-23 05:15:04,759 DEBUG (BaseJdbcLogger.java:143)- ====> Parameters: 25262(String)
2019-09-23 05:15:04,759 DEBUG (BaseJdbcLogger.java:143)- <====      Total: 1
2019-09-23 05:15:04,760 DEBUG (BaseJdbcLogger.java:143)- ====>  Preparing: select id, name, sex, birthday, phone, ID_number, email, parent_phone, adress, major, state from student_basic where id = ? 
2019-09-23 05:15:04,760 DEBUG (BaseJdbcLogger.java:143)- ====> Parameters: 25265(String)
2019-09-23 05:15:04,761 DEBUG (BaseJdbcLogger.java:143)- <====      Total: 1
2019-09-23 05:15:04,761 DEBUG (BaseJdbcLogger.java:143)- ====>  Preparing: select id, name, sex, birthday, phone, ID_number, email, parent_phone, adress, major, state from student_basic where id = ? 
2019-09-23 05:15:04,762 DEBUG (BaseJdbcLogger.java:143)- ====> Parameters: 25266(String)
2019-09-23 05:15:04,762 DEBUG (BaseJdbcLogger.java:143)- <====      Total: 1
2019-09-23 05:15:04,762 DEBUG (BaseJdbcLogger.java:143)- ====>  Preparing: select id, name, sex, birthday, phone, ID_number, email, parent_phone, adress, major, state from student_basic where id = ? 
2019-09-23 05:15:04,763 DEBUG (BaseJdbcLogger.java:143)- ====> Parameters: 25267(String)
2019-09-23 05:15:04,763 DEBUG (BaseJdbcLogger.java:143)- <====      Total: 1
2019-09-23 05:15:04,764 DEBUG (BaseJdbcLogger.java:143)- ====>  Preparing: select id, name, sex, birthday, phone, ID_number, email, parent_phone, adress, major, state from student_basic where id = ? 
2019-09-23 05:15:04,764 DEBUG (BaseJdbcLogger.java:143)- ====> Parameters: 25268(String)
2019-09-23 05:15:04,765 DEBUG (BaseJdbcLogger.java:143)- <====      Total: 1
2019-09-23 05:15:04,765 DEBUG (BaseJdbcLogger.java:143)- ====>  Preparing: select id, name, sex, birthday, phone, ID_number, email, parent_phone, adress, major, state from student_basic where id = ? 
2019-09-23 05:15:04,766 DEBUG (BaseJdbcLogger.java:143)- ====> Parameters: 25271(String)
2019-09-23 05:15:04,767 DEBUG (BaseJdbcLogger.java:143)- <====      Total: 1
2019-09-23 05:15:04,767 DEBUG (BaseJdbcLogger.java:143)- ====>  Preparing: select id, name, sex, birthday, phone, ID_number, email, parent_phone, adress, major, state from student_basic where id = ? 
2019-09-23 05:15:04,767 DEBUG (BaseJdbcLogger.java:143)- ====> Parameters: 25273(String)
2019-09-23 05:15:04,768 DEBUG (BaseJdbcLogger.java:143)- <====      Total: 1
2019-09-23 05:15:04,768 DEBUG (BaseJdbcLogger.java:143)- ====>  Preparing: select id, name, sex, birthday, phone, ID_number, email, parent_phone, adress, major, state from student_basic where id = ? 
2019-09-23 05:15:04,769 DEBUG (BaseJdbcLogger.java:143)- ====> Parameters: 25274(String)
2019-09-23 05:15:04,769 DEBUG (BaseJdbcLogger.java:143)- <====      Total: 1
2019-09-23 05:15:04,770 DEBUG (BaseJdbcLogger.java:143)- ====>  Preparing: select id, name, sex, birthday, phone, ID_number, email, parent_phone, adress, major, state from student_basic where id = ? 
2019-09-23 05:15:04,770 DEBUG (BaseJdbcLogger.java:143)- ====> Parameters: 25275(String)
2019-09-23 05:15:04,771 DEBUG (BaseJdbcLogger.java:143)- <====      Total: 1
2019-09-23 05:15:04,771 DEBUG (BaseJdbcLogger.java:143)- ====>  Preparing: select id, name, sex, birthday, phone, ID_number, email, parent_phone, adress, major, state from student_basic where id = ? 
2019-09-23 05:15:04,771 DEBUG (BaseJdbcLogger.java:143)- ====> Parameters: 25278(String)
2019-09-23 05:15:04,772 DEBUG (BaseJdbcLogger.java:143)- <====      Total: 1
2019-09-23 05:15:04,773 DEBUG (BaseJdbcLogger.java:143)- ====>  Preparing: select id, name, sex, birthday, phone, ID_number, email, parent_phone, adress, major, state from student_basic where id = ? 
2019-09-23 05:15:04,773 DEBUG (BaseJdbcLogger.java:143)- ====> Parameters: 25279(String)
2019-09-23 05:15:04,773 DEBUG (BaseJdbcLogger.java:143)- <====      Total: 1
2019-09-23 05:15:04,773 DEBUG (BaseJdbcLogger.java:143)- ====>  Preparing: select id, name, sex, birthday, phone, ID_number, email, parent_phone, adress, major, state from student_basic where id = ? 
2019-09-23 05:15:04,774 DEBUG (BaseJdbcLogger.java:143)- ====> Parameters: 25281(String)
2019-09-23 05:15:04,774 DEBUG (BaseJdbcLogger.java:143)- <====      Total: 1
2019-09-23 05:15:04,774 DEBUG (BaseJdbcLogger.java:143)- ====>  Preparing: select id, name, sex, birthday, phone, ID_number, email, parent_phone, adress, major, state from student_basic where id = ? 
2019-09-23 05:15:04,775 DEBUG (BaseJdbcLogger.java:143)- ====> Parameters: 25282(String)
2019-09-23 05:15:04,775 DEBUG (BaseJdbcLogger.java:143)- <====      Total: 1
2019-09-23 05:15:04,776 DEBUG (BaseJdbcLogger.java:143)- ====>  Preparing: select id, name, sex, birthday, phone, ID_number, email, parent_phone, adress, major, state from student_basic where id = ? 
2019-09-23 05:15:04,776 DEBUG (BaseJdbcLogger.java:143)- ====> Parameters: 25285(String)
2019-09-23 05:15:04,776 DEBUG (BaseJdbcLogger.java:143)- <====      Total: 1
2019-09-23 05:15:04,777 DEBUG (BaseJdbcLogger.java:143)- ====>  Preparing: select id, name, sex, birthday, phone, ID_number, email, parent_phone, adress, major, state from student_basic where id = ? 
2019-09-23 05:15:04,777 DEBUG (BaseJdbcLogger.java:143)- ====> Parameters: 25287(String)
2019-09-23 05:15:04,778 DEBUG (BaseJdbcLogger.java:143)- <====      Total: 1
2019-09-23 05:15:04,778 DEBUG (BaseJdbcLogger.java:143)- ====>  Preparing: select id, name, sex, birthday, phone, ID_number, email, parent_phone, adress, major, state from student_basic where id = ? 
2019-09-23 05:15:04,778 DEBUG (BaseJdbcLogger.java:143)- ====> Parameters: 25288(String)
2019-09-23 05:15:04,779 DEBUG (BaseJdbcLogger.java:143)- <====      Total: 1
2019-09-23 05:15:04,779 DEBUG (BaseJdbcLogger.java:143)- ====>  Preparing: select id, name, sex, birthday, phone, ID_number, email, parent_phone, adress, major, state from student_basic where id = ? 
2019-09-23 05:15:04,779 DEBUG (BaseJdbcLogger.java:143)- ====> Parameters: 25289(String)
2019-09-23 05:15:04,780 DEBUG (BaseJdbcLogger.java:143)- <====      Total: 1
2019-09-23 05:15:04,780 DEBUG (BaseJdbcLogger.java:143)- ====>  Preparing: select id, name, sex, birthday, phone, ID_number, email, parent_phone, adress, major, state from student_basic where id = ? 
2019-09-23 05:15:04,781 DEBUG (BaseJdbcLogger.java:143)- ====> Parameters: 25291(String)
2019-09-23 05:15:04,782 DEBUG (BaseJdbcLogger.java:143)- <====      Total: 1
2019-09-23 05:15:04,782 DEBUG (BaseJdbcLogger.java:143)- ====>  Preparing: select id, name, sex, birthday, phone, ID_number, email, parent_phone, adress, major, state from student_basic where id = ? 
2019-09-23 05:15:04,782 DEBUG (BaseJdbcLogger.java:143)- ====> Parameters: 25293(String)
2019-09-23 05:15:04,783 DEBUG (BaseJdbcLogger.java:143)- <====      Total: 1
2019-09-23 05:15:04,784 DEBUG (BaseJdbcLogger.java:143)- ====>  Preparing: select id, name, sex, birthday, phone, ID_number, email, parent_phone, adress, major, state from student_basic where id = ? 
2019-09-23 05:15:04,784 DEBUG (BaseJdbcLogger.java:143)- ====> Parameters: 25294(String)
2019-09-23 05:15:04,785 DEBUG (BaseJdbcLogger.java:143)- <====      Total: 1
2019-09-23 05:15:04,785 DEBUG (BaseJdbcLogger.java:143)- <==      Total: 25
2019-09-23 05:15:04,785 DEBUG (BaseJdbcLogger.java:143)- ==>  Preparing: select student_status.id,student_status.basic_id, student_status.student_id, student_status.class_id from student_status,student_basic where student_status.basic_id=student_basic.id and student_basic.sex=? and student_status.class_id=? 
2019-09-23 05:15:04,786 DEBUG (BaseJdbcLogger.java:143)- ==> Parameters: 女(String), 080702201902(String)
2019-09-23 05:15:04,787 DEBUG (BaseJdbcLogger.java:143)- ====>  Preparing: select id, name, sex, birthday, phone, ID_number, email, parent_phone, adress, major, state from student_basic where id = ? 
2019-09-23 05:15:04,788 DEBUG (BaseJdbcLogger.java:143)- ====> Parameters: 25264(String)
2019-09-23 05:15:04,789 DEBUG (BaseJdbcLogger.java:143)- <====      Total: 1
2019-09-23 05:15:04,789 DEBUG (BaseJdbcLogger.java:143)- ====>  Preparing: select id, name, sex, birthday, phone, ID_number, email, parent_phone, adress, major, state from student_basic where id = ? 
2019-09-23 05:15:04,789 DEBUG (BaseJdbcLogger.java:143)- ====> Parameters: 25269(String)
2019-09-23 05:15:04,790 DEBUG (BaseJdbcLogger.java:143)- <====      Total: 1
2019-09-23 05:15:04,790 DEBUG (BaseJdbcLogger.java:143)- ====>  Preparing: select id, name, sex, birthday, phone, ID_number, email, parent_phone, adress, major, state from student_basic where id = ? 
2019-09-23 05:15:04,790 DEBUG (BaseJdbcLogger.java:143)- ====> Parameters: 25270(String)
2019-09-23 05:15:04,791 DEBUG (BaseJdbcLogger.java:143)- <====      Total: 1
2019-09-23 05:15:04,791 DEBUG (BaseJdbcLogger.java:143)- ====>  Preparing: select id, name, sex, birthday, phone, ID_number, email, parent_phone, adress, major, state from student_basic where id = ? 
2019-09-23 05:15:04,792 DEBUG (BaseJdbcLogger.java:143)- ====> Parameters: 25272(String)
2019-09-23 05:15:04,792 DEBUG (BaseJdbcLogger.java:143)- <====      Total: 1
2019-09-23 05:15:04,793 DEBUG (BaseJdbcLogger.java:143)- ====>  Preparing: select id, name, sex, birthday, phone, ID_number, email, parent_phone, adress, major, state from student_basic where id = ? 
2019-09-23 05:15:04,793 DEBUG (BaseJdbcLogger.java:143)- ====> Parameters: 25276(String)
2019-09-23 05:15:04,793 DEBUG (BaseJdbcLogger.java:143)- <====      Total: 1
2019-09-23 05:15:04,794 DEBUG (BaseJdbcLogger.java:143)- ====>  Preparing: select id, name, sex, birthday, phone, ID_number, email, parent_phone, adress, major, state from student_basic where id = ? 
2019-09-23 05:15:04,794 DEBUG (BaseJdbcLogger.java:143)- ====> Parameters: 25277(String)
2019-09-23 05:15:04,795 DEBUG (BaseJdbcLogger.java:143)- <====      Total: 1
2019-09-23 05:15:04,795 DEBUG (BaseJdbcLogger.java:143)- ====>  Preparing: select id, name, sex, birthday, phone, ID_number, email, parent_phone, adress, major, state from student_basic where id = ? 
2019-09-23 05:15:04,795 DEBUG (BaseJdbcLogger.java:143)- ====> Parameters: 25280(String)
2019-09-23 05:15:04,796 DEBUG (BaseJdbcLogger.java:143)- <====      Total: 1
2019-09-23 05:15:04,797 DEBUG (BaseJdbcLogger.java:143)- ====>  Preparing: select id, name, sex, birthday, phone, ID_number, email, parent_phone, adress, major, state from student_basic where id = ? 
2019-09-23 05:15:04,798 DEBUG (BaseJdbcLogger.java:143)- ====> Parameters: 25283(String)
2019-09-23 05:15:04,798 DEBUG (BaseJdbcLogger.java:143)- <====      Total: 1
2019-09-23 05:15:04,799 DEBUG (BaseJdbcLogger.java:143)- ====>  Preparing: select id, name, sex, birthday, phone, ID_number, email, parent_phone, adress, major, state from student_basic where id = ? 
2019-09-23 05:15:04,799 DEBUG (BaseJdbcLogger.java:143)- ====> Parameters: 25284(String)
2019-09-23 05:15:04,800 DEBUG (BaseJdbcLogger.java:143)- <====      Total: 1
2019-09-23 05:15:04,801 DEBUG (BaseJdbcLogger.java:143)- ====>  Preparing: select id, name, sex, birthday, phone, ID_number, email, parent_phone, adress, major, state from student_basic where id = ? 
2019-09-23 05:15:04,801 DEBUG (BaseJdbcLogger.java:143)- ====> Parameters: 25286(String)
2019-09-23 05:15:04,801 DEBUG (BaseJdbcLogger.java:143)- <====      Total: 1
2019-09-23 05:15:04,802 DEBUG (BaseJdbcLogger.java:143)- ====>  Preparing: select id, name, sex, birthday, phone, ID_number, email, parent_phone, adress, major, state from student_basic where id = ? 
2019-09-23 05:15:04,802 DEBUG (BaseJdbcLogger.java:143)- ====> Parameters: 25290(String)
2019-09-23 05:15:04,803 DEBUG (BaseJdbcLogger.java:143)- <====      Total: 1
2019-09-23 05:15:04,803 DEBUG (BaseJdbcLogger.java:143)- ====>  Preparing: select id, name, sex, birthday, phone, ID_number, email, parent_phone, adress, major, state from student_basic where id = ? 
2019-09-23 05:15:04,804 DEBUG (BaseJdbcLogger.java:143)- ====> Parameters: 25292(String)
2019-09-23 05:15:04,804 DEBUG (BaseJdbcLogger.java:143)- <====      Total: 1
2019-09-23 05:15:04,804 DEBUG (BaseJdbcLogger.java:143)- ====>  Preparing: select id, name, sex, birthday, phone, ID_number, email, parent_phone, adress, major, state from student_basic where id = ? 
2019-09-23 05:15:04,805 DEBUG (BaseJdbcLogger.java:143)- ====> Parameters: 25297(String)
2019-09-23 05:15:04,805 DEBUG (BaseJdbcLogger.java:143)- <====      Total: 1
2019-09-23 05:15:04,806 DEBUG (BaseJdbcLogger.java:143)- ====>  Preparing: select id, name, sex, birthday, phone, ID_number, email, parent_phone, adress, major, state from student_basic where id = ? 
2019-09-23 05:15:04,806 DEBUG (BaseJdbcLogger.java:143)- ====> Parameters: 25298(String)
2019-09-23 05:15:04,806 DEBUG (BaseJdbcLogger.java:143)- <====      Total: 1
2019-09-23 05:15:04,807 DEBUG (BaseJdbcLogger.java:143)- ====>  Preparing: select id, name, sex, birthday, phone, ID_number, email, parent_phone, adress, major, state from student_basic where id = ? 
2019-09-23 05:15:04,807 DEBUG (BaseJdbcLogger.java:143)- ====> Parameters: 25299(String)
2019-09-23 05:15:04,809 DEBUG (BaseJdbcLogger.java:143)- <====      Total: 1
2019-09-23 05:15:04,809 DEBUG (BaseJdbcLogger.java:143)- <==      Total: 15
2019-09-23 05:15:04,809 DEBUG (BaseJdbcLogger.java:143)- ==>  Preparing: select dormitory_allocation.id, dormitory_allocation.class_id, dormitory_allocation.dormitory_id,dormitory_allocation.number from dormitory_allocation,dormitory WHERE dormitory_allocation.dormitory_id=dormitory.id and dormitory.sex=? and class_id = ? 
2019-09-23 05:15:04,810 DEBUG (BaseJdbcLogger.java:143)- ==> Parameters: 男(String), 080702201902(String)
2019-09-23 05:15:04,811 DEBUG (BaseJdbcLogger.java:143)- <==      Total: 0
2019-09-23 05:15:04,811 DEBUG (BaseJdbcLogger.java:143)- ==>  Preparing: select dormitory_allocation.id, dormitory_allocation.class_id, dormitory_allocation.dormitory_id,dormitory_allocation.number from dormitory_allocation,dormitory WHERE dormitory_allocation.dormitory_id=dormitory.id and dormitory.sex=? and class_id = ? 
2019-09-23 05:15:04,812 DEBUG (BaseJdbcLogger.java:143)- ==> Parameters: 女(String), 080702201902(String)
2019-09-23 05:15:04,812 DEBUG (BaseJdbcLogger.java:143)- <==      Total: 0
2019-09-23 05:15:04,813 DEBUG (BaseJdbcLogger.java:143)- ==>  Preparing: select student_status.id,student_status.basic_id, student_status.student_id, student_status.class_id from student_status,student_basic where student_status.basic_id=student_basic.id and student_basic.sex=? and student_status.class_id=? 
2019-09-23 05:15:04,813 DEBUG (BaseJdbcLogger.java:143)- ==> Parameters: 男(String), 080702201903(String)
2019-09-23 05:15:04,814 DEBUG (BaseJdbcLogger.java:143)- ====>  Preparing: select id, name, sex, birthday, phone, ID_number, email, parent_phone, adress, major, state from student_basic where id = ? 
2019-09-23 05:15:04,814 DEBUG (BaseJdbcLogger.java:143)- ====> Parameters: 25295(String)
2019-09-23 05:15:04,815 DEBUG (BaseJdbcLogger.java:143)- <====      Total: 1
2019-09-23 05:15:04,816 DEBUG (BaseJdbcLogger.java:143)- ====>  Preparing: select id, class_id, name, director, grade, major_id from class WHERE class_id = ? 
2019-09-23 05:15:04,816 DEBUG (BaseJdbcLogger.java:143)- ====> Parameters: 080702201903(String)
2019-09-23 05:15:04,817 DEBUG (BaseJdbcLogger.java:143)- <====      Total: 1
2019-09-23 05:15:04,817 DEBUG (BaseJdbcLogger.java:143)- ====>  Preparing: select id, name, sex, birthday, phone, ID_number, email, parent_phone, adress, major, state from student_basic where id = ? 
2019-09-23 05:15:04,817 DEBUG (BaseJdbcLogger.java:143)- ====> Parameters: 25296(String)
2019-09-23 05:15:04,818 DEBUG (BaseJdbcLogger.java:143)- <====      Total: 1
2019-09-23 05:15:04,818 DEBUG (BaseJdbcLogger.java:143)- ====>  Preparing: select id, name, sex, birthday, phone, ID_number, email, parent_phone, adress, major, state from student_basic where id = ? 
2019-09-23 05:15:04,818 DEBUG (BaseJdbcLogger.java:143)- ====> Parameters: 25300(String)
2019-09-23 05:15:04,819 DEBUG (BaseJdbcLogger.java:143)- <====      Total: 1
2019-09-23 05:15:04,819 DEBUG (BaseJdbcLogger.java:143)- ====>  Preparing: select id, name, sex, birthday, phone, ID_number, email, parent_phone, adress, major, state from student_basic where id = ? 
2019-09-23 05:15:04,820 DEBUG (BaseJdbcLogger.java:143)- ====> Parameters: 25303(String)
2019-09-23 05:15:04,820 DEBUG (BaseJdbcLogger.java:143)- <====      Total: 1
2019-09-23 05:15:04,821 DEBUG (BaseJdbcLogger.java:143)- ====>  Preparing: select id, name, sex, birthday, phone, ID_number, email, parent_phone, adress, major, state from student_basic where id = ? 
2019-09-23 05:15:04,821 DEBUG (BaseJdbcLogger.java:143)- ====> Parameters: 25306(String)
2019-09-23 05:15:04,822 DEBUG (BaseJdbcLogger.java:143)- <====      Total: 1
2019-09-23 05:15:04,822 DEBUG (BaseJdbcLogger.java:143)- ====>  Preparing: select id, name, sex, birthday, phone, ID_number, email, parent_phone, adress, major, state from student_basic where id = ? 
2019-09-23 05:15:04,822 DEBUG (BaseJdbcLogger.java:143)- ====> Parameters: 25307(String)
2019-09-23 05:15:04,823 DEBUG (BaseJdbcLogger.java:143)- <====      Total: 1
2019-09-23 05:15:04,823 DEBUG (BaseJdbcLogger.java:143)- ====>  Preparing: select id, name, sex, birthday, phone, ID_number, email, parent_phone, adress, major, state from student_basic where id = ? 
2019-09-23 05:15:04,824 DEBUG (BaseJdbcLogger.java:143)- ====> Parameters: 25308(String)
2019-09-23 05:15:04,824 DEBUG (BaseJdbcLogger.java:143)- <====      Total: 1
2019-09-23 05:15:04,825 DEBUG (BaseJdbcLogger.java:143)- ====>  Preparing: select id, name, sex, birthday, phone, ID_number, email, parent_phone, adress, major, state from student_basic where id = ? 
2019-09-23 05:15:04,825 DEBUG (BaseJdbcLogger.java:143)- ====> Parameters: 25312(String)
2019-09-23 05:15:04,826 DEBUG (BaseJdbcLogger.java:143)- <====      Total: 1
2019-09-23 05:15:04,826 DEBUG (BaseJdbcLogger.java:143)- ====>  Preparing: select id, name, sex, birthday, phone, ID_number, email, parent_phone, adress, major, state from student_basic where id = ? 
2019-09-23 05:15:04,827 DEBUG (BaseJdbcLogger.java:143)- ====> Parameters: 25313(String)
2019-09-23 05:15:04,828 DEBUG (BaseJdbcLogger.java:143)- <====      Total: 1
2019-09-23 05:15:04,828 DEBUG (BaseJdbcLogger.java:143)- ====>  Preparing: select id, name, sex, birthday, phone, ID_number, email, parent_phone, adress, major, state from student_basic where id = ? 
2019-09-23 05:15:04,828 DEBUG (BaseJdbcLogger.java:143)- ====> Parameters: 25314(String)
2019-09-23 05:15:04,830 DEBUG (BaseJdbcLogger.java:143)- <====      Total: 1
2019-09-23 05:15:04,830 DEBUG (BaseJdbcLogger.java:143)- ====>  Preparing: select id, name, sex, birthday, phone, ID_number, email, parent_phone, adress, major, state from student_basic where id = ? 
2019-09-23 05:15:04,830 DEBUG (BaseJdbcLogger.java:143)- ====> Parameters: 25315(String)
2019-09-23 05:15:04,831 DEBUG (BaseJdbcLogger.java:143)- <====      Total: 1
2019-09-23 05:15:04,832 DEBUG (BaseJdbcLogger.java:143)- ====>  Preparing: select id, name, sex, birthday, phone, ID_number, email, parent_phone, adress, major, state from student_basic where id = ? 
2019-09-23 05:15:04,832 DEBUG (BaseJdbcLogger.java:143)- ====> Parameters: 25317(String)
2019-09-23 05:15:04,833 DEBUG (BaseJdbcLogger.java:143)- <====      Total: 1
2019-09-23 05:15:04,833 DEBUG (BaseJdbcLogger.java:143)- ====>  Preparing: select id, name, sex, birthday, phone, ID_number, email, parent_phone, adress, major, state from student_basic where id = ? 
2019-09-23 05:15:04,833 DEBUG (BaseJdbcLogger.java:143)- ====> Parameters: 25319(String)
2019-09-23 05:15:04,834 DEBUG (BaseJdbcLogger.java:143)- <====      Total: 1
2019-09-23 05:15:04,834 DEBUG (BaseJdbcLogger.java:143)- ====>  Preparing: select id, name, sex, birthday, phone, ID_number, email, parent_phone, adress, major, state from student_basic where id = ? 
2019-09-23 05:15:04,835 DEBUG (BaseJdbcLogger.java:143)- ====> Parameters: 25320(String)
2019-09-23 05:15:04,835 DEBUG (BaseJdbcLogger.java:143)- <====      Total: 1
2019-09-23 05:15:04,836 DEBUG (BaseJdbcLogger.java:143)- ====>  Preparing: select id, name, sex, birthday, phone, ID_number, email, parent_phone, adress, major, state from student_basic where id = ? 
2019-09-23 05:15:04,836 DEBUG (BaseJdbcLogger.java:143)- ====> Parameters: 25321(String)
2019-09-23 05:15:04,837 DEBUG (BaseJdbcLogger.java:143)- <====      Total: 1
2019-09-23 05:15:04,837 DEBUG (BaseJdbcLogger.java:143)- ====>  Preparing: select id, name, sex, birthday, phone, ID_number, email, parent_phone, adress, major, state from student_basic where id = ? 
2019-09-23 05:15:04,837 DEBUG (BaseJdbcLogger.java:143)- ====> Parameters: 25322(String)
2019-09-23 05:15:04,838 DEBUG (BaseJdbcLogger.java:143)- <====      Total: 1
2019-09-23 05:15:04,838 DEBUG (BaseJdbcLogger.java:143)- ====>  Preparing: select id, name, sex, birthday, phone, ID_number, email, parent_phone, adress, major, state from student_basic where id = ? 
2019-09-23 05:15:04,839 DEBUG (BaseJdbcLogger.java:143)- ====> Parameters: 25323(String)
2019-09-23 05:15:04,839 DEBUG (BaseJdbcLogger.java:143)- <====      Total: 1
2019-09-23 05:15:04,840 DEBUG (BaseJdbcLogger.java:143)- ====>  Preparing: select id, name, sex, birthday, phone, ID_number, email, parent_phone, adress, major, state from student_basic where id = ? 
2019-09-23 05:15:04,840 DEBUG (BaseJdbcLogger.java:143)- ====> Parameters: 25324(String)
2019-09-23 05:15:04,841 DEBUG (BaseJdbcLogger.java:143)- <====      Total: 1
2019-09-23 05:15:04,842 DEBUG (BaseJdbcLogger.java:143)- ====>  Preparing: select id, name, sex, birthday, phone, ID_number, email, parent_phone, adress, major, state from student_basic where id = ? 
2019-09-23 05:15:04,842 DEBUG (BaseJdbcLogger.java:143)- ====> Parameters: 25325(String)
2019-09-23 05:15:04,843 DEBUG (BaseJdbcLogger.java:143)- <====      Total: 1
2019-09-23 05:15:04,844 DEBUG (BaseJdbcLogger.java:143)- ====>  Preparing: select id, name, sex, birthday, phone, ID_number, email, parent_phone, adress, major, state from student_basic where id = ? 
2019-09-23 05:15:04,845 DEBUG (BaseJdbcLogger.java:143)- ====> Parameters: 25328(String)
2019-09-23 05:15:04,845 DEBUG (BaseJdbcLogger.java:143)- <====      Total: 1
