2019-08-22 18:35:05,028 DEBUG (BaseJdbcLogger.java:143)- ====>  Preparing: select id, name, sex, birthday, phone, ID_number, email, parent_phone, adress, major, state from student_basic where id = ? 
2019-08-22 18:35:05,030 DEBUG (BaseJdbcLogger.java:143)- ====> Parameters: 12793(String)
2019-08-22 18:35:05,031 DEBUG (BaseJdbcLogger.java:143)- <====      Total: 1
2019-08-22 18:35:05,031 DEBUG (BaseJdbcLogger.java:143)- ====>  Preparing: select id, name, sex, birthday, phone, ID_number, email, parent_phone, adress, major, state from student_basic where id = ? 
2019-08-22 18:35:05,032 DEBUG (BaseJdbcLogger.java:143)- ====> Parameters: 12794(String)
2019-08-22 18:35:05,033 DEBUG (BaseJdbcLogger.java:143)- <====      Total: 1
2019-08-22 18:35:05,034 DEBUG (BaseJdbcLogger.java:143)- ====>  Preparing: select id, name, sex, birthday, phone, ID_number, email, parent_phone, adress, major, state from student_basic where id = ? 
2019-08-22 18:35:05,035 DEBUG (BaseJdbcLogger.java:143)- ====> Parameters: 12796(String)
2019-08-22 18:35:05,035 DEBUG (BaseJdbcLogger.java:143)- <====      Total: 1
2019-08-22 18:35:05,036 DEBUG (BaseJdbcLogger.java:143)- <==      Total: 25
2019-08-22 18:35:05,036 DEBUG (BaseJdbcLogger.java:143)- ==>  Preparing: select student_status.id,student_status.basic_id, student_status.student_id, student_status.class_id from student_status,student_basic where student_status.basic_id=student_basic.id and student_basic.sex=? and student_status.class_id=? 
2019-08-22 18:35:05,036 DEBUG (BaseJdbcLogger.java:143)- ==> Parameters: 女(String), 080205201901(String)
2019-08-22 18:35:05,038 DEBUG (BaseJdbcLogger.java:143)- ====>  Preparing: select id, name, sex, birthday, phone, ID_number, email, parent_phone, adress, major, state from student_basic where id = ? 
2019-08-22 18:35:05,038 DEBUG (BaseJdbcLogger.java:143)- ====> Parameters: 12756(String)
2019-08-22 18:35:05,039 DEBUG (BaseJdbcLogger.java:143)- <====      Total: 1
2019-08-22 18:35:05,039 DEBUG (BaseJdbcLogger.java:143)- ====>  Preparing: select id, class_id, name, director, grade, major_id from class where class_id = ? 
2019-08-22 18:35:05,040 DEBUG (BaseJdbcLogger.java:143)- ====> Parameters: 080205201901(String)
2019-08-22 18:35:05,040 DEBUG (BaseJdbcLogger.java:143)- ======>  Preparing: select id, major_id, name, price, department_id from major where major_id = ? 
2019-08-22 18:35:05,040 DEBUG (BaseJdbcLogger.java:143)- ======> Parameters: 080205(String)
2019-08-22 18:35:05,041 DEBUG (BaseJdbcLogger.java:143)- <======      Total: 1
2019-08-22 18:35:05,041 DEBUG (BaseJdbcLogger.java:143)- <====      Total: 1
2019-08-22 18:35:05,042 DEBUG (BaseJdbcLogger.java:143)- ====>  Preparing: select id, name, sex, birthday, phone, ID_number, email, parent_phone, adress, major, state from student_basic where id = ? 
2019-08-22 18:35:05,042 DEBUG (BaseJdbcLogger.java:143)- ====> Parameters: 12758(String)
2019-08-22 18:35:05,043 DEBUG (BaseJdbcLogger.java:143)- <====      Total: 1
2019-08-22 18:35:05,043 DEBUG (BaseJdbcLogger.java:143)- ====>  Preparing: select id, name, sex, birthday, phone, ID_number, email, parent_phone, adress, major, state from student_basic where id = ? 
2019-08-22 18:35:05,043 DEBUG (BaseJdbcLogger.java:143)- ====> Parameters: 12759(String)
2019-08-22 18:35:05,044 DEBUG (BaseJdbcLogger.java:143)- <====      Total: 1
2019-08-22 18:35:05,044 DEBUG (BaseJdbcLogger.java:143)- ====>  Preparing: select id, name, sex, birthday, phone, ID_number, email, parent_phone, adress, major, state from student_basic where id = ? 
2019-08-22 18:35:05,044 DEBUG (BaseJdbcLogger.java:143)- ====> Parameters: 12761(String)
2019-08-22 18:35:05,045 DEBUG (BaseJdbcLogger.java:143)- <====      Total: 1
2019-08-22 18:35:05,046 DEBUG (BaseJdbcLogger.java:143)- ====>  Preparing: select id, name, sex, birthday, phone, ID_number, email, parent_phone, adress, major, state from student_basic where id = ? 
2019-08-22 18:35:05,046 DEBUG (BaseJdbcLogger.java:143)- ====> Parameters: 12764(String)
2019-08-22 18:35:05,047 DEBUG (BaseJdbcLogger.java:143)- <====      Total: 1
2019-08-22 18:35:05,048 DEBUG (BaseJdbcLogger.java:143)- ====>  Preparing: select id, name, sex, birthday, phone, ID_number, email, parent_phone, adress, major, state from student_basic where id = ? 
2019-08-22 18:35:05,048 DEBUG (BaseJdbcLogger.java:143)- ====> Parameters: 12768(String)
2019-08-22 18:35:05,049 DEBUG (BaseJdbcLogger.java:143)- <====      Total: 1
2019-08-22 18:35:05,049 DEBUG (BaseJdbcLogger.java:143)- ====>  Preparing: select id, name, sex, birthday, phone, ID_number, email, parent_phone, adress, major, state from student_basic where id = ? 
2019-08-22 18:35:05,050 DEBUG (BaseJdbcLogger.java:143)- ====> Parameters: 12770(String)
2019-08-22 18:35:05,051 DEBUG (BaseJdbcLogger.java:143)- <====      Total: 1
2019-08-22 18:35:05,051 DEBUG (BaseJdbcLogger.java:143)- ====>  Preparing: select id, name, sex, birthday, phone, ID_number, email, parent_phone, adress, major, state from student_basic where id = ? 
2019-08-22 18:35:05,052 DEBUG (BaseJdbcLogger.java:143)- ====> Parameters: 12772(String)
2019-08-22 18:35:05,052 DEBUG (BaseJdbcLogger.java:143)- <====      Total: 1
2019-08-22 18:35:05,053 DEBUG (BaseJdbcLogger.java:143)- ====>  Preparing: select id, name, sex, birthday, phone, ID_number, email, parent_phone, adress, major, state from student_basic where id = ? 
2019-08-22 18:35:05,053 DEBUG (BaseJdbcLogger.java:143)- ====> Parameters: 12775(String)
2019-08-22 18:35:05,054 DEBUG (BaseJdbcLogger.java:143)- <====      Total: 1
2019-08-22 18:35:05,055 DEBUG (BaseJdbcLogger.java:143)- ====>  Preparing: select id, name, sex, birthday, phone, ID_number, email, parent_phone, adress, major, state from student_basic where id = ? 
2019-08-22 18:35:05,055 DEBUG (BaseJdbcLogger.java:143)- ====> Parameters: 12777(String)
2019-08-22 18:35:05,056 DEBUG (BaseJdbcLogger.java:143)- <====      Total: 1
2019-08-22 18:35:05,056 DEBUG (BaseJdbcLogger.java:143)- ====>  Preparing: select id, name, sex, birthday, phone, ID_number, email, parent_phone, adress, major, state from student_basic where id = ? 
2019-08-22 18:35:05,057 DEBUG (BaseJdbcLogger.java:143)- ====> Parameters: 12779(String)
2019-08-22 18:35:05,057 DEBUG (BaseJdbcLogger.java:143)- <====      Total: 1
2019-08-22 18:35:05,058 DEBUG (BaseJdbcLogger.java:143)- ====>  Preparing: select id, name, sex, birthday, phone, ID_number, email, parent_phone, adress, major, state from student_basic where id = ? 
2019-08-22 18:35:05,058 DEBUG (BaseJdbcLogger.java:143)- ====> Parameters: 12781(String)
2019-08-22 18:35:05,059 DEBUG (BaseJdbcLogger.java:143)- <====      Total: 1
2019-08-22 18:35:05,059 DEBUG (BaseJdbcLogger.java:143)- ====>  Preparing: select id, name, sex, birthday, phone, ID_number, email, parent_phone, adress, major, state from student_basic where id = ? 
2019-08-22 18:35:05,059 DEBUG (BaseJdbcLogger.java:143)- ====> Parameters: 12782(String)
2019-08-22 18:35:05,060 DEBUG (BaseJdbcLogger.java:143)- <====      Total: 1
2019-08-22 18:35:05,061 DEBUG (BaseJdbcLogger.java:143)- ====>  Preparing: select id, name, sex, birthday, phone, ID_number, email, parent_phone, adress, major, state from student_basic where id = ? 
2019-08-22 18:35:05,061 DEBUG (BaseJdbcLogger.java:143)- ====> Parameters: 12784(String)
2019-08-22 18:35:05,062 DEBUG (BaseJdbcLogger.java:143)- <====      Total: 1
2019-08-22 18:35:05,063 DEBUG (BaseJdbcLogger.java:143)- ====>  Preparing: select id, name, sex, birthday, phone, ID_number, email, parent_phone, adress, major, state from student_basic where id = ? 
2019-08-22 18:35:05,063 DEBUG (BaseJdbcLogger.java:143)- ====> Parameters: 12787(String)
2019-08-22 18:35:05,064 DEBUG (BaseJdbcLogger.java:143)- <====      Total: 1
2019-08-22 18:35:05,064 DEBUG (BaseJdbcLogger.java:143)- ====>  Preparing: select id, name, sex, birthday, phone, ID_number, email, parent_phone, adress, major, state from student_basic where id = ? 
2019-08-22 18:35:05,064 DEBUG (BaseJdbcLogger.java:143)- ====> Parameters: 12788(String)
2019-08-22 18:35:05,065 DEBUG (BaseJdbcLogger.java:143)- <====      Total: 1
2019-08-22 18:35:05,066 DEBUG (BaseJdbcLogger.java:143)- ====>  Preparing: select id, name, sex, birthday, phone, ID_number, email, parent_phone, adress, major, state from student_basic where id = ? 
2019-08-22 18:35:05,066 DEBUG (BaseJdbcLogger.java:143)- ====> Parameters: 12790(String)
2019-08-22 18:35:05,067 DEBUG (BaseJdbcLogger.java:143)- <====      Total: 1
2019-08-22 18:35:05,068 DEBUG (BaseJdbcLogger.java:143)- ====>  Preparing: select id, name, sex, birthday, phone, ID_number, email, parent_phone, adress, major, state from student_basic where id = ? 
2019-08-22 18:35:05,068 DEBUG (BaseJdbcLogger.java:143)- ====> Parameters: 12791(String)
2019-08-22 18:35:05,069 DEBUG (BaseJdbcLogger.java:143)- <====      Total: 1
2019-08-22 18:35:05,069 DEBUG (BaseJdbcLogger.java:143)- ====>  Preparing: select id, name, sex, birthday, phone, ID_number, email, parent_phone, adress, major, state from student_basic where id = ? 
2019-08-22 18:35:05,070 DEBUG (BaseJdbcLogger.java:143)- ====> Parameters: 12792(String)
2019-08-22 18:35:05,070 DEBUG (BaseJdbcLogger.java:143)- <====      Total: 1
2019-08-22 18:35:05,071 DEBUG (BaseJdbcLogger.java:143)- ====>  Preparing: select id, name, sex, birthday, phone, ID_number, email, parent_phone, adress, major, state from student_basic where id = ? 
2019-08-22 18:35:05,071 DEBUG (BaseJdbcLogger.java:143)- ====> Parameters: 12795(String)
2019-08-22 18:35:05,072 DEBUG (BaseJdbcLogger.java:143)- <====      Total: 1
2019-08-22 18:35:05,072 DEBUG (BaseJdbcLogger.java:143)- ====>  Preparing: select id, name, sex, birthday, phone, ID_number, email, parent_phone, adress, major, state from student_basic where id = ? 
2019-08-22 18:35:05,072 DEBUG (BaseJdbcLogger.java:143)- ====> Parameters: 12798(String)
2019-08-22 18:35:05,073 DEBUG (BaseJdbcLogger.java:143)- <====      Total: 1
2019-08-22 18:35:05,073 DEBUG (BaseJdbcLogger.java:143)- ====>  Preparing: select id, name, sex, birthday, phone, ID_number, email, parent_phone, adress, major, state from student_basic where id = ? 
2019-08-22 18:35:05,073 DEBUG (BaseJdbcLogger.java:143)- ====> Parameters: 12800(String)
2019-08-22 18:35:05,074 DEBUG (BaseJdbcLogger.java:143)- <====      Total: 1
2019-08-22 18:35:05,075 DEBUG (BaseJdbcLogger.java:143)- ====>  Preparing: select id, name, sex, birthday, phone, ID_number, email, parent_phone, adress, major, state from student_basic where id = ? 
2019-08-22 18:35:05,076 DEBUG (BaseJdbcLogger.java:143)- ====> Parameters: 12803(String)
2019-08-22 18:35:05,076 DEBUG (BaseJdbcLogger.java:143)- <====      Total: 1
2019-08-22 18:35:05,077 DEBUG (BaseJdbcLogger.java:143)- ====>  Preparing: select id, name, sex, birthday, phone, ID_number, email, parent_phone, adress, major, state from student_basic where id = ? 
2019-08-22 18:35:05,077 DEBUG (BaseJdbcLogger.java:143)- ====> Parameters: 12808(String)
2019-08-22 18:35:05,077 DEBUG (BaseJdbcLogger.java:143)- <====      Total: 1
2019-08-22 18:35:05,078 DEBUG (BaseJdbcLogger.java:143)- ====>  Preparing: select id, name, sex, birthday, phone, ID_number, email, parent_phone, adress, major, state from student_basic where id = ? 
2019-08-22 18:35:05,078 DEBUG (BaseJdbcLogger.java:143)- ====> Parameters: 12810(String)
2019-08-22 18:35:05,078 DEBUG (BaseJdbcLogger.java:143)- <====      Total: 1
2019-08-22 18:35:05,078 DEBUG (BaseJdbcLogger.java:143)- ====>  Preparing: select id, name, sex, birthday, phone, ID_number, email, parent_phone, adress, major, state from student_basic where id = ? 
2019-08-22 18:35:05,078 DEBUG (BaseJdbcLogger.java:143)- ====> Parameters: 12811(String)
2019-08-22 18:35:05,079 DEBUG (BaseJdbcLogger.java:143)- <====      Total: 1
2019-08-22 18:35:05,079 DEBUG (BaseJdbcLogger.java:143)- <==      Total: 26
2019-08-22 18:35:05,079 DEBUG (BaseJdbcLogger.java:143)- ==>  Preparing: select dormitory_allocation.id, dormitory_allocation.class_id, dormitory_allocation.dormitory_id,dormitory_allocation.number from dormitory_allocation,dormitory WHERE dormitory_allocation.dormitory_id=dormitory.id and dormitory.sex=? and class_id = ? 
2019-08-22 18:35:05,079 DEBUG (BaseJdbcLogger.java:143)- ==> Parameters: 男(String), 080205201901(String)
2019-08-22 18:35:05,081 DEBUG (BaseJdbcLogger.java:143)- ====>  Preparing: select id, dong, floor, room, sex, number, rent from dormitory where id = ? 
2019-08-22 18:35:05,081 DEBUG (BaseJdbcLogger.java:143)- ====> Parameters: 8(Integer)
2019-08-22 18:35:05,081 DEBUG (BaseJdbcLogger.java:143)- <====      Total: 1
2019-08-22 18:35:05,083 DEBUG (BaseJdbcLogger.java:143)- ====>  Preparing: select id, dong, floor, room, sex, number, rent from dormitory where id = ? 
2019-08-22 18:35:05,083 DEBUG (BaseJdbcLogger.java:143)- ====> Parameters: 9(Integer)
2019-08-22 18:35:05,083 DEBUG (BaseJdbcLogger.java:143)- <====      Total: 1
2019-08-22 18:35:05,084 DEBUG (BaseJdbcLogger.java:143)- ====>  Preparing: select id, dong, floor, room, sex, number, rent from dormitory where id = ? 
2019-08-22 18:35:05,084 DEBUG (BaseJdbcLogger.java:143)- ====> Parameters: 10(Integer)
2019-08-22 18:35:05,085 DEBUG (BaseJdbcLogger.java:143)- <====      Total: 1
2019-08-22 18:35:05,085 DEBUG (BaseJdbcLogger.java:143)- ====>  Preparing: select id, dong, floor, room, sex, number, rent from dormitory where id = ? 
2019-08-22 18:35:05,086 DEBUG (BaseJdbcLogger.java:143)- ====> Parameters: 11(Integer)
2019-08-22 18:35:05,086 DEBUG (BaseJdbcLogger.java:143)- <====      Total: 1
2019-08-22 18:35:05,087 DEBUG (BaseJdbcLogger.java:143)- ====>  Preparing: select id, dong, floor, room, sex, number, rent from dormitory where id = ? 
2019-08-22 18:35:05,087 DEBUG (BaseJdbcLogger.java:143)- ====> Parameters: 12(Integer)
2019-08-22 18:35:05,088 DEBUG (BaseJdbcLogger.java:143)- <====      Total: 1
2019-08-22 18:35:05,088 DEBUG (BaseJdbcLogger.java:143)- <==      Total: 5
2019-08-22 18:35:05,088 DEBUG (BaseJdbcLogger.java:143)- ==>  Preparing: select dormitory_allocation.id, dormitory_allocation.class_id, dormitory_allocation.dormitory_id,dormitory_allocation.number from dormitory_allocation,dormitory WHERE dormitory_allocation.dormitory_id=dormitory.id and dormitory.sex=? and class_id = ? 
2019-08-22 18:35:05,088 DEBUG (BaseJdbcLogger.java:143)- ==> Parameters: 女(String), 080205201901(String)
2019-08-22 18:35:05,089 DEBUG (BaseJdbcLogger.java:143)- ====>  Preparing: select id, dong, floor, room, sex, number, rent from dormitory where id = ? 
2019-08-22 18:35:05,089 DEBUG (BaseJdbcLogger.java:143)- ====> Parameters: 459(Integer)
2019-08-22 18:35:05,090 DEBUG (BaseJdbcLogger.java:143)- <====      Total: 1
2019-08-22 18:35:05,090 DEBUG (BaseJdbcLogger.java:143)- ====>  Preparing: select id, dong, floor, room, sex, number, rent from dormitory where id = ? 
2019-08-22 18:35:05,090 DEBUG (BaseJdbcLogger.java:143)- ====> Parameters: 460(Integer)
2019-08-22 18:35:05,091 DEBUG (BaseJdbcLogger.java:143)- <====      Total: 1
2019-08-22 18:35:05,091 DEBUG (BaseJdbcLogger.java:143)- ====>  Preparing: select id, dong, floor, room, sex, number, rent from dormitory where id = ? 
2019-08-22 18:35:05,091 DEBUG (BaseJdbcLogger.java:143)- ====> Parameters: 461(Integer)
2019-08-22 18:35:05,092 DEBUG (BaseJdbcLogger.java:143)- <====      Total: 1
2019-08-22 18:35:05,092 DEBUG (BaseJdbcLogger.java:143)- ====>  Preparing: select id, dong, floor, room, sex, number, rent from dormitory where id = ? 
2019-08-22 18:35:05,093 DEBUG (BaseJdbcLogger.java:143)- ====> Parameters: 462(Integer)
2019-08-22 18:35:05,094 DEBUG (BaseJdbcLogger.java:143)- <====      Total: 1
2019-08-22 18:35:05,095 DEBUG (BaseJdbcLogger.java:143)- ====>  Preparing: select id, dong, floor, room, sex, number, rent from dormitory where id = ? 
2019-08-22 18:35:05,095 DEBUG (BaseJdbcLogger.java:143)- ====> Parameters: 463(Integer)
2019-08-22 18:35:05,096 DEBUG (BaseJdbcLogger.java:143)- <====      Total: 1
2019-08-22 18:35:05,096 DEBUG (BaseJdbcLogger.java:143)- ====>  Preparing: select id, dong, floor, room, sex, number, rent from dormitory where id = ? 
2019-08-22 18:35:05,097 DEBUG (BaseJdbcLogger.java:143)- ====> Parameters: 546(Integer)
2019-08-22 18:35:05,098 DEBUG (BaseJdbcLogger.java:143)- <====      Total: 1
2019-08-22 18:35:05,099 DEBUG (BaseJdbcLogger.java:143)- <==      Total: 6
2019-08-22 18:35:05,099 DEBUG (BaseJdbcLogger.java:143)- ==>  Preparing: select student_status.id,student_status.basic_id, student_status.student_id, student_status.class_id from student_status,student_basic where student_status.basic_id=student_basic.id and student_basic.sex=? and student_status.class_id=? 
2019-08-22 18:35:05,099 DEBUG (BaseJdbcLogger.java:143)- ==> Parameters: 男(String), 080205201902(String)
2019-08-22 18:35:05,101 DEBUG (BaseJdbcLogger.java:143)- ====>  Preparing: select id, name, sex, birthday, phone, ID_number, email, parent_phone, adress, major, state from student_basic where id = ? 
2019-08-22 18:35:05,102 DEBUG (BaseJdbcLogger.java:143)- ====> Parameters: 12797(String)
2019-08-22 18:35:05,103 DEBUG (BaseJdbcLogger.java:143)- <====      Total: 1
2019-08-22 18:35:05,103 DEBUG (BaseJdbcLogger.java:143)- ====>  Preparing: select id, class_id, name, director, grade, major_id from class where class_id = ? 
2019-08-22 18:35:05,103 DEBUG (BaseJdbcLogger.java:143)- ====> Parameters: 080205201902(String)
2019-08-22 18:35:05,104 DEBUG (BaseJdbcLogger.java:143)- ======>  Preparing: select id, major_id, name, price, department_id from major where major_id = ? 
2019-08-22 18:35:05,105 DEBUG (BaseJdbcLogger.java:143)- ======> Parameters: 080205(String)
2019-08-22 18:35:05,105 DEBUG (BaseJdbcLogger.java:143)- <======      Total: 1
2019-08-22 18:35:05,105 DEBUG (BaseJdbcLogger.java:143)- <====      Total: 1
2019-08-22 18:35:05,106 DEBUG (BaseJdbcLogger.java:143)- ====>  Preparing: select id, name, sex, birthday, phone, ID_number, email, parent_phone, adress, major, state from student_basic where id = ? 
2019-08-22 18:35:05,106 DEBUG (BaseJdbcLogger.java:143)- ====> Parameters: 12799(String)
2019-08-22 18:35:05,107 DEBUG (BaseJdbcLogger.java:143)- <====      Total: 1
2019-08-22 18:35:05,108 DEBUG (BaseJdbcLogger.java:143)- ====>  Preparing: select id, name, sex, birthday, phone, ID_number, email, parent_phone, adress, major, state from student_basic where id = ? 
2019-08-22 18:35:05,108 DEBUG (BaseJdbcLogger.java:143)- ====> Parameters: 12801(String)
2019-08-22 18:35:05,109 DEBUG (BaseJdbcLogger.java:143)- <====      Total: 1
2019-08-22 18:35:05,110 DEBUG (BaseJdbcLogger.java:143)- ====>  Preparing: select id, name, sex, birthday, phone, ID_number, email, parent_phone, adress, major, state from student_basic where id = ? 
2019-08-22 18:35:05,110 DEBUG (BaseJdbcLogger.java:143)- ====> Parameters: 12802(String)
2019-08-22 18:35:05,110 DEBUG (BaseJdbcLogger.java:143)- <====      Total: 1
2019-08-22 18:35:05,110 DEBUG (BaseJdbcLogger.java:143)- ====>  Preparing: select id, name, sex, birthday, phone, ID_number, email, parent_phone, adress, major, state from student_basic where id = ? 
2019-08-22 18:35:05,111 DEBUG (BaseJdbcLogger.java:143)- ====> Parameters: 12804(String)
2019-08-22 18:35:05,111 DEBUG (BaseJdbcLogger.java:143)- <====      Total: 1
2019-08-22 18:35:05,112 DEBUG (BaseJdbcLogger.java:143)- ====>  Preparing: select id, name, sex, birthday, phone, ID_number, email, parent_phone, adress, major, state from student_basic where id = ? 
2019-08-22 18:35:05,112 DEBUG (BaseJdbcLogger.java:143)- ====> Parameters: 12805(String)
2019-08-22 18:35:05,113 DEBUG (BaseJdbcLogger.java:143)- <====      Total: 1
2019-08-22 18:35:05,113 DEBUG (BaseJdbcLogger.java:143)- ====>  Preparing: select id, name, sex, birthday, phone, ID_number, email, parent_phone, adress, major, state from student_basic where id = ? 
2019-08-22 18:35:05,113 DEBUG (BaseJdbcLogger.java:143)- ====> Parameters: 12806(String)
2019-08-22 18:35:05,115 DEBUG (BaseJdbcLogger.java:143)- <====      Total: 1
2019-08-22 18:35:05,115 DEBUG (BaseJdbcLogger.java:143)- ====>  Preparing: select id, name, sex, birthday, phone, ID_number, email, parent_phone, adress, major, state from student_basic where id = ? 
2019-08-22 18:35:05,115 DEBUG (BaseJdbcLogger.java:143)- ====> Parameters: 12807(String)
2019-08-22 18:35:05,116 DEBUG (BaseJdbcLogger.java:143)- <====      Total: 1
2019-08-22 18:35:05,117 DEBUG (BaseJdbcLogger.java:143)- ====>  Preparing: select id, name, sex, birthday, phone, ID_number, email, parent_phone, adress, major, state from student_basic where id = ? 
2019-08-22 18:35:05,117 DEBUG (BaseJdbcLogger.java:143)- ====> Parameters: 12809(String)
2019-08-22 18:35:05,118 DEBUG (BaseJdbcLogger.java:143)- <====      Total: 1
2019-08-22 18:35:05,119 DEBUG (BaseJdbcLogger.java:143)- ====>  Preparing: select id, name, sex, birthday, phone, ID_number, email, parent_phone, adress, major, state from student_basic where id = ? 
2019-08-22 18:35:05,119 DEBUG (BaseJdbcLogger.java:143)- ====> Parameters: 12812(String)
2019-08-22 18:35:05,120 DEBUG (BaseJdbcLogger.java:143)- <====      Total: 1
2019-08-22 18:35:05,120 DEBUG (BaseJdbcLogger.java:143)- ====>  Preparing: select id, name, sex, birthday, phone, ID_number, email, parent_phone, adress, major, state from student_basic where id = ? 
2019-08-22 18:35:05,121 DEBUG (BaseJdbcLogger.java:143)- ====> Parameters: 12813(String)
2019-08-22 18:35:05,122 DEBUG (BaseJdbcLogger.java:143)- <====      Total: 1
2019-08-22 18:35:05,122 DEBUG (BaseJdbcLogger.java:143)- ====>  Preparing: select id, name, sex, birthday, phone, ID_number, email, parent_phone, adress, major, state from student_basic where id = ? 
2019-08-22 18:35:05,122 DEBUG (BaseJdbcLogger.java:143)- ====> Parameters: 12815(String)
2019-08-22 18:35:05,122 DEBUG (BaseJdbcLogger.java:143)- <====      Total: 1
2019-08-22 18:35:05,124 DEBUG (BaseJdbcLogger.java:143)- ====>  Preparing: select id, name, sex, birthday, phone, ID_number, email, parent_phone, adress, major, state from student_basic where id = ? 
2019-08-22 18:35:05,125 DEBUG (BaseJdbcLogger.java:143)- ====> Parameters: 12817(String)
2019-08-22 18:35:05,126 DEBUG (BaseJdbcLogger.java:143)- <====      Total: 1
2019-08-22 18:35:05,126 DEBUG (BaseJdbcLogger.java:143)- ====>  Preparing: select id, name, sex, birthday, phone, ID_number, email, parent_phone, adress, major, state from student_basic where id = ? 
2019-08-22 18:35:05,127 DEBUG (BaseJdbcLogger.java:143)- ====> Parameters: 12818(String)
2019-08-22 18:35:05,127 DEBUG (BaseJdbcLogger.java:143)- <====      Total: 1
2019-08-22 18:35:05,128 DEBUG (BaseJdbcLogger.java:143)- ====>  Preparing: select id, name, sex, birthday, phone, ID_number, email, parent_phone, adress, major, state from student_basic where id = ? 
2019-08-22 18:35:05,128 DEBUG (BaseJdbcLogger.java:143)- ====> Parameters: 12821(String)
2019-08-22 18:35:05,129 DEBUG (BaseJdbcLogger.java:143)- <====      Total: 1
2019-08-22 18:35:05,129 DEBUG (BaseJdbcLogger.java:143)- ====>  Preparing: select id, name, sex, birthday, phone, ID_number, email, parent_phone, adress, major, state from student_basic where id = ? 
2019-08-22 18:35:05,129 DEBUG (BaseJdbcLogger.java:143)- ====> Parameters: 12823(String)
2019-08-22 18:35:05,130 DEBUG (BaseJdbcLogger.java:143)- <====      Total: 1
2019-08-22 18:35:05,130 DEBUG (BaseJdbcLogger.java:143)- ====>  Preparing: select id, name, sex, birthday, phone, ID_number, email, parent_phone, adress, major, state from student_basic where id = ? 
2019-08-22 18:35:05,130 DEBUG (BaseJdbcLogger.java:143)- ====> Parameters: 12827(String)
2019-08-22 18:35:05,131 DEBUG (BaseJdbcLogger.java:143)- <====      Total: 1
2019-08-22 18:35:05,131 DEBUG (BaseJdbcLogger.java:143)- ====>  Preparing: select id, name, sex, birthday, phone, ID_number, email, parent_phone, adress, major, state from student_basic where id = ? 
2019-08-22 18:35:05,131 DEBUG (BaseJdbcLogger.java:143)- ====> Parameters: 12832(String)
2019-08-22 18:35:05,132 DEBUG (BaseJdbcLogger.java:143)- <====      Total: 1
2019-08-22 18:35:05,132 DEBUG (BaseJdbcLogger.java:143)- ====>  Preparing: select id, name, sex, birthday, phone, ID_number, email, parent_phone, adress, major, state from student_basic where id = ? 
2019-08-22 18:35:05,133 DEBUG (BaseJdbcLogger.java:143)- ====> Parameters: 12833(String)
2019-08-22 18:35:05,134 DEBUG (BaseJdbcLogger.java:143)- <====      Total: 1
2019-08-22 18:35:05,134 DEBUG (BaseJdbcLogger.java:143)- ====>  Preparing: select id, name, sex, birthday, phone, ID_number, email, parent_phone, adress, major, state from student_basic where id = ? 
2019-08-22 18:35:05,134 DEBUG (BaseJdbcLogger.java:143)- ====> Parameters: 12834(String)
2019-08-22 18:35:05,135 DEBUG (BaseJdbcLogger.java:143)- <====      Total: 1
2019-08-22 18:35:05,136 DEBUG (BaseJdbcLogger.java:143)- ====>  Preparing: select id, name, sex, birthday, phone, ID_number, email, parent_phone, adress, major, state from student_basic where id = ? 
2019-08-22 18:35:05,136 DEBUG (BaseJdbcLogger.java:143)- ====> Parameters: 12837(String)
2019-08-22 18:35:05,136 DEBUG (BaseJdbcLogger.java:143)- <====      Total: 1
2019-08-22 18:35:05,137 DEBUG (BaseJdbcLogger.java:143)- ====>  Preparing: select id, name, sex, birthday, phone, ID_number, email, parent_phone, adress, major, state from student_basic where id = ? 
2019-08-22 18:35:05,137 DEBUG (BaseJdbcLogger.java:143)- ====> Parameters: 12840(String)
2019-08-22 18:35:05,137 DEBUG (BaseJdbcLogger.java:143)- <====      Total: 1
2019-08-22 18:35:05,138 DEBUG (BaseJdbcLogger.java:143)- ====>  Preparing: select id, name, sex, birthday, phone, ID_number, email, parent_phone, adress, major, state from student_basic where id = ? 
2019-08-22 18:35:05,138 DEBUG (BaseJdbcLogger.java:143)- ====> Parameters: 12841(String)
2019-08-22 18:35:05,139 DEBUG (BaseJdbcLogger.java:143)- <====      Total: 1
2019-08-22 18:35:05,139 DEBUG (BaseJdbcLogger.java:143)- ====>  Preparing: select id, name, sex, birthday, phone, ID_number, email, parent_phone, adress, major, state from student_basic where id = ? 
2019-08-22 18:35:05,139 DEBUG (BaseJdbcLogger.java:143)- ====> Parameters: 12846(String)
2019-08-22 18:35:05,140 DEBUG (BaseJdbcLogger.java:143)- <====      Total: 1
2019-08-22 18:35:05,140 DEBUG (BaseJdbcLogger.java:143)- ====>  Preparing: select id, name, sex, birthday, phone, ID_number, email, parent_phone, adress, major, state from student_basic where id = ? 
2019-08-22 18:35:05,140 DEBUG (BaseJdbcLogger.java:143)- ====> Parameters: 12847(String)
2019-08-22 18:35:05,141 DEBUG (BaseJdbcLogger.java:143)- <====      Total: 1
2019-08-22 18:35:05,141 DEBUG (BaseJdbcLogger.java:143)- <==      Total: 25
2019-08-22 18:35:05,142 DEBUG (BaseJdbcLogger.java:143)- ==>  Preparing: select student_status.id,student_status.basic_id, student_status.student_id, student_status.class_id from student_status,student_basic where student_status.basic_id=student_basic.id and student_basic.sex=? and student_status.class_id=? 
2019-08-22 18:35:05,142 DEBUG (BaseJdbcLogger.java:143)- ==> Parameters: 女(String), 080205201902(String)
2019-08-22 18:35:05,143 DEBUG (BaseJdbcLogger.java:143)- ====>  Preparing: select id, name, sex, birthday, phone, ID_number, email, parent_phone, adress, major, state from student_basic where id = ? 
2019-08-22 18:35:05,143 DEBUG (BaseJdbcLogger.java:143)- ====> Parameters: 12814(String)
2019-08-22 18:35:05,144 DEBUG (BaseJdbcLogger.java:143)- <====      Total: 1
2019-08-22 18:35:05,144 DEBUG (BaseJdbcLogger.java:143)- ====>  Preparing: select id, class_id, name, director, grade, major_id from class where class_id = ? 
2019-08-22 18:35:05,144 DEBUG (BaseJdbcLogger.java:143)- ====> Parameters: 080205201902(String)
2019-08-22 18:35:05,145 DEBUG (BaseJdbcLogger.java:143)- ======>  Preparing: select id, major_id, name, price, department_id from major where major_id = ? 
2019-08-22 18:35:05,146 DEBUG (BaseJdbcLogger.java:143)- ======> Parameters: 080205(String)
2019-08-22 18:35:05,146 DEBUG (BaseJdbcLogger.java:143)- <======      Total: 1
2019-08-22 18:35:05,146 DEBUG (BaseJdbcLogger.java:143)- <====      Total: 1
2019-08-22 18:35:05,147 DEBUG (BaseJdbcLogger.java:143)- ====>  Preparing: select id, name, sex, birthday, phone, ID_number, email, parent_phone, adress, major, state from student_basic where id = ? 
2019-08-22 18:35:05,147 DEBUG (BaseJdbcLogger.java:143)- ====> Parameters: 12816(String)
2019-08-22 18:35:05,147 DEBUG (BaseJdbcLogger.java:143)- <====      Total: 1
2019-08-22 18:35:05,148 DEBUG (BaseJdbcLogger.java:143)- ====>  Preparing: select id, name, sex, birthday, phone, ID_number, email, parent_phone, adress, major, state from student_basic where id = ? 
2019-08-22 18:35:05,148 DEBUG (BaseJdbcLogger.java:143)- ====> Parameters: 12819(String)
2019-08-22 18:35:05,149 DEBUG (BaseJdbcLogger.java:143)- <====      Total: 1
2019-08-22 18:35:05,150 DEBUG (BaseJdbcLogger.java:143)- ====>  Preparing: select id, name, sex, birthday, phone, ID_number, email, parent_phone, adress, major, state from student_basic where id = ? 
2019-08-22 18:35:05,150 DEBUG (BaseJdbcLogger.java:143)- ====> Parameters: 12820(String)
2019-08-22 18:35:05,151 DEBUG (BaseJdbcLogger.java:143)- <====      Total: 1
2019-08-22 18:35:05,151 DEBUG (BaseJdbcLogger.java:143)- ====>  Preparing: select id, name, sex, birthday, phone, ID_number, email, parent_phone, adress, major, state from student_basic where id = ? 
2019-08-22 18:35:05,151 DEBUG (BaseJdbcLogger.java:143)- ====> Parameters: 12822(String)
2019-08-22 18:35:05,152 DEBUG (BaseJdbcLogger.java:143)- <====      Total: 1
2019-08-22 18:35:05,152 DEBUG (BaseJdbcLogger.java:143)- ====>  Preparing: select id, name, sex, birthday, phone, ID_number, email, parent_phone, adress, major, state from student_basic where id = ? 
2019-08-22 18:35:05,153 DEBUG (BaseJdbcLogger.java:143)- ====> Parameters: 12824(String)
2019-08-22 18:35:05,153 DEBUG (BaseJdbcLogger.java:143)- <====      Total: 1
2019-08-22 18:35:05,154 DEBUG (BaseJdbcLogger.java:143)- ====>  Preparing: select id, name, sex, birthday, phone, ID_number, email, parent_phone, adress, major, state from student_basic where id = ? 
2019-08-22 18:35:05,154 DEBUG (BaseJdbcLogger.java:143)- ====> Parameters: 12825(String)
2019-08-22 18:35:05,154 DEBUG (BaseJdbcLogger.java:143)- <====      Total: 1
2019-08-22 18:35:05,155 DEBUG (BaseJdbcLogger.java:143)- ====>  Preparing: select id, name, sex, birthday, phone, ID_number, email, parent_phone, adress, major, state from student_basic where id = ? 
2019-08-22 18:35:05,155 DEBUG (BaseJdbcLogger.java:143)- ====> Parameters: 12826(String)
2019-08-22 18:35:05,156 DEBUG (BaseJdbcLogger.java:143)- <====      Total: 1
2019-08-22 18:35:05,156 DEBUG (BaseJdbcLogger.java:143)- ====>  Preparing: select id, name, sex, birthday, phone, ID_number, email, parent_phone, adress, major, state from student_basic where id = ? 
2019-08-22 18:35:05,156 DEBUG (BaseJdbcLogger.java:143)- ====> Parameters: 12828(String)
2019-08-22 18:35:05,157 DEBUG (BaseJdbcLogger.java:143)- <====      Total: 1
2019-08-22 18:35:05,157 DEBUG (BaseJdbcLogger.java:143)- ====>  Preparing: select id, name, sex, birthday, phone, ID_number, email, parent_phone, adress, major, state from student_basic where id = ? 
2019-08-22 18:35:05,158 DEBUG (BaseJdbcLogger.java:143)- ====> Parameters: 12829(String)
2019-08-22 18:35:05,159 DEBUG (BaseJdbcLogger.java:143)- <====      Total: 1
2019-08-22 18:35:05,159 DEBUG (BaseJdbcLogger.java:143)- ====>  Preparing: select id, name, sex, birthday, phone, ID_number, email, parent_phone, adress, major, state from student_basic where id = ? 
2019-08-22 18:35:05,159 DEBUG (BaseJdbcLogger.java:143)- ====> Parameters: 12830(String)
2019-08-22 18:35:05,161 DEBUG (BaseJdbcLogger.java:143)- <====      Total: 1
2019-08-22 18:35:05,162 DEBUG (BaseJdbcLogger.java:143)- ====>  Preparing: select id, name, sex, birthday, phone, ID_number, email, parent_phone, adress, major, state from student_basic where id = ? 
2019-08-22 18:35:05,162 DEBUG (BaseJdbcLogger.java:143)- ====> Parameters: 12831(String)
2019-08-22 18:35:05,164 DEBUG (BaseJdbcLogger.java:143)- <====      Total: 1
2019-08-22 18:35:05,164 DEBUG (BaseJdbcLogger.java:143)- ====>  Preparing: select id, name, sex, birthday, phone, ID_number, email, parent_phone, adress, major, state from student_basic where id = ? 
2019-08-22 18:35:05,165 DEBUG (BaseJdbcLogger.java:143)- ====> Parameters: 12835(String)
2019-08-22 18:35:05,166 DEBUG (BaseJdbcLogger.java:143)- <====      Total: 1
2019-08-22 18:35:05,167 DEBUG (BaseJdbcLogger.java:143)- ====>  Preparing: select id, name, sex, birthday, phone, ID_number, email, parent_phone, adress, major, state from student_basic where id = ? 
2019-08-22 18:35:05,167 DEBUG (BaseJdbcLogger.java:143)- ====> Parameters: 12836(String)
2019-08-22 18:35:05,169 DEBUG (BaseJdbcLogger.java:143)- <====      Total: 1
2019-08-22 18:35:05,169 DEBUG (BaseJdbcLogger.java:143)- ====>  Preparing: select id, name, sex, birthday, phone, ID_number, email, parent_phone, adress, major, state from student_basic where id = ? 
2019-08-22 18:35:05,169 DEBUG (BaseJdbcLogger.java:143)- ====> Parameters: 12838(String)
2019-08-22 18:35:05,171 DEBUG (BaseJdbcLogger.java:143)- <====      Total: 1
2019-08-22 18:35:05,171 DEBUG (BaseJdbcLogger.java:143)- ====>  Preparing: select id, name, sex, birthday, phone, ID_number, email, parent_phone, adress, major, state from student_basic where id = ? 
2019-08-22 18:35:05,171 DEBUG (BaseJdbcLogger.java:143)- ====> Parameters: 12839(String)
2019-08-22 18:35:05,173 DEBUG (BaseJdbcLogger.java:143)- <====      Total: 1
2019-08-22 18:35:05,173 DEBUG (BaseJdbcLogger.java:143)- ====>  Preparing: select id, name, sex, birthday, phone, ID_number, email, parent_phone, adress, major, state from student_basic where id = ? 
2019-08-22 18:35:05,174 DEBUG (BaseJdbcLogger.java:143)- ====> Parameters: 12842(String)
2019-08-22 18:35:05,174 DEBUG (BaseJdbcLogger.java:143)- <====      Total: 1
2019-08-22 18:35:05,175 DEBUG (BaseJdbcLogger.java:143)- ====>  Preparing: select id, name, sex, birthday, phone, ID_number, email, parent_phone, adress, major, state from student_basic where id = ? 
2019-08-22 18:35:05,175 DEBUG (BaseJdbcLogger.java:143)- ====> Parameters: 12843(String)
2019-08-22 18:35:05,176 DEBUG (BaseJdbcLogger.java:143)- <====      Total: 1
2019-08-22 18:35:05,177 DEBUG (BaseJdbcLogger.java:143)- ====>  Preparing: select id, name, sex, birthday, phone, ID_number, email, parent_phone, adress, major, state from student_basic where id = ? 
2019-08-22 18:35:05,177 DEBUG (BaseJdbcLogger.java:143)- ====> Parameters: 12844(String)
2019-08-22 18:35:05,178 DEBUG (BaseJdbcLogger.java:143)- <====      Total: 1
2019-08-22 18:35:05,178 DEBUG (BaseJdbcLogger.java:143)- ====>  Preparing: select id, name, sex, birthday, phone, ID_number, email, parent_phone, adress, major, state from student_basic where id = ? 
2019-08-22 18:35:05,179 DEBUG (BaseJdbcLogger.java:143)- ====> Parameters: 12845(String)
2019-08-22 18:35:05,179 DEBUG (BaseJdbcLogger.java:143)- <====      Total: 1
2019-08-22 18:35:05,180 DEBUG (BaseJdbcLogger.java:143)- ====>  Preparing: select id, name, sex, birthday, phone, ID_number, email, parent_phone, adress, major, state from student_basic where id = ? 
2019-08-22 18:35:05,180 DEBUG (BaseJdbcLogger.java:143)- ====> Parameters: 12850(String)
2019-08-22 18:35:05,180 DEBUG (BaseJdbcLogger.java:143)- <====      Total: 1
2019-08-22 18:35:05,181 DEBUG (BaseJdbcLogger.java:143)- ====>  Preparing: select id, name, sex, birthday, phone, ID_number, email, parent_phone, adress, major, state from student_basic where id = ? 
2019-08-22 18:35:05,181 DEBUG (BaseJdbcLogger.java:143)- ====> Parameters: 12851(String)
2019-08-22 18:35:05,182 DEBUG (BaseJdbcLogger.java:143)- <====      Total: 1
2019-08-22 18:35:05,182 DEBUG (BaseJdbcLogger.java:143)- ====>  Preparing: select id, name, sex, birthday, phone, ID_number, email, parent_phone, adress, major, state from student_basic where id = ? 
2019-08-22 18:35:05,183 DEBUG (BaseJdbcLogger.java:143)- ====> Parameters: 12852(String)
2019-08-22 18:35:05,183 DEBUG (BaseJdbcLogger.java:143)- <====      Total: 1
2019-08-22 18:35:05,184 DEBUG (BaseJdbcLogger.java:143)- ====>  Preparing: select id, name, sex, birthday, phone, ID_number, email, parent_phone, adress, major, state from student_basic where id = ? 
2019-08-22 18:35:05,184 DEBUG (BaseJdbcLogger.java:143)- ====> Parameters: 12855(String)
2019-08-22 18:35:05,185 DEBUG (BaseJdbcLogger.java:143)- <====      Total: 1
2019-08-22 18:35:05,185 DEBUG (BaseJdbcLogger.java:143)- ====>  Preparing: select id, name, sex, birthday, phone, ID_number, email, parent_phone, adress, major, state from student_basic where id = ? 
2019-08-22 18:35:05,186 DEBUG (BaseJdbcLogger.java:143)- ====> Parameters: 12857(String)
2019-08-22 18:35:05,186 DEBUG (BaseJdbcLogger.java:143)- <====      Total: 1
2019-08-22 18:35:05,187 DEBUG (BaseJdbcLogger.java:143)- <==      Total: 25
2019-08-22 18:35:05,187 DEBUG (BaseJdbcLogger.java:143)- ==>  Preparing: select dormitory_allocation.id, dormitory_allocation.class_id, dormitory_allocation.dormitory_id,dormitory_allocation.number from dormitory_allocation,dormitory WHERE dormitory_allocation.dormitory_id=dormitory.id and dormitory.sex=? and class_id = ? 
2019-08-22 18:35:05,187 DEBUG (BaseJdbcLogger.java:143)- ==> Parameters: 男(String), 080205201902(String)
2019-08-22 18:35:05,188 DEBUG (BaseJdbcLogger.java:143)- ====>  Preparing: select id, dong, floor, room, sex, number, rent from dormitory where id = ? 
2019-08-22 18:35:05,188 DEBUG (BaseJdbcLogger.java:143)- ====> Parameters: 13(Integer)
2019-08-22 18:35:05,189 DEBUG (BaseJdbcLogger.java:143)- <====      Total: 1
2019-08-22 18:35:05,189 DEBUG (BaseJdbcLogger.java:143)- ====>  Preparing: select id, dong, floor, room, sex, number, rent from dormitory where id = ? 
2019-08-22 18:35:05,190 DEBUG (BaseJdbcLogger.java:143)- ====> Parameters: 14(Integer)
2019-08-22 18:35:05,190 DEBUG (BaseJdbcLogger.java:143)- <====      Total: 1
2019-08-22 18:35:05,191 DEBUG (BaseJdbcLogger.java:143)- ====>  Preparing: select id, dong, floor, room, sex, number, rent from dormitory where id = ? 
2019-08-22 18:35:05,191 DEBUG (BaseJdbcLogger.java:143)- ====> Parameters: 15(Integer)
2019-08-22 18:35:05,191 DEBUG (BaseJdbcLogger.java:143)- <====      Total: 1
2019-08-22 18:35:05,192 DEBUG (BaseJdbcLogger.java:143)- ====>  Preparing: select id, dong, floor, room, sex, number, rent from dormitory where id = ? 
2019-08-22 18:35:05,192 DEBUG (BaseJdbcLogger.java:143)- ====> Parameters: 16(Integer)
2019-08-22 18:35:05,193 DEBUG (BaseJdbcLogger.java:143)- <====      Total: 1
2019-08-22 18:35:05,193 DEBUG (BaseJdbcLogger.java:143)- ====>  Preparing: select id, dong, floor, room, sex, number, rent from dormitory where id = ? 
2019-08-22 18:35:05,193 DEBUG (BaseJdbcLogger.java:143)- ====> Parameters: 17(Integer)
2019-08-22 18:35:05,194 DEBUG (BaseJdbcLogger.java:143)- <====      Total: 1
2019-08-22 18:35:05,194 DEBUG (BaseJdbcLogger.java:143)- <==      Total: 5
2019-08-22 18:35:05,195 DEBUG (BaseJdbcLogger.java:143)- ==>  Preparing: select dormitory_allocation.id, dormitory_allocation.class_id, dormitory_allocation.dormitory_id,dormitory_allocation.number from dormitory_allocation,dormitory WHERE dormitory_allocation.dormitory_id=dormitory.id and dormitory.sex=? and class_id = ? 
2019-08-22 18:35:05,195 DEBUG (BaseJdbcLogger.java:143)- ==> Parameters: 女(String), 080205201902(String)
2019-08-22 18:35:05,196 DEBUG (BaseJdbcLogger.java:143)- ====>  Preparing: select id, dong, floor, room, sex, number, rent from dormitory where id = ? 
2019-08-22 18:35:05,196 DEBUG (BaseJdbcLogger.java:143)- ====> Parameters: 464(Integer)
2019-08-22 18:35:05,197 DEBUG (BaseJdbcLogger.java:143)- <====      Total: 1
2019-08-22 18:35:05,197 DEBUG (BaseJdbcLogger.java:143)- ====>  Preparing: select id, dong, floor, room, sex, number, rent from dormitory where id = ? 
2019-08-22 18:35:05,198 DEBUG (BaseJdbcLogger.java:143)- ====> Parameters: 465(Integer)
2019-08-22 18:35:05,198 DEBUG (BaseJdbcLogger.java:143)- <====      Total: 1
2019-08-22 18:35:05,198 DEBUG (BaseJdbcLogger.java:143)- ====>  Preparing: select id, dong, floor, room, sex, number, rent from dormitory where id = ? 
2019-08-22 18:35:05,199 DEBUG (BaseJdbcLogger.java:143)- ====> Parameters: 466(Integer)
2019-08-22 18:35:05,199 DEBUG (BaseJdbcLogger.java:143)- <====      Total: 1
2019-08-22 18:35:05,200 DEBUG (BaseJdbcLogger.java:143)- ====>  Preparing: select id, dong, floor, room, sex, number, rent from dormitory where id = ? 
2019-08-22 18:35:05,200 DEBUG (BaseJdbcLogger.java:143)- ====> Parameters: 467(Integer)
2019-08-22 18:35:05,201 DEBUG (BaseJdbcLogger.java:143)- <====      Total: 1
2019-08-22 18:35:05,201 DEBUG (BaseJdbcLogger.java:143)- ====>  Preparing: select id, dong, floor, room, sex, number, rent from dormitory where id = ? 
2019-08-22 18:35:05,201 DEBUG (BaseJdbcLogger.java:143)- ====> Parameters: 468(Integer)
2019-08-22 18:35:05,202 DEBUG (BaseJdbcLogger.java:143)- <====      Total: 1
2019-08-22 18:35:05,202 DEBUG (BaseJdbcLogger.java:143)- <==      Total: 5
2019-08-22 18:35:05,203 DEBUG (BaseJdbcLogger.java:143)- ==>  Preparing: select student_status.id,student_status.basic_id, student_status.student_id, student_status.class_id from student_status,student_basic where student_status.basic_id=student_basic.id and student_basic.sex=? and student_status.class_id=? 
2019-08-22 18:35:05,203 DEBUG (BaseJdbcLogger.java:143)- ==> Parameters: 男(String), 080205201903(String)
2019-08-22 18:35:05,204 DEBUG (BaseJdbcLogger.java:143)- ====>  Preparing: select id, name, sex, birthday, phone, ID_number, email, parent_phone, adress, major, state from student_basic where id = ? 
2019-08-22 18:35:05,204 DEBUG (BaseJdbcLogger.java:143)- ====> Parameters: 12848(String)
2019-08-22 18:35:05,205 DEBUG (BaseJdbcLogger.java:143)- <====      Total: 1
2019-08-22 18:35:05,205 DEBUG (BaseJdbcLogger.java:143)- ====>  Preparing: select id, class_id, name, director, grade, major_id from class where class_id = ? 
2019-08-22 18:35:05,206 DEBUG (BaseJdbcLogger.java:143)- ====> Parameters: 080205201903(String)
2019-08-22 18:35:05,207 DEBUG (BaseJdbcLogger.java:143)- ======>  Preparing: select id, major_id, name, price, department_id from major where major_id = ? 
2019-08-22 18:35:05,207 DEBUG (BaseJdbcLogger.java:143)- ======> Parameters: 080205(String)
2019-08-22 18:35:05,208 DEBUG (BaseJdbcLogger.java:143)- <======      Total: 1
2019-08-22 18:35:05,209 DEBUG (BaseJdbcLogger.java:143)- <====      Total: 1
2019-08-22 18:35:05,209 DEBUG (BaseJdbcLogger.java:143)- ====>  Preparing: select id, name, sex, birthday, phone, ID_number, email, parent_phone, adress, major, state from student_basic where id = ? 
2019-08-22 18:35:05,209 DEBUG (BaseJdbcLogger.java:143)- ====> Parameters: 12849(String)
2019-08-22 18:35:05,210 DEBUG (BaseJdbcLogger.java:143)- <====      Total: 1
2019-08-22 18:35:05,210 DEBUG (BaseJdbcLogger.java:143)- ====>  Preparing: select id, name, sex, birthday, phone, ID_number, email, parent_phone, adress, major, state from student_basic where id = ? 
2019-08-22 18:35:05,211 DEBUG (BaseJdbcLogger.java:143)- ====> Parameters: 12853(String)
2019-08-22 18:35:05,212 DEBUG (BaseJdbcLogger.java:143)- <====      Total: 1
2019-08-22 18:35:05,213 DEBUG (BaseJdbcLogger.java:143)- ====>  Preparing: select id, name, sex, birthday, phone, ID_number, email, parent_phone, adress, major, state from student_basic where id = ? 
2019-08-22 18:35:05,214 DEBUG (BaseJdbcLogger.java:143)- ====> Parameters: 12854(String)
2019-08-22 18:35:05,214 DEBUG (BaseJdbcLogger.java:143)- <====      Total: 1
2019-08-22 18:35:05,215 DEBUG (BaseJdbcLogger.java:143)- ====>  Preparing: select id, name, sex, birthday, phone, ID_number, email, parent_phone, adress, major, state from student_basic where id = ? 
2019-08-22 18:35:05,215 DEBUG (BaseJdbcLogger.java:143)- ====> Parameters: 12856(String)
2019-08-22 18:35:05,216 DEBUG (BaseJdbcLogger.java:143)- <====      Total: 1
2019-08-22 18:35:05,216 DEBUG (BaseJdbcLogger.java:143)- ====>  Preparing: select id, name, sex, birthday, phone, ID_number, email, parent_phone, adress, major, state from student_basic where id = ? 
2019-08-22 18:35:05,217 DEBUG (BaseJdbcLogger.java:143)- ====> Parameters: 12859(String)
2019-08-22 18:35:05,218 DEBUG (BaseJdbcLogger.java:143)- <====      Total: 1
2019-08-22 18:35:05,218 DEBUG (BaseJdbcLogger.java:143)- ====>  Preparing: select id, name, sex, birthday, phone, ID_number, email, parent_phone, adress, major, state from student_basic where id = ? 
2019-08-22 18:35:05,219 DEBUG (BaseJdbcLogger.java:143)- ====> Parameters: 12860(String)
2019-08-22 18:35:05,219 DEBUG (BaseJdbcLogger.java:143)- <====      Total: 1
2019-08-22 18:35:05,220 DEBUG (BaseJdbcLogger.java:143)- ====>  Preparing: select id, name, sex, birthday, phone, ID_number, email, parent_phone, adress, major, state from student_basic where id = ? 
2019-08-22 18:35:05,220 DEBUG (BaseJdbcLogger.java:143)- ====> Parameters: 12862(String)
2019-08-22 18:35:05,221 DEBUG (BaseJdbcLogger.java:143)- <====      Total: 1
2019-08-22 18:35:05,222 DEBUG (BaseJdbcLogger.java:143)- ====>  Preparing: select id, name, sex, birthday, phone, ID_number, email, parent_phone, adress, major, state from student_basic where id = ? 
2019-08-22 18:35:05,222 DEBUG (BaseJdbcLogger.java:143)- ====> Parameters: 12867(String)
2019-08-22 18:35:05,223 DEBUG (BaseJdbcLogger.java:143)- <====      Total: 1
2019-08-22 18:35:05,223 DEBUG (BaseJdbcLogger.java:143)- ====>  Preparing: select id, name, sex, birthday, phone, ID_number, email, parent_phone, adress, major, state from student_basic where id = ? 
2019-08-22 18:35:05,224 DEBUG (BaseJdbcLogger.java:143)- ====> Parameters: 12870(String)
2019-08-22 18:35:05,224 DEBUG (BaseJdbcLogger.java:143)- <====      Total: 1
2019-08-22 18:35:05,225 DEBUG (BaseJdbcLogger.java:143)- ====>  Preparing: select id, name, sex, birthday, phone, ID_number, email, parent_phone, adress, major, state from student_basic where id = ? 
2019-08-22 18:35:05,225 DEBUG (BaseJdbcLogger.java:143)- ====> Parameters: 12872(String)
2019-08-22 18:35:05,226 DEBUG (BaseJdbcLogger.java:143)- <====      Total: 1
2019-08-22 18:35:05,226 DEBUG (BaseJdbcLogger.java:143)- ====>  Preparing: select id, name, sex, birthday, phone, ID_number, email, parent_phone, adress, major, state from student_basic where id = ? 
2019-08-22 18:35:05,226 DEBUG (BaseJdbcLogger.java:143)- ====> Parameters: 12875(String)
2019-08-22 18:35:05,227 DEBUG (BaseJdbcLogger.java:143)- <====      Total: 1
2019-08-22 18:35:05,228 DEBUG (BaseJdbcLogger.java:143)- ====>  Preparing: select id, name, sex, birthday, phone, ID_number, email, parent_phone, adress, major, state from student_basic where id = ? 
2019-08-22 18:35:05,228 DEBUG (BaseJdbcLogger.java:143)- ====> Parameters: 12876(String)
2019-08-22 18:35:05,229 DEBUG (BaseJdbcLogger.java:143)- <====      Total: 1
2019-08-22 18:35:05,229 DEBUG (BaseJdbcLogger.java:143)- ====>  Preparing: select id, name, sex, birthday, phone, ID_number, email, parent_phone, adress, major, state from student_basic where id = ? 
2019-08-22 18:35:05,230 DEBUG (BaseJdbcLogger.java:143)- ====> Parameters: 12878(String)
2019-08-22 18:35:05,230 DEBUG (BaseJdbcLogger.java:143)- <====      Total: 1
2019-08-22 18:35:05,231 DEBUG (BaseJdbcLogger.java:143)- ====>  Preparing: select id, name, sex, birthday, phone, ID_number, email, parent_phone, adress, major, state from student_basic where id = ? 
2019-08-22 18:35:05,231 DEBUG (BaseJdbcLogger.java:143)- ====> Parameters: 12881(String)
2019-08-22 18:35:05,232 DEBUG (BaseJdbcLogger.java:143)- <====      Total: 1
2019-08-22 18:35:05,232 DEBUG (BaseJdbcLogger.java:143)- ====>  Preparing: select id, name, sex, birthday, phone, ID_number, email, parent_phone, adress, major, state from student_basic where id = ? 
2019-08-22 18:35:05,232 DEBUG (BaseJdbcLogger.java:143)- ====> Parameters: 12882(String)
2019-08-22 18:35:05,233 DEBUG (BaseJdbcLogger.java:143)- <====      Total: 1
2019-08-22 18:35:05,234 DEBUG (BaseJdbcLogger.java:143)- ====>  Preparing: select id, name, sex, birthday, phone, ID_number, email, parent_phone, adress, major, state from student_basic where id = ? 
2019-08-22 18:35:05,234 DEBUG (BaseJdbcLogger.java:143)- ====> Parameters: 12883(String)
2019-08-22 18:35:05,235 DEBUG (BaseJdbcLogger.java:143)- <====      Total: 1
2019-08-22 18:35:05,235 DEBUG (BaseJdbcLogger.java:143)- ====>  Preparing: select id, name, sex, birthday, phone, ID_number, email, parent_phone, adress, major, state from student_basic where id = ? 
2019-08-22 18:35:05,236 DEBUG (BaseJdbcLogger.java:143)- ====> Parameters: 12884(String)
2019-08-22 18:35:05,236 DEBUG (BaseJdbcLogger.java:143)- <====      Total: 1
2019-08-22 18:35:05,236 DEBUG (BaseJdbcLogger.java:143)- ====>  Preparing: select id, name, sex, birthday, phone, ID_number, email, parent_phone, adress, major, state from student_basic where id = ? 
2019-08-22 18:35:05,237 DEBUG (BaseJdbcLogger.java:143)- ====> Parameters: 12887(String)
2019-08-22 18:35:05,238 DEBUG (BaseJdbcLogger.java:143)- <====      Total: 1
2019-08-22 18:35:05,238 DEBUG (BaseJdbcLogger.java:143)- ====>  Preparing: select id, name, sex, birthday, phone, ID_number, email, parent_phone, adress, major, state from student_basic where id = ? 
2019-08-22 18:35:05,238 DEBUG (BaseJdbcLogger.java:143)- ====> Parameters: 12888(String)
2019-08-22 18:35:05,239 DEBUG (BaseJdbcLogger.java:143)- <====      Total: 1
2019-08-22 18:35:05,239 DEBUG (BaseJdbcLogger.java:143)- ====>  Preparing: select id, name, sex, birthday, phone, ID_number, email, parent_phone, adress, major, state from student_basic where id = ? 
2019-08-22 18:35:05,239 DEBUG (BaseJdbcLogger.java:143)- ====> Parameters: 12890(String)
2019-08-22 18:35:05,240 DEBUG (BaseJdbcLogger.java:143)- <====      Total: 1
2019-08-22 18:35:05,241 DEBUG (BaseJdbcLogger.java:143)- ====>  Preparing: select id, name, sex, birthday, phone, ID_number, email, parent_phone, adress, major, state from student_basic where id = ? 
2019-08-22 18:35:05,241 DEBUG (BaseJdbcLogger.java:143)- ====> Parameters: 12891(String)
2019-08-22 18:35:05,242 DEBUG (BaseJdbcLogger.java:143)- <====      Total: 1
2019-08-22 18:35:05,242 DEBUG (BaseJdbcLogger.java:143)- ====>  Preparing: select id, name, sex, birthday, phone, ID_number, email, parent_phone, adress, major, state from student_basic where id = ? 
2019-08-22 18:35:05,243 DEBUG (BaseJdbcLogger.java:143)- ====> Parameters: 12892(String)
2019-08-22 18:35:05,243 DEBUG (BaseJdbcLogger.java:143)- <====      Total: 1
2019-08-22 18:35:05,244 DEBUG (BaseJdbcLogger.java:143)- ====>  Preparing: select id, name, sex, birthday, phone, ID_number, email, parent_phone, adress, major, state from student_basic where id = ? 
2019-08-22 18:35:05,244 DEBUG (BaseJdbcLogger.java:143)- ====> Parameters: 12895(String)
2019-08-22 18:35:05,245 DEBUG (BaseJdbcLogger.java:143)- <====      Total: 1
2019-08-22 18:35:05,246 DEBUG (BaseJdbcLogger.java:143)- ====>  Preparing: select id, name, sex, birthday, phone, ID_number, email, parent_phone, adress, major, state from student_basic where id = ? 
2019-08-22 18:35:05,246 DEBUG (BaseJdbcLogger.java:143)- ====> Parameters: 12896(String)
2019-08-22 18:35:05,247 DEBUG (BaseJdbcLogger.java:143)- <====      Total: 1
2019-08-22 18:35:05,247 DEBUG (BaseJdbcLogger.java:143)- <==      Total: 25
2019-08-22 18:35:05,247 DEBUG (BaseJdbcLogger.java:143)- ==>  Preparing: select student_status.id,student_status.basic_id, student_status.student_id, student_status.class_id from student_status,student_basic where student_status.basic_id=student_basic.id and student_basic.sex=? and student_status.class_id=? 
2019-08-22 18:35:05,247 DEBUG (BaseJdbcLogger.java:143)- ==> Parameters: 女(String), 080205201903(String)
2019-08-22 18:35:05,248 DEBUG (BaseJdbcLogger.java:143)- ====>  Preparing: select id, name, sex, birthday, phone, ID_number, email, parent_phone, adress, major, state from student_basic where id = ? 
2019-08-22 18:35:05,249 DEBUG (BaseJdbcLogger.java:143)- ====> Parameters: 12858(String)
2019-08-22 18:35:05,250 DEBUG (BaseJdbcLogger.java:143)- <====      Total: 1
2019-08-22 18:35:05,250 DEBUG (BaseJdbcLogger.java:143)- ====>  Preparing: select id, class_id, name, director, grade, major_id from class where class_id = ? 
2019-08-22 18:35:05,251 DEBUG (BaseJdbcLogger.java:143)- ====> Parameters: 080205201903(String)
2019-08-22 18:35:05,252 DEBUG (BaseJdbcLogger.java:143)- ======>  Preparing: select id, major_id, name, price, department_id from major where major_id = ? 
2019-08-22 18:35:05,252 DEBUG (BaseJdbcLogger.java:143)- ======> Parameters: 080205(String)
2019-08-22 18:35:05,253 DEBUG (BaseJdbcLogger.java:143)- <======      Total: 1
2019-08-22 18:35:05,253 DEBUG (BaseJdbcLogger.java:143)- <====      Total: 1
2019-08-22 18:35:05,253 DEBUG (BaseJdbcLogger.java:143)- ====>  Preparing: select id, name, sex, birthday, phone, ID_number, email, parent_phone, adress, major, state from student_basic where id = ? 
2019-08-22 18:35:05,254 DEBUG (BaseJdbcLogger.java:143)- ====> Parameters: 12861(String)
2019-08-22 18:35:05,255 DEBUG (BaseJdbcLogger.java:143)- <====      Total: 1
2019-08-22 18:35:05,255 DEBUG (BaseJdbcLogger.java:143)- ====>  Preparing: select id, name, sex, birthday, phone, ID_number, email, parent_phone, adress, major, state from student_basic where id = ? 
2019-08-22 18:35:05,255 DEBUG (BaseJdbcLogger.java:143)- ====> Parameters: 12863(String)
2019-08-22 18:35:05,256 DEBUG (BaseJdbcLogger.java:143)- <====      Total: 1
2019-08-22 18:35:05,256 DEBUG (BaseJdbcLogger.java:143)- ====>  Preparing: select id, name, sex, birthday, phone, ID_number, email, parent_phone, adress, major, state from student_basic where id = ? 
2019-08-22 18:35:05,256 DEBUG (BaseJdbcLogger.java:143)- ====> Parameters: 12864(String)
2019-08-22 18:35:05,257 DEBUG (BaseJdbcLogger.java:143)- <====      Total: 1
2019-08-22 18:35:05,257 DEBUG (BaseJdbcLogger.java:143)- ====>  Preparing: select id, name, sex, birthday, phone, ID_number, email, parent_phone, adress, major, state from student_basic where id = ? 
2019-08-22 18:35:05,257 DEBUG (BaseJdbcLogger.java:143)- ====> Parameters: 12865(String)
2019-08-22 18:35:05,258 DEBUG (BaseJdbcLogger.java:143)- <====      Total: 1
2019-08-22 18:35:05,258 DEBUG (BaseJdbcLogger.java:143)- ====>  Preparing: select id, name, sex, birthday, phone, ID_number, email, parent_phone, adress, major, state from student_basic where id = ? 
2019-08-22 18:35:05,258 DEBUG (BaseJdbcLogger.java:143)- ====> Parameters: 12866(String)
2019-08-22 18:35:05,259 DEBUG (BaseJdbcLogger.java:143)- <====      Total: 1
2019-08-22 18:35:05,259 DEBUG (BaseJdbcLogger.java:143)- ====>  Preparing: select id, name, sex, birthday, phone, ID_number, email, parent_phone, adress, major, state from student_basic where id = ? 
2019-08-22 18:35:05,259 DEBUG (BaseJdbcLogger.java:143)- ====> Parameters: 12868(String)
2019-08-22 18:35:05,261 DEBUG (BaseJdbcLogger.java:143)- <====      Total: 1
2019-08-22 18:35:05,261 DEBUG (BaseJdbcLogger.java:143)- ====>  Preparing: select id, name, sex, birthday, phone, ID_number, email, parent_phone, adress, major, state from student_basic where id = ? 
2019-08-22 18:35:05,261 DEBUG (BaseJdbcLogger.java:143)- ====> Parameters: 12869(String)
2019-08-22 18:35:05,262 DEBUG (BaseJdbcLogger.java:143)- <====      Total: 1
2019-08-22 18:35:05,262 DEBUG (BaseJdbcLogger.java:143)- ====>  Preparing: select id, name, sex, birthday, phone, ID_number, email, parent_phone, adress, major, state from student_basic where id = ? 
2019-08-22 18:35:05,263 DEBUG (BaseJdbcLogger.java:143)- ====> Parameters: 12871(String)
2019-08-22 18:35:05,264 DEBUG (BaseJdbcLogger.java:143)- <====      Total: 1
2019-08-22 18:35:05,264 DEBUG (BaseJdbcLogger.java:143)- ====>  Preparing: select id, name, sex, birthday, phone, ID_number, email, parent_phone, adress, major, state from student_basic where id = ? 
2019-08-22 18:35:05,264 DEBUG (BaseJdbcLogger.java:143)- ====> Parameters: 12873(String)
2019-08-22 18:35:05,266 DEBUG (BaseJdbcLogger.java:143)- <====      Total: 1
2019-08-22 18:35:05,266 DEBUG (BaseJdbcLogger.java:143)- ====>  Preparing: select id, name, sex, birthday, phone, ID_number, email, parent_phone, adress, major, state from student_basic where id = ? 
2019-08-22 18:35:05,267 DEBUG (BaseJdbcLogger.java:143)- ====> Parameters: 12874(String)
2019-08-22 18:35:05,268 DEBUG (BaseJdbcLogger.java:143)- <====      Total: 1
2019-08-22 18:35:05,269 DEBUG (BaseJdbcLogger.java:143)- ====>  Preparing: select id, name, sex, birthday, phone, ID_number, email, parent_phone, adress, major, state from student_basic where id = ? 
2019-08-22 18:35:05,269 DEBUG (BaseJdbcLogger.java:143)- ====> Parameters: 12877(String)
2019-08-22 18:35:05,271 DEBUG (BaseJdbcLogger.java:143)- <====      Total: 1
2019-08-22 18:35:05,272 DEBUG (BaseJdbcLogger.java:143)- ====>  Preparing: select id, name, sex, birthday, phone, ID_number, email, parent_phone, adress, major, state from student_basic where id = ? 
2019-08-22 18:35:05,272 DEBUG (BaseJdbcLogger.java:143)- ====> Parameters: 12879(String)
2019-08-22 18:35:05,273 DEBUG (BaseJdbcLogger.java:143)- <====      Total: 1
2019-08-22 18:35:05,274 DEBUG (BaseJdbcLogger.java:143)- ====>  Preparing: select id, name, sex, birthday, phone, ID_number, email, parent_phone, adress, major, state from student_basic where id = ? 
2019-08-22 18:35:05,275 DEBUG (BaseJdbcLogger.java:143)- ====> Parameters: 12880(String)
2019-08-22 18:35:05,276 DEBUG (BaseJdbcLogger.java:143)- <====      Total: 1
2019-08-22 18:35:05,276 DEBUG (BaseJdbcLogger.java:143)- ====>  Preparing: select id, name, sex, birthday, phone, ID_number, email, parent_phone, adress, major, state from student_basic where id = ? 
2019-08-22 18:35:05,276 DEBUG (BaseJdbcLogger.java:143)- ====> Parameters: 12885(String)
2019-08-22 18:35:05,277 DEBUG (BaseJdbcLogger.java:143)- <====      Total: 1
2019-08-22 18:35:05,278 DEBUG (BaseJdbcLogger.java:143)- ====>  Preparing: select id, name, sex, birthday, phone, ID_number, email, parent_phone, adress, major, state from student_basic where id = ? 
2019-08-22 18:35:05,278 DEBUG (BaseJdbcLogger.java:143)- ====> Parameters: 12886(String)
2019-08-22 18:35:05,279 DEBUG (BaseJdbcLogger.java:143)- <====      Total: 1
2019-08-22 18:35:05,279 DEBUG (BaseJdbcLogger.java:143)- ====>  Preparing: select id, name, sex, birthday, phone, ID_number, email, parent_phone, adress, major, state from student_basic where id = ? 
2019-08-22 18:35:05,280 DEBUG (BaseJdbcLogger.java:143)- ====> Parameters: 12889(String)
2019-08-22 18:35:05,280 DEBUG (BaseJdbcLogger.java:143)- <====      Total: 1
2019-08-22 18:35:05,281 DEBUG (BaseJdbcLogger.java:143)- ====>  Preparing: select id, name, sex, birthday, phone, ID_number, email, parent_phone, adress, major, state from student_basic where id = ? 
2019-08-22 18:35:05,281 DEBUG (BaseJdbcLogger.java:143)- ====> Parameters: 12893(String)
2019-08-22 18:35:05,281 DEBUG (BaseJdbcLogger.java:143)- <====      Total: 1
2019-08-22 18:35:05,282 DEBUG (BaseJdbcLogger.java:143)- ====>  Preparing: select id, name, sex, birthday, phone, ID_number, email, parent_phone, adress, major, state from student_basic where id = ? 
2019-08-22 18:35:05,282 DEBUG (BaseJdbcLogger.java:143)- ====> Parameters: 12894(String)
2019-08-22 18:35:05,283 DEBUG (BaseJdbcLogger.java:143)- <====      Total: 1
2019-08-22 18:35:05,283 DEBUG (BaseJdbcLogger.java:143)- ====>  Preparing: select id, name, sex, birthday, phone, ID_number, email, parent_phone, adress, major, state from student_basic where id = ? 
2019-08-22 18:35:05,283 DEBUG (BaseJdbcLogger.java:143)- ====> Parameters: 12897(String)
2019-08-22 18:35:05,284 DEBUG (BaseJdbcLogger.java:143)- <====      Total: 1
2019-08-22 18:35:05,285 DEBUG (BaseJdbcLogger.java:143)- ====>  Preparing: select id, name, sex, birthday, phone, ID_number, email, parent_phone, adress, major, state from student_basic where id = ? 
2019-08-22 18:35:05,285 DEBUG (BaseJdbcLogger.java:143)- ====> Parameters: 12898(String)
2019-08-22 18:35:05,286 DEBUG (BaseJdbcLogger.java:143)- <====      Total: 1
2019-08-22 18:35:05,287 DEBUG (BaseJdbcLogger.java:143)- ====>  Preparing: select id, name, sex, birthday, phone, ID_number, email, parent_phone, adress, major, state from student_basic where id = ? 
2019-08-22 18:35:05,287 DEBUG (BaseJdbcLogger.java:143)- ====> Parameters: 12900(String)
2019-08-22 18:35:05,288 DEBUG (BaseJdbcLogger.java:143)- <====      Total: 1
2019-08-22 18:35:05,288 DEBUG (BaseJdbcLogger.java:143)- ====>  Preparing: select id, name, sex, birthday, phone, ID_number, email, parent_phone, adress, major, state from student_basic where id = ? 
2019-08-22 18:35:05,288 DEBUG (BaseJdbcLogger.java:143)- ====> Parameters: 12902(String)
2019-08-22 18:35:05,289 DEBUG (BaseJdbcLogger.java:143)- <====      Total: 1
2019-08-22 18:35:05,289 DEBUG (BaseJdbcLogger.java:143)- ====>  Preparing: select id, name, sex, birthday, phone, ID_number, email, parent_phone, adress, major, state from student_basic where id = ? 
2019-08-22 18:35:05,289 DEBUG (BaseJdbcLogger.java:143)- ====> Parameters: 12903(String)
2019-08-22 18:35:05,290 DEBUG (BaseJdbcLogger.java:143)- <====      Total: 1
2019-08-22 18:35:05,291 DEBUG (BaseJdbcLogger.java:143)- ====>  Preparing: select id, name, sex, birthday, phone, ID_number, email, parent_phone, adress, major, state from student_basic where id = ? 
2019-08-22 18:35:05,291 DEBUG (BaseJdbcLogger.java:143)- ====> Parameters: 12904(String)
2019-08-22 18:35:05,292 DEBUG (BaseJdbcLogger.java:143)- <====      Total: 1
2019-08-22 18:35:05,292 DEBUG (BaseJdbcLogger.java:143)- <==      Total: 25
2019-08-22 18:35:05,292 DEBUG (BaseJdbcLogger.java:143)- ==>  Preparing: select dormitory_allocation.id, dormitory_allocation.class_id, dormitory_allocation.dormitory_id,dormitory_allocation.number from dormitory_allocation,dormitory WHERE dormitory_allocation.dormitory_id=dormitory.id and dormitory.sex=? and class_id = ? 
2019-08-22 18:35:05,293 DEBUG (BaseJdbcLogger.java:143)- ==> Parameters: 男(String), 080205201903(String)
2019-08-22 18:35:05,294 DEBUG (BaseJdbcLogger.java:143)- ====>  Preparing: select id, dong, floor, room, sex, number, rent from dormitory where id = ? 
2019-08-22 18:35:05,294 DEBUG (BaseJdbcLogger.java:143)- ====> Parameters: 18(Integer)
