2019-09-04 04:02:17,275 DEBUG (BaseJdbcLogger.java:143)- ====> Parameters: 19185(String)
2019-09-04 04:02:17,278 DEBUG (BaseJdbcLogger.java:143)- <====      Total: 1
2019-09-04 04:02:17,278 DEBUG (BaseJdbcLogger.java:143)- ====>  Preparing: select id, name, sex, birthday, phone, ID_number, email, parent_phone, adress, major, state from student_basic where id = ? 
2019-09-04 04:02:17,279 DEBUG (BaseJdbcLogger.java:143)- ====> Parameters: 19189(String)
2019-09-04 04:02:17,279 DEBUG (BaseJdbcLogger.java:143)- <====      Total: 1
2019-09-04 04:02:17,281 DEBUG (BaseJdbcLogger.java:143)- ====>  Preparing: select id, name, sex, birthday, phone, ID_number, email, parent_phone, adress, major, state from student_basic where id = ? 
2019-09-04 04:02:17,281 DEBUG (BaseJdbcLogger.java:143)- ====> Parameters: 19190(String)
2019-09-04 04:02:17,282 DEBUG (BaseJdbcLogger.java:143)- <====      Total: 1
2019-09-04 04:02:17,283 DEBUG (BaseJdbcLogger.java:143)- ====>  Preparing: select id, name, sex, birthday, phone, ID_number, email, parent_phone, adress, major, state from student_basic where id = ? 
2019-09-04 04:02:17,283 DEBUG (BaseJdbcLogger.java:143)- ====> Parameters: 19194(String)
2019-09-04 04:02:17,284 DEBUG (BaseJdbcLogger.java:143)- <====      Total: 1
2019-09-04 04:02:17,285 DEBUG (BaseJdbcLogger.java:143)- ====>  Preparing: select id, name, sex, birthday, phone, ID_number, email, parent_phone, adress, major, state from student_basic where id = ? 
2019-09-04 04:02:17,285 DEBUG (BaseJdbcLogger.java:143)- ====> Parameters: 19195(String)
2019-09-04 04:02:17,286 DEBUG (BaseJdbcLogger.java:143)- <====      Total: 1
2019-09-04 04:02:17,287 DEBUG (BaseJdbcLogger.java:143)- <==      Total: 18
2019-09-04 04:02:17,287 DEBUG (BaseJdbcLogger.java:143)- ==>  Preparing: select dormitory_allocation.id, dormitory_allocation.class_id, dormitory_allocation.dormitory_id,dormitory_allocation.number from dormitory_allocation,dormitory WHERE dormitory_allocation.dormitory_id=dormitory.id and dormitory.sex=? and class_id = ? 
2019-09-04 04:02:17,288 DEBUG (BaseJdbcLogger.java:143)- ==> Parameters: 男(String), 081001201901(String)
2019-09-04 04:02:17,289 DEBUG (BaseJdbcLogger.java:143)- ====>  Preparing: select id, dong, floor, room, sex, number, rent,hasnumber from dormitory where id = ? 
2019-09-04 04:02:17,291 DEBUG (BaseJdbcLogger.java:143)- ====> Parameters: 1(Integer)
2019-09-04 04:02:17,292 DEBUG (BaseJdbcLogger.java:143)- <====      Total: 1
2019-09-04 04:02:17,292 DEBUG (BaseJdbcLogger.java:143)- ====>  Preparing: select id, dong, floor, room, sex, number, rent,hasnumber from dormitory where id = ? 
2019-09-04 04:02:17,293 DEBUG (BaseJdbcLogger.java:143)- ====> Parameters: 2(Integer)
2019-09-04 04:02:17,294 DEBUG (BaseJdbcLogger.java:143)- <====      Total: 1
2019-09-04 04:02:17,296 DEBUG (BaseJdbcLogger.java:143)- ====>  Preparing: select id, dong, floor, room, sex, number, rent,hasnumber from dormitory where id = ? 
2019-09-04 04:02:17,296 DEBUG (BaseJdbcLogger.java:143)- ====> Parameters: 3(Integer)
2019-09-04 04:02:17,300 DEBUG (BaseJdbcLogger.java:143)- <====      Total: 1
2019-09-04 04:02:17,301 DEBUG (BaseJdbcLogger.java:143)- ====>  Preparing: select id, dong, floor, room, sex, number, rent,hasnumber from dormitory where id = ? 
2019-09-04 04:02:17,302 DEBUG (BaseJdbcLogger.java:143)- ====> Parameters: 4(Integer)
2019-09-04 04:02:17,304 DEBUG (BaseJdbcLogger.java:143)- <====      Total: 1
2019-09-04 04:02:17,304 DEBUG (BaseJdbcLogger.java:143)- <==      Total: 4
2019-09-04 04:02:17,305 DEBUG (BaseJdbcLogger.java:143)- ==>  Preparing: select student_status.id,student_status.basic_id, student_status.student_id, student_status.class_id from student_status,student_basic where student_status.basic_id=student_basic.id and student_basic.sex=? and student_status.class_id=? 
2019-09-04 04:02:17,305 DEBUG (BaseJdbcLogger.java:143)- ==> Parameters: 男(String), 081001201902(String)
2019-09-04 04:02:17,307 DEBUG (BaseJdbcLogger.java:143)- ====>  Preparing: select id, name, sex, birthday, phone, ID_number, email, parent_phone, adress, major, state from student_basic where id = ? 
2019-09-04 04:02:17,308 DEBUG (BaseJdbcLogger.java:143)- ====> Parameters: 19200(String)
2019-09-04 04:02:17,309 DEBUG (BaseJdbcLogger.java:143)- <====      Total: 1
2019-09-04 04:02:17,310 DEBUG (BaseJdbcLogger.java:143)- ====>  Preparing: select id, class_id, name, director, grade, major_id from class where class_id = ? 
2019-09-04 04:02:17,311 DEBUG (BaseJdbcLogger.java:143)- ====> Parameters: 081001201902(String)
2019-09-04 04:02:17,312 DEBUG (BaseJdbcLogger.java:143)- ======>  Preparing: select id, major_id, name, price, department_id from major where major_id = ? 
2019-09-04 04:02:17,313 DEBUG (BaseJdbcLogger.java:143)- ======> Parameters: 081001(String)
2019-09-04 04:02:17,314 DEBUG (BaseJdbcLogger.java:143)- <======      Total: 1
2019-09-04 04:02:17,315 DEBUG (BaseJdbcLogger.java:143)- <====      Total: 1
2019-09-04 04:02:17,316 DEBUG (BaseJdbcLogger.java:143)- ====>  Preparing: select id, name, sex, birthday, phone, ID_number, email, parent_phone, adress, major, state from student_basic where id = ? 
2019-09-04 04:02:17,316 DEBUG (BaseJdbcLogger.java:143)- ====> Parameters: 19204(String)
2019-09-04 04:02:17,318 DEBUG (BaseJdbcLogger.java:143)- <====      Total: 1
2019-09-04 04:02:17,319 DEBUG (BaseJdbcLogger.java:143)- ====>  Preparing: select id, name, sex, birthday, phone, ID_number, email, parent_phone, adress, major, state from student_basic where id = ? 
2019-09-04 04:02:17,320 DEBUG (BaseJdbcLogger.java:143)- ====> Parameters: 19207(String)
2019-09-04 04:02:17,321 DEBUG (BaseJdbcLogger.java:143)- <====      Total: 1
2019-09-04 04:02:17,321 DEBUG (BaseJdbcLogger.java:143)- ====>  Preparing: select id, name, sex, birthday, phone, ID_number, email, parent_phone, adress, major, state from student_basic where id = ? 
2019-09-04 04:02:17,322 DEBUG (BaseJdbcLogger.java:143)- ====> Parameters: 19208(String)
2019-09-04 04:02:17,323 DEBUG (BaseJdbcLogger.java:143)- <====      Total: 1
2019-09-04 04:02:17,324 DEBUG (BaseJdbcLogger.java:143)- ====>  Preparing: select id, name, sex, birthday, phone, ID_number, email, parent_phone, adress, major, state from student_basic where id = ? 
2019-09-04 04:02:17,325 DEBUG (BaseJdbcLogger.java:143)- ====> Parameters: 19212(String)
2019-09-04 04:02:17,329 DEBUG (BaseJdbcLogger.java:143)- <====      Total: 1
2019-09-04 04:02:17,330 DEBUG (BaseJdbcLogger.java:143)- ====>  Preparing: select id, name, sex, birthday, phone, ID_number, email, parent_phone, adress, major, state from student_basic where id = ? 
2019-09-04 04:02:17,331 DEBUG (BaseJdbcLogger.java:143)- ====> Parameters: 19215(String)
2019-09-04 04:02:17,332 DEBUG (BaseJdbcLogger.java:143)- <====      Total: 1
2019-09-04 04:02:17,333 DEBUG (BaseJdbcLogger.java:143)- ====>  Preparing: select id, name, sex, birthday, phone, ID_number, email, parent_phone, adress, major, state from student_basic where id = ? 
2019-09-04 04:02:17,334 DEBUG (BaseJdbcLogger.java:143)- ====> Parameters: 19216(String)
2019-09-04 04:02:17,335 DEBUG (BaseJdbcLogger.java:143)- <====      Total: 1
2019-09-04 04:02:17,336 DEBUG (BaseJdbcLogger.java:143)- ====>  Preparing: select id, name, sex, birthday, phone, ID_number, email, parent_phone, adress, major, state from student_basic where id = ? 
2019-09-04 04:02:17,337 DEBUG (BaseJdbcLogger.java:143)- ====> Parameters: 19217(String)
2019-09-04 04:02:17,338 DEBUG (BaseJdbcLogger.java:143)- <====      Total: 1
2019-09-04 04:02:17,339 DEBUG (BaseJdbcLogger.java:143)- ====>  Preparing: select id, name, sex, birthday, phone, ID_number, email, parent_phone, adress, major, state from student_basic where id = ? 
2019-09-04 04:02:17,339 DEBUG (BaseJdbcLogger.java:143)- ==>  Preparing: select DISTINCT dormitory.floor from dormitory where dormitory.dong=? 
2019-09-04 04:02:17,340 DEBUG (BaseJdbcLogger.java:143)- ====> Parameters: 19219(String)
2019-09-04 04:02:17,340 DEBUG (BaseJdbcLogger.java:143)- ==> Parameters: 1A(String)
2019-09-04 04:02:17,340 DEBUG (BaseJdbcLogger.java:143)- <====      Total: 1
2019-09-04 04:02:17,341 DEBUG (BaseJdbcLogger.java:143)- <==      Total: 6
2019-09-04 04:02:17,341 DEBUG (BaseJdbcLogger.java:143)- ====>  Preparing: select id, name, sex, birthday, phone, ID_number, email, parent_phone, adress, major, state from student_basic where id = ? 
2019-09-04 04:02:17,342 DEBUG (BaseJdbcLogger.java:143)- ====> Parameters: 19222(String)
2019-09-04 04:02:17,350 DEBUG (BaseJdbcLogger.java:143)- <====      Total: 1
2019-09-04 04:02:17,351 DEBUG (BaseJdbcLogger.java:143)- ====>  Preparing: select id, name, sex, birthday, phone, ID_number, email, parent_phone, adress, major, state from student_basic where id = ? 
2019-09-04 04:02:17,351 DEBUG (BaseJdbcLogger.java:143)- ====> Parameters: 19223(String)
2019-09-04 04:02:17,353 DEBUG (BaseJdbcLogger.java:143)- <====      Total: 1
2019-09-04 04:02:17,354 DEBUG (BaseJdbcLogger.java:143)- ====>  Preparing: select id, name, sex, birthday, phone, ID_number, email, parent_phone, adress, major, state from student_basic where id = ? 
2019-09-04 04:02:17,354 DEBUG (BaseJdbcLogger.java:143)- ====> Parameters: 19226(String)
2019-09-04 04:02:17,356 DEBUG (BaseJdbcLogger.java:143)- <====      Total: 1
2019-09-04 04:02:17,357 DEBUG (BaseJdbcLogger.java:143)- ====>  Preparing: select id, name, sex, birthday, phone, ID_number, email, parent_phone, adress, major, state from student_basic where id = ? 
2019-09-04 04:02:17,358 DEBUG (BaseJdbcLogger.java:143)- ====> Parameters: 19227(String)
2019-09-04 04:02:17,360 DEBUG (BaseJdbcLogger.java:143)- <====      Total: 1
2019-09-04 04:02:17,361 DEBUG (BaseJdbcLogger.java:143)- ====>  Preparing: select id, name, sex, birthday, phone, ID_number, email, parent_phone, adress, major, state from student_basic where id = ? 
2019-09-04 04:02:17,362 DEBUG (BaseJdbcLogger.java:143)- ====> Parameters: 19228(String)
2019-09-04 04:02:17,363 DEBUG (BaseJdbcLogger.java:143)- <====      Total: 1
2019-09-04 04:02:17,364 DEBUG (BaseJdbcLogger.java:143)- ====>  Preparing: select id, name, sex, birthday, phone, ID_number, email, parent_phone, adress, major, state from student_basic where id = ? 
2019-09-04 04:02:17,364 DEBUG (BaseJdbcLogger.java:143)- ====> Parameters: 19229(String)
2019-09-04 04:02:17,365 DEBUG (BaseJdbcLogger.java:143)- <====      Total: 1
2019-09-04 04:02:17,366 DEBUG (BaseJdbcLogger.java:143)- ====>  Preparing: select id, name, sex, birthday, phone, ID_number, email, parent_phone, adress, major, state from student_basic where id = ? 
2019-09-04 04:02:17,366 DEBUG (BaseJdbcLogger.java:143)- ====> Parameters: 19230(String)
2019-09-04 04:02:17,367 DEBUG (BaseJdbcLogger.java:143)- <====      Total: 1
2019-09-04 04:02:17,367 DEBUG (BaseJdbcLogger.java:143)- ====>  Preparing: select id, name, sex, birthday, phone, ID_number, email, parent_phone, adress, major, state from student_basic where id = ? 
2019-09-04 04:02:17,368 DEBUG (BaseJdbcLogger.java:143)- ====> Parameters: 19231(String)
2019-09-04 04:02:17,369 DEBUG (BaseJdbcLogger.java:143)- <====      Total: 1
2019-09-04 04:02:17,369 DEBUG (BaseJdbcLogger.java:143)- <==      Total: 17
2019-09-04 04:02:17,370 DEBUG (BaseJdbcLogger.java:143)- ==>  Preparing: select dormitory_allocation.id, dormitory_allocation.class_id, dormitory_allocation.dormitory_id,dormitory_allocation.number from dormitory_allocation,dormitory WHERE dormitory_allocation.dormitory_id=dormitory.id and dormitory.sex=? and class_id = ? 
2019-09-04 04:02:17,370 DEBUG (BaseJdbcLogger.java:143)- ==> Parameters: 男(String), 081001201902(String)
2019-09-04 04:02:17,371 DEBUG (BaseJdbcLogger.java:143)- ====>  Preparing: select id, dong, floor, room, sex, number, rent,hasnumber from dormitory where id = ? 
2019-09-04 04:02:17,372 DEBUG (BaseJdbcLogger.java:143)- ====> Parameters: 6(Integer)
2019-09-04 04:02:17,373 DEBUG (BaseJdbcLogger.java:143)- <====      Total: 1
2019-09-04 04:02:17,374 DEBUG (BaseJdbcLogger.java:143)- ====>  Preparing: select id, dong, floor, room, sex, number, rent,hasnumber from dormitory where id = ? 
2019-09-04 04:02:17,375 DEBUG (BaseJdbcLogger.java:143)- ====> Parameters: 7(Integer)
2019-09-04 04:02:17,377 DEBUG (BaseJdbcLogger.java:143)- <====      Total: 1
2019-09-04 04:02:17,378 DEBUG (BaseJdbcLogger.java:143)- ====>  Preparing: select id, dong, floor, room, sex, number, rent,hasnumber from dormitory where id = ? 
2019-09-04 04:02:17,379 DEBUG (BaseJdbcLogger.java:143)- ====> Parameters: 8(Integer)
2019-09-04 04:02:17,379 DEBUG (BaseJdbcLogger.java:143)- <====      Total: 1
2019-09-04 04:02:17,380 DEBUG (BaseJdbcLogger.java:143)- ====>  Preparing: select id, dong, floor, room, sex, number, rent,hasnumber from dormitory where id = ? 
2019-09-04 04:02:17,380 DEBUG (BaseJdbcLogger.java:143)- ====> Parameters: 9(Integer)
2019-09-04 04:02:17,382 DEBUG (BaseJdbcLogger.java:143)- <====      Total: 1
2019-09-04 04:02:17,382 DEBUG (BaseJdbcLogger.java:143)- <==      Total: 4
2019-09-04 04:02:17,382 DEBUG (BaseJdbcLogger.java:143)- ==>  Preparing: select student_status.id,student_status.basic_id, student_status.student_id, student_status.class_id from student_status,student_basic where student_status.basic_id=student_basic.id and student_basic.sex=? and student_status.class_id=? 
2019-09-04 04:02:17,383 DEBUG (BaseJdbcLogger.java:143)- ==> Parameters: 男(String), 080205201902(String)
2019-09-04 04:02:17,385 DEBUG (BaseJdbcLogger.java:143)- ====>  Preparing: select id, name, sex, birthday, phone, ID_number, email, parent_phone, adress, major, state from student_basic where id = ? 
2019-09-04 04:02:17,385 DEBUG (BaseJdbcLogger.java:143)- ====> Parameters: 19797(String)
2019-09-04 04:02:17,386 DEBUG (BaseJdbcLogger.java:143)- <====      Total: 1
2019-09-04 04:02:17,387 DEBUG (BaseJdbcLogger.java:143)- ====>  Preparing: select id, class_id, name, director, grade, major_id from class where class_id = ? 
2019-09-04 04:02:17,388 DEBUG (BaseJdbcLogger.java:143)- ====> Parameters: 080205201902(String)
2019-09-04 04:02:17,389 DEBUG (BaseJdbcLogger.java:143)- ======>  Preparing: select id, major_id, name, price, department_id from major where major_id = ? 
2019-09-04 04:02:17,390 DEBUG (BaseJdbcLogger.java:143)- ======> Parameters: 080205(String)
2019-09-04 04:02:17,392 DEBUG (BaseJdbcLogger.java:143)- <======      Total: 1
2019-09-04 04:02:17,393 DEBUG (BaseJdbcLogger.java:143)- <====      Total: 1
2019-09-04 04:02:17,394 DEBUG (BaseJdbcLogger.java:143)- ====>  Preparing: select id, name, sex, birthday, phone, ID_number, email, parent_phone, adress, major, state from student_basic where id = ? 
2019-09-04 04:02:17,394 DEBUG (BaseJdbcLogger.java:143)- ====> Parameters: 19799(String)
2019-09-04 04:02:17,396 DEBUG (BaseJdbcLogger.java:143)- <====      Total: 1
2019-09-04 04:02:17,396 DEBUG (BaseJdbcLogger.java:143)- ====>  Preparing: select id, name, sex, birthday, phone, ID_number, email, parent_phone, adress, major, state from student_basic where id = ? 
2019-09-04 04:02:17,397 DEBUG (BaseJdbcLogger.java:143)- ====> Parameters: 19801(String)
2019-09-04 04:02:17,398 DEBUG (BaseJdbcLogger.java:143)- <====      Total: 1
2019-09-04 04:02:17,398 DEBUG (BaseJdbcLogger.java:143)- ====>  Preparing: select id, name, sex, birthday, phone, ID_number, email, parent_phone, adress, major, state from student_basic where id = ? 
2019-09-04 04:02:17,399 DEBUG (BaseJdbcLogger.java:143)- ====> Parameters: 19802(String)
2019-09-04 04:02:17,400 DEBUG (BaseJdbcLogger.java:143)- <====      Total: 1
