2019-09-23 04:08:47,138 DEBUG (BaseJdbcLogger.java:143)- ====> Parameters: 23887(String)
2019-09-23 04:08:47,141 DEBUG (BaseJdbcLogger.java:143)- <====      Total: 1
2019-09-23 04:08:47,142 DEBUG (BaseJdbcLogger.java:143)- ====>  Preparing: select id, name, sex, birthday, phone, ID_number, email, parent_phone, adress, major, state from student_basic where id = ? 
2019-09-23 04:08:47,143 DEBUG (BaseJdbcLogger.java:143)- ====> Parameters: 23889(String)
2019-09-23 04:08:47,143 DEBUG (BaseJdbcLogger.java:143)- <====      Total: 1
2019-09-23 04:08:47,144 DEBUG (BaseJdbcLogger.java:143)- ====>  Preparing: select id, name, sex, birthday, phone, ID_number, email, parent_phone, adress, major, state from student_basic where id = ? 
2019-09-23 04:08:47,144 DEBUG (BaseJdbcLogger.java:143)- ====> Parameters: 23891(String)
2019-09-23 04:08:47,145 DEBUG (BaseJdbcLogger.java:143)- <====      Total: 1
2019-09-23 04:08:47,145 DEBUG (BaseJdbcLogger.java:143)- ====>  Preparing: select id, name, sex, birthday, phone, ID_number, email, parent_phone, adress, major, state from student_basic where id = ? 
2019-09-23 04:08:47,146 DEBUG (BaseJdbcLogger.java:143)- ====> Parameters: 23892(String)
2019-09-23 04:08:47,146 DEBUG (BaseJdbcLogger.java:143)- <====      Total: 1
2019-09-23 04:08:47,147 DEBUG (BaseJdbcLogger.java:143)- ====>  Preparing: select id, name, sex, birthday, phone, ID_number, email, parent_phone, adress, major, state from student_basic where id = ? 
2019-09-23 04:08:47,147 DEBUG (BaseJdbcLogger.java:143)- ====> Parameters: 23893(String)
2019-09-23 04:08:47,147 DEBUG (BaseJdbcLogger.java:143)- <====      Total: 1
2019-09-23 04:08:47,148 DEBUG (BaseJdbcLogger.java:143)- ====>  Preparing: select id, name, sex, birthday, phone, ID_number, email, parent_phone, adress, major, state from student_basic where id = ? 
2019-09-23 04:08:47,148 DEBUG (BaseJdbcLogger.java:143)- ====> Parameters: 23895(String)
2019-09-23 04:08:47,149 DEBUG (BaseJdbcLogger.java:143)- <====      Total: 1
2019-09-23 04:08:47,149 DEBUG (BaseJdbcLogger.java:143)- ====>  Preparing: select id, name, sex, birthday, phone, ID_number, email, parent_phone, adress, major, state from student_basic where id = ? 
2019-09-23 04:08:47,149 DEBUG (BaseJdbcLogger.java:143)- ====> Parameters: 23898(String)
2019-09-23 04:08:47,149 DEBUG (BaseJdbcLogger.java:143)- <====      Total: 1
2019-09-23 04:08:47,150 DEBUG (BaseJdbcLogger.java:143)- ====>  Preparing: select id, name, sex, birthday, phone, ID_number, email, parent_phone, adress, major, state from student_basic where id = ? 
2019-09-23 04:08:47,150 DEBUG (BaseJdbcLogger.java:143)- ====> Parameters: 23899(String)
2019-09-23 04:08:47,151 DEBUG (BaseJdbcLogger.java:143)- <====      Total: 1
2019-09-23 04:08:47,152 DEBUG (BaseJdbcLogger.java:143)- ====>  Preparing: select id, name, sex, birthday, phone, ID_number, email, parent_phone, adress, major, state from student_basic where id = ? 
2019-09-23 04:08:47,152 DEBUG (BaseJdbcLogger.java:143)- ====> Parameters: 23900(String)
2019-09-23 04:08:47,152 DEBUG (BaseJdbcLogger.java:143)- <====      Total: 1
2019-09-23 04:08:47,153 DEBUG (BaseJdbcLogger.java:143)- ====>  Preparing: select id, name, sex, birthday, phone, ID_number, email, parent_phone, adress, major, state from student_basic where id = ? 
2019-09-23 04:08:47,153 DEBUG (BaseJdbcLogger.java:143)- ====> Parameters: 23902(String)
2019-09-23 04:08:47,154 DEBUG (BaseJdbcLogger.java:143)- <====      Total: 1
2019-09-23 04:08:47,155 DEBUG (BaseJdbcLogger.java:143)- ====>  Preparing: select id, name, sex, birthday, phone, ID_number, email, parent_phone, adress, major, state from student_basic where id = ? 
2019-09-23 04:08:47,155 DEBUG (BaseJdbcLogger.java:143)- ====> Parameters: 23903(String)
2019-09-23 04:08:47,156 DEBUG (BaseJdbcLogger.java:143)- <====      Total: 1
2019-09-23 04:08:47,156 DEBUG (BaseJdbcLogger.java:143)- ====>  Preparing: select id, name, sex, birthday, phone, ID_number, email, parent_phone, adress, major, state from student_basic where id = ? 
2019-09-23 04:08:47,157 DEBUG (BaseJdbcLogger.java:143)- ====> Parameters: 23904(String)
2019-09-23 04:08:47,157 DEBUG (BaseJdbcLogger.java:143)- <====      Total: 1
2019-09-23 04:08:47,158 DEBUG (BaseJdbcLogger.java:143)- ====>  Preparing: select id, name, sex, birthday, phone, ID_number, email, parent_phone, adress, major, state from student_basic where id = ? 
2019-09-23 04:08:47,158 DEBUG (BaseJdbcLogger.java:143)- ====> Parameters: 23907(String)
2019-09-23 04:08:47,159 DEBUG (BaseJdbcLogger.java:143)- <====      Total: 1
2019-09-23 04:08:47,159 DEBUG (BaseJdbcLogger.java:143)- ====>  Preparing: select id, name, sex, birthday, phone, ID_number, email, parent_phone, adress, major, state from student_basic where id = ? 
2019-09-23 04:08:47,160 DEBUG (BaseJdbcLogger.java:143)- ====> Parameters: 23909(String)
2019-09-23 04:08:47,160 DEBUG (BaseJdbcLogger.java:143)- <====      Total: 1
2019-09-23 04:08:47,161 DEBUG (BaseJdbcLogger.java:143)- ====>  Preparing: select id, name, sex, birthday, phone, ID_number, email, parent_phone, adress, major, state from student_basic where id = ? 
2019-09-23 04:08:47,161 DEBUG (BaseJdbcLogger.java:143)- ====> Parameters: 23911(String)
2019-09-23 04:08:47,169 DEBUG (BaseJdbcLogger.java:143)- <====      Total: 1
2019-09-23 04:08:47,170 DEBUG (BaseJdbcLogger.java:143)- ====>  Preparing: select id, name, sex, birthday, phone, ID_number, email, parent_phone, adress, major, state from student_basic where id = ? 
2019-09-23 04:08:47,170 DEBUG (BaseJdbcLogger.java:143)- ====> Parameters: 23912(String)
2019-09-23 04:08:47,171 DEBUG (BaseJdbcLogger.java:143)- <====      Total: 1
2019-09-23 04:08:47,171 DEBUG (BaseJdbcLogger.java:143)- ====>  Preparing: select id, name, sex, birthday, phone, ID_number, email, parent_phone, adress, major, state from student_basic where id = ? 
2019-09-23 04:08:47,171 DEBUG (BaseJdbcLogger.java:143)- ====> Parameters: 23914(String)
2019-09-23 04:08:47,172 DEBUG (BaseJdbcLogger.java:143)- <====      Total: 1
2019-09-23 04:08:47,172 DEBUG (BaseJdbcLogger.java:143)- ====>  Preparing: select id, name, sex, birthday, phone, ID_number, email, parent_phone, adress, major, state from student_basic where id = ? 
2019-09-23 04:08:47,173 DEBUG (BaseJdbcLogger.java:143)- ====> Parameters: 23915(String)
2019-09-23 04:08:47,173 DEBUG (BaseJdbcLogger.java:143)- <====      Total: 1
2019-09-23 04:08:47,173 DEBUG (BaseJdbcLogger.java:143)- ====>  Preparing: select id, name, sex, birthday, phone, ID_number, email, parent_phone, adress, major, state from student_basic where id = ? 
2019-09-23 04:08:47,174 DEBUG (BaseJdbcLogger.java:143)- ====> Parameters: 23916(String)
2019-09-23 04:08:47,174 DEBUG (BaseJdbcLogger.java:143)- <====      Total: 1
2019-09-23 04:08:47,175 DEBUG (BaseJdbcLogger.java:143)- ====>  Preparing: select id, name, sex, birthday, phone, ID_number, email, parent_phone, adress, major, state from student_basic where id = ? 
2019-09-23 04:08:47,175 DEBUG (BaseJdbcLogger.java:143)- ====> Parameters: 23918(String)
2019-09-23 04:08:47,176 DEBUG (BaseJdbcLogger.java:143)- <====      Total: 1
2019-09-23 04:08:47,176 DEBUG (BaseJdbcLogger.java:143)- ====>  Preparing: select id, name, sex, birthday, phone, ID_number, email, parent_phone, adress, major, state from student_basic where id = ? 
2019-09-23 04:08:47,176 DEBUG (BaseJdbcLogger.java:143)- ====> Parameters: 23921(String)
2019-09-23 04:08:47,177 DEBUG (BaseJdbcLogger.java:143)- <====      Total: 1
2019-09-23 04:08:47,177 DEBUG (BaseJdbcLogger.java:143)- ====>  Preparing: select id, name, sex, birthday, phone, ID_number, email, parent_phone, adress, major, state from student_basic where id = ? 
2019-09-23 04:08:47,178 DEBUG (BaseJdbcLogger.java:143)- ====> Parameters: 23923(String)
2019-09-23 04:08:47,178 DEBUG (BaseJdbcLogger.java:143)- <====      Total: 1
2019-09-23 04:08:47,178 DEBUG (BaseJdbcLogger.java:143)- ====>  Preparing: select id, name, sex, birthday, phone, ID_number, email, parent_phone, adress, major, state from student_basic where id = ? 
2019-09-23 04:08:47,179 DEBUG (BaseJdbcLogger.java:143)- ====> Parameters: 23927(String)
2019-09-23 04:08:47,179 DEBUG (BaseJdbcLogger.java:143)- <====      Total: 1
2019-09-23 04:08:47,180 DEBUG (BaseJdbcLogger.java:143)- ====>  Preparing: select id, name, sex, birthday, phone, ID_number, email, parent_phone, adress, major, state from student_basic where id = ? 
2019-09-23 04:08:47,180 DEBUG (BaseJdbcLogger.java:143)- ====> Parameters: 23928(String)
2019-09-23 04:08:47,180 DEBUG (BaseJdbcLogger.java:143)- <====      Total: 1
2019-09-23 04:08:47,181 DEBUG (BaseJdbcLogger.java:143)- ====>  Preparing: select id, name, sex, birthday, phone, ID_number, email, parent_phone, adress, major, state from student_basic where id = ? 
2019-09-23 04:08:47,181 DEBUG (BaseJdbcLogger.java:143)- ====> Parameters: 23929(String)
2019-09-23 04:08:47,182 DEBUG (BaseJdbcLogger.java:143)- <====      Total: 1
2019-09-23 04:08:47,183 DEBUG (BaseJdbcLogger.java:143)- ====>  Preparing: select id, name, sex, birthday, phone, ID_number, email, parent_phone, adress, major, state from student_basic where id = ? 
2019-09-23 04:08:47,183 DEBUG (BaseJdbcLogger.java:143)- ====> Parameters: 23930(String)
2019-09-23 04:08:47,183 DEBUG (BaseJdbcLogger.java:143)- <====      Total: 1
2019-09-23 04:08:47,184 DEBUG (BaseJdbcLogger.java:143)- ====>  Preparing: select id, name, sex, birthday, phone, ID_number, email, parent_phone, adress, major, state from student_basic where id = ? 
2019-09-23 04:08:47,184 DEBUG (BaseJdbcLogger.java:143)- ====> Parameters: 23933(String)
2019-09-23 04:08:47,185 DEBUG (BaseJdbcLogger.java:143)- <====      Total: 1
2019-09-23 04:08:47,185 DEBUG (BaseJdbcLogger.java:143)- ====>  Preparing: select id, name, sex, birthday, phone, ID_number, email, parent_phone, adress, major, state from student_basic where id = ? 
2019-09-23 04:08:47,185 DEBUG (BaseJdbcLogger.java:143)- ====> Parameters: 23937(String)
2019-09-23 04:08:47,186 DEBUG (BaseJdbcLogger.java:143)- <====      Total: 1
2019-09-23 04:08:47,186 DEBUG (BaseJdbcLogger.java:143)- ====>  Preparing: select id, name, sex, birthday, phone, ID_number, email, parent_phone, adress, major, state from student_basic where id = ? 
2019-09-23 04:08:47,187 DEBUG (BaseJdbcLogger.java:143)- ====> Parameters: 23940(String)
2019-09-23 04:08:47,187 DEBUG (BaseJdbcLogger.java:143)- <====      Total: 1
2019-09-23 04:08:47,187 DEBUG (BaseJdbcLogger.java:143)- ====>  Preparing: select id, name, sex, birthday, phone, ID_number, email, parent_phone, adress, major, state from student_basic where id = ? 
2019-09-23 04:08:47,188 DEBUG (BaseJdbcLogger.java:143)- ====> Parameters: 23942(String)
2019-09-23 04:08:47,188 DEBUG (BaseJdbcLogger.java:143)- <====      Total: 1
2019-09-23 04:08:47,189 DEBUG (BaseJdbcLogger.java:143)- ====>  Preparing: select id, name, sex, birthday, phone, ID_number, email, parent_phone, adress, major, state from student_basic where id = ? 
2019-09-23 04:08:47,189 DEBUG (BaseJdbcLogger.java:143)- ====> Parameters: 23945(String)
2019-09-23 04:08:47,191 DEBUG (BaseJdbcLogger.java:143)- <====      Total: 1
2019-09-23 04:08:47,191 DEBUG (BaseJdbcLogger.java:143)- ====>  Preparing: select id, name, sex, birthday, phone, ID_number, email, parent_phone, adress, major, state from student_basic where id = ? 
2019-09-23 04:08:47,192 DEBUG (BaseJdbcLogger.java:143)- ====> Parameters: 23946(String)
2019-09-23 04:08:47,192 DEBUG (BaseJdbcLogger.java:143)- <====      Total: 1
2019-09-23 04:08:47,193 DEBUG (BaseJdbcLogger.java:143)- ====>  Preparing: select id, name, sex, birthday, phone, ID_number, email, parent_phone, adress, major, state from student_basic where id = ? 
2019-09-23 04:08:47,193 DEBUG (BaseJdbcLogger.java:143)- ====> Parameters: 23951(String)
2019-09-23 04:08:47,194 DEBUG (BaseJdbcLogger.java:143)- <====      Total: 1
2019-09-23 04:08:47,194 DEBUG (BaseJdbcLogger.java:143)- ====>  Preparing: select id, name, sex, birthday, phone, ID_number, email, parent_phone, adress, major, state from student_basic where id = ? 
2019-09-23 04:08:47,195 DEBUG (BaseJdbcLogger.java:143)- ====> Parameters: 23952(String)
2019-09-23 04:08:47,195 DEBUG (BaseJdbcLogger.java:143)- <====      Total: 1
2019-09-23 04:08:47,195 DEBUG (BaseJdbcLogger.java:143)- ====>  Preparing: select id, name, sex, birthday, phone, ID_number, email, parent_phone, adress, major, state from student_basic where id = ? 
2019-09-23 04:08:47,196 DEBUG (BaseJdbcLogger.java:143)- ====> Parameters: 23953(String)
2019-09-23 04:08:47,196 DEBUG (BaseJdbcLogger.java:143)- <====      Total: 1
2019-09-23 04:08:47,196 DEBUG (BaseJdbcLogger.java:143)- ====>  Preparing: select id, name, sex, birthday, phone, ID_number, email, parent_phone, adress, major, state from student_basic where id = ? 
2019-09-23 04:08:47,197 DEBUG (BaseJdbcLogger.java:143)- ====> Parameters: 23954(String)
2019-09-23 04:08:47,197 DEBUG (BaseJdbcLogger.java:143)- <====      Total: 1
2019-09-23 04:08:47,198 DEBUG (BaseJdbcLogger.java:143)- ====>  Preparing: select id, name, sex, birthday, phone, ID_number, email, parent_phone, adress, major, state from student_basic where id = ? 
2019-09-23 04:08:47,198 DEBUG (BaseJdbcLogger.java:143)- ====> Parameters: 23955(String)
2019-09-23 04:08:47,199 DEBUG (BaseJdbcLogger.java:143)- <====      Total: 1
2019-09-23 04:08:47,199 DEBUG (BaseJdbcLogger.java:143)- ====>  Preparing: select id, name, sex, birthday, phone, ID_number, email, parent_phone, adress, major, state from student_basic where id = ? 
2019-09-23 04:08:47,199 DEBUG (BaseJdbcLogger.java:143)- ====> Parameters: 23956(String)
2019-09-23 04:08:47,200 DEBUG (BaseJdbcLogger.java:143)- <====      Total: 1
2019-09-23 04:08:47,201 DEBUG (BaseJdbcLogger.java:143)- ====>  Preparing: select id, name, sex, birthday, phone, ID_number, email, parent_phone, adress, major, state from student_basic where id = ? 
2019-09-23 04:08:47,201 DEBUG (BaseJdbcLogger.java:143)- ====> Parameters: 23957(String)
2019-09-23 04:08:47,202 DEBUG (BaseJdbcLogger.java:143)- <====      Total: 1
2019-09-23 04:08:47,202 DEBUG (BaseJdbcLogger.java:143)- ====>  Preparing: select id, name, sex, birthday, phone, ID_number, email, parent_phone, adress, major, state from student_basic where id = ? 
2019-09-23 04:08:47,203 DEBUG (BaseJdbcLogger.java:143)- ====> Parameters: 23958(String)
2019-09-23 04:08:47,203 DEBUG (BaseJdbcLogger.java:143)- <====      Total: 1
2019-09-23 04:08:47,204 DEBUG (BaseJdbcLogger.java:143)- ====>  Preparing: select id, name, sex, birthday, phone, ID_number, email, parent_phone, adress, major, state from student_basic where id = ? 
2019-09-23 04:08:47,204 DEBUG (BaseJdbcLogger.java:143)- ====> Parameters: 23960(String)
2019-09-23 04:08:47,204 DEBUG (BaseJdbcLogger.java:143)- <====      Total: 1
2019-09-23 04:08:47,205 DEBUG (BaseJdbcLogger.java:143)- ====>  Preparing: select id, name, sex, birthday, phone, ID_number, email, parent_phone, adress, major, state from student_basic where id = ? 
2019-09-23 04:08:47,205 DEBUG (BaseJdbcLogger.java:143)- ====> Parameters: 23961(String)
2019-09-23 04:08:47,206 DEBUG (BaseJdbcLogger.java:143)- <====      Total: 1
2019-09-23 04:08:47,206 DEBUG (BaseJdbcLogger.java:143)- ====>  Preparing: select id, name, sex, birthday, phone, ID_number, email, parent_phone, adress, major, state from student_basic where id = ? 
2019-09-23 04:08:47,207 DEBUG (BaseJdbcLogger.java:143)- ====> Parameters: 23964(String)
2019-09-23 04:08:47,207 DEBUG (BaseJdbcLogger.java:143)- <====      Total: 1
2019-09-23 04:08:47,208 DEBUG (BaseJdbcLogger.java:143)- ====>  Preparing: select id, name, sex, birthday, phone, ID_number, email, parent_phone, adress, major, state from student_basic where id = ? 
2019-09-23 04:08:47,208 DEBUG (BaseJdbcLogger.java:143)- ====> Parameters: 23967(String)
2019-09-23 04:08:47,209 DEBUG (BaseJdbcLogger.java:143)- <====      Total: 1
2019-09-23 04:08:47,209 DEBUG (BaseJdbcLogger.java:143)- ====>  Preparing: select id, name, sex, birthday, phone, ID_number, email, parent_phone, adress, major, state from student_basic where id = ? 
2019-09-23 04:08:47,210 DEBUG (BaseJdbcLogger.java:143)- ====> Parameters: 23968(String)
2019-09-23 04:08:47,210 DEBUG (BaseJdbcLogger.java:143)- <====      Total: 1
2019-09-23 04:08:47,210 DEBUG (BaseJdbcLogger.java:143)- ====>  Preparing: select id, name, sex, birthday, phone, ID_number, email, parent_phone, adress, major, state from student_basic where id = ? 
2019-09-23 04:08:47,211 DEBUG (BaseJdbcLogger.java:143)- ====> Parameters: 23969(String)
2019-09-23 04:08:47,211 DEBUG (BaseJdbcLogger.java:143)- <====      Total: 1
2019-09-23 04:08:47,211 DEBUG (BaseJdbcLogger.java:143)- ====>  Preparing: select id, name, sex, birthday, phone, ID_number, email, parent_phone, adress, major, state from student_basic where id = ? 
2019-09-23 04:08:47,212 DEBUG (BaseJdbcLogger.java:143)- ====> Parameters: 23973(String)
2019-09-23 04:08:47,212 DEBUG (BaseJdbcLogger.java:143)- <====      Total: 1
2019-09-23 04:08:47,213 DEBUG (BaseJdbcLogger.java:143)- ====>  Preparing: select id, name, sex, birthday, phone, ID_number, email, parent_phone, adress, major, state from student_basic where id = ? 
2019-09-23 04:08:47,213 DEBUG (BaseJdbcLogger.java:143)- ====> Parameters: 23974(String)
2019-09-23 04:08:47,214 DEBUG (BaseJdbcLogger.java:143)- <====      Total: 1
2019-09-23 04:08:47,214 DEBUG (BaseJdbcLogger.java:143)- ====>  Preparing: select id, name, sex, birthday, phone, ID_number, email, parent_phone, adress, major, state from student_basic where id = ? 
2019-09-23 04:08:47,215 DEBUG (BaseJdbcLogger.java:143)- ====> Parameters: 23975(String)
2019-09-23 04:08:47,215 DEBUG (BaseJdbcLogger.java:143)- <====      Total: 1
2019-09-23 04:08:47,215 DEBUG (BaseJdbcLogger.java:143)- ====>  Preparing: select id, name, sex, birthday, phone, ID_number, email, parent_phone, adress, major, state from student_basic where id = ? 
2019-09-23 04:08:47,216 DEBUG (BaseJdbcLogger.java:143)- ====> Parameters: 23976(String)
2019-09-23 04:08:47,216 DEBUG (BaseJdbcLogger.java:143)- <====      Total: 1
2019-09-23 04:08:47,217 DEBUG (BaseJdbcLogger.java:143)- ====>  Preparing: select id, name, sex, birthday, phone, ID_number, email, parent_phone, adress, major, state from student_basic where id = ? 
2019-09-23 04:08:47,217 DEBUG (BaseJdbcLogger.java:143)- ====> Parameters: 23977(String)
2019-09-23 04:08:47,217 DEBUG (BaseJdbcLogger.java:143)- <====      Total: 1
2019-09-23 04:08:47,218 DEBUG (BaseJdbcLogger.java:143)- ====>  Preparing: select id, name, sex, birthday, phone, ID_number, email, parent_phone, adress, major, state from student_basic where id = ? 
2019-09-23 04:08:47,218 DEBUG (BaseJdbcLogger.java:143)- ====> Parameters: 23978(String)
2019-09-23 04:08:47,219 DEBUG (BaseJdbcLogger.java:143)- <====      Total: 1
2019-09-23 04:08:47,220 DEBUG (BaseJdbcLogger.java:143)- ====>  Preparing: select id, name, sex, birthday, phone, ID_number, email, parent_phone, adress, major, state from student_basic where id = ? 
2019-09-23 04:08:47,220 DEBUG (BaseJdbcLogger.java:143)- ====> Parameters: 23980(String)
2019-09-23 04:08:47,221 DEBUG (BaseJdbcLogger.java:143)- <====      Total: 1
2019-09-23 04:08:47,221 DEBUG (BaseJdbcLogger.java:143)- ====>  Preparing: select id, name, sex, birthday, phone, ID_number, email, parent_phone, adress, major, state from student_basic where id = ? 
2019-09-23 04:08:47,222 DEBUG (BaseJdbcLogger.java:143)- ====> Parameters: 23983(String)
2019-09-23 04:08:47,222 DEBUG (BaseJdbcLogger.java:143)- <====      Total: 1
2019-09-23 04:08:47,223 DEBUG (BaseJdbcLogger.java:143)- ====>  Preparing: select id, name, sex, birthday, phone, ID_number, email, parent_phone, adress, major, state from student_basic where id = ? 
2019-09-23 04:08:47,223 DEBUG (BaseJdbcLogger.java:143)- ====> Parameters: 23985(String)
2019-09-23 04:08:47,224 DEBUG (BaseJdbcLogger.java:143)- <====      Total: 1
2019-09-23 04:08:47,224 DEBUG (BaseJdbcLogger.java:143)- ====>  Preparing: select id, name, sex, birthday, phone, ID_number, email, parent_phone, adress, major, state from student_basic where id = ? 
2019-09-23 04:08:47,224 DEBUG (BaseJdbcLogger.java:143)- ====> Parameters: 23986(String)
2019-09-23 04:08:47,225 DEBUG (BaseJdbcLogger.java:143)- <====      Total: 1
2019-09-23 04:08:47,225 DEBUG (BaseJdbcLogger.java:143)- ====>  Preparing: select id, name, sex, birthday, phone, ID_number, email, parent_phone, adress, major, state from student_basic where id = ? 
2019-09-23 04:08:47,226 DEBUG (BaseJdbcLogger.java:143)- ====> Parameters: 23988(String)
2019-09-23 04:08:47,226 DEBUG (BaseJdbcLogger.java:143)- <====      Total: 1
2019-09-23 04:08:47,227 DEBUG (BaseJdbcLogger.java:143)- ====>  Preparing: select id, name, sex, birthday, phone, ID_number, email, parent_phone, adress, major, state from student_basic where id = ? 
2019-09-23 04:08:47,227 DEBUG (BaseJdbcLogger.java:143)- ====> Parameters: 23990(String)
2019-09-23 04:08:47,228 DEBUG (BaseJdbcLogger.java:143)- <====      Total: 1
2019-09-23 04:08:47,228 DEBUG (BaseJdbcLogger.java:143)- ====>  Preparing: select id, name, sex, birthday, phone, ID_number, email, parent_phone, adress, major, state from student_basic where id = ? 
2019-09-23 04:08:47,228 DEBUG (BaseJdbcLogger.java:143)- ====> Parameters: 23991(String)
2019-09-23 04:08:47,229 DEBUG (BaseJdbcLogger.java:143)- <====      Total: 1
2019-09-23 04:08:47,229 DEBUG (BaseJdbcLogger.java:143)- ====>  Preparing: select id, name, sex, birthday, phone, ID_number, email, parent_phone, adress, major, state from student_basic where id = ? 
2019-09-23 04:08:47,230 DEBUG (BaseJdbcLogger.java:143)- ====> Parameters: 23992(String)
2019-09-23 04:08:47,230 DEBUG (BaseJdbcLogger.java:143)- <====      Total: 1
2019-09-23 04:08:47,231 DEBUG (BaseJdbcLogger.java:143)- ====>  Preparing: select id, name, sex, birthday, phone, ID_number, email, parent_phone, adress, major, state from student_basic where id = ? 
2019-09-23 04:08:47,231 DEBUG (BaseJdbcLogger.java:143)- ====> Parameters: 23993(String)
2019-09-23 04:08:47,232 DEBUG (BaseJdbcLogger.java:143)- <====      Total: 1
2019-09-23 04:08:47,232 DEBUG (BaseJdbcLogger.java:143)- ====>  Preparing: select id, name, sex, birthday, phone, ID_number, email, parent_phone, adress, major, state from student_basic where id = ? 
2019-09-23 04:08:47,232 DEBUG (BaseJdbcLogger.java:143)- ====> Parameters: 23995(String)
2019-09-23 04:08:47,233 DEBUG (BaseJdbcLogger.java:143)- <====      Total: 1
2019-09-23 04:08:47,234 DEBUG (BaseJdbcLogger.java:143)- ====>  Preparing: select id, name, sex, birthday, phone, ID_number, email, parent_phone, adress, major, state from student_basic where id = ? 
2019-09-23 04:08:47,234 DEBUG (BaseJdbcLogger.java:143)- ====> Parameters: 23997(String)
2019-09-23 04:08:47,235 DEBUG (BaseJdbcLogger.java:143)- <====      Total: 1
2019-09-23 04:08:47,235 DEBUG (BaseJdbcLogger.java:143)- ====>  Preparing: select id, name, sex, birthday, phone, ID_number, email, parent_phone, adress, major, state from student_basic where id = ? 
2019-09-23 04:08:47,235 DEBUG (BaseJdbcLogger.java:143)- ====> Parameters: 23998(String)
2019-09-23 04:08:47,236 DEBUG (BaseJdbcLogger.java:143)- <====      Total: 1
2019-09-23 04:08:47,236 DEBUG (BaseJdbcLogger.java:143)- ====>  Preparing: select id, name, sex, birthday, phone, ID_number, email, parent_phone, adress, major, state from student_basic where id = ? 
2019-09-23 04:08:47,237 DEBUG (BaseJdbcLogger.java:143)- ====> Parameters: 23999(String)
2019-09-23 04:08:47,237 DEBUG (BaseJdbcLogger.java:143)- <====      Total: 1
2019-09-23 04:08:47,238 DEBUG (BaseJdbcLogger.java:143)- ====>  Preparing: select id, name, sex, birthday, phone, ID_number, email, parent_phone, adress, major, state from student_basic where id = ? 
2019-09-23 04:08:47,238 DEBUG (BaseJdbcLogger.java:143)- ====> Parameters: 24003(String)
2019-09-23 04:08:47,238 DEBUG (BaseJdbcLogger.java:143)- <====      Total: 1
2019-09-23 04:08:47,239 DEBUG (BaseJdbcLogger.java:143)- ====>  Preparing: select id, name, sex, birthday, phone, ID_number, email, parent_phone, adress, major, state from student_basic where id = ? 
2019-09-23 04:08:47,239 DEBUG (BaseJdbcLogger.java:143)- ====> Parameters: 24004(String)
2019-09-23 04:08:47,240 DEBUG (BaseJdbcLogger.java:143)- <====      Total: 1
2019-09-23 04:08:47,240 DEBUG (BaseJdbcLogger.java:143)- ====>  Preparing: select id, name, sex, birthday, phone, ID_number, email, parent_phone, adress, major, state from student_basic where id = ? 
2019-09-23 04:08:47,240 DEBUG (BaseJdbcLogger.java:143)- ====> Parameters: 24005(String)
2019-09-23 04:08:47,241 DEBUG (BaseJdbcLogger.java:143)- <====      Total: 1
2019-09-23 04:08:47,241 DEBUG (BaseJdbcLogger.java:143)- ====>  Preparing: select id, name, sex, birthday, phone, ID_number, email, parent_phone, adress, major, state from student_basic where id = ? 
2019-09-23 04:08:47,242 DEBUG (BaseJdbcLogger.java:143)- ====> Parameters: 24006(String)
2019-09-23 04:08:47,242 DEBUG (BaseJdbcLogger.java:143)- <====      Total: 1
2019-09-23 04:08:47,243 DEBUG (BaseJdbcLogger.java:143)- ====>  Preparing: select id, name, sex, birthday, phone, ID_number, email, parent_phone, adress, major, state from student_basic where id = ? 
2019-09-23 04:08:47,243 DEBUG (BaseJdbcLogger.java:143)- ====> Parameters: 24008(String)
2019-09-23 04:08:47,243 DEBUG (BaseJdbcLogger.java:143)- <====      Total: 1
2019-09-23 04:08:47,244 DEBUG (BaseJdbcLogger.java:143)- ====>  Preparing: select id, name, sex, birthday, phone, ID_number, email, parent_phone, adress, major, state from student_basic where id = ? 
2019-09-23 04:08:47,244 DEBUG (BaseJdbcLogger.java:143)- ====> Parameters: 24009(String)
2019-09-23 04:08:47,244 DEBUG (BaseJdbcLogger.java:143)- <====      Total: 1
2019-09-23 04:08:47,245 DEBUG (BaseJdbcLogger.java:143)- ====>  Preparing: select id, name, sex, birthday, phone, ID_number, email, parent_phone, adress, major, state from student_basic where id = ? 
2019-09-23 04:08:47,245 DEBUG (BaseJdbcLogger.java:143)- ====> Parameters: 24010(String)
2019-09-23 04:08:47,246 DEBUG (BaseJdbcLogger.java:143)- <====      Total: 1
2019-09-23 04:08:47,246 DEBUG (BaseJdbcLogger.java:143)- ====>  Preparing: select id, name, sex, birthday, phone, ID_number, email, parent_phone, adress, major, state from student_basic where id = ? 
2019-09-23 04:08:47,247 DEBUG (BaseJdbcLogger.java:143)- ====> Parameters: 24011(String)
2019-09-23 04:08:47,247 DEBUG (BaseJdbcLogger.java:143)- <====      Total: 1
2019-09-23 04:08:47,248 DEBUG (BaseJdbcLogger.java:143)- <==      Total: 86
2019-09-23 04:08:47,248 DEBUG (BaseJdbcLogger.java:143)- ==>  Preparing: select student_status.id, student_status.basic_id, student_status.student_id, student_status.class_id from student_status,student_basic where student_status.basic_id=student_basic.id and student_basic.sex=? and student_basic.major=? and student_status.class_id='0' 
2019-09-23 04:08:47,248 DEBUG (BaseJdbcLogger.java:143)- ==> Parameters: 女(String), 计算机科学与技术(String)
2019-09-23 04:08:47,249 DEBUG (BaseJdbcLogger.java:143)- ====>  Preparing: select id, name, sex, birthday, phone, ID_number, email, parent_phone, adress, major, state from student_basic where id = ? 
2019-09-23 04:08:47,250 DEBUG (BaseJdbcLogger.java:143)- ====> Parameters: 23860(String)
2019-09-23 04:08:47,250 DEBUG (BaseJdbcLogger.java:143)- <====      Total: 1
2019-09-23 04:08:47,251 DEBUG (BaseJdbcLogger.java:143)- ====>  Preparing: select id, class_id, name, director, grade, major_id from class WHERE class_id = ? 
2019-09-23 04:08:47,252 DEBUG (BaseJdbcLogger.java:143)- ====> Parameters: 0(String)
2019-09-23 04:08:47,252 DEBUG (BaseJdbcLogger.java:143)- <====      Total: 0
2019-09-23 04:08:47,253 DEBUG (BaseJdbcLogger.java:143)- ====>  Preparing: select id, name, sex, birthday, phone, ID_number, email, parent_phone, adress, major, state from student_basic where id = ? 
2019-09-23 04:08:47,253 DEBUG (BaseJdbcLogger.java:143)- ====> Parameters: 23861(String)
2019-09-23 04:08:47,254 DEBUG (BaseJdbcLogger.java:143)- <====      Total: 1
2019-09-23 04:08:47,255 DEBUG (BaseJdbcLogger.java:143)- ====>  Preparing: select id, name, sex, birthday, phone, ID_number, email, parent_phone, adress, major, state from student_basic where id = ? 
2019-09-23 04:08:47,255 DEBUG (BaseJdbcLogger.java:143)- ====> Parameters: 23864(String)
2019-09-23 04:08:47,256 DEBUG (BaseJdbcLogger.java:143)- <====      Total: 1
2019-09-23 04:08:47,256 DEBUG (BaseJdbcLogger.java:143)- ====>  Preparing: select id, name, sex, birthday, phone, ID_number, email, parent_phone, adress, major, state from student_basic where id = ? 
2019-09-23 04:08:47,256 DEBUG (BaseJdbcLogger.java:143)- ====> Parameters: 23866(String)
2019-09-23 04:08:47,257 DEBUG (BaseJdbcLogger.java:143)- <====      Total: 1
2019-09-23 04:08:47,258 DEBUG (BaseJdbcLogger.java:143)- ====>  Preparing: select id, name, sex, birthday, phone, ID_number, email, parent_phone, adress, major, state from student_basic where id = ? 
2019-09-23 04:08:47,258 DEBUG (BaseJdbcLogger.java:143)- ====> Parameters: 23867(String)
2019-09-23 04:08:47,258 DEBUG (BaseJdbcLogger.java:143)- <====      Total: 1
2019-09-23 04:08:47,259 DEBUG (BaseJdbcLogger.java:143)- ====>  Preparing: select id, name, sex, birthday, phone, ID_number, email, parent_phone, adress, major, state from student_basic where id = ? 
2019-09-23 04:08:47,260 DEBUG (BaseJdbcLogger.java:143)- ====> Parameters: 23869(String)
2019-09-23 04:08:47,260 DEBUG (BaseJdbcLogger.java:143)- <====      Total: 1
2019-09-23 04:08:47,260 DEBUG (BaseJdbcLogger.java:143)- ====>  Preparing: select id, name, sex, birthday, phone, ID_number, email, parent_phone, adress, major, state from student_basic where id = ? 
2019-09-23 04:08:47,261 DEBUG (BaseJdbcLogger.java:143)- ====> Parameters: 23870(String)
2019-09-23 04:08:47,261 DEBUG (BaseJdbcLogger.java:143)- <====      Total: 1
2019-09-23 04:08:47,262 DEBUG (BaseJdbcLogger.java:143)- ====>  Preparing: select id, name, sex, birthday, phone, ID_number, email, parent_phone, adress, major, state from student_basic where id = ? 
2019-09-23 04:08:47,262 DEBUG (BaseJdbcLogger.java:143)- ====> Parameters: 23871(String)
2019-09-23 04:08:47,263 DEBUG (BaseJdbcLogger.java:143)- <====      Total: 1
2019-09-23 04:08:47,264 DEBUG (BaseJdbcLogger.java:143)- ====>  Preparing: select id, name, sex, birthday, phone, ID_number, email, parent_phone, adress, major, state from student_basic where id = ? 
2019-09-23 04:08:47,264 DEBUG (BaseJdbcLogger.java:143)- ====> Parameters: 23873(String)
2019-09-23 04:08:47,265 DEBUG (BaseJdbcLogger.java:143)- <====      Total: 1
2019-09-23 04:08:47,265 DEBUG (BaseJdbcLogger.java:143)- ====>  Preparing: select id, name, sex, birthday, phone, ID_number, email, parent_phone, adress, major, state from student_basic where id = ? 
2019-09-23 04:08:47,266 DEBUG (BaseJdbcLogger.java:143)- ====> Parameters: 23874(String)
2019-09-23 04:08:47,267 DEBUG (BaseJdbcLogger.java:143)- <====      Total: 1
2019-09-23 04:08:47,268 DEBUG (BaseJdbcLogger.java:143)- ====>  Preparing: select id, name, sex, birthday, phone, ID_number, email, parent_phone, adress, major, state from student_basic where id = ? 
2019-09-23 04:08:47,269 DEBUG (BaseJdbcLogger.java:143)- ====> Parameters: 23876(String)
