2019-08-22 18:36:31,715 DEBUG (BaseJdbcLogger.java:143)- ====>  Preparing: select id, name, sex, birthday, phone, ID_number, email, parent_phone, adress, major, state from student_basic where id = ? 
2019-08-22 18:36:31,717 DEBUG (BaseJdbcLogger.java:143)- ====> Parameters: 12016(String)
2019-08-22 18:36:31,718 DEBUG (BaseJdbcLogger.java:143)- <====      Total: 1
2019-08-22 18:36:31,718 DEBUG (BaseJdbcLogger.java:143)- ====>  Preparing: select id, name, sex, birthday, phone, ID_number, email, parent_phone, adress, major, state from student_basic where id = ? 
2019-08-22 18:36:31,718 DEBUG (BaseJdbcLogger.java:143)- ====> Parameters: 12019(String)
2019-08-22 18:36:31,719 DEBUG (BaseJdbcLogger.java:143)- <====      Total: 1
2019-08-22 18:36:31,720 DEBUG (BaseJdbcLogger.java:143)- ====>  Preparing: select id, name, sex, birthday, phone, ID_number, email, parent_phone, adress, major, state from student_basic where id = ? 
2019-08-22 18:36:31,720 DEBUG (BaseJdbcLogger.java:143)- ====> Parameters: 12021(String)
2019-08-22 18:36:31,722 DEBUG (BaseJdbcLogger.java:143)- <====      Total: 1
2019-08-22 18:36:31,722 DEBUG (BaseJdbcLogger.java:143)- ====>  Preparing: select id, name, sex, birthday, phone, ID_number, email, parent_phone, adress, major, state from student_basic where id = ? 
2019-08-22 18:36:31,723 DEBUG (BaseJdbcLogger.java:143)- ====> Parameters: 12022(String)
2019-08-22 18:36:31,725 DEBUG (BaseJdbcLogger.java:143)- <====      Total: 1
2019-08-22 18:36:31,725 DEBUG (BaseJdbcLogger.java:143)- ====>  Preparing: select id, name, sex, birthday, phone, ID_number, email, parent_phone, adress, major, state from student_basic where id = ? 
2019-08-22 18:36:31,726 DEBUG (BaseJdbcLogger.java:143)- ====> Parameters: 12024(String)
2019-08-22 18:36:31,727 DEBUG (BaseJdbcLogger.java:143)- <====      Total: 1
2019-08-22 18:36:31,727 DEBUG (BaseJdbcLogger.java:143)- ====>  Preparing: select id, name, sex, birthday, phone, ID_number, email, parent_phone, adress, major, state from student_basic where id = ? 
2019-08-22 18:36:31,728 DEBUG (BaseJdbcLogger.java:143)- ====> Parameters: 12027(String)
2019-08-22 18:36:31,729 DEBUG (BaseJdbcLogger.java:143)- <====      Total: 1
2019-08-22 18:36:31,729 DEBUG (BaseJdbcLogger.java:143)- ====>  Preparing: select id, name, sex, birthday, phone, ID_number, email, parent_phone, adress, major, state from student_basic where id = ? 
2019-08-22 18:36:31,729 DEBUG (BaseJdbcLogger.java:143)- ====> Parameters: 12029(String)
2019-08-22 18:36:31,730 DEBUG (BaseJdbcLogger.java:143)- <====      Total: 1
2019-08-22 18:36:31,731 DEBUG (BaseJdbcLogger.java:143)- ====>  Preparing: select id, name, sex, birthday, phone, ID_number, email, parent_phone, adress, major, state from student_basic where id = ? 
2019-08-22 18:36:31,731 DEBUG (BaseJdbcLogger.java:143)- ====> Parameters: 12031(String)
2019-08-22 18:36:31,732 DEBUG (BaseJdbcLogger.java:143)- <====      Total: 1
2019-08-22 18:36:31,733 DEBUG (BaseJdbcLogger.java:143)- ====>  Preparing: select id, name, sex, birthday, phone, ID_number, email, parent_phone, adress, major, state from student_basic where id = ? 
2019-08-22 18:36:31,733 DEBUG (BaseJdbcLogger.java:143)- ====> Parameters: 12033(String)
2019-08-22 18:36:31,733 DEBUG (BaseJdbcLogger.java:143)- <====      Total: 1
2019-08-22 18:36:31,733 DEBUG (BaseJdbcLogger.java:143)- ====>  Preparing: select id, name, sex, birthday, phone, ID_number, email, parent_phone, adress, major, state from student_basic where id = ? 
2019-08-22 18:36:31,733 DEBUG (BaseJdbcLogger.java:143)- ====> Parameters: 12035(String)
2019-08-22 18:36:31,734 DEBUG (BaseJdbcLogger.java:143)- <====      Total: 1
2019-08-22 18:36:31,735 DEBUG (BaseJdbcLogger.java:143)- ====>  Preparing: select id, name, sex, birthday, phone, ID_number, email, parent_phone, adress, major, state from student_basic where id = ? 
2019-08-22 18:36:31,736 DEBUG (BaseJdbcLogger.java:143)- ====> Parameters: 12036(String)
2019-08-22 18:36:31,736 DEBUG (BaseJdbcLogger.java:143)- <====      Total: 1
2019-08-22 18:36:31,736 DEBUG (BaseJdbcLogger.java:143)- ====>  Preparing: select id, name, sex, birthday, phone, ID_number, email, parent_phone, adress, major, state from student_basic where id = ? 
2019-08-22 18:36:31,736 DEBUG (BaseJdbcLogger.java:143)- ====> Parameters: 12037(String)
2019-08-22 18:36:31,736 DEBUG (BaseJdbcLogger.java:143)- <====      Total: 1
2019-08-22 18:36:31,738 DEBUG (BaseJdbcLogger.java:143)- ====>  Preparing: select id, name, sex, birthday, phone, ID_number, email, parent_phone, adress, major, state from student_basic where id = ? 
2019-08-22 18:36:31,738 DEBUG (BaseJdbcLogger.java:143)- ====> Parameters: 12039(String)
2019-08-22 18:36:31,738 DEBUG (BaseJdbcLogger.java:143)- <====      Total: 1
2019-08-22 18:36:31,739 DEBUG (BaseJdbcLogger.java:143)- ====>  Preparing: select id, name, sex, birthday, phone, ID_number, email, parent_phone, adress, major, state from student_basic where id = ? 
2019-08-22 18:36:31,739 DEBUG (BaseJdbcLogger.java:143)- ====> Parameters: 12042(String)
2019-08-22 18:36:31,739 DEBUG (BaseJdbcLogger.java:143)- <====      Total: 1
2019-08-22 18:36:31,739 DEBUG (BaseJdbcLogger.java:143)- ====>  Preparing: select id, name, sex, birthday, phone, ID_number, email, parent_phone, adress, major, state from student_basic where id = ? 
2019-08-22 18:36:31,739 DEBUG (BaseJdbcLogger.java:143)- ====> Parameters: 12043(String)
2019-08-22 18:36:31,740 DEBUG (BaseJdbcLogger.java:143)- <====      Total: 1
2019-08-22 18:36:31,740 DEBUG (BaseJdbcLogger.java:143)- ====>  Preparing: select id, name, sex, birthday, phone, ID_number, email, parent_phone, adress, major, state from student_basic where id = ? 
2019-08-22 18:36:31,740 DEBUG (BaseJdbcLogger.java:143)- ====> Parameters: 12044(String)
2019-08-22 18:36:31,742 DEBUG (BaseJdbcLogger.java:143)- <====      Total: 1
2019-08-22 18:36:31,742 DEBUG (BaseJdbcLogger.java:143)- ====>  Preparing: select id, name, sex, birthday, phone, ID_number, email, parent_phone, adress, major, state from student_basic where id = ? 
2019-08-22 18:36:31,744 DEBUG (BaseJdbcLogger.java:143)- ====> Parameters: 12046(String)
2019-08-22 18:36:31,744 DEBUG (BaseJdbcLogger.java:143)- <====      Total: 1
2019-08-22 18:36:31,744 DEBUG (BaseJdbcLogger.java:143)- ====>  Preparing: select id, name, sex, birthday, phone, ID_number, email, parent_phone, adress, major, state from student_basic where id = ? 
2019-08-22 18:36:31,744 DEBUG (BaseJdbcLogger.java:143)- ====> Parameters: 12047(String)
2019-08-22 18:36:31,744 DEBUG (BaseJdbcLogger.java:143)- <====      Total: 1
2019-08-22 18:36:31,745 DEBUG (BaseJdbcLogger.java:143)- ====>  Preparing: select id, name, sex, birthday, phone, ID_number, email, parent_phone, adress, major, state from student_basic where id = ? 
2019-08-22 18:36:31,745 DEBUG (BaseJdbcLogger.java:143)- ====> Parameters: 12048(String)
2019-08-22 18:36:31,746 DEBUG (BaseJdbcLogger.java:143)- <====      Total: 1
2019-08-22 18:36:31,747 DEBUG (BaseJdbcLogger.java:143)- ====>  Preparing: select id, name, sex, birthday, phone, ID_number, email, parent_phone, adress, major, state from student_basic where id = ? 
2019-08-22 18:36:31,747 DEBUG (BaseJdbcLogger.java:143)- ====> Parameters: 12051(String)
2019-08-22 18:36:31,747 DEBUG (BaseJdbcLogger.java:143)- <====      Total: 1
2019-08-22 18:36:31,747 DEBUG (BaseJdbcLogger.java:143)- ====>  Preparing: select id, name, sex, birthday, phone, ID_number, email, parent_phone, adress, major, state from student_basic where id = ? 
2019-08-22 18:36:31,747 DEBUG (BaseJdbcLogger.java:143)- ====> Parameters: 12053(String)
2019-08-22 18:36:31,748 DEBUG (BaseJdbcLogger.java:143)- <====      Total: 1
2019-08-22 18:36:31,749 DEBUG (BaseJdbcLogger.java:143)- ====>  Preparing: select id, name, sex, birthday, phone, ID_number, email, parent_phone, adress, major, state from student_basic where id = ? 
2019-08-22 18:36:31,749 DEBUG (BaseJdbcLogger.java:143)- ====> Parameters: 12055(String)
2019-08-22 18:36:31,749 DEBUG (BaseJdbcLogger.java:143)- <====      Total: 1
2019-08-22 18:36:31,751 DEBUG (BaseJdbcLogger.java:143)- ====>  Preparing: select id, name, sex, birthday, phone, ID_number, email, parent_phone, adress, major, state from student_basic where id = ? 
2019-08-22 18:36:31,751 DEBUG (BaseJdbcLogger.java:143)- ====> Parameters: 12056(String)
2019-08-22 18:36:31,751 DEBUG (BaseJdbcLogger.java:143)- <====      Total: 1
2019-08-22 18:36:31,753 DEBUG (BaseJdbcLogger.java:143)- <==      Total: 29
2019-08-22 18:36:31,753 DEBUG (BaseJdbcLogger.java:143)- ==>  Preparing: select student_status.id,student_status.basic_id, student_status.student_id, student_status.class_id from student_status,student_basic where student_status.basic_id=student_basic.id and student_basic.sex=? and student_status.class_id=? 
2019-08-22 18:36:31,754 DEBUG (BaseJdbcLogger.java:143)- ==> Parameters: 女(String), 080901201901(String)
2019-08-22 18:36:31,754 DEBUG (BaseJdbcLogger.java:143)- ====>  Preparing: select id, name, sex, birthday, phone, ID_number, email, parent_phone, adress, major, state from student_basic where id = ? 
2019-08-22 18:36:31,755 DEBUG (BaseJdbcLogger.java:143)- ====> Parameters: 12004(String)
2019-08-22 18:36:31,756 DEBUG (BaseJdbcLogger.java:143)- <====      Total: 1
2019-08-22 18:36:31,757 DEBUG (BaseJdbcLogger.java:143)- ====>  Preparing: select id, class_id, name, director, grade, major_id from class where class_id = ? 
2019-08-22 18:36:31,757 DEBUG (BaseJdbcLogger.java:143)- ====> Parameters: 080901201901(String)
2019-08-22 18:36:31,759 DEBUG (BaseJdbcLogger.java:143)- ======>  Preparing: select id, major_id, name, price, department_id from major where major_id = ? 
2019-08-22 18:36:31,759 DEBUG (BaseJdbcLogger.java:143)- ======> Parameters: 080901(String)
2019-08-22 18:36:31,761 DEBUG (BaseJdbcLogger.java:143)- <======      Total: 1
2019-08-22 18:36:31,762 DEBUG (BaseJdbcLogger.java:143)- <====      Total: 1
2019-08-22 18:36:31,762 DEBUG (BaseJdbcLogger.java:143)- ====>  Preparing: select id, name, sex, birthday, phone, ID_number, email, parent_phone, adress, major, state from student_basic where id = ? 
2019-08-22 18:36:31,762 DEBUG (BaseJdbcLogger.java:143)- ====> Parameters: 12005(String)
2019-08-22 18:36:31,764 DEBUG (BaseJdbcLogger.java:143)- <====      Total: 1
2019-08-22 18:36:31,764 DEBUG (BaseJdbcLogger.java:143)- ====>  Preparing: select id, name, sex, birthday, phone, ID_number, email, parent_phone, adress, major, state from student_basic where id = ? 
2019-08-22 18:36:31,765 DEBUG (BaseJdbcLogger.java:143)- ====> Parameters: 12008(String)
2019-08-22 18:36:31,767 DEBUG (BaseJdbcLogger.java:143)- <====      Total: 1
2019-08-22 18:36:31,767 DEBUG (BaseJdbcLogger.java:143)- ====>  Preparing: select id, name, sex, birthday, phone, ID_number, email, parent_phone, adress, major, state from student_basic where id = ? 
2019-08-22 18:36:31,767 DEBUG (BaseJdbcLogger.java:143)- ====> Parameters: 12010(String)
2019-08-22 18:36:31,768 DEBUG (BaseJdbcLogger.java:143)- <====      Total: 1
2019-08-22 18:36:31,768 DEBUG (BaseJdbcLogger.java:143)- ====>  Preparing: select id, name, sex, birthday, phone, ID_number, email, parent_phone, adress, major, state from student_basic where id = ? 
2019-08-22 18:36:31,768 DEBUG (BaseJdbcLogger.java:143)- ====> Parameters: 12011(String)
2019-08-22 18:36:31,769 DEBUG (BaseJdbcLogger.java:143)- <====      Total: 1
2019-08-22 18:36:31,770 DEBUG (BaseJdbcLogger.java:143)- ====>  Preparing: select id, name, sex, birthday, phone, ID_number, email, parent_phone, adress, major, state from student_basic where id = ? 
2019-08-22 18:36:31,770 DEBUG (BaseJdbcLogger.java:143)- ====> Parameters: 12013(String)
2019-08-22 18:36:31,770 DEBUG (BaseJdbcLogger.java:143)- <====      Total: 1
2019-08-22 18:36:31,770 DEBUG (BaseJdbcLogger.java:143)- ====>  Preparing: select id, name, sex, birthday, phone, ID_number, email, parent_phone, adress, major, state from student_basic where id = ? 
2019-08-22 18:36:31,770 DEBUG (BaseJdbcLogger.java:143)- ====> Parameters: 12014(String)
2019-08-22 18:36:31,771 DEBUG (BaseJdbcLogger.java:143)- <====      Total: 1
2019-08-22 18:36:31,772 DEBUG (BaseJdbcLogger.java:143)- ====>  Preparing: select id, name, sex, birthday, phone, ID_number, email, parent_phone, adress, major, state from student_basic where id = ? 
2019-08-22 18:36:31,772 DEBUG (BaseJdbcLogger.java:143)- ====> Parameters: 12015(String)
2019-08-22 18:36:31,772 DEBUG (BaseJdbcLogger.java:143)- <====      Total: 1
2019-08-22 18:36:31,774 DEBUG (BaseJdbcLogger.java:143)- ====>  Preparing: select id, name, sex, birthday, phone, ID_number, email, parent_phone, adress, major, state from student_basic where id = ? 
2019-08-22 18:36:31,774 DEBUG (BaseJdbcLogger.java:143)- ====> Parameters: 12017(String)
2019-08-22 18:36:31,775 DEBUG (BaseJdbcLogger.java:143)- <====      Total: 1
2019-08-22 18:36:31,775 DEBUG (BaseJdbcLogger.java:143)- ====>  Preparing: select id, name, sex, birthday, phone, ID_number, email, parent_phone, adress, major, state from student_basic where id = ? 
2019-08-22 18:36:31,775 DEBUG (BaseJdbcLogger.java:143)- ====> Parameters: 12018(String)
2019-08-22 18:36:31,776 DEBUG (BaseJdbcLogger.java:143)- <====      Total: 1
2019-08-22 18:36:31,777 DEBUG (BaseJdbcLogger.java:143)- ====>  Preparing: select id, name, sex, birthday, phone, ID_number, email, parent_phone, adress, major, state from student_basic where id = ? 
2019-08-22 18:36:31,777 DEBUG (BaseJdbcLogger.java:143)- ====> Parameters: 12020(String)
2019-08-22 18:36:31,777 DEBUG (BaseJdbcLogger.java:143)- <====      Total: 1
2019-08-22 18:36:31,777 DEBUG (BaseJdbcLogger.java:143)- ====>  Preparing: select id, name, sex, birthday, phone, ID_number, email, parent_phone, adress, major, state from student_basic where id = ? 
2019-08-22 18:36:31,777 DEBUG (BaseJdbcLogger.java:143)- ====> Parameters: 12023(String)
2019-08-22 18:36:31,779 DEBUG (BaseJdbcLogger.java:143)- <====      Total: 1
2019-08-22 18:36:31,779 DEBUG (BaseJdbcLogger.java:143)- ====>  Preparing: select id, name, sex, birthday, phone, ID_number, email, parent_phone, adress, major, state from student_basic where id = ? 
2019-08-22 18:36:31,780 DEBUG (BaseJdbcLogger.java:143)- ====> Parameters: 12025(String)
2019-08-22 18:36:31,780 DEBUG (BaseJdbcLogger.java:143)- <====      Total: 1
2019-08-22 18:36:31,781 DEBUG (BaseJdbcLogger.java:143)- ====>  Preparing: select id, name, sex, birthday, phone, ID_number, email, parent_phone, adress, major, state from student_basic where id = ? 
2019-08-22 18:36:31,781 DEBUG (BaseJdbcLogger.java:143)- ====> Parameters: 12026(String)
2019-08-22 18:36:31,782 DEBUG (BaseJdbcLogger.java:143)- <====      Total: 1
2019-08-22 18:36:31,783 DEBUG (BaseJdbcLogger.java:143)- ====>  Preparing: select id, name, sex, birthday, phone, ID_number, email, parent_phone, adress, major, state from student_basic where id = ? 
2019-08-22 18:36:31,783 DEBUG (BaseJdbcLogger.java:143)- ====> Parameters: 12028(String)
2019-08-22 18:36:31,784 DEBUG (BaseJdbcLogger.java:143)- <====      Total: 1
2019-08-22 18:36:31,784 DEBUG (BaseJdbcLogger.java:143)- ====>  Preparing: select id, name, sex, birthday, phone, ID_number, email, parent_phone, adress, major, state from student_basic where id = ? 
2019-08-22 18:36:31,784 DEBUG (BaseJdbcLogger.java:143)- ====> Parameters: 12030(String)
2019-08-22 18:36:31,785 DEBUG (BaseJdbcLogger.java:143)- <====      Total: 1
2019-08-22 18:36:31,785 DEBUG (BaseJdbcLogger.java:143)- ====>  Preparing: select id, name, sex, birthday, phone, ID_number, email, parent_phone, adress, major, state from student_basic where id = ? 
2019-08-22 18:36:31,785 DEBUG (BaseJdbcLogger.java:143)- ====> Parameters: 12032(String)
2019-08-22 18:36:31,786 DEBUG (BaseJdbcLogger.java:143)- <====      Total: 1
2019-08-22 18:36:31,786 DEBUG (BaseJdbcLogger.java:143)- ====>  Preparing: select id, name, sex, birthday, phone, ID_number, email, parent_phone, adress, major, state from student_basic where id = ? 
2019-08-22 18:36:31,787 DEBUG (BaseJdbcLogger.java:143)- ====> Parameters: 12034(String)
2019-08-22 18:36:31,787 DEBUG (BaseJdbcLogger.java:143)- <====      Total: 1
2019-08-22 18:36:31,787 DEBUG (BaseJdbcLogger.java:143)- ====>  Preparing: select id, name, sex, birthday, phone, ID_number, email, parent_phone, adress, major, state from student_basic where id = ? 
2019-08-22 18:36:31,788 DEBUG (BaseJdbcLogger.java:143)- ====> Parameters: 12038(String)
2019-08-22 18:36:31,788 DEBUG (BaseJdbcLogger.java:143)- <====      Total: 1
2019-08-22 18:36:31,789 DEBUG (BaseJdbcLogger.java:143)- ====>  Preparing: select id, name, sex, birthday, phone, ID_number, email, parent_phone, adress, major, state from student_basic where id = ? 
2019-08-22 18:36:31,789 DEBUG (BaseJdbcLogger.java:143)- ====> Parameters: 12040(String)
2019-08-22 18:36:31,789 DEBUG (BaseJdbcLogger.java:143)- <====      Total: 1
2019-08-22 18:36:31,790 DEBUG (BaseJdbcLogger.java:143)- ====>  Preparing: select id, name, sex, birthday, phone, ID_number, email, parent_phone, adress, major, state from student_basic where id = ? 
2019-08-22 18:36:31,790 DEBUG (BaseJdbcLogger.java:143)- ====> Parameters: 12041(String)
2019-08-22 18:36:31,791 DEBUG (BaseJdbcLogger.java:143)- <====      Total: 1
2019-08-22 18:36:31,791 DEBUG (BaseJdbcLogger.java:143)- ====>  Preparing: select id, name, sex, birthday, phone, ID_number, email, parent_phone, adress, major, state from student_basic where id = ? 
2019-08-22 18:36:31,791 DEBUG (BaseJdbcLogger.java:143)- ====> Parameters: 12045(String)
2019-08-22 18:36:31,792 DEBUG (BaseJdbcLogger.java:143)- <====      Total: 1
2019-08-22 18:36:31,793 DEBUG (BaseJdbcLogger.java:143)- ====>  Preparing: select id, name, sex, birthday, phone, ID_number, email, parent_phone, adress, major, state from student_basic where id = ? 
2019-08-22 18:36:31,793 DEBUG (BaseJdbcLogger.java:143)- ====> Parameters: 12049(String)
2019-08-22 18:36:31,793 DEBUG (BaseJdbcLogger.java:143)- <====      Total: 1
2019-08-22 18:36:31,794 DEBUG (BaseJdbcLogger.java:143)- <==      Total: 23
2019-08-22 18:36:31,794 DEBUG (BaseJdbcLogger.java:143)- ==>  Preparing: select dormitory_allocation.id, dormitory_allocation.class_id, dormitory_allocation.dormitory_id,dormitory_allocation.number from dormitory_allocation,dormitory WHERE dormitory_allocation.dormitory_id=dormitory.id and dormitory.sex=? and class_id = ? 
2019-08-22 18:36:31,794 DEBUG (BaseJdbcLogger.java:143)- ==> Parameters: 男(String), 080901201901(String)
2019-08-22 18:36:31,795 DEBUG (BaseJdbcLogger.java:143)- ====>  Preparing: select id, dong, floor, room, sex, number, rent from dormitory where id = ? 
2019-08-22 18:36:31,795 DEBUG (BaseJdbcLogger.java:143)- ====> Parameters: 68(Integer)
2019-08-22 18:36:31,796 DEBUG (BaseJdbcLogger.java:143)- <====      Total: 1
2019-08-22 18:36:31,796 DEBUG (BaseJdbcLogger.java:143)- ====>  Preparing: select id, dong, floor, room, sex, number, rent from dormitory where id = ? 
2019-08-22 18:36:31,796 DEBUG (BaseJdbcLogger.java:143)- ====> Parameters: 69(Integer)
2019-08-22 18:36:31,797 DEBUG (BaseJdbcLogger.java:143)- <====      Total: 1
2019-08-22 18:36:31,798 DEBUG (BaseJdbcLogger.java:143)- ====>  Preparing: select id, dong, floor, room, sex, number, rent from dormitory where id = ? 
2019-08-22 18:36:31,798 DEBUG (BaseJdbcLogger.java:143)- ====> Parameters: 70(Integer)
2019-08-22 18:36:31,799 DEBUG (BaseJdbcLogger.java:143)- <====      Total: 1
2019-08-22 18:36:31,799 DEBUG (BaseJdbcLogger.java:143)- ====>  Preparing: select id, dong, floor, room, sex, number, rent from dormitory where id = ? 
2019-08-22 18:36:31,800 DEBUG (BaseJdbcLogger.java:143)- ====> Parameters: 71(Integer)
2019-08-22 18:36:31,800 DEBUG (BaseJdbcLogger.java:143)- <====      Total: 1
2019-08-22 18:36:31,800 DEBUG (BaseJdbcLogger.java:143)- ====>  Preparing: select id, dong, floor, room, sex, number, rent from dormitory where id = ? 
2019-08-22 18:36:31,800 DEBUG (BaseJdbcLogger.java:143)- ====> Parameters: 72(Integer)
2019-08-22 18:36:31,801 DEBUG (BaseJdbcLogger.java:143)- <====      Total: 1
2019-08-22 18:36:31,801 DEBUG (BaseJdbcLogger.java:143)- ====>  Preparing: select id, dong, floor, room, sex, number, rent from dormitory where id = ? 
2019-08-22 18:36:31,802 DEBUG (BaseJdbcLogger.java:143)- ====> Parameters: 73(Integer)
2019-08-22 18:36:31,802 DEBUG (BaseJdbcLogger.java:143)- <====      Total: 1
2019-08-22 18:36:31,802 DEBUG (BaseJdbcLogger.java:143)- <==      Total: 6
2019-08-22 18:36:31,803 DEBUG (BaseJdbcLogger.java:143)- ==>  Preparing: select dormitory_allocation.id, dormitory_allocation.class_id, dormitory_allocation.dormitory_id,dormitory_allocation.number from dormitory_allocation,dormitory WHERE dormitory_allocation.dormitory_id=dormitory.id and dormitory.sex=? and class_id = ? 
2019-08-22 18:36:31,803 DEBUG (BaseJdbcLogger.java:143)- ==> Parameters: 女(String), 080901201901(String)
2019-08-22 18:36:31,804 DEBUG (BaseJdbcLogger.java:143)- ====>  Preparing: select id, dong, floor, room, sex, number, rent from dormitory where id = ? 
2019-08-22 18:36:31,805 DEBUG (BaseJdbcLogger.java:143)- ====> Parameters: 509(Integer)
2019-08-22 18:36:31,805 DEBUG (BaseJdbcLogger.java:143)- <====      Total: 1
2019-08-22 18:36:31,806 DEBUG (BaseJdbcLogger.java:143)- ====>  Preparing: select id, dong, floor, room, sex, number, rent from dormitory where id = ? 
2019-08-22 18:36:31,806 DEBUG (BaseJdbcLogger.java:143)- ====> Parameters: 510(Integer)
2019-08-22 18:36:31,806 DEBUG (BaseJdbcLogger.java:143)- <====      Total: 1
2019-08-22 18:36:31,807 DEBUG (BaseJdbcLogger.java:143)- ====>  Preparing: select id, dong, floor, room, sex, number, rent from dormitory where id = ? 
2019-08-22 18:36:31,807 DEBUG (BaseJdbcLogger.java:143)- ====> Parameters: 511(Integer)
2019-08-22 18:36:31,808 DEBUG (BaseJdbcLogger.java:143)- <====      Total: 1
2019-08-22 18:36:31,808 DEBUG (BaseJdbcLogger.java:143)- ====>  Preparing: select id, dong, floor, room, sex, number, rent from dormitory where id = ? 
2019-08-22 18:36:31,809 DEBUG (BaseJdbcLogger.java:143)- ====> Parameters: 512(Integer)
2019-08-22 18:36:31,809 DEBUG (BaseJdbcLogger.java:143)- <====      Total: 1
2019-08-22 18:36:31,810 DEBUG (BaseJdbcLogger.java:143)- ====>  Preparing: select id, dong, floor, room, sex, number, rent from dormitory where id = ? 
2019-08-22 18:36:31,811 DEBUG (BaseJdbcLogger.java:143)- ====> Parameters: 513(Integer)
2019-08-22 18:36:31,811 DEBUG (BaseJdbcLogger.java:143)- <====      Total: 1
2019-08-22 18:36:31,811 DEBUG (BaseJdbcLogger.java:143)- <==      Total: 5
2019-08-22 18:36:31,811 DEBUG (BaseJdbcLogger.java:143)- ==>  Preparing: select student_status.id,student_status.basic_id, student_status.student_id, student_status.class_id from student_status,student_basic where student_status.basic_id=student_basic.id and student_basic.sex=? and student_status.class_id=? 
2019-08-22 18:36:31,811 DEBUG (BaseJdbcLogger.java:143)- ==> Parameters: 男(String), 080901201902(String)
2019-08-22 18:36:31,812 DEBUG (BaseJdbcLogger.java:143)- ====>  Preparing: select id, name, sex, birthday, phone, ID_number, email, parent_phone, adress, major, state from student_basic where id = ? 
2019-08-22 18:36:31,813 DEBUG (BaseJdbcLogger.java:143)- ====> Parameters: 12058(String)
2019-08-22 18:36:31,814 DEBUG (BaseJdbcLogger.java:143)- <====      Total: 1
2019-08-22 18:36:31,814 DEBUG (BaseJdbcLogger.java:143)- ====>  Preparing: select id, class_id, name, director, grade, major_id from class where class_id = ? 
2019-08-22 18:36:31,815 DEBUG (BaseJdbcLogger.java:143)- ====> Parameters: 080901201902(String)
2019-08-22 18:36:31,816 DEBUG (BaseJdbcLogger.java:143)- ======>  Preparing: select id, major_id, name, price, department_id from major where major_id = ? 
2019-08-22 18:36:31,817 DEBUG (BaseJdbcLogger.java:143)- ======> Parameters: 080901(String)
2019-08-22 18:36:31,818 DEBUG (BaseJdbcLogger.java:143)- <======      Total: 1
2019-08-22 18:36:31,818 DEBUG (BaseJdbcLogger.java:143)- <====      Total: 1
2019-08-22 18:36:31,819 DEBUG (BaseJdbcLogger.java:143)- ====>  Preparing: select id, name, sex, birthday, phone, ID_number, email, parent_phone, adress, major, state from student_basic where id = ? 
2019-08-22 18:36:31,819 DEBUG (BaseJdbcLogger.java:143)- ====> Parameters: 12059(String)
2019-08-22 18:36:31,820 DEBUG (BaseJdbcLogger.java:143)- <====      Total: 1
2019-08-22 18:36:31,821 DEBUG (BaseJdbcLogger.java:143)- ====>  Preparing: select id, name, sex, birthday, phone, ID_number, email, parent_phone, adress, major, state from student_basic where id = ? 
2019-08-22 18:36:31,821 DEBUG (BaseJdbcLogger.java:143)- ====> Parameters: 12060(String)
2019-08-22 18:36:31,822 DEBUG (BaseJdbcLogger.java:143)- <====      Total: 1
2019-08-22 18:36:31,822 DEBUG (BaseJdbcLogger.java:143)- ====>  Preparing: select id, name, sex, birthday, phone, ID_number, email, parent_phone, adress, major, state from student_basic where id = ? 
2019-08-22 18:36:31,823 DEBUG (BaseJdbcLogger.java:143)- ====> Parameters: 12062(String)
2019-08-22 18:36:31,823 DEBUG (BaseJdbcLogger.java:143)- <====      Total: 1
2019-08-22 18:36:31,824 DEBUG (BaseJdbcLogger.java:143)- ====>  Preparing: select id, name, sex, birthday, phone, ID_number, email, parent_phone, adress, major, state from student_basic where id = ? 
2019-08-22 18:36:31,824 DEBUG (BaseJdbcLogger.java:143)- ====> Parameters: 12065(String)
2019-08-22 18:36:31,824 DEBUG (BaseJdbcLogger.java:143)- <====      Total: 1
2019-08-22 18:36:31,825 DEBUG (BaseJdbcLogger.java:143)- ====>  Preparing: select id, name, sex, birthday, phone, ID_number, email, parent_phone, adress, major, state from student_basic where id = ? 
2019-08-22 18:36:31,825 DEBUG (BaseJdbcLogger.java:143)- ====> Parameters: 12067(String)
2019-08-22 18:36:31,826 DEBUG (BaseJdbcLogger.java:143)- <====      Total: 1
2019-08-22 18:36:31,826 DEBUG (BaseJdbcLogger.java:143)- ====>  Preparing: select id, name, sex, birthday, phone, ID_number, email, parent_phone, adress, major, state from student_basic where id = ? 
2019-08-22 18:36:31,827 DEBUG (BaseJdbcLogger.java:143)- ====> Parameters: 12071(String)
2019-08-22 18:36:31,828 DEBUG (BaseJdbcLogger.java:143)- <====      Total: 1
2019-08-22 18:36:31,828 DEBUG (BaseJdbcLogger.java:143)- ====>  Preparing: select id, name, sex, birthday, phone, ID_number, email, parent_phone, adress, major, state from student_basic where id = ? 
2019-08-22 18:36:31,828 DEBUG (BaseJdbcLogger.java:143)- ====> Parameters: 12072(String)
2019-08-22 18:36:31,828 DEBUG (BaseJdbcLogger.java:143)- <====      Total: 1
2019-08-22 18:36:31,830 DEBUG (BaseJdbcLogger.java:143)- ====>  Preparing: select id, name, sex, birthday, phone, ID_number, email, parent_phone, adress, major, state from student_basic where id = ? 
2019-08-22 18:36:31,830 DEBUG (BaseJdbcLogger.java:143)- ====> Parameters: 12073(String)
2019-08-22 18:36:31,831 DEBUG (BaseJdbcLogger.java:143)- <====      Total: 1
2019-08-22 18:36:31,831 DEBUG (BaseJdbcLogger.java:143)- ====>  Preparing: select id, name, sex, birthday, phone, ID_number, email, parent_phone, adress, major, state from student_basic where id = ? 
2019-08-22 18:36:31,831 DEBUG (BaseJdbcLogger.java:143)- ====> Parameters: 12074(String)
2019-08-22 18:36:31,833 DEBUG (BaseJdbcLogger.java:143)- <====      Total: 1
2019-08-22 18:36:31,833 DEBUG (BaseJdbcLogger.java:143)- ====>  Preparing: select id, name, sex, birthday, phone, ID_number, email, parent_phone, adress, major, state from student_basic where id = ? 
2019-08-22 18:36:31,833 DEBUG (BaseJdbcLogger.java:143)- ====> Parameters: 12077(String)
2019-08-22 18:36:31,833 DEBUG (BaseJdbcLogger.java:143)- <====      Total: 1
2019-08-22 18:36:31,834 DEBUG (BaseJdbcLogger.java:143)- ====>  Preparing: select id, name, sex, birthday, phone, ID_number, email, parent_phone, adress, major, state from student_basic where id = ? 
2019-08-22 18:36:31,835 DEBUG (BaseJdbcLogger.java:143)- ====> Parameters: 12081(String)
2019-08-22 18:36:31,835 DEBUG (BaseJdbcLogger.java:143)- <====      Total: 1
2019-08-22 18:36:31,835 DEBUG (BaseJdbcLogger.java:143)- ====>  Preparing: select id, name, sex, birthday, phone, ID_number, email, parent_phone, adress, major, state from student_basic where id = ? 
2019-08-22 18:36:31,836 DEBUG (BaseJdbcLogger.java:143)- ====> Parameters: 12084(String)
2019-08-22 18:36:31,836 DEBUG (BaseJdbcLogger.java:143)- <====      Total: 1
2019-08-22 18:36:31,837 DEBUG (BaseJdbcLogger.java:143)- ====>  Preparing: select id, name, sex, birthday, phone, ID_number, email, parent_phone, adress, major, state from student_basic where id = ? 
2019-08-22 18:36:31,837 DEBUG (BaseJdbcLogger.java:143)- ====> Parameters: 12086(String)
2019-08-22 18:36:31,838 DEBUG (BaseJdbcLogger.java:143)- <====      Total: 1
2019-08-22 18:36:31,839 DEBUG (BaseJdbcLogger.java:143)- ====>  Preparing: select id, name, sex, birthday, phone, ID_number, email, parent_phone, adress, major, state from student_basic where id = ? 
2019-08-22 18:36:31,839 DEBUG (BaseJdbcLogger.java:143)- ====> Parameters: 12089(String)
2019-08-22 18:36:31,839 DEBUG (BaseJdbcLogger.java:143)- <====      Total: 1
2019-08-22 18:36:31,839 DEBUG (BaseJdbcLogger.java:143)- ====>  Preparing: select id, name, sex, birthday, phone, ID_number, email, parent_phone, adress, major, state from student_basic where id = ? 
2019-08-22 18:36:31,839 DEBUG (BaseJdbcLogger.java:143)- ====> Parameters: 12090(String)
2019-08-22 18:36:31,840 DEBUG (BaseJdbcLogger.java:143)- <====      Total: 1
2019-08-22 18:36:31,841 DEBUG (BaseJdbcLogger.java:143)- ====>  Preparing: select id, name, sex, birthday, phone, ID_number, email, parent_phone, adress, major, state from student_basic where id = ? 
2019-08-22 18:36:31,841 DEBUG (BaseJdbcLogger.java:143)- ====> Parameters: 12095(String)
2019-08-22 18:36:31,841 DEBUG (BaseJdbcLogger.java:143)- <====      Total: 1
2019-08-22 18:36:31,842 DEBUG (BaseJdbcLogger.java:143)- ====>  Preparing: select id, name, sex, birthday, phone, ID_number, email, parent_phone, adress, major, state from student_basic where id = ? 
2019-08-22 18:36:31,842 DEBUG (BaseJdbcLogger.java:143)- ====> Parameters: 12096(String)
2019-08-22 18:36:31,843 DEBUG (BaseJdbcLogger.java:143)- <====      Total: 1
2019-08-22 18:36:31,843 DEBUG (BaseJdbcLogger.java:143)- ====>  Preparing: select id, name, sex, birthday, phone, ID_number, email, parent_phone, adress, major, state from student_basic where id = ? 
2019-08-22 18:36:31,843 DEBUG (BaseJdbcLogger.java:143)- ====> Parameters: 12097(String)
2019-08-22 18:36:31,844 DEBUG (BaseJdbcLogger.java:143)- <====      Total: 1
2019-08-22 18:36:31,844 DEBUG (BaseJdbcLogger.java:143)- ====>  Preparing: select id, name, sex, birthday, phone, ID_number, email, parent_phone, adress, major, state from student_basic where id = ? 
2019-08-22 18:36:31,845 DEBUG (BaseJdbcLogger.java:143)- ====> Parameters: 12098(String)
2019-08-22 18:36:31,846 DEBUG (BaseJdbcLogger.java:143)- <====      Total: 1
2019-08-22 18:36:31,846 DEBUG (BaseJdbcLogger.java:143)- ====>  Preparing: select id, name, sex, birthday, phone, ID_number, email, parent_phone, adress, major, state from student_basic where id = ? 
