2019-08-22 18:33:25,585 DEBUG (BaseJdbcLogger.java:143)- <======      Total: 1
2019-08-22 18:33:25,587 DEBUG (BaseJdbcLogger.java:143)- <====      Total: 1
2019-08-22 18:33:25,587 DEBUG (BaseJdbcLogger.java:143)- ====>  Preparing: select id, name, sex, birthday, phone, ID_number, email, parent_phone, adress, major, state from student_basic where id = ? 
2019-08-22 18:33:25,588 DEBUG (BaseJdbcLogger.java:143)- ====> Parameters: 12703(String)
2019-08-22 18:33:25,588 DEBUG (BaseJdbcLogger.java:143)- <====      Total: 1
2019-08-22 18:33:25,589 DEBUG (BaseJdbcLogger.java:143)- ====>  Preparing: select id, name, sex, birthday, phone, ID_number, email, parent_phone, adress, major, state from student_basic where id = ? 
2019-08-22 18:33:25,589 DEBUG (BaseJdbcLogger.java:143)- ====> Parameters: 12705(String)
2019-08-22 18:33:25,590 DEBUG (BaseJdbcLogger.java:143)- <====      Total: 1
2019-08-22 18:33:25,590 DEBUG (BaseJdbcLogger.java:143)- ====>  Preparing: select id, name, sex, birthday, phone, ID_number, email, parent_phone, adress, major, state from student_basic where id = ? 
2019-08-22 18:33:25,591 DEBUG (BaseJdbcLogger.java:143)- ====> Parameters: 12706(String)
2019-08-22 18:33:25,591 DEBUG (BaseJdbcLogger.java:143)- <====      Total: 1
2019-08-22 18:33:25,592 DEBUG (BaseJdbcLogger.java:143)- ====>  Preparing: select id, name, sex, birthday, phone, ID_number, email, parent_phone, adress, major, state from student_basic where id = ? 
2019-08-22 18:33:25,592 DEBUG (BaseJdbcLogger.java:143)- ====> Parameters: 12708(String)
2019-08-22 18:33:25,592 DEBUG (BaseJdbcLogger.java:143)- <====      Total: 1
2019-08-22 18:33:25,593 DEBUG (BaseJdbcLogger.java:143)- ====>  Preparing: select id, name, sex, birthday, phone, ID_number, email, parent_phone, adress, major, state from student_basic where id = ? 
2019-08-22 18:33:25,593 DEBUG (BaseJdbcLogger.java:143)- ====> Parameters: 12709(String)
2019-08-22 18:33:25,593 DEBUG (BaseJdbcLogger.java:143)- <====      Total: 1
2019-08-22 18:33:25,594 DEBUG (BaseJdbcLogger.java:143)- ====>  Preparing: select id, name, sex, birthday, phone, ID_number, email, parent_phone, adress, major, state from student_basic where id = ? 
2019-08-22 18:33:25,594 DEBUG (BaseJdbcLogger.java:143)- ====> Parameters: 12710(String)
2019-08-22 18:33:25,595 DEBUG (BaseJdbcLogger.java:143)- <====      Total: 1
2019-08-22 18:33:25,596 DEBUG (BaseJdbcLogger.java:143)- ====>  Preparing: select id, name, sex, birthday, phone, ID_number, email, parent_phone, adress, major, state from student_basic where id = ? 
2019-08-22 18:33:25,596 DEBUG (BaseJdbcLogger.java:143)- ====> Parameters: 12711(String)
2019-08-22 18:33:25,597 DEBUG (BaseJdbcLogger.java:143)- <====      Total: 1
2019-08-22 18:33:25,597 DEBUG (BaseJdbcLogger.java:143)- ====>  Preparing: select id, name, sex, birthday, phone, ID_number, email, parent_phone, adress, major, state from student_basic where id = ? 
2019-08-22 18:33:25,597 DEBUG (BaseJdbcLogger.java:143)- ====> Parameters: 12712(String)
2019-08-22 18:33:25,598 DEBUG (BaseJdbcLogger.java:143)- <====      Total: 1
2019-08-22 18:33:25,598 DEBUG (BaseJdbcLogger.java:143)- ====>  Preparing: select id, name, sex, birthday, phone, ID_number, email, parent_phone, adress, major, state from student_basic where id = ? 
2019-08-22 18:33:25,599 DEBUG (BaseJdbcLogger.java:143)- ====> Parameters: 12713(String)
2019-08-22 18:33:25,600 DEBUG (BaseJdbcLogger.java:143)- <====      Total: 1
2019-08-22 18:33:25,600 DEBUG (BaseJdbcLogger.java:143)- ====>  Preparing: select id, name, sex, birthday, phone, ID_number, email, parent_phone, adress, major, state from student_basic where id = ? 
2019-08-22 18:33:25,601 DEBUG (BaseJdbcLogger.java:143)- ====> Parameters: 12717(String)
2019-08-22 18:33:25,601 DEBUG (BaseJdbcLogger.java:143)- <====      Total: 1
2019-08-22 18:33:25,602 DEBUG (BaseJdbcLogger.java:143)- ====>  Preparing: select id, name, sex, birthday, phone, ID_number, email, parent_phone, adress, major, state from student_basic where id = ? 
2019-08-22 18:33:25,602 DEBUG (BaseJdbcLogger.java:143)- ====> Parameters: 12723(String)
2019-08-22 18:33:25,602 DEBUG (BaseJdbcLogger.java:143)- <====      Total: 1
2019-08-22 18:33:25,603 DEBUG (BaseJdbcLogger.java:143)- ====>  Preparing: select id, name, sex, birthday, phone, ID_number, email, parent_phone, adress, major, state from student_basic where id = ? 
2019-08-22 18:33:25,603 DEBUG (BaseJdbcLogger.java:143)- ====> Parameters: 12724(String)
2019-08-22 18:33:25,603 DEBUG (BaseJdbcLogger.java:143)- <====      Total: 1
2019-08-22 18:33:25,604 DEBUG (BaseJdbcLogger.java:143)- ====>  Preparing: select id, name, sex, birthday, phone, ID_number, email, parent_phone, adress, major, state from student_basic where id = ? 
2019-08-22 18:33:25,604 DEBUG (BaseJdbcLogger.java:143)- ====> Parameters: 12727(String)
2019-08-22 18:33:25,605 DEBUG (BaseJdbcLogger.java:143)- <====      Total: 1
2019-08-22 18:33:25,606 DEBUG (BaseJdbcLogger.java:143)- ====>  Preparing: select id, name, sex, birthday, phone, ID_number, email, parent_phone, adress, major, state from student_basic where id = ? 
2019-08-22 18:33:25,606 DEBUG (BaseJdbcLogger.java:143)- ====> Parameters: 12730(String)
2019-08-22 18:33:25,606 DEBUG (BaseJdbcLogger.java:143)- <====      Total: 1
2019-08-22 18:33:25,607 DEBUG (BaseJdbcLogger.java:143)- ====>  Preparing: select id, name, sex, birthday, phone, ID_number, email, parent_phone, adress, major, state from student_basic where id = ? 
2019-08-22 18:33:25,607 DEBUG (BaseJdbcLogger.java:143)- ====> Parameters: 12733(String)
2019-08-22 18:33:25,608 DEBUG (BaseJdbcLogger.java:143)- <====      Total: 1
2019-08-22 18:33:25,608 DEBUG (BaseJdbcLogger.java:143)- ====>  Preparing: select id, name, sex, birthday, phone, ID_number, email, parent_phone, adress, major, state from student_basic where id = ? 
2019-08-22 18:33:25,608 DEBUG (BaseJdbcLogger.java:143)- ====> Parameters: 12734(String)
2019-08-22 18:33:25,609 DEBUG (BaseJdbcLogger.java:143)- <====      Total: 1
2019-08-22 18:33:25,610 DEBUG (BaseJdbcLogger.java:143)- ====>  Preparing: select id, name, sex, birthday, phone, ID_number, email, parent_phone, adress, major, state from student_basic where id = ? 
2019-08-22 18:33:25,610 DEBUG (BaseJdbcLogger.java:143)- ====> Parameters: 12736(String)
2019-08-22 18:33:25,611 DEBUG (BaseJdbcLogger.java:143)- <====      Total: 1
2019-08-22 18:33:25,612 DEBUG (BaseJdbcLogger.java:143)- ====>  Preparing: select id, name, sex, birthday, phone, ID_number, email, parent_phone, adress, major, state from student_basic where id = ? 
2019-08-22 18:33:25,612 DEBUG (BaseJdbcLogger.java:143)- ====> Parameters: 12737(String)
2019-08-22 18:33:25,613 DEBUG (BaseJdbcLogger.java:143)- <====      Total: 1
2019-08-22 18:33:25,614 DEBUG (BaseJdbcLogger.java:143)- ====>  Preparing: select id, name, sex, birthday, phone, ID_number, email, parent_phone, adress, major, state from student_basic where id = ? 
2019-08-22 18:33:25,614 DEBUG (BaseJdbcLogger.java:143)- ====> Parameters: 12739(String)
2019-08-22 18:33:25,616 DEBUG (BaseJdbcLogger.java:143)- <====      Total: 1
2019-08-22 18:33:25,616 DEBUG (BaseJdbcLogger.java:143)- ====>  Preparing: select id, name, sex, birthday, phone, ID_number, email, parent_phone, adress, major, state from student_basic where id = ? 
2019-08-22 18:33:25,616 DEBUG (BaseJdbcLogger.java:143)- ====> Parameters: 12741(String)
2019-08-22 18:33:25,617 DEBUG (BaseJdbcLogger.java:143)- <====      Total: 1
2019-08-22 18:33:25,618 DEBUG (BaseJdbcLogger.java:143)- ====>  Preparing: select id, name, sex, birthday, phone, ID_number, email, parent_phone, adress, major, state from student_basic where id = ? 
2019-08-22 18:33:25,618 DEBUG (BaseJdbcLogger.java:143)- ====> Parameters: 12744(String)
2019-08-22 18:33:25,619 DEBUG (BaseJdbcLogger.java:143)- <====      Total: 1
2019-08-22 18:33:25,619 DEBUG (BaseJdbcLogger.java:143)- ====>  Preparing: select id, name, sex, birthday, phone, ID_number, email, parent_phone, adress, major, state from student_basic where id = ? 
2019-08-22 18:33:25,619 DEBUG (BaseJdbcLogger.java:143)- ====> Parameters: 12745(String)
2019-08-22 18:33:25,620 DEBUG (BaseJdbcLogger.java:143)- <====      Total: 1
2019-08-22 18:33:25,621 DEBUG (BaseJdbcLogger.java:143)- ====>  Preparing: select id, name, sex, birthday, phone, ID_number, email, parent_phone, adress, major, state from student_basic where id = ? 
2019-08-22 18:33:25,621 DEBUG (BaseJdbcLogger.java:143)- ====> Parameters: 12750(String)
2019-08-22 18:33:25,622 DEBUG (BaseJdbcLogger.java:143)- <====      Total: 1
2019-08-22 18:33:25,622 DEBUG (BaseJdbcLogger.java:143)- <==      Total: 24
2019-08-22 18:33:25,623 DEBUG (BaseJdbcLogger.java:143)- ==>  Preparing: select student_status.id,student_status.basic_id, student_status.student_id, student_status.class_id from student_status,student_basic where student_status.basic_id=student_basic.id and student_basic.sex=? and student_status.class_id=? 
2019-08-22 18:33:25,623 DEBUG (BaseJdbcLogger.java:143)- ==> Parameters: 女(String), 130503201904(String)
2019-08-22 18:33:25,624 DEBUG (BaseJdbcLogger.java:143)- ====>  Preparing: select id, name, sex, birthday, phone, ID_number, email, parent_phone, adress, major, state from student_basic where id = ? 
2019-08-22 18:33:25,625 DEBUG (BaseJdbcLogger.java:143)- ====> Parameters: 12720(String)
2019-08-22 18:33:25,626 DEBUG (BaseJdbcLogger.java:143)- <====      Total: 1
2019-08-22 18:33:25,626 DEBUG (BaseJdbcLogger.java:143)- ====>  Preparing: select id, class_id, name, director, grade, major_id from class where class_id = ? 
2019-08-22 18:33:25,627 DEBUG (BaseJdbcLogger.java:143)- ====> Parameters: 130503201904(String)
2019-08-22 18:33:25,628 DEBUG (BaseJdbcLogger.java:143)- ======>  Preparing: select id, major_id, name, price, department_id from major where major_id = ? 
2019-08-22 18:33:25,628 DEBUG (BaseJdbcLogger.java:143)- ======> Parameters: 130503(String)
2019-08-22 18:33:25,629 DEBUG (BaseJdbcLogger.java:143)- <======      Total: 1
2019-08-22 18:33:25,629 DEBUG (BaseJdbcLogger.java:143)- <====      Total: 1
2019-08-22 18:33:25,630 DEBUG (BaseJdbcLogger.java:143)- ====>  Preparing: select id, name, sex, birthday, phone, ID_number, email, parent_phone, adress, major, state from student_basic where id = ? 
2019-08-22 18:33:25,630 DEBUG (BaseJdbcLogger.java:143)- ====> Parameters: 12721(String)
2019-08-22 18:33:25,630 DEBUG (BaseJdbcLogger.java:143)- <====      Total: 1
2019-08-22 18:33:25,630 DEBUG (BaseJdbcLogger.java:143)- ====>  Preparing: select id, name, sex, birthday, phone, ID_number, email, parent_phone, adress, major, state from student_basic where id = ? 
2019-08-22 18:33:25,632 DEBUG (BaseJdbcLogger.java:143)- ====> Parameters: 12722(String)
2019-08-22 18:33:25,632 DEBUG (BaseJdbcLogger.java:143)- <====      Total: 1
2019-08-22 18:33:25,633 DEBUG (BaseJdbcLogger.java:143)- ====>  Preparing: select id, name, sex, birthday, phone, ID_number, email, parent_phone, adress, major, state from student_basic where id = ? 
2019-08-22 18:33:25,633 DEBUG (BaseJdbcLogger.java:143)- ====> Parameters: 12725(String)
2019-08-22 18:33:25,633 DEBUG (BaseJdbcLogger.java:143)- <====      Total: 1
2019-08-22 18:33:25,634 DEBUG (BaseJdbcLogger.java:143)- ====>  Preparing: select id, name, sex, birthday, phone, ID_number, email, parent_phone, adress, major, state from student_basic where id = ? 
2019-08-22 18:33:25,634 DEBUG (BaseJdbcLogger.java:143)- ====> Parameters: 12726(String)
2019-08-22 18:33:25,635 DEBUG (BaseJdbcLogger.java:143)- <====      Total: 1
2019-08-22 18:33:25,635 DEBUG (BaseJdbcLogger.java:143)- ====>  Preparing: select id, name, sex, birthday, phone, ID_number, email, parent_phone, adress, major, state from student_basic where id = ? 
2019-08-22 18:33:25,635 DEBUG (BaseJdbcLogger.java:143)- ====> Parameters: 12728(String)
2019-08-22 18:33:25,636 DEBUG (BaseJdbcLogger.java:143)- <====      Total: 1
2019-08-22 18:33:25,636 DEBUG (BaseJdbcLogger.java:143)- ====>  Preparing: select id, name, sex, birthday, phone, ID_number, email, parent_phone, adress, major, state from student_basic where id = ? 
2019-08-22 18:33:25,637 DEBUG (BaseJdbcLogger.java:143)- ====> Parameters: 12729(String)
2019-08-22 18:33:25,638 DEBUG (BaseJdbcLogger.java:143)- <====      Total: 1
2019-08-22 18:33:25,638 DEBUG (BaseJdbcLogger.java:143)- ====>  Preparing: select id, name, sex, birthday, phone, ID_number, email, parent_phone, adress, major, state from student_basic where id = ? 
2019-08-22 18:33:25,638 DEBUG (BaseJdbcLogger.java:143)- ====> Parameters: 12731(String)
2019-08-22 18:33:25,639 DEBUG (BaseJdbcLogger.java:143)- <====      Total: 1
2019-08-22 18:33:25,639 DEBUG (BaseJdbcLogger.java:143)- ====>  Preparing: select id, name, sex, birthday, phone, ID_number, email, parent_phone, adress, major, state from student_basic where id = ? 
2019-08-22 18:33:25,640 DEBUG (BaseJdbcLogger.java:143)- ====> Parameters: 12732(String)
2019-08-22 18:33:25,640 DEBUG (BaseJdbcLogger.java:143)- <====      Total: 1
2019-08-22 18:33:25,640 DEBUG (BaseJdbcLogger.java:143)- ====>  Preparing: select id, name, sex, birthday, phone, ID_number, email, parent_phone, adress, major, state from student_basic where id = ? 
2019-08-22 18:33:25,640 DEBUG (BaseJdbcLogger.java:143)- ====> Parameters: 12735(String)
2019-08-22 18:33:25,641 DEBUG (BaseJdbcLogger.java:143)- <====      Total: 1
2019-08-22 18:33:25,642 DEBUG (BaseJdbcLogger.java:143)- ====>  Preparing: select id, name, sex, birthday, phone, ID_number, email, parent_phone, adress, major, state from student_basic where id = ? 
2019-08-22 18:33:25,642 DEBUG (BaseJdbcLogger.java:143)- ====> Parameters: 12738(String)
2019-08-22 18:33:25,642 DEBUG (BaseJdbcLogger.java:143)- <====      Total: 1
2019-08-22 18:33:25,642 DEBUG (BaseJdbcLogger.java:143)- ====>  Preparing: select id, name, sex, birthday, phone, ID_number, email, parent_phone, adress, major, state from student_basic where id = ? 
2019-08-22 18:33:25,643 DEBUG (BaseJdbcLogger.java:143)- ====> Parameters: 12740(String)
2019-08-22 18:33:25,643 DEBUG (BaseJdbcLogger.java:143)- <====      Total: 1
2019-08-22 18:33:25,643 DEBUG (BaseJdbcLogger.java:143)- ====>  Preparing: select id, name, sex, birthday, phone, ID_number, email, parent_phone, adress, major, state from student_basic where id = ? 
2019-08-22 18:33:25,644 DEBUG (BaseJdbcLogger.java:143)- ====> Parameters: 12742(String)
2019-08-22 18:33:25,644 DEBUG (BaseJdbcLogger.java:143)- <====      Total: 1
2019-08-22 18:33:25,645 DEBUG (BaseJdbcLogger.java:143)- ====>  Preparing: select id, name, sex, birthday, phone, ID_number, email, parent_phone, adress, major, state from student_basic where id = ? 
2019-08-22 18:33:25,645 DEBUG (BaseJdbcLogger.java:143)- ====> Parameters: 12743(String)
2019-08-22 18:33:25,646 DEBUG (BaseJdbcLogger.java:143)- <====      Total: 1
2019-08-22 18:33:25,646 DEBUG (BaseJdbcLogger.java:143)- ====>  Preparing: select id, name, sex, birthday, phone, ID_number, email, parent_phone, adress, major, state from student_basic where id = ? 
2019-08-22 18:33:25,646 DEBUG (BaseJdbcLogger.java:143)- ====> Parameters: 12746(String)
2019-08-22 18:33:25,647 DEBUG (BaseJdbcLogger.java:143)- <====      Total: 1
2019-08-22 18:33:25,647 DEBUG (BaseJdbcLogger.java:143)- ====>  Preparing: select id, name, sex, birthday, phone, ID_number, email, parent_phone, adress, major, state from student_basic where id = ? 
2019-08-22 18:33:25,648 DEBUG (BaseJdbcLogger.java:143)- ====> Parameters: 12747(String)
2019-08-22 18:33:25,649 DEBUG (BaseJdbcLogger.java:143)- <====      Total: 1
2019-08-22 18:33:25,649 DEBUG (BaseJdbcLogger.java:143)- ====>  Preparing: select id, name, sex, birthday, phone, ID_number, email, parent_phone, adress, major, state from student_basic where id = ? 
2019-08-22 18:33:25,650 DEBUG (BaseJdbcLogger.java:143)- ====> Parameters: 12748(String)
2019-08-22 18:33:25,650 DEBUG (BaseJdbcLogger.java:143)- <====      Total: 1
2019-08-22 18:33:25,651 DEBUG (BaseJdbcLogger.java:143)- ====>  Preparing: select id, name, sex, birthday, phone, ID_number, email, parent_phone, adress, major, state from student_basic where id = ? 
2019-08-22 18:33:25,651 DEBUG (BaseJdbcLogger.java:143)- ====> Parameters: 12749(String)
2019-08-22 18:33:25,652 DEBUG (BaseJdbcLogger.java:143)- <====      Total: 1
2019-08-22 18:33:25,652 DEBUG (BaseJdbcLogger.java:143)- ====>  Preparing: select id, name, sex, birthday, phone, ID_number, email, parent_phone, adress, major, state from student_basic where id = ? 
2019-08-22 18:33:25,653 DEBUG (BaseJdbcLogger.java:143)- ====> Parameters: 12751(String)
2019-08-22 18:33:25,653 DEBUG (BaseJdbcLogger.java:143)- <====      Total: 1
2019-08-22 18:33:25,654 DEBUG (BaseJdbcLogger.java:143)- <==      Total: 19
2019-08-22 18:33:25,655 DEBUG (BaseJdbcLogger.java:143)- ==>  Preparing: select dormitory_allocation.id, dormitory_allocation.class_id, dormitory_allocation.dormitory_id,dormitory_allocation.number from dormitory_allocation,dormitory WHERE dormitory_allocation.dormitory_id=dormitory.id and dormitory.sex=? and class_id = ? 
2019-08-22 18:33:25,655 DEBUG (BaseJdbcLogger.java:143)- ==> Parameters: 男(String), 130503201904(String)
2019-08-22 18:33:25,656 DEBUG (BaseJdbcLogger.java:143)- ====>  Preparing: select id, dong, floor, room, sex, number, rent from dormitory where id = ? 
2019-08-22 18:33:25,656 DEBUG (BaseJdbcLogger.java:143)- ====> Parameters: 48(Integer)
2019-08-22 18:33:25,657 DEBUG (BaseJdbcLogger.java:143)- <====      Total: 1
2019-08-22 18:33:25,657 DEBUG (BaseJdbcLogger.java:143)- ====>  Preparing: select id, dong, floor, room, sex, number, rent from dormitory where id = ? 
2019-08-22 18:33:25,657 DEBUG (BaseJdbcLogger.java:143)- ====> Parameters: 49(Integer)
2019-08-22 18:33:25,658 DEBUG (BaseJdbcLogger.java:143)- <====      Total: 1
2019-08-22 18:33:25,658 DEBUG (BaseJdbcLogger.java:143)- ====>  Preparing: select id, dong, floor, room, sex, number, rent from dormitory where id = ? 
2019-08-22 18:33:25,659 DEBUG (BaseJdbcLogger.java:143)- ====> Parameters: 50(Integer)
2019-08-22 18:33:25,659 DEBUG (BaseJdbcLogger.java:143)- <====      Total: 1
2019-08-22 18:33:25,659 DEBUG (BaseJdbcLogger.java:143)- ====>  Preparing: select id, dong, floor, room, sex, number, rent from dormitory where id = ? 
2019-08-22 18:33:25,660 DEBUG (BaseJdbcLogger.java:143)- ====> Parameters: 51(Integer)
2019-08-22 18:33:25,660 DEBUG (BaseJdbcLogger.java:143)- <====      Total: 1
2019-08-22 18:33:25,660 DEBUG (BaseJdbcLogger.java:143)- ====>  Preparing: select id, dong, floor, room, sex, number, rent from dormitory where id = ? 
2019-08-22 18:33:25,661 DEBUG (BaseJdbcLogger.java:143)- ====> Parameters: 52(Integer)
2019-08-22 18:33:25,662 DEBUG (BaseJdbcLogger.java:143)- <====      Total: 1
2019-08-22 18:33:25,662 DEBUG (BaseJdbcLogger.java:143)- <==      Total: 5
2019-08-22 18:33:25,663 DEBUG (BaseJdbcLogger.java:143)- ==>  Preparing: select dormitory_allocation.id, dormitory_allocation.class_id, dormitory_allocation.dormitory_id,dormitory_allocation.number from dormitory_allocation,dormitory WHERE dormitory_allocation.dormitory_id=dormitory.id and dormitory.sex=? and class_id = ? 
2019-08-22 18:33:25,663 DEBUG (BaseJdbcLogger.java:143)- ==> Parameters: 女(String), 130503201904(String)
2019-08-22 18:33:25,664 DEBUG (BaseJdbcLogger.java:143)- ====>  Preparing: select id, dong, floor, room, sex, number, rent from dormitory where id = ? 
2019-08-22 18:33:25,664 DEBUG (BaseJdbcLogger.java:143)- ====> Parameters: 496(Integer)
2019-08-22 18:33:25,665 DEBUG (BaseJdbcLogger.java:143)- <====      Total: 1
2019-08-22 18:33:25,665 DEBUG (BaseJdbcLogger.java:143)- ====>  Preparing: select id, dong, floor, room, sex, number, rent from dormitory where id = ? 
2019-08-22 18:33:25,665 DEBUG (BaseJdbcLogger.java:143)- ====> Parameters: 497(Integer)
2019-08-22 18:33:25,666 DEBUG (BaseJdbcLogger.java:143)- <====      Total: 1
2019-08-22 18:33:25,666 DEBUG (BaseJdbcLogger.java:143)- ====>  Preparing: select id, dong, floor, room, sex, number, rent from dormitory where id = ? 
2019-08-22 18:33:25,666 DEBUG (BaseJdbcLogger.java:143)- ====> Parameters: 498(Integer)
2019-08-22 18:33:25,667 DEBUG (BaseJdbcLogger.java:143)- <====      Total: 1
2019-08-22 18:33:25,667 DEBUG (BaseJdbcLogger.java:143)- ====>  Preparing: select id, dong, floor, room, sex, number, rent from dormitory where id = ? 
2019-08-22 18:33:25,667 DEBUG (BaseJdbcLogger.java:143)- ====> Parameters: 499(Integer)
2019-08-22 18:33:25,668 DEBUG (BaseJdbcLogger.java:143)- <====      Total: 1
2019-08-22 18:33:25,668 DEBUG (BaseJdbcLogger.java:143)- <==      Total: 4
2019-08-22 18:33:25,668 DEBUG (BaseJdbcLogger.java:143)- ==>  Preparing: select student_status.id,student_status.basic_id, student_status.student_id, student_status.class_id from student_status,student_basic where student_status.basic_id=student_basic.id and student_basic.sex=? and student_status.class_id=? 
2019-08-22 18:33:25,669 DEBUG (BaseJdbcLogger.java:143)- ==> Parameters: 男(String), 080702201901(String)
2019-08-22 18:33:25,670 DEBUG (BaseJdbcLogger.java:143)- ====>  Preparing: select id, name, sex, birthday, phone, ID_number, email, parent_phone, adress, major, state from student_basic where id = ? 
2019-08-22 18:33:25,670 DEBUG (BaseJdbcLogger.java:143)- ====> Parameters: 12363(String)
2019-08-22 18:33:25,671 DEBUG (BaseJdbcLogger.java:143)- <====      Total: 1
2019-08-22 18:33:25,671 DEBUG (BaseJdbcLogger.java:143)- ====>  Preparing: select id, class_id, name, director, grade, major_id from class where class_id = ? 
2019-08-22 18:33:25,671 DEBUG (BaseJdbcLogger.java:143)- ====> Parameters: 080702201901(String)
2019-08-22 18:33:25,672 DEBUG (BaseJdbcLogger.java:143)- ======>  Preparing: select id, major_id, name, price, department_id from major where major_id = ? 
2019-08-22 18:33:25,673 DEBUG (BaseJdbcLogger.java:143)- ======> Parameters: 080702(String)
2019-08-22 18:33:25,673 DEBUG (BaseJdbcLogger.java:143)- <======      Total: 1
2019-08-22 18:33:25,674 DEBUG (BaseJdbcLogger.java:143)- <====      Total: 1
2019-08-22 18:33:25,674 DEBUG (BaseJdbcLogger.java:143)- ====>  Preparing: select id, name, sex, birthday, phone, ID_number, email, parent_phone, adress, major, state from student_basic where id = ? 
2019-08-22 18:33:25,674 DEBUG (BaseJdbcLogger.java:143)- ====> Parameters: 12366(String)
2019-08-22 18:33:25,675 DEBUG (BaseJdbcLogger.java:143)- <====      Total: 1
2019-08-22 18:33:25,675 DEBUG (BaseJdbcLogger.java:143)- ====>  Preparing: select id, name, sex, birthday, phone, ID_number, email, parent_phone, adress, major, state from student_basic where id = ? 
2019-08-22 18:33:25,675 DEBUG (BaseJdbcLogger.java:143)- ====> Parameters: 12367(String)
2019-08-22 18:33:25,676 DEBUG (BaseJdbcLogger.java:143)- <====      Total: 1
2019-08-22 18:33:25,676 DEBUG (BaseJdbcLogger.java:143)- ====>  Preparing: select id, name, sex, birthday, phone, ID_number, email, parent_phone, adress, major, state from student_basic where id = ? 
2019-08-22 18:33:25,677 DEBUG (BaseJdbcLogger.java:143)- ====> Parameters: 12368(String)
2019-08-22 18:33:25,677 DEBUG (BaseJdbcLogger.java:143)- <====      Total: 1
2019-08-22 18:33:25,677 DEBUG (BaseJdbcLogger.java:143)- ====>  Preparing: select id, name, sex, birthday, phone, ID_number, email, parent_phone, adress, major, state from student_basic where id = ? 
2019-08-22 18:33:25,678 DEBUG (BaseJdbcLogger.java:143)- ====> Parameters: 12370(String)
2019-08-22 18:33:25,678 DEBUG (BaseJdbcLogger.java:143)- <====      Total: 1
2019-08-22 18:33:25,678 DEBUG (BaseJdbcLogger.java:143)- ====>  Preparing: select id, name, sex, birthday, phone, ID_number, email, parent_phone, adress, major, state from student_basic where id = ? 
2019-08-22 18:33:25,679 DEBUG (BaseJdbcLogger.java:143)- ====> Parameters: 12371(String)
2019-08-22 18:33:25,679 DEBUG (BaseJdbcLogger.java:143)- <====      Total: 1
2019-08-22 18:33:25,679 DEBUG (BaseJdbcLogger.java:143)- ====>  Preparing: select id, name, sex, birthday, phone, ID_number, email, parent_phone, adress, major, state from student_basic where id = ? 
2019-08-22 18:33:25,680 DEBUG (BaseJdbcLogger.java:143)- ====> Parameters: 12372(String)
2019-08-22 18:33:25,680 DEBUG (BaseJdbcLogger.java:143)- <====      Total: 1
2019-08-22 18:33:25,680 DEBUG (BaseJdbcLogger.java:143)- ====>  Preparing: select id, name, sex, birthday, phone, ID_number, email, parent_phone, adress, major, state from student_basic where id = ? 
2019-08-22 18:33:25,681 DEBUG (BaseJdbcLogger.java:143)- ====> Parameters: 12374(String)
2019-08-22 18:33:25,681 DEBUG (BaseJdbcLogger.java:143)- <====      Total: 1
2019-08-22 18:33:25,681 DEBUG (BaseJdbcLogger.java:143)- ====>  Preparing: select id, name, sex, birthday, phone, ID_number, email, parent_phone, adress, major, state from student_basic where id = ? 
2019-08-22 18:33:25,682 DEBUG (BaseJdbcLogger.java:143)- ====> Parameters: 12375(String)
2019-08-22 18:33:25,682 DEBUG (BaseJdbcLogger.java:143)- <====      Total: 1
2019-08-22 18:33:25,683 DEBUG (BaseJdbcLogger.java:143)- ====>  Preparing: select id, name, sex, birthday, phone, ID_number, email, parent_phone, adress, major, state from student_basic where id = ? 
2019-08-22 18:33:25,683 DEBUG (BaseJdbcLogger.java:143)- ====> Parameters: 12376(String)
2019-08-22 18:33:25,684 DEBUG (BaseJdbcLogger.java:143)- <====      Total: 1
2019-08-22 18:33:25,684 DEBUG (BaseJdbcLogger.java:143)- ====>  Preparing: select id, name, sex, birthday, phone, ID_number, email, parent_phone, adress, major, state from student_basic where id = ? 
2019-08-22 18:33:25,684 DEBUG (BaseJdbcLogger.java:143)- ====> Parameters: 12377(String)
2019-08-22 18:33:25,685 DEBUG (BaseJdbcLogger.java:143)- <====      Total: 1
2019-08-22 18:33:25,685 DEBUG (BaseJdbcLogger.java:143)- ====>  Preparing: select id, name, sex, birthday, phone, ID_number, email, parent_phone, adress, major, state from student_basic where id = ? 
2019-08-22 18:33:25,686 DEBUG (BaseJdbcLogger.java:143)- ====> Parameters: 12378(String)
2019-08-22 18:33:25,686 DEBUG (BaseJdbcLogger.java:143)- <====      Total: 1
2019-08-22 18:33:25,686 DEBUG (BaseJdbcLogger.java:143)- ====>  Preparing: select id, name, sex, birthday, phone, ID_number, email, parent_phone, adress, major, state from student_basic where id = ? 
2019-08-22 18:33:25,687 DEBUG (BaseJdbcLogger.java:143)- ====> Parameters: 12380(String)
2019-08-22 18:33:25,688 DEBUG (BaseJdbcLogger.java:143)- <====      Total: 1
2019-08-22 18:33:25,688 DEBUG (BaseJdbcLogger.java:143)- ====>  Preparing: select id, name, sex, birthday, phone, ID_number, email, parent_phone, adress, major, state from student_basic where id = ? 
2019-08-22 18:33:25,689 DEBUG (BaseJdbcLogger.java:143)- ====> Parameters: 12386(String)
2019-08-22 18:33:25,690 DEBUG (BaseJdbcLogger.java:143)- <====      Total: 1
2019-08-22 18:33:25,690 DEBUG (BaseJdbcLogger.java:143)- ====>  Preparing: select id, name, sex, birthday, phone, ID_number, email, parent_phone, adress, major, state from student_basic where id = ? 
2019-08-22 18:33:25,691 DEBUG (BaseJdbcLogger.java:143)- ====> Parameters: 12389(String)
2019-08-22 18:33:25,691 DEBUG (BaseJdbcLogger.java:143)- <====      Total: 1
2019-08-22 18:33:25,692 DEBUG (BaseJdbcLogger.java:143)- ====>  Preparing: select id, name, sex, birthday, phone, ID_number, email, parent_phone, adress, major, state from student_basic where id = ? 
2019-08-22 18:33:25,692 DEBUG (BaseJdbcLogger.java:143)- ====> Parameters: 12390(String)
2019-08-22 18:33:25,693 DEBUG (BaseJdbcLogger.java:143)- <====      Total: 1
2019-08-22 18:33:25,693 DEBUG (BaseJdbcLogger.java:143)- ====>  Preparing: select id, name, sex, birthday, phone, ID_number, email, parent_phone, adress, major, state from student_basic where id = ? 
2019-08-22 18:33:25,694 DEBUG (BaseJdbcLogger.java:143)- ====> Parameters: 12391(String)
2019-08-22 18:33:25,694 DEBUG (BaseJdbcLogger.java:143)- <====      Total: 1
2019-08-22 18:33:25,694 DEBUG (BaseJdbcLogger.java:143)- ====>  Preparing: select id, name, sex, birthday, phone, ID_number, email, parent_phone, adress, major, state from student_basic where id = ? 
2019-08-22 18:33:25,694 DEBUG (BaseJdbcLogger.java:143)- ====> Parameters: 12392(String)
2019-08-22 18:33:25,695 DEBUG (BaseJdbcLogger.java:143)- <====      Total: 1
2019-08-22 18:33:25,696 DEBUG (BaseJdbcLogger.java:143)- ====>  Preparing: select id, name, sex, birthday, phone, ID_number, email, parent_phone, adress, major, state from student_basic where id = ? 
2019-08-22 18:33:25,696 DEBUG (BaseJdbcLogger.java:143)- ====> Parameters: 12393(String)
2019-08-22 18:33:25,696 DEBUG (BaseJdbcLogger.java:143)- <====      Total: 1
2019-08-22 18:33:25,697 DEBUG (BaseJdbcLogger.java:143)- ====>  Preparing: select id, name, sex, birthday, phone, ID_number, email, parent_phone, adress, major, state from student_basic where id = ? 
2019-08-22 18:33:25,697 DEBUG (BaseJdbcLogger.java:143)- ====> Parameters: 12394(String)
2019-08-22 18:33:25,698 DEBUG (BaseJdbcLogger.java:143)- <====      Total: 1
2019-08-22 18:33:25,699 DEBUG (BaseJdbcLogger.java:143)- ====>  Preparing: select id, name, sex, birthday, phone, ID_number, email, parent_phone, adress, major, state from student_basic where id = ? 
2019-08-22 18:33:25,699 DEBUG (BaseJdbcLogger.java:143)- ====> Parameters: 12395(String)
2019-08-22 18:33:25,699 DEBUG (BaseJdbcLogger.java:143)- <====      Total: 1
2019-08-22 18:33:25,700 DEBUG (BaseJdbcLogger.java:143)- ====>  Preparing: select id, name, sex, birthday, phone, ID_number, email, parent_phone, adress, major, state from student_basic where id = ? 
2019-08-22 18:33:25,700 DEBUG (BaseJdbcLogger.java:143)- ====> Parameters: 12396(String)
2019-08-22 18:33:25,701 DEBUG (BaseJdbcLogger.java:143)- <====      Total: 1
2019-08-22 18:33:25,701 DEBUG (BaseJdbcLogger.java:143)- ====>  Preparing: select id, name, sex, birthday, phone, ID_number, email, parent_phone, adress, major, state from student_basic where id = ? 
2019-08-22 18:33:25,702 DEBUG (BaseJdbcLogger.java:143)- ====> Parameters: 12397(String)
2019-08-22 18:33:25,702 DEBUG (BaseJdbcLogger.java:143)- <====      Total: 1
2019-08-22 18:33:25,702 DEBUG (BaseJdbcLogger.java:143)- ====>  Preparing: select id, name, sex, birthday, phone, ID_number, email, parent_phone, adress, major, state from student_basic where id = ? 
2019-08-22 18:33:25,702 DEBUG (BaseJdbcLogger.java:143)- ====> Parameters: 12398(String)
2019-08-22 18:33:25,704 DEBUG (BaseJdbcLogger.java:143)- <====      Total: 1
2019-08-22 18:33:25,705 DEBUG (BaseJdbcLogger.java:143)- ====>  Preparing: select id, name, sex, birthday, phone, ID_number, email, parent_phone, adress, major, state from student_basic where id = ? 
2019-08-22 18:33:25,706 DEBUG (BaseJdbcLogger.java:143)- ====> Parameters: 12399(String)
2019-08-22 18:33:25,707 DEBUG (BaseJdbcLogger.java:143)- <====      Total: 1
2019-08-22 18:33:25,707 DEBUG (BaseJdbcLogger.java:143)- <==      Total: 25
2019-08-22 18:33:25,708 DEBUG (BaseJdbcLogger.java:143)- ==>  Preparing: select student_status.id,student_status.basic_id, student_status.student_id, student_status.class_id from student_status,student_basic where student_status.basic_id=student_basic.id and student_basic.sex=? and student_status.class_id=? 
