2019-10-28 00:25:39,860 DEBUG (BaseJdbcLogger.java:143)- ====> Parameters: 28504(String)
2019-10-28 00:25:39,862 DEBUG (BaseJdbcLogger.java:143)- <====      Total: 1
2019-10-28 00:25:39,862 DEBUG (BaseJdbcLogger.java:143)- ====>  Preparing: select id, name, sex, birthday, phone, ID_number, email, parent_phone, adress, major, state from student_basic where id = ? 
2019-10-28 00:25:39,862 DEBUG (BaseJdbcLogger.java:143)- ====> Parameters: 28507(String)
2019-10-28 00:25:39,863 DEBUG (BaseJdbcLogger.java:143)- <====      Total: 1
2019-10-28 00:25:39,863 DEBUG (BaseJdbcLogger.java:143)- ====>  Preparing: select id, name, sex, birthday, phone, ID_number, email, parent_phone, adress, major, state from student_basic where id = ? 
2019-10-28 00:25:39,864 DEBUG (BaseJdbcLogger.java:143)- ====> Parameters: 28508(String)
2019-10-28 00:25:39,865 DEBUG (BaseJdbcLogger.java:143)- <====      Total: 1
2019-10-28 00:25:39,866 DEBUG (BaseJdbcLogger.java:143)- ====>  Preparing: select id, name, sex, birthday, phone, ID_number, email, parent_phone, adress, major, state from student_basic where id = ? 
2019-10-28 00:25:39,866 DEBUG (BaseJdbcLogger.java:143)- ====> Parameters: 28509(String)
2019-10-28 00:25:39,867 DEBUG (BaseJdbcLogger.java:143)- <====      Total: 1
2019-10-28 00:25:39,867 DEBUG (BaseJdbcLogger.java:143)- ====>  Preparing: select id, name, sex, birthday, phone, ID_number, email, parent_phone, adress, major, state from student_basic where id = ? 
2019-10-28 00:25:39,868 DEBUG (BaseJdbcLogger.java:143)- ====> Parameters: 28510(String)
2019-10-28 00:25:39,868 DEBUG (BaseJdbcLogger.java:143)- <====      Total: 1
2019-10-28 00:25:39,869 DEBUG (BaseJdbcLogger.java:143)- ====>  Preparing: select id, name, sex, birthday, phone, ID_number, email, parent_phone, adress, major, state from student_basic where id = ? 
2019-10-28 00:25:39,869 DEBUG (BaseJdbcLogger.java:143)- ====> Parameters: 28512(String)
2019-10-28 00:25:39,870 DEBUG (BaseJdbcLogger.java:143)- <====      Total: 1
2019-10-28 00:25:39,870 DEBUG (BaseJdbcLogger.java:143)- <==      Total: 24
2019-10-28 00:25:39,871 DEBUG (BaseJdbcLogger.java:143)- ==>  Preparing: select dormitory_allocation.id, dormitory_allocation.class_id, dormitory_allocation.dormitory_id,dormitory_allocation.number from dormitory_allocation,dormitory WHERE dormitory_allocation.dormitory_id=dormitory.id and dormitory.sex=? and class_id = ? 
2019-10-28 00:25:39,871 DEBUG (BaseJdbcLogger.java:143)- ==> Parameters: 男(String), 130503201902(String)
2019-10-28 00:25:39,873 DEBUG (BaseJdbcLogger.java:143)- <==      Total: 0
2019-10-28 00:25:39,874 DEBUG (BaseJdbcLogger.java:143)- ==>  Preparing: select student_status.id,student_status.basic_id, student_status.student_id, student_status.class_id from student_status,student_basic where student_status.basic_id=student_basic.id and student_basic.sex=? and student_status.class_id=? 
2019-10-28 00:25:39,874 DEBUG (BaseJdbcLogger.java:143)- ==> Parameters: 男(String), 130503201903(String)
2019-10-28 00:25:39,875 DEBUG (BaseJdbcLogger.java:143)- ====>  Preparing: select id, name, sex, birthday, phone, ID_number, email, parent_phone, adress, major, state from student_basic where id = ? 
2019-10-28 00:25:39,876 DEBUG (BaseJdbcLogger.java:143)- ====> Parameters: 28515(String)
2019-10-28 00:25:39,876 DEBUG (BaseJdbcLogger.java:143)- <====      Total: 1
2019-10-28 00:25:39,877 DEBUG (BaseJdbcLogger.java:143)- ====>  Preparing: select id, class_id, name, director, grade, major_id from class WHERE class_id = ? 
2019-10-28 00:25:39,877 DEBUG (BaseJdbcLogger.java:143)- ====> Parameters: 130503201903(String)
2019-10-28 00:25:39,878 DEBUG (BaseJdbcLogger.java:143)- ======>  Preparing: select id, major_id, name, price, department_id from major where major_id = ? 
2019-10-28 00:25:39,878 DEBUG (BaseJdbcLogger.java:143)- ======> Parameters: 130503(String)
2019-10-28 00:25:39,879 DEBUG (BaseJdbcLogger.java:143)- <======      Total: 1
2019-10-28 00:25:39,879 DEBUG (BaseJdbcLogger.java:143)- <====      Total: 1
2019-10-28 00:25:39,879 DEBUG (BaseJdbcLogger.java:143)- ====>  Preparing: select id, name, sex, birthday, phone, ID_number, email, parent_phone, adress, major, state from student_basic where id = ? 
2019-10-28 00:25:39,880 DEBUG (BaseJdbcLogger.java:143)- ====> Parameters: 28518(String)
2019-10-28 00:25:39,880 DEBUG (BaseJdbcLogger.java:143)- <====      Total: 1
2019-10-28 00:25:39,881 DEBUG (BaseJdbcLogger.java:143)- ====>  Preparing: select id, name, sex, birthday, phone, ID_number, email, parent_phone, adress, major, state from student_basic where id = ? 
2019-10-28 00:25:39,881 DEBUG (BaseJdbcLogger.java:143)- ====> Parameters: 28519(String)
2019-10-28 00:25:39,882 DEBUG (BaseJdbcLogger.java:143)- <====      Total: 1
2019-10-28 00:25:39,882 DEBUG (BaseJdbcLogger.java:143)- ====>  Preparing: select id, name, sex, birthday, phone, ID_number, email, parent_phone, adress, major, state from student_basic where id = ? 
2019-10-28 00:25:39,883 DEBUG (BaseJdbcLogger.java:143)- ====> Parameters: 28520(String)
2019-10-28 00:25:39,884 DEBUG (BaseJdbcLogger.java:143)- <====      Total: 1
2019-10-28 00:25:39,885 DEBUG (BaseJdbcLogger.java:143)- ====>  Preparing: select id, name, sex, birthday, phone, ID_number, email, parent_phone, adress, major, state from student_basic where id = ? 
2019-10-28 00:25:39,885 DEBUG (BaseJdbcLogger.java:143)- ====> Parameters: 28521(String)
2019-10-28 00:25:39,885 DEBUG (BaseJdbcLogger.java:143)- <====      Total: 1
2019-10-28 00:25:39,886 DEBUG (BaseJdbcLogger.java:143)- ====>  Preparing: select id, name, sex, birthday, phone, ID_number, email, parent_phone, adress, major, state from student_basic where id = ? 
2019-10-28 00:25:39,886 DEBUG (BaseJdbcLogger.java:143)- ====> Parameters: 28524(String)
2019-10-28 00:25:39,887 DEBUG (BaseJdbcLogger.java:143)- <====      Total: 1
2019-10-28 00:25:39,887 DEBUG (BaseJdbcLogger.java:143)- ====>  Preparing: select id, name, sex, birthday, phone, ID_number, email, parent_phone, adress, major, state from student_basic where id = ? 
2019-10-28 00:25:39,887 DEBUG (BaseJdbcLogger.java:143)- ====> Parameters: 28525(String)
2019-10-28 00:25:39,888 DEBUG (BaseJdbcLogger.java:143)- <====      Total: 1
2019-10-28 00:25:39,889 DEBUG (BaseJdbcLogger.java:143)- ====>  Preparing: select id, name, sex, birthday, phone, ID_number, email, parent_phone, adress, major, state from student_basic where id = ? 
2019-10-28 00:25:39,890 DEBUG (BaseJdbcLogger.java:143)- ====> Parameters: 28526(String)
2019-10-28 00:25:39,890 DEBUG (BaseJdbcLogger.java:143)- <====      Total: 1
2019-10-28 00:25:39,891 DEBUG (BaseJdbcLogger.java:143)- ====>  Preparing: select id, name, sex, birthday, phone, ID_number, email, parent_phone, adress, major, state from student_basic where id = ? 
2019-10-28 00:25:39,891 DEBUG (BaseJdbcLogger.java:143)- ====> Parameters: 28527(String)
2019-10-28 00:25:39,892 DEBUG (BaseJdbcLogger.java:143)- <====      Total: 1
2019-10-28 00:25:39,892 DEBUG (BaseJdbcLogger.java:143)- ====>  Preparing: select id, name, sex, birthday, phone, ID_number, email, parent_phone, adress, major, state from student_basic where id = ? 
2019-10-28 00:25:39,892 DEBUG (BaseJdbcLogger.java:143)- ====> Parameters: 28532(String)
2019-10-28 00:25:39,893 DEBUG (BaseJdbcLogger.java:143)- <====      Total: 1
2019-10-28 00:25:39,894 DEBUG (BaseJdbcLogger.java:143)- ====>  Preparing: select id, name, sex, birthday, phone, ID_number, email, parent_phone, adress, major, state from student_basic where id = ? 
2019-10-28 00:25:39,894 DEBUG (BaseJdbcLogger.java:143)- ====> Parameters: 28536(String)
2019-10-28 00:25:39,895 DEBUG (BaseJdbcLogger.java:143)- <====      Total: 1
2019-10-28 00:25:39,895 DEBUG (BaseJdbcLogger.java:143)- ====>  Preparing: select id, name, sex, birthday, phone, ID_number, email, parent_phone, adress, major, state from student_basic where id = ? 
2019-10-28 00:25:39,896 DEBUG (BaseJdbcLogger.java:143)- ====> Parameters: 28541(String)
2019-10-28 00:25:39,897 DEBUG (BaseJdbcLogger.java:143)- <====      Total: 1
2019-10-28 00:25:39,898 DEBUG (BaseJdbcLogger.java:143)- ====>  Preparing: select id, name, sex, birthday, phone, ID_number, email, parent_phone, adress, major, state from student_basic where id = ? 
2019-10-28 00:25:39,898 DEBUG (BaseJdbcLogger.java:143)- ====> Parameters: 28542(String)
2019-10-28 00:25:39,899 DEBUG (BaseJdbcLogger.java:143)- <====      Total: 1
2019-10-28 00:25:39,900 DEBUG (BaseJdbcLogger.java:143)- ====>  Preparing: select id, name, sex, birthday, phone, ID_number, email, parent_phone, adress, major, state from student_basic where id = ? 
2019-10-28 00:25:39,900 DEBUG (BaseJdbcLogger.java:143)- ====> Parameters: 28543(String)
2019-10-28 00:25:39,901 DEBUG (BaseJdbcLogger.java:143)- <====      Total: 1
2019-10-28 00:25:39,902 DEBUG (BaseJdbcLogger.java:143)- ====>  Preparing: select id, name, sex, birthday, phone, ID_number, email, parent_phone, adress, major, state from student_basic where id = ? 
2019-10-28 00:25:39,903 DEBUG (BaseJdbcLogger.java:143)- ====> Parameters: 28544(String)
2019-10-28 00:25:39,903 DEBUG (BaseJdbcLogger.java:143)- <====      Total: 1
2019-10-28 00:25:39,904 DEBUG (BaseJdbcLogger.java:143)- ====>  Preparing: select id, name, sex, birthday, phone, ID_number, email, parent_phone, adress, major, state from student_basic where id = ? 
2019-10-28 00:25:39,904 DEBUG (BaseJdbcLogger.java:143)- ====> Parameters: 28545(String)
2019-10-28 00:25:39,913 DEBUG (BaseJdbcLogger.java:143)- <====      Total: 1
2019-10-28 00:25:39,914 DEBUG (BaseJdbcLogger.java:143)- ====>  Preparing: select id, name, sex, birthday, phone, ID_number, email, parent_phone, adress, major, state from student_basic where id = ? 
2019-10-28 00:25:39,914 DEBUG (BaseJdbcLogger.java:143)- ====> Parameters: 28546(String)
2019-10-28 00:25:39,915 DEBUG (BaseJdbcLogger.java:143)- <====      Total: 1
2019-10-28 00:25:39,916 DEBUG (BaseJdbcLogger.java:143)- ====>  Preparing: select id, name, sex, birthday, phone, ID_number, email, parent_phone, adress, major, state from student_basic where id = ? 
2019-10-28 00:25:39,916 DEBUG (BaseJdbcLogger.java:143)- ====> Parameters: 28547(String)
2019-10-28 00:25:39,917 DEBUG (BaseJdbcLogger.java:143)- <====      Total: 1
2019-10-28 00:25:39,917 DEBUG (BaseJdbcLogger.java:143)- ====>  Preparing: select id, name, sex, birthday, phone, ID_number, email, parent_phone, adress, major, state from student_basic where id = ? 
2019-10-28 00:25:39,917 DEBUG (BaseJdbcLogger.java:143)- ====> Parameters: 28548(String)
2019-10-28 00:25:39,918 DEBUG (BaseJdbcLogger.java:143)- <====      Total: 1
2019-10-28 00:25:39,919 DEBUG (BaseJdbcLogger.java:143)- ====>  Preparing: select id, name, sex, birthday, phone, ID_number, email, parent_phone, adress, major, state from student_basic where id = ? 
2019-10-28 00:25:39,919 DEBUG (BaseJdbcLogger.java:143)- ====> Parameters: 28549(String)
2019-10-28 00:25:39,920 DEBUG (BaseJdbcLogger.java:143)- <====      Total: 1
2019-10-28 00:25:39,920 DEBUG (BaseJdbcLogger.java:143)- ====>  Preparing: select id, name, sex, birthday, phone, ID_number, email, parent_phone, adress, major, state from student_basic where id = ? 
2019-10-28 00:25:39,920 DEBUG (BaseJdbcLogger.java:143)- ====> Parameters: 28552(String)
2019-10-28 00:25:39,921 DEBUG (BaseJdbcLogger.java:143)- <====      Total: 1
2019-10-28 00:25:39,922 DEBUG (BaseJdbcLogger.java:143)- ====>  Preparing: select id, name, sex, birthday, phone, ID_number, email, parent_phone, adress, major, state from student_basic where id = ? 
2019-10-28 00:25:39,922 DEBUG (BaseJdbcLogger.java:143)- ====> Parameters: 28553(String)
2019-10-28 00:25:39,923 DEBUG (BaseJdbcLogger.java:143)- <====      Total: 1
2019-10-28 00:25:39,923 DEBUG (BaseJdbcLogger.java:143)- ====>  Preparing: select id, name, sex, birthday, phone, ID_number, email, parent_phone, adress, major, state from student_basic where id = ? 
2019-10-28 00:25:39,924 DEBUG (BaseJdbcLogger.java:143)- ====> Parameters: 28554(String)
2019-10-28 00:25:39,924 DEBUG (BaseJdbcLogger.java:143)- <====      Total: 1
2019-10-28 00:25:39,925 DEBUG (BaseJdbcLogger.java:143)- ====>  Preparing: select id, name, sex, birthday, phone, ID_number, email, parent_phone, adress, major, state from student_basic where id = ? 
2019-10-28 00:25:39,925 DEBUG (BaseJdbcLogger.java:143)- ====> Parameters: 28555(String)
2019-10-28 00:25:39,926 DEBUG (BaseJdbcLogger.java:143)- <====      Total: 1
2019-10-28 00:25:39,926 DEBUG (BaseJdbcLogger.java:143)- <==      Total: 24
2019-10-28 00:25:39,926 DEBUG (BaseJdbcLogger.java:143)- ==>  Preparing: select dormitory_allocation.id, dormitory_allocation.class_id, dormitory_allocation.dormitory_id,dormitory_allocation.number from dormitory_allocation,dormitory WHERE dormitory_allocation.dormitory_id=dormitory.id and dormitory.sex=? and class_id = ? 
2019-10-28 00:25:39,927 DEBUG (BaseJdbcLogger.java:143)- ==> Parameters: 男(String), 130503201903(String)
2019-10-28 00:25:39,927 DEBUG (BaseJdbcLogger.java:143)- <==      Total: 0
2019-10-28 00:25:39,927 DEBUG (BaseJdbcLogger.java:143)- ==>  Preparing: select student_status.id,student_status.basic_id, student_status.student_id, student_status.class_id from student_status,student_basic where student_status.basic_id=student_basic.id and student_basic.sex=? and student_status.class_id=? 
2019-10-28 00:25:39,928 DEBUG (BaseJdbcLogger.java:143)- ==> Parameters: 男(String), 130503201904(String)
2019-10-28 00:25:39,929 DEBUG (BaseJdbcLogger.java:143)- ====>  Preparing: select id, name, sex, birthday, phone, ID_number, email, parent_phone, adress, major, state from student_basic where id = ? 
2019-10-28 00:25:39,929 DEBUG (BaseJdbcLogger.java:143)- ====> Parameters: 28558(String)
2019-10-28 00:25:39,930 DEBUG (BaseJdbcLogger.java:143)- <====      Total: 1
2019-10-28 00:25:39,930 DEBUG (BaseJdbcLogger.java:143)- ====>  Preparing: select id, class_id, name, director, grade, major_id from class WHERE class_id = ? 
2019-10-28 00:25:39,931 DEBUG (BaseJdbcLogger.java:143)- ====> Parameters: 130503201904(String)
2019-10-28 00:25:39,932 DEBUG (BaseJdbcLogger.java:143)- ======>  Preparing: select id, major_id, name, price, department_id from major where major_id = ? 
2019-10-28 00:25:39,932 DEBUG (BaseJdbcLogger.java:143)- ======> Parameters: 130503(String)
2019-10-28 00:25:39,932 DEBUG (BaseJdbcLogger.java:143)- <======      Total: 1
2019-10-28 00:25:39,933 DEBUG (BaseJdbcLogger.java:143)- <====      Total: 1
2019-10-28 00:25:39,934 DEBUG (BaseJdbcLogger.java:143)- ====>  Preparing: select id, name, sex, birthday, phone, ID_number, email, parent_phone, adress, major, state from student_basic where id = ? 
2019-10-28 00:25:39,934 DEBUG (BaseJdbcLogger.java:143)- ====> Parameters: 28559(String)
2019-10-28 00:25:39,935 DEBUG (BaseJdbcLogger.java:143)- <====      Total: 1
2019-10-28 00:25:39,935 DEBUG (BaseJdbcLogger.java:143)- ====>  Preparing: select id, name, sex, birthday, phone, ID_number, email, parent_phone, adress, major, state from student_basic where id = ? 
2019-10-28 00:25:39,935 DEBUG (BaseJdbcLogger.java:143)- ====> Parameters: 28561(String)
2019-10-28 00:25:39,936 DEBUG (BaseJdbcLogger.java:143)- <====      Total: 1
2019-10-28 00:25:39,936 DEBUG (BaseJdbcLogger.java:143)- ====>  Preparing: select id, name, sex, birthday, phone, ID_number, email, parent_phone, adress, major, state from student_basic where id = ? 
2019-10-28 00:25:39,937 DEBUG (BaseJdbcLogger.java:143)- ====> Parameters: 28562(String)
2019-10-28 00:25:39,937 DEBUG (BaseJdbcLogger.java:143)- <====      Total: 1
2019-10-28 00:25:39,938 DEBUG (BaseJdbcLogger.java:143)- ====>  Preparing: select id, name, sex, birthday, phone, ID_number, email, parent_phone, adress, major, state from student_basic where id = ? 
2019-10-28 00:25:39,939 DEBUG (BaseJdbcLogger.java:143)- ====> Parameters: 28564(String)
2019-10-28 00:25:39,939 DEBUG (BaseJdbcLogger.java:143)- <====      Total: 1
2019-10-28 00:25:39,940 DEBUG (BaseJdbcLogger.java:143)- ====>  Preparing: select id, name, sex, birthday, phone, ID_number, email, parent_phone, adress, major, state from student_basic where id = ? 
2019-10-28 00:25:39,940 DEBUG (BaseJdbcLogger.java:143)- ====> Parameters: 28565(String)
2019-10-28 00:25:39,941 DEBUG (BaseJdbcLogger.java:143)- <====      Total: 1
2019-10-28 00:25:39,941 DEBUG (BaseJdbcLogger.java:143)- ====>  Preparing: select id, name, sex, birthday, phone, ID_number, email, parent_phone, adress, major, state from student_basic where id = ? 
2019-10-28 00:25:39,942 DEBUG (BaseJdbcLogger.java:143)- ====> Parameters: 28566(String)
2019-10-28 00:25:39,942 DEBUG (BaseJdbcLogger.java:143)- <====      Total: 1
2019-10-28 00:25:39,943 DEBUG (BaseJdbcLogger.java:143)- ====>  Preparing: select id, name, sex, birthday, phone, ID_number, email, parent_phone, adress, major, state from student_basic where id = ? 
2019-10-28 00:25:39,943 DEBUG (BaseJdbcLogger.java:143)- ====> Parameters: 28567(String)
2019-10-28 00:25:39,943 DEBUG (BaseJdbcLogger.java:143)- <====      Total: 1
2019-10-28 00:25:39,944 DEBUG (BaseJdbcLogger.java:143)- ====>  Preparing: select id, name, sex, birthday, phone, ID_number, email, parent_phone, adress, major, state from student_basic where id = ? 
2019-10-28 00:25:39,945 DEBUG (BaseJdbcLogger.java:143)- ====> Parameters: 28568(String)
2019-10-28 00:25:39,945 DEBUG (BaseJdbcLogger.java:143)- <====      Total: 1
2019-10-28 00:25:39,946 DEBUG (BaseJdbcLogger.java:143)- ====>  Preparing: select id, name, sex, birthday, phone, ID_number, email, parent_phone, adress, major, state from student_basic where id = ? 
2019-10-28 00:25:39,946 DEBUG (BaseJdbcLogger.java:143)- ====> Parameters: 28569(String)
2019-10-28 00:25:39,947 DEBUG (BaseJdbcLogger.java:143)- <====      Total: 1
2019-10-28 00:25:39,947 DEBUG (BaseJdbcLogger.java:143)- ====>  Preparing: select id, name, sex, birthday, phone, ID_number, email, parent_phone, adress, major, state from student_basic where id = ? 
2019-10-28 00:25:39,948 DEBUG (BaseJdbcLogger.java:143)- ====> Parameters: 28573(String)
2019-10-28 00:25:39,949 DEBUG (BaseJdbcLogger.java:143)- <====      Total: 1
2019-10-28 00:25:39,949 DEBUG (BaseJdbcLogger.java:143)- ====>  Preparing: select id, name, sex, birthday, phone, ID_number, email, parent_phone, adress, major, state from student_basic where id = ? 
2019-10-28 00:25:39,950 DEBUG (BaseJdbcLogger.java:143)- ====> Parameters: 28579(String)
2019-10-28 00:25:39,951 DEBUG (BaseJdbcLogger.java:143)- <====      Total: 1
2019-10-28 00:25:39,951 DEBUG (BaseJdbcLogger.java:143)- ====>  Preparing: select id, name, sex, birthday, phone, ID_number, email, parent_phone, adress, major, state from student_basic where id = ? 
2019-10-28 00:25:39,952 DEBUG (BaseJdbcLogger.java:143)- ====> Parameters: 28580(String)
2019-10-28 00:25:39,952 DEBUG (BaseJdbcLogger.java:143)- <====      Total: 1
2019-10-28 00:25:39,953 DEBUG (BaseJdbcLogger.java:143)- ====>  Preparing: select id, name, sex, birthday, phone, ID_number, email, parent_phone, adress, major, state from student_basic where id = ? 
2019-10-28 00:25:39,954 DEBUG (BaseJdbcLogger.java:143)- ====> Parameters: 28583(String)
2019-10-28 00:25:39,955 DEBUG (BaseJdbcLogger.java:143)- <====      Total: 1
2019-10-28 00:25:39,956 DEBUG (BaseJdbcLogger.java:143)- ====>  Preparing: select id, name, sex, birthday, phone, ID_number, email, parent_phone, adress, major, state from student_basic where id = ? 
2019-10-28 00:25:39,956 DEBUG (BaseJdbcLogger.java:143)- ====> Parameters: 28586(String)
2019-10-28 00:25:39,957 DEBUG (BaseJdbcLogger.java:143)- <====      Total: 1
2019-10-28 00:25:39,958 DEBUG (BaseJdbcLogger.java:143)- ====>  Preparing: select id, name, sex, birthday, phone, ID_number, email, parent_phone, adress, major, state from student_basic where id = ? 
2019-10-28 00:25:39,958 DEBUG (BaseJdbcLogger.java:143)- ====> Parameters: 28589(String)
2019-10-28 00:25:39,959 DEBUG (BaseJdbcLogger.java:143)- <====      Total: 1
2019-10-28 00:25:39,959 DEBUG (BaseJdbcLogger.java:143)- ====>  Preparing: select id, name, sex, birthday, phone, ID_number, email, parent_phone, adress, major, state from student_basic where id = ? 
2019-10-28 00:25:39,960 DEBUG (BaseJdbcLogger.java:143)- ====> Parameters: 28590(String)
2019-10-28 00:25:39,961 DEBUG (BaseJdbcLogger.java:143)- <====      Total: 1
2019-10-28 00:25:39,962 DEBUG (BaseJdbcLogger.java:143)- ====>  Preparing: select id, name, sex, birthday, phone, ID_number, email, parent_phone, adress, major, state from student_basic where id = ? 
2019-10-28 00:25:39,962 DEBUG (BaseJdbcLogger.java:143)- ====> Parameters: 28592(String)
2019-10-28 00:25:39,963 DEBUG (BaseJdbcLogger.java:143)- <====      Total: 1
2019-10-28 00:25:39,963 DEBUG (BaseJdbcLogger.java:143)- ====>  Preparing: select id, name, sex, birthday, phone, ID_number, email, parent_phone, adress, major, state from student_basic where id = ? 
2019-10-28 00:25:39,963 DEBUG (BaseJdbcLogger.java:143)- ====> Parameters: 28593(String)
2019-10-28 00:25:39,964 DEBUG (BaseJdbcLogger.java:143)- <====      Total: 1
2019-10-28 00:25:39,964 DEBUG (BaseJdbcLogger.java:143)- ====>  Preparing: select id, name, sex, birthday, phone, ID_number, email, parent_phone, adress, major, state from student_basic where id = ? 
2019-10-28 00:25:39,965 DEBUG (BaseJdbcLogger.java:143)- ====> Parameters: 28595(String)
2019-10-28 00:25:39,965 DEBUG (BaseJdbcLogger.java:143)- <====      Total: 1
2019-10-28 00:25:39,966 DEBUG (BaseJdbcLogger.java:143)- ====>  Preparing: select id, name, sex, birthday, phone, ID_number, email, parent_phone, adress, major, state from student_basic where id = ? 
2019-10-28 00:25:39,966 DEBUG (BaseJdbcLogger.java:143)- ====> Parameters: 28597(String)
2019-10-28 00:25:39,967 DEBUG (BaseJdbcLogger.java:143)- <====      Total: 1
2019-10-28 00:25:39,967 DEBUG (BaseJdbcLogger.java:143)- ====>  Preparing: select id, name, sex, birthday, phone, ID_number, email, parent_phone, adress, major, state from student_basic where id = ? 
2019-10-28 00:25:39,967 DEBUG (BaseJdbcLogger.java:143)- ====> Parameters: 28600(String)
2019-10-28 00:25:39,968 DEBUG (BaseJdbcLogger.java:143)- <====      Total: 1
2019-10-28 00:25:39,969 DEBUG (BaseJdbcLogger.java:143)- ====>  Preparing: select id, name, sex, birthday, phone, ID_number, email, parent_phone, adress, major, state from student_basic where id = ? 
2019-10-28 00:25:39,969 DEBUG (BaseJdbcLogger.java:143)- ====> Parameters: 28601(String)
2019-10-28 00:25:39,970 DEBUG (BaseJdbcLogger.java:143)- <====      Total: 1
2019-10-28 00:25:39,971 DEBUG (BaseJdbcLogger.java:143)- ====>  Preparing: select id, name, sex, birthday, phone, ID_number, email, parent_phone, adress, major, state from student_basic where id = ? 
2019-10-28 00:25:39,971 DEBUG (BaseJdbcLogger.java:143)- ====> Parameters: 28606(String)
2019-10-28 00:25:39,972 DEBUG (BaseJdbcLogger.java:143)- <====      Total: 1
2019-10-28 00:25:39,973 DEBUG (BaseJdbcLogger.java:143)- <==      Total: 24
2019-10-28 00:25:39,973 DEBUG (BaseJdbcLogger.java:143)- ==>  Preparing: select dormitory_allocation.id, dormitory_allocation.class_id, dormitory_allocation.dormitory_id,dormitory_allocation.number from dormitory_allocation,dormitory WHERE dormitory_allocation.dormitory_id=dormitory.id and dormitory.sex=? and class_id = ? 
2019-10-28 00:25:39,973 DEBUG (BaseJdbcLogger.java:143)- ==> Parameters: 男(String), 130503201904(String)
2019-10-28 00:25:39,974 DEBUG (BaseJdbcLogger.java:143)- <==      Total: 0
2019-10-28 00:25:39,974 DEBUG (BaseJdbcLogger.java:143)- ==>  Preparing: select student_status.id,student_status.basic_id, student_status.student_id, student_status.class_id from student_status,student_basic where student_status.basic_id=student_basic.id and student_basic.sex=? and student_status.class_id=? 
2019-10-28 00:25:39,974 DEBUG (BaseJdbcLogger.java:143)- ==> Parameters: 男(String), 080702201901(String)
2019-10-28 00:25:39,981 DEBUG (BaseJdbcLogger.java:143)- ====>  Preparing: select id, name, sex, birthday, phone, ID_number, email, parent_phone, adress, major, state from student_basic where id = ? 
2019-10-28 00:25:39,981 DEBUG (BaseJdbcLogger.java:143)- ====> Parameters: 28219(String)
2019-10-28 00:25:39,983 DEBUG (BaseJdbcLogger.java:143)- <====      Total: 1
2019-10-28 00:25:39,984 DEBUG (BaseJdbcLogger.java:143)- ====>  Preparing: select id, class_id, name, director, grade, major_id from class WHERE class_id = ? 
2019-10-28 00:25:39,984 DEBUG (BaseJdbcLogger.java:143)- ====> Parameters: 080702201901(String)
2019-10-28 00:25:39,984 DEBUG (BaseJdbcLogger.java:143)- ======>  Preparing: select id, major_id, name, price, department_id from major where major_id = ? 
2019-10-28 00:25:39,985 DEBUG (BaseJdbcLogger.java:143)- ======> Parameters: 080702(String)
2019-10-28 00:25:39,986 DEBUG (BaseJdbcLogger.java:143)- <======      Total: 1
2019-10-28 00:25:39,987 DEBUG (BaseJdbcLogger.java:143)- <====      Total: 1
2019-10-28 00:25:39,987 DEBUG (BaseJdbcLogger.java:143)- ====>  Preparing: select id, name, sex, birthday, phone, ID_number, email, parent_phone, adress, major, state from student_basic where id = ? 
2019-10-28 00:25:39,987 DEBUG (BaseJdbcLogger.java:143)- ====> Parameters: 28222(String)
2019-10-28 00:25:39,987 DEBUG (BaseJdbcLogger.java:143)- <====      Total: 1
2019-10-28 00:25:39,989 DEBUG (BaseJdbcLogger.java:143)- ====>  Preparing: select id, name, sex, birthday, phone, ID_number, email, parent_phone, adress, major, state from student_basic where id = ? 
2019-10-28 00:25:39,989 DEBUG (BaseJdbcLogger.java:143)- ====> Parameters: 28223(String)
2019-10-28 00:25:39,989 DEBUG (BaseJdbcLogger.java:143)- <====      Total: 1
2019-10-28 00:25:39,989 DEBUG (BaseJdbcLogger.java:143)- ====>  Preparing: select id, name, sex, birthday, phone, ID_number, email, parent_phone, adress, major, state from student_basic where id = ? 
2019-10-28 00:25:39,990 DEBUG (BaseJdbcLogger.java:143)- ====> Parameters: 28224(String)
2019-10-28 00:25:39,990 DEBUG (BaseJdbcLogger.java:143)- <====      Total: 1
2019-10-28 00:25:39,990 DEBUG (BaseJdbcLogger.java:143)- ====>  Preparing: select id, name, sex, birthday, phone, ID_number, email, parent_phone, adress, major, state from student_basic where id = ? 
2019-10-28 00:25:39,991 DEBUG (BaseJdbcLogger.java:143)- ====> Parameters: 28226(String)
2019-10-28 00:25:39,991 DEBUG (BaseJdbcLogger.java:143)- <====      Total: 1
2019-10-28 00:25:39,992 DEBUG (BaseJdbcLogger.java:143)- ====>  Preparing: select id, name, sex, birthday, phone, ID_number, email, parent_phone, adress, major, state from student_basic where id = ? 
2019-10-28 00:25:39,992 DEBUG (BaseJdbcLogger.java:143)- ====> Parameters: 28227(String)
2019-10-28 00:25:39,993 DEBUG (BaseJdbcLogger.java:143)- <====      Total: 1
2019-10-28 00:25:39,993 DEBUG (BaseJdbcLogger.java:143)- ====>  Preparing: select id, name, sex, birthday, phone, ID_number, email, parent_phone, adress, major, state from student_basic where id = ? 
2019-10-28 00:25:39,994 DEBUG (BaseJdbcLogger.java:143)- ====> Parameters: 28228(String)
2019-10-28 00:25:39,994 DEBUG (BaseJdbcLogger.java:143)- <====      Total: 1
2019-10-28 00:25:39,995 DEBUG (BaseJdbcLogger.java:143)- ====>  Preparing: select id, name, sex, birthday, phone, ID_number, email, parent_phone, adress, major, state from student_basic where id = ? 
2019-10-28 00:25:39,995 DEBUG (BaseJdbcLogger.java:143)- ====> Parameters: 28230(String)
2019-10-28 00:25:39,997 DEBUG (BaseJdbcLogger.java:143)- <====      Total: 1
2019-10-28 00:25:39,997 DEBUG (BaseJdbcLogger.java:143)- ====>  Preparing: select id, name, sex, birthday, phone, ID_number, email, parent_phone, adress, major, state from student_basic where id = ? 
2019-10-28 00:25:39,997 DEBUG (BaseJdbcLogger.java:143)- ====> Parameters: 28231(String)
2019-10-28 00:25:39,997 DEBUG (BaseJdbcLogger.java:143)- <====      Total: 1
2019-10-28 00:25:39,997 DEBUG (BaseJdbcLogger.java:143)- ====>  Preparing: select id, name, sex, birthday, phone, ID_number, email, parent_phone, adress, major, state from student_basic where id = ? 
2019-10-28 00:25:39,999 DEBUG (BaseJdbcLogger.java:143)- ====> Parameters: 28232(String)
2019-10-28 00:25:39,999 DEBUG (BaseJdbcLogger.java:143)- <====      Total: 1
2019-10-28 00:25:39,999 DEBUG (BaseJdbcLogger.java:143)- ====>  Preparing: select id, name, sex, birthday, phone, ID_number, email, parent_phone, adress, major, state from student_basic where id = ? 
2019-10-28 00:25:39,999 DEBUG (BaseJdbcLogger.java:143)- ====> Parameters: 28233(String)
2019-10-28 00:25:40,001 DEBUG (BaseJdbcLogger.java:143)- <====      Total: 1
2019-10-28 00:25:40,001 DEBUG (BaseJdbcLogger.java:143)- ====>  Preparing: select id, name, sex, birthday, phone, ID_number, email, parent_phone, adress, major, state from student_basic where id = ? 
2019-10-28 00:25:40,001 DEBUG (BaseJdbcLogger.java:143)- ====> Parameters: 28234(String)
2019-10-28 00:25:40,002 DEBUG (BaseJdbcLogger.java:143)- <====      Total: 1
2019-10-28 00:25:40,002 DEBUG (BaseJdbcLogger.java:143)- ====>  Preparing: select id, name, sex, birthday, phone, ID_number, email, parent_phone, adress, major, state from student_basic where id = ? 
2019-10-28 00:25:40,002 DEBUG (BaseJdbcLogger.java:143)- ====> Parameters: 28236(String)
2019-10-28 00:25:40,004 DEBUG (BaseJdbcLogger.java:143)- <====      Total: 1
2019-10-28 00:25:40,005 DEBUG (BaseJdbcLogger.java:143)- ====>  Preparing: select id, name, sex, birthday, phone, ID_number, email, parent_phone, adress, major, state from student_basic where id = ? 
2019-10-28 00:25:40,005 DEBUG (BaseJdbcLogger.java:143)- ====> Parameters: 28242(String)
2019-10-28 00:25:40,005 DEBUG (BaseJdbcLogger.java:143)- <====      Total: 1
2019-10-28 00:25:40,007 DEBUG (BaseJdbcLogger.java:143)- ====>  Preparing: select id, name, sex, birthday, phone, ID_number, email, parent_phone, adress, major, state from student_basic where id = ? 
2019-10-28 00:25:40,007 DEBUG (BaseJdbcLogger.java:143)- ====> Parameters: 28245(String)
2019-10-28 00:25:40,008 DEBUG (BaseJdbcLogger.java:143)- <====      Total: 1
2019-10-28 00:25:40,008 DEBUG (BaseJdbcLogger.java:143)- ====>  Preparing: select id, name, sex, birthday, phone, ID_number, email, parent_phone, adress, major, state from student_basic where id = ? 
2019-10-28 00:25:40,008 DEBUG (BaseJdbcLogger.java:143)- ====> Parameters: 28246(String)
2019-10-28 00:25:40,011 DEBUG (BaseJdbcLogger.java:143)- <====      Total: 1
2019-10-28 00:25:40,011 DEBUG (BaseJdbcLogger.java:143)- ====>  Preparing: select id, name, sex, birthday, phone, ID_number, email, parent_phone, adress, major, state from student_basic where id = ? 
2019-10-28 00:25:40,012 DEBUG (BaseJdbcLogger.java:143)- ====> Parameters: 28247(String)
2019-10-28 00:25:40,013 DEBUG (BaseJdbcLogger.java:143)- <====      Total: 1
2019-10-28 00:25:40,013 DEBUG (BaseJdbcLogger.java:143)- ====>  Preparing: select id, name, sex, birthday, phone, ID_number, email, parent_phone, adress, major, state from student_basic where id = ? 
2019-10-28 00:25:40,014 DEBUG (BaseJdbcLogger.java:143)- ====> Parameters: 28248(String)
2019-10-28 00:25:40,015 DEBUG (BaseJdbcLogger.java:143)- <====      Total: 1
2019-10-28 00:25:40,016 DEBUG (BaseJdbcLogger.java:143)- ====>  Preparing: select id, name, sex, birthday, phone, ID_number, email, parent_phone, adress, major, state from student_basic where id = ? 
2019-10-28 00:25:40,016 DEBUG (BaseJdbcLogger.java:143)- ====> Parameters: 28249(String)
2019-10-28 00:25:40,017 DEBUG (BaseJdbcLogger.java:143)- <====      Total: 1
2019-10-28 00:25:40,017 DEBUG (BaseJdbcLogger.java:143)- ====>  Preparing: select id, name, sex, birthday, phone, ID_number, email, parent_phone, adress, major, state from student_basic where id = ? 
2019-10-28 00:25:40,018 DEBUG (BaseJdbcLogger.java:143)- ====> Parameters: 28250(String)
