2019-08-22 22:28:20,869 DEBUG (BaseJdbcLogger.java:143)- ====> Parameters: 12023(String)
2019-08-22 22:28:20,871 DEBUG (BaseJdbcLogger.java:143)- <====      Total: 1
2019-08-22 22:28:20,872 DEBUG (BaseJdbcLogger.java:143)- ====>  Preparing: select id, name, sex, birthday, phone, ID_number, email, parent_phone, adress, major, state from student_basic where id = ? 
2019-08-22 22:28:20,872 DEBUG (BaseJdbcLogger.java:143)- ====> Parameters: 12025(String)
2019-08-22 22:28:20,873 DEBUG (BaseJdbcLogger.java:143)- <====      Total: 1
2019-08-22 22:28:20,873 DEBUG (BaseJdbcLogger.java:143)- ====>  Preparing: select id, name, sex, birthday, phone, ID_number, email, parent_phone, adress, major, state from student_basic where id = ? 
2019-08-22 22:28:20,874 DEBUG (BaseJdbcLogger.java:143)- ====> Parameters: 12026(String)
2019-08-22 22:28:20,875 DEBUG (BaseJdbcLogger.java:143)- <====      Total: 1
2019-08-22 22:28:20,875 DEBUG (BaseJdbcLogger.java:143)- ====>  Preparing: select id, name, sex, birthday, phone, ID_number, email, parent_phone, adress, major, state from student_basic where id = ? 
2019-08-22 22:28:20,875 DEBUG (BaseJdbcLogger.java:143)- ====> Parameters: 12028(String)
2019-08-22 22:28:20,876 DEBUG (BaseJdbcLogger.java:143)- <====      Total: 1
2019-08-22 22:28:20,877 DEBUG (BaseJdbcLogger.java:143)- ====>  Preparing: select id, name, sex, birthday, phone, ID_number, email, parent_phone, adress, major, state from student_basic where id = ? 
2019-08-22 22:28:20,877 DEBUG (BaseJdbcLogger.java:143)- ====> Parameters: 12030(String)
2019-08-22 22:28:20,877 DEBUG (BaseJdbcLogger.java:143)- <====      Total: 1
2019-08-22 22:28:20,878 DEBUG (BaseJdbcLogger.java:143)- ====>  Preparing: select id, name, sex, birthday, phone, ID_number, email, parent_phone, adress, major, state from student_basic where id = ? 
2019-08-22 22:28:20,878 DEBUG (BaseJdbcLogger.java:143)- ====> Parameters: 12032(String)
2019-08-22 22:28:20,878 DEBUG (BaseJdbcLogger.java:143)- <====      Total: 1
2019-08-22 22:28:20,879 DEBUG (BaseJdbcLogger.java:143)- ====>  Preparing: select id, name, sex, birthday, phone, ID_number, email, parent_phone, adress, major, state from student_basic where id = ? 
2019-08-22 22:28:20,880 DEBUG (BaseJdbcLogger.java:143)- ====> Parameters: 12034(String)
2019-08-22 22:28:20,881 DEBUG (BaseJdbcLogger.java:143)- <====      Total: 1
2019-08-22 22:28:20,881 DEBUG (BaseJdbcLogger.java:143)- ====>  Preparing: select id, name, sex, birthday, phone, ID_number, email, parent_phone, adress, major, state from student_basic where id = ? 
2019-08-22 22:28:20,882 DEBUG (BaseJdbcLogger.java:143)- ====> Parameters: 12038(String)
2019-08-22 22:28:20,883 DEBUG (BaseJdbcLogger.java:143)- <====      Total: 1
2019-08-22 22:28:20,884 DEBUG (BaseJdbcLogger.java:143)- ====>  Preparing: select id, name, sex, birthday, phone, ID_number, email, parent_phone, adress, major, state from student_basic where id = ? 
2019-08-22 22:28:20,884 DEBUG (BaseJdbcLogger.java:143)- ====> Parameters: 12040(String)
2019-08-22 22:28:20,884 DEBUG (BaseJdbcLogger.java:143)- <====      Total: 1
2019-08-22 22:28:20,884 DEBUG (BaseJdbcLogger.java:143)- ====>  Preparing: select id, name, sex, birthday, phone, ID_number, email, parent_phone, adress, major, state from student_basic where id = ? 
2019-08-22 22:28:20,886 DEBUG (BaseJdbcLogger.java:143)- ====> Parameters: 12041(String)
2019-08-22 22:28:20,886 DEBUG (BaseJdbcLogger.java:143)- <====      Total: 1
2019-08-22 22:28:20,886 DEBUG (BaseJdbcLogger.java:143)- ====>  Preparing: select id, name, sex, birthday, phone, ID_number, email, parent_phone, adress, major, state from student_basic where id = ? 
2019-08-22 22:28:20,887 DEBUG (BaseJdbcLogger.java:143)- ====> Parameters: 12045(String)
2019-08-22 22:28:20,888 DEBUG (BaseJdbcLogger.java:143)- <====      Total: 1
2019-08-22 22:28:20,888 DEBUG (BaseJdbcLogger.java:143)- ====>  Preparing: select id, name, sex, birthday, phone, ID_number, email, parent_phone, adress, major, state from student_basic where id = ? 
2019-08-22 22:28:20,889 DEBUG (BaseJdbcLogger.java:143)- ====> Parameters: 12049(String)
2019-08-22 22:28:20,889 DEBUG (BaseJdbcLogger.java:143)- <====      Total: 1
2019-08-22 22:28:20,889 DEBUG (BaseJdbcLogger.java:143)- <==      Total: 23
2019-08-22 22:28:20,890 DEBUG (BaseJdbcLogger.java:143)- ==>  Preparing: select dormitory_allocation.id, dormitory_allocation.class_id, dormitory_allocation.dormitory_id,dormitory_allocation.number from dormitory_allocation,dormitory WHERE dormitory_allocation.dormitory_id=dormitory.id and dormitory.sex=? and class_id = ? 
2019-08-22 22:28:20,891 DEBUG (BaseJdbcLogger.java:143)- ==> Parameters: 男(String), 080901201901(String)
2019-08-22 22:28:20,891 DEBUG (BaseJdbcLogger.java:143)- ====>  Preparing: select id, dong, floor, room, sex, number, rent from dormitory where id = ? 
2019-08-22 22:28:20,891 DEBUG (BaseJdbcLogger.java:143)- ====> Parameters: 68(Integer)
2019-08-22 22:28:20,892 DEBUG (BaseJdbcLogger.java:143)- <====      Total: 1
2019-08-22 22:28:20,893 DEBUG (BaseJdbcLogger.java:143)- ====>  Preparing: select id, dong, floor, room, sex, number, rent from dormitory where id = ? 
2019-08-22 22:28:20,893 DEBUG (BaseJdbcLogger.java:143)- ====> Parameters: 69(Integer)
2019-08-22 22:28:20,893 DEBUG (BaseJdbcLogger.java:143)- <====      Total: 1
2019-08-22 22:28:20,894 DEBUG (BaseJdbcLogger.java:143)- ====>  Preparing: select id, dong, floor, room, sex, number, rent from dormitory where id = ? 
2019-08-22 22:28:20,894 DEBUG (BaseJdbcLogger.java:143)- ====> Parameters: 70(Integer)
2019-08-22 22:28:20,894 DEBUG (BaseJdbcLogger.java:143)- <====      Total: 1
2019-08-22 22:28:20,895 DEBUG (BaseJdbcLogger.java:143)- ====>  Preparing: select id, dong, floor, room, sex, number, rent from dormitory where id = ? 
2019-08-22 22:28:20,895 DEBUG (BaseJdbcLogger.java:143)- ====> Parameters: 71(Integer)
2019-08-22 22:28:20,896 DEBUG (BaseJdbcLogger.java:143)- <====      Total: 1
2019-08-22 22:28:20,897 DEBUG (BaseJdbcLogger.java:143)- ====>  Preparing: select id, dong, floor, room, sex, number, rent from dormitory where id = ? 
2019-08-22 22:28:20,897 DEBUG (BaseJdbcLogger.java:143)- ====> Parameters: 72(Integer)
2019-08-22 22:28:20,897 DEBUG (BaseJdbcLogger.java:143)- <====      Total: 1
2019-08-22 22:28:20,898 DEBUG (BaseJdbcLogger.java:143)- ====>  Preparing: select id, dong, floor, room, sex, number, rent from dormitory where id = ? 
2019-08-22 22:28:20,898 DEBUG (BaseJdbcLogger.java:143)- ====> Parameters: 73(Integer)
2019-08-22 22:28:20,899 DEBUG (BaseJdbcLogger.java:143)- <====      Total: 1
2019-08-22 22:28:20,900 DEBUG (BaseJdbcLogger.java:143)- <==      Total: 6
2019-08-22 22:28:20,900 DEBUG (BaseJdbcLogger.java:143)- ==>  Preparing: select dormitory_allocation.id, dormitory_allocation.class_id, dormitory_allocation.dormitory_id,dormitory_allocation.number from dormitory_allocation,dormitory WHERE dormitory_allocation.dormitory_id=dormitory.id and dormitory.sex=? and class_id = ? 
2019-08-22 22:28:20,900 DEBUG (BaseJdbcLogger.java:143)- ==> Parameters: 女(String), 080901201901(String)
2019-08-22 22:28:20,902 DEBUG (BaseJdbcLogger.java:143)- ====>  Preparing: select id, dong, floor, room, sex, number, rent from dormitory where id = ? 
2019-08-22 22:28:20,902 DEBUG (BaseJdbcLogger.java:143)- ====> Parameters: 509(Integer)
2019-08-22 22:28:20,903 DEBUG (BaseJdbcLogger.java:143)- <====      Total: 1
2019-08-22 22:28:20,903 DEBUG (BaseJdbcLogger.java:143)- ====>  Preparing: select id, dong, floor, room, sex, number, rent from dormitory where id = ? 
2019-08-22 22:28:20,903 DEBUG (BaseJdbcLogger.java:143)- ====> Parameters: 510(Integer)
2019-08-22 22:28:20,903 DEBUG (BaseJdbcLogger.java:143)- <====      Total: 1
2019-08-22 22:28:20,904 DEBUG (BaseJdbcLogger.java:143)- ====>  Preparing: select id, dong, floor, room, sex, number, rent from dormitory where id = ? 
2019-08-22 22:28:20,904 DEBUG (BaseJdbcLogger.java:143)- ====> Parameters: 511(Integer)
2019-08-22 22:28:20,906 DEBUG (BaseJdbcLogger.java:143)- <====      Total: 1
2019-08-22 22:28:20,906 DEBUG (BaseJdbcLogger.java:143)- ====>  Preparing: select id, dong, floor, room, sex, number, rent from dormitory where id = ? 
2019-08-22 22:28:20,906 DEBUG (BaseJdbcLogger.java:143)- ====> Parameters: 512(Integer)
2019-08-22 22:28:20,906 DEBUG (BaseJdbcLogger.java:143)- <====      Total: 1
2019-08-22 22:28:20,908 DEBUG (BaseJdbcLogger.java:143)- ====>  Preparing: select id, dong, floor, room, sex, number, rent from dormitory where id = ? 
2019-08-22 22:28:20,908 DEBUG (BaseJdbcLogger.java:143)- ====> Parameters: 513(Integer)
2019-08-22 22:28:20,909 DEBUG (BaseJdbcLogger.java:143)- <====      Total: 1
2019-08-22 22:28:20,909 DEBUG (BaseJdbcLogger.java:143)- <==      Total: 5
2019-08-22 22:28:20,910 DEBUG (BaseJdbcLogger.java:143)- ==>  Preparing: select student_status.id,student_status.basic_id, student_status.student_id, student_status.class_id from student_status,student_basic where student_status.basic_id=student_basic.id and student_basic.sex=? and student_status.class_id=? 
2019-08-22 22:28:20,910 DEBUG (BaseJdbcLogger.java:143)- ==> Parameters: 男(String), 080901201902(String)
2019-08-22 22:28:20,912 DEBUG (BaseJdbcLogger.java:143)- ====>  Preparing: select id, name, sex, birthday, phone, ID_number, email, parent_phone, adress, major, state from student_basic where id = ? 
2019-08-22 22:28:20,912 DEBUG (BaseJdbcLogger.java:143)- ====> Parameters: 12058(String)
2019-08-22 22:28:20,914 DEBUG (BaseJdbcLogger.java:143)- <====      Total: 1
2019-08-22 22:28:20,914 DEBUG (BaseJdbcLogger.java:143)- ====>  Preparing: select id, class_id, name, director, grade, major_id from class where class_id = ? 
2019-08-22 22:28:20,915 DEBUG (BaseJdbcLogger.java:143)- ====> Parameters: 080901201902(String)
2019-08-22 22:28:20,916 DEBUG (BaseJdbcLogger.java:143)- ======>  Preparing: select id, major_id, name, price, department_id from major where major_id = ? 
2019-08-22 22:28:20,917 DEBUG (BaseJdbcLogger.java:143)- ======> Parameters: 080901(String)
2019-08-22 22:28:20,917 DEBUG (BaseJdbcLogger.java:143)- <======      Total: 1
2019-08-22 22:28:20,918 DEBUG (BaseJdbcLogger.java:143)- <====      Total: 1
2019-08-22 22:28:20,919 DEBUG (BaseJdbcLogger.java:143)- ====>  Preparing: select id, name, sex, birthday, phone, ID_number, email, parent_phone, adress, major, state from student_basic where id = ? 
2019-08-22 22:28:20,919 DEBUG (BaseJdbcLogger.java:143)- ====> Parameters: 12059(String)
2019-08-22 22:28:20,919 DEBUG (BaseJdbcLogger.java:143)- <====      Total: 1
2019-08-22 22:28:20,920 DEBUG (BaseJdbcLogger.java:143)- ====>  Preparing: select id, name, sex, birthday, phone, ID_number, email, parent_phone, adress, major, state from student_basic where id = ? 
2019-08-22 22:28:20,920 DEBUG (BaseJdbcLogger.java:143)- ====> Parameters: 12060(String)
2019-08-22 22:28:20,920 DEBUG (BaseJdbcLogger.java:143)- <====      Total: 1
2019-08-22 22:28:20,920 DEBUG (BaseJdbcLogger.java:143)- ====>  Preparing: select id, name, sex, birthday, phone, ID_number, email, parent_phone, adress, major, state from student_basic where id = ? 
2019-08-22 22:28:20,920 DEBUG (BaseJdbcLogger.java:143)- ====> Parameters: 12062(String)
2019-08-22 22:28:20,922 DEBUG (BaseJdbcLogger.java:143)- <====      Total: 1
2019-08-22 22:28:20,923 DEBUG (BaseJdbcLogger.java:143)- ====>  Preparing: select id, name, sex, birthday, phone, ID_number, email, parent_phone, adress, major, state from student_basic where id = ? 
2019-08-22 22:28:20,923 DEBUG (BaseJdbcLogger.java:143)- ====> Parameters: 12065(String)
2019-08-22 22:28:20,923 DEBUG (BaseJdbcLogger.java:143)- <====      Total: 1
2019-08-22 22:28:20,924 DEBUG (BaseJdbcLogger.java:143)- ====>  Preparing: select id, name, sex, birthday, phone, ID_number, email, parent_phone, adress, major, state from student_basic where id = ? 
2019-08-22 22:28:20,924 DEBUG (BaseJdbcLogger.java:143)- ====> Parameters: 12067(String)
2019-08-22 22:28:20,924 DEBUG (BaseJdbcLogger.java:143)- <====      Total: 1
2019-08-22 22:28:20,924 DEBUG (BaseJdbcLogger.java:143)- ====>  Preparing: select id, name, sex, birthday, phone, ID_number, email, parent_phone, adress, major, state from student_basic where id = ? 
2019-08-22 22:28:20,926 DEBUG (BaseJdbcLogger.java:143)- ====> Parameters: 12071(String)
2019-08-22 22:28:20,926 DEBUG (BaseJdbcLogger.java:143)- <====      Total: 1
2019-08-22 22:28:20,926 DEBUG (BaseJdbcLogger.java:143)- ====>  Preparing: select id, name, sex, birthday, phone, ID_number, email, parent_phone, adress, major, state from student_basic where id = ? 
2019-08-22 22:28:20,927 DEBUG (BaseJdbcLogger.java:143)- ====> Parameters: 12072(String)
2019-08-22 22:28:20,929 DEBUG (BaseJdbcLogger.java:143)- <====      Total: 1
2019-08-22 22:28:20,929 DEBUG (BaseJdbcLogger.java:143)- ====>  Preparing: select id, name, sex, birthday, phone, ID_number, email, parent_phone, adress, major, state from student_basic where id = ? 
2019-08-22 22:28:20,931 DEBUG (BaseJdbcLogger.java:143)- ====> Parameters: 12073(String)
2019-08-22 22:28:20,931 DEBUG (BaseJdbcLogger.java:143)- <====      Total: 1
2019-08-22 22:28:20,932 DEBUG (BaseJdbcLogger.java:143)- ====>  Preparing: select id, name, sex, birthday, phone, ID_number, email, parent_phone, adress, major, state from student_basic where id = ? 
2019-08-22 22:28:20,932 DEBUG (BaseJdbcLogger.java:143)- ====> Parameters: 12074(String)
2019-08-22 22:28:20,934 DEBUG (BaseJdbcLogger.java:143)- <====      Total: 1
2019-08-22 22:28:20,935 DEBUG (BaseJdbcLogger.java:143)- ====>  Preparing: select id, name, sex, birthday, phone, ID_number, email, parent_phone, adress, major, state from student_basic where id = ? 
2019-08-22 22:28:20,936 DEBUG (BaseJdbcLogger.java:143)- ====> Parameters: 12077(String)
2019-08-22 22:28:20,937 DEBUG (BaseJdbcLogger.java:143)- <====      Total: 1
2019-08-22 22:28:20,937 DEBUG (BaseJdbcLogger.java:143)- ====>  Preparing: select id, name, sex, birthday, phone, ID_number, email, parent_phone, adress, major, state from student_basic where id = ? 
2019-08-22 22:28:20,938 DEBUG (BaseJdbcLogger.java:143)- ====> Parameters: 12081(String)
2019-08-22 22:28:20,940 DEBUG (BaseJdbcLogger.java:143)- <====      Total: 1
2019-08-22 22:28:20,941 DEBUG (BaseJdbcLogger.java:143)- ====>  Preparing: select id, name, sex, birthday, phone, ID_number, email, parent_phone, adress, major, state from student_basic where id = ? 
2019-08-22 22:28:20,941 DEBUG (BaseJdbcLogger.java:143)- ====> Parameters: 12084(String)
2019-08-22 22:28:20,942 DEBUG (BaseJdbcLogger.java:143)- <====      Total: 1
2019-08-22 22:28:20,942 DEBUG (BaseJdbcLogger.java:143)- ====>  Preparing: select id, name, sex, birthday, phone, ID_number, email, parent_phone, adress, major, state from student_basic where id = ? 
2019-08-22 22:28:20,944 DEBUG (BaseJdbcLogger.java:143)- ====> Parameters: 12086(String)
2019-08-22 22:28:20,944 DEBUG (BaseJdbcLogger.java:143)- <====      Total: 1
2019-08-22 22:28:20,944 DEBUG (BaseJdbcLogger.java:143)- ====>  Preparing: select id, name, sex, birthday, phone, ID_number, email, parent_phone, adress, major, state from student_basic where id = ? 
2019-08-22 22:28:20,944 DEBUG (BaseJdbcLogger.java:143)- ====> Parameters: 12089(String)
2019-08-22 22:28:20,945 DEBUG (BaseJdbcLogger.java:143)- <====      Total: 1
2019-08-22 22:28:20,945 DEBUG (BaseJdbcLogger.java:143)- ====>  Preparing: select id, name, sex, birthday, phone, ID_number, email, parent_phone, adress, major, state from student_basic where id = ? 
2019-08-22 22:28:20,947 DEBUG (BaseJdbcLogger.java:143)- ====> Parameters: 12090(String)
2019-08-22 22:28:20,947 DEBUG (BaseJdbcLogger.java:143)- <====      Total: 1
2019-08-22 22:28:20,948 DEBUG (BaseJdbcLogger.java:143)- ====>  Preparing: select id, name, sex, birthday, phone, ID_number, email, parent_phone, adress, major, state from student_basic where id = ? 
2019-08-22 22:28:20,948 DEBUG (BaseJdbcLogger.java:143)- ====> Parameters: 12095(String)
2019-08-22 22:28:20,949 DEBUG (BaseJdbcLogger.java:143)- <====      Total: 1
2019-08-22 22:28:20,950 DEBUG (BaseJdbcLogger.java:143)- ====>  Preparing: select id, name, sex, birthday, phone, ID_number, email, parent_phone, adress, major, state from student_basic where id = ? 
2019-08-22 22:28:20,950 DEBUG (BaseJdbcLogger.java:143)- ====> Parameters: 12096(String)
2019-08-22 22:28:20,951 DEBUG (BaseJdbcLogger.java:143)- <====      Total: 1
2019-08-22 22:28:20,951 DEBUG (BaseJdbcLogger.java:143)- ====>  Preparing: select id, name, sex, birthday, phone, ID_number, email, parent_phone, adress, major, state from student_basic where id = ? 
2019-08-22 22:28:20,951 DEBUG (BaseJdbcLogger.java:143)- ====> Parameters: 12097(String)
2019-08-22 22:28:20,953 DEBUG (BaseJdbcLogger.java:143)- <====      Total: 1
2019-08-22 22:28:20,953 DEBUG (BaseJdbcLogger.java:143)- ====>  Preparing: select id, name, sex, birthday, phone, ID_number, email, parent_phone, adress, major, state from student_basic where id = ? 
2019-08-22 22:28:20,954 DEBUG (BaseJdbcLogger.java:143)- ====> Parameters: 12098(String)
2019-08-22 22:28:20,954 DEBUG (BaseJdbcLogger.java:143)- <====      Total: 1
2019-08-22 22:28:20,955 DEBUG (BaseJdbcLogger.java:143)- ====>  Preparing: select id, name, sex, birthday, phone, ID_number, email, parent_phone, adress, major, state from student_basic where id = ? 
2019-08-22 22:28:20,956 DEBUG (BaseJdbcLogger.java:143)- ====> Parameters: 12099(String)
2019-08-22 22:28:20,956 DEBUG (BaseJdbcLogger.java:143)- <====      Total: 1
2019-08-22 22:28:20,956 DEBUG (BaseJdbcLogger.java:143)- ====>  Preparing: select id, name, sex, birthday, phone, ID_number, email, parent_phone, adress, major, state from student_basic where id = ? 
2019-08-22 22:28:20,957 DEBUG (BaseJdbcLogger.java:143)- ====> Parameters: 12100(String)
2019-08-22 22:28:20,958 DEBUG (BaseJdbcLogger.java:143)- <====      Total: 1
2019-08-22 22:28:20,958 DEBUG (BaseJdbcLogger.java:143)- ====>  Preparing: select id, name, sex, birthday, phone, ID_number, email, parent_phone, adress, major, state from student_basic where id = ? 
2019-08-22 22:28:20,958 DEBUG (BaseJdbcLogger.java:143)- ====> Parameters: 12101(String)
2019-08-22 22:28:20,960 DEBUG (BaseJdbcLogger.java:143)- <====      Total: 1
2019-08-22 22:28:20,961 DEBUG (BaseJdbcLogger.java:143)- ====>  Preparing: select id, name, sex, birthday, phone, ID_number, email, parent_phone, adress, major, state from student_basic where id = ? 
2019-08-22 22:28:20,961 DEBUG (BaseJdbcLogger.java:143)- ====> Parameters: 12102(String)
2019-08-22 22:28:20,961 DEBUG (BaseJdbcLogger.java:143)- <====      Total: 1
2019-08-22 22:28:20,962 DEBUG (BaseJdbcLogger.java:143)- ====>  Preparing: select id, name, sex, birthday, phone, ID_number, email, parent_phone, adress, major, state from student_basic where id = ? 
2019-08-22 22:28:20,963 DEBUG (BaseJdbcLogger.java:143)- ====> Parameters: 12104(String)
2019-08-22 22:28:20,965 DEBUG (BaseJdbcLogger.java:143)- <====      Total: 1
2019-08-22 22:28:20,966 DEBUG (BaseJdbcLogger.java:143)- ====>  Preparing: select id, name, sex, birthday, phone, ID_number, email, parent_phone, adress, major, state from student_basic where id = ? 
2019-08-22 22:28:20,966 DEBUG (BaseJdbcLogger.java:143)- ====> Parameters: 12105(String)
2019-08-22 22:28:20,967 DEBUG (BaseJdbcLogger.java:143)- <====      Total: 1
2019-08-22 22:28:20,967 DEBUG (BaseJdbcLogger.java:143)- ====>  Preparing: select id, name, sex, birthday, phone, ID_number, email, parent_phone, adress, major, state from student_basic where id = ? 
2019-08-22 22:28:20,968 DEBUG (BaseJdbcLogger.java:143)- ====> Parameters: 12108(String)
2019-08-22 22:28:20,969 DEBUG (BaseJdbcLogger.java:143)- <====      Total: 1
2019-08-22 22:28:20,970 DEBUG (BaseJdbcLogger.java:143)- ====>  Preparing: select id, name, sex, birthday, phone, ID_number, email, parent_phone, adress, major, state from student_basic where id = ? 
2019-08-22 22:28:20,970 DEBUG (BaseJdbcLogger.java:143)- ====> Parameters: 12111(String)
2019-08-22 22:28:20,971 DEBUG (BaseJdbcLogger.java:143)- <====      Total: 1
2019-08-22 22:28:20,972 DEBUG (BaseJdbcLogger.java:143)- ====>  Preparing: select id, name, sex, birthday, phone, ID_number, email, parent_phone, adress, major, state from student_basic where id = ? 
2019-08-22 22:28:20,972 DEBUG (BaseJdbcLogger.java:143)- ====> Parameters: 12112(String)
2019-08-22 22:28:20,973 DEBUG (BaseJdbcLogger.java:143)- <====      Total: 1
2019-08-22 22:28:20,974 DEBUG (BaseJdbcLogger.java:143)- <==      Total: 29
2019-08-22 22:28:20,974 DEBUG (BaseJdbcLogger.java:143)- ==>  Preparing: select student_status.id,student_status.basic_id, student_status.student_id, student_status.class_id from student_status,student_basic where student_status.basic_id=student_basic.id and student_basic.sex=? and student_status.class_id=? 
2019-08-22 22:28:20,974 DEBUG (BaseJdbcLogger.java:143)- ==> Parameters: 女(String), 080901201902(String)
2019-08-22 22:28:20,976 DEBUG (BaseJdbcLogger.java:143)- ====>  Preparing: select id, name, sex, birthday, phone, ID_number, email, parent_phone, adress, major, state from student_basic where id = ? 
2019-08-22 22:28:20,976 DEBUG (BaseJdbcLogger.java:143)- ====> Parameters: 12050(String)
2019-08-22 22:28:20,977 DEBUG (BaseJdbcLogger.java:143)- <====      Total: 1
2019-08-22 22:28:20,977 DEBUG (BaseJdbcLogger.java:143)- ====>  Preparing: select id, class_id, name, director, grade, major_id from class where class_id = ? 
2019-08-22 22:28:20,978 DEBUG (BaseJdbcLogger.java:143)- ====> Parameters: 080901201902(String)
2019-08-22 22:28:20,978 DEBUG (BaseJdbcLogger.java:143)- ======>  Preparing: select id, major_id, name, price, department_id from major where major_id = ? 
2019-08-22 22:28:20,979 DEBUG (BaseJdbcLogger.java:143)- ======> Parameters: 080901(String)
2019-08-22 22:28:20,981 DEBUG (BaseJdbcLogger.java:143)- <======      Total: 1
2019-08-22 22:28:20,981 DEBUG (BaseJdbcLogger.java:143)- <====      Total: 1
2019-08-22 22:28:20,982 DEBUG (BaseJdbcLogger.java:143)- ====>  Preparing: select id, name, sex, birthday, phone, ID_number, email, parent_phone, adress, major, state from student_basic where id = ? 
2019-08-22 22:28:20,983 DEBUG (BaseJdbcLogger.java:143)- ====> Parameters: 12052(String)
2019-08-22 22:28:20,984 DEBUG (BaseJdbcLogger.java:143)- <====      Total: 1
2019-08-22 22:28:20,984 DEBUG (BaseJdbcLogger.java:143)- ====>  Preparing: select id, name, sex, birthday, phone, ID_number, email, parent_phone, adress, major, state from student_basic where id = ? 
2019-08-22 22:28:20,985 DEBUG (BaseJdbcLogger.java:143)- ====> Parameters: 12054(String)
2019-08-22 22:28:20,986 DEBUG (BaseJdbcLogger.java:143)- <====      Total: 1
2019-08-22 22:28:20,986 DEBUG (BaseJdbcLogger.java:143)- ====>  Preparing: select id, name, sex, birthday, phone, ID_number, email, parent_phone, adress, major, state from student_basic where id = ? 
2019-08-22 22:28:20,987 DEBUG (BaseJdbcLogger.java:143)- ====> Parameters: 12057(String)
2019-08-22 22:28:20,988 DEBUG (BaseJdbcLogger.java:143)- <====      Total: 1
2019-08-22 22:28:20,988 DEBUG (BaseJdbcLogger.java:143)- ====>  Preparing: select id, name, sex, birthday, phone, ID_number, email, parent_phone, adress, major, state from student_basic where id = ? 
2019-08-22 22:28:20,988 DEBUG (BaseJdbcLogger.java:143)- ====> Parameters: 12061(String)
2019-08-22 22:28:20,999 DEBUG (BaseJdbcLogger.java:143)- <====      Total: 1
2019-08-22 22:28:21,000 DEBUG (BaseJdbcLogger.java:143)- ====>  Preparing: select id, name, sex, birthday, phone, ID_number, email, parent_phone, adress, major, state from student_basic where id = ? 
2019-08-22 22:28:21,001 DEBUG (BaseJdbcLogger.java:143)- ====> Parameters: 12063(String)
2019-08-22 22:28:21,001 DEBUG (BaseJdbcLogger.java:143)- <====      Total: 1
2019-08-22 22:28:21,002 DEBUG (BaseJdbcLogger.java:143)- ====>  Preparing: select id, name, sex, birthday, phone, ID_number, email, parent_phone, adress, major, state from student_basic where id = ? 
2019-08-22 22:28:21,002 DEBUG (BaseJdbcLogger.java:143)- ====> Parameters: 12064(String)
2019-08-22 22:28:21,003 DEBUG (BaseJdbcLogger.java:143)- <====      Total: 1
2019-08-22 22:28:21,003 DEBUG (BaseJdbcLogger.java:143)- ====>  Preparing: select id, name, sex, birthday, phone, ID_number, email, parent_phone, adress, major, state from student_basic where id = ? 
2019-08-22 22:28:21,003 DEBUG (BaseJdbcLogger.java:143)- ====> Parameters: 12066(String)
2019-08-22 22:28:21,005 DEBUG (BaseJdbcLogger.java:143)- <====      Total: 1
2019-08-22 22:28:21,006 DEBUG (BaseJdbcLogger.java:143)- ====>  Preparing: select id, name, sex, birthday, phone, ID_number, email, parent_phone, adress, major, state from student_basic where id = ? 
2019-08-22 22:28:21,006 DEBUG (BaseJdbcLogger.java:143)- ====> Parameters: 12068(String)
2019-08-22 22:28:21,007 DEBUG (BaseJdbcLogger.java:143)- <====      Total: 1
2019-08-22 22:28:21,007 DEBUG (BaseJdbcLogger.java:143)- ====>  Preparing: select id, name, sex, birthday, phone, ID_number, email, parent_phone, adress, major, state from student_basic where id = ? 
2019-08-22 22:28:21,007 DEBUG (BaseJdbcLogger.java:143)- ====> Parameters: 12069(String)
2019-08-22 22:28:21,008 DEBUG (BaseJdbcLogger.java:143)- <====      Total: 1
2019-08-22 22:28:21,009 DEBUG (BaseJdbcLogger.java:143)- ====>  Preparing: select id, name, sex, birthday, phone, ID_number, email, parent_phone, adress, major, state from student_basic where id = ? 
2019-08-22 22:28:21,009 DEBUG (BaseJdbcLogger.java:143)- ====> Parameters: 12070(String)
2019-08-22 22:28:21,009 DEBUG (BaseJdbcLogger.java:143)- <====      Total: 1
2019-08-22 22:28:21,010 DEBUG (BaseJdbcLogger.java:143)- ====>  Preparing: select id, name, sex, birthday, phone, ID_number, email, parent_phone, adress, major, state from student_basic where id = ? 
2019-08-22 22:28:21,010 DEBUG (BaseJdbcLogger.java:143)- ====> Parameters: 12075(String)
2019-08-22 22:28:21,011 DEBUG (BaseJdbcLogger.java:143)- <====      Total: 1
2019-08-22 22:28:21,012 DEBUG (BaseJdbcLogger.java:143)- ====>  Preparing: select id, name, sex, birthday, phone, ID_number, email, parent_phone, adress, major, state from student_basic where id = ? 
2019-08-22 22:28:21,012 DEBUG (BaseJdbcLogger.java:143)- ====> Parameters: 12076(String)
2019-08-22 22:28:21,013 DEBUG (BaseJdbcLogger.java:143)- <====      Total: 1
2019-08-22 22:28:21,014 DEBUG (BaseJdbcLogger.java:143)- ====>  Preparing: select id, name, sex, birthday, phone, ID_number, email, parent_phone, adress, major, state from student_basic where id = ? 
2019-08-22 22:28:21,014 DEBUG (BaseJdbcLogger.java:143)- ====> Parameters: 12078(String)
2019-08-22 22:28:21,016 DEBUG (BaseJdbcLogger.java:143)- <====      Total: 1
2019-08-22 22:28:21,017 DEBUG (BaseJdbcLogger.java:143)- ====>  Preparing: select id, name, sex, birthday, phone, ID_number, email, parent_phone, adress, major, state from student_basic where id = ? 
2019-08-22 22:28:21,017 DEBUG (BaseJdbcLogger.java:143)- ====> Parameters: 12079(String)
2019-08-22 22:28:21,018 DEBUG (BaseJdbcLogger.java:143)- <====      Total: 1
2019-08-22 22:28:21,018 DEBUG (BaseJdbcLogger.java:143)- ====>  Preparing: select id, name, sex, birthday, phone, ID_number, email, parent_phone, adress, major, state from student_basic where id = ? 
2019-08-22 22:28:21,019 DEBUG (BaseJdbcLogger.java:143)- ====> Parameters: 12080(String)
2019-08-22 22:28:21,019 DEBUG (BaseJdbcLogger.java:143)- <====      Total: 1
2019-08-22 22:28:21,020 DEBUG (BaseJdbcLogger.java:143)- ====>  Preparing: select id, name, sex, birthday, phone, ID_number, email, parent_phone, adress, major, state from student_basic where id = ? 
2019-08-22 22:28:21,020 DEBUG (BaseJdbcLogger.java:143)- ====> Parameters: 12082(String)
2019-08-22 22:28:21,021 DEBUG (BaseJdbcLogger.java:143)- <====      Total: 1
2019-08-22 22:28:21,021 DEBUG (BaseJdbcLogger.java:143)- ====>  Preparing: select id, name, sex, birthday, phone, ID_number, email, parent_phone, adress, major, state from student_basic where id = ? 
2019-08-22 22:28:21,021 DEBUG (BaseJdbcLogger.java:143)- ====> Parameters: 12083(String)
2019-08-22 22:28:21,022 DEBUG (BaseJdbcLogger.java:143)- <====      Total: 1
2019-08-22 22:28:21,022 DEBUG (BaseJdbcLogger.java:143)- ====>  Preparing: select id, name, sex, birthday, phone, ID_number, email, parent_phone, adress, major, state from student_basic where id = ? 
2019-08-22 22:28:21,022 DEBUG (BaseJdbcLogger.java:143)- ====> Parameters: 12085(String)
2019-08-22 22:28:21,023 DEBUG (BaseJdbcLogger.java:143)- <====      Total: 1
2019-08-22 22:28:21,024 DEBUG (BaseJdbcLogger.java:143)- ====>  Preparing: select id, name, sex, birthday, phone, ID_number, email, parent_phone, adress, major, state from student_basic where id = ? 
2019-08-22 22:28:21,024 DEBUG (BaseJdbcLogger.java:143)- ====> Parameters: 12087(String)
2019-08-22 22:28:21,024 DEBUG (BaseJdbcLogger.java:143)- <====      Total: 1
2019-08-22 22:28:21,025 DEBUG (BaseJdbcLogger.java:143)- ====>  Preparing: select id, name, sex, birthday, phone, ID_number, email, parent_phone, adress, major, state from student_basic where id = ? 
2019-08-22 22:28:21,025 DEBUG (BaseJdbcLogger.java:143)- ====> Parameters: 12088(String)
2019-08-22 22:28:21,025 DEBUG (BaseJdbcLogger.java:143)- <====      Total: 1
2019-08-22 22:28:21,026 DEBUG (BaseJdbcLogger.java:143)- ====>  Preparing: select id, name, sex, birthday, phone, ID_number, email, parent_phone, adress, major, state from student_basic where id = ? 
2019-08-22 22:28:21,026 DEBUG (BaseJdbcLogger.java:143)- ====> Parameters: 12091(String)
2019-08-22 22:28:21,026 DEBUG (BaseJdbcLogger.java:143)- <====      Total: 1
2019-08-22 22:28:21,027 DEBUG (BaseJdbcLogger.java:143)- ====>  Preparing: select id, name, sex, birthday, phone, ID_number, email, parent_phone, adress, major, state from student_basic where id = ? 
2019-08-22 22:28:21,027 DEBUG (BaseJdbcLogger.java:143)- ====> Parameters: 12092(String)
2019-08-22 22:28:21,027 DEBUG (BaseJdbcLogger.java:143)- <====      Total: 1
2019-08-22 22:28:21,028 DEBUG (BaseJdbcLogger.java:143)- <==      Total: 23
2019-08-22 22:28:21,028 DEBUG (BaseJdbcLogger.java:143)- ==>  Preparing: select dormitory_allocation.id, dormitory_allocation.class_id, dormitory_allocation.dormitory_id,dormitory_allocation.number from dormitory_allocation,dormitory WHERE dormitory_allocation.dormitory_id=dormitory.id and dormitory.sex=? and class_id = ? 
2019-08-22 22:28:21,028 DEBUG (BaseJdbcLogger.java:143)- ==> Parameters: 男(String), 080901201902(String)
2019-08-22 22:28:21,029 DEBUG (BaseJdbcLogger.java:143)- ====>  Preparing: select id, dong, floor, room, sex, number, rent from dormitory where id = ? 
2019-08-22 22:28:21,030 DEBUG (BaseJdbcLogger.java:143)- ====> Parameters: 74(Integer)
2019-08-22 22:28:21,031 DEBUG (BaseJdbcLogger.java:143)- <====      Total: 1
2019-08-22 22:28:21,031 DEBUG (BaseJdbcLogger.java:143)- ====>  Preparing: select id, dong, floor, room, sex, number, rent from dormitory where id = ? 
2019-08-22 22:28:21,032 DEBUG (BaseJdbcLogger.java:143)- ====> Parameters: 75(Integer)
