2019-09-24 18:54:11,437 DEBUG (BaseJdbcLogger.java:143)- <====      Total: 1
2019-09-24 18:54:11,439 DEBUG (BaseJdbcLogger.java:143)- ====>  Preparing: select id, name, sex, birthday, phone, ID_number, email, parent_phone, adress, major, state from student_basic where id = ? 
2019-09-24 18:54:11,440 DEBUG (BaseJdbcLogger.java:143)- ====> Parameters: 27743(String)
2019-09-24 18:54:11,441 DEBUG (BaseJdbcLogger.java:143)- <====      Total: 1
2019-09-24 18:54:11,442 DEBUG (BaseJdbcLogger.java:143)- ====>  Preparing: select id, name, sex, birthday, phone, ID_number, email, parent_phone, adress, major, state from student_basic where id = ? 
2019-09-24 18:54:11,442 DEBUG (BaseJdbcLogger.java:143)- ====> Parameters: 27744(String)
2019-09-24 18:54:11,454 DEBUG (BaseJdbcLogger.java:143)- <====      Total: 1
2019-09-24 18:54:11,455 DEBUG (BaseJdbcLogger.java:143)- ====>  Preparing: select id, name, sex, birthday, phone, ID_number, email, parent_phone, adress, major, state from student_basic where id = ? 
2019-09-24 18:54:11,455 DEBUG (BaseJdbcLogger.java:143)- ====> Parameters: 27746(String)
2019-09-24 18:54:11,458 DEBUG (BaseJdbcLogger.java:143)- <====      Total: 1
2019-09-24 18:54:11,458 DEBUG (BaseJdbcLogger.java:143)- ====>  Preparing: select id, name, sex, birthday, phone, ID_number, email, parent_phone, adress, major, state from student_basic where id = ? 
2019-09-24 18:54:11,459 DEBUG (BaseJdbcLogger.java:143)- ====> Parameters: 27747(String)
2019-09-24 18:54:11,459 DEBUG (BaseJdbcLogger.java:143)- <====      Total: 1
2019-09-24 18:54:11,460 DEBUG (BaseJdbcLogger.java:143)- ====>  Preparing: select id, name, sex, birthday, phone, ID_number, email, parent_phone, adress, major, state from student_basic where id = ? 
2019-09-24 18:54:11,460 DEBUG (BaseJdbcLogger.java:143)- ====> Parameters: 27748(String)
2019-09-24 18:54:11,460 DEBUG (BaseJdbcLogger.java:143)- <====      Total: 1
2019-09-24 18:54:11,461 DEBUG (BaseJdbcLogger.java:143)- ====>  Preparing: select id, name, sex, birthday, phone, ID_number, email, parent_phone, adress, major, state from student_basic where id = ? 
2019-09-24 18:54:11,461 DEBUG (BaseJdbcLogger.java:143)- ====> Parameters: 27751(String)
2019-09-24 18:54:11,462 DEBUG (BaseJdbcLogger.java:143)- <====      Total: 1
2019-09-24 18:54:11,462 DEBUG (BaseJdbcLogger.java:143)- ====>  Preparing: select id, name, sex, birthday, phone, ID_number, email, parent_phone, adress, major, state from student_basic where id = ? 
2019-09-24 18:54:11,463 DEBUG (BaseJdbcLogger.java:143)- ====> Parameters: 27752(String)
2019-09-24 18:54:11,464 DEBUG (BaseJdbcLogger.java:143)- <====      Total: 1
2019-09-24 18:54:11,465 DEBUG (BaseJdbcLogger.java:143)- ====>  Preparing: select id, name, sex, birthday, phone, ID_number, email, parent_phone, adress, major, state from student_basic where id = ? 
2019-09-24 18:54:11,466 DEBUG (BaseJdbcLogger.java:143)- ====> Parameters: 27755(String)
2019-09-24 18:54:11,468 DEBUG (BaseJdbcLogger.java:143)- <====      Total: 1
2019-09-24 18:54:11,469 DEBUG (BaseJdbcLogger.java:143)- ====>  Preparing: select id, name, sex, birthday, phone, ID_number, email, parent_phone, adress, major, state from student_basic where id = ? 
2019-09-24 18:54:11,470 DEBUG (BaseJdbcLogger.java:143)- ====> Parameters: 27757(String)
2019-09-24 18:54:11,471 DEBUG (BaseJdbcLogger.java:143)- <====      Total: 1
2019-09-24 18:54:11,471 DEBUG (BaseJdbcLogger.java:143)- ====>  Preparing: select id, name, sex, birthday, phone, ID_number, email, parent_phone, adress, major, state from student_basic where id = ? 
2019-09-24 18:54:11,472 DEBUG (BaseJdbcLogger.java:143)- ====> Parameters: 27761(String)
2019-09-24 18:54:11,473 DEBUG (BaseJdbcLogger.java:143)- <====      Total: 1
2019-09-24 18:54:11,474 DEBUG (BaseJdbcLogger.java:143)- ====>  Preparing: select id, name, sex, birthday, phone, ID_number, email, parent_phone, adress, major, state from student_basic where id = ? 
2019-09-24 18:54:11,474 DEBUG (BaseJdbcLogger.java:143)- ====> Parameters: 27762(String)
2019-09-24 18:54:11,475 DEBUG (BaseJdbcLogger.java:143)- <====      Total: 1
2019-09-24 18:54:11,475 DEBUG (BaseJdbcLogger.java:143)- ====>  Preparing: select id, name, sex, birthday, phone, ID_number, email, parent_phone, adress, major, state from student_basic where id = ? 
2019-09-24 18:54:11,476 DEBUG (BaseJdbcLogger.java:143)- ====> Parameters: 27765(String)
2019-09-24 18:54:11,476 DEBUG (BaseJdbcLogger.java:143)- <====      Total: 1
2019-09-24 18:54:11,477 DEBUG (BaseJdbcLogger.java:143)- ====>  Preparing: select id, name, sex, birthday, phone, ID_number, email, parent_phone, adress, major, state from student_basic where id = ? 
2019-09-24 18:54:11,477 DEBUG (BaseJdbcLogger.java:143)- ====> Parameters: 27766(String)
2019-09-24 18:54:11,478 DEBUG (BaseJdbcLogger.java:143)- <====      Total: 1
2019-09-24 18:54:11,478 DEBUG (BaseJdbcLogger.java:143)- ====>  Preparing: select id, name, sex, birthday, phone, ID_number, email, parent_phone, adress, major, state from student_basic where id = ? 
2019-09-24 18:54:11,478 DEBUG (BaseJdbcLogger.java:143)- ====> Parameters: 27767(String)
2019-09-24 18:54:11,479 DEBUG (BaseJdbcLogger.java:143)- <====      Total: 1
2019-09-24 18:54:11,479 DEBUG (BaseJdbcLogger.java:143)- ====>  Preparing: select id, name, sex, birthday, phone, ID_number, email, parent_phone, adress, major, state from student_basic where id = ? 
2019-09-24 18:54:11,479 DEBUG (BaseJdbcLogger.java:143)- ====> Parameters: 27772(String)
2019-09-24 18:54:11,480 DEBUG (BaseJdbcLogger.java:143)- <====      Total: 1
2019-09-24 18:54:11,481 DEBUG (BaseJdbcLogger.java:143)- ====>  Preparing: select id, name, sex, birthday, phone, ID_number, email, parent_phone, adress, major, state from student_basic where id = ? 
2019-09-24 18:54:11,483 DEBUG (BaseJdbcLogger.java:143)- ====> Parameters: 27773(String)
2019-09-24 18:54:11,484 DEBUG (BaseJdbcLogger.java:143)- <====      Total: 1
2019-09-24 18:54:11,485 DEBUG (BaseJdbcLogger.java:143)- ====>  Preparing: select id, name, sex, birthday, phone, ID_number, email, parent_phone, adress, major, state from student_basic where id = ? 
2019-09-24 18:54:11,485 DEBUG (BaseJdbcLogger.java:143)- ====> Parameters: 27774(String)
2019-09-24 18:54:11,486 DEBUG (BaseJdbcLogger.java:143)- <====      Total: 1
2019-09-24 18:54:11,486 DEBUG (BaseJdbcLogger.java:143)- ====>  Preparing: select id, name, sex, birthday, phone, ID_number, email, parent_phone, adress, major, state from student_basic where id = ? 
2019-09-24 18:54:11,486 DEBUG (BaseJdbcLogger.java:143)- ====> Parameters: 27775(String)
2019-09-24 18:54:11,487 DEBUG (BaseJdbcLogger.java:143)- <====      Total: 1
2019-09-24 18:54:11,487 DEBUG (BaseJdbcLogger.java:143)- ====>  Preparing: select id, name, sex, birthday, phone, ID_number, email, parent_phone, adress, major, state from student_basic where id = ? 
2019-09-24 18:54:11,488 DEBUG (BaseJdbcLogger.java:143)- ====> Parameters: 27778(String)
2019-09-24 18:54:11,488 DEBUG (BaseJdbcLogger.java:143)- <====      Total: 1
2019-09-24 18:54:11,489 DEBUG (BaseJdbcLogger.java:143)- ====>  Preparing: select id, name, sex, birthday, phone, ID_number, email, parent_phone, adress, major, state from student_basic where id = ? 
2019-09-24 18:54:11,489 DEBUG (BaseJdbcLogger.java:143)- ====> Parameters: 27780(String)
2019-09-24 18:54:11,490 DEBUG (BaseJdbcLogger.java:143)- <====      Total: 1
2019-09-24 18:54:11,490 DEBUG (BaseJdbcLogger.java:143)- ====>  Preparing: select id, name, sex, birthday, phone, ID_number, email, parent_phone, adress, major, state from student_basic where id = ? 
2019-09-24 18:54:11,490 DEBUG (BaseJdbcLogger.java:143)- ====> Parameters: 27782(String)
2019-09-24 18:54:11,491 DEBUG (BaseJdbcLogger.java:143)- <====      Total: 1
2019-09-24 18:54:11,491 DEBUG (BaseJdbcLogger.java:143)- ====>  Preparing: select id, name, sex, birthday, phone, ID_number, email, parent_phone, adress, major, state from student_basic where id = ? 
2019-09-24 18:54:11,492 DEBUG (BaseJdbcLogger.java:143)- ====> Parameters: 27783(String)
2019-09-24 18:54:11,492 DEBUG (BaseJdbcLogger.java:143)- <====      Total: 1
2019-09-24 18:54:11,492 DEBUG (BaseJdbcLogger.java:143)- ====>  Preparing: select id, name, sex, birthday, phone, ID_number, email, parent_phone, adress, major, state from student_basic where id = ? 
2019-09-24 18:54:11,493 DEBUG (BaseJdbcLogger.java:143)- ====> Parameters: 27789(String)
2019-09-24 18:54:11,493 DEBUG (BaseJdbcLogger.java:143)- <====      Total: 1
2019-09-24 18:54:11,494 DEBUG (BaseJdbcLogger.java:143)- ====>  Preparing: select id, name, sex, birthday, phone, ID_number, email, parent_phone, adress, major, state from student_basic where id = ? 
2019-09-24 18:54:11,494 DEBUG (BaseJdbcLogger.java:143)- ====> Parameters: 27792(String)
2019-09-24 18:54:11,494 DEBUG (BaseJdbcLogger.java:143)- <====      Total: 1
2019-09-24 18:54:11,495 DEBUG (BaseJdbcLogger.java:143)- ====>  Preparing: select id, name, sex, birthday, phone, ID_number, email, parent_phone, adress, major, state from student_basic where id = ? 
2019-09-24 18:54:11,495 DEBUG (BaseJdbcLogger.java:143)- ====> Parameters: 27793(String)
2019-09-24 18:54:11,496 DEBUG (BaseJdbcLogger.java:143)- <====      Total: 1
2019-09-24 18:54:11,496 DEBUG (BaseJdbcLogger.java:143)- ====>  Preparing: select id, name, sex, birthday, phone, ID_number, email, parent_phone, adress, major, state from student_basic where id = ? 
2019-09-24 18:54:11,496 DEBUG (BaseJdbcLogger.java:143)- ====> Parameters: 27799(String)
2019-09-24 18:54:11,497 DEBUG (BaseJdbcLogger.java:143)- <====      Total: 1
2019-09-24 18:54:11,498 DEBUG (BaseJdbcLogger.java:143)- ====>  Preparing: select id, name, sex, birthday, phone, ID_number, email, parent_phone, adress, major, state from student_basic where id = ? 
2019-09-24 18:54:11,499 DEBUG (BaseJdbcLogger.java:143)- ====> Parameters: 27800(String)
2019-09-24 18:54:11,501 DEBUG (BaseJdbcLogger.java:143)- <====      Total: 1
2019-09-24 18:54:11,501 DEBUG (BaseJdbcLogger.java:143)- ====>  Preparing: select id, name, sex, birthday, phone, ID_number, email, parent_phone, adress, major, state from student_basic where id = ? 
2019-09-24 18:54:11,502 DEBUG (BaseJdbcLogger.java:143)- ====> Parameters: 27801(String)
2019-09-24 18:54:11,502 DEBUG (BaseJdbcLogger.java:143)- <====      Total: 1
2019-09-24 18:54:11,503 DEBUG (BaseJdbcLogger.java:143)- ====>  Preparing: select id, name, sex, birthday, phone, ID_number, email, parent_phone, adress, major, state from student_basic where id = ? 
2019-09-24 18:54:11,503 DEBUG (BaseJdbcLogger.java:143)- ====> Parameters: 27802(String)
2019-09-24 18:54:11,504 DEBUG (BaseJdbcLogger.java:143)- <====      Total: 1
2019-09-24 18:54:11,504 DEBUG (BaseJdbcLogger.java:143)- ====>  Preparing: select id, name, sex, birthday, phone, ID_number, email, parent_phone, adress, major, state from student_basic where id = ? 
2019-09-24 18:54:11,504 DEBUG (BaseJdbcLogger.java:143)- ====> Parameters: 27803(String)
2019-09-24 18:54:11,505 DEBUG (BaseJdbcLogger.java:143)- <====      Total: 1
2019-09-24 18:54:11,506 DEBUG (BaseJdbcLogger.java:143)- ====>  Preparing: select id, name, sex, birthday, phone, ID_number, email, parent_phone, adress, major, state from student_basic where id = ? 
2019-09-24 18:54:11,506 DEBUG (BaseJdbcLogger.java:143)- ====> Parameters: 27805(String)
2019-09-24 18:54:11,507 DEBUG (BaseJdbcLogger.java:143)- <====      Total: 1
2019-09-24 18:54:11,507 DEBUG (BaseJdbcLogger.java:143)- ====>  Preparing: select id, name, sex, birthday, phone, ID_number, email, parent_phone, adress, major, state from student_basic where id = ? 
2019-09-24 18:54:11,507 DEBUG (BaseJdbcLogger.java:143)- ====> Parameters: 27810(String)
2019-09-24 18:54:11,508 DEBUG (BaseJdbcLogger.java:143)- <====      Total: 1
2019-09-24 18:54:11,508 DEBUG (BaseJdbcLogger.java:143)- ====>  Preparing: select id, name, sex, birthday, phone, ID_number, email, parent_phone, adress, major, state from student_basic where id = ? 
2019-09-24 18:54:11,508 DEBUG (BaseJdbcLogger.java:143)- ====> Parameters: 27812(String)
2019-09-24 18:54:11,509 DEBUG (BaseJdbcLogger.java:143)- <====      Total: 1
2019-09-24 18:54:11,509 DEBUG (BaseJdbcLogger.java:143)- ====>  Preparing: select id, name, sex, birthday, phone, ID_number, email, parent_phone, adress, major, state from student_basic where id = ? 
2019-09-24 18:54:11,510 DEBUG (BaseJdbcLogger.java:143)- ====> Parameters: 27813(String)
2019-09-24 18:54:11,510 DEBUG (BaseJdbcLogger.java:143)- <====      Total: 1
2019-09-24 18:54:11,510 DEBUG (BaseJdbcLogger.java:143)- ====>  Preparing: select id, name, sex, birthday, phone, ID_number, email, parent_phone, adress, major, state from student_basic where id = ? 
2019-09-24 18:54:11,511 DEBUG (BaseJdbcLogger.java:143)- ====> Parameters: 27814(String)
2019-09-24 18:54:11,511 DEBUG (BaseJdbcLogger.java:143)- <====      Total: 1
2019-09-24 18:54:11,512 DEBUG (BaseJdbcLogger.java:143)- ====>  Preparing: select id, name, sex, birthday, phone, ID_number, email, parent_phone, adress, major, state from student_basic where id = ? 
2019-09-24 18:54:11,512 DEBUG (BaseJdbcLogger.java:143)- ====> Parameters: 27815(String)
2019-09-24 18:54:11,513 DEBUG (BaseJdbcLogger.java:143)- <====      Total: 1
2019-09-24 18:54:11,513 DEBUG (BaseJdbcLogger.java:143)- ====>  Preparing: select id, name, sex, birthday, phone, ID_number, email, parent_phone, adress, major, state from student_basic where id = ? 
2019-09-24 18:54:11,513 DEBUG (BaseJdbcLogger.java:143)- ====> Parameters: 27817(String)
2019-09-24 18:54:11,515 DEBUG (BaseJdbcLogger.java:143)- <====      Total: 1
2019-09-24 18:54:11,516 DEBUG (BaseJdbcLogger.java:143)- ====>  Preparing: select id, name, sex, birthday, phone, ID_number, email, parent_phone, adress, major, state from student_basic where id = ? 
2019-09-24 18:54:11,517 DEBUG (BaseJdbcLogger.java:143)- ====> Parameters: 27819(String)
2019-09-24 18:54:11,518 DEBUG (BaseJdbcLogger.java:143)- <====      Total: 1
2019-09-24 18:54:11,518 DEBUG (BaseJdbcLogger.java:143)- ====>  Preparing: select id, name, sex, birthday, phone, ID_number, email, parent_phone, adress, major, state from student_basic where id = ? 
2019-09-24 18:54:11,519 DEBUG (BaseJdbcLogger.java:143)- ====> Parameters: 27820(String)
2019-09-24 18:54:11,519 DEBUG (BaseJdbcLogger.java:143)- <====      Total: 1
2019-09-24 18:54:11,520 DEBUG (BaseJdbcLogger.java:143)- ====>  Preparing: select id, name, sex, birthday, phone, ID_number, email, parent_phone, adress, major, state from student_basic where id = ? 
2019-09-24 18:54:11,520 DEBUG (BaseJdbcLogger.java:143)- ====> Parameters: 27821(String)
2019-09-24 18:54:11,521 DEBUG (BaseJdbcLogger.java:143)- <====      Total: 1
2019-09-24 18:54:11,522 DEBUG (BaseJdbcLogger.java:143)- ====>  Preparing: select id, name, sex, birthday, phone, ID_number, email, parent_phone, adress, major, state from student_basic where id = ? 
2019-09-24 18:54:11,522 DEBUG (BaseJdbcLogger.java:143)- ====> Parameters: 27822(String)
2019-09-24 18:54:11,522 DEBUG (BaseJdbcLogger.java:143)- <====      Total: 1
2019-09-24 18:54:11,523 DEBUG (BaseJdbcLogger.java:143)- ====>  Preparing: select id, name, sex, birthday, phone, ID_number, email, parent_phone, adress, major, state from student_basic where id = ? 
2019-09-24 18:54:11,523 DEBUG (BaseJdbcLogger.java:143)- ====> Parameters: 27824(String)
2019-09-24 18:54:11,524 DEBUG (BaseJdbcLogger.java:143)- <====      Total: 1
2019-09-24 18:54:11,524 DEBUG (BaseJdbcLogger.java:143)- ====>  Preparing: select id, name, sex, birthday, phone, ID_number, email, parent_phone, adress, major, state from student_basic where id = ? 
2019-09-24 18:54:11,524 DEBUG (BaseJdbcLogger.java:143)- ====> Parameters: 27825(String)
2019-09-24 18:54:11,525 DEBUG (BaseJdbcLogger.java:143)- <====      Total: 1
2019-09-24 18:54:11,525 DEBUG (BaseJdbcLogger.java:143)- ====>  Preparing: select id, name, sex, birthday, phone, ID_number, email, parent_phone, adress, major, state from student_basic where id = ? 
2019-09-24 18:54:11,527 DEBUG (BaseJdbcLogger.java:143)- ====> Parameters: 27826(String)
2019-09-24 18:54:11,527 DEBUG (BaseJdbcLogger.java:143)- <====      Total: 1
2019-09-24 18:54:11,527 DEBUG (BaseJdbcLogger.java:143)- ====>  Preparing: select id, name, sex, birthday, phone, ID_number, email, parent_phone, adress, major, state from student_basic where id = ? 
2019-09-24 18:54:11,528 DEBUG (BaseJdbcLogger.java:143)- ====> Parameters: 27827(String)
2019-09-24 18:54:11,528 DEBUG (BaseJdbcLogger.java:143)- <====      Total: 1
2019-09-24 18:54:11,528 DEBUG (BaseJdbcLogger.java:143)- ====>  Preparing: select id, name, sex, birthday, phone, ID_number, email, parent_phone, adress, major, state from student_basic where id = ? 
2019-09-24 18:54:11,528 DEBUG (BaseJdbcLogger.java:143)- ====> Parameters: 27828(String)
2019-09-24 18:54:11,530 DEBUG (BaseJdbcLogger.java:143)- <====      Total: 1
2019-09-24 18:54:11,530 DEBUG (BaseJdbcLogger.java:143)- ====>  Preparing: select id, name, sex, birthday, phone, ID_number, email, parent_phone, adress, major, state from student_basic where id = ? 
2019-09-24 18:54:11,531 DEBUG (BaseJdbcLogger.java:143)- ====> Parameters: 27835(String)
2019-09-24 18:54:11,533 DEBUG (BaseJdbcLogger.java:143)- <====      Total: 1
2019-09-24 18:54:11,533 DEBUG (BaseJdbcLogger.java:143)- ====>  Preparing: select id, name, sex, birthday, phone, ID_number, email, parent_phone, adress, major, state from student_basic where id = ? 
2019-09-24 18:54:11,533 DEBUG (BaseJdbcLogger.java:143)- ====> Parameters: 27838(String)
2019-09-24 18:54:11,534 DEBUG (BaseJdbcLogger.java:143)- <====      Total: 1
2019-09-24 18:54:11,535 DEBUG (BaseJdbcLogger.java:143)- ====>  Preparing: select id, name, sex, birthday, phone, ID_number, email, parent_phone, adress, major, state from student_basic where id = ? 
2019-09-24 18:54:11,535 DEBUG (BaseJdbcLogger.java:143)- ====> Parameters: 27839(String)
2019-09-24 18:54:11,536 DEBUG (BaseJdbcLogger.java:143)- <====      Total: 1
2019-09-24 18:54:11,537 DEBUG (BaseJdbcLogger.java:143)- ====>  Preparing: select id, name, sex, birthday, phone, ID_number, email, parent_phone, adress, major, state from student_basic where id = ? 
2019-09-24 18:54:11,537 DEBUG (BaseJdbcLogger.java:143)- ====> Parameters: 27844(String)
2019-09-24 18:54:11,538 DEBUG (BaseJdbcLogger.java:143)- <====      Total: 1
2019-09-24 18:54:11,538 DEBUG (BaseJdbcLogger.java:143)- ====>  Preparing: select id, name, sex, birthday, phone, ID_number, email, parent_phone, adress, major, state from student_basic where id = ? 
2019-09-24 18:54:11,538 DEBUG (BaseJdbcLogger.java:143)- ====> Parameters: 27845(String)
2019-09-24 18:54:11,539 DEBUG (BaseJdbcLogger.java:143)- <====      Total: 1
2019-09-24 18:54:11,540 DEBUG (BaseJdbcLogger.java:143)- ====>  Preparing: select id, name, sex, birthday, phone, ID_number, email, parent_phone, adress, major, state from student_basic where id = ? 
2019-09-24 18:54:11,540 DEBUG (BaseJdbcLogger.java:143)- ====> Parameters: 27846(String)
2019-09-24 18:54:11,540 DEBUG (BaseJdbcLogger.java:143)- <====      Total: 1
2019-09-24 18:54:11,541 DEBUG (BaseJdbcLogger.java:143)- ====>  Preparing: select id, name, sex, birthday, phone, ID_number, email, parent_phone, adress, major, state from student_basic where id = ? 
2019-09-24 18:54:11,541 DEBUG (BaseJdbcLogger.java:143)- ====> Parameters: 27848(String)
2019-09-24 18:54:11,542 DEBUG (BaseJdbcLogger.java:143)- <====      Total: 1
2019-09-24 18:54:11,542 DEBUG (BaseJdbcLogger.java:143)- ====>  Preparing: select id, name, sex, birthday, phone, ID_number, email, parent_phone, adress, major, state from student_basic where id = ? 
2019-09-24 18:54:11,543 DEBUG (BaseJdbcLogger.java:143)- ====> Parameters: 27852(String)
2019-09-24 18:54:11,543 DEBUG (BaseJdbcLogger.java:143)- <====      Total: 1
2019-09-24 18:54:11,544 DEBUG (BaseJdbcLogger.java:143)- ====>  Preparing: select id, name, sex, birthday, phone, ID_number, email, parent_phone, adress, major, state from student_basic where id = ? 
2019-09-24 18:54:11,544 DEBUG (BaseJdbcLogger.java:143)- ====> Parameters: 27855(String)
2019-09-24 18:54:11,545 DEBUG (BaseJdbcLogger.java:143)- <====      Total: 1
2019-09-24 18:54:11,546 DEBUG (BaseJdbcLogger.java:143)- ====>  Preparing: select id, name, sex, birthday, phone, ID_number, email, parent_phone, adress, major, state from student_basic where id = ? 
2019-09-24 18:54:11,546 DEBUG (BaseJdbcLogger.java:143)- ====> Parameters: 27856(String)
2019-09-24 18:54:11,547 DEBUG (BaseJdbcLogger.java:143)- <====      Total: 1
2019-09-24 18:54:11,548 DEBUG (BaseJdbcLogger.java:143)- <==      Total: 124
2019-09-24 18:54:11,549 DEBUG (BaseJdbcLogger.java:143)- ==>  Preparing: select student_status.id, student_status.basic_id, student_status.student_id, student_status.class_id from student_status,student_basic where student_status.basic_id=student_basic.id and student_basic.sex=? and student_basic.major=? and student_status.class_id='0' 
2019-09-24 18:54:11,549 DEBUG (BaseJdbcLogger.java:143)- ==> Parameters: 女(String), 工业设计(String)
2019-09-24 18:54:11,553 DEBUG (BaseJdbcLogger.java:143)- ====>  Preparing: select id, name, sex, birthday, phone, ID_number, email, parent_phone, adress, major, state from student_basic where id = ? 
2019-09-24 18:54:11,554 DEBUG (BaseJdbcLogger.java:143)- ====> Parameters: 27612(String)
2019-09-24 18:54:11,554 DEBUG (BaseJdbcLogger.java:143)- <====      Total: 1
2019-09-24 18:54:11,555 DEBUG (BaseJdbcLogger.java:143)- ====>  Preparing: select id, class_id, name, director, grade, major_id from class WHERE class_id = ? 
2019-09-24 18:54:11,555 DEBUG (BaseJdbcLogger.java:143)- ====> Parameters: 0(String)
2019-09-24 18:54:11,555 DEBUG (BaseJdbcLogger.java:143)- <====      Total: 0
2019-09-24 18:54:11,556 DEBUG (BaseJdbcLogger.java:143)- ====>  Preparing: select id, name, sex, birthday, phone, ID_number, email, parent_phone, adress, major, state from student_basic where id = ? 
2019-09-24 18:54:11,556 DEBUG (BaseJdbcLogger.java:143)- ====> Parameters: 27614(String)
2019-09-24 18:54:11,557 DEBUG (BaseJdbcLogger.java:143)- <====      Total: 1
2019-09-24 18:54:11,557 DEBUG (BaseJdbcLogger.java:143)- ====>  Preparing: select id, name, sex, birthday, phone, ID_number, email, parent_phone, adress, major, state from student_basic where id = ? 
2019-09-24 18:54:11,557 DEBUG (BaseJdbcLogger.java:143)- ====> Parameters: 27615(String)
2019-09-24 18:54:11,558 DEBUG (BaseJdbcLogger.java:143)- <====      Total: 1
2019-09-24 18:54:11,558 DEBUG (BaseJdbcLogger.java:143)- ====>  Preparing: select id, name, sex, birthday, phone, ID_number, email, parent_phone, adress, major, state from student_basic where id = ? 
2019-09-24 18:54:11,558 DEBUG (BaseJdbcLogger.java:143)- ====> Parameters: 27617(String)
2019-09-24 18:54:11,559 DEBUG (BaseJdbcLogger.java:143)- <====      Total: 1
2019-09-24 18:54:11,560 DEBUG (BaseJdbcLogger.java:143)- ====>  Preparing: select id, name, sex, birthday, phone, ID_number, email, parent_phone, adress, major, state from student_basic where id = ? 
2019-09-24 18:54:11,560 DEBUG (BaseJdbcLogger.java:143)- ====> Parameters: 27620(String)
2019-09-24 18:54:11,561 DEBUG (BaseJdbcLogger.java:143)- <====      Total: 1
2019-09-24 18:54:11,562 DEBUG (BaseJdbcLogger.java:143)- ====>  Preparing: select id, name, sex, birthday, phone, ID_number, email, parent_phone, adress, major, state from student_basic where id = ? 
2019-09-24 18:54:11,562 DEBUG (BaseJdbcLogger.java:143)- ====> Parameters: 27624(String)
2019-09-24 18:54:11,562 DEBUG (BaseJdbcLogger.java:143)- <====      Total: 1
2019-09-24 18:54:11,563 DEBUG (BaseJdbcLogger.java:143)- ====>  Preparing: select id, name, sex, birthday, phone, ID_number, email, parent_phone, adress, major, state from student_basic where id = ? 
2019-09-24 18:54:11,563 DEBUG (BaseJdbcLogger.java:143)- ====> Parameters: 27626(String)
2019-09-24 18:54:11,565 DEBUG (BaseJdbcLogger.java:143)- <====      Total: 1
2019-09-24 18:54:11,565 DEBUG (BaseJdbcLogger.java:143)- ====>  Preparing: select id, name, sex, birthday, phone, ID_number, email, parent_phone, adress, major, state from student_basic where id = ? 
2019-09-24 18:54:11,566 DEBUG (BaseJdbcLogger.java:143)- ====> Parameters: 27628(String)
2019-09-24 18:54:11,566 DEBUG (BaseJdbcLogger.java:143)- <====      Total: 1
2019-09-24 18:54:11,566 DEBUG (BaseJdbcLogger.java:143)- ====>  Preparing: select id, name, sex, birthday, phone, ID_number, email, parent_phone, adress, major, state from student_basic where id = ? 
2019-09-24 18:54:11,567 DEBUG (BaseJdbcLogger.java:143)- ====> Parameters: 27631(String)
2019-09-24 18:54:11,567 DEBUG (BaseJdbcLogger.java:143)- <====      Total: 1
2019-09-24 18:54:11,568 DEBUG (BaseJdbcLogger.java:143)- ====>  Preparing: select id, name, sex, birthday, phone, ID_number, email, parent_phone, adress, major, state from student_basic where id = ? 
2019-09-24 18:54:11,568 DEBUG (BaseJdbcLogger.java:143)- ====> Parameters: 27633(String)
2019-09-24 18:54:11,569 DEBUG (BaseJdbcLogger.java:143)- <====      Total: 1
2019-09-24 18:54:11,569 DEBUG (BaseJdbcLogger.java:143)- ====>  Preparing: select id, name, sex, birthday, phone, ID_number, email, parent_phone, adress, major, state from student_basic where id = ? 
2019-09-24 18:54:11,569 DEBUG (BaseJdbcLogger.java:143)- ====> Parameters: 27635(String)
2019-09-24 18:54:11,570 DEBUG (BaseJdbcLogger.java:143)- <====      Total: 1
2019-09-24 18:54:11,570 DEBUG (BaseJdbcLogger.java:143)- ====>  Preparing: select id, name, sex, birthday, phone, ID_number, email, parent_phone, adress, major, state from student_basic where id = ? 
2019-09-24 18:54:11,571 DEBUG (BaseJdbcLogger.java:143)- ====> Parameters: 27637(String)
2019-09-24 18:54:11,571 DEBUG (BaseJdbcLogger.java:143)- <====      Total: 1
2019-09-24 18:54:11,571 DEBUG (BaseJdbcLogger.java:143)- ====>  Preparing: select id, name, sex, birthday, phone, ID_number, email, parent_phone, adress, major, state from student_basic where id = ? 
2019-09-24 18:54:11,572 DEBUG (BaseJdbcLogger.java:143)- ====> Parameters: 27638(String)
2019-09-24 18:54:11,572 DEBUG (BaseJdbcLogger.java:143)- <====      Total: 1
2019-09-24 18:54:11,573 DEBUG (BaseJdbcLogger.java:143)- ====>  Preparing: select id, name, sex, birthday, phone, ID_number, email, parent_phone, adress, major, state from student_basic where id = ? 
2019-09-24 18:54:11,573 DEBUG (BaseJdbcLogger.java:143)- ====> Parameters: 27640(String)
2019-09-24 18:54:11,573 DEBUG (BaseJdbcLogger.java:143)- <====      Total: 1
2019-09-24 18:54:11,574 DEBUG (BaseJdbcLogger.java:143)- ====>  Preparing: select id, name, sex, birthday, phone, ID_number, email, parent_phone, adress, major, state from student_basic where id = ? 
2019-09-24 18:54:11,574 DEBUG (BaseJdbcLogger.java:143)- ====> Parameters: 27643(String)
2019-09-24 18:54:11,575 DEBUG (BaseJdbcLogger.java:143)- <====      Total: 1
2019-09-24 18:54:11,575 DEBUG (BaseJdbcLogger.java:143)- ====>  Preparing: select id, name, sex, birthday, phone, ID_number, email, parent_phone, adress, major, state from student_basic where id = ? 
2019-09-24 18:54:11,575 DEBUG (BaseJdbcLogger.java:143)- ====> Parameters: 27644(String)
2019-09-24 18:54:11,576 DEBUG (BaseJdbcLogger.java:143)- <====      Total: 1
2019-09-24 18:54:11,576 DEBUG (BaseJdbcLogger.java:143)- ====>  Preparing: select id, name, sex, birthday, phone, ID_number, email, parent_phone, adress, major, state from student_basic where id = ? 
2019-09-24 18:54:11,577 DEBUG (BaseJdbcLogger.java:143)- ====> Parameters: 27646(String)
2019-09-24 18:54:11,577 DEBUG (BaseJdbcLogger.java:143)- <====      Total: 1
2019-09-24 18:54:11,578 DEBUG (BaseJdbcLogger.java:143)- ====>  Preparing: select id, name, sex, birthday, phone, ID_number, email, parent_phone, adress, major, state from student_basic where id = ? 
2019-09-24 18:54:11,578 DEBUG (BaseJdbcLogger.java:143)- ====> Parameters: 27647(String)
2019-09-24 18:54:11,578 DEBUG (BaseJdbcLogger.java:143)- <====      Total: 1
2019-09-24 18:54:11,579 DEBUG (BaseJdbcLogger.java:143)- ====>  Preparing: select id, name, sex, birthday, phone, ID_number, email, parent_phone, adress, major, state from student_basic where id = ? 
2019-09-24 18:54:11,580 DEBUG (BaseJdbcLogger.java:143)- ====> Parameters: 27648(String)
2019-09-24 18:54:11,581 DEBUG (BaseJdbcLogger.java:143)- <====      Total: 1
2019-09-24 18:54:11,581 DEBUG (BaseJdbcLogger.java:143)- ====>  Preparing: select id, name, sex, birthday, phone, ID_number, email, parent_phone, adress, major, state from student_basic where id = ? 
2019-09-24 18:54:11,581 DEBUG (BaseJdbcLogger.java:143)- ====> Parameters: 27651(String)
2019-09-24 18:54:11,582 DEBUG (BaseJdbcLogger.java:143)- <====      Total: 1
2019-09-24 18:54:11,582 DEBUG (BaseJdbcLogger.java:143)- ====>  Preparing: select id, name, sex, birthday, phone, ID_number, email, parent_phone, adress, major, state from student_basic where id = ? 
2019-09-24 18:54:11,583 DEBUG (BaseJdbcLogger.java:143)- ====> Parameters: 27654(String)
2019-09-24 18:54:11,583 DEBUG (BaseJdbcLogger.java:143)- <====      Total: 1
2019-09-24 18:54:11,584 DEBUG (BaseJdbcLogger.java:143)- ====>  Preparing: select id, name, sex, birthday, phone, ID_number, email, parent_phone, adress, major, state from student_basic where id = ? 
2019-09-24 18:54:11,584 DEBUG (BaseJdbcLogger.java:143)- ====> Parameters: 27656(String)
2019-09-24 18:54:11,585 DEBUG (BaseJdbcLogger.java:143)- <====      Total: 1
2019-09-24 18:54:11,585 DEBUG (BaseJdbcLogger.java:143)- ====>  Preparing: select id, name, sex, birthday, phone, ID_number, email, parent_phone, adress, major, state from student_basic where id = ? 
2019-09-24 18:54:11,585 DEBUG (BaseJdbcLogger.java:143)- ====> Parameters: 27659(String)
2019-09-24 18:54:11,586 DEBUG (BaseJdbcLogger.java:143)- <====      Total: 1
2019-09-24 18:54:11,586 DEBUG (BaseJdbcLogger.java:143)- ====>  Preparing: select id, name, sex, birthday, phone, ID_number, email, parent_phone, adress, major, state from student_basic where id = ? 
2019-09-24 18:54:11,587 DEBUG (BaseJdbcLogger.java:143)- ====> Parameters: 27664(String)
2019-09-24 18:54:11,587 DEBUG (BaseJdbcLogger.java:143)- <====      Total: 1
2019-09-24 18:54:11,587 DEBUG (BaseJdbcLogger.java:143)- ====>  Preparing: select id, name, sex, birthday, phone, ID_number, email, parent_phone, adress, major, state from student_basic where id = ? 
2019-09-24 18:54:11,588 DEBUG (BaseJdbcLogger.java:143)- ====> Parameters: 27666(String)
2019-09-24 18:54:11,588 DEBUG (BaseJdbcLogger.java:143)- <====      Total: 1
2019-09-24 18:54:11,589 DEBUG (BaseJdbcLogger.java:143)- ====>  Preparing: select id, name, sex, birthday, phone, ID_number, email, parent_phone, adress, major, state from student_basic where id = ? 
2019-09-24 18:54:11,589 DEBUG (BaseJdbcLogger.java:143)- ====> Parameters: 27667(String)
2019-09-24 18:54:11,589 DEBUG (BaseJdbcLogger.java:143)- <====      Total: 1
2019-09-24 18:54:11,590 DEBUG (BaseJdbcLogger.java:143)- ====>  Preparing: select id, name, sex, birthday, phone, ID_number, email, parent_phone, adress, major, state from student_basic where id = ? 
2019-09-24 18:54:11,590 DEBUG (BaseJdbcLogger.java:143)- ====> Parameters: 27670(String)
2019-09-24 18:54:11,591 DEBUG (BaseJdbcLogger.java:143)- <====      Total: 1
2019-09-24 18:54:11,591 DEBUG (BaseJdbcLogger.java:143)- ====>  Preparing: select id, name, sex, birthday, phone, ID_number, email, parent_phone, adress, major, state from student_basic where id = ? 
2019-09-24 18:54:11,591 DEBUG (BaseJdbcLogger.java:143)- ====> Parameters: 27672(String)
2019-09-24 18:54:11,592 DEBUG (BaseJdbcLogger.java:143)- <====      Total: 1
2019-09-24 18:54:11,592 DEBUG (BaseJdbcLogger.java:143)- ====>  Preparing: select id, name, sex, birthday, phone, ID_number, email, parent_phone, adress, major, state from student_basic where id = ? 
2019-09-24 18:54:11,593 DEBUG (BaseJdbcLogger.java:143)- ====> Parameters: 27675(String)
2019-09-24 18:54:11,593 DEBUG (BaseJdbcLogger.java:143)- <====      Total: 1
2019-09-24 18:54:11,594 DEBUG (BaseJdbcLogger.java:143)- ====>  Preparing: select id, name, sex, birthday, phone, ID_number, email, parent_phone, adress, major, state from student_basic where id = ? 
2019-09-24 18:54:11,594 DEBUG (BaseJdbcLogger.java:143)- ====> Parameters: 27676(String)
2019-09-24 18:54:11,594 DEBUG (BaseJdbcLogger.java:143)- <====      Total: 1
2019-09-24 18:54:11,595 DEBUG (BaseJdbcLogger.java:143)- ====>  Preparing: select id, name, sex, birthday, phone, ID_number, email, parent_phone, adress, major, state from student_basic where id = ? 
2019-09-24 18:54:11,595 DEBUG (BaseJdbcLogger.java:143)- ====> Parameters: 27678(String)
2019-09-24 18:54:11,596 DEBUG (BaseJdbcLogger.java:143)- <====      Total: 1
2019-09-24 18:54:11,596 DEBUG (BaseJdbcLogger.java:143)- ====>  Preparing: select id, name, sex, birthday, phone, ID_number, email, parent_phone, adress, major, state from student_basic where id = ? 
2019-09-24 18:54:11,597 DEBUG (BaseJdbcLogger.java:143)- ====> Parameters: 27680(String)
2019-09-24 18:54:11,597 DEBUG (BaseJdbcLogger.java:143)- <====      Total: 1
2019-09-24 18:54:11,597 DEBUG (BaseJdbcLogger.java:143)- ====>  Preparing: select id, name, sex, birthday, phone, ID_number, email, parent_phone, adress, major, state from student_basic where id = ? 
2019-09-24 18:54:11,598 DEBUG (BaseJdbcLogger.java:143)- ====> Parameters: 27681(String)
2019-09-24 18:54:11,598 DEBUG (BaseJdbcLogger.java:143)- <====      Total: 1
2019-09-24 18:54:11,599 DEBUG (BaseJdbcLogger.java:143)- ====>  Preparing: select id, name, sex, birthday, phone, ID_number, email, parent_phone, adress, major, state from student_basic where id = ? 
2019-09-24 18:54:11,599 DEBUG (BaseJdbcLogger.java:143)- ====> Parameters: 27682(String)
2019-09-24 18:54:11,599 DEBUG (BaseJdbcLogger.java:143)- <====      Total: 1
2019-09-24 18:54:11,600 DEBUG (BaseJdbcLogger.java:143)- ====>  Preparing: select id, name, sex, birthday, phone, ID_number, email, parent_phone, adress, major, state from student_basic where id = ? 
2019-09-24 18:54:11,601 DEBUG (BaseJdbcLogger.java:143)- ====> Parameters: 27684(String)
2019-09-24 18:54:11,601 DEBUG (BaseJdbcLogger.java:143)- <====      Total: 1
2019-09-24 18:54:11,602 DEBUG (BaseJdbcLogger.java:143)- ====>  Preparing: select id, name, sex, birthday, phone, ID_number, email, parent_phone, adress, major, state from student_basic where id = ? 
2019-09-24 18:54:11,602 DEBUG (BaseJdbcLogger.java:143)- ====> Parameters: 27685(String)
2019-09-24 18:54:11,602 DEBUG (BaseJdbcLogger.java:143)- <====      Total: 1
2019-09-24 18:54:11,603 DEBUG (BaseJdbcLogger.java:143)- ====>  Preparing: select id, name, sex, birthday, phone, ID_number, email, parent_phone, adress, major, state from student_basic where id = ? 
2019-09-24 18:54:11,603 DEBUG (BaseJdbcLogger.java:143)- ====> Parameters: 27686(String)
2019-09-24 18:54:11,604 DEBUG (BaseJdbcLogger.java:143)- <====      Total: 1
2019-09-24 18:54:11,604 DEBUG (BaseJdbcLogger.java:143)- ====>  Preparing: select id, name, sex, birthday, phone, ID_number, email, parent_phone, adress, major, state from student_basic where id = ? 
2019-09-24 18:54:11,604 DEBUG (BaseJdbcLogger.java:143)- ====> Parameters: 27687(String)
2019-09-24 18:54:11,605 DEBUG (BaseJdbcLogger.java:143)- <====      Total: 1
2019-09-24 18:54:11,605 DEBUG (BaseJdbcLogger.java:143)- ====>  Preparing: select id, name, sex, birthday, phone, ID_number, email, parent_phone, adress, major, state from student_basic where id = ? 
2019-09-24 18:54:11,605 DEBUG (BaseJdbcLogger.java:143)- ====> Parameters: 27691(String)
2019-09-24 18:54:11,606 DEBUG (BaseJdbcLogger.java:143)- <====      Total: 1
2019-09-24 18:54:11,606 DEBUG (BaseJdbcLogger.java:143)- ====>  Preparing: select id, name, sex, birthday, phone, ID_number, email, parent_phone, adress, major, state from student_basic where id = ? 
2019-09-24 18:54:11,606 DEBUG (BaseJdbcLogger.java:143)- ====> Parameters: 27692(String)
2019-09-24 18:54:11,607 DEBUG (BaseJdbcLogger.java:143)- <====      Total: 1
2019-09-24 18:54:11,607 DEBUG (BaseJdbcLogger.java:143)- ====>  Preparing: select id, name, sex, birthday, phone, ID_number, email, parent_phone, adress, major, state from student_basic where id = ? 
2019-09-24 18:54:11,608 DEBUG (BaseJdbcLogger.java:143)- ====> Parameters: 27694(String)
2019-09-24 18:54:11,608 DEBUG (BaseJdbcLogger.java:143)- <====      Total: 1
2019-09-24 18:54:11,609 DEBUG (BaseJdbcLogger.java:143)- ====>  Preparing: select id, name, sex, birthday, phone, ID_number, email, parent_phone, adress, major, state from student_basic where id = ? 
2019-09-24 18:54:11,610 DEBUG (BaseJdbcLogger.java:143)- ====> Parameters: 27695(String)
2019-09-24 18:54:11,611 DEBUG (BaseJdbcLogger.java:143)- <====      Total: 1
2019-09-24 18:54:11,611 DEBUG (BaseJdbcLogger.java:143)- ====>  Preparing: select id, name, sex, birthday, phone, ID_number, email, parent_phone, adress, major, state from student_basic where id = ? 
2019-09-24 18:54:11,612 DEBUG (BaseJdbcLogger.java:143)- ====> Parameters: 27698(String)
2019-09-24 18:54:11,613 DEBUG (BaseJdbcLogger.java:143)- <====      Total: 1
2019-09-24 18:54:11,613 DEBUG (BaseJdbcLogger.java:143)- ====>  Preparing: select id, name, sex, birthday, phone, ID_number, email, parent_phone, adress, major, state from student_basic where id = ? 
2019-09-24 18:54:11,614 DEBUG (BaseJdbcLogger.java:143)- ====> Parameters: 27699(String)
2019-09-24 18:54:11,615 DEBUG (BaseJdbcLogger.java:143)- <====      Total: 1
2019-09-24 18:54:11,615 DEBUG (BaseJdbcLogger.java:143)- ====>  Preparing: select id, name, sex, birthday, phone, ID_number, email, parent_phone, adress, major, state from student_basic where id = ? 
2019-09-24 18:54:11,615 DEBUG (BaseJdbcLogger.java:143)- ====> Parameters: 27700(String)
2019-09-24 18:54:11,616 DEBUG (BaseJdbcLogger.java:143)- <====      Total: 1
2019-09-24 18:54:11,617 DEBUG (BaseJdbcLogger.java:143)- ====>  Preparing: select id, name, sex, birthday, phone, ID_number, email, parent_phone, adress, major, state from student_basic where id = ? 
2019-09-24 18:54:11,617 DEBUG (BaseJdbcLogger.java:143)- ====> Parameters: 27701(String)
2019-09-24 18:54:11,618 DEBUG (BaseJdbcLogger.java:143)- <====      Total: 1
2019-09-24 18:54:11,618 DEBUG (BaseJdbcLogger.java:143)- ====>  Preparing: select id, name, sex, birthday, phone, ID_number, email, parent_phone, adress, major, state from student_basic where id = ? 
2019-09-24 18:54:11,619 DEBUG (BaseJdbcLogger.java:143)- ====> Parameters: 27706(String)
2019-09-24 18:54:11,619 DEBUG (BaseJdbcLogger.java:143)- <====      Total: 1
2019-09-24 18:54:11,620 DEBUG (BaseJdbcLogger.java:143)- ====>  Preparing: select id, name, sex, birthday, phone, ID_number, email, parent_phone, adress, major, state from student_basic where id = ? 
2019-09-24 18:54:11,620 DEBUG (BaseJdbcLogger.java:143)- ====> Parameters: 27707(String)
2019-09-24 18:54:11,621 DEBUG (BaseJdbcLogger.java:143)- <====      Total: 1
2019-09-24 18:54:11,621 DEBUG (BaseJdbcLogger.java:143)- ====>  Preparing: select id, name, sex, birthday, phone, ID_number, email, parent_phone, adress, major, state from student_basic where id = ? 
2019-09-24 18:54:11,621 DEBUG (BaseJdbcLogger.java:143)- ====> Parameters: 27708(String)
2019-09-24 18:54:11,622 DEBUG (BaseJdbcLogger.java:143)- <====      Total: 1
2019-09-24 18:54:11,622 DEBUG (BaseJdbcLogger.java:143)- ====>  Preparing: select id, name, sex, birthday, phone, ID_number, email, parent_phone, adress, major, state from student_basic where id = ? 
2019-09-24 18:54:11,622 DEBUG (BaseJdbcLogger.java:143)- ====> Parameters: 27711(String)
2019-09-24 18:54:11,623 DEBUG (BaseJdbcLogger.java:143)- <====      Total: 1
2019-09-24 18:54:11,623 DEBUG (BaseJdbcLogger.java:143)- ====>  Preparing: select id, name, sex, birthday, phone, ID_number, email, parent_phone, adress, major, state from student_basic where id = ? 
2019-09-24 18:54:11,624 DEBUG (BaseJdbcLogger.java:143)- ====> Parameters: 27713(String)
2019-09-24 18:54:11,624 DEBUG (BaseJdbcLogger.java:143)- <====      Total: 1
2019-09-24 18:54:11,625 DEBUG (BaseJdbcLogger.java:143)- ====>  Preparing: select id, name, sex, birthday, phone, ID_number, email, parent_phone, adress, major, state from student_basic where id = ? 
2019-09-24 18:54:11,625 DEBUG (BaseJdbcLogger.java:143)- ====> Parameters: 27714(String)
2019-09-24 18:54:11,626 DEBUG (BaseJdbcLogger.java:143)- <====      Total: 1
2019-09-24 18:54:11,627 DEBUG (BaseJdbcLogger.java:143)- ====>  Preparing: select id, name, sex, birthday, phone, ID_number, email, parent_phone, adress, major, state from student_basic where id = ? 
2019-09-24 18:54:11,627 DEBUG (BaseJdbcLogger.java:143)- ====> Parameters: 27717(String)
2019-09-24 18:54:11,628 DEBUG (BaseJdbcLogger.java:143)- <====      Total: 1
2019-09-24 18:54:11,628 DEBUG (BaseJdbcLogger.java:143)- ====>  Preparing: select id, name, sex, birthday, phone, ID_number, email, parent_phone, adress, major, state from student_basic where id = ? 
2019-09-24 18:54:11,628 DEBUG (BaseJdbcLogger.java:143)- ====> Parameters: 27719(String)
2019-09-24 18:54:11,629 DEBUG (BaseJdbcLogger.java:143)- <====      Total: 1
2019-09-24 18:54:11,629 DEBUG (BaseJdbcLogger.java:143)- ====>  Preparing: select id, name, sex, birthday, phone, ID_number, email, parent_phone, adress, major, state from student_basic where id = ? 
2019-09-24 18:54:11,629 DEBUG (BaseJdbcLogger.java:143)- ====> Parameters: 27720(String)
2019-09-24 18:54:11,631 DEBUG (BaseJdbcLogger.java:143)- <====      Total: 1
2019-09-24 18:54:11,631 DEBUG (BaseJdbcLogger.java:143)- ====>  Preparing: select id, name, sex, birthday, phone, ID_number, email, parent_phone, adress, major, state from student_basic where id = ? 
2019-09-24 18:54:11,631 DEBUG (BaseJdbcLogger.java:143)- ====> Parameters: 27721(String)
2019-09-24 18:54:11,632 DEBUG (BaseJdbcLogger.java:143)- <====      Total: 1
2019-09-24 18:54:11,633 DEBUG (BaseJdbcLogger.java:143)- ====>  Preparing: select id, name, sex, birthday, phone, ID_number, email, parent_phone, adress, major, state from student_basic where id = ? 
2019-09-24 18:54:11,633 DEBUG (BaseJdbcLogger.java:143)- ====> Parameters: 27722(String)
2019-09-24 18:54:11,634 DEBUG (BaseJdbcLogger.java:143)- <====      Total: 1
2019-09-24 18:54:11,634 DEBUG (BaseJdbcLogger.java:143)- ====>  Preparing: select id, name, sex, birthday, phone, ID_number, email, parent_phone, adress, major, state from student_basic where id = ? 
2019-09-24 18:54:11,635 DEBUG (BaseJdbcLogger.java:143)- ====> Parameters: 27724(String)
2019-09-24 18:54:11,635 DEBUG (BaseJdbcLogger.java:143)- <====      Total: 1
2019-09-24 18:54:11,635 DEBUG (BaseJdbcLogger.java:143)- ====>  Preparing: select id, name, sex, birthday, phone, ID_number, email, parent_phone, adress, major, state from student_basic where id = ? 
2019-09-24 18:54:11,636 DEBUG (BaseJdbcLogger.java:143)- ====> Parameters: 27725(String)
2019-09-24 18:54:11,636 DEBUG (BaseJdbcLogger.java:143)- <====      Total: 1
2019-09-24 18:54:11,637 DEBUG (BaseJdbcLogger.java:143)- ====>  Preparing: select id, name, sex, birthday, phone, ID_number, email, parent_phone, adress, major, state from student_basic where id = ? 
2019-09-24 18:54:11,637 DEBUG (BaseJdbcLogger.java:143)- ====> Parameters: 27727(String)
2019-09-24 18:54:11,637 DEBUG (BaseJdbcLogger.java:143)- <====      Total: 1
2019-09-24 18:54:11,638 DEBUG (BaseJdbcLogger.java:143)- ====>  Preparing: select id, name, sex, birthday, phone, ID_number, email, parent_phone, adress, major, state from student_basic where id = ? 
2019-09-24 18:54:11,638 DEBUG (BaseJdbcLogger.java:143)- ====> Parameters: 27729(String)
2019-09-24 18:54:11,639 DEBUG (BaseJdbcLogger.java:143)- <====      Total: 1
2019-09-24 18:54:11,639 DEBUG (BaseJdbcLogger.java:143)- ====>  Preparing: select id, name, sex, birthday, phone, ID_number, email, parent_phone, adress, major, state from student_basic where id = ? 
2019-09-24 18:54:11,640 DEBUG (BaseJdbcLogger.java:143)- ====> Parameters: 27730(String)
2019-09-24 18:54:11,640 DEBUG (BaseJdbcLogger.java:143)- <====      Total: 1
2019-09-24 18:54:11,641 DEBUG (BaseJdbcLogger.java:143)- ====>  Preparing: select id, name, sex, birthday, phone, ID_number, email, parent_phone, adress, major, state from student_basic where id = ? 
2019-09-24 18:54:11,641 DEBUG (BaseJdbcLogger.java:143)- ====> Parameters: 27733(String)
2019-09-24 18:54:11,642 DEBUG (BaseJdbcLogger.java:143)- <====      Total: 1
2019-09-24 18:54:11,642 DEBUG (BaseJdbcLogger.java:143)- ====>  Preparing: select id, name, sex, birthday, phone, ID_number, email, parent_phone, adress, major, state from student_basic where id = ? 
2019-09-24 18:54:11,642 DEBUG (BaseJdbcLogger.java:143)- ====> Parameters: 27735(String)
2019-09-24 18:54:11,643 DEBUG (BaseJdbcLogger.java:143)- <====      Total: 1
2019-09-24 18:54:11,643 DEBUG (BaseJdbcLogger.java:143)- ====>  Preparing: select id, name, sex, birthday, phone, ID_number, email, parent_phone, adress, major, state from student_basic where id = ? 
2019-09-24 18:54:11,643 DEBUG (BaseJdbcLogger.java:143)- ====> Parameters: 27736(String)
2019-09-24 18:54:11,644 DEBUG (BaseJdbcLogger.java:143)- <====      Total: 1
2019-09-24 18:54:11,644 DEBUG (BaseJdbcLogger.java:143)- ====>  Preparing: select id, name, sex, birthday, phone, ID_number, email, parent_phone, adress, major, state from student_basic where id = ? 
2019-09-24 18:54:11,644 DEBUG (BaseJdbcLogger.java:143)- ====> Parameters: 27741(String)
2019-09-24 18:54:11,645 DEBUG (BaseJdbcLogger.java:143)- <====      Total: 1
2019-09-24 18:54:11,645 DEBUG (BaseJdbcLogger.java:143)- ====>  Preparing: select id, name, sex, birthday, phone, ID_number, email, parent_phone, adress, major, state from student_basic where id = ? 
2019-09-24 18:54:11,646 DEBUG (BaseJdbcLogger.java:143)- ====> Parameters: 27742(String)
2019-09-24 18:54:11,646 DEBUG (BaseJdbcLogger.java:143)- <====      Total: 1
2019-09-24 18:54:11,647 DEBUG (BaseJdbcLogger.java:143)- ====>  Preparing: select id, name, sex, birthday, phone, ID_number, email, parent_phone, adress, major, state from student_basic where id = ? 
2019-09-24 18:54:11,647 DEBUG (BaseJdbcLogger.java:143)- ====> Parameters: 27745(String)
2019-09-24 18:54:11,648 DEBUG (BaseJdbcLogger.java:143)- <====      Total: 1
2019-09-24 18:54:11,649 DEBUG (BaseJdbcLogger.java:143)- ====>  Preparing: select id, name, sex, birthday, phone, ID_number, email, parent_phone, adress, major, state from student_basic where id = ? 
2019-09-24 18:54:11,649 DEBUG (BaseJdbcLogger.java:143)- ====> Parameters: 27749(String)
2019-09-24 18:54:11,650 DEBUG (BaseJdbcLogger.java:143)- <====      Total: 1
2019-09-24 18:54:11,650 DEBUG (BaseJdbcLogger.java:143)- ====>  Preparing: select id, name, sex, birthday, phone, ID_number, email, parent_phone, adress, major, state from student_basic where id = ? 
2019-09-24 18:54:11,650 DEBUG (BaseJdbcLogger.java:143)- ====> Parameters: 27750(String)
2019-09-24 18:54:11,651 DEBUG (BaseJdbcLogger.java:143)- <====      Total: 1
2019-09-24 18:54:11,651 DEBUG (BaseJdbcLogger.java:143)- ====>  Preparing: select id, name, sex, birthday, phone, ID_number, email, parent_phone, adress, major, state from student_basic where id = ? 
2019-09-24 18:54:11,651 DEBUG (BaseJdbcLogger.java:143)- ====> Parameters: 27753(String)
2019-09-24 18:54:11,652 DEBUG (BaseJdbcLogger.java:143)- <====      Total: 1
2019-09-24 18:54:11,652 DEBUG (BaseJdbcLogger.java:143)- ====>  Preparing: select id, name, sex, birthday, phone, ID_number, email, parent_phone, adress, major, state from student_basic where id = ? 
2019-09-24 18:54:11,653 DEBUG (BaseJdbcLogger.java:143)- ====> Parameters: 27754(String)
2019-09-24 18:54:11,653 DEBUG (BaseJdbcLogger.java:143)- <====      Total: 1
2019-09-24 18:54:11,653 DEBUG (BaseJdbcLogger.java:143)- ====>  Preparing: select id, name, sex, birthday, phone, ID_number, email, parent_phone, adress, major, state from student_basic where id = ? 
2019-09-24 18:54:11,654 DEBUG (BaseJdbcLogger.java:143)- ====> Parameters: 27756(String)
2019-09-24 18:54:11,654 DEBUG (BaseJdbcLogger.java:143)- <====      Total: 1
2019-09-24 18:54:11,655 DEBUG (BaseJdbcLogger.java:143)- ====>  Preparing: select id, name, sex, birthday, phone, ID_number, email, parent_phone, adress, major, state from student_basic where id = ? 
2019-09-24 18:54:11,655 DEBUG (BaseJdbcLogger.java:143)- ====> Parameters: 27758(String)
2019-09-24 18:54:11,656 DEBUG (BaseJdbcLogger.java:143)- <====      Total: 1
2019-09-24 18:54:11,657 DEBUG (BaseJdbcLogger.java:143)- ====>  Preparing: select id, name, sex, birthday, phone, ID_number, email, parent_phone, adress, major, state from student_basic where id = ? 
2019-09-24 18:54:11,657 DEBUG (BaseJdbcLogger.java:143)- ====> Parameters: 27759(String)
2019-09-24 18:54:11,658 DEBUG (BaseJdbcLogger.java:143)- <====      Total: 1
2019-09-24 18:54:11,658 DEBUG (BaseJdbcLogger.java:143)- ====>  Preparing: select id, name, sex, birthday, phone, ID_number, email, parent_phone, adress, major, state from student_basic where id = ? 
2019-09-24 18:54:11,658 DEBUG (BaseJdbcLogger.java:143)- ====> Parameters: 27760(String)
2019-09-24 18:54:11,659 DEBUG (BaseJdbcLogger.java:143)- <====      Total: 1
2019-09-24 18:54:11,659 DEBUG (BaseJdbcLogger.java:143)- ====>  Preparing: select id, name, sex, birthday, phone, ID_number, email, parent_phone, adress, major, state from student_basic where id = ? 
2019-09-24 18:54:11,659 DEBUG (BaseJdbcLogger.java:143)- ====> Parameters: 27763(String)
2019-09-24 18:54:11,660 DEBUG (BaseJdbcLogger.java:143)- <====      Total: 1
2019-09-24 18:54:11,660 DEBUG (BaseJdbcLogger.java:143)- ====>  Preparing: select id, name, sex, birthday, phone, ID_number, email, parent_phone, adress, major, state from student_basic where id = ? 
2019-09-24 18:54:11,660 DEBUG (BaseJdbcLogger.java:143)- ====> Parameters: 27764(String)
2019-09-24 18:54:11,661 DEBUG (BaseJdbcLogger.java:143)- <====      Total: 1
2019-09-24 18:54:11,661 DEBUG (BaseJdbcLogger.java:143)- ====>  Preparing: select id, name, sex, birthday, phone, ID_number, email, parent_phone, adress, major, state from student_basic where id = ? 
2019-09-24 18:54:11,662 DEBUG (BaseJdbcLogger.java:143)- ====> Parameters: 27768(String)
2019-09-24 18:54:11,662 DEBUG (BaseJdbcLogger.java:143)- <====      Total: 1
2019-09-24 18:54:11,663 DEBUG (BaseJdbcLogger.java:143)- ====>  Preparing: select id, name, sex, birthday, phone, ID_number, email, parent_phone, adress, major, state from student_basic where id = ? 
2019-09-24 18:54:11,664 DEBUG (BaseJdbcLogger.java:143)- ====> Parameters: 27769(String)
2019-09-24 18:54:11,665 DEBUG (BaseJdbcLogger.java:143)- <====      Total: 1
2019-09-24 18:54:11,666 DEBUG (BaseJdbcLogger.java:143)- ====>  Preparing: select id, name, sex, birthday, phone, ID_number, email, parent_phone, adress, major, state from student_basic where id = ? 
2019-09-24 18:54:11,666 DEBUG (BaseJdbcLogger.java:143)- ====> Parameters: 27770(String)
2019-09-24 18:54:11,667 DEBUG (BaseJdbcLogger.java:143)- <====      Total: 1
2019-09-24 18:54:11,667 DEBUG (BaseJdbcLogger.java:143)- ====>  Preparing: select id, name, sex, birthday, phone, ID_number, email, parent_phone, adress, major, state from student_basic where id = ? 
2019-09-24 18:54:11,668 DEBUG (BaseJdbcLogger.java:143)- ====> Parameters: 27771(String)
2019-09-24 18:54:11,668 DEBUG (BaseJdbcLogger.java:143)- <====      Total: 1
2019-09-24 18:54:11,669 DEBUG (BaseJdbcLogger.java:143)- ====>  Preparing: select id, name, sex, birthday, phone, ID_number, email, parent_phone, adress, major, state from student_basic where id = ? 
2019-09-24 18:54:11,669 DEBUG (BaseJdbcLogger.java:143)- ====> Parameters: 27776(String)
2019-09-24 18:54:11,670 DEBUG (BaseJdbcLogger.java:143)- <====      Total: 1
2019-09-24 18:54:11,671 DEBUG (BaseJdbcLogger.java:143)- ====>  Preparing: select id, name, sex, birthday, phone, ID_number, email, parent_phone, adress, major, state from student_basic where id = ? 
2019-09-24 18:54:11,671 DEBUG (BaseJdbcLogger.java:143)- ====> Parameters: 27777(String)
2019-09-24 18:54:11,672 DEBUG (BaseJdbcLogger.java:143)- <====      Total: 1
2019-09-24 18:54:11,672 DEBUG (BaseJdbcLogger.java:143)- ====>  Preparing: select id, name, sex, birthday, phone, ID_number, email, parent_phone, adress, major, state from student_basic where id = ? 
2019-09-24 18:54:11,673 DEBUG (BaseJdbcLogger.java:143)- ====> Parameters: 27779(String)
2019-09-24 18:54:11,673 DEBUG (BaseJdbcLogger.java:143)- <====      Total: 1
2019-09-24 18:54:11,674 DEBUG (BaseJdbcLogger.java:143)- ====>  Preparing: select id, name, sex, birthday, phone, ID_number, email, parent_phone, adress, major, state from student_basic where id = ? 
2019-09-24 18:54:11,674 DEBUG (BaseJdbcLogger.java:143)- ====> Parameters: 27781(String)
2019-09-24 18:54:11,675 DEBUG (BaseJdbcLogger.java:143)- <====      Total: 1
2019-09-24 18:54:11,675 DEBUG (BaseJdbcLogger.java:143)- ====>  Preparing: select id, name, sex, birthday, phone, ID_number, email, parent_phone, adress, major, state from student_basic where id = ? 
2019-09-24 18:54:11,675 DEBUG (BaseJdbcLogger.java:143)- ====> Parameters: 27784(String)
2019-09-24 18:54:11,676 DEBUG (BaseJdbcLogger.java:143)- <====      Total: 1
2019-09-24 18:54:11,676 DEBUG (BaseJdbcLogger.java:143)- ====>  Preparing: select id, name, sex, birthday, phone, ID_number, email, parent_phone, adress, major, state from student_basic where id = ? 
2019-09-24 18:54:11,676 DEBUG (BaseJdbcLogger.java:143)- ====> Parameters: 27785(String)
2019-09-24 18:54:11,677 DEBUG (BaseJdbcLogger.java:143)- <====      Total: 1
2019-09-24 18:54:11,677 DEBUG (BaseJdbcLogger.java:143)- ====>  Preparing: select id, name, sex, birthday, phone, ID_number, email, parent_phone, adress, major, state from student_basic where id = ? 
2019-09-24 18:54:11,677 DEBUG (BaseJdbcLogger.java:143)- ====> Parameters: 27786(String)
2019-09-24 18:54:11,678 DEBUG (BaseJdbcLogger.java:143)- <====      Total: 1
2019-09-24 18:54:11,678 DEBUG (BaseJdbcLogger.java:143)- ====>  Preparing: select id, name, sex, birthday, phone, ID_number, email, parent_phone, adress, major, state from student_basic where id = ? 
2019-09-24 18:54:11,679 DEBUG (BaseJdbcLogger.java:143)- ====> Parameters: 27787(String)
2019-09-24 18:54:11,679 DEBUG (BaseJdbcLogger.java:143)- <====      Total: 1
2019-09-24 18:54:11,680 DEBUG (BaseJdbcLogger.java:143)- ====>  Preparing: select id, name, sex, birthday, phone, ID_number, email, parent_phone, adress, major, state from student_basic where id = ? 
2019-09-24 18:54:11,680 DEBUG (BaseJdbcLogger.java:143)- ====> Parameters: 27788(String)
2019-09-24 18:54:11,681 DEBUG (BaseJdbcLogger.java:143)- <====      Total: 1
2019-09-24 18:54:11,682 DEBUG (BaseJdbcLogger.java:143)- ====>  Preparing: select id, name, sex, birthday, phone, ID_number, email, parent_phone, adress, major, state from student_basic where id = ? 
2019-09-24 18:54:11,682 DEBUG (BaseJdbcLogger.java:143)- ====> Parameters: 27790(String)
2019-09-24 18:54:11,683 DEBUG (BaseJdbcLogger.java:143)- <====      Total: 1
2019-09-24 18:54:11,683 DEBUG (BaseJdbcLogger.java:143)- ====>  Preparing: select id, name, sex, birthday, phone, ID_number, email, parent_phone, adress, major, state from student_basic where id = ? 
2019-09-24 18:54:11,683 DEBUG (BaseJdbcLogger.java:143)- ====> Parameters: 27791(String)
2019-09-24 18:54:11,684 DEBUG (BaseJdbcLogger.java:143)- <====      Total: 1
2019-09-24 18:54:11,684 DEBUG (BaseJdbcLogger.java:143)- ====>  Preparing: select id, name, sex, birthday, phone, ID_number, email, parent_phone, adress, major, state from student_basic where id = ? 
2019-09-24 18:54:11,684 DEBUG (BaseJdbcLogger.java:143)- ====> Parameters: 27794(String)
2019-09-24 18:54:11,685 DEBUG (BaseJdbcLogger.java:143)- <====      Total: 1
2019-09-24 18:54:11,685 DEBUG (BaseJdbcLogger.java:143)- ====>  Preparing: select id, name, sex, birthday, phone, ID_number, email, parent_phone, adress, major, state from student_basic where id = ? 
2019-09-24 18:54:11,685 DEBUG (BaseJdbcLogger.java:143)- ====> Parameters: 27795(String)
2019-09-24 18:54:11,686 DEBUG (BaseJdbcLogger.java:143)- <====      Total: 1
2019-09-24 18:54:11,686 DEBUG (BaseJdbcLogger.java:143)- ====>  Preparing: select id, name, sex, birthday, phone, ID_number, email, parent_phone, adress, major, state from student_basic where id = ? 
2019-09-24 18:54:11,687 DEBUG (BaseJdbcLogger.java:143)- ====> Parameters: 27796(String)
2019-09-24 18:54:11,687 DEBUG (BaseJdbcLogger.java:143)- <====      Total: 1
2019-09-24 18:54:11,687 DEBUG (BaseJdbcLogger.java:143)- ====>  Preparing: select id, name, sex, birthday, phone, ID_number, email, parent_phone, adress, major, state from student_basic where id = ? 
2019-09-24 18:54:11,688 DEBUG (BaseJdbcLogger.java:143)- ====> Parameters: 27797(String)
2019-09-24 18:54:11,689 DEBUG (BaseJdbcLogger.java:143)- <====      Total: 1
2019-09-24 18:54:11,689 DEBUG (BaseJdbcLogger.java:143)- ====>  Preparing: select id, name, sex, birthday, phone, ID_number, email, parent_phone, adress, major, state from student_basic where id = ? 
2019-09-24 18:54:11,689 DEBUG (BaseJdbcLogger.java:143)- ====> Parameters: 27798(String)
2019-09-24 18:54:11,690 DEBUG (BaseJdbcLogger.java:143)- <====      Total: 1
2019-09-24 18:54:11,691 DEBUG (BaseJdbcLogger.java:143)- ====>  Preparing: select id, name, sex, birthday, phone, ID_number, email, parent_phone, adress, major, state from student_basic where id = ? 
2019-09-24 18:54:11,691 DEBUG (BaseJdbcLogger.java:143)- ====> Parameters: 27804(String)
2019-09-24 18:54:11,691 DEBUG (BaseJdbcLogger.java:143)- <====      Total: 1
2019-09-24 18:54:11,692 DEBUG (BaseJdbcLogger.java:143)- ====>  Preparing: select id, name, sex, birthday, phone, ID_number, email, parent_phone, adress, major, state from student_basic where id = ? 
2019-09-24 18:54:11,692 DEBUG (BaseJdbcLogger.java:143)- ====> Parameters: 27806(String)
2019-09-24 18:54:11,692 DEBUG (BaseJdbcLogger.java:143)- <====      Total: 1
2019-09-24 18:54:11,693 DEBUG (BaseJdbcLogger.java:143)- ====>  Preparing: select id, name, sex, birthday, phone, ID_number, email, parent_phone, adress, major, state from student_basic where id = ? 
2019-09-24 18:54:11,693 DEBUG (BaseJdbcLogger.java:143)- ====> Parameters: 27807(String)
2019-09-24 18:54:11,694 DEBUG (BaseJdbcLogger.java:143)- <====      Total: 1
2019-09-24 18:54:11,694 DEBUG (BaseJdbcLogger.java:143)- ====>  Preparing: select id, name, sex, birthday, phone, ID_number, email, parent_phone, adress, major, state from student_basic where id = ? 
2019-09-24 18:54:11,694 DEBUG (BaseJdbcLogger.java:143)- ====> Parameters: 27808(String)
2019-09-24 18:54:11,695 DEBUG (BaseJdbcLogger.java:143)- <====      Total: 1
2019-09-24 18:54:11,695 DEBUG (BaseJdbcLogger.java:143)- ====>  Preparing: select id, name, sex, birthday, phone, ID_number, email, parent_phone, adress, major, state from student_basic where id = ? 
2019-09-24 18:54:11,696 DEBUG (BaseJdbcLogger.java:143)- ====> Parameters: 27809(String)
2019-09-24 18:54:11,696 DEBUG (BaseJdbcLogger.java:143)- <====      Total: 1
2019-09-24 18:54:11,697 DEBUG (BaseJdbcLogger.java:143)- ====>  Preparing: select id, name, sex, birthday, phone, ID_number, email, parent_phone, adress, major, state from student_basic where id = ? 
2019-09-24 18:54:11,698 DEBUG (BaseJdbcLogger.java:143)- ====> Parameters: 27811(String)
2019-09-24 18:54:11,698 DEBUG (BaseJdbcLogger.java:143)- <====      Total: 1
2019-09-24 18:54:11,699 DEBUG (BaseJdbcLogger.java:143)- ====>  Preparing: select id, name, sex, birthday, phone, ID_number, email, parent_phone, adress, major, state from student_basic where id = ? 
2019-09-24 18:54:11,699 DEBUG (BaseJdbcLogger.java:143)- ====> Parameters: 27816(String)
2019-09-24 18:54:11,700 DEBUG (BaseJdbcLogger.java:143)- <====      Total: 1
2019-09-24 18:54:11,700 DEBUG (BaseJdbcLogger.java:143)- ====>  Preparing: select id, name, sex, birthday, phone, ID_number, email, parent_phone, adress, major, state from student_basic where id = ? 
2019-09-24 18:54:11,701 DEBUG (BaseJdbcLogger.java:143)- ====> Parameters: 27818(String)
2019-09-24 18:54:11,701 DEBUG (BaseJdbcLogger.java:143)- <====      Total: 1
2019-09-24 18:54:11,702 DEBUG (BaseJdbcLogger.java:143)- ====>  Preparing: select id, name, sex, birthday, phone, ID_number, email, parent_phone, adress, major, state from student_basic where id = ? 
2019-09-24 18:54:11,702 DEBUG (BaseJdbcLogger.java:143)- ====> Parameters: 27823(String)
2019-09-24 18:54:11,703 DEBUG (BaseJdbcLogger.java:143)- <====      Total: 1
2019-09-24 18:54:11,703 DEBUG (BaseJdbcLogger.java:143)- ====>  Preparing: select id, name, sex, birthday, phone, ID_number, email, parent_phone, adress, major, state from student_basic where id = ? 
2019-09-24 18:54:11,703 DEBUG (BaseJdbcLogger.java:143)- ====> Parameters: 27829(String)
2019-09-24 18:54:11,704 DEBUG (BaseJdbcLogger.java:143)- <====      Total: 1
2019-09-24 18:54:11,705 DEBUG (BaseJdbcLogger.java:143)- ====>  Preparing: select id, name, sex, birthday, phone, ID_number, email, parent_phone, adress, major, state from student_basic where id = ? 
2019-09-24 18:54:11,705 DEBUG (BaseJdbcLogger.java:143)- ====> Parameters: 27830(String)
2019-09-24 18:54:11,706 DEBUG (BaseJdbcLogger.java:143)- <====      Total: 1
2019-09-24 18:54:11,706 DEBUG (BaseJdbcLogger.java:143)- ====>  Preparing: select id, name, sex, birthday, phone, ID_number, email, parent_phone, adress, major, state from student_basic where id = ? 
2019-09-24 18:54:11,706 DEBUG (BaseJdbcLogger.java:143)- ====> Parameters: 27831(String)
2019-09-24 18:54:11,707 DEBUG (BaseJdbcLogger.java:143)- <====      Total: 1
2019-09-24 18:54:11,707 DEBUG (BaseJdbcLogger.java:143)- ====>  Preparing: select id, name, sex, birthday, phone, ID_number, email, parent_phone, adress, major, state from student_basic where id = ? 
2019-09-24 18:54:11,707 DEBUG (BaseJdbcLogger.java:143)- ====> Parameters: 27832(String)
2019-09-24 18:54:11,708 DEBUG (BaseJdbcLogger.java:143)- <====      Total: 1
2019-09-24 18:54:11,708 DEBUG (BaseJdbcLogger.java:143)- ====>  Preparing: select id, name, sex, birthday, phone, ID_number, email, parent_phone, adress, major, state from student_basic where id = ? 
2019-09-24 18:54:11,709 DEBUG (BaseJdbcLogger.java:143)- ====> Parameters: 27833(String)
2019-09-24 18:54:11,709 DEBUG (BaseJdbcLogger.java:143)- <====      Total: 1
2019-09-24 18:54:11,710 DEBUG (BaseJdbcLogger.java:143)- ====>  Preparing: select id, name, sex, birthday, phone, ID_number, email, parent_phone, adress, major, state from student_basic where id = ? 
