2019-08-22 18:36:29,457 DEBUG (BaseJdbcLogger.java:143)- ====> Parameters: 546(Integer)
2019-08-22 18:36:29,463 DEBUG (BaseJdbcLogger.java:143)- <====      Total: 1
2019-08-22 18:36:29,464 DEBUG (BaseJdbcLogger.java:143)- <==      Total: 10
2019-08-22 18:36:29,468 DEBUG (BaseJdbcLogger.java:143)- ==>  Preparing: SELECT a.* from dormitory_allocation as a ,dormitory as b where a.dormitory_id=b.id and b.sex=? GROUP BY (a.dormitory_id) HAVING COUNT(a.dormitory_id)>1 
2019-08-22 18:36:29,473 DEBUG (BaseJdbcLogger.java:143)- ==> Parameters: 女(String)
2019-08-22 18:36:29,474 DEBUG (BaseJdbcLogger.java:143)- <==      Total: 0
2019-08-22 18:36:29,823 DEBUG (BaseJdbcLogger.java:143)- ==>  Preparing: select id, class_id, name, director, grade, major_id from class 
2019-08-22 18:36:29,827 DEBUG (BaseJdbcLogger.java:143)- ==> Parameters: 
2019-08-22 18:36:29,828 DEBUG (BaseJdbcLogger.java:143)- ====>  Preparing: select id, major_id, name, price, department_id from major where major_id = ? 
2019-08-22 18:36:29,829 DEBUG (BaseJdbcLogger.java:143)- ====> Parameters: 081001(String)
2019-08-22 18:36:29,831 DEBUG (BaseJdbcLogger.java:143)- <====      Total: 1
2019-08-22 18:36:29,832 DEBUG (BaseJdbcLogger.java:143)- ====>  Preparing: select id, major_id, name, price, department_id from major where major_id = ? 
2019-08-22 18:36:29,833 DEBUG (BaseJdbcLogger.java:143)- ====> Parameters: 080205(String)
2019-08-22 18:36:29,834 DEBUG (BaseJdbcLogger.java:143)- <====      Total: 1
2019-08-22 18:36:29,835 DEBUG (BaseJdbcLogger.java:143)- ====>  Preparing: select id, major_id, name, price, department_id from major where major_id = ? 
2019-08-22 18:36:29,836 DEBUG (BaseJdbcLogger.java:143)- ====> Parameters: 130503(String)
2019-08-22 18:36:29,837 DEBUG (BaseJdbcLogger.java:143)- <====      Total: 1
2019-08-22 18:36:29,838 DEBUG (BaseJdbcLogger.java:143)- ====>  Preparing: select id, major_id, name, price, department_id from major where major_id = ? 
2019-08-22 18:36:29,840 DEBUG (BaseJdbcLogger.java:143)- ====> Parameters: 080702(String)
2019-08-22 18:36:29,843 DEBUG (BaseJdbcLogger.java:143)- <====      Total: 1
2019-08-22 18:36:29,845 DEBUG (BaseJdbcLogger.java:143)- ====>  Preparing: select id, major_id, name, price, department_id from major where major_id = ? 
2019-08-22 18:36:29,847 DEBUG (BaseJdbcLogger.java:143)- ====> Parameters: 080901(String)
2019-08-22 18:36:29,849 DEBUG (BaseJdbcLogger.java:143)- <====      Total: 1
2019-08-22 18:36:29,851 DEBUG (BaseJdbcLogger.java:143)- ====>  Preparing: select id, major_id, name, price, department_id from major where major_id = ? 
2019-08-22 18:36:29,853 DEBUG (BaseJdbcLogger.java:143)- ====> Parameters: 080703(String)
2019-08-22 18:36:29,856 DEBUG (BaseJdbcLogger.java:143)- <====      Total: 1
2019-08-22 18:36:29,858 DEBUG (BaseJdbcLogger.java:143)- ====>  Preparing: select id, major_id, name, price, department_id from major where major_id = ? 
2019-08-22 18:36:29,858 DEBUG (BaseJdbcLogger.java:143)- ====> Parameters: 082803(String)
2019-08-22 18:36:29,860 DEBUG (BaseJdbcLogger.java:143)- <====      Total: 1
2019-08-22 18:36:29,862 DEBUG (BaseJdbcLogger.java:143)- <==      Total: 22
2019-08-22 18:36:29,863 DEBUG (BaseJdbcLogger.java:143)- ==>  Preparing: select student_status.id,student_status.basic_id, student_status.student_id, student_status.class_id from student_status,student_basic where student_status.basic_id=student_basic.id and student_basic.sex=? and student_status.class_id=? 
2019-08-22 18:36:29,865 DEBUG (BaseJdbcLogger.java:143)- ==> Parameters: 男(String), 081001201901(String)
2019-08-22 18:36:29,868 DEBUG (BaseJdbcLogger.java:143)- ====>  Preparing: select id, name, sex, birthday, phone, ID_number, email, parent_phone, adress, major, state from student_basic where id = ? 
2019-08-22 18:36:29,869 DEBUG (BaseJdbcLogger.java:143)- ====> Parameters: 12158(String)
2019-08-22 18:36:29,871 DEBUG (BaseJdbcLogger.java:143)- <====      Total: 1
2019-08-22 18:36:29,873 DEBUG (BaseJdbcLogger.java:143)- ====>  Preparing: select id, class_id, name, director, grade, major_id from class where class_id = ? 
2019-08-22 18:36:29,873 DEBUG (BaseJdbcLogger.java:143)- ====> Parameters: 081001201901(String)
2019-08-22 18:36:29,875 DEBUG (BaseJdbcLogger.java:143)- ======>  Preparing: select id, major_id, name, price, department_id from major where major_id = ? 
2019-08-22 18:36:29,876 DEBUG (BaseJdbcLogger.java:143)- ======> Parameters: 081001(String)
2019-08-22 18:36:29,877 DEBUG (BaseJdbcLogger.java:143)- <======      Total: 1
2019-08-22 18:36:29,878 DEBUG (BaseJdbcLogger.java:143)- <====      Total: 1
2019-08-22 18:36:29,880 DEBUG (BaseJdbcLogger.java:143)- ====>  Preparing: select id, name, sex, birthday, phone, ID_number, email, parent_phone, adress, major, state from student_basic where id = ? 
2019-08-22 18:36:29,880 DEBUG (BaseJdbcLogger.java:143)- ====> Parameters: 12162(String)
2019-08-22 18:36:29,884 DEBUG (BaseJdbcLogger.java:143)- <====      Total: 1
2019-08-22 18:36:29,889 DEBUG (BaseJdbcLogger.java:143)- ====>  Preparing: select id, name, sex, birthday, phone, ID_number, email, parent_phone, adress, major, state from student_basic where id = ? 
2019-08-22 18:36:29,891 DEBUG (BaseJdbcLogger.java:143)- ====> Parameters: 12163(String)
2019-08-22 18:36:29,892 DEBUG (BaseJdbcLogger.java:143)- <====      Total: 1
2019-08-22 18:36:29,893 DEBUG (BaseJdbcLogger.java:143)- ====>  Preparing: select id, name, sex, birthday, phone, ID_number, email, parent_phone, adress, major, state from student_basic where id = ? 
2019-08-22 18:36:29,896 DEBUG (BaseJdbcLogger.java:143)- ====> Parameters: 12165(String)
2019-08-22 18:36:29,901 DEBUG (BaseJdbcLogger.java:143)- <====      Total: 1
2019-08-22 18:36:29,905 DEBUG (BaseJdbcLogger.java:143)- ====>  Preparing: select id, name, sex, birthday, phone, ID_number, email, parent_phone, adress, major, state from student_basic where id = ? 
2019-08-22 18:36:29,906 DEBUG (BaseJdbcLogger.java:143)- ====> Parameters: 12167(String)
2019-08-22 18:36:29,908 DEBUG (BaseJdbcLogger.java:143)- <====      Total: 1
2019-08-22 18:36:29,909 DEBUG (BaseJdbcLogger.java:143)- ====>  Preparing: select id, name, sex, birthday, phone, ID_number, email, parent_phone, adress, major, state from student_basic where id = ? 
2019-08-22 18:36:29,910 DEBUG (BaseJdbcLogger.java:143)- ====> Parameters: 12168(String)
2019-08-22 18:36:29,915 DEBUG (BaseJdbcLogger.java:143)- <====      Total: 1
2019-08-22 18:36:29,920 DEBUG (BaseJdbcLogger.java:143)- ====>  Preparing: select id, name, sex, birthday, phone, ID_number, email, parent_phone, adress, major, state from student_basic where id = ? 
2019-08-22 18:36:29,922 DEBUG (BaseJdbcLogger.java:143)- ====> Parameters: 12169(String)
2019-08-22 18:36:29,924 DEBUG (BaseJdbcLogger.java:143)- <====      Total: 1
2019-08-22 18:36:29,925 DEBUG (BaseJdbcLogger.java:143)- ====>  Preparing: select id, name, sex, birthday, phone, ID_number, email, parent_phone, adress, major, state from student_basic where id = ? 
2019-08-22 18:36:29,926 DEBUG (BaseJdbcLogger.java:143)- ====> Parameters: 12170(String)
2019-08-22 18:36:29,928 DEBUG (BaseJdbcLogger.java:143)- <====      Total: 1
2019-08-22 18:36:29,930 DEBUG (BaseJdbcLogger.java:143)- ====>  Preparing: select id, name, sex, birthday, phone, ID_number, email, parent_phone, adress, major, state from student_basic where id = ? 
2019-08-22 18:36:29,935 DEBUG (BaseJdbcLogger.java:143)- ====> Parameters: 12174(String)
