2019-09-04 03:51:43,306 DEBUG (BaseJdbcLogger.java:143)- <====      Total: 1
2019-09-04 03:51:43,308 DEBUG (BaseJdbcLogger.java:143)- ====>  Preparing: select id, name, sex, birthday, phone, ID_number, email, parent_phone, adress, major, state from student_basic where id = ? 
2019-09-04 03:51:43,308 DEBUG (BaseJdbcLogger.java:143)- ====> Parameters: 19692(String)
2019-09-04 03:51:43,308 DEBUG (BaseJdbcLogger.java:143)- <====      Total: 1
2019-09-04 03:51:43,309 DEBUG (BaseJdbcLogger.java:143)- ====>  Preparing: select id, name, sex, birthday, phone, ID_number, email, parent_phone, adress, major, state from student_basic where id = ? 
2019-09-04 03:51:43,309 DEBUG (BaseJdbcLogger.java:143)- ====> Parameters: 19693(String)
2019-09-04 03:51:43,310 DEBUG (BaseJdbcLogger.java:143)- <====      Total: 1
2019-09-04 03:51:43,311 DEBUG (BaseJdbcLogger.java:143)- ====>  Preparing: select id, name, sex, birthday, phone, ID_number, email, parent_phone, adress, major, state from student_basic where id = ? 
2019-09-04 03:51:43,311 DEBUG (BaseJdbcLogger.java:143)- ====> Parameters: 19696(String)
2019-09-04 03:51:43,312 DEBUG (BaseJdbcLogger.java:143)- <====      Total: 1
2019-09-04 03:51:43,313 DEBUG (BaseJdbcLogger.java:143)- ====>  Preparing: select id, name, sex, birthday, phone, ID_number, email, parent_phone, adress, major, state from student_basic where id = ? 
2019-09-04 03:51:43,313 DEBUG (BaseJdbcLogger.java:143)- ====> Parameters: 19697(String)
2019-09-04 03:51:43,314 DEBUG (BaseJdbcLogger.java:143)- <====      Total: 1
2019-09-04 03:51:43,315 DEBUG (BaseJdbcLogger.java:143)- ====>  Preparing: select id, name, sex, birthday, phone, ID_number, email, parent_phone, adress, major, state from student_basic where id = ? 
2019-09-04 03:51:43,315 DEBUG (BaseJdbcLogger.java:143)- ====> Parameters: 19698(String)
2019-09-04 03:51:43,315 DEBUG (BaseJdbcLogger.java:143)- <====      Total: 1
2019-09-04 03:51:43,316 DEBUG (BaseJdbcLogger.java:143)- ====>  Preparing: select id, name, sex, birthday, phone, ID_number, email, parent_phone, adress, major, state from student_basic where id = ? 
2019-09-04 03:51:43,316 DEBUG (BaseJdbcLogger.java:143)- ====> Parameters: 19699(String)
2019-09-04 03:51:43,317 DEBUG (BaseJdbcLogger.java:143)- <====      Total: 1
2019-09-04 03:51:43,317 DEBUG (BaseJdbcLogger.java:143)- <==      Total: 24
2019-09-04 03:51:43,317 DEBUG (BaseJdbcLogger.java:143)- ==>  Preparing: select dormitory_allocation.id, dormitory_allocation.class_id, dormitory_allocation.dormitory_id,dormitory_allocation.number from dormitory_allocation,dormitory WHERE dormitory_allocation.dormitory_id=dormitory.id and dormitory.sex=? and class_id = ? 
2019-09-04 03:51:43,318 DEBUG (BaseJdbcLogger.java:143)- ==> Parameters: 男(String), 130503201903(String)
2019-09-04 03:51:43,318 DEBUG (BaseJdbcLogger.java:143)- <==      Total: 0
2019-09-04 03:51:43,319 DEBUG (BaseJdbcLogger.java:143)- ==>  Preparing: select student_status.id,student_status.basic_id, student_status.student_id, student_status.class_id from student_status,student_basic where student_status.basic_id=student_basic.id and student_basic.sex=? and student_status.class_id=? 
2019-09-04 03:51:43,319 DEBUG (BaseJdbcLogger.java:143)- ==> Parameters: 男(String), 130503201904(String)
2019-09-04 03:51:43,320 DEBUG (BaseJdbcLogger.java:143)- ====>  Preparing: select id, name, sex, birthday, phone, ID_number, email, parent_phone, adress, major, state from student_basic where id = ? 
2019-09-04 03:51:43,320 DEBUG (BaseJdbcLogger.java:143)- ====> Parameters: 19702(String)
2019-09-04 03:51:43,321 DEBUG (BaseJdbcLogger.java:143)- <====      Total: 1
2019-09-04 03:51:43,321 DEBUG (BaseJdbcLogger.java:143)- ====>  Preparing: select id, class_id, name, director, grade, major_id from class where class_id = ? 
2019-09-04 03:51:43,321 DEBUG (BaseJdbcLogger.java:143)- ====> Parameters: 130503201904(String)
2019-09-04 03:51:43,322 DEBUG (BaseJdbcLogger.java:143)- ======>  Preparing: select id, major_id, name, price, department_id from major where major_id = ? 
2019-09-04 03:51:43,322 DEBUG (BaseJdbcLogger.java:143)- ======> Parameters: 130503(String)
2019-09-04 03:51:43,323 DEBUG (BaseJdbcLogger.java:143)- <======      Total: 1
2019-09-04 03:51:43,323 DEBUG (BaseJdbcLogger.java:143)- <====      Total: 1
2019-09-04 03:51:43,323 DEBUG (BaseJdbcLogger.java:143)- ====>  Preparing: select id, name, sex, birthday, phone, ID_number, email, parent_phone, adress, major, state from student_basic where id = ? 
2019-09-04 03:51:43,323 DEBUG (BaseJdbcLogger.java:143)- ====> Parameters: 19703(String)
2019-09-04 03:51:43,324 DEBUG (BaseJdbcLogger.java:143)- <====      Total: 1
2019-09-04 03:51:43,324 DEBUG (BaseJdbcLogger.java:143)- ====>  Preparing: select id, name, sex, birthday, phone, ID_number, email, parent_phone, adress, major, state from student_basic where id = ? 
2019-09-04 03:51:43,324 DEBUG (BaseJdbcLogger.java:143)- ====> Parameters: 19705(String)
2019-09-04 03:51:43,325 DEBUG (BaseJdbcLogger.java:143)- <====      Total: 1
2019-09-04 03:51:43,325 DEBUG (BaseJdbcLogger.java:143)- ====>  Preparing: select id, name, sex, birthday, phone, ID_number, email, parent_phone, adress, major, state from student_basic where id = ? 
2019-09-04 03:51:43,326 DEBUG (BaseJdbcLogger.java:143)- ====> Parameters: 19706(String)
2019-09-04 03:51:43,326 DEBUG (BaseJdbcLogger.java:143)- <====      Total: 1
2019-09-04 03:51:43,326 DEBUG (BaseJdbcLogger.java:143)- ====>  Preparing: select id, name, sex, birthday, phone, ID_number, email, parent_phone, adress, major, state from student_basic where id = ? 
2019-09-04 03:51:43,327 DEBUG (BaseJdbcLogger.java:143)- ====> Parameters: 19708(String)
2019-09-04 03:51:43,327 DEBUG (BaseJdbcLogger.java:143)- <====      Total: 1
2019-09-04 03:51:43,328 DEBUG (BaseJdbcLogger.java:143)- ====>  Preparing: select id, name, sex, birthday, phone, ID_number, email, parent_phone, adress, major, state from student_basic where id = ? 
2019-09-04 03:51:43,328 DEBUG (BaseJdbcLogger.java:143)- ====> Parameters: 19709(String)
2019-09-04 03:51:43,329 DEBUG (BaseJdbcLogger.java:143)- <====      Total: 1
2019-09-04 03:51:43,329 DEBUG (BaseJdbcLogger.java:143)- ====>  Preparing: select id, name, sex, birthday, phone, ID_number, email, parent_phone, adress, major, state from student_basic where id = ? 
2019-09-04 03:51:43,330 DEBUG (BaseJdbcLogger.java:143)- ====> Parameters: 19710(String)
2019-09-04 03:51:43,331 DEBUG (BaseJdbcLogger.java:143)- <====      Total: 1
2019-09-04 03:51:43,331 DEBUG (BaseJdbcLogger.java:143)- ====>  Preparing: select id, name, sex, birthday, phone, ID_number, email, parent_phone, adress, major, state from student_basic where id = ? 
2019-09-04 03:51:43,332 DEBUG (BaseJdbcLogger.java:143)- ====> Parameters: 19711(String)
2019-09-04 03:51:43,332 DEBUG (BaseJdbcLogger.java:143)- <====      Total: 1
2019-09-04 03:51:43,333 DEBUG (BaseJdbcLogger.java:143)- ====>  Preparing: select id, name, sex, birthday, phone, ID_number, email, parent_phone, adress, major, state from student_basic where id = ? 
2019-09-04 03:51:43,333 DEBUG (BaseJdbcLogger.java:143)- ====> Parameters: 19712(String)
2019-09-04 03:51:43,334 DEBUG (BaseJdbcLogger.java:143)- <====      Total: 1
2019-09-04 03:51:43,334 DEBUG (BaseJdbcLogger.java:143)- ====>  Preparing: select id, name, sex, birthday, phone, ID_number, email, parent_phone, adress, major, state from student_basic where id = ? 
2019-09-04 03:51:43,335 DEBUG (BaseJdbcLogger.java:143)- ====> Parameters: 19713(String)
2019-09-04 03:51:43,335 DEBUG (BaseJdbcLogger.java:143)- <====      Total: 1
2019-09-04 03:51:43,336 DEBUG (BaseJdbcLogger.java:143)- ====>  Preparing: select id, name, sex, birthday, phone, ID_number, email, parent_phone, adress, major, state from student_basic where id = ? 
2019-09-04 03:51:43,336 DEBUG (BaseJdbcLogger.java:143)- ====> Parameters: 19717(String)
2019-09-04 03:51:43,336 DEBUG (BaseJdbcLogger.java:143)- <====      Total: 1
2019-09-04 03:51:43,337 DEBUG (BaseJdbcLogger.java:143)- ====>  Preparing: select id, name, sex, birthday, phone, ID_number, email, parent_phone, adress, major, state from student_basic where id = ? 
2019-09-04 03:51:43,337 DEBUG (BaseJdbcLogger.java:143)- ====> Parameters: 19723(String)
2019-09-04 03:51:43,338 DEBUG (BaseJdbcLogger.java:143)- <====      Total: 1
2019-09-04 03:51:43,338 DEBUG (BaseJdbcLogger.java:143)- ====>  Preparing: select id, name, sex, birthday, phone, ID_number, email, parent_phone, adress, major, state from student_basic where id = ? 
2019-09-04 03:51:43,338 DEBUG (BaseJdbcLogger.java:143)- ====> Parameters: 19724(String)
2019-09-04 03:51:43,339 DEBUG (BaseJdbcLogger.java:143)- <====      Total: 1
2019-09-04 03:51:43,339 DEBUG (BaseJdbcLogger.java:143)- ====>  Preparing: select id, name, sex, birthday, phone, ID_number, email, parent_phone, adress, major, state from student_basic where id = ? 
2019-09-04 03:51:43,340 DEBUG (BaseJdbcLogger.java:143)- ====> Parameters: 19727(String)
2019-09-04 03:51:43,340 DEBUG (BaseJdbcLogger.java:143)- <====      Total: 1
2019-09-04 03:51:43,340 DEBUG (BaseJdbcLogger.java:143)- ====>  Preparing: select id, name, sex, birthday, phone, ID_number, email, parent_phone, adress, major, state from student_basic where id = ? 
2019-09-04 03:51:43,341 DEBUG (BaseJdbcLogger.java:143)- ====> Parameters: 19730(String)
2019-09-04 03:51:43,341 DEBUG (BaseJdbcLogger.java:143)- <====      Total: 1
2019-09-04 03:51:43,342 DEBUG (BaseJdbcLogger.java:143)- ====>  Preparing: select id, name, sex, birthday, phone, ID_number, email, parent_phone, adress, major, state from student_basic where id = ? 
2019-09-04 03:51:43,342 DEBUG (BaseJdbcLogger.java:143)- ====> Parameters: 19733(String)
2019-09-04 03:51:43,343 DEBUG (BaseJdbcLogger.java:143)- <====      Total: 1
2019-09-04 03:51:43,343 DEBUG (BaseJdbcLogger.java:143)- ====>  Preparing: select id, name, sex, birthday, phone, ID_number, email, parent_phone, adress, major, state from student_basic where id = ? 
2019-09-04 03:51:43,343 DEBUG (BaseJdbcLogger.java:143)- ====> Parameters: 19734(String)
2019-09-04 03:51:43,345 DEBUG (BaseJdbcLogger.java:143)- <====      Total: 1
2019-09-04 03:51:43,345 DEBUG (BaseJdbcLogger.java:143)- ====>  Preparing: select id, name, sex, birthday, phone, ID_number, email, parent_phone, adress, major, state from student_basic where id = ? 
2019-09-04 03:51:43,346 DEBUG (BaseJdbcLogger.java:143)- ====> Parameters: 19736(String)
2019-09-04 03:51:43,347 DEBUG (BaseJdbcLogger.java:143)- <====      Total: 1
2019-09-04 03:51:43,347 DEBUG (BaseJdbcLogger.java:143)- ====>  Preparing: select id, name, sex, birthday, phone, ID_number, email, parent_phone, adress, major, state from student_basic where id = ? 
2019-09-04 03:51:43,348 DEBUG (BaseJdbcLogger.java:143)- ====> Parameters: 19737(String)
2019-09-04 03:51:43,348 DEBUG (BaseJdbcLogger.java:143)- <====      Total: 1
2019-09-04 03:51:43,349 DEBUG (BaseJdbcLogger.java:143)- ====>  Preparing: select id, name, sex, birthday, phone, ID_number, email, parent_phone, adress, major, state from student_basic where id = ? 
2019-09-04 03:51:43,349 DEBUG (BaseJdbcLogger.java:143)- ====> Parameters: 19739(String)
2019-09-04 03:51:43,350 DEBUG (BaseJdbcLogger.java:143)- <====      Total: 1
2019-09-04 03:51:43,351 DEBUG (BaseJdbcLogger.java:143)- ====>  Preparing: select id, name, sex, birthday, phone, ID_number, email, parent_phone, adress, major, state from student_basic where id = ? 
2019-09-04 03:51:43,351 DEBUG (BaseJdbcLogger.java:143)- ====> Parameters: 19741(String)
2019-09-04 03:51:43,352 DEBUG (BaseJdbcLogger.java:143)- <====      Total: 1
2019-09-04 03:51:43,353 DEBUG (BaseJdbcLogger.java:143)- ====>  Preparing: select id, name, sex, birthday, phone, ID_number, email, parent_phone, adress, major, state from student_basic where id = ? 
2019-09-04 03:51:43,353 DEBUG (BaseJdbcLogger.java:143)- ====> Parameters: 19744(String)
2019-09-04 03:51:43,354 DEBUG (BaseJdbcLogger.java:143)- <====      Total: 1
2019-09-04 03:51:43,355 DEBUG (BaseJdbcLogger.java:143)- ====>  Preparing: select id, name, sex, birthday, phone, ID_number, email, parent_phone, adress, major, state from student_basic where id = ? 
2019-09-04 03:51:43,355 DEBUG (BaseJdbcLogger.java:143)- ====> Parameters: 19745(String)
2019-09-04 03:51:43,356 DEBUG (BaseJdbcLogger.java:143)- <====      Total: 1
2019-09-04 03:51:43,356 DEBUG (BaseJdbcLogger.java:143)- ====>  Preparing: select id, name, sex, birthday, phone, ID_number, email, parent_phone, adress, major, state from student_basic where id = ? 
2019-09-04 03:51:43,356 DEBUG (BaseJdbcLogger.java:143)- ====> Parameters: 19750(String)
2019-09-04 03:51:43,357 DEBUG (BaseJdbcLogger.java:143)- <====      Total: 1
2019-09-04 03:51:43,358 DEBUG (BaseJdbcLogger.java:143)- <==      Total: 24
2019-09-04 03:51:43,358 DEBUG (BaseJdbcLogger.java:143)- ==>  Preparing: select dormitory_allocation.id, dormitory_allocation.class_id, dormitory_allocation.dormitory_id,dormitory_allocation.number from dormitory_allocation,dormitory WHERE dormitory_allocation.dormitory_id=dormitory.id and dormitory.sex=? and class_id = ? 
2019-09-04 03:51:43,359 DEBUG (BaseJdbcLogger.java:143)- ==> Parameters: 男(String), 130503201904(String)
2019-09-04 03:51:43,359 DEBUG (BaseJdbcLogger.java:143)- <==      Total: 0
2019-09-04 03:51:43,360 DEBUG (BaseJdbcLogger.java:143)- ==>  Preparing: select student_status.id,student_status.basic_id, student_status.student_id, student_status.class_id from student_status,student_basic where student_status.basic_id=student_basic.id and student_basic.sex=? and student_status.class_id=? 
2019-09-04 03:51:43,360 DEBUG (BaseJdbcLogger.java:143)- ==> Parameters: 男(String), 080702201901(String)
2019-09-04 03:51:43,362 DEBUG (BaseJdbcLogger.java:143)- ====>  Preparing: select id, name, sex, birthday, phone, ID_number, email, parent_phone, adress, major, state from student_basic where id = ? 
2019-09-04 03:51:43,362 DEBUG (BaseJdbcLogger.java:143)- ====> Parameters: 19363(String)
2019-09-04 03:51:43,363 DEBUG (BaseJdbcLogger.java:143)- <====      Total: 1
2019-09-04 03:51:43,364 DEBUG (BaseJdbcLogger.java:143)- ====>  Preparing: select id, class_id, name, director, grade, major_id from class where class_id = ? 
2019-09-04 03:51:43,364 DEBUG (BaseJdbcLogger.java:143)- ====> Parameters: 080702201901(String)
2019-09-04 03:51:43,365 DEBUG (BaseJdbcLogger.java:143)- ======>  Preparing: select id, major_id, name, price, department_id from major where major_id = ? 
2019-09-04 03:51:43,366 DEBUG (BaseJdbcLogger.java:143)- ======> Parameters: 080702(String)
2019-09-04 03:51:43,366 DEBUG (BaseJdbcLogger.java:143)- <======      Total: 1
2019-09-04 03:51:43,366 DEBUG (BaseJdbcLogger.java:143)- <====      Total: 1
2019-09-04 03:51:43,367 DEBUG (BaseJdbcLogger.java:143)- ====>  Preparing: select id, name, sex, birthday, phone, ID_number, email, parent_phone, adress, major, state from student_basic where id = ? 
2019-09-04 03:51:43,367 DEBUG (BaseJdbcLogger.java:143)- ====> Parameters: 19366(String)
2019-09-04 03:51:43,368 DEBUG (BaseJdbcLogger.java:143)- <====      Total: 1
2019-09-04 03:51:43,368 DEBUG (BaseJdbcLogger.java:143)- ====>  Preparing: select id, name, sex, birthday, phone, ID_number, email, parent_phone, adress, major, state from student_basic where id = ? 
2019-09-04 03:51:43,368 DEBUG (BaseJdbcLogger.java:143)- ====> Parameters: 19367(String)
2019-09-04 03:51:43,369 DEBUG (BaseJdbcLogger.java:143)- <====      Total: 1
2019-09-04 03:51:43,369 DEBUG (BaseJdbcLogger.java:143)- ====>  Preparing: select id, name, sex, birthday, phone, ID_number, email, parent_phone, adress, major, state from student_basic where id = ? 
2019-09-04 03:51:43,369 DEBUG (BaseJdbcLogger.java:143)- ====> Parameters: 19368(String)
2019-09-04 03:51:43,370 DEBUG (BaseJdbcLogger.java:143)- <====      Total: 1
2019-09-04 03:51:43,370 DEBUG (BaseJdbcLogger.java:143)- ====>  Preparing: select id, name, sex, birthday, phone, ID_number, email, parent_phone, adress, major, state from student_basic where id = ? 
2019-09-04 03:51:43,370 DEBUG (BaseJdbcLogger.java:143)- ====> Parameters: 19370(String)
2019-09-04 03:51:43,371 DEBUG (BaseJdbcLogger.java:143)- <====      Total: 1
2019-09-04 03:51:43,371 DEBUG (BaseJdbcLogger.java:143)- ====>  Preparing: select id, name, sex, birthday, phone, ID_number, email, parent_phone, adress, major, state from student_basic where id = ? 
2019-09-04 03:51:43,372 DEBUG (BaseJdbcLogger.java:143)- ====> Parameters: 19371(String)
2019-09-04 03:51:43,372 DEBUG (BaseJdbcLogger.java:143)- <====      Total: 1
2019-09-04 03:51:43,372 DEBUG (BaseJdbcLogger.java:143)- ====>  Preparing: select id, name, sex, birthday, phone, ID_number, email, parent_phone, adress, major, state from student_basic where id = ? 
2019-09-04 03:51:43,373 DEBUG (BaseJdbcLogger.java:143)- ====> Parameters: 19372(String)
2019-09-04 03:51:43,374 DEBUG (BaseJdbcLogger.java:143)- <====      Total: 1
2019-09-04 03:51:43,374 DEBUG (BaseJdbcLogger.java:143)- ====>  Preparing: select id, name, sex, birthday, phone, ID_number, email, parent_phone, adress, major, state from student_basic where id = ? 
2019-09-04 03:51:43,375 DEBUG (BaseJdbcLogger.java:143)- ====> Parameters: 19374(String)
2019-09-04 03:51:43,375 DEBUG (BaseJdbcLogger.java:143)- <====      Total: 1
2019-09-04 03:51:43,375 DEBUG (BaseJdbcLogger.java:143)- ====>  Preparing: select id, name, sex, birthday, phone, ID_number, email, parent_phone, adress, major, state from student_basic where id = ? 
2019-09-04 03:51:43,376 DEBUG (BaseJdbcLogger.java:143)- ====> Parameters: 19375(String)
2019-09-04 03:51:43,376 DEBUG (BaseJdbcLogger.java:143)- <====      Total: 1
2019-09-04 03:51:43,377 DEBUG (BaseJdbcLogger.java:143)- ====>  Preparing: select id, name, sex, birthday, phone, ID_number, email, parent_phone, adress, major, state from student_basic where id = ? 
2019-09-04 03:51:43,377 DEBUG (BaseJdbcLogger.java:143)- ====> Parameters: 19376(String)
2019-09-04 03:51:43,378 DEBUG (BaseJdbcLogger.java:143)- <====      Total: 1
2019-09-04 03:51:43,379 DEBUG (BaseJdbcLogger.java:143)- ====>  Preparing: select id, name, sex, birthday, phone, ID_number, email, parent_phone, adress, major, state from student_basic where id = ? 
2019-09-04 03:51:43,379 DEBUG (BaseJdbcLogger.java:143)- ====> Parameters: 19377(String)
2019-09-04 03:51:43,379 DEBUG (BaseJdbcLogger.java:143)- <====      Total: 1
2019-09-04 03:51:43,380 DEBUG (BaseJdbcLogger.java:143)- ====>  Preparing: select id, name, sex, birthday, phone, ID_number, email, parent_phone, adress, major, state from student_basic where id = ? 
2019-09-04 03:51:43,380 DEBUG (BaseJdbcLogger.java:143)- ====> Parameters: 19378(String)
2019-09-04 03:51:43,381 DEBUG (BaseJdbcLogger.java:143)- <====      Total: 1
2019-09-04 03:51:43,381 DEBUG (BaseJdbcLogger.java:143)- ====>  Preparing: select id, name, sex, birthday, phone, ID_number, email, parent_phone, adress, major, state from student_basic where id = ? 
2019-09-04 03:51:43,381 DEBUG (BaseJdbcLogger.java:143)- ====> Parameters: 19380(String)
2019-09-04 03:51:43,382 DEBUG (BaseJdbcLogger.java:143)- <====      Total: 1
2019-09-04 03:51:43,382 DEBUG (BaseJdbcLogger.java:143)- ====>  Preparing: select id, name, sex, birthday, phone, ID_number, email, parent_phone, adress, major, state from student_basic where id = ? 
2019-09-04 03:51:43,382 DEBUG (BaseJdbcLogger.java:143)- ====> Parameters: 19386(String)
2019-09-04 03:51:43,383 DEBUG (BaseJdbcLogger.java:143)- <====      Total: 1
2019-09-04 03:51:43,383 DEBUG (BaseJdbcLogger.java:143)- ====>  Preparing: select id, name, sex, birthday, phone, ID_number, email, parent_phone, adress, major, state from student_basic where id = ? 
2019-09-04 03:51:43,384 DEBUG (BaseJdbcLogger.java:143)- ====> Parameters: 19389(String)
2019-09-04 03:51:43,384 DEBUG (BaseJdbcLogger.java:143)- <====      Total: 1
2019-09-04 03:51:43,384 DEBUG (BaseJdbcLogger.java:143)- ====>  Preparing: select id, name, sex, birthday, phone, ID_number, email, parent_phone, adress, major, state from student_basic where id = ? 
2019-09-04 03:51:43,385 DEBUG (BaseJdbcLogger.java:143)- ====> Parameters: 19390(String)
2019-09-04 03:51:43,385 DEBUG (BaseJdbcLogger.java:143)- <====      Total: 1
2019-09-04 03:51:43,386 DEBUG (BaseJdbcLogger.java:143)- ====>  Preparing: select id, name, sex, birthday, phone, ID_number, email, parent_phone, adress, major, state from student_basic where id = ? 
2019-09-04 03:51:43,386 DEBUG (BaseJdbcLogger.java:143)- ====> Parameters: 19391(String)
2019-09-04 03:51:43,386 DEBUG (BaseJdbcLogger.java:143)- <====      Total: 1
2019-09-04 03:51:43,387 DEBUG (BaseJdbcLogger.java:143)- ====>  Preparing: select id, name, sex, birthday, phone, ID_number, email, parent_phone, adress, major, state from student_basic where id = ? 
2019-09-04 03:51:43,387 DEBUG (BaseJdbcLogger.java:143)- ====> Parameters: 19392(String)
2019-09-04 03:51:43,387 DEBUG (BaseJdbcLogger.java:143)- <====      Total: 1
2019-09-04 03:51:43,388 DEBUG (BaseJdbcLogger.java:143)- ====>  Preparing: select id, name, sex, birthday, phone, ID_number, email, parent_phone, adress, major, state from student_basic where id = ? 
2019-09-04 03:51:43,388 DEBUG (BaseJdbcLogger.java:143)- ====> Parameters: 19393(String)
2019-09-04 03:51:43,388 DEBUG (BaseJdbcLogger.java:143)- <====      Total: 1
2019-09-04 03:51:43,389 DEBUG (BaseJdbcLogger.java:143)- ====>  Preparing: select id, name, sex, birthday, phone, ID_number, email, parent_phone, adress, major, state from student_basic where id = ? 
2019-09-04 03:51:43,389 DEBUG (BaseJdbcLogger.java:143)- ====> Parameters: 19394(String)
2019-09-04 03:51:43,390 DEBUG (BaseJdbcLogger.java:143)- <====      Total: 1
2019-09-04 03:51:43,390 DEBUG (BaseJdbcLogger.java:143)- ====>  Preparing: select id, name, sex, birthday, phone, ID_number, email, parent_phone, adress, major, state from student_basic where id = ? 
2019-09-04 03:51:43,390 DEBUG (BaseJdbcLogger.java:143)- ====> Parameters: 19395(String)
2019-09-04 03:51:43,391 DEBUG (BaseJdbcLogger.java:143)- <====      Total: 1
2019-09-04 03:51:43,391 DEBUG (BaseJdbcLogger.java:143)- ====>  Preparing: select id, name, sex, birthday, phone, ID_number, email, parent_phone, adress, major, state from student_basic where id = ? 
2019-09-04 03:51:43,391 DEBUG (BaseJdbcLogger.java:143)- ====> Parameters: 19396(String)
2019-09-04 03:51:43,392 DEBUG (BaseJdbcLogger.java:143)- <====      Total: 1
2019-09-04 03:51:43,392 DEBUG (BaseJdbcLogger.java:143)- ====>  Preparing: select id, name, sex, birthday, phone, ID_number, email, parent_phone, adress, major, state from student_basic where id = ? 
2019-09-04 03:51:43,393 DEBUG (BaseJdbcLogger.java:143)- ====> Parameters: 19397(String)
2019-09-04 03:51:43,393 DEBUG (BaseJdbcLogger.java:143)- <====      Total: 1
2019-09-04 03:51:43,394 DEBUG (BaseJdbcLogger.java:143)- ====>  Preparing: select id, name, sex, birthday, phone, ID_number, email, parent_phone, adress, major, state from student_basic where id = ? 
2019-09-04 03:51:43,394 DEBUG (BaseJdbcLogger.java:143)- ====> Parameters: 19398(String)
2019-09-04 03:51:43,395 DEBUG (BaseJdbcLogger.java:143)- <====      Total: 1
2019-09-04 03:51:43,396 DEBUG (BaseJdbcLogger.java:143)- ====>  Preparing: select id, name, sex, birthday, phone, ID_number, email, parent_phone, adress, major, state from student_basic where id = ? 
2019-09-04 03:51:43,396 DEBUG (BaseJdbcLogger.java:143)- ====> Parameters: 19399(String)
2019-09-04 03:51:43,396 DEBUG (BaseJdbcLogger.java:143)- <====      Total: 1
2019-09-04 03:51:43,397 DEBUG (BaseJdbcLogger.java:143)- <==      Total: 25
2019-09-04 03:51:43,397 DEBUG (BaseJdbcLogger.java:143)- ==>  Preparing: select dormitory_allocation.id, dormitory_allocation.class_id, dormitory_allocation.dormitory_id,dormitory_allocation.number from dormitory_allocation,dormitory WHERE dormitory_allocation.dormitory_id=dormitory.id and dormitory.sex=? and class_id = ? 
2019-09-04 03:51:43,397 DEBUG (BaseJdbcLogger.java:143)- ==> Parameters: 男(String), 080702201901(String)
2019-09-04 03:51:43,398 DEBUG (BaseJdbcLogger.java:143)- <==      Total: 0
2019-09-04 03:51:43,398 DEBUG (BaseJdbcLogger.java:143)- ==>  Preparing: select student_status.id,student_status.basic_id, student_status.student_id, student_status.class_id from student_status,student_basic where student_status.basic_id=student_basic.id and student_basic.sex=? and student_status.class_id=? 
2019-09-04 03:51:43,399 DEBUG (BaseJdbcLogger.java:143)- ==> Parameters: 男(String), 080702201902(String)
2019-09-04 03:51:43,399 DEBUG (BaseJdbcLogger.java:143)- ====>  Preparing: select id, name, sex, birthday, phone, ID_number, email, parent_phone, adress, major, state from student_basic where id = ? 
2019-09-04 03:51:43,400 DEBUG (BaseJdbcLogger.java:143)- ====> Parameters: 19400(String)
2019-09-04 03:51:43,400 DEBUG (BaseJdbcLogger.java:143)- <====      Total: 1
2019-09-04 03:51:43,401 DEBUG (BaseJdbcLogger.java:143)- ====>  Preparing: select id, class_id, name, director, grade, major_id from class where class_id = ? 
2019-09-04 03:51:43,401 DEBUG (BaseJdbcLogger.java:143)- ====> Parameters: 080702201902(String)
2019-09-04 03:51:43,401 DEBUG (BaseJdbcLogger.java:143)- ======>  Preparing: select id, major_id, name, price, department_id from major where major_id = ? 
2019-09-04 03:51:43,402 DEBUG (BaseJdbcLogger.java:143)- ======> Parameters: 080702(String)
2019-09-04 03:51:43,402 DEBUG (BaseJdbcLogger.java:143)- <======      Total: 1
2019-09-04 03:51:43,403 DEBUG (BaseJdbcLogger.java:143)- <====      Total: 1
2019-09-04 03:51:43,403 DEBUG (BaseJdbcLogger.java:143)- ====>  Preparing: select id, name, sex, birthday, phone, ID_number, email, parent_phone, adress, major, state from student_basic where id = ? 
2019-09-04 03:51:43,403 DEBUG (BaseJdbcLogger.java:143)- ====> Parameters: 19401(String)
2019-09-04 03:51:43,404 DEBUG (BaseJdbcLogger.java:143)- <====      Total: 1
2019-09-04 03:51:43,404 DEBUG (BaseJdbcLogger.java:143)- ====>  Preparing: select id, name, sex, birthday, phone, ID_number, email, parent_phone, adress, major, state from student_basic where id = ? 
2019-09-04 03:51:43,405 DEBUG (BaseJdbcLogger.java:143)- ====> Parameters: 19402(String)
2019-09-04 03:51:43,406 DEBUG (BaseJdbcLogger.java:143)- <====      Total: 1
2019-09-04 03:51:43,406 DEBUG (BaseJdbcLogger.java:143)- ====>  Preparing: select id, name, sex, birthday, phone, ID_number, email, parent_phone, adress, major, state from student_basic where id = ? 
2019-09-04 03:51:43,406 DEBUG (BaseJdbcLogger.java:143)- ====> Parameters: 19403(String)
2019-09-04 03:51:43,407 DEBUG (BaseJdbcLogger.java:143)- <====      Total: 1
2019-09-04 03:51:43,407 DEBUG (BaseJdbcLogger.java:143)- ====>  Preparing: select id, name, sex, birthday, phone, ID_number, email, parent_phone, adress, major, state from student_basic where id = ? 
2019-09-04 03:51:43,408 DEBUG (BaseJdbcLogger.java:143)- ====> Parameters: 19405(String)
2019-09-04 03:51:43,408 DEBUG (BaseJdbcLogger.java:143)- <====      Total: 1
2019-09-04 03:51:43,409 DEBUG (BaseJdbcLogger.java:143)- ====>  Preparing: select id, name, sex, birthday, phone, ID_number, email, parent_phone, adress, major, state from student_basic where id = ? 
2019-09-04 03:51:43,409 DEBUG (BaseJdbcLogger.java:143)- ====> Parameters: 19406(String)
2019-09-04 03:51:43,410 DEBUG (BaseJdbcLogger.java:143)- <====      Total: 1
2019-09-04 03:51:43,411 DEBUG (BaseJdbcLogger.java:143)- ====>  Preparing: select id, name, sex, birthday, phone, ID_number, email, parent_phone, adress, major, state from student_basic where id = ? 
2019-09-04 03:51:43,411 DEBUG (BaseJdbcLogger.java:143)- ====> Parameters: 19409(String)
2019-09-04 03:51:43,412 DEBUG (BaseJdbcLogger.java:143)- <====      Total: 1
2019-09-04 03:51:43,412 DEBUG (BaseJdbcLogger.java:143)- ====>  Preparing: select id, name, sex, birthday, phone, ID_number, email, parent_phone, adress, major, state from student_basic where id = ? 
2019-09-04 03:51:43,412 DEBUG (BaseJdbcLogger.java:143)- ====> Parameters: 19410(String)
2019-09-04 03:51:43,413 DEBUG (BaseJdbcLogger.java:143)- <====      Total: 1
2019-09-04 03:51:43,413 DEBUG (BaseJdbcLogger.java:143)- ====>  Preparing: select id, name, sex, birthday, phone, ID_number, email, parent_phone, adress, major, state from student_basic where id = ? 
2019-09-04 03:51:43,414 DEBUG (BaseJdbcLogger.java:143)- ====> Parameters: 19411(String)
2019-09-04 03:51:43,414 DEBUG (BaseJdbcLogger.java:143)- <====      Total: 1
2019-09-04 03:51:43,415 DEBUG (BaseJdbcLogger.java:143)- ====>  Preparing: select id, name, sex, birthday, phone, ID_number, email, parent_phone, adress, major, state from student_basic where id = ? 
2019-09-04 03:51:43,415 DEBUG (BaseJdbcLogger.java:143)- ====> Parameters: 19412(String)
2019-09-04 03:51:43,416 DEBUG (BaseJdbcLogger.java:143)- <====      Total: 1
2019-09-04 03:51:43,416 DEBUG (BaseJdbcLogger.java:143)- ====>  Preparing: select id, name, sex, birthday, phone, ID_number, email, parent_phone, adress, major, state from student_basic where id = ? 
2019-09-04 03:51:43,417 DEBUG (BaseJdbcLogger.java:143)- ====> Parameters: 19415(String)
2019-09-04 03:51:43,417 DEBUG (BaseJdbcLogger.java:143)- <====      Total: 1
2019-09-04 03:51:43,418 DEBUG (BaseJdbcLogger.java:143)- ====>  Preparing: select id, name, sex, birthday, phone, ID_number, email, parent_phone, adress, major, state from student_basic where id = ? 
2019-09-04 03:51:43,418 DEBUG (BaseJdbcLogger.java:143)- ====> Parameters: 19417(String)
2019-09-04 03:51:43,419 DEBUG (BaseJdbcLogger.java:143)- <====      Total: 1
2019-09-04 03:51:43,419 DEBUG (BaseJdbcLogger.java:143)- ====>  Preparing: select id, name, sex, birthday, phone, ID_number, email, parent_phone, adress, major, state from student_basic where id = ? 
2019-09-04 03:51:43,419 DEBUG (BaseJdbcLogger.java:143)- ====> Parameters: 19418(String)
2019-09-04 03:51:43,420 DEBUG (BaseJdbcLogger.java:143)- <====      Total: 1
2019-09-04 03:51:43,420 DEBUG (BaseJdbcLogger.java:143)- ====>  Preparing: select id, name, sex, birthday, phone, ID_number, email, parent_phone, adress, major, state from student_basic where id = ? 
2019-09-04 03:51:43,420 DEBUG (BaseJdbcLogger.java:143)- ====> Parameters: 19419(String)
2019-09-04 03:51:43,422 DEBUG (BaseJdbcLogger.java:143)- <====      Total: 1
2019-09-04 03:51:43,422 DEBUG (BaseJdbcLogger.java:143)- ====>  Preparing: select id, name, sex, birthday, phone, ID_number, email, parent_phone, adress, major, state from student_basic where id = ? 
2019-09-04 03:51:43,422 DEBUG (BaseJdbcLogger.java:143)- ====> Parameters: 19422(String)
2019-09-04 03:51:43,423 DEBUG (BaseJdbcLogger.java:143)- <====      Total: 1
2019-09-04 03:51:43,423 DEBUG (BaseJdbcLogger.java:143)- ====>  Preparing: select id, name, sex, birthday, phone, ID_number, email, parent_phone, adress, major, state from student_basic where id = ? 
2019-09-04 03:51:43,423 DEBUG (BaseJdbcLogger.java:143)- ====> Parameters: 19423(String)
2019-09-04 03:51:43,424 DEBUG (BaseJdbcLogger.java:143)- <====      Total: 1
2019-09-04 03:51:43,424 DEBUG (BaseJdbcLogger.java:143)- ====>  Preparing: select id, name, sex, birthday, phone, ID_number, email, parent_phone, adress, major, state from student_basic where id = ? 
2019-09-04 03:51:43,425 DEBUG (BaseJdbcLogger.java:143)- ====> Parameters: 19425(String)
2019-09-04 03:51:43,425 DEBUG (BaseJdbcLogger.java:143)- <====      Total: 1
2019-09-04 03:51:43,427 DEBUG (BaseJdbcLogger.java:143)- ====>  Preparing: select id, name, sex, birthday, phone, ID_number, email, parent_phone, adress, major, state from student_basic where id = ? 
2019-09-04 03:51:43,427 DEBUG (BaseJdbcLogger.java:143)- ====> Parameters: 19426(String)
2019-09-04 03:51:43,427 DEBUG (BaseJdbcLogger.java:143)- <====      Total: 1
