2019-09-23 05:15:09,828 DEBUG (BaseJdbcLogger.java:143)- ==>  Preparing: select dormitory_allocation.id, dormitory_allocation.class_id, dormitory_allocation.dormitory_id,dormitory_allocation.number from dormitory_allocation,dormitory WHERE dormitory_allocation.dormitory_id=dormitory.id and dormitory_id = ? 
2019-09-23 05:15:09,831 DEBUG (BaseJdbcLogger.java:143)- ==> Parameters: 4(Integer)
2019-09-23 05:15:09,841 DEBUG (BaseJdbcLogger.java:143)- ====>  Preparing: select id, dong, floor, room, sex, number, rent,hasnumber from dormitory where id = ? 
2019-09-23 05:15:09,841 DEBUG (BaseJdbcLogger.java:143)- ====> Parameters: 4(Integer)
2019-09-23 05:15:09,842 DEBUG (BaseJdbcLogger.java:143)- <====      Total: 1
2019-09-23 05:15:09,843 DEBUG (BaseJdbcLogger.java:143)- <==      Total: 3
2019-09-23 05:15:09,872 DEBUG (BaseJdbcLogger.java:143)- ==>  Preparing: select id, class_id, name, director, grade, major_id from class WHERE class_id = ? 
2019-09-23 05:15:09,873 DEBUG (BaseJdbcLogger.java:143)- ==> Parameters: 081001201901(String)
2019-09-23 05:15:09,875 DEBUG (BaseJdbcLogger.java:143)- ====>  Preparing: select id, major_id, name, price, department_id from major where major_id = ? 
2019-09-23 05:15:09,875 DEBUG (BaseJdbcLogger.java:143)- ====> Parameters: 081001(String)
2019-09-23 05:15:09,877 DEBUG (BaseJdbcLogger.java:143)- <====      Total: 1
2019-09-23 05:15:09,878 DEBUG (BaseJdbcLogger.java:143)- <==      Total: 1
2019-09-23 05:15:09,878 DEBUG (BaseJdbcLogger.java:143)- ==>  Preparing: select id, class_id, name, director, grade, major_id from class WHERE class_id = ? 
2019-09-23 05:15:09,879 DEBUG (BaseJdbcLogger.java:143)- ==> Parameters: 081001201902(String)
2019-09-23 05:15:09,880 DEBUG (BaseJdbcLogger.java:143)- ====>  Preparing: select id, major_id, name, price, department_id from major where major_id = ? 
2019-09-23 05:15:09,881 DEBUG (BaseJdbcLogger.java:143)- ====> Parameters: 081001(String)
2019-09-23 05:15:09,882 DEBUG (BaseJdbcLogger.java:143)- <====      Total: 1
2019-09-23 05:15:09,883 DEBUG (BaseJdbcLogger.java:143)- <==      Total: 1
2019-09-23 05:15:09,884 DEBUG (BaseJdbcLogger.java:143)- ==>  Preparing: select id, class_id, name, director, grade, major_id from class WHERE class_id = ? 
2019-09-23 05:15:09,885 DEBUG (BaseJdbcLogger.java:143)- ==> Parameters: 080901201901(String)
2019-09-23 05:15:09,886 DEBUG (BaseJdbcLogger.java:143)- ====>  Preparing: select id, major_id, name, price, department_id from major where major_id = ? 
2019-09-23 05:15:09,887 DEBUG (BaseJdbcLogger.java:143)- ====> Parameters: 080901(String)
2019-09-23 05:15:09,888 DEBUG (BaseJdbcLogger.java:143)- <====      Total: 1
2019-09-23 05:15:09,889 DEBUG (BaseJdbcLogger.java:143)- <==      Total: 1
2019-09-23 05:15:09,890 DEBUG (BaseJdbcLogger.java:143)- ==>  Preparing: select id, student_id, dormitory_id from dormitory_registration WHERE dormitory_id = ? 
2019-09-23 05:15:09,890 DEBUG (BaseJdbcLogger.java:143)- ==> Parameters: 4(Integer)
2019-09-23 05:15:09,898 DEBUG (BaseJdbcLogger.java:143)- <==      Total: 0
