2019-08-22 22:26:16,554 DEBUG (BaseJdbcLogger.java:143)- <====      Total: 1
2019-08-22 22:26:16,562 DEBUG (BaseJdbcLogger.java:143)- ====>  Preparing: select id, name, sex, birthday, phone, ID_number, email, parent_phone, adress, major, state from student_basic where id = ? 
2019-08-22 22:26:16,566 DEBUG (BaseJdbcLogger.java:143)- ====> Parameters: 12182(String)
2019-08-22 22:26:16,568 DEBUG (BaseJdbcLogger.java:143)- <====      Total: 1
2019-08-22 22:26:16,569 DEBUG (BaseJdbcLogger.java:143)- ====>  Preparing: select id, name, sex, birthday, phone, ID_number, email, parent_phone, adress, major, state from student_basic where id = ? 
2019-08-22 22:26:16,569 DEBUG (BaseJdbcLogger.java:143)- ====> Parameters: 12183(String)
2019-08-22 22:26:16,620 DEBUG (BaseJdbcLogger.java:143)- <====      Total: 1
2019-08-22 22:26:16,622 DEBUG (BaseJdbcLogger.java:143)- ====>  Preparing: select id, name, sex, birthday, phone, ID_number, email, parent_phone, adress, major, state from student_basic where id = ? 
2019-08-22 22:26:16,623 DEBUG (BaseJdbcLogger.java:143)- ====> Parameters: 12184(String)
2019-08-22 22:26:16,628 DEBUG (BaseJdbcLogger.java:143)- <====      Total: 1
2019-08-22 22:26:16,631 DEBUG (BaseJdbcLogger.java:143)- ====>  Preparing: select id, name, sex, birthday, phone, ID_number, email, parent_phone, adress, major, state from student_basic where id = ? 
2019-08-22 22:26:16,633 DEBUG (BaseJdbcLogger.java:143)- ====> Parameters: 12186(String)
2019-08-22 22:26:16,634 DEBUG (BaseJdbcLogger.java:143)- <====      Total: 1
2019-08-22 22:26:16,635 DEBUG (BaseJdbcLogger.java:143)- ====>  Preparing: select id, name, sex, birthday, phone, ID_number, email, parent_phone, adress, major, state from student_basic where id = ? 
2019-08-22 22:26:16,635 DEBUG (BaseJdbcLogger.java:143)- ====> Parameters: 12187(String)
2019-08-22 22:26:16,636 DEBUG (BaseJdbcLogger.java:143)- <====      Total: 1
2019-08-22 22:26:16,637 DEBUG (BaseJdbcLogger.java:143)- ====>  Preparing: select id, name, sex, birthday, phone, ID_number, email, parent_phone, adress, major, state from student_basic where id = ? 
2019-08-22 22:26:16,637 DEBUG (BaseJdbcLogger.java:143)- ====> Parameters: 12188(String)
2019-08-22 22:26:16,639 DEBUG (BaseJdbcLogger.java:143)- <====      Total: 1
2019-08-22 22:26:16,640 DEBUG (BaseJdbcLogger.java:143)- ====>  Preparing: select id, name, sex, birthday, phone, ID_number, email, parent_phone, adress, major, state from student_basic where id = ? 
2019-08-22 22:26:16,641 DEBUG (BaseJdbcLogger.java:143)- ====> Parameters: 12191(String)
2019-08-22 22:26:16,648 DEBUG (BaseJdbcLogger.java:143)- <====      Total: 1
2019-08-22 22:26:16,648 DEBUG (BaseJdbcLogger.java:143)- ====>  Preparing: select id, name, sex, birthday, phone, ID_number, email, parent_phone, adress, major, state from student_basic where id = ? 
2019-08-22 22:26:16,649 DEBUG (BaseJdbcLogger.java:143)- ====> Parameters: 12192(String)
2019-08-22 22:26:16,650 DEBUG (BaseJdbcLogger.java:143)- <====      Total: 1
2019-08-22 22:26:16,651 DEBUG (BaseJdbcLogger.java:143)- <==      Total: 20
2019-08-22 22:26:16,652 DEBUG (BaseJdbcLogger.java:143)- ==>  Preparing: select dormitory_allocation.id, dormitory_allocation.class_id, dormitory_allocation.dormitory_id,dormitory_allocation.number from dormitory_allocation,dormitory WHERE dormitory_allocation.dormitory_id=dormitory.id and dormitory.sex=? and class_id = ? 
2019-08-22 22:26:16,652 DEBUG (BaseJdbcLogger.java:143)- ==> Parameters: 男(String), 081001201901(String)
2019-08-22 22:26:16,653 DEBUG (BaseJdbcLogger.java:143)- ====>  Preparing: select id, dong, floor, room, sex, number, rent from dormitory where id = ? 
2019-08-22 22:26:16,654 DEBUG (BaseJdbcLogger.java:143)- ====> Parameters: 1(Integer)
2019-08-22 22:26:16,657 DEBUG (BaseJdbcLogger.java:143)- <====      Total: 1
2019-08-22 22:26:16,659 DEBUG (BaseJdbcLogger.java:143)- ====>  Preparing: select id, dong, floor, room, sex, number, rent from dormitory where id = ? 
2019-08-22 22:26:16,662 DEBUG (BaseJdbcLogger.java:143)- ====> Parameters: 2(Integer)
2019-08-22 22:26:16,666 DEBUG (BaseJdbcLogger.java:143)- <====      Total: 1
2019-08-22 22:26:16,667 DEBUG (BaseJdbcLogger.java:143)- ====>  Preparing: select id, dong, floor, room, sex, number, rent from dormitory where id = ? 
2019-08-22 22:26:16,668 DEBUG (BaseJdbcLogger.java:143)- ====> Parameters: 3(Integer)
2019-08-22 22:26:16,669 DEBUG (BaseJdbcLogger.java:143)- <====      Total: 1
2019-08-22 22:26:16,672 DEBUG (BaseJdbcLogger.java:143)- ====>  Preparing: select id, dong, floor, room, sex, number, rent from dormitory where id = ? 
2019-08-22 22:26:16,675 DEBUG (BaseJdbcLogger.java:143)- ====> Parameters: 4(Integer)
2019-08-22 22:26:16,677 DEBUG (BaseJdbcLogger.java:143)- <====      Total: 1
2019-08-22 22:26:16,677 DEBUG (BaseJdbcLogger.java:143)- <==      Total: 4
2019-08-22 22:26:16,678 DEBUG (BaseJdbcLogger.java:143)- ==>  Preparing: select dormitory_allocation.id, dormitory_allocation.class_id, dormitory_allocation.dormitory_id,dormitory_allocation.number from dormitory_allocation,dormitory WHERE dormitory_allocation.dormitory_id=dormitory.id and dormitory.sex=? and class_id = ? 
2019-08-22 22:26:16,678 DEBUG (BaseJdbcLogger.java:143)- ==> Parameters: 女(String), 081001201901(String)
2019-08-22 22:26:16,680 DEBUG (BaseJdbcLogger.java:143)- ====>  Preparing: select id, dong, floor, room, sex, number, rent from dormitory where id = ? 
2019-08-22 22:26:16,681 DEBUG (BaseJdbcLogger.java:143)- ====> Parameters: 451(Integer)
2019-08-22 22:26:16,681 DEBUG (BaseJdbcLogger.java:143)- <====      Total: 1
2019-08-22 22:26:16,682 DEBUG (BaseJdbcLogger.java:143)- ====>  Preparing: select id, dong, floor, room, sex, number, rent from dormitory where id = ? 
2019-08-22 22:26:16,682 DEBUG (BaseJdbcLogger.java:143)- ====> Parameters: 452(Integer)
2019-08-22 22:26:16,683 DEBUG (BaseJdbcLogger.java:143)- <====      Total: 1
2019-08-22 22:26:16,684 DEBUG (BaseJdbcLogger.java:143)- ====>  Preparing: select id, dong, floor, room, sex, number, rent from dormitory where id = ? 
2019-08-22 22:26:16,684 DEBUG (BaseJdbcLogger.java:143)- ====> Parameters: 453(Integer)
2019-08-22 22:26:16,685 DEBUG (BaseJdbcLogger.java:143)- <====      Total: 1
2019-08-22 22:26:16,685 DEBUG (BaseJdbcLogger.java:143)- ====>  Preparing: select id, dong, floor, room, sex, number, rent from dormitory where id = ? 
2019-08-22 22:26:16,686 DEBUG (BaseJdbcLogger.java:143)- ====> Parameters: 454(Integer)
2019-08-22 22:26:16,687 DEBUG (BaseJdbcLogger.java:143)- <====      Total: 1
2019-08-22 22:26:16,687 DEBUG (BaseJdbcLogger.java:143)- <==      Total: 4
2019-08-22 22:26:16,688 DEBUG (BaseJdbcLogger.java:143)- ==>  Preparing: select student_status.id,student_status.basic_id, student_status.student_id, student_status.class_id from student_status,student_basic where student_status.basic_id=student_basic.id and student_basic.sex=? and student_status.class_id=? 
2019-08-22 22:26:16,689 DEBUG (BaseJdbcLogger.java:143)- ==> Parameters: 男(String), 081001201902(String)
2019-08-22 22:26:16,691 DEBUG (BaseJdbcLogger.java:143)- ====>  Preparing: select id, name, sex, birthday, phone, ID_number, email, parent_phone, adress, major, state from student_basic where id = ? 
2019-08-22 22:26:16,693 DEBUG (BaseJdbcLogger.java:143)- ====> Parameters: 12200(String)
2019-08-22 22:26:16,696 DEBUG (BaseJdbcLogger.java:143)- <====      Total: 1
2019-08-22 22:26:16,697 DEBUG (BaseJdbcLogger.java:143)- ====>  Preparing: select id, class_id, name, director, grade, major_id from class where class_id = ? 
2019-08-22 22:26:16,698 DEBUG (BaseJdbcLogger.java:143)- ====> Parameters: 081001201902(String)
2019-08-22 22:26:16,698 DEBUG (BaseJdbcLogger.java:143)- ======>  Preparing: select id, major_id, name, price, department_id from major where major_id = ? 
2019-08-22 22:26:16,698 DEBUG (BaseJdbcLogger.java:143)- ======> Parameters: 081001(String)
2019-08-22 22:26:16,699 DEBUG (BaseJdbcLogger.java:143)- <======      Total: 1
2019-08-22 22:26:16,699 DEBUG (BaseJdbcLogger.java:143)- <====      Total: 1
2019-08-22 22:26:16,700 DEBUG (BaseJdbcLogger.java:143)- ====>  Preparing: select id, name, sex, birthday, phone, ID_number, email, parent_phone, adress, major, state from student_basic where id = ? 
2019-08-22 22:26:16,700 DEBUG (BaseJdbcLogger.java:143)- ====> Parameters: 12204(String)
2019-08-22 22:26:16,700 DEBUG (BaseJdbcLogger.java:143)- <====      Total: 1
2019-08-22 22:26:16,701 DEBUG (BaseJdbcLogger.java:143)- ====>  Preparing: select id, name, sex, birthday, phone, ID_number, email, parent_phone, adress, major, state from student_basic where id = ? 
2019-08-22 22:26:16,701 DEBUG (BaseJdbcLogger.java:143)- ====> Parameters: 12207(String)
2019-08-22 22:26:16,702 DEBUG (BaseJdbcLogger.java:143)- <====      Total: 1
2019-08-22 22:26:16,702 DEBUG (BaseJdbcLogger.java:143)- ====>  Preparing: select id, name, sex, birthday, phone, ID_number, email, parent_phone, adress, major, state from student_basic where id = ? 
2019-08-22 22:26:16,703 DEBUG (BaseJdbcLogger.java:143)- ====> Parameters: 12208(String)
2019-08-22 22:26:16,703 DEBUG (BaseJdbcLogger.java:143)- <====      Total: 1
2019-08-22 22:26:16,704 DEBUG (BaseJdbcLogger.java:143)- ====>  Preparing: select id, name, sex, birthday, phone, ID_number, email, parent_phone, adress, major, state from student_basic where id = ? 
2019-08-22 22:26:16,704 DEBUG (BaseJdbcLogger.java:143)- ====> Parameters: 12212(String)
2019-08-22 22:26:16,706 DEBUG (BaseJdbcLogger.java:143)- <====      Total: 1
2019-08-22 22:26:16,706 DEBUG (BaseJdbcLogger.java:143)- ====>  Preparing: select id, name, sex, birthday, phone, ID_number, email, parent_phone, adress, major, state from student_basic where id = ? 
2019-08-22 22:26:16,706 DEBUG (BaseJdbcLogger.java:143)- ====> Parameters: 12215(String)
2019-08-22 22:26:16,707 DEBUG (BaseJdbcLogger.java:143)- <====      Total: 1
2019-08-22 22:26:16,708 DEBUG (BaseJdbcLogger.java:143)- ====>  Preparing: select id, name, sex, birthday, phone, ID_number, email, parent_phone, adress, major, state from student_basic where id = ? 
2019-08-22 22:26:16,708 DEBUG (BaseJdbcLogger.java:143)- ====> Parameters: 12216(String)
2019-08-22 22:26:16,708 DEBUG (BaseJdbcLogger.java:143)- <====      Total: 1
2019-08-22 22:26:16,709 DEBUG (BaseJdbcLogger.java:143)- ====>  Preparing: select id, name, sex, birthday, phone, ID_number, email, parent_phone, adress, major, state from student_basic where id = ? 
2019-08-22 22:26:16,709 DEBUG (BaseJdbcLogger.java:143)- ====> Parameters: 12217(String)
2019-08-22 22:26:16,709 DEBUG (BaseJdbcLogger.java:143)- <====      Total: 1
2019-08-22 22:26:16,710 DEBUG (BaseJdbcLogger.java:143)- ====>  Preparing: select id, name, sex, birthday, phone, ID_number, email, parent_phone, adress, major, state from student_basic where id = ? 
2019-08-22 22:26:16,710 DEBUG (BaseJdbcLogger.java:143)- ====> Parameters: 12219(String)
2019-08-22 22:26:16,711 DEBUG (BaseJdbcLogger.java:143)- <====      Total: 1
2019-08-22 22:26:16,711 DEBUG (BaseJdbcLogger.java:143)- ====>  Preparing: select id, name, sex, birthday, phone, ID_number, email, parent_phone, adress, major, state from student_basic where id = ? 
2019-08-22 22:26:16,712 DEBUG (BaseJdbcLogger.java:143)- ====> Parameters: 12222(String)
2019-08-22 22:26:16,712 DEBUG (BaseJdbcLogger.java:143)- <====      Total: 1
2019-08-22 22:26:16,713 DEBUG (BaseJdbcLogger.java:143)- ====>  Preparing: select id, name, sex, birthday, phone, ID_number, email, parent_phone, adress, major, state from student_basic where id = ? 
2019-08-22 22:26:16,713 DEBUG (BaseJdbcLogger.java:143)- ====> Parameters: 12223(String)
2019-08-22 22:26:16,714 DEBUG (BaseJdbcLogger.java:143)- <====      Total: 1
2019-08-22 22:26:16,714 DEBUG (BaseJdbcLogger.java:143)- ====>  Preparing: select id, name, sex, birthday, phone, ID_number, email, parent_phone, adress, major, state from student_basic where id = ? 
2019-08-22 22:26:16,715 DEBUG (BaseJdbcLogger.java:143)- ====> Parameters: 12226(String)
2019-08-22 22:26:16,715 DEBUG (BaseJdbcLogger.java:143)- <====      Total: 1
2019-08-22 22:26:16,716 DEBUG (BaseJdbcLogger.java:143)- ====>  Preparing: select id, name, sex, birthday, phone, ID_number, email, parent_phone, adress, major, state from student_basic where id = ? 
2019-08-22 22:26:16,716 DEBUG (BaseJdbcLogger.java:143)- ====> Parameters: 12227(String)
2019-08-22 22:26:16,717 DEBUG (BaseJdbcLogger.java:143)- <====      Total: 1
2019-08-22 22:26:16,718 DEBUG (BaseJdbcLogger.java:143)- ====>  Preparing: select id, name, sex, birthday, phone, ID_number, email, parent_phone, adress, major, state from student_basic where id = ? 
2019-08-22 22:26:16,719 DEBUG (BaseJdbcLogger.java:143)- ====> Parameters: 12228(String)
2019-08-22 22:26:16,720 DEBUG (BaseJdbcLogger.java:143)- <====      Total: 1
2019-08-22 22:26:16,720 DEBUG (BaseJdbcLogger.java:143)- ====>  Preparing: select id, name, sex, birthday, phone, ID_number, email, parent_phone, adress, major, state from student_basic where id = ? 
2019-08-22 22:26:16,721 DEBUG (BaseJdbcLogger.java:143)- ====> Parameters: 12229(String)
2019-08-22 22:26:16,722 DEBUG (BaseJdbcLogger.java:143)- <====      Total: 1
2019-08-22 22:26:16,723 DEBUG (BaseJdbcLogger.java:143)- ====>  Preparing: select id, name, sex, birthday, phone, ID_number, email, parent_phone, adress, major, state from student_basic where id = ? 
2019-08-22 22:26:16,723 DEBUG (BaseJdbcLogger.java:143)- ====> Parameters: 12230(String)
2019-08-22 22:26:16,724 DEBUG (BaseJdbcLogger.java:143)- <====      Total: 1
2019-08-22 22:26:16,725 DEBUG (BaseJdbcLogger.java:143)- ====>  Preparing: select id, name, sex, birthday, phone, ID_number, email, parent_phone, adress, major, state from student_basic where id = ? 
2019-08-22 22:26:16,725 DEBUG (BaseJdbcLogger.java:143)- ====> Parameters: 12231(String)
2019-08-22 22:26:16,726 DEBUG (BaseJdbcLogger.java:143)- <====      Total: 1
2019-08-22 22:26:16,727 DEBUG (BaseJdbcLogger.java:143)- <==      Total: 17
2019-08-22 22:26:16,727 DEBUG (BaseJdbcLogger.java:143)- ==>  Preparing: select student_status.id,student_status.basic_id, student_status.student_id, student_status.class_id from student_status,student_basic where student_status.basic_id=student_basic.id and student_basic.sex=? and student_status.class_id=? 
2019-08-22 22:26:16,728 DEBUG (BaseJdbcLogger.java:143)- ==> Parameters: 女(String), 081001201902(String)
2019-08-22 22:26:16,729 DEBUG (BaseJdbcLogger.java:143)- ====>  Preparing: select id, name, sex, birthday, phone, ID_number, email, parent_phone, adress, major, state from student_basic where id = ? 
2019-08-22 22:26:16,730 DEBUG (BaseJdbcLogger.java:143)- ====> Parameters: 12193(String)
2019-08-22 22:26:16,731 DEBUG (BaseJdbcLogger.java:143)- <====      Total: 1
2019-08-22 22:26:16,731 DEBUG (BaseJdbcLogger.java:143)- ====>  Preparing: select id, class_id, name, director, grade, major_id from class where class_id = ? 
2019-08-22 22:26:16,732 DEBUG (BaseJdbcLogger.java:143)- ====> Parameters: 081001201902(String)
2019-08-22 22:26:16,733 DEBUG (BaseJdbcLogger.java:143)- ======>  Preparing: select id, major_id, name, price, department_id from major where major_id = ? 
2019-08-22 22:26:16,734 DEBUG (BaseJdbcLogger.java:143)- ======> Parameters: 081001(String)
2019-08-22 22:26:16,735 DEBUG (BaseJdbcLogger.java:143)- <======      Total: 1
2019-08-22 22:26:16,736 DEBUG (BaseJdbcLogger.java:143)- <====      Total: 1
2019-08-22 22:26:16,736 DEBUG (BaseJdbcLogger.java:143)- ====>  Preparing: select id, name, sex, birthday, phone, ID_number, email, parent_phone, adress, major, state from student_basic where id = ? 
