2019-08-22 22:30:56,868 DEBUG (BaseJdbcLogger.java:143)- <====      Total: 1
2019-08-22 22:30:56,871 DEBUG (BaseJdbcLogger.java:143)- ====>  Preparing: select id, name, sex, birthday, phone, ID_number, email, parent_phone, adress, major, state from student_basic where id = ? 
2019-08-22 22:30:56,871 DEBUG (BaseJdbcLogger.java:143)- ====> Parameters: 12159(String)
2019-08-22 22:30:56,871 DEBUG (BaseJdbcLogger.java:143)- <====      Total: 1
2019-08-22 22:30:56,872 DEBUG (BaseJdbcLogger.java:143)- ====>  Preparing: select id, name, sex, birthday, phone, ID_number, email, parent_phone, adress, major, state from student_basic where id = ? 
2019-08-22 22:30:56,872 DEBUG (BaseJdbcLogger.java:143)- ====> Parameters: 12160(String)
2019-08-22 22:30:56,875 DEBUG (BaseJdbcLogger.java:143)- <====      Total: 1
2019-08-22 22:30:56,875 DEBUG (BaseJdbcLogger.java:143)- ====>  Preparing: select id, name, sex, birthday, phone, ID_number, email, parent_phone, adress, major, state from student_basic where id = ? 
2019-08-22 22:30:56,875 DEBUG (BaseJdbcLogger.java:143)- ====> Parameters: 12161(String)
2019-08-22 22:30:56,877 DEBUG (BaseJdbcLogger.java:143)- <====      Total: 1
2019-08-22 22:30:56,877 DEBUG (BaseJdbcLogger.java:143)- ====>  Preparing: select id, name, sex, birthday, phone, ID_number, email, parent_phone, adress, major, state from student_basic where id = ? 
2019-08-22 22:30:56,877 DEBUG (BaseJdbcLogger.java:143)- ====> Parameters: 12164(String)
2019-08-22 22:30:56,879 DEBUG (BaseJdbcLogger.java:143)- <====      Total: 1
2019-08-22 22:30:56,879 DEBUG (BaseJdbcLogger.java:143)- ====>  Preparing: select id, name, sex, birthday, phone, ID_number, email, parent_phone, adress, major, state from student_basic where id = ? 
2019-08-22 22:30:56,879 DEBUG (BaseJdbcLogger.java:143)- ====> Parameters: 12166(String)
2019-08-22 22:30:56,880 DEBUG (BaseJdbcLogger.java:143)- <====      Total: 1
2019-08-22 22:30:56,880 DEBUG (BaseJdbcLogger.java:143)- ====>  Preparing: select id, name, sex, birthday, phone, ID_number, email, parent_phone, adress, major, state from student_basic where id = ? 
2019-08-22 22:30:56,880 DEBUG (BaseJdbcLogger.java:143)- ====> Parameters: 12171(String)
2019-08-22 22:30:56,881 DEBUG (BaseJdbcLogger.java:143)- <====      Total: 1
2019-08-22 22:30:56,882 DEBUG (BaseJdbcLogger.java:143)- ====>  Preparing: select id, name, sex, birthday, phone, ID_number, email, parent_phone, adress, major, state from student_basic where id = ? 
2019-08-22 22:30:56,884 DEBUG (BaseJdbcLogger.java:143)- ====> Parameters: 12172(String)
2019-08-22 22:30:56,884 DEBUG (BaseJdbcLogger.java:143)- <====      Total: 1
2019-08-22 22:30:56,884 DEBUG (BaseJdbcLogger.java:143)- ====>  Preparing: select id, name, sex, birthday, phone, ID_number, email, parent_phone, adress, major, state from student_basic where id = ? 
2019-08-22 22:30:56,884 DEBUG (BaseJdbcLogger.java:143)- ====> Parameters: 12173(String)
2019-08-22 22:30:56,885 DEBUG (BaseJdbcLogger.java:143)- <====      Total: 1
2019-08-22 22:30:56,886 DEBUG (BaseJdbcLogger.java:143)- ====>  Preparing: select id, name, sex, birthday, phone, ID_number, email, parent_phone, adress, major, state from student_basic where id = ? 
2019-08-22 22:30:56,886 DEBUG (BaseJdbcLogger.java:143)- ====> Parameters: 12177(String)
2019-08-22 22:30:56,887 DEBUG (BaseJdbcLogger.java:143)- <====      Total: 1
2019-08-22 22:30:56,888 DEBUG (BaseJdbcLogger.java:143)- ====>  Preparing: select id, name, sex, birthday, phone, ID_number, email, parent_phone, adress, major, state from student_basic where id = ? 
2019-08-22 22:30:56,888 DEBUG (BaseJdbcLogger.java:143)- ====> Parameters: 12180(String)
2019-08-22 22:30:56,888 DEBUG (BaseJdbcLogger.java:143)- <====      Total: 1
2019-08-22 22:30:56,889 DEBUG (BaseJdbcLogger.java:143)- ====>  Preparing: select id, name, sex, birthday, phone, ID_number, email, parent_phone, adress, major, state from student_basic where id = ? 
2019-08-22 22:30:56,889 DEBUG (BaseJdbcLogger.java:143)- ====> Parameters: 12181(String)
2019-08-22 22:30:56,889 DEBUG (BaseJdbcLogger.java:143)- <====      Total: 1
2019-08-22 22:30:56,889 DEBUG (BaseJdbcLogger.java:143)- ====>  Preparing: select id, name, sex, birthday, phone, ID_number, email, parent_phone, adress, major, state from student_basic where id = ? 
2019-08-22 22:30:56,890 DEBUG (BaseJdbcLogger.java:143)- ====> Parameters: 12182(String)
2019-08-22 22:30:56,890 DEBUG (BaseJdbcLogger.java:143)- <====      Total: 1
2019-08-22 22:30:56,891 DEBUG (BaseJdbcLogger.java:143)- ====>  Preparing: select id, name, sex, birthday, phone, ID_number, email, parent_phone, adress, major, state from student_basic where id = ? 
2019-08-22 22:30:56,892 DEBUG (BaseJdbcLogger.java:143)- ====> Parameters: 12183(String)
2019-08-22 22:30:56,893 DEBUG (BaseJdbcLogger.java:143)- <====      Total: 1
2019-08-22 22:30:56,893 DEBUG (BaseJdbcLogger.java:143)- ====>  Preparing: select id, name, sex, birthday, phone, ID_number, email, parent_phone, adress, major, state from student_basic where id = ? 
2019-08-22 22:30:56,894 DEBUG (BaseJdbcLogger.java:143)- ====> Parameters: 12184(String)
2019-08-22 22:30:56,895 DEBUG (BaseJdbcLogger.java:143)- <====      Total: 1
2019-08-22 22:30:56,895 DEBUG (BaseJdbcLogger.java:143)- ====>  Preparing: select id, name, sex, birthday, phone, ID_number, email, parent_phone, adress, major, state from student_basic where id = ? 
2019-08-22 22:30:56,896 DEBUG (BaseJdbcLogger.java:143)- ====> Parameters: 12186(String)
2019-08-22 22:30:56,896 DEBUG (BaseJdbcLogger.java:143)- <====      Total: 1
2019-08-22 22:30:56,897 DEBUG (BaseJdbcLogger.java:143)- ====>  Preparing: select id, name, sex, birthday, phone, ID_number, email, parent_phone, adress, major, state from student_basic where id = ? 
2019-08-22 22:30:56,897 DEBUG (BaseJdbcLogger.java:143)- ====> Parameters: 12187(String)
2019-08-22 22:30:56,897 DEBUG (BaseJdbcLogger.java:143)- <====      Total: 1
2019-08-22 22:30:56,897 DEBUG (BaseJdbcLogger.java:143)- ====>  Preparing: select id, name, sex, birthday, phone, ID_number, email, parent_phone, adress, major, state from student_basic where id = ? 
2019-08-22 22:30:56,899 DEBUG (BaseJdbcLogger.java:143)- ====> Parameters: 12188(String)
2019-08-22 22:30:56,899 DEBUG (BaseJdbcLogger.java:143)- <====      Total: 1
2019-08-22 22:30:56,899 DEBUG (BaseJdbcLogger.java:143)- ====>  Preparing: select id, name, sex, birthday, phone, ID_number, email, parent_phone, adress, major, state from student_basic where id = ? 
2019-08-22 22:30:56,900 DEBUG (BaseJdbcLogger.java:143)- ====> Parameters: 12191(String)
2019-08-22 22:30:56,900 DEBUG (BaseJdbcLogger.java:143)- <====      Total: 1
2019-08-22 22:30:56,901 DEBUG (BaseJdbcLogger.java:143)- ====>  Preparing: select id, name, sex, birthday, phone, ID_number, email, parent_phone, adress, major, state from student_basic where id = ? 
2019-08-22 22:30:56,901 DEBUG (BaseJdbcLogger.java:143)- ====> Parameters: 12192(String)
2019-08-22 22:30:56,902 DEBUG (BaseJdbcLogger.java:143)- <====      Total: 1
2019-08-22 22:30:56,902 DEBUG (BaseJdbcLogger.java:143)- <==      Total: 20
2019-08-22 22:30:56,902 DEBUG (BaseJdbcLogger.java:143)- ==>  Preparing: select dormitory_allocation.id, dormitory_allocation.class_id, dormitory_allocation.dormitory_id,dormitory_allocation.number from dormitory_allocation,dormitory WHERE dormitory_allocation.dormitory_id=dormitory.id and dormitory.sex=? and class_id = ? 
2019-08-22 22:30:56,903 DEBUG (BaseJdbcLogger.java:143)- ==> Parameters: 男(String), 081001201901(String)
2019-08-22 22:30:56,904 DEBUG (BaseJdbcLogger.java:143)- ====>  Preparing: select id, dong, floor, room, sex, number, rent from dormitory where id = ? 
2019-08-22 22:30:56,904 DEBUG (BaseJdbcLogger.java:143)- ====> Parameters: 1(Integer)
2019-08-22 22:30:56,904 DEBUG (BaseJdbcLogger.java:143)- <====      Total: 1
2019-08-22 22:30:56,905 DEBUG (BaseJdbcLogger.java:143)- ====>  Preparing: select id, dong, floor, room, sex, number, rent from dormitory where id = ? 
2019-08-22 22:30:56,905 DEBUG (BaseJdbcLogger.java:143)- ====> Parameters: 2(Integer)
2019-08-22 22:30:56,905 DEBUG (BaseJdbcLogger.java:143)- <====      Total: 1
2019-08-22 22:30:56,906 DEBUG (BaseJdbcLogger.java:143)- ====>  Preparing: select id, dong, floor, room, sex, number, rent from dormitory where id = ? 
2019-08-22 22:30:56,906 DEBUG (BaseJdbcLogger.java:143)- ====> Parameters: 3(Integer)
2019-08-22 22:30:56,907 DEBUG (BaseJdbcLogger.java:143)- <====      Total: 1
2019-08-22 22:30:56,908 DEBUG (BaseJdbcLogger.java:143)- ====>  Preparing: select id, dong, floor, room, sex, number, rent from dormitory where id = ? 
2019-08-22 22:30:56,908 DEBUG (BaseJdbcLogger.java:143)- ====> Parameters: 4(Integer)
2019-08-22 22:30:56,908 DEBUG (BaseJdbcLogger.java:143)- <====      Total: 1
2019-08-22 22:30:56,909 DEBUG (BaseJdbcLogger.java:143)- <==      Total: 4
2019-08-22 22:30:56,909 DEBUG (BaseJdbcLogger.java:143)- ==>  Preparing: select dormitory_allocation.id, dormitory_allocation.class_id, dormitory_allocation.dormitory_id,dormitory_allocation.number from dormitory_allocation,dormitory WHERE dormitory_allocation.dormitory_id=dormitory.id and dormitory.sex=? and class_id = ? 
2019-08-22 22:30:56,909 DEBUG (BaseJdbcLogger.java:143)- ==> Parameters: 女(String), 081001201901(String)
2019-08-22 22:30:56,910 DEBUG (BaseJdbcLogger.java:143)- ====>  Preparing: select id, dong, floor, room, sex, number, rent from dormitory where id = ? 
2019-08-22 22:30:56,910 DEBUG (BaseJdbcLogger.java:143)- ====> Parameters: 451(Integer)
2019-08-22 22:30:56,911 DEBUG (BaseJdbcLogger.java:143)- <====      Total: 1
2019-08-22 22:30:56,911 DEBUG (BaseJdbcLogger.java:143)- ====>  Preparing: select id, dong, floor, room, sex, number, rent from dormitory where id = ? 
2019-08-22 22:30:56,913 DEBUG (BaseJdbcLogger.java:143)- ====> Parameters: 452(Integer)
2019-08-22 22:30:56,913 DEBUG (BaseJdbcLogger.java:143)- <====      Total: 1
2019-08-22 22:30:56,914 DEBUG (BaseJdbcLogger.java:143)- ====>  Preparing: select id, dong, floor, room, sex, number, rent from dormitory where id = ? 
2019-08-22 22:30:56,914 DEBUG (BaseJdbcLogger.java:143)- ====> Parameters: 453(Integer)
2019-08-22 22:30:56,915 DEBUG (BaseJdbcLogger.java:143)- <====      Total: 1
2019-08-22 22:30:56,915 DEBUG (BaseJdbcLogger.java:143)- ====>  Preparing: select id, dong, floor, room, sex, number, rent from dormitory where id = ? 
2019-08-22 22:30:56,915 DEBUG (BaseJdbcLogger.java:143)- ====> Parameters: 454(Integer)
2019-08-22 22:30:56,916 DEBUG (BaseJdbcLogger.java:143)- <====      Total: 1
2019-08-22 22:30:56,916 DEBUG (BaseJdbcLogger.java:143)- <==      Total: 4
2019-08-22 22:30:56,916 DEBUG (BaseJdbcLogger.java:143)- ==>  Preparing: select student_status.id,student_status.basic_id, student_status.student_id, student_status.class_id from student_status,student_basic where student_status.basic_id=student_basic.id and student_basic.sex=? and student_status.class_id=? 
2019-08-22 22:30:56,917 DEBUG (BaseJdbcLogger.java:143)- ==> Parameters: 男(String), 081001201902(String)
2019-08-22 22:30:56,918 DEBUG (BaseJdbcLogger.java:143)- ====>  Preparing: select id, name, sex, birthday, phone, ID_number, email, parent_phone, adress, major, state from student_basic where id = ? 
2019-08-22 22:30:56,918 DEBUG (BaseJdbcLogger.java:143)- ====> Parameters: 12200(String)
2019-08-22 22:30:56,919 DEBUG (BaseJdbcLogger.java:143)- <====      Total: 1
2019-08-22 22:30:56,920 DEBUG (BaseJdbcLogger.java:143)- ====>  Preparing: select id, class_id, name, director, grade, major_id from class where class_id = ? 
2019-08-22 22:30:56,921 DEBUG (BaseJdbcLogger.java:143)- ====> Parameters: 081001201902(String)
2019-08-22 22:30:56,921 DEBUG (BaseJdbcLogger.java:143)- ======>  Preparing: select id, major_id, name, price, department_id from major where major_id = ? 
2019-08-22 22:30:56,921 DEBUG (BaseJdbcLogger.java:143)- ======> Parameters: 081001(String)
2019-08-22 22:30:56,922 DEBUG (BaseJdbcLogger.java:143)- <======      Total: 1
2019-08-22 22:30:56,923 DEBUG (BaseJdbcLogger.java:143)- <====      Total: 1
2019-08-22 22:30:56,923 DEBUG (BaseJdbcLogger.java:143)- ====>  Preparing: select id, name, sex, birthday, phone, ID_number, email, parent_phone, adress, major, state from student_basic where id = ? 
2019-08-22 22:30:56,923 DEBUG (BaseJdbcLogger.java:143)- ====> Parameters: 12204(String)
2019-08-22 22:30:56,924 DEBUG (BaseJdbcLogger.java:143)- <====      Total: 1
2019-08-22 22:30:56,925 DEBUG (BaseJdbcLogger.java:143)- ====>  Preparing: select id, name, sex, birthday, phone, ID_number, email, parent_phone, adress, major, state from student_basic where id = ? 
2019-08-22 22:30:56,925 DEBUG (BaseJdbcLogger.java:143)- ====> Parameters: 12207(String)
2019-08-22 22:30:56,926 DEBUG (BaseJdbcLogger.java:143)- <====      Total: 1
2019-08-22 22:30:56,927 DEBUG (BaseJdbcLogger.java:143)- ====>  Preparing: select id, name, sex, birthday, phone, ID_number, email, parent_phone, adress, major, state from student_basic where id = ? 
2019-08-22 22:30:56,928 DEBUG (BaseJdbcLogger.java:143)- ====> Parameters: 12208(String)
2019-08-22 22:30:56,928 DEBUG (BaseJdbcLogger.java:143)- <====      Total: 1
2019-08-22 22:30:56,930 DEBUG (BaseJdbcLogger.java:143)- ====>  Preparing: select id, name, sex, birthday, phone, ID_number, email, parent_phone, adress, major, state from student_basic where id = ? 
2019-08-22 22:30:56,930 DEBUG (BaseJdbcLogger.java:143)- ====> Parameters: 12212(String)
2019-08-22 22:30:56,930 DEBUG (BaseJdbcLogger.java:143)- <====      Total: 1
2019-08-22 22:30:56,930 DEBUG (BaseJdbcLogger.java:143)- ====>  Preparing: select id, name, sex, birthday, phone, ID_number, email, parent_phone, adress, major, state from student_basic where id = ? 
2019-08-22 22:30:56,931 DEBUG (BaseJdbcLogger.java:143)- ====> Parameters: 12215(String)
2019-08-22 22:30:56,932 DEBUG (BaseJdbcLogger.java:143)- <====      Total: 1
2019-08-22 22:30:56,932 DEBUG (BaseJdbcLogger.java:143)- ====>  Preparing: select id, name, sex, birthday, phone, ID_number, email, parent_phone, adress, major, state from student_basic where id = ? 
2019-08-22 22:30:56,932 DEBUG (BaseJdbcLogger.java:143)- ====> Parameters: 12216(String)
2019-08-22 22:30:56,933 DEBUG (BaseJdbcLogger.java:143)- <====      Total: 1
2019-08-22 22:30:56,934 DEBUG (BaseJdbcLogger.java:143)- ====>  Preparing: select id, name, sex, birthday, phone, ID_number, email, parent_phone, adress, major, state from student_basic where id = ? 
2019-08-22 22:30:56,934 DEBUG (BaseJdbcLogger.java:143)- ====> Parameters: 12217(String)
2019-08-22 22:30:56,934 DEBUG (BaseJdbcLogger.java:143)- <====      Total: 1
2019-08-22 22:30:56,935 DEBUG (BaseJdbcLogger.java:143)- ====>  Preparing: select id, name, sex, birthday, phone, ID_number, email, parent_phone, adress, major, state from student_basic where id = ? 
2019-08-22 22:30:56,935 DEBUG (BaseJdbcLogger.java:143)- ====> Parameters: 12219(String)
2019-08-22 22:30:56,935 DEBUG (BaseJdbcLogger.java:143)- <====      Total: 1
2019-08-22 22:30:56,936 DEBUG (BaseJdbcLogger.java:143)- ====>  Preparing: select id, name, sex, birthday, phone, ID_number, email, parent_phone, adress, major, state from student_basic where id = ? 
2019-08-22 22:30:56,937 DEBUG (BaseJdbcLogger.java:143)- ====> Parameters: 12222(String)
2019-08-22 22:30:56,938 DEBUG (BaseJdbcLogger.java:143)- <====      Total: 1
2019-08-22 22:30:56,938 DEBUG (BaseJdbcLogger.java:143)- ====>  Preparing: select id, name, sex, birthday, phone, ID_number, email, parent_phone, adress, major, state from student_basic where id = ? 
