2019-09-03 23:49:42,671 DEBUG (BaseJdbcLogger.java:143)- <====      Total: 1
2019-09-03 23:49:42,672 DEBUG (BaseJdbcLogger.java:143)- ====>  Preparing: select id, name, sex, birthday, phone, ID_number, email, parent_phone, adress, major, state from student_basic where id = ? 
2019-09-03 23:49:42,672 DEBUG (BaseJdbcLogger.java:143)- ====> Parameters: 19065(String)
2019-09-03 23:49:42,673 DEBUG (BaseJdbcLogger.java:143)- <====      Total: 1
2019-09-03 23:49:42,673 DEBUG (BaseJdbcLogger.java:143)- ====>  Preparing: select id, name, sex, birthday, phone, ID_number, email, parent_phone, adress, major, state from student_basic where id = ? 
2019-09-03 23:49:42,674 DEBUG (BaseJdbcLogger.java:143)- ====> Parameters: 19067(String)
2019-09-03 23:49:42,675 DEBUG (BaseJdbcLogger.java:143)- <====      Total: 1
2019-09-03 23:49:42,676 DEBUG (BaseJdbcLogger.java:143)- ====>  Preparing: select id, name, sex, birthday, phone, ID_number, email, parent_phone, adress, major, state from student_basic where id = ? 
2019-09-03 23:49:42,676 DEBUG (BaseJdbcLogger.java:143)- ====> Parameters: 19071(String)
2019-09-03 23:49:42,676 DEBUG (BaseJdbcLogger.java:143)- <====      Total: 1
2019-09-03 23:49:42,677 DEBUG (BaseJdbcLogger.java:143)- ====>  Preparing: select id, name, sex, birthday, phone, ID_number, email, parent_phone, adress, major, state from student_basic where id = ? 
2019-09-03 23:49:42,677 DEBUG (BaseJdbcLogger.java:143)- ====> Parameters: 19072(String)
2019-09-03 23:49:42,678 DEBUG (BaseJdbcLogger.java:143)- <====      Total: 1
2019-09-03 23:49:42,678 DEBUG (BaseJdbcLogger.java:143)- ====>  Preparing: select id, name, sex, birthday, phone, ID_number, email, parent_phone, adress, major, state from student_basic where id = ? 
2019-09-03 23:49:42,678 DEBUG (BaseJdbcLogger.java:143)- ====> Parameters: 19073(String)
2019-09-03 23:49:42,679 DEBUG (BaseJdbcLogger.java:143)- <====      Total: 1
2019-09-03 23:49:42,679 DEBUG (BaseJdbcLogger.java:143)- ====>  Preparing: select id, name, sex, birthday, phone, ID_number, email, parent_phone, adress, major, state from student_basic where id = ? 
2019-09-03 23:49:42,679 DEBUG (BaseJdbcLogger.java:143)- ====> Parameters: 19074(String)
2019-09-03 23:49:42,681 DEBUG (BaseJdbcLogger.java:143)- <====      Total: 1
2019-09-03 23:49:42,681 DEBUG (BaseJdbcLogger.java:143)- ====>  Preparing: select id, name, sex, birthday, phone, ID_number, email, parent_phone, adress, major, state from student_basic where id = ? 
2019-09-03 23:49:42,681 DEBUG (BaseJdbcLogger.java:143)- ====> Parameters: 19077(String)
2019-09-03 23:49:42,682 DEBUG (BaseJdbcLogger.java:143)- <====      Total: 1
2019-09-03 23:49:42,682 DEBUG (BaseJdbcLogger.java:143)- ====>  Preparing: select id, name, sex, birthday, phone, ID_number, email, parent_phone, adress, major, state from student_basic where id = ? 
2019-09-03 23:49:42,682 DEBUG (BaseJdbcLogger.java:143)- ====> Parameters: 19081(String)
2019-09-03 23:49:42,683 DEBUG (BaseJdbcLogger.java:143)- <====      Total: 1
2019-09-03 23:49:42,683 DEBUG (BaseJdbcLogger.java:143)- ====>  Preparing: select id, name, sex, birthday, phone, ID_number, email, parent_phone, adress, major, state from student_basic where id = ? 
2019-09-03 23:49:42,683 DEBUG (BaseJdbcLogger.java:143)- ====> Parameters: 19084(String)
2019-09-03 23:49:42,684 DEBUG (BaseJdbcLogger.java:143)- <====      Total: 1
2019-09-03 23:49:42,684 DEBUG (BaseJdbcLogger.java:143)- ====>  Preparing: select id, name, sex, birthday, phone, ID_number, email, parent_phone, adress, major, state from student_basic where id = ? 
2019-09-03 23:49:42,685 DEBUG (BaseJdbcLogger.java:143)- ====> Parameters: 19086(String)
2019-09-03 23:49:42,686 DEBUG (BaseJdbcLogger.java:143)- <====      Total: 1
2019-09-03 23:49:42,686 DEBUG (BaseJdbcLogger.java:143)- ====>  Preparing: select id, name, sex, birthday, phone, ID_number, email, parent_phone, adress, major, state from student_basic where id = ? 
2019-09-03 23:49:42,686 DEBUG (BaseJdbcLogger.java:143)- ====> Parameters: 19089(String)
2019-09-03 23:49:42,687 DEBUG (BaseJdbcLogger.java:143)- <====      Total: 1
2019-09-03 23:49:42,687 DEBUG (BaseJdbcLogger.java:143)- <==      Total: 22
2019-09-03 23:49:42,689 DEBUG (BaseJdbcLogger.java:143)- ==>  Preparing: select student_status.id,student_status.basic_id, student_status.student_id, student_status.class_id from student_status,student_basic where student_status.basic_id=student_basic.id and student_basic.sex=? and student_status.class_id=? 
2019-09-03 23:49:42,690 DEBUG (BaseJdbcLogger.java:143)- ==> Parameters: 女(String), 080901201902(String)
2019-09-03 23:49:42,691 DEBUG (BaseJdbcLogger.java:143)- ====>  Preparing: select id, name, sex, birthday, phone, ID_number, email, parent_phone, adress, major, state from student_basic where id = ? 
2019-09-03 23:49:42,692 DEBUG (BaseJdbcLogger.java:143)- ====> Parameters: 19038(String)
2019-09-03 23:49:42,693 DEBUG (BaseJdbcLogger.java:143)- <====      Total: 1
2019-09-03 23:49:42,694 DEBUG (BaseJdbcLogger.java:143)- ====>  Preparing: select id, class_id, name, director, grade, major_id from class where class_id = ? 
2019-09-03 23:49:42,694 DEBUG (BaseJdbcLogger.java:143)- ====> Parameters: 080901201902(String)
2019-09-03 23:49:42,695 DEBUG (BaseJdbcLogger.java:143)- ======>  Preparing: select id, major_id, name, price, department_id from major where major_id = ? 
2019-09-03 23:49:42,695 DEBUG (BaseJdbcLogger.java:143)- ======> Parameters: 080901(String)
2019-09-03 23:49:42,696 DEBUG (BaseJdbcLogger.java:143)- <======      Total: 1
2019-09-03 23:49:42,696 DEBUG (BaseJdbcLogger.java:143)- <====      Total: 1
2019-09-03 23:49:42,696 DEBUG (BaseJdbcLogger.java:143)- ====>  Preparing: select id, name, sex, birthday, phone, ID_number, email, parent_phone, adress, major, state from student_basic where id = ? 
2019-09-03 23:49:42,697 DEBUG (BaseJdbcLogger.java:143)- ====> Parameters: 19040(String)
2019-09-03 23:49:42,698 DEBUG (BaseJdbcLogger.java:143)- <====      Total: 1
2019-09-03 23:49:42,698 DEBUG (BaseJdbcLogger.java:143)- ====>  Preparing: select id, name, sex, birthday, phone, ID_number, email, parent_phone, adress, major, state from student_basic where id = ? 
2019-09-03 23:49:42,698 DEBUG (BaseJdbcLogger.java:143)- ====> Parameters: 19041(String)
2019-09-03 23:49:42,699 DEBUG (BaseJdbcLogger.java:143)- <====      Total: 1
2019-09-03 23:49:42,699 DEBUG (BaseJdbcLogger.java:143)- ====>  Preparing: select id, name, sex, birthday, phone, ID_number, email, parent_phone, adress, major, state from student_basic where id = ? 
2019-09-03 23:49:42,699 DEBUG (BaseJdbcLogger.java:143)- ====> Parameters: 19045(String)
2019-09-03 23:49:42,700 DEBUG (BaseJdbcLogger.java:143)- <====      Total: 1
2019-09-03 23:49:42,700 DEBUG (BaseJdbcLogger.java:143)- ====>  Preparing: select id, name, sex, birthday, phone, ID_number, email, parent_phone, adress, major, state from student_basic where id = ? 
2019-09-03 23:49:42,701 DEBUG (BaseJdbcLogger.java:143)- ====> Parameters: 19049(String)
2019-09-03 23:49:42,702 DEBUG (BaseJdbcLogger.java:143)- <====      Total: 1
2019-09-03 23:49:42,702 DEBUG (BaseJdbcLogger.java:143)- ====>  Preparing: select id, name, sex, birthday, phone, ID_number, email, parent_phone, adress, major, state from student_basic where id = ? 
2019-09-03 23:49:42,703 DEBUG (BaseJdbcLogger.java:143)- ====> Parameters: 19050(String)
2019-09-03 23:49:42,703 DEBUG (BaseJdbcLogger.java:143)- <====      Total: 1
2019-09-03 23:49:42,703 DEBUG (BaseJdbcLogger.java:143)- ====>  Preparing: select id, name, sex, birthday, phone, ID_number, email, parent_phone, adress, major, state from student_basic where id = ? 
2019-09-03 23:49:42,704 DEBUG (BaseJdbcLogger.java:143)- ====> Parameters: 19052(String)
2019-09-03 23:49:42,704 DEBUG (BaseJdbcLogger.java:143)- <====      Total: 1
2019-09-03 23:49:42,705 DEBUG (BaseJdbcLogger.java:143)- ====>  Preparing: select id, name, sex, birthday, phone, ID_number, email, parent_phone, adress, major, state from student_basic where id = ? 
2019-09-03 23:49:42,705 DEBUG (BaseJdbcLogger.java:143)- ====> Parameters: 19054(String)
2019-09-03 23:49:42,706 DEBUG (BaseJdbcLogger.java:143)- <====      Total: 1
2019-09-03 23:49:42,707 DEBUG (BaseJdbcLogger.java:143)- ====>  Preparing: select id, name, sex, birthday, phone, ID_number, email, parent_phone, adress, major, state from student_basic where id = ? 
2019-09-03 23:49:42,707 DEBUG (BaseJdbcLogger.java:143)- ====> Parameters: 19057(String)
2019-09-03 23:49:42,708 DEBUG (BaseJdbcLogger.java:143)- <====      Total: 1
2019-09-03 23:49:42,708 DEBUG (BaseJdbcLogger.java:143)- ====>  Preparing: select id, name, sex, birthday, phone, ID_number, email, parent_phone, adress, major, state from student_basic where id = ? 
2019-09-03 23:49:42,709 DEBUG (BaseJdbcLogger.java:143)- ====> Parameters: 19061(String)
2019-09-03 23:49:42,709 DEBUG (BaseJdbcLogger.java:143)- <====      Total: 1
2019-09-03 23:49:42,709 DEBUG (BaseJdbcLogger.java:143)- ====>  Preparing: select id, name, sex, birthday, phone, ID_number, email, parent_phone, adress, major, state from student_basic where id = ? 
2019-09-03 23:49:42,710 DEBUG (BaseJdbcLogger.java:143)- ====> Parameters: 19063(String)
2019-09-03 23:49:42,710 DEBUG (BaseJdbcLogger.java:143)- <====      Total: 1
2019-09-03 23:49:42,710 DEBUG (BaseJdbcLogger.java:143)- ====>  Preparing: select id, name, sex, birthday, phone, ID_number, email, parent_phone, adress, major, state from student_basic where id = ? 
2019-09-03 23:49:42,711 DEBUG (BaseJdbcLogger.java:143)- ====> Parameters: 19064(String)
2019-09-03 23:49:42,711 DEBUG (BaseJdbcLogger.java:143)- <====      Total: 1
2019-09-03 23:49:42,711 DEBUG (BaseJdbcLogger.java:143)- ====>  Preparing: select id, name, sex, birthday, phone, ID_number, email, parent_phone, adress, major, state from student_basic where id = ? 
2019-09-03 23:49:42,712 DEBUG (BaseJdbcLogger.java:143)- ====> Parameters: 19066(String)
2019-09-03 23:49:42,712 DEBUG (BaseJdbcLogger.java:143)- <====      Total: 1
2019-09-03 23:49:42,712 DEBUG (BaseJdbcLogger.java:143)- ====>  Preparing: select id, name, sex, birthday, phone, ID_number, email, parent_phone, adress, major, state from student_basic where id = ? 
2019-09-03 23:49:42,713 DEBUG (BaseJdbcLogger.java:143)- ====> Parameters: 19068(String)
2019-09-03 23:49:42,713 DEBUG (BaseJdbcLogger.java:143)- <====      Total: 1
2019-09-03 23:49:42,714 DEBUG (BaseJdbcLogger.java:143)- ====>  Preparing: select id, name, sex, birthday, phone, ID_number, email, parent_phone, adress, major, state from student_basic where id = ? 
2019-09-03 23:49:42,714 DEBUG (BaseJdbcLogger.java:143)- ====> Parameters: 19069(String)
2019-09-03 23:49:42,714 DEBUG (BaseJdbcLogger.java:143)- <====      Total: 1
2019-09-03 23:49:42,715 DEBUG (BaseJdbcLogger.java:143)- ====>  Preparing: select id, name, sex, birthday, phone, ID_number, email, parent_phone, adress, major, state from student_basic where id = ? 
2019-09-03 23:49:42,715 DEBUG (BaseJdbcLogger.java:143)- ====> Parameters: 19070(String)
2019-09-03 23:49:42,715 DEBUG (BaseJdbcLogger.java:143)- <====      Total: 1
2019-09-03 23:49:42,716 DEBUG (BaseJdbcLogger.java:143)- ====>  Preparing: select id, name, sex, birthday, phone, ID_number, email, parent_phone, adress, major, state from student_basic where id = ? 
2019-09-03 23:49:42,716 DEBUG (BaseJdbcLogger.java:143)- ====> Parameters: 19075(String)
2019-09-03 23:49:42,716 DEBUG (BaseJdbcLogger.java:143)- <====      Total: 1
2019-09-03 23:49:42,717 DEBUG (BaseJdbcLogger.java:143)- <==      Total: 17
2019-09-03 23:49:42,717 DEBUG (BaseJdbcLogger.java:143)- ==>  Preparing: select dormitory_allocation.id, dormitory_allocation.class_id, dormitory_allocation.dormitory_id,dormitory_allocation.number from dormitory_allocation,dormitory WHERE dormitory_allocation.dormitory_id=dormitory.id and dormitory.sex=? and class_id = ? 
2019-09-03 23:49:42,717 DEBUG (BaseJdbcLogger.java:143)- ==> Parameters: 男(String), 080901201902(String)
2019-09-03 23:49:42,719 DEBUG (BaseJdbcLogger.java:143)- ====>  Preparing: select id, dong, floor, room, sex, number, rent from dormitory where id = ? 
2019-09-03 23:49:42,719 DEBUG (BaseJdbcLogger.java:143)- ====> Parameters: 61(Integer)
2019-09-03 23:49:42,720 DEBUG (BaseJdbcLogger.java:143)- <====      Total: 1
2019-09-03 23:49:42,720 DEBUG (BaseJdbcLogger.java:143)- ====>  Preparing: select id, dong, floor, room, sex, number, rent from dormitory where id = ? 
2019-09-03 23:49:42,720 DEBUG (BaseJdbcLogger.java:143)- ====> Parameters: 62(Integer)
2019-09-03 23:49:42,721 DEBUG (BaseJdbcLogger.java:143)- <====      Total: 1
2019-09-03 23:49:42,721 DEBUG (BaseJdbcLogger.java:143)- ====>  Preparing: select id, dong, floor, room, sex, number, rent from dormitory where id = ? 
2019-09-03 23:49:42,721 DEBUG (BaseJdbcLogger.java:143)- ====> Parameters: 63(Integer)
2019-09-03 23:49:42,722 DEBUG (BaseJdbcLogger.java:143)- <====      Total: 1
2019-09-03 23:49:42,722 DEBUG (BaseJdbcLogger.java:143)- ====>  Preparing: select id, dong, floor, room, sex, number, rent from dormitory where id = ? 
2019-09-03 23:49:42,722 DEBUG (BaseJdbcLogger.java:143)- ====> Parameters: 64(Integer)
2019-09-03 23:49:42,723 DEBUG (BaseJdbcLogger.java:143)- <====      Total: 1
2019-09-03 23:49:42,723 DEBUG (BaseJdbcLogger.java:143)- ====>  Preparing: select id, dong, floor, room, sex, number, rent from dormitory where id = ? 
2019-09-03 23:49:42,723 DEBUG (BaseJdbcLogger.java:143)- ====> Parameters: 97(Integer)
2019-09-03 23:49:42,724 DEBUG (BaseJdbcLogger.java:143)- <====      Total: 1
2019-09-03 23:49:42,724 DEBUG (BaseJdbcLogger.java:143)- ====>  Preparing: select id, dong, floor, room, sex, number, rent from dormitory where id = ? 
2019-09-03 23:49:42,724 DEBUG (BaseJdbcLogger.java:143)- ====> Parameters: 98(Integer)
2019-09-03 23:49:42,725 DEBUG (BaseJdbcLogger.java:143)- <====      Total: 1
2019-09-03 23:49:42,725 DEBUG (BaseJdbcLogger.java:143)- <==      Total: 6
2019-09-03 23:49:42,726 DEBUG (BaseJdbcLogger.java:143)- ==>  Preparing: select dormitory_allocation.id, dormitory_allocation.class_id, dormitory_allocation.dormitory_id,dormitory_allocation.number from dormitory_allocation,dormitory WHERE dormitory_allocation.dormitory_id=dormitory.id and dormitory.sex=? and class_id = ? 
2019-09-03 23:49:42,726 DEBUG (BaseJdbcLogger.java:143)- ==> Parameters: 女(String), 080901201902(String)
2019-09-03 23:49:42,727 DEBUG (BaseJdbcLogger.java:143)- ====>  Preparing: select id, dong, floor, room, sex, number, rent from dormitory where id = ? 
2019-09-03 23:49:42,728 DEBUG (BaseJdbcLogger.java:143)- ====> Parameters: 502(Integer)
2019-09-03 23:49:42,729 DEBUG (BaseJdbcLogger.java:143)- <====      Total: 1
2019-09-03 23:49:42,729 DEBUG (BaseJdbcLogger.java:143)- ====>  Preparing: select id, dong, floor, room, sex, number, rent from dormitory where id = ? 
2019-09-03 23:49:42,729 DEBUG (BaseJdbcLogger.java:143)- ====> Parameters: 503(Integer)
2019-09-03 23:49:42,729 DEBUG (BaseJdbcLogger.java:143)- <====      Total: 1
2019-09-03 23:49:42,730 DEBUG (BaseJdbcLogger.java:143)- ====>  Preparing: select id, dong, floor, room, sex, number, rent from dormitory where id = ? 
2019-09-03 23:49:42,730 DEBUG (BaseJdbcLogger.java:143)- ====> Parameters: 504(Integer)
2019-09-03 23:49:42,730 DEBUG (BaseJdbcLogger.java:143)- <====      Total: 1
2019-09-03 23:49:42,731 DEBUG (BaseJdbcLogger.java:143)- ====>  Preparing: select id, dong, floor, room, sex, number, rent from dormitory where id = ? 
2019-09-03 23:49:42,731 DEBUG (BaseJdbcLogger.java:143)- ====> Parameters: 501(Integer)
2019-09-03 23:49:42,732 DEBUG (BaseJdbcLogger.java:143)- <====      Total: 1
2019-09-03 23:49:42,733 DEBUG (BaseJdbcLogger.java:143)- <==      Total: 4
2019-09-03 23:49:42,733 DEBUG (BaseJdbcLogger.java:143)- ==>  Preparing: select student_status.id,student_status.basic_id, student_status.student_id, student_status.class_id from student_status,student_basic where student_status.basic_id=student_basic.id and student_basic.sex=? and student_status.class_id=? 
2019-09-03 23:49:42,733 DEBUG (BaseJdbcLogger.java:143)- ==> Parameters: 男(String), 080901201903(String)
2019-09-03 23:49:42,735 DEBUG (BaseJdbcLogger.java:143)- ====>  Preparing: select id, name, sex, birthday, phone, ID_number, email, parent_phone, adress, major, state from student_basic where id = ? 
2019-09-03 23:49:42,735 DEBUG (BaseJdbcLogger.java:143)- ====> Parameters: 19090(String)
2019-09-03 23:49:42,737 DEBUG (BaseJdbcLogger.java:143)- <====      Total: 1
2019-09-03 23:49:42,737 DEBUG (BaseJdbcLogger.java:143)- ====>  Preparing: select id, class_id, name, director, grade, major_id from class where class_id = ? 
2019-09-03 23:49:42,738 DEBUG (BaseJdbcLogger.java:143)- ====> Parameters: 080901201903(String)
2019-09-03 23:49:42,738 DEBUG (BaseJdbcLogger.java:143)- ======>  Preparing: select id, major_id, name, price, department_id from major where major_id = ? 
2019-09-03 23:49:42,739 DEBUG (BaseJdbcLogger.java:143)- ======> Parameters: 080901(String)
2019-09-03 23:49:42,739 DEBUG (BaseJdbcLogger.java:143)- <======      Total: 1
2019-09-03 23:49:42,740 DEBUG (BaseJdbcLogger.java:143)- <====      Total: 1
2019-09-03 23:49:42,740 DEBUG (BaseJdbcLogger.java:143)- ====>  Preparing: select id, name, sex, birthday, phone, ID_number, email, parent_phone, adress, major, state from student_basic where id = ? 
2019-09-03 23:49:42,740 DEBUG (BaseJdbcLogger.java:143)- ====> Parameters: 19095(String)
2019-09-03 23:49:42,741 DEBUG (BaseJdbcLogger.java:143)- <====      Total: 1
2019-09-03 23:49:42,741 DEBUG (BaseJdbcLogger.java:143)- ====>  Preparing: select id, name, sex, birthday, phone, ID_number, email, parent_phone, adress, major, state from student_basic where id = ? 
2019-09-03 23:49:42,741 DEBUG (BaseJdbcLogger.java:143)- ====> Parameters: 19096(String)
2019-09-03 23:49:42,742 DEBUG (BaseJdbcLogger.java:143)- <====      Total: 1
2019-09-03 23:49:42,742 DEBUG (BaseJdbcLogger.java:143)- ====>  Preparing: select id, name, sex, birthday, phone, ID_number, email, parent_phone, adress, major, state from student_basic where id = ? 
2019-09-03 23:49:42,742 DEBUG (BaseJdbcLogger.java:143)- ====> Parameters: 19097(String)
2019-09-03 23:49:42,743 DEBUG (BaseJdbcLogger.java:143)- <====      Total: 1
2019-09-03 23:49:42,744 DEBUG (BaseJdbcLogger.java:143)- ====>  Preparing: select id, name, sex, birthday, phone, ID_number, email, parent_phone, adress, major, state from student_basic where id = ? 
2019-09-03 23:49:42,744 DEBUG (BaseJdbcLogger.java:143)- ====> Parameters: 19098(String)
2019-09-03 23:49:42,744 DEBUG (BaseJdbcLogger.java:143)- <====      Total: 1
2019-09-03 23:49:42,745 DEBUG (BaseJdbcLogger.java:143)- ====>  Preparing: select id, name, sex, birthday, phone, ID_number, email, parent_phone, adress, major, state from student_basic where id = ? 
2019-09-03 23:49:42,745 DEBUG (BaseJdbcLogger.java:143)- ====> Parameters: 19099(String)
2019-09-03 23:49:42,746 DEBUG (BaseJdbcLogger.java:143)- <====      Total: 1
2019-09-03 23:49:42,746 DEBUG (BaseJdbcLogger.java:143)- ====>  Preparing: select id, name, sex, birthday, phone, ID_number, email, parent_phone, adress, major, state from student_basic where id = ? 
2019-09-03 23:49:42,746 DEBUG (BaseJdbcLogger.java:143)- ====> Parameters: 19100(String)
2019-09-03 23:49:42,747 DEBUG (BaseJdbcLogger.java:143)- <====      Total: 1
2019-09-03 23:49:42,748 DEBUG (BaseJdbcLogger.java:143)- ====>  Preparing: select id, name, sex, birthday, phone, ID_number, email, parent_phone, adress, major, state from student_basic where id = ? 
2019-09-03 23:49:42,748 DEBUG (BaseJdbcLogger.java:143)- ====> Parameters: 19101(String)
2019-09-03 23:49:42,749 DEBUG (BaseJdbcLogger.java:143)- <====      Total: 1
2019-09-03 23:49:42,749 DEBUG (BaseJdbcLogger.java:143)- ====>  Preparing: select id, name, sex, birthday, phone, ID_number, email, parent_phone, adress, major, state from student_basic where id = ? 
2019-09-03 23:49:42,750 DEBUG (BaseJdbcLogger.java:143)- ====> Parameters: 19102(String)
2019-09-03 23:49:42,750 DEBUG (BaseJdbcLogger.java:143)- <====      Total: 1
2019-09-03 23:49:42,751 DEBUG (BaseJdbcLogger.java:143)- ====>  Preparing: select id, name, sex, birthday, phone, ID_number, email, parent_phone, adress, major, state from student_basic where id = ? 
2019-09-03 23:49:42,751 DEBUG (BaseJdbcLogger.java:143)- ====> Parameters: 19104(String)
2019-09-03 23:49:42,753 DEBUG (BaseJdbcLogger.java:143)- <====      Total: 1
2019-09-03 23:49:42,753 DEBUG (BaseJdbcLogger.java:143)- ====>  Preparing: select id, name, sex, birthday, phone, ID_number, email, parent_phone, adress, major, state from student_basic where id = ? 
2019-09-03 23:49:42,753 DEBUG (BaseJdbcLogger.java:143)- ====> Parameters: 19105(String)
2019-09-03 23:49:42,754 DEBUG (BaseJdbcLogger.java:143)- <====      Total: 1
2019-09-03 23:49:42,754 DEBUG (BaseJdbcLogger.java:143)- ====>  Preparing: select id, name, sex, birthday, phone, ID_number, email, parent_phone, adress, major, state from student_basic where id = ? 
2019-09-03 23:49:42,754 DEBUG (BaseJdbcLogger.java:143)- ====> Parameters: 19108(String)
2019-09-03 23:49:42,755 DEBUG (BaseJdbcLogger.java:143)- <====      Total: 1
2019-09-03 23:49:42,755 DEBUG (BaseJdbcLogger.java:143)- ====>  Preparing: select id, name, sex, birthday, phone, ID_number, email, parent_phone, adress, major, state from student_basic where id = ? 
2019-09-03 23:49:42,756 DEBUG (BaseJdbcLogger.java:143)- ====> Parameters: 19111(String)
2019-09-03 23:49:42,756 DEBUG (BaseJdbcLogger.java:143)- <====      Total: 1
2019-09-03 23:49:42,757 DEBUG (BaseJdbcLogger.java:143)- ====>  Preparing: select id, name, sex, birthday, phone, ID_number, email, parent_phone, adress, major, state from student_basic where id = ? 
2019-09-03 23:49:42,757 DEBUG (BaseJdbcLogger.java:143)- ====> Parameters: 19112(String)
2019-09-03 23:49:42,758 DEBUG (BaseJdbcLogger.java:143)- <====      Total: 1
2019-09-03 23:49:42,758 DEBUG (BaseJdbcLogger.java:143)- ====>  Preparing: select id, name, sex, birthday, phone, ID_number, email, parent_phone, adress, major, state from student_basic where id = ? 
2019-09-03 23:49:42,758 DEBUG (BaseJdbcLogger.java:143)- ====> Parameters: 19113(String)
2019-09-03 23:49:42,759 DEBUG (BaseJdbcLogger.java:143)- <====      Total: 1
2019-09-03 23:49:42,760 DEBUG (BaseJdbcLogger.java:143)- ====>  Preparing: select id, name, sex, birthday, phone, ID_number, email, parent_phone, adress, major, state from student_basic where id = ? 
2019-09-03 23:49:42,761 DEBUG (BaseJdbcLogger.java:143)- ====> Parameters: 19117(String)
2019-09-03 23:49:42,762 DEBUG (BaseJdbcLogger.java:143)- <====      Total: 1
2019-09-03 23:49:42,762 DEBUG (BaseJdbcLogger.java:143)- ====>  Preparing: select id, name, sex, birthday, phone, ID_number, email, parent_phone, adress, major, state from student_basic where id = ? 
2019-09-03 23:49:42,762 DEBUG (BaseJdbcLogger.java:143)- ====> Parameters: 19118(String)
2019-09-03 23:49:42,763 DEBUG (BaseJdbcLogger.java:143)- <====      Total: 1
2019-09-03 23:49:42,763 DEBUG (BaseJdbcLogger.java:143)- ====>  Preparing: select id, name, sex, birthday, phone, ID_number, email, parent_phone, adress, major, state from student_basic where id = ? 
2019-09-03 23:49:42,763 DEBUG (BaseJdbcLogger.java:143)- ====> Parameters: 19119(String)
2019-09-03 23:49:42,764 DEBUG (BaseJdbcLogger.java:143)- <====      Total: 1
2019-09-03 23:49:42,764 DEBUG (BaseJdbcLogger.java:143)- ====>  Preparing: select id, name, sex, birthday, phone, ID_number, email, parent_phone, adress, major, state from student_basic where id = ? 
2019-09-03 23:49:42,764 DEBUG (BaseJdbcLogger.java:143)- ====> Parameters: 19120(String)
2019-09-03 23:49:42,766 DEBUG (BaseJdbcLogger.java:143)- <====      Total: 1
2019-09-03 23:49:42,766 DEBUG (BaseJdbcLogger.java:143)- ====>  Preparing: select id, name, sex, birthday, phone, ID_number, email, parent_phone, adress, major, state from student_basic where id = ? 
2019-09-03 23:49:42,766 DEBUG (BaseJdbcLogger.java:143)- ====> Parameters: 19121(String)
2019-09-03 23:49:42,767 DEBUG (BaseJdbcLogger.java:143)- <====      Total: 1
2019-09-03 23:49:42,767 DEBUG (BaseJdbcLogger.java:143)- ====>  Preparing: select id, name, sex, birthday, phone, ID_number, email, parent_phone, adress, major, state from student_basic where id = ? 
2019-09-03 23:49:42,767 DEBUG (BaseJdbcLogger.java:143)- ====> Parameters: 19122(String)
2019-09-03 23:49:42,769 DEBUG (BaseJdbcLogger.java:143)- <====      Total: 1
2019-09-03 23:49:42,769 DEBUG (BaseJdbcLogger.java:143)- <==      Total: 21
2019-09-03 23:49:42,769 DEBUG (BaseJdbcLogger.java:143)- ==>  Preparing: select student_status.id,student_status.basic_id, student_status.student_id, student_status.class_id from student_status,student_basic where student_status.basic_id=student_basic.id and student_basic.sex=? and student_status.class_id=? 
2019-09-03 23:49:42,770 DEBUG (BaseJdbcLogger.java:143)- ==> Parameters: 女(String), 080901201903(String)
2019-09-03 23:49:42,772 DEBUG (BaseJdbcLogger.java:143)- ====>  Preparing: select id, name, sex, birthday, phone, ID_number, email, parent_phone, adress, major, state from student_basic where id = ? 
2019-09-03 23:49:42,772 DEBUG (BaseJdbcLogger.java:143)- ====> Parameters: 19076(String)
2019-09-03 23:49:42,773 DEBUG (BaseJdbcLogger.java:143)- <====      Total: 1
2019-09-03 23:49:42,774 DEBUG (BaseJdbcLogger.java:143)- ====>  Preparing: select id, class_id, name, director, grade, major_id from class where class_id = ? 
2019-09-03 23:49:42,774 DEBUG (BaseJdbcLogger.java:143)- ====> Parameters: 080901201903(String)
2019-09-03 23:49:42,775 DEBUG (BaseJdbcLogger.java:143)- ======>  Preparing: select id, major_id, name, price, department_id from major where major_id = ? 
2019-09-03 23:49:42,776 DEBUG (BaseJdbcLogger.java:143)- ======> Parameters: 080901(String)
2019-09-03 23:49:42,777 DEBUG (BaseJdbcLogger.java:143)- <======      Total: 1
2019-09-03 23:49:42,777 DEBUG (BaseJdbcLogger.java:143)- <====      Total: 1
2019-09-03 23:49:42,778 DEBUG (BaseJdbcLogger.java:143)- ====>  Preparing: select id, name, sex, birthday, phone, ID_number, email, parent_phone, adress, major, state from student_basic where id = ? 
2019-09-03 23:49:42,778 DEBUG (BaseJdbcLogger.java:143)- ====> Parameters: 19078(String)
2019-09-03 23:49:42,781 DEBUG (BaseJdbcLogger.java:143)- <====      Total: 1
2019-09-03 23:49:42,781 DEBUG (BaseJdbcLogger.java:143)- ====>  Preparing: select id, name, sex, birthday, phone, ID_number, email, parent_phone, adress, major, state from student_basic where id = ? 
2019-09-03 23:49:42,781 DEBUG (BaseJdbcLogger.java:143)- ====> Parameters: 19079(String)
2019-09-03 23:49:42,781 DEBUG (BaseJdbcLogger.java:143)- <====      Total: 1
2019-09-03 23:49:42,782 DEBUG (BaseJdbcLogger.java:143)- ====>  Preparing: select id, name, sex, birthday, phone, ID_number, email, parent_phone, adress, major, state from student_basic where id = ? 
2019-09-03 23:49:42,782 DEBUG (BaseJdbcLogger.java:143)- ====> Parameters: 19080(String)
2019-09-03 23:49:42,783 DEBUG (BaseJdbcLogger.java:143)- <====      Total: 1
2019-09-03 23:49:42,783 DEBUG (BaseJdbcLogger.java:143)- ====>  Preparing: select id, name, sex, birthday, phone, ID_number, email, parent_phone, adress, major, state from student_basic where id = ? 
2019-09-03 23:49:42,783 DEBUG (BaseJdbcLogger.java:143)- ====> Parameters: 19082(String)
2019-09-03 23:49:42,784 DEBUG (BaseJdbcLogger.java:143)- <====      Total: 1
2019-09-03 23:49:42,785 DEBUG (BaseJdbcLogger.java:143)- ====>  Preparing: select id, name, sex, birthday, phone, ID_number, email, parent_phone, adress, major, state from student_basic where id = ? 
2019-09-03 23:49:42,786 DEBUG (BaseJdbcLogger.java:143)- ====> Parameters: 19083(String)
2019-09-03 23:49:42,786 DEBUG (BaseJdbcLogger.java:143)- <====      Total: 1
2019-09-03 23:49:42,786 DEBUG (BaseJdbcLogger.java:143)- ====>  Preparing: select id, name, sex, birthday, phone, ID_number, email, parent_phone, adress, major, state from student_basic where id = ? 
2019-09-03 23:49:42,786 DEBUG (BaseJdbcLogger.java:143)- ====> Parameters: 19085(String)
2019-09-03 23:49:42,787 DEBUG (BaseJdbcLogger.java:143)- <====      Total: 1
2019-09-03 23:49:42,787 DEBUG (BaseJdbcLogger.java:143)- ====>  Preparing: select id, name, sex, birthday, phone, ID_number, email, parent_phone, adress, major, state from student_basic where id = ? 
2019-09-03 23:49:42,787 DEBUG (BaseJdbcLogger.java:143)- ====> Parameters: 19087(String)
2019-09-03 23:49:42,788 DEBUG (BaseJdbcLogger.java:143)- <====      Total: 1
2019-09-03 23:49:42,788 DEBUG (BaseJdbcLogger.java:143)- ====>  Preparing: select id, name, sex, birthday, phone, ID_number, email, parent_phone, adress, major, state from student_basic where id = ? 
2019-09-03 23:49:42,788 DEBUG (BaseJdbcLogger.java:143)- ====> Parameters: 19088(String)
2019-09-03 23:49:42,789 DEBUG (BaseJdbcLogger.java:143)- <====      Total: 1
2019-09-03 23:49:42,789 DEBUG (BaseJdbcLogger.java:143)- ====>  Preparing: select id, name, sex, birthday, phone, ID_number, email, parent_phone, adress, major, state from student_basic where id = ? 
2019-09-03 23:49:42,789 DEBUG (BaseJdbcLogger.java:143)- ====> Parameters: 19091(String)
2019-09-03 23:49:42,790 DEBUG (BaseJdbcLogger.java:143)- <====      Total: 1
2019-09-03 23:49:42,790 DEBUG (BaseJdbcLogger.java:143)- ====>  Preparing: select id, name, sex, birthday, phone, ID_number, email, parent_phone, adress, major, state from student_basic where id = ? 
2019-09-03 23:49:42,791 DEBUG (BaseJdbcLogger.java:143)- ====> Parameters: 19092(String)
2019-09-03 23:49:42,791 DEBUG (BaseJdbcLogger.java:143)- <====      Total: 1
2019-09-03 23:49:42,791 DEBUG (BaseJdbcLogger.java:143)- ====>  Preparing: select id, name, sex, birthday, phone, ID_number, email, parent_phone, adress, major, state from student_basic where id = ? 
2019-09-03 23:49:42,792 DEBUG (BaseJdbcLogger.java:143)- ====> Parameters: 19093(String)
2019-09-03 23:49:42,792 DEBUG (BaseJdbcLogger.java:143)- <====      Total: 1
2019-09-03 23:49:42,792 DEBUG (BaseJdbcLogger.java:143)- ====>  Preparing: select id, name, sex, birthday, phone, ID_number, email, parent_phone, adress, major, state from student_basic where id = ? 
2019-09-03 23:49:42,793 DEBUG (BaseJdbcLogger.java:143)- ====> Parameters: 19094(String)
2019-09-03 23:49:42,794 DEBUG (BaseJdbcLogger.java:143)- <====      Total: 1
2019-09-03 23:49:42,795 DEBUG (BaseJdbcLogger.java:143)- ====>  Preparing: select id, name, sex, birthday, phone, ID_number, email, parent_phone, adress, major, state from student_basic where id = ? 
2019-09-03 23:49:42,795 DEBUG (BaseJdbcLogger.java:143)- ====> Parameters: 19103(String)
2019-09-03 23:49:42,796 DEBUG (BaseJdbcLogger.java:143)- <====      Total: 1
2019-09-03 23:49:42,796 DEBUG (BaseJdbcLogger.java:143)- ====>  Preparing: select id, name, sex, birthday, phone, ID_number, email, parent_phone, adress, major, state from student_basic where id = ? 
2019-09-03 23:49:42,797 DEBUG (BaseJdbcLogger.java:143)- ====> Parameters: 19106(String)
2019-09-03 23:49:42,797 DEBUG (BaseJdbcLogger.java:143)- <====      Total: 1
