2019-10-28 00:20:24,835 DEBUG (BaseJdbcLogger.java:143)- ====> Parameters: 28037(String)
2019-10-28 00:20:24,837 DEBUG (BaseJdbcLogger.java:143)- <====      Total: 1
2019-10-28 00:20:24,837 DEBUG (BaseJdbcLogger.java:143)- ====>  Preparing: select id, name, sex, birthday, phone, ID_number, email, parent_phone, adress, major, state from student_basic where id = ? 
2019-10-28 00:20:24,837 DEBUG (BaseJdbcLogger.java:143)- ====> Parameters: 28038(String)
2019-10-28 00:20:24,838 DEBUG (BaseJdbcLogger.java:143)- <====      Total: 1
2019-10-28 00:20:24,839 DEBUG (BaseJdbcLogger.java:143)- ====>  Preparing: select id, name, sex, birthday, phone, ID_number, email, parent_phone, adress, major, state from student_basic where id = ? 
2019-10-28 00:20:24,840 DEBUG (BaseJdbcLogger.java:143)- ====> Parameters: 28039(String)
2019-10-28 00:20:24,841 DEBUG (BaseJdbcLogger.java:143)- <====      Total: 1
2019-10-28 00:20:24,841 DEBUG (BaseJdbcLogger.java:143)- ====>  Preparing: select id, name, sex, birthday, phone, ID_number, email, parent_phone, adress, major, state from student_basic where id = ? 
2019-10-28 00:20:24,842 DEBUG (BaseJdbcLogger.java:143)- ====> Parameters: 28040(String)
2019-10-28 00:20:24,842 DEBUG (BaseJdbcLogger.java:143)- <====      Total: 1
2019-10-28 00:20:24,843 DEBUG (BaseJdbcLogger.java:143)- ====>  Preparing: select id, name, sex, birthday, phone, ID_number, email, parent_phone, adress, major, state from student_basic where id = ? 
2019-10-28 00:20:24,843 DEBUG (BaseJdbcLogger.java:143)- ====> Parameters: 28042(String)
2019-10-28 00:20:24,844 DEBUG (BaseJdbcLogger.java:143)- <====      Total: 1
2019-10-28 00:20:24,844 DEBUG (BaseJdbcLogger.java:143)- ====>  Preparing: select id, name, sex, birthday, phone, ID_number, email, parent_phone, adress, major, state from student_basic where id = ? 
2019-10-28 00:20:24,844 DEBUG (BaseJdbcLogger.java:143)- ====> Parameters: 28043(String)
2019-10-28 00:20:24,847 DEBUG (BaseJdbcLogger.java:143)- <====      Total: 1
2019-10-28 00:20:24,847 DEBUG (BaseJdbcLogger.java:143)- ====>  Preparing: select id, name, sex, birthday, phone, ID_number, email, parent_phone, adress, major, state from student_basic where id = ? 
2019-10-28 00:20:24,847 DEBUG (BaseJdbcLogger.java:143)- ====> Parameters: 28044(String)
2019-10-28 00:20:24,848 DEBUG (BaseJdbcLogger.java:143)- <====      Total: 1
2019-10-28 00:20:24,848 DEBUG (BaseJdbcLogger.java:143)- ====>  Preparing: select id, name, sex, birthday, phone, ID_number, email, parent_phone, adress, major, state from student_basic where id = ? 
2019-10-28 00:20:24,849 DEBUG (BaseJdbcLogger.java:143)- ====> Parameters: 28047(String)
2019-10-28 00:20:24,849 DEBUG (BaseJdbcLogger.java:143)- <====      Total: 1
2019-10-28 00:20:24,851 DEBUG (BaseJdbcLogger.java:143)- ====>  Preparing: select id, name, sex, birthday, phone, ID_number, email, parent_phone, adress, major, state from student_basic where id = ? 
2019-10-28 00:20:24,851 DEBUG (BaseJdbcLogger.java:143)- ====> Parameters: 28048(String)
2019-10-28 00:20:24,851 DEBUG (BaseJdbcLogger.java:143)- <====      Total: 1
2019-10-28 00:20:24,851 DEBUG (BaseJdbcLogger.java:143)- <==      Total: 19
2019-10-28 00:20:24,852 DEBUG (BaseJdbcLogger.java:143)- ==>  Preparing: select dormitory_allocation.id, dormitory_allocation.class_id, dormitory_allocation.dormitory_id,dormitory_allocation.number from dormitory_allocation,dormitory WHERE dormitory_allocation.dormitory_id=dormitory.id and dormitory.sex=? and class_id = ? 
2019-10-28 00:20:24,852 DEBUG (BaseJdbcLogger.java:143)- ==> Parameters: 女(String), 081001201901(String)
2019-10-28 00:20:24,853 DEBUG (BaseJdbcLogger.java:143)- ====>  Preparing: select id, dong, floor, room, sex, number, rent,hasnumber from dormitory where id = ? 
2019-10-28 00:20:24,853 DEBUG (BaseJdbcLogger.java:143)- ====> Parameters: 451(Integer)
2019-10-28 00:20:24,855 DEBUG (BaseJdbcLogger.java:143)- <====      Total: 1
2019-10-28 00:20:24,855 DEBUG (BaseJdbcLogger.java:143)- ====>  Preparing: select id, dong, floor, room, sex, number, rent,hasnumber from dormitory where id = ? 
2019-10-28 00:20:24,856 DEBUG (BaseJdbcLogger.java:143)- ====> Parameters: 452(Integer)
2019-10-28 00:20:24,857 DEBUG (BaseJdbcLogger.java:143)- <====      Total: 1
2019-10-28 00:20:24,858 DEBUG (BaseJdbcLogger.java:143)- ====>  Preparing: select id, dong, floor, room, sex, number, rent,hasnumber from dormitory where id = ? 
2019-10-28 00:20:24,859 DEBUG (BaseJdbcLogger.java:143)- ====> Parameters: 453(Integer)
2019-10-28 00:20:24,859 DEBUG (BaseJdbcLogger.java:143)- ==>  Preparing: select DISTINCT dormitory.floor from dormitory where dormitory.dong=? 
2019-10-28 00:20:24,861 DEBUG (BaseJdbcLogger.java:143)- ==> Parameters: 2A(String)
2019-10-28 00:20:24,861 DEBUG (BaseJdbcLogger.java:143)- <====      Total: 1
2019-10-28 00:20:24,861 DEBUG (BaseJdbcLogger.java:143)- ====>  Preparing: select id, dong, floor, room, sex, number, rent,hasnumber from dormitory where id = ? 
2019-10-28 00:20:24,863 DEBUG (BaseJdbcLogger.java:143)- ====> Parameters: 454(Integer)
2019-10-28 00:20:24,863 DEBUG (BaseJdbcLogger.java:143)- <==      Total: 6
2019-10-28 00:20:24,864 DEBUG (BaseJdbcLogger.java:143)- <====      Total: 1
2019-10-28 00:20:24,864 DEBUG (BaseJdbcLogger.java:143)- <==      Total: 4
2019-10-28 00:20:24,865 DEBUG (BaseJdbcLogger.java:143)- ==>  Preparing: select student_status.id,student_status.basic_id, student_status.student_id, student_status.class_id from student_status,student_basic where student_status.basic_id=student_basic.id and student_basic.sex=? and student_status.class_id=? 
2019-10-28 00:20:24,867 DEBUG (BaseJdbcLogger.java:143)- ==> Parameters: 女(String), 081001201902(String)
2019-10-28 00:20:24,868 DEBUG (BaseJdbcLogger.java:143)- ====>  Preparing: select id, name, sex, birthday, phone, ID_number, email, parent_phone, adress, major, state from student_basic where id = ? 
2019-10-28 00:20:24,869 DEBUG (BaseJdbcLogger.java:143)- ====> Parameters: 28017(String)
2019-10-28 00:20:24,870 DEBUG (BaseJdbcLogger.java:143)- <====      Total: 1
2019-10-28 00:20:24,870 DEBUG (BaseJdbcLogger.java:143)- ====>  Preparing: select id, class_id, name, director, grade, major_id from class WHERE class_id = ? 
2019-10-28 00:20:24,870 DEBUG (BaseJdbcLogger.java:143)- ====> Parameters: 081001201902(String)
2019-10-28 00:20:24,871 DEBUG (BaseJdbcLogger.java:143)- ======>  Preparing: select id, major_id, name, price, department_id from major where major_id = ? 
2019-10-28 00:20:24,871 DEBUG (BaseJdbcLogger.java:143)- ======> Parameters: 081001(String)
2019-10-28 00:20:24,875 DEBUG (BaseJdbcLogger.java:143)- <======      Total: 1
2019-10-28 00:20:24,875 DEBUG (BaseJdbcLogger.java:143)- <====      Total: 1
2019-10-28 00:20:24,876 DEBUG (BaseJdbcLogger.java:143)- ====>  Preparing: select id, name, sex, birthday, phone, ID_number, email, parent_phone, adress, major, state from student_basic where id = ? 
2019-10-28 00:20:24,876 DEBUG (BaseJdbcLogger.java:143)- ====> Parameters: 28049(String)
2019-10-28 00:20:24,877 DEBUG (BaseJdbcLogger.java:143)- <====      Total: 1
2019-10-28 00:20:24,877 DEBUG (BaseJdbcLogger.java:143)- ====>  Preparing: select id, name, sex, birthday, phone, ID_number, email, parent_phone, adress, major, state from student_basic where id = ? 
2019-10-28 00:20:24,878 DEBUG (BaseJdbcLogger.java:143)- ====> Parameters: 28052(String)
2019-10-28 00:20:24,878 DEBUG (BaseJdbcLogger.java:143)- <====      Total: 1
2019-10-28 00:20:24,879 DEBUG (BaseJdbcLogger.java:143)- ====>  Preparing: select id, name, sex, birthday, phone, ID_number, email, parent_phone, adress, major, state from student_basic where id = ? 
2019-10-28 00:20:24,880 DEBUG (BaseJdbcLogger.java:143)- ====> Parameters: 28053(String)
