2019-10-28 00:43:31,407 DEBUG (BaseJdbcLogger.java:143)- <====      Total: 1
2019-10-28 00:43:31,409 DEBUG (BaseJdbcLogger.java:143)- ====>  Preparing: select id, name, sex, birthday, phone, ID_number, email, parent_phone, adress, major, state from student_basic where id = ? 
2019-10-28 00:43:31,409 DEBUG (BaseJdbcLogger.java:143)- ====> Parameters: 27928(String)
2019-10-28 00:43:31,410 DEBUG (BaseJdbcLogger.java:143)- <====      Total: 1
2019-10-28 00:43:31,410 DEBUG (BaseJdbcLogger.java:143)- ====>  Preparing: select id, name, sex, birthday, phone, ID_number, email, parent_phone, adress, major, state from student_basic where id = ? 
2019-10-28 00:43:31,410 DEBUG (BaseJdbcLogger.java:143)- ====> Parameters: 27929(String)
2019-10-28 00:43:31,411 DEBUG (BaseJdbcLogger.java:143)- <====      Total: 1
2019-10-28 00:43:31,412 DEBUG (BaseJdbcLogger.java:143)- ====>  Preparing: select id, name, sex, birthday, phone, ID_number, email, parent_phone, adress, major, state from student_basic where id = ? 
2019-10-28 00:43:31,412 DEBUG (BaseJdbcLogger.java:143)- ====> Parameters: 27930(String)
2019-10-28 00:43:31,413 DEBUG (BaseJdbcLogger.java:143)- <====      Total: 1
2019-10-28 00:43:31,413 DEBUG (BaseJdbcLogger.java:143)- ====>  Preparing: select id, name, sex, birthday, phone, ID_number, email, parent_phone, adress, major, state from student_basic where id = ? 
2019-10-28 00:43:31,413 DEBUG (BaseJdbcLogger.java:143)- ====> Parameters: 27933(String)
2019-10-28 00:43:31,415 DEBUG (BaseJdbcLogger.java:143)- <====      Total: 1
2019-10-28 00:43:31,415 DEBUG (BaseJdbcLogger.java:143)- ====>  Preparing: select id, name, sex, birthday, phone, ID_number, email, parent_phone, adress, major, state from student_basic where id = ? 
2019-10-28 00:43:31,415 DEBUG (BaseJdbcLogger.java:143)- ====> Parameters: 27937(String)
2019-10-28 00:43:31,416 DEBUG (BaseJdbcLogger.java:143)- <====      Total: 1
2019-10-28 00:43:31,416 DEBUG (BaseJdbcLogger.java:143)- ====>  Preparing: select id, name, sex, birthday, phone, ID_number, email, parent_phone, adress, major, state from student_basic where id = ? 
2019-10-28 00:43:31,417 DEBUG (BaseJdbcLogger.java:143)- ====> Parameters: 27940(String)
2019-10-28 00:43:31,417 DEBUG (BaseJdbcLogger.java:143)- <====      Total: 1
2019-10-28 00:43:31,418 DEBUG (BaseJdbcLogger.java:143)- ====>  Preparing: select id, name, sex, birthday, phone, ID_number, email, parent_phone, adress, major, state from student_basic where id = ? 
2019-10-28 00:43:31,418 DEBUG (BaseJdbcLogger.java:143)- ====> Parameters: 27942(String)
2019-10-28 00:43:31,419 DEBUG (BaseJdbcLogger.java:143)- <====      Total: 1
2019-10-28 00:43:31,420 DEBUG (BaseJdbcLogger.java:143)- ====>  Preparing: select id, name, sex, birthday, phone, ID_number, email, parent_phone, adress, major, state from student_basic where id = ? 
2019-10-28 00:43:31,421 DEBUG (BaseJdbcLogger.java:143)- ====> Parameters: 27945(String)
2019-10-28 00:43:31,421 DEBUG (BaseJdbcLogger.java:143)- <====      Total: 1
2019-10-28 00:43:31,421 DEBUG (BaseJdbcLogger.java:143)- <==      Total: 22
2019-10-28 00:43:31,422 DEBUG (BaseJdbcLogger.java:143)- ==>  Preparing: select student_status.id,student_status.basic_id, student_status.student_id, student_status.class_id from student_status,student_basic where student_status.basic_id=student_basic.id and student_basic.sex=? and student_status.class_id=? 
2019-10-28 00:43:31,422 DEBUG (BaseJdbcLogger.java:143)- ==> Parameters: 女(String), 080901201902(String)
2019-10-28 00:43:31,423 DEBUG (BaseJdbcLogger.java:143)- ====>  Preparing: select id, name, sex, birthday, phone, ID_number, email, parent_phone, adress, major, state from student_basic where id = ? 
2019-10-28 00:43:31,423 DEBUG (BaseJdbcLogger.java:143)- ====> Parameters: 27894(String)
2019-10-28 00:43:31,424 DEBUG (BaseJdbcLogger.java:143)- <====      Total: 1
2019-10-28 00:43:31,424 DEBUG (BaseJdbcLogger.java:143)- ====>  Preparing: select id, name, sex, birthday, phone, ID_number, email, parent_phone, adress, major, state from student_basic where id = ? 
2019-10-28 00:43:31,424 DEBUG (BaseJdbcLogger.java:143)- ====> Parameters: 27896(String)
2019-10-28 00:43:31,425 DEBUG (BaseJdbcLogger.java:143)- <====      Total: 1
2019-10-28 00:43:31,425 DEBUG (BaseJdbcLogger.java:143)- ====>  Preparing: select id, name, sex, birthday, phone, ID_number, email, parent_phone, adress, major, state from student_basic where id = ? 
2019-10-28 00:43:31,426 DEBUG (BaseJdbcLogger.java:143)- ====> Parameters: 27897(String)
2019-10-28 00:43:31,427 DEBUG (BaseJdbcLogger.java:143)- <====      Total: 1
2019-10-28 00:43:31,428 DEBUG (BaseJdbcLogger.java:143)- ====>  Preparing: select id, name, sex, birthday, phone, ID_number, email, parent_phone, adress, major, state from student_basic where id = ? 
2019-10-28 00:43:31,428 DEBUG (BaseJdbcLogger.java:143)- ====> Parameters: 27901(String)
2019-10-28 00:43:31,429 DEBUG (BaseJdbcLogger.java:143)- <====      Total: 1
2019-10-28 00:43:31,429 DEBUG (BaseJdbcLogger.java:143)- ====>  Preparing: select id, name, sex, birthday, phone, ID_number, email, parent_phone, adress, major, state from student_basic where id = ? 
2019-10-28 00:43:31,430 DEBUG (BaseJdbcLogger.java:143)- ====> Parameters: 27905(String)
2019-10-28 00:43:31,431 DEBUG (BaseJdbcLogger.java:143)- <====      Total: 1
2019-10-28 00:43:31,432 DEBUG (BaseJdbcLogger.java:143)- ====>  Preparing: select id, name, sex, birthday, phone, ID_number, email, parent_phone, adress, major, state from student_basic where id = ? 
2019-10-28 00:43:31,432 DEBUG (BaseJdbcLogger.java:143)- ====> Parameters: 27906(String)
2019-10-28 00:43:31,432 DEBUG (BaseJdbcLogger.java:143)- <====      Total: 1
2019-10-28 00:43:31,433 DEBUG (BaseJdbcLogger.java:143)- ====>  Preparing: select id, name, sex, birthday, phone, ID_number, email, parent_phone, adress, major, state from student_basic where id = ? 
2019-10-28 00:43:31,433 DEBUG (BaseJdbcLogger.java:143)- ====> Parameters: 27908(String)
2019-10-28 00:43:31,434 DEBUG (BaseJdbcLogger.java:143)- <====      Total: 1
2019-10-28 00:43:31,435 DEBUG (BaseJdbcLogger.java:143)- ====>  Preparing: select id, name, sex, birthday, phone, ID_number, email, parent_phone, adress, major, state from student_basic where id = ? 
2019-10-28 00:43:31,435 DEBUG (BaseJdbcLogger.java:143)- ====> Parameters: 27910(String)
2019-10-28 00:43:31,435 DEBUG (BaseJdbcLogger.java:143)- <====      Total: 1
2019-10-28 00:43:31,436 DEBUG (BaseJdbcLogger.java:143)- ====>  Preparing: select id, name, sex, birthday, phone, ID_number, email, parent_phone, adress, major, state from student_basic where id = ? 
2019-10-28 00:43:31,436 DEBUG (BaseJdbcLogger.java:143)- ====> Parameters: 27913(String)
2019-10-28 00:43:31,437 DEBUG (BaseJdbcLogger.java:143)- <====      Total: 1
2019-10-28 00:43:31,437 DEBUG (BaseJdbcLogger.java:143)- ====>  Preparing: select id, name, sex, birthday, phone, ID_number, email, parent_phone, adress, major, state from student_basic where id = ? 
2019-10-28 00:43:31,438 DEBUG (BaseJdbcLogger.java:143)- ====> Parameters: 27917(String)
2019-10-28 00:43:31,438 DEBUG (BaseJdbcLogger.java:143)- <====      Total: 1
2019-10-28 00:43:31,439 DEBUG (BaseJdbcLogger.java:143)- ====>  Preparing: select id, name, sex, birthday, phone, ID_number, email, parent_phone, adress, major, state from student_basic where id = ? 
2019-10-28 00:43:31,440 DEBUG (BaseJdbcLogger.java:143)- ====> Parameters: 27919(String)
2019-10-28 00:43:31,440 DEBUG (BaseJdbcLogger.java:143)- <====      Total: 1
2019-10-28 00:43:31,440 DEBUG (BaseJdbcLogger.java:143)- ====>  Preparing: select id, name, sex, birthday, phone, ID_number, email, parent_phone, adress, major, state from student_basic where id = ? 
2019-10-28 00:43:31,440 DEBUG (BaseJdbcLogger.java:143)- ====> Parameters: 27920(String)
2019-10-28 00:43:31,441 DEBUG (BaseJdbcLogger.java:143)- <====      Total: 1
2019-10-28 00:43:31,441 DEBUG (BaseJdbcLogger.java:143)- ====>  Preparing: select id, name, sex, birthday, phone, ID_number, email, parent_phone, adress, major, state from student_basic where id = ? 
2019-10-28 00:43:31,442 DEBUG (BaseJdbcLogger.java:143)- ====> Parameters: 27922(String)
2019-10-28 00:43:31,442 DEBUG (BaseJdbcLogger.java:143)- <====      Total: 1
2019-10-28 00:43:31,443 DEBUG (BaseJdbcLogger.java:143)- ====>  Preparing: select id, name, sex, birthday, phone, ID_number, email, parent_phone, adress, major, state from student_basic where id = ? 
2019-10-28 00:43:31,443 DEBUG (BaseJdbcLogger.java:143)- ====> Parameters: 27924(String)
2019-10-28 00:43:31,443 DEBUG (BaseJdbcLogger.java:143)- <====      Total: 1
2019-10-28 00:43:31,444 DEBUG (BaseJdbcLogger.java:143)- ====>  Preparing: select id, name, sex, birthday, phone, ID_number, email, parent_phone, adress, major, state from student_basic where id = ? 
2019-10-28 00:43:31,444 DEBUG (BaseJdbcLogger.java:143)- ====> Parameters: 27925(String)
2019-10-28 00:43:31,445 DEBUG (BaseJdbcLogger.java:143)- <====      Total: 1
2019-10-28 00:43:31,446 DEBUG (BaseJdbcLogger.java:143)- ====>  Preparing: select id, name, sex, birthday, phone, ID_number, email, parent_phone, adress, major, state from student_basic where id = ? 
2019-10-28 00:43:31,446 DEBUG (BaseJdbcLogger.java:143)- ====> Parameters: 27926(String)
2019-10-28 00:43:31,449 DEBUG (BaseJdbcLogger.java:143)- <====      Total: 1
2019-10-28 00:43:31,449 DEBUG (BaseJdbcLogger.java:143)- ====>  Preparing: select id, name, sex, birthday, phone, ID_number, email, parent_phone, adress, major, state from student_basic where id = ? 
2019-10-28 00:43:31,449 DEBUG (BaseJdbcLogger.java:143)- ====> Parameters: 27931(String)
2019-10-28 00:43:31,450 DEBUG (BaseJdbcLogger.java:143)- <====      Total: 1
2019-10-28 00:43:31,450 DEBUG (BaseJdbcLogger.java:143)- <==      Total: 17
2019-10-28 00:43:31,451 DEBUG (BaseJdbcLogger.java:143)- ==>  Preparing: select dormitory_allocation.id, dormitory_allocation.class_id, dormitory_allocation.dormitory_id,dormitory_allocation.number from dormitory_allocation,dormitory WHERE dormitory_allocation.dormitory_id=dormitory.id and dormitory.sex=? and class_id = ? 
2019-10-28 00:43:31,451 DEBUG (BaseJdbcLogger.java:143)- ==> Parameters: 男(String), 080901201902(String)
2019-10-28 00:43:31,451 DEBUG (BaseJdbcLogger.java:143)- <==      Total: 0
2019-10-28 00:43:31,452 DEBUG (BaseJdbcLogger.java:143)- ==>  Preparing: select dormitory_allocation.id, dormitory_allocation.class_id, dormitory_allocation.dormitory_id,dormitory_allocation.number from dormitory_allocation,dormitory WHERE dormitory_allocation.dormitory_id=dormitory.id and dormitory.sex=? and class_id = ? 
2019-10-28 00:43:31,452 DEBUG (BaseJdbcLogger.java:143)- ==> Parameters: 女(String), 080901201902(String)
2019-10-28 00:43:31,453 DEBUG (BaseJdbcLogger.java:143)- <==      Total: 0
2019-10-28 00:43:31,453 DEBUG (BaseJdbcLogger.java:143)- ==>  Preparing: select student_status.id,student_status.basic_id, student_status.student_id, student_status.class_id from student_status,student_basic where student_status.basic_id=student_basic.id and student_basic.sex=? and student_status.class_id=? 
2019-10-28 00:43:31,453 DEBUG (BaseJdbcLogger.java:143)- ==> Parameters: 男(String), 080901201903(String)
2019-10-28 00:43:31,454 DEBUG (BaseJdbcLogger.java:143)- ====>  Preparing: select id, name, sex, birthday, phone, ID_number, email, parent_phone, adress, major, state from student_basic where id = ? 
2019-10-28 00:43:31,455 DEBUG (BaseJdbcLogger.java:143)- ====> Parameters: 27946(String)
2019-10-28 00:43:31,455 DEBUG (BaseJdbcLogger.java:143)- <====      Total: 1
2019-10-28 00:43:31,456 DEBUG (BaseJdbcLogger.java:143)- ====>  Preparing: select id, class_id, name, director, grade, major_id from class WHERE class_id = ? 
2019-10-28 00:43:31,456 DEBUG (BaseJdbcLogger.java:143)- ====> Parameters: 080901201903(String)
2019-10-28 00:43:31,457 DEBUG (BaseJdbcLogger.java:143)- <====      Total: 1
2019-10-28 00:43:31,457 DEBUG (BaseJdbcLogger.java:143)- ====>  Preparing: select id, name, sex, birthday, phone, ID_number, email, parent_phone, adress, major, state from student_basic where id = ? 
2019-10-28 00:43:31,457 DEBUG (BaseJdbcLogger.java:143)- ====> Parameters: 27951(String)
2019-10-28 00:43:31,458 DEBUG (BaseJdbcLogger.java:143)- <====      Total: 1
2019-10-28 00:43:31,458 DEBUG (BaseJdbcLogger.java:143)- ====>  Preparing: select id, name, sex, birthday, phone, ID_number, email, parent_phone, adress, major, state from student_basic where id = ? 
2019-10-28 00:43:31,459 DEBUG (BaseJdbcLogger.java:143)- ====> Parameters: 27952(String)
2019-10-28 00:43:31,459 DEBUG (BaseJdbcLogger.java:143)- <====      Total: 1
2019-10-28 00:43:31,460 DEBUG (BaseJdbcLogger.java:143)- ====>  Preparing: select id, name, sex, birthday, phone, ID_number, email, parent_phone, adress, major, state from student_basic where id = ? 
2019-10-28 00:43:31,460 DEBUG (BaseJdbcLogger.java:143)- ====> Parameters: 27953(String)
2019-10-28 00:43:31,461 DEBUG (BaseJdbcLogger.java:143)- <====      Total: 1
2019-10-28 00:43:31,461 DEBUG (BaseJdbcLogger.java:143)- ====>  Preparing: select id, name, sex, birthday, phone, ID_number, email, parent_phone, adress, major, state from student_basic where id = ? 
2019-10-28 00:43:31,461 DEBUG (BaseJdbcLogger.java:143)- ====> Parameters: 27954(String)
2019-10-28 00:43:31,462 DEBUG (BaseJdbcLogger.java:143)- <====      Total: 1
2019-10-28 00:43:31,462 DEBUG (BaseJdbcLogger.java:143)- ====>  Preparing: select id, name, sex, birthday, phone, ID_number, email, parent_phone, adress, major, state from student_basic where id = ? 
2019-10-28 00:43:31,463 DEBUG (BaseJdbcLogger.java:143)- ====> Parameters: 27955(String)
2019-10-28 00:43:31,464 DEBUG (BaseJdbcLogger.java:143)- <====      Total: 1
2019-10-28 00:43:31,465 DEBUG (BaseJdbcLogger.java:143)- ====>  Preparing: select id, name, sex, birthday, phone, ID_number, email, parent_phone, adress, major, state from student_basic where id = ? 
2019-10-28 00:43:31,465 DEBUG (BaseJdbcLogger.java:143)- ====> Parameters: 27956(String)
2019-10-28 00:43:31,466 DEBUG (BaseJdbcLogger.java:143)- <====      Total: 1
2019-10-28 00:43:31,466 DEBUG (BaseJdbcLogger.java:143)- ====>  Preparing: select id, name, sex, birthday, phone, ID_number, email, parent_phone, adress, major, state from student_basic where id = ? 
2019-10-28 00:43:31,467 DEBUG (BaseJdbcLogger.java:143)- ====> Parameters: 27957(String)
2019-10-28 00:43:31,468 DEBUG (BaseJdbcLogger.java:143)- <====      Total: 1
2019-10-28 00:43:31,469 DEBUG (BaseJdbcLogger.java:143)- ====>  Preparing: select id, name, sex, birthday, phone, ID_number, email, parent_phone, adress, major, state from student_basic where id = ? 
2019-10-28 00:43:31,469 DEBUG (BaseJdbcLogger.java:143)- ====> Parameters: 27958(String)
2019-10-28 00:43:31,471 DEBUG (BaseJdbcLogger.java:143)- <====      Total: 1
2019-10-28 00:43:31,471 DEBUG (BaseJdbcLogger.java:143)- ====>  Preparing: select id, name, sex, birthday, phone, ID_number, email, parent_phone, adress, major, state from student_basic where id = ? 
2019-10-28 00:43:31,471 DEBUG (BaseJdbcLogger.java:143)- ====> Parameters: 27960(String)
2019-10-28 00:43:31,473 DEBUG (BaseJdbcLogger.java:143)- <====      Total: 1
2019-10-28 00:43:31,473 DEBUG (BaseJdbcLogger.java:143)- ====>  Preparing: select id, name, sex, birthday, phone, ID_number, email, parent_phone, adress, major, state from student_basic where id = ? 
2019-10-28 00:43:31,474 DEBUG (BaseJdbcLogger.java:143)- ====> Parameters: 27961(String)
2019-10-28 00:43:31,475 DEBUG (BaseJdbcLogger.java:143)- <====      Total: 1
2019-10-28 00:43:31,476 DEBUG (BaseJdbcLogger.java:143)- ====>  Preparing: select id, name, sex, birthday, phone, ID_number, email, parent_phone, adress, major, state from student_basic where id = ? 
2019-10-28 00:43:31,476 DEBUG (BaseJdbcLogger.java:143)- ====> Parameters: 27964(String)
2019-10-28 00:43:31,477 DEBUG (BaseJdbcLogger.java:143)- <====      Total: 1
2019-10-28 00:43:31,477 DEBUG (BaseJdbcLogger.java:143)- ====>  Preparing: select id, name, sex, birthday, phone, ID_number, email, parent_phone, adress, major, state from student_basic where id = ? 
2019-10-28 00:43:31,479 DEBUG (BaseJdbcLogger.java:143)- ====> Parameters: 27967(String)
2019-10-28 00:43:31,480 DEBUG (BaseJdbcLogger.java:143)- <====      Total: 1
2019-10-28 00:43:31,480 DEBUG (BaseJdbcLogger.java:143)- ====>  Preparing: select id, name, sex, birthday, phone, ID_number, email, parent_phone, adress, major, state from student_basic where id = ? 
2019-10-28 00:43:31,480 DEBUG (BaseJdbcLogger.java:143)- ====> Parameters: 27968(String)
2019-10-28 00:43:31,481 DEBUG (BaseJdbcLogger.java:143)- <====      Total: 1
2019-10-28 00:43:31,482 DEBUG (BaseJdbcLogger.java:143)- ====>  Preparing: select id, name, sex, birthday, phone, ID_number, email, parent_phone, adress, major, state from student_basic where id = ? 
2019-10-28 00:43:31,482 DEBUG (BaseJdbcLogger.java:143)- ====> Parameters: 27969(String)
2019-10-28 00:43:31,483 DEBUG (BaseJdbcLogger.java:143)- <====      Total: 1
2019-10-28 00:43:31,483 DEBUG (BaseJdbcLogger.java:143)- ====>  Preparing: select id, name, sex, birthday, phone, ID_number, email, parent_phone, adress, major, state from student_basic where id = ? 
2019-10-28 00:43:31,484 DEBUG (BaseJdbcLogger.java:143)- ====> Parameters: 27973(String)
2019-10-28 00:43:31,484 DEBUG (BaseJdbcLogger.java:143)- <====      Total: 1
2019-10-28 00:43:31,485 DEBUG (BaseJdbcLogger.java:143)- ====>  Preparing: select id, name, sex, birthday, phone, ID_number, email, parent_phone, adress, major, state from student_basic where id = ? 
2019-10-28 00:43:31,485 DEBUG (BaseJdbcLogger.java:143)- ====> Parameters: 27974(String)
2019-10-28 00:43:31,486 DEBUG (BaseJdbcLogger.java:143)- <====      Total: 1
2019-10-28 00:43:31,486 DEBUG (BaseJdbcLogger.java:143)- ====>  Preparing: select id, name, sex, birthday, phone, ID_number, email, parent_phone, adress, major, state from student_basic where id = ? 
2019-10-28 00:43:31,486 DEBUG (BaseJdbcLogger.java:143)- ====> Parameters: 27975(String)
2019-10-28 00:43:31,487 DEBUG (BaseJdbcLogger.java:143)- <====      Total: 1
2019-10-28 00:43:31,488 DEBUG (BaseJdbcLogger.java:143)- ====>  Preparing: select id, name, sex, birthday, phone, ID_number, email, parent_phone, adress, major, state from student_basic where id = ? 
2019-10-28 00:43:31,488 DEBUG (BaseJdbcLogger.java:143)- ====> Parameters: 27976(String)
2019-10-28 00:43:31,489 DEBUG (BaseJdbcLogger.java:143)- <====      Total: 1
2019-10-28 00:43:31,490 DEBUG (BaseJdbcLogger.java:143)- ====>  Preparing: select id, name, sex, birthday, phone, ID_number, email, parent_phone, adress, major, state from student_basic where id = ? 
2019-10-28 00:43:31,491 DEBUG (BaseJdbcLogger.java:143)- ====> Parameters: 27977(String)
2019-10-28 00:43:31,494 DEBUG (BaseJdbcLogger.java:143)- <====      Total: 1
2019-10-28 00:43:31,495 DEBUG (BaseJdbcLogger.java:143)- ====>  Preparing: select id, name, sex, birthday, phone, ID_number, email, parent_phone, adress, major, state from student_basic where id = ? 
2019-10-28 00:43:31,496 DEBUG (BaseJdbcLogger.java:143)- ====> Parameters: 27978(String)
2019-10-28 00:43:31,497 DEBUG (BaseJdbcLogger.java:143)- <====      Total: 1
2019-10-28 00:43:31,498 DEBUG (BaseJdbcLogger.java:143)- <==      Total: 21
2019-10-28 00:43:31,498 DEBUG (BaseJdbcLogger.java:143)- ==>  Preparing: select student_status.id,student_status.basic_id, student_status.student_id, student_status.class_id from student_status,student_basic where student_status.basic_id=student_basic.id and student_basic.sex=? and student_status.class_id=? 
2019-10-28 00:43:31,498 DEBUG (BaseJdbcLogger.java:143)- ==> Parameters: 女(String), 080901201903(String)
2019-10-28 00:43:31,500 DEBUG (BaseJdbcLogger.java:143)- ====>  Preparing: select id, name, sex, birthday, phone, ID_number, email, parent_phone, adress, major, state from student_basic where id = ? 
2019-10-28 00:43:31,500 DEBUG (BaseJdbcLogger.java:143)- ====> Parameters: 27932(String)
2019-10-28 00:43:31,501 DEBUG (BaseJdbcLogger.java:143)- <====      Total: 1
2019-10-28 00:43:31,501 DEBUG (BaseJdbcLogger.java:143)- ====>  Preparing: select id, name, sex, birthday, phone, ID_number, email, parent_phone, adress, major, state from student_basic where id = ? 
2019-10-28 00:43:31,501 DEBUG (BaseJdbcLogger.java:143)- ====> Parameters: 27934(String)
2019-10-28 00:43:31,502 DEBUG (BaseJdbcLogger.java:143)- <====      Total: 1
2019-10-28 00:43:31,502 DEBUG (BaseJdbcLogger.java:143)- ====>  Preparing: select id, name, sex, birthday, phone, ID_number, email, parent_phone, adress, major, state from student_basic where id = ? 
2019-10-28 00:43:31,503 DEBUG (BaseJdbcLogger.java:143)- ====> Parameters: 27935(String)
2019-10-28 00:43:31,503 DEBUG (BaseJdbcLogger.java:143)- <====      Total: 1
2019-10-28 00:43:31,504 DEBUG (BaseJdbcLogger.java:143)- ====>  Preparing: select id, name, sex, birthday, phone, ID_number, email, parent_phone, adress, major, state from student_basic where id = ? 
2019-10-28 00:43:31,505 DEBUG (BaseJdbcLogger.java:143)- ====> Parameters: 27936(String)
2019-10-28 00:43:31,505 DEBUG (BaseJdbcLogger.java:143)- <====      Total: 1
2019-10-28 00:43:31,507 DEBUG (BaseJdbcLogger.java:143)- ====>  Preparing: select id, name, sex, birthday, phone, ID_number, email, parent_phone, adress, major, state from student_basic where id = ? 
2019-10-28 00:43:31,508 DEBUG (BaseJdbcLogger.java:143)- ====> Parameters: 27938(String)
2019-10-28 00:43:31,510 DEBUG (BaseJdbcLogger.java:143)- <====      Total: 1
2019-10-28 00:43:31,510 DEBUG (BaseJdbcLogger.java:143)- ====>  Preparing: select id, name, sex, birthday, phone, ID_number, email, parent_phone, adress, major, state from student_basic where id = ? 
2019-10-28 00:43:31,511 DEBUG (BaseJdbcLogger.java:143)- ====> Parameters: 27939(String)
2019-10-28 00:43:31,511 DEBUG (BaseJdbcLogger.java:143)- <====      Total: 1
2019-10-28 00:43:31,512 DEBUG (BaseJdbcLogger.java:143)- ====>  Preparing: select id, name, sex, birthday, phone, ID_number, email, parent_phone, adress, major, state from student_basic where id = ? 
2019-10-28 00:43:31,512 DEBUG (BaseJdbcLogger.java:143)- ====> Parameters: 27941(String)
2019-10-28 00:43:31,513 DEBUG (BaseJdbcLogger.java:143)- <====      Total: 1
2019-10-28 00:43:31,513 DEBUG (BaseJdbcLogger.java:143)- ====>  Preparing: select id, name, sex, birthday, phone, ID_number, email, parent_phone, adress, major, state from student_basic where id = ? 
2019-10-28 00:43:31,514 DEBUG (BaseJdbcLogger.java:143)- ====> Parameters: 27943(String)
2019-10-28 00:43:31,515 DEBUG (BaseJdbcLogger.java:143)- <====      Total: 1
2019-10-28 00:43:31,515 DEBUG (BaseJdbcLogger.java:143)- ====>  Preparing: select id, name, sex, birthday, phone, ID_number, email, parent_phone, adress, major, state from student_basic where id = ? 
2019-10-28 00:43:31,515 DEBUG (BaseJdbcLogger.java:143)- ====> Parameters: 27944(String)
2019-10-28 00:43:31,516 DEBUG (BaseJdbcLogger.java:143)- <====      Total: 1
2019-10-28 00:43:31,516 DEBUG (BaseJdbcLogger.java:143)- ====>  Preparing: select id, name, sex, birthday, phone, ID_number, email, parent_phone, adress, major, state from student_basic where id = ? 
2019-10-28 00:43:31,517 DEBUG (BaseJdbcLogger.java:143)- ====> Parameters: 27947(String)
2019-10-28 00:43:31,517 DEBUG (BaseJdbcLogger.java:143)- <====      Total: 1
2019-10-28 00:43:31,518 DEBUG (BaseJdbcLogger.java:143)- ====>  Preparing: select id, name, sex, birthday, phone, ID_number, email, parent_phone, adress, major, state from student_basic where id = ? 
2019-10-28 00:43:31,518 DEBUG (BaseJdbcLogger.java:143)- ====> Parameters: 27948(String)
2019-10-28 00:43:31,519 DEBUG (BaseJdbcLogger.java:143)- <====      Total: 1
2019-10-28 00:43:31,519 DEBUG (BaseJdbcLogger.java:143)- ====>  Preparing: select id, name, sex, birthday, phone, ID_number, email, parent_phone, adress, major, state from student_basic where id = ? 
2019-10-28 00:43:31,519 DEBUG (BaseJdbcLogger.java:143)- ====> Parameters: 27949(String)
2019-10-28 00:43:31,520 DEBUG (BaseJdbcLogger.java:143)- <====      Total: 1
2019-10-28 00:43:31,520 DEBUG (BaseJdbcLogger.java:143)- ====>  Preparing: select id, name, sex, birthday, phone, ID_number, email, parent_phone, adress, major, state from student_basic where id = ? 
2019-10-28 00:43:31,522 DEBUG (BaseJdbcLogger.java:143)- ====> Parameters: 27950(String)
2019-10-28 00:43:31,523 DEBUG (BaseJdbcLogger.java:143)- <====      Total: 1
2019-10-28 00:43:31,524 DEBUG (BaseJdbcLogger.java:143)- ====>  Preparing: select id, name, sex, birthday, phone, ID_number, email, parent_phone, adress, major, state from student_basic where id = ? 
2019-10-28 00:43:31,524 DEBUG (BaseJdbcLogger.java:143)- ====> Parameters: 27959(String)
2019-10-28 00:43:31,526 DEBUG (BaseJdbcLogger.java:143)- <====      Total: 1
2019-10-28 00:43:31,526 DEBUG (BaseJdbcLogger.java:143)- ====>  Preparing: select id, name, sex, birthday, phone, ID_number, email, parent_phone, adress, major, state from student_basic where id = ? 
2019-10-28 00:43:31,526 DEBUG (BaseJdbcLogger.java:143)- ====> Parameters: 27962(String)
2019-10-28 00:43:31,527 DEBUG (BaseJdbcLogger.java:143)- <====      Total: 1
2019-10-28 00:43:31,527 DEBUG (BaseJdbcLogger.java:143)- ====>  Preparing: select id, name, sex, birthday, phone, ID_number, email, parent_phone, adress, major, state from student_basic where id = ? 
2019-10-28 00:43:31,528 DEBUG (BaseJdbcLogger.java:143)- ====> Parameters: 27963(String)
2019-10-28 00:43:31,528 DEBUG (BaseJdbcLogger.java:143)- <====      Total: 1
2019-10-28 00:43:31,529 DEBUG (BaseJdbcLogger.java:143)- ====>  Preparing: select id, name, sex, birthday, phone, ID_number, email, parent_phone, adress, major, state from student_basic where id = ? 
2019-10-28 00:43:31,529 DEBUG (BaseJdbcLogger.java:143)- ====> Parameters: 27965(String)
2019-10-28 00:43:31,529 DEBUG (BaseJdbcLogger.java:143)- <====      Total: 1
2019-10-28 00:43:31,530 DEBUG (BaseJdbcLogger.java:143)- <==      Total: 17
2019-10-28 00:43:31,530 DEBUG (BaseJdbcLogger.java:143)- ==>  Preparing: select dormitory_allocation.id, dormitory_allocation.class_id, dormitory_allocation.dormitory_id,dormitory_allocation.number from dormitory_allocation,dormitory WHERE dormitory_allocation.dormitory_id=dormitory.id and dormitory.sex=? and class_id = ? 
2019-10-28 00:43:31,530 DEBUG (BaseJdbcLogger.java:143)- ==> Parameters: 男(String), 080901201903(String)
2019-10-28 00:43:31,531 DEBUG (BaseJdbcLogger.java:143)- <==      Total: 0
2019-10-28 00:43:31,531 DEBUG (BaseJdbcLogger.java:143)- ==>  Preparing: select dormitory_allocation.id, dormitory_allocation.class_id, dormitory_allocation.dormitory_id,dormitory_allocation.number from dormitory_allocation,dormitory WHERE dormitory_allocation.dormitory_id=dormitory.id and dormitory.sex=? and class_id = ? 
2019-10-28 00:43:31,531 DEBUG (BaseJdbcLogger.java:143)- ==> Parameters: 女(String), 080901201903(String)
2019-10-28 00:43:31,532 DEBUG (BaseJdbcLogger.java:143)- <==      Total: 0
2019-10-28 00:43:31,532 DEBUG (BaseJdbcLogger.java:143)- ==>  Preparing: select student_status.id,student_status.basic_id, student_status.student_id, student_status.class_id from student_status,student_basic where student_status.basic_id=student_basic.id and student_basic.sex=? and student_status.class_id=? 
2019-10-28 00:43:31,533 DEBUG (BaseJdbcLogger.java:143)- ==> Parameters: 男(String), 080901201904(String)
2019-10-28 00:43:31,534 DEBUG (BaseJdbcLogger.java:143)- ====>  Preparing: select id, name, sex, birthday, phone, ID_number, email, parent_phone, adress, major, state from student_basic where id = ? 
2019-10-28 00:43:31,534 DEBUG (BaseJdbcLogger.java:143)- ====> Parameters: 27980(String)
2019-10-28 00:43:31,535 DEBUG (BaseJdbcLogger.java:143)- <====      Total: 1
2019-10-28 00:43:31,536 DEBUG (BaseJdbcLogger.java:143)- ====>  Preparing: select id, class_id, name, director, grade, major_id from class WHERE class_id = ? 
2019-10-28 00:43:31,537 DEBUG (BaseJdbcLogger.java:143)- ====> Parameters: 080901201904(String)
2019-10-28 00:43:31,538 DEBUG (BaseJdbcLogger.java:143)- <====      Total: 1
2019-10-28 00:43:31,540 DEBUG (BaseJdbcLogger.java:143)- ====>  Preparing: select id, name, sex, birthday, phone, ID_number, email, parent_phone, adress, major, state from student_basic where id = ? 
2019-10-28 00:43:31,541 DEBUG (BaseJdbcLogger.java:143)- ====> Parameters: 27983(String)
2019-10-28 00:43:31,542 DEBUG (BaseJdbcLogger.java:143)- <====      Total: 1
2019-10-28 00:43:31,542 DEBUG (BaseJdbcLogger.java:143)- ====>  Preparing: select id, name, sex, birthday, phone, ID_number, email, parent_phone, adress, major, state from student_basic where id = ? 
2019-10-28 00:43:31,542 DEBUG (BaseJdbcLogger.java:143)- ====> Parameters: 27985(String)
2019-10-28 00:43:31,543 DEBUG (BaseJdbcLogger.java:143)- <====      Total: 1
2019-10-28 00:43:31,543 DEBUG (BaseJdbcLogger.java:143)- ====>  Preparing: select id, name, sex, birthday, phone, ID_number, email, parent_phone, adress, major, state from student_basic where id = ? 
2019-10-28 00:43:31,544 DEBUG (BaseJdbcLogger.java:143)- ====> Parameters: 27986(String)
2019-10-28 00:43:31,544 DEBUG (BaseJdbcLogger.java:143)- <====      Total: 1
2019-10-28 00:43:31,545 DEBUG (BaseJdbcLogger.java:143)- ====>  Preparing: select id, name, sex, birthday, phone, ID_number, email, parent_phone, adress, major, state from student_basic where id = ? 
2019-10-28 00:43:31,545 DEBUG (BaseJdbcLogger.java:143)- ====> Parameters: 27988(String)
2019-10-28 00:43:31,546 DEBUG (BaseJdbcLogger.java:143)- <====      Total: 1
2019-10-28 00:43:31,547 DEBUG (BaseJdbcLogger.java:143)- ====>  Preparing: select id, name, sex, birthday, phone, ID_number, email, parent_phone, adress, major, state from student_basic where id = ? 
2019-10-28 00:43:31,547 DEBUG (BaseJdbcLogger.java:143)- ====> Parameters: 27990(String)
2019-10-28 00:43:31,548 DEBUG (BaseJdbcLogger.java:143)- <====      Total: 1
2019-10-28 00:43:31,548 DEBUG (BaseJdbcLogger.java:143)- ====>  Preparing: select id, name, sex, birthday, phone, ID_number, email, parent_phone, adress, major, state from student_basic where id = ? 
2019-10-28 00:43:31,549 DEBUG (BaseJdbcLogger.java:143)- ====> Parameters: 27991(String)
2019-10-28 00:43:31,549 DEBUG (BaseJdbcLogger.java:143)- <====      Total: 1
2019-10-28 00:43:31,550 DEBUG (BaseJdbcLogger.java:143)- ====>  Preparing: select id, name, sex, birthday, phone, ID_number, email, parent_phone, adress, major, state from student_basic where id = ? 
2019-10-28 00:43:31,550 DEBUG (BaseJdbcLogger.java:143)- ====> Parameters: 27992(String)
2019-10-28 00:43:31,551 DEBUG (BaseJdbcLogger.java:143)- <====      Total: 1
2019-10-28 00:43:31,551 DEBUG (BaseJdbcLogger.java:143)- ====>  Preparing: select id, name, sex, birthday, phone, ID_number, email, parent_phone, adress, major, state from student_basic where id = ? 
2019-10-28 00:43:31,551 DEBUG (BaseJdbcLogger.java:143)- ====> Parameters: 27993(String)
2019-10-28 00:43:31,552 DEBUG (BaseJdbcLogger.java:143)- <====      Total: 1
2019-10-28 00:43:31,552 DEBUG (BaseJdbcLogger.java:143)- ====>  Preparing: select id, name, sex, birthday, phone, ID_number, email, parent_phone, adress, major, state from student_basic where id = ? 
2019-10-28 00:43:31,553 DEBUG (BaseJdbcLogger.java:143)- ====> Parameters: 27995(String)
2019-10-28 00:43:31,553 DEBUG (BaseJdbcLogger.java:143)- <====      Total: 1
2019-10-28 00:43:31,554 DEBUG (BaseJdbcLogger.java:143)- ====>  Preparing: select id, name, sex, birthday, phone, ID_number, email, parent_phone, adress, major, state from student_basic where id = ? 
2019-10-28 00:43:31,555 DEBUG (BaseJdbcLogger.java:143)- ====> Parameters: 27997(String)
2019-10-28 00:43:31,555 DEBUG (BaseJdbcLogger.java:143)- <====      Total: 1
2019-10-28 00:43:31,558 DEBUG (BaseJdbcLogger.java:143)- ====>  Preparing: select id, name, sex, birthday, phone, ID_number, email, parent_phone, adress, major, state from student_basic where id = ? 
2019-10-28 00:43:31,558 DEBUG (BaseJdbcLogger.java:143)- ====> Parameters: 27998(String)
2019-10-28 00:43:31,559 DEBUG (BaseJdbcLogger.java:143)- <====      Total: 1
