2019-09-04 04:00:35,081 DEBUG (BaseJdbcLogger.java:143)- ====> Parameters: 19566(String)
2019-09-04 04:00:35,081 DEBUG (BaseJdbcLogger.java:143)- ====> Parameters: 19750(String)
2019-09-04 04:00:35,083 DEBUG (BaseJdbcLogger.java:143)- <====      Total: 1
2019-09-04 04:00:35,084 DEBUG (BaseJdbcLogger.java:143)- <====      Total: 1
2019-09-04 04:00:35,084 DEBUG (BaseJdbcLogger.java:143)- ====>  Preparing: select id, name, sex, birthday, phone, ID_number, email, parent_phone, adress, major, state from student_basic where id = ? 
2019-09-04 04:00:35,084 DEBUG (BaseJdbcLogger.java:143)- <==      Total: 24
2019-09-04 04:00:35,084 DEBUG (BaseJdbcLogger.java:143)- ====> Parameters: 19567(String)
2019-09-04 04:00:35,085 DEBUG (BaseJdbcLogger.java:143)- ==>  Preparing: select dormitory_allocation.id, dormitory_allocation.class_id, dormitory_allocation.dormitory_id,dormitory_allocation.number from dormitory_allocation,dormitory WHERE dormitory_allocation.dormitory_id=dormitory.id and dormitory.sex=? and class_id = ? 
2019-09-04 04:00:35,086 DEBUG (BaseJdbcLogger.java:143)- <====      Total: 1
2019-09-04 04:00:35,086 DEBUG (BaseJdbcLogger.java:143)- ==> Parameters: 男(String), 130503201904(String)
2019-09-04 04:00:35,086 DEBUG (BaseJdbcLogger.java:143)- ====>  Preparing: select id, name, sex, birthday, phone, ID_number, email, parent_phone, adress, major, state from student_basic where id = ? 
2019-09-04 04:00:35,086 DEBUG (BaseJdbcLogger.java:143)- <==      Total: 0
2019-09-04 04:00:35,086 DEBUG (BaseJdbcLogger.java:143)- ====> Parameters: 19570(String)
2019-09-04 04:00:35,086 DEBUG (BaseJdbcLogger.java:143)- ==>  Preparing: select student_status.id,student_status.basic_id, student_status.student_id, student_status.class_id from student_status,student_basic where student_status.basic_id=student_basic.id and student_basic.sex=? and student_status.class_id=? 
2019-09-04 04:00:35,087 DEBUG (BaseJdbcLogger.java:143)- ==> Parameters: 男(String), 080702201901(String)
2019-09-04 04:00:35,087 DEBUG (BaseJdbcLogger.java:143)- <====      Total: 1
2019-09-04 04:00:35,087 DEBUG (BaseJdbcLogger.java:143)- ====>  Preparing: select id, name, sex, birthday, phone, ID_number, email, parent_phone, adress, major, state from student_basic where id = ? 
2019-09-04 04:00:35,087 DEBUG (BaseJdbcLogger.java:143)- ====> Parameters: 19573(String)
2019-09-04 04:00:35,088 DEBUG (BaseJdbcLogger.java:143)- ====>  Preparing: select id, name, sex, birthday, phone, ID_number, email, parent_phone, adress, major, state from student_basic where id = ? 
2019-09-04 04:00:35,088 DEBUG (BaseJdbcLogger.java:143)- <====      Total: 1
2019-09-04 04:00:35,088 DEBUG (BaseJdbcLogger.java:143)- ====> Parameters: 19363(String)
2019-09-04 04:00:35,088 DEBUG (BaseJdbcLogger.java:143)- ====>  Preparing: select id, name, sex, birthday, phone, ID_number, email, parent_phone, adress, major, state from student_basic where id = ? 
2019-09-04 04:00:35,089 DEBUG (BaseJdbcLogger.java:143)- ====> Parameters: 19574(String)
2019-09-04 04:00:35,089 DEBUG (BaseJdbcLogger.java:143)- <====      Total: 1
2019-09-04 04:00:35,090 DEBUG (BaseJdbcLogger.java:143)- ====>  Preparing: select id, class_id, name, director, grade, major_id from class where class_id = ? 
2019-09-04 04:00:35,090 DEBUG (BaseJdbcLogger.java:143)- ====> Parameters: 080702201901(String)
2019-09-04 04:00:35,090 DEBUG (BaseJdbcLogger.java:143)- <====      Total: 1
2019-09-04 04:00:35,090 DEBUG (BaseJdbcLogger.java:143)- <==      Total: 16
2019-09-04 04:00:35,090 DEBUG (BaseJdbcLogger.java:143)- ======>  Preparing: select id, major_id, name, price, department_id from major where major_id = ? 
2019-09-04 04:00:35,090 DEBUG (BaseJdbcLogger.java:143)- ==>  Preparing: select dormitory_allocation.id, dormitory_allocation.class_id, dormitory_allocation.dormitory_id,dormitory_allocation.number from dormitory_allocation,dormitory WHERE dormitory_allocation.dormitory_id=dormitory.id and dormitory.sex=? and class_id = ? 
2019-09-04 04:00:35,090 DEBUG (BaseJdbcLogger.java:143)- ======> Parameters: 080702(String)
2019-09-04 04:00:35,090 DEBUG (BaseJdbcLogger.java:143)- ==> Parameters: 男(String), 082803201903(String)
2019-09-04 04:00:35,091 DEBUG (BaseJdbcLogger.java:143)- <==      Total: 0
2019-09-04 04:00:35,091 DEBUG (BaseJdbcLogger.java:143)- <======      Total: 1
2019-09-04 04:00:35,091 DEBUG (BaseJdbcLogger.java:143)- <====      Total: 1
2019-09-04 04:00:35,091 DEBUG (BaseJdbcLogger.java:143)- ==>  Preparing: select student_status.id,student_status.basic_id, student_status.student_id, student_status.class_id from student_status,student_basic where student_status.basic_id=student_basic.id and student_basic.sex=? and student_status.class_id=? 
2019-09-04 04:00:35,091 DEBUG (BaseJdbcLogger.java:143)- ==> Parameters: 男(String), 080205201904(String)
2019-09-04 04:00:35,091 DEBUG (BaseJdbcLogger.java:143)- ====>  Preparing: select id, name, sex, birthday, phone, ID_number, email, parent_phone, adress, major, state from student_basic where id = ? 
2019-09-04 04:00:35,092 DEBUG (BaseJdbcLogger.java:143)- ====> Parameters: 19366(String)
2019-09-04 04:00:35,093 DEBUG (BaseJdbcLogger.java:143)- <====      Total: 1
2019-09-04 04:00:35,093 DEBUG (BaseJdbcLogger.java:143)- ====>  Preparing: select id, name, sex, birthday, phone, ID_number, email, parent_phone, adress, major, state from student_basic where id = ? 
2019-09-04 04:00:35,093 DEBUG (BaseJdbcLogger.java:143)- ====>  Preparing: select id, name, sex, birthday, phone, ID_number, email, parent_phone, adress, major, state from student_basic where id = ? 
2019-09-04 04:00:35,093 DEBUG (BaseJdbcLogger.java:143)- ====> Parameters: 19367(String)
2019-09-04 04:00:35,093 DEBUG (BaseJdbcLogger.java:143)- ====> Parameters: 19752(String)
2019-09-04 04:00:35,093 DEBUG (BaseJdbcLogger.java:143)- <====      Total: 1
2019-09-04 04:00:35,093 DEBUG (BaseJdbcLogger.java:143)- <====      Total: 1
2019-09-04 04:00:35,095 DEBUG (BaseJdbcLogger.java:143)- ====>  Preparing: select id, class_id, name, director, grade, major_id from class where class_id = ? 
2019-09-04 04:00:35,095 DEBUG (BaseJdbcLogger.java:143)- ====>  Preparing: select id, name, sex, birthday, phone, ID_number, email, parent_phone, adress, major, state from student_basic where id = ? 
2019-09-04 04:00:35,095 DEBUG (BaseJdbcLogger.java:143)- ====> Parameters: 19368(String)
2019-09-04 04:00:35,095 DEBUG (BaseJdbcLogger.java:143)- ====> Parameters: 080205201904(String)
2019-09-04 04:00:35,095 DEBUG (BaseJdbcLogger.java:143)- <====      Total: 1
2019-09-04 04:00:35,095 DEBUG (BaseJdbcLogger.java:143)- ======>  Preparing: select id, major_id, name, price, department_id from major where major_id = ? 
2019-09-04 04:00:35,096 DEBUG (BaseJdbcLogger.java:143)- ====>  Preparing: select id, name, sex, birthday, phone, ID_number, email, parent_phone, adress, major, state from student_basic where id = ? 
2019-09-04 04:00:35,096 DEBUG (BaseJdbcLogger.java:143)- ======> Parameters: 080205(String)
2019-09-04 04:00:35,096 DEBUG (BaseJdbcLogger.java:143)- ====> Parameters: 19370(String)
2019-09-04 04:00:35,096 DEBUG (BaseJdbcLogger.java:143)- <======      Total: 1
2019-09-04 04:00:35,096 DEBUG (BaseJdbcLogger.java:143)- <====      Total: 1
2019-09-04 04:00:35,096 DEBUG (BaseJdbcLogger.java:143)- <====      Total: 1
2019-09-04 04:00:35,098 DEBUG (BaseJdbcLogger.java:143)- ====>  Preparing: select id, name, sex, birthday, phone, ID_number, email, parent_phone, adress, major, state from student_basic where id = ? 
2019-09-04 04:00:35,097 DEBUG (BaseJdbcLogger.java:143)- ====>  Preparing: select id, name, sex, birthday, phone, ID_number, email, parent_phone, adress, major, state from student_basic where id = ? 
2019-09-04 04:00:35,098 DEBUG (BaseJdbcLogger.java:143)- ====> Parameters: 19753(String)
2019-09-04 04:00:35,098 DEBUG (BaseJdbcLogger.java:143)- ====> Parameters: 19371(String)
2019-09-04 04:00:35,099 DEBUG (BaseJdbcLogger.java:143)- <====      Total: 1
2019-09-04 04:00:35,099 DEBUG (BaseJdbcLogger.java:143)- <====      Total: 1
2019-09-04 04:00:35,099 DEBUG (BaseJdbcLogger.java:143)- ====>  Preparing: select id, name, sex, birthday, phone, ID_number, email, parent_phone, adress, major, state from student_basic where id = ? 
2019-09-04 04:00:35,099 DEBUG (BaseJdbcLogger.java:143)- ====>  Preparing: select id, name, sex, birthday, phone, ID_number, email, parent_phone, adress, major, state from student_basic where id = ? 
2019-09-04 04:00:35,100 DEBUG (BaseJdbcLogger.java:143)- ====> Parameters: 19372(String)
2019-09-04 04:00:35,100 DEBUG (BaseJdbcLogger.java:143)- ====> Parameters: 19754(String)
2019-09-04 04:00:35,101 DEBUG (BaseJdbcLogger.java:143)- <====      Total: 1
2019-09-04 04:00:35,101 DEBUG (BaseJdbcLogger.java:143)- <====      Total: 1
2019-09-04 04:00:35,101 DEBUG (BaseJdbcLogger.java:143)- ====>  Preparing: select id, name, sex, birthday, phone, ID_number, email, parent_phone, adress, major, state from student_basic where id = ? 
2019-09-04 04:00:35,101 DEBUG (BaseJdbcLogger.java:143)- ====>  Preparing: select id, name, sex, birthday, phone, ID_number, email, parent_phone, adress, major, state from student_basic where id = ? 
2019-09-04 04:00:35,101 DEBUG (BaseJdbcLogger.java:143)- ====> Parameters: 19755(String)
2019-09-04 04:00:35,101 DEBUG (BaseJdbcLogger.java:143)- ====> Parameters: 19374(String)
2019-09-04 04:00:35,103 DEBUG (BaseJdbcLogger.java:143)- <====      Total: 1
2019-09-04 04:00:35,103 DEBUG (BaseJdbcLogger.java:143)- <====      Total: 1
2019-09-04 04:00:35,103 DEBUG (BaseJdbcLogger.java:143)- ====>  Preparing: select id, name, sex, birthday, phone, ID_number, email, parent_phone, adress, major, state from student_basic where id = ? 
2019-09-04 04:00:35,103 DEBUG (BaseJdbcLogger.java:143)- ====>  Preparing: select id, name, sex, birthday, phone, ID_number, email, parent_phone, adress, major, state from student_basic where id = ? 
2019-09-04 04:00:35,104 DEBUG (BaseJdbcLogger.java:143)- ====> Parameters: 19375(String)
2019-09-04 04:00:35,104 DEBUG (BaseJdbcLogger.java:143)- ====> Parameters: 19757(String)
2019-09-04 04:00:35,104 DEBUG (BaseJdbcLogger.java:143)- <====      Total: 1
2019-09-04 04:00:35,104 DEBUG (BaseJdbcLogger.java:143)- <====      Total: 1
2019-09-04 04:00:35,105 DEBUG (BaseJdbcLogger.java:143)- ====>  Preparing: select id, name, sex, birthday, phone, ID_number, email, parent_phone, adress, major, state from student_basic where id = ? 
2019-09-04 04:00:35,105 DEBUG (BaseJdbcLogger.java:143)- ====>  Preparing: select id, name, sex, birthday, phone, ID_number, email, parent_phone, adress, major, state from student_basic where id = ? 
2019-09-04 04:00:35,105 DEBUG (BaseJdbcLogger.java:143)- ====> Parameters: 19760(String)
2019-09-04 04:00:35,105 DEBUG (BaseJdbcLogger.java:143)- ====> Parameters: 19376(String)
2019-09-04 04:00:35,105 DEBUG (BaseJdbcLogger.java:143)- <====      Total: 1
2019-09-04 04:00:35,105 DEBUG (BaseJdbcLogger.java:143)- <====      Total: 1
2019-09-04 04:00:35,106 DEBUG (BaseJdbcLogger.java:143)- ====>  Preparing: select id, name, sex, birthday, phone, ID_number, email, parent_phone, adress, major, state from student_basic where id = ? 
2019-09-04 04:00:35,106 DEBUG (BaseJdbcLogger.java:143)- ====>  Preparing: select id, name, sex, birthday, phone, ID_number, email, parent_phone, adress, major, state from student_basic where id = ? 
2019-09-04 04:00:35,107 DEBUG (BaseJdbcLogger.java:143)- ====> Parameters: 19377(String)
2019-09-04 04:00:35,107 DEBUG (BaseJdbcLogger.java:143)- ====> Parameters: 19762(String)
2019-09-04 04:00:35,107 DEBUG (BaseJdbcLogger.java:143)- <====      Total: 1
2019-09-04 04:00:35,107 DEBUG (BaseJdbcLogger.java:143)- <====      Total: 1
2019-09-04 04:00:35,108 DEBUG (BaseJdbcLogger.java:143)- ====>  Preparing: select id, name, sex, birthday, phone, ID_number, email, parent_phone, adress, major, state from student_basic where id = ? 
2019-09-04 04:00:35,108 DEBUG (BaseJdbcLogger.java:143)- ====>  Preparing: select id, name, sex, birthday, phone, ID_number, email, parent_phone, adress, major, state from student_basic where id = ? 
2019-09-04 04:00:35,108 DEBUG (BaseJdbcLogger.java:143)- ====> Parameters: 19378(String)
2019-09-04 04:00:35,108 DEBUG (BaseJdbcLogger.java:143)- ====> Parameters: 19763(String)
2019-09-04 04:00:35,108 DEBUG (BaseJdbcLogger.java:143)- <====      Total: 1
2019-09-04 04:00:35,108 DEBUG (BaseJdbcLogger.java:143)- <====      Total: 1
2019-09-04 04:00:35,109 DEBUG (BaseJdbcLogger.java:143)- ====>  Preparing: select id, name, sex, birthday, phone, ID_number, email, parent_phone, adress, major, state from student_basic where id = ? 
2019-09-04 04:00:35,109 DEBUG (BaseJdbcLogger.java:143)- ====>  Preparing: select id, name, sex, birthday, phone, ID_number, email, parent_phone, adress, major, state from student_basic where id = ? 
2019-09-04 04:00:35,109 DEBUG (BaseJdbcLogger.java:143)- ====> Parameters: 19765(String)
2019-09-04 04:00:35,109 DEBUG (BaseJdbcLogger.java:143)- ====> Parameters: 19380(String)
2019-09-04 04:00:35,109 DEBUG (BaseJdbcLogger.java:143)- <====      Total: 1
2019-09-04 04:00:35,109 DEBUG (BaseJdbcLogger.java:143)- <====      Total: 1
2019-09-04 04:00:35,110 DEBUG (BaseJdbcLogger.java:143)- ====>  Preparing: select id, name, sex, birthday, phone, ID_number, email, parent_phone, adress, major, state from student_basic where id = ? 
2019-09-04 04:00:35,110 DEBUG (BaseJdbcLogger.java:143)- ====>  Preparing: select id, name, sex, birthday, phone, ID_number, email, parent_phone, adress, major, state from student_basic where id = ? 
2019-09-04 04:00:35,110 DEBUG (BaseJdbcLogger.java:143)- ====> Parameters: 19766(String)
2019-09-04 04:00:35,111 DEBUG (BaseJdbcLogger.java:143)- ====> Parameters: 19386(String)
2019-09-04 04:00:35,111 DEBUG (BaseJdbcLogger.java:143)- <====      Total: 1
2019-09-04 04:00:35,111 DEBUG (BaseJdbcLogger.java:143)- <====      Total: 1
2019-09-04 04:00:35,111 DEBUG (BaseJdbcLogger.java:143)- ====>  Preparing: select id, name, sex, birthday, phone, ID_number, email, parent_phone, adress, major, state from student_basic where id = ? 
2019-09-04 04:00:35,111 DEBUG (BaseJdbcLogger.java:143)- ====>  Preparing: select id, name, sex, birthday, phone, ID_number, email, parent_phone, adress, major, state from student_basic where id = ? 
2019-09-04 04:00:35,111 DEBUG (BaseJdbcLogger.java:143)- ====> Parameters: 19767(String)
2019-09-04 04:00:35,111 DEBUG (BaseJdbcLogger.java:143)- ====> Parameters: 19389(String)
2019-09-04 04:00:35,112 DEBUG (BaseJdbcLogger.java:143)- <====      Total: 1
2019-09-04 04:00:35,113 DEBUG (BaseJdbcLogger.java:143)- <====      Total: 1
2019-09-04 04:00:35,113 DEBUG (BaseJdbcLogger.java:143)- ====>  Preparing: select id, name, sex, birthday, phone, ID_number, email, parent_phone, adress, major, state from student_basic where id = ? 
2019-09-04 04:00:35,113 DEBUG (BaseJdbcLogger.java:143)- ====>  Preparing: select id, name, sex, birthday, phone, ID_number, email, parent_phone, adress, major, state from student_basic where id = ? 
2019-09-04 04:00:35,114 DEBUG (BaseJdbcLogger.java:143)- ====> Parameters: 19390(String)
2019-09-04 04:00:35,114 DEBUG (BaseJdbcLogger.java:143)- ====> Parameters: 19769(String)
2019-09-04 04:00:35,114 DEBUG (BaseJdbcLogger.java:143)- <====      Total: 1
2019-09-04 04:00:35,114 DEBUG (BaseJdbcLogger.java:143)- <====      Total: 1
2019-09-04 04:00:35,115 DEBUG (BaseJdbcLogger.java:143)- ====>  Preparing: select id, name, sex, birthday, phone, ID_number, email, parent_phone, adress, major, state from student_basic where id = ? 
2019-09-04 04:00:35,115 DEBUG (BaseJdbcLogger.java:143)- ====>  Preparing: select id, name, sex, birthday, phone, ID_number, email, parent_phone, adress, major, state from student_basic where id = ? 
2019-09-04 04:00:35,116 DEBUG (BaseJdbcLogger.java:143)- ====> Parameters: 19391(String)
2019-09-04 04:00:35,116 DEBUG (BaseJdbcLogger.java:143)- ====> Parameters: 19771(String)
2019-09-04 04:00:35,117 DEBUG (BaseJdbcLogger.java:143)- <====      Total: 1
2019-09-04 04:00:35,117 DEBUG (BaseJdbcLogger.java:143)- <====      Total: 1
2019-09-04 04:00:35,118 DEBUG (BaseJdbcLogger.java:143)- ====>  Preparing: select id, name, sex, birthday, phone, ID_number, email, parent_phone, adress, major, state from student_basic where id = ? 
2019-09-04 04:00:35,118 DEBUG (BaseJdbcLogger.java:143)- ====>  Preparing: select id, name, sex, birthday, phone, ID_number, email, parent_phone, adress, major, state from student_basic where id = ? 
2019-09-04 04:00:35,119 DEBUG (BaseJdbcLogger.java:143)- ====> Parameters: 19773(String)
2019-09-04 04:00:35,119 DEBUG (BaseJdbcLogger.java:143)- ====> Parameters: 19392(String)
2019-09-04 04:00:35,119 DEBUG (BaseJdbcLogger.java:143)- <====      Total: 1
2019-09-04 04:00:35,119 DEBUG (BaseJdbcLogger.java:143)- <====      Total: 1
2019-09-04 04:00:35,120 DEBUG (BaseJdbcLogger.java:143)- ====>  Preparing: select id, name, sex, birthday, phone, ID_number, email, parent_phone, adress, major, state from student_basic where id = ? 
2019-09-04 04:00:35,120 DEBUG (BaseJdbcLogger.java:143)- ====>  Preparing: select id, name, sex, birthday, phone, ID_number, email, parent_phone, adress, major, state from student_basic where id = ? 
2019-09-04 04:00:35,120 DEBUG (BaseJdbcLogger.java:143)- ====> Parameters: 19393(String)
2019-09-04 04:00:35,120 DEBUG (BaseJdbcLogger.java:143)- ====> Parameters: 19774(String)
2019-09-04 04:00:35,122 DEBUG (BaseJdbcLogger.java:143)- <====      Total: 1
2019-09-04 04:00:35,122 DEBUG (BaseJdbcLogger.java:143)- <====      Total: 1
2019-09-04 04:00:35,122 DEBUG (BaseJdbcLogger.java:143)- ====>  Preparing: select id, name, sex, birthday, phone, ID_number, email, parent_phone, adress, major, state from student_basic where id = ? 
2019-09-04 04:00:35,122 DEBUG (BaseJdbcLogger.java:143)- ====>  Preparing: select id, name, sex, birthday, phone, ID_number, email, parent_phone, adress, major, state from student_basic where id = ? 
2019-09-04 04:00:35,122 DEBUG (BaseJdbcLogger.java:143)- ====> Parameters: 19776(String)
2019-09-04 04:00:35,122 DEBUG (BaseJdbcLogger.java:143)- ====> Parameters: 19394(String)
2019-09-04 04:00:35,123 DEBUG (BaseJdbcLogger.java:143)- <====      Total: 1
2019-09-04 04:00:35,123 DEBUG (BaseJdbcLogger.java:143)- <====      Total: 1
2019-09-04 04:00:35,124 DEBUG (BaseJdbcLogger.java:143)- ====>  Preparing: select id, name, sex, birthday, phone, ID_number, email, parent_phone, adress, major, state from student_basic where id = ? 
2019-09-04 04:00:35,124 DEBUG (BaseJdbcLogger.java:143)- ====>  Preparing: select id, name, sex, birthday, phone, ID_number, email, parent_phone, adress, major, state from student_basic where id = ? 
2019-09-04 04:00:35,124 DEBUG (BaseJdbcLogger.java:143)- ====> Parameters: 19395(String)
2019-09-04 04:00:35,124 DEBUG (BaseJdbcLogger.java:143)- ====> Parameters: 19778(String)
2019-09-04 04:00:35,124 DEBUG (BaseJdbcLogger.java:143)- <====      Total: 1
2019-09-04 04:00:35,124 DEBUG (BaseJdbcLogger.java:143)- <====      Total: 1
2019-09-04 04:00:35,126 DEBUG (BaseJdbcLogger.java:143)- ====>  Preparing: select id, name, sex, birthday, phone, ID_number, email, parent_phone, adress, major, state from student_basic where id = ? 
2019-09-04 04:00:35,126 DEBUG (BaseJdbcLogger.java:143)- ====>  Preparing: select id, name, sex, birthday, phone, ID_number, email, parent_phone, adress, major, state from student_basic where id = ? 
2019-09-04 04:00:35,126 DEBUG (BaseJdbcLogger.java:143)- ====> Parameters: 19780(String)
2019-09-04 04:00:35,126 DEBUG (BaseJdbcLogger.java:143)- ====> Parameters: 19396(String)
2019-09-04 04:00:35,126 DEBUG (BaseJdbcLogger.java:143)- <====      Total: 1
2019-09-04 04:00:35,126 DEBUG (BaseJdbcLogger.java:143)- <====      Total: 1
2019-09-04 04:00:35,126 DEBUG (BaseJdbcLogger.java:143)- ====>  Preparing: select id, name, sex, birthday, phone, ID_number, email, parent_phone, adress, major, state from student_basic where id = ? 
2019-09-04 04:00:35,126 DEBUG (BaseJdbcLogger.java:143)- ====>  Preparing: select id, name, sex, birthday, phone, ID_number, email, parent_phone, adress, major, state from student_basic where id = ? 
2019-09-04 04:00:35,127 DEBUG (BaseJdbcLogger.java:143)- ====> Parameters: 19783(String)
2019-09-04 04:00:35,127 DEBUG (BaseJdbcLogger.java:143)- ====> Parameters: 19397(String)
2019-09-04 04:00:35,128 DEBUG (BaseJdbcLogger.java:143)- <====      Total: 1
2019-09-04 04:00:35,128 DEBUG (BaseJdbcLogger.java:143)- ====>  Preparing: select id, name, sex, birthday, phone, ID_number, email, parent_phone, adress, major, state from student_basic where id = ? 
2019-09-04 04:00:35,128 DEBUG (BaseJdbcLogger.java:143)- ====> Parameters: 19785(String)
2019-09-04 04:00:35,129 DEBUG (BaseJdbcLogger.java:143)- <====      Total: 1
2019-09-04 04:00:35,130 DEBUG (BaseJdbcLogger.java:143)- ====>  Preparing: select id, name, sex, birthday, phone, ID_number, email, parent_phone, adress, major, state from student_basic where id = ? 
2019-09-04 04:00:35,130 DEBUG (BaseJdbcLogger.java:143)- <====      Total: 1
2019-09-04 04:00:35,130 DEBUG (BaseJdbcLogger.java:143)- ====> Parameters: 19786(String)
2019-09-04 04:00:35,132 DEBUG (BaseJdbcLogger.java:143)- ====>  Preparing: select id, name, sex, birthday, phone, ID_number, email, parent_phone, adress, major, state from student_basic where id = ? 
2019-09-04 04:00:35,132 DEBUG (BaseJdbcLogger.java:143)- <====      Total: 1
2019-09-04 04:00:35,133 DEBUG (BaseJdbcLogger.java:143)- ====> Parameters: 19398(String)
2019-09-04 04:00:35,133 DEBUG (BaseJdbcLogger.java:143)- ====>  Preparing: select id, name, sex, birthday, phone, ID_number, email, parent_phone, adress, major, state from student_basic where id = ? 
2019-09-04 04:00:35,133 DEBUG (BaseJdbcLogger.java:143)- ====> Parameters: 19789(String)
2019-09-04 04:00:35,133 DEBUG (BaseJdbcLogger.java:143)- <====      Total: 1
2019-09-04 04:00:35,134 DEBUG (BaseJdbcLogger.java:143)- ====>  Preparing: select id, name, sex, birthday, phone, ID_number, email, parent_phone, adress, major, state from student_basic where id = ? 
2019-09-04 04:00:35,135 DEBUG (BaseJdbcLogger.java:143)- <====      Total: 1
2019-09-04 04:00:35,135 DEBUG (BaseJdbcLogger.java:143)- ====> Parameters: 19399(String)
2019-09-04 04:00:35,135 DEBUG (BaseJdbcLogger.java:143)- <==      Total: 22
2019-09-04 04:00:35,136 DEBUG (BaseJdbcLogger.java:143)- ==>  Preparing: select dormitory_allocation.id, dormitory_allocation.class_id, dormitory_allocation.dormitory_id,dormitory_allocation.number from dormitory_allocation,dormitory WHERE dormitory_allocation.dormitory_id=dormitory.id and dormitory.sex=? and class_id = ? 
2019-09-04 04:00:35,136 DEBUG (BaseJdbcLogger.java:143)- <====      Total: 1
2019-09-04 04:00:35,136 DEBUG (BaseJdbcLogger.java:143)- ==> Parameters: 男(String), 080205201904(String)
2019-09-04 04:00:35,136 DEBUG (BaseJdbcLogger.java:143)- <==      Total: 25
2019-09-04 04:00:35,136 DEBUG (BaseJdbcLogger.java:143)- ==>  Preparing: select dormitory_allocation.id, dormitory_allocation.class_id, dormitory_allocation.dormitory_id,dormitory_allocation.number from dormitory_allocation,dormitory WHERE dormitory_allocation.dormitory_id=dormitory.id and dormitory.sex=? and class_id = ? 
2019-09-04 04:00:35,136 DEBUG (BaseJdbcLogger.java:143)- ==> Parameters: 男(String), 080702201901(String)
2019-09-04 04:00:35,136 DEBUG (BaseJdbcLogger.java:143)- <==      Total: 0
2019-09-04 04:00:35,137 DEBUG (BaseJdbcLogger.java:143)- <==      Total: 0
2019-09-04 04:00:35,137 DEBUG (BaseJdbcLogger.java:143)- ==>  Preparing: select student_status.id,student_status.basic_id, student_status.student_id, student_status.class_id from student_status,student_basic where student_status.basic_id=student_basic.id and student_basic.sex=? and student_status.class_id=? 
2019-09-04 04:00:35,138 DEBUG (BaseJdbcLogger.java:143)- ==> Parameters: 男(String), 080702201902(String)
2019-09-04 04:00:35,140 DEBUG (BaseJdbcLogger.java:143)- ====>  Preparing: select id, name, sex, birthday, phone, ID_number, email, parent_phone, adress, major, state from student_basic where id = ? 
2019-09-04 04:00:35,140 DEBUG (BaseJdbcLogger.java:143)- ====> Parameters: 19400(String)
2019-09-04 04:00:35,142 DEBUG (BaseJdbcLogger.java:143)- <====      Total: 1
2019-09-04 04:00:35,142 DEBUG (BaseJdbcLogger.java:143)- ====>  Preparing: select id, class_id, name, director, grade, major_id from class where class_id = ? 
2019-09-04 04:00:35,142 DEBUG (BaseJdbcLogger.java:143)- ====> Parameters: 080702201902(String)
2019-09-04 04:00:35,143 DEBUG (BaseJdbcLogger.java:143)- ======>  Preparing: select id, major_id, name, price, department_id from major where major_id = ? 
2019-09-04 04:00:35,144 DEBUG (BaseJdbcLogger.java:143)- ======> Parameters: 080702(String)
2019-09-04 04:00:35,144 DEBUG (BaseJdbcLogger.java:143)- <======      Total: 1
2019-09-04 04:00:35,145 DEBUG (BaseJdbcLogger.java:143)- <====      Total: 1
2019-09-04 04:00:35,146 DEBUG (BaseJdbcLogger.java:143)- ====>  Preparing: select id, name, sex, birthday, phone, ID_number, email, parent_phone, adress, major, state from student_basic where id = ? 
2019-09-04 04:00:35,146 DEBUG (BaseJdbcLogger.java:143)- ====> Parameters: 19401(String)
2019-09-04 04:00:35,146 DEBUG (BaseJdbcLogger.java:143)- <====      Total: 1
2019-09-04 04:00:35,147 DEBUG (BaseJdbcLogger.java:143)- ====>  Preparing: select id, name, sex, birthday, phone, ID_number, email, parent_phone, adress, major, state from student_basic where id = ? 
2019-09-04 04:00:35,148 DEBUG (BaseJdbcLogger.java:143)- ====> Parameters: 19402(String)
2019-09-04 04:00:35,149 DEBUG (BaseJdbcLogger.java:143)- <====      Total: 1
2019-09-04 04:00:35,149 DEBUG (BaseJdbcLogger.java:143)- ====>  Preparing: select id, name, sex, birthday, phone, ID_number, email, parent_phone, adress, major, state from student_basic where id = ? 
2019-09-04 04:00:35,150 DEBUG (BaseJdbcLogger.java:143)- ====> Parameters: 19403(String)
2019-09-04 04:00:35,150 DEBUG (BaseJdbcLogger.java:143)- <====      Total: 1
2019-09-04 04:00:35,151 DEBUG (BaseJdbcLogger.java:143)- ====>  Preparing: select id, name, sex, birthday, phone, ID_number, email, parent_phone, adress, major, state from student_basic where id = ? 
2019-09-04 04:00:35,151 DEBUG (BaseJdbcLogger.java:143)- ====> Parameters: 19405(String)
2019-09-04 04:00:35,152 DEBUG (BaseJdbcLogger.java:143)- <====      Total: 1
2019-09-04 04:00:35,152 DEBUG (BaseJdbcLogger.java:143)- ====>  Preparing: select id, name, sex, birthday, phone, ID_number, email, parent_phone, adress, major, state from student_basic where id = ? 
2019-09-04 04:00:35,152 DEBUG (BaseJdbcLogger.java:143)- ====> Parameters: 19406(String)
2019-09-04 04:00:35,153 DEBUG (BaseJdbcLogger.java:143)- <====      Total: 1
2019-09-04 04:00:35,154 DEBUG (BaseJdbcLogger.java:143)- ====>  Preparing: select id, name, sex, birthday, phone, ID_number, email, parent_phone, adress, major, state from student_basic where id = ? 
2019-09-04 04:00:35,155 DEBUG (BaseJdbcLogger.java:143)- ====> Parameters: 19409(String)
2019-09-04 04:00:35,155 DEBUG (BaseJdbcLogger.java:143)- <====      Total: 1
2019-09-04 04:00:35,156 DEBUG (BaseJdbcLogger.java:143)- ====>  Preparing: select id, name, sex, birthday, phone, ID_number, email, parent_phone, adress, major, state from student_basic where id = ? 
2019-09-04 04:00:35,156 DEBUG (BaseJdbcLogger.java:143)- ====> Parameters: 19410(String)
2019-09-04 04:00:35,158 DEBUG (BaseJdbcLogger.java:143)- <====      Total: 1
2019-09-04 04:00:35,158 DEBUG (BaseJdbcLogger.java:143)- ====>  Preparing: select id, name, sex, birthday, phone, ID_number, email, parent_phone, adress, major, state from student_basic where id = ? 
2019-09-04 04:00:35,159 DEBUG (BaseJdbcLogger.java:143)- ====> Parameters: 19411(String)
2019-09-04 04:00:35,160 DEBUG (BaseJdbcLogger.java:143)- <====      Total: 1
2019-09-04 04:00:35,160 DEBUG (BaseJdbcLogger.java:143)- ====>  Preparing: select id, name, sex, birthday, phone, ID_number, email, parent_phone, adress, major, state from student_basic where id = ? 
2019-09-04 04:00:35,161 DEBUG (BaseJdbcLogger.java:143)- ====> Parameters: 19412(String)
2019-09-04 04:00:35,162 DEBUG (BaseJdbcLogger.java:143)- <====      Total: 1
2019-09-04 04:00:35,162 DEBUG (BaseJdbcLogger.java:143)- ====>  Preparing: select id, name, sex, birthday, phone, ID_number, email, parent_phone, adress, major, state from student_basic where id = ? 
2019-09-04 04:00:35,163 DEBUG (BaseJdbcLogger.java:143)- ====> Parameters: 19415(String)
2019-09-04 04:00:35,165 DEBUG (BaseJdbcLogger.java:143)- <====      Total: 1
2019-09-04 04:00:35,166 DEBUG (BaseJdbcLogger.java:143)- ====>  Preparing: select id, name, sex, birthday, phone, ID_number, email, parent_phone, adress, major, state from student_basic where id = ? 
2019-09-04 04:00:35,166 DEBUG (BaseJdbcLogger.java:143)- ====> Parameters: 19417(String)
2019-09-04 04:00:35,167 DEBUG (BaseJdbcLogger.java:143)- <====      Total: 1
2019-09-04 04:00:35,168 DEBUG (BaseJdbcLogger.java:143)- ====>  Preparing: select id, name, sex, birthday, phone, ID_number, email, parent_phone, adress, major, state from student_basic where id = ? 
2019-09-04 04:00:35,169 DEBUG (BaseJdbcLogger.java:143)- ====> Parameters: 19418(String)
2019-09-04 04:00:35,170 DEBUG (BaseJdbcLogger.java:143)- <====      Total: 1
2019-09-04 04:00:35,171 DEBUG (BaseJdbcLogger.java:143)- ====>  Preparing: select id, name, sex, birthday, phone, ID_number, email, parent_phone, adress, major, state from student_basic where id = ? 
2019-09-04 04:00:35,171 DEBUG (BaseJdbcLogger.java:143)- ====> Parameters: 19419(String)
2019-09-04 04:00:35,172 DEBUG (BaseJdbcLogger.java:143)- <====      Total: 1
2019-09-04 04:00:35,173 DEBUG (BaseJdbcLogger.java:143)- ====>  Preparing: select id, name, sex, birthday, phone, ID_number, email, parent_phone, adress, major, state from student_basic where id = ? 
2019-09-04 04:00:35,174 DEBUG (BaseJdbcLogger.java:143)- ====> Parameters: 19422(String)
2019-09-04 04:00:35,174 DEBUG (BaseJdbcLogger.java:143)- <====      Total: 1
2019-09-04 04:00:35,176 DEBUG (BaseJdbcLogger.java:143)- ====>  Preparing: select id, name, sex, birthday, phone, ID_number, email, parent_phone, adress, major, state from student_basic where id = ? 
2019-09-04 04:00:35,176 DEBUG (BaseJdbcLogger.java:143)- ====> Parameters: 19423(String)
2019-09-04 04:00:35,177 DEBUG (BaseJdbcLogger.java:143)- <====      Total: 1
2019-09-04 04:00:35,178 DEBUG (BaseJdbcLogger.java:143)- ====>  Preparing: select id, name, sex, birthday, phone, ID_number, email, parent_phone, adress, major, state from student_basic where id = ? 
2019-09-04 04:00:35,178 DEBUG (BaseJdbcLogger.java:143)- ====> Parameters: 19425(String)
2019-09-04 04:00:35,180 DEBUG (BaseJdbcLogger.java:143)- <====      Total: 1
2019-09-04 04:00:35,181 DEBUG (BaseJdbcLogger.java:143)- ====>  Preparing: select id, name, sex, birthday, phone, ID_number, email, parent_phone, adress, major, state from student_basic where id = ? 
2019-09-04 04:00:35,181 DEBUG (BaseJdbcLogger.java:143)- ====> Parameters: 19426(String)
2019-09-04 04:00:35,183 DEBUG (BaseJdbcLogger.java:143)- <====      Total: 1
2019-09-04 04:00:35,183 DEBUG (BaseJdbcLogger.java:143)- ====>  Preparing: select id, name, sex, birthday, phone, ID_number, email, parent_phone, adress, major, state from student_basic where id = ? 
2019-09-04 04:00:35,184 DEBUG (BaseJdbcLogger.java:143)- ====> Parameters: 19429(String)
2019-09-04 04:00:35,185 DEBUG (BaseJdbcLogger.java:143)- <====      Total: 1
2019-09-04 04:00:35,186 DEBUG (BaseJdbcLogger.java:143)- ====>  Preparing: select id, name, sex, birthday, phone, ID_number, email, parent_phone, adress, major, state from student_basic where id = ? 
2019-09-04 04:00:35,186 DEBUG (BaseJdbcLogger.java:143)- ====> Parameters: 19431(String)
2019-09-04 04:00:35,187 DEBUG (BaseJdbcLogger.java:143)- <====      Total: 1
2019-09-04 04:00:35,188 DEBUG (BaseJdbcLogger.java:143)- ====>  Preparing: select id, name, sex, birthday, phone, ID_number, email, parent_phone, adress, major, state from student_basic where id = ? 
2019-09-04 04:00:35,189 DEBUG (BaseJdbcLogger.java:143)- ====> Parameters: 19432(String)
2019-09-04 04:00:35,190 DEBUG (BaseJdbcLogger.java:143)- <====      Total: 1
2019-09-04 04:00:35,191 DEBUG (BaseJdbcLogger.java:143)- ====>  Preparing: select id, name, sex, birthday, phone, ID_number, email, parent_phone, adress, major, state from student_basic where id = ? 
2019-09-04 04:00:35,192 DEBUG (BaseJdbcLogger.java:143)- ====> Parameters: 19433(String)
2019-09-04 04:00:35,192 DEBUG (BaseJdbcLogger.java:143)- <====      Total: 1
2019-09-04 04:00:35,193 DEBUG (BaseJdbcLogger.java:143)- ====>  Preparing: select id, name, sex, birthday, phone, ID_number, email, parent_phone, adress, major, state from student_basic where id = ? 
2019-09-04 04:00:35,194 DEBUG (BaseJdbcLogger.java:143)- ====> Parameters: 19435(String)
2019-09-04 04:00:35,194 DEBUG (BaseJdbcLogger.java:143)- <====      Total: 1
2019-09-04 04:00:35,196 DEBUG (BaseJdbcLogger.java:143)- ====>  Preparing: select id, name, sex, birthday, phone, ID_number, email, parent_phone, adress, major, state from student_basic where id = ? 
2019-09-04 04:00:35,196 DEBUG (BaseJdbcLogger.java:143)- ====> Parameters: 19437(String)
2019-09-04 04:00:35,197 DEBUG (BaseJdbcLogger.java:143)- <====      Total: 1
2019-09-04 04:00:35,198 DEBUG (BaseJdbcLogger.java:143)- ====>  Preparing: select id, name, sex, birthday, phone, ID_number, email, parent_phone, adress, major, state from student_basic where id = ? 
2019-09-04 04:00:35,199 DEBUG (BaseJdbcLogger.java:143)- ====> Parameters: 19438(String)
2019-09-04 04:00:35,200 DEBUG (BaseJdbcLogger.java:143)- <====      Total: 1
2019-09-04 04:00:35,201 DEBUG (BaseJdbcLogger.java:143)- <==      Total: 25
2019-09-04 04:00:35,202 DEBUG (BaseJdbcLogger.java:143)- ==>  Preparing: select dormitory_allocation.id, dormitory_allocation.class_id, dormitory_allocation.dormitory_id,dormitory_allocation.number from dormitory_allocation,dormitory WHERE dormitory_allocation.dormitory_id=dormitory.id and dormitory.sex=? and class_id = ? 
2019-09-04 04:00:35,202 DEBUG (BaseJdbcLogger.java:143)- ==> Parameters: 男(String), 080702201902(String)
2019-09-04 04:00:35,203 DEBUG (BaseJdbcLogger.java:143)- <==      Total: 0
2019-09-04 04:00:35,203 DEBUG (BaseJdbcLogger.java:143)- ==>  Preparing: select student_status.id,student_status.basic_id, student_status.student_id, student_status.class_id from student_status,student_basic where student_status.basic_id=student_basic.id and student_basic.sex=? and student_status.class_id=? 
2019-09-04 04:00:35,204 DEBUG (BaseJdbcLogger.java:143)- ==> Parameters: 男(String), 080702201903(String)
2019-09-04 04:00:35,205 DEBUG (BaseJdbcLogger.java:143)- ====>  Preparing: select id, name, sex, birthday, phone, ID_number, email, parent_phone, adress, major, state from student_basic where id = ? 
2019-09-04 04:00:35,206 DEBUG (BaseJdbcLogger.java:143)- ====> Parameters: 19439(String)
2019-09-04 04:00:35,207 DEBUG (BaseJdbcLogger.java:143)- <====      Total: 1
2019-09-04 04:00:35,207 DEBUG (BaseJdbcLogger.java:143)- ====>  Preparing: select id, class_id, name, director, grade, major_id from class where class_id = ? 
2019-09-04 04:00:35,208 DEBUG (BaseJdbcLogger.java:143)- ====> Parameters: 080702201903(String)
2019-09-04 04:00:35,209 DEBUG (BaseJdbcLogger.java:143)- ======>  Preparing: select id, major_id, name, price, department_id from major where major_id = ? 
2019-09-04 04:00:35,209 DEBUG (BaseJdbcLogger.java:143)- ======> Parameters: 080702(String)
2019-09-04 04:00:35,211 DEBUG (BaseJdbcLogger.java:143)- <======      Total: 1
2019-09-04 04:00:35,211 DEBUG (BaseJdbcLogger.java:143)- <====      Total: 1
2019-09-04 04:00:35,211 DEBUG (BaseJdbcLogger.java:143)- ====>  Preparing: select id, name, sex, birthday, phone, ID_number, email, parent_phone, adress, major, state from student_basic where id = ? 
2019-09-04 04:00:35,211 DEBUG (BaseJdbcLogger.java:143)- ====> Parameters: 19440(String)
2019-09-04 04:00:35,212 DEBUG (BaseJdbcLogger.java:143)- <====      Total: 1
2019-09-04 04:00:35,213 DEBUG (BaseJdbcLogger.java:143)- ====>  Preparing: select id, name, sex, birthday, phone, ID_number, email, parent_phone, adress, major, state from student_basic where id = ? 
2019-09-04 04:00:35,215 DEBUG (BaseJdbcLogger.java:143)- ====> Parameters: 19444(String)
2019-09-04 04:00:35,216 DEBUG (BaseJdbcLogger.java:143)- <====      Total: 1
2019-09-04 04:00:35,216 DEBUG (BaseJdbcLogger.java:143)- ====>  Preparing: select id, name, sex, birthday, phone, ID_number, email, parent_phone, adress, major, state from student_basic where id = ? 
2019-09-04 04:00:35,217 DEBUG (BaseJdbcLogger.java:143)- ====> Parameters: 19447(String)
2019-09-04 04:00:35,218 DEBUG (BaseJdbcLogger.java:143)- <====      Total: 1
2019-09-04 04:00:35,218 DEBUG (BaseJdbcLogger.java:143)- ====>  Preparing: select id, name, sex, birthday, phone, ID_number, email, parent_phone, adress, major, state from student_basic where id = ? 
2019-09-04 04:00:35,219 DEBUG (BaseJdbcLogger.java:143)- ====> Parameters: 19450(String)
2019-09-04 04:00:35,220 DEBUG (BaseJdbcLogger.java:143)- <====      Total: 1
2019-09-04 04:00:35,220 DEBUG (BaseJdbcLogger.java:143)- ====>  Preparing: select id, name, sex, birthday, phone, ID_number, email, parent_phone, adress, major, state from student_basic where id = ? 
2019-09-04 04:00:35,221 DEBUG (BaseJdbcLogger.java:143)- ====> Parameters: 19451(String)
2019-09-04 04:00:35,222 DEBUG (BaseJdbcLogger.java:143)- <====      Total: 1
2019-09-04 04:00:35,222 DEBUG (BaseJdbcLogger.java:143)- ====>  Preparing: select id, name, sex, birthday, phone, ID_number, email, parent_phone, adress, major, state from student_basic where id = ? 
2019-09-04 04:00:35,223 DEBUG (BaseJdbcLogger.java:143)- ====> Parameters: 19452(String)
2019-09-04 04:00:35,224 DEBUG (BaseJdbcLogger.java:143)- <====      Total: 1
2019-09-04 04:00:35,224 DEBUG (BaseJdbcLogger.java:143)- ====>  Preparing: select id, name, sex, birthday, phone, ID_number, email, parent_phone, adress, major, state from student_basic where id = ? 
2019-09-04 04:00:35,226 DEBUG (BaseJdbcLogger.java:143)- ====> Parameters: 19456(String)
2019-09-04 04:00:35,226 DEBUG (BaseJdbcLogger.java:143)- <====      Total: 1
2019-09-04 04:00:35,226 DEBUG (BaseJdbcLogger.java:143)- ====>  Preparing: select id, name, sex, birthday, phone, ID_number, email, parent_phone, adress, major, state from student_basic where id = ? 
2019-09-04 04:00:35,227 DEBUG (BaseJdbcLogger.java:143)- ====> Parameters: 19457(String)
2019-09-04 04:00:35,227 DEBUG (BaseJdbcLogger.java:143)- <====      Total: 1
2019-09-04 04:00:35,228 DEBUG (BaseJdbcLogger.java:143)- ====>  Preparing: select id, name, sex, birthday, phone, ID_number, email, parent_phone, adress, major, state from student_basic where id = ? 
2019-09-04 04:00:35,229 DEBUG (BaseJdbcLogger.java:143)- ====> Parameters: 19458(String)
2019-09-04 04:00:35,230 DEBUG (BaseJdbcLogger.java:143)- <====      Total: 1
2019-09-04 04:00:35,231 DEBUG (BaseJdbcLogger.java:143)- ====>  Preparing: select id, name, sex, birthday, phone, ID_number, email, parent_phone, adress, major, state from student_basic where id = ? 
2019-09-04 04:00:35,232 DEBUG (BaseJdbcLogger.java:143)- ====> Parameters: 19459(String)
2019-09-04 04:00:35,239 DEBUG (BaseJdbcLogger.java:143)- <====      Total: 1
2019-09-04 04:00:35,240 DEBUG (BaseJdbcLogger.java:143)- ====>  Preparing: select id, name, sex, birthday, phone, ID_number, email, parent_phone, adress, major, state from student_basic where id = ? 
2019-09-04 04:00:35,240 DEBUG (BaseJdbcLogger.java:143)- ====> Parameters: 19461(String)
2019-09-04 04:00:35,241 DEBUG (BaseJdbcLogger.java:143)- <====      Total: 1
2019-09-04 04:00:35,241 DEBUG (BaseJdbcLogger.java:143)- ====>  Preparing: select id, name, sex, birthday, phone, ID_number, email, parent_phone, adress, major, state from student_basic where id = ? 
2019-09-04 04:00:35,241 DEBUG (BaseJdbcLogger.java:143)- ====> Parameters: 19463(String)
2019-09-04 04:00:35,243 DEBUG (BaseJdbcLogger.java:143)- <====      Total: 1
2019-09-04 04:00:35,243 DEBUG (BaseJdbcLogger.java:143)- ====>  Preparing: select id, name, sex, birthday, phone, ID_number, email, parent_phone, adress, major, state from student_basic where id = ? 
2019-09-04 04:00:35,243 DEBUG (BaseJdbcLogger.java:143)- ====> Parameters: 19464(String)
2019-09-04 04:00:35,244 DEBUG (BaseJdbcLogger.java:143)- <====      Total: 1
2019-09-04 04:00:35,244 DEBUG (BaseJdbcLogger.java:143)- ====>  Preparing: select id, name, sex, birthday, phone, ID_number, email, parent_phone, adress, major, state from student_basic where id = ? 
2019-09-04 04:00:35,245 DEBUG (BaseJdbcLogger.java:143)- ====> Parameters: 19465(String)
2019-09-04 04:00:35,246 DEBUG (BaseJdbcLogger.java:143)- <====      Total: 1
2019-09-04 04:00:35,246 DEBUG (BaseJdbcLogger.java:143)- ====>  Preparing: select id, name, sex, birthday, phone, ID_number, email, parent_phone, adress, major, state from student_basic where id = ? 
2019-09-04 04:00:35,247 DEBUG (BaseJdbcLogger.java:143)- ====> Parameters: 19466(String)
2019-09-04 04:00:35,248 DEBUG (BaseJdbcLogger.java:143)- <====      Total: 1
2019-09-04 04:00:35,249 DEBUG (BaseJdbcLogger.java:143)- ====>  Preparing: select id, name, sex, birthday, phone, ID_number, email, parent_phone, adress, major, state from student_basic where id = ? 
2019-09-04 04:00:35,250 DEBUG (BaseJdbcLogger.java:143)- ====> Parameters: 19467(String)
2019-09-04 04:00:35,251 DEBUG (BaseJdbcLogger.java:143)- <====      Total: 1
2019-09-04 04:00:35,252 DEBUG (BaseJdbcLogger.java:143)- ====>  Preparing: select id, name, sex, birthday, phone, ID_number, email, parent_phone, adress, major, state from student_basic where id = ? 
2019-09-04 04:00:35,252 DEBUG (BaseJdbcLogger.java:143)- ====> Parameters: 19468(String)
2019-09-04 04:00:35,253 DEBUG (BaseJdbcLogger.java:143)- <====      Total: 1
2019-09-04 04:00:35,254 DEBUG (BaseJdbcLogger.java:143)- ====>  Preparing: select id, name, sex, birthday, phone, ID_number, email, parent_phone, adress, major, state from student_basic where id = ? 
2019-09-04 04:00:35,254 DEBUG (BaseJdbcLogger.java:143)- ====> Parameters: 19469(String)
2019-09-04 04:00:35,255 DEBUG (BaseJdbcLogger.java:143)- <====      Total: 1
2019-09-04 04:00:35,255 DEBUG (BaseJdbcLogger.java:143)- ====>  Preparing: select id, name, sex, birthday, phone, ID_number, email, parent_phone, adress, major, state from student_basic where id = ? 
2019-09-04 04:00:35,256 DEBUG (BaseJdbcLogger.java:143)- ====> Parameters: 19472(String)
2019-09-04 04:00:35,257 DEBUG (BaseJdbcLogger.java:143)- <====      Total: 1
2019-09-04 04:00:35,257 DEBUG (BaseJdbcLogger.java:143)- ====>  Preparing: select id, name, sex, birthday, phone, ID_number, email, parent_phone, adress, major, state from student_basic where id = ? 
2019-09-04 04:00:35,258 DEBUG (BaseJdbcLogger.java:143)- ====> Parameters: 19473(String)
2019-09-04 04:00:35,258 DEBUG (BaseJdbcLogger.java:143)- <====      Total: 1
2019-09-04 04:00:35,259 DEBUG (BaseJdbcLogger.java:143)- ====>  Preparing: select id, name, sex, birthday, phone, ID_number, email, parent_phone, adress, major, state from student_basic where id = ? 
2019-09-04 04:00:35,259 DEBUG (BaseJdbcLogger.java:143)- ====> Parameters: 19474(String)
2019-09-04 04:00:35,259 DEBUG (BaseJdbcLogger.java:143)- <====      Total: 1
2019-09-04 04:00:35,260 DEBUG (BaseJdbcLogger.java:143)- ====>  Preparing: select id, name, sex, birthday, phone, ID_number, email, parent_phone, adress, major, state from student_basic where id = ? 
2019-09-04 04:00:35,261 DEBUG (BaseJdbcLogger.java:143)- ====> Parameters: 19477(String)
2019-09-04 04:00:35,261 DEBUG (BaseJdbcLogger.java:143)- <====      Total: 1
2019-09-04 04:00:35,262 DEBUG (BaseJdbcLogger.java:143)- ====>  Preparing: select id, name, sex, birthday, phone, ID_number, email, parent_phone, adress, major, state from student_basic where id = ? 
2019-09-04 04:00:35,262 DEBUG (BaseJdbcLogger.java:143)- ====> Parameters: 19479(String)
2019-09-04 04:00:35,263 DEBUG (BaseJdbcLogger.java:143)- <====      Total: 1
2019-09-04 04:00:35,263 DEBUG (BaseJdbcLogger.java:143)- <==      Total: 24
2019-09-04 04:00:35,264 DEBUG (BaseJdbcLogger.java:143)- ==>  Preparing: select dormitory_allocation.id, dormitory_allocation.class_id, dormitory_allocation.dormitory_id,dormitory_allocation.number from dormitory_allocation,dormitory WHERE dormitory_allocation.dormitory_id=dormitory.id and dormitory.sex=? and class_id = ? 
2019-09-04 04:00:35,265 DEBUG (BaseJdbcLogger.java:143)- ==> Parameters: 男(String), 080702201903(String)
2019-09-04 04:00:35,266 DEBUG (BaseJdbcLogger.java:143)- ====>  Preparing: select id, dong, floor, room, sex, number, rent,hasnumber from dormitory where id = ? 
2019-09-04 04:00:35,266 DEBUG (BaseJdbcLogger.java:143)- ====> Parameters: 5(Integer)
2019-09-04 04:00:35,268 DEBUG (BaseJdbcLogger.java:143)- <====      Total: 1
2019-09-04 04:00:35,269 DEBUG (BaseJdbcLogger.java:143)- ====>  Preparing: select id, dong, floor, room, sex, number, rent,hasnumber from dormitory where id = ? 
2019-09-04 04:00:35,270 DEBUG (BaseJdbcLogger.java:143)- ====> Parameters: 17(Integer)
2019-09-04 04:00:35,271 DEBUG (BaseJdbcLogger.java:143)- <====      Total: 1
2019-09-04 04:00:35,271 DEBUG (BaseJdbcLogger.java:143)- ====>  Preparing: select id, dong, floor, room, sex, number, rent,hasnumber from dormitory where id = ? 
2019-09-04 04:00:35,272 DEBUG (BaseJdbcLogger.java:143)- ====> Parameters: 18(Integer)
2019-09-04 04:00:35,273 DEBUG (BaseJdbcLogger.java:143)- <====      Total: 1
2019-09-04 04:00:35,273 DEBUG (BaseJdbcLogger.java:143)- ====>  Preparing: select id, dong, floor, room, sex, number, rent,hasnumber from dormitory where id = ? 
2019-09-04 04:00:35,274 DEBUG (BaseJdbcLogger.java:143)- ====> Parameters: 19(Integer)
2019-09-04 04:00:35,275 DEBUG (BaseJdbcLogger.java:143)- <====      Total: 1
2019-09-04 04:00:35,276 DEBUG (BaseJdbcLogger.java:143)- ====>  Preparing: select id, dong, floor, room, sex, number, rent,hasnumber from dormitory where id = ? 
2019-09-04 04:00:35,276 DEBUG (BaseJdbcLogger.java:143)- ====> Parameters: 20(Integer)
2019-09-04 04:00:35,277 DEBUG (BaseJdbcLogger.java:143)- <====      Total: 1
2019-09-04 04:00:35,278 DEBUG (BaseJdbcLogger.java:143)- <==      Total: 5
2019-09-04 04:00:35,278 DEBUG (BaseJdbcLogger.java:143)- ==>  Preparing: select student_status.id,student_status.basic_id, student_status.student_id, student_status.class_id from student_status,student_basic where student_status.basic_id=student_basic.id and student_basic.sex=? and student_status.class_id=? 
2019-09-04 04:00:35,279 DEBUG (BaseJdbcLogger.java:143)- ==> Parameters: 男(String), 080901201901(String)
2019-09-04 04:00:35,281 DEBUG (BaseJdbcLogger.java:143)- ====>  Preparing: select id, name, sex, birthday, phone, ID_number, email, parent_phone, adress, major, state from student_basic where id = ? 
2019-09-04 04:00:35,282 DEBUG (BaseJdbcLogger.java:143)- ====> Parameters: 19002(String)
2019-09-04 04:00:35,283 DEBUG (BaseJdbcLogger.java:143)- <====      Total: 1
2019-09-04 04:00:35,284 DEBUG (BaseJdbcLogger.java:143)- ====>  Preparing: select id, class_id, name, director, grade, major_id from class where class_id = ? 
2019-09-04 04:00:35,284 DEBUG (BaseJdbcLogger.java:143)- ====> Parameters: 080901201901(String)
2019-09-04 04:00:35,285 DEBUG (BaseJdbcLogger.java:143)- ======>  Preparing: select id, major_id, name, price, department_id from major where major_id = ? 
2019-09-04 04:00:35,286 DEBUG (BaseJdbcLogger.java:143)- ======> Parameters: 080901(String)
2019-09-04 04:00:35,287 DEBUG (BaseJdbcLogger.java:143)- <======      Total: 1
2019-09-04 04:00:35,288 DEBUG (BaseJdbcLogger.java:143)- <====      Total: 1
2019-09-04 04:00:35,288 DEBUG (BaseJdbcLogger.java:143)- ====>  Preparing: select id, name, sex, birthday, phone, ID_number, email, parent_phone, adress, major, state from student_basic where id = ? 
2019-09-04 04:00:35,288 DEBUG (BaseJdbcLogger.java:143)- ====> Parameters: 19003(String)
2019-09-04 04:00:35,289 DEBUG (BaseJdbcLogger.java:143)- <====      Total: 1
2019-09-04 04:00:35,289 DEBUG (BaseJdbcLogger.java:143)- ====>  Preparing: select id, name, sex, birthday, phone, ID_number, email, parent_phone, adress, major, state from student_basic where id = ? 
2019-09-04 04:00:35,290 DEBUG (BaseJdbcLogger.java:143)- ====> Parameters: 19006(String)
2019-09-04 04:00:35,290 DEBUG (BaseJdbcLogger.java:143)- <====      Total: 1
2019-09-04 04:00:35,291 DEBUG (BaseJdbcLogger.java:143)- ====>  Preparing: select id, name, sex, birthday, phone, ID_number, email, parent_phone, adress, major, state from student_basic where id = ? 
2019-09-04 04:00:35,292 DEBUG (BaseJdbcLogger.java:143)- ====> Parameters: 19007(String)
2019-09-04 04:00:35,292 DEBUG (BaseJdbcLogger.java:143)- <====      Total: 1
2019-09-04 04:00:35,292 DEBUG (BaseJdbcLogger.java:143)- ====>  Preparing: select id, name, sex, birthday, phone, ID_number, email, parent_phone, adress, major, state from student_basic where id = ? 
2019-09-04 04:00:35,293 DEBUG (BaseJdbcLogger.java:143)- ====> Parameters: 19009(String)
2019-09-04 04:00:35,293 DEBUG (BaseJdbcLogger.java:143)- <====      Total: 1
2019-09-04 04:00:35,294 DEBUG (BaseJdbcLogger.java:143)- ====>  Preparing: select id, name, sex, birthday, phone, ID_number, email, parent_phone, adress, major, state from student_basic where id = ? 
2019-09-04 04:00:35,294 DEBUG (BaseJdbcLogger.java:143)- ====> Parameters: 19012(String)
2019-09-04 04:00:35,295 DEBUG (BaseJdbcLogger.java:143)- <====      Total: 1
2019-09-04 04:00:35,295 DEBUG (BaseJdbcLogger.java:143)- ====>  Preparing: select id, name, sex, birthday, phone, ID_number, email, parent_phone, adress, major, state from student_basic where id = ? 
2019-09-04 04:00:35,295 DEBUG (BaseJdbcLogger.java:143)- ====> Parameters: 19016(String)
2019-09-04 04:00:35,296 DEBUG (BaseJdbcLogger.java:143)- <====      Total: 1
2019-09-04 04:00:35,297 DEBUG (BaseJdbcLogger.java:143)- ====>  Preparing: select id, name, sex, birthday, phone, ID_number, email, parent_phone, adress, major, state from student_basic where id = ? 
2019-09-04 04:00:35,299 DEBUG (BaseJdbcLogger.java:143)- ====> Parameters: 19019(String)
2019-09-04 04:00:35,300 DEBUG (BaseJdbcLogger.java:143)- <====      Total: 1
2019-09-04 04:00:35,301 DEBUG (BaseJdbcLogger.java:143)- ====>  Preparing: select id, name, sex, birthday, phone, ID_number, email, parent_phone, adress, major, state from student_basic where id = ? 
2019-09-04 04:00:35,301 DEBUG (BaseJdbcLogger.java:143)- ====> Parameters: 19021(String)
2019-09-04 04:00:35,302 DEBUG (BaseJdbcLogger.java:143)- <====      Total: 1
2019-09-04 04:00:35,302 DEBUG (BaseJdbcLogger.java:143)- ====>  Preparing: select id, name, sex, birthday, phone, ID_number, email, parent_phone, adress, major, state from student_basic where id = ? 
2019-09-04 04:00:35,302 DEBUG (BaseJdbcLogger.java:143)- ====> Parameters: 19022(String)
2019-09-04 04:00:35,303 DEBUG (BaseJdbcLogger.java:143)- <====      Total: 1
2019-09-04 04:00:35,303 DEBUG (BaseJdbcLogger.java:143)- ====>  Preparing: select id, name, sex, birthday, phone, ID_number, email, parent_phone, adress, major, state from student_basic where id = ? 
2019-09-04 04:00:35,304 DEBUG (BaseJdbcLogger.java:143)- ====> Parameters: 19024(String)
2019-09-04 04:00:35,304 DEBUG (BaseJdbcLogger.java:143)- <====      Total: 1
2019-09-04 04:00:35,304 DEBUG (BaseJdbcLogger.java:143)- ====>  Preparing: select id, name, sex, birthday, phone, ID_number, email, parent_phone, adress, major, state from student_basic where id = ? 
2019-09-04 04:00:35,305 DEBUG (BaseJdbcLogger.java:143)- ====> Parameters: 19027(String)
2019-09-04 04:00:35,305 DEBUG (BaseJdbcLogger.java:143)- <====      Total: 1
2019-09-04 04:00:35,306 DEBUG (BaseJdbcLogger.java:143)- ====>  Preparing: select id, name, sex, birthday, phone, ID_number, email, parent_phone, adress, major, state from student_basic where id = ? 
2019-09-04 04:00:35,306 DEBUG (BaseJdbcLogger.java:143)- ====> Parameters: 19029(String)
2019-09-04 04:00:35,306 DEBUG (BaseJdbcLogger.java:143)- <====      Total: 1
2019-09-04 04:00:35,307 DEBUG (BaseJdbcLogger.java:143)- ====>  Preparing: select id, name, sex, birthday, phone, ID_number, email, parent_phone, adress, major, state from student_basic where id = ? 
2019-09-04 04:00:35,307 DEBUG (BaseJdbcLogger.java:143)- ====> Parameters: 19031(String)
2019-09-04 04:00:35,308 DEBUG (BaseJdbcLogger.java:143)- <====      Total: 1
2019-09-04 04:00:35,308 DEBUG (BaseJdbcLogger.java:143)- ====>  Preparing: select id, name, sex, birthday, phone, ID_number, email, parent_phone, adress, major, state from student_basic where id = ? 
2019-09-04 04:00:35,308 DEBUG (BaseJdbcLogger.java:143)- ====> Parameters: 19033(String)
2019-09-04 04:00:35,309 DEBUG (BaseJdbcLogger.java:143)- <====      Total: 1
2019-09-04 04:00:35,309 DEBUG (BaseJdbcLogger.java:143)- ====>  Preparing: select id, name, sex, birthday, phone, ID_number, email, parent_phone, adress, major, state from student_basic where id = ? 
2019-09-04 04:00:35,310 DEBUG (BaseJdbcLogger.java:143)- ====> Parameters: 19035(String)
2019-09-04 04:00:35,310 DEBUG (BaseJdbcLogger.java:143)- <====      Total: 1
2019-09-04 04:00:35,310 DEBUG (BaseJdbcLogger.java:143)- ====>  Preparing: select id, name, sex, birthday, phone, ID_number, email, parent_phone, adress, major, state from student_basic where id = ? 
2019-09-04 04:00:35,311 DEBUG (BaseJdbcLogger.java:143)- ====> Parameters: 19036(String)
2019-09-04 04:00:35,311 DEBUG (BaseJdbcLogger.java:143)- <====      Total: 1
2019-09-04 04:00:35,312 DEBUG (BaseJdbcLogger.java:143)- ====>  Preparing: select id, name, sex, birthday, phone, ID_number, email, parent_phone, adress, major, state from student_basic where id = ? 
2019-09-04 04:00:35,312 DEBUG (BaseJdbcLogger.java:143)- ====> Parameters: 19037(String)
2019-09-04 04:00:35,313 DEBUG (BaseJdbcLogger.java:143)- <====      Total: 1
2019-09-04 04:00:35,314 DEBUG (BaseJdbcLogger.java:143)- ====>  Preparing: select id, name, sex, birthday, phone, ID_number, email, parent_phone, adress, major, state from student_basic where id = ? 
2019-09-04 04:00:35,315 DEBUG (BaseJdbcLogger.java:143)- ====> Parameters: 19039(String)
2019-09-04 04:00:35,316 DEBUG (BaseJdbcLogger.java:143)- <====      Total: 1
2019-09-04 04:00:35,316 DEBUG (BaseJdbcLogger.java:143)- ====>  Preparing: select id, name, sex, birthday, phone, ID_number, email, parent_phone, adress, major, state from student_basic where id = ? 
2019-09-04 04:00:35,317 DEBUG (BaseJdbcLogger.java:143)- ====> Parameters: 19042(String)
2019-09-04 04:00:35,317 DEBUG (BaseJdbcLogger.java:143)- <====      Total: 1
2019-09-04 04:00:35,318 DEBUG (BaseJdbcLogger.java:143)- ====>  Preparing: select id, name, sex, birthday, phone, ID_number, email, parent_phone, adress, major, state from student_basic where id = ? 
2019-09-04 04:00:35,318 DEBUG (BaseJdbcLogger.java:143)- ====> Parameters: 19043(String)
2019-09-04 04:00:35,319 DEBUG (BaseJdbcLogger.java:143)- <====      Total: 1
2019-09-04 04:00:35,319 DEBUG (BaseJdbcLogger.java:143)- ====>  Preparing: select id, name, sex, birthday, phone, ID_number, email, parent_phone, adress, major, state from student_basic where id = ? 
2019-09-04 04:00:35,319 DEBUG (BaseJdbcLogger.java:143)- ====> Parameters: 19044(String)
2019-09-04 04:00:35,320 DEBUG (BaseJdbcLogger.java:143)- <====      Total: 1
2019-09-04 04:00:35,321 DEBUG (BaseJdbcLogger.java:143)- <==      Total: 22
2019-09-04 04:00:35,321 DEBUG (BaseJdbcLogger.java:143)- ==>  Preparing: select dormitory_allocation.id, dormitory_allocation.class_id, dormitory_allocation.dormitory_id,dormitory_allocation.number from dormitory_allocation,dormitory WHERE dormitory_allocation.dormitory_id=dormitory.id and dormitory.sex=? and class_id = ? 
2019-09-04 04:00:35,321 DEBUG (BaseJdbcLogger.java:143)- ==> Parameters: 男(String), 080901201901(String)
2019-09-04 04:00:35,321 DEBUG (BaseJdbcLogger.java:143)- <==      Total: 0
2019-09-04 04:00:35,322 DEBUG (BaseJdbcLogger.java:143)- ==>  Preparing: select student_status.id,student_status.basic_id, student_status.student_id, student_status.class_id from student_status,student_basic where student_status.basic_id=student_basic.id and student_basic.sex=? and student_status.class_id=? 
2019-09-04 04:00:35,322 DEBUG (BaseJdbcLogger.java:143)- ==> Parameters: 男(String), 080901201902(String)
2019-09-04 04:00:35,323 DEBUG (BaseJdbcLogger.java:143)- ====>  Preparing: select id, name, sex, birthday, phone, ID_number, email, parent_phone, adress, major, state from student_basic where id = ? 
2019-09-04 04:00:35,323 DEBUG (BaseJdbcLogger.java:143)- ====> Parameters: 19046(String)
2019-09-04 04:00:35,324 DEBUG (BaseJdbcLogger.java:143)- <====      Total: 1
2019-09-04 04:00:35,324 DEBUG (BaseJdbcLogger.java:143)- ====>  Preparing: select id, class_id, name, director, grade, major_id from class where class_id = ? 
2019-09-04 04:00:35,325 DEBUG (BaseJdbcLogger.java:143)- ====> Parameters: 080901201902(String)
2019-09-04 04:00:35,326 DEBUG (BaseJdbcLogger.java:143)- ======>  Preparing: select id, major_id, name, price, department_id from major where major_id = ? 
2019-09-04 04:00:35,326 DEBUG (BaseJdbcLogger.java:143)- ======> Parameters: 080901(String)
2019-09-04 04:00:35,326 DEBUG (BaseJdbcLogger.java:143)- <======      Total: 1
2019-09-04 04:00:35,326 DEBUG (BaseJdbcLogger.java:143)- <====      Total: 1
2019-09-04 04:00:35,327 DEBUG (BaseJdbcLogger.java:143)- ====>  Preparing: select id, name, sex, birthday, phone, ID_number, email, parent_phone, adress, major, state from student_basic where id = ? 
2019-09-04 04:00:35,327 DEBUG (BaseJdbcLogger.java:143)- ====> Parameters: 19047(String)
2019-09-04 04:00:35,328 DEBUG (BaseJdbcLogger.java:143)- <====      Total: 1
2019-09-04 04:00:35,328 DEBUG (BaseJdbcLogger.java:143)- ====>  Preparing: select id, name, sex, birthday, phone, ID_number, email, parent_phone, adress, major, state from student_basic where id = ? 
2019-09-04 04:00:35,328 DEBUG (BaseJdbcLogger.java:143)- ====> Parameters: 19048(String)
2019-09-04 04:00:35,329 DEBUG (BaseJdbcLogger.java:143)- <====      Total: 1
2019-09-04 04:00:35,330 DEBUG (BaseJdbcLogger.java:143)- ====>  Preparing: select id, name, sex, birthday, phone, ID_number, email, parent_phone, adress, major, state from student_basic where id = ? 
2019-09-04 04:00:35,330 DEBUG (BaseJdbcLogger.java:143)- ====> Parameters: 19051(String)
2019-09-04 04:00:35,332 DEBUG (BaseJdbcLogger.java:143)- <====      Total: 1
2019-09-04 04:00:35,332 DEBUG (BaseJdbcLogger.java:143)- ====>  Preparing: select id, name, sex, birthday, phone, ID_number, email, parent_phone, adress, major, state from student_basic where id = ? 
2019-09-04 04:00:35,333 DEBUG (BaseJdbcLogger.java:143)- ====> Parameters: 19053(String)
2019-09-04 04:00:35,334 DEBUG (BaseJdbcLogger.java:143)- <====      Total: 1
2019-09-04 04:00:35,335 DEBUG (BaseJdbcLogger.java:143)- ====>  Preparing: select id, name, sex, birthday, phone, ID_number, email, parent_phone, adress, major, state from student_basic where id = ? 
2019-09-04 04:00:35,335 DEBUG (BaseJdbcLogger.java:143)- ====> Parameters: 19055(String)
2019-09-04 04:00:35,336 DEBUG (BaseJdbcLogger.java:143)- <====      Total: 1
2019-09-04 04:00:35,336 DEBUG (BaseJdbcLogger.java:143)- ====>  Preparing: select id, name, sex, birthday, phone, ID_number, email, parent_phone, adress, major, state from student_basic where id = ? 
2019-09-04 04:00:35,337 DEBUG (BaseJdbcLogger.java:143)- ====> Parameters: 19056(String)
2019-09-04 04:00:35,337 DEBUG (BaseJdbcLogger.java:143)- <====      Total: 1
2019-09-04 04:00:35,338 DEBUG (BaseJdbcLogger.java:143)- ====>  Preparing: select id, name, sex, birthday, phone, ID_number, email, parent_phone, adress, major, state from student_basic where id = ? 
2019-09-04 04:00:35,338 DEBUG (BaseJdbcLogger.java:143)- ====> Parameters: 19058(String)
2019-09-04 04:00:35,339 DEBUG (BaseJdbcLogger.java:143)- <====      Total: 1
2019-09-04 04:00:35,339 DEBUG (BaseJdbcLogger.java:143)- ====>  Preparing: select id, name, sex, birthday, phone, ID_number, email, parent_phone, adress, major, state from student_basic where id = ? 
2019-09-04 04:00:35,340 DEBUG (BaseJdbcLogger.java:143)- ====> Parameters: 19059(String)
2019-09-04 04:00:35,340 DEBUG (BaseJdbcLogger.java:143)- <====      Total: 1
2019-09-04 04:00:35,340 DEBUG (BaseJdbcLogger.java:143)- ====>  Preparing: select id, name, sex, birthday, phone, ID_number, email, parent_phone, adress, major, state from student_basic where id = ? 
2019-09-04 04:00:35,341 DEBUG (BaseJdbcLogger.java:143)- ====> Parameters: 19060(String)
2019-09-04 04:00:35,341 DEBUG (BaseJdbcLogger.java:143)- <====      Total: 1
2019-09-04 04:00:35,342 DEBUG (BaseJdbcLogger.java:143)- ====>  Preparing: select id, name, sex, birthday, phone, ID_number, email, parent_phone, adress, major, state from student_basic where id = ? 
2019-09-04 04:00:35,342 DEBUG (BaseJdbcLogger.java:143)- ====> Parameters: 19062(String)
2019-09-04 04:00:35,343 DEBUG (BaseJdbcLogger.java:143)- <====      Total: 1
2019-09-04 04:00:35,344 DEBUG (BaseJdbcLogger.java:143)- ====>  Preparing: select id, name, sex, birthday, phone, ID_number, email, parent_phone, adress, major, state from student_basic where id = ? 
2019-09-04 04:00:35,344 DEBUG (BaseJdbcLogger.java:143)- ====> Parameters: 19065(String)
2019-09-04 04:00:35,344 DEBUG (BaseJdbcLogger.java:143)- <====      Total: 1
2019-09-04 04:00:35,344 DEBUG (BaseJdbcLogger.java:143)- ====>  Preparing: select id, name, sex, birthday, phone, ID_number, email, parent_phone, adress, major, state from student_basic where id = ? 
2019-09-04 04:00:35,345 DEBUG (BaseJdbcLogger.java:143)- ====> Parameters: 19067(String)
2019-09-04 04:00:35,345 DEBUG (BaseJdbcLogger.java:143)- <====      Total: 1
2019-09-04 04:00:35,346 DEBUG (BaseJdbcLogger.java:143)- ====>  Preparing: select id, name, sex, birthday, phone, ID_number, email, parent_phone, adress, major, state from student_basic where id = ? 
2019-09-04 04:00:35,347 DEBUG (BaseJdbcLogger.java:143)- ====> Parameters: 19071(String)
2019-09-04 04:00:35,348 DEBUG (BaseJdbcLogger.java:143)- <====      Total: 1
2019-09-04 04:00:35,349 DEBUG (BaseJdbcLogger.java:143)- ====>  Preparing: select id, name, sex, birthday, phone, ID_number, email, parent_phone, adress, major, state from student_basic where id = ? 
2019-09-04 04:00:35,349 DEBUG (BaseJdbcLogger.java:143)- ====> Parameters: 19072(String)
2019-09-04 04:00:35,351 DEBUG (BaseJdbcLogger.java:143)- <====      Total: 1
2019-09-04 04:00:35,352 DEBUG (BaseJdbcLogger.java:143)- ====>  Preparing: select id, name, sex, birthday, phone, ID_number, email, parent_phone, adress, major, state from student_basic where id = ? 
2019-09-04 04:00:35,352 DEBUG (BaseJdbcLogger.java:143)- ====> Parameters: 19073(String)
2019-09-04 04:00:35,353 DEBUG (BaseJdbcLogger.java:143)- <====      Total: 1
2019-09-04 04:00:35,354 DEBUG (BaseJdbcLogger.java:143)- ====>  Preparing: select id, name, sex, birthday, phone, ID_number, email, parent_phone, adress, major, state from student_basic where id = ? 
2019-09-04 04:00:35,354 DEBUG (BaseJdbcLogger.java:143)- ====> Parameters: 19074(String)
2019-09-04 04:00:35,355 DEBUG (BaseJdbcLogger.java:143)- <====      Total: 1
2019-09-04 04:00:35,356 DEBUG (BaseJdbcLogger.java:143)- ====>  Preparing: select id, name, sex, birthday, phone, ID_number, email, parent_phone, adress, major, state from student_basic where id = ? 
