2019-10-27 19:00:13,752 DEBUG (BaseJdbcLogger.java:143)- ==> Parameters: 男(String), 080901201902(String)
2019-10-27 19:00:13,755 DEBUG (BaseJdbcLogger.java:143)- ====>  Preparing: select id, name, sex, birthday, phone, ID_number, email, parent_phone, adress, major, state from student_basic where id = ? 
2019-10-27 19:00:13,756 DEBUG (BaseJdbcLogger.java:143)- ====> Parameters: 27902(String)
2019-10-27 19:00:13,757 DEBUG (BaseJdbcLogger.java:143)- <====      Total: 1
2019-10-27 19:00:13,758 DEBUG (BaseJdbcLogger.java:143)- ====>  Preparing: select id, class_id, name, director, grade, major_id from class WHERE class_id = ? 
2019-10-27 19:00:13,759 DEBUG (BaseJdbcLogger.java:143)- ====> Parameters: 080901201902(String)
2019-10-27 19:00:13,760 DEBUG (BaseJdbcLogger.java:143)- ======>  Preparing: select id, major_id, name, price, department_id from major where major_id = ? 
2019-10-27 19:00:13,760 DEBUG (BaseJdbcLogger.java:143)- ======> Parameters: 080901(String)
2019-10-27 19:00:13,762 DEBUG (BaseJdbcLogger.java:143)- <======      Total: 1
2019-10-27 19:00:13,763 DEBUG (BaseJdbcLogger.java:143)- <====      Total: 1
2019-10-27 19:00:13,763 DEBUG (BaseJdbcLogger.java:143)- ====>  Preparing: select id, name, sex, birthday, phone, ID_number, email, parent_phone, adress, major, state from student_basic where id = ? 
2019-10-27 19:00:13,764 DEBUG (BaseJdbcLogger.java:143)- ====> Parameters: 27903(String)
2019-10-27 19:00:13,765 DEBUG (BaseJdbcLogger.java:143)- <====      Total: 1
2019-10-27 19:00:13,765 DEBUG (BaseJdbcLogger.java:143)- ====>  Preparing: select id, name, sex, birthday, phone, ID_number, email, parent_phone, adress, major, state from student_basic where id = ? 
2019-10-27 19:00:13,766 DEBUG (BaseJdbcLogger.java:143)- ====> Parameters: 27904(String)
2019-10-27 19:00:13,767 DEBUG (BaseJdbcLogger.java:143)- <====      Total: 1
2019-10-27 19:00:13,767 DEBUG (BaseJdbcLogger.java:143)- ====>  Preparing: select id, name, sex, birthday, phone, ID_number, email, parent_phone, adress, major, state from student_basic where id = ? 
2019-10-27 19:00:13,767 DEBUG (BaseJdbcLogger.java:143)- ====> Parameters: 27907(String)
2019-10-27 19:00:13,768 DEBUG (BaseJdbcLogger.java:143)- <====      Total: 1
2019-10-27 19:00:13,769 DEBUG (BaseJdbcLogger.java:143)- ====>  Preparing: select id, name, sex, birthday, phone, ID_number, email, parent_phone, adress, major, state from student_basic where id = ? 
2019-10-27 19:00:13,769 DEBUG (BaseJdbcLogger.java:143)- ====> Parameters: 27909(String)
2019-10-27 19:00:13,770 DEBUG (BaseJdbcLogger.java:143)- <====      Total: 1
2019-10-27 19:00:13,770 DEBUG (BaseJdbcLogger.java:143)- ====>  Preparing: select id, name, sex, birthday, phone, ID_number, email, parent_phone, adress, major, state from student_basic where id = ? 
2019-10-27 19:00:13,771 DEBUG (BaseJdbcLogger.java:143)- ====> Parameters: 27911(String)
2019-10-27 19:00:13,772 DEBUG (BaseJdbcLogger.java:143)- <====      Total: 1
2019-10-27 19:00:13,772 DEBUG (BaseJdbcLogger.java:143)- ====>  Preparing: select id, name, sex, birthday, phone, ID_number, email, parent_phone, adress, major, state from student_basic where id = ? 
2019-10-27 19:00:13,773 DEBUG (BaseJdbcLogger.java:143)- ====> Parameters: 27912(String)
2019-10-27 19:00:13,774 DEBUG (BaseJdbcLogger.java:143)- <====      Total: 1
2019-10-27 19:00:13,774 DEBUG (BaseJdbcLogger.java:143)- ====>  Preparing: select id, name, sex, birthday, phone, ID_number, email, parent_phone, adress, major, state from student_basic where id = ? 
2019-10-27 19:00:13,775 DEBUG (BaseJdbcLogger.java:143)- ====> Parameters: 27914(String)
2019-10-27 19:00:13,775 DEBUG (BaseJdbcLogger.java:143)- <====      Total: 1
2019-10-27 19:00:13,776 DEBUG (BaseJdbcLogger.java:143)- ====>  Preparing: select id, name, sex, birthday, phone, ID_number, email, parent_phone, adress, major, state from student_basic where id = ? 
2019-10-27 19:00:13,777 DEBUG (BaseJdbcLogger.java:143)- ====> Parameters: 27915(String)
2019-10-27 19:00:13,778 DEBUG (BaseJdbcLogger.java:143)- <====      Total: 1
2019-10-27 19:00:13,779 DEBUG (BaseJdbcLogger.java:143)- ====>  Preparing: select id, name, sex, birthday, phone, ID_number, email, parent_phone, adress, major, state from student_basic where id = ? 
2019-10-27 19:00:13,779 DEBUG (BaseJdbcLogger.java:143)- ====> Parameters: 27916(String)
2019-10-27 19:00:13,780 DEBUG (BaseJdbcLogger.java:143)- <====      Total: 1
2019-10-27 19:00:13,780 DEBUG (BaseJdbcLogger.java:143)- ====>  Preparing: select id, name, sex, birthday, phone, ID_number, email, parent_phone, adress, major, state from student_basic where id = ? 
2019-10-27 19:00:13,780 DEBUG (BaseJdbcLogger.java:143)- ====> Parameters: 27918(String)
2019-10-27 19:00:13,781 DEBUG (BaseJdbcLogger.java:143)- <====      Total: 1
2019-10-27 19:00:13,782 DEBUG (BaseJdbcLogger.java:143)- ====>  Preparing: select id, name, sex, birthday, phone, ID_number, email, parent_phone, adress, major, state from student_basic where id = ? 
2019-10-27 19:00:13,782 DEBUG (BaseJdbcLogger.java:143)- ====> Parameters: 27921(String)
2019-10-27 19:00:13,783 DEBUG (BaseJdbcLogger.java:143)- <====      Total: 1
2019-10-27 19:00:13,783 DEBUG (BaseJdbcLogger.java:143)- ====>  Preparing: select id, name, sex, birthday, phone, ID_number, email, parent_phone, adress, major, state from student_basic where id = ? 
2019-10-27 19:00:13,784 DEBUG (BaseJdbcLogger.java:143)- ====> Parameters: 27923(String)
2019-10-27 19:00:13,784 DEBUG (BaseJdbcLogger.java:143)- <====      Total: 1
2019-10-27 19:00:13,785 DEBUG (BaseJdbcLogger.java:143)- ====>  Preparing: select id, name, sex, birthday, phone, ID_number, email, parent_phone, adress, major, state from student_basic where id = ? 
2019-10-27 19:00:13,785 DEBUG (BaseJdbcLogger.java:143)- ====> Parameters: 27927(String)
2019-10-27 19:00:13,786 DEBUG (BaseJdbcLogger.java:143)- <====      Total: 1
2019-10-27 19:00:13,786 DEBUG (BaseJdbcLogger.java:143)- ====>  Preparing: select id, name, sex, birthday, phone, ID_number, email, parent_phone, adress, major, state from student_basic where id = ? 
2019-10-27 19:00:13,787 DEBUG (BaseJdbcLogger.java:143)- ====> Parameters: 27928(String)
2019-10-27 19:00:13,787 DEBUG (BaseJdbcLogger.java:143)- <====      Total: 1
2019-10-27 19:00:13,788 DEBUG (BaseJdbcLogger.java:143)- ====>  Preparing: select id, name, sex, birthday, phone, ID_number, email, parent_phone, adress, major, state from student_basic where id = ? 
2019-10-27 19:00:13,788 DEBUG (BaseJdbcLogger.java:143)- ====> Parameters: 27929(String)
2019-10-27 19:00:13,789 DEBUG (BaseJdbcLogger.java:143)- <====      Total: 1
2019-10-27 19:00:13,789 DEBUG (BaseJdbcLogger.java:143)- ====>  Preparing: select id, name, sex, birthday, phone, ID_number, email, parent_phone, adress, major, state from student_basic where id = ? 
2019-10-27 19:00:13,790 DEBUG (BaseJdbcLogger.java:143)- ====> Parameters: 27930(String)
2019-10-27 19:00:13,790 DEBUG (BaseJdbcLogger.java:143)- <====      Total: 1
2019-10-27 19:00:13,791 DEBUG (BaseJdbcLogger.java:143)- ====>  Preparing: select id, name, sex, birthday, phone, ID_number, email, parent_phone, adress, major, state from student_basic where id = ? 
2019-10-27 19:00:13,792 DEBUG (BaseJdbcLogger.java:143)- ====> Parameters: 27933(String)
2019-10-27 19:00:13,792 DEBUG (BaseJdbcLogger.java:143)- <====      Total: 1
2019-10-27 19:00:13,793 DEBUG (BaseJdbcLogger.java:143)- ====>  Preparing: select id, name, sex, birthday, phone, ID_number, email, parent_phone, adress, major, state from student_basic where id = ? 
2019-10-27 19:00:13,793 DEBUG (BaseJdbcLogger.java:143)- ====> Parameters: 27937(String)
2019-10-27 19:00:13,794 DEBUG (BaseJdbcLogger.java:143)- <====      Total: 1
2019-10-27 19:00:13,795 DEBUG (BaseJdbcLogger.java:143)- ====>  Preparing: select id, name, sex, birthday, phone, ID_number, email, parent_phone, adress, major, state from student_basic where id = ? 
2019-10-27 19:00:13,795 DEBUG (BaseJdbcLogger.java:143)- ====> Parameters: 27940(String)
2019-10-27 19:00:13,796 DEBUG (BaseJdbcLogger.java:143)- <====      Total: 1
2019-10-27 19:00:13,796 DEBUG (BaseJdbcLogger.java:143)- ====>  Preparing: select id, name, sex, birthday, phone, ID_number, email, parent_phone, adress, major, state from student_basic where id = ? 
2019-10-27 19:00:13,796 DEBUG (BaseJdbcLogger.java:143)- ====> Parameters: 27942(String)
2019-10-27 19:00:13,797 DEBUG (BaseJdbcLogger.java:143)- <====      Total: 1
2019-10-27 19:00:13,798 DEBUG (BaseJdbcLogger.java:143)- ====>  Preparing: select id, name, sex, birthday, phone, ID_number, email, parent_phone, adress, major, state from student_basic where id = ? 
2019-10-27 19:00:13,798 DEBUG (BaseJdbcLogger.java:143)- ====> Parameters: 27945(String)
2019-10-27 19:00:13,798 DEBUG (BaseJdbcLogger.java:143)- <====      Total: 1
2019-10-27 19:00:13,799 DEBUG (BaseJdbcLogger.java:143)- <==      Total: 22
2019-10-27 19:00:13,808 DEBUG (BaseJdbcLogger.java:143)- ==>  Preparing: select dormitory_allocation.id, dormitory_allocation.class_id, dormitory_allocation.dormitory_id,dormitory_allocation.number from dormitory_allocation,dormitory WHERE dormitory_allocation.dormitory_id=dormitory.id and dormitory.sex=? and class_id = ? 
2019-10-27 19:00:13,809 DEBUG (BaseJdbcLogger.java:143)- ==> Parameters: 男(String), 080901201902(String)
2019-10-27 19:00:13,810 DEBUG (BaseJdbcLogger.java:143)- <==      Total: 0
2019-10-27 19:00:13,810 DEBUG (BaseJdbcLogger.java:143)- ==>  Preparing: select student_status.id,student_status.basic_id, student_status.student_id, student_status.class_id from student_status,student_basic where student_status.basic_id=student_basic.id and student_basic.sex=? and student_status.class_id=? 
2019-10-27 19:00:13,811 DEBUG (BaseJdbcLogger.java:143)- ==> Parameters: 男(String), 080901201903(String)
2019-10-27 19:00:13,814 DEBUG (BaseJdbcLogger.java:143)- ====>  Preparing: select id, name, sex, birthday, phone, ID_number, email, parent_phone, adress, major, state from student_basic where id = ? 
2019-10-27 19:00:13,815 DEBUG (BaseJdbcLogger.java:143)- ====> Parameters: 27946(String)
2019-10-27 19:00:13,816 DEBUG (BaseJdbcLogger.java:143)- <====      Total: 1
2019-10-27 19:00:13,816 DEBUG (BaseJdbcLogger.java:143)- ====>  Preparing: select id, class_id, name, director, grade, major_id from class WHERE class_id = ? 
2019-10-27 19:00:13,817 DEBUG (BaseJdbcLogger.java:143)- ====> Parameters: 080901201903(String)
2019-10-27 19:00:13,818 DEBUG (BaseJdbcLogger.java:143)- ======>  Preparing: select id, major_id, name, price, department_id from major where major_id = ? 
2019-10-27 19:00:13,819 DEBUG (BaseJdbcLogger.java:143)- ======> Parameters: 080901(String)
2019-10-27 19:00:13,820 DEBUG (BaseJdbcLogger.java:143)- <======      Total: 1
2019-10-27 19:00:13,820 DEBUG (BaseJdbcLogger.java:143)- <====      Total: 1
2019-10-27 19:00:13,821 DEBUG (BaseJdbcLogger.java:143)- ====>  Preparing: select id, name, sex, birthday, phone, ID_number, email, parent_phone, adress, major, state from student_basic where id = ? 
2019-10-27 19:00:13,821 DEBUG (BaseJdbcLogger.java:143)- ====> Parameters: 27951(String)
2019-10-27 19:00:13,822 DEBUG (BaseJdbcLogger.java:143)- <====      Total: 1
2019-10-27 19:00:13,823 DEBUG (BaseJdbcLogger.java:143)- ====>  Preparing: select id, name, sex, birthday, phone, ID_number, email, parent_phone, adress, major, state from student_basic where id = ? 
2019-10-27 19:00:13,823 DEBUG (BaseJdbcLogger.java:143)- ====> Parameters: 27952(String)
2019-10-27 19:00:13,824 DEBUG (BaseJdbcLogger.java:143)- <====      Total: 1
2019-10-27 19:00:13,824 DEBUG (BaseJdbcLogger.java:143)- ====>  Preparing: select id, name, sex, birthday, phone, ID_number, email, parent_phone, adress, major, state from student_basic where id = ? 
2019-10-27 19:00:13,825 DEBUG (BaseJdbcLogger.java:143)- ====> Parameters: 27953(String)
2019-10-27 19:00:13,825 DEBUG (BaseJdbcLogger.java:143)- <====      Total: 1
2019-10-27 19:00:13,826 DEBUG (BaseJdbcLogger.java:143)- ====>  Preparing: select id, name, sex, birthday, phone, ID_number, email, parent_phone, adress, major, state from student_basic where id = ? 
2019-10-27 19:00:13,826 DEBUG (BaseJdbcLogger.java:143)- ====> Parameters: 27954(String)
2019-10-27 19:00:13,828 DEBUG (BaseJdbcLogger.java:143)- <====      Total: 1
2019-10-27 19:00:13,828 DEBUG (BaseJdbcLogger.java:143)- ====>  Preparing: select id, name, sex, birthday, phone, ID_number, email, parent_phone, adress, major, state from student_basic where id = ? 
2019-10-27 19:00:13,829 DEBUG (BaseJdbcLogger.java:143)- ====> Parameters: 27955(String)
2019-10-27 19:00:13,829 DEBUG (BaseJdbcLogger.java:143)- <====      Total: 1
2019-10-27 19:00:13,830 DEBUG (BaseJdbcLogger.java:143)- ====>  Preparing: select id, name, sex, birthday, phone, ID_number, email, parent_phone, adress, major, state from student_basic where id = ? 
2019-10-27 19:00:13,830 DEBUG (BaseJdbcLogger.java:143)- ====> Parameters: 27956(String)
2019-10-27 19:00:13,831 DEBUG (BaseJdbcLogger.java:143)- <====      Total: 1
2019-10-27 19:00:13,831 DEBUG (BaseJdbcLogger.java:143)- ====>  Preparing: select id, name, sex, birthday, phone, ID_number, email, parent_phone, adress, major, state from student_basic where id = ? 
2019-10-27 19:00:13,831 DEBUG (BaseJdbcLogger.java:143)- ====> Parameters: 27957(String)
2019-10-27 19:00:13,832 DEBUG (BaseJdbcLogger.java:143)- <====      Total: 1
2019-10-27 19:00:13,832 DEBUG (BaseJdbcLogger.java:143)- ====>  Preparing: select id, name, sex, birthday, phone, ID_number, email, parent_phone, adress, major, state from student_basic where id = ? 
2019-10-27 19:00:13,833 DEBUG (BaseJdbcLogger.java:143)- ====> Parameters: 27958(String)
2019-10-27 19:00:13,834 DEBUG (BaseJdbcLogger.java:143)- <====      Total: 1
2019-10-27 19:00:13,834 DEBUG (BaseJdbcLogger.java:143)- ====>  Preparing: select id, name, sex, birthday, phone, ID_number, email, parent_phone, adress, major, state from student_basic where id = ? 
2019-10-27 19:00:13,834 DEBUG (BaseJdbcLogger.java:143)- ====> Parameters: 27960(String)
2019-10-27 19:00:13,835 DEBUG (BaseJdbcLogger.java:143)- <====      Total: 1
2019-10-27 19:00:13,835 DEBUG (BaseJdbcLogger.java:143)- ====>  Preparing: select id, name, sex, birthday, phone, ID_number, email, parent_phone, adress, major, state from student_basic where id = ? 
2019-10-27 19:00:13,836 DEBUG (BaseJdbcLogger.java:143)- ====> Parameters: 27961(String)
2019-10-27 19:00:13,836 DEBUG (BaseJdbcLogger.java:143)- <====      Total: 1
2019-10-27 19:00:13,837 DEBUG (BaseJdbcLogger.java:143)- ====>  Preparing: select id, name, sex, birthday, phone, ID_number, email, parent_phone, adress, major, state from student_basic where id = ? 
2019-10-27 19:00:13,837 DEBUG (BaseJdbcLogger.java:143)- ====> Parameters: 27964(String)
2019-10-27 19:00:13,838 DEBUG (BaseJdbcLogger.java:143)- <====      Total: 1
2019-10-27 19:00:13,838 DEBUG (BaseJdbcLogger.java:143)- ====>  Preparing: select id, name, sex, birthday, phone, ID_number, email, parent_phone, adress, major, state from student_basic where id = ? 
2019-10-27 19:00:13,839 DEBUG (BaseJdbcLogger.java:143)- ====> Parameters: 27967(String)
2019-10-27 19:00:13,839 DEBUG (BaseJdbcLogger.java:143)- <====      Total: 1
2019-10-27 19:00:13,840 DEBUG (BaseJdbcLogger.java:143)- ====>  Preparing: select id, name, sex, birthday, phone, ID_number, email, parent_phone, adress, major, state from student_basic where id = ? 
2019-10-27 19:00:13,841 DEBUG (BaseJdbcLogger.java:143)- ====> Parameters: 27968(String)
2019-10-27 19:00:13,842 DEBUG (BaseJdbcLogger.java:143)- <====      Total: 1
2019-10-27 19:00:13,842 DEBUG (BaseJdbcLogger.java:143)- ====>  Preparing: select id, name, sex, birthday, phone, ID_number, email, parent_phone, adress, major, state from student_basic where id = ? 
2019-10-27 19:00:13,842 DEBUG (BaseJdbcLogger.java:143)- ====> Parameters: 27969(String)
2019-10-27 19:00:13,843 DEBUG (BaseJdbcLogger.java:143)- <====      Total: 1
2019-10-27 19:00:13,844 DEBUG (BaseJdbcLogger.java:143)- ====>  Preparing: select id, name, sex, birthday, phone, ID_number, email, parent_phone, adress, major, state from student_basic where id = ? 
2019-10-27 19:00:13,844 DEBUG (BaseJdbcLogger.java:143)- ====> Parameters: 27973(String)
2019-10-27 19:00:13,844 DEBUG (BaseJdbcLogger.java:143)- <====      Total: 1
2019-10-27 19:00:13,845 DEBUG (BaseJdbcLogger.java:143)- ====>  Preparing: select id, name, sex, birthday, phone, ID_number, email, parent_phone, adress, major, state from student_basic where id = ? 
2019-10-27 19:00:13,845 DEBUG (BaseJdbcLogger.java:143)- ====> Parameters: 27974(String)
2019-10-27 19:00:13,846 DEBUG (BaseJdbcLogger.java:143)- <====      Total: 1
2019-10-27 19:00:13,846 DEBUG (BaseJdbcLogger.java:143)- ====>  Preparing: select id, name, sex, birthday, phone, ID_number, email, parent_phone, adress, major, state from student_basic where id = ? 
2019-10-27 19:00:13,847 DEBUG (BaseJdbcLogger.java:143)- ====> Parameters: 27975(String)
2019-10-27 19:00:13,847 DEBUG (BaseJdbcLogger.java:143)- <====      Total: 1
2019-10-27 19:00:13,848 DEBUG (BaseJdbcLogger.java:143)- ====>  Preparing: select id, name, sex, birthday, phone, ID_number, email, parent_phone, adress, major, state from student_basic where id = ? 
2019-10-27 19:00:13,848 DEBUG (BaseJdbcLogger.java:143)- ====> Parameters: 27976(String)
2019-10-27 19:00:13,849 DEBUG (BaseJdbcLogger.java:143)- <====      Total: 1
2019-10-27 19:00:13,849 DEBUG (BaseJdbcLogger.java:143)- ====>  Preparing: select id, name, sex, birthday, phone, ID_number, email, parent_phone, adress, major, state from student_basic where id = ? 
2019-10-27 19:00:13,849 DEBUG (BaseJdbcLogger.java:143)- ====> Parameters: 27977(String)
2019-10-27 19:00:13,850 DEBUG (BaseJdbcLogger.java:143)- <====      Total: 1
2019-10-27 19:00:13,850 DEBUG (BaseJdbcLogger.java:143)- ====>  Preparing: select id, name, sex, birthday, phone, ID_number, email, parent_phone, adress, major, state from student_basic where id = ? 
2019-10-27 19:00:13,851 DEBUG (BaseJdbcLogger.java:143)- ====> Parameters: 27978(String)
2019-10-27 19:00:13,851 DEBUG (BaseJdbcLogger.java:143)- <====      Total: 1
2019-10-27 19:00:13,852 DEBUG (BaseJdbcLogger.java:143)- <==      Total: 21
2019-10-27 19:00:13,854 DEBUG (BaseJdbcLogger.java:143)- ==>  Preparing: select dormitory_allocation.id, dormitory_allocation.class_id, dormitory_allocation.dormitory_id,dormitory_allocation.number from dormitory_allocation,dormitory WHERE dormitory_allocation.dormitory_id=dormitory.id and dormitory.sex=? and class_id = ? 
2019-10-27 19:00:13,854 DEBUG (BaseJdbcLogger.java:143)- ==> Parameters: 男(String), 080901201903(String)
2019-10-27 19:00:13,855 DEBUG (BaseJdbcLogger.java:143)- <==      Total: 0
2019-10-27 19:00:13,855 DEBUG (BaseJdbcLogger.java:143)- ==>  Preparing: select student_status.id,student_status.basic_id, student_status.student_id, student_status.class_id from student_status,student_basic where student_status.basic_id=student_basic.id and student_basic.sex=? and student_status.class_id=? 
2019-10-27 19:00:13,856 DEBUG (BaseJdbcLogger.java:143)- ==> Parameters: 男(String), 080901201904(String)
2019-10-27 19:00:13,858 DEBUG (BaseJdbcLogger.java:143)- ====>  Preparing: select id, name, sex, birthday, phone, ID_number, email, parent_phone, adress, major, state from student_basic where id = ? 
2019-10-27 19:00:13,859 DEBUG (BaseJdbcLogger.java:143)- ====> Parameters: 27980(String)
2019-10-27 19:00:13,861 DEBUG (BaseJdbcLogger.java:143)- <====      Total: 1
2019-10-27 19:00:13,861 DEBUG (BaseJdbcLogger.java:143)- ====>  Preparing: select id, class_id, name, director, grade, major_id from class WHERE class_id = ? 
2019-10-27 19:00:13,862 DEBUG (BaseJdbcLogger.java:143)- ====> Parameters: 080901201904(String)
2019-10-27 19:00:13,863 DEBUG (BaseJdbcLogger.java:143)- ======>  Preparing: select id, major_id, name, price, department_id from major where major_id = ? 
2019-10-27 19:00:13,864 DEBUG (BaseJdbcLogger.java:143)- ======> Parameters: 080901(String)
2019-10-27 19:00:13,865 DEBUG (BaseJdbcLogger.java:143)- <======      Total: 1
2019-10-27 19:00:13,866 DEBUG (BaseJdbcLogger.java:143)- <====      Total: 1
2019-10-27 19:00:13,866 DEBUG (BaseJdbcLogger.java:143)- ====>  Preparing: select id, name, sex, birthday, phone, ID_number, email, parent_phone, adress, major, state from student_basic where id = ? 
2019-10-27 19:00:13,866 DEBUG (BaseJdbcLogger.java:143)- ====> Parameters: 27983(String)
2019-10-27 19:00:13,867 DEBUG (BaseJdbcLogger.java:143)- <====      Total: 1
2019-10-27 19:00:13,869 DEBUG (BaseJdbcLogger.java:143)- ====>  Preparing: select id, name, sex, birthday, phone, ID_number, email, parent_phone, adress, major, state from student_basic where id = ? 
2019-10-27 19:00:13,869 DEBUG (BaseJdbcLogger.java:143)- ====> Parameters: 27985(String)
2019-10-27 19:00:13,871 DEBUG (BaseJdbcLogger.java:143)- <====      Total: 1
2019-10-27 19:00:13,872 DEBUG (BaseJdbcLogger.java:143)- ====>  Preparing: select id, name, sex, birthday, phone, ID_number, email, parent_phone, adress, major, state from student_basic where id = ? 
2019-10-27 19:00:13,872 DEBUG (BaseJdbcLogger.java:143)- ====> Parameters: 27986(String)
2019-10-27 19:00:13,873 DEBUG (BaseJdbcLogger.java:143)- <====      Total: 1
2019-10-27 19:00:13,874 DEBUG (BaseJdbcLogger.java:143)- ====>  Preparing: select id, name, sex, birthday, phone, ID_number, email, parent_phone, adress, major, state from student_basic where id = ? 
2019-10-27 19:00:13,874 DEBUG (BaseJdbcLogger.java:143)- ====> Parameters: 27988(String)
2019-10-27 19:00:13,875 DEBUG (BaseJdbcLogger.java:143)- <====      Total: 1
2019-10-27 19:00:13,875 DEBUG (BaseJdbcLogger.java:143)- ====>  Preparing: select id, name, sex, birthday, phone, ID_number, email, parent_phone, adress, major, state from student_basic where id = ? 
2019-10-27 19:00:13,876 DEBUG (BaseJdbcLogger.java:143)- ====> Parameters: 27990(String)
2019-10-27 19:00:13,877 DEBUG (BaseJdbcLogger.java:143)- <====      Total: 1
2019-10-27 19:00:13,877 DEBUG (BaseJdbcLogger.java:143)- ====>  Preparing: select id, name, sex, birthday, phone, ID_number, email, parent_phone, adress, major, state from student_basic where id = ? 
2019-10-27 19:00:13,878 DEBUG (BaseJdbcLogger.java:143)- ====> Parameters: 27991(String)
2019-10-27 19:00:13,879 DEBUG (BaseJdbcLogger.java:143)- <====      Total: 1
2019-10-27 19:00:13,879 DEBUG (BaseJdbcLogger.java:143)- ====>  Preparing: select id, name, sex, birthday, phone, ID_number, email, parent_phone, adress, major, state from student_basic where id = ? 
2019-10-27 19:00:13,880 DEBUG (BaseJdbcLogger.java:143)- ====> Parameters: 27992(String)
2019-10-27 19:00:13,880 DEBUG (BaseJdbcLogger.java:143)- <====      Total: 1
2019-10-27 19:00:13,881 DEBUG (BaseJdbcLogger.java:143)- ====>  Preparing: select id, name, sex, birthday, phone, ID_number, email, parent_phone, adress, major, state from student_basic where id = ? 
2019-10-27 19:00:13,881 DEBUG (BaseJdbcLogger.java:143)- ====> Parameters: 27993(String)
2019-10-27 19:00:13,882 DEBUG (BaseJdbcLogger.java:143)- <====      Total: 1
2019-10-27 19:00:13,882 DEBUG (BaseJdbcLogger.java:143)- ====>  Preparing: select id, name, sex, birthday, phone, ID_number, email, parent_phone, adress, major, state from student_basic where id = ? 
2019-10-27 19:00:13,882 DEBUG (BaseJdbcLogger.java:143)- ====> Parameters: 27995(String)
2019-10-27 19:00:13,884 DEBUG (BaseJdbcLogger.java:143)- <====      Total: 1
2019-10-27 19:00:13,884 DEBUG (BaseJdbcLogger.java:143)- ====>  Preparing: select id, name, sex, birthday, phone, ID_number, email, parent_phone, adress, major, state from student_basic where id = ? 
2019-10-27 19:00:13,884 DEBUG (BaseJdbcLogger.java:143)- ====> Parameters: 27997(String)
2019-10-27 19:00:13,885 DEBUG (BaseJdbcLogger.java:143)- <====      Total: 1
2019-10-27 19:00:13,886 DEBUG (BaseJdbcLogger.java:143)- ====>  Preparing: select id, name, sex, birthday, phone, ID_number, email, parent_phone, adress, major, state from student_basic where id = ? 
2019-10-27 19:00:13,886 DEBUG (BaseJdbcLogger.java:143)- ====> Parameters: 27998(String)
2019-10-27 19:00:13,887 DEBUG (BaseJdbcLogger.java:143)- <====      Total: 1
2019-10-27 19:00:13,887 DEBUG (BaseJdbcLogger.java:143)- ====>  Preparing: select id, name, sex, birthday, phone, ID_number, email, parent_phone, adress, major, state from student_basic where id = ? 
2019-10-27 19:00:13,887 DEBUG (BaseJdbcLogger.java:143)- ====> Parameters: 27999(String)
2019-10-27 19:00:13,888 DEBUG (BaseJdbcLogger.java:143)- <====      Total: 1
2019-10-27 19:00:13,888 DEBUG (BaseJdbcLogger.java:143)- ====>  Preparing: select id, name, sex, birthday, phone, ID_number, email, parent_phone, adress, major, state from student_basic where id = ? 
2019-10-27 19:00:13,889 DEBUG (BaseJdbcLogger.java:143)- ====> Parameters: 28003(String)
2019-10-27 19:00:13,889 DEBUG (BaseJdbcLogger.java:143)- <====      Total: 1
2019-10-27 19:00:13,890 DEBUG (BaseJdbcLogger.java:143)- ====>  Preparing: select id, name, sex, birthday, phone, ID_number, email, parent_phone, adress, major, state from student_basic where id = ? 
2019-10-27 19:00:13,890 DEBUG (BaseJdbcLogger.java:143)- ====> Parameters: 28004(String)
2019-10-27 19:00:13,891 DEBUG (BaseJdbcLogger.java:143)- <====      Total: 1
2019-10-27 19:00:13,891 DEBUG (BaseJdbcLogger.java:143)- ====>  Preparing: select id, name, sex, birthday, phone, ID_number, email, parent_phone, adress, major, state from student_basic where id = ? 
2019-10-27 19:00:13,891 DEBUG (BaseJdbcLogger.java:143)- ====> Parameters: 28005(String)
2019-10-27 19:00:13,892 DEBUG (BaseJdbcLogger.java:143)- <====      Total: 1
2019-10-27 19:00:13,892 DEBUG (BaseJdbcLogger.java:143)- ====>  Preparing: select id, name, sex, birthday, phone, ID_number, email, parent_phone, adress, major, state from student_basic where id = ? 
2019-10-27 19:00:13,893 DEBUG (BaseJdbcLogger.java:143)- ====> Parameters: 28006(String)
2019-10-27 19:00:13,894 DEBUG (BaseJdbcLogger.java:143)- <====      Total: 1
2019-10-27 19:00:13,894 DEBUG (BaseJdbcLogger.java:143)- ====>  Preparing: select id, name, sex, birthday, phone, ID_number, email, parent_phone, adress, major, state from student_basic where id = ? 
2019-10-27 19:00:13,895 DEBUG (BaseJdbcLogger.java:143)- ====> Parameters: 28008(String)
2019-10-27 19:00:13,895 DEBUG (BaseJdbcLogger.java:143)- <====      Total: 1
2019-10-27 19:00:13,896 DEBUG (BaseJdbcLogger.java:143)- ====>  Preparing: select id, name, sex, birthday, phone, ID_number, email, parent_phone, adress, major, state from student_basic where id = ? 
2019-10-27 19:00:13,896 DEBUG (BaseJdbcLogger.java:143)- ====> Parameters: 28009(String)
2019-10-27 19:00:13,897 DEBUG (BaseJdbcLogger.java:143)- <====      Total: 1
2019-10-27 19:00:13,897 DEBUG (BaseJdbcLogger.java:143)- ====>  Preparing: select id, name, sex, birthday, phone, ID_number, email, parent_phone, adress, major, state from student_basic where id = ? 
2019-10-27 19:00:13,897 DEBUG (BaseJdbcLogger.java:143)- ====> Parameters: 28010(String)
2019-10-27 19:00:13,898 DEBUG (BaseJdbcLogger.java:143)- <====      Total: 1
2019-10-27 19:00:13,899 DEBUG (BaseJdbcLogger.java:143)- ====>  Preparing: select id, name, sex, birthday, phone, ID_number, email, parent_phone, adress, major, state from student_basic where id = ? 
2019-10-27 19:00:13,899 DEBUG (BaseJdbcLogger.java:143)- ====> Parameters: 28011(String)
2019-10-27 19:00:13,900 DEBUG (BaseJdbcLogger.java:143)- <====      Total: 1
2019-10-27 19:00:13,901 DEBUG (BaseJdbcLogger.java:143)- <==      Total: 21
2019-10-27 19:00:13,901 DEBUG (BaseJdbcLogger.java:143)- ==>  Preparing: select dormitory_allocation.id, dormitory_allocation.class_id, dormitory_allocation.dormitory_id,dormitory_allocation.number from dormitory_allocation,dormitory WHERE dormitory_allocation.dormitory_id=dormitory.id and dormitory.sex=? and class_id = ? 
2019-10-27 19:00:13,901 DEBUG (BaseJdbcLogger.java:143)- ==> Parameters: 男(String), 080901201904(String)
2019-10-27 19:00:13,902 DEBUG (BaseJdbcLogger.java:143)- <==      Total: 0
2019-10-27 19:00:13,903 DEBUG (BaseJdbcLogger.java:143)- ==>  Preparing: select student_status.id,student_status.basic_id, student_status.student_id, student_status.class_id from student_status,student_basic where student_status.basic_id=student_basic.id and student_basic.sex=? and student_status.class_id=? 
2019-10-27 19:00:13,903 DEBUG (BaseJdbcLogger.java:143)- ==> Parameters: 男(String), 080703201901(String)
2019-10-27 19:00:13,904 DEBUG (BaseJdbcLogger.java:143)- ====>  Preparing: select id, name, sex, birthday, phone, ID_number, email, parent_phone, adress, major, state from student_basic where id = ? 
2019-10-27 19:00:13,905 DEBUG (BaseJdbcLogger.java:143)- ====> Parameters: 28089(String)
2019-10-27 19:00:13,907 DEBUG (BaseJdbcLogger.java:143)- <====      Total: 1
2019-10-27 19:00:13,907 DEBUG (BaseJdbcLogger.java:143)- ====>  Preparing: select id, class_id, name, director, grade, major_id from class WHERE class_id = ? 
2019-10-27 19:00:13,908 DEBUG (BaseJdbcLogger.java:143)- ====> Parameters: 080703201901(String)
2019-10-27 19:00:13,908 DEBUG (BaseJdbcLogger.java:143)- ======>  Preparing: select id, major_id, name, price, department_id from major where major_id = ? 
2019-10-27 19:00:13,909 DEBUG (BaseJdbcLogger.java:143)- ======> Parameters: 080703(String)
2019-10-27 19:00:13,910 DEBUG (BaseJdbcLogger.java:143)- <======      Total: 1
2019-10-27 19:00:13,910 DEBUG (BaseJdbcLogger.java:143)- <====      Total: 1
2019-10-27 19:00:13,911 DEBUG (BaseJdbcLogger.java:143)- ====>  Preparing: select id, name, sex, birthday, phone, ID_number, email, parent_phone, adress, major, state from student_basic where id = ? 
2019-10-27 19:00:13,912 DEBUG (BaseJdbcLogger.java:143)- ====> Parameters: 28090(String)
2019-10-27 19:00:13,912 DEBUG (BaseJdbcLogger.java:143)- <====      Total: 1
2019-10-27 19:00:13,913 DEBUG (BaseJdbcLogger.java:143)- ====>  Preparing: select id, name, sex, birthday, phone, ID_number, email, parent_phone, adress, major, state from student_basic where id = ? 
2019-10-27 19:00:13,914 DEBUG (BaseJdbcLogger.java:143)- ====> Parameters: 28091(String)
2019-10-27 19:00:13,915 DEBUG (BaseJdbcLogger.java:143)- <====      Total: 1
2019-10-27 19:00:13,916 DEBUG (BaseJdbcLogger.java:143)- ====>  Preparing: select id, name, sex, birthday, phone, ID_number, email, parent_phone, adress, major, state from student_basic where id = ? 
2019-10-27 19:00:13,917 DEBUG (BaseJdbcLogger.java:143)- ====> Parameters: 28092(String)
2019-10-27 19:00:13,918 DEBUG (BaseJdbcLogger.java:143)- <====      Total: 1
2019-10-27 19:00:13,919 DEBUG (BaseJdbcLogger.java:143)- ====>  Preparing: select id, name, sex, birthday, phone, ID_number, email, parent_phone, adress, major, state from student_basic where id = ? 
2019-10-27 19:00:13,920 DEBUG (BaseJdbcLogger.java:143)- ====> Parameters: 28095(String)
2019-10-27 19:00:13,921 DEBUG (BaseJdbcLogger.java:143)- <====      Total: 1
2019-10-27 19:00:13,922 DEBUG (BaseJdbcLogger.java:143)- ====>  Preparing: select id, name, sex, birthday, phone, ID_number, email, parent_phone, adress, major, state from student_basic where id = ? 
2019-10-27 19:00:13,923 DEBUG (BaseJdbcLogger.java:143)- ====> Parameters: 28096(String)
2019-10-27 19:00:13,923 DEBUG (BaseJdbcLogger.java:143)- <====      Total: 1
2019-10-27 19:00:13,924 DEBUG (BaseJdbcLogger.java:143)- ====>  Preparing: select id, name, sex, birthday, phone, ID_number, email, parent_phone, adress, major, state from student_basic where id = ? 
2019-10-27 19:00:13,925 DEBUG (BaseJdbcLogger.java:143)- ====> Parameters: 28097(String)
2019-10-27 19:00:13,925 DEBUG (BaseJdbcLogger.java:143)- <====      Total: 1
