2019-08-22 18:34:22,749 DEBUG (BaseJdbcLogger.java:143)- ====> Parameters: 12911(String)
2019-08-22 18:34:22,752 DEBUG (BaseJdbcLogger.java:143)- <====      Total: 1
2019-08-22 18:34:22,752 DEBUG (BaseJdbcLogger.java:143)- ====>  Preparing: select id, name, sex, birthday, phone, ID_number, email, parent_phone, adress, major, state from student_basic where id = ? 
2019-08-22 18:34:22,752 DEBUG (BaseJdbcLogger.java:143)- ====> Parameters: 12916(String)
2019-08-22 18:34:22,752 DEBUG (BaseJdbcLogger.java:143)- <====      Total: 1
2019-08-22 18:34:22,753 DEBUG (BaseJdbcLogger.java:143)- ====>  Preparing: select id, name, sex, birthday, phone, ID_number, email, parent_phone, adress, major, state from student_basic where id = ? 
2019-08-22 18:34:22,756 DEBUG (BaseJdbcLogger.java:143)- ====> Parameters: 12917(String)
2019-08-22 18:34:22,757 DEBUG (BaseJdbcLogger.java:143)- <====      Total: 1
2019-08-22 18:34:22,758 DEBUG (BaseJdbcLogger.java:143)- ====>  Preparing: select id, name, sex, birthday, phone, ID_number, email, parent_phone, adress, major, state from student_basic where id = ? 
2019-08-22 18:34:22,758 DEBUG (BaseJdbcLogger.java:143)- ====> Parameters: 12918(String)
2019-08-22 18:34:22,759 DEBUG (BaseJdbcLogger.java:143)- <====      Total: 1
2019-08-22 18:34:22,759 DEBUG (BaseJdbcLogger.java:143)- ====>  Preparing: select id, name, sex, birthday, phone, ID_number, email, parent_phone, adress, major, state from student_basic where id = ? 
2019-08-22 18:34:22,760 DEBUG (BaseJdbcLogger.java:143)- ====> Parameters: 12919(String)
2019-08-22 18:34:22,761 DEBUG (BaseJdbcLogger.java:143)- <====      Total: 1
2019-08-22 18:34:22,761 DEBUG (BaseJdbcLogger.java:143)- ====>  Preparing: select id, name, sex, birthday, phone, ID_number, email, parent_phone, adress, major, state from student_basic where id = ? 
2019-08-22 18:34:22,761 DEBUG (BaseJdbcLogger.java:143)- ====> Parameters: 12922(String)
2019-08-22 18:34:22,762 DEBUG (BaseJdbcLogger.java:143)- <====      Total: 1
2019-08-22 18:34:22,763 DEBUG (BaseJdbcLogger.java:143)- ====>  Preparing: select id, name, sex, birthday, phone, ID_number, email, parent_phone, adress, major, state from student_basic where id = ? 
2019-08-22 18:34:22,763 DEBUG (BaseJdbcLogger.java:143)- ====> Parameters: 12924(String)
2019-08-22 18:34:22,764 DEBUG (BaseJdbcLogger.java:143)- <====      Total: 1
2019-08-22 18:34:22,764 DEBUG (BaseJdbcLogger.java:143)- ====>  Preparing: select id, name, sex, birthday, phone, ID_number, email, parent_phone, adress, major, state from student_basic where id = ? 
2019-08-22 18:34:22,764 DEBUG (BaseJdbcLogger.java:143)- ====> Parameters: 12926(String)
2019-08-22 18:34:22,765 DEBUG (BaseJdbcLogger.java:143)- <====      Total: 1
2019-08-22 18:34:22,766 DEBUG (BaseJdbcLogger.java:143)- ====>  Preparing: select id, name, sex, birthday, phone, ID_number, email, parent_phone, adress, major, state from student_basic where id = ? 
2019-08-22 18:34:22,766 DEBUG (BaseJdbcLogger.java:143)- ====> Parameters: 12927(String)
2019-08-22 18:34:22,767 DEBUG (BaseJdbcLogger.java:143)- <====      Total: 1
2019-08-22 18:34:22,767 DEBUG (BaseJdbcLogger.java:143)- ====>  Preparing: select id, name, sex, birthday, phone, ID_number, email, parent_phone, adress, major, state from student_basic where id = ? 
2019-08-22 18:34:22,768 DEBUG (BaseJdbcLogger.java:143)- ====> Parameters: 12933(String)
2019-08-22 18:34:22,769 DEBUG (BaseJdbcLogger.java:143)- <====      Total: 1
2019-08-22 18:34:22,769 DEBUG (BaseJdbcLogger.java:143)- ====>  Preparing: select id, name, sex, birthday, phone, ID_number, email, parent_phone, adress, major, state from student_basic where id = ? 
2019-08-22 18:34:22,770 DEBUG (BaseJdbcLogger.java:143)- ====> Parameters: 12936(String)
2019-08-22 18:34:22,771 DEBUG (BaseJdbcLogger.java:143)- <====      Total: 1
2019-08-22 18:34:22,771 DEBUG (BaseJdbcLogger.java:143)- ====>  Preparing: select id, name, sex, birthday, phone, ID_number, email, parent_phone, adress, major, state from student_basic where id = ? 
2019-08-22 18:34:22,772 DEBUG (BaseJdbcLogger.java:143)- ====> Parameters: 12937(String)
2019-08-22 18:34:22,773 DEBUG (BaseJdbcLogger.java:143)- <====      Total: 1
2019-08-22 18:34:22,773 DEBUG (BaseJdbcLogger.java:143)- ====>  Preparing: select id, name, sex, birthday, phone, ID_number, email, parent_phone, adress, major, state from student_basic where id = ? 
2019-08-22 18:34:22,773 DEBUG (BaseJdbcLogger.java:143)- ====> Parameters: 12943(String)
2019-08-22 18:34:22,780 DEBUG (BaseJdbcLogger.java:143)- <====      Total: 1
2019-08-22 18:34:22,780 DEBUG (BaseJdbcLogger.java:143)- ====>  Preparing: select id, name, sex, birthday, phone, ID_number, email, parent_phone, adress, major, state from student_basic where id = ? 
2019-08-22 18:34:22,781 DEBUG (BaseJdbcLogger.java:143)- ====> Parameters: 12944(String)
2019-08-22 18:34:22,781 DEBUG (BaseJdbcLogger.java:143)- <====      Total: 1
2019-08-22 18:34:22,782 DEBUG (BaseJdbcLogger.java:143)- ====>  Preparing: select id, name, sex, birthday, phone, ID_number, email, parent_phone, adress, major, state from student_basic where id = ? 
2019-08-22 18:34:22,782 DEBUG (BaseJdbcLogger.java:143)- ====> Parameters: 12945(String)
2019-08-22 18:34:22,782 DEBUG (BaseJdbcLogger.java:143)- <====      Total: 1
2019-08-22 18:34:22,783 DEBUG (BaseJdbcLogger.java:143)- ====>  Preparing: select id, name, sex, birthday, phone, ID_number, email, parent_phone, adress, major, state from student_basic where id = ? 
2019-08-22 18:34:22,783 DEBUG (BaseJdbcLogger.java:143)- ====> Parameters: 12946(String)
2019-08-22 18:34:22,783 DEBUG (BaseJdbcLogger.java:143)- <====      Total: 1
2019-08-22 18:34:22,784 DEBUG (BaseJdbcLogger.java:143)- ====>  Preparing: select id, name, sex, birthday, phone, ID_number, email, parent_phone, adress, major, state from student_basic where id = ? 
2019-08-22 18:34:22,784 DEBUG (BaseJdbcLogger.java:143)- ====> Parameters: 12947(String)
2019-08-22 18:34:22,785 DEBUG (BaseJdbcLogger.java:143)- <====      Total: 1
2019-08-22 18:34:22,785 DEBUG (BaseJdbcLogger.java:143)- ====>  Preparing: select id, name, sex, birthday, phone, ID_number, email, parent_phone, adress, major, state from student_basic where id = ? 
2019-08-22 18:34:22,786 DEBUG (BaseJdbcLogger.java:143)- ====> Parameters: 12949(String)
2019-08-22 18:34:22,786 DEBUG (BaseJdbcLogger.java:143)- <====      Total: 1
2019-08-22 18:34:22,786 DEBUG (BaseJdbcLogger.java:143)- ====>  Preparing: select id, name, sex, birthday, phone, ID_number, email, parent_phone, adress, major, state from student_basic where id = ? 
2019-08-22 18:34:22,787 DEBUG (BaseJdbcLogger.java:143)- ====> Parameters: 12954(String)
2019-08-22 18:34:22,788 DEBUG (BaseJdbcLogger.java:143)- <====      Total: 1
2019-08-22 18:34:22,789 DEBUG (BaseJdbcLogger.java:143)- <==      Total: 25
2019-08-22 18:34:22,789 DEBUG (BaseJdbcLogger.java:143)- ==>  Preparing: select student_status.id,student_status.basic_id, student_status.student_id, student_status.class_id from student_status,student_basic where student_status.basic_id=student_basic.id and student_basic.sex=? and student_status.class_id=? 
2019-08-22 18:34:22,790 DEBUG (BaseJdbcLogger.java:143)- ==> Parameters: 女(String), 080205201904(String)
2019-08-22 18:34:22,791 DEBUG (BaseJdbcLogger.java:143)- ====>  Preparing: select id, name, sex, birthday, phone, ID_number, email, parent_phone, adress, major, state from student_basic where id = ? 
2019-08-22 18:34:22,791 DEBUG (BaseJdbcLogger.java:143)- ====> Parameters: 12907(String)
2019-08-22 18:34:22,792 DEBUG (BaseJdbcLogger.java:143)- <====      Total: 1
2019-08-22 18:34:22,792 DEBUG (BaseJdbcLogger.java:143)- ====>  Preparing: select id, class_id, name, director, grade, major_id from class where class_id = ? 
2019-08-22 18:34:22,793 DEBUG (BaseJdbcLogger.java:143)- ====> Parameters: 080205201904(String)
2019-08-22 18:34:22,793 DEBUG (BaseJdbcLogger.java:143)- ======>  Preparing: select id, major_id, name, price, department_id from major where major_id = ? 
2019-08-22 18:34:22,793 DEBUG (BaseJdbcLogger.java:143)- ======> Parameters: 080205(String)
2019-08-22 18:34:22,794 DEBUG (BaseJdbcLogger.java:143)- <======      Total: 1
2019-08-22 18:34:22,795 DEBUG (BaseJdbcLogger.java:143)- <====      Total: 1
2019-08-22 18:34:22,795 DEBUG (BaseJdbcLogger.java:143)- ====>  Preparing: select id, name, sex, birthday, phone, ID_number, email, parent_phone, adress, major, state from student_basic where id = ? 
2019-08-22 18:34:22,795 DEBUG (BaseJdbcLogger.java:143)- ====> Parameters: 12908(String)
2019-08-22 18:34:22,796 DEBUG (BaseJdbcLogger.java:143)- <====      Total: 1
2019-08-22 18:34:22,797 DEBUG (BaseJdbcLogger.java:143)- ====>  Preparing: select id, name, sex, birthday, phone, ID_number, email, parent_phone, adress, major, state from student_basic where id = ? 
2019-08-22 18:34:22,797 DEBUG (BaseJdbcLogger.java:143)- ====> Parameters: 12912(String)
2019-08-22 18:34:22,798 DEBUG (BaseJdbcLogger.java:143)- <====      Total: 1
2019-08-22 18:34:22,798 DEBUG (BaseJdbcLogger.java:143)- ====>  Preparing: select id, name, sex, birthday, phone, ID_number, email, parent_phone, adress, major, state from student_basic where id = ? 
2019-08-22 18:34:22,799 DEBUG (BaseJdbcLogger.java:143)- ====> Parameters: 12913(String)
2019-08-22 18:34:22,799 DEBUG (BaseJdbcLogger.java:143)- <====      Total: 1
2019-08-22 18:34:22,800 DEBUG (BaseJdbcLogger.java:143)- ====>  Preparing: select id, name, sex, birthday, phone, ID_number, email, parent_phone, adress, major, state from student_basic where id = ? 
2019-08-22 18:34:22,801 DEBUG (BaseJdbcLogger.java:143)- ====> Parameters: 12914(String)
2019-08-22 18:34:22,802 DEBUG (BaseJdbcLogger.java:143)- <====      Total: 1
2019-08-22 18:34:22,802 DEBUG (BaseJdbcLogger.java:143)- ====>  Preparing: select id, name, sex, birthday, phone, ID_number, email, parent_phone, adress, major, state from student_basic where id = ? 
2019-08-22 18:34:22,802 DEBUG (BaseJdbcLogger.java:143)- ====> Parameters: 12915(String)
2019-08-22 18:34:22,803 DEBUG (BaseJdbcLogger.java:143)- <====      Total: 1
2019-08-22 18:34:22,804 DEBUG (BaseJdbcLogger.java:143)- ====>  Preparing: select id, name, sex, birthday, phone, ID_number, email, parent_phone, adress, major, state from student_basic where id = ? 
2019-08-22 18:34:22,804 DEBUG (BaseJdbcLogger.java:143)- ====> Parameters: 12920(String)
2019-08-22 18:34:22,805 DEBUG (BaseJdbcLogger.java:143)- <====      Total: 1
2019-08-22 18:34:22,805 DEBUG (BaseJdbcLogger.java:143)- ====>  Preparing: select id, name, sex, birthday, phone, ID_number, email, parent_phone, adress, major, state from student_basic where id = ? 
2019-08-22 18:34:22,806 DEBUG (BaseJdbcLogger.java:143)- ====> Parameters: 12921(String)
2019-08-22 18:34:22,807 DEBUG (BaseJdbcLogger.java:143)- <====      Total: 1
2019-08-22 18:34:22,807 DEBUG (BaseJdbcLogger.java:143)- ====>  Preparing: select id, name, sex, birthday, phone, ID_number, email, parent_phone, adress, major, state from student_basic where id = ? 
2019-08-22 18:34:22,807 DEBUG (BaseJdbcLogger.java:143)- ====> Parameters: 12923(String)
2019-08-22 18:34:22,808 DEBUG (BaseJdbcLogger.java:143)- <====      Total: 1
2019-08-22 18:34:22,808 DEBUG (BaseJdbcLogger.java:143)- ====>  Preparing: select id, name, sex, birthday, phone, ID_number, email, parent_phone, adress, major, state from student_basic where id = ? 
2019-08-22 18:34:22,808 DEBUG (BaseJdbcLogger.java:143)- ====> Parameters: 12925(String)
2019-08-22 18:34:22,809 DEBUG (BaseJdbcLogger.java:143)- <====      Total: 1
2019-08-22 18:34:22,809 DEBUG (BaseJdbcLogger.java:143)- ====>  Preparing: select id, name, sex, birthday, phone, ID_number, email, parent_phone, adress, major, state from student_basic where id = ? 
2019-08-22 18:34:22,810 DEBUG (BaseJdbcLogger.java:143)- ====> Parameters: 12928(String)
2019-08-22 18:34:22,810 DEBUG (BaseJdbcLogger.java:143)- <====      Total: 1
2019-08-22 18:34:22,811 DEBUG (BaseJdbcLogger.java:143)- ====>  Preparing: select id, name, sex, birthday, phone, ID_number, email, parent_phone, adress, major, state from student_basic where id = ? 
2019-08-22 18:34:22,811 DEBUG (BaseJdbcLogger.java:143)- ====> Parameters: 12929(String)
2019-08-22 18:34:22,812 DEBUG (BaseJdbcLogger.java:143)- <====      Total: 1
2019-08-22 18:34:22,812 DEBUG (BaseJdbcLogger.java:143)- ====>  Preparing: select id, name, sex, birthday, phone, ID_number, email, parent_phone, adress, major, state from student_basic where id = ? 
2019-08-22 18:34:22,812 DEBUG (BaseJdbcLogger.java:143)- ====> Parameters: 12930(String)
2019-08-22 18:34:22,813 DEBUG (BaseJdbcLogger.java:143)- <====      Total: 1
2019-08-22 18:34:22,813 DEBUG (BaseJdbcLogger.java:143)- ====>  Preparing: select id, name, sex, birthday, phone, ID_number, email, parent_phone, adress, major, state from student_basic where id = ? 
2019-08-22 18:34:22,813 DEBUG (BaseJdbcLogger.java:143)- ====> Parameters: 12931(String)
2019-08-22 18:34:22,814 DEBUG (BaseJdbcLogger.java:143)- <====      Total: 1
2019-08-22 18:34:22,814 DEBUG (BaseJdbcLogger.java:143)- ====>  Preparing: select id, name, sex, birthday, phone, ID_number, email, parent_phone, adress, major, state from student_basic where id = ? 
2019-08-22 18:34:22,814 DEBUG (BaseJdbcLogger.java:143)- ====> Parameters: 12932(String)
2019-08-22 18:34:22,815 DEBUG (BaseJdbcLogger.java:143)- <====      Total: 1
2019-08-22 18:34:22,815 DEBUG (BaseJdbcLogger.java:143)- ====>  Preparing: select id, name, sex, birthday, phone, ID_number, email, parent_phone, adress, major, state from student_basic where id = ? 
2019-08-22 18:34:22,815 DEBUG (BaseJdbcLogger.java:143)- ====> Parameters: 12934(String)
2019-08-22 18:34:22,816 DEBUG (BaseJdbcLogger.java:143)- <====      Total: 1
2019-08-22 18:34:22,816 DEBUG (BaseJdbcLogger.java:143)- ====>  Preparing: select id, name, sex, birthday, phone, ID_number, email, parent_phone, adress, major, state from student_basic where id = ? 
2019-08-22 18:34:22,816 DEBUG (BaseJdbcLogger.java:143)- ====> Parameters: 12935(String)
2019-08-22 18:34:22,817 DEBUG (BaseJdbcLogger.java:143)- <====      Total: 1
2019-08-22 18:34:22,817 DEBUG (BaseJdbcLogger.java:143)- ====>  Preparing: select id, name, sex, birthday, phone, ID_number, email, parent_phone, adress, major, state from student_basic where id = ? 
2019-08-22 18:34:22,817 DEBUG (BaseJdbcLogger.java:143)- ====> Parameters: 12938(String)
2019-08-22 18:34:22,818 DEBUG (BaseJdbcLogger.java:143)- <====      Total: 1
2019-08-22 18:34:22,818 DEBUG (BaseJdbcLogger.java:143)- ====>  Preparing: select id, name, sex, birthday, phone, ID_number, email, parent_phone, adress, major, state from student_basic where id = ? 
2019-08-22 18:34:22,818 DEBUG (BaseJdbcLogger.java:143)- ====> Parameters: 12939(String)
2019-08-22 18:34:22,819 DEBUG (BaseJdbcLogger.java:143)- <====      Total: 1
2019-08-22 18:34:22,819 DEBUG (BaseJdbcLogger.java:143)- ====>  Preparing: select id, name, sex, birthday, phone, ID_number, email, parent_phone, adress, major, state from student_basic where id = ? 
2019-08-22 18:34:22,820 DEBUG (BaseJdbcLogger.java:143)- ====> Parameters: 12940(String)
2019-08-22 18:34:22,821 DEBUG (BaseJdbcLogger.java:143)- <====      Total: 1
2019-08-22 18:34:22,821 DEBUG (BaseJdbcLogger.java:143)- ====>  Preparing: select id, name, sex, birthday, phone, ID_number, email, parent_phone, adress, major, state from student_basic where id = ? 
2019-08-22 18:34:22,822 DEBUG (BaseJdbcLogger.java:143)- ====> Parameters: 12941(String)
2019-08-22 18:34:22,823 DEBUG (BaseJdbcLogger.java:143)- <====      Total: 1
2019-08-22 18:34:22,824 DEBUG (BaseJdbcLogger.java:143)- ====>  Preparing: select id, name, sex, birthday, phone, ID_number, email, parent_phone, adress, major, state from student_basic where id = ? 
2019-08-22 18:34:22,824 DEBUG (BaseJdbcLogger.java:143)- ====> Parameters: 12942(String)
2019-08-22 18:34:22,825 DEBUG (BaseJdbcLogger.java:143)- <====      Total: 1
2019-08-22 18:34:22,825 DEBUG (BaseJdbcLogger.java:143)- ====>  Preparing: select id, name, sex, birthday, phone, ID_number, email, parent_phone, adress, major, state from student_basic where id = ? 
2019-08-22 18:34:22,826 DEBUG (BaseJdbcLogger.java:143)- ====> Parameters: 12948(String)
2019-08-22 18:34:22,827 DEBUG (BaseJdbcLogger.java:143)- <====      Total: 1
2019-08-22 18:34:22,828 DEBUG (BaseJdbcLogger.java:143)- ====>  Preparing: select id, name, sex, birthday, phone, ID_number, email, parent_phone, adress, major, state from student_basic where id = ? 
2019-08-22 18:34:22,828 DEBUG (BaseJdbcLogger.java:143)- ====> Parameters: 12950(String)
2019-08-22 18:34:22,829 DEBUG (BaseJdbcLogger.java:143)- <====      Total: 1
2019-08-22 18:34:22,829 DEBUG (BaseJdbcLogger.java:143)- ====>  Preparing: select id, name, sex, birthday, phone, ID_number, email, parent_phone, adress, major, state from student_basic where id = ? 
2019-08-22 18:34:22,829 DEBUG (BaseJdbcLogger.java:143)- ====> Parameters: 12951(String)
2019-08-22 18:34:22,830 DEBUG (BaseJdbcLogger.java:143)- <====      Total: 1
2019-08-22 18:34:22,831 DEBUG (BaseJdbcLogger.java:143)- <==      Total: 25
2019-08-22 18:34:22,831 DEBUG (BaseJdbcLogger.java:143)- ==>  Preparing: select dormitory_allocation.id, dormitory_allocation.class_id, dormitory_allocation.dormitory_id,dormitory_allocation.number from dormitory_allocation,dormitory WHERE dormitory_allocation.dormitory_id=dormitory.id and dormitory.sex=? and class_id = ? 
2019-08-22 18:34:22,831 DEBUG (BaseJdbcLogger.java:143)- ==> Parameters: 男(String), 080205201904(String)
2019-08-22 18:34:22,832 DEBUG (BaseJdbcLogger.java:143)- ====>  Preparing: select id, dong, floor, room, sex, number, rent from dormitory where id = ? 
2019-08-22 18:34:22,833 DEBUG (BaseJdbcLogger.java:143)- ====> Parameters: 23(Integer)
2019-08-22 18:34:22,833 DEBUG (BaseJdbcLogger.java:143)- <====      Total: 1
2019-08-22 18:34:22,834 DEBUG (BaseJdbcLogger.java:143)- ====>  Preparing: select id, dong, floor, room, sex, number, rent from dormitory where id = ? 
2019-08-22 18:34:22,834 DEBUG (BaseJdbcLogger.java:143)- ====> Parameters: 24(Integer)
2019-08-22 18:34:22,835 DEBUG (BaseJdbcLogger.java:143)- <====      Total: 1
2019-08-22 18:34:22,836 DEBUG (BaseJdbcLogger.java:143)- ====>  Preparing: select id, dong, floor, room, sex, number, rent from dormitory where id = ? 
2019-08-22 18:34:22,836 DEBUG (BaseJdbcLogger.java:143)- ====> Parameters: 25(Integer)
2019-08-22 18:34:22,836 DEBUG (BaseJdbcLogger.java:143)- <====      Total: 1
2019-08-22 18:34:22,837 DEBUG (BaseJdbcLogger.java:143)- ====>  Preparing: select id, dong, floor, room, sex, number, rent from dormitory where id = ? 
2019-08-22 18:34:22,837 DEBUG (BaseJdbcLogger.java:143)- ====> Parameters: 26(Integer)
2019-08-22 18:34:22,838 DEBUG (BaseJdbcLogger.java:143)- <====      Total: 1
2019-08-22 18:34:22,838 DEBUG (BaseJdbcLogger.java:143)- ====>  Preparing: select id, dong, floor, room, sex, number, rent from dormitory where id = ? 
2019-08-22 18:34:22,839 DEBUG (BaseJdbcLogger.java:143)- ====> Parameters: 27(Integer)
2019-08-22 18:34:22,839 DEBUG (BaseJdbcLogger.java:143)- <====      Total: 1
2019-08-22 18:34:22,840 DEBUG (BaseJdbcLogger.java:143)- <==      Total: 5
2019-08-22 18:34:22,840 DEBUG (BaseJdbcLogger.java:143)- ==>  Preparing: select dormitory_allocation.id, dormitory_allocation.class_id, dormitory_allocation.dormitory_id,dormitory_allocation.number from dormitory_allocation,dormitory WHERE dormitory_allocation.dormitory_id=dormitory.id and dormitory.sex=? and class_id = ? 
2019-08-22 18:34:22,840 DEBUG (BaseJdbcLogger.java:143)- ==> Parameters: 女(String), 080205201904(String)
2019-08-22 18:34:22,841 DEBUG (BaseJdbcLogger.java:143)- ====>  Preparing: select id, dong, floor, room, sex, number, rent from dormitory where id = ? 
2019-08-22 18:34:22,841 DEBUG (BaseJdbcLogger.java:143)- ====> Parameters: 474(Integer)
2019-08-22 18:34:22,842 DEBUG (BaseJdbcLogger.java:143)- <====      Total: 1
2019-08-22 18:34:22,842 DEBUG (BaseJdbcLogger.java:143)- ====>  Preparing: select id, dong, floor, room, sex, number, rent from dormitory where id = ? 
2019-08-22 18:34:22,842 DEBUG (BaseJdbcLogger.java:143)- ====> Parameters: 475(Integer)
2019-08-22 18:34:22,843 DEBUG (BaseJdbcLogger.java:143)- <====      Total: 1
2019-08-22 18:34:22,843 DEBUG (BaseJdbcLogger.java:143)- ====>  Preparing: select id, dong, floor, room, sex, number, rent from dormitory where id = ? 
2019-08-22 18:34:22,843 DEBUG (BaseJdbcLogger.java:143)- ====> Parameters: 476(Integer)
2019-08-22 18:34:22,844 DEBUG (BaseJdbcLogger.java:143)- <====      Total: 1
2019-08-22 18:34:22,844 DEBUG (BaseJdbcLogger.java:143)- ====>  Preparing: select id, dong, floor, room, sex, number, rent from dormitory where id = ? 
2019-08-22 18:34:22,845 DEBUG (BaseJdbcLogger.java:143)- ====> Parameters: 477(Integer)
2019-08-22 18:34:22,845 DEBUG (BaseJdbcLogger.java:143)- <====      Total: 1
2019-08-22 18:34:22,846 DEBUG (BaseJdbcLogger.java:143)- ====>  Preparing: select id, dong, floor, room, sex, number, rent from dormitory where id = ? 
2019-08-22 18:34:22,846 DEBUG (BaseJdbcLogger.java:143)- ====> Parameters: 478(Integer)
2019-08-22 18:34:22,848 DEBUG (BaseJdbcLogger.java:143)- <====      Total: 1
2019-08-22 18:34:22,848 DEBUG (BaseJdbcLogger.java:143)- <==      Total: 5
2019-08-22 18:34:22,848 DEBUG (BaseJdbcLogger.java:143)- ==>  Preparing: select student_status.id,student_status.basic_id, student_status.student_id, student_status.class_id from student_status,student_basic where student_status.basic_id=student_basic.id and student_basic.sex=? and student_status.class_id=? 
2019-08-22 18:34:22,849 DEBUG (BaseJdbcLogger.java:143)- ==> Parameters: 男(String), 080205201905(String)
2019-08-22 18:34:22,850 DEBUG (BaseJdbcLogger.java:143)- ====>  Preparing: select id, name, sex, birthday, phone, ID_number, email, parent_phone, adress, major, state from student_basic where id = ? 
2019-08-22 18:34:22,850 DEBUG (BaseJdbcLogger.java:143)- ====> Parameters: 12956(String)
2019-08-22 18:34:22,851 DEBUG (BaseJdbcLogger.java:143)- <====      Total: 1
2019-08-22 18:34:22,852 DEBUG (BaseJdbcLogger.java:143)- ====>  Preparing: select id, class_id, name, director, grade, major_id from class where class_id = ? 
2019-08-22 18:34:22,853 DEBUG (BaseJdbcLogger.java:143)- ====> Parameters: 080205201905(String)
2019-08-22 18:34:22,854 DEBUG (BaseJdbcLogger.java:143)- ======>  Preparing: select id, major_id, name, price, department_id from major where major_id = ? 
2019-08-22 18:34:22,855 DEBUG (BaseJdbcLogger.java:143)- ======> Parameters: 080205(String)
2019-08-22 18:34:22,856 DEBUG (BaseJdbcLogger.java:143)- <======      Total: 1
2019-08-22 18:34:22,856 DEBUG (BaseJdbcLogger.java:143)- <====      Total: 1
2019-08-22 18:34:22,857 DEBUG (BaseJdbcLogger.java:143)- ====>  Preparing: select id, name, sex, birthday, phone, ID_number, email, parent_phone, adress, major, state from student_basic where id = ? 
2019-08-22 18:34:22,857 DEBUG (BaseJdbcLogger.java:143)- ====> Parameters: 12957(String)
2019-08-22 18:34:22,858 DEBUG (BaseJdbcLogger.java:143)- <====      Total: 1
2019-08-22 18:34:22,859 DEBUG (BaseJdbcLogger.java:143)- ====>  Preparing: select id, name, sex, birthday, phone, ID_number, email, parent_phone, adress, major, state from student_basic where id = ? 
2019-08-22 18:34:22,859 DEBUG (BaseJdbcLogger.java:143)- ====> Parameters: 12958(String)
2019-08-22 18:34:22,860 DEBUG (BaseJdbcLogger.java:143)- <====      Total: 1
2019-08-22 18:34:22,860 DEBUG (BaseJdbcLogger.java:143)- ====>  Preparing: select id, name, sex, birthday, phone, ID_number, email, parent_phone, adress, major, state from student_basic where id = ? 
2019-08-22 18:34:22,860 DEBUG (BaseJdbcLogger.java:143)- ====> Parameters: 12959(String)
2019-08-22 18:34:22,861 DEBUG (BaseJdbcLogger.java:143)- <====      Total: 1
2019-08-22 18:34:22,862 DEBUG (BaseJdbcLogger.java:143)- ====>  Preparing: select id, name, sex, birthday, phone, ID_number, email, parent_phone, adress, major, state from student_basic where id = ? 
2019-08-22 18:34:22,862 DEBUG (BaseJdbcLogger.java:143)- ====> Parameters: 12961(String)
2019-08-22 18:34:22,863 DEBUG (BaseJdbcLogger.java:143)- <====      Total: 1
2019-08-22 18:34:22,863 DEBUG (BaseJdbcLogger.java:143)- ====>  Preparing: select id, name, sex, birthday, phone, ID_number, email, parent_phone, adress, major, state from student_basic where id = ? 
2019-08-22 18:34:22,863 DEBUG (BaseJdbcLogger.java:143)- ====> Parameters: 12963(String)
2019-08-22 18:34:22,864 DEBUG (BaseJdbcLogger.java:143)- <====      Total: 1
2019-08-22 18:34:22,864 DEBUG (BaseJdbcLogger.java:143)- ====>  Preparing: select id, name, sex, birthday, phone, ID_number, email, parent_phone, adress, major, state from student_basic where id = ? 
2019-08-22 18:34:22,864 DEBUG (BaseJdbcLogger.java:143)- ====> Parameters: 12964(String)
2019-08-22 18:34:22,865 DEBUG (BaseJdbcLogger.java:143)- <====      Total: 1
2019-08-22 18:34:22,865 DEBUG (BaseJdbcLogger.java:143)- ====>  Preparing: select id, name, sex, birthday, phone, ID_number, email, parent_phone, adress, major, state from student_basic where id = ? 
2019-08-22 18:34:22,866 DEBUG (BaseJdbcLogger.java:143)- ====> Parameters: 12965(String)
2019-08-22 18:34:22,866 DEBUG (BaseJdbcLogger.java:143)- <====      Total: 1
2019-08-22 18:34:22,867 DEBUG (BaseJdbcLogger.java:143)- ====>  Preparing: select id, name, sex, birthday, phone, ID_number, email, parent_phone, adress, major, state from student_basic where id = ? 
2019-08-22 18:34:22,867 DEBUG (BaseJdbcLogger.java:143)- ====> Parameters: 12966(String)
2019-08-22 18:34:22,867 DEBUG (BaseJdbcLogger.java:143)- <====      Total: 1
2019-08-22 18:34:22,868 DEBUG (BaseJdbcLogger.java:143)- ====>  Preparing: select id, name, sex, birthday, phone, ID_number, email, parent_phone, adress, major, state from student_basic where id = ? 
2019-08-22 18:34:22,868 DEBUG (BaseJdbcLogger.java:143)- ====> Parameters: 12968(String)
2019-08-22 18:34:22,869 DEBUG (BaseJdbcLogger.java:143)- <====      Total: 1
2019-08-22 18:34:22,869 DEBUG (BaseJdbcLogger.java:143)- ====>  Preparing: select id, name, sex, birthday, phone, ID_number, email, parent_phone, adress, major, state from student_basic where id = ? 
2019-08-22 18:34:22,869 DEBUG (BaseJdbcLogger.java:143)- ====> Parameters: 12969(String)
2019-08-22 18:34:22,870 DEBUG (BaseJdbcLogger.java:143)- <====      Total: 1
2019-08-22 18:34:22,871 DEBUG (BaseJdbcLogger.java:143)- ====>  Preparing: select id, name, sex, birthday, phone, ID_number, email, parent_phone, adress, major, state from student_basic where id = ? 
2019-08-22 18:34:22,871 DEBUG (BaseJdbcLogger.java:143)- ====> Parameters: 12970(String)
2019-08-22 18:34:22,872 DEBUG (BaseJdbcLogger.java:143)- <====      Total: 1
2019-08-22 18:34:22,873 DEBUG (BaseJdbcLogger.java:143)- ====>  Preparing: select id, name, sex, birthday, phone, ID_number, email, parent_phone, adress, major, state from student_basic where id = ? 
2019-08-22 18:34:22,873 DEBUG (BaseJdbcLogger.java:143)- ====> Parameters: 12971(String)
2019-08-22 18:34:22,874 DEBUG (BaseJdbcLogger.java:143)- <====      Total: 1
2019-08-22 18:34:22,874 DEBUG (BaseJdbcLogger.java:143)- ====>  Preparing: select id, name, sex, birthday, phone, ID_number, email, parent_phone, adress, major, state from student_basic where id = ? 
2019-08-22 18:34:22,875 DEBUG (BaseJdbcLogger.java:143)- ====> Parameters: 12972(String)
2019-08-22 18:34:22,876 DEBUG (BaseJdbcLogger.java:143)- <====      Total: 1
2019-08-22 18:34:22,877 DEBUG (BaseJdbcLogger.java:143)- ====>  Preparing: select id, name, sex, birthday, phone, ID_number, email, parent_phone, adress, major, state from student_basic where id = ? 
2019-08-22 18:34:22,877 DEBUG (BaseJdbcLogger.java:143)- ====> Parameters: 12979(String)
2019-08-22 18:34:22,878 DEBUG (BaseJdbcLogger.java:143)- <====      Total: 1
2019-08-22 18:34:22,878 DEBUG (BaseJdbcLogger.java:143)- ====>  Preparing: select id, name, sex, birthday, phone, ID_number, email, parent_phone, adress, major, state from student_basic where id = ? 
2019-08-22 18:34:22,879 DEBUG (BaseJdbcLogger.java:143)- ====> Parameters: 12982(String)
2019-08-22 18:34:22,879 DEBUG (BaseJdbcLogger.java:143)- <====      Total: 1
2019-08-22 18:34:22,880 DEBUG (BaseJdbcLogger.java:143)- ====>  Preparing: select id, name, sex, birthday, phone, ID_number, email, parent_phone, adress, major, state from student_basic where id = ? 
2019-08-22 18:34:22,881 DEBUG (BaseJdbcLogger.java:143)- ====> Parameters: 12983(String)
2019-08-22 18:34:22,881 DEBUG (BaseJdbcLogger.java:143)- <====      Total: 1
2019-08-22 18:34:22,882 DEBUG (BaseJdbcLogger.java:143)- ====>  Preparing: select id, name, sex, birthday, phone, ID_number, email, parent_phone, adress, major, state from student_basic where id = ? 
2019-08-22 18:34:22,882 DEBUG (BaseJdbcLogger.java:143)- ====> Parameters: 12988(String)
2019-08-22 18:34:22,882 DEBUG (BaseJdbcLogger.java:143)- <====      Total: 1
2019-08-22 18:34:22,883 DEBUG (BaseJdbcLogger.java:143)- ====>  Preparing: select id, name, sex, birthday, phone, ID_number, email, parent_phone, adress, major, state from student_basic where id = ? 
2019-08-22 18:34:22,884 DEBUG (BaseJdbcLogger.java:143)- ====> Parameters: 12989(String)
2019-08-22 18:34:22,884 DEBUG (BaseJdbcLogger.java:143)- <====      Total: 1
2019-08-22 18:34:22,885 DEBUG (BaseJdbcLogger.java:143)- ====>  Preparing: select id, name, sex, birthday, phone, ID_number, email, parent_phone, adress, major, state from student_basic where id = ? 
2019-08-22 18:34:22,885 DEBUG (BaseJdbcLogger.java:143)- ====> Parameters: 12990(String)
2019-08-22 18:34:22,886 DEBUG (BaseJdbcLogger.java:143)- <====      Total: 1
2019-08-22 18:34:22,886 DEBUG (BaseJdbcLogger.java:143)- ====>  Preparing: select id, name, sex, birthday, phone, ID_number, email, parent_phone, adress, major, state from student_basic where id = ? 
2019-08-22 18:34:22,886 DEBUG (BaseJdbcLogger.java:143)- ====> Parameters: 12992(String)
2019-08-22 18:34:22,887 DEBUG (BaseJdbcLogger.java:143)- <====      Total: 1
2019-08-22 18:34:22,888 DEBUG (BaseJdbcLogger.java:143)- ====>  Preparing: select id, name, sex, birthday, phone, ID_number, email, parent_phone, adress, major, state from student_basic where id = ? 
2019-08-22 18:34:22,888 DEBUG (BaseJdbcLogger.java:143)- ====> Parameters: 12996(String)
2019-08-22 18:34:22,889 DEBUG (BaseJdbcLogger.java:143)- <====      Total: 1
2019-08-22 18:34:22,889 DEBUG (BaseJdbcLogger.java:143)- ====>  Preparing: select id, name, sex, birthday, phone, ID_number, email, parent_phone, adress, major, state from student_basic where id = ? 
2019-08-22 18:34:22,889 DEBUG (BaseJdbcLogger.java:143)- ====> Parameters: 12999(String)
2019-08-22 18:34:22,891 DEBUG (BaseJdbcLogger.java:143)- <====      Total: 1
2019-08-22 18:34:22,891 DEBUG (BaseJdbcLogger.java:143)- ====>  Preparing: select id, name, sex, birthday, phone, ID_number, email, parent_phone, adress, major, state from student_basic where id = ? 
2019-08-22 18:34:22,892 DEBUG (BaseJdbcLogger.java:143)- ====> Parameters: 13000(String)
2019-08-22 18:34:22,892 DEBUG (BaseJdbcLogger.java:143)- <====      Total: 1
2019-08-22 18:34:22,893 DEBUG (BaseJdbcLogger.java:143)- <==      Total: 24
2019-08-22 18:34:22,893 DEBUG (BaseJdbcLogger.java:143)- ==>  Preparing: select student_status.id,student_status.basic_id, student_status.student_id, student_status.class_id from student_status,student_basic where student_status.basic_id=student_basic.id and student_basic.sex=? and student_status.class_id=? 
2019-08-22 18:34:22,893 DEBUG (BaseJdbcLogger.java:143)- ==> Parameters: 女(String), 080205201905(String)
2019-08-22 18:34:22,894 DEBUG (BaseJdbcLogger.java:143)- ====>  Preparing: select id, name, sex, birthday, phone, ID_number, email, parent_phone, adress, major, state from student_basic where id = ? 
2019-08-22 18:34:22,895 DEBUG (BaseJdbcLogger.java:143)- ====> Parameters: 12952(String)
2019-08-22 18:34:22,896 DEBUG (BaseJdbcLogger.java:143)- <====      Total: 1
2019-08-22 18:34:22,896 DEBUG (BaseJdbcLogger.java:143)- ====>  Preparing: select id, class_id, name, director, grade, major_id from class where class_id = ? 
2019-08-22 18:34:22,897 DEBUG (BaseJdbcLogger.java:143)- ====> Parameters: 080205201905(String)
2019-08-22 18:34:22,897 DEBUG (BaseJdbcLogger.java:143)- ======>  Preparing: select id, major_id, name, price, department_id from major where major_id = ? 
2019-08-22 18:34:22,897 DEBUG (BaseJdbcLogger.java:143)- ======> Parameters: 080205(String)
2019-08-22 18:34:22,898 DEBUG (BaseJdbcLogger.java:143)- <======      Total: 1
2019-08-22 18:34:22,898 DEBUG (BaseJdbcLogger.java:143)- <====      Total: 1
2019-08-22 18:34:22,899 DEBUG (BaseJdbcLogger.java:143)- ====>  Preparing: select id, name, sex, birthday, phone, ID_number, email, parent_phone, adress, major, state from student_basic where id = ? 
2019-08-22 18:34:22,899 DEBUG (BaseJdbcLogger.java:143)- ====> Parameters: 12953(String)
2019-08-22 18:34:22,899 DEBUG (BaseJdbcLogger.java:143)- <====      Total: 1
2019-08-22 18:34:22,900 DEBUG (BaseJdbcLogger.java:143)- ====>  Preparing: select id, name, sex, birthday, phone, ID_number, email, parent_phone, adress, major, state from student_basic where id = ? 
2019-08-22 18:34:22,900 DEBUG (BaseJdbcLogger.java:143)- ====> Parameters: 12955(String)
2019-08-22 18:34:22,901 DEBUG (BaseJdbcLogger.java:143)- <====      Total: 1
2019-08-22 18:34:22,901 DEBUG (BaseJdbcLogger.java:143)- ====>  Preparing: select id, name, sex, birthday, phone, ID_number, email, parent_phone, adress, major, state from student_basic where id = ? 
2019-08-22 18:34:22,901 DEBUG (BaseJdbcLogger.java:143)- ====> Parameters: 12960(String)
2019-08-22 18:34:22,902 DEBUG (BaseJdbcLogger.java:143)- <====      Total: 1
2019-08-22 18:34:22,902 DEBUG (BaseJdbcLogger.java:143)- ====>  Preparing: select id, name, sex, birthday, phone, ID_number, email, parent_phone, adress, major, state from student_basic where id = ? 
2019-08-22 18:34:22,902 DEBUG (BaseJdbcLogger.java:143)- ====> Parameters: 12962(String)
2019-08-22 18:34:22,903 DEBUG (BaseJdbcLogger.java:143)- <====      Total: 1
2019-08-22 18:34:22,903 DEBUG (BaseJdbcLogger.java:143)- ====>  Preparing: select id, name, sex, birthday, phone, ID_number, email, parent_phone, adress, major, state from student_basic where id = ? 
2019-08-22 18:34:22,903 DEBUG (BaseJdbcLogger.java:143)- ====> Parameters: 12967(String)
2019-08-22 18:34:22,904 DEBUG (BaseJdbcLogger.java:143)- <====      Total: 1
2019-08-22 18:34:22,905 DEBUG (BaseJdbcLogger.java:143)- ====>  Preparing: select id, name, sex, birthday, phone, ID_number, email, parent_phone, adress, major, state from student_basic where id = ? 
2019-08-22 18:34:22,905 DEBUG (BaseJdbcLogger.java:143)- ====> Parameters: 12973(String)
2019-08-22 18:34:22,906 DEBUG (BaseJdbcLogger.java:143)- <====      Total: 1
2019-08-22 18:34:22,906 DEBUG (BaseJdbcLogger.java:143)- ====>  Preparing: select id, name, sex, birthday, phone, ID_number, email, parent_phone, adress, major, state from student_basic where id = ? 
2019-08-22 18:34:22,907 DEBUG (BaseJdbcLogger.java:143)- ====> Parameters: 12974(String)
2019-08-22 18:34:22,908 DEBUG (BaseJdbcLogger.java:143)- <====      Total: 1
2019-08-22 18:34:22,908 DEBUG (BaseJdbcLogger.java:143)- ====>  Preparing: select id, name, sex, birthday, phone, ID_number, email, parent_phone, adress, major, state from student_basic where id = ? 
2019-08-22 18:34:22,909 DEBUG (BaseJdbcLogger.java:143)- ====> Parameters: 12975(String)
2019-08-22 18:34:22,909 DEBUG (BaseJdbcLogger.java:143)- <====      Total: 1
2019-08-22 18:34:22,910 DEBUG (BaseJdbcLogger.java:143)- ====>  Preparing: select id, name, sex, birthday, phone, ID_number, email, parent_phone, adress, major, state from student_basic where id = ? 
2019-08-22 18:34:22,910 DEBUG (BaseJdbcLogger.java:143)- ====> Parameters: 12976(String)
2019-08-22 18:34:22,912 DEBUG (BaseJdbcLogger.java:143)- <====      Total: 1
2019-08-22 18:34:22,912 DEBUG (BaseJdbcLogger.java:143)- ====>  Preparing: select id, name, sex, birthday, phone, ID_number, email, parent_phone, adress, major, state from student_basic where id = ? 
2019-08-22 18:34:22,912 DEBUG (BaseJdbcLogger.java:143)- ====> Parameters: 12977(String)
2019-08-22 18:34:22,913 DEBUG (BaseJdbcLogger.java:143)- <====      Total: 1
2019-08-22 18:34:22,914 DEBUG (BaseJdbcLogger.java:143)- ====>  Preparing: select id, name, sex, birthday, phone, ID_number, email, parent_phone, adress, major, state from student_basic where id = ? 
2019-08-22 18:34:22,914 DEBUG (BaseJdbcLogger.java:143)- ====> Parameters: 12978(String)
2019-08-22 18:34:22,915 DEBUG (BaseJdbcLogger.java:143)- <====      Total: 1
2019-08-22 18:34:22,916 DEBUG (BaseJdbcLogger.java:143)- ====>  Preparing: select id, name, sex, birthday, phone, ID_number, email, parent_phone, adress, major, state from student_basic where id = ? 
2019-08-22 18:34:22,916 DEBUG (BaseJdbcLogger.java:143)- ====> Parameters: 12980(String)
2019-08-22 18:34:22,918 DEBUG (BaseJdbcLogger.java:143)- <====      Total: 1
2019-08-22 18:34:22,919 DEBUG (BaseJdbcLogger.java:143)- ====>  Preparing: select id, name, sex, birthday, phone, ID_number, email, parent_phone, adress, major, state from student_basic where id = ? 
2019-08-22 18:34:22,919 DEBUG (BaseJdbcLogger.java:143)- ====> Parameters: 12981(String)
2019-08-22 18:34:22,920 DEBUG (BaseJdbcLogger.java:143)- <====      Total: 1
2019-08-22 18:34:22,921 DEBUG (BaseJdbcLogger.java:143)- ====>  Preparing: select id, name, sex, birthday, phone, ID_number, email, parent_phone, adress, major, state from student_basic where id = ? 
2019-08-22 18:34:22,921 DEBUG (BaseJdbcLogger.java:143)- ====> Parameters: 12984(String)
2019-08-22 18:34:22,923 DEBUG (BaseJdbcLogger.java:143)- <====      Total: 1
2019-08-22 18:34:22,923 DEBUG (BaseJdbcLogger.java:143)- ====>  Preparing: select id, name, sex, birthday, phone, ID_number, email, parent_phone, adress, major, state from student_basic where id = ? 
2019-08-22 18:34:22,923 DEBUG (BaseJdbcLogger.java:143)- ====> Parameters: 12985(String)
2019-08-22 18:34:22,924 DEBUG (BaseJdbcLogger.java:143)- <====      Total: 1
2019-08-22 18:34:22,925 DEBUG (BaseJdbcLogger.java:143)- ====>  Preparing: select id, name, sex, birthday, phone, ID_number, email, parent_phone, adress, major, state from student_basic where id = ? 
2019-08-22 18:34:22,925 DEBUG (BaseJdbcLogger.java:143)- ====> Parameters: 12986(String)
2019-08-22 18:34:22,926 DEBUG (BaseJdbcLogger.java:143)- <====      Total: 1
2019-08-22 18:34:22,927 DEBUG (BaseJdbcLogger.java:143)- ====>  Preparing: select id, name, sex, birthday, phone, ID_number, email, parent_phone, adress, major, state from student_basic where id = ? 
2019-08-22 18:34:22,928 DEBUG (BaseJdbcLogger.java:143)- ====> Parameters: 12987(String)
2019-08-22 18:34:22,929 DEBUG (BaseJdbcLogger.java:143)- <====      Total: 1
2019-08-22 18:34:22,929 DEBUG (BaseJdbcLogger.java:143)- ====>  Preparing: select id, name, sex, birthday, phone, ID_number, email, parent_phone, adress, major, state from student_basic where id = ? 
2019-08-22 18:34:22,929 DEBUG (BaseJdbcLogger.java:143)- ====> Parameters: 12991(String)
2019-08-22 18:34:22,930 DEBUG (BaseJdbcLogger.java:143)- <====      Total: 1
2019-08-22 18:34:22,931 DEBUG (BaseJdbcLogger.java:143)- ====>  Preparing: select id, name, sex, birthday, phone, ID_number, email, parent_phone, adress, major, state from student_basic where id = ? 
2019-08-22 18:34:22,931 DEBUG (BaseJdbcLogger.java:143)- ====> Parameters: 12993(String)
2019-08-22 18:34:22,932 DEBUG (BaseJdbcLogger.java:143)- <====      Total: 1
2019-08-22 18:34:22,932 DEBUG (BaseJdbcLogger.java:143)- ====>  Preparing: select id, name, sex, birthday, phone, ID_number, email, parent_phone, adress, major, state from student_basic where id = ? 
2019-08-22 18:34:22,933 DEBUG (BaseJdbcLogger.java:143)- ====> Parameters: 12994(String)
2019-08-22 18:34:22,933 DEBUG (BaseJdbcLogger.java:143)- <====      Total: 1
2019-08-22 18:34:22,933 DEBUG (BaseJdbcLogger.java:143)- ====>  Preparing: select id, name, sex, birthday, phone, ID_number, email, parent_phone, adress, major, state from student_basic where id = ? 
2019-08-22 18:34:22,934 DEBUG (BaseJdbcLogger.java:143)- ====> Parameters: 12995(String)
2019-08-22 18:34:22,934 DEBUG (BaseJdbcLogger.java:143)- <====      Total: 1
2019-08-22 18:34:22,935 DEBUG (BaseJdbcLogger.java:143)- ====>  Preparing: select id, name, sex, birthday, phone, ID_number, email, parent_phone, adress, major, state from student_basic where id = ? 
2019-08-22 18:34:22,935 DEBUG (BaseJdbcLogger.java:143)- ====> Parameters: 12997(String)
2019-08-22 18:34:22,935 DEBUG (BaseJdbcLogger.java:143)- <====      Total: 1
2019-08-22 18:34:22,937 DEBUG (BaseJdbcLogger.java:143)- ====>  Preparing: select id, name, sex, birthday, phone, ID_number, email, parent_phone, adress, major, state from student_basic where id = ? 
2019-08-22 18:34:22,938 DEBUG (BaseJdbcLogger.java:143)- ====> Parameters: 12998(String)
2019-08-22 18:34:22,938 DEBUG (BaseJdbcLogger.java:143)- <====      Total: 1
2019-08-22 18:34:22,939 DEBUG (BaseJdbcLogger.java:143)- ====>  Preparing: select id, name, sex, birthday, phone, ID_number, email, parent_phone, adress, major, state from student_basic where id = ? 
2019-08-22 18:34:22,939 DEBUG (BaseJdbcLogger.java:143)- ====> Parameters: 13001(String)
2019-08-22 18:34:22,940 DEBUG (BaseJdbcLogger.java:143)- <====      Total: 1
2019-08-22 18:34:22,940 DEBUG (BaseJdbcLogger.java:143)- <==      Total: 25
2019-08-22 18:34:22,942 DEBUG (BaseJdbcLogger.java:143)- ==>  Preparing: select dormitory_allocation.id, dormitory_allocation.class_id, dormitory_allocation.dormitory_id,dormitory_allocation.number from dormitory_allocation,dormitory WHERE dormitory_allocation.dormitory_id=dormitory.id and dormitory.sex=? and class_id = ? 
2019-08-22 18:34:22,942 DEBUG (BaseJdbcLogger.java:143)- ==> Parameters: 男(String), 080205201905(String)
2019-08-22 18:34:22,943 DEBUG (BaseJdbcLogger.java:143)- ====>  Preparing: select id, dong, floor, room, sex, number, rent from dormitory where id = ? 
2019-08-22 18:34:22,944 DEBUG (BaseJdbcLogger.java:143)- ====> Parameters: 28(Integer)
2019-08-22 18:34:22,944 DEBUG (BaseJdbcLogger.java:143)- <====      Total: 1
2019-08-22 18:34:22,945 DEBUG (BaseJdbcLogger.java:143)- ====>  Preparing: select id, dong, floor, room, sex, number, rent from dormitory where id = ? 
2019-08-22 18:34:22,946 DEBUG (BaseJdbcLogger.java:143)- ====> Parameters: 29(Integer)
2019-08-22 18:34:22,947 DEBUG (BaseJdbcLogger.java:143)- <====      Total: 1
2019-08-22 18:34:22,948 DEBUG (BaseJdbcLogger.java:143)- ====>  Preparing: select id, dong, floor, room, sex, number, rent from dormitory where id = ? 
2019-08-22 18:34:22,948 DEBUG (BaseJdbcLogger.java:143)- ====> Parameters: 30(Integer)
2019-08-22 18:34:22,949 DEBUG (BaseJdbcLogger.java:143)- <====      Total: 1
2019-08-22 18:34:22,949 DEBUG (BaseJdbcLogger.java:143)- ====>  Preparing: select id, dong, floor, room, sex, number, rent from dormitory where id = ? 
2019-08-22 18:34:22,950 DEBUG (BaseJdbcLogger.java:143)- ====> Parameters: 31(Integer)
2019-08-22 18:34:22,951 DEBUG (BaseJdbcLogger.java:143)- <====      Total: 1
2019-08-22 18:34:22,951 DEBUG (BaseJdbcLogger.java:143)- ====>  Preparing: select id, dong, floor, room, sex, number, rent from dormitory where id = ? 
2019-08-22 18:34:22,952 DEBUG (BaseJdbcLogger.java:143)- ====> Parameters: 32(Integer)
2019-08-22 18:34:22,952 DEBUG (BaseJdbcLogger.java:143)- <====      Total: 1
2019-08-22 18:34:22,952 DEBUG (BaseJdbcLogger.java:143)- <==      Total: 5
2019-08-22 18:34:22,953 DEBUG (BaseJdbcLogger.java:143)- ==>  Preparing: select dormitory_allocation.id, dormitory_allocation.class_id, dormitory_allocation.dormitory_id,dormitory_allocation.number from dormitory_allocation,dormitory WHERE dormitory_allocation.dormitory_id=dormitory.id and dormitory.sex=? and class_id = ? 
2019-08-22 18:34:22,953 DEBUG (BaseJdbcLogger.java:143)- ==> Parameters: 女(String), 080205201905(String)
2019-08-22 18:34:22,954 DEBUG (BaseJdbcLogger.java:143)- ====>  Preparing: select id, dong, floor, room, sex, number, rent from dormitory where id = ? 
2019-08-22 18:34:22,955 DEBUG (BaseJdbcLogger.java:143)- ====> Parameters: 479(Integer)
2019-08-22 18:34:22,956 DEBUG (BaseJdbcLogger.java:143)- <====      Total: 1
2019-08-22 18:34:22,956 DEBUG (BaseJdbcLogger.java:143)- ====>  Preparing: select id, dong, floor, room, sex, number, rent from dormitory where id = ? 
2019-08-22 18:34:22,957 DEBUG (BaseJdbcLogger.java:143)- ====> Parameters: 480(Integer)
2019-08-22 18:34:22,958 DEBUG (BaseJdbcLogger.java:143)- <====      Total: 1
2019-08-22 18:34:22,958 DEBUG (BaseJdbcLogger.java:143)- ====>  Preparing: select id, dong, floor, room, sex, number, rent from dormitory where id = ? 
2019-08-22 18:34:22,958 DEBUG (BaseJdbcLogger.java:143)- ====> Parameters: 481(Integer)
2019-08-22 18:34:22,959 DEBUG (BaseJdbcLogger.java:143)- <====      Total: 1
2019-08-22 18:34:22,959 DEBUG (BaseJdbcLogger.java:143)- ====>  Preparing: select id, dong, floor, room, sex, number, rent from dormitory where id = ? 
2019-08-22 18:34:22,960 DEBUG (BaseJdbcLogger.java:143)- ====> Parameters: 482(Integer)
2019-08-22 18:34:22,960 DEBUG (BaseJdbcLogger.java:143)- <====      Total: 1
2019-08-22 18:34:22,961 DEBUG (BaseJdbcLogger.java:143)- ====>  Preparing: select id, dong, floor, room, sex, number, rent from dormitory where id = ? 
2019-08-22 18:34:22,961 DEBUG (BaseJdbcLogger.java:143)- ====> Parameters: 483(Integer)
2019-08-22 18:34:22,962 DEBUG (BaseJdbcLogger.java:143)- <====      Total: 1
2019-08-22 18:34:22,962 DEBUG (BaseJdbcLogger.java:143)- <==      Total: 5
2019-08-22 18:34:22,963 DEBUG (BaseJdbcLogger.java:143)- ==>  Preparing: select student_status.id,student_status.basic_id, student_status.student_id, student_status.class_id from student_status,student_basic where student_status.basic_id=student_basic.id and student_basic.sex=? and student_status.class_id=? 
2019-08-22 18:34:22,963 DEBUG (BaseJdbcLogger.java:143)- ==> Parameters: 男(String), 130503201901(String)
2019-08-22 18:34:22,964 DEBUG (BaseJdbcLogger.java:143)- ====>  Preparing: select id, name, sex, birthday, phone, ID_number, email, parent_phone, adress, major, state from student_basic where id = ? 
2019-08-22 18:34:22,964 DEBUG (BaseJdbcLogger.java:143)- ====> Parameters: 12580(String)
2019-08-22 18:34:22,965 DEBUG (BaseJdbcLogger.java:143)- <====      Total: 1
2019-08-22 18:34:22,966 DEBUG (BaseJdbcLogger.java:143)- ====>  Preparing: select id, class_id, name, director, grade, major_id from class where class_id = ? 
2019-08-22 18:34:22,966 DEBUG (BaseJdbcLogger.java:143)- ====> Parameters: 130503201901(String)
2019-08-22 18:34:22,967 DEBUG (BaseJdbcLogger.java:143)- ======>  Preparing: select id, major_id, name, price, department_id from major where major_id = ? 
2019-08-22 18:34:22,967 DEBUG (BaseJdbcLogger.java:143)- ======> Parameters: 130503(String)
2019-08-22 18:34:22,968 DEBUG (BaseJdbcLogger.java:143)- <======      Total: 1
2019-08-22 18:34:22,968 DEBUG (BaseJdbcLogger.java:143)- <====      Total: 1
2019-08-22 18:34:22,968 DEBUG (BaseJdbcLogger.java:143)- ====>  Preparing: select id, name, sex, birthday, phone, ID_number, email, parent_phone, adress, major, state from student_basic where id = ? 
2019-08-22 18:34:22,968 DEBUG (BaseJdbcLogger.java:143)- ====> Parameters: 12581(String)
2019-08-22 18:34:22,970 DEBUG (BaseJdbcLogger.java:143)- <====      Total: 1
2019-08-22 18:34:22,970 DEBUG (BaseJdbcLogger.java:143)- ====>  Preparing: select id, name, sex, birthday, phone, ID_number, email, parent_phone, adress, major, state from student_basic where id = ? 
2019-08-22 18:34:22,971 DEBUG (BaseJdbcLogger.java:143)- ====> Parameters: 12585(String)
2019-08-22 18:34:22,972 DEBUG (BaseJdbcLogger.java:143)- <====      Total: 1
2019-08-22 18:34:22,972 DEBUG (BaseJdbcLogger.java:143)- ====>  Preparing: select id, name, sex, birthday, phone, ID_number, email, parent_phone, adress, major, state from student_basic where id = ? 
2019-08-22 18:34:22,972 DEBUG (BaseJdbcLogger.java:143)- ====> Parameters: 12586(String)
2019-08-22 18:34:22,972 DEBUG (BaseJdbcLogger.java:143)- <====      Total: 1
2019-08-22 18:34:22,974 DEBUG (BaseJdbcLogger.java:143)- ====>  Preparing: select id, name, sex, birthday, phone, ID_number, email, parent_phone, adress, major, state from student_basic where id = ? 
2019-08-22 18:34:22,974 DEBUG (BaseJdbcLogger.java:143)- ====> Parameters: 12587(String)
2019-08-22 18:34:22,974 DEBUG (BaseJdbcLogger.java:143)- <====      Total: 1
2019-08-22 18:34:22,975 DEBUG (BaseJdbcLogger.java:143)- ====>  Preparing: select id, name, sex, birthday, phone, ID_number, email, parent_phone, adress, major, state from student_basic where id = ? 
2019-08-22 18:34:22,975 DEBUG (BaseJdbcLogger.java:143)- ====> Parameters: 12589(String)
2019-08-22 18:34:22,976 DEBUG (BaseJdbcLogger.java:143)- <====      Total: 1
2019-08-22 18:34:22,976 DEBUG (BaseJdbcLogger.java:143)- ====>  Preparing: select id, name, sex, birthday, phone, ID_number, email, parent_phone, adress, major, state from student_basic where id = ? 
2019-08-22 18:34:22,976 DEBUG (BaseJdbcLogger.java:143)- ====> Parameters: 12593(String)
2019-08-22 18:34:22,977 DEBUG (BaseJdbcLogger.java:143)- <====      Total: 1
2019-08-22 18:34:22,977 DEBUG (BaseJdbcLogger.java:143)- ====>  Preparing: select id, name, sex, birthday, phone, ID_number, email, parent_phone, adress, major, state from student_basic where id = ? 
2019-08-22 18:34:22,977 DEBUG (BaseJdbcLogger.java:143)- ====> Parameters: 12594(String)
2019-08-22 18:34:22,978 DEBUG (BaseJdbcLogger.java:143)- <====      Total: 1
2019-08-22 18:34:22,978 DEBUG (BaseJdbcLogger.java:143)- ====>  Preparing: select id, name, sex, birthday, phone, ID_number, email, parent_phone, adress, major, state from student_basic where id = ? 
2019-08-22 18:34:22,978 DEBUG (BaseJdbcLogger.java:143)- ====> Parameters: 12595(String)
2019-08-22 18:34:22,979 DEBUG (BaseJdbcLogger.java:143)- <====      Total: 1
2019-08-22 18:34:22,979 DEBUG (BaseJdbcLogger.java:143)- ====>  Preparing: select id, name, sex, birthday, phone, ID_number, email, parent_phone, adress, major, state from student_basic where id = ? 
2019-08-22 18:34:22,980 DEBUG (BaseJdbcLogger.java:143)- ====> Parameters: 12596(String)
2019-08-22 18:34:22,980 DEBUG (BaseJdbcLogger.java:143)- <====      Total: 1
2019-08-22 18:34:22,980 DEBUG (BaseJdbcLogger.java:143)- ====>  Preparing: select id, name, sex, birthday, phone, ID_number, email, parent_phone, adress, major, state from student_basic where id = ? 
2019-08-22 18:34:22,981 DEBUG (BaseJdbcLogger.java:143)- ====> Parameters: 12598(String)
2019-08-22 18:34:22,982 DEBUG (BaseJdbcLogger.java:143)- <====      Total: 1
2019-08-22 18:34:22,982 DEBUG (BaseJdbcLogger.java:143)- ====>  Preparing: select id, name, sex, birthday, phone, ID_number, email, parent_phone, adress, major, state from student_basic where id = ? 
2019-08-22 18:34:22,983 DEBUG (BaseJdbcLogger.java:143)- ====> Parameters: 12600(String)
2019-08-22 18:34:22,983 DEBUG (BaseJdbcLogger.java:143)- <====      Total: 1
2019-08-22 18:34:22,984 DEBUG (BaseJdbcLogger.java:143)- ====>  Preparing: select id, name, sex, birthday, phone, ID_number, email, parent_phone, adress, major, state from student_basic where id = ? 
2019-08-22 18:34:22,984 DEBUG (BaseJdbcLogger.java:143)- ====> Parameters: 12601(String)
2019-08-22 18:34:22,984 DEBUG (BaseJdbcLogger.java:143)- <====      Total: 1
2019-08-22 18:34:22,985 DEBUG (BaseJdbcLogger.java:143)- ====>  Preparing: select id, name, sex, birthday, phone, ID_number, email, parent_phone, adress, major, state from student_basic where id = ? 
2019-08-22 18:34:22,985 DEBUG (BaseJdbcLogger.java:143)- ====> Parameters: 12602(String)
2019-08-22 18:34:22,986 DEBUG (BaseJdbcLogger.java:143)- <====      Total: 1
2019-08-22 18:34:22,986 DEBUG (BaseJdbcLogger.java:143)- ====>  Preparing: select id, name, sex, birthday, phone, ID_number, email, parent_phone, adress, major, state from student_basic where id = ? 
2019-08-22 18:34:22,986 DEBUG (BaseJdbcLogger.java:143)- ====> Parameters: 12603(String)
2019-08-22 18:34:22,987 DEBUG (BaseJdbcLogger.java:143)- <====      Total: 1
2019-08-22 18:34:22,987 DEBUG (BaseJdbcLogger.java:143)- ====>  Preparing: select id, name, sex, birthday, phone, ID_number, email, parent_phone, adress, major, state from student_basic where id = ? 
2019-08-22 18:34:22,988 DEBUG (BaseJdbcLogger.java:143)- ====> Parameters: 12604(String)
2019-08-22 18:34:22,988 DEBUG (BaseJdbcLogger.java:143)- <====      Total: 1
2019-08-22 18:34:22,989 DEBUG (BaseJdbcLogger.java:143)- ====>  Preparing: select id, name, sex, birthday, phone, ID_number, email, parent_phone, adress, major, state from student_basic where id = ? 
2019-08-22 18:34:22,989 DEBUG (BaseJdbcLogger.java:143)- ====> Parameters: 12605(String)
2019-08-22 18:34:22,990 DEBUG (BaseJdbcLogger.java:143)- <====      Total: 1
2019-08-22 18:34:22,991 DEBUG (BaseJdbcLogger.java:143)- ====>  Preparing: select id, name, sex, birthday, phone, ID_number, email, parent_phone, adress, major, state from student_basic where id = ? 
2019-08-22 18:34:22,991 DEBUG (BaseJdbcLogger.java:143)- ====> Parameters: 12606(String)
2019-08-22 18:34:22,992 DEBUG (BaseJdbcLogger.java:143)- <====      Total: 1
2019-08-22 18:34:22,992 DEBUG (BaseJdbcLogger.java:143)- ====>  Preparing: select id, name, sex, birthday, phone, ID_number, email, parent_phone, adress, major, state from student_basic where id = ? 
2019-08-22 18:34:22,993 DEBUG (BaseJdbcLogger.java:143)- ====> Parameters: 12607(String)
2019-08-22 18:34:22,993 DEBUG (BaseJdbcLogger.java:143)- <====      Total: 1
2019-08-22 18:34:22,994 DEBUG (BaseJdbcLogger.java:143)- ====>  Preparing: select id, name, sex, birthday, phone, ID_number, email, parent_phone, adress, major, state from student_basic where id = ? 
2019-08-22 18:34:22,994 DEBUG (BaseJdbcLogger.java:143)- ====> Parameters: 12608(String)
2019-08-22 18:34:22,995 DEBUG (BaseJdbcLogger.java:143)- <====      Total: 1
2019-08-22 18:34:22,995 DEBUG (BaseJdbcLogger.java:143)- ====>  Preparing: select id, name, sex, birthday, phone, ID_number, email, parent_phone, adress, major, state from student_basic where id = ? 
2019-08-22 18:34:22,995 DEBUG (BaseJdbcLogger.java:143)- ====> Parameters: 12609(String)
2019-08-22 18:34:22,996 DEBUG (BaseJdbcLogger.java:143)- <====      Total: 1
2019-08-22 18:34:22,996 DEBUG (BaseJdbcLogger.java:143)- ====>  Preparing: select id, name, sex, birthday, phone, ID_number, email, parent_phone, adress, major, state from student_basic where id = ? 
2019-08-22 18:34:22,996 DEBUG (BaseJdbcLogger.java:143)- ====> Parameters: 12610(String)
2019-08-22 18:34:22,997 DEBUG (BaseJdbcLogger.java:143)- <====      Total: 1
2019-08-22 18:34:22,997 DEBUG (BaseJdbcLogger.java:143)- ====>  Preparing: select id, name, sex, birthday, phone, ID_number, email, parent_phone, adress, major, state from student_basic where id = ? 
2019-08-22 18:34:22,998 DEBUG (BaseJdbcLogger.java:143)- ====> Parameters: 12611(String)
2019-08-22 18:34:22,998 DEBUG (BaseJdbcLogger.java:143)- <====      Total: 1
2019-08-22 18:34:22,999 DEBUG (BaseJdbcLogger.java:143)- ====>  Preparing: select id, name, sex, birthday, phone, ID_number, email, parent_phone, adress, major, state from student_basic where id = ? 
2019-08-22 18:34:22,999 DEBUG (BaseJdbcLogger.java:143)- ====> Parameters: 12612(String)
2019-08-22 18:34:23,000 DEBUG (BaseJdbcLogger.java:143)- <====      Total: 1
2019-08-22 18:34:23,001 DEBUG (BaseJdbcLogger.java:143)- <==      Total: 24
2019-08-22 18:34:23,001 DEBUG (BaseJdbcLogger.java:143)- ==>  Preparing: select student_status.id,student_status.basic_id, student_status.student_id, student_status.class_id from student_status,student_basic where student_status.basic_id=student_basic.id and student_basic.sex=? and student_status.class_id=? 
2019-08-22 18:34:23,002 DEBUG (BaseJdbcLogger.java:143)- ==> Parameters: 女(String), 130503201901(String)
2019-08-22 18:34:23,003 DEBUG (BaseJdbcLogger.java:143)- ====>  Preparing: select id, name, sex, birthday, phone, ID_number, email, parent_phone, adress, major, state from student_basic where id = ? 
2019-08-22 18:34:23,003 DEBUG (BaseJdbcLogger.java:143)- ====> Parameters: 12578(String)
2019-08-22 18:34:23,004 DEBUG (BaseJdbcLogger.java:143)- <====      Total: 1
2019-08-22 18:34:23,005 DEBUG (BaseJdbcLogger.java:143)- ====>  Preparing: select id, class_id, name, director, grade, major_id from class where class_id = ? 
2019-08-22 18:34:23,006 DEBUG (BaseJdbcLogger.java:143)- ====> Parameters: 130503201901(String)
2019-08-22 18:34:23,007 DEBUG (BaseJdbcLogger.java:143)- ======>  Preparing: select id, major_id, name, price, department_id from major where major_id = ? 
2019-08-22 18:34:23,007 DEBUG (BaseJdbcLogger.java:143)- ======> Parameters: 130503(String)
2019-08-22 18:34:23,008 DEBUG (BaseJdbcLogger.java:143)- <======      Total: 1
2019-08-22 18:34:23,008 DEBUG (BaseJdbcLogger.java:143)- <====      Total: 1
2019-08-22 18:34:23,008 DEBUG (BaseJdbcLogger.java:143)- ====>  Preparing: select id, name, sex, birthday, phone, ID_number, email, parent_phone, adress, major, state from student_basic where id = ? 
2019-08-22 18:34:23,010 DEBUG (BaseJdbcLogger.java:143)- ====> Parameters: 12579(String)
2019-08-22 18:34:23,011 DEBUG (BaseJdbcLogger.java:143)- <====      Total: 1
2019-08-22 18:34:23,011 DEBUG (BaseJdbcLogger.java:143)- ====>  Preparing: select id, name, sex, birthday, phone, ID_number, email, parent_phone, adress, major, state from student_basic where id = ? 
2019-08-22 18:34:23,011 DEBUG (BaseJdbcLogger.java:143)- ====> Parameters: 12582(String)
2019-08-22 18:34:23,012 DEBUG (BaseJdbcLogger.java:143)- <====      Total: 1
2019-08-22 18:34:23,012 DEBUG (BaseJdbcLogger.java:143)- ====>  Preparing: select id, name, sex, birthday, phone, ID_number, email, parent_phone, adress, major, state from student_basic where id = ? 
2019-08-22 18:34:23,012 DEBUG (BaseJdbcLogger.java:143)- ====> Parameters: 12583(String)
2019-08-22 18:34:23,013 DEBUG (BaseJdbcLogger.java:143)- <====      Total: 1
2019-08-22 18:34:23,013 DEBUG (BaseJdbcLogger.java:143)- ====>  Preparing: select id, name, sex, birthday, phone, ID_number, email, parent_phone, adress, major, state from student_basic where id = ? 
2019-08-22 18:34:23,014 DEBUG (BaseJdbcLogger.java:143)- ====> Parameters: 12584(String)
2019-08-22 18:34:23,015 DEBUG (BaseJdbcLogger.java:143)- <====      Total: 1
2019-08-22 18:34:23,016 DEBUG (BaseJdbcLogger.java:143)- ====>  Preparing: select id, name, sex, birthday, phone, ID_number, email, parent_phone, adress, major, state from student_basic where id = ? 
2019-08-22 18:34:23,016 DEBUG (BaseJdbcLogger.java:143)- ====> Parameters: 12588(String)
2019-08-22 18:34:23,016 DEBUG (BaseJdbcLogger.java:143)- <====      Total: 1
2019-08-22 18:34:23,017 DEBUG (BaseJdbcLogger.java:143)- ====>  Preparing: select id, name, sex, birthday, phone, ID_number, email, parent_phone, adress, major, state from student_basic where id = ? 
2019-08-22 18:34:23,017 DEBUG (BaseJdbcLogger.java:143)- ====> Parameters: 12590(String)
2019-08-22 18:34:23,018 DEBUG (BaseJdbcLogger.java:143)- <====      Total: 1
2019-08-22 18:34:23,019 DEBUG (BaseJdbcLogger.java:143)- ====>  Preparing: select id, name, sex, birthday, phone, ID_number, email, parent_phone, adress, major, state from student_basic where id = ? 
2019-08-22 18:34:23,019 DEBUG (BaseJdbcLogger.java:143)- ====> Parameters: 12591(String)
2019-08-22 18:34:23,020 DEBUG (BaseJdbcLogger.java:143)- <====      Total: 1
2019-08-22 18:34:23,021 DEBUG (BaseJdbcLogger.java:143)- ====>  Preparing: select id, name, sex, birthday, phone, ID_number, email, parent_phone, adress, major, state from student_basic where id = ? 
2019-08-22 18:34:23,022 DEBUG (BaseJdbcLogger.java:143)- ====> Parameters: 12592(String)
2019-08-22 18:34:23,023 DEBUG (BaseJdbcLogger.java:143)- <====      Total: 1
2019-08-22 18:34:23,023 DEBUG (BaseJdbcLogger.java:143)- ====>  Preparing: select id, name, sex, birthday, phone, ID_number, email, parent_phone, adress, major, state from student_basic where id = ? 
2019-08-22 18:34:23,023 DEBUG (BaseJdbcLogger.java:143)- ====> Parameters: 12597(String)
2019-08-22 18:34:23,024 DEBUG (BaseJdbcLogger.java:143)- <====      Total: 1
2019-08-22 18:34:23,024 DEBUG (BaseJdbcLogger.java:143)- ====>  Preparing: select id, name, sex, birthday, phone, ID_number, email, parent_phone, adress, major, state from student_basic where id = ? 
2019-08-22 18:34:23,025 DEBUG (BaseJdbcLogger.java:143)- ====> Parameters: 12599(String)
2019-08-22 18:34:23,025 DEBUG (BaseJdbcLogger.java:143)- <====      Total: 1
2019-08-22 18:34:23,026 DEBUG (BaseJdbcLogger.java:143)- ====>  Preparing: select id, name, sex, birthday, phone, ID_number, email, parent_phone, adress, major, state from student_basic where id = ? 
2019-08-22 18:34:23,026 DEBUG (BaseJdbcLogger.java:143)- ====> Parameters: 12613(String)
2019-08-22 18:34:23,027 DEBUG (BaseJdbcLogger.java:143)- <====      Total: 1
2019-08-22 18:34:23,027 DEBUG (BaseJdbcLogger.java:143)- ====>  Preparing: select id, name, sex, birthday, phone, ID_number, email, parent_phone, adress, major, state from student_basic where id = ? 
2019-08-22 18:34:23,028 DEBUG (BaseJdbcLogger.java:143)- ====> Parameters: 12614(String)
2019-08-22 18:34:23,029 DEBUG (BaseJdbcLogger.java:143)- <====      Total: 1
2019-08-22 18:34:23,029 DEBUG (BaseJdbcLogger.java:143)- ====>  Preparing: select id, name, sex, birthday, phone, ID_number, email, parent_phone, adress, major, state from student_basic where id = ? 
2019-08-22 18:34:23,029 DEBUG (BaseJdbcLogger.java:143)- ====> Parameters: 12616(String)
2019-08-22 18:34:23,030 DEBUG (BaseJdbcLogger.java:143)- <====      Total: 1
2019-08-22 18:34:23,030 DEBUG (BaseJdbcLogger.java:143)- ====>  Preparing: select id, name, sex, birthday, phone, ID_number, email, parent_phone, adress, major, state from student_basic where id = ? 
2019-08-22 18:34:23,031 DEBUG (BaseJdbcLogger.java:143)- ====> Parameters: 12617(String)
2019-08-22 18:34:23,035 DEBUG (BaseJdbcLogger.java:143)- <====      Total: 1
