2019-09-02 12:34:33,942 DEBUG (BaseJdbcLogger.java:143)- ====> Parameters: 18189(String)
2019-09-02 12:34:33,945 DEBUG (BaseJdbcLogger.java:143)- <====      Total: 1
2019-09-02 12:34:33,946 DEBUG (BaseJdbcLogger.java:143)- ====>  Preparing: select id, name, sex, birthday, phone, ID_number, email, parent_phone, adress, major, state from student_basic where id = ? 
2019-09-02 12:34:33,946 DEBUG (BaseJdbcLogger.java:143)- ====> Parameters: 18190(String)
2019-09-02 12:34:33,947 DEBUG (BaseJdbcLogger.java:143)- <====      Total: 1
2019-09-02 12:34:33,948 DEBUG (BaseJdbcLogger.java:143)- ====>  Preparing: select id, name, sex, birthday, phone, ID_number, email, parent_phone, adress, major, state from student_basic where id = ? 
2019-09-02 12:34:33,949 DEBUG (BaseJdbcLogger.java:143)- ====> Parameters: 18194(String)
2019-09-02 12:34:33,952 DEBUG (BaseJdbcLogger.java:143)- <====      Total: 1
2019-09-02 12:34:33,954 DEBUG (BaseJdbcLogger.java:143)- ====>  Preparing: select id, name, sex, birthday, phone, ID_number, email, parent_phone, adress, major, state from student_basic where id = ? 
2019-09-02 12:34:33,957 DEBUG (BaseJdbcLogger.java:143)- ====> Parameters: 18195(String)
2019-09-02 12:34:33,959 DEBUG (BaseJdbcLogger.java:143)- <====      Total: 1
2019-09-02 12:34:33,960 DEBUG (BaseJdbcLogger.java:143)- <==      Total: 18
2019-09-02 12:34:33,961 DEBUG (BaseJdbcLogger.java:143)- ==>  Preparing: select student_status.id,student_status.basic_id, student_status.student_id, student_status.class_id from student_status,student_basic where student_status.basic_id=student_basic.id and student_basic.sex=? and student_status.class_id=? 
2019-09-02 12:34:33,961 DEBUG (BaseJdbcLogger.java:143)- ==> Parameters: 女(String), 081001201901(String)
2019-09-02 12:34:33,963 DEBUG (BaseJdbcLogger.java:143)- ====>  Preparing: select id, name, sex, birthday, phone, ID_number, email, parent_phone, adress, major, state from student_basic where id = ? 
2019-09-02 12:34:33,963 DEBUG (BaseJdbcLogger.java:143)- ====> Parameters: 18157(String)
2019-09-02 12:34:33,965 DEBUG (BaseJdbcLogger.java:143)- <====      Total: 1
2019-09-02 12:34:33,966 DEBUG (BaseJdbcLogger.java:143)- ====>  Preparing: select id, class_id, name, director, grade, major_id from class where class_id = ? 
2019-09-02 12:34:33,967 DEBUG (BaseJdbcLogger.java:143)- ====> Parameters: 081001201901(String)
2019-09-02 12:34:33,969 DEBUG (BaseJdbcLogger.java:143)- ======>  Preparing: select id, major_id, name, price, department_id from major where major_id = ? 
2019-09-02 12:34:33,971 DEBUG (BaseJdbcLogger.java:143)- ======> Parameters: 081001(String)
2019-09-02 12:34:33,976 DEBUG (BaseJdbcLogger.java:143)- <======      Total: 1
2019-09-02 12:34:33,976 DEBUG (BaseJdbcLogger.java:143)- <====      Total: 1
2019-09-02 12:34:33,977 DEBUG (BaseJdbcLogger.java:143)- ====>  Preparing: select id, name, sex, birthday, phone, ID_number, email, parent_phone, adress, major, state from student_basic where id = ? 
2019-09-02 12:34:33,977 DEBUG (BaseJdbcLogger.java:143)- ====> Parameters: 18159(String)
2019-09-02 12:34:33,978 DEBUG (BaseJdbcLogger.java:143)- <====      Total: 1
2019-09-02 12:34:33,979 DEBUG (BaseJdbcLogger.java:143)- ====>  Preparing: select id, name, sex, birthday, phone, ID_number, email, parent_phone, adress, major, state from student_basic where id = ? 
2019-09-02 12:34:33,979 DEBUG (BaseJdbcLogger.java:143)- ====> Parameters: 18160(String)
2019-09-02 12:34:33,980 DEBUG (BaseJdbcLogger.java:143)- <====      Total: 1
2019-09-02 12:34:33,981 DEBUG (BaseJdbcLogger.java:143)- ====>  Preparing: select id, name, sex, birthday, phone, ID_number, email, parent_phone, adress, major, state from student_basic where id = ? 
2019-09-02 12:34:33,982 DEBUG (BaseJdbcLogger.java:143)- ====> Parameters: 18161(String)
2019-09-02 12:34:33,986 DEBUG (BaseJdbcLogger.java:143)- <====      Total: 1
2019-09-02 12:34:33,988 DEBUG (BaseJdbcLogger.java:143)- ====>  Preparing: select id, name, sex, birthday, phone, ID_number, email, parent_phone, adress, major, state from student_basic where id = ? 
2019-09-02 12:34:33,991 DEBUG (BaseJdbcLogger.java:143)- ====> Parameters: 18164(String)
2019-09-02 12:34:33,992 DEBUG (BaseJdbcLogger.java:143)- <====      Total: 1
2019-09-02 12:34:33,992 DEBUG (BaseJdbcLogger.java:143)- ====>  Preparing: select id, name, sex, birthday, phone, ID_number, email, parent_phone, adress, major, state from student_basic where id = ? 
2019-09-02 12:34:33,993 DEBUG (BaseJdbcLogger.java:143)- ====> Parameters: 18166(String)
2019-09-02 12:34:33,994 DEBUG (BaseJdbcLogger.java:143)- <====      Total: 1
2019-09-02 12:34:33,994 DEBUG (BaseJdbcLogger.java:143)- ====>  Preparing: select id, name, sex, birthday, phone, ID_number, email, parent_phone, adress, major, state from student_basic where id = ? 
2019-09-02 12:34:33,995 DEBUG (BaseJdbcLogger.java:143)- ====> Parameters: 18171(String)
2019-09-02 12:34:33,996 DEBUG (BaseJdbcLogger.java:143)- <====      Total: 1
2019-09-02 12:34:33,997 DEBUG (BaseJdbcLogger.java:143)- ====>  Preparing: select id, name, sex, birthday, phone, ID_number, email, parent_phone, adress, major, state from student_basic where id = ? 
2019-09-02 12:34:33,998 DEBUG (BaseJdbcLogger.java:143)- ====> Parameters: 18172(String)
2019-09-02 12:34:34,000 DEBUG (BaseJdbcLogger.java:143)- <====      Total: 1
2019-09-02 12:34:34,001 DEBUG (BaseJdbcLogger.java:143)- ====>  Preparing: select id, name, sex, birthday, phone, ID_number, email, parent_phone, adress, major, state from student_basic where id = ? 
2019-09-02 12:34:34,003 DEBUG (BaseJdbcLogger.java:143)- ====> Parameters: 18173(String)
2019-09-02 12:34:34,005 DEBUG (BaseJdbcLogger.java:143)- <====      Total: 1
2019-09-02 12:34:34,007 DEBUG (BaseJdbcLogger.java:143)- ====>  Preparing: select id, name, sex, birthday, phone, ID_number, email, parent_phone, adress, major, state from student_basic where id = ? 
2019-09-02 12:34:34,008 DEBUG (BaseJdbcLogger.java:143)- ====> Parameters: 18177(String)
2019-09-02 12:34:34,009 DEBUG (BaseJdbcLogger.java:143)- <====      Total: 1
2019-09-02 12:34:34,009 DEBUG (BaseJdbcLogger.java:143)- ====>  Preparing: select id, name, sex, birthday, phone, ID_number, email, parent_phone, adress, major, state from student_basic where id = ? 
2019-09-02 12:34:34,009 DEBUG (BaseJdbcLogger.java:143)- ====> Parameters: 18180(String)
2019-09-02 12:34:34,010 DEBUG (BaseJdbcLogger.java:143)- <====      Total: 1
2019-09-02 12:34:34,010 DEBUG (BaseJdbcLogger.java:143)- ====>  Preparing: select id, name, sex, birthday, phone, ID_number, email, parent_phone, adress, major, state from student_basic where id = ? 
2019-09-02 12:34:34,011 DEBUG (BaseJdbcLogger.java:143)- ====> Parameters: 18181(String)
2019-09-02 12:34:34,012 DEBUG (BaseJdbcLogger.java:143)- <====      Total: 1
2019-09-02 12:34:34,013 DEBUG (BaseJdbcLogger.java:143)- ====>  Preparing: select id, name, sex, birthday, phone, ID_number, email, parent_phone, adress, major, state from student_basic where id = ? 
2019-09-02 12:34:34,013 DEBUG (BaseJdbcLogger.java:143)- ====> Parameters: 18182(String)
2019-09-02 12:34:34,015 DEBUG (BaseJdbcLogger.java:143)- <====      Total: 1
2019-09-02 12:34:34,017 DEBUG (BaseJdbcLogger.java:143)- ====>  Preparing: select id, name, sex, birthday, phone, ID_number, email, parent_phone, adress, major, state from student_basic where id = ? 
2019-09-02 12:34:34,018 DEBUG (BaseJdbcLogger.java:143)- ====> Parameters: 18183(String)
2019-09-02 12:34:34,022 DEBUG (BaseJdbcLogger.java:143)- <====      Total: 1
2019-09-02 12:34:34,025 DEBUG (BaseJdbcLogger.java:143)- ====>  Preparing: select id, name, sex, birthday, phone, ID_number, email, parent_phone, adress, major, state from student_basic where id = ? 
2019-09-02 12:34:34,026 DEBUG (BaseJdbcLogger.java:143)- ====> Parameters: 18184(String)
