2019-09-04 03:59:29,131 DEBUG (BaseJdbcLogger.java:143)- ==> Parameters: 男(String), 081001201901(String)
2019-09-04 03:59:29,135 DEBUG (BaseJdbcLogger.java:143)- ====>  Preparing: select id, name, sex, birthday, phone, ID_number, email, parent_phone, adress, major, state from student_basic where id = ? 
2019-09-04 03:59:29,135 DEBUG (BaseJdbcLogger.java:143)- ====> Parameters: 19158(String)
2019-09-04 03:59:29,136 DEBUG (BaseJdbcLogger.java:143)- <====      Total: 1
2019-09-04 03:59:29,137 DEBUG (BaseJdbcLogger.java:143)- ====>  Preparing: select id, class_id, name, director, grade, major_id from class where class_id = ? 
2019-09-04 03:59:29,137 DEBUG (BaseJdbcLogger.java:143)- ====> Parameters: 081001201901(String)
2019-09-04 03:59:29,139 DEBUG (BaseJdbcLogger.java:143)- ======>  Preparing: select id, major_id, name, price, department_id from major where major_id = ? 
2019-09-04 03:59:29,139 DEBUG (BaseJdbcLogger.java:143)- ======> Parameters: 081001(String)
2019-09-04 03:59:29,141 DEBUG (BaseJdbcLogger.java:143)- <======      Total: 1
2019-09-04 03:59:29,141 DEBUG (BaseJdbcLogger.java:143)- <====      Total: 1
2019-09-04 03:59:29,142 DEBUG (BaseJdbcLogger.java:143)- ====>  Preparing: select id, name, sex, birthday, phone, ID_number, email, parent_phone, adress, major, state from student_basic where id = ? 
2019-09-04 03:59:29,142 DEBUG (BaseJdbcLogger.java:143)- ====> Parameters: 19162(String)
2019-09-04 03:59:29,143 DEBUG (BaseJdbcLogger.java:143)- <====      Total: 1
2019-09-04 03:59:29,144 DEBUG (BaseJdbcLogger.java:143)- ====>  Preparing: select id, name, sex, birthday, phone, ID_number, email, parent_phone, adress, major, state from student_basic where id = ? 
2019-09-04 03:59:29,145 DEBUG (BaseJdbcLogger.java:143)- ====> Parameters: 19163(String)
2019-09-04 03:59:29,146 DEBUG (BaseJdbcLogger.java:143)- <====      Total: 1
2019-09-04 03:59:29,147 DEBUG (BaseJdbcLogger.java:143)- ====>  Preparing: select id, name, sex, birthday, phone, ID_number, email, parent_phone, adress, major, state from student_basic where id = ? 
2019-09-04 03:59:29,148 DEBUG (BaseJdbcLogger.java:143)- ====> Parameters: 19165(String)
2019-09-04 03:59:29,149 DEBUG (BaseJdbcLogger.java:143)- <====      Total: 1
2019-09-04 03:59:29,149 DEBUG (BaseJdbcLogger.java:143)- ====>  Preparing: select id, name, sex, birthday, phone, ID_number, email, parent_phone, adress, major, state from student_basic where id = ? 
2019-09-04 03:59:29,150 DEBUG (BaseJdbcLogger.java:143)- ====> Parameters: 19167(String)
2019-09-04 03:59:29,151 DEBUG (BaseJdbcLogger.java:143)- <====      Total: 1
2019-09-04 03:59:29,151 DEBUG (BaseJdbcLogger.java:143)- ====>  Preparing: select id, name, sex, birthday, phone, ID_number, email, parent_phone, adress, major, state from student_basic where id = ? 
2019-09-04 03:59:29,152 DEBUG (BaseJdbcLogger.java:143)- ====> Parameters: 19168(String)
2019-09-04 03:59:29,153 DEBUG (BaseJdbcLogger.java:143)- <====      Total: 1
2019-09-04 03:59:29,153 DEBUG (BaseJdbcLogger.java:143)- ====>  Preparing: select id, name, sex, birthday, phone, ID_number, email, parent_phone, adress, major, state from student_basic where id = ? 
2019-09-04 03:59:29,155 DEBUG (BaseJdbcLogger.java:143)- ====> Parameters: 19169(String)
2019-09-04 03:59:29,157 DEBUG (BaseJdbcLogger.java:143)- <====      Total: 1
2019-09-04 03:59:29,158 DEBUG (BaseJdbcLogger.java:143)- ==>  Preparing: select DISTINCT dormitory.floor from dormitory where dormitory.dong=? 
2019-09-04 03:59:29,158 DEBUG (BaseJdbcLogger.java:143)- ====>  Preparing: select id, name, sex, birthday, phone, ID_number, email, parent_phone, adress, major, state from student_basic where id = ? 
2019-09-04 03:59:29,158 DEBUG (BaseJdbcLogger.java:143)- ==> Parameters: 1A(String)
2019-09-04 03:59:29,158 DEBUG (BaseJdbcLogger.java:143)- ====> Parameters: 19170(String)
2019-09-04 03:59:29,160 DEBUG (BaseJdbcLogger.java:143)- <==      Total: 6
2019-09-04 03:59:29,160 DEBUG (BaseJdbcLogger.java:143)- <====      Total: 1
2019-09-04 03:59:29,160 DEBUG (BaseJdbcLogger.java:143)- ====>  Preparing: select id, name, sex, birthday, phone, ID_number, email, parent_phone, adress, major, state from student_basic where id = ? 
2019-09-04 03:59:29,161 DEBUG (BaseJdbcLogger.java:143)- ====> Parameters: 19174(String)
2019-09-04 03:59:29,162 DEBUG (BaseJdbcLogger.java:143)- <====      Total: 1
2019-09-04 03:59:29,163 DEBUG (BaseJdbcLogger.java:143)- ====>  Preparing: select id, name, sex, birthday, phone, ID_number, email, parent_phone, adress, major, state from student_basic where id = ? 
2019-09-04 03:59:29,163 DEBUG (BaseJdbcLogger.java:143)- ====> Parameters: 19175(String)
2019-09-04 03:59:29,164 DEBUG (BaseJdbcLogger.java:143)- <====      Total: 1
2019-09-04 03:59:29,165 DEBUG (BaseJdbcLogger.java:143)- ====>  Preparing: select id, name, sex, birthday, phone, ID_number, email, parent_phone, adress, major, state from student_basic where id = ? 
2019-09-04 03:59:29,165 DEBUG (BaseJdbcLogger.java:143)- ====> Parameters: 19176(String)
2019-09-04 03:59:29,166 DEBUG (BaseJdbcLogger.java:143)- <====      Total: 1
2019-09-04 03:59:29,167 DEBUG (BaseJdbcLogger.java:143)- ====>  Preparing: select id, name, sex, birthday, phone, ID_number, email, parent_phone, adress, major, state from student_basic where id = ? 
2019-09-04 03:59:29,167 DEBUG (BaseJdbcLogger.java:143)- ====> Parameters: 19178(String)
2019-09-04 03:59:29,167 DEBUG (BaseJdbcLogger.java:143)- <====      Total: 1
2019-09-04 03:59:29,169 DEBUG (BaseJdbcLogger.java:143)- ====>  Preparing: select id, name, sex, birthday, phone, ID_number, email, parent_phone, adress, major, state from student_basic where id = ? 
2019-09-04 03:59:29,170 DEBUG (BaseJdbcLogger.java:143)- ====> Parameters: 19179(String)
2019-09-04 03:59:29,170 DEBUG (BaseJdbcLogger.java:143)- <====      Total: 1
2019-09-04 03:59:29,172 DEBUG (BaseJdbcLogger.java:143)- ====>  Preparing: select id, name, sex, birthday, phone, ID_number, email, parent_phone, adress, major, state from student_basic where id = ? 
2019-09-04 03:59:29,173 DEBUG (BaseJdbcLogger.java:143)- ====> Parameters: 19185(String)
2019-09-04 03:59:29,174 DEBUG (BaseJdbcLogger.java:143)- <====      Total: 1
2019-09-04 03:59:29,175 DEBUG (BaseJdbcLogger.java:143)- ====>  Preparing: select id, name, sex, birthday, phone, ID_number, email, parent_phone, adress, major, state from student_basic where id = ? 
2019-09-04 03:59:29,175 DEBUG (BaseJdbcLogger.java:143)- ====> Parameters: 19189(String)
2019-09-04 03:59:29,175 DEBUG (BaseJdbcLogger.java:143)- <====      Total: 1
2019-09-04 03:59:29,176 DEBUG (BaseJdbcLogger.java:143)- ====>  Preparing: select id, name, sex, birthday, phone, ID_number, email, parent_phone, adress, major, state from student_basic where id = ? 
2019-09-04 03:59:29,177 DEBUG (BaseJdbcLogger.java:143)- ====> Parameters: 19190(String)
2019-09-04 03:59:29,177 DEBUG (BaseJdbcLogger.java:143)- <====      Total: 1
2019-09-04 03:59:29,177 DEBUG (BaseJdbcLogger.java:143)- ====>  Preparing: select id, name, sex, birthday, phone, ID_number, email, parent_phone, adress, major, state from student_basic where id = ? 
2019-09-04 03:59:29,178 DEBUG (BaseJdbcLogger.java:143)- ====> Parameters: 19194(String)
2019-09-04 03:59:29,178 DEBUG (BaseJdbcLogger.java:143)- <====      Total: 1
2019-09-04 03:59:29,179 DEBUG (BaseJdbcLogger.java:143)- ====>  Preparing: select id, name, sex, birthday, phone, ID_number, email, parent_phone, adress, major, state from student_basic where id = ? 
2019-09-04 03:59:29,179 DEBUG (BaseJdbcLogger.java:143)- ====> Parameters: 19195(String)
2019-09-04 03:59:29,180 DEBUG (BaseJdbcLogger.java:143)- <====      Total: 1
2019-09-04 03:59:29,180 DEBUG (BaseJdbcLogger.java:143)- <==      Total: 18
2019-09-04 03:59:29,180 DEBUG (BaseJdbcLogger.java:143)- ==>  Preparing: select dormitory_allocation.id, dormitory_allocation.class_id, dormitory_allocation.dormitory_id,dormitory_allocation.number from dormitory_allocation,dormitory WHERE dormitory_allocation.dormitory_id=dormitory.id and dormitory.sex=? and class_id = ? 
2019-09-04 03:59:29,181 DEBUG (BaseJdbcLogger.java:143)- ==> Parameters: 男(String), 081001201901(String)
2019-09-04 03:59:29,182 DEBUG (BaseJdbcLogger.java:143)- ====>  Preparing: select id, dong, floor, room, sex, number, rent,hasnumber from dormitory where id = ? 
2019-09-04 03:59:29,183 DEBUG (BaseJdbcLogger.java:143)- ====> Parameters: 1(Integer)
2019-09-04 03:59:29,184 DEBUG (BaseJdbcLogger.java:143)- <====      Total: 1
2019-09-04 03:59:29,185 DEBUG (BaseJdbcLogger.java:143)- ====>  Preparing: select id, dong, floor, room, sex, number, rent,hasnumber from dormitory where id = ? 
2019-09-04 03:59:29,186 DEBUG (BaseJdbcLogger.java:143)- ====> Parameters: 2(Integer)
2019-09-04 03:59:29,188 DEBUG (BaseJdbcLogger.java:143)- <====      Total: 1
2019-09-04 03:59:29,188 DEBUG (BaseJdbcLogger.java:143)- ====>  Preparing: select id, dong, floor, room, sex, number, rent,hasnumber from dormitory where id = ? 
2019-09-04 03:59:29,190 DEBUG (BaseJdbcLogger.java:143)- ====> Parameters: 3(Integer)
2019-09-04 03:59:29,190 DEBUG (BaseJdbcLogger.java:143)- <====      Total: 1
2019-09-04 03:59:29,192 DEBUG (BaseJdbcLogger.java:143)- ====>  Preparing: select id, dong, floor, room, sex, number, rent,hasnumber from dormitory where id = ? 
2019-09-04 03:59:29,192 DEBUG (BaseJdbcLogger.java:143)- ====> Parameters: 4(Integer)
2019-09-04 03:59:29,192 DEBUG (BaseJdbcLogger.java:143)- <====      Total: 1
2019-09-04 03:59:29,192 DEBUG (BaseJdbcLogger.java:143)- <==      Total: 4
2019-09-04 03:59:29,192 DEBUG (BaseJdbcLogger.java:143)- ==>  Preparing: select student_status.id,student_status.basic_id, student_status.student_id, student_status.class_id from student_status,student_basic where student_status.basic_id=student_basic.id and student_basic.sex=? and student_status.class_id=? 
2019-09-04 03:59:29,193 DEBUG (BaseJdbcLogger.java:143)- ==> Parameters: 男(String), 081001201902(String)
2019-09-04 03:59:29,194 DEBUG (BaseJdbcLogger.java:143)- ==>  Preparing: select dormitory.id, dormitory.dong, dormitory.floor, dormitory.room, dormitory.sex, dormitory.number, dormitory.rent, dormitory.hasnumber from dormitory LEFT JOIN dormitory_allocation on dormitory_allocation.dormitory_id = dormitory.id LEFT JOIN class on dormitory_allocation.class_id=class.class_id LEFT JOIN major on class.major_id=major.major_id WHERE dong = ? and floor = ? group by dormitory.dong,dormitory.floor,dormitory.room 
2019-09-04 03:59:29,195 DEBUG (BaseJdbcLogger.java:143)- ==> Parameters: 1A(String), 1(Integer)
2019-09-04 03:59:29,194 DEBUG (BaseJdbcLogger.java:143)- ====>  Preparing: select id, name, sex, birthday, phone, ID_number, email, parent_phone, adress, major, state from student_basic where id = ? 
2019-09-04 03:59:29,195 DEBUG (BaseJdbcLogger.java:143)- ====> Parameters: 19200(String)
2019-09-04 03:59:29,195 DEBUG (BaseJdbcLogger.java:143)- <====      Total: 1
2019-09-04 03:59:29,195 DEBUG (BaseJdbcLogger.java:143)- ====>  Preparing: select id, class_id, name, director, grade, major_id from class where class_id = ? 
2019-09-04 03:59:29,196 DEBUG (BaseJdbcLogger.java:143)- ====> Parameters: 081001201902(String)
2019-09-04 03:59:29,197 DEBUG (BaseJdbcLogger.java:143)- ======>  Preparing: select id, major_id, name, price, department_id from major where major_id = ? 
2019-09-04 03:59:29,197 DEBUG (BaseJdbcLogger.java:143)- ======> Parameters: 081001(String)
2019-09-04 03:59:29,198 DEBUG (BaseJdbcLogger.java:143)- <======      Total: 1
2019-09-04 03:59:29,198 DEBUG (BaseJdbcLogger.java:143)- <====      Total: 1
2019-09-04 03:59:29,199 DEBUG (BaseJdbcLogger.java:143)- ====>  Preparing: select id, name, sex, birthday, phone, ID_number, email, parent_phone, adress, major, state from student_basic where id = ? 
2019-09-04 03:59:29,199 DEBUG (BaseJdbcLogger.java:143)- ====> Parameters: 19204(String)
2019-09-04 03:59:29,199 DEBUG (BaseJdbcLogger.java:143)- <====      Total: 1
2019-09-04 03:59:29,199 DEBUG (BaseJdbcLogger.java:143)- <==      Total: 50
2019-09-04 03:59:29,200 DEBUG (BaseJdbcLogger.java:143)- ====>  Preparing: select id, name, sex, birthday, phone, ID_number, email, parent_phone, adress, major, state from student_basic where id = ? 
2019-09-04 03:59:29,200 DEBUG (BaseJdbcLogger.java:143)- ====> Parameters: 19207(String)
2019-09-04 03:59:29,202 DEBUG (BaseJdbcLogger.java:143)- <====      Total: 1
2019-09-04 03:59:29,202 DEBUG (BaseJdbcLogger.java:143)- ====>  Preparing: select id, name, sex, birthday, phone, ID_number, email, parent_phone, adress, major, state from student_basic where id = ? 
2019-09-04 03:59:29,202 DEBUG (BaseJdbcLogger.java:143)- ====> Parameters: 19208(String)
2019-09-04 03:59:29,204 DEBUG (BaseJdbcLogger.java:143)- <====      Total: 1
2019-09-04 03:59:29,204 DEBUG (BaseJdbcLogger.java:143)- ====>  Preparing: select id, name, sex, birthday, phone, ID_number, email, parent_phone, adress, major, state from student_basic where id = ? 
2019-09-04 03:59:29,205 DEBUG (BaseJdbcLogger.java:143)- ====> Parameters: 19212(String)
2019-09-04 03:59:29,206 DEBUG (BaseJdbcLogger.java:143)- <====      Total: 1
2019-09-04 03:59:29,208 DEBUG (BaseJdbcLogger.java:143)- ====>  Preparing: select id, name, sex, birthday, phone, ID_number, email, parent_phone, adress, major, state from student_basic where id = ? 
2019-09-04 03:59:29,208 DEBUG (BaseJdbcLogger.java:143)- ====> Parameters: 19215(String)
2019-09-04 03:59:29,208 DEBUG (BaseJdbcLogger.java:143)- <====      Total: 1
2019-09-04 03:59:29,210 DEBUG (BaseJdbcLogger.java:143)- ====>  Preparing: select id, name, sex, birthday, phone, ID_number, email, parent_phone, adress, major, state from student_basic where id = ? 
2019-09-04 03:59:29,210 DEBUG (BaseJdbcLogger.java:143)- ====> Parameters: 19216(String)
2019-09-04 03:59:29,211 DEBUG (BaseJdbcLogger.java:143)- <====      Total: 1
2019-09-04 03:59:29,211 DEBUG (BaseJdbcLogger.java:143)- ====>  Preparing: select id, name, sex, birthday, phone, ID_number, email, parent_phone, adress, major, state from student_basic where id = ? 
2019-09-04 03:59:29,211 DEBUG (BaseJdbcLogger.java:143)- ====> Parameters: 19217(String)
2019-09-04 03:59:29,212 DEBUG (BaseJdbcLogger.java:143)- <====      Total: 1
2019-09-04 03:59:29,213 DEBUG (BaseJdbcLogger.java:143)- ====>  Preparing: select id, name, sex, birthday, phone, ID_number, email, parent_phone, adress, major, state from student_basic where id = ? 
2019-09-04 03:59:29,213 DEBUG (BaseJdbcLogger.java:143)- ====> Parameters: 19219(String)
2019-09-04 03:59:29,214 DEBUG (BaseJdbcLogger.java:143)- <====      Total: 1
2019-09-04 03:59:29,216 DEBUG (BaseJdbcLogger.java:143)- ====>  Preparing: select id, name, sex, birthday, phone, ID_number, email, parent_phone, adress, major, state from student_basic where id = ? 
2019-09-04 03:59:29,217 DEBUG (BaseJdbcLogger.java:143)- ====> Parameters: 19222(String)
2019-09-04 03:59:29,217 DEBUG (BaseJdbcLogger.java:143)- <====      Total: 1
2019-09-04 03:59:29,218 DEBUG (BaseJdbcLogger.java:143)- ====>  Preparing: select id, name, sex, birthday, phone, ID_number, email, parent_phone, adress, major, state from student_basic where id = ? 
2019-09-04 03:59:29,219 DEBUG (BaseJdbcLogger.java:143)- ====> Parameters: 19223(String)
2019-09-04 03:59:29,220 DEBUG (BaseJdbcLogger.java:143)- <====      Total: 1
2019-09-04 03:59:29,221 DEBUG (BaseJdbcLogger.java:143)- ====>  Preparing: select id, name, sex, birthday, phone, ID_number, email, parent_phone, adress, major, state from student_basic where id = ? 
2019-09-04 03:59:29,223 DEBUG (BaseJdbcLogger.java:143)- ====> Parameters: 19226(String)
2019-09-04 03:59:29,223 DEBUG (BaseJdbcLogger.java:143)- <====      Total: 1
2019-09-04 03:59:29,225 DEBUG (BaseJdbcLogger.java:143)- ====>  Preparing: select id, name, sex, birthday, phone, ID_number, email, parent_phone, adress, major, state from student_basic where id = ? 
