2019-10-26 11:39:19,922 DEBUG (BaseJdbcLogger.java:143)- ====> Parameters: 28034(String)
2019-10-26 11:39:19,924 DEBUG (BaseJdbcLogger.java:143)- <====      Total: 1
2019-10-26 11:39:19,925 DEBUG (BaseJdbcLogger.java:143)- ====>  Preparing: select id, name, sex, birthday, phone, ID_number, email, parent_phone, adress, major, state from student_basic where id = ? 
2019-10-26 11:39:19,926 DEBUG (BaseJdbcLogger.java:143)- ====> Parameters: 28035(String)
2019-10-26 11:39:19,926 DEBUG (BaseJdbcLogger.java:143)- <====      Total: 1
2019-10-26 11:39:19,927 DEBUG (BaseJdbcLogger.java:143)- ====>  Preparing: select id, name, sex, birthday, phone, ID_number, email, parent_phone, adress, major, state from student_basic where id = ? 
2019-10-26 11:39:19,928 DEBUG (BaseJdbcLogger.java:143)- ====> Parameters: 28041(String)
2019-10-26 11:39:19,929 DEBUG (BaseJdbcLogger.java:143)- <====      Total: 1
2019-10-26 11:39:19,930 DEBUG (BaseJdbcLogger.java:143)- ====>  Preparing: select id, name, sex, birthday, phone, ID_number, email, parent_phone, adress, major, state from student_basic where id = ? 
2019-10-26 11:39:19,931 DEBUG (BaseJdbcLogger.java:143)- ====> Parameters: 28045(String)
2019-10-26 11:39:19,934 DEBUG (BaseJdbcLogger.java:143)- <====      Total: 1
2019-10-26 11:39:19,934 DEBUG (BaseJdbcLogger.java:143)- ====>  Preparing: select id, name, sex, birthday, phone, ID_number, email, parent_phone, adress, major, state from student_basic where id = ? 
2019-10-26 11:39:19,935 DEBUG (BaseJdbcLogger.java:143)- ====> Parameters: 28046(String)
2019-10-26 11:39:19,935 DEBUG (BaseJdbcLogger.java:143)- <====      Total: 1
2019-10-26 11:39:19,936 DEBUG (BaseJdbcLogger.java:143)- ====>  Preparing: select id, name, sex, birthday, phone, ID_number, email, parent_phone, adress, major, state from student_basic where id = ? 
2019-10-26 11:39:19,936 DEBUG (BaseJdbcLogger.java:143)- ====> Parameters: 28050(String)
2019-10-26 11:39:19,937 DEBUG (BaseJdbcLogger.java:143)- <====      Total: 1
2019-10-26 11:39:19,938 DEBUG (BaseJdbcLogger.java:143)- ====>  Preparing: select id, name, sex, birthday, phone, ID_number, email, parent_phone, adress, major, state from student_basic where id = ? 
2019-10-26 11:39:19,938 DEBUG (BaseJdbcLogger.java:143)- ====> Parameters: 28051(String)
2019-10-26 11:39:19,939 DEBUG (BaseJdbcLogger.java:143)- <====      Total: 1
2019-10-26 11:39:19,940 DEBUG (BaseJdbcLogger.java:143)- <==      Total: 18
2019-10-26 11:39:19,940 DEBUG (BaseJdbcLogger.java:143)- ==>  Preparing: select dormitory_allocation.id, dormitory_allocation.class_id, dormitory_allocation.dormitory_id,dormitory_allocation.number from dormitory_allocation,dormitory WHERE dormitory_allocation.dormitory_id=dormitory.id and dormitory.sex=? and class_id = ? 
2019-10-26 11:39:19,941 DEBUG (BaseJdbcLogger.java:143)- ==> Parameters: 男(String), 081001201901(String)
2019-10-26 11:39:19,943 DEBUG (BaseJdbcLogger.java:143)- <==      Total: 0
2019-10-26 11:39:19,944 DEBUG (BaseJdbcLogger.java:143)- ==>  Preparing: select student_status.id,student_status.basic_id, student_status.student_id, student_status.class_id from student_status,student_basic where student_status.basic_id=student_basic.id and student_basic.sex=? and student_status.class_id=? 
2019-10-26 11:39:19,945 DEBUG (BaseJdbcLogger.java:143)- ==> Parameters: 男(String), 081001201902(String)
2019-10-26 11:39:19,947 DEBUG (BaseJdbcLogger.java:143)- ====>  Preparing: select id, name, sex, birthday, phone, ID_number, email, parent_phone, adress, major, state from student_basic where id = ? 
2019-10-26 11:39:19,949 DEBUG (BaseJdbcLogger.java:143)- ====> Parameters: 28056(String)
2019-10-26 11:39:19,949 DEBUG (BaseJdbcLogger.java:143)- <====      Total: 1
2019-10-26 11:39:19,950 DEBUG (BaseJdbcLogger.java:143)- ====>  Preparing: select id, class_id, name, director, grade, major_id from class WHERE class_id = ? 
2019-10-26 11:39:19,950 DEBUG (BaseJdbcLogger.java:143)- ====> Parameters: 081001201902(String)
2019-10-26 11:39:19,952 DEBUG (BaseJdbcLogger.java:143)- ======>  Preparing: select id, major_id, name, price, department_id from major where major_id = ? 
2019-10-26 11:39:19,952 DEBUG (BaseJdbcLogger.java:143)- ======> Parameters: 081001(String)
2019-10-26 11:39:19,953 DEBUG (BaseJdbcLogger.java:143)- <======      Total: 1
2019-10-26 11:39:19,954 DEBUG (BaseJdbcLogger.java:143)- <====      Total: 1
2019-10-26 11:39:19,954 DEBUG (BaseJdbcLogger.java:143)- ====>  Preparing: select id, name, sex, birthday, phone, ID_number, email, parent_phone, adress, major, state from student_basic where id = ? 
2019-10-26 11:39:19,954 DEBUG (BaseJdbcLogger.java:143)- ====> Parameters: 28060(String)
2019-10-26 11:39:19,955 DEBUG (BaseJdbcLogger.java:143)- <====      Total: 1
2019-10-26 11:39:19,956 DEBUG (BaseJdbcLogger.java:143)- ====>  Preparing: select id, name, sex, birthday, phone, ID_number, email, parent_phone, adress, major, state from student_basic where id = ? 
2019-10-26 11:39:19,957 DEBUG (BaseJdbcLogger.java:143)- ====> Parameters: 28063(String)
2019-10-26 11:39:19,958 DEBUG (BaseJdbcLogger.java:143)- <====      Total: 1
2019-10-26 11:39:19,958 DEBUG (BaseJdbcLogger.java:143)- ====>  Preparing: select id, name, sex, birthday, phone, ID_number, email, parent_phone, adress, major, state from student_basic where id = ? 
2019-10-26 11:39:19,959 DEBUG (BaseJdbcLogger.java:143)- ====> Parameters: 28064(String)
2019-10-26 11:39:19,960 DEBUG (BaseJdbcLogger.java:143)- <====      Total: 1
2019-10-26 11:39:19,960 DEBUG (BaseJdbcLogger.java:143)- ====>  Preparing: select id, name, sex, birthday, phone, ID_number, email, parent_phone, adress, major, state from student_basic where id = ? 
2019-10-26 11:39:19,961 DEBUG (BaseJdbcLogger.java:143)- ====> Parameters: 28068(String)
2019-10-26 11:39:19,962 DEBUG (BaseJdbcLogger.java:143)- <====      Total: 1
2019-10-26 11:39:19,963 DEBUG (BaseJdbcLogger.java:143)- ====>  Preparing: select id, name, sex, birthday, phone, ID_number, email, parent_phone, adress, major, state from student_basic where id = ? 
2019-10-26 11:39:19,964 DEBUG (BaseJdbcLogger.java:143)- ====> Parameters: 28071(String)
2019-10-26 11:39:19,965 DEBUG (BaseJdbcLogger.java:143)- <====      Total: 1
2019-10-26 11:39:19,966 DEBUG (BaseJdbcLogger.java:143)- ====>  Preparing: select id, name, sex, birthday, phone, ID_number, email, parent_phone, adress, major, state from student_basic where id = ? 
2019-10-26 11:39:19,967 DEBUG (BaseJdbcLogger.java:143)- ====> Parameters: 28072(String)
2019-10-26 11:39:19,968 DEBUG (BaseJdbcLogger.java:143)- <====      Total: 1
2019-10-26 11:39:19,968 DEBUG (BaseJdbcLogger.java:143)- ====>  Preparing: select id, name, sex, birthday, phone, ID_number, email, parent_phone, adress, major, state from student_basic where id = ? 
2019-10-26 11:39:19,969 DEBUG (BaseJdbcLogger.java:143)- ====> Parameters: 28073(String)
2019-10-26 11:39:19,970 DEBUG (BaseJdbcLogger.java:143)- <====      Total: 1
2019-10-26 11:39:19,970 DEBUG (BaseJdbcLogger.java:143)- ====>  Preparing: select id, name, sex, birthday, phone, ID_number, email, parent_phone, adress, major, state from student_basic where id = ? 
2019-10-26 11:39:19,971 DEBUG (BaseJdbcLogger.java:143)- ====> Parameters: 28075(String)
2019-10-26 11:39:19,972 DEBUG (BaseJdbcLogger.java:143)- <====      Total: 1
2019-10-26 11:39:19,972 DEBUG (BaseJdbcLogger.java:143)- ====>  Preparing: select id, name, sex, birthday, phone, ID_number, email, parent_phone, adress, major, state from student_basic where id = ? 
2019-10-26 11:39:19,973 DEBUG (BaseJdbcLogger.java:143)- ====> Parameters: 28078(String)
2019-10-26 11:39:19,973 DEBUG (BaseJdbcLogger.java:143)- <====      Total: 1
2019-10-26 11:39:19,974 DEBUG (BaseJdbcLogger.java:143)- ====>  Preparing: select id, name, sex, birthday, phone, ID_number, email, parent_phone, adress, major, state from student_basic where id = ? 
2019-10-26 11:39:19,974 DEBUG (BaseJdbcLogger.java:143)- ====> Parameters: 28079(String)
2019-10-26 11:39:19,975 DEBUG (BaseJdbcLogger.java:143)- <====      Total: 1
2019-10-26 11:39:19,976 DEBUG (BaseJdbcLogger.java:143)- ====>  Preparing: select id, name, sex, birthday, phone, ID_number, email, parent_phone, adress, major, state from student_basic where id = ? 
2019-10-26 11:39:19,976 DEBUG (BaseJdbcLogger.java:143)- ====> Parameters: 28082(String)
2019-10-26 11:39:19,977 DEBUG (BaseJdbcLogger.java:143)- <====      Total: 1
2019-10-26 11:39:19,978 DEBUG (BaseJdbcLogger.java:143)- ====>  Preparing: select id, name, sex, birthday, phone, ID_number, email, parent_phone, adress, major, state from student_basic where id = ? 
2019-10-26 11:39:19,978 DEBUG (BaseJdbcLogger.java:143)- ====> Parameters: 28083(String)
2019-10-26 11:39:19,979 DEBUG (BaseJdbcLogger.java:143)- <====      Total: 1
2019-10-26 11:39:19,980 DEBUG (BaseJdbcLogger.java:143)- ====>  Preparing: select id, name, sex, birthday, phone, ID_number, email, parent_phone, adress, major, state from student_basic where id = ? 
2019-10-26 11:39:19,981 DEBUG (BaseJdbcLogger.java:143)- ====> Parameters: 28084(String)
2019-10-26 11:39:19,982 DEBUG (BaseJdbcLogger.java:143)- <====      Total: 1
2019-10-26 11:39:19,983 DEBUG (BaseJdbcLogger.java:143)- ====>  Preparing: select id, name, sex, birthday, phone, ID_number, email, parent_phone, adress, major, state from student_basic where id = ? 
2019-10-26 11:39:19,983 DEBUG (BaseJdbcLogger.java:143)- ====> Parameters: 28085(String)
2019-10-26 11:39:19,984 DEBUG (BaseJdbcLogger.java:143)- <====      Total: 1
2019-10-26 11:39:19,984 DEBUG (BaseJdbcLogger.java:143)- ====>  Preparing: select id, name, sex, birthday, phone, ID_number, email, parent_phone, adress, major, state from student_basic where id = ? 
2019-10-26 11:39:19,985 DEBUG (BaseJdbcLogger.java:143)- ====> Parameters: 28086(String)
2019-10-26 11:39:19,985 DEBUG (BaseJdbcLogger.java:143)- <====      Total: 1
2019-10-26 11:39:19,986 DEBUG (BaseJdbcLogger.java:143)- ====>  Preparing: select id, name, sex, birthday, phone, ID_number, email, parent_phone, adress, major, state from student_basic where id = ? 
2019-10-26 11:39:19,986 DEBUG (BaseJdbcLogger.java:143)- ====> Parameters: 28087(String)
2019-10-26 11:39:19,987 DEBUG (BaseJdbcLogger.java:143)- <====      Total: 1
2019-10-26 11:39:19,987 DEBUG (BaseJdbcLogger.java:143)- <==      Total: 17
2019-10-26 11:39:19,987 DEBUG (BaseJdbcLogger.java:143)- ==>  Preparing: select dormitory_allocation.id, dormitory_allocation.class_id, dormitory_allocation.dormitory_id,dormitory_allocation.number from dormitory_allocation,dormitory WHERE dormitory_allocation.dormitory_id=dormitory.id and dormitory.sex=? and class_id = ? 
2019-10-26 11:39:19,988 DEBUG (BaseJdbcLogger.java:143)- ==> Parameters: 男(String), 081001201902(String)
2019-10-26 11:39:19,988 DEBUG (BaseJdbcLogger.java:143)- <==      Total: 0
2019-10-26 11:39:19,989 DEBUG (BaseJdbcLogger.java:143)- ==>  Preparing: select student_status.id,student_status.basic_id, student_status.student_id, student_status.class_id from student_status,student_basic where student_status.basic_id=student_basic.id and student_basic.sex=? and student_status.class_id=? 
2019-10-26 11:39:19,989 DEBUG (BaseJdbcLogger.java:143)- ==> Parameters: 男(String), 080205201901(String)
2019-10-26 11:39:19,991 DEBUG (BaseJdbcLogger.java:143)- ====>  Preparing: select id, name, sex, birthday, phone, ID_number, email, parent_phone, adress, major, state from student_basic where id = ? 
2019-10-26 11:39:19,992 DEBUG (BaseJdbcLogger.java:143)- ====> Parameters: 28608(String)
2019-10-26 11:39:19,993 DEBUG (BaseJdbcLogger.java:143)- <====      Total: 1
2019-10-26 11:39:19,994 DEBUG (BaseJdbcLogger.java:143)- ====>  Preparing: select id, class_id, name, director, grade, major_id from class WHERE class_id = ? 
2019-10-26 11:39:19,994 DEBUG (BaseJdbcLogger.java:143)- ====> Parameters: 080205201901(String)
2019-10-26 11:39:19,995 DEBUG (BaseJdbcLogger.java:143)- ======>  Preparing: select id, major_id, name, price, department_id from major where major_id = ? 
2019-10-26 11:39:19,995 DEBUG (BaseJdbcLogger.java:143)- ======> Parameters: 080205(String)
2019-10-26 11:39:19,996 DEBUG (BaseJdbcLogger.java:143)- <======      Total: 1
2019-10-26 11:39:19,997 DEBUG (BaseJdbcLogger.java:143)- <====      Total: 1
2019-10-26 11:39:19,998 DEBUG (BaseJdbcLogger.java:143)- ====>  Preparing: select id, name, sex, birthday, phone, ID_number, email, parent_phone, adress, major, state from student_basic where id = ? 
2019-10-26 11:39:19,998 DEBUG (BaseJdbcLogger.java:143)- ====> Parameters: 28609(String)
2019-10-26 11:39:19,999 DEBUG (BaseJdbcLogger.java:143)- <====      Total: 1
2019-10-26 11:39:19,999 DEBUG (BaseJdbcLogger.java:143)- ====>  Preparing: select id, name, sex, birthday, phone, ID_number, email, parent_phone, adress, major, state from student_basic where id = ? 
2019-10-26 11:39:20,000 DEBUG (BaseJdbcLogger.java:143)- ====> Parameters: 28610(String)
2019-10-26 11:39:20,001 DEBUG (BaseJdbcLogger.java:143)- <====      Total: 1
2019-10-26 11:39:20,001 DEBUG (BaseJdbcLogger.java:143)- ====>  Preparing: select id, name, sex, birthday, phone, ID_number, email, parent_phone, adress, major, state from student_basic where id = ? 
2019-10-26 11:39:20,001 DEBUG (BaseJdbcLogger.java:143)- ====> Parameters: 28611(String)
2019-10-26 11:39:20,002 DEBUG (BaseJdbcLogger.java:143)- <====      Total: 1
2019-10-26 11:39:20,002 DEBUG (BaseJdbcLogger.java:143)- ====>  Preparing: select id, name, sex, birthday, phone, ID_number, email, parent_phone, adress, major, state from student_basic where id = ? 
2019-10-26 11:39:20,003 DEBUG (BaseJdbcLogger.java:143)- ====> Parameters: 28613(String)
2019-10-26 11:39:20,003 DEBUG (BaseJdbcLogger.java:143)- <====      Total: 1
2019-10-26 11:39:20,004 DEBUG (BaseJdbcLogger.java:143)- ====>  Preparing: select id, name, sex, birthday, phone, ID_number, email, parent_phone, adress, major, state from student_basic where id = ? 
2019-10-26 11:39:20,005 DEBUG (BaseJdbcLogger.java:143)- ====> Parameters: 28616(String)
2019-10-26 11:39:20,005 DEBUG (BaseJdbcLogger.java:143)- <====      Total: 1
2019-10-26 11:39:20,006 DEBUG (BaseJdbcLogger.java:143)- ====>  Preparing: select id, name, sex, birthday, phone, ID_number, email, parent_phone, adress, major, state from student_basic where id = ? 
2019-10-26 11:39:20,007 DEBUG (BaseJdbcLogger.java:143)- ====> Parameters: 28618(String)
2019-10-26 11:39:20,007 DEBUG (BaseJdbcLogger.java:143)- <====      Total: 1
2019-10-26 11:39:20,008 DEBUG (BaseJdbcLogger.java:143)- ====>  Preparing: select id, name, sex, birthday, phone, ID_number, email, parent_phone, adress, major, state from student_basic where id = ? 
2019-10-26 11:39:20,008 DEBUG (BaseJdbcLogger.java:143)- ====> Parameters: 28619(String)
2019-10-26 11:39:20,010 DEBUG (BaseJdbcLogger.java:143)- <====      Total: 1
2019-10-26 11:39:20,011 DEBUG (BaseJdbcLogger.java:143)- ====>  Preparing: select id, name, sex, birthday, phone, ID_number, email, parent_phone, adress, major, state from student_basic where id = ? 
2019-10-26 11:39:20,011 DEBUG (BaseJdbcLogger.java:143)- ====> Parameters: 28621(String)
2019-10-26 11:39:20,012 DEBUG (BaseJdbcLogger.java:143)- <====      Total: 1
2019-10-26 11:39:20,013 DEBUG (BaseJdbcLogger.java:143)- ====>  Preparing: select id, name, sex, birthday, phone, ID_number, email, parent_phone, adress, major, state from student_basic where id = ? 
2019-10-26 11:39:20,013 DEBUG (BaseJdbcLogger.java:143)- ====> Parameters: 28622(String)
2019-10-26 11:39:20,014 DEBUG (BaseJdbcLogger.java:143)- <====      Total: 1
2019-10-26 11:39:20,015 DEBUG (BaseJdbcLogger.java:143)- ====>  Preparing: select id, name, sex, birthday, phone, ID_number, email, parent_phone, adress, major, state from student_basic where id = ? 
2019-10-26 11:39:20,015 DEBUG (BaseJdbcLogger.java:143)- ====> Parameters: 28623(String)
2019-10-26 11:39:20,016 DEBUG (BaseJdbcLogger.java:143)- <====      Total: 1
