2019-09-04 03:47:40,438 DEBUG (BaseJdbcLogger.java:143)- ====>  Preparing: select id, name, sex, birthday, phone, ID_number, email, parent_phone, adress, major, state from student_basic where id = ? 
2019-09-04 03:47:40,442 DEBUG (BaseJdbcLogger.java:143)- ====> Parameters: 19653(String)
2019-09-04 03:47:40,442 DEBUG (BaseJdbcLogger.java:143)- <====      Total: 1
2019-09-04 03:47:40,444 DEBUG (BaseJdbcLogger.java:143)- ====>  Preparing: select id, name, sex, birthday, phone, ID_number, email, parent_phone, adress, major, state from student_basic where id = ? 
2019-09-04 03:47:40,444 DEBUG (BaseJdbcLogger.java:143)- ====> Parameters: 19654(String)
2019-09-04 03:47:40,444 DEBUG (BaseJdbcLogger.java:143)- <====      Total: 1
2019-09-04 03:47:40,445 DEBUG (BaseJdbcLogger.java:143)- ====>  Preparing: select id, name, sex, birthday, phone, ID_number, email, parent_phone, adress, major, state from student_basic where id = ? 
2019-09-04 03:47:40,445 DEBUG (BaseJdbcLogger.java:143)- ====> Parameters: 19656(String)
2019-09-04 03:47:40,446 DEBUG (BaseJdbcLogger.java:143)- <====      Total: 1
2019-09-04 03:47:40,447 DEBUG (BaseJdbcLogger.java:143)- <==      Total: 24
2019-09-04 03:47:40,447 DEBUG (BaseJdbcLogger.java:143)- ==>  Preparing: select dormitory_allocation.id, dormitory_allocation.class_id, dormitory_allocation.dormitory_id,dormitory_allocation.number from dormitory_allocation,dormitory WHERE dormitory_allocation.dormitory_id=dormitory.id and dormitory.sex=? and class_id = ? 
2019-09-04 03:47:40,447 DEBUG (BaseJdbcLogger.java:143)- ==> Parameters: 男(String), 130503201902(String)
2019-09-04 03:47:40,448 DEBUG (BaseJdbcLogger.java:143)- <==      Total: 0
2019-09-04 03:47:40,448 DEBUG (BaseJdbcLogger.java:143)- ==>  Preparing: select student_status.id,student_status.basic_id, student_status.student_id, student_status.class_id from student_status,student_basic where student_status.basic_id=student_basic.id and student_basic.sex=? and student_status.class_id=? 
2019-09-04 03:47:40,449 DEBUG (BaseJdbcLogger.java:143)- ==> Parameters: 男(String), 130503201903(String)
2019-09-04 03:47:40,450 DEBUG (BaseJdbcLogger.java:143)- ====>  Preparing: select id, name, sex, birthday, phone, ID_number, email, parent_phone, adress, major, state from student_basic where id = ? 
2019-09-04 03:47:40,450 DEBUG (BaseJdbcLogger.java:143)- ====> Parameters: 19659(String)
2019-09-04 03:47:40,451 DEBUG (BaseJdbcLogger.java:143)- <====      Total: 1
2019-09-04 03:47:40,452 DEBUG (BaseJdbcLogger.java:143)- ====>  Preparing: select id, class_id, name, director, grade, major_id from class where class_id = ? 
2019-09-04 03:47:40,452 DEBUG (BaseJdbcLogger.java:143)- ====> Parameters: 130503201903(String)
2019-09-04 03:47:40,453 DEBUG (BaseJdbcLogger.java:143)- ======>  Preparing: select id, major_id, name, price, department_id from major where major_id = ? 
2019-09-04 03:47:40,453 DEBUG (BaseJdbcLogger.java:143)- ======> Parameters: 130503(String)
2019-09-04 03:47:40,455 DEBUG (BaseJdbcLogger.java:143)- <======      Total: 1
2019-09-04 03:47:40,455 DEBUG (BaseJdbcLogger.java:143)- <====      Total: 1
2019-09-04 03:47:40,456 DEBUG (BaseJdbcLogger.java:143)- ====>  Preparing: select id, name, sex, birthday, phone, ID_number, email, parent_phone, adress, major, state from student_basic where id = ? 
2019-09-04 03:47:40,456 DEBUG (BaseJdbcLogger.java:143)- ====> Parameters: 19662(String)
2019-09-04 03:47:40,458 DEBUG (BaseJdbcLogger.java:143)- <====      Total: 1
2019-09-04 03:47:40,458 DEBUG (BaseJdbcLogger.java:143)- ====>  Preparing: select id, name, sex, birthday, phone, ID_number, email, parent_phone, adress, major, state from student_basic where id = ? 
2019-09-04 03:47:40,458 DEBUG (BaseJdbcLogger.java:143)- ====> Parameters: 19663(String)
2019-09-04 03:47:40,461 DEBUG (BaseJdbcLogger.java:143)- <====      Total: 1
2019-09-04 03:47:40,461 DEBUG (BaseJdbcLogger.java:143)- ====>  Preparing: select id, name, sex, birthday, phone, ID_number, email, parent_phone, adress, major, state from student_basic where id = ? 
2019-09-04 03:47:40,461 DEBUG (BaseJdbcLogger.java:143)- ====> Parameters: 19664(String)
2019-09-04 03:47:40,463 DEBUG (BaseJdbcLogger.java:143)- <====      Total: 1
2019-09-04 03:47:40,463 DEBUG (BaseJdbcLogger.java:143)- ====>  Preparing: select id, name, sex, birthday, phone, ID_number, email, parent_phone, adress, major, state from student_basic where id = ? 
2019-09-04 03:47:40,463 DEBUG (BaseJdbcLogger.java:143)- ====> Parameters: 19665(String)
2019-09-04 03:47:40,464 DEBUG (BaseJdbcLogger.java:143)- <====      Total: 1
2019-09-04 03:47:40,464 DEBUG (BaseJdbcLogger.java:143)- ====>  Preparing: select id, name, sex, birthday, phone, ID_number, email, parent_phone, adress, major, state from student_basic where id = ? 
2019-09-04 03:47:40,464 DEBUG (BaseJdbcLogger.java:143)- ====> Parameters: 19668(String)
2019-09-04 03:47:40,465 DEBUG (BaseJdbcLogger.java:143)- <====      Total: 1
2019-09-04 03:47:40,465 DEBUG (BaseJdbcLogger.java:143)- ====>  Preparing: select id, name, sex, birthday, phone, ID_number, email, parent_phone, adress, major, state from student_basic where id = ? 
2019-09-04 03:47:40,467 DEBUG (BaseJdbcLogger.java:143)- ====> Parameters: 19669(String)
2019-09-04 03:47:40,467 DEBUG (BaseJdbcLogger.java:143)- <====      Total: 1
2019-09-04 03:47:40,467 DEBUG (BaseJdbcLogger.java:143)- ====>  Preparing: select id, name, sex, birthday, phone, ID_number, email, parent_phone, adress, major, state from student_basic where id = ? 
2019-09-04 03:47:40,468 DEBUG (BaseJdbcLogger.java:143)- ====> Parameters: 19670(String)
2019-09-04 03:47:40,468 DEBUG (BaseJdbcLogger.java:143)- <====      Total: 1
2019-09-04 03:47:40,469 DEBUG (BaseJdbcLogger.java:143)- ====>  Preparing: select id, name, sex, birthday, phone, ID_number, email, parent_phone, adress, major, state from student_basic where id = ? 
2019-09-04 03:47:40,469 DEBUG (BaseJdbcLogger.java:143)- ====> Parameters: 19671(String)
2019-09-04 03:47:40,470 DEBUG (BaseJdbcLogger.java:143)- <====      Total: 1
2019-09-04 03:47:40,470 DEBUG (BaseJdbcLogger.java:143)- ====>  Preparing: select id, name, sex, birthday, phone, ID_number, email, parent_phone, adress, major, state from student_basic where id = ? 
2019-09-04 03:47:40,471 DEBUG (BaseJdbcLogger.java:143)- ====> Parameters: 19676(String)
2019-09-04 03:47:40,471 DEBUG (BaseJdbcLogger.java:143)- <====      Total: 1
2019-09-04 03:47:40,472 DEBUG (BaseJdbcLogger.java:143)- ====>  Preparing: select id, name, sex, birthday, phone, ID_number, email, parent_phone, adress, major, state from student_basic where id = ? 
2019-09-04 03:47:40,472 DEBUG (BaseJdbcLogger.java:143)- ====> Parameters: 19680(String)
2019-09-04 03:47:40,473 DEBUG (BaseJdbcLogger.java:143)- <====      Total: 1
2019-09-04 03:47:40,474 DEBUG (BaseJdbcLogger.java:143)- ====>  Preparing: select id, name, sex, birthday, phone, ID_number, email, parent_phone, adress, major, state from student_basic where id = ? 
2019-09-04 03:47:40,474 DEBUG (BaseJdbcLogger.java:143)- ====> Parameters: 19685(String)
2019-09-04 03:47:40,476 DEBUG (BaseJdbcLogger.java:143)- <====      Total: 1
2019-09-04 03:47:40,476 DEBUG (BaseJdbcLogger.java:143)- ====>  Preparing: select id, name, sex, birthday, phone, ID_number, email, parent_phone, adress, major, state from student_basic where id = ? 
2019-09-04 03:47:40,476 DEBUG (BaseJdbcLogger.java:143)- ====> Parameters: 19686(String)
2019-09-04 03:47:40,477 DEBUG (BaseJdbcLogger.java:143)- <====      Total: 1
2019-09-04 03:47:40,478 DEBUG (BaseJdbcLogger.java:143)- ====>  Preparing: select id, name, sex, birthday, phone, ID_number, email, parent_phone, adress, major, state from student_basic where id = ? 
2019-09-04 03:47:40,478 DEBUG (BaseJdbcLogger.java:143)- ====> Parameters: 19687(String)
2019-09-04 03:47:40,479 DEBUG (BaseJdbcLogger.java:143)- <====      Total: 1
2019-09-04 03:47:40,480 DEBUG (BaseJdbcLogger.java:143)- ====>  Preparing: select id, name, sex, birthday, phone, ID_number, email, parent_phone, adress, major, state from student_basic where id = ? 
2019-09-04 03:47:40,480 DEBUG (BaseJdbcLogger.java:143)- ====> Parameters: 19688(String)
2019-09-04 03:47:40,481 DEBUG (BaseJdbcLogger.java:143)- <====      Total: 1
2019-09-04 03:47:40,481 DEBUG (BaseJdbcLogger.java:143)- ====>  Preparing: select id, name, sex, birthday, phone, ID_number, email, parent_phone, adress, major, state from student_basic where id = ? 
2019-09-04 03:47:40,482 DEBUG (BaseJdbcLogger.java:143)- ====> Parameters: 19689(String)
2019-09-04 03:47:40,483 DEBUG (BaseJdbcLogger.java:143)- <====      Total: 1
2019-09-04 03:47:40,485 DEBUG (BaseJdbcLogger.java:143)- ====>  Preparing: select id, name, sex, birthday, phone, ID_number, email, parent_phone, adress, major, state from student_basic where id = ? 
2019-09-04 03:47:40,485 DEBUG (BaseJdbcLogger.java:143)- ====> Parameters: 19690(String)
2019-09-04 03:47:40,485 DEBUG (BaseJdbcLogger.java:143)- <====      Total: 1
2019-09-04 03:47:40,486 DEBUG (BaseJdbcLogger.java:143)- ====>  Preparing: select id, name, sex, birthday, phone, ID_number, email, parent_phone, adress, major, state from student_basic where id = ? 
2019-09-04 03:47:40,486 DEBUG (BaseJdbcLogger.java:143)- ====> Parameters: 19691(String)
2019-09-04 03:47:40,487 DEBUG (BaseJdbcLogger.java:143)- <====      Total: 1
2019-09-04 03:47:40,488 DEBUG (BaseJdbcLogger.java:143)- ====>  Preparing: select id, name, sex, birthday, phone, ID_number, email, parent_phone, adress, major, state from student_basic where id = ? 
2019-09-04 03:47:40,488 DEBUG (BaseJdbcLogger.java:143)- ====> Parameters: 19692(String)
2019-09-04 03:47:40,488 DEBUG (BaseJdbcLogger.java:143)- <====      Total: 1
2019-09-04 03:47:40,489 DEBUG (BaseJdbcLogger.java:143)- ====>  Preparing: select id, name, sex, birthday, phone, ID_number, email, parent_phone, adress, major, state from student_basic where id = ? 
2019-09-04 03:47:40,490 DEBUG (BaseJdbcLogger.java:143)- ====> Parameters: 19693(String)
2019-09-04 03:47:40,491 DEBUG (BaseJdbcLogger.java:143)- <====      Total: 1
2019-09-04 03:47:40,492 DEBUG (BaseJdbcLogger.java:143)- ====>  Preparing: select id, name, sex, birthday, phone, ID_number, email, parent_phone, adress, major, state from student_basic where id = ? 
2019-09-04 03:47:40,492 DEBUG (BaseJdbcLogger.java:143)- ====> Parameters: 19696(String)
2019-09-04 03:47:40,493 DEBUG (BaseJdbcLogger.java:143)- <====      Total: 1
2019-09-04 03:47:40,493 DEBUG (BaseJdbcLogger.java:143)- ====>  Preparing: select id, name, sex, birthday, phone, ID_number, email, parent_phone, adress, major, state from student_basic where id = ? 
2019-09-04 03:47:40,494 DEBUG (BaseJdbcLogger.java:143)- ====> Parameters: 19697(String)
2019-09-04 03:47:40,495 DEBUG (BaseJdbcLogger.java:143)- <====      Total: 1
2019-09-04 03:47:40,495 DEBUG (BaseJdbcLogger.java:143)- ====>  Preparing: select id, name, sex, birthday, phone, ID_number, email, parent_phone, adress, major, state from student_basic where id = ? 
2019-09-04 03:47:40,495 DEBUG (BaseJdbcLogger.java:143)- ====> Parameters: 19698(String)
2019-09-04 03:47:40,497 DEBUG (BaseJdbcLogger.java:143)- <====      Total: 1
2019-09-04 03:47:40,497 DEBUG (BaseJdbcLogger.java:143)- ====>  Preparing: select id, name, sex, birthday, phone, ID_number, email, parent_phone, adress, major, state from student_basic where id = ? 
2019-09-04 03:47:40,497 DEBUG (BaseJdbcLogger.java:143)- ====> Parameters: 19699(String)
2019-09-04 03:47:40,498 DEBUG (BaseJdbcLogger.java:143)- <====      Total: 1
2019-09-04 03:47:40,498 DEBUG (BaseJdbcLogger.java:143)- <==      Total: 24
2019-09-04 03:47:40,499 DEBUG (BaseJdbcLogger.java:143)- ==>  Preparing: select dormitory_allocation.id, dormitory_allocation.class_id, dormitory_allocation.dormitory_id,dormitory_allocation.number from dormitory_allocation,dormitory WHERE dormitory_allocation.dormitory_id=dormitory.id and dormitory.sex=? and class_id = ? 
2019-09-04 03:47:40,499 DEBUG (BaseJdbcLogger.java:143)- ==> Parameters: 男(String), 130503201903(String)
2019-09-04 03:47:40,500 DEBUG (BaseJdbcLogger.java:143)- <==      Total: 0
2019-09-04 03:47:40,500 DEBUG (BaseJdbcLogger.java:143)- ==>  Preparing: select student_status.id,student_status.basic_id, student_status.student_id, student_status.class_id from student_status,student_basic where student_status.basic_id=student_basic.id and student_basic.sex=? and student_status.class_id=? 
2019-09-04 03:47:40,500 DEBUG (BaseJdbcLogger.java:143)- ==> Parameters: 男(String), 130503201904(String)
2019-09-04 03:47:40,502 DEBUG (BaseJdbcLogger.java:143)- ====>  Preparing: select id, name, sex, birthday, phone, ID_number, email, parent_phone, adress, major, state from student_basic where id = ? 
2019-09-04 03:47:40,502 DEBUG (BaseJdbcLogger.java:143)- ====> Parameters: 19702(String)
2019-09-04 03:47:40,502 DEBUG (BaseJdbcLogger.java:143)- <====      Total: 1
2019-09-04 03:47:40,502 DEBUG (BaseJdbcLogger.java:143)- ====>  Preparing: select id, class_id, name, director, grade, major_id from class where class_id = ? 
2019-09-04 03:47:40,504 DEBUG (BaseJdbcLogger.java:143)- ====> Parameters: 130503201904(String)
2019-09-04 03:47:40,504 DEBUG (BaseJdbcLogger.java:143)- ======>  Preparing: select id, major_id, name, price, department_id from major where major_id = ? 
2019-09-04 03:47:40,504 DEBUG (BaseJdbcLogger.java:143)- ======> Parameters: 130503(String)
2019-09-04 03:47:40,504 DEBUG (BaseJdbcLogger.java:143)- <======      Total: 1
2019-09-04 03:47:40,505 DEBUG (BaseJdbcLogger.java:143)- <====      Total: 1
2019-09-04 03:47:40,505 DEBUG (BaseJdbcLogger.java:143)- ====>  Preparing: select id, name, sex, birthday, phone, ID_number, email, parent_phone, adress, major, state from student_basic where id = ? 
2019-09-04 03:47:40,506 DEBUG (BaseJdbcLogger.java:143)- ====> Parameters: 19703(String)
2019-09-04 03:47:40,507 DEBUG (BaseJdbcLogger.java:143)- <====      Total: 1
2019-09-04 03:47:40,507 DEBUG (BaseJdbcLogger.java:143)- ====>  Preparing: select id, name, sex, birthday, phone, ID_number, email, parent_phone, adress, major, state from student_basic where id = ? 
2019-09-04 03:47:40,508 DEBUG (BaseJdbcLogger.java:143)- ====> Parameters: 19705(String)
2019-09-04 03:47:40,509 DEBUG (BaseJdbcLogger.java:143)- <====      Total: 1
2019-09-04 03:47:40,509 DEBUG (BaseJdbcLogger.java:143)- ====>  Preparing: select id, name, sex, birthday, phone, ID_number, email, parent_phone, adress, major, state from student_basic where id = ? 
2019-09-04 03:47:40,509 DEBUG (BaseJdbcLogger.java:143)- ====> Parameters: 19706(String)
2019-09-04 03:47:40,510 DEBUG (BaseJdbcLogger.java:143)- <====      Total: 1
2019-09-04 03:47:40,510 DEBUG (BaseJdbcLogger.java:143)- ====>  Preparing: select id, name, sex, birthday, phone, ID_number, email, parent_phone, adress, major, state from student_basic where id = ? 
2019-09-04 03:47:40,510 DEBUG (BaseJdbcLogger.java:143)- ====> Parameters: 19708(String)
2019-09-04 03:47:40,511 DEBUG (BaseJdbcLogger.java:143)- <====      Total: 1
2019-09-04 03:47:40,511 DEBUG (BaseJdbcLogger.java:143)- ====>  Preparing: select id, name, sex, birthday, phone, ID_number, email, parent_phone, adress, major, state from student_basic where id = ? 
2019-09-04 03:47:40,512 DEBUG (BaseJdbcLogger.java:143)- ====> Parameters: 19709(String)
2019-09-04 03:47:40,512 DEBUG (BaseJdbcLogger.java:143)- <====      Total: 1
2019-09-04 03:47:40,513 DEBUG (BaseJdbcLogger.java:143)- ====>  Preparing: select id, name, sex, birthday, phone, ID_number, email, parent_phone, adress, major, state from student_basic where id = ? 
2019-09-04 03:47:40,513 DEBUG (BaseJdbcLogger.java:143)- ====> Parameters: 19710(String)
2019-09-04 03:47:40,513 DEBUG (BaseJdbcLogger.java:143)- <====      Total: 1
2019-09-04 03:47:40,514 DEBUG (BaseJdbcLogger.java:143)- ====>  Preparing: select id, name, sex, birthday, phone, ID_number, email, parent_phone, adress, major, state from student_basic where id = ? 
2019-09-04 03:47:40,514 DEBUG (BaseJdbcLogger.java:143)- ====> Parameters: 19711(String)
2019-09-04 03:47:40,515 DEBUG (BaseJdbcLogger.java:143)- <====      Total: 1
2019-09-04 03:47:40,515 DEBUG (BaseJdbcLogger.java:143)- ====>  Preparing: select id, name, sex, birthday, phone, ID_number, email, parent_phone, adress, major, state from student_basic where id = ? 
2019-09-04 03:47:40,515 DEBUG (BaseJdbcLogger.java:143)- ====> Parameters: 19712(String)
2019-09-04 03:47:40,516 DEBUG (BaseJdbcLogger.java:143)- <====      Total: 1
2019-09-04 03:47:40,516 DEBUG (BaseJdbcLogger.java:143)- ====>  Preparing: select id, name, sex, birthday, phone, ID_number, email, parent_phone, adress, major, state from student_basic where id = ? 
2019-09-04 03:47:40,517 DEBUG (BaseJdbcLogger.java:143)- ====> Parameters: 19713(String)
2019-09-04 03:47:40,519 DEBUG (BaseJdbcLogger.java:143)- <====      Total: 1
2019-09-04 03:47:40,519 DEBUG (BaseJdbcLogger.java:143)- ====>  Preparing: select id, name, sex, birthday, phone, ID_number, email, parent_phone, adress, major, state from student_basic where id = ? 
2019-09-04 03:47:40,520 DEBUG (BaseJdbcLogger.java:143)- ====> Parameters: 19717(String)
2019-09-04 03:47:40,520 DEBUG (BaseJdbcLogger.java:143)- <====      Total: 1
2019-09-04 03:47:40,520 DEBUG (BaseJdbcLogger.java:143)- ====>  Preparing: select id, name, sex, birthday, phone, ID_number, email, parent_phone, adress, major, state from student_basic where id = ? 
2019-09-04 03:47:40,520 DEBUG (BaseJdbcLogger.java:143)- ====> Parameters: 19723(String)
2019-09-04 03:47:40,521 DEBUG (BaseJdbcLogger.java:143)- <====      Total: 1
2019-09-04 03:47:40,522 DEBUG (BaseJdbcLogger.java:143)- ====>  Preparing: select id, name, sex, birthday, phone, ID_number, email, parent_phone, adress, major, state from student_basic where id = ? 
2019-09-04 03:47:40,522 DEBUG (BaseJdbcLogger.java:143)- ====> Parameters: 19724(String)
2019-09-04 03:47:40,523 DEBUG (BaseJdbcLogger.java:143)- <====      Total: 1
2019-09-04 03:47:40,524 DEBUG (BaseJdbcLogger.java:143)- ====>  Preparing: select id, name, sex, birthday, phone, ID_number, email, parent_phone, adress, major, state from student_basic where id = ? 
2019-09-04 03:47:40,524 DEBUG (BaseJdbcLogger.java:143)- ====> Parameters: 19727(String)
2019-09-04 03:47:40,525 DEBUG (BaseJdbcLogger.java:143)- <====      Total: 1
2019-09-04 03:47:40,525 DEBUG (BaseJdbcLogger.java:143)- ====>  Preparing: select id, name, sex, birthday, phone, ID_number, email, parent_phone, adress, major, state from student_basic where id = ? 
2019-09-04 03:47:40,526 DEBUG (BaseJdbcLogger.java:143)- ====> Parameters: 19730(String)
2019-09-04 03:47:40,526 DEBUG (BaseJdbcLogger.java:143)- <====      Total: 1
2019-09-04 03:47:40,527 DEBUG (BaseJdbcLogger.java:143)- ====>  Preparing: select id, name, sex, birthday, phone, ID_number, email, parent_phone, adress, major, state from student_basic where id = ? 
2019-09-04 03:47:40,527 DEBUG (BaseJdbcLogger.java:143)- ====> Parameters: 19733(String)
2019-09-04 03:47:40,528 DEBUG (BaseJdbcLogger.java:143)- <====      Total: 1
2019-09-04 03:47:40,528 DEBUG (BaseJdbcLogger.java:143)- ====>  Preparing: select id, name, sex, birthday, phone, ID_number, email, parent_phone, adress, major, state from student_basic where id = ? 
2019-09-04 03:47:40,528 DEBUG (BaseJdbcLogger.java:143)- ====> Parameters: 19734(String)
2019-09-04 03:47:40,529 DEBUG (BaseJdbcLogger.java:143)- <====      Total: 1
2019-09-04 03:47:40,529 DEBUG (BaseJdbcLogger.java:143)- ====>  Preparing: select id, name, sex, birthday, phone, ID_number, email, parent_phone, adress, major, state from student_basic where id = ? 
2019-09-04 03:47:40,530 DEBUG (BaseJdbcLogger.java:143)- ====> Parameters: 19736(String)
2019-09-04 03:47:40,530 DEBUG (BaseJdbcLogger.java:143)- <====      Total: 1
2019-09-04 03:47:40,531 DEBUG (BaseJdbcLogger.java:143)- ====>  Preparing: select id, name, sex, birthday, phone, ID_number, email, parent_phone, adress, major, state from student_basic where id = ? 
2019-09-04 03:47:40,531 DEBUG (BaseJdbcLogger.java:143)- ====> Parameters: 19737(String)
2019-09-04 03:47:40,532 DEBUG (BaseJdbcLogger.java:143)- <====      Total: 1
2019-09-04 03:47:40,532 DEBUG (BaseJdbcLogger.java:143)- ====>  Preparing: select id, name, sex, birthday, phone, ID_number, email, parent_phone, adress, major, state from student_basic where id = ? 
2019-09-04 03:47:40,533 DEBUG (BaseJdbcLogger.java:143)- ====> Parameters: 19739(String)
2019-09-04 03:47:40,533 DEBUG (BaseJdbcLogger.java:143)- <====      Total: 1
2019-09-04 03:47:40,534 DEBUG (BaseJdbcLogger.java:143)- ====>  Preparing: select id, name, sex, birthday, phone, ID_number, email, parent_phone, adress, major, state from student_basic where id = ? 
2019-09-04 03:47:40,534 DEBUG (BaseJdbcLogger.java:143)- ====> Parameters: 19741(String)
2019-09-04 03:47:40,536 DEBUG (BaseJdbcLogger.java:143)- <====      Total: 1
2019-09-04 03:47:40,536 DEBUG (BaseJdbcLogger.java:143)- ====>  Preparing: select id, name, sex, birthday, phone, ID_number, email, parent_phone, adress, major, state from student_basic where id = ? 
2019-09-04 03:47:40,536 DEBUG (BaseJdbcLogger.java:143)- ====> Parameters: 19744(String)
2019-09-04 03:47:40,537 DEBUG (BaseJdbcLogger.java:143)- <====      Total: 1
2019-09-04 03:47:40,538 DEBUG (BaseJdbcLogger.java:143)- ====>  Preparing: select id, name, sex, birthday, phone, ID_number, email, parent_phone, adress, major, state from student_basic where id = ? 
2019-09-04 03:47:40,538 DEBUG (BaseJdbcLogger.java:143)- ====> Parameters: 19745(String)
2019-09-04 03:47:40,540 DEBUG (BaseJdbcLogger.java:143)- <====      Total: 1
2019-09-04 03:47:40,541 DEBUG (BaseJdbcLogger.java:143)- ====>  Preparing: select id, name, sex, birthday, phone, ID_number, email, parent_phone, adress, major, state from student_basic where id = ? 
2019-09-04 03:47:40,541 DEBUG (BaseJdbcLogger.java:143)- ====> Parameters: 19750(String)
2019-09-04 03:47:40,542 DEBUG (BaseJdbcLogger.java:143)- <====      Total: 1
2019-09-04 03:47:40,543 DEBUG (BaseJdbcLogger.java:143)- <==      Total: 24
2019-09-04 03:47:40,544 DEBUG (BaseJdbcLogger.java:143)- ==>  Preparing: select dormitory_allocation.id, dormitory_allocation.class_id, dormitory_allocation.dormitory_id,dormitory_allocation.number from dormitory_allocation,dormitory WHERE dormitory_allocation.dormitory_id=dormitory.id and dormitory.sex=? and class_id = ? 
2019-09-04 03:47:40,544 DEBUG (BaseJdbcLogger.java:143)- ==> Parameters: 男(String), 130503201904(String)
2019-09-04 03:47:40,545 DEBUG (BaseJdbcLogger.java:143)- <==      Total: 0
2019-09-04 03:47:40,546 DEBUG (BaseJdbcLogger.java:143)- ==>  Preparing: select student_status.id,student_status.basic_id, student_status.student_id, student_status.class_id from student_status,student_basic where student_status.basic_id=student_basic.id and student_basic.sex=? and student_status.class_id=? 
2019-09-04 03:47:40,546 DEBUG (BaseJdbcLogger.java:143)- ==> Parameters: 男(String), 080702201901(String)
2019-09-04 03:47:40,548 DEBUG (BaseJdbcLogger.java:143)- ====>  Preparing: select id, name, sex, birthday, phone, ID_number, email, parent_phone, adress, major, state from student_basic where id = ? 
2019-09-04 03:47:40,548 DEBUG (BaseJdbcLogger.java:143)- ====> Parameters: 19363(String)
2019-09-04 03:47:40,549 DEBUG (BaseJdbcLogger.java:143)- <====      Total: 1
2019-09-04 03:47:40,550 DEBUG (BaseJdbcLogger.java:143)- ====>  Preparing: select id, class_id, name, director, grade, major_id from class where class_id = ? 
2019-09-04 03:47:40,550 DEBUG (BaseJdbcLogger.java:143)- ====> Parameters: 080702201901(String)
2019-09-04 03:47:40,551 DEBUG (BaseJdbcLogger.java:143)- ======>  Preparing: select id, major_id, name, price, department_id from major where major_id = ? 
2019-09-04 03:47:40,552 DEBUG (BaseJdbcLogger.java:143)- ======> Parameters: 080702(String)
2019-09-04 03:47:40,552 DEBUG (BaseJdbcLogger.java:143)- <======      Total: 1
2019-09-04 03:47:40,553 DEBUG (BaseJdbcLogger.java:143)- <====      Total: 1
2019-09-04 03:47:40,553 DEBUG (BaseJdbcLogger.java:143)- ====>  Preparing: select id, name, sex, birthday, phone, ID_number, email, parent_phone, adress, major, state from student_basic where id = ? 
2019-09-04 03:47:40,553 DEBUG (BaseJdbcLogger.java:143)- ====> Parameters: 19366(String)
2019-09-04 03:47:40,554 DEBUG (BaseJdbcLogger.java:143)- <====      Total: 1
2019-09-04 03:47:40,555 DEBUG (BaseJdbcLogger.java:143)- ====>  Preparing: select id, name, sex, birthday, phone, ID_number, email, parent_phone, adress, major, state from student_basic where id = ? 
2019-09-04 03:47:40,556 DEBUG (BaseJdbcLogger.java:143)- ====> Parameters: 19367(String)
2019-09-04 03:47:40,557 DEBUG (BaseJdbcLogger.java:143)- <====      Total: 1
2019-09-04 03:47:40,558 DEBUG (BaseJdbcLogger.java:143)- ====>  Preparing: select id, name, sex, birthday, phone, ID_number, email, parent_phone, adress, major, state from student_basic where id = ? 
2019-09-04 03:47:40,559 DEBUG (BaseJdbcLogger.java:143)- ====> Parameters: 19368(String)
2019-09-04 03:47:40,560 DEBUG (BaseJdbcLogger.java:143)- <====      Total: 1
2019-09-04 03:47:40,560 DEBUG (BaseJdbcLogger.java:143)- ====>  Preparing: select id, name, sex, birthday, phone, ID_number, email, parent_phone, adress, major, state from student_basic where id = ? 
2019-09-04 03:47:40,561 DEBUG (BaseJdbcLogger.java:143)- ====> Parameters: 19370(String)
2019-09-04 03:47:40,562 DEBUG (BaseJdbcLogger.java:143)- <====      Total: 1
2019-09-04 03:47:40,562 DEBUG (BaseJdbcLogger.java:143)- ====>  Preparing: select id, name, sex, birthday, phone, ID_number, email, parent_phone, adress, major, state from student_basic where id = ? 
2019-09-04 03:47:40,562 DEBUG (BaseJdbcLogger.java:143)- ====> Parameters: 19371(String)
2019-09-04 03:47:40,564 DEBUG (BaseJdbcLogger.java:143)- <====      Total: 1
2019-09-04 03:47:40,565 DEBUG (BaseJdbcLogger.java:143)- ====>  Preparing: select id, name, sex, birthday, phone, ID_number, email, parent_phone, adress, major, state from student_basic where id = ? 
2019-09-04 03:47:40,565 DEBUG (BaseJdbcLogger.java:143)- ====> Parameters: 19372(String)
2019-09-04 03:47:40,566 DEBUG (BaseJdbcLogger.java:143)- <====      Total: 1
2019-09-04 03:47:40,566 DEBUG (BaseJdbcLogger.java:143)- ====>  Preparing: select id, name, sex, birthday, phone, ID_number, email, parent_phone, adress, major, state from student_basic where id = ? 
2019-09-04 03:47:40,566 DEBUG (BaseJdbcLogger.java:143)- ====> Parameters: 19374(String)
2019-09-04 03:47:40,568 DEBUG (BaseJdbcLogger.java:143)- <====      Total: 1
2019-09-04 03:47:40,568 DEBUG (BaseJdbcLogger.java:143)- ====>  Preparing: select id, name, sex, birthday, phone, ID_number, email, parent_phone, adress, major, state from student_basic where id = ? 
2019-09-04 03:47:40,568 DEBUG (BaseJdbcLogger.java:143)- ====> Parameters: 19375(String)
2019-09-04 03:47:40,569 DEBUG (BaseJdbcLogger.java:143)- <====      Total: 1
2019-09-04 03:47:40,569 DEBUG (BaseJdbcLogger.java:143)- ====>  Preparing: select id, name, sex, birthday, phone, ID_number, email, parent_phone, adress, major, state from student_basic where id = ? 
2019-09-04 03:47:40,569 DEBUG (BaseJdbcLogger.java:143)- ====> Parameters: 19376(String)
2019-09-04 03:47:40,570 DEBUG (BaseJdbcLogger.java:143)- <====      Total: 1
2019-09-04 03:47:40,570 DEBUG (BaseJdbcLogger.java:143)- ====>  Preparing: select id, name, sex, birthday, phone, ID_number, email, parent_phone, adress, major, state from student_basic where id = ? 
2019-09-04 03:47:40,571 DEBUG (BaseJdbcLogger.java:143)- ====> Parameters: 19377(String)
2019-09-04 03:47:40,571 DEBUG (BaseJdbcLogger.java:143)- <====      Total: 1
2019-09-04 03:47:40,572 DEBUG (BaseJdbcLogger.java:143)- ====>  Preparing: select id, name, sex, birthday, phone, ID_number, email, parent_phone, adress, major, state from student_basic where id = ? 
2019-09-04 03:47:40,573 DEBUG (BaseJdbcLogger.java:143)- ====> Parameters: 19378(String)
2019-09-04 03:47:40,574 DEBUG (BaseJdbcLogger.java:143)- <====      Total: 1
2019-09-04 03:47:40,574 DEBUG (BaseJdbcLogger.java:143)- ====>  Preparing: select id, name, sex, birthday, phone, ID_number, email, parent_phone, adress, major, state from student_basic where id = ? 
2019-09-04 03:47:40,575 DEBUG (BaseJdbcLogger.java:143)- ====> Parameters: 19380(String)
2019-09-04 03:47:40,575 DEBUG (BaseJdbcLogger.java:143)- <====      Total: 1
2019-09-04 03:47:40,576 DEBUG (BaseJdbcLogger.java:143)- ====>  Preparing: select id, name, sex, birthday, phone, ID_number, email, parent_phone, adress, major, state from student_basic where id = ? 
2019-09-04 03:47:40,577 DEBUG (BaseJdbcLogger.java:143)- ====> Parameters: 19386(String)
2019-09-04 03:47:40,577 DEBUG (BaseJdbcLogger.java:143)- <====      Total: 1
2019-09-04 03:47:40,577 DEBUG (BaseJdbcLogger.java:143)- ====>  Preparing: select id, name, sex, birthday, phone, ID_number, email, parent_phone, adress, major, state from student_basic where id = ? 
2019-09-04 03:47:40,578 DEBUG (BaseJdbcLogger.java:143)- ====> Parameters: 19389(String)
2019-09-04 03:47:40,578 DEBUG (BaseJdbcLogger.java:143)- <====      Total: 1
2019-09-04 03:47:40,579 DEBUG (BaseJdbcLogger.java:143)- ====>  Preparing: select id, name, sex, birthday, phone, ID_number, email, parent_phone, adress, major, state from student_basic where id = ? 
2019-09-04 03:47:40,579 DEBUG (BaseJdbcLogger.java:143)- ====> Parameters: 19390(String)
2019-09-04 03:47:40,579 DEBUG (BaseJdbcLogger.java:143)- <====      Total: 1
2019-09-04 03:47:40,580 DEBUG (BaseJdbcLogger.java:143)- ====>  Preparing: select id, name, sex, birthday, phone, ID_number, email, parent_phone, adress, major, state from student_basic where id = ? 
2019-09-04 03:47:40,581 DEBUG (BaseJdbcLogger.java:143)- ====> Parameters: 19391(String)
2019-09-04 03:47:40,581 DEBUG (BaseJdbcLogger.java:143)- <====      Total: 1
2019-09-04 03:47:40,581 DEBUG (BaseJdbcLogger.java:143)- ====>  Preparing: select id, name, sex, birthday, phone, ID_number, email, parent_phone, adress, major, state from student_basic where id = ? 
2019-09-04 03:47:40,581 DEBUG (BaseJdbcLogger.java:143)- ====> Parameters: 19392(String)
2019-09-04 03:47:40,582 DEBUG (BaseJdbcLogger.java:143)- <====      Total: 1
2019-09-04 03:47:40,583 DEBUG (BaseJdbcLogger.java:143)- ====>  Preparing: select id, name, sex, birthday, phone, ID_number, email, parent_phone, adress, major, state from student_basic where id = ? 
2019-09-04 03:47:40,584 DEBUG (BaseJdbcLogger.java:143)- ====> Parameters: 19393(String)
2019-09-04 03:47:40,584 DEBUG (BaseJdbcLogger.java:143)- <====      Total: 1
2019-09-04 03:47:40,585 DEBUG (BaseJdbcLogger.java:143)- ====>  Preparing: select id, name, sex, birthday, phone, ID_number, email, parent_phone, adress, major, state from student_basic where id = ? 
2019-09-04 03:47:40,585 DEBUG (BaseJdbcLogger.java:143)- ====> Parameters: 19394(String)
2019-09-04 03:47:40,586 DEBUG (BaseJdbcLogger.java:143)- <====      Total: 1
2019-09-04 03:47:40,586 DEBUG (BaseJdbcLogger.java:143)- ====>  Preparing: select id, name, sex, birthday, phone, ID_number, email, parent_phone, adress, major, state from student_basic where id = ? 
2019-09-04 03:47:40,586 DEBUG (BaseJdbcLogger.java:143)- ====> Parameters: 19395(String)
2019-09-04 03:47:40,588 DEBUG (BaseJdbcLogger.java:143)- <====      Total: 1
2019-09-04 03:47:40,588 DEBUG (BaseJdbcLogger.java:143)- ====>  Preparing: select id, name, sex, birthday, phone, ID_number, email, parent_phone, adress, major, state from student_basic where id = ? 
2019-09-04 03:47:40,588 DEBUG (BaseJdbcLogger.java:143)- ====> Parameters: 19396(String)
2019-09-04 03:47:40,589 DEBUG (BaseJdbcLogger.java:143)- <====      Total: 1
2019-09-04 03:47:40,590 DEBUG (BaseJdbcLogger.java:143)- ====>  Preparing: select id, name, sex, birthday, phone, ID_number, email, parent_phone, adress, major, state from student_basic where id = ? 
