2019-10-26 10:16:16,522 DEBUG (BaseJdbcLogger.java:143)- <======      Total: 1
2019-10-26 10:16:16,525 DEBUG (BaseJdbcLogger.java:143)- <====      Total: 1
2019-10-26 10:16:16,527 DEBUG (BaseJdbcLogger.java:143)- ====>  Preparing: select id, name, sex, birthday, phone, ID_number, email, parent_phone, adress, major, state from student_basic where id = ? 
2019-10-26 10:16:16,528 DEBUG (BaseJdbcLogger.java:143)- ====> Parameters: 28614(String)
2019-10-26 10:16:16,530 DEBUG (BaseJdbcLogger.java:143)- <====      Total: 1
2019-10-26 10:16:16,531 DEBUG (BaseJdbcLogger.java:143)- ====>  Preparing: select id, name, sex, birthday, phone, ID_number, email, parent_phone, adress, major, state from student_basic where id = ? 
2019-10-26 10:16:16,531 DEBUG (BaseJdbcLogger.java:143)- ====> Parameters: 28615(String)
2019-10-26 10:16:16,533 DEBUG (BaseJdbcLogger.java:143)- <====      Total: 1
2019-10-26 10:16:16,534 DEBUG (BaseJdbcLogger.java:143)- ====>  Preparing: select id, name, sex, birthday, phone, ID_number, email, parent_phone, adress, major, state from student_basic where id = ? 
2019-10-26 10:16:16,534 DEBUG (BaseJdbcLogger.java:143)- ====> Parameters: 28617(String)
2019-10-26 10:16:16,535 DEBUG (BaseJdbcLogger.java:143)- <====      Total: 1
2019-10-26 10:16:16,535 DEBUG (BaseJdbcLogger.java:143)- ====>  Preparing: select id, name, sex, birthday, phone, ID_number, email, parent_phone, adress, major, state from student_basic where id = ? 
2019-10-26 10:16:16,535 DEBUG (BaseJdbcLogger.java:143)- ====> Parameters: 28620(String)
2019-10-26 10:16:16,536 DEBUG (BaseJdbcLogger.java:143)- <====      Total: 1
2019-10-26 10:16:16,536 DEBUG (BaseJdbcLogger.java:143)- ====>  Preparing: select id, name, sex, birthday, phone, ID_number, email, parent_phone, adress, major, state from student_basic where id = ? 
2019-10-26 10:16:16,537 DEBUG (BaseJdbcLogger.java:143)- ====> Parameters: 28624(String)
2019-10-26 10:16:16,537 DEBUG (BaseJdbcLogger.java:143)- <====      Total: 1
2019-10-26 10:16:16,538 DEBUG (BaseJdbcLogger.java:143)- ====>  Preparing: select id, name, sex, birthday, phone, ID_number, email, parent_phone, adress, major, state from student_basic where id = ? 
2019-10-26 10:16:16,538 DEBUG (BaseJdbcLogger.java:143)- ====> Parameters: 28626(String)
2019-10-26 10:16:16,539 DEBUG (BaseJdbcLogger.java:143)- <====      Total: 1
2019-10-26 10:16:16,539 DEBUG (BaseJdbcLogger.java:143)- ====>  Preparing: select id, name, sex, birthday, phone, ID_number, email, parent_phone, adress, major, state from student_basic where id = ? 
2019-10-26 10:16:16,540 DEBUG (BaseJdbcLogger.java:143)- ====> Parameters: 28628(String)
2019-10-26 10:16:16,541 DEBUG (BaseJdbcLogger.java:143)- <====      Total: 1
2019-10-26 10:16:16,543 DEBUG (BaseJdbcLogger.java:143)- ====>  Preparing: select id, name, sex, birthday, phone, ID_number, email, parent_phone, adress, major, state from student_basic where id = ? 
2019-10-26 10:16:16,543 DEBUG (BaseJdbcLogger.java:143)- ====> Parameters: 28631(String)
2019-10-26 10:16:16,544 DEBUG (BaseJdbcLogger.java:143)- <====      Total: 1
2019-10-26 10:16:16,545 DEBUG (BaseJdbcLogger.java:143)- ====>  Preparing: select id, name, sex, birthday, phone, ID_number, email, parent_phone, adress, major, state from student_basic where id = ? 
2019-10-26 10:16:16,546 DEBUG (BaseJdbcLogger.java:143)- ====> Parameters: 28633(String)
2019-10-26 10:16:16,547 DEBUG (BaseJdbcLogger.java:143)- <====      Total: 1
2019-10-26 10:16:16,547 DEBUG (BaseJdbcLogger.java:143)- ====>  Preparing: select id, name, sex, birthday, phone, ID_number, email, parent_phone, adress, major, state from student_basic where id = ? 
2019-10-26 10:16:16,548 DEBUG (BaseJdbcLogger.java:143)- ====> Parameters: 28635(String)
2019-10-26 10:16:16,548 DEBUG (BaseJdbcLogger.java:143)- <====      Total: 1
2019-10-26 10:16:16,549 DEBUG (BaseJdbcLogger.java:143)- ====>  Preparing: select id, name, sex, birthday, phone, ID_number, email, parent_phone, adress, major, state from student_basic where id = ? 
2019-10-26 10:16:16,549 DEBUG (BaseJdbcLogger.java:143)- ====> Parameters: 28637(String)
2019-10-26 10:16:16,550 DEBUG (BaseJdbcLogger.java:143)- <====      Total: 1
2019-10-26 10:16:16,550 DEBUG (BaseJdbcLogger.java:143)- ====>  Preparing: select id, name, sex, birthday, phone, ID_number, email, parent_phone, adress, major, state from student_basic where id = ? 
2019-10-26 10:16:16,550 DEBUG (BaseJdbcLogger.java:143)- ====> Parameters: 28638(String)
2019-10-26 10:16:16,551 DEBUG (BaseJdbcLogger.java:143)- <====      Total: 1
2019-10-26 10:16:16,551 DEBUG (BaseJdbcLogger.java:143)- ====>  Preparing: select id, name, sex, birthday, phone, ID_number, email, parent_phone, adress, major, state from student_basic where id = ? 
2019-10-26 10:16:16,552 DEBUG (BaseJdbcLogger.java:143)- ====> Parameters: 28640(String)
2019-10-26 10:16:16,552 DEBUG (BaseJdbcLogger.java:143)- <====      Total: 1
2019-10-26 10:16:16,552 DEBUG (BaseJdbcLogger.java:143)- ====>  Preparing: select id, name, sex, birthday, phone, ID_number, email, parent_phone, adress, major, state from student_basic where id = ? 
2019-10-26 10:16:16,553 DEBUG (BaseJdbcLogger.java:143)- ====> Parameters: 28643(String)
2019-10-26 10:16:16,553 DEBUG (BaseJdbcLogger.java:143)- <====      Total: 1
2019-10-26 10:16:16,554 DEBUG (BaseJdbcLogger.java:143)- ====>  Preparing: select id, name, sex, birthday, phone, ID_number, email, parent_phone, adress, major, state from student_basic where id = ? 
2019-10-26 10:16:16,554 DEBUG (BaseJdbcLogger.java:143)- ====> Parameters: 28644(String)
2019-10-26 10:16:16,555 DEBUG (BaseJdbcLogger.java:143)- <====      Total: 1
2019-10-26 10:16:16,555 DEBUG (BaseJdbcLogger.java:143)- ====>  Preparing: select id, name, sex, birthday, phone, ID_number, email, parent_phone, adress, major, state from student_basic where id = ? 
2019-10-26 10:16:16,555 DEBUG (BaseJdbcLogger.java:143)- ====> Parameters: 28646(String)
2019-10-26 10:16:16,556 DEBUG (BaseJdbcLogger.java:143)- <====      Total: 1
2019-10-26 10:16:16,556 DEBUG (BaseJdbcLogger.java:143)- ====>  Preparing: select id, name, sex, birthday, phone, ID_number, email, parent_phone, adress, major, state from student_basic where id = ? 
2019-10-26 10:16:16,556 DEBUG (BaseJdbcLogger.java:143)- ====> Parameters: 28647(String)
2019-10-26 10:16:16,557 DEBUG (BaseJdbcLogger.java:143)- <====      Total: 1
2019-10-26 10:16:16,557 DEBUG (BaseJdbcLogger.java:143)- ====>  Preparing: select id, name, sex, birthday, phone, ID_number, email, parent_phone, adress, major, state from student_basic where id = ? 
2019-10-26 10:16:16,558 DEBUG (BaseJdbcLogger.java:143)- ====> Parameters: 28648(String)
2019-10-26 10:16:16,559 DEBUG (BaseJdbcLogger.java:143)- <====      Total: 1
2019-10-26 10:16:16,560 DEBUG (BaseJdbcLogger.java:143)- ====>  Preparing: select id, name, sex, birthday, phone, ID_number, email, parent_phone, adress, major, state from student_basic where id = ? 
2019-10-26 10:16:16,560 DEBUG (BaseJdbcLogger.java:143)- ====> Parameters: 28651(String)
2019-10-26 10:16:16,561 DEBUG (BaseJdbcLogger.java:143)- <====      Total: 1
2019-10-26 10:16:16,562 DEBUG (BaseJdbcLogger.java:143)- ====>  Preparing: select id, name, sex, birthday, phone, ID_number, email, parent_phone, adress, major, state from student_basic where id = ? 
2019-10-26 10:16:16,563 DEBUG (BaseJdbcLogger.java:143)- ====> Parameters: 28654(String)
2019-10-26 10:16:16,563 DEBUG (BaseJdbcLogger.java:143)- <====      Total: 1
2019-10-26 10:16:16,564 DEBUG (BaseJdbcLogger.java:143)- ====>  Preparing: select id, name, sex, birthday, phone, ID_number, email, parent_phone, adress, major, state from student_basic where id = ? 
2019-10-26 10:16:16,564 DEBUG (BaseJdbcLogger.java:143)- ====> Parameters: 28656(String)
2019-10-26 10:16:16,565 DEBUG (BaseJdbcLogger.java:143)- <====      Total: 1
2019-10-26 10:16:16,565 DEBUG (BaseJdbcLogger.java:143)- ====>  Preparing: select id, name, sex, birthday, phone, ID_number, email, parent_phone, adress, major, state from student_basic where id = ? 
2019-10-26 10:16:16,566 DEBUG (BaseJdbcLogger.java:143)- ====> Parameters: 28659(String)
2019-10-26 10:16:16,566 DEBUG (BaseJdbcLogger.java:143)- <====      Total: 1
2019-10-26 10:16:16,567 DEBUG (BaseJdbcLogger.java:143)- ====>  Preparing: select id, name, sex, birthday, phone, ID_number, email, parent_phone, adress, major, state from student_basic where id = ? 
2019-10-26 10:16:16,567 DEBUG (BaseJdbcLogger.java:143)- ====> Parameters: 28664(String)
2019-10-26 10:16:16,568 DEBUG (BaseJdbcLogger.java:143)- <====      Total: 1
2019-10-26 10:16:16,568 DEBUG (BaseJdbcLogger.java:143)- ====>  Preparing: select id, name, sex, birthday, phone, ID_number, email, parent_phone, adress, major, state from student_basic where id = ? 
2019-10-26 10:16:16,568 DEBUG (BaseJdbcLogger.java:143)- ====> Parameters: 28666(String)
2019-10-26 10:16:16,569 DEBUG (BaseJdbcLogger.java:143)- <====      Total: 1
2019-10-26 10:16:16,569 DEBUG (BaseJdbcLogger.java:143)- ====>  Preparing: select id, name, sex, birthday, phone, ID_number, email, parent_phone, adress, major, state from student_basic where id = ? 
2019-10-26 10:16:16,570 DEBUG (BaseJdbcLogger.java:143)- ====> Parameters: 28667(String)
2019-10-26 10:16:16,570 DEBUG (BaseJdbcLogger.java:143)- <====      Total: 1
2019-10-26 10:16:16,570 DEBUG (BaseJdbcLogger.java:143)- <==      Total: 26
2019-10-26 10:16:16,571 DEBUG (BaseJdbcLogger.java:143)- ==>  Preparing: select dormitory_allocation.id, dormitory_allocation.class_id, dormitory_allocation.dormitory_id,dormitory_allocation.number from dormitory_allocation,dormitory WHERE dormitory_allocation.dormitory_id=dormitory.id and dormitory.sex=? and class_id = ? 
2019-10-26 10:16:16,572 DEBUG (BaseJdbcLogger.java:143)- ==> Parameters: 女(String), 080205201901(String)
2019-10-26 10:16:16,572 DEBUG (BaseJdbcLogger.java:143)- ====>  Preparing: select id, dong, floor, room, sex, number, rent,hasnumber from dormitory where id = ? 
2019-10-26 10:16:16,573 DEBUG (BaseJdbcLogger.java:143)- ====> Parameters: 459(Integer)
2019-10-26 10:16:16,573 DEBUG (BaseJdbcLogger.java:143)- <====      Total: 1
2019-10-26 10:16:16,574 DEBUG (BaseJdbcLogger.java:143)- ====>  Preparing: select id, dong, floor, room, sex, number, rent,hasnumber from dormitory where id = ? 
2019-10-26 10:16:16,574 DEBUG (BaseJdbcLogger.java:143)- ====> Parameters: 460(Integer)
2019-10-26 10:16:16,575 DEBUG (BaseJdbcLogger.java:143)- <====      Total: 1
2019-10-26 10:16:16,576 DEBUG (BaseJdbcLogger.java:143)- ====>  Preparing: select id, dong, floor, room, sex, number, rent,hasnumber from dormitory where id = ? 
2019-10-26 10:16:16,576 DEBUG (BaseJdbcLogger.java:143)- ====> Parameters: 461(Integer)
2019-10-26 10:16:16,577 DEBUG (BaseJdbcLogger.java:143)- <====      Total: 1
2019-10-26 10:16:16,578 DEBUG (BaseJdbcLogger.java:143)- ====>  Preparing: select id, dong, floor, room, sex, number, rent,hasnumber from dormitory where id = ? 
2019-10-26 10:16:16,578 DEBUG (BaseJdbcLogger.java:143)- ====> Parameters: 462(Integer)
2019-10-26 10:16:16,579 DEBUG (BaseJdbcLogger.java:143)- <====      Total: 1
2019-10-26 10:16:16,580 DEBUG (BaseJdbcLogger.java:143)- ====>  Preparing: select id, dong, floor, room, sex, number, rent,hasnumber from dormitory where id = ? 
2019-10-26 10:16:16,580 DEBUG (BaseJdbcLogger.java:143)- ====> Parameters: 463(Integer)
2019-10-26 10:16:16,581 DEBUG (BaseJdbcLogger.java:143)- <====      Total: 1
2019-10-26 10:16:16,581 DEBUG (BaseJdbcLogger.java:143)- ====>  Preparing: select id, dong, floor, room, sex, number, rent,hasnumber from dormitory where id = ? 
2019-10-26 10:16:16,581 DEBUG (BaseJdbcLogger.java:143)- ====> Parameters: 495(Integer)
2019-10-26 10:16:16,582 DEBUG (BaseJdbcLogger.java:143)- <====      Total: 1
2019-10-26 10:16:16,582 DEBUG (BaseJdbcLogger.java:143)- <==      Total: 6
2019-10-26 10:16:16,583 DEBUG (BaseJdbcLogger.java:143)- ==>  Preparing: select student_status.id,student_status.basic_id, student_status.student_id, student_status.class_id from student_status,student_basic where student_status.basic_id=student_basic.id and student_basic.sex=? and student_status.class_id=? 
2019-10-26 10:16:16,583 DEBUG (BaseJdbcLogger.java:143)- ==> Parameters: 女(String), 080205201902(String)
2019-10-26 10:16:16,584 DEBUG (BaseJdbcLogger.java:143)- ====>  Preparing: select id, name, sex, birthday, phone, ID_number, email, parent_phone, adress, major, state from student_basic where id = ? 
2019-10-26 10:16:16,584 DEBUG (BaseJdbcLogger.java:143)- ====> Parameters: 28670(String)
2019-10-26 10:16:16,585 DEBUG (BaseJdbcLogger.java:143)- <====      Total: 1
2019-10-26 10:16:16,585 DEBUG (BaseJdbcLogger.java:143)- ====>  Preparing: select id, class_id, name, director, grade, major_id from class WHERE class_id = ? 
2019-10-26 10:16:16,585 DEBUG (BaseJdbcLogger.java:143)- ====> Parameters: 080205201902(String)
2019-10-26 10:16:16,586 DEBUG (BaseJdbcLogger.java:143)- ======>  Preparing: select id, major_id, name, price, department_id from major where major_id = ? 
2019-10-26 10:16:16,586 DEBUG (BaseJdbcLogger.java:143)- ======> Parameters: 080205(String)
2019-10-26 10:16:16,587 DEBUG (BaseJdbcLogger.java:143)- <======      Total: 1
2019-10-26 10:16:16,587 DEBUG (BaseJdbcLogger.java:143)- <====      Total: 1
2019-10-26 10:16:16,587 DEBUG (BaseJdbcLogger.java:143)- ====>  Preparing: select id, name, sex, birthday, phone, ID_number, email, parent_phone, adress, major, state from student_basic where id = ? 
2019-10-26 10:16:16,588 DEBUG (BaseJdbcLogger.java:143)- ====> Parameters: 28672(String)
2019-10-26 10:16:16,588 DEBUG (BaseJdbcLogger.java:143)- <====      Total: 1
2019-10-26 10:16:16,589 DEBUG (BaseJdbcLogger.java:143)- ====>  Preparing: select id, name, sex, birthday, phone, ID_number, email, parent_phone, adress, major, state from student_basic where id = ? 
2019-10-26 10:16:16,589 DEBUG (BaseJdbcLogger.java:143)- ====> Parameters: 28675(String)
2019-10-26 10:16:16,589 DEBUG (BaseJdbcLogger.java:143)- <====      Total: 1
2019-10-26 10:16:16,590 DEBUG (BaseJdbcLogger.java:143)- ====>  Preparing: select id, name, sex, birthday, phone, ID_number, email, parent_phone, adress, major, state from student_basic where id = ? 
2019-10-26 10:16:16,590 DEBUG (BaseJdbcLogger.java:143)- ====> Parameters: 28676(String)
2019-10-26 10:16:16,591 DEBUG (BaseJdbcLogger.java:143)- <====      Total: 1
2019-10-26 10:16:16,591 DEBUG (BaseJdbcLogger.java:143)- ====>  Preparing: select id, name, sex, birthday, phone, ID_number, email, parent_phone, adress, major, state from student_basic where id = ? 
2019-10-26 10:16:16,592 DEBUG (BaseJdbcLogger.java:143)- ====> Parameters: 28678(String)
2019-10-26 10:16:16,593 DEBUG (BaseJdbcLogger.java:143)- <====      Total: 1
2019-10-26 10:16:16,594 DEBUG (BaseJdbcLogger.java:143)- ====>  Preparing: select id, name, sex, birthday, phone, ID_number, email, parent_phone, adress, major, state from student_basic where id = ? 
2019-10-26 10:16:16,594 DEBUG (BaseJdbcLogger.java:143)- ====> Parameters: 28680(String)
2019-10-26 10:16:16,595 DEBUG (BaseJdbcLogger.java:143)- <====      Total: 1
2019-10-26 10:16:16,596 DEBUG (BaseJdbcLogger.java:143)- ====>  Preparing: select id, name, sex, birthday, phone, ID_number, email, parent_phone, adress, major, state from student_basic where id = ? 
2019-10-26 10:16:16,596 DEBUG (BaseJdbcLogger.java:143)- ====> Parameters: 28681(String)
2019-10-26 10:16:16,597 DEBUG (BaseJdbcLogger.java:143)- <====      Total: 1
2019-10-26 10:16:16,597 DEBUG (BaseJdbcLogger.java:143)- ====>  Preparing: select id, name, sex, birthday, phone, ID_number, email, parent_phone, adress, major, state from student_basic where id = ? 
2019-10-26 10:16:16,598 DEBUG (BaseJdbcLogger.java:143)- ====> Parameters: 28682(String)
2019-10-26 10:16:16,598 DEBUG (BaseJdbcLogger.java:143)- <====      Total: 1
2019-10-26 10:16:16,598 DEBUG (BaseJdbcLogger.java:143)- ====>  Preparing: select id, name, sex, birthday, phone, ID_number, email, parent_phone, adress, major, state from student_basic where id = ? 
2019-10-26 10:16:16,599 DEBUG (BaseJdbcLogger.java:143)- ====> Parameters: 28684(String)
2019-10-26 10:16:16,599 DEBUG (BaseJdbcLogger.java:143)- <====      Total: 1
2019-10-26 10:16:16,600 DEBUG (BaseJdbcLogger.java:143)- ====>  Preparing: select id, name, sex, birthday, phone, ID_number, email, parent_phone, adress, major, state from student_basic where id = ? 
2019-10-26 10:16:16,600 DEBUG (BaseJdbcLogger.java:143)- ====> Parameters: 28685(String)
2019-10-26 10:16:16,600 DEBUG (BaseJdbcLogger.java:143)- <====      Total: 1
2019-10-26 10:16:16,601 DEBUG (BaseJdbcLogger.java:143)- ====>  Preparing: select id, name, sex, birthday, phone, ID_number, email, parent_phone, adress, major, state from student_basic where id = ? 
2019-10-26 10:16:16,601 DEBUG (BaseJdbcLogger.java:143)- ====> Parameters: 28686(String)
2019-10-26 10:16:16,602 DEBUG (BaseJdbcLogger.java:143)- <====      Total: 1
2019-10-26 10:16:16,602 DEBUG (BaseJdbcLogger.java:143)- ====>  Preparing: select id, name, sex, birthday, phone, ID_number, email, parent_phone, adress, major, state from student_basic where id = ? 
2019-10-26 10:16:16,602 DEBUG (BaseJdbcLogger.java:143)- ====> Parameters: 28687(String)
2019-10-26 10:16:16,603 DEBUG (BaseJdbcLogger.java:143)- <====      Total: 1
2019-10-26 10:16:16,603 DEBUG (BaseJdbcLogger.java:143)- ====>  Preparing: select id, name, sex, birthday, phone, ID_number, email, parent_phone, adress, major, state from student_basic where id = ? 
2019-10-26 10:16:16,603 DEBUG (BaseJdbcLogger.java:143)- ====> Parameters: 28691(String)
2019-10-26 10:16:16,604 DEBUG (BaseJdbcLogger.java:143)- <====      Total: 1
2019-10-26 10:16:16,604 DEBUG (BaseJdbcLogger.java:143)- ====>  Preparing: select id, name, sex, birthday, phone, ID_number, email, parent_phone, adress, major, state from student_basic where id = ? 
2019-10-26 10:16:16,605 DEBUG (BaseJdbcLogger.java:143)- ====> Parameters: 28692(String)
2019-10-26 10:16:16,605 DEBUG (BaseJdbcLogger.java:143)- <====      Total: 1
2019-10-26 10:16:16,606 DEBUG (BaseJdbcLogger.java:143)- ====>  Preparing: select id, name, sex, birthday, phone, ID_number, email, parent_phone, adress, major, state from student_basic where id = ? 
2019-10-26 10:16:16,606 DEBUG (BaseJdbcLogger.java:143)- ====> Parameters: 28694(String)
2019-10-26 10:16:16,607 DEBUG (BaseJdbcLogger.java:143)- <====      Total: 1
2019-10-26 10:16:16,607 DEBUG (BaseJdbcLogger.java:143)- ====>  Preparing: select id, name, sex, birthday, phone, ID_number, email, parent_phone, adress, major, state from student_basic where id = ? 
2019-10-26 10:16:16,607 DEBUG (BaseJdbcLogger.java:143)- ====> Parameters: 28695(String)
2019-10-26 10:16:16,608 DEBUG (BaseJdbcLogger.java:143)- <====      Total: 1
2019-10-26 10:16:16,609 DEBUG (BaseJdbcLogger.java:143)- ====>  Preparing: select id, name, sex, birthday, phone, ID_number, email, parent_phone, adress, major, state from student_basic where id = ? 
2019-10-26 10:16:16,609 DEBUG (BaseJdbcLogger.java:143)- ====> Parameters: 28698(String)
2019-10-26 10:16:16,610 DEBUG (BaseJdbcLogger.java:143)- <====      Total: 1
2019-10-26 10:16:16,610 DEBUG (BaseJdbcLogger.java:143)- ====>  Preparing: select id, name, sex, birthday, phone, ID_number, email, parent_phone, adress, major, state from student_basic where id = ? 
2019-10-26 10:16:16,610 DEBUG (BaseJdbcLogger.java:143)- ====> Parameters: 28699(String)
2019-10-26 10:16:16,611 DEBUG (BaseJdbcLogger.java:143)- <====      Total: 1
2019-10-26 10:16:16,611 DEBUG (BaseJdbcLogger.java:143)- ====>  Preparing: select id, name, sex, birthday, phone, ID_number, email, parent_phone, adress, major, state from student_basic where id = ? 
2019-10-26 10:16:16,612 DEBUG (BaseJdbcLogger.java:143)- ====> Parameters: 28700(String)
2019-10-26 10:16:16,612 DEBUG (BaseJdbcLogger.java:143)- <====      Total: 1
2019-10-26 10:16:16,612 DEBUG (BaseJdbcLogger.java:143)- ====>  Preparing: select id, name, sex, birthday, phone, ID_number, email, parent_phone, adress, major, state from student_basic where id = ? 
2019-10-26 10:16:16,613 DEBUG (BaseJdbcLogger.java:143)- ====> Parameters: 28701(String)
2019-10-26 10:16:16,613 DEBUG (BaseJdbcLogger.java:143)- <====      Total: 1
2019-10-26 10:16:16,614 DEBUG (BaseJdbcLogger.java:143)- ====>  Preparing: select id, name, sex, birthday, phone, ID_number, email, parent_phone, adress, major, state from student_basic where id = ? 
2019-10-26 10:16:16,614 DEBUG (BaseJdbcLogger.java:143)- ====> Parameters: 28706(String)
2019-10-26 10:16:16,615 DEBUG (BaseJdbcLogger.java:143)- <====      Total: 1
2019-10-26 10:16:16,615 DEBUG (BaseJdbcLogger.java:143)- ====>  Preparing: select id, name, sex, birthday, phone, ID_number, email, parent_phone, adress, major, state from student_basic where id = ? 
2019-10-26 10:16:16,615 DEBUG (BaseJdbcLogger.java:143)- ====> Parameters: 28707(String)
2019-10-26 10:16:16,616 DEBUG (BaseJdbcLogger.java:143)- <====      Total: 1
2019-10-26 10:16:16,616 DEBUG (BaseJdbcLogger.java:143)- ====>  Preparing: select id, name, sex, birthday, phone, ID_number, email, parent_phone, adress, major, state from student_basic where id = ? 
2019-10-26 10:16:16,616 DEBUG (BaseJdbcLogger.java:143)- ====> Parameters: 28708(String)
2019-10-26 10:16:16,617 DEBUG (BaseJdbcLogger.java:143)- <====      Total: 1
2019-10-26 10:16:16,617 DEBUG (BaseJdbcLogger.java:143)- ====>  Preparing: select id, name, sex, birthday, phone, ID_number, email, parent_phone, adress, major, state from student_basic where id = ? 
2019-10-26 10:16:16,618 DEBUG (BaseJdbcLogger.java:143)- ====> Parameters: 28711(String)
2019-10-26 10:16:16,619 DEBUG (BaseJdbcLogger.java:143)- <====      Total: 1
2019-10-26 10:16:16,619 DEBUG (BaseJdbcLogger.java:143)- ====>  Preparing: select id, name, sex, birthday, phone, ID_number, email, parent_phone, adress, major, state from student_basic where id = ? 
2019-10-26 10:16:16,620 DEBUG (BaseJdbcLogger.java:143)- ====> Parameters: 28713(String)
2019-10-26 10:16:16,620 DEBUG (BaseJdbcLogger.java:143)- <====      Total: 1
2019-10-26 10:16:16,621 DEBUG (BaseJdbcLogger.java:143)- <==      Total: 25
2019-10-26 10:16:16,622 DEBUG (BaseJdbcLogger.java:143)- ==>  Preparing: select dormitory_allocation.id, dormitory_allocation.class_id, dormitory_allocation.dormitory_id,dormitory_allocation.number from dormitory_allocation,dormitory WHERE dormitory_allocation.dormitory_id=dormitory.id and dormitory.sex=? and class_id = ? 
2019-10-26 10:16:16,622 DEBUG (BaseJdbcLogger.java:143)- ==> Parameters: 女(String), 080205201902(String)
2019-10-26 10:16:16,623 DEBUG (BaseJdbcLogger.java:143)- ====>  Preparing: select id, dong, floor, room, sex, number, rent,hasnumber from dormitory where id = ? 
2019-10-26 10:16:16,624 DEBUG (BaseJdbcLogger.java:143)- ====> Parameters: 464(Integer)
2019-10-26 10:16:16,625 DEBUG (BaseJdbcLogger.java:143)- <====      Total: 1
2019-10-26 10:16:16,626 DEBUG (BaseJdbcLogger.java:143)- ====>  Preparing: select id, dong, floor, room, sex, number, rent,hasnumber from dormitory where id = ? 
2019-10-26 10:16:16,626 DEBUG (BaseJdbcLogger.java:143)- ====> Parameters: 465(Integer)
2019-10-26 10:16:16,627 DEBUG (BaseJdbcLogger.java:143)- <====      Total: 1
2019-10-26 10:16:16,629 DEBUG (BaseJdbcLogger.java:143)- ====>  Preparing: select id, dong, floor, room, sex, number, rent,hasnumber from dormitory where id = ? 
2019-10-26 10:16:16,630 DEBUG (BaseJdbcLogger.java:143)- ====> Parameters: 466(Integer)
2019-10-26 10:16:16,631 DEBUG (BaseJdbcLogger.java:143)- <====      Total: 1
2019-10-26 10:16:16,631 DEBUG (BaseJdbcLogger.java:143)- ====>  Preparing: select id, dong, floor, room, sex, number, rent,hasnumber from dormitory where id = ? 
2019-10-26 10:16:16,632 DEBUG (BaseJdbcLogger.java:143)- ====> Parameters: 467(Integer)
2019-10-26 10:16:16,632 DEBUG (BaseJdbcLogger.java:143)- <====      Total: 1
2019-10-26 10:16:16,633 DEBUG (BaseJdbcLogger.java:143)- ====>  Preparing: select id, dong, floor, room, sex, number, rent,hasnumber from dormitory where id = ? 
2019-10-26 10:16:16,634 DEBUG (BaseJdbcLogger.java:143)- ====> Parameters: 468(Integer)
2019-10-26 10:16:16,634 DEBUG (BaseJdbcLogger.java:143)- <====      Total: 1
2019-10-26 10:16:16,635 DEBUG (BaseJdbcLogger.java:143)- <==      Total: 5
2019-10-26 10:16:16,635 DEBUG (BaseJdbcLogger.java:143)- ==>  Preparing: select student_status.id,student_status.basic_id, student_status.student_id, student_status.class_id from student_status,student_basic where student_status.basic_id=student_basic.id and student_basic.sex=? and student_status.class_id=? 
2019-10-26 10:16:16,635 DEBUG (BaseJdbcLogger.java:143)- ==> Parameters: 女(String), 080205201903(String)
2019-10-26 10:16:16,637 DEBUG (BaseJdbcLogger.java:143)- ====>  Preparing: select id, name, sex, birthday, phone, ID_number, email, parent_phone, adress, major, state from student_basic where id = ? 
2019-10-26 10:16:16,637 DEBUG (BaseJdbcLogger.java:143)- ====> Parameters: 28714(String)
2019-10-26 10:16:16,638 DEBUG (BaseJdbcLogger.java:143)- <====      Total: 1
2019-10-26 10:16:16,638 DEBUG (BaseJdbcLogger.java:143)- ====>  Preparing: select id, class_id, name, director, grade, major_id from class WHERE class_id = ? 
2019-10-26 10:16:16,638 DEBUG (BaseJdbcLogger.java:143)- ====> Parameters: 080205201903(String)
2019-10-26 10:16:16,639 DEBUG (BaseJdbcLogger.java:143)- ======>  Preparing: select id, major_id, name, price, department_id from major where major_id = ? 
2019-10-26 10:16:16,639 DEBUG (BaseJdbcLogger.java:143)- ======> Parameters: 080205(String)
2019-10-26 10:16:16,640 DEBUG (BaseJdbcLogger.java:143)- <======      Total: 1
2019-10-26 10:16:16,640 DEBUG (BaseJdbcLogger.java:143)- <====      Total: 1
2019-10-26 10:16:16,640 DEBUG (BaseJdbcLogger.java:143)- ====>  Preparing: select id, name, sex, birthday, phone, ID_number, email, parent_phone, adress, major, state from student_basic where id = ? 
2019-10-26 10:16:16,641 DEBUG (BaseJdbcLogger.java:143)- ====> Parameters: 28717(String)
2019-10-26 10:16:16,641 DEBUG (BaseJdbcLogger.java:143)- <====      Total: 1
2019-10-26 10:16:16,642 DEBUG (BaseJdbcLogger.java:143)- ====>  Preparing: select id, name, sex, birthday, phone, ID_number, email, parent_phone, adress, major, state from student_basic where id = ? 
2019-10-26 10:16:16,642 DEBUG (BaseJdbcLogger.java:143)- ====> Parameters: 28719(String)
2019-10-26 10:16:16,643 DEBUG (BaseJdbcLogger.java:143)- <====      Total: 1
2019-10-26 10:16:16,644 DEBUG (BaseJdbcLogger.java:143)- ====>  Preparing: select id, name, sex, birthday, phone, ID_number, email, parent_phone, adress, major, state from student_basic where id = ? 
2019-10-26 10:16:16,645 DEBUG (BaseJdbcLogger.java:143)- ====> Parameters: 28720(String)
2019-10-26 10:16:16,646 DEBUG (BaseJdbcLogger.java:143)- <====      Total: 1
2019-10-26 10:16:16,646 DEBUG (BaseJdbcLogger.java:143)- ====>  Preparing: select id, name, sex, birthday, phone, ID_number, email, parent_phone, adress, major, state from student_basic where id = ? 
2019-10-26 10:16:16,647 DEBUG (BaseJdbcLogger.java:143)- ====> Parameters: 28721(String)
2019-10-26 10:16:16,647 DEBUG (BaseJdbcLogger.java:143)- <====      Total: 1
2019-10-26 10:16:16,648 DEBUG (BaseJdbcLogger.java:143)- ====>  Preparing: select id, name, sex, birthday, phone, ID_number, email, parent_phone, adress, major, state from student_basic where id = ? 
2019-10-26 10:16:16,648 DEBUG (BaseJdbcLogger.java:143)- ====> Parameters: 28722(String)
2019-10-26 10:16:16,648 DEBUG (BaseJdbcLogger.java:143)- <====      Total: 1
2019-10-26 10:16:16,649 DEBUG (BaseJdbcLogger.java:143)- ====>  Preparing: select id, name, sex, birthday, phone, ID_number, email, parent_phone, adress, major, state from student_basic where id = ? 
2019-10-26 10:16:16,649 DEBUG (BaseJdbcLogger.java:143)- ====> Parameters: 28724(String)
2019-10-26 10:16:16,650 DEBUG (BaseJdbcLogger.java:143)- <====      Total: 1
2019-10-26 10:16:16,650 DEBUG (BaseJdbcLogger.java:143)- ====>  Preparing: select id, name, sex, birthday, phone, ID_number, email, parent_phone, adress, major, state from student_basic where id = ? 
2019-10-26 10:16:16,650 DEBUG (BaseJdbcLogger.java:143)- ====> Parameters: 28725(String)
2019-10-26 10:16:16,651 DEBUG (BaseJdbcLogger.java:143)- <====      Total: 1
2019-10-26 10:16:16,651 DEBUG (BaseJdbcLogger.java:143)- ====>  Preparing: select id, name, sex, birthday, phone, ID_number, email, parent_phone, adress, major, state from student_basic where id = ? 
2019-10-26 10:16:16,652 DEBUG (BaseJdbcLogger.java:143)- ====> Parameters: 28727(String)
2019-10-26 10:16:16,652 DEBUG (BaseJdbcLogger.java:143)- <====      Total: 1
2019-10-26 10:16:16,653 DEBUG (BaseJdbcLogger.java:143)- ====>  Preparing: select id, name, sex, birthday, phone, ID_number, email, parent_phone, adress, major, state from student_basic where id = ? 
2019-10-26 10:16:16,653 DEBUG (BaseJdbcLogger.java:143)- ====> Parameters: 28729(String)
2019-10-26 10:16:16,653 DEBUG (BaseJdbcLogger.java:143)- <====      Total: 1
2019-10-26 10:16:16,654 DEBUG (BaseJdbcLogger.java:143)- ====>  Preparing: select id, name, sex, birthday, phone, ID_number, email, parent_phone, adress, major, state from student_basic where id = ? 
2019-10-26 10:16:16,654 DEBUG (BaseJdbcLogger.java:143)- ====> Parameters: 28730(String)
2019-10-26 10:16:16,654 DEBUG (BaseJdbcLogger.java:143)- <====      Total: 1
2019-10-26 10:16:16,655 DEBUG (BaseJdbcLogger.java:143)- ====>  Preparing: select id, name, sex, birthday, phone, ID_number, email, parent_phone, adress, major, state from student_basic where id = ? 
2019-10-26 10:16:16,655 DEBUG (BaseJdbcLogger.java:143)- ====> Parameters: 28733(String)
2019-10-26 10:16:16,656 DEBUG (BaseJdbcLogger.java:143)- <====      Total: 1
2019-10-26 10:16:16,656 DEBUG (BaseJdbcLogger.java:143)- ====>  Preparing: select id, name, sex, birthday, phone, ID_number, email, parent_phone, adress, major, state from student_basic where id = ? 
2019-10-26 10:16:16,656 DEBUG (BaseJdbcLogger.java:143)- ====> Parameters: 28735(String)
2019-10-26 10:16:16,657 DEBUG (BaseJdbcLogger.java:143)- <====      Total: 1
2019-10-26 10:16:16,657 DEBUG (BaseJdbcLogger.java:143)- ====>  Preparing: select id, name, sex, birthday, phone, ID_number, email, parent_phone, adress, major, state from student_basic where id = ? 
2019-10-26 10:16:16,658 DEBUG (BaseJdbcLogger.java:143)- ====> Parameters: 28736(String)
2019-10-26 10:16:16,658 DEBUG (BaseJdbcLogger.java:143)- <====      Total: 1
2019-10-26 10:16:16,659 DEBUG (BaseJdbcLogger.java:143)- ====>  Preparing: select id, name, sex, birthday, phone, ID_number, email, parent_phone, adress, major, state from student_basic where id = ? 
2019-10-26 10:16:16,659 DEBUG (BaseJdbcLogger.java:143)- ====> Parameters: 28741(String)
2019-10-26 10:16:16,664 DEBUG (BaseJdbcLogger.java:143)- <====      Total: 1
2019-10-26 10:16:16,665 DEBUG (BaseJdbcLogger.java:143)- ====>  Preparing: select id, name, sex, birthday, phone, ID_number, email, parent_phone, adress, major, state from student_basic where id = ? 
2019-10-26 10:16:16,665 DEBUG (BaseJdbcLogger.java:143)- ====> Parameters: 28742(String)
