2019-08-22 22:11:10,725 DEBUG (BaseJdbcLogger.java:143)- ==> Parameters: 女(String)
2019-08-22 22:11:10,730 DEBUG (BaseJdbcLogger.java:143)- <==      Total: 6
2019-08-22 22:11:10,732 DEBUG (BaseJdbcLogger.java:143)- ==>  Preparing: select dormitory_allocation.id, dormitory_allocation.class_id, dormitory_allocation.dormitory_id,dormitory_allocation.number from dormitory_allocation,dormitory WHERE dormitory_allocation.dormitory_id=dormitory.id and dormitory_id = ? 
2019-08-22 22:11:10,734 DEBUG (BaseJdbcLogger.java:143)- ==> Parameters: 495(Integer)
2019-08-22 22:11:10,739 DEBUG (BaseJdbcLogger.java:143)- ====>  Preparing: select id, dong, floor, room, sex, number, rent from dormitory where id = ? 
2019-08-22 22:11:10,739 DEBUG (BaseJdbcLogger.java:143)- ====> Parameters: 495(Integer)
2019-08-22 22:11:10,740 DEBUG (BaseJdbcLogger.java:143)- <====      Total: 1
2019-08-22 22:11:10,741 DEBUG (BaseJdbcLogger.java:143)- <==      Total: 5
2019-08-22 22:11:10,741 DEBUG (BaseJdbcLogger.java:143)- ==>  Preparing: select dormitory_allocation.id, dormitory_allocation.class_id, dormitory_allocation.dormitory_id,dormitory_allocation.number from dormitory_allocation,dormitory WHERE dormitory_allocation.dormitory_id=dormitory.id and dormitory_id = ? 
2019-08-22 22:11:10,743 DEBUG (BaseJdbcLogger.java:143)- ==> Parameters: 499(Integer)
2019-08-22 22:11:10,743 DEBUG (BaseJdbcLogger.java:143)- ====>  Preparing: select id, dong, floor, room, sex, number, rent from dormitory where id = ? 
2019-08-22 22:11:10,743 DEBUG (BaseJdbcLogger.java:143)- ====> Parameters: 499(Integer)
2019-08-22 22:11:10,746 DEBUG (BaseJdbcLogger.java:143)- <====      Total: 1
2019-08-22 22:11:10,751 DEBUG (BaseJdbcLogger.java:143)- <==      Total: 5
2019-08-22 22:11:10,756 DEBUG (BaseJdbcLogger.java:143)- ==>  Preparing: select dormitory_allocation.id, dormitory_allocation.class_id, dormitory_allocation.dormitory_id,dormitory_allocation.number from dormitory_allocation,dormitory WHERE dormitory_allocation.dormitory_id=dormitory.id and dormitory_id = ? 
2019-08-22 22:11:10,757 DEBUG (BaseJdbcLogger.java:143)- ==> Parameters: 508(Integer)
2019-08-22 22:11:10,758 DEBUG (BaseJdbcLogger.java:143)- ====>  Preparing: select id, dong, floor, room, sex, number, rent from dormitory where id = ? 
2019-08-22 22:11:10,759 DEBUG (BaseJdbcLogger.java:143)- ====> Parameters: 508(Integer)
2019-08-22 22:11:10,760 DEBUG (BaseJdbcLogger.java:143)- <====      Total: 1
2019-08-22 22:11:10,761 DEBUG (BaseJdbcLogger.java:143)- <==      Total: 2
2019-08-22 22:11:10,763 DEBUG (BaseJdbcLogger.java:143)- ==>  Preparing: select dormitory_allocation.id, dormitory_allocation.class_id, dormitory_allocation.dormitory_id,dormitory_allocation.number from dormitory_allocation,dormitory WHERE dormitory_allocation.dormitory_id=dormitory.id and dormitory_id = ? 
2019-08-22 22:11:10,764 DEBUG (BaseJdbcLogger.java:143)- ==> Parameters: 513(Integer)
2019-08-22 22:11:10,770 DEBUG (BaseJdbcLogger.java:143)- ====>  Preparing: select id, dong, floor, room, sex, number, rent from dormitory where id = ? 
2019-08-22 22:11:10,772 DEBUG (BaseJdbcLogger.java:143)- ====> Parameters: 513(Integer)
2019-08-22 22:11:10,774 DEBUG (BaseJdbcLogger.java:143)- <====      Total: 1
2019-08-22 22:11:10,774 DEBUG (BaseJdbcLogger.java:143)- <==      Total: 2
2019-08-22 22:11:10,775 DEBUG (BaseJdbcLogger.java:143)- ==>  Preparing: select dormitory_allocation.id, dormitory_allocation.class_id, dormitory_allocation.dormitory_id,dormitory_allocation.number from dormitory_allocation,dormitory WHERE dormitory_allocation.dormitory_id=dormitory.id and dormitory_id = ? 
2019-08-22 22:11:10,776 DEBUG (BaseJdbcLogger.java:143)- ==> Parameters: 518(Integer)
2019-08-22 22:11:10,777 DEBUG (BaseJdbcLogger.java:143)- ====>  Preparing: select id, dong, floor, room, sex, number, rent from dormitory where id = ? 
2019-08-22 22:11:10,778 DEBUG (BaseJdbcLogger.java:143)- ====> Parameters: 518(Integer)
2019-08-22 22:11:10,780 DEBUG (BaseJdbcLogger.java:143)- <====      Total: 1
2019-08-22 22:11:10,782 DEBUG (BaseJdbcLogger.java:143)- <==      Total: 3
2019-08-22 22:11:10,784 DEBUG (BaseJdbcLogger.java:143)- ==>  Preparing: select dormitory_allocation.id, dormitory_allocation.class_id, dormitory_allocation.dormitory_id,dormitory_allocation.number from dormitory_allocation,dormitory WHERE dormitory_allocation.dormitory_id=dormitory.id and dormitory_id = ? 
2019-08-22 22:11:10,787 DEBUG (BaseJdbcLogger.java:143)- ==> Parameters: 523(Integer)
2019-08-22 22:11:10,789 DEBUG (BaseJdbcLogger.java:143)- ====>  Preparing: select id, dong, floor, room, sex, number, rent from dormitory where id = ? 
2019-08-22 22:11:10,790 DEBUG (BaseJdbcLogger.java:143)- ====> Parameters: 523(Integer)
2019-08-22 22:11:10,791 DEBUG (BaseJdbcLogger.java:143)- <====      Total: 1
2019-08-22 22:11:10,791 DEBUG (BaseJdbcLogger.java:143)- <==      Total: 2
2019-08-22 22:11:11,050 DEBUG (BaseJdbcLogger.java:143)- ==>  Preparing: select id, class_id, name, director, grade, major_id from class 
2019-08-22 22:11:11,055 DEBUG (BaseJdbcLogger.java:143)- ==> Parameters: 
2019-08-22 22:11:11,057 DEBUG (BaseJdbcLogger.java:143)- ====>  Preparing: select id, major_id, name, price, department_id from major where major_id = ? 
2019-08-22 22:11:11,058 DEBUG (BaseJdbcLogger.java:143)- ====> Parameters: 081001(String)
2019-08-22 22:11:11,058 DEBUG (BaseJdbcLogger.java:143)- <====      Total: 1
2019-08-22 22:11:11,059 DEBUG (BaseJdbcLogger.java:143)- ====>  Preparing: select id, major_id, name, price, department_id from major where major_id = ? 
2019-08-22 22:11:11,059 DEBUG (BaseJdbcLogger.java:143)- ====> Parameters: 080205(String)
2019-08-22 22:11:11,060 DEBUG (BaseJdbcLogger.java:143)- <====      Total: 1
2019-08-22 22:11:11,061 DEBUG (BaseJdbcLogger.java:143)- ====>  Preparing: select id, major_id, name, price, department_id from major where major_id = ? 
2019-08-22 22:11:11,063 DEBUG (BaseJdbcLogger.java:143)- ====> Parameters: 130503(String)
2019-08-22 22:11:11,067 DEBUG (BaseJdbcLogger.java:143)- <====      Total: 1
2019-08-22 22:11:11,071 DEBUG (BaseJdbcLogger.java:143)- ====>  Preparing: select id, major_id, name, price, department_id from major where major_id = ? 
2019-08-22 22:11:11,072 DEBUG (BaseJdbcLogger.java:143)- ====> Parameters: 080702(String)
2019-08-22 22:11:11,073 DEBUG (BaseJdbcLogger.java:143)- <====      Total: 1
2019-08-22 22:11:11,074 DEBUG (BaseJdbcLogger.java:143)- ====>  Preparing: select id, major_id, name, price, department_id from major where major_id = ? 
2019-08-22 22:11:11,074 DEBUG (BaseJdbcLogger.java:143)- ====> Parameters: 080901(String)
2019-08-22 22:11:11,076 DEBUG (BaseJdbcLogger.java:143)- <====      Total: 1
2019-08-22 22:11:11,076 DEBUG (BaseJdbcLogger.java:143)- ====>  Preparing: select id, major_id, name, price, department_id from major where major_id = ? 
2019-08-22 22:11:11,076 DEBUG (BaseJdbcLogger.java:143)- ====> Parameters: 080703(String)
2019-08-22 22:11:11,078 DEBUG (BaseJdbcLogger.java:143)- <====      Total: 1
2019-08-22 22:11:11,080 DEBUG (BaseJdbcLogger.java:143)- ====>  Preparing: select id, major_id, name, price, department_id from major where major_id = ? 
2019-08-22 22:11:11,082 DEBUG (BaseJdbcLogger.java:143)- ====> Parameters: 082803(String)
2019-08-22 22:11:11,086 DEBUG (BaseJdbcLogger.java:143)- <====      Total: 1
2019-08-22 22:11:11,088 DEBUG (BaseJdbcLogger.java:143)- <==      Total: 22
2019-08-22 22:11:11,089 DEBUG (BaseJdbcLogger.java:143)- ==>  Preparing: select student_status.id,student_status.basic_id, student_status.student_id, student_status.class_id from student_status,student_basic where student_status.basic_id=student_basic.id and student_basic.sex=? and student_status.class_id=? 
2019-08-22 22:11:11,089 DEBUG (BaseJdbcLogger.java:143)- ==> Parameters: 男(String), 081001201901(String)
