2019-09-04 03:59:54,501 DEBUG (BaseJdbcLogger.java:143)- ======> Parameters: 080901(String)
2019-09-04 03:59:54,503 DEBUG (BaseJdbcLogger.java:143)- <======      Total: 1
2019-09-04 03:59:54,504 DEBUG (BaseJdbcLogger.java:143)- <====      Total: 1
2019-09-04 03:59:54,504 DEBUG (BaseJdbcLogger.java:143)- ====>  Preparing: select id, name, sex, birthday, phone, ID_number, email, parent_phone, adress, major, state from student_basic where id = ? 
2019-09-04 03:59:54,505 DEBUG (BaseJdbcLogger.java:143)- ====> Parameters: 19047(String)
2019-09-04 03:59:54,505 DEBUG (BaseJdbcLogger.java:143)- <====      Total: 1
2019-09-04 03:59:54,506 DEBUG (BaseJdbcLogger.java:143)- ====>  Preparing: select id, name, sex, birthday, phone, ID_number, email, parent_phone, adress, major, state from student_basic where id = ? 
2019-09-04 03:59:54,507 DEBUG (BaseJdbcLogger.java:143)- ====> Parameters: 19048(String)
2019-09-04 03:59:54,508 DEBUG (BaseJdbcLogger.java:143)- <====      Total: 1
2019-09-04 03:59:54,508 DEBUG (BaseJdbcLogger.java:143)- ====>  Preparing: select id, name, sex, birthday, phone, ID_number, email, parent_phone, adress, major, state from student_basic where id = ? 
2019-09-04 03:59:54,509 DEBUG (BaseJdbcLogger.java:143)- ====> Parameters: 19051(String)
2019-09-04 03:59:54,510 DEBUG (BaseJdbcLogger.java:143)- <====      Total: 1
2019-09-04 03:59:54,510 DEBUG (BaseJdbcLogger.java:143)- ====>  Preparing: select id, name, sex, birthday, phone, ID_number, email, parent_phone, adress, major, state from student_basic where id = ? 
2019-09-04 03:59:54,510 DEBUG (BaseJdbcLogger.java:143)- ====> Parameters: 19053(String)
2019-09-04 03:59:54,511 DEBUG (BaseJdbcLogger.java:143)- <====      Total: 1
2019-09-04 03:59:54,512 DEBUG (BaseJdbcLogger.java:143)- ====>  Preparing: select id, name, sex, birthday, phone, ID_number, email, parent_phone, adress, major, state from student_basic where id = ? 
2019-09-04 03:59:54,512 DEBUG (BaseJdbcLogger.java:143)- ====> Parameters: 19055(String)
2019-09-04 03:59:54,513 DEBUG (BaseJdbcLogger.java:143)- <====      Total: 1
2019-09-04 03:59:54,514 DEBUG (BaseJdbcLogger.java:143)- ====>  Preparing: select id, name, sex, birthday, phone, ID_number, email, parent_phone, adress, major, state from student_basic where id = ? 
2019-09-04 03:59:54,514 DEBUG (BaseJdbcLogger.java:143)- ====> Parameters: 19056(String)
2019-09-04 03:59:54,515 DEBUG (BaseJdbcLogger.java:143)- <====      Total: 1
2019-09-04 03:59:54,516 DEBUG (BaseJdbcLogger.java:143)- ====>  Preparing: select id, name, sex, birthday, phone, ID_number, email, parent_phone, adress, major, state from student_basic where id = ? 
2019-09-04 03:59:54,516 DEBUG (BaseJdbcLogger.java:143)- ====> Parameters: 19058(String)
2019-09-04 03:59:54,517 DEBUG (BaseJdbcLogger.java:143)- <====      Total: 1
2019-09-04 03:59:54,518 DEBUG (BaseJdbcLogger.java:143)- ====>  Preparing: select id, name, sex, birthday, phone, ID_number, email, parent_phone, adress, major, state from student_basic where id = ? 
2019-09-04 03:59:54,518 DEBUG (BaseJdbcLogger.java:143)- ====> Parameters: 19059(String)
2019-09-04 03:59:54,520 DEBUG (BaseJdbcLogger.java:143)- <====      Total: 1
2019-09-04 03:59:54,521 DEBUG (BaseJdbcLogger.java:143)- ====>  Preparing: select id, name, sex, birthday, phone, ID_number, email, parent_phone, adress, major, state from student_basic where id = ? 
2019-09-04 03:59:54,521 DEBUG (BaseJdbcLogger.java:143)- ====> Parameters: 19060(String)
2019-09-04 03:59:54,522 DEBUG (BaseJdbcLogger.java:143)- <====      Total: 1
2019-09-04 03:59:54,522 DEBUG (BaseJdbcLogger.java:143)- ====>  Preparing: select id, name, sex, birthday, phone, ID_number, email, parent_phone, adress, major, state from student_basic where id = ? 
2019-09-04 03:59:54,523 DEBUG (BaseJdbcLogger.java:143)- ====> Parameters: 19062(String)
2019-09-04 03:59:54,523 DEBUG (BaseJdbcLogger.java:143)- <====      Total: 1
2019-09-04 03:59:54,524 DEBUG (BaseJdbcLogger.java:143)- ====>  Preparing: select id, name, sex, birthday, phone, ID_number, email, parent_phone, adress, major, state from student_basic where id = ? 
2019-09-04 03:59:54,524 DEBUG (BaseJdbcLogger.java:143)- ====> Parameters: 19065(String)
2019-09-04 03:59:54,525 DEBUG (BaseJdbcLogger.java:143)- <====      Total: 1
2019-09-04 03:59:54,525 DEBUG (BaseJdbcLogger.java:143)- ====>  Preparing: select id, name, sex, birthday, phone, ID_number, email, parent_phone, adress, major, state from student_basic where id = ? 
2019-09-04 03:59:54,526 DEBUG (BaseJdbcLogger.java:143)- ====> Parameters: 19067(String)
2019-09-04 03:59:54,527 DEBUG (BaseJdbcLogger.java:143)- <====      Total: 1
2019-09-04 03:59:54,527 DEBUG (BaseJdbcLogger.java:143)- ====>  Preparing: select id, name, sex, birthday, phone, ID_number, email, parent_phone, adress, major, state from student_basic where id = ? 
2019-09-04 03:59:54,527 DEBUG (BaseJdbcLogger.java:143)- ====> Parameters: 19071(String)
2019-09-04 03:59:54,528 DEBUG (BaseJdbcLogger.java:143)- <====      Total: 1
2019-09-04 03:59:54,529 DEBUG (BaseJdbcLogger.java:143)- ====>  Preparing: select id, name, sex, birthday, phone, ID_number, email, parent_phone, adress, major, state from student_basic where id = ? 
2019-09-04 03:59:54,529 DEBUG (BaseJdbcLogger.java:143)- ====> Parameters: 19072(String)
2019-09-04 03:59:54,530 DEBUG (BaseJdbcLogger.java:143)- <====      Total: 1
2019-09-04 03:59:54,531 DEBUG (BaseJdbcLogger.java:143)- ====>  Preparing: select id, name, sex, birthday, phone, ID_number, email, parent_phone, adress, major, state from student_basic where id = ? 
2019-09-04 03:59:54,531 DEBUG (BaseJdbcLogger.java:143)- ====> Parameters: 19073(String)
2019-09-04 03:59:54,532 DEBUG (BaseJdbcLogger.java:143)- <====      Total: 1
2019-09-04 03:59:54,533 DEBUG (BaseJdbcLogger.java:143)- ====>  Preparing: select id, name, sex, birthday, phone, ID_number, email, parent_phone, adress, major, state from student_basic where id = ? 
2019-09-04 03:59:54,533 DEBUG (BaseJdbcLogger.java:143)- ====> Parameters: 19074(String)
2019-09-04 03:59:54,534 DEBUG (BaseJdbcLogger.java:143)- <====      Total: 1
2019-09-04 03:59:54,534 DEBUG (BaseJdbcLogger.java:143)- ====>  Preparing: select id, name, sex, birthday, phone, ID_number, email, parent_phone, adress, major, state from student_basic where id = ? 
2019-09-04 03:59:54,535 DEBUG (BaseJdbcLogger.java:143)- ====> Parameters: 19077(String)
2019-09-04 03:59:54,536 DEBUG (BaseJdbcLogger.java:143)- <====      Total: 1
2019-09-04 03:59:54,536 DEBUG (BaseJdbcLogger.java:143)- ====>  Preparing: select id, name, sex, birthday, phone, ID_number, email, parent_phone, adress, major, state from student_basic where id = ? 
2019-09-04 03:59:54,536 DEBUG (BaseJdbcLogger.java:143)- ====> Parameters: 19081(String)
2019-09-04 03:59:54,537 DEBUG (BaseJdbcLogger.java:143)- <====      Total: 1
2019-09-04 03:59:54,538 DEBUG (BaseJdbcLogger.java:143)- ====>  Preparing: select id, name, sex, birthday, phone, ID_number, email, parent_phone, adress, major, state from student_basic where id = ? 
2019-09-04 03:59:54,538 DEBUG (BaseJdbcLogger.java:143)- ====> Parameters: 19084(String)
2019-09-04 03:59:54,539 DEBUG (BaseJdbcLogger.java:143)- <====      Total: 1
2019-09-04 03:59:54,540 DEBUG (BaseJdbcLogger.java:143)- ====>  Preparing: select id, name, sex, birthday, phone, ID_number, email, parent_phone, adress, major, state from student_basic where id = ? 
2019-09-04 03:59:54,541 DEBUG (BaseJdbcLogger.java:143)- ====> Parameters: 19086(String)
2019-09-04 03:59:54,542 DEBUG (BaseJdbcLogger.java:143)- <====      Total: 1
2019-09-04 03:59:54,542 DEBUG (BaseJdbcLogger.java:143)- ====>  Preparing: select id, name, sex, birthday, phone, ID_number, email, parent_phone, adress, major, state from student_basic where id = ? 
2019-09-04 03:59:54,543 DEBUG (BaseJdbcLogger.java:143)- ====> Parameters: 19089(String)
2019-09-04 03:59:54,543 DEBUG (BaseJdbcLogger.java:143)- <====      Total: 1
2019-09-04 03:59:54,544 DEBUG (BaseJdbcLogger.java:143)- <==      Total: 22
2019-09-04 03:59:54,544 DEBUG (BaseJdbcLogger.java:143)- ==>  Preparing: select dormitory_allocation.id, dormitory_allocation.class_id, dormitory_allocation.dormitory_id,dormitory_allocation.number from dormitory_allocation,dormitory WHERE dormitory_allocation.dormitory_id=dormitory.id and dormitory.sex=? and class_id = ? 
2019-09-04 03:59:54,545 DEBUG (BaseJdbcLogger.java:143)- ==> Parameters: 男(String), 080901201902(String)
2019-09-04 03:59:54,546 DEBUG (BaseJdbcLogger.java:143)- <==      Total: 0
2019-09-04 03:59:54,546 DEBUG (BaseJdbcLogger.java:143)- ==>  Preparing: select student_status.id,student_status.basic_id, student_status.student_id, student_status.class_id from student_status,student_basic where student_status.basic_id=student_basic.id and student_basic.sex=? and student_status.class_id=? 
2019-09-04 03:59:54,546 DEBUG (BaseJdbcLogger.java:143)- ==> Parameters: 男(String), 080901201903(String)
2019-09-04 03:59:54,548 DEBUG (BaseJdbcLogger.java:143)- ====>  Preparing: select id, name, sex, birthday, phone, ID_number, email, parent_phone, adress, major, state from student_basic where id = ? 
2019-09-04 03:59:54,549 DEBUG (BaseJdbcLogger.java:143)- ====> Parameters: 19090(String)
2019-09-04 03:59:54,551 DEBUG (BaseJdbcLogger.java:143)- <====      Total: 1
2019-09-04 03:59:54,551 DEBUG (BaseJdbcLogger.java:143)- ====>  Preparing: select id, class_id, name, director, grade, major_id from class where class_id = ? 
2019-09-04 03:59:54,552 DEBUG (BaseJdbcLogger.java:143)- ====> Parameters: 080901201903(String)
2019-09-04 03:59:54,553 DEBUG (BaseJdbcLogger.java:143)- ======>  Preparing: select id, major_id, name, price, department_id from major where major_id = ? 
2019-09-04 03:59:54,553 DEBUG (BaseJdbcLogger.java:143)- ======> Parameters: 080901(String)
2019-09-04 03:59:54,554 DEBUG (BaseJdbcLogger.java:143)- <======      Total: 1
2019-09-04 03:59:54,554 DEBUG (BaseJdbcLogger.java:143)- <====      Total: 1
2019-09-04 03:59:54,555 DEBUG (BaseJdbcLogger.java:143)- ====>  Preparing: select id, name, sex, birthday, phone, ID_number, email, parent_phone, adress, major, state from student_basic where id = ? 
2019-09-04 03:59:54,555 DEBUG (BaseJdbcLogger.java:143)- ====> Parameters: 19095(String)
2019-09-04 03:59:54,556 DEBUG (BaseJdbcLogger.java:143)- <====      Total: 1
2019-09-04 03:59:54,556 DEBUG (BaseJdbcLogger.java:143)- ====>  Preparing: select id, name, sex, birthday, phone, ID_number, email, parent_phone, adress, major, state from student_basic where id = ? 
2019-09-04 03:59:54,557 DEBUG (BaseJdbcLogger.java:143)- ====> Parameters: 19096(String)
2019-09-04 03:59:54,557 DEBUG (BaseJdbcLogger.java:143)- <====      Total: 1
2019-09-04 03:59:54,558 DEBUG (BaseJdbcLogger.java:143)- ====>  Preparing: select id, name, sex, birthday, phone, ID_number, email, parent_phone, adress, major, state from student_basic where id = ? 
2019-09-04 03:59:54,558 DEBUG (BaseJdbcLogger.java:143)- ====> Parameters: 19097(String)
2019-09-04 03:59:54,559 DEBUG (BaseJdbcLogger.java:143)- <====      Total: 1
2019-09-04 03:59:54,559 DEBUG (BaseJdbcLogger.java:143)- ====>  Preparing: select id, name, sex, birthday, phone, ID_number, email, parent_phone, adress, major, state from student_basic where id = ? 
2019-09-04 03:59:54,559 DEBUG (BaseJdbcLogger.java:143)- ====> Parameters: 19098(String)
2019-09-04 03:59:54,560 DEBUG (BaseJdbcLogger.java:143)- <====      Total: 1
2019-09-04 03:59:54,560 DEBUG (BaseJdbcLogger.java:143)- ====>  Preparing: select id, name, sex, birthday, phone, ID_number, email, parent_phone, adress, major, state from student_basic where id = ? 
2019-09-04 03:59:54,561 DEBUG (BaseJdbcLogger.java:143)- ====> Parameters: 19099(String)
2019-09-04 03:59:54,561 DEBUG (BaseJdbcLogger.java:143)- <====      Total: 1
2019-09-04 03:59:54,562 DEBUG (BaseJdbcLogger.java:143)- ====>  Preparing: select id, name, sex, birthday, phone, ID_number, email, parent_phone, adress, major, state from student_basic where id = ? 
2019-09-04 03:59:54,562 DEBUG (BaseJdbcLogger.java:143)- ====> Parameters: 19100(String)
2019-09-04 03:59:54,563 DEBUG (BaseJdbcLogger.java:143)- <====      Total: 1
2019-09-04 03:59:54,564 DEBUG (BaseJdbcLogger.java:143)- ====>  Preparing: select id, name, sex, birthday, phone, ID_number, email, parent_phone, adress, major, state from student_basic where id = ? 
2019-09-04 03:59:54,564 DEBUG (BaseJdbcLogger.java:143)- ====> Parameters: 19101(String)
2019-09-04 03:59:54,565 DEBUG (BaseJdbcLogger.java:143)- <====      Total: 1
2019-09-04 03:59:54,565 DEBUG (BaseJdbcLogger.java:143)- ====>  Preparing: select id, name, sex, birthday, phone, ID_number, email, parent_phone, adress, major, state from student_basic where id = ? 
2019-09-04 03:59:54,566 DEBUG (BaseJdbcLogger.java:143)- ====> Parameters: 19102(String)
2019-09-04 03:59:54,567 DEBUG (BaseJdbcLogger.java:143)- <====      Total: 1
2019-09-04 03:59:54,567 DEBUG (BaseJdbcLogger.java:143)- ====>  Preparing: select id, name, sex, birthday, phone, ID_number, email, parent_phone, adress, major, state from student_basic where id = ? 
2019-09-04 03:59:54,568 DEBUG (BaseJdbcLogger.java:143)- ====> Parameters: 19104(String)
2019-09-04 03:59:54,568 DEBUG (BaseJdbcLogger.java:143)- <====      Total: 1
2019-09-04 03:59:54,569 DEBUG (BaseJdbcLogger.java:143)- ====>  Preparing: select id, name, sex, birthday, phone, ID_number, email, parent_phone, adress, major, state from student_basic where id = ? 
2019-09-04 03:59:54,569 DEBUG (BaseJdbcLogger.java:143)- ====> Parameters: 19105(String)
2019-09-04 03:59:54,570 DEBUG (BaseJdbcLogger.java:143)- <====      Total: 1
2019-09-04 03:59:54,570 DEBUG (BaseJdbcLogger.java:143)- ====>  Preparing: select id, name, sex, birthday, phone, ID_number, email, parent_phone, adress, major, state from student_basic where id = ? 
2019-09-04 03:59:54,571 DEBUG (BaseJdbcLogger.java:143)- ====> Parameters: 19108(String)
2019-09-04 03:59:54,571 DEBUG (BaseJdbcLogger.java:143)- <====      Total: 1
2019-09-04 03:59:54,572 DEBUG (BaseJdbcLogger.java:143)- ====>  Preparing: select id, name, sex, birthday, phone, ID_number, email, parent_phone, adress, major, state from student_basic where id = ? 
2019-09-04 03:59:54,572 DEBUG (BaseJdbcLogger.java:143)- ====> Parameters: 19111(String)
2019-09-04 03:59:54,573 DEBUG (BaseJdbcLogger.java:143)- <====      Total: 1
2019-09-04 03:59:54,573 DEBUG (BaseJdbcLogger.java:143)- ====>  Preparing: select id, name, sex, birthday, phone, ID_number, email, parent_phone, adress, major, state from student_basic where id = ? 
2019-09-04 03:59:54,574 DEBUG (BaseJdbcLogger.java:143)- ====> Parameters: 19112(String)
2019-09-04 03:59:54,574 DEBUG (BaseJdbcLogger.java:143)- <====      Total: 1
2019-09-04 03:59:54,575 DEBUG (BaseJdbcLogger.java:143)- ====>  Preparing: select id, name, sex, birthday, phone, ID_number, email, parent_phone, adress, major, state from student_basic where id = ? 
2019-09-04 03:59:54,575 DEBUG (BaseJdbcLogger.java:143)- ====> Parameters: 19113(String)
2019-09-04 03:59:54,576 DEBUG (BaseJdbcLogger.java:143)- <====      Total: 1
2019-09-04 03:59:54,576 DEBUG (BaseJdbcLogger.java:143)- ====>  Preparing: select id, name, sex, birthday, phone, ID_number, email, parent_phone, adress, major, state from student_basic where id = ? 
2019-09-04 03:59:54,577 DEBUG (BaseJdbcLogger.java:143)- ====> Parameters: 19117(String)
2019-09-04 03:59:54,578 DEBUG (BaseJdbcLogger.java:143)- <====      Total: 1
2019-09-04 03:59:54,578 DEBUG (BaseJdbcLogger.java:143)- ====>  Preparing: select id, name, sex, birthday, phone, ID_number, email, parent_phone, adress, major, state from student_basic where id = ? 
2019-09-04 03:59:54,578 DEBUG (BaseJdbcLogger.java:143)- ====> Parameters: 19118(String)
2019-09-04 03:59:54,579 DEBUG (BaseJdbcLogger.java:143)- <====      Total: 1
2019-09-04 03:59:54,579 DEBUG (BaseJdbcLogger.java:143)- ====>  Preparing: select id, name, sex, birthday, phone, ID_number, email, parent_phone, adress, major, state from student_basic where id = ? 
2019-09-04 03:59:54,580 DEBUG (BaseJdbcLogger.java:143)- ====> Parameters: 19119(String)
2019-09-04 03:59:54,580 DEBUG (BaseJdbcLogger.java:143)- <====      Total: 1
2019-09-04 03:59:54,581 DEBUG (BaseJdbcLogger.java:143)- ====>  Preparing: select id, name, sex, birthday, phone, ID_number, email, parent_phone, adress, major, state from student_basic where id = ? 
2019-09-04 03:59:54,581 DEBUG (BaseJdbcLogger.java:143)- ====> Parameters: 19120(String)
2019-09-04 03:59:54,582 DEBUG (BaseJdbcLogger.java:143)- <====      Total: 1
2019-09-04 03:59:54,583 DEBUG (BaseJdbcLogger.java:143)- ====>  Preparing: select id, name, sex, birthday, phone, ID_number, email, parent_phone, adress, major, state from student_basic where id = ? 
2019-09-04 03:59:54,583 DEBUG (BaseJdbcLogger.java:143)- ====> Parameters: 19121(String)
2019-09-04 03:59:54,584 DEBUG (BaseJdbcLogger.java:143)- <====      Total: 1
2019-09-04 03:59:54,584 DEBUG (BaseJdbcLogger.java:143)- ====>  Preparing: select id, name, sex, birthday, phone, ID_number, email, parent_phone, adress, major, state from student_basic where id = ? 
2019-09-04 03:59:54,585 DEBUG (BaseJdbcLogger.java:143)- ====> Parameters: 19122(String)
2019-09-04 03:59:54,585 DEBUG (BaseJdbcLogger.java:143)- <====      Total: 1
2019-09-04 03:59:54,586 DEBUG (BaseJdbcLogger.java:143)- <==      Total: 21
2019-09-04 03:59:54,586 DEBUG (BaseJdbcLogger.java:143)- ==>  Preparing: select dormitory_allocation.id, dormitory_allocation.class_id, dormitory_allocation.dormitory_id,dormitory_allocation.number from dormitory_allocation,dormitory WHERE dormitory_allocation.dormitory_id=dormitory.id and dormitory.sex=? and class_id = ? 
2019-09-04 03:59:54,587 DEBUG (BaseJdbcLogger.java:143)- ==> Parameters: 男(String), 080901201903(String)
2019-09-04 03:59:54,587 DEBUG (BaseJdbcLogger.java:143)- ====>  Preparing: select id, dong, floor, room, sex, number, rent,hasnumber from dormitory where id = ? 
2019-09-04 03:59:54,588 DEBUG (BaseJdbcLogger.java:143)- ====> Parameters: 10(Integer)
2019-09-04 03:59:54,588 DEBUG (BaseJdbcLogger.java:143)- <====      Total: 1
2019-09-04 03:59:54,589 DEBUG (BaseJdbcLogger.java:143)- ====>  Preparing: select id, dong, floor, room, sex, number, rent,hasnumber from dormitory where id = ? 
2019-09-04 03:59:54,589 DEBUG (BaseJdbcLogger.java:143)- ====> Parameters: 11(Integer)
2019-09-04 03:59:54,590 DEBUG (BaseJdbcLogger.java:143)- <====      Total: 1
2019-09-04 03:59:54,591 DEBUG (BaseJdbcLogger.java:143)- ====>  Preparing: select id, dong, floor, room, sex, number, rent,hasnumber from dormitory where id = ? 
2019-09-04 03:59:54,591 DEBUG (BaseJdbcLogger.java:143)- ====> Parameters: 12(Integer)
2019-09-04 03:59:54,592 DEBUG (BaseJdbcLogger.java:143)- <====      Total: 1
2019-09-04 03:59:54,592 DEBUG (BaseJdbcLogger.java:143)- ====>  Preparing: select id, dong, floor, room, sex, number, rent,hasnumber from dormitory where id = ? 
2019-09-04 03:59:54,593 DEBUG (BaseJdbcLogger.java:143)- ====> Parameters: 13(Integer)
2019-09-04 03:59:54,593 DEBUG (BaseJdbcLogger.java:143)- <====      Total: 1
2019-09-04 03:59:54,593 DEBUG (BaseJdbcLogger.java:143)- ====>  Preparing: select id, dong, floor, room, sex, number, rent,hasnumber from dormitory where id = ? 
2019-09-04 03:59:54,595 DEBUG (BaseJdbcLogger.java:143)- ====> Parameters: 14(Integer)
2019-09-04 03:59:54,595 DEBUG (BaseJdbcLogger.java:143)- <====      Total: 1
2019-09-04 03:59:54,596 DEBUG (BaseJdbcLogger.java:143)- ====>  Preparing: select id, dong, floor, room, sex, number, rent,hasnumber from dormitory where id = ? 
2019-09-04 03:59:54,598 DEBUG (BaseJdbcLogger.java:143)- ====> Parameters: 15(Integer)
2019-09-04 03:59:54,599 DEBUG (BaseJdbcLogger.java:143)- <====      Total: 1
2019-09-04 03:59:54,599 DEBUG (BaseJdbcLogger.java:143)- <==      Total: 6
2019-09-04 03:59:54,599 DEBUG (BaseJdbcLogger.java:143)- ==>  Preparing: select student_status.id,student_status.basic_id, student_status.student_id, student_status.class_id from student_status,student_basic where student_status.basic_id=student_basic.id and student_basic.sex=? and student_status.class_id=? 
2019-09-04 03:59:54,599 DEBUG (BaseJdbcLogger.java:143)- ==> Parameters: 男(String), 080901201904(String)
2019-09-04 03:59:54,601 DEBUG (BaseJdbcLogger.java:143)- ====>  Preparing: select id, name, sex, birthday, phone, ID_number, email, parent_phone, adress, major, state from student_basic where id = ? 
2019-09-04 03:59:54,601 DEBUG (BaseJdbcLogger.java:143)- ====> Parameters: 19124(String)
2019-09-04 03:59:54,604 DEBUG (BaseJdbcLogger.java:143)- <====      Total: 1
2019-09-04 03:59:54,604 DEBUG (BaseJdbcLogger.java:143)- ====>  Preparing: select id, class_id, name, director, grade, major_id from class where class_id = ? 
2019-09-04 03:59:54,604 DEBUG (BaseJdbcLogger.java:143)- ====> Parameters: 080901201904(String)
2019-09-04 03:59:54,605 DEBUG (BaseJdbcLogger.java:143)- ======>  Preparing: select id, major_id, name, price, department_id from major where major_id = ? 
2019-09-04 03:59:54,605 DEBUG (BaseJdbcLogger.java:143)- ======> Parameters: 080901(String)
2019-09-04 03:59:54,607 DEBUG (BaseJdbcLogger.java:143)- <======      Total: 1
2019-09-04 03:59:54,607 DEBUG (BaseJdbcLogger.java:143)- <====      Total: 1
2019-09-04 03:59:54,608 DEBUG (BaseJdbcLogger.java:143)- ====>  Preparing: select id, name, sex, birthday, phone, ID_number, email, parent_phone, adress, major, state from student_basic where id = ? 
2019-09-04 03:59:54,608 DEBUG (BaseJdbcLogger.java:143)- ====> Parameters: 19127(String)
2019-09-04 03:59:54,609 DEBUG (BaseJdbcLogger.java:143)- <====      Total: 1
2019-09-04 03:59:54,609 DEBUG (BaseJdbcLogger.java:143)- ====>  Preparing: select id, name, sex, birthday, phone, ID_number, email, parent_phone, adress, major, state from student_basic where id = ? 
2019-09-04 03:59:54,610 DEBUG (BaseJdbcLogger.java:143)- ====> Parameters: 19129(String)
2019-09-04 03:59:54,611 DEBUG (BaseJdbcLogger.java:143)- <====      Total: 1
2019-09-04 03:59:54,611 DEBUG (BaseJdbcLogger.java:143)- ====>  Preparing: select id, name, sex, birthday, phone, ID_number, email, parent_phone, adress, major, state from student_basic where id = ? 
2019-09-04 03:59:54,613 DEBUG (BaseJdbcLogger.java:143)- ====> Parameters: 19130(String)
2019-09-04 03:59:54,614 DEBUG (BaseJdbcLogger.java:143)- <====      Total: 1
2019-09-04 03:59:54,614 DEBUG (BaseJdbcLogger.java:143)- ====>  Preparing: select id, name, sex, birthday, phone, ID_number, email, parent_phone, adress, major, state from student_basic where id = ? 
2019-09-04 03:59:54,614 DEBUG (BaseJdbcLogger.java:143)- ====> Parameters: 19132(String)
2019-09-04 03:59:54,615 DEBUG (BaseJdbcLogger.java:143)- <====      Total: 1
2019-09-04 03:59:54,616 DEBUG (BaseJdbcLogger.java:143)- ====>  Preparing: select id, name, sex, birthday, phone, ID_number, email, parent_phone, adress, major, state from student_basic where id = ? 
2019-09-04 03:59:54,616 DEBUG (BaseJdbcLogger.java:143)- ====> Parameters: 19134(String)
2019-09-04 03:59:54,618 DEBUG (BaseJdbcLogger.java:143)- <====      Total: 1
2019-09-04 03:59:54,618 DEBUG (BaseJdbcLogger.java:143)- ====>  Preparing: select id, name, sex, birthday, phone, ID_number, email, parent_phone, adress, major, state from student_basic where id = ? 
2019-09-04 03:59:54,618 DEBUG (BaseJdbcLogger.java:143)- ====> Parameters: 19135(String)
2019-09-04 03:59:54,619 DEBUG (BaseJdbcLogger.java:143)- <====      Total: 1
2019-09-04 03:59:54,620 DEBUG (BaseJdbcLogger.java:143)- ====>  Preparing: select id, name, sex, birthday, phone, ID_number, email, parent_phone, adress, major, state from student_basic where id = ? 
2019-09-04 03:59:54,620 DEBUG (BaseJdbcLogger.java:143)- ====> Parameters: 19136(String)
2019-09-04 03:59:54,620 DEBUG (BaseJdbcLogger.java:143)- <====      Total: 1
2019-09-04 03:59:54,621 DEBUG (BaseJdbcLogger.java:143)- ====>  Preparing: select id, name, sex, birthday, phone, ID_number, email, parent_phone, adress, major, state from student_basic where id = ? 
2019-09-04 03:59:54,622 DEBUG (BaseJdbcLogger.java:143)- ====> Parameters: 19137(String)
2019-09-04 03:59:54,622 DEBUG (BaseJdbcLogger.java:143)- <====      Total: 1
2019-09-04 03:59:54,622 DEBUG (BaseJdbcLogger.java:143)- ====>  Preparing: select id, name, sex, birthday, phone, ID_number, email, parent_phone, adress, major, state from student_basic where id = ? 
2019-09-04 03:59:54,624 DEBUG (BaseJdbcLogger.java:143)- ====> Parameters: 19139(String)
2019-09-04 03:59:54,624 DEBUG (BaseJdbcLogger.java:143)- <====      Total: 1
2019-09-04 03:59:54,625 DEBUG (BaseJdbcLogger.java:143)- ====>  Preparing: select id, name, sex, birthday, phone, ID_number, email, parent_phone, adress, major, state from student_basic where id = ? 
2019-09-04 03:59:54,625 DEBUG (BaseJdbcLogger.java:143)- ====> Parameters: 19141(String)
2019-09-04 03:59:54,627 DEBUG (BaseJdbcLogger.java:143)- <====      Total: 1
2019-09-04 03:59:54,627 DEBUG (BaseJdbcLogger.java:143)- ====>  Preparing: select id, name, sex, birthday, phone, ID_number, email, parent_phone, adress, major, state from student_basic where id = ? 
2019-09-04 03:59:54,627 DEBUG (BaseJdbcLogger.java:143)- ====> Parameters: 19142(String)
2019-09-04 03:59:54,629 DEBUG (BaseJdbcLogger.java:143)- <====      Total: 1
2019-09-04 03:59:54,629 DEBUG (BaseJdbcLogger.java:143)- ====>  Preparing: select id, name, sex, birthday, phone, ID_number, email, parent_phone, adress, major, state from student_basic where id = ? 
2019-09-04 03:59:54,629 DEBUG (BaseJdbcLogger.java:143)- ====> Parameters: 19143(String)
2019-09-04 03:59:54,631 DEBUG (BaseJdbcLogger.java:143)- <====      Total: 1
2019-09-04 03:59:54,631 DEBUG (BaseJdbcLogger.java:143)- ====>  Preparing: select id, name, sex, birthday, phone, ID_number, email, parent_phone, adress, major, state from student_basic where id = ? 
2019-09-04 03:59:54,631 DEBUG (BaseJdbcLogger.java:143)- ====> Parameters: 19147(String)
2019-09-04 03:59:54,632 DEBUG (BaseJdbcLogger.java:143)- <====      Total: 1
2019-09-04 03:59:54,634 DEBUG (BaseJdbcLogger.java:143)- ====>  Preparing: select id, name, sex, birthday, phone, ID_number, email, parent_phone, adress, major, state from student_basic where id = ? 
2019-09-04 03:59:54,634 DEBUG (BaseJdbcLogger.java:143)- ====> Parameters: 19148(String)
2019-09-04 03:59:54,634 DEBUG (BaseJdbcLogger.java:143)- <====      Total: 1
2019-09-04 03:59:54,635 DEBUG (BaseJdbcLogger.java:143)- ====>  Preparing: select id, name, sex, birthday, phone, ID_number, email, parent_phone, adress, major, state from student_basic where id = ? 
2019-09-04 03:59:54,636 DEBUG (BaseJdbcLogger.java:143)- ====> Parameters: 19149(String)
2019-09-04 03:59:54,636 DEBUG (BaseJdbcLogger.java:143)- <====      Total: 1
2019-09-04 03:59:54,637 DEBUG (BaseJdbcLogger.java:143)- ====>  Preparing: select id, name, sex, birthday, phone, ID_number, email, parent_phone, adress, major, state from student_basic where id = ? 
2019-09-04 03:59:54,637 DEBUG (BaseJdbcLogger.java:143)- ====> Parameters: 19150(String)
2019-09-04 03:59:54,638 DEBUG (BaseJdbcLogger.java:143)- <====      Total: 1
2019-09-04 03:59:54,639 DEBUG (BaseJdbcLogger.java:143)- ====>  Preparing: select id, name, sex, birthday, phone, ID_number, email, parent_phone, adress, major, state from student_basic where id = ? 
2019-09-04 03:59:54,639 DEBUG (BaseJdbcLogger.java:143)- ====> Parameters: 19152(String)
2019-09-04 03:59:54,640 DEBUG (BaseJdbcLogger.java:143)- <====      Total: 1
2019-09-04 03:59:54,640 DEBUG (BaseJdbcLogger.java:143)- ====>  Preparing: select id, name, sex, birthday, phone, ID_number, email, parent_phone, adress, major, state from student_basic where id = ? 
2019-09-04 03:59:54,641 DEBUG (BaseJdbcLogger.java:143)- ====> Parameters: 19153(String)
2019-09-04 03:59:54,642 DEBUG (BaseJdbcLogger.java:143)- <====      Total: 1
2019-09-04 03:59:54,642 DEBUG (BaseJdbcLogger.java:143)- ====>  Preparing: select id, name, sex, birthday, phone, ID_number, email, parent_phone, adress, major, state from student_basic where id = ? 
2019-09-04 03:59:54,642 DEBUG (BaseJdbcLogger.java:143)- ====> Parameters: 19154(String)
2019-09-04 03:59:54,643 DEBUG (BaseJdbcLogger.java:143)- <====      Total: 1
2019-09-04 03:59:54,644 DEBUG (BaseJdbcLogger.java:143)- ====>  Preparing: select id, name, sex, birthday, phone, ID_number, email, parent_phone, adress, major, state from student_basic where id = ? 
2019-09-04 03:59:54,644 DEBUG (BaseJdbcLogger.java:143)- ====> Parameters: 19155(String)
2019-09-04 03:59:54,645 DEBUG (BaseJdbcLogger.java:143)- <====      Total: 1
2019-09-04 03:59:54,646 DEBUG (BaseJdbcLogger.java:143)- <==      Total: 21
2019-09-04 03:59:54,646 DEBUG (BaseJdbcLogger.java:143)- ==>  Preparing: select dormitory_allocation.id, dormitory_allocation.class_id, dormitory_allocation.dormitory_id,dormitory_allocation.number from dormitory_allocation,dormitory WHERE dormitory_allocation.dormitory_id=dormitory.id and dormitory.sex=? and class_id = ? 
2019-09-04 03:59:54,647 DEBUG (BaseJdbcLogger.java:143)- ==> Parameters: 男(String), 080901201904(String)
2019-09-04 03:59:54,648 DEBUG (BaseJdbcLogger.java:143)- ====>  Preparing: select id, dong, floor, room, sex, number, rent,hasnumber from dormitory where id = ? 
2019-09-04 03:59:54,648 DEBUG (BaseJdbcLogger.java:143)- ====> Parameters: 16(Integer)
2019-09-04 03:59:54,650 DEBUG (BaseJdbcLogger.java:143)- <====      Total: 1
2019-09-04 03:59:54,650 DEBUG (BaseJdbcLogger.java:143)- <==      Total: 1
2019-09-04 03:59:54,651 DEBUG (BaseJdbcLogger.java:143)- ==>  Preparing: select student_status.id,student_status.basic_id, student_status.student_id, student_status.class_id from student_status,student_basic where student_status.basic_id=student_basic.id and student_basic.sex=? and student_status.class_id=? 
2019-09-04 03:59:54,651 DEBUG (BaseJdbcLogger.java:143)- ==> Parameters: 男(String), 080703201901(String)
2019-09-04 03:59:54,652 DEBUG (BaseJdbcLogger.java:143)- ====>  Preparing: select id, name, sex, birthday, phone, ID_number, email, parent_phone, adress, major, state from student_basic where id = ? 
2019-09-04 03:59:54,653 DEBUG (BaseJdbcLogger.java:143)- ====> Parameters: 19233(String)
2019-09-04 03:59:54,654 DEBUG (BaseJdbcLogger.java:143)- <====      Total: 1
2019-09-04 03:59:54,654 DEBUG (BaseJdbcLogger.java:143)- ====>  Preparing: select id, class_id, name, director, grade, major_id from class where class_id = ? 
2019-09-04 03:59:54,655 DEBUG (BaseJdbcLogger.java:143)- ====> Parameters: 080703201901(String)
2019-09-04 03:59:54,656 DEBUG (BaseJdbcLogger.java:143)- ======>  Preparing: select id, major_id, name, price, department_id from major where major_id = ? 
2019-09-04 03:59:54,656 DEBUG (BaseJdbcLogger.java:143)- ======> Parameters: 080703(String)
2019-09-04 03:59:54,657 DEBUG (BaseJdbcLogger.java:143)- <======      Total: 1
2019-09-04 03:59:54,658 DEBUG (BaseJdbcLogger.java:143)- <====      Total: 1
2019-09-04 03:59:54,658 DEBUG (BaseJdbcLogger.java:143)- ====>  Preparing: select id, name, sex, birthday, phone, ID_number, email, parent_phone, adress, major, state from student_basic where id = ? 
2019-09-04 03:59:54,659 DEBUG (BaseJdbcLogger.java:143)- ====> Parameters: 19234(String)
2019-09-04 03:59:54,660 DEBUG (BaseJdbcLogger.java:143)- <====      Total: 1
2019-09-04 03:59:54,660 DEBUG (BaseJdbcLogger.java:143)- ====>  Preparing: select id, name, sex, birthday, phone, ID_number, email, parent_phone, adress, major, state from student_basic where id = ? 
