2019-09-24 17:33:32,121 DEBUG (BaseJdbcLogger.java:143)- <==      Total: 4
2019-09-24 17:33:32,124 DEBUG (BaseJdbcLogger.java:143)- ==>  Preparing: select student_status.id,student_status.basic_id, student_status.student_id, student_status.class_id from student_status,student_basic where student_status.basic_id=student_basic.id and student_basic.sex=? and student_status.class_id=? 
2019-09-24 17:33:32,124 DEBUG (BaseJdbcLogger.java:143)- ==> Parameters: 女(String), 130503201904(String)
2019-09-24 17:33:32,126 DEBUG (BaseJdbcLogger.java:143)- ====>  Preparing: select id, name, sex, birthday, phone, ID_number, email, parent_phone, adress, major, state from student_basic where id = ? 
2019-09-24 17:33:32,126 DEBUG (BaseJdbcLogger.java:143)- ====> Parameters: 26576(String)
2019-09-24 17:33:32,129 DEBUG (BaseJdbcLogger.java:143)- <====      Total: 1
2019-09-24 17:33:32,129 DEBUG (BaseJdbcLogger.java:143)- ====>  Preparing: select id, class_id, name, director, grade, major_id from class WHERE class_id = ? 
2019-09-24 17:33:32,130 DEBUG (BaseJdbcLogger.java:143)- ====> Parameters: 130503201904(String)
2019-09-24 17:33:32,131 DEBUG (BaseJdbcLogger.java:143)- ======>  Preparing: select id, major_id, name, price, department_id from major where major_id = ? 
2019-09-24 17:33:32,132 DEBUG (BaseJdbcLogger.java:143)- ======> Parameters: 130503(String)
2019-09-24 17:33:32,133 DEBUG (BaseJdbcLogger.java:143)- <======      Total: 1
2019-09-24 17:33:32,133 DEBUG (BaseJdbcLogger.java:143)- <====      Total: 1
2019-09-24 17:33:32,134 DEBUG (BaseJdbcLogger.java:143)- ====>  Preparing: select id, name, sex, birthday, phone, ID_number, email, parent_phone, adress, major, state from student_basic where id = ? 
2019-09-24 17:33:32,134 DEBUG (BaseJdbcLogger.java:143)- ====> Parameters: 26577(String)
2019-09-24 17:33:32,135 DEBUG (BaseJdbcLogger.java:143)- <====      Total: 1
2019-09-24 17:33:32,136 DEBUG (BaseJdbcLogger.java:143)- ====>  Preparing: select id, name, sex, birthday, phone, ID_number, email, parent_phone, adress, major, state from student_basic where id = ? 
2019-09-24 17:33:32,137 DEBUG (BaseJdbcLogger.java:143)- ====> Parameters: 26578(String)
2019-09-24 17:33:32,138 DEBUG (BaseJdbcLogger.java:143)- <====      Total: 1
2019-09-24 17:33:32,139 DEBUG (BaseJdbcLogger.java:143)- ====>  Preparing: select id, name, sex, birthday, phone, ID_number, email, parent_phone, adress, major, state from student_basic where id = ? 
2019-09-24 17:33:32,140 DEBUG (BaseJdbcLogger.java:143)- ====> Parameters: 26581(String)
2019-09-24 17:33:32,141 DEBUG (BaseJdbcLogger.java:143)- <====      Total: 1
2019-09-24 17:33:32,142 DEBUG (BaseJdbcLogger.java:143)- ====>  Preparing: select id, name, sex, birthday, phone, ID_number, email, parent_phone, adress, major, state from student_basic where id = ? 
2019-09-24 17:33:32,143 DEBUG (BaseJdbcLogger.java:143)- ====> Parameters: 26582(String)
2019-09-24 17:33:32,143 DEBUG (BaseJdbcLogger.java:143)- <====      Total: 1
2019-09-24 17:33:32,144 DEBUG (BaseJdbcLogger.java:143)- ====>  Preparing: select id, name, sex, birthday, phone, ID_number, email, parent_phone, adress, major, state from student_basic where id = ? 
2019-09-24 17:33:32,145 DEBUG (BaseJdbcLogger.java:143)- ====> Parameters: 26584(String)
2019-09-24 17:33:32,146 DEBUG (BaseJdbcLogger.java:143)- <====      Total: 1
2019-09-24 17:33:32,147 DEBUG (BaseJdbcLogger.java:143)- ====>  Preparing: select id, name, sex, birthday, phone, ID_number, email, parent_phone, adress, major, state from student_basic where id = ? 
2019-09-24 17:33:32,147 DEBUG (BaseJdbcLogger.java:143)- ====> Parameters: 26585(String)
2019-09-24 17:33:32,148 DEBUG (BaseJdbcLogger.java:143)- <====      Total: 1
2019-09-24 17:33:32,149 DEBUG (BaseJdbcLogger.java:143)- ====>  Preparing: select id, name, sex, birthday, phone, ID_number, email, parent_phone, adress, major, state from student_basic where id = ? 
2019-09-24 17:33:32,150 DEBUG (BaseJdbcLogger.java:143)- ====> Parameters: 26587(String)
2019-09-24 17:33:32,150 DEBUG (BaseJdbcLogger.java:143)- <====      Total: 1
2019-09-24 17:33:32,151 DEBUG (BaseJdbcLogger.java:143)- ====>  Preparing: select id, name, sex, birthday, phone, ID_number, email, parent_phone, adress, major, state from student_basic where id = ? 
2019-09-24 17:33:32,151 DEBUG (BaseJdbcLogger.java:143)- ====> Parameters: 26588(String)
2019-09-24 17:33:32,152 DEBUG (BaseJdbcLogger.java:143)- <====      Total: 1
2019-09-24 17:33:32,153 DEBUG (BaseJdbcLogger.java:143)- ====>  Preparing: select id, name, sex, birthday, phone, ID_number, email, parent_phone, adress, major, state from student_basic where id = ? 
2019-09-24 17:33:32,154 DEBUG (BaseJdbcLogger.java:143)- ====> Parameters: 26591(String)
2019-09-24 17:33:32,156 DEBUG (BaseJdbcLogger.java:143)- <====      Total: 1
2019-09-24 17:33:32,157 DEBUG (BaseJdbcLogger.java:143)- ====>  Preparing: select id, name, sex, birthday, phone, ID_number, email, parent_phone, adress, major, state from student_basic where id = ? 
2019-09-24 17:33:32,157 DEBUG (BaseJdbcLogger.java:143)- ====> Parameters: 26594(String)
2019-09-24 17:33:32,159 DEBUG (BaseJdbcLogger.java:143)- <====      Total: 1
2019-09-24 17:33:32,159 DEBUG (BaseJdbcLogger.java:143)- ====>  Preparing: select id, name, sex, birthday, phone, ID_number, email, parent_phone, adress, major, state from student_basic where id = ? 
2019-09-24 17:33:32,160 DEBUG (BaseJdbcLogger.java:143)- ====> Parameters: 26596(String)
2019-09-24 17:33:32,161 DEBUG (BaseJdbcLogger.java:143)- <====      Total: 1
2019-09-24 17:33:32,161 DEBUG (BaseJdbcLogger.java:143)- ====>  Preparing: select id, name, sex, birthday, phone, ID_number, email, parent_phone, adress, major, state from student_basic where id = ? 
2019-09-24 17:33:32,162 DEBUG (BaseJdbcLogger.java:143)- ====> Parameters: 26598(String)
2019-09-24 17:33:32,163 DEBUG (BaseJdbcLogger.java:143)- <====      Total: 1
2019-09-24 17:33:32,164 DEBUG (BaseJdbcLogger.java:143)- ====>  Preparing: select id, name, sex, birthday, phone, ID_number, email, parent_phone, adress, major, state from student_basic where id = ? 
2019-09-24 17:33:32,164 DEBUG (BaseJdbcLogger.java:143)- ====> Parameters: 26599(String)
2019-09-24 17:33:32,165 DEBUG (BaseJdbcLogger.java:143)- <====      Total: 1
2019-09-24 17:33:32,166 DEBUG (BaseJdbcLogger.java:143)- ====>  Preparing: select id, name, sex, birthday, phone, ID_number, email, parent_phone, adress, major, state from student_basic where id = ? 
2019-09-24 17:33:32,166 DEBUG (BaseJdbcLogger.java:143)- ====> Parameters: 26602(String)
2019-09-24 17:33:32,167 DEBUG (BaseJdbcLogger.java:143)- <====      Total: 1
2019-09-24 17:33:32,168 DEBUG (BaseJdbcLogger.java:143)- ====>  Preparing: select id, name, sex, birthday, phone, ID_number, email, parent_phone, adress, major, state from student_basic where id = ? 
2019-09-24 17:33:32,169 DEBUG (BaseJdbcLogger.java:143)- ====> Parameters: 26603(String)
2019-09-24 17:33:32,170 DEBUG (BaseJdbcLogger.java:143)- <====      Total: 1
2019-09-24 17:33:32,173 DEBUG (BaseJdbcLogger.java:143)- ====>  Preparing: select id, name, sex, birthday, phone, ID_number, email, parent_phone, adress, major, state from student_basic where id = ? 
2019-09-24 17:33:32,173 DEBUG (BaseJdbcLogger.java:143)- ====> Parameters: 26604(String)
2019-09-24 17:33:32,175 DEBUG (BaseJdbcLogger.java:143)- <====      Total: 1
2019-09-24 17:33:32,176 DEBUG (BaseJdbcLogger.java:143)- ====>  Preparing: select id, name, sex, birthday, phone, ID_number, email, parent_phone, adress, major, state from student_basic where id = ? 
2019-09-24 17:33:32,176 DEBUG (BaseJdbcLogger.java:143)- ====> Parameters: 26605(String)
2019-09-24 17:33:32,178 DEBUG (BaseJdbcLogger.java:143)- <====      Total: 1
2019-09-24 17:33:32,178 DEBUG (BaseJdbcLogger.java:143)- ====>  Preparing: select id, name, sex, birthday, phone, ID_number, email, parent_phone, adress, major, state from student_basic where id = ? 
2019-09-24 17:33:32,179 DEBUG (BaseJdbcLogger.java:143)- ====> Parameters: 26607(String)
2019-09-24 17:33:32,180 DEBUG (BaseJdbcLogger.java:143)- <====      Total: 1
2019-09-24 17:33:32,181 DEBUG (BaseJdbcLogger.java:143)- <==      Total: 19
2019-09-24 17:33:32,182 DEBUG (BaseJdbcLogger.java:143)- ==>  Preparing: select dormitory_allocation.id, dormitory_allocation.class_id, dormitory_allocation.dormitory_id,dormitory_allocation.number from dormitory_allocation,dormitory WHERE dormitory_allocation.dormitory_id=dormitory.id and dormitory.sex=? and class_id = ? 
2019-09-24 17:33:32,183 DEBUG (BaseJdbcLogger.java:143)- ==> Parameters: 女(String), 130503201904(String)
2019-09-24 17:33:32,184 DEBUG (BaseJdbcLogger.java:143)- ====>  Preparing: select id, dong, floor, room, sex, number, rent,hasnumber from dormitory where id = ? 
2019-09-24 17:33:32,185 DEBUG (BaseJdbcLogger.java:143)- ====> Parameters: 496(Integer)
2019-09-24 17:33:32,185 DEBUG (BaseJdbcLogger.java:143)- <====      Total: 1
2019-09-24 17:33:32,186 DEBUG (BaseJdbcLogger.java:143)- ====>  Preparing: select id, dong, floor, room, sex, number, rent,hasnumber from dormitory where id = ? 
2019-09-24 17:33:32,187 DEBUG (BaseJdbcLogger.java:143)- ====> Parameters: 497(Integer)
2019-09-24 17:33:32,189 DEBUG (BaseJdbcLogger.java:143)- <====      Total: 1
2019-09-24 17:33:32,189 DEBUG (BaseJdbcLogger.java:143)- ====>  Preparing: select id, dong, floor, room, sex, number, rent,hasnumber from dormitory where id = ? 
2019-09-24 17:33:32,190 DEBUG (BaseJdbcLogger.java:143)- ====> Parameters: 498(Integer)
2019-09-24 17:33:32,191 DEBUG (BaseJdbcLogger.java:143)- <====      Total: 1
2019-09-24 17:33:32,191 DEBUG (BaseJdbcLogger.java:143)- ====>  Preparing: select id, dong, floor, room, sex, number, rent,hasnumber from dormitory where id = ? 
2019-09-24 17:33:32,192 DEBUG (BaseJdbcLogger.java:143)- ====> Parameters: 499(Integer)
2019-09-24 17:33:32,193 DEBUG (BaseJdbcLogger.java:143)- <====      Total: 1
2019-09-24 17:33:32,194 DEBUG (BaseJdbcLogger.java:143)- <==      Total: 4
2019-09-24 17:33:32,194 DEBUG (BaseJdbcLogger.java:143)- ==>  Preparing: select student_status.id,student_status.basic_id, student_status.student_id, student_status.class_id from student_status,student_basic where student_status.basic_id=student_basic.id and student_basic.sex=? and student_status.class_id=? 
2019-09-24 17:33:32,194 DEBUG (BaseJdbcLogger.java:143)- ==> Parameters: 女(String), 080702201901(String)
2019-09-24 17:33:32,196 DEBUG (BaseJdbcLogger.java:143)- ====>  Preparing: select id, name, sex, birthday, phone, ID_number, email, parent_phone, adress, major, state from student_basic where id = ? 
2019-09-24 17:33:32,197 DEBUG (BaseJdbcLogger.java:143)- ====> Parameters: 26218(String)
2019-09-24 17:33:32,197 DEBUG (BaseJdbcLogger.java:143)- <====      Total: 1
2019-09-24 17:33:32,198 DEBUG (BaseJdbcLogger.java:143)- ====>  Preparing: select id, class_id, name, director, grade, major_id from class WHERE class_id = ? 
2019-09-24 17:33:32,198 DEBUG (BaseJdbcLogger.java:143)- ====> Parameters: 080702201901(String)
2019-09-24 17:33:32,199 DEBUG (BaseJdbcLogger.java:143)- ======>  Preparing: select id, major_id, name, price, department_id from major where major_id = ? 
2019-09-24 17:33:32,200 DEBUG (BaseJdbcLogger.java:143)- ======> Parameters: 080702(String)
2019-09-24 17:33:32,201 DEBUG (BaseJdbcLogger.java:143)- <======      Total: 1
2019-09-24 17:33:32,201 DEBUG (BaseJdbcLogger.java:143)- <====      Total: 1
2019-09-24 17:33:32,202 DEBUG (BaseJdbcLogger.java:143)- ====>  Preparing: select id, name, sex, birthday, phone, ID_number, email, parent_phone, adress, major, state from student_basic where id = ? 
2019-09-24 17:33:32,202 DEBUG (BaseJdbcLogger.java:143)- ====> Parameters: 26220(String)
2019-09-24 17:33:32,204 DEBUG (BaseJdbcLogger.java:143)- <====      Total: 1
2019-09-24 17:33:32,205 DEBUG (BaseJdbcLogger.java:143)- ====>  Preparing: select id, name, sex, birthday, phone, ID_number, email, parent_phone, adress, major, state from student_basic where id = ? 
2019-09-24 17:33:32,205 DEBUG (BaseJdbcLogger.java:143)- ====> Parameters: 26221(String)
2019-09-24 17:33:32,206 DEBUG (BaseJdbcLogger.java:143)- <====      Total: 1
2019-09-24 17:33:32,207 DEBUG (BaseJdbcLogger.java:143)- ====>  Preparing: select id, name, sex, birthday, phone, ID_number, email, parent_phone, adress, major, state from student_basic where id = ? 
2019-09-24 17:33:32,208 DEBUG (BaseJdbcLogger.java:143)- ====> Parameters: 26225(String)
2019-09-24 17:33:32,209 DEBUG (BaseJdbcLogger.java:143)- <====      Total: 1
2019-09-24 17:33:32,210 DEBUG (BaseJdbcLogger.java:143)- ====>  Preparing: select id, name, sex, birthday, phone, ID_number, email, parent_phone, adress, major, state from student_basic where id = ? 
2019-09-24 17:33:32,211 DEBUG (BaseJdbcLogger.java:143)- ====> Parameters: 26229(String)
2019-09-24 17:33:32,212 DEBUG (BaseJdbcLogger.java:143)- <====      Total: 1
2019-09-24 17:33:32,213 DEBUG (BaseJdbcLogger.java:143)- ====>  Preparing: select id, name, sex, birthday, phone, ID_number, email, parent_phone, adress, major, state from student_basic where id = ? 
2019-09-24 17:33:32,214 DEBUG (BaseJdbcLogger.java:143)- ====> Parameters: 26235(String)
2019-09-24 17:33:32,215 DEBUG (BaseJdbcLogger.java:143)- <====      Total: 1
2019-09-24 17:33:32,215 DEBUG (BaseJdbcLogger.java:143)- ====>  Preparing: select id, name, sex, birthday, phone, ID_number, email, parent_phone, adress, major, state from student_basic where id = ? 
2019-09-24 17:33:32,216 DEBUG (BaseJdbcLogger.java:143)- ====> Parameters: 26237(String)
2019-09-24 17:33:32,217 DEBUG (BaseJdbcLogger.java:143)- <====      Total: 1
2019-09-24 17:33:32,218 DEBUG (BaseJdbcLogger.java:143)- ====>  Preparing: select id, name, sex, birthday, phone, ID_number, email, parent_phone, adress, major, state from student_basic where id = ? 
2019-09-24 17:33:32,218 DEBUG (BaseJdbcLogger.java:143)- ====> Parameters: 26238(String)
2019-09-24 17:33:32,219 DEBUG (BaseJdbcLogger.java:143)- <====      Total: 1
2019-09-24 17:33:32,220 DEBUG (BaseJdbcLogger.java:143)- ====>  Preparing: select id, name, sex, birthday, phone, ID_number, email, parent_phone, adress, major, state from student_basic where id = ? 
2019-09-24 17:33:32,221 DEBUG (BaseJdbcLogger.java:143)- ====> Parameters: 26239(String)
2019-09-24 17:33:32,223 DEBUG (BaseJdbcLogger.java:143)- <====      Total: 1
2019-09-24 17:33:32,224 DEBUG (BaseJdbcLogger.java:143)- ====>  Preparing: select id, name, sex, birthday, phone, ID_number, email, parent_phone, adress, major, state from student_basic where id = ? 
2019-09-24 17:33:32,224 DEBUG (BaseJdbcLogger.java:143)- ====> Parameters: 26240(String)
2019-09-24 17:33:32,225 DEBUG (BaseJdbcLogger.java:143)- <====      Total: 1
2019-09-24 17:33:32,226 DEBUG (BaseJdbcLogger.java:143)- ====>  Preparing: select id, name, sex, birthday, phone, ID_number, email, parent_phone, adress, major, state from student_basic where id = ? 
2019-09-24 17:33:32,227 DEBUG (BaseJdbcLogger.java:143)- ====> Parameters: 26241(String)
2019-09-24 17:33:32,228 DEBUG (BaseJdbcLogger.java:143)- <====      Total: 1
2019-09-24 17:33:32,228 DEBUG (BaseJdbcLogger.java:143)- ====>  Preparing: select id, name, sex, birthday, phone, ID_number, email, parent_phone, adress, major, state from student_basic where id = ? 
2019-09-24 17:33:32,229 DEBUG (BaseJdbcLogger.java:143)- ====> Parameters: 26243(String)
2019-09-24 17:33:32,230 DEBUG (BaseJdbcLogger.java:143)- <====      Total: 1
2019-09-24 17:33:32,230 DEBUG (BaseJdbcLogger.java:143)- ====>  Preparing: select id, name, sex, birthday, phone, ID_number, email, parent_phone, adress, major, state from student_basic where id = ? 
2019-09-24 17:33:32,231 DEBUG (BaseJdbcLogger.java:143)- ====> Parameters: 26244(String)
2019-09-24 17:33:32,232 DEBUG (BaseJdbcLogger.java:143)- <====      Total: 1
2019-09-24 17:33:32,232 DEBUG (BaseJdbcLogger.java:143)- ====>  Preparing: select id, name, sex, birthday, phone, ID_number, email, parent_phone, adress, major, state from student_basic where id = ? 
2019-09-24 17:33:32,233 DEBUG (BaseJdbcLogger.java:143)- ====> Parameters: 26260(String)
2019-09-24 17:33:32,234 DEBUG (BaseJdbcLogger.java:143)- <====      Total: 1
2019-09-24 17:33:32,235 DEBUG (BaseJdbcLogger.java:143)- ====>  Preparing: select id, name, sex, birthday, phone, ID_number, email, parent_phone, adress, major, state from student_basic where id = ? 
2019-09-24 17:33:32,235 DEBUG (BaseJdbcLogger.java:143)- ====> Parameters: 26263(String)
2019-09-24 17:33:32,236 DEBUG (BaseJdbcLogger.java:143)- <====      Total: 1
2019-09-24 17:33:32,237 DEBUG (BaseJdbcLogger.java:143)- <==      Total: 15
2019-09-24 17:33:32,238 DEBUG (BaseJdbcLogger.java:143)- ==>  Preparing: select dormitory_allocation.id, dormitory_allocation.class_id, dormitory_allocation.dormitory_id,dormitory_allocation.number from dormitory_allocation,dormitory WHERE dormitory_allocation.dormitory_id=dormitory.id and dormitory.sex=? and class_id = ? 
2019-09-24 17:33:32,239 DEBUG (BaseJdbcLogger.java:143)- ==> Parameters: 女(String), 080702201901(String)
2019-09-24 17:33:32,240 DEBUG (BaseJdbcLogger.java:143)- ====>  Preparing: select id, dong, floor, room, sex, number, rent,hasnumber from dormitory where id = ? 
2019-09-24 17:33:32,241 DEBUG (BaseJdbcLogger.java:143)- ====> Parameters: 500(Integer)
2019-09-24 17:33:32,242 DEBUG (BaseJdbcLogger.java:143)- <====      Total: 1
2019-09-24 17:33:32,243 DEBUG (BaseJdbcLogger.java:143)- ====>  Preparing: select id, dong, floor, room, sex, number, rent,hasnumber from dormitory where id = ? 
2019-09-24 17:33:32,243 DEBUG (BaseJdbcLogger.java:143)- ====> Parameters: 501(Integer)
2019-09-24 17:33:32,244 DEBUG (BaseJdbcLogger.java:143)- <====      Total: 1
2019-09-24 17:33:32,245 DEBUG (BaseJdbcLogger.java:143)- ====>  Preparing: select id, dong, floor, room, sex, number, rent,hasnumber from dormitory where id = ? 
2019-09-24 17:33:32,246 DEBUG (BaseJdbcLogger.java:143)- ====> Parameters: 502(Integer)
2019-09-24 17:33:32,247 DEBUG (BaseJdbcLogger.java:143)- <====      Total: 1
2019-09-24 17:33:32,248 DEBUG (BaseJdbcLogger.java:143)- <==      Total: 3
2019-09-24 17:33:32,248 DEBUG (BaseJdbcLogger.java:143)- ==>  Preparing: select student_status.id,student_status.basic_id, student_status.student_id, student_status.class_id from student_status,student_basic where student_status.basic_id=student_basic.id and student_basic.sex=? and student_status.class_id=? 
2019-09-24 17:33:32,249 DEBUG (BaseJdbcLogger.java:143)- ==> Parameters: 女(String), 080702201902(String)
2019-09-24 17:33:32,250 DEBUG (BaseJdbcLogger.java:143)- ====>  Preparing: select id, name, sex, birthday, phone, ID_number, email, parent_phone, adress, major, state from student_basic where id = ? 
2019-09-24 17:33:32,251 DEBUG (BaseJdbcLogger.java:143)- ====> Parameters: 26264(String)
2019-09-24 17:33:32,252 DEBUG (BaseJdbcLogger.java:143)- <====      Total: 1
2019-09-24 17:33:32,253 DEBUG (BaseJdbcLogger.java:143)- ====>  Preparing: select id, class_id, name, director, grade, major_id from class WHERE class_id = ? 
2019-09-24 17:33:32,254 DEBUG (BaseJdbcLogger.java:143)- ====> Parameters: 080702201902(String)
2019-09-24 17:33:32,255 DEBUG (BaseJdbcLogger.java:143)- ======>  Preparing: select id, major_id, name, price, department_id from major where major_id = ? 
2019-09-24 17:33:32,256 DEBUG (BaseJdbcLogger.java:143)- ======> Parameters: 080702(String)
2019-09-24 17:33:32,257 DEBUG (BaseJdbcLogger.java:143)- <======      Total: 1
2019-09-24 17:33:32,257 DEBUG (BaseJdbcLogger.java:143)- <====      Total: 1
2019-09-24 17:33:32,258 DEBUG (BaseJdbcLogger.java:143)- ====>  Preparing: select id, name, sex, birthday, phone, ID_number, email, parent_phone, adress, major, state from student_basic where id = ? 
2019-09-24 17:33:32,258 DEBUG (BaseJdbcLogger.java:143)- ====> Parameters: 26269(String)
2019-09-24 17:33:32,259 DEBUG (BaseJdbcLogger.java:143)- <====      Total: 1
2019-09-24 17:33:32,260 DEBUG (BaseJdbcLogger.java:143)- ====>  Preparing: select id, name, sex, birthday, phone, ID_number, email, parent_phone, adress, major, state from student_basic where id = ? 
2019-09-24 17:33:32,260 DEBUG (BaseJdbcLogger.java:143)- ====> Parameters: 26270(String)
2019-09-24 17:33:32,261 DEBUG (BaseJdbcLogger.java:143)- <====      Total: 1
2019-09-24 17:33:32,262 DEBUG (BaseJdbcLogger.java:143)- ====>  Preparing: select id, name, sex, birthday, phone, ID_number, email, parent_phone, adress, major, state from student_basic where id = ? 
2019-09-24 17:33:32,262 DEBUG (BaseJdbcLogger.java:143)- ====> Parameters: 26272(String)
2019-09-24 17:33:32,263 DEBUG (BaseJdbcLogger.java:143)- <====      Total: 1
2019-09-24 17:33:32,264 DEBUG (BaseJdbcLogger.java:143)- ====>  Preparing: select id, name, sex, birthday, phone, ID_number, email, parent_phone, adress, major, state from student_basic where id = ? 
2019-09-24 17:33:32,264 DEBUG (BaseJdbcLogger.java:143)- ====> Parameters: 26276(String)
2019-09-24 17:33:32,266 DEBUG (BaseJdbcLogger.java:143)- <====      Total: 1
2019-09-24 17:33:32,266 DEBUG (BaseJdbcLogger.java:143)- ====>  Preparing: select id, name, sex, birthday, phone, ID_number, email, parent_phone, adress, major, state from student_basic where id = ? 
2019-09-24 17:33:32,267 DEBUG (BaseJdbcLogger.java:143)- ====> Parameters: 26277(String)
2019-09-24 17:33:32,267 DEBUG (BaseJdbcLogger.java:143)- <====      Total: 1
2019-09-24 17:33:32,268 DEBUG (BaseJdbcLogger.java:143)- ====>  Preparing: select id, name, sex, birthday, phone, ID_number, email, parent_phone, adress, major, state from student_basic where id = ? 
2019-09-24 17:33:32,269 DEBUG (BaseJdbcLogger.java:143)- ====> Parameters: 26280(String)
2019-09-24 17:33:32,269 DEBUG (BaseJdbcLogger.java:143)- <====      Total: 1
2019-09-24 17:33:32,270 DEBUG (BaseJdbcLogger.java:143)- ====>  Preparing: select id, name, sex, birthday, phone, ID_number, email, parent_phone, adress, major, state from student_basic where id = ? 
2019-09-24 17:33:32,271 DEBUG (BaseJdbcLogger.java:143)- ====> Parameters: 26283(String)
2019-09-24 17:33:32,275 DEBUG (BaseJdbcLogger.java:143)- <====      Total: 1
2019-09-24 17:33:32,276 DEBUG (BaseJdbcLogger.java:143)- ====>  Preparing: select id, name, sex, birthday, phone, ID_number, email, parent_phone, adress, major, state from student_basic where id = ? 
2019-09-24 17:33:32,277 DEBUG (BaseJdbcLogger.java:143)- ====> Parameters: 26284(String)
2019-09-24 17:33:32,278 DEBUG (BaseJdbcLogger.java:143)- <====      Total: 1
2019-09-24 17:33:32,279 DEBUG (BaseJdbcLogger.java:143)- ====>  Preparing: select id, name, sex, birthday, phone, ID_number, email, parent_phone, adress, major, state from student_basic where id = ? 
2019-09-24 17:33:32,279 DEBUG (BaseJdbcLogger.java:143)- ====> Parameters: 26286(String)
2019-09-24 17:33:32,280 DEBUG (BaseJdbcLogger.java:143)- <====      Total: 1
2019-09-24 17:33:32,281 DEBUG (BaseJdbcLogger.java:143)- ====>  Preparing: select id, name, sex, birthday, phone, ID_number, email, parent_phone, adress, major, state from student_basic where id = ? 
2019-09-24 17:33:32,282 DEBUG (BaseJdbcLogger.java:143)- ====> Parameters: 26290(String)
2019-09-24 17:33:32,283 DEBUG (BaseJdbcLogger.java:143)- <====      Total: 1
2019-09-24 17:33:32,284 DEBUG (BaseJdbcLogger.java:143)- ====>  Preparing: select id, name, sex, birthday, phone, ID_number, email, parent_phone, adress, major, state from student_basic where id = ? 
2019-09-24 17:33:32,284 DEBUG (BaseJdbcLogger.java:143)- ====> Parameters: 26292(String)
2019-09-24 17:33:32,286 DEBUG (BaseJdbcLogger.java:143)- <====      Total: 1
2019-09-24 17:33:32,286 DEBUG (BaseJdbcLogger.java:143)- ====>  Preparing: select id, name, sex, birthday, phone, ID_number, email, parent_phone, adress, major, state from student_basic where id = ? 
2019-09-24 17:33:32,287 DEBUG (BaseJdbcLogger.java:143)- ====> Parameters: 26297(String)
2019-09-24 17:33:32,289 DEBUG (BaseJdbcLogger.java:143)- <====      Total: 1
2019-09-24 17:33:32,293 DEBUG (BaseJdbcLogger.java:143)- ====>  Preparing: select id, name, sex, birthday, phone, ID_number, email, parent_phone, adress, major, state from student_basic where id = ? 
2019-09-24 17:33:32,294 DEBUG (BaseJdbcLogger.java:143)- ====> Parameters: 26298(String)
2019-09-24 17:33:32,295 DEBUG (BaseJdbcLogger.java:143)- <====      Total: 1
2019-09-24 17:33:32,296 DEBUG (BaseJdbcLogger.java:143)- ====>  Preparing: select id, name, sex, birthday, phone, ID_number, email, parent_phone, adress, major, state from student_basic where id = ? 
2019-09-24 17:33:32,297 DEBUG (BaseJdbcLogger.java:143)- ====> Parameters: 26299(String)
2019-09-24 17:33:32,297 DEBUG (BaseJdbcLogger.java:143)- <====      Total: 1
2019-09-24 17:33:32,298 DEBUG (BaseJdbcLogger.java:143)- <==      Total: 15
2019-09-24 17:33:32,299 DEBUG (BaseJdbcLogger.java:143)- ==>  Preparing: select dormitory_allocation.id, dormitory_allocation.class_id, dormitory_allocation.dormitory_id,dormitory_allocation.number from dormitory_allocation,dormitory WHERE dormitory_allocation.dormitory_id=dormitory.id and dormitory.sex=? and class_id = ? 
2019-09-24 17:33:32,300 DEBUG (BaseJdbcLogger.java:143)- ==> Parameters: 女(String), 080702201902(String)
2019-09-24 17:33:32,301 DEBUG (BaseJdbcLogger.java:143)- ====>  Preparing: select id, dong, floor, room, sex, number, rent,hasnumber from dormitory where id = ? 
2019-09-24 17:33:32,302 DEBUG (BaseJdbcLogger.java:143)- ====> Parameters: 503(Integer)
2019-09-24 17:33:32,303 DEBUG (BaseJdbcLogger.java:143)- <====      Total: 1
2019-09-24 17:33:32,304 DEBUG (BaseJdbcLogger.java:143)- ====>  Preparing: select id, dong, floor, room, sex, number, rent,hasnumber from dormitory where id = ? 
2019-09-24 17:33:32,305 DEBUG (BaseJdbcLogger.java:143)- ====> Parameters: 504(Integer)
2019-09-24 17:33:32,309 DEBUG (BaseJdbcLogger.java:143)- <====      Total: 1
2019-09-24 17:33:32,311 DEBUG (BaseJdbcLogger.java:143)- ====>  Preparing: select id, dong, floor, room, sex, number, rent,hasnumber from dormitory where id = ? 
2019-09-24 17:33:32,311 DEBUG (BaseJdbcLogger.java:143)- ====> Parameters: 505(Integer)
2019-09-24 17:33:32,312 DEBUG (BaseJdbcLogger.java:143)- <====      Total: 1
2019-09-24 17:33:32,313 DEBUG (BaseJdbcLogger.java:143)- <==      Total: 3
2019-09-24 17:33:32,313 DEBUG (BaseJdbcLogger.java:143)- ==>  Preparing: select student_status.id,student_status.basic_id, student_status.student_id, student_status.class_id from student_status,student_basic where student_status.basic_id=student_basic.id and student_basic.sex=? and student_status.class_id=? 
2019-09-24 17:33:32,314 DEBUG (BaseJdbcLogger.java:143)- ==> Parameters: 女(String), 080702201903(String)
2019-09-24 17:33:32,315 DEBUG (BaseJdbcLogger.java:143)- ====>  Preparing: select id, name, sex, birthday, phone, ID_number, email, parent_phone, adress, major, state from student_basic where id = ? 
2019-09-24 17:33:32,316 DEBUG (BaseJdbcLogger.java:143)- ====> Parameters: 26301(String)
2019-09-24 17:33:32,317 DEBUG (BaseJdbcLogger.java:143)- <====      Total: 1
2019-09-24 17:33:32,318 DEBUG (BaseJdbcLogger.java:143)- ====>  Preparing: select id, class_id, name, director, grade, major_id from class WHERE class_id = ? 
2019-09-24 17:33:32,319 DEBUG (BaseJdbcLogger.java:143)- ====> Parameters: 080702201903(String)
2019-09-24 17:33:32,320 DEBUG (BaseJdbcLogger.java:143)- ======>  Preparing: select id, major_id, name, price, department_id from major where major_id = ? 
2019-09-24 17:33:32,321 DEBUG (BaseJdbcLogger.java:143)- ======> Parameters: 080702(String)
2019-09-24 17:33:32,327 DEBUG (BaseJdbcLogger.java:143)- <======      Total: 1
2019-09-24 17:33:32,328 DEBUG (BaseJdbcLogger.java:143)- <====      Total: 1
2019-09-24 17:33:32,328 DEBUG (BaseJdbcLogger.java:143)- ====>  Preparing: select id, name, sex, birthday, phone, ID_number, email, parent_phone, adress, major, state from student_basic where id = ? 
2019-09-24 17:33:32,329 DEBUG (BaseJdbcLogger.java:143)- ====> Parameters: 26302(String)
2019-09-24 17:33:32,330 DEBUG (BaseJdbcLogger.java:143)- <====      Total: 1
2019-09-24 17:33:32,331 DEBUG (BaseJdbcLogger.java:143)- ====>  Preparing: select id, name, sex, birthday, phone, ID_number, email, parent_phone, adress, major, state from student_basic where id = ? 
2019-09-24 17:33:32,332 DEBUG (BaseJdbcLogger.java:143)- ====> Parameters: 26304(String)
2019-09-24 17:33:32,333 DEBUG (BaseJdbcLogger.java:143)- <====      Total: 1
2019-09-24 17:33:32,333 DEBUG (BaseJdbcLogger.java:143)- ====>  Preparing: select id, name, sex, birthday, phone, ID_number, email, parent_phone, adress, major, state from student_basic where id = ? 
2019-09-24 17:33:32,334 DEBUG (BaseJdbcLogger.java:143)- ====> Parameters: 26305(String)
2019-09-24 17:33:32,335 DEBUG (BaseJdbcLogger.java:143)- <====      Total: 1
2019-09-24 17:33:32,335 DEBUG (BaseJdbcLogger.java:143)- ====>  Preparing: select id, name, sex, birthday, phone, ID_number, email, parent_phone, adress, major, state from student_basic where id = ? 
2019-09-24 17:33:32,336 DEBUG (BaseJdbcLogger.java:143)- ====> Parameters: 26309(String)
2019-09-24 17:33:32,337 DEBUG (BaseJdbcLogger.java:143)- <====      Total: 1
2019-09-24 17:33:32,340 DEBUG (BaseJdbcLogger.java:143)- ====>  Preparing: select id, name, sex, birthday, phone, ID_number, email, parent_phone, adress, major, state from student_basic where id = ? 
2019-09-24 17:33:32,343 DEBUG (BaseJdbcLogger.java:143)- ====> Parameters: 26310(String)
2019-09-24 17:33:32,344 DEBUG (BaseJdbcLogger.java:143)- <====      Total: 1
2019-09-24 17:33:32,344 DEBUG (BaseJdbcLogger.java:143)- ====>  Preparing: select id, name, sex, birthday, phone, ID_number, email, parent_phone, adress, major, state from student_basic where id = ? 
2019-09-24 17:33:32,345 DEBUG (BaseJdbcLogger.java:143)- ====> Parameters: 26311(String)
2019-09-24 17:33:32,346 DEBUG (BaseJdbcLogger.java:143)- <====      Total: 1
2019-09-24 17:33:32,347 DEBUG (BaseJdbcLogger.java:143)- ====>  Preparing: select id, name, sex, birthday, phone, ID_number, email, parent_phone, adress, major, state from student_basic where id = ? 
2019-09-24 17:33:32,348 DEBUG (BaseJdbcLogger.java:143)- ====> Parameters: 26316(String)
2019-09-24 17:33:32,349 DEBUG (BaseJdbcLogger.java:143)- <====      Total: 1
2019-09-24 17:33:32,350 DEBUG (BaseJdbcLogger.java:143)- ====>  Preparing: select id, name, sex, birthday, phone, ID_number, email, parent_phone, adress, major, state from student_basic where id = ? 
2019-09-24 17:33:32,350 DEBUG (BaseJdbcLogger.java:143)- ====> Parameters: 26318(String)
2019-09-24 17:33:32,351 DEBUG (BaseJdbcLogger.java:143)- <====      Total: 1
2019-09-24 17:33:32,352 DEBUG (BaseJdbcLogger.java:143)- ====>  Preparing: select id, name, sex, birthday, phone, ID_number, email, parent_phone, adress, major, state from student_basic where id = ? 
2019-09-24 17:33:32,352 DEBUG (BaseJdbcLogger.java:143)- ====> Parameters: 26326(String)
2019-09-24 17:33:32,355 DEBUG (BaseJdbcLogger.java:143)- <====      Total: 1
2019-09-24 17:33:32,358 DEBUG (BaseJdbcLogger.java:143)- ====>  Preparing: select id, name, sex, birthday, phone, ID_number, email, parent_phone, adress, major, state from student_basic where id = ? 
2019-09-24 17:33:32,360 DEBUG (BaseJdbcLogger.java:143)- ====> Parameters: 26327(String)
2019-09-24 17:33:32,362 DEBUG (BaseJdbcLogger.java:143)- <====      Total: 1
2019-09-24 17:33:32,364 DEBUG (BaseJdbcLogger.java:143)- ====>  Preparing: select id, name, sex, birthday, phone, ID_number, email, parent_phone, adress, major, state from student_basic where id = ? 
