2019-09-23 05:07:16,329 DEBUG (BaseJdbcLogger.java:143)- <====      Total: 1
2019-09-23 05:07:16,331 DEBUG (BaseJdbcLogger.java:143)- ====>  Preparing: select id, name, sex, birthday, phone, ID_number, email, parent_phone, adress, major, state from student_basic where id = ? 
2019-09-23 05:07:16,331 DEBUG (BaseJdbcLogger.java:143)- ====> Parameters: 25099(String)
2019-09-23 05:07:16,332 DEBUG (BaseJdbcLogger.java:143)- <====      Total: 1
2019-09-23 05:07:16,333 DEBUG (BaseJdbcLogger.java:143)- ====>  Preparing: select id, name, sex, birthday, phone, ID_number, email, parent_phone, adress, major, state from student_basic where id = ? 
2019-09-23 05:07:16,333 DEBUG (BaseJdbcLogger.java:143)- ====> Parameters: 25100(String)
2019-09-23 05:07:16,334 DEBUG (BaseJdbcLogger.java:143)- <====      Total: 1
2019-09-23 05:07:16,334 DEBUG (BaseJdbcLogger.java:143)- ====>  Preparing: select id, name, sex, birthday, phone, ID_number, email, parent_phone, adress, major, state from student_basic where id = ? 
2019-09-23 05:07:16,335 DEBUG (BaseJdbcLogger.java:143)- ====> Parameters: 25102(String)
2019-09-23 05:07:16,335 DEBUG (BaseJdbcLogger.java:143)- <====      Total: 1
2019-09-23 05:07:16,337 DEBUG (BaseJdbcLogger.java:143)- ====>  Preparing: select id, name, sex, birthday, phone, ID_number, email, parent_phone, adress, major, state from student_basic where id = ? 
2019-09-23 05:07:16,337 DEBUG (BaseJdbcLogger.java:143)- ====> Parameters: 25106(String)
2019-09-23 05:07:16,337 DEBUG (BaseJdbcLogger.java:143)- <====      Total: 1
2019-09-23 05:07:16,337 DEBUG (BaseJdbcLogger.java:143)- ====>  Preparing: select id, name, sex, birthday, phone, ID_number, email, parent_phone, adress, major, state from student_basic where id = ? 
2019-09-23 05:07:16,337 DEBUG (BaseJdbcLogger.java:143)- ====> Parameters: 25109(String)
2019-09-23 05:07:16,338 DEBUG (BaseJdbcLogger.java:143)- <====      Total: 1
2019-09-23 05:07:16,339 DEBUG (BaseJdbcLogger.java:143)- ====>  Preparing: select id, name, sex, birthday, phone, ID_number, email, parent_phone, adress, major, state from student_basic where id = ? 
2019-09-23 05:07:16,340 DEBUG (BaseJdbcLogger.java:143)- ====> Parameters: 25110(String)
2019-09-23 05:07:16,340 DEBUG (BaseJdbcLogger.java:143)- <====      Total: 1
2019-09-23 05:07:16,341 DEBUG (BaseJdbcLogger.java:143)- ====>  Preparing: select id, name, sex, birthday, phone, ID_number, email, parent_phone, adress, major, state from student_basic where id = ? 
2019-09-23 05:07:16,342 DEBUG (BaseJdbcLogger.java:143)- ====> Parameters: 25113(String)
2019-09-23 05:07:16,343 DEBUG (BaseJdbcLogger.java:143)- <====      Total: 1
2019-09-23 05:07:16,343 DEBUG (BaseJdbcLogger.java:143)- ====>  Preparing: select id, name, sex, birthday, phone, ID_number, email, parent_phone, adress, major, state from student_basic where id = ? 
2019-09-23 05:07:16,343 DEBUG (BaseJdbcLogger.java:143)- ====> Parameters: 25115(String)
2019-09-23 05:07:16,344 DEBUG (BaseJdbcLogger.java:143)- <====      Total: 1
2019-09-23 05:07:16,344 DEBUG (BaseJdbcLogger.java:143)- ====>  Preparing: select id, name, sex, birthday, phone, ID_number, email, parent_phone, adress, major, state from student_basic where id = ? 
2019-09-23 05:07:16,345 DEBUG (BaseJdbcLogger.java:143)- ====> Parameters: 25116(String)
2019-09-23 05:07:16,346 DEBUG (BaseJdbcLogger.java:143)- <====      Total: 1
2019-09-23 05:07:16,346 DEBUG (BaseJdbcLogger.java:143)- ====>  Preparing: select id, name, sex, birthday, phone, ID_number, email, parent_phone, adress, major, state from student_basic where id = ? 
2019-09-23 05:07:16,346 DEBUG (BaseJdbcLogger.java:143)- ====> Parameters: 25118(String)
2019-09-23 05:07:16,347 DEBUG (BaseJdbcLogger.java:143)- <====      Total: 1
2019-09-23 05:07:16,348 DEBUG (BaseJdbcLogger.java:143)- ====>  Preparing: select id, name, sex, birthday, phone, ID_number, email, parent_phone, adress, major, state from student_basic where id = ? 
2019-09-23 05:07:16,348 DEBUG (BaseJdbcLogger.java:143)- ====> Parameters: 25119(String)
2019-09-23 05:07:16,349 DEBUG (BaseJdbcLogger.java:143)- <====      Total: 1
2019-09-23 05:07:16,350 DEBUG (BaseJdbcLogger.java:143)- ====>  Preparing: select id, name, sex, birthday, phone, ID_number, email, parent_phone, adress, major, state from student_basic where id = ? 
2019-09-23 05:07:16,350 DEBUG (BaseJdbcLogger.java:143)- ====> Parameters: 25121(String)
2019-09-23 05:07:16,352 DEBUG (BaseJdbcLogger.java:143)- <====      Total: 1
2019-09-23 05:07:16,353 DEBUG (BaseJdbcLogger.java:143)- ====>  Preparing: select id, name, sex, birthday, phone, ID_number, email, parent_phone, adress, major, state from student_basic where id = ? 
2019-09-23 05:07:16,353 DEBUG (BaseJdbcLogger.java:143)- ====> Parameters: 25124(String)
2019-09-23 05:07:16,354 DEBUG (BaseJdbcLogger.java:143)- <====      Total: 1
2019-09-23 05:07:16,354 DEBUG (BaseJdbcLogger.java:143)- ====>  Preparing: select id, name, sex, birthday, phone, ID_number, email, parent_phone, adress, major, state from student_basic where id = ? 
2019-09-23 05:07:16,355 DEBUG (BaseJdbcLogger.java:143)- ====> Parameters: 25127(String)
2019-09-23 05:07:16,356 DEBUG (BaseJdbcLogger.java:143)- <====      Total: 1
2019-09-23 05:07:16,356 DEBUG (BaseJdbcLogger.java:143)- ====>  Preparing: select id, name, sex, birthday, phone, ID_number, email, parent_phone, adress, major, state from student_basic where id = ? 
2019-09-23 05:07:16,357 DEBUG (BaseJdbcLogger.java:143)- ====> Parameters: 25130(String)
2019-09-23 05:07:16,358 DEBUG (BaseJdbcLogger.java:143)- <====      Total: 1
2019-09-23 05:07:16,359 DEBUG (BaseJdbcLogger.java:143)- ====>  Preparing: select id, name, sex, birthday, phone, ID_number, email, parent_phone, adress, major, state from student_basic where id = ? 
2019-09-23 05:07:16,361 DEBUG (BaseJdbcLogger.java:143)- ====> Parameters: 25131(String)
2019-09-23 05:07:16,361 DEBUG (BaseJdbcLogger.java:143)- <====      Total: 1
2019-09-23 05:07:16,361 DEBUG (BaseJdbcLogger.java:143)- ====>  Preparing: select id, name, sex, birthday, phone, ID_number, email, parent_phone, adress, major, state from student_basic where id = ? 
2019-09-23 05:07:16,362 DEBUG (BaseJdbcLogger.java:143)- ====> Parameters: 25132(String)
2019-09-23 05:07:16,363 DEBUG (BaseJdbcLogger.java:143)- <====      Total: 1
2019-09-23 05:07:16,363 DEBUG (BaseJdbcLogger.java:143)- ====>  Preparing: select id, name, sex, birthday, phone, ID_number, email, parent_phone, adress, major, state from student_basic where id = ? 
2019-09-23 05:07:16,363 DEBUG (BaseJdbcLogger.java:143)- ====> Parameters: 25133(String)
2019-09-23 05:07:16,364 DEBUG (BaseJdbcLogger.java:143)- <====      Total: 1
2019-09-23 05:07:16,366 DEBUG (BaseJdbcLogger.java:143)- ====>  Preparing: select id, name, sex, birthday, phone, ID_number, email, parent_phone, adress, major, state from student_basic where id = ? 
2019-09-23 05:07:16,367 DEBUG (BaseJdbcLogger.java:143)- ====> Parameters: 25135(String)
2019-09-23 05:07:16,368 DEBUG (BaseJdbcLogger.java:143)- <====      Total: 1
2019-09-23 05:07:16,368 DEBUG (BaseJdbcLogger.java:143)- ====>  Preparing: select id, name, sex, birthday, phone, ID_number, email, parent_phone, adress, major, state from student_basic where id = ? 
2019-09-23 05:07:16,370 DEBUG (BaseJdbcLogger.java:143)- ====> Parameters: 25136(String)
2019-09-23 05:07:16,370 DEBUG (BaseJdbcLogger.java:143)- <====      Total: 1
2019-09-23 05:07:16,370 DEBUG (BaseJdbcLogger.java:143)- ====>  Preparing: select id, name, sex, birthday, phone, ID_number, email, parent_phone, adress, major, state from student_basic where id = ? 
2019-09-23 05:07:16,371 DEBUG (BaseJdbcLogger.java:143)- ====> Parameters: 25139(String)
2019-09-23 05:07:16,372 DEBUG (BaseJdbcLogger.java:143)- <====      Total: 1
2019-09-23 05:07:16,373 DEBUG (BaseJdbcLogger.java:143)- ====>  Preparing: select id, name, sex, birthday, phone, ID_number, email, parent_phone, adress, major, state from student_basic where id = ? 
2019-09-23 05:07:16,374 DEBUG (BaseJdbcLogger.java:143)- ====> Parameters: 25140(String)
2019-09-23 05:07:16,376 DEBUG (BaseJdbcLogger.java:143)- <====      Total: 1
2019-09-23 05:07:16,377 DEBUG (BaseJdbcLogger.java:143)- ====>  Preparing: select id, name, sex, birthday, phone, ID_number, email, parent_phone, adress, major, state from student_basic where id = ? 
2019-09-23 05:07:16,377 DEBUG (BaseJdbcLogger.java:143)- ====> Parameters: 25141(String)
2019-09-23 05:07:16,378 DEBUG (BaseJdbcLogger.java:143)- <====      Total: 1
2019-09-23 05:07:16,378 DEBUG (BaseJdbcLogger.java:143)- ====>  Preparing: select id, name, sex, birthday, phone, ID_number, email, parent_phone, adress, major, state from student_basic where id = ? 
2019-09-23 05:07:16,378 DEBUG (BaseJdbcLogger.java:143)- ====> Parameters: 25142(String)
2019-09-23 05:07:16,378 DEBUG (BaseJdbcLogger.java:143)- <====      Total: 1
2019-09-23 05:07:16,379 DEBUG (BaseJdbcLogger.java:143)- ====>  Preparing: select id, name, sex, birthday, phone, ID_number, email, parent_phone, adress, major, state from student_basic where id = ? 
2019-09-23 05:07:16,380 DEBUG (BaseJdbcLogger.java:143)- ====> Parameters: 25143(String)
2019-09-23 05:07:16,380 DEBUG (BaseJdbcLogger.java:143)- <====      Total: 1
2019-09-23 05:07:16,380 DEBUG (BaseJdbcLogger.java:143)- ====>  Preparing: select id, name, sex, birthday, phone, ID_number, email, parent_phone, adress, major, state from student_basic where id = ? 
2019-09-23 05:07:16,380 DEBUG (BaseJdbcLogger.java:143)- ====> Parameters: 25144(String)
2019-09-23 05:07:16,381 DEBUG (BaseJdbcLogger.java:143)- <====      Total: 1
2019-09-23 05:07:16,381 DEBUG (BaseJdbcLogger.java:143)- ====>  Preparing: select id, name, sex, birthday, phone, ID_number, email, parent_phone, adress, major, state from student_basic where id = ? 
2019-09-23 05:07:16,381 DEBUG (BaseJdbcLogger.java:143)- ====> Parameters: 25146(String)
2019-09-23 05:07:16,382 DEBUG (BaseJdbcLogger.java:143)- <====      Total: 1
2019-09-23 05:07:16,383 DEBUG (BaseJdbcLogger.java:143)- ====>  Preparing: select id, name, sex, birthday, phone, ID_number, email, parent_phone, adress, major, state from student_basic where id = ? 
2019-09-23 05:07:16,383 DEBUG (BaseJdbcLogger.java:143)- ====> Parameters: 25149(String)
2019-09-23 05:07:16,384 DEBUG (BaseJdbcLogger.java:143)- <====      Total: 1
2019-09-23 05:07:16,384 DEBUG (BaseJdbcLogger.java:143)- ====>  Preparing: select id, name, sex, birthday, phone, ID_number, email, parent_phone, adress, major, state from student_basic where id = ? 
2019-09-23 05:07:16,384 DEBUG (BaseJdbcLogger.java:143)- ====> Parameters: 25150(String)
2019-09-23 05:07:16,385 DEBUG (BaseJdbcLogger.java:143)- <====      Total: 1
2019-09-23 05:07:16,385 DEBUG (BaseJdbcLogger.java:143)- ====>  Preparing: select id, name, sex, birthday, phone, ID_number, email, parent_phone, adress, major, state from student_basic where id = ? 
2019-09-23 05:07:16,385 DEBUG (BaseJdbcLogger.java:143)- ====> Parameters: 25151(String)
2019-09-23 05:07:16,386 DEBUG (BaseJdbcLogger.java:143)- <====      Total: 1
2019-09-23 05:07:16,386 DEBUG (BaseJdbcLogger.java:143)- ====>  Preparing: select id, name, sex, birthday, phone, ID_number, email, parent_phone, adress, major, state from student_basic where id = ? 
2019-09-23 05:07:16,386 DEBUG (BaseJdbcLogger.java:143)- ====> Parameters: 25156(String)
2019-09-23 05:07:16,387 DEBUG (BaseJdbcLogger.java:143)- <====      Total: 1
2019-09-23 05:07:16,387 DEBUG (BaseJdbcLogger.java:143)- ====>  Preparing: select id, name, sex, birthday, phone, ID_number, email, parent_phone, adress, major, state from student_basic where id = ? 
2019-09-23 05:07:16,388 DEBUG (BaseJdbcLogger.java:143)- ====> Parameters: 25157(String)
2019-09-23 05:07:16,388 DEBUG (BaseJdbcLogger.java:143)- <====      Total: 1
2019-09-23 05:07:16,389 DEBUG (BaseJdbcLogger.java:143)- ====>  Preparing: select id, name, sex, birthday, phone, ID_number, email, parent_phone, adress, major, state from student_basic where id = ? 
2019-09-23 05:07:16,389 DEBUG (BaseJdbcLogger.java:143)- ====> Parameters: 25158(String)
2019-09-23 05:07:16,390 DEBUG (BaseJdbcLogger.java:143)- <====      Total: 1
2019-09-23 05:07:16,392 DEBUG (BaseJdbcLogger.java:143)- ====>  Preparing: select id, name, sex, birthday, phone, ID_number, email, parent_phone, adress, major, state from student_basic where id = ? 
2019-09-23 05:07:16,392 DEBUG (BaseJdbcLogger.java:143)- ====> Parameters: 25160(String)
2019-09-23 05:07:16,393 DEBUG (BaseJdbcLogger.java:143)- <====      Total: 1
2019-09-23 05:07:16,393 DEBUG (BaseJdbcLogger.java:143)- ====>  Preparing: select id, name, sex, birthday, phone, ID_number, email, parent_phone, adress, major, state from student_basic where id = ? 
2019-09-23 05:07:16,393 DEBUG (BaseJdbcLogger.java:143)- ====> Parameters: 25161(String)
2019-09-23 05:07:16,395 DEBUG (BaseJdbcLogger.java:143)- <====      Total: 1
2019-09-23 05:07:16,395 DEBUG (BaseJdbcLogger.java:143)- ====>  Preparing: select id, name, sex, birthday, phone, ID_number, email, parent_phone, adress, major, state from student_basic where id = ? 
2019-09-23 05:07:16,395 DEBUG (BaseJdbcLogger.java:143)- ====> Parameters: 25162(String)
2019-09-23 05:07:16,395 DEBUG (BaseJdbcLogger.java:143)- <====      Total: 1
2019-09-23 05:07:16,396 DEBUG (BaseJdbcLogger.java:143)- ====>  Preparing: select id, name, sex, birthday, phone, ID_number, email, parent_phone, adress, major, state from student_basic where id = ? 
2019-09-23 05:07:16,396 DEBUG (BaseJdbcLogger.java:143)- ====> Parameters: 25164(String)
2019-09-23 05:07:16,397 DEBUG (BaseJdbcLogger.java:143)- <====      Total: 1
2019-09-23 05:07:16,397 DEBUG (BaseJdbcLogger.java:143)- ====>  Preparing: select id, name, sex, birthday, phone, ID_number, email, parent_phone, adress, major, state from student_basic where id = ? 
2019-09-23 05:07:16,397 DEBUG (BaseJdbcLogger.java:143)- ====> Parameters: 25165(String)
2019-09-23 05:07:16,398 DEBUG (BaseJdbcLogger.java:143)- <====      Total: 1
2019-09-23 05:07:16,399 DEBUG (BaseJdbcLogger.java:143)- ====>  Preparing: select id, name, sex, birthday, phone, ID_number, email, parent_phone, adress, major, state from student_basic where id = ? 
2019-09-23 05:07:16,399 DEBUG (BaseJdbcLogger.java:143)- ====> Parameters: 25166(String)
2019-09-23 05:07:16,399 DEBUG (BaseJdbcLogger.java:143)- <====      Total: 1
2019-09-23 05:07:16,400 DEBUG (BaseJdbcLogger.java:143)- ====>  Preparing: select id, name, sex, birthday, phone, ID_number, email, parent_phone, adress, major, state from student_basic where id = ? 
2019-09-23 05:07:16,400 DEBUG (BaseJdbcLogger.java:143)- ====> Parameters: 25167(String)
2019-09-23 05:07:16,401 DEBUG (BaseJdbcLogger.java:143)- <====      Total: 1
2019-09-23 05:07:16,402 DEBUG (BaseJdbcLogger.java:143)- ====>  Preparing: select id, name, sex, birthday, phone, ID_number, email, parent_phone, adress, major, state from student_basic where id = ? 
2019-09-23 05:07:16,402 DEBUG (BaseJdbcLogger.java:143)- ====> Parameters: 25169(String)
2019-09-23 05:07:16,403 DEBUG (BaseJdbcLogger.java:143)- <====      Total: 1
2019-09-23 05:07:16,403 DEBUG (BaseJdbcLogger.java:143)- ====>  Preparing: select id, name, sex, birthday, phone, ID_number, email, parent_phone, adress, major, state from student_basic where id = ? 
2019-09-23 05:07:16,403 DEBUG (BaseJdbcLogger.java:143)- ====> Parameters: 25172(String)
2019-09-23 05:07:16,403 DEBUG (BaseJdbcLogger.java:143)- <====      Total: 1
2019-09-23 05:07:16,403 DEBUG (BaseJdbcLogger.java:143)- ====>  Preparing: select id, name, sex, birthday, phone, ID_number, email, parent_phone, adress, major, state from student_basic where id = ? 
2019-09-23 05:07:16,404 DEBUG (BaseJdbcLogger.java:143)- ====> Parameters: 25173(String)
2019-09-23 05:07:16,404 DEBUG (BaseJdbcLogger.java:143)- <====      Total: 1
2019-09-23 05:07:16,405 DEBUG (BaseJdbcLogger.java:143)- ====>  Preparing: select id, name, sex, birthday, phone, ID_number, email, parent_phone, adress, major, state from student_basic where id = ? 
2019-09-23 05:07:16,406 DEBUG (BaseJdbcLogger.java:143)- ====> Parameters: 25175(String)
2019-09-23 05:07:16,407 DEBUG (BaseJdbcLogger.java:143)- <====      Total: 1
2019-09-23 05:07:16,408 DEBUG (BaseJdbcLogger.java:143)- ====>  Preparing: select id, name, sex, birthday, phone, ID_number, email, parent_phone, adress, major, state from student_basic where id = ? 
2019-09-23 05:07:16,408 DEBUG (BaseJdbcLogger.java:143)- ====> Parameters: 25177(String)
2019-09-23 05:07:16,408 DEBUG (BaseJdbcLogger.java:143)- <====      Total: 1
2019-09-23 05:07:16,409 DEBUG (BaseJdbcLogger.java:143)- ====>  Preparing: select id, name, sex, birthday, phone, ID_number, email, parent_phone, adress, major, state from student_basic where id = ? 
2019-09-23 05:07:16,409 DEBUG (BaseJdbcLogger.java:143)- ====> Parameters: 25179(String)
2019-09-23 05:07:16,410 DEBUG (BaseJdbcLogger.java:143)- <====      Total: 1
2019-09-23 05:07:16,410 DEBUG (BaseJdbcLogger.java:143)- ====>  Preparing: select id, name, sex, birthday, phone, ID_number, email, parent_phone, adress, major, state from student_basic where id = ? 
2019-09-23 05:07:16,410 DEBUG (BaseJdbcLogger.java:143)- ====> Parameters: 25180(String)
2019-09-23 05:07:16,411 DEBUG (BaseJdbcLogger.java:143)- <====      Total: 1
2019-09-23 05:07:16,412 DEBUG (BaseJdbcLogger.java:143)- ====>  Preparing: select id, name, sex, birthday, phone, ID_number, email, parent_phone, adress, major, state from student_basic where id = ? 
2019-09-23 05:07:16,412 DEBUG (BaseJdbcLogger.java:143)- ====> Parameters: 25182(String)
2019-09-23 05:07:16,413 DEBUG (BaseJdbcLogger.java:143)- <====      Total: 1
2019-09-23 05:07:16,413 DEBUG (BaseJdbcLogger.java:143)- ====>  Preparing: select id, name, sex, birthday, phone, ID_number, email, parent_phone, adress, major, state from student_basic where id = ? 
2019-09-23 05:07:16,413 DEBUG (BaseJdbcLogger.java:143)- ====> Parameters: 25183(String)
2019-09-23 05:07:16,415 DEBUG (BaseJdbcLogger.java:143)- <====      Total: 1
2019-09-23 05:07:16,415 DEBUG (BaseJdbcLogger.java:143)- ====>  Preparing: select id, name, sex, birthday, phone, ID_number, email, parent_phone, adress, major, state from student_basic where id = ? 
2019-09-23 05:07:16,415 DEBUG (BaseJdbcLogger.java:143)- ====> Parameters: 25184(String)
2019-09-23 05:07:16,415 DEBUG (BaseJdbcLogger.java:143)- <====      Total: 1
2019-09-23 05:07:16,416 DEBUG (BaseJdbcLogger.java:143)- ====>  Preparing: select id, name, sex, birthday, phone, ID_number, email, parent_phone, adress, major, state from student_basic where id = ? 
2019-09-23 05:07:16,417 DEBUG (BaseJdbcLogger.java:143)- ====> Parameters: 25185(String)
2019-09-23 05:07:16,417 DEBUG (BaseJdbcLogger.java:143)- <====      Total: 1
2019-09-23 05:07:16,417 DEBUG (BaseJdbcLogger.java:143)- ====>  Preparing: select id, name, sex, birthday, phone, ID_number, email, parent_phone, adress, major, state from student_basic where id = ? 
2019-09-23 05:07:16,417 DEBUG (BaseJdbcLogger.java:143)- ====> Parameters: 25190(String)
2019-09-23 05:07:16,418 DEBUG (BaseJdbcLogger.java:143)- <====      Total: 1
2019-09-23 05:07:16,418 DEBUG (BaseJdbcLogger.java:143)- ====>  Preparing: select id, name, sex, birthday, phone, ID_number, email, parent_phone, adress, major, state from student_basic where id = ? 
2019-09-23 05:07:16,418 DEBUG (BaseJdbcLogger.java:143)- ====> Parameters: 25193(String)
2019-09-23 05:07:16,419 DEBUG (BaseJdbcLogger.java:143)- <====      Total: 1
2019-09-23 05:07:16,419 DEBUG (BaseJdbcLogger.java:143)- ====>  Preparing: select id, name, sex, birthday, phone, ID_number, email, parent_phone, adress, major, state from student_basic where id = ? 
2019-09-23 05:07:16,420 DEBUG (BaseJdbcLogger.java:143)- ====> Parameters: 25194(String)
2019-09-23 05:07:16,420 DEBUG (BaseJdbcLogger.java:143)- <====      Total: 1
2019-09-23 05:07:16,422 DEBUG (BaseJdbcLogger.java:143)- ====>  Preparing: select id, name, sex, birthday, phone, ID_number, email, parent_phone, adress, major, state from student_basic where id = ? 
2019-09-23 05:07:16,422 DEBUG (BaseJdbcLogger.java:143)- ====> Parameters: 25195(String)
2019-09-23 05:07:16,423 DEBUG (BaseJdbcLogger.java:143)- <====      Total: 1
2019-09-23 05:07:16,423 DEBUG (BaseJdbcLogger.java:143)- ====>  Preparing: select id, name, sex, birthday, phone, ID_number, email, parent_phone, adress, major, state from student_basic where id = ? 
2019-09-23 05:07:16,424 DEBUG (BaseJdbcLogger.java:143)- ====> Parameters: 25200(String)
2019-09-23 05:07:16,425 DEBUG (BaseJdbcLogger.java:143)- <====      Total: 1
2019-09-23 05:07:16,427 DEBUG (BaseJdbcLogger.java:143)- ====>  Preparing: select id, name, sex, birthday, phone, ID_number, email, parent_phone, adress, major, state from student_basic where id = ? 
2019-09-23 05:07:16,427 DEBUG (BaseJdbcLogger.java:143)- ====> Parameters: 25201(String)
2019-09-23 05:07:16,427 DEBUG (BaseJdbcLogger.java:143)- <====      Total: 1
2019-09-23 05:07:16,427 DEBUG (BaseJdbcLogger.java:143)- ====>  Preparing: select id, name, sex, birthday, phone, ID_number, email, parent_phone, adress, major, state from student_basic where id = ? 
2019-09-23 05:07:16,428 DEBUG (BaseJdbcLogger.java:143)- ====> Parameters: 25203(String)
2019-09-23 05:07:16,428 DEBUG (BaseJdbcLogger.java:143)- <====      Total: 1
2019-09-23 05:07:16,429 DEBUG (BaseJdbcLogger.java:143)- ====>  Preparing: select id, name, sex, birthday, phone, ID_number, email, parent_phone, adress, major, state from student_basic where id = ? 
2019-09-23 05:07:16,429 DEBUG (BaseJdbcLogger.java:143)- ====> Parameters: 25205(String)
2019-09-23 05:07:16,430 DEBUG (BaseJdbcLogger.java:143)- <====      Total: 1
2019-09-23 05:07:16,431 DEBUG (BaseJdbcLogger.java:143)- ====>  Preparing: select id, name, sex, birthday, phone, ID_number, email, parent_phone, adress, major, state from student_basic where id = ? 
2019-09-23 05:07:16,431 DEBUG (BaseJdbcLogger.java:143)- ====> Parameters: 25206(String)
2019-09-23 05:07:16,431 DEBUG (BaseJdbcLogger.java:143)- <====      Total: 1
2019-09-23 05:07:16,431 DEBUG (BaseJdbcLogger.java:143)- ====>  Preparing: select id, name, sex, birthday, phone, ID_number, email, parent_phone, adress, major, state from student_basic where id = ? 
2019-09-23 05:07:16,432 DEBUG (BaseJdbcLogger.java:143)- ====> Parameters: 25207(String)
2019-09-23 05:07:16,432 DEBUG (BaseJdbcLogger.java:143)- <====      Total: 1
2019-09-23 05:07:16,432 DEBUG (BaseJdbcLogger.java:143)- ====>  Preparing: select id, name, sex, birthday, phone, ID_number, email, parent_phone, adress, major, state from student_basic where id = ? 
2019-09-23 05:07:16,433 DEBUG (BaseJdbcLogger.java:143)- ====> Parameters: 25208(String)
2019-09-23 05:07:16,433 DEBUG (BaseJdbcLogger.java:143)- <====      Total: 1
2019-09-23 05:07:16,434 DEBUG (BaseJdbcLogger.java:143)- ====>  Preparing: select id, name, sex, birthday, phone, ID_number, email, parent_phone, adress, major, state from student_basic where id = ? 
2019-09-23 05:07:16,434 DEBUG (BaseJdbcLogger.java:143)- ====> Parameters: 25211(String)
2019-09-23 05:07:16,434 DEBUG (BaseJdbcLogger.java:143)- <====      Total: 1
2019-09-23 05:07:16,435 DEBUG (BaseJdbcLogger.java:143)- ====>  Preparing: select id, name, sex, birthday, phone, ID_number, email, parent_phone, adress, major, state from student_basic where id = ? 
2019-09-23 05:07:16,435 DEBUG (BaseJdbcLogger.java:143)- ====> Parameters: 25212(String)
2019-09-23 05:07:16,435 DEBUG (BaseJdbcLogger.java:143)- <====      Total: 1
2019-09-23 05:07:16,436 DEBUG (BaseJdbcLogger.java:143)- ====>  Preparing: select id, name, sex, birthday, phone, ID_number, email, parent_phone, adress, major, state from student_basic where id = ? 
2019-09-23 05:07:16,436 DEBUG (BaseJdbcLogger.java:143)- ====> Parameters: 25213(String)
2019-09-23 05:07:16,437 DEBUG (BaseJdbcLogger.java:143)- <====      Total: 1
2019-09-23 05:07:16,438 DEBUG (BaseJdbcLogger.java:143)- ====>  Preparing: select id, name, sex, birthday, phone, ID_number, email, parent_phone, adress, major, state from student_basic where id = ? 
2019-09-23 05:07:16,438 DEBUG (BaseJdbcLogger.java:143)- ====> Parameters: 25214(String)
2019-09-23 05:07:16,439 DEBUG (BaseJdbcLogger.java:143)- <====      Total: 1
2019-09-23 05:07:16,439 DEBUG (BaseJdbcLogger.java:143)- ====>  Preparing: select id, name, sex, birthday, phone, ID_number, email, parent_phone, adress, major, state from student_basic where id = ? 
2019-09-23 05:07:16,439 DEBUG (BaseJdbcLogger.java:143)- ====> Parameters: 25216(String)
2019-09-23 05:07:16,440 DEBUG (BaseJdbcLogger.java:143)- <====      Total: 1
2019-09-23 05:07:16,441 DEBUG (BaseJdbcLogger.java:143)- ====>  Preparing: select id, name, sex, birthday, phone, ID_number, email, parent_phone, adress, major, state from student_basic where id = ? 
2019-09-23 05:07:16,441 DEBUG (BaseJdbcLogger.java:143)- ====> Parameters: 25217(String)
2019-09-23 05:07:16,442 DEBUG (BaseJdbcLogger.java:143)- <====      Total: 1
2019-09-23 05:07:16,443 DEBUG (BaseJdbcLogger.java:143)- <==      Total: 76
2019-09-23 05:07:16,443 DEBUG (BaseJdbcLogger.java:143)- ==>  Preparing: select student_status.id, student_status.basic_id, student_status.student_id, student_status.class_id from student_status,student_basic where student_status.basic_id=student_basic.id and student_basic.sex=? and student_basic.major=? and student_status.class_id='0' 
2019-09-23 05:07:16,443 DEBUG (BaseJdbcLogger.java:143)- ==> Parameters: 女(String), 通信工程(String)
2019-09-23 05:07:16,445 DEBUG (BaseJdbcLogger.java:143)- ====>  Preparing: select id, name, sex, birthday, phone, ID_number, email, parent_phone, adress, major, state from student_basic where id = ? 
2019-09-23 05:07:16,445 DEBUG (BaseJdbcLogger.java:143)- ====> Parameters: 25088(String)
2019-09-23 05:07:16,445 DEBUG (BaseJdbcLogger.java:143)- <====      Total: 1
2019-09-23 05:07:16,446 DEBUG (BaseJdbcLogger.java:143)- ====>  Preparing: select id, class_id, name, director, grade, major_id from class WHERE class_id = ? 
2019-09-23 05:07:16,446 DEBUG (BaseJdbcLogger.java:143)- ====> Parameters: 0(String)
2019-09-23 05:07:16,447 DEBUG (BaseJdbcLogger.java:143)- <====      Total: 0
2019-09-23 05:07:16,447 DEBUG (BaseJdbcLogger.java:143)- ====>  Preparing: select id, name, sex, birthday, phone, ID_number, email, parent_phone, adress, major, state from student_basic where id = ? 
2019-09-23 05:07:16,447 DEBUG (BaseJdbcLogger.java:143)- ====> Parameters: 25093(String)
2019-09-23 05:07:16,448 DEBUG (BaseJdbcLogger.java:143)- <====      Total: 1
2019-09-23 05:07:16,449 DEBUG (BaseJdbcLogger.java:143)- ====>  Preparing: select id, name, sex, birthday, phone, ID_number, email, parent_phone, adress, major, state from student_basic where id = ? 
2019-09-23 05:07:16,449 DEBUG (BaseJdbcLogger.java:143)- ====> Parameters: 25094(String)
2019-09-23 05:07:16,449 DEBUG (BaseJdbcLogger.java:143)- <====      Total: 1
2019-09-23 05:07:16,450 DEBUG (BaseJdbcLogger.java:143)- ====>  Preparing: select id, name, sex, birthday, phone, ID_number, email, parent_phone, adress, major, state from student_basic where id = ? 
2019-09-23 05:07:16,450 DEBUG (BaseJdbcLogger.java:143)- ====> Parameters: 25101(String)
2019-09-23 05:07:16,450 DEBUG (BaseJdbcLogger.java:143)- <====      Total: 1
2019-09-23 05:07:16,451 DEBUG (BaseJdbcLogger.java:143)- ====>  Preparing: select id, name, sex, birthday, phone, ID_number, email, parent_phone, adress, major, state from student_basic where id = ? 
2019-09-23 05:07:16,451 DEBUG (BaseJdbcLogger.java:143)- ====> Parameters: 25103(String)
2019-09-23 05:07:16,451 DEBUG (BaseJdbcLogger.java:143)- <====      Total: 1
2019-09-23 05:07:16,453 DEBUG (BaseJdbcLogger.java:143)- ====>  Preparing: select id, name, sex, birthday, phone, ID_number, email, parent_phone, adress, major, state from student_basic where id = ? 
2019-09-23 05:07:16,453 DEBUG (BaseJdbcLogger.java:143)- ====> Parameters: 25104(String)
2019-09-23 05:07:16,453 DEBUG (BaseJdbcLogger.java:143)- <====      Total: 1
2019-09-23 05:07:16,454 DEBUG (BaseJdbcLogger.java:143)- ====>  Preparing: select id, name, sex, birthday, phone, ID_number, email, parent_phone, adress, major, state from student_basic where id = ? 
2019-09-23 05:07:16,455 DEBUG (BaseJdbcLogger.java:143)- ====> Parameters: 25105(String)
2019-09-23 05:07:16,455 DEBUG (BaseJdbcLogger.java:143)- <====      Total: 1
2019-09-23 05:07:16,455 DEBUG (BaseJdbcLogger.java:143)- ====>  Preparing: select id, name, sex, birthday, phone, ID_number, email, parent_phone, adress, major, state from student_basic where id = ? 
2019-09-23 05:07:16,456 DEBUG (BaseJdbcLogger.java:143)- ====> Parameters: 25107(String)
2019-09-23 05:07:16,456 DEBUG (BaseJdbcLogger.java:143)- <====      Total: 1
2019-09-23 05:07:16,457 DEBUG (BaseJdbcLogger.java:143)- ====>  Preparing: select id, name, sex, birthday, phone, ID_number, email, parent_phone, adress, major, state from student_basic where id = ? 
2019-09-23 05:07:16,457 DEBUG (BaseJdbcLogger.java:143)- ====> Parameters: 25108(String)
2019-09-23 05:07:16,458 DEBUG (BaseJdbcLogger.java:143)- <====      Total: 1
2019-09-23 05:07:16,458 DEBUG (BaseJdbcLogger.java:143)- ====>  Preparing: select id, name, sex, birthday, phone, ID_number, email, parent_phone, adress, major, state from student_basic where id = ? 
2019-09-23 05:07:16,459 DEBUG (BaseJdbcLogger.java:143)- ====> Parameters: 25111(String)
2019-09-23 05:07:16,459 DEBUG (BaseJdbcLogger.java:143)- <====      Total: 1
2019-09-23 05:07:16,460 DEBUG (BaseJdbcLogger.java:143)- ====>  Preparing: select id, name, sex, birthday, phone, ID_number, email, parent_phone, adress, major, state from student_basic where id = ? 
2019-09-23 05:07:16,460 DEBUG (BaseJdbcLogger.java:143)- ====> Parameters: 25112(String)
2019-09-23 05:07:16,460 DEBUG (BaseJdbcLogger.java:143)- <====      Total: 1
2019-09-23 05:07:16,461 DEBUG (BaseJdbcLogger.java:143)- ====>  Preparing: select id, name, sex, birthday, phone, ID_number, email, parent_phone, adress, major, state from student_basic where id = ? 
2019-09-23 05:07:16,461 DEBUG (BaseJdbcLogger.java:143)- ====> Parameters: 25114(String)
2019-09-23 05:07:16,462 DEBUG (BaseJdbcLogger.java:143)- <====      Total: 1
2019-09-23 05:07:16,463 DEBUG (BaseJdbcLogger.java:143)- ====>  Preparing: select id, name, sex, birthday, phone, ID_number, email, parent_phone, adress, major, state from student_basic where id = ? 
2019-09-23 05:07:16,463 DEBUG (BaseJdbcLogger.java:143)- ====> Parameters: 25117(String)
2019-09-23 05:07:16,464 DEBUG (BaseJdbcLogger.java:143)- <====      Total: 1
2019-09-23 05:07:16,464 DEBUG (BaseJdbcLogger.java:143)- ====>  Preparing: select id, name, sex, birthday, phone, ID_number, email, parent_phone, adress, major, state from student_basic where id = ? 
2019-09-23 05:07:16,464 DEBUG (BaseJdbcLogger.java:143)- ====> Parameters: 25120(String)
2019-09-23 05:07:16,465 DEBUG (BaseJdbcLogger.java:143)- <====      Total: 1
2019-09-23 05:07:16,465 DEBUG (BaseJdbcLogger.java:143)- ====>  Preparing: select id, name, sex, birthday, phone, ID_number, email, parent_phone, adress, major, state from student_basic where id = ? 
2019-09-23 05:07:16,466 DEBUG (BaseJdbcLogger.java:143)- ====> Parameters: 25122(String)
2019-09-23 05:07:16,468 DEBUG (BaseJdbcLogger.java:143)- <====      Total: 1
