2019-09-02 18:49:00,432 DEBUG (BaseJdbcLogger.java:143)- ====>  Preparing: select id, name, sex, birthday, phone, ID_number, email, parent_phone, adress, major, state from student_basic where id = ? 
2019-09-02 18:49:00,435 DEBUG (BaseJdbcLogger.java:143)- ====> Parameters: 19584(String)
2019-09-02 18:49:00,436 DEBUG (BaseJdbcLogger.java:143)- <====      Total: 1
2019-09-02 18:49:00,437 DEBUG (BaseJdbcLogger.java:143)- ====>  Preparing: select id, name, sex, birthday, phone, ID_number, email, parent_phone, adress, major, state from student_basic where id = ? 
2019-09-02 18:49:00,438 DEBUG (BaseJdbcLogger.java:143)- ====> Parameters: 19588(String)
2019-09-02 18:49:00,440 DEBUG (BaseJdbcLogger.java:143)- <====      Total: 1
2019-09-02 18:49:00,444 DEBUG (BaseJdbcLogger.java:143)- ====>  Preparing: select id, name, sex, birthday, phone, ID_number, email, parent_phone, adress, major, state from student_basic where id = ? 
2019-09-02 18:49:00,445 DEBUG (BaseJdbcLogger.java:143)- ====> Parameters: 19590(String)
2019-09-02 18:49:00,446 DEBUG (BaseJdbcLogger.java:143)- <====      Total: 1
2019-09-02 18:49:00,447 DEBUG (BaseJdbcLogger.java:143)- ====>  Preparing: select id, name, sex, birthday, phone, ID_number, email, parent_phone, adress, major, state from student_basic where id = ? 
2019-09-02 18:49:00,448 DEBUG (BaseJdbcLogger.java:143)- ====> Parameters: 19591(String)
2019-09-02 18:49:00,449 DEBUG (BaseJdbcLogger.java:143)- <====      Total: 1
2019-09-02 18:49:00,450 DEBUG (BaseJdbcLogger.java:143)- ====>  Preparing: select id, name, sex, birthday, phone, ID_number, email, parent_phone, adress, major, state from student_basic where id = ? 
2019-09-02 18:49:00,451 DEBUG (BaseJdbcLogger.java:143)- ====> Parameters: 19592(String)
2019-09-02 18:49:00,453 DEBUG (BaseJdbcLogger.java:143)- <====      Total: 1
2019-09-02 18:49:00,454 DEBUG (BaseJdbcLogger.java:143)- ====>  Preparing: select id, name, sex, birthday, phone, ID_number, email, parent_phone, adress, major, state from student_basic where id = ? 
2019-09-02 18:49:00,454 DEBUG (BaseJdbcLogger.java:143)- ====> Parameters: 19597(String)
2019-09-02 18:49:00,456 DEBUG (BaseJdbcLogger.java:143)- <====      Total: 1
2019-09-02 18:49:00,457 DEBUG (BaseJdbcLogger.java:143)- ====>  Preparing: select id, name, sex, birthday, phone, ID_number, email, parent_phone, adress, major, state from student_basic where id = ? 
2019-09-02 18:49:00,457 DEBUG (BaseJdbcLogger.java:143)- ====> Parameters: 19599(String)
2019-09-02 18:49:00,458 DEBUG (BaseJdbcLogger.java:143)- <====      Total: 1
2019-09-02 18:49:00,459 DEBUG (BaseJdbcLogger.java:143)- ====>  Preparing: select id, name, sex, birthday, phone, ID_number, email, parent_phone, adress, major, state from student_basic where id = ? 
2019-09-02 18:49:00,460 DEBUG (BaseJdbcLogger.java:143)- ====> Parameters: 19613(String)
2019-09-02 18:49:00,461 DEBUG (BaseJdbcLogger.java:143)- <====      Total: 1
2019-09-02 18:49:00,461 DEBUG (BaseJdbcLogger.java:143)- ====>  Preparing: select id, name, sex, birthday, phone, ID_number, email, parent_phone, adress, major, state from student_basic where id = ? 
2019-09-02 18:49:00,462 DEBUG (BaseJdbcLogger.java:143)- ====> Parameters: 19614(String)
2019-09-02 18:49:00,463 DEBUG (BaseJdbcLogger.java:143)- <====      Total: 1
2019-09-02 18:49:00,463 DEBUG (BaseJdbcLogger.java:143)- ====>  Preparing: select id, name, sex, birthday, phone, ID_number, email, parent_phone, adress, major, state from student_basic where id = ? 
2019-09-02 18:49:00,465 DEBUG (BaseJdbcLogger.java:143)- ====> Parameters: 19616(String)
2019-09-02 18:49:00,466 DEBUG (BaseJdbcLogger.java:143)- <====      Total: 1
2019-09-02 18:49:00,467 DEBUG (BaseJdbcLogger.java:143)- ====>  Preparing: select id, name, sex, birthday, phone, ID_number, email, parent_phone, adress, major, state from student_basic where id = ? 
2019-09-02 18:49:00,467 DEBUG (BaseJdbcLogger.java:143)- ====> Parameters: 19617(String)
2019-09-02 18:49:00,469 DEBUG (BaseJdbcLogger.java:143)- <====      Total: 1
2019-09-02 18:49:00,469 DEBUG (BaseJdbcLogger.java:143)- ====>  Preparing: select id, name, sex, birthday, phone, ID_number, email, parent_phone, adress, major, state from student_basic where id = ? 
2019-09-02 18:49:00,469 DEBUG (BaseJdbcLogger.java:143)- ====> Parameters: 19623(String)
2019-09-02 18:49:00,470 DEBUG (BaseJdbcLogger.java:143)- <====      Total: 1
2019-09-02 18:49:00,471 DEBUG (BaseJdbcLogger.java:143)- ====>  Preparing: select id, name, sex, birthday, phone, ID_number, email, parent_phone, adress, major, state from student_basic where id = ? 
2019-09-02 18:49:00,472 DEBUG (BaseJdbcLogger.java:143)- ====> Parameters: 19624(String)
2019-09-02 18:49:00,473 DEBUG (BaseJdbcLogger.java:143)- <====      Total: 1
2019-09-02 18:49:00,474 DEBUG (BaseJdbcLogger.java:143)- ====>  Preparing: select id, name, sex, birthday, phone, ID_number, email, parent_phone, adress, major, state from student_basic where id = ? 
2019-09-02 18:49:00,474 DEBUG (BaseJdbcLogger.java:143)- ====> Parameters: 19625(String)
2019-09-02 18:49:00,476 DEBUG (BaseJdbcLogger.java:143)- <====      Total: 1
2019-09-02 18:49:00,476 DEBUG (BaseJdbcLogger.java:143)- ====>  Preparing: select id, name, sex, birthday, phone, ID_number, email, parent_phone, adress, major, state from student_basic where id = ? 
2019-09-02 18:49:00,477 DEBUG (BaseJdbcLogger.java:143)- ====> Parameters: 19626(String)
2019-09-02 18:49:00,477 DEBUG (BaseJdbcLogger.java:143)- <====      Total: 1
2019-09-02 18:49:00,478 DEBUG (BaseJdbcLogger.java:143)- ====>  Preparing: select id, name, sex, birthday, phone, ID_number, email, parent_phone, adress, major, state from student_basic where id = ? 
2019-09-02 18:49:00,478 DEBUG (BaseJdbcLogger.java:143)- ====> Parameters: 19627(String)
2019-09-02 18:49:00,480 DEBUG (BaseJdbcLogger.java:143)- <====      Total: 1
2019-09-02 18:49:00,480 DEBUG (BaseJdbcLogger.java:143)- <==      Total: 20
2019-09-02 18:49:00,480 DEBUG (BaseJdbcLogger.java:143)- ==>  Preparing: select dormitory_allocation.id, dormitory_allocation.class_id, dormitory_allocation.dormitory_id,dormitory_allocation.number from dormitory_allocation,dormitory WHERE dormitory_allocation.dormitory_id=dormitory.id and dormitory.sex=? and class_id = ? 
2019-09-02 18:49:00,480 DEBUG (BaseJdbcLogger.java:143)- ==> Parameters: 男(String), 130503201901(String)
2019-09-02 18:49:00,482 DEBUG (BaseJdbcLogger.java:143)- ====>  Preparing: select id, dong, floor, room, sex, number, rent from dormitory where id = ? 
2019-09-02 18:49:00,483 DEBUG (BaseJdbcLogger.java:143)- ====> Parameters: 22(Integer)
2019-09-02 18:49:00,484 DEBUG (BaseJdbcLogger.java:143)- <====      Total: 1
2019-09-02 18:49:00,485 DEBUG (BaseJdbcLogger.java:143)- ====>  Preparing: select id, dong, floor, room, sex, number, rent from dormitory where id = ? 
2019-09-02 18:49:00,487 DEBUG (BaseJdbcLogger.java:143)- ====> Parameters: 23(Integer)
2019-09-02 18:49:00,488 DEBUG (BaseJdbcLogger.java:143)- <====      Total: 1
2019-09-02 18:49:00,490 DEBUG (BaseJdbcLogger.java:143)- ====>  Preparing: select id, dong, floor, room, sex, number, rent from dormitory where id = ? 
2019-09-02 18:49:00,492 DEBUG (BaseJdbcLogger.java:143)- ====> Parameters: 24(Integer)
2019-09-02 18:49:00,494 DEBUG (BaseJdbcLogger.java:143)- <====      Total: 1
2019-09-02 18:49:00,495 DEBUG (BaseJdbcLogger.java:143)- ====>  Preparing: select id, dong, floor, room, sex, number, rent from dormitory where id = ? 
2019-09-02 18:49:00,496 DEBUG (BaseJdbcLogger.java:143)- ====> Parameters: 25(Integer)
2019-09-02 18:49:00,497 DEBUG (BaseJdbcLogger.java:143)- <====      Total: 1
2019-09-02 18:49:00,498 DEBUG (BaseJdbcLogger.java:143)- ====>  Preparing: select id, dong, floor, room, sex, number, rent from dormitory where id = ? 
2019-09-02 18:49:00,499 DEBUG (BaseJdbcLogger.java:143)- ====> Parameters: 26(Integer)
2019-09-02 18:49:00,501 DEBUG (BaseJdbcLogger.java:143)- <====      Total: 1
2019-09-02 18:49:00,502 DEBUG (BaseJdbcLogger.java:143)- <==      Total: 5
2019-09-02 18:49:00,502 DEBUG (BaseJdbcLogger.java:143)- ==>  Preparing: select dormitory_allocation.id, dormitory_allocation.class_id, dormitory_allocation.dormitory_id,dormitory_allocation.number from dormitory_allocation,dormitory WHERE dormitory_allocation.dormitory_id=dormitory.id and dormitory.sex=? and class_id = ? 
2019-09-02 18:49:00,503 DEBUG (BaseJdbcLogger.java:143)- ==> Parameters: 女(String), 130503201901(String)
2019-09-02 18:49:00,505 DEBUG (BaseJdbcLogger.java:143)- ====>  Preparing: select id, dong, floor, room, sex, number, rent from dormitory where id = ? 
2019-09-02 18:49:00,505 DEBUG (BaseJdbcLogger.java:143)- ====> Parameters: 473(Integer)
2019-09-02 18:49:00,506 DEBUG (BaseJdbcLogger.java:143)- <====      Total: 1
2019-09-02 18:49:00,507 DEBUG (BaseJdbcLogger.java:143)- ====>  Preparing: select id, dong, floor, room, sex, number, rent from dormitory where id = ? 
2019-09-02 18:49:00,508 DEBUG (BaseJdbcLogger.java:143)- ====> Parameters: 474(Integer)
2019-09-02 18:49:00,508 DEBUG (BaseJdbcLogger.java:143)- <====      Total: 1
2019-09-02 18:49:00,509 DEBUG (BaseJdbcLogger.java:143)- ====>  Preparing: select id, dong, floor, room, sex, number, rent from dormitory where id = ? 
2019-09-02 18:49:00,510 DEBUG (BaseJdbcLogger.java:143)- ====> Parameters: 475(Integer)
2019-09-02 18:49:00,511 DEBUG (BaseJdbcLogger.java:143)- <====      Total: 1
2019-09-02 18:49:00,512 DEBUG (BaseJdbcLogger.java:143)- ====>  Preparing: select id, dong, floor, room, sex, number, rent from dormitory where id = ? 
2019-09-02 18:49:00,513 DEBUG (BaseJdbcLogger.java:143)- ====> Parameters: 476(Integer)
2019-09-02 18:49:00,514 DEBUG (BaseJdbcLogger.java:143)- <====      Total: 1
2019-09-02 18:49:00,515 DEBUG (BaseJdbcLogger.java:143)- <==      Total: 4
2019-09-02 18:49:00,516 DEBUG (BaseJdbcLogger.java:143)- ==>  Preparing: select student_status.id,student_status.basic_id, student_status.student_id, student_status.class_id from student_status,student_basic where student_status.basic_id=student_basic.id and student_basic.sex=? and student_status.class_id=? 
2019-09-02 18:49:00,517 DEBUG (BaseJdbcLogger.java:143)- ==> Parameters: 男(String), 130503201902(String)
2019-09-02 18:49:00,519 DEBUG (BaseJdbcLogger.java:143)- ====>  Preparing: select id, name, sex, birthday, phone, ID_number, email, parent_phone, adress, major, state from student_basic where id = ? 
2019-09-02 18:49:00,519 DEBUG (BaseJdbcLogger.java:143)- ====> Parameters: 19615(String)
2019-09-02 18:49:00,520 DEBUG (BaseJdbcLogger.java:143)- <====      Total: 1
2019-09-02 18:49:00,521 DEBUG (BaseJdbcLogger.java:143)- ====>  Preparing: select id, class_id, name, director, grade, major_id from class where class_id = ? 
2019-09-02 18:49:00,522 DEBUG (BaseJdbcLogger.java:143)- ====> Parameters: 130503201902(String)
2019-09-02 18:49:00,523 DEBUG (BaseJdbcLogger.java:143)- ======>  Preparing: select id, major_id, name, price, department_id from major where major_id = ? 
2019-09-02 18:49:00,523 DEBUG (BaseJdbcLogger.java:143)- ======> Parameters: 130503(String)
2019-09-02 18:49:00,524 DEBUG (BaseJdbcLogger.java:143)- <======      Total: 1
2019-09-02 18:49:00,525 DEBUG (BaseJdbcLogger.java:143)- <====      Total: 1
2019-09-02 18:49:00,525 DEBUG (BaseJdbcLogger.java:143)- ====>  Preparing: select id, name, sex, birthday, phone, ID_number, email, parent_phone, adress, major, state from student_basic where id = ? 
2019-09-02 18:49:00,525 DEBUG (BaseJdbcLogger.java:143)- ====> Parameters: 19618(String)
2019-09-02 18:49:00,526 DEBUG (BaseJdbcLogger.java:143)- <====      Total: 1
2019-09-02 18:49:00,526 DEBUG (BaseJdbcLogger.java:143)- ====>  Preparing: select id, name, sex, birthday, phone, ID_number, email, parent_phone, adress, major, state from student_basic where id = ? 
2019-09-02 18:49:00,527 DEBUG (BaseJdbcLogger.java:143)- ====> Parameters: 19619(String)
2019-09-02 18:49:00,528 DEBUG (BaseJdbcLogger.java:143)- <====      Total: 1
2019-09-02 18:49:00,528 DEBUG (BaseJdbcLogger.java:143)- ====>  Preparing: select id, name, sex, birthday, phone, ID_number, email, parent_phone, adress, major, state from student_basic where id = ? 
2019-09-02 18:49:00,529 DEBUG (BaseJdbcLogger.java:143)- ====> Parameters: 19620(String)
2019-09-02 18:49:00,530 DEBUG (BaseJdbcLogger.java:143)- <====      Total: 1
2019-09-02 18:49:00,530 DEBUG (BaseJdbcLogger.java:143)- ====>  Preparing: select id, name, sex, birthday, phone, ID_number, email, parent_phone, adress, major, state from student_basic where id = ? 
2019-09-02 18:49:00,531 DEBUG (BaseJdbcLogger.java:143)- ====> Parameters: 19621(String)
2019-09-02 18:49:00,532 DEBUG (BaseJdbcLogger.java:143)- <====      Total: 1
2019-09-02 18:49:00,533 DEBUG (BaseJdbcLogger.java:143)- ====>  Preparing: select id, name, sex, birthday, phone, ID_number, email, parent_phone, adress, major, state from student_basic where id = ? 
2019-09-02 18:49:00,534 DEBUG (BaseJdbcLogger.java:143)- ====> Parameters: 19622(String)
2019-09-02 18:49:00,535 DEBUG (BaseJdbcLogger.java:143)- <====      Total: 1
2019-09-02 18:49:00,536 DEBUG (BaseJdbcLogger.java:143)- ====>  Preparing: select id, name, sex, birthday, phone, ID_number, email, parent_phone, adress, major, state from student_basic where id = ? 
2019-09-02 18:49:00,537 DEBUG (BaseJdbcLogger.java:143)- ====> Parameters: 19629(String)
2019-09-02 18:49:00,541 DEBUG (BaseJdbcLogger.java:143)- <====      Total: 1
2019-09-02 18:49:00,542 DEBUG (BaseJdbcLogger.java:143)- ====>  Preparing: select id, name, sex, birthday, phone, ID_number, email, parent_phone, adress, major, state from student_basic where id = ? 
2019-09-02 18:49:00,543 DEBUG (BaseJdbcLogger.java:143)- ====> Parameters: 19630(String)
2019-09-02 18:49:00,545 DEBUG (BaseJdbcLogger.java:143)- <====      Total: 1
2019-09-02 18:49:00,545 DEBUG (BaseJdbcLogger.java:143)- ====>  Preparing: select id, name, sex, birthday, phone, ID_number, email, parent_phone, adress, major, state from student_basic where id = ? 
2019-09-02 18:49:00,545 DEBUG (BaseJdbcLogger.java:143)- ====> Parameters: 19632(String)
2019-09-02 18:49:00,547 DEBUG (BaseJdbcLogger.java:143)- <====      Total: 1
2019-09-02 18:49:00,548 DEBUG (BaseJdbcLogger.java:143)- ====>  Preparing: select id, name, sex, birthday, phone, ID_number, email, parent_phone, adress, major, state from student_basic where id = ? 
2019-09-02 18:49:00,548 DEBUG (BaseJdbcLogger.java:143)- ====> Parameters: 19634(String)
2019-09-02 18:49:00,550 DEBUG (BaseJdbcLogger.java:143)- <====      Total: 1
2019-09-02 18:49:00,550 DEBUG (BaseJdbcLogger.java:143)- ====>  Preparing: select id, name, sex, birthday, phone, ID_number, email, parent_phone, adress, major, state from student_basic where id = ? 
2019-09-02 18:49:00,551 DEBUG (BaseJdbcLogger.java:143)- ====> Parameters: 19635(String)
2019-09-02 18:49:00,552 DEBUG (BaseJdbcLogger.java:143)- <====      Total: 1
2019-09-02 18:49:00,553 DEBUG (BaseJdbcLogger.java:143)- ====>  Preparing: select id, name, sex, birthday, phone, ID_number, email, parent_phone, adress, major, state from student_basic where id = ? 
2019-09-02 18:49:00,553 DEBUG (BaseJdbcLogger.java:143)- ====> Parameters: 19636(String)
2019-09-02 18:49:00,554 DEBUG (BaseJdbcLogger.java:143)- <====      Total: 1
2019-09-02 18:49:00,555 DEBUG (BaseJdbcLogger.java:143)- ====>  Preparing: select id, name, sex, birthday, phone, ID_number, email, parent_phone, adress, major, state from student_basic where id = ? 
2019-09-02 18:49:00,555 DEBUG (BaseJdbcLogger.java:143)- ====> Parameters: 19640(String)
