2019-08-22 18:39:21,801 DEBUG (BaseJdbcLogger.java:143)- ====>  Preparing: select id, name, sex, birthday, phone, ID_number, email, parent_phone, adress, major, state from student_basic where id = ? 
2019-08-22 18:39:21,804 DEBUG (BaseJdbcLogger.java:143)- ====> Parameters: 12345(String)
2019-08-22 18:39:21,805 DEBUG (BaseJdbcLogger.java:143)- <====      Total: 1
2019-08-22 18:39:21,806 DEBUG (BaseJdbcLogger.java:143)- ====>  Preparing: select id, name, sex, birthday, phone, ID_number, email, parent_phone, adress, major, state from student_basic where id = ? 
2019-08-22 18:39:21,806 DEBUG (BaseJdbcLogger.java:143)- ====> Parameters: 12347(String)
2019-08-22 18:39:21,807 DEBUG (BaseJdbcLogger.java:143)- <====      Total: 1
2019-08-22 18:39:21,809 DEBUG (BaseJdbcLogger.java:143)- ====>  Preparing: select id, name, sex, birthday, phone, ID_number, email, parent_phone, adress, major, state from student_basic where id = ? 
2019-08-22 18:39:21,809 DEBUG (BaseJdbcLogger.java:143)- ====> Parameters: 12349(String)
2019-08-22 18:39:21,811 DEBUG (BaseJdbcLogger.java:143)- <====      Total: 1
2019-08-22 18:39:21,812 DEBUG (BaseJdbcLogger.java:143)- ====>  Preparing: select id, name, sex, birthday, phone, ID_number, email, parent_phone, adress, major, state from student_basic where id = ? 
2019-08-22 18:39:21,813 DEBUG (BaseJdbcLogger.java:143)- ====> Parameters: 12350(String)
2019-08-22 18:39:21,814 DEBUG (BaseJdbcLogger.java:143)- <====      Total: 1
2019-08-22 18:39:21,815 DEBUG (BaseJdbcLogger.java:143)- ====>  Preparing: select id, name, sex, birthday, phone, ID_number, email, parent_phone, adress, major, state from student_basic where id = ? 
2019-08-22 18:39:21,816 DEBUG (BaseJdbcLogger.java:143)- ====> Parameters: 12351(String)
2019-08-22 18:39:21,817 DEBUG (BaseJdbcLogger.java:143)- <====      Total: 1
2019-08-22 18:39:21,817 DEBUG (BaseJdbcLogger.java:143)- ====>  Preparing: select id, name, sex, birthday, phone, ID_number, email, parent_phone, adress, major, state from student_basic where id = ? 
2019-08-22 18:39:21,818 DEBUG (BaseJdbcLogger.java:143)- ====> Parameters: 12352(String)
2019-08-22 18:39:21,818 DEBUG (BaseJdbcLogger.java:143)- <====      Total: 1
2019-08-22 18:39:21,818 DEBUG (BaseJdbcLogger.java:143)- ====>  Preparing: select id, name, sex, birthday, phone, ID_number, email, parent_phone, adress, major, state from student_basic where id = ? 
2019-08-22 18:39:21,819 DEBUG (BaseJdbcLogger.java:143)- ====> Parameters: 12355(String)
2019-08-22 18:39:21,819 DEBUG (BaseJdbcLogger.java:143)- <====      Total: 1
2019-08-22 18:39:21,820 DEBUG (BaseJdbcLogger.java:143)- ====>  Preparing: select id, name, sex, birthday, phone, ID_number, email, parent_phone, adress, major, state from student_basic where id = ? 
2019-08-22 18:39:21,820 DEBUG (BaseJdbcLogger.java:143)- ====> Parameters: 12356(String)
2019-08-22 18:39:21,821 DEBUG (BaseJdbcLogger.java:143)- <====      Total: 1
2019-08-22 18:39:21,821 DEBUG (BaseJdbcLogger.java:143)- ====>  Preparing: select id, name, sex, birthday, phone, ID_number, email, parent_phone, adress, major, state from student_basic where id = ? 
2019-08-22 18:39:21,821 DEBUG (BaseJdbcLogger.java:143)- ====> Parameters: 12357(String)
2019-08-22 18:39:21,822 DEBUG (BaseJdbcLogger.java:143)- <====      Total: 1
2019-08-22 18:39:21,822 DEBUG (BaseJdbcLogger.java:143)- ====>  Preparing: select id, name, sex, birthday, phone, ID_number, email, parent_phone, adress, major, state from student_basic where id = ? 
2019-08-22 18:39:21,822 DEBUG (BaseJdbcLogger.java:143)- ====> Parameters: 12358(String)
2019-08-22 18:39:21,823 DEBUG (BaseJdbcLogger.java:143)- <====      Total: 1
2019-08-22 18:39:21,823 DEBUG (BaseJdbcLogger.java:143)- ====>  Preparing: select id, name, sex, birthday, phone, ID_number, email, parent_phone, adress, major, state from student_basic where id = ? 
2019-08-22 18:39:21,824 DEBUG (BaseJdbcLogger.java:143)- ====> Parameters: 12360(String)
2019-08-22 18:39:21,824 DEBUG (BaseJdbcLogger.java:143)- <====      Total: 1
2019-08-22 18:39:21,825 DEBUG (BaseJdbcLogger.java:143)- ====>  Preparing: select id, name, sex, birthday, phone, ID_number, email, parent_phone, adress, major, state from student_basic where id = ? 
2019-08-22 18:39:21,825 DEBUG (BaseJdbcLogger.java:143)- ====> Parameters: 12361(String)
2019-08-22 18:39:21,826 DEBUG (BaseJdbcLogger.java:143)- <====      Total: 1
2019-08-22 18:39:21,826 DEBUG (BaseJdbcLogger.java:143)- <==      Total: 25
2019-08-22 18:39:21,826 DEBUG (BaseJdbcLogger.java:143)- ==>  Preparing: select student_status.id,student_status.basic_id, student_status.student_id, student_status.class_id from student_status,student_basic where student_status.basic_id=student_basic.id and student_basic.sex=? and student_status.class_id=? 
2019-08-22 18:39:21,827 DEBUG (BaseJdbcLogger.java:143)- ==> Parameters: 女(String), 080703201903(String)
2019-08-22 18:39:21,830 DEBUG (BaseJdbcLogger.java:143)- ====>  Preparing: select id, name, sex, birthday, phone, ID_number, email, parent_phone, adress, major, state from student_basic where id = ? 
2019-08-22 18:39:21,831 DEBUG (BaseJdbcLogger.java:143)- ====> Parameters: 12320(String)
2019-08-22 18:39:21,832 DEBUG (BaseJdbcLogger.java:143)- <====      Total: 1
2019-08-22 18:39:21,832 DEBUG (BaseJdbcLogger.java:143)- ====>  Preparing: select id, class_id, name, director, grade, major_id from class where class_id = ? 
2019-08-22 18:39:21,832 DEBUG (BaseJdbcLogger.java:143)- ====> Parameters: 080703201903(String)
2019-08-22 18:39:21,833 DEBUG (BaseJdbcLogger.java:143)- ======>  Preparing: select id, major_id, name, price, department_id from major where major_id = ? 
2019-08-22 18:39:21,833 DEBUG (BaseJdbcLogger.java:143)- ======> Parameters: 080703(String)
2019-08-22 18:39:21,834 DEBUG (BaseJdbcLogger.java:143)- <======      Total: 1
2019-08-22 18:39:21,834 DEBUG (BaseJdbcLogger.java:143)- <====      Total: 1
2019-08-22 18:39:21,835 DEBUG (BaseJdbcLogger.java:143)- ====>  Preparing: select id, name, sex, birthday, phone, ID_number, email, parent_phone, adress, major, state from student_basic where id = ? 
2019-08-22 18:39:21,835 DEBUG (BaseJdbcLogger.java:143)- ====> Parameters: 12322(String)
2019-08-22 18:39:21,836 DEBUG (BaseJdbcLogger.java:143)- <====      Total: 1
2019-08-22 18:39:21,836 DEBUG (BaseJdbcLogger.java:143)- ====>  Preparing: select id, name, sex, birthday, phone, ID_number, email, parent_phone, adress, major, state from student_basic where id = ? 
2019-08-22 18:39:21,836 DEBUG (BaseJdbcLogger.java:143)- ====> Parameters: 12325(String)
2019-08-22 18:39:21,837 DEBUG (BaseJdbcLogger.java:143)- <====      Total: 1
2019-08-22 18:39:21,837 DEBUG (BaseJdbcLogger.java:143)- ====>  Preparing: select id, name, sex, birthday, phone, ID_number, email, parent_phone, adress, major, state from student_basic where id = ? 
2019-08-22 18:39:21,838 DEBUG (BaseJdbcLogger.java:143)- ====> Parameters: 12330(String)
2019-08-22 18:39:21,838 DEBUG (BaseJdbcLogger.java:143)- <====      Total: 1
2019-08-22 18:39:21,839 DEBUG (BaseJdbcLogger.java:143)- ====>  Preparing: select id, name, sex, birthday, phone, ID_number, email, parent_phone, adress, major, state from student_basic where id = ? 
2019-08-22 18:39:21,839 DEBUG (BaseJdbcLogger.java:143)- ====> Parameters: 12331(String)
2019-08-22 18:39:21,839 DEBUG (BaseJdbcLogger.java:143)- <====      Total: 1
2019-08-22 18:39:21,840 DEBUG (BaseJdbcLogger.java:143)- ====>  Preparing: select id, name, sex, birthday, phone, ID_number, email, parent_phone, adress, major, state from student_basic where id = ? 
2019-08-22 18:39:21,840 DEBUG (BaseJdbcLogger.java:143)- ====> Parameters: 12332(String)
2019-08-22 18:39:21,841 DEBUG (BaseJdbcLogger.java:143)- <====      Total: 1
2019-08-22 18:39:21,841 DEBUG (BaseJdbcLogger.java:143)- ====>  Preparing: select id, name, sex, birthday, phone, ID_number, email, parent_phone, adress, major, state from student_basic where id = ? 
