2019-10-27 21:13:30,509 DEBUG (BaseJdbcLogger.java:143)- ====>  Preparing: select id, name, sex, birthday, phone, ID_number, email, parent_phone, adress, major, state from student_basic where id = ? 
2019-10-27 21:13:30,510 DEBUG (BaseJdbcLogger.java:143)- ====> Parameters: 27988(String)
2019-10-27 21:13:30,511 DEBUG (BaseJdbcLogger.java:143)- <====      Total: 1
2019-10-27 21:13:30,512 DEBUG (BaseJdbcLogger.java:143)- ====>  Preparing: select id, name, sex, birthday, phone, ID_number, email, parent_phone, adress, major, state from student_basic where id = ? 
2019-10-27 21:13:30,512 DEBUG (BaseJdbcLogger.java:143)- ====> Parameters: 27990(String)
2019-10-27 21:13:30,513 DEBUG (BaseJdbcLogger.java:143)- <====      Total: 1
2019-10-27 21:13:30,513 DEBUG (BaseJdbcLogger.java:143)- ====>  Preparing: select id, name, sex, birthday, phone, ID_number, email, parent_phone, adress, major, state from student_basic where id = ? 
2019-10-27 21:13:30,514 DEBUG (BaseJdbcLogger.java:143)- ====> Parameters: 27991(String)
2019-10-27 21:13:30,516 DEBUG (BaseJdbcLogger.java:143)- <====      Total: 1
2019-10-27 21:13:30,516 DEBUG (BaseJdbcLogger.java:143)- ====>  Preparing: select id, name, sex, birthday, phone, ID_number, email, parent_phone, adress, major, state from student_basic where id = ? 
2019-10-27 21:13:30,516 DEBUG (BaseJdbcLogger.java:143)- ====> Parameters: 27992(String)
2019-10-27 21:13:30,518 DEBUG (BaseJdbcLogger.java:143)- <====      Total: 1
2019-10-27 21:13:30,518 DEBUG (BaseJdbcLogger.java:143)- ====>  Preparing: select id, name, sex, birthday, phone, ID_number, email, parent_phone, adress, major, state from student_basic where id = ? 
2019-10-27 21:13:30,519 DEBUG (BaseJdbcLogger.java:143)- ====> Parameters: 27993(String)
2019-10-27 21:13:30,520 DEBUG (BaseJdbcLogger.java:143)- <====      Total: 1
2019-10-27 21:13:30,521 DEBUG (BaseJdbcLogger.java:143)- ====>  Preparing: select id, name, sex, birthday, phone, ID_number, email, parent_phone, adress, major, state from student_basic where id = ? 
2019-10-27 21:13:30,521 DEBUG (BaseJdbcLogger.java:143)- ====> Parameters: 27995(String)
2019-10-27 21:13:30,522 DEBUG (BaseJdbcLogger.java:143)- <====      Total: 1
2019-10-27 21:13:30,523 DEBUG (BaseJdbcLogger.java:143)- ====>  Preparing: select id, name, sex, birthday, phone, ID_number, email, parent_phone, adress, major, state from student_basic where id = ? 
2019-10-27 21:13:30,523 DEBUG (BaseJdbcLogger.java:143)- ====> Parameters: 27997(String)
2019-10-27 21:13:30,524 DEBUG (BaseJdbcLogger.java:143)- <====      Total: 1
2019-10-27 21:13:30,525 DEBUG (BaseJdbcLogger.java:143)- ====>  Preparing: select id, name, sex, birthday, phone, ID_number, email, parent_phone, adress, major, state from student_basic where id = ? 
2019-10-27 21:13:30,525 DEBUG (BaseJdbcLogger.java:143)- ====> Parameters: 27998(String)
2019-10-27 21:13:30,526 DEBUG (BaseJdbcLogger.java:143)- <====      Total: 1
2019-10-27 21:13:30,526 DEBUG (BaseJdbcLogger.java:143)- ====>  Preparing: select id, name, sex, birthday, phone, ID_number, email, parent_phone, adress, major, state from student_basic where id = ? 
2019-10-27 21:13:30,528 DEBUG (BaseJdbcLogger.java:143)- ====> Parameters: 27999(String)
2019-10-27 21:13:30,528 DEBUG (BaseJdbcLogger.java:143)- <====      Total: 1
2019-10-27 21:13:30,528 DEBUG (BaseJdbcLogger.java:143)- ====>  Preparing: select id, name, sex, birthday, phone, ID_number, email, parent_phone, adress, major, state from student_basic where id = ? 
2019-10-27 21:13:30,529 DEBUG (BaseJdbcLogger.java:143)- ====> Parameters: 28003(String)
2019-10-27 21:13:30,529 DEBUG (BaseJdbcLogger.java:143)- <====      Total: 1
2019-10-27 21:13:30,531 DEBUG (BaseJdbcLogger.java:143)- ====>  Preparing: select id, name, sex, birthday, phone, ID_number, email, parent_phone, adress, major, state from student_basic where id = ? 
2019-10-27 21:13:30,531 DEBUG (BaseJdbcLogger.java:143)- ====> Parameters: 28004(String)
2019-10-27 21:13:30,531 DEBUG (BaseJdbcLogger.java:143)- <====      Total: 1
2019-10-27 21:13:30,532 DEBUG (BaseJdbcLogger.java:143)- ====>  Preparing: select id, name, sex, birthday, phone, ID_number, email, parent_phone, adress, major, state from student_basic where id = ? 
2019-10-27 21:13:30,532 DEBUG (BaseJdbcLogger.java:143)- ====> Parameters: 28005(String)
2019-10-27 21:13:30,533 DEBUG (BaseJdbcLogger.java:143)- <====      Total: 1
2019-10-27 21:13:30,534 DEBUG (BaseJdbcLogger.java:143)- ====>  Preparing: select id, name, sex, birthday, phone, ID_number, email, parent_phone, adress, major, state from student_basic where id = ? 
2019-10-27 21:13:30,534 DEBUG (BaseJdbcLogger.java:143)- ====> Parameters: 28006(String)
2019-10-27 21:13:30,535 DEBUG (BaseJdbcLogger.java:143)- <====      Total: 1
2019-10-27 21:13:30,536 DEBUG (BaseJdbcLogger.java:143)- ====>  Preparing: select id, name, sex, birthday, phone, ID_number, email, parent_phone, adress, major, state from student_basic where id = ? 
2019-10-27 21:13:30,536 DEBUG (BaseJdbcLogger.java:143)- ====> Parameters: 28008(String)
2019-10-27 21:13:30,536 DEBUG (BaseJdbcLogger.java:143)- <====      Total: 1
2019-10-27 21:13:30,537 DEBUG (BaseJdbcLogger.java:143)- ====>  Preparing: select id, name, sex, birthday, phone, ID_number, email, parent_phone, adress, major, state from student_basic where id = ? 
2019-10-27 21:13:30,537 DEBUG (BaseJdbcLogger.java:143)- ====> Parameters: 28009(String)
2019-10-27 21:13:30,537 DEBUG (BaseJdbcLogger.java:143)- <====      Total: 1
2019-10-27 21:13:30,538 DEBUG (BaseJdbcLogger.java:143)- ====>  Preparing: select id, name, sex, birthday, phone, ID_number, email, parent_phone, adress, major, state from student_basic where id = ? 
2019-10-27 21:13:30,538 DEBUG (BaseJdbcLogger.java:143)- ====> Parameters: 28010(String)
2019-10-27 21:13:30,538 DEBUG (BaseJdbcLogger.java:143)- <====      Total: 1
2019-10-27 21:13:30,539 DEBUG (BaseJdbcLogger.java:143)- ====>  Preparing: select id, name, sex, birthday, phone, ID_number, email, parent_phone, adress, major, state from student_basic where id = ? 
2019-10-27 21:13:30,539 DEBUG (BaseJdbcLogger.java:143)- ====> Parameters: 28011(String)
2019-10-27 21:13:30,539 DEBUG (BaseJdbcLogger.java:143)- <====      Total: 1
2019-10-27 21:13:30,540 DEBUG (BaseJdbcLogger.java:143)- <==      Total: 21
2019-10-27 21:13:30,541 DEBUG (BaseJdbcLogger.java:143)- ==>  Preparing: select dormitory_allocation.id, dormitory_allocation.class_id, dormitory_allocation.dormitory_id,dormitory_allocation.number from dormitory_allocation,dormitory WHERE dormitory_allocation.dormitory_id=dormitory.id and dormitory.sex=? and class_id = ? 
2019-10-27 21:13:30,541 DEBUG (BaseJdbcLogger.java:143)- ==> Parameters: 男(String), 080901201904(String)
2019-10-27 21:13:30,542 DEBUG (BaseJdbcLogger.java:143)- <==      Total: 0
2019-10-27 21:13:30,542 DEBUG (BaseJdbcLogger.java:143)- ==>  Preparing: select student_status.id,student_status.basic_id, student_status.student_id, student_status.class_id from student_status,student_basic where student_status.basic_id=student_basic.id and student_basic.sex=? and student_status.class_id=? 
2019-10-27 21:13:30,542 DEBUG (BaseJdbcLogger.java:143)- ==> Parameters: 男(String), 080703201901(String)
2019-10-27 21:13:30,543 DEBUG (BaseJdbcLogger.java:143)- ====>  Preparing: select id, name, sex, birthday, phone, ID_number, email, parent_phone, adress, major, state from student_basic where id = ? 
2019-10-27 21:13:30,543 DEBUG (BaseJdbcLogger.java:143)- ====> Parameters: 28089(String)
2019-10-27 21:13:30,544 DEBUG (BaseJdbcLogger.java:143)- <====      Total: 1
2019-10-27 21:13:30,544 DEBUG (BaseJdbcLogger.java:143)- ====>  Preparing: select id, class_id, name, director, grade, major_id from class WHERE class_id = ? 
2019-10-27 21:13:30,545 DEBUG (BaseJdbcLogger.java:143)- ====> Parameters: 080703201901(String)
2019-10-27 21:13:30,545 DEBUG (BaseJdbcLogger.java:143)- ======>  Preparing: select id, major_id, name, price, department_id from major where major_id = ? 
2019-10-27 21:13:30,546 DEBUG (BaseJdbcLogger.java:143)- ======> Parameters: 080703(String)
2019-10-27 21:13:30,547 DEBUG (BaseJdbcLogger.java:143)- <======      Total: 1
2019-10-27 21:13:30,548 DEBUG (BaseJdbcLogger.java:143)- <====      Total: 1
2019-10-27 21:13:30,548 DEBUG (BaseJdbcLogger.java:143)- ====>  Preparing: select id, name, sex, birthday, phone, ID_number, email, parent_phone, adress, major, state from student_basic where id = ? 
2019-10-27 21:13:30,548 DEBUG (BaseJdbcLogger.java:143)- ====> Parameters: 28090(String)
2019-10-27 21:13:30,549 DEBUG (BaseJdbcLogger.java:143)- <====      Total: 1
2019-10-27 21:13:30,549 DEBUG (BaseJdbcLogger.java:143)- ====>  Preparing: select id, name, sex, birthday, phone, ID_number, email, parent_phone, adress, major, state from student_basic where id = ? 
2019-10-27 21:13:30,549 DEBUG (BaseJdbcLogger.java:143)- ====> Parameters: 28091(String)
2019-10-27 21:13:30,550 DEBUG (BaseJdbcLogger.java:143)- <====      Total: 1
2019-10-27 21:13:30,551 DEBUG (BaseJdbcLogger.java:143)- ====>  Preparing: select id, name, sex, birthday, phone, ID_number, email, parent_phone, adress, major, state from student_basic where id = ? 
2019-10-27 21:13:30,551 DEBUG (BaseJdbcLogger.java:143)- ====> Parameters: 28092(String)
2019-10-27 21:13:30,552 DEBUG (BaseJdbcLogger.java:143)- <====      Total: 1
2019-10-27 21:13:30,553 DEBUG (BaseJdbcLogger.java:143)- ====>  Preparing: select id, name, sex, birthday, phone, ID_number, email, parent_phone, adress, major, state from student_basic where id = ? 
2019-10-27 21:13:30,553 DEBUG (BaseJdbcLogger.java:143)- ====> Parameters: 28095(String)
2019-10-27 21:13:30,553 DEBUG (BaseJdbcLogger.java:143)- <====      Total: 1
2019-10-27 21:13:30,554 DEBUG (BaseJdbcLogger.java:143)- ====>  Preparing: select id, name, sex, birthday, phone, ID_number, email, parent_phone, adress, major, state from student_basic where id = ? 
2019-10-27 21:13:30,554 DEBUG (BaseJdbcLogger.java:143)- ====> Parameters: 28096(String)
2019-10-27 21:13:30,555 DEBUG (BaseJdbcLogger.java:143)- <====      Total: 1
2019-10-27 21:13:30,556 DEBUG (BaseJdbcLogger.java:143)- ====>  Preparing: select id, name, sex, birthday, phone, ID_number, email, parent_phone, adress, major, state from student_basic where id = ? 
2019-10-27 21:13:30,556 DEBUG (BaseJdbcLogger.java:143)- ====> Parameters: 28097(String)
2019-10-27 21:13:30,556 DEBUG (BaseJdbcLogger.java:143)- <====      Total: 1
2019-10-27 21:13:30,557 DEBUG (BaseJdbcLogger.java:143)- ====>  Preparing: select id, name, sex, birthday, phone, ID_number, email, parent_phone, adress, major, state from student_basic where id = ? 
2019-10-27 21:13:30,557 DEBUG (BaseJdbcLogger.java:143)- ====> Parameters: 28098(String)
2019-10-27 21:13:30,558 DEBUG (BaseJdbcLogger.java:143)- <====      Total: 1
2019-10-27 21:13:30,558 DEBUG (BaseJdbcLogger.java:143)- ====>  Preparing: select id, name, sex, birthday, phone, ID_number, email, parent_phone, adress, major, state from student_basic where id = ? 
2019-10-27 21:13:30,560 DEBUG (BaseJdbcLogger.java:143)- ====> Parameters: 28099(String)
2019-10-27 21:13:30,561 DEBUG (BaseJdbcLogger.java:143)- <====      Total: 1
2019-10-27 21:13:30,561 DEBUG (BaseJdbcLogger.java:143)- ====>  Preparing: select id, name, sex, birthday, phone, ID_number, email, parent_phone, adress, major, state from student_basic where id = ? 
2019-10-27 21:13:30,561 DEBUG (BaseJdbcLogger.java:143)- ====> Parameters: 28100(String)
2019-10-27 21:13:30,562 DEBUG (BaseJdbcLogger.java:143)- <====      Total: 1
2019-10-27 21:13:30,563 DEBUG (BaseJdbcLogger.java:143)- ====>  Preparing: select id, name, sex, birthday, phone, ID_number, email, parent_phone, adress, major, state from student_basic where id = ? 
2019-10-27 21:13:30,563 DEBUG (BaseJdbcLogger.java:143)- ====> Parameters: 28102(String)
2019-10-27 21:13:30,563 DEBUG (BaseJdbcLogger.java:143)- <====      Total: 1
2019-10-27 21:13:30,564 DEBUG (BaseJdbcLogger.java:143)- ====>  Preparing: select id, name, sex, birthday, phone, ID_number, email, parent_phone, adress, major, state from student_basic where id = ? 
2019-10-27 21:13:30,564 DEBUG (BaseJdbcLogger.java:143)- ====> Parameters: 28106(String)
2019-10-27 21:13:30,565 DEBUG (BaseJdbcLogger.java:143)- <====      Total: 1
2019-10-27 21:13:30,566 DEBUG (BaseJdbcLogger.java:143)- ====>  Preparing: select id, name, sex, birthday, phone, ID_number, email, parent_phone, adress, major, state from student_basic where id = ? 
2019-10-27 21:13:30,567 DEBUG (BaseJdbcLogger.java:143)- ====> Parameters: 28109(String)
2019-10-27 21:13:30,568 DEBUG (BaseJdbcLogger.java:143)- <====      Total: 1
2019-10-27 21:13:30,568 DEBUG (BaseJdbcLogger.java:143)- ====>  Preparing: select id, name, sex, birthday, phone, ID_number, email, parent_phone, adress, major, state from student_basic where id = ? 
2019-10-27 21:13:30,568 DEBUG (BaseJdbcLogger.java:143)- ====> Parameters: 28110(String)
2019-10-27 21:13:30,569 DEBUG (BaseJdbcLogger.java:143)- <====      Total: 1
2019-10-27 21:13:30,570 DEBUG (BaseJdbcLogger.java:143)- ====>  Preparing: select id, name, sex, birthday, phone, ID_number, email, parent_phone, adress, major, state from student_basic where id = ? 
2019-10-27 21:13:30,570 DEBUG (BaseJdbcLogger.java:143)- ====> Parameters: 28113(String)
2019-10-27 21:13:30,571 DEBUG (BaseJdbcLogger.java:143)- <====      Total: 1
2019-10-27 21:13:30,571 DEBUG (BaseJdbcLogger.java:143)- ====>  Preparing: select id, name, sex, birthday, phone, ID_number, email, parent_phone, adress, major, state from student_basic where id = ? 
2019-10-27 21:13:30,572 DEBUG (BaseJdbcLogger.java:143)- ====> Parameters: 28115(String)
2019-10-27 21:13:30,572 DEBUG (BaseJdbcLogger.java:143)- <====      Total: 1
2019-10-27 21:13:30,573 DEBUG (BaseJdbcLogger.java:143)- ====>  Preparing: select id, name, sex, birthday, phone, ID_number, email, parent_phone, adress, major, state from student_basic where id = ? 
2019-10-27 21:13:30,575 DEBUG (BaseJdbcLogger.java:143)- ====> Parameters: 28116(String)
2019-10-27 21:13:30,576 DEBUG (BaseJdbcLogger.java:143)- <====      Total: 1
2019-10-27 21:13:30,577 DEBUG (BaseJdbcLogger.java:143)- ====>  Preparing: select id, name, sex, birthday, phone, ID_number, email, parent_phone, adress, major, state from student_basic where id = ? 
2019-10-27 21:13:30,577 DEBUG (BaseJdbcLogger.java:143)- ====> Parameters: 28118(String)
2019-10-27 21:13:30,578 DEBUG (BaseJdbcLogger.java:143)- <====      Total: 1
2019-10-27 21:13:30,579 DEBUG (BaseJdbcLogger.java:143)- ====>  Preparing: select id, name, sex, birthday, phone, ID_number, email, parent_phone, adress, major, state from student_basic where id = ? 
2019-10-27 21:13:30,579 DEBUG (BaseJdbcLogger.java:143)- ====> Parameters: 28119(String)
2019-10-27 21:13:30,580 DEBUG (BaseJdbcLogger.java:143)- <====      Total: 1
2019-10-27 21:13:30,580 DEBUG (BaseJdbcLogger.java:143)- ====>  Preparing: select id, name, sex, birthday, phone, ID_number, email, parent_phone, adress, major, state from student_basic where id = ? 
2019-10-27 21:13:30,581 DEBUG (BaseJdbcLogger.java:143)- ====> Parameters: 28121(String)
2019-10-27 21:13:30,583 DEBUG (BaseJdbcLogger.java:143)- <====      Total: 1
2019-10-27 21:13:30,583 DEBUG (BaseJdbcLogger.java:143)- ====>  Preparing: select id, name, sex, birthday, phone, ID_number, email, parent_phone, adress, major, state from student_basic where id = ? 
2019-10-27 21:13:30,584 DEBUG (BaseJdbcLogger.java:143)- ====> Parameters: 28124(String)
2019-10-27 21:13:30,585 DEBUG (BaseJdbcLogger.java:143)- <====      Total: 1
2019-10-27 21:13:30,585 DEBUG (BaseJdbcLogger.java:143)- ====>  Preparing: select id, name, sex, birthday, phone, ID_number, email, parent_phone, adress, major, state from student_basic where id = ? 
2019-10-27 21:13:30,586 DEBUG (BaseJdbcLogger.java:143)- ====> Parameters: 28127(String)
2019-10-27 21:13:30,586 DEBUG (BaseJdbcLogger.java:143)- <====      Total: 1
2019-10-27 21:13:30,587 DEBUG (BaseJdbcLogger.java:143)- ====>  Preparing: select id, name, sex, birthday, phone, ID_number, email, parent_phone, adress, major, state from student_basic where id = ? 
2019-10-27 21:13:30,587 DEBUG (BaseJdbcLogger.java:143)- ====> Parameters: 28130(String)
2019-10-27 21:13:30,588 DEBUG (BaseJdbcLogger.java:143)- <====      Total: 1
2019-10-27 21:13:30,588 DEBUG (BaseJdbcLogger.java:143)- ====>  Preparing: select id, name, sex, birthday, phone, ID_number, email, parent_phone, adress, major, state from student_basic where id = ? 
2019-10-27 21:13:30,588 DEBUG (BaseJdbcLogger.java:143)- ====> Parameters: 28131(String)
2019-10-27 21:13:30,590 DEBUG (BaseJdbcLogger.java:143)- <====      Total: 1
2019-10-27 21:13:30,591 DEBUG (BaseJdbcLogger.java:143)- ====>  Preparing: select id, name, sex, birthday, phone, ID_number, email, parent_phone, adress, major, state from student_basic where id = ? 
2019-10-27 21:13:30,592 DEBUG (BaseJdbcLogger.java:143)- ====> Parameters: 28132(String)
2019-10-27 21:13:30,592 DEBUG (BaseJdbcLogger.java:143)- <====      Total: 1
2019-10-27 21:13:30,593 DEBUG (BaseJdbcLogger.java:143)- ====>  Preparing: select id, name, sex, birthday, phone, ID_number, email, parent_phone, adress, major, state from student_basic where id = ? 
2019-10-27 21:13:30,593 DEBUG (BaseJdbcLogger.java:143)- ====> Parameters: 28133(String)
2019-10-27 21:13:30,595 DEBUG (BaseJdbcLogger.java:143)- <====      Total: 1
2019-10-27 21:13:30,595 DEBUG (BaseJdbcLogger.java:143)- <==      Total: 26
2019-10-27 21:13:30,595 DEBUG (BaseJdbcLogger.java:143)- ==>  Preparing: select dormitory_allocation.id, dormitory_allocation.class_id, dormitory_allocation.dormitory_id,dormitory_allocation.number from dormitory_allocation,dormitory WHERE dormitory_allocation.dormitory_id=dormitory.id and dormitory.sex=? and class_id = ? 
2019-10-27 21:13:30,595 DEBUG (BaseJdbcLogger.java:143)- ==> Parameters: 男(String), 080703201901(String)
2019-10-27 21:13:30,596 DEBUG (BaseJdbcLogger.java:143)- <==      Total: 0
2019-10-27 21:13:30,596 DEBUG (BaseJdbcLogger.java:143)- ==>  Preparing: select student_status.id,student_status.basic_id, student_status.student_id, student_status.class_id from student_status,student_basic where student_status.basic_id=student_basic.id and student_basic.sex=? and student_status.class_id=? 
2019-10-27 21:13:30,596 DEBUG (BaseJdbcLogger.java:143)- ==> Parameters: 男(String), 080703201902(String)
2019-10-27 21:13:30,598 DEBUG (BaseJdbcLogger.java:143)- ====>  Preparing: select id, name, sex, birthday, phone, ID_number, email, parent_phone, adress, major, state from student_basic where id = ? 
2019-10-27 21:13:30,598 DEBUG (BaseJdbcLogger.java:143)- ====> Parameters: 28135(String)
2019-10-27 21:13:30,600 DEBUG (BaseJdbcLogger.java:143)- <====      Total: 1
2019-10-27 21:13:30,600 DEBUG (BaseJdbcLogger.java:143)- ====>  Preparing: select id, class_id, name, director, grade, major_id from class WHERE class_id = ? 
2019-10-27 21:13:30,600 DEBUG (BaseJdbcLogger.java:143)- ====> Parameters: 080703201902(String)
2019-10-27 21:13:30,601 DEBUG (BaseJdbcLogger.java:143)- ======>  Preparing: select id, major_id, name, price, department_id from major where major_id = ? 
2019-10-27 21:13:30,601 DEBUG (BaseJdbcLogger.java:143)- ======> Parameters: 080703(String)
2019-10-27 21:13:30,602 DEBUG (BaseJdbcLogger.java:143)- <======      Total: 1
2019-10-27 21:13:30,602 DEBUG (BaseJdbcLogger.java:143)- <====      Total: 1
2019-10-27 21:13:30,603 DEBUG (BaseJdbcLogger.java:143)- ====>  Preparing: select id, name, sex, birthday, phone, ID_number, email, parent_phone, adress, major, state from student_basic where id = ? 
2019-10-27 21:13:30,603 DEBUG (BaseJdbcLogger.java:143)- ====> Parameters: 28136(String)
2019-10-27 21:13:30,603 DEBUG (BaseJdbcLogger.java:143)- <====      Total: 1
2019-10-27 21:13:30,604 DEBUG (BaseJdbcLogger.java:143)- ====>  Preparing: select id, name, sex, birthday, phone, ID_number, email, parent_phone, adress, major, state from student_basic where id = ? 
2019-10-27 21:13:30,604 DEBUG (BaseJdbcLogger.java:143)- ====> Parameters: 28139(String)
2019-10-27 21:13:30,605 DEBUG (BaseJdbcLogger.java:143)- <====      Total: 1
2019-10-27 21:13:30,605 DEBUG (BaseJdbcLogger.java:143)- ====>  Preparing: select id, name, sex, birthday, phone, ID_number, email, parent_phone, adress, major, state from student_basic where id = ? 
2019-10-27 21:13:30,606 DEBUG (BaseJdbcLogger.java:143)- ====> Parameters: 28140(String)
2019-10-27 21:13:30,607 DEBUG (BaseJdbcLogger.java:143)- <====      Total: 1
2019-10-27 21:13:30,607 DEBUG (BaseJdbcLogger.java:143)- ====>  Preparing: select id, name, sex, birthday, phone, ID_number, email, parent_phone, adress, major, state from student_basic where id = ? 
2019-10-27 21:13:30,607 DEBUG (BaseJdbcLogger.java:143)- ====> Parameters: 28141(String)
2019-10-27 21:13:30,607 DEBUG (BaseJdbcLogger.java:143)- <====      Total: 1
2019-10-27 21:13:30,609 DEBUG (BaseJdbcLogger.java:143)- ====>  Preparing: select id, name, sex, birthday, phone, ID_number, email, parent_phone, adress, major, state from student_basic where id = ? 
2019-10-27 21:13:30,609 DEBUG (BaseJdbcLogger.java:143)- ====> Parameters: 28142(String)
2019-10-27 21:13:30,609 DEBUG (BaseJdbcLogger.java:143)- <====      Total: 1
2019-10-27 21:13:30,610 DEBUG (BaseJdbcLogger.java:143)- ====>  Preparing: select id, name, sex, birthday, phone, ID_number, email, parent_phone, adress, major, state from student_basic where id = ? 
2019-10-27 21:13:30,610 DEBUG (BaseJdbcLogger.java:143)- ====> Parameters: 28143(String)
2019-10-27 21:13:30,611 DEBUG (BaseJdbcLogger.java:143)- <====      Total: 1
2019-10-27 21:13:30,611 DEBUG (BaseJdbcLogger.java:143)- ====>  Preparing: select id, name, sex, birthday, phone, ID_number, email, parent_phone, adress, major, state from student_basic where id = ? 
2019-10-27 21:13:30,612 DEBUG (BaseJdbcLogger.java:143)- ====> Parameters: 28144(String)
2019-10-27 21:13:30,612 DEBUG (BaseJdbcLogger.java:143)- <====      Total: 1
2019-10-27 21:13:30,613 DEBUG (BaseJdbcLogger.java:143)- ====>  Preparing: select id, name, sex, birthday, phone, ID_number, email, parent_phone, adress, major, state from student_basic where id = ? 
2019-10-27 21:13:30,613 DEBUG (BaseJdbcLogger.java:143)- ====> Parameters: 28146(String)
2019-10-27 21:13:30,613 DEBUG (BaseJdbcLogger.java:143)- <====      Total: 1
2019-10-27 21:13:30,614 DEBUG (BaseJdbcLogger.java:143)- ====>  Preparing: select id, name, sex, birthday, phone, ID_number, email, parent_phone, adress, major, state from student_basic where id = ? 
2019-10-27 21:13:30,614 DEBUG (BaseJdbcLogger.java:143)- ====> Parameters: 28149(String)
2019-10-27 21:13:30,615 DEBUG (BaseJdbcLogger.java:143)- <====      Total: 1
2019-10-27 21:13:30,616 DEBUG (BaseJdbcLogger.java:143)- ====>  Preparing: select id, name, sex, birthday, phone, ID_number, email, parent_phone, adress, major, state from student_basic where id = ? 
2019-10-27 21:13:30,616 DEBUG (BaseJdbcLogger.java:143)- ====> Parameters: 28150(String)
2019-10-27 21:13:30,617 DEBUG (BaseJdbcLogger.java:143)- <====      Total: 1
2019-10-27 21:13:30,618 DEBUG (BaseJdbcLogger.java:143)- ====>  Preparing: select id, name, sex, birthday, phone, ID_number, email, parent_phone, adress, major, state from student_basic where id = ? 
2019-10-27 21:13:30,619 DEBUG (BaseJdbcLogger.java:143)- ====> Parameters: 28151(String)
2019-10-27 21:13:30,619 DEBUG (BaseJdbcLogger.java:143)- <====      Total: 1
2019-10-27 21:13:30,620 DEBUG (BaseJdbcLogger.java:143)- ====>  Preparing: select id, name, sex, birthday, phone, ID_number, email, parent_phone, adress, major, state from student_basic where id = ? 
2019-10-27 21:13:30,620 DEBUG (BaseJdbcLogger.java:143)- ====> Parameters: 28156(String)
2019-10-27 21:13:30,621 DEBUG (BaseJdbcLogger.java:143)- <====      Total: 1
2019-10-27 21:13:30,622 DEBUG (BaseJdbcLogger.java:143)- ====>  Preparing: select id, name, sex, birthday, phone, ID_number, email, parent_phone, adress, major, state from student_basic where id = ? 
2019-10-27 21:13:30,622 DEBUG (BaseJdbcLogger.java:143)- ====> Parameters: 28157(String)
2019-10-27 21:13:30,623 DEBUG (BaseJdbcLogger.java:143)- <====      Total: 1
2019-10-27 21:13:30,624 DEBUG (BaseJdbcLogger.java:143)- ====>  Preparing: select id, name, sex, birthday, phone, ID_number, email, parent_phone, adress, major, state from student_basic where id = ? 
2019-10-27 21:13:30,624 DEBUG (BaseJdbcLogger.java:143)- ====> Parameters: 28158(String)
2019-10-27 21:13:30,624 DEBUG (BaseJdbcLogger.java:143)- <====      Total: 1
2019-10-27 21:13:30,625 DEBUG (BaseJdbcLogger.java:143)- ====>  Preparing: select id, name, sex, birthday, phone, ID_number, email, parent_phone, adress, major, state from student_basic where id = ? 
2019-10-27 21:13:30,626 DEBUG (BaseJdbcLogger.java:143)- ====> Parameters: 28160(String)
2019-10-27 21:13:30,626 DEBUG (BaseJdbcLogger.java:143)- <====      Total: 1
2019-10-27 21:13:30,627 DEBUG (BaseJdbcLogger.java:143)- ====>  Preparing: select id, name, sex, birthday, phone, ID_number, email, parent_phone, adress, major, state from student_basic where id = ? 
2019-10-27 21:13:30,627 DEBUG (BaseJdbcLogger.java:143)- ====> Parameters: 28161(String)
2019-10-27 21:13:30,628 DEBUG (BaseJdbcLogger.java:143)- <====      Total: 1
2019-10-27 21:13:30,629 DEBUG (BaseJdbcLogger.java:143)- ====>  Preparing: select id, name, sex, birthday, phone, ID_number, email, parent_phone, adress, major, state from student_basic where id = ? 
2019-10-27 21:13:30,629 DEBUG (BaseJdbcLogger.java:143)- ====> Parameters: 28162(String)
2019-10-27 21:13:30,630 DEBUG (BaseJdbcLogger.java:143)- <====      Total: 1
2019-10-27 21:13:30,630 DEBUG (BaseJdbcLogger.java:143)- ====>  Preparing: select id, name, sex, birthday, phone, ID_number, email, parent_phone, adress, major, state from student_basic where id = ? 
2019-10-27 21:13:30,630 DEBUG (BaseJdbcLogger.java:143)- ====> Parameters: 28164(String)
2019-10-27 21:13:30,631 DEBUG (BaseJdbcLogger.java:143)- <====      Total: 1
2019-10-27 21:13:30,632 DEBUG (BaseJdbcLogger.java:143)- ====>  Preparing: select id, name, sex, birthday, phone, ID_number, email, parent_phone, adress, major, state from student_basic where id = ? 
2019-10-27 21:13:30,633 DEBUG (BaseJdbcLogger.java:143)- ====> Parameters: 28165(String)
2019-10-27 21:13:30,633 DEBUG (BaseJdbcLogger.java:143)- <====      Total: 1
2019-10-27 21:13:30,634 DEBUG (BaseJdbcLogger.java:143)- ====>  Preparing: select id, name, sex, birthday, phone, ID_number, email, parent_phone, adress, major, state from student_basic where id = ? 
2019-10-27 21:13:30,634 DEBUG (BaseJdbcLogger.java:143)- ====> Parameters: 28166(String)
2019-10-27 21:13:30,635 DEBUG (BaseJdbcLogger.java:143)- <====      Total: 1
2019-10-27 21:13:30,636 DEBUG (BaseJdbcLogger.java:143)- ====>  Preparing: select id, name, sex, birthday, phone, ID_number, email, parent_phone, adress, major, state from student_basic where id = ? 
2019-10-27 21:13:30,636 DEBUG (BaseJdbcLogger.java:143)- ====> Parameters: 28167(String)
2019-10-27 21:13:30,637 DEBUG (BaseJdbcLogger.java:143)- <====      Total: 1
2019-10-27 21:13:30,638 DEBUG (BaseJdbcLogger.java:143)- ====>  Preparing: select id, name, sex, birthday, phone, ID_number, email, parent_phone, adress, major, state from student_basic where id = ? 
2019-10-27 21:13:30,638 DEBUG (BaseJdbcLogger.java:143)- ====> Parameters: 28169(String)
2019-10-27 21:13:30,639 DEBUG (BaseJdbcLogger.java:143)- <====      Total: 1
2019-10-27 21:13:30,640 DEBUG (BaseJdbcLogger.java:143)- ====>  Preparing: select id, name, sex, birthday, phone, ID_number, email, parent_phone, adress, major, state from student_basic where id = ? 
2019-10-27 21:13:30,640 DEBUG (BaseJdbcLogger.java:143)- ====> Parameters: 28172(String)
2019-10-27 21:13:30,640 DEBUG (BaseJdbcLogger.java:143)- <====      Total: 1
2019-10-27 21:13:30,641 DEBUG (BaseJdbcLogger.java:143)- ====>  Preparing: select id, name, sex, birthday, phone, ID_number, email, parent_phone, adress, major, state from student_basic where id = ? 
2019-10-27 21:13:30,642 DEBUG (BaseJdbcLogger.java:143)- ====> Parameters: 28173(String)
2019-10-27 21:13:30,643 DEBUG (BaseJdbcLogger.java:143)- <====      Total: 1
2019-10-27 21:13:30,643 DEBUG (BaseJdbcLogger.java:143)- <==      Total: 25
2019-10-27 21:13:30,643 DEBUG (BaseJdbcLogger.java:143)- ==>  Preparing: select dormitory_allocation.id, dormitory_allocation.class_id, dormitory_allocation.dormitory_id,dormitory_allocation.number from dormitory_allocation,dormitory WHERE dormitory_allocation.dormitory_id=dormitory.id and dormitory.sex=? and class_id = ? 
2019-10-27 21:13:30,644 DEBUG (BaseJdbcLogger.java:143)- ==> Parameters: 男(String), 080703201902(String)
2019-10-27 21:13:30,644 DEBUG (BaseJdbcLogger.java:143)- <==      Total: 0
2019-10-27 21:13:30,645 DEBUG (BaseJdbcLogger.java:143)- ==>  Preparing: select student_status.id,student_status.basic_id, student_status.student_id, student_status.class_id from student_status,student_basic where student_status.basic_id=student_basic.id and student_basic.sex=? and student_status.class_id=? 
2019-10-27 21:13:30,646 DEBUG (BaseJdbcLogger.java:143)- ==> Parameters: 男(String), 080703201903(String)
2019-10-27 21:13:30,647 DEBUG (BaseJdbcLogger.java:143)- ====>  Preparing: select id, name, sex, birthday, phone, ID_number, email, parent_phone, adress, major, state from student_basic where id = ? 
2019-10-27 21:13:30,647 DEBUG (BaseJdbcLogger.java:143)- ====> Parameters: 28175(String)
2019-10-27 21:13:30,648 DEBUG (BaseJdbcLogger.java:143)- <====      Total: 1
2019-10-27 21:13:30,649 DEBUG (BaseJdbcLogger.java:143)- ====>  Preparing: select id, class_id, name, director, grade, major_id from class WHERE class_id = ? 
2019-10-27 21:13:30,650 DEBUG (BaseJdbcLogger.java:143)- ====> Parameters: 080703201903(String)
2019-10-27 21:13:30,651 DEBUG (BaseJdbcLogger.java:143)- ======>  Preparing: select id, major_id, name, price, department_id from major where major_id = ? 
2019-10-27 21:13:30,651 DEBUG (BaseJdbcLogger.java:143)- ======> Parameters: 080703(String)
2019-10-27 21:13:30,652 DEBUG (BaseJdbcLogger.java:143)- <======      Total: 1
2019-10-27 21:13:30,653 DEBUG (BaseJdbcLogger.java:143)- <====      Total: 1
2019-10-27 21:13:30,653 DEBUG (BaseJdbcLogger.java:143)- ====>  Preparing: select id, name, sex, birthday, phone, ID_number, email, parent_phone, adress, major, state from student_basic where id = ? 
2019-10-27 21:13:30,653 DEBUG (BaseJdbcLogger.java:143)- ====> Parameters: 28177(String)
2019-10-27 21:13:30,654 DEBUG (BaseJdbcLogger.java:143)- <====      Total: 1
2019-10-27 21:13:30,654 DEBUG (BaseJdbcLogger.java:143)- ====>  Preparing: select id, name, sex, birthday, phone, ID_number, email, parent_phone, adress, major, state from student_basic where id = ? 
2019-10-27 21:13:30,654 DEBUG (BaseJdbcLogger.java:143)- ====> Parameters: 28179(String)
2019-10-27 21:13:30,655 DEBUG (BaseJdbcLogger.java:143)- <====      Total: 1
2019-10-27 21:13:30,655 DEBUG (BaseJdbcLogger.java:143)- ====>  Preparing: select id, name, sex, birthday, phone, ID_number, email, parent_phone, adress, major, state from student_basic where id = ? 
2019-10-27 21:13:30,656 DEBUG (BaseJdbcLogger.java:143)- ====> Parameters: 28180(String)
2019-10-27 21:13:30,657 DEBUG (BaseJdbcLogger.java:143)- <====      Total: 1
2019-10-27 21:13:30,657 DEBUG (BaseJdbcLogger.java:143)- ====>  Preparing: select id, name, sex, birthday, phone, ID_number, email, parent_phone, adress, major, state from student_basic where id = ? 
2019-10-27 21:13:30,658 DEBUG (BaseJdbcLogger.java:143)- ====> Parameters: 28182(String)
2019-10-27 21:13:30,659 DEBUG (BaseJdbcLogger.java:143)- <====      Total: 1
2019-10-27 21:13:30,659 DEBUG (BaseJdbcLogger.java:143)- ====>  Preparing: select id, name, sex, birthday, phone, ID_number, email, parent_phone, adress, major, state from student_basic where id = ? 
