2019-09-24 18:58:16,456 DEBUG (BaseJdbcLogger.java:143)- ====> Parameters: 27021(String)
2019-09-24 18:58:16,458 DEBUG (BaseJdbcLogger.java:143)- <====      Total: 1
2019-09-24 18:58:16,459 DEBUG (BaseJdbcLogger.java:143)- ====>  Preparing: select id, name, sex, birthday, phone, ID_number, email, parent_phone, adress, major, state from student_basic where id = ? 
2019-09-24 18:58:16,459 DEBUG (BaseJdbcLogger.java:143)- ====> Parameters: 27023(String)
2019-09-24 18:58:16,460 DEBUG (BaseJdbcLogger.java:143)- <====      Total: 1
2019-09-24 18:58:16,460 DEBUG (BaseJdbcLogger.java:143)- ====>  Preparing: select id, name, sex, birthday, phone, ID_number, email, parent_phone, adress, major, state from student_basic where id = ? 
2019-09-24 18:58:16,461 DEBUG (BaseJdbcLogger.java:143)- ====> Parameters: 27024(String)
2019-09-24 18:58:16,461 DEBUG (BaseJdbcLogger.java:143)- <====      Total: 1
2019-09-24 18:58:16,462 DEBUG (BaseJdbcLogger.java:143)- ====>  Preparing: select id, name, sex, birthday, phone, ID_number, email, parent_phone, adress, major, state from student_basic where id = ? 
2019-09-24 18:58:16,462 DEBUG (BaseJdbcLogger.java:143)- ====> Parameters: 27025(String)
2019-09-24 18:58:16,463 DEBUG (BaseJdbcLogger.java:143)- <====      Total: 1
2019-09-24 18:58:16,463 DEBUG (BaseJdbcLogger.java:143)- ====>  Preparing: select id, name, sex, birthday, phone, ID_number, email, parent_phone, adress, major, state from student_basic where id = ? 
2019-09-24 18:58:16,464 DEBUG (BaseJdbcLogger.java:143)- ====> Parameters: 27026(String)
2019-09-24 18:58:16,465 DEBUG (BaseJdbcLogger.java:143)- <====      Total: 1
2019-09-24 18:58:16,465 DEBUG (BaseJdbcLogger.java:143)- ====>  Preparing: select id, name, sex, birthday, phone, ID_number, email, parent_phone, adress, major, state from student_basic where id = ? 
2019-09-24 18:58:16,466 DEBUG (BaseJdbcLogger.java:143)- ====> Parameters: 27030(String)
2019-09-24 18:58:16,467 DEBUG (BaseJdbcLogger.java:143)- <====      Total: 1
2019-09-24 18:58:16,468 DEBUG (BaseJdbcLogger.java:143)- ====>  Preparing: select id, name, sex, birthday, phone, ID_number, email, parent_phone, adress, major, state from student_basic where id = ? 
2019-09-24 18:58:16,468 DEBUG (BaseJdbcLogger.java:143)- ====> Parameters: 27031(String)
2019-09-24 18:58:16,469 DEBUG (BaseJdbcLogger.java:143)- <====      Total: 1
2019-09-24 18:58:16,469 DEBUG (BaseJdbcLogger.java:143)- ====>  Preparing: select id, name, sex, birthday, phone, ID_number, email, parent_phone, adress, major, state from student_basic where id = ? 
2019-09-24 18:58:16,469 DEBUG (BaseJdbcLogger.java:143)- ====> Parameters: 27032(String)
2019-09-24 18:58:16,470 DEBUG (BaseJdbcLogger.java:143)- <====      Total: 1
2019-09-24 18:58:16,471 DEBUG (BaseJdbcLogger.java:143)- ====>  Preparing: select id, name, sex, birthday, phone, ID_number, email, parent_phone, adress, major, state from student_basic where id = ? 
2019-09-24 18:58:16,471 DEBUG (BaseJdbcLogger.java:143)- ====> Parameters: 27034(String)
2019-09-24 18:58:16,472 DEBUG (BaseJdbcLogger.java:143)- <====      Total: 1
2019-09-24 18:58:16,473 DEBUG (BaseJdbcLogger.java:143)- ==>  Preparing: select DISTINCT dormitory.floor from dormitory where dormitory.dong=? 
2019-09-24 18:58:16,473 DEBUG (BaseJdbcLogger.java:143)- ====>  Preparing: select id, name, sex, birthday, phone, ID_number, email, parent_phone, adress, major, state from student_basic where id = ? 
2019-09-24 18:58:16,475 DEBUG (BaseJdbcLogger.java:143)- ====> Parameters: 27035(String)
2019-09-24 18:58:16,475 DEBUG (BaseJdbcLogger.java:143)- ==> Parameters: 1A(String)
2019-09-24 18:58:16,476 DEBUG (BaseJdbcLogger.java:143)- <====      Total: 1
