2019-09-23 05:08:32,926 DEBUG (BaseJdbcLogger.java:143)- ====> Parameters: 24961(String)
2019-09-23 05:08:32,928 DEBUG (BaseJdbcLogger.java:143)- <====      Total: 1
2019-09-23 05:08:32,929 DEBUG (BaseJdbcLogger.java:143)- ====>  Preparing: select id, name, sex, birthday, phone, ID_number, email, parent_phone, adress, major, state from student_basic where id = ? 
2019-09-23 05:08:32,929 DEBUG (BaseJdbcLogger.java:143)- ====> Parameters: 24964(String)
2019-09-23 05:08:32,930 DEBUG (BaseJdbcLogger.java:143)- <====      Total: 1
2019-09-23 05:08:32,930 DEBUG (BaseJdbcLogger.java:143)- ====>  Preparing: select id, name, sex, birthday, phone, ID_number, email, parent_phone, adress, major, state from student_basic where id = ? 
2019-09-23 05:08:32,931 DEBUG (BaseJdbcLogger.java:143)- ====> Parameters: 24967(String)
2019-09-23 05:08:32,931 DEBUG (BaseJdbcLogger.java:143)- <====      Total: 1
2019-09-23 05:08:32,932 DEBUG (BaseJdbcLogger.java:143)- ====>  Preparing: select id, name, sex, birthday, phone, ID_number, email, parent_phone, adress, major, state from student_basic where id = ? 
2019-09-23 05:08:32,932 DEBUG (BaseJdbcLogger.java:143)- ====> Parameters: 24968(String)
2019-09-23 05:08:32,932 DEBUG (BaseJdbcLogger.java:143)- <====      Total: 1
2019-09-23 05:08:32,933 DEBUG (BaseJdbcLogger.java:143)- ====>  Preparing: select id, name, sex, birthday, phone, ID_number, email, parent_phone, adress, major, state from student_basic where id = ? 
2019-09-23 05:08:32,933 DEBUG (BaseJdbcLogger.java:143)- ====> Parameters: 24969(String)
2019-09-23 05:08:32,933 DEBUG (BaseJdbcLogger.java:143)- <====      Total: 1
2019-09-23 05:08:32,934 DEBUG (BaseJdbcLogger.java:143)- ====>  Preparing: select id, name, sex, birthday, phone, ID_number, email, parent_phone, adress, major, state from student_basic where id = ? 
2019-09-23 05:08:32,934 DEBUG (BaseJdbcLogger.java:143)- ====> Parameters: 24973(String)
2019-09-23 05:08:32,935 DEBUG (BaseJdbcLogger.java:143)- <====      Total: 1
2019-09-23 05:08:32,935 DEBUG (BaseJdbcLogger.java:143)- ====>  Preparing: select id, name, sex, birthday, phone, ID_number, email, parent_phone, adress, major, state from student_basic where id = ? 
2019-09-23 05:08:32,936 DEBUG (BaseJdbcLogger.java:143)- ====> Parameters: 24974(String)
2019-09-23 05:08:32,936 DEBUG (BaseJdbcLogger.java:143)- <====      Total: 1
2019-09-23 05:08:32,937 DEBUG (BaseJdbcLogger.java:143)- ====>  Preparing: select id, name, sex, birthday, phone, ID_number, email, parent_phone, adress, major, state from student_basic where id = ? 
2019-09-23 05:08:32,937 DEBUG (BaseJdbcLogger.java:143)- ====> Parameters: 24975(String)
2019-09-23 05:08:32,937 DEBUG (BaseJdbcLogger.java:143)- <====      Total: 1
2019-09-23 05:08:32,938 DEBUG (BaseJdbcLogger.java:143)- ====>  Preparing: select id, name, sex, birthday, phone, ID_number, email, parent_phone, adress, major, state from student_basic where id = ? 
2019-09-23 05:08:32,938 DEBUG (BaseJdbcLogger.java:143)- ====> Parameters: 24976(String)
2019-09-23 05:08:32,939 DEBUG (BaseJdbcLogger.java:143)- <====      Total: 1
2019-09-23 05:08:32,939 DEBUG (BaseJdbcLogger.java:143)- ====>  Preparing: select id, name, sex, birthday, phone, ID_number, email, parent_phone, adress, major, state from student_basic where id = ? 
2019-09-23 05:08:32,940 DEBUG (BaseJdbcLogger.java:143)- ====> Parameters: 24977(String)
2019-09-23 05:08:32,940 DEBUG (BaseJdbcLogger.java:143)- <====      Total: 1
2019-09-23 05:08:32,941 DEBUG (BaseJdbcLogger.java:143)- ====>  Preparing: select id, name, sex, birthday, phone, ID_number, email, parent_phone, adress, major, state from student_basic where id = ? 
2019-09-23 05:08:32,941 DEBUG (BaseJdbcLogger.java:143)- ====> Parameters: 24978(String)
2019-09-23 05:08:32,942 DEBUG (BaseJdbcLogger.java:143)- <====      Total: 1
2019-09-23 05:08:32,943 DEBUG (BaseJdbcLogger.java:143)- ====>  Preparing: select id, name, sex, birthday, phone, ID_number, email, parent_phone, adress, major, state from student_basic where id = ? 
2019-09-23 05:08:32,943 DEBUG (BaseJdbcLogger.java:143)- ====> Parameters: 24980(String)
2019-09-23 05:08:32,944 DEBUG (BaseJdbcLogger.java:143)- <====      Total: 1
2019-09-23 05:08:32,944 DEBUG (BaseJdbcLogger.java:143)- ====>  Preparing: select id, name, sex, birthday, phone, ID_number, email, parent_phone, adress, major, state from student_basic where id = ? 
2019-09-23 05:08:32,944 DEBUG (BaseJdbcLogger.java:143)- ====> Parameters: 24983(String)
2019-09-23 05:08:32,945 DEBUG (BaseJdbcLogger.java:143)- <====      Total: 1
2019-09-23 05:08:32,945 DEBUG (BaseJdbcLogger.java:143)- ====>  Preparing: select id, name, sex, birthday, phone, ID_number, email, parent_phone, adress, major, state from student_basic where id = ? 
2019-09-23 05:08:32,946 DEBUG (BaseJdbcLogger.java:143)- ====> Parameters: 24985(String)
2019-09-23 05:08:32,946 DEBUG (BaseJdbcLogger.java:143)- <====      Total: 1
2019-09-23 05:08:32,947 DEBUG (BaseJdbcLogger.java:143)- ====>  Preparing: select id, name, sex, birthday, phone, ID_number, email, parent_phone, adress, major, state from student_basic where id = ? 
2019-09-23 05:08:32,947 DEBUG (BaseJdbcLogger.java:143)- ====> Parameters: 24986(String)
2019-09-23 05:08:32,948 DEBUG (BaseJdbcLogger.java:143)- <====      Total: 1
2019-09-23 05:08:32,948 DEBUG (BaseJdbcLogger.java:143)- ====>  Preparing: select id, name, sex, birthday, phone, ID_number, email, parent_phone, adress, major, state from student_basic where id = ? 
2019-09-23 05:08:32,948 DEBUG (BaseJdbcLogger.java:143)- ====> Parameters: 24988(String)
2019-09-23 05:08:32,949 DEBUG (BaseJdbcLogger.java:143)- <====      Total: 1
2019-09-23 05:08:32,949 DEBUG (BaseJdbcLogger.java:143)- ====>  Preparing: select id, name, sex, birthday, phone, ID_number, email, parent_phone, adress, major, state from student_basic where id = ? 
2019-09-23 05:08:32,950 DEBUG (BaseJdbcLogger.java:143)- ====> Parameters: 24990(String)
2019-09-23 05:08:32,951 DEBUG (BaseJdbcLogger.java:143)- <====      Total: 1
2019-09-23 05:08:32,952 DEBUG (BaseJdbcLogger.java:143)- ====>  Preparing: select id, name, sex, birthday, phone, ID_number, email, parent_phone, adress, major, state from student_basic where id = ? 
2019-09-23 05:08:32,952 DEBUG (BaseJdbcLogger.java:143)- ====> Parameters: 24991(String)
2019-09-23 05:08:32,953 DEBUG (BaseJdbcLogger.java:143)- <====      Total: 1
2019-09-23 05:08:32,954 DEBUG (BaseJdbcLogger.java:143)- ====>  Preparing: select id, name, sex, birthday, phone, ID_number, email, parent_phone, adress, major, state from student_basic where id = ? 
2019-09-23 05:08:32,954 DEBUG (BaseJdbcLogger.java:143)- ====> Parameters: 24992(String)
2019-09-23 05:08:32,955 DEBUG (BaseJdbcLogger.java:143)- <====      Total: 1
2019-09-23 05:08:32,956 DEBUG (BaseJdbcLogger.java:143)- ====>  Preparing: select id, name, sex, birthday, phone, ID_number, email, parent_phone, adress, major, state from student_basic where id = ? 
2019-09-23 05:08:32,956 DEBUG (BaseJdbcLogger.java:143)- ====> Parameters: 24993(String)
2019-09-23 05:08:32,957 DEBUG (BaseJdbcLogger.java:143)- <====      Total: 1
2019-09-23 05:08:32,958 DEBUG (BaseJdbcLogger.java:143)- ====>  Preparing: select id, name, sex, birthday, phone, ID_number, email, parent_phone, adress, major, state from student_basic where id = ? 
2019-09-23 05:08:32,958 DEBUG (BaseJdbcLogger.java:143)- ====> Parameters: 24995(String)
2019-09-23 05:08:32,959 DEBUG (BaseJdbcLogger.java:143)- <====      Total: 1
2019-09-23 05:08:32,960 DEBUG (BaseJdbcLogger.java:143)- ====>  Preparing: select id, name, sex, birthday, phone, ID_number, email, parent_phone, adress, major, state from student_basic where id = ? 
2019-09-23 05:08:32,960 DEBUG (BaseJdbcLogger.java:143)- ====> Parameters: 24997(String)
2019-09-23 05:08:32,961 DEBUG (BaseJdbcLogger.java:143)- <====      Total: 1
2019-09-23 05:08:32,961 DEBUG (BaseJdbcLogger.java:143)- ====>  Preparing: select id, name, sex, birthday, phone, ID_number, email, parent_phone, adress, major, state from student_basic where id = ? 
2019-09-23 05:08:32,962 DEBUG (BaseJdbcLogger.java:143)- ====> Parameters: 24998(String)
2019-09-23 05:08:32,962 DEBUG (BaseJdbcLogger.java:143)- <====      Total: 1
2019-09-23 05:08:32,963 DEBUG (BaseJdbcLogger.java:143)- ====>  Preparing: select id, name, sex, birthday, phone, ID_number, email, parent_phone, adress, major, state from student_basic where id = ? 
2019-09-23 05:08:32,964 DEBUG (BaseJdbcLogger.java:143)- ====> Parameters: 24999(String)
2019-09-23 05:08:32,965 DEBUG (BaseJdbcLogger.java:143)- <====      Total: 1
2019-09-23 05:08:32,965 DEBUG (BaseJdbcLogger.java:143)- ====>  Preparing: select id, name, sex, birthday, phone, ID_number, email, parent_phone, adress, major, state from student_basic where id = ? 
2019-09-23 05:08:32,966 DEBUG (BaseJdbcLogger.java:143)- ====> Parameters: 25003(String)
2019-09-23 05:08:32,966 DEBUG (BaseJdbcLogger.java:143)- <====      Total: 1
2019-09-23 05:08:32,967 DEBUG (BaseJdbcLogger.java:143)- ====>  Preparing: select id, name, sex, birthday, phone, ID_number, email, parent_phone, adress, major, state from student_basic where id = ? 
2019-09-23 05:08:32,967 DEBUG (BaseJdbcLogger.java:143)- ====> Parameters: 25004(String)
2019-09-23 05:08:32,968 DEBUG (BaseJdbcLogger.java:143)- <====      Total: 1
2019-09-23 05:08:32,968 DEBUG (BaseJdbcLogger.java:143)- ====>  Preparing: select id, name, sex, birthday, phone, ID_number, email, parent_phone, adress, major, state from student_basic where id = ? 
2019-09-23 05:08:32,969 DEBUG (BaseJdbcLogger.java:143)- ====> Parameters: 25005(String)
2019-09-23 05:08:32,969 DEBUG (BaseJdbcLogger.java:143)- <====      Total: 1
2019-09-23 05:08:32,969 DEBUG (BaseJdbcLogger.java:143)- ====>  Preparing: select id, name, sex, birthday, phone, ID_number, email, parent_phone, adress, major, state from student_basic where id = ? 
2019-09-23 05:08:32,970 DEBUG (BaseJdbcLogger.java:143)- ====> Parameters: 25006(String)
2019-09-23 05:08:32,970 DEBUG (BaseJdbcLogger.java:143)- <====      Total: 1
2019-09-23 05:08:32,971 DEBUG (BaseJdbcLogger.java:143)- ====>  Preparing: select id, name, sex, birthday, phone, ID_number, email, parent_phone, adress, major, state from student_basic where id = ? 
2019-09-23 05:08:32,971 DEBUG (BaseJdbcLogger.java:143)- ====> Parameters: 25008(String)
2019-09-23 05:08:32,971 DEBUG (BaseJdbcLogger.java:143)- <====      Total: 1
2019-09-23 05:08:32,972 DEBUG (BaseJdbcLogger.java:143)- ====>  Preparing: select id, name, sex, birthday, phone, ID_number, email, parent_phone, adress, major, state from student_basic where id = ? 
2019-09-23 05:08:32,972 DEBUG (BaseJdbcLogger.java:143)- ====> Parameters: 25009(String)
2019-09-23 05:08:32,972 DEBUG (BaseJdbcLogger.java:143)- <====      Total: 1
2019-09-23 05:08:32,973 DEBUG (BaseJdbcLogger.java:143)- ====>  Preparing: select id, name, sex, birthday, phone, ID_number, email, parent_phone, adress, major, state from student_basic where id = ? 
2019-09-23 05:08:32,973 DEBUG (BaseJdbcLogger.java:143)- ====> Parameters: 25010(String)
2019-09-23 05:08:32,974 DEBUG (BaseJdbcLogger.java:143)- <====      Total: 1
2019-09-23 05:08:32,975 DEBUG (BaseJdbcLogger.java:143)- ====>  Preparing: select id, name, sex, birthday, phone, ID_number, email, parent_phone, adress, major, state from student_basic where id = ? 
2019-09-23 05:08:32,975 DEBUG (BaseJdbcLogger.java:143)- ====> Parameters: 25011(String)
2019-09-23 05:08:32,976 DEBUG (BaseJdbcLogger.java:143)- <====      Total: 1
2019-09-23 05:08:32,976 DEBUG (BaseJdbcLogger.java:143)- <==      Total: 86
2019-09-23 05:08:32,976 DEBUG (BaseJdbcLogger.java:143)- ==>  Preparing: select student_status.id, student_status.basic_id, student_status.student_id, student_status.class_id from student_status,student_basic where student_status.basic_id=student_basic.id and student_basic.sex=? and student_basic.major=? and student_status.class_id='0' 
2019-09-23 05:08:32,977 DEBUG (BaseJdbcLogger.java:143)- ==> Parameters: 女(String), 计算机科学与技术(String)
2019-09-23 05:08:32,979 DEBUG (BaseJdbcLogger.java:143)- ====>  Preparing: select id, name, sex, birthday, phone, ID_number, email, parent_phone, adress, major, state from student_basic where id = ? 
2019-09-23 05:08:32,979 DEBUG (BaseJdbcLogger.java:143)- ====> Parameters: 24860(String)
2019-09-23 05:08:32,980 DEBUG (BaseJdbcLogger.java:143)- <====      Total: 1
2019-09-23 05:08:32,980 DEBUG (BaseJdbcLogger.java:143)- ====>  Preparing: select id, class_id, name, director, grade, major_id from class WHERE class_id = ? 
2019-09-23 05:08:32,980 DEBUG (BaseJdbcLogger.java:143)- ====> Parameters: 0(String)
2019-09-23 05:08:32,981 DEBUG (BaseJdbcLogger.java:143)- <====      Total: 0
2019-09-23 05:08:32,982 DEBUG (BaseJdbcLogger.java:143)- ====>  Preparing: select id, name, sex, birthday, phone, ID_number, email, parent_phone, adress, major, state from student_basic where id = ? 
2019-09-23 05:08:32,982 DEBUG (BaseJdbcLogger.java:143)- ====> Parameters: 24861(String)
2019-09-23 05:08:32,983 DEBUG (BaseJdbcLogger.java:143)- <====      Total: 1
2019-09-23 05:08:32,985 DEBUG (BaseJdbcLogger.java:143)- ====>  Preparing: select id, name, sex, birthday, phone, ID_number, email, parent_phone, adress, major, state from student_basic where id = ? 
2019-09-23 05:08:32,986 DEBUG (BaseJdbcLogger.java:143)- ====> Parameters: 24864(String)
2019-09-23 05:08:32,986 DEBUG (BaseJdbcLogger.java:143)- <====      Total: 1
2019-09-23 05:08:32,987 DEBUG (BaseJdbcLogger.java:143)- ====>  Preparing: select id, name, sex, birthday, phone, ID_number, email, parent_phone, adress, major, state from student_basic where id = ? 
2019-09-23 05:08:32,987 DEBUG (BaseJdbcLogger.java:143)- ====> Parameters: 24866(String)
2019-09-23 05:08:32,997 DEBUG (BaseJdbcLogger.java:143)- <====      Total: 1
2019-09-23 05:08:32,998 DEBUG (BaseJdbcLogger.java:143)- ====>  Preparing: select id, name, sex, birthday, phone, ID_number, email, parent_phone, adress, major, state from student_basic where id = ? 
2019-09-23 05:08:32,999 DEBUG (BaseJdbcLogger.java:143)- ====> Parameters: 24867(String)
2019-09-23 05:08:33,000 DEBUG (BaseJdbcLogger.java:143)- <====      Total: 1
2019-09-23 05:08:33,001 DEBUG (BaseJdbcLogger.java:143)- ====>  Preparing: select id, name, sex, birthday, phone, ID_number, email, parent_phone, adress, major, state from student_basic where id = ? 
2019-09-23 05:08:33,001 DEBUG (BaseJdbcLogger.java:143)- ====> Parameters: 24869(String)
2019-09-23 05:08:33,002 DEBUG (BaseJdbcLogger.java:143)- <====      Total: 1
2019-09-23 05:08:33,003 DEBUG (BaseJdbcLogger.java:143)- ====>  Preparing: select id, name, sex, birthday, phone, ID_number, email, parent_phone, adress, major, state from student_basic where id = ? 
2019-09-23 05:08:33,003 DEBUG (BaseJdbcLogger.java:143)- ====> Parameters: 24870(String)
2019-09-23 05:08:33,004 DEBUG (BaseJdbcLogger.java:143)- <====      Total: 1
2019-09-23 05:08:33,005 DEBUG (BaseJdbcLogger.java:143)- ====>  Preparing: select id, name, sex, birthday, phone, ID_number, email, parent_phone, adress, major, state from student_basic where id = ? 
2019-09-23 05:08:33,005 DEBUG (BaseJdbcLogger.java:143)- ====> Parameters: 24871(String)
2019-09-23 05:08:33,006 DEBUG (BaseJdbcLogger.java:143)- <====      Total: 1
2019-09-23 05:08:33,006 DEBUG (BaseJdbcLogger.java:143)- ====>  Preparing: select id, name, sex, birthday, phone, ID_number, email, parent_phone, adress, major, state from student_basic where id = ? 
2019-09-23 05:08:33,007 DEBUG (BaseJdbcLogger.java:143)- ====> Parameters: 24873(String)
2019-09-23 05:08:33,008 DEBUG (BaseJdbcLogger.java:143)- <====      Total: 1
2019-09-23 05:08:33,009 DEBUG (BaseJdbcLogger.java:143)- ====>  Preparing: select id, name, sex, birthday, phone, ID_number, email, parent_phone, adress, major, state from student_basic where id = ? 
2019-09-23 05:08:33,009 DEBUG (BaseJdbcLogger.java:143)- ====> Parameters: 24874(String)
2019-09-23 05:08:33,010 DEBUG (BaseJdbcLogger.java:143)- <====      Total: 1
2019-09-23 05:08:33,010 DEBUG (BaseJdbcLogger.java:143)- ====>  Preparing: select id, name, sex, birthday, phone, ID_number, email, parent_phone, adress, major, state from student_basic where id = ? 
2019-09-23 05:08:33,011 DEBUG (BaseJdbcLogger.java:143)- ====> Parameters: 24876(String)
2019-09-23 05:08:33,011 DEBUG (BaseJdbcLogger.java:143)- <====      Total: 1
2019-09-23 05:08:33,012 DEBUG (BaseJdbcLogger.java:143)- ====>  Preparing: select id, name, sex, birthday, phone, ID_number, email, parent_phone, adress, major, state from student_basic where id = ? 
2019-09-23 05:08:33,013 DEBUG (BaseJdbcLogger.java:143)- ====> Parameters: 24879(String)
2019-09-23 05:08:33,013 DEBUG (BaseJdbcLogger.java:143)- <====      Total: 1
2019-09-23 05:08:33,014 DEBUG (BaseJdbcLogger.java:143)- ====>  Preparing: select id, name, sex, birthday, phone, ID_number, email, parent_phone, adress, major, state from student_basic where id = ? 
2019-09-23 05:08:33,014 DEBUG (BaseJdbcLogger.java:143)- ====> Parameters: 24881(String)
2019-09-23 05:08:33,015 DEBUG (BaseJdbcLogger.java:143)- <====      Total: 1
2019-09-23 05:08:33,016 DEBUG (BaseJdbcLogger.java:143)- ====>  Preparing: select id, name, sex, birthday, phone, ID_number, email, parent_phone, adress, major, state from student_basic where id = ? 
2019-09-23 05:08:33,018 DEBUG (BaseJdbcLogger.java:143)- ====> Parameters: 24882(String)
2019-09-23 05:08:33,019 DEBUG (BaseJdbcLogger.java:143)- <====      Total: 1
2019-09-23 05:08:33,019 DEBUG (BaseJdbcLogger.java:143)- ====>  Preparing: select id, name, sex, birthday, phone, ID_number, email, parent_phone, adress, major, state from student_basic where id = ? 
2019-09-23 05:08:33,020 DEBUG (BaseJdbcLogger.java:143)- ====> Parameters: 24884(String)
2019-09-23 05:08:33,021 DEBUG (BaseJdbcLogger.java:143)- <====      Total: 1
2019-09-23 05:08:33,022 DEBUG (BaseJdbcLogger.java:143)- ====>  Preparing: select id, name, sex, birthday, phone, ID_number, email, parent_phone, adress, major, state from student_basic where id = ? 
2019-09-23 05:08:33,022 DEBUG (BaseJdbcLogger.java:143)- ====> Parameters: 24886(String)
2019-09-23 05:08:33,023 DEBUG (BaseJdbcLogger.java:143)- <====      Total: 1
2019-09-23 05:08:33,023 DEBUG (BaseJdbcLogger.java:143)- ====>  Preparing: select id, name, sex, birthday, phone, ID_number, email, parent_phone, adress, major, state from student_basic where id = ? 
2019-09-23 05:08:33,024 DEBUG (BaseJdbcLogger.java:143)- ====> Parameters: 24888(String)
2019-09-23 05:08:33,025 DEBUG (BaseJdbcLogger.java:143)- <====      Total: 1
2019-09-23 05:08:33,025 DEBUG (BaseJdbcLogger.java:143)- ====>  Preparing: select id, name, sex, birthday, phone, ID_number, email, parent_phone, adress, major, state from student_basic where id = ? 
2019-09-23 05:08:33,025 DEBUG (BaseJdbcLogger.java:143)- ====> Parameters: 24890(String)
2019-09-23 05:08:33,026 DEBUG (BaseJdbcLogger.java:143)- <====      Total: 1
2019-09-23 05:08:33,026 DEBUG (BaseJdbcLogger.java:143)- ====>  Preparing: select id, name, sex, birthday, phone, ID_number, email, parent_phone, adress, major, state from student_basic where id = ? 
2019-09-23 05:08:33,027 DEBUG (BaseJdbcLogger.java:143)- ====> Parameters: 24894(String)
2019-09-23 05:08:33,027 DEBUG (BaseJdbcLogger.java:143)- <====      Total: 1
2019-09-23 05:08:33,028 DEBUG (BaseJdbcLogger.java:143)- ====>  Preparing: select id, name, sex, birthday, phone, ID_number, email, parent_phone, adress, major, state from student_basic where id = ? 
2019-09-23 05:08:33,028 DEBUG (BaseJdbcLogger.java:143)- ====> Parameters: 24896(String)
2019-09-23 05:08:33,029 DEBUG (BaseJdbcLogger.java:143)- <====      Total: 1
2019-09-23 05:08:33,030 DEBUG (BaseJdbcLogger.java:143)- ====>  Preparing: select id, name, sex, birthday, phone, ID_number, email, parent_phone, adress, major, state from student_basic where id = ? 
2019-09-23 05:08:33,030 DEBUG (BaseJdbcLogger.java:143)- ====> Parameters: 24897(String)
2019-09-23 05:08:33,031 DEBUG (BaseJdbcLogger.java:143)- <====      Total: 1
2019-09-23 05:08:33,031 DEBUG (BaseJdbcLogger.java:143)- ====>  Preparing: select id, name, sex, birthday, phone, ID_number, email, parent_phone, adress, major, state from student_basic where id = ? 
2019-09-23 05:08:33,031 DEBUG (BaseJdbcLogger.java:143)- ====> Parameters: 24901(String)
2019-09-23 05:08:33,032 DEBUG (BaseJdbcLogger.java:143)- <====      Total: 1
2019-09-23 05:08:33,032 DEBUG (BaseJdbcLogger.java:143)- ====>  Preparing: select id, name, sex, birthday, phone, ID_number, email, parent_phone, adress, major, state from student_basic where id = ? 
2019-09-23 05:08:33,033 DEBUG (BaseJdbcLogger.java:143)- ====> Parameters: 24905(String)
2019-09-23 05:08:33,033 DEBUG (BaseJdbcLogger.java:143)- <====      Total: 1
2019-09-23 05:08:33,034 DEBUG (BaseJdbcLogger.java:143)- ====>  Preparing: select id, name, sex, birthday, phone, ID_number, email, parent_phone, adress, major, state from student_basic where id = ? 
2019-09-23 05:08:33,034 DEBUG (BaseJdbcLogger.java:143)- ====> Parameters: 24906(String)
2019-09-23 05:08:33,035 DEBUG (BaseJdbcLogger.java:143)- <====      Total: 1
2019-09-23 05:08:33,036 DEBUG (BaseJdbcLogger.java:143)- ====>  Preparing: select id, name, sex, birthday, phone, ID_number, email, parent_phone, adress, major, state from student_basic where id = ? 
2019-09-23 05:08:33,036 DEBUG (BaseJdbcLogger.java:143)- ====> Parameters: 24908(String)
2019-09-23 05:08:33,036 DEBUG (BaseJdbcLogger.java:143)- <====      Total: 1
2019-09-23 05:08:33,037 DEBUG (BaseJdbcLogger.java:143)- ====>  Preparing: select id, name, sex, birthday, phone, ID_number, email, parent_phone, adress, major, state from student_basic where id = ? 
2019-09-23 05:08:33,037 DEBUG (BaseJdbcLogger.java:143)- ====> Parameters: 24910(String)
2019-09-23 05:08:33,038 DEBUG (BaseJdbcLogger.java:143)- <====      Total: 1
2019-09-23 05:08:33,038 DEBUG (BaseJdbcLogger.java:143)- ====>  Preparing: select id, name, sex, birthday, phone, ID_number, email, parent_phone, adress, major, state from student_basic where id = ? 
2019-09-23 05:08:33,039 DEBUG (BaseJdbcLogger.java:143)- ====> Parameters: 24913(String)
2019-09-23 05:08:33,039 DEBUG (BaseJdbcLogger.java:143)- <====      Total: 1
2019-09-23 05:08:33,040 DEBUG (BaseJdbcLogger.java:143)- ====>  Preparing: select id, name, sex, birthday, phone, ID_number, email, parent_phone, adress, major, state from student_basic where id = ? 
2019-09-23 05:08:33,040 DEBUG (BaseJdbcLogger.java:143)- ====> Parameters: 24917(String)
2019-09-23 05:08:33,041 DEBUG (BaseJdbcLogger.java:143)- <====      Total: 1
2019-09-23 05:08:33,041 DEBUG (BaseJdbcLogger.java:143)- ====>  Preparing: select id, name, sex, birthday, phone, ID_number, email, parent_phone, adress, major, state from student_basic where id = ? 
2019-09-23 05:08:33,041 DEBUG (BaseJdbcLogger.java:143)- ====> Parameters: 24919(String)
2019-09-23 05:08:33,042 DEBUG (BaseJdbcLogger.java:143)- <====      Total: 1
2019-09-23 05:08:33,042 DEBUG (BaseJdbcLogger.java:143)- ====>  Preparing: select id, name, sex, birthday, phone, ID_number, email, parent_phone, adress, major, state from student_basic where id = ? 
2019-09-23 05:08:33,043 DEBUG (BaseJdbcLogger.java:143)- ====> Parameters: 24920(String)
2019-09-23 05:08:33,043 DEBUG (BaseJdbcLogger.java:143)- <====      Total: 1
2019-09-23 05:08:33,044 DEBUG (BaseJdbcLogger.java:143)- ====>  Preparing: select id, name, sex, birthday, phone, ID_number, email, parent_phone, adress, major, state from student_basic where id = ? 
2019-09-23 05:08:33,044 DEBUG (BaseJdbcLogger.java:143)- ====> Parameters: 24922(String)
2019-09-23 05:08:33,045 DEBUG (BaseJdbcLogger.java:143)- <====      Total: 1
2019-09-23 05:08:33,046 DEBUG (BaseJdbcLogger.java:143)- ====>  Preparing: select id, name, sex, birthday, phone, ID_number, email, parent_phone, adress, major, state from student_basic where id = ? 
2019-09-23 05:08:33,047 DEBUG (BaseJdbcLogger.java:143)- ====> Parameters: 24924(String)
2019-09-23 05:08:33,048 DEBUG (BaseJdbcLogger.java:143)- <====      Total: 1
2019-09-23 05:08:33,048 DEBUG (BaseJdbcLogger.java:143)- ====>  Preparing: select id, name, sex, birthday, phone, ID_number, email, parent_phone, adress, major, state from student_basic where id = ? 
2019-09-23 05:08:33,048 DEBUG (BaseJdbcLogger.java:143)- ====> Parameters: 24925(String)
2019-09-23 05:08:33,049 DEBUG (BaseJdbcLogger.java:143)- <====      Total: 1
2019-09-23 05:08:33,050 DEBUG (BaseJdbcLogger.java:143)- ====>  Preparing: select id, name, sex, birthday, phone, ID_number, email, parent_phone, adress, major, state from student_basic where id = ? 
2019-09-23 05:08:33,050 DEBUG (BaseJdbcLogger.java:143)- ====> Parameters: 24926(String)
2019-09-23 05:08:33,050 DEBUG (BaseJdbcLogger.java:143)- <====      Total: 1
2019-09-23 05:08:33,051 DEBUG (BaseJdbcLogger.java:143)- ====>  Preparing: select id, name, sex, birthday, phone, ID_number, email, parent_phone, adress, major, state from student_basic where id = ? 
2019-09-23 05:08:33,051 DEBUG (BaseJdbcLogger.java:143)- ====> Parameters: 24931(String)
2019-09-23 05:08:33,052 DEBUG (BaseJdbcLogger.java:143)- <====      Total: 1
2019-09-23 05:08:33,052 DEBUG (BaseJdbcLogger.java:143)- ====>  Preparing: select id, name, sex, birthday, phone, ID_number, email, parent_phone, adress, major, state from student_basic where id = ? 
2019-09-23 05:08:33,052 DEBUG (BaseJdbcLogger.java:143)- ====> Parameters: 24932(String)
2019-09-23 05:08:33,053 DEBUG (BaseJdbcLogger.java:143)- <====      Total: 1
2019-09-23 05:08:33,053 DEBUG (BaseJdbcLogger.java:143)- ====>  Preparing: select id, name, sex, birthday, phone, ID_number, email, parent_phone, adress, major, state from student_basic where id = ? 
2019-09-23 05:08:33,053 DEBUG (BaseJdbcLogger.java:143)- ====> Parameters: 24934(String)
2019-09-23 05:08:33,054 DEBUG (BaseJdbcLogger.java:143)- <====      Total: 1
2019-09-23 05:08:33,054 DEBUG (BaseJdbcLogger.java:143)- ====>  Preparing: select id, name, sex, birthday, phone, ID_number, email, parent_phone, adress, major, state from student_basic where id = ? 
2019-09-23 05:08:33,055 DEBUG (BaseJdbcLogger.java:143)- ====> Parameters: 24935(String)
2019-09-23 05:08:33,055 DEBUG (BaseJdbcLogger.java:143)- <====      Total: 1
2019-09-23 05:08:33,056 DEBUG (BaseJdbcLogger.java:143)- ====>  Preparing: select id, name, sex, birthday, phone, ID_number, email, parent_phone, adress, major, state from student_basic where id = ? 
2019-09-23 05:08:33,056 DEBUG (BaseJdbcLogger.java:143)- ====> Parameters: 24936(String)
2019-09-23 05:08:33,057 DEBUG (BaseJdbcLogger.java:143)- <====      Total: 1
2019-09-23 05:08:33,057 DEBUG (BaseJdbcLogger.java:143)- ====>  Preparing: select id, name, sex, birthday, phone, ID_number, email, parent_phone, adress, major, state from student_basic where id = ? 
2019-09-23 05:08:33,057 DEBUG (BaseJdbcLogger.java:143)- ====> Parameters: 24938(String)
2019-09-23 05:08:33,058 DEBUG (BaseJdbcLogger.java:143)- <====      Total: 1
2019-09-23 05:08:33,058 DEBUG (BaseJdbcLogger.java:143)- ====>  Preparing: select id, name, sex, birthday, phone, ID_number, email, parent_phone, adress, major, state from student_basic where id = ? 
2019-09-23 05:08:33,059 DEBUG (BaseJdbcLogger.java:143)- ====> Parameters: 24939(String)
2019-09-23 05:08:33,059 DEBUG (BaseJdbcLogger.java:143)- <====      Total: 1
2019-09-23 05:08:33,060 DEBUG (BaseJdbcLogger.java:143)- ====>  Preparing: select id, name, sex, birthday, phone, ID_number, email, parent_phone, adress, major, state from student_basic where id = ? 
2019-09-23 05:08:33,060 DEBUG (BaseJdbcLogger.java:143)- ====> Parameters: 24941(String)
2019-09-23 05:08:33,060 DEBUG (BaseJdbcLogger.java:143)- <====      Total: 1
2019-09-23 05:08:33,061 DEBUG (BaseJdbcLogger.java:143)- ====>  Preparing: select id, name, sex, birthday, phone, ID_number, email, parent_phone, adress, major, state from student_basic where id = ? 
2019-09-23 05:08:33,061 DEBUG (BaseJdbcLogger.java:143)- ====> Parameters: 24943(String)
2019-09-23 05:08:33,062 DEBUG (BaseJdbcLogger.java:143)- <====      Total: 1
2019-09-23 05:08:33,063 DEBUG (BaseJdbcLogger.java:143)- ====>  Preparing: select id, name, sex, birthday, phone, ID_number, email, parent_phone, adress, major, state from student_basic where id = ? 
2019-09-23 05:08:33,063 DEBUG (BaseJdbcLogger.java:143)- ====> Parameters: 24944(String)
2019-09-23 05:08:33,064 DEBUG (BaseJdbcLogger.java:143)- <====      Total: 1
2019-09-23 05:08:33,064 DEBUG (BaseJdbcLogger.java:143)- ====>  Preparing: select id, name, sex, birthday, phone, ID_number, email, parent_phone, adress, major, state from student_basic where id = ? 
2019-09-23 05:08:33,065 DEBUG (BaseJdbcLogger.java:143)- ====> Parameters: 24947(String)
2019-09-23 05:08:33,065 DEBUG (BaseJdbcLogger.java:143)- <====      Total: 1
2019-09-23 05:08:33,066 DEBUG (BaseJdbcLogger.java:143)- ====>  Preparing: select id, name, sex, birthday, phone, ID_number, email, parent_phone, adress, major, state from student_basic where id = ? 
2019-09-23 05:08:33,066 DEBUG (BaseJdbcLogger.java:143)- ====> Parameters: 24948(String)
2019-09-23 05:08:33,066 DEBUG (BaseJdbcLogger.java:143)- <====      Total: 1
2019-09-23 05:08:33,067 DEBUG (BaseJdbcLogger.java:143)- ====>  Preparing: select id, name, sex, birthday, phone, ID_number, email, parent_phone, adress, major, state from student_basic where id = ? 
2019-09-23 05:08:33,067 DEBUG (BaseJdbcLogger.java:143)- ====> Parameters: 24949(String)
2019-09-23 05:08:33,068 DEBUG (BaseJdbcLogger.java:143)- <====      Total: 1
2019-09-23 05:08:33,068 DEBUG (BaseJdbcLogger.java:143)- ====>  Preparing: select id, name, sex, birthday, phone, ID_number, email, parent_phone, adress, major, state from student_basic where id = ? 
2019-09-23 05:08:33,068 DEBUG (BaseJdbcLogger.java:143)- ====> Parameters: 24950(String)
2019-09-23 05:08:33,068 DEBUG (BaseJdbcLogger.java:143)- <====      Total: 1
2019-09-23 05:08:33,069 DEBUG (BaseJdbcLogger.java:143)- ====>  Preparing: select id, name, sex, birthday, phone, ID_number, email, parent_phone, adress, major, state from student_basic where id = ? 
2019-09-23 05:08:33,069 DEBUG (BaseJdbcLogger.java:143)- ====> Parameters: 24959(String)
2019-09-23 05:08:33,070 DEBUG (BaseJdbcLogger.java:143)- <====      Total: 1
2019-09-23 05:08:33,071 DEBUG (BaseJdbcLogger.java:143)- ====>  Preparing: select id, name, sex, birthday, phone, ID_number, email, parent_phone, adress, major, state from student_basic where id = ? 
2019-09-23 05:08:33,071 DEBUG (BaseJdbcLogger.java:143)- ====> Parameters: 24962(String)
2019-09-23 05:08:33,071 DEBUG (BaseJdbcLogger.java:143)- <====      Total: 1
2019-09-23 05:08:33,071 DEBUG (BaseJdbcLogger.java:143)- ====>  Preparing: select id, name, sex, birthday, phone, ID_number, email, parent_phone, adress, major, state from student_basic where id = ? 
2019-09-23 05:08:33,072 DEBUG (BaseJdbcLogger.java:143)- ====> Parameters: 24963(String)
2019-09-23 05:08:33,072 DEBUG (BaseJdbcLogger.java:143)- <====      Total: 1
2019-09-23 05:08:33,073 DEBUG (BaseJdbcLogger.java:143)- ====>  Preparing: select id, name, sex, birthday, phone, ID_number, email, parent_phone, adress, major, state from student_basic where id = ? 
2019-09-23 05:08:33,073 DEBUG (BaseJdbcLogger.java:143)- ====> Parameters: 24965(String)
2019-09-23 05:08:33,073 DEBUG (BaseJdbcLogger.java:143)- <====      Total: 1
2019-09-23 05:08:33,074 DEBUG (BaseJdbcLogger.java:143)- ====>  Preparing: select id, name, sex, birthday, phone, ID_number, email, parent_phone, adress, major, state from student_basic where id = ? 
2019-09-23 05:08:33,074 DEBUG (BaseJdbcLogger.java:143)- ====> Parameters: 24966(String)
2019-09-23 05:08:33,075 DEBUG (BaseJdbcLogger.java:143)- <====      Total: 1
2019-09-23 05:08:33,075 DEBUG (BaseJdbcLogger.java:143)- ====>  Preparing: select id, name, sex, birthday, phone, ID_number, email, parent_phone, adress, major, state from student_basic where id = ? 
2019-09-23 05:08:33,075 DEBUG (BaseJdbcLogger.java:143)- ====> Parameters: 24970(String)
2019-09-23 05:08:33,076 DEBUG (BaseJdbcLogger.java:143)- <====      Total: 1
2019-09-23 05:08:33,076 DEBUG (BaseJdbcLogger.java:143)- ====>  Preparing: select id, name, sex, birthday, phone, ID_number, email, parent_phone, adress, major, state from student_basic where id = ? 
2019-09-23 05:08:33,077 DEBUG (BaseJdbcLogger.java:143)- ====> Parameters: 24971(String)
2019-09-23 05:08:33,077 DEBUG (BaseJdbcLogger.java:143)- <====      Total: 1
2019-09-23 05:08:33,077 DEBUG (BaseJdbcLogger.java:143)- ====>  Preparing: select id, name, sex, birthday, phone, ID_number, email, parent_phone, adress, major, state from student_basic where id = ? 
2019-09-23 05:08:33,078 DEBUG (BaseJdbcLogger.java:143)- ====> Parameters: 24972(String)
2019-09-23 05:08:33,078 DEBUG (BaseJdbcLogger.java:143)- <====      Total: 1
2019-09-23 05:08:33,079 DEBUG (BaseJdbcLogger.java:143)- ====>  Preparing: select id, name, sex, birthday, phone, ID_number, email, parent_phone, adress, major, state from student_basic where id = ? 
2019-09-23 05:08:33,080 DEBUG (BaseJdbcLogger.java:143)- ====> Parameters: 24979(String)
2019-09-23 05:08:33,081 DEBUG (BaseJdbcLogger.java:143)- <====      Total: 1
2019-09-23 05:08:33,081 DEBUG (BaseJdbcLogger.java:143)- ====>  Preparing: select id, name, sex, birthday, phone, ID_number, email, parent_phone, adress, major, state from student_basic where id = ? 
2019-09-23 05:08:33,081 DEBUG (BaseJdbcLogger.java:143)- ====> Parameters: 24981(String)
2019-09-23 05:08:33,082 DEBUG (BaseJdbcLogger.java:143)- <====      Total: 1
2019-09-23 05:08:33,082 DEBUG (BaseJdbcLogger.java:143)- ====>  Preparing: select id, name, sex, birthday, phone, ID_number, email, parent_phone, adress, major, state from student_basic where id = ? 
2019-09-23 05:08:33,082 DEBUG (BaseJdbcLogger.java:143)- ====> Parameters: 24982(String)
2019-09-23 05:08:33,083 DEBUG (BaseJdbcLogger.java:143)- <====      Total: 1
2019-09-23 05:08:33,084 DEBUG (BaseJdbcLogger.java:143)- ====>  Preparing: select id, name, sex, birthday, phone, ID_number, email, parent_phone, adress, major, state from student_basic where id = ? 
2019-09-23 05:08:33,084 DEBUG (BaseJdbcLogger.java:143)- ====> Parameters: 24984(String)
2019-09-23 05:08:33,084 DEBUG (BaseJdbcLogger.java:143)- <====      Total: 1
2019-09-23 05:08:33,084 DEBUG (BaseJdbcLogger.java:143)- ====>  Preparing: select id, name, sex, birthday, phone, ID_number, email, parent_phone, adress, major, state from student_basic where id = ? 
2019-09-23 05:08:33,085 DEBUG (BaseJdbcLogger.java:143)- ====> Parameters: 24987(String)
2019-09-23 05:08:33,085 DEBUG (BaseJdbcLogger.java:143)- <====      Total: 1
2019-09-23 05:08:33,085 DEBUG (BaseJdbcLogger.java:143)- ====>  Preparing: select id, name, sex, birthday, phone, ID_number, email, parent_phone, adress, major, state from student_basic where id = ? 
2019-09-23 05:08:33,086 DEBUG (BaseJdbcLogger.java:143)- ====> Parameters: 24989(String)
2019-09-23 05:08:33,087 DEBUG (BaseJdbcLogger.java:143)- <====      Total: 1
2019-09-23 05:08:33,087 DEBUG (BaseJdbcLogger.java:143)- ====>  Preparing: select id, name, sex, birthday, phone, ID_number, email, parent_phone, adress, major, state from student_basic where id = ? 
2019-09-23 05:08:33,087 DEBUG (BaseJdbcLogger.java:143)- ====> Parameters: 24994(String)
2019-09-23 05:08:33,088 DEBUG (BaseJdbcLogger.java:143)- <====      Total: 1
2019-09-23 05:08:33,089 DEBUG (BaseJdbcLogger.java:143)- ====>  Preparing: select id, name, sex, birthday, phone, ID_number, email, parent_phone, adress, major, state from student_basic where id = ? 
2019-09-23 05:08:33,089 DEBUG (BaseJdbcLogger.java:143)- ====> Parameters: 24996(String)
2019-09-23 05:08:33,089 DEBUG (BaseJdbcLogger.java:143)- <====      Total: 1
2019-09-23 05:08:33,089 DEBUG (BaseJdbcLogger.java:143)- ====>  Preparing: select id, name, sex, birthday, phone, ID_number, email, parent_phone, adress, major, state from student_basic where id = ? 
2019-09-23 05:08:33,090 DEBUG (BaseJdbcLogger.java:143)- ====> Parameters: 25000(String)
2019-09-23 05:08:33,091 DEBUG (BaseJdbcLogger.java:143)- <====      Total: 1
2019-09-23 05:08:33,092 DEBUG (BaseJdbcLogger.java:143)- ====>  Preparing: select id, name, sex, birthday, phone, ID_number, email, parent_phone, adress, major, state from student_basic where id = ? 
2019-09-23 05:08:33,092 DEBUG (BaseJdbcLogger.java:143)- ====> Parameters: 25001(String)
2019-09-23 05:08:33,092 DEBUG (BaseJdbcLogger.java:143)- <====      Total: 1
2019-09-23 05:08:33,092 DEBUG (BaseJdbcLogger.java:143)- ====>  Preparing: select id, name, sex, birthday, phone, ID_number, email, parent_phone, adress, major, state from student_basic where id = ? 
2019-09-23 05:08:33,093 DEBUG (BaseJdbcLogger.java:143)- ====> Parameters: 25002(String)
2019-09-23 05:08:33,093 DEBUG (BaseJdbcLogger.java:143)- <====      Total: 1
2019-09-23 05:08:33,094 DEBUG (BaseJdbcLogger.java:143)- ====>  Preparing: select id, name, sex, birthday, phone, ID_number, email, parent_phone, adress, major, state from student_basic where id = ? 
2019-09-23 05:08:33,094 DEBUG (BaseJdbcLogger.java:143)- ====> Parameters: 25007(String)
2019-09-23 05:08:33,094 DEBUG (BaseJdbcLogger.java:143)- <====      Total: 1
2019-09-23 05:08:33,095 DEBUG (BaseJdbcLogger.java:143)- ====>  Preparing: select id, name, sex, birthday, phone, ID_number, email, parent_phone, adress, major, state from student_basic where id = ? 
2019-09-23 05:08:33,095 DEBUG (BaseJdbcLogger.java:143)- ====> Parameters: 25012(String)
2019-09-23 05:08:33,095 DEBUG (BaseJdbcLogger.java:143)- <====      Total: 1
2019-09-23 05:08:33,096 DEBUG (BaseJdbcLogger.java:143)- <==      Total: 69
2019-09-23 05:08:33,096 DEBUG (BaseJdbcLogger.java:143)- ==>  Preparing: select student_status.id, student_status.basic_id, student_status.student_id, student_status.class_id from student_status,student_basic where student_status.basic_id=student_basic.id and student_basic.sex=? and student_basic.major=? and student_status.class_id='0' 
2019-09-23 05:08:33,096 DEBUG (BaseJdbcLogger.java:143)- ==> Parameters: 男(String), 通信工程(String)
2019-09-23 05:08:33,098 DEBUG (BaseJdbcLogger.java:143)- ====>  Preparing: select id, name, sex, birthday, phone, ID_number, email, parent_phone, adress, major, state from student_basic where id = ? 
2019-09-23 05:08:33,099 DEBUG (BaseJdbcLogger.java:143)- ====> Parameters: 25089(String)
2019-09-23 05:08:33,099 DEBUG (BaseJdbcLogger.java:143)- <====      Total: 1
2019-09-23 05:08:33,100 DEBUG (BaseJdbcLogger.java:143)- ====>  Preparing: select id, class_id, name, director, grade, major_id from class WHERE class_id = ? 
2019-09-23 05:08:33,100 DEBUG (BaseJdbcLogger.java:143)- ====> Parameters: 0(String)
2019-09-23 05:08:33,100 DEBUG (BaseJdbcLogger.java:143)- <====      Total: 0
2019-09-23 05:08:33,101 DEBUG (BaseJdbcLogger.java:143)- ====>  Preparing: select id, name, sex, birthday, phone, ID_number, email, parent_phone, adress, major, state from student_basic where id = ? 
2019-09-23 05:08:33,102 DEBUG (BaseJdbcLogger.java:143)- ====> Parameters: 25090(String)
2019-09-23 05:08:33,103 DEBUG (BaseJdbcLogger.java:143)- <====      Total: 1
2019-09-23 05:08:33,104 DEBUG (BaseJdbcLogger.java:143)- ====>  Preparing: select id, name, sex, birthday, phone, ID_number, email, parent_phone, adress, major, state from student_basic where id = ? 
2019-09-23 05:08:33,104 DEBUG (BaseJdbcLogger.java:143)- ====> Parameters: 25091(String)
2019-09-23 05:08:33,105 DEBUG (BaseJdbcLogger.java:143)- <====      Total: 1
2019-09-23 05:08:33,105 DEBUG (BaseJdbcLogger.java:143)- ====>  Preparing: select id, name, sex, birthday, phone, ID_number, email, parent_phone, adress, major, state from student_basic where id = ? 
2019-09-23 05:08:33,106 DEBUG (BaseJdbcLogger.java:143)- ====> Parameters: 25092(String)
2019-09-23 05:08:33,106 DEBUG (BaseJdbcLogger.java:143)- <====      Total: 1
2019-09-23 05:08:33,107 DEBUG (BaseJdbcLogger.java:143)- ====>  Preparing: select id, name, sex, birthday, phone, ID_number, email, parent_phone, adress, major, state from student_basic where id = ? 
2019-09-23 05:08:33,107 DEBUG (BaseJdbcLogger.java:143)- ====> Parameters: 25095(String)
2019-09-23 05:08:33,108 DEBUG (BaseJdbcLogger.java:143)- <====      Total: 1
2019-09-23 05:08:33,108 DEBUG (BaseJdbcLogger.java:143)- ====>  Preparing: select id, name, sex, birthday, phone, ID_number, email, parent_phone, adress, major, state from student_basic where id = ? 
2019-09-23 05:08:33,109 DEBUG (BaseJdbcLogger.java:143)- ====> Parameters: 25096(String)
2019-09-23 05:08:33,109 DEBUG (BaseJdbcLogger.java:143)- <====      Total: 1
2019-09-23 05:08:33,110 DEBUG (BaseJdbcLogger.java:143)- ====>  Preparing: select id, name, sex, birthday, phone, ID_number, email, parent_phone, adress, major, state from student_basic where id = ? 
2019-09-23 05:08:33,111 DEBUG (BaseJdbcLogger.java:143)- ====> Parameters: 25097(String)
2019-09-23 05:08:33,111 DEBUG (BaseJdbcLogger.java:143)- <====      Total: 1
2019-09-23 05:08:33,112 DEBUG (BaseJdbcLogger.java:143)- ====>  Preparing: select id, name, sex, birthday, phone, ID_number, email, parent_phone, adress, major, state from student_basic where id = ? 
2019-09-23 05:08:33,112 DEBUG (BaseJdbcLogger.java:143)- ====> Parameters: 25098(String)
2019-09-23 05:08:33,112 DEBUG (BaseJdbcLogger.java:143)- <====      Total: 1
2019-09-23 05:08:33,113 DEBUG (BaseJdbcLogger.java:143)- ====>  Preparing: select id, name, sex, birthday, phone, ID_number, email, parent_phone, adress, major, state from student_basic where id = ? 
2019-09-23 05:08:33,114 DEBUG (BaseJdbcLogger.java:143)- ====> Parameters: 25099(String)
2019-09-23 05:08:33,114 DEBUG (BaseJdbcLogger.java:143)- <====      Total: 1
2019-09-23 05:08:33,114 DEBUG (BaseJdbcLogger.java:143)- ====>  Preparing: select id, name, sex, birthday, phone, ID_number, email, parent_phone, adress, major, state from student_basic where id = ? 
2019-09-23 05:08:33,115 DEBUG (BaseJdbcLogger.java:143)- ====> Parameters: 25100(String)
2019-09-23 05:08:33,115 DEBUG (BaseJdbcLogger.java:143)- <====      Total: 1
2019-09-23 05:08:33,116 DEBUG (BaseJdbcLogger.java:143)- ====>  Preparing: select id, name, sex, birthday, phone, ID_number, email, parent_phone, adress, major, state from student_basic where id = ? 
2019-09-23 05:08:33,116 DEBUG (BaseJdbcLogger.java:143)- ====> Parameters: 25102(String)
2019-09-23 05:08:33,116 DEBUG (BaseJdbcLogger.java:143)- <====      Total: 1
2019-09-23 05:08:33,117 DEBUG (BaseJdbcLogger.java:143)- ====>  Preparing: select id, name, sex, birthday, phone, ID_number, email, parent_phone, adress, major, state from student_basic where id = ? 
2019-09-23 05:08:33,117 DEBUG (BaseJdbcLogger.java:143)- ====> Parameters: 25106(String)
2019-09-23 05:08:33,117 DEBUG (BaseJdbcLogger.java:143)- <====      Total: 1
2019-09-23 05:08:33,118 DEBUG (BaseJdbcLogger.java:143)- ====>  Preparing: select id, name, sex, birthday, phone, ID_number, email, parent_phone, adress, major, state from student_basic where id = ? 
2019-09-23 05:08:33,118 DEBUG (BaseJdbcLogger.java:143)- ====> Parameters: 25109(String)
2019-09-23 05:08:33,119 DEBUG (BaseJdbcLogger.java:143)- <====      Total: 1
2019-09-23 05:08:33,119 DEBUG (BaseJdbcLogger.java:143)- ====>  Preparing: select id, name, sex, birthday, phone, ID_number, email, parent_phone, adress, major, state from student_basic where id = ? 
2019-09-23 05:08:33,119 DEBUG (BaseJdbcLogger.java:143)- ====> Parameters: 25110(String)
2019-09-23 05:08:33,120 DEBUG (BaseJdbcLogger.java:143)- <====      Total: 1
2019-09-23 05:08:33,121 DEBUG (BaseJdbcLogger.java:143)- ====>  Preparing: select id, name, sex, birthday, phone, ID_number, email, parent_phone, adress, major, state from student_basic where id = ? 
2019-09-23 05:08:33,121 DEBUG (BaseJdbcLogger.java:143)- ====> Parameters: 25113(String)
2019-09-23 05:08:33,122 DEBUG (BaseJdbcLogger.java:143)- <====      Total: 1
2019-09-23 05:08:33,122 DEBUG (BaseJdbcLogger.java:143)- ====>  Preparing: select id, name, sex, birthday, phone, ID_number, email, parent_phone, adress, major, state from student_basic where id = ? 
2019-09-23 05:08:33,123 DEBUG (BaseJdbcLogger.java:143)- ====> Parameters: 25115(String)
2019-09-23 05:08:33,124 DEBUG (BaseJdbcLogger.java:143)- <====      Total: 1
2019-09-23 05:08:33,124 DEBUG (BaseJdbcLogger.java:143)- ====>  Preparing: select id, name, sex, birthday, phone, ID_number, email, parent_phone, adress, major, state from student_basic where id = ? 
2019-09-23 05:08:33,125 DEBUG (BaseJdbcLogger.java:143)- ====> Parameters: 25116(String)
2019-09-23 05:08:33,126 DEBUG (BaseJdbcLogger.java:143)- <====      Total: 1
2019-09-23 05:08:33,126 DEBUG (BaseJdbcLogger.java:143)- ====>  Preparing: select id, name, sex, birthday, phone, ID_number, email, parent_phone, adress, major, state from student_basic where id = ? 
2019-09-23 05:08:33,127 DEBUG (BaseJdbcLogger.java:143)- ====> Parameters: 25118(String)
2019-09-23 05:08:33,128 DEBUG (BaseJdbcLogger.java:143)- <====      Total: 1
2019-09-23 05:08:33,128 DEBUG (BaseJdbcLogger.java:143)- ====>  Preparing: select id, name, sex, birthday, phone, ID_number, email, parent_phone, adress, major, state from student_basic where id = ? 
2019-09-23 05:08:33,128 DEBUG (BaseJdbcLogger.java:143)- ====> Parameters: 25119(String)
2019-09-23 05:08:33,129 DEBUG (BaseJdbcLogger.java:143)- <====      Total: 1
2019-09-23 05:08:33,129 DEBUG (BaseJdbcLogger.java:143)- ====>  Preparing: select id, name, sex, birthday, phone, ID_number, email, parent_phone, adress, major, state from student_basic where id = ? 
2019-09-23 05:08:33,130 DEBUG (BaseJdbcLogger.java:143)- ====> Parameters: 25121(String)
2019-09-23 05:08:33,131 DEBUG (BaseJdbcLogger.java:143)- <====      Total: 1
2019-09-23 05:08:33,131 DEBUG (BaseJdbcLogger.java:143)- ====>  Preparing: select id, name, sex, birthday, phone, ID_number, email, parent_phone, adress, major, state from student_basic where id = ? 
2019-09-23 05:08:33,131 DEBUG (BaseJdbcLogger.java:143)- ====> Parameters: 25124(String)
2019-09-23 05:08:33,132 DEBUG (BaseJdbcLogger.java:143)- <====      Total: 1
2019-09-23 05:08:33,132 DEBUG (BaseJdbcLogger.java:143)- ====>  Preparing: select id, name, sex, birthday, phone, ID_number, email, parent_phone, adress, major, state from student_basic where id = ? 
2019-09-23 05:08:33,132 DEBUG (BaseJdbcLogger.java:143)- ====> Parameters: 25127(String)
2019-09-23 05:08:33,133 DEBUG (BaseJdbcLogger.java:143)- <====      Total: 1
2019-09-23 05:08:33,133 DEBUG (BaseJdbcLogger.java:143)- ====>  Preparing: select id, name, sex, birthday, phone, ID_number, email, parent_phone, adress, major, state from student_basic where id = ? 
2019-09-23 05:08:33,134 DEBUG (BaseJdbcLogger.java:143)- ====> Parameters: 25130(String)
2019-09-23 05:08:33,135 DEBUG (BaseJdbcLogger.java:143)- <====      Total: 1
2019-09-23 05:08:33,135 DEBUG (BaseJdbcLogger.java:143)- ====>  Preparing: select id, name, sex, birthday, phone, ID_number, email, parent_phone, adress, major, state from student_basic where id = ? 
2019-09-23 05:08:33,135 DEBUG (BaseJdbcLogger.java:143)- ====> Parameters: 25131(String)
2019-09-23 05:08:33,136 DEBUG (BaseJdbcLogger.java:143)- <====      Total: 1
2019-09-23 05:08:33,136 DEBUG (BaseJdbcLogger.java:143)- ====>  Preparing: select id, name, sex, birthday, phone, ID_number, email, parent_phone, adress, major, state from student_basic where id = ? 
2019-09-23 05:08:33,136 DEBUG (BaseJdbcLogger.java:143)- ====> Parameters: 25132(String)
2019-09-23 05:08:33,137 DEBUG (BaseJdbcLogger.java:143)- <====      Total: 1
2019-09-23 05:08:33,138 DEBUG (BaseJdbcLogger.java:143)- ====>  Preparing: select id, name, sex, birthday, phone, ID_number, email, parent_phone, adress, major, state from student_basic where id = ? 
2019-09-23 05:08:33,138 DEBUG (BaseJdbcLogger.java:143)- ====> Parameters: 25133(String)
2019-09-23 05:08:33,139 DEBUG (BaseJdbcLogger.java:143)- <====      Total: 1
2019-09-23 05:08:33,139 DEBUG (BaseJdbcLogger.java:143)- ====>  Preparing: select id, name, sex, birthday, phone, ID_number, email, parent_phone, adress, major, state from student_basic where id = ? 
2019-09-23 05:08:33,140 DEBUG (BaseJdbcLogger.java:143)- ====> Parameters: 25135(String)
2019-09-23 05:08:33,141 DEBUG (BaseJdbcLogger.java:143)- <====      Total: 1
2019-09-23 05:08:33,141 DEBUG (BaseJdbcLogger.java:143)- ====>  Preparing: select id, name, sex, birthday, phone, ID_number, email, parent_phone, adress, major, state from student_basic where id = ? 
2019-09-23 05:08:33,142 DEBUG (BaseJdbcLogger.java:143)- ====> Parameters: 25136(String)
2019-09-23 05:08:33,143 DEBUG (BaseJdbcLogger.java:143)- <====      Total: 1
2019-09-23 05:08:33,143 DEBUG (BaseJdbcLogger.java:143)- ====>  Preparing: select id, name, sex, birthday, phone, ID_number, email, parent_phone, adress, major, state from student_basic where id = ? 
2019-09-23 05:08:33,143 DEBUG (BaseJdbcLogger.java:143)- ====> Parameters: 25139(String)
2019-09-23 05:08:33,144 DEBUG (BaseJdbcLogger.java:143)- <====      Total: 1
2019-09-23 05:08:33,144 DEBUG (BaseJdbcLogger.java:143)- ====>  Preparing: select id, name, sex, birthday, phone, ID_number, email, parent_phone, adress, major, state from student_basic where id = ? 
2019-09-23 05:08:33,145 DEBUG (BaseJdbcLogger.java:143)- ====> Parameters: 25140(String)
2019-09-23 05:08:33,145 DEBUG (BaseJdbcLogger.java:143)- <====      Total: 1
2019-09-23 05:08:33,145 DEBUG (BaseJdbcLogger.java:143)- ====>  Preparing: select id, name, sex, birthday, phone, ID_number, email, parent_phone, adress, major, state from student_basic where id = ? 
2019-09-23 05:08:33,146 DEBUG (BaseJdbcLogger.java:143)- ====> Parameters: 25141(String)
2019-09-23 05:08:33,146 DEBUG (BaseJdbcLogger.java:143)- <====      Total: 1
2019-09-23 05:08:33,147 DEBUG (BaseJdbcLogger.java:143)- ====>  Preparing: select id, name, sex, birthday, phone, ID_number, email, parent_phone, adress, major, state from student_basic where id = ? 
2019-09-23 05:08:33,147 DEBUG (BaseJdbcLogger.java:143)- ====> Parameters: 25142(String)
2019-09-23 05:08:33,147 DEBUG (BaseJdbcLogger.java:143)- <====      Total: 1
2019-09-23 05:08:33,148 DEBUG (BaseJdbcLogger.java:143)- ====>  Preparing: select id, name, sex, birthday, phone, ID_number, email, parent_phone, adress, major, state from student_basic where id = ? 
2019-09-23 05:08:33,148 DEBUG (BaseJdbcLogger.java:143)- ====> Parameters: 25143(String)
2019-09-23 05:08:33,149 DEBUG (BaseJdbcLogger.java:143)- <====      Total: 1
2019-09-23 05:08:33,149 DEBUG (BaseJdbcLogger.java:143)- ====>  Preparing: select id, name, sex, birthday, phone, ID_number, email, parent_phone, adress, major, state from student_basic where id = ? 
2019-09-23 05:08:33,149 DEBUG (BaseJdbcLogger.java:143)- ====> Parameters: 25144(String)
2019-09-23 05:08:33,150 DEBUG (BaseJdbcLogger.java:143)- <====      Total: 1
2019-09-23 05:08:33,151 DEBUG (BaseJdbcLogger.java:143)- ====>  Preparing: select id, name, sex, birthday, phone, ID_number, email, parent_phone, adress, major, state from student_basic where id = ? 
2019-09-23 05:08:33,151 DEBUG (BaseJdbcLogger.java:143)- ====> Parameters: 25146(String)
2019-09-23 05:08:33,152 DEBUG (BaseJdbcLogger.java:143)- <====      Total: 1
2019-09-23 05:08:33,152 DEBUG (BaseJdbcLogger.java:143)- ====>  Preparing: select id, name, sex, birthday, phone, ID_number, email, parent_phone, adress, major, state from student_basic where id = ? 
2019-09-23 05:08:33,152 DEBUG (BaseJdbcLogger.java:143)- ====> Parameters: 25149(String)
2019-09-23 05:08:33,153 DEBUG (BaseJdbcLogger.java:143)- <====      Total: 1
2019-09-23 05:08:33,153 DEBUG (BaseJdbcLogger.java:143)- ====>  Preparing: select id, name, sex, birthday, phone, ID_number, email, parent_phone, adress, major, state from student_basic where id = ? 
2019-09-23 05:08:33,154 DEBUG (BaseJdbcLogger.java:143)- ====> Parameters: 25150(String)
2019-09-23 05:08:33,154 DEBUG (BaseJdbcLogger.java:143)- <====      Total: 1
2019-09-23 05:08:33,154 DEBUG (BaseJdbcLogger.java:143)- ====>  Preparing: select id, name, sex, birthday, phone, ID_number, email, parent_phone, adress, major, state from student_basic where id = ? 
2019-09-23 05:08:33,155 DEBUG (BaseJdbcLogger.java:143)- ====> Parameters: 25151(String)
2019-09-23 05:08:33,156 DEBUG (BaseJdbcLogger.java:143)- <====      Total: 1
2019-09-23 05:08:33,157 DEBUG (BaseJdbcLogger.java:143)- ====>  Preparing: select id, name, sex, birthday, phone, ID_number, email, parent_phone, adress, major, state from student_basic where id = ? 
2019-09-23 05:08:33,157 DEBUG (BaseJdbcLogger.java:143)- ====> Parameters: 25156(String)
2019-09-23 05:08:33,158 DEBUG (BaseJdbcLogger.java:143)- <====      Total: 1
2019-09-23 05:08:33,159 DEBUG (BaseJdbcLogger.java:143)- ====>  Preparing: select id, name, sex, birthday, phone, ID_number, email, parent_phone, adress, major, state from student_basic where id = ? 
2019-09-23 05:08:33,159 DEBUG (BaseJdbcLogger.java:143)- ====> Parameters: 25157(String)
2019-09-23 05:08:33,160 DEBUG (BaseJdbcLogger.java:143)- <====      Total: 1
2019-09-23 05:08:33,160 DEBUG (BaseJdbcLogger.java:143)- ====>  Preparing: select id, name, sex, birthday, phone, ID_number, email, parent_phone, adress, major, state from student_basic where id = ? 
2019-09-23 05:08:33,160 DEBUG (BaseJdbcLogger.java:143)- ====> Parameters: 25158(String)
2019-09-23 05:08:33,161 DEBUG (BaseJdbcLogger.java:143)- <====      Total: 1
2019-09-23 05:08:33,162 DEBUG (BaseJdbcLogger.java:143)- ====>  Preparing: select id, name, sex, birthday, phone, ID_number, email, parent_phone, adress, major, state from student_basic where id = ? 
2019-09-23 05:08:33,162 DEBUG (BaseJdbcLogger.java:143)- ====> Parameters: 25160(String)
2019-09-23 05:08:33,162 DEBUG (BaseJdbcLogger.java:143)- <====      Total: 1
2019-09-23 05:08:33,162 DEBUG (BaseJdbcLogger.java:143)- ====>  Preparing: select id, name, sex, birthday, phone, ID_number, email, parent_phone, adress, major, state from student_basic where id = ? 
2019-09-23 05:08:33,163 DEBUG (BaseJdbcLogger.java:143)- ====> Parameters: 25161(String)
2019-09-23 05:08:33,163 DEBUG (BaseJdbcLogger.java:143)- <====      Total: 1
2019-09-23 05:08:33,164 DEBUG (BaseJdbcLogger.java:143)- ====>  Preparing: select id, name, sex, birthday, phone, ID_number, email, parent_phone, adress, major, state from student_basic where id = ? 
2019-09-23 05:08:33,164 DEBUG (BaseJdbcLogger.java:143)- ====> Parameters: 25162(String)
2019-09-23 05:08:33,164 DEBUG (BaseJdbcLogger.java:143)- <====      Total: 1
2019-09-23 05:08:33,165 DEBUG (BaseJdbcLogger.java:143)- ====>  Preparing: select id, name, sex, birthday, phone, ID_number, email, parent_phone, adress, major, state from student_basic where id = ? 
2019-09-23 05:08:33,165 DEBUG (BaseJdbcLogger.java:143)- ====> Parameters: 25164(String)
2019-09-23 05:08:33,166 DEBUG (BaseJdbcLogger.java:143)- <====      Total: 1
2019-09-23 05:08:33,167 DEBUG (BaseJdbcLogger.java:143)- ====>  Preparing: select id, name, sex, birthday, phone, ID_number, email, parent_phone, adress, major, state from student_basic where id = ? 
2019-09-23 05:08:33,167 DEBUG (BaseJdbcLogger.java:143)- ====> Parameters: 25165(String)
2019-09-23 05:08:33,168 DEBUG (BaseJdbcLogger.java:143)- <====      Total: 1
2019-09-23 05:08:33,168 DEBUG (BaseJdbcLogger.java:143)- ====>  Preparing: select id, name, sex, birthday, phone, ID_number, email, parent_phone, adress, major, state from student_basic where id = ? 
2019-09-23 05:08:33,168 DEBUG (BaseJdbcLogger.java:143)- ====> Parameters: 25166(String)
2019-09-23 05:08:33,168 DEBUG (BaseJdbcLogger.java:143)- <====      Total: 1
2019-09-23 05:08:33,169 DEBUG (BaseJdbcLogger.java:143)- ====>  Preparing: select id, name, sex, birthday, phone, ID_number, email, parent_phone, adress, major, state from student_basic where id = ? 
2019-09-23 05:08:33,169 DEBUG (BaseJdbcLogger.java:143)- ====> Parameters: 25167(String)
2019-09-23 05:08:33,169 DEBUG (BaseJdbcLogger.java:143)- <====      Total: 1
2019-09-23 05:08:33,170 DEBUG (BaseJdbcLogger.java:143)- ====>  Preparing: select id, name, sex, birthday, phone, ID_number, email, parent_phone, adress, major, state from student_basic where id = ? 
2019-09-23 05:08:33,170 DEBUG (BaseJdbcLogger.java:143)- ====> Parameters: 25169(String)
2019-09-23 05:08:33,170 DEBUG (BaseJdbcLogger.java:143)- <====      Total: 1
2019-09-23 05:08:33,171 DEBUG (BaseJdbcLogger.java:143)- ====>  Preparing: select id, name, sex, birthday, phone, ID_number, email, parent_phone, adress, major, state from student_basic where id = ? 
2019-09-23 05:08:33,171 DEBUG (BaseJdbcLogger.java:143)- ====> Parameters: 25172(String)
2019-09-23 05:08:33,172 DEBUG (BaseJdbcLogger.java:143)- <====      Total: 1
2019-09-23 05:08:33,172 DEBUG (BaseJdbcLogger.java:143)- ====>  Preparing: select id, name, sex, birthday, phone, ID_number, email, parent_phone, adress, major, state from student_basic where id = ? 
2019-09-23 05:08:33,172 DEBUG (BaseJdbcLogger.java:143)- ====> Parameters: 25173(String)
2019-09-23 05:08:33,173 DEBUG (BaseJdbcLogger.java:143)- <====      Total: 1
2019-09-23 05:08:33,174 DEBUG (BaseJdbcLogger.java:143)- ====>  Preparing: select id, name, sex, birthday, phone, ID_number, email, parent_phone, adress, major, state from student_basic where id = ? 
2019-09-23 05:08:33,175 DEBUG (BaseJdbcLogger.java:143)- ====> Parameters: 25175(String)
2019-09-23 05:08:33,176 DEBUG (BaseJdbcLogger.java:143)- <====      Total: 1
2019-09-23 05:08:33,176 DEBUG (BaseJdbcLogger.java:143)- ====>  Preparing: select id, name, sex, birthday, phone, ID_number, email, parent_phone, adress, major, state from student_basic where id = ? 
2019-09-23 05:08:33,177 DEBUG (BaseJdbcLogger.java:143)- ====> Parameters: 25177(String)
2019-09-23 05:08:33,178 DEBUG (BaseJdbcLogger.java:143)- <====      Total: 1
2019-09-23 05:08:33,178 DEBUG (BaseJdbcLogger.java:143)- ====>  Preparing: select id, name, sex, birthday, phone, ID_number, email, parent_phone, adress, major, state from student_basic where id = ? 
2019-09-23 05:08:33,178 DEBUG (BaseJdbcLogger.java:143)- ====> Parameters: 25179(String)
2019-09-23 05:08:33,178 DEBUG (BaseJdbcLogger.java:143)- <====      Total: 1
2019-09-23 05:08:33,179 DEBUG (BaseJdbcLogger.java:143)- ====>  Preparing: select id, name, sex, birthday, phone, ID_number, email, parent_phone, adress, major, state from student_basic where id = ? 
2019-09-23 05:08:33,180 DEBUG (BaseJdbcLogger.java:143)- ====> Parameters: 25180(String)
2019-09-23 05:08:33,180 DEBUG (BaseJdbcLogger.java:143)- <====      Total: 1
2019-09-23 05:08:33,180 DEBUG (BaseJdbcLogger.java:143)- ====>  Preparing: select id, name, sex, birthday, phone, ID_number, email, parent_phone, adress, major, state from student_basic where id = ? 
2019-09-23 05:08:33,181 DEBUG (BaseJdbcLogger.java:143)- ====> Parameters: 25182(String)
2019-09-23 05:08:33,181 DEBUG (BaseJdbcLogger.java:143)- <====      Total: 1
2019-09-23 05:08:33,182 DEBUG (BaseJdbcLogger.java:143)- ====>  Preparing: select id, name, sex, birthday, phone, ID_number, email, parent_phone, adress, major, state from student_basic where id = ? 
2019-09-23 05:08:33,182 DEBUG (BaseJdbcLogger.java:143)- ====> Parameters: 25183(String)
2019-09-23 05:08:33,182 DEBUG (BaseJdbcLogger.java:143)- <====      Total: 1
2019-09-23 05:08:33,182 DEBUG (BaseJdbcLogger.java:143)- ====>  Preparing: select id, name, sex, birthday, phone, ID_number, email, parent_phone, adress, major, state from student_basic where id = ? 
2019-09-23 05:08:33,183 DEBUG (BaseJdbcLogger.java:143)- ====> Parameters: 25184(String)
2019-09-23 05:08:33,184 DEBUG (BaseJdbcLogger.java:143)- <====      Total: 1
2019-09-23 05:08:33,184 DEBUG (BaseJdbcLogger.java:143)- ====>  Preparing: select id, name, sex, birthday, phone, ID_number, email, parent_phone, adress, major, state from student_basic where id = ? 
2019-09-23 05:08:33,185 DEBUG (BaseJdbcLogger.java:143)- ====> Parameters: 25185(String)
2019-09-23 05:08:33,185 DEBUG (BaseJdbcLogger.java:143)- <====      Total: 1
2019-09-23 05:08:33,186 DEBUG (BaseJdbcLogger.java:143)- ====>  Preparing: select id, name, sex, birthday, phone, ID_number, email, parent_phone, adress, major, state from student_basic where id = ? 
2019-09-23 05:08:33,186 DEBUG (BaseJdbcLogger.java:143)- ====> Parameters: 25190(String)
2019-09-23 05:08:33,186 DEBUG (BaseJdbcLogger.java:143)- <====      Total: 1
2019-09-23 05:08:33,187 DEBUG (BaseJdbcLogger.java:143)- ====>  Preparing: select id, name, sex, birthday, phone, ID_number, email, parent_phone, adress, major, state from student_basic where id = ? 
2019-09-23 05:08:33,187 DEBUG (BaseJdbcLogger.java:143)- ====> Parameters: 25193(String)
2019-09-23 05:08:33,188 DEBUG (BaseJdbcLogger.java:143)- <====      Total: 1
2019-09-23 05:08:33,189 DEBUG (BaseJdbcLogger.java:143)- ====>  Preparing: select id, name, sex, birthday, phone, ID_number, email, parent_phone, adress, major, state from student_basic where id = ? 
2019-09-23 05:08:33,189 DEBUG (BaseJdbcLogger.java:143)- ====> Parameters: 25194(String)
2019-09-23 05:08:33,189 DEBUG (BaseJdbcLogger.java:143)- <====      Total: 1
2019-09-23 05:08:33,189 DEBUG (BaseJdbcLogger.java:143)- ====>  Preparing: select id, name, sex, birthday, phone, ID_number, email, parent_phone, adress, major, state from student_basic where id = ? 
2019-09-23 05:08:33,190 DEBUG (BaseJdbcLogger.java:143)- ====> Parameters: 25195(String)
2019-09-23 05:08:33,191 DEBUG (BaseJdbcLogger.java:143)- <====      Total: 1
2019-09-23 05:08:33,192 DEBUG (BaseJdbcLogger.java:143)- ====>  Preparing: select id, name, sex, birthday, phone, ID_number, email, parent_phone, adress, major, state from student_basic where id = ? 
2019-09-23 05:08:33,192 DEBUG (BaseJdbcLogger.java:143)- ====> Parameters: 25200(String)
2019-09-23 05:08:33,192 DEBUG (BaseJdbcLogger.java:143)- <====      Total: 1
2019-09-23 05:08:33,193 DEBUG (BaseJdbcLogger.java:143)- ====>  Preparing: select id, name, sex, birthday, phone, ID_number, email, parent_phone, adress, major, state from student_basic where id = ? 
2019-09-23 05:08:33,193 DEBUG (BaseJdbcLogger.java:143)- ====> Parameters: 25201(String)
2019-09-23 05:08:33,193 DEBUG (BaseJdbcLogger.java:143)- <====      Total: 1
2019-09-23 05:08:33,194 DEBUG (BaseJdbcLogger.java:143)- ====>  Preparing: select id, name, sex, birthday, phone, ID_number, email, parent_phone, adress, major, state from student_basic where id = ? 
2019-09-23 05:08:33,194 DEBUG (BaseJdbcLogger.java:143)- ====> Parameters: 25203(String)
2019-09-23 05:08:33,194 DEBUG (BaseJdbcLogger.java:143)- <====      Total: 1
