2019-09-04 04:08:13,829 DEBUG (BaseJdbcLogger.java:143)- ==> Parameters: 男(String), 080703201901(String)
2019-09-04 04:08:13,831 DEBUG (BaseJdbcLogger.java:143)- ====>  Preparing: select id, dong, floor, room, sex, number, rent,hasnumber from dormitory where id = ? 
2019-09-04 04:08:13,832 DEBUG (BaseJdbcLogger.java:143)- ====> Parameters: 73(Integer)
2019-09-04 04:08:13,832 DEBUG (BaseJdbcLogger.java:143)- <====      Total: 1
2019-09-04 04:08:13,833 DEBUG (BaseJdbcLogger.java:143)- ====>  Preparing: select id, dong, floor, room, sex, number, rent,hasnumber from dormitory where id = ? 
2019-09-04 04:08:13,833 DEBUG (BaseJdbcLogger.java:143)- ====> Parameters: 74(Integer)
2019-09-04 04:08:13,834 DEBUG (BaseJdbcLogger.java:143)- <====      Total: 1
2019-09-04 04:08:13,834 DEBUG (BaseJdbcLogger.java:143)- ====>  Preparing: select id, dong, floor, room, sex, number, rent,hasnumber from dormitory where id = ? 
2019-09-04 04:08:13,835 DEBUG (BaseJdbcLogger.java:143)- ====> Parameters: 75(Integer)
2019-09-04 04:08:13,835 DEBUG (BaseJdbcLogger.java:143)- <====      Total: 1
2019-09-04 04:08:13,836 DEBUG (BaseJdbcLogger.java:143)- ====>  Preparing: select id, dong, floor, room, sex, number, rent,hasnumber from dormitory where id = ? 
2019-09-04 04:08:13,837 DEBUG (BaseJdbcLogger.java:143)- ====> Parameters: 76(Integer)
2019-09-04 04:08:13,837 DEBUG (BaseJdbcLogger.java:143)- <====      Total: 1
2019-09-04 04:08:13,837 DEBUG (BaseJdbcLogger.java:143)- ====>  Preparing: select id, dong, floor, room, sex, number, rent,hasnumber from dormitory where id = ? 
2019-09-04 04:08:13,838 DEBUG (BaseJdbcLogger.java:143)- ====> Parameters: 77(Integer)
2019-09-04 04:08:13,838 DEBUG (BaseJdbcLogger.java:143)- <====      Total: 1
2019-09-04 04:08:13,839 DEBUG (BaseJdbcLogger.java:143)- ====>  Preparing: select id, dong, floor, room, sex, number, rent,hasnumber from dormitory where id = ? 
2019-09-04 04:08:13,839 DEBUG (BaseJdbcLogger.java:143)- ====> Parameters: 98(Integer)
2019-09-04 04:08:13,839 DEBUG (BaseJdbcLogger.java:143)- <====      Total: 1
2019-09-04 04:08:13,840 DEBUG (BaseJdbcLogger.java:143)- <==      Total: 6
2019-09-04 04:08:13,840 DEBUG (BaseJdbcLogger.java:143)- ==>  Preparing: select student_status.id,student_status.basic_id, student_status.student_id, student_status.class_id from student_status,student_basic where student_status.basic_id=student_basic.id and student_basic.sex=? and student_status.class_id=? 
2019-09-04 04:08:13,840 DEBUG (BaseJdbcLogger.java:143)- ==> Parameters: 男(String), 080703201902(String)
2019-09-04 04:08:13,841 DEBUG (BaseJdbcLogger.java:143)- ====>  Preparing: select id, name, sex, birthday, phone, ID_number, email, parent_phone, adress, major, state from student_basic where id = ? 
2019-09-04 04:08:13,842 DEBUG (BaseJdbcLogger.java:143)- ====> Parameters: 19279(String)
2019-09-04 04:08:13,842 DEBUG (BaseJdbcLogger.java:143)- <====      Total: 1
2019-09-04 04:08:13,842 DEBUG (BaseJdbcLogger.java:143)- ====>  Preparing: select id, class_id, name, director, grade, major_id from class where class_id = ? 
2019-09-04 04:08:13,843 DEBUG (BaseJdbcLogger.java:143)- ====> Parameters: 080703201902(String)
2019-09-04 04:08:13,843 DEBUG (BaseJdbcLogger.java:143)- ======>  Preparing: select id, major_id, name, price, department_id from major where major_id = ? 
2019-09-04 04:08:13,844 DEBUG (BaseJdbcLogger.java:143)- ======> Parameters: 080703(String)
2019-09-04 04:08:13,844 DEBUG (BaseJdbcLogger.java:143)- <======      Total: 1
2019-09-04 04:08:13,844 DEBUG (BaseJdbcLogger.java:143)- <====      Total: 1
2019-09-04 04:08:13,845 DEBUG (BaseJdbcLogger.java:143)- ====>  Preparing: select id, name, sex, birthday, phone, ID_number, email, parent_phone, adress, major, state from student_basic where id = ? 
2019-09-04 04:08:13,845 DEBUG (BaseJdbcLogger.java:143)- ====> Parameters: 19280(String)
2019-09-04 04:08:13,846 DEBUG (BaseJdbcLogger.java:143)- <====      Total: 1
2019-09-04 04:08:13,847 DEBUG (BaseJdbcLogger.java:143)- ====>  Preparing: select id, name, sex, birthday, phone, ID_number, email, parent_phone, adress, major, state from student_basic where id = ? 
2019-09-04 04:08:13,847 DEBUG (BaseJdbcLogger.java:143)- ====> Parameters: 19283(String)
2019-09-04 04:08:13,848 DEBUG (BaseJdbcLogger.java:143)- <====      Total: 1
2019-09-04 04:08:13,848 DEBUG (BaseJdbcLogger.java:143)- ====>  Preparing: select id, name, sex, birthday, phone, ID_number, email, parent_phone, adress, major, state from student_basic where id = ? 
2019-09-04 04:08:13,849 DEBUG (BaseJdbcLogger.java:143)- ====> Parameters: 19284(String)
2019-09-04 04:08:13,849 DEBUG (BaseJdbcLogger.java:143)- <====      Total: 1
2019-09-04 04:08:13,850 DEBUG (BaseJdbcLogger.java:143)- ====>  Preparing: select id, name, sex, birthday, phone, ID_number, email, parent_phone, adress, major, state from student_basic where id = ? 
2019-09-04 04:08:13,850 DEBUG (BaseJdbcLogger.java:143)- ====> Parameters: 19285(String)
2019-09-04 04:08:13,851 DEBUG (BaseJdbcLogger.java:143)- <====      Total: 1
2019-09-04 04:08:13,851 DEBUG (BaseJdbcLogger.java:143)- ====>  Preparing: select id, name, sex, birthday, phone, ID_number, email, parent_phone, adress, major, state from student_basic where id = ? 
2019-09-04 04:08:13,852 DEBUG (BaseJdbcLogger.java:143)- ====> Parameters: 19286(String)
2019-09-04 04:08:13,852 DEBUG (BaseJdbcLogger.java:143)- <====      Total: 1
2019-09-04 04:08:13,853 DEBUG (BaseJdbcLogger.java:143)- ====>  Preparing: select id, name, sex, birthday, phone, ID_number, email, parent_phone, adress, major, state from student_basic where id = ? 
2019-09-04 04:08:13,853 DEBUG (BaseJdbcLogger.java:143)- ====> Parameters: 19287(String)
2019-09-04 04:08:13,854 DEBUG (BaseJdbcLogger.java:143)- <====      Total: 1
2019-09-04 04:08:13,854 DEBUG (BaseJdbcLogger.java:143)- ====>  Preparing: select id, name, sex, birthday, phone, ID_number, email, parent_phone, adress, major, state from student_basic where id = ? 
2019-09-04 04:08:13,854 DEBUG (BaseJdbcLogger.java:143)- ====> Parameters: 19288(String)
2019-09-04 04:08:13,855 DEBUG (BaseJdbcLogger.java:143)- <====      Total: 1
2019-09-04 04:08:13,855 DEBUG (BaseJdbcLogger.java:143)- ====>  Preparing: select id, name, sex, birthday, phone, ID_number, email, parent_phone, adress, major, state from student_basic where id = ? 
2019-09-04 04:08:13,856 DEBUG (BaseJdbcLogger.java:143)- ====> Parameters: 19290(String)
2019-09-04 04:08:13,856 DEBUG (BaseJdbcLogger.java:143)- <====      Total: 1
2019-09-04 04:08:13,858 DEBUG (BaseJdbcLogger.java:143)- ====>  Preparing: select id, name, sex, birthday, phone, ID_number, email, parent_phone, adress, major, state from student_basic where id = ? 
2019-09-04 04:08:13,858 DEBUG (BaseJdbcLogger.java:143)- ====> Parameters: 19293(String)
2019-09-04 04:08:13,859 DEBUG (BaseJdbcLogger.java:143)- <====      Total: 1
2019-09-04 04:08:13,859 DEBUG (BaseJdbcLogger.java:143)- ====>  Preparing: select id, name, sex, birthday, phone, ID_number, email, parent_phone, adress, major, state from student_basic where id = ? 
2019-09-04 04:08:13,860 DEBUG (BaseJdbcLogger.java:143)- ====> Parameters: 19294(String)
2019-09-04 04:08:13,860 DEBUG (BaseJdbcLogger.java:143)- <====      Total: 1
2019-09-04 04:08:13,861 DEBUG (BaseJdbcLogger.java:143)- ====>  Preparing: select id, name, sex, birthday, phone, ID_number, email, parent_phone, adress, major, state from student_basic where id = ? 
2019-09-04 04:08:13,862 DEBUG (BaseJdbcLogger.java:143)- ====> Parameters: 19295(String)
2019-09-04 04:08:13,862 DEBUG (BaseJdbcLogger.java:143)- <====      Total: 1
2019-09-04 04:08:13,863 DEBUG (BaseJdbcLogger.java:143)- ====>  Preparing: select id, name, sex, birthday, phone, ID_number, email, parent_phone, adress, major, state from student_basic where id = ? 
2019-09-04 04:08:13,864 DEBUG (BaseJdbcLogger.java:143)- ====> Parameters: 19300(String)
2019-09-04 04:08:13,865 DEBUG (BaseJdbcLogger.java:143)- <====      Total: 1
2019-09-04 04:08:13,866 DEBUG (BaseJdbcLogger.java:143)- ====>  Preparing: select id, name, sex, birthday, phone, ID_number, email, parent_phone, adress, major, state from student_basic where id = ? 
2019-09-04 04:08:13,866 DEBUG (BaseJdbcLogger.java:143)- ====> Parameters: 19301(String)
2019-09-04 04:08:13,867 DEBUG (BaseJdbcLogger.java:143)- <====      Total: 1
2019-09-04 04:08:13,867 DEBUG (BaseJdbcLogger.java:143)- ====>  Preparing: select id, name, sex, birthday, phone, ID_number, email, parent_phone, adress, major, state from student_basic where id = ? 
2019-09-04 04:08:13,868 DEBUG (BaseJdbcLogger.java:143)- ====> Parameters: 19302(String)
2019-09-04 04:08:13,869 DEBUG (BaseJdbcLogger.java:143)- <====      Total: 1
2019-09-04 04:08:13,869 DEBUG (BaseJdbcLogger.java:143)- ====>  Preparing: select id, name, sex, birthday, phone, ID_number, email, parent_phone, adress, major, state from student_basic where id = ? 
2019-09-04 04:08:13,869 DEBUG (BaseJdbcLogger.java:143)- ====> Parameters: 19304(String)
2019-09-04 04:08:13,870 DEBUG (BaseJdbcLogger.java:143)- <====      Total: 1
2019-09-04 04:08:13,871 DEBUG (BaseJdbcLogger.java:143)- ====>  Preparing: select id, name, sex, birthday, phone, ID_number, email, parent_phone, adress, major, state from student_basic where id = ? 
2019-09-04 04:08:13,871 DEBUG (BaseJdbcLogger.java:143)- ====> Parameters: 19305(String)
2019-09-04 04:08:13,871 DEBUG (BaseJdbcLogger.java:143)- <====      Total: 1
2019-09-04 04:08:13,872 DEBUG (BaseJdbcLogger.java:143)- ====>  Preparing: select id, name, sex, birthday, phone, ID_number, email, parent_phone, adress, major, state from student_basic where id = ? 
2019-09-04 04:08:13,872 DEBUG (BaseJdbcLogger.java:143)- ====> Parameters: 19306(String)
2019-09-04 04:08:13,873 DEBUG (BaseJdbcLogger.java:143)- <====      Total: 1
2019-09-04 04:08:13,874 DEBUG (BaseJdbcLogger.java:143)- ====>  Preparing: select id, name, sex, birthday, phone, ID_number, email, parent_phone, adress, major, state from student_basic where id = ? 
2019-09-04 04:08:13,874 DEBUG (BaseJdbcLogger.java:143)- ====> Parameters: 19308(String)
2019-09-04 04:08:13,874 DEBUG (BaseJdbcLogger.java:143)- <====      Total: 1
2019-09-04 04:08:13,875 DEBUG (BaseJdbcLogger.java:143)- ====>  Preparing: select id, name, sex, birthday, phone, ID_number, email, parent_phone, adress, major, state from student_basic where id = ? 
2019-09-04 04:08:13,875 DEBUG (BaseJdbcLogger.java:143)- ====> Parameters: 19309(String)
2019-09-04 04:08:13,876 DEBUG (BaseJdbcLogger.java:143)- <====      Total: 1
2019-09-04 04:08:13,876 DEBUG (BaseJdbcLogger.java:143)- ====>  Preparing: select id, name, sex, birthday, phone, ID_number, email, parent_phone, adress, major, state from student_basic where id = ? 
2019-09-04 04:08:13,876 DEBUG (BaseJdbcLogger.java:143)- ====> Parameters: 19310(String)
2019-09-04 04:08:13,877 DEBUG (BaseJdbcLogger.java:143)- <====      Total: 1
2019-09-04 04:08:13,877 DEBUG (BaseJdbcLogger.java:143)- ====>  Preparing: select id, name, sex, birthday, phone, ID_number, email, parent_phone, adress, major, state from student_basic where id = ? 
2019-09-04 04:08:13,877 DEBUG (BaseJdbcLogger.java:143)- ====> Parameters: 19311(String)
2019-09-04 04:08:13,878 DEBUG (BaseJdbcLogger.java:143)- <====      Total: 1
2019-09-04 04:08:13,878 DEBUG (BaseJdbcLogger.java:143)- ====>  Preparing: select id, name, sex, birthday, phone, ID_number, email, parent_phone, adress, major, state from student_basic where id = ? 
2019-09-04 04:08:13,879 DEBUG (BaseJdbcLogger.java:143)- ====> Parameters: 19313(String)
2019-09-04 04:08:13,880 DEBUG (BaseJdbcLogger.java:143)- <====      Total: 1
2019-09-04 04:08:13,881 DEBUG (BaseJdbcLogger.java:143)- ====>  Preparing: select id, name, sex, birthday, phone, ID_number, email, parent_phone, adress, major, state from student_basic where id = ? 
2019-09-04 04:08:13,881 DEBUG (BaseJdbcLogger.java:143)- ====> Parameters: 19316(String)
2019-09-04 04:08:13,882 DEBUG (BaseJdbcLogger.java:143)- <====      Total: 1
2019-09-04 04:08:13,882 DEBUG (BaseJdbcLogger.java:143)- ====>  Preparing: select id, name, sex, birthday, phone, ID_number, email, parent_phone, adress, major, state from student_basic where id = ? 
2019-09-04 04:08:13,882 DEBUG (BaseJdbcLogger.java:143)- ====> Parameters: 19317(String)
2019-09-04 04:08:13,883 DEBUG (BaseJdbcLogger.java:143)- <====      Total: 1
2019-09-04 04:08:13,883 DEBUG (BaseJdbcLogger.java:143)- <==      Total: 25
2019-09-04 04:08:13,884 DEBUG (BaseJdbcLogger.java:143)- ==>  Preparing: select dormitory_allocation.id, dormitory_allocation.class_id, dormitory_allocation.dormitory_id,dormitory_allocation.number from dormitory_allocation,dormitory WHERE dormitory_allocation.dormitory_id=dormitory.id and dormitory.sex=? and class_id = ? 
2019-09-04 04:08:13,884 DEBUG (BaseJdbcLogger.java:143)- ==> Parameters: 男(String), 080703201902(String)
2019-09-04 04:08:13,885 DEBUG (BaseJdbcLogger.java:143)- ====>  Preparing: select id, dong, floor, room, sex, number, rent,hasnumber from dormitory where id = ? 
2019-09-04 04:08:13,885 DEBUG (BaseJdbcLogger.java:143)- ====> Parameters: 78(Integer)
2019-09-04 04:08:13,885 DEBUG (BaseJdbcLogger.java:143)- <====      Total: 1
2019-09-04 04:08:13,886 DEBUG (BaseJdbcLogger.java:143)- ====>  Preparing: select id, dong, floor, room, sex, number, rent,hasnumber from dormitory where id = ? 
2019-09-04 04:08:13,886 DEBUG (BaseJdbcLogger.java:143)- ====> Parameters: 79(Integer)
2019-09-04 04:08:13,887 DEBUG (BaseJdbcLogger.java:143)- <====      Total: 1
2019-09-04 04:08:13,887 DEBUG (BaseJdbcLogger.java:143)- ====>  Preparing: select id, dong, floor, room, sex, number, rent,hasnumber from dormitory where id = ? 
2019-09-04 04:08:13,887 DEBUG (BaseJdbcLogger.java:143)- ====> Parameters: 80(Integer)
2019-09-04 04:08:13,888 DEBUG (BaseJdbcLogger.java:143)- <====      Total: 1
2019-09-04 04:08:13,888 DEBUG (BaseJdbcLogger.java:143)- ====>  Preparing: select id, dong, floor, room, sex, number, rent,hasnumber from dormitory where id = ? 
2019-09-04 04:08:13,889 DEBUG (BaseJdbcLogger.java:143)- ====> Parameters: 81(Integer)
2019-09-04 04:08:13,890 DEBUG (BaseJdbcLogger.java:143)- <====      Total: 1
2019-09-04 04:08:13,891 DEBUG (BaseJdbcLogger.java:143)- ====>  Preparing: select id, dong, floor, room, sex, number, rent,hasnumber from dormitory where id = ? 
2019-09-04 04:08:13,891 DEBUG (BaseJdbcLogger.java:143)- ====> Parameters: 82(Integer)
2019-09-04 04:08:13,892 DEBUG (BaseJdbcLogger.java:143)- <====      Total: 1
2019-09-04 04:08:13,893 DEBUG (BaseJdbcLogger.java:143)- <==      Total: 5
2019-09-04 04:08:13,894 DEBUG (BaseJdbcLogger.java:143)- ==>  Preparing: select student_status.id,student_status.basic_id, student_status.student_id, student_status.class_id from student_status,student_basic where student_status.basic_id=student_basic.id and student_basic.sex=? and student_status.class_id=? 
2019-09-04 04:08:13,894 DEBUG (BaseJdbcLogger.java:143)- ==> Parameters: 男(String), 080703201903(String)
2019-09-04 04:08:13,897 DEBUG (BaseJdbcLogger.java:143)- ====>  Preparing: select id, name, sex, birthday, phone, ID_number, email, parent_phone, adress, major, state from student_basic where id = ? 
2019-09-04 04:08:13,897 DEBUG (BaseJdbcLogger.java:143)- ====> Parameters: 19319(String)
2019-09-04 04:08:13,898 DEBUG (BaseJdbcLogger.java:143)- <====      Total: 1
2019-09-04 04:08:13,898 DEBUG (BaseJdbcLogger.java:143)- ====>  Preparing: select id, class_id, name, director, grade, major_id from class where class_id = ? 
2019-09-04 04:08:13,899 DEBUG (BaseJdbcLogger.java:143)- ====> Parameters: 080703201903(String)
2019-09-04 04:08:13,900 DEBUG (BaseJdbcLogger.java:143)- ======>  Preparing: select id, major_id, name, price, department_id from major where major_id = ? 
2019-09-04 04:08:13,901 DEBUG (BaseJdbcLogger.java:143)- ======> Parameters: 080703(String)
2019-09-04 04:08:13,902 DEBUG (BaseJdbcLogger.java:143)- <======      Total: 1
2019-09-04 04:08:13,903 DEBUG (BaseJdbcLogger.java:143)- <====      Total: 1
2019-09-04 04:08:13,903 DEBUG (BaseJdbcLogger.java:143)- ====>  Preparing: select id, name, sex, birthday, phone, ID_number, email, parent_phone, adress, major, state from student_basic where id = ? 
2019-09-04 04:08:13,904 DEBUG (BaseJdbcLogger.java:143)- ====> Parameters: 19321(String)
2019-09-04 04:08:13,905 DEBUG (BaseJdbcLogger.java:143)- <====      Total: 1
2019-09-04 04:08:13,905 DEBUG (BaseJdbcLogger.java:143)- ====>  Preparing: select id, name, sex, birthday, phone, ID_number, email, parent_phone, adress, major, state from student_basic where id = ? 
2019-09-04 04:08:13,906 DEBUG (BaseJdbcLogger.java:143)- ====> Parameters: 19323(String)
2019-09-04 04:08:13,907 DEBUG (BaseJdbcLogger.java:143)- <====      Total: 1
2019-09-04 04:08:13,907 DEBUG (BaseJdbcLogger.java:143)- ====>  Preparing: select id, name, sex, birthday, phone, ID_number, email, parent_phone, adress, major, state from student_basic where id = ? 
2019-09-04 04:08:13,908 DEBUG (BaseJdbcLogger.java:143)- ====> Parameters: 19324(String)
2019-09-04 04:08:13,909 DEBUG (BaseJdbcLogger.java:143)- <====      Total: 1
2019-09-04 04:08:13,909 DEBUG (BaseJdbcLogger.java:143)- ====>  Preparing: select id, name, sex, birthday, phone, ID_number, email, parent_phone, adress, major, state from student_basic where id = ? 
2019-09-04 04:08:13,910 DEBUG (BaseJdbcLogger.java:143)- ====> Parameters: 19326(String)
2019-09-04 04:08:13,911 DEBUG (BaseJdbcLogger.java:143)- <====      Total: 1
2019-09-04 04:08:13,912 DEBUG (BaseJdbcLogger.java:143)- ====>  Preparing: select id, name, sex, birthday, phone, ID_number, email, parent_phone, adress, major, state from student_basic where id = ? 
2019-09-04 04:08:13,913 DEBUG (BaseJdbcLogger.java:143)- ====> Parameters: 19327(String)
2019-09-04 04:08:13,914 DEBUG (BaseJdbcLogger.java:143)- <====      Total: 1
2019-09-04 04:08:13,915 DEBUG (BaseJdbcLogger.java:143)- ====>  Preparing: select id, name, sex, birthday, phone, ID_number, email, parent_phone, adress, major, state from student_basic where id = ? 
2019-09-04 04:08:13,915 DEBUG (BaseJdbcLogger.java:143)- ====> Parameters: 19328(String)
2019-09-04 04:08:13,916 DEBUG (BaseJdbcLogger.java:143)- <====      Total: 1
2019-09-04 04:08:13,917 DEBUG (BaseJdbcLogger.java:143)- ====>  Preparing: select id, name, sex, birthday, phone, ID_number, email, parent_phone, adress, major, state from student_basic where id = ? 
2019-09-04 04:08:13,917 DEBUG (BaseJdbcLogger.java:143)- ====> Parameters: 19329(String)
2019-09-04 04:08:13,917 DEBUG (BaseJdbcLogger.java:143)- <====      Total: 1
2019-09-04 04:08:13,918 DEBUG (BaseJdbcLogger.java:143)- ====>  Preparing: select id, name, sex, birthday, phone, ID_number, email, parent_phone, adress, major, state from student_basic where id = ? 
2019-09-04 04:08:13,918 DEBUG (BaseJdbcLogger.java:143)- ====> Parameters: 19334(String)
2019-09-04 04:08:13,919 DEBUG (BaseJdbcLogger.java:143)- <====      Total: 1
2019-09-04 04:08:13,920 DEBUG (BaseJdbcLogger.java:143)- ====>  Preparing: select id, name, sex, birthday, phone, ID_number, email, parent_phone, adress, major, state from student_basic where id = ? 
2019-09-04 04:08:13,920 DEBUG (BaseJdbcLogger.java:143)- ====> Parameters: 19337(String)
2019-09-04 04:08:13,921 DEBUG (BaseJdbcLogger.java:143)- <====      Total: 1
2019-09-04 04:08:13,922 DEBUG (BaseJdbcLogger.java:143)- ====>  Preparing: select id, name, sex, birthday, phone, ID_number, email, parent_phone, adress, major, state from student_basic where id = ? 
2019-09-04 04:08:13,922 DEBUG (BaseJdbcLogger.java:143)- ====> Parameters: 19338(String)
2019-09-04 04:08:13,923 DEBUG (BaseJdbcLogger.java:143)- <====      Total: 1
2019-09-04 04:08:13,924 DEBUG (BaseJdbcLogger.java:143)- ====>  Preparing: select id, name, sex, birthday, phone, ID_number, email, parent_phone, adress, major, state from student_basic where id = ? 
2019-09-04 04:08:13,925 DEBUG (BaseJdbcLogger.java:143)- ====> Parameters: 19339(String)
2019-09-04 04:08:13,926 DEBUG (BaseJdbcLogger.java:143)- <====      Total: 1
2019-09-04 04:08:13,926 DEBUG (BaseJdbcLogger.java:143)- ====>  Preparing: select id, name, sex, birthday, phone, ID_number, email, parent_phone, adress, major, state from student_basic where id = ? 
2019-09-04 04:08:13,927 DEBUG (BaseJdbcLogger.java:143)- ====> Parameters: 19344(String)
2019-09-04 04:08:13,928 DEBUG (BaseJdbcLogger.java:143)- <====      Total: 1
2019-09-04 04:08:13,929 DEBUG (BaseJdbcLogger.java:143)- ====>  Preparing: select id, name, sex, birthday, phone, ID_number, email, parent_phone, adress, major, state from student_basic where id = ? 
2019-09-04 04:08:13,929 DEBUG (BaseJdbcLogger.java:143)- ====> Parameters: 19345(String)
2019-09-04 04:08:13,930 DEBUG (BaseJdbcLogger.java:143)- <====      Total: 1
2019-09-04 04:08:13,931 DEBUG (BaseJdbcLogger.java:143)- ====>  Preparing: select id, name, sex, birthday, phone, ID_number, email, parent_phone, adress, major, state from student_basic where id = ? 
2019-09-04 04:08:13,932 DEBUG (BaseJdbcLogger.java:143)- ====> Parameters: 19347(String)
2019-09-04 04:08:13,933 DEBUG (BaseJdbcLogger.java:143)- <====      Total: 1
2019-09-04 04:08:13,934 DEBUG (BaseJdbcLogger.java:143)- ====>  Preparing: select id, name, sex, birthday, phone, ID_number, email, parent_phone, adress, major, state from student_basic where id = ? 
2019-09-04 04:08:13,935 DEBUG (BaseJdbcLogger.java:143)- ====> Parameters: 19349(String)
2019-09-04 04:08:13,936 DEBUG (BaseJdbcLogger.java:143)- <====      Total: 1
2019-09-04 04:08:13,937 DEBUG (BaseJdbcLogger.java:143)- ====>  Preparing: select id, name, sex, birthday, phone, ID_number, email, parent_phone, adress, major, state from student_basic where id = ? 
2019-09-04 04:08:13,937 DEBUG (BaseJdbcLogger.java:143)- ====> Parameters: 19350(String)
2019-09-04 04:08:13,938 DEBUG (BaseJdbcLogger.java:143)- <====      Total: 1
2019-09-04 04:08:13,939 DEBUG (BaseJdbcLogger.java:143)- ====>  Preparing: select id, name, sex, birthday, phone, ID_number, email, parent_phone, adress, major, state from student_basic where id = ? 
2019-09-04 04:08:13,939 DEBUG (BaseJdbcLogger.java:143)- ====> Parameters: 19351(String)
2019-09-04 04:08:13,940 DEBUG (BaseJdbcLogger.java:143)- <====      Total: 1
2019-09-04 04:08:13,941 DEBUG (BaseJdbcLogger.java:143)- ====>  Preparing: select id, name, sex, birthday, phone, ID_number, email, parent_phone, adress, major, state from student_basic where id = ? 
2019-09-04 04:08:13,941 DEBUG (BaseJdbcLogger.java:143)- ====> Parameters: 19352(String)
2019-09-04 04:08:13,942 DEBUG (BaseJdbcLogger.java:143)- <====      Total: 1
2019-09-04 04:08:13,943 DEBUG (BaseJdbcLogger.java:143)- ====>  Preparing: select id, name, sex, birthday, phone, ID_number, email, parent_phone, adress, major, state from student_basic where id = ? 
2019-09-04 04:08:13,943 DEBUG (BaseJdbcLogger.java:143)- ====> Parameters: 19355(String)
2019-09-04 04:08:13,944 DEBUG (BaseJdbcLogger.java:143)- <====      Total: 1
2019-09-04 04:08:13,945 DEBUG (BaseJdbcLogger.java:143)- ====>  Preparing: select id, name, sex, birthday, phone, ID_number, email, parent_phone, adress, major, state from student_basic where id = ? 
2019-09-04 04:08:13,946 DEBUG (BaseJdbcLogger.java:143)- ====> Parameters: 19356(String)
2019-09-04 04:08:13,947 DEBUG (BaseJdbcLogger.java:143)- <====      Total: 1
2019-09-04 04:08:13,948 DEBUG (BaseJdbcLogger.java:143)- ====>  Preparing: select id, name, sex, birthday, phone, ID_number, email, parent_phone, adress, major, state from student_basic where id = ? 
2019-09-04 04:08:13,948 DEBUG (BaseJdbcLogger.java:143)- ====> Parameters: 19357(String)
2019-09-04 04:08:13,950 DEBUG (BaseJdbcLogger.java:143)- <====      Total: 1
2019-09-04 04:08:13,950 DEBUG (BaseJdbcLogger.java:143)- ====>  Preparing: select id, name, sex, birthday, phone, ID_number, email, parent_phone, adress, major, state from student_basic where id = ? 
2019-09-04 04:08:13,951 DEBUG (BaseJdbcLogger.java:143)- ====> Parameters: 19358(String)
2019-09-04 04:08:13,952 DEBUG (BaseJdbcLogger.java:143)- <====      Total: 1
2019-09-04 04:08:13,953 DEBUG (BaseJdbcLogger.java:143)- ====>  Preparing: select id, name, sex, birthday, phone, ID_number, email, parent_phone, adress, major, state from student_basic where id = ? 
2019-09-04 04:08:13,954 DEBUG (BaseJdbcLogger.java:143)- ====> Parameters: 19360(String)
2019-09-04 04:08:13,956 DEBUG (BaseJdbcLogger.java:143)- <====      Total: 1
2019-09-04 04:08:13,956 DEBUG (BaseJdbcLogger.java:143)- ====>  Preparing: select id, name, sex, birthday, phone, ID_number, email, parent_phone, adress, major, state from student_basic where id = ? 
2019-09-04 04:08:13,956 DEBUG (BaseJdbcLogger.java:143)- ====> Parameters: 19361(String)
2019-09-04 04:08:13,958 DEBUG (BaseJdbcLogger.java:143)- <====      Total: 1
2019-09-04 04:08:13,958 DEBUG (BaseJdbcLogger.java:143)- <==      Total: 25
2019-09-04 04:08:13,958 DEBUG (BaseJdbcLogger.java:143)- ==>  Preparing: select dormitory_allocation.id, dormitory_allocation.class_id, dormitory_allocation.dormitory_id,dormitory_allocation.number from dormitory_allocation,dormitory WHERE dormitory_allocation.dormitory_id=dormitory.id and dormitory.sex=? and class_id = ? 
2019-09-04 04:08:13,958 DEBUG (BaseJdbcLogger.java:143)- ==> Parameters: 男(String), 080703201903(String)
2019-09-04 04:08:13,959 DEBUG (BaseJdbcLogger.java:143)- ====>  Preparing: select id, dong, floor, room, sex, number, rent,hasnumber from dormitory where id = ? 
2019-09-04 04:08:13,960 DEBUG (BaseJdbcLogger.java:143)- ====> Parameters: 83(Integer)
2019-09-04 04:08:13,961 DEBUG (BaseJdbcLogger.java:143)- <====      Total: 1
2019-09-04 04:08:13,962 DEBUG (BaseJdbcLogger.java:143)- ====>  Preparing: select id, dong, floor, room, sex, number, rent,hasnumber from dormitory where id = ? 
2019-09-04 04:08:13,963 DEBUG (BaseJdbcLogger.java:143)- ====> Parameters: 84(Integer)
2019-09-04 04:08:13,964 DEBUG (BaseJdbcLogger.java:143)- <====      Total: 1
2019-09-04 04:08:13,965 DEBUG (BaseJdbcLogger.java:143)- ====>  Preparing: select id, dong, floor, room, sex, number, rent,hasnumber from dormitory where id = ? 
2019-09-04 04:08:13,965 DEBUG (BaseJdbcLogger.java:143)- ====> Parameters: 85(Integer)
2019-09-04 04:08:13,966 DEBUG (BaseJdbcLogger.java:143)- <====      Total: 1
2019-09-04 04:08:13,967 DEBUG (BaseJdbcLogger.java:143)- ====>  Preparing: select id, dong, floor, room, sex, number, rent,hasnumber from dormitory where id = ? 
2019-09-04 04:08:13,968 DEBUG (BaseJdbcLogger.java:143)- ====> Parameters: 86(Integer)
2019-09-04 04:08:13,969 DEBUG (BaseJdbcLogger.java:143)- <====      Total: 1
2019-09-04 04:08:13,970 DEBUG (BaseJdbcLogger.java:143)- ====>  Preparing: select id, dong, floor, room, sex, number, rent,hasnumber from dormitory where id = ? 
2019-09-04 04:08:13,971 DEBUG (BaseJdbcLogger.java:143)- ====> Parameters: 87(Integer)
2019-09-04 04:08:13,972 DEBUG (BaseJdbcLogger.java:143)- <====      Total: 1
2019-09-04 04:08:13,972 DEBUG (BaseJdbcLogger.java:143)- <==      Total: 5
2019-09-04 04:08:13,973 DEBUG (BaseJdbcLogger.java:143)- ==>  Preparing: select student_status.id,student_status.basic_id, student_status.student_id, student_status.class_id from student_status,student_basic where student_status.basic_id=student_basic.id and student_basic.sex=? and student_status.class_id=? 
2019-09-04 04:08:13,973 DEBUG (BaseJdbcLogger.java:143)- ==> Parameters: 男(String), 082803201901(String)
2019-09-04 04:08:13,976 DEBUG (BaseJdbcLogger.java:143)- ====>  Preparing: select id, name, sex, birthday, phone, ID_number, email, parent_phone, adress, major, state from student_basic where id = ? 
2019-09-04 04:08:13,976 DEBUG (BaseJdbcLogger.java:143)- ====> Parameters: 19481(String)
2019-09-04 04:08:13,978 DEBUG (BaseJdbcLogger.java:143)- <====      Total: 1
2019-09-04 04:08:13,978 DEBUG (BaseJdbcLogger.java:143)- ====>  Preparing: select id, class_id, name, director, grade, major_id from class where class_id = ? 
2019-09-04 04:08:13,979 DEBUG (BaseJdbcLogger.java:143)- ====> Parameters: 082803201901(String)
2019-09-04 04:08:13,981 DEBUG (BaseJdbcLogger.java:143)- ======>  Preparing: select id, major_id, name, price, department_id from major where major_id = ? 
2019-09-04 04:08:13,981 DEBUG (BaseJdbcLogger.java:143)- ======> Parameters: 082803(String)
2019-09-04 04:08:13,983 DEBUG (BaseJdbcLogger.java:143)- <======      Total: 1
2019-09-04 04:08:13,984 DEBUG (BaseJdbcLogger.java:143)- <====      Total: 1
2019-09-04 04:08:13,984 DEBUG (BaseJdbcLogger.java:143)- ====>  Preparing: select id, name, sex, birthday, phone, ID_number, email, parent_phone, adress, major, state from student_basic where id = ? 
2019-09-04 04:08:13,984 DEBUG (BaseJdbcLogger.java:143)- ====> Parameters: 19483(String)
2019-09-04 04:08:13,985 DEBUG (BaseJdbcLogger.java:143)- <====      Total: 1
2019-09-04 04:08:13,986 DEBUG (BaseJdbcLogger.java:143)- ====>  Preparing: select id, name, sex, birthday, phone, ID_number, email, parent_phone, adress, major, state from student_basic where id = ? 
2019-09-04 04:08:13,987 DEBUG (BaseJdbcLogger.java:143)- ====> Parameters: 19485(String)
2019-09-04 04:08:13,988 DEBUG (BaseJdbcLogger.java:143)- <====      Total: 1
2019-09-04 04:08:13,989 DEBUG (BaseJdbcLogger.java:143)- ====>  Preparing: select id, name, sex, birthday, phone, ID_number, email, parent_phone, adress, major, state from student_basic where id = ? 
2019-09-04 04:08:13,989 DEBUG (BaseJdbcLogger.java:143)- ====> Parameters: 19486(String)
2019-09-04 04:08:13,990 DEBUG (BaseJdbcLogger.java:143)- <====      Total: 1
2019-09-04 04:08:13,991 DEBUG (BaseJdbcLogger.java:143)- ====>  Preparing: select id, name, sex, birthday, phone, ID_number, email, parent_phone, adress, major, state from student_basic where id = ? 
2019-09-04 04:08:13,992 DEBUG (BaseJdbcLogger.java:143)- ====> Parameters: 19487(String)
2019-09-04 04:08:13,993 DEBUG (BaseJdbcLogger.java:143)- <====      Total: 1
2019-09-04 04:08:13,993 DEBUG (BaseJdbcLogger.java:143)- ====>  Preparing: select id, name, sex, birthday, phone, ID_number, email, parent_phone, adress, major, state from student_basic where id = ? 
2019-09-04 04:08:13,994 DEBUG (BaseJdbcLogger.java:143)- ====> Parameters: 19488(String)
2019-09-04 04:08:13,995 DEBUG (BaseJdbcLogger.java:143)- <====      Total: 1
2019-09-04 04:08:13,996 DEBUG (BaseJdbcLogger.java:143)- ====>  Preparing: select id, name, sex, birthday, phone, ID_number, email, parent_phone, adress, major, state from student_basic where id = ? 
2019-09-04 04:08:13,996 DEBUG (BaseJdbcLogger.java:143)- ====> Parameters: 19489(String)
2019-09-04 04:08:13,997 DEBUG (BaseJdbcLogger.java:143)- <====      Total: 1
2019-09-04 04:08:13,998 DEBUG (BaseJdbcLogger.java:143)- ====>  Preparing: select id, name, sex, birthday, phone, ID_number, email, parent_phone, adress, major, state from student_basic where id = ? 
2019-09-04 04:08:13,998 DEBUG (BaseJdbcLogger.java:143)- ====> Parameters: 19491(String)
2019-09-04 04:08:13,999 DEBUG (BaseJdbcLogger.java:143)- <====      Total: 1
