2019-09-02 12:38:25,847 DEBUG (BaseJdbcLogger.java:143)- ====> Parameters: 18430(String)
2019-09-02 12:38:25,850 DEBUG (BaseJdbcLogger.java:143)- <====      Total: 1
2019-09-02 12:38:25,850 DEBUG (BaseJdbcLogger.java:143)- ====>  Preparing: select id, name, sex, birthday, phone, ID_number, email, parent_phone, adress, major, state from student_basic where id = ? 
2019-09-02 12:38:25,851 DEBUG (BaseJdbcLogger.java:143)- ====> Parameters: 18434(String)
2019-09-02 12:38:25,851 DEBUG (BaseJdbcLogger.java:143)- <====      Total: 1
2019-09-02 12:38:25,852 DEBUG (BaseJdbcLogger.java:143)- ====>  Preparing: select id, name, sex, birthday, phone, ID_number, email, parent_phone, adress, major, state from student_basic where id = ? 
2019-09-02 12:38:25,852 DEBUG (BaseJdbcLogger.java:143)- ====> Parameters: 18436(String)
2019-09-02 12:38:25,853 DEBUG (BaseJdbcLogger.java:143)- <====      Total: 1
2019-09-02 12:38:25,854 DEBUG (BaseJdbcLogger.java:143)- ====>  Preparing: select id, name, sex, birthday, phone, ID_number, email, parent_phone, adress, major, state from student_basic where id = ? 
2019-09-02 12:38:25,854 DEBUG (BaseJdbcLogger.java:143)- ====> Parameters: 18441(String)
2019-09-02 12:38:25,855 DEBUG (BaseJdbcLogger.java:143)- <====      Total: 1
2019-09-02 12:38:25,856 DEBUG (BaseJdbcLogger.java:143)- ====>  Preparing: select id, name, sex, birthday, phone, ID_number, email, parent_phone, adress, major, state from student_basic where id = ? 
2019-09-02 12:38:25,857 DEBUG (BaseJdbcLogger.java:143)- ====> Parameters: 18442(String)
2019-09-02 12:38:25,858 DEBUG (BaseJdbcLogger.java:143)- <====      Total: 1
2019-09-02 12:38:25,858 DEBUG (BaseJdbcLogger.java:143)- ====>  Preparing: select id, name, sex, birthday, phone, ID_number, email, parent_phone, adress, major, state from student_basic where id = ? 
2019-09-02 12:38:25,859 DEBUG (BaseJdbcLogger.java:143)- ====> Parameters: 18443(String)
2019-09-02 12:38:25,860 DEBUG (BaseJdbcLogger.java:143)- <====      Total: 1
2019-09-02 12:38:25,860 DEBUG (BaseJdbcLogger.java:143)- <==      Total: 15
2019-09-02 12:38:25,861 DEBUG (BaseJdbcLogger.java:143)- ==>  Preparing: select dormitory_allocation.id, dormitory_allocation.class_id, dormitory_allocation.dormitory_id,dormitory_allocation.number from dormitory_allocation,dormitory WHERE dormitory_allocation.dormitory_id=dormitory.id and dormitory.sex=? and class_id = ? 
2019-09-02 12:38:25,861 DEBUG (BaseJdbcLogger.java:143)- ==> Parameters: 男(String), 080702201902(String)
2019-09-02 12:38:25,862 DEBUG (BaseJdbcLogger.java:143)- ====>  Preparing: select id, dong, floor, room, sex, number, rent from dormitory where id = ? 
2019-09-02 12:38:25,863 DEBUG (BaseJdbcLogger.java:143)- ====> Parameters: 58(Integer)
2019-09-02 12:38:25,864 DEBUG (BaseJdbcLogger.java:143)- <====      Total: 1
2019-09-02 12:38:25,865 DEBUG (BaseJdbcLogger.java:143)- ====>  Preparing: select id, dong, floor, room, sex, number, rent from dormitory where id = ? 
2019-09-02 12:38:25,865 DEBUG (BaseJdbcLogger.java:143)- ====> Parameters: 59(Integer)
2019-09-02 12:38:25,866 DEBUG (BaseJdbcLogger.java:143)- <====      Total: 1
2019-09-02 12:38:25,867 DEBUG (BaseJdbcLogger.java:143)- ====>  Preparing: select id, dong, floor, room, sex, number, rent from dormitory where id = ? 
2019-09-02 12:38:25,867 DEBUG (BaseJdbcLogger.java:143)- ====> Parameters: 60(Integer)
2019-09-02 12:38:25,869 DEBUG (BaseJdbcLogger.java:143)- <====      Total: 1
2019-09-02 12:38:25,869 DEBUG (BaseJdbcLogger.java:143)- ====>  Preparing: select id, dong, floor, room, sex, number, rent from dormitory where id = ? 
2019-09-02 12:38:25,870 DEBUG (BaseJdbcLogger.java:143)- ====> Parameters: 61(Integer)
2019-09-02 12:38:25,871 DEBUG (BaseJdbcLogger.java:143)- <====      Total: 1
2019-09-02 12:38:25,872 DEBUG (BaseJdbcLogger.java:143)- ====>  Preparing: select id, dong, floor, room, sex, number, rent from dormitory where id = ? 
2019-09-02 12:38:25,872 DEBUG (BaseJdbcLogger.java:143)- ====> Parameters: 62(Integer)
2019-09-02 12:38:25,873 DEBUG (BaseJdbcLogger.java:143)- <====      Total: 1
2019-09-02 12:38:25,874 DEBUG (BaseJdbcLogger.java:143)- <==      Total: 5
2019-09-02 12:38:25,874 DEBUG (BaseJdbcLogger.java:143)- ==>  Preparing: select dormitory_allocation.id, dormitory_allocation.class_id, dormitory_allocation.dormitory_id,dormitory_allocation.number from dormitory_allocation,dormitory WHERE dormitory_allocation.dormitory_id=dormitory.id and dormitory.sex=? and class_id = ? 
2019-09-02 12:38:25,875 DEBUG (BaseJdbcLogger.java:143)- ==> Parameters: 女(String), 080702201902(String)
2019-09-02 12:38:25,876 DEBUG (BaseJdbcLogger.java:143)- ====>  Preparing: select id, dong, floor, room, sex, number, rent from dormitory where id = ? 
2019-09-02 12:38:25,877 DEBUG (BaseJdbcLogger.java:143)- ====> Parameters: 503(Integer)
2019-09-02 12:38:25,879 DEBUG (BaseJdbcLogger.java:143)- <====      Total: 1
2019-09-02 12:38:25,880 DEBUG (BaseJdbcLogger.java:143)- ====>  Preparing: select id, dong, floor, room, sex, number, rent from dormitory where id = ? 
2019-09-02 12:38:25,880 DEBUG (BaseJdbcLogger.java:143)- ====> Parameters: 504(Integer)
2019-09-02 12:38:25,881 DEBUG (BaseJdbcLogger.java:143)- <====      Total: 1
2019-09-02 12:38:25,881 DEBUG (BaseJdbcLogger.java:143)- ====>  Preparing: select id, dong, floor, room, sex, number, rent from dormitory where id = ? 
2019-09-02 12:38:25,882 DEBUG (BaseJdbcLogger.java:143)- ====> Parameters: 505(Integer)
2019-09-02 12:38:25,882 DEBUG (BaseJdbcLogger.java:143)- <====      Total: 1
2019-09-02 12:38:25,883 DEBUG (BaseJdbcLogger.java:143)- <==      Total: 3
2019-09-02 12:38:25,883 DEBUG (BaseJdbcLogger.java:143)- ==>  Preparing: select student_status.id,student_status.basic_id, student_status.student_id, student_status.class_id from student_status,student_basic where student_status.basic_id=student_basic.id and student_basic.sex=? and student_status.class_id=? 
2019-09-02 12:38:25,883 DEBUG (BaseJdbcLogger.java:143)- ==> Parameters: 男(String), 080702201903(String)
2019-09-02 12:38:25,884 DEBUG (BaseJdbcLogger.java:143)- ====>  Preparing: select id, name, sex, birthday, phone, ID_number, email, parent_phone, adress, major, state from student_basic where id = ? 
2019-09-02 12:38:25,885 DEBUG (BaseJdbcLogger.java:143)- ====> Parameters: 18439(String)
2019-09-02 12:38:25,885 DEBUG (BaseJdbcLogger.java:143)- <====      Total: 1
2019-09-02 12:38:25,886 DEBUG (BaseJdbcLogger.java:143)- ====>  Preparing: select id, class_id, name, director, grade, major_id from class where class_id = ? 
2019-09-02 12:38:25,886 DEBUG (BaseJdbcLogger.java:143)- ====> Parameters: 080702201903(String)
2019-09-02 12:38:25,886 DEBUG (BaseJdbcLogger.java:143)- ======>  Preparing: select id, major_id, name, price, department_id from major where major_id = ? 
2019-09-02 12:38:25,887 DEBUG (BaseJdbcLogger.java:143)- ======> Parameters: 080702(String)
2019-09-02 12:38:25,887 DEBUG (BaseJdbcLogger.java:143)- <======      Total: 1
2019-09-02 12:38:25,888 DEBUG (BaseJdbcLogger.java:143)- <====      Total: 1
2019-09-02 12:38:25,889 DEBUG (BaseJdbcLogger.java:143)- ====>  Preparing: select id, name, sex, birthday, phone, ID_number, email, parent_phone, adress, major, state from student_basic where id = ? 
2019-09-02 12:38:25,889 DEBUG (BaseJdbcLogger.java:143)- ====> Parameters: 18440(String)
2019-09-02 12:38:25,890 DEBUG (BaseJdbcLogger.java:143)- <====      Total: 1
2019-09-02 12:38:25,891 DEBUG (BaseJdbcLogger.java:143)- ====>  Preparing: select id, name, sex, birthday, phone, ID_number, email, parent_phone, adress, major, state from student_basic where id = ? 
2019-09-02 12:38:25,891 DEBUG (BaseJdbcLogger.java:143)- ====> Parameters: 18444(String)
2019-09-02 12:38:25,892 DEBUG (BaseJdbcLogger.java:143)- <====      Total: 1
2019-09-02 12:38:25,892 DEBUG (BaseJdbcLogger.java:143)- ====>  Preparing: select id, name, sex, birthday, phone, ID_number, email, parent_phone, adress, major, state from student_basic where id = ? 
2019-09-02 12:38:25,892 DEBUG (BaseJdbcLogger.java:143)- ====> Parameters: 18447(String)
2019-09-02 12:38:25,893 DEBUG (BaseJdbcLogger.java:143)- <====      Total: 1
2019-09-02 12:38:25,893 DEBUG (BaseJdbcLogger.java:143)- ====>  Preparing: select id, name, sex, birthday, phone, ID_number, email, parent_phone, adress, major, state from student_basic where id = ? 
2019-09-02 12:38:25,894 DEBUG (BaseJdbcLogger.java:143)- ====> Parameters: 18450(String)
2019-09-02 12:38:25,894 DEBUG (BaseJdbcLogger.java:143)- <====      Total: 1
2019-09-02 12:38:25,895 DEBUG (BaseJdbcLogger.java:143)- ====>  Preparing: select id, name, sex, birthday, phone, ID_number, email, parent_phone, adress, major, state from student_basic where id = ? 
2019-09-02 12:38:25,895 DEBUG (BaseJdbcLogger.java:143)- ====> Parameters: 18451(String)
2019-09-02 12:38:25,896 DEBUG (BaseJdbcLogger.java:143)- <====      Total: 1
2019-09-02 12:38:25,896 DEBUG (BaseJdbcLogger.java:143)- ====>  Preparing: select id, name, sex, birthday, phone, ID_number, email, parent_phone, adress, major, state from student_basic where id = ? 
2019-09-02 12:38:25,896 DEBUG (BaseJdbcLogger.java:143)- ====> Parameters: 18452(String)
2019-09-02 12:38:25,897 DEBUG (BaseJdbcLogger.java:143)- <====      Total: 1
2019-09-02 12:38:25,897 DEBUG (BaseJdbcLogger.java:143)- ====>  Preparing: select id, name, sex, birthday, phone, ID_number, email, parent_phone, adress, major, state from student_basic where id = ? 
2019-09-02 12:38:25,898 DEBUG (BaseJdbcLogger.java:143)- ====> Parameters: 18456(String)
2019-09-02 12:38:25,898 DEBUG (BaseJdbcLogger.java:143)- <====      Total: 1
2019-09-02 12:38:25,899 DEBUG (BaseJdbcLogger.java:143)- ====>  Preparing: select id, name, sex, birthday, phone, ID_number, email, parent_phone, adress, major, state from student_basic where id = ? 
2019-09-02 12:38:25,899 DEBUG (BaseJdbcLogger.java:143)- ====> Parameters: 18457(String)
2019-09-02 12:38:25,900 DEBUG (BaseJdbcLogger.java:143)- <====      Total: 1
2019-09-02 12:38:25,900 DEBUG (BaseJdbcLogger.java:143)- ====>  Preparing: select id, name, sex, birthday, phone, ID_number, email, parent_phone, adress, major, state from student_basic where id = ? 
2019-09-02 12:38:25,900 DEBUG (BaseJdbcLogger.java:143)- ====> Parameters: 18458(String)
2019-09-02 12:38:25,901 DEBUG (BaseJdbcLogger.java:143)- <====      Total: 1
2019-09-02 12:38:25,901 DEBUG (BaseJdbcLogger.java:143)- ====>  Preparing: select id, name, sex, birthday, phone, ID_number, email, parent_phone, adress, major, state from student_basic where id = ? 
2019-09-02 12:38:25,902 DEBUG (BaseJdbcLogger.java:143)- ====> Parameters: 18459(String)
2019-09-02 12:38:25,903 DEBUG (BaseJdbcLogger.java:143)- <====      Total: 1
2019-09-02 12:38:25,903 DEBUG (BaseJdbcLogger.java:143)- ====>  Preparing: select id, name, sex, birthday, phone, ID_number, email, parent_phone, adress, major, state from student_basic where id = ? 
2019-09-02 12:38:25,904 DEBUG (BaseJdbcLogger.java:143)- ====> Parameters: 18461(String)
2019-09-02 12:38:25,904 DEBUG (BaseJdbcLogger.java:143)- <====      Total: 1
2019-09-02 12:38:25,905 DEBUG (BaseJdbcLogger.java:143)- ====>  Preparing: select id, name, sex, birthday, phone, ID_number, email, parent_phone, adress, major, state from student_basic where id = ? 
2019-09-02 12:38:25,905 DEBUG (BaseJdbcLogger.java:143)- ====> Parameters: 18463(String)
2019-09-02 12:38:25,906 DEBUG (BaseJdbcLogger.java:143)- <====      Total: 1
2019-09-02 12:38:25,907 DEBUG (BaseJdbcLogger.java:143)- ====>  Preparing: select id, name, sex, birthday, phone, ID_number, email, parent_phone, adress, major, state from student_basic where id = ? 
2019-09-02 12:38:25,907 DEBUG (BaseJdbcLogger.java:143)- ====> Parameters: 18464(String)
2019-09-02 12:38:25,908 DEBUG (BaseJdbcLogger.java:143)- <====      Total: 1
2019-09-02 12:38:25,908 DEBUG (BaseJdbcLogger.java:143)- ====>  Preparing: select id, name, sex, birthday, phone, ID_number, email, parent_phone, adress, major, state from student_basic where id = ? 
2019-09-02 12:38:25,908 DEBUG (BaseJdbcLogger.java:143)- ====> Parameters: 18465(String)
2019-09-02 12:38:25,909 DEBUG (BaseJdbcLogger.java:143)- <====      Total: 1
2019-09-02 12:38:25,909 DEBUG (BaseJdbcLogger.java:143)- ====>  Preparing: select id, name, sex, birthday, phone, ID_number, email, parent_phone, adress, major, state from student_basic where id = ? 
2019-09-02 12:38:25,910 DEBUG (BaseJdbcLogger.java:143)- ====> Parameters: 18466(String)
2019-09-02 12:38:25,911 DEBUG (BaseJdbcLogger.java:143)- <====      Total: 1
2019-09-02 12:38:25,911 DEBUG (BaseJdbcLogger.java:143)- ====>  Preparing: select id, name, sex, birthday, phone, ID_number, email, parent_phone, adress, major, state from student_basic where id = ? 
2019-09-02 12:38:25,911 DEBUG (BaseJdbcLogger.java:143)- ====> Parameters: 18467(String)
2019-09-02 12:38:25,912 DEBUG (BaseJdbcLogger.java:143)- <====      Total: 1
2019-09-02 12:38:25,913 DEBUG (BaseJdbcLogger.java:143)- ====>  Preparing: select id, name, sex, birthday, phone, ID_number, email, parent_phone, adress, major, state from student_basic where id = ? 
2019-09-02 12:38:25,913 DEBUG (BaseJdbcLogger.java:143)- ====> Parameters: 18468(String)
2019-09-02 12:38:25,914 DEBUG (BaseJdbcLogger.java:143)- <====      Total: 1
2019-09-02 12:38:25,914 DEBUG (BaseJdbcLogger.java:143)- ====>  Preparing: select id, name, sex, birthday, phone, ID_number, email, parent_phone, adress, major, state from student_basic where id = ? 
2019-09-02 12:38:25,914 DEBUG (BaseJdbcLogger.java:143)- ====> Parameters: 18469(String)
2019-09-02 12:38:25,915 DEBUG (BaseJdbcLogger.java:143)- <====      Total: 1
2019-09-02 12:38:25,915 DEBUG (BaseJdbcLogger.java:143)- ====>  Preparing: select id, name, sex, birthday, phone, ID_number, email, parent_phone, adress, major, state from student_basic where id = ? 
2019-09-02 12:38:25,916 DEBUG (BaseJdbcLogger.java:143)- ====> Parameters: 18472(String)
2019-09-02 12:38:25,916 DEBUG (BaseJdbcLogger.java:143)- <====      Total: 1
2019-09-02 12:38:25,917 DEBUG (BaseJdbcLogger.java:143)- ====>  Preparing: select id, name, sex, birthday, phone, ID_number, email, parent_phone, adress, major, state from student_basic where id = ? 
2019-09-02 12:38:25,917 DEBUG (BaseJdbcLogger.java:143)- ====> Parameters: 18473(String)
2019-09-02 12:38:25,918 DEBUG (BaseJdbcLogger.java:143)- <====      Total: 1
2019-09-02 12:38:25,919 DEBUG (BaseJdbcLogger.java:143)- ====>  Preparing: select id, name, sex, birthday, phone, ID_number, email, parent_phone, adress, major, state from student_basic where id = ? 
2019-09-02 12:38:25,920 DEBUG (BaseJdbcLogger.java:143)- ====> Parameters: 18474(String)
2019-09-02 12:38:25,921 DEBUG (BaseJdbcLogger.java:143)- <====      Total: 1
2019-09-02 12:38:25,921 DEBUG (BaseJdbcLogger.java:143)- ====>  Preparing: select id, name, sex, birthday, phone, ID_number, email, parent_phone, adress, major, state from student_basic where id = ? 
2019-09-02 12:38:25,922 DEBUG (BaseJdbcLogger.java:143)- ====> Parameters: 18477(String)
2019-09-02 12:38:25,923 DEBUG (BaseJdbcLogger.java:143)- <====      Total: 1
2019-09-02 12:38:25,923 DEBUG (BaseJdbcLogger.java:143)- ====>  Preparing: select id, name, sex, birthday, phone, ID_number, email, parent_phone, adress, major, state from student_basic where id = ? 
2019-09-02 12:38:25,923 DEBUG (BaseJdbcLogger.java:143)- ====> Parameters: 18479(String)
2019-09-02 12:38:25,924 DEBUG (BaseJdbcLogger.java:143)- <====      Total: 1
2019-09-02 12:38:25,925 DEBUG (BaseJdbcLogger.java:143)- <==      Total: 24
2019-09-02 12:38:25,925 DEBUG (BaseJdbcLogger.java:143)- ==>  Preparing: select student_status.id,student_status.basic_id, student_status.student_id, student_status.class_id from student_status,student_basic where student_status.basic_id=student_basic.id and student_basic.sex=? and student_status.class_id=? 
2019-09-02 12:38:25,925 DEBUG (BaseJdbcLogger.java:143)- ==> Parameters: 女(String), 080702201903(String)
2019-09-02 12:38:25,926 DEBUG (BaseJdbcLogger.java:143)- ====>  Preparing: select id, name, sex, birthday, phone, ID_number, email, parent_phone, adress, major, state from student_basic where id = ? 
2019-09-02 12:38:25,927 DEBUG (BaseJdbcLogger.java:143)- ====> Parameters: 18445(String)
2019-09-02 12:38:25,928 DEBUG (BaseJdbcLogger.java:143)- <====      Total: 1
2019-09-02 12:38:25,929 DEBUG (BaseJdbcLogger.java:143)- ====>  Preparing: select id, class_id, name, director, grade, major_id from class where class_id = ? 
2019-09-02 12:38:25,929 DEBUG (BaseJdbcLogger.java:143)- ====> Parameters: 080702201903(String)
2019-09-02 12:38:25,930 DEBUG (BaseJdbcLogger.java:143)- ======>  Preparing: select id, major_id, name, price, department_id from major where major_id = ? 
2019-09-02 12:38:25,931 DEBUG (BaseJdbcLogger.java:143)- ======> Parameters: 080702(String)
2019-09-02 12:38:25,932 DEBUG (BaseJdbcLogger.java:143)- <======      Total: 1
2019-09-02 12:38:25,932 DEBUG (BaseJdbcLogger.java:143)- <====      Total: 1
2019-09-02 12:38:25,933 DEBUG (BaseJdbcLogger.java:143)- ====>  Preparing: select id, name, sex, birthday, phone, ID_number, email, parent_phone, adress, major, state from student_basic where id = ? 
2019-09-02 12:38:25,933 DEBUG (BaseJdbcLogger.java:143)- ====> Parameters: 18446(String)
2019-09-02 12:38:25,934 DEBUG (BaseJdbcLogger.java:143)- <====      Total: 1
2019-09-02 12:38:25,935 DEBUG (BaseJdbcLogger.java:143)- ====>  Preparing: select id, name, sex, birthday, phone, ID_number, email, parent_phone, adress, major, state from student_basic where id = ? 
2019-09-02 12:38:25,936 DEBUG (BaseJdbcLogger.java:143)- ====> Parameters: 18448(String)
2019-09-02 12:38:25,942 DEBUG (BaseJdbcLogger.java:143)- <====      Total: 1
2019-09-02 12:38:25,942 DEBUG (BaseJdbcLogger.java:143)- ====>  Preparing: select id, name, sex, birthday, phone, ID_number, email, parent_phone, adress, major, state from student_basic where id = ? 
2019-09-02 12:38:25,943 DEBUG (BaseJdbcLogger.java:143)- ====> Parameters: 18449(String)
2019-09-02 12:38:25,943 DEBUG (BaseJdbcLogger.java:143)- <====      Total: 1
2019-09-02 12:38:25,944 DEBUG (BaseJdbcLogger.java:143)- ====>  Preparing: select id, name, sex, birthday, phone, ID_number, email, parent_phone, adress, major, state from student_basic where id = ? 
2019-09-02 12:38:25,944 DEBUG (BaseJdbcLogger.java:143)- ====> Parameters: 18453(String)
2019-09-02 12:38:25,945 DEBUG (BaseJdbcLogger.java:143)- <====      Total: 1
2019-09-02 12:38:25,945 DEBUG (BaseJdbcLogger.java:143)- ====>  Preparing: select id, name, sex, birthday, phone, ID_number, email, parent_phone, adress, major, state from student_basic where id = ? 
2019-09-02 12:38:25,946 DEBUG (BaseJdbcLogger.java:143)- ====> Parameters: 18454(String)
2019-09-02 12:38:25,946 DEBUG (BaseJdbcLogger.java:143)- <====      Total: 1
2019-09-02 12:38:25,947 DEBUG (BaseJdbcLogger.java:143)- ====>  Preparing: select id, name, sex, birthday, phone, ID_number, email, parent_phone, adress, major, state from student_basic where id = ? 
2019-09-02 12:38:25,947 DEBUG (BaseJdbcLogger.java:143)- ====> Parameters: 18455(String)
2019-09-02 12:38:25,948 DEBUG (BaseJdbcLogger.java:143)- <====      Total: 1
2019-09-02 12:38:25,948 DEBUG (BaseJdbcLogger.java:143)- ====>  Preparing: select id, name, sex, birthday, phone, ID_number, email, parent_phone, adress, major, state from student_basic where id = ? 
2019-09-02 12:38:25,949 DEBUG (BaseJdbcLogger.java:143)- ====> Parameters: 18460(String)
2019-09-02 12:38:25,949 DEBUG (BaseJdbcLogger.java:143)- <====      Total: 1
2019-09-02 12:38:25,950 DEBUG (BaseJdbcLogger.java:143)- ====>  Preparing: select id, name, sex, birthday, phone, ID_number, email, parent_phone, adress, major, state from student_basic where id = ? 
2019-09-02 12:38:25,950 DEBUG (BaseJdbcLogger.java:143)- ====> Parameters: 18462(String)
2019-09-02 12:38:25,951 DEBUG (BaseJdbcLogger.java:143)- <====      Total: 1
2019-09-02 12:38:25,951 DEBUG (BaseJdbcLogger.java:143)- ====>  Preparing: select id, name, sex, birthday, phone, ID_number, email, parent_phone, adress, major, state from student_basic where id = ? 
2019-09-02 12:38:25,952 DEBUG (BaseJdbcLogger.java:143)- ====> Parameters: 18470(String)
2019-09-02 12:38:25,953 DEBUG (BaseJdbcLogger.java:143)- <====      Total: 1
2019-09-02 12:38:25,953 DEBUG (BaseJdbcLogger.java:143)- ====>  Preparing: select id, name, sex, birthday, phone, ID_number, email, parent_phone, adress, major, state from student_basic where id = ? 
2019-09-02 12:38:25,953 DEBUG (BaseJdbcLogger.java:143)- ====> Parameters: 18471(String)
2019-09-02 12:38:25,954 DEBUG (BaseJdbcLogger.java:143)- <====      Total: 1
2019-09-02 12:38:25,954 DEBUG (BaseJdbcLogger.java:143)- ====>  Preparing: select id, name, sex, birthday, phone, ID_number, email, parent_phone, adress, major, state from student_basic where id = ? 
2019-09-02 12:38:25,954 DEBUG (BaseJdbcLogger.java:143)- ====> Parameters: 18475(String)
2019-09-02 12:38:25,955 DEBUG (BaseJdbcLogger.java:143)- <====      Total: 1
2019-09-02 12:38:25,956 DEBUG (BaseJdbcLogger.java:143)- ====>  Preparing: select id, name, sex, birthday, phone, ID_number, email, parent_phone, adress, major, state from student_basic where id = ? 
2019-09-02 12:38:25,956 DEBUG (BaseJdbcLogger.java:143)- ====> Parameters: 18476(String)
2019-09-02 12:38:25,957 DEBUG (BaseJdbcLogger.java:143)- <====      Total: 1
2019-09-02 12:38:25,957 DEBUG (BaseJdbcLogger.java:143)- ====>  Preparing: select id, name, sex, birthday, phone, ID_number, email, parent_phone, adress, major, state from student_basic where id = ? 
2019-09-02 12:38:25,957 DEBUG (BaseJdbcLogger.java:143)- ====> Parameters: 18478(String)
2019-09-02 12:38:25,958 DEBUG (BaseJdbcLogger.java:143)- <====      Total: 1
2019-09-02 12:38:25,958 DEBUG (BaseJdbcLogger.java:143)- <==      Total: 14
2019-09-02 12:38:25,959 DEBUG (BaseJdbcLogger.java:143)- ==>  Preparing: select dormitory_allocation.id, dormitory_allocation.class_id, dormitory_allocation.dormitory_id,dormitory_allocation.number from dormitory_allocation,dormitory WHERE dormitory_allocation.dormitory_id=dormitory.id and dormitory.sex=? and class_id = ? 
2019-09-02 12:38:25,959 DEBUG (BaseJdbcLogger.java:143)- ==> Parameters: 男(String), 080702201903(String)
2019-09-02 12:38:25,960 DEBUG (BaseJdbcLogger.java:143)- ====>  Preparing: select id, dong, floor, room, sex, number, rent from dormitory where id = ? 
2019-09-02 12:38:25,960 DEBUG (BaseJdbcLogger.java:143)- ====> Parameters: 63(Integer)
2019-09-02 12:38:25,961 DEBUG (BaseJdbcLogger.java:143)- <====      Total: 1
2019-09-02 12:38:25,962 DEBUG (BaseJdbcLogger.java:143)- ====>  Preparing: select id, dong, floor, room, sex, number, rent from dormitory where id = ? 
2019-09-02 12:38:25,962 DEBUG (BaseJdbcLogger.java:143)- ====> Parameters: 64(Integer)
2019-09-02 12:38:25,963 DEBUG (BaseJdbcLogger.java:143)- <====      Total: 1
2019-09-02 12:38:25,963 DEBUG (BaseJdbcLogger.java:143)- ====>  Preparing: select id, dong, floor, room, sex, number, rent from dormitory where id = ? 
2019-09-02 12:38:25,964 DEBUG (BaseJdbcLogger.java:143)- ====> Parameters: 65(Integer)
2019-09-02 12:38:25,964 DEBUG (BaseJdbcLogger.java:143)- <====      Total: 1
2019-09-02 12:38:25,965 DEBUG (BaseJdbcLogger.java:143)- ====>  Preparing: select id, dong, floor, room, sex, number, rent from dormitory where id = ? 
2019-09-02 12:38:25,965 DEBUG (BaseJdbcLogger.java:143)- ====> Parameters: 66(Integer)
2019-09-02 12:38:25,966 DEBUG (BaseJdbcLogger.java:143)- <====      Total: 1
2019-09-02 12:38:25,966 DEBUG (BaseJdbcLogger.java:143)- ====>  Preparing: select id, dong, floor, room, sex, number, rent from dormitory where id = ? 
2019-09-02 12:38:25,966 DEBUG (BaseJdbcLogger.java:143)- ====> Parameters: 67(Integer)
2019-09-02 12:38:25,967 DEBUG (BaseJdbcLogger.java:143)- <====      Total: 1
2019-09-02 12:38:25,967 DEBUG (BaseJdbcLogger.java:143)- <==      Total: 5
2019-09-02 12:38:25,967 DEBUG (BaseJdbcLogger.java:143)- ==>  Preparing: select dormitory_allocation.id, dormitory_allocation.class_id, dormitory_allocation.dormitory_id,dormitory_allocation.number from dormitory_allocation,dormitory WHERE dormitory_allocation.dormitory_id=dormitory.id and dormitory.sex=? and class_id = ? 
2019-09-02 12:38:25,968 DEBUG (BaseJdbcLogger.java:143)- ==> Parameters: 女(String), 080702201903(String)
2019-09-02 12:38:25,969 DEBUG (BaseJdbcLogger.java:143)- ====>  Preparing: select id, dong, floor, room, sex, number, rent from dormitory where id = ? 
2019-09-02 12:38:25,969 DEBUG (BaseJdbcLogger.java:143)- ====> Parameters: 506(Integer)
2019-09-02 12:38:25,970 DEBUG (BaseJdbcLogger.java:143)- <====      Total: 1
2019-09-02 12:38:25,971 DEBUG (BaseJdbcLogger.java:143)- ====>  Preparing: select id, dong, floor, room, sex, number, rent from dormitory where id = ? 
2019-09-02 12:38:25,971 DEBUG (BaseJdbcLogger.java:143)- ====> Parameters: 507(Integer)
2019-09-02 12:38:25,972 DEBUG (BaseJdbcLogger.java:143)- <====      Total: 1
2019-09-02 12:38:25,973 DEBUG (BaseJdbcLogger.java:143)- ====>  Preparing: select id, dong, floor, room, sex, number, rent from dormitory where id = ? 
2019-09-02 12:38:25,974 DEBUG (BaseJdbcLogger.java:143)- ====> Parameters: 508(Integer)
2019-09-02 12:38:25,975 DEBUG (BaseJdbcLogger.java:143)- <====      Total: 1
2019-09-02 12:38:25,975 DEBUG (BaseJdbcLogger.java:143)- <==      Total: 3
2019-09-02 12:38:25,976 DEBUG (BaseJdbcLogger.java:143)- ==>  Preparing: select student_status.id,student_status.basic_id, student_status.student_id, student_status.class_id from student_status,student_basic where student_status.basic_id=student_basic.id and student_basic.sex=? and student_status.class_id=? 
2019-09-02 12:38:25,976 DEBUG (BaseJdbcLogger.java:143)- ==> Parameters: 男(String), 080901201901(String)
2019-09-02 12:38:25,978 DEBUG (BaseJdbcLogger.java:143)- ====>  Preparing: select id, name, sex, birthday, phone, ID_number, email, parent_phone, adress, major, state from student_basic where id = ? 
2019-09-02 12:38:25,979 DEBUG (BaseJdbcLogger.java:143)- ====> Parameters: 18002(String)
2019-09-02 12:38:25,979 DEBUG (BaseJdbcLogger.java:143)- <====      Total: 1
2019-09-02 12:38:25,980 DEBUG (BaseJdbcLogger.java:143)- ====>  Preparing: select id, class_id, name, director, grade, major_id from class where class_id = ? 
2019-09-02 12:38:25,980 DEBUG (BaseJdbcLogger.java:143)- ====> Parameters: 080901201901(String)
2019-09-02 12:38:25,981 DEBUG (BaseJdbcLogger.java:143)- ======>  Preparing: select id, major_id, name, price, department_id from major where major_id = ? 
2019-09-02 12:38:25,981 DEBUG (BaseJdbcLogger.java:143)- ======> Parameters: 080901(String)
2019-09-02 12:38:25,982 DEBUG (BaseJdbcLogger.java:143)- <======      Total: 1
2019-09-02 12:38:25,982 DEBUG (BaseJdbcLogger.java:143)- <====      Total: 1
2019-09-02 12:38:25,983 DEBUG (BaseJdbcLogger.java:143)- ====>  Preparing: select id, name, sex, birthday, phone, ID_number, email, parent_phone, adress, major, state from student_basic where id = ? 
2019-09-02 12:38:25,983 DEBUG (BaseJdbcLogger.java:143)- ====> Parameters: 18003(String)
2019-09-02 12:38:25,983 DEBUG (BaseJdbcLogger.java:143)- <====      Total: 1
2019-09-02 12:38:25,984 DEBUG (BaseJdbcLogger.java:143)- ====>  Preparing: select id, name, sex, birthday, phone, ID_number, email, parent_phone, adress, major, state from student_basic where id = ? 
2019-09-02 12:38:25,984 DEBUG (BaseJdbcLogger.java:143)- ====> Parameters: 18006(String)
2019-09-02 12:38:25,985 DEBUG (BaseJdbcLogger.java:143)- <====      Total: 1
2019-09-02 12:38:25,985 DEBUG (BaseJdbcLogger.java:143)- ====>  Preparing: select id, name, sex, birthday, phone, ID_number, email, parent_phone, adress, major, state from student_basic where id = ? 
2019-09-02 12:38:25,986 DEBUG (BaseJdbcLogger.java:143)- ====> Parameters: 18007(String)
2019-09-02 12:38:25,986 DEBUG (BaseJdbcLogger.java:143)- <====      Total: 1
2019-09-02 12:38:25,987 DEBUG (BaseJdbcLogger.java:143)- ====>  Preparing: select id, name, sex, birthday, phone, ID_number, email, parent_phone, adress, major, state from student_basic where id = ? 
2019-09-02 12:38:25,988 DEBUG (BaseJdbcLogger.java:143)- ====> Parameters: 18009(String)
2019-09-02 12:38:25,995 DEBUG (BaseJdbcLogger.java:143)- <====      Total: 1
2019-09-02 12:38:25,996 DEBUG (BaseJdbcLogger.java:143)- ====>  Preparing: select id, name, sex, birthday, phone, ID_number, email, parent_phone, adress, major, state from student_basic where id = ? 
2019-09-02 12:38:25,996 DEBUG (BaseJdbcLogger.java:143)- ====> Parameters: 18012(String)
2019-09-02 12:38:25,997 DEBUG (BaseJdbcLogger.java:143)- <====      Total: 1
2019-09-02 12:38:25,998 DEBUG (BaseJdbcLogger.java:143)- ====>  Preparing: select id, name, sex, birthday, phone, ID_number, email, parent_phone, adress, major, state from student_basic where id = ? 
2019-09-02 12:38:25,998 DEBUG (BaseJdbcLogger.java:143)- ====> Parameters: 18016(String)
2019-09-02 12:38:25,999 DEBUG (BaseJdbcLogger.java:143)- <====      Total: 1
2019-09-02 12:38:26,000 DEBUG (BaseJdbcLogger.java:143)- ====>  Preparing: select id, name, sex, birthday, phone, ID_number, email, parent_phone, adress, major, state from student_basic where id = ? 
2019-09-02 12:38:26,000 DEBUG (BaseJdbcLogger.java:143)- ====> Parameters: 18019(String)
2019-09-02 12:38:26,001 DEBUG (BaseJdbcLogger.java:143)- <====      Total: 1
2019-09-02 12:38:26,001 DEBUG (BaseJdbcLogger.java:143)- ====>  Preparing: select id, name, sex, birthday, phone, ID_number, email, parent_phone, adress, major, state from student_basic where id = ? 
2019-09-02 12:38:26,001 DEBUG (BaseJdbcLogger.java:143)- ====> Parameters: 18021(String)
2019-09-02 12:38:26,002 DEBUG (BaseJdbcLogger.java:143)- <====      Total: 1
2019-09-02 12:38:26,002 DEBUG (BaseJdbcLogger.java:143)- ====>  Preparing: select id, name, sex, birthday, phone, ID_number, email, parent_phone, adress, major, state from student_basic where id = ? 
2019-09-02 12:38:26,003 DEBUG (BaseJdbcLogger.java:143)- ====> Parameters: 18022(String)
2019-09-02 12:38:26,003 DEBUG (BaseJdbcLogger.java:143)- <====      Total: 1
2019-09-02 12:38:26,004 DEBUG (BaseJdbcLogger.java:143)- ====>  Preparing: select id, name, sex, birthday, phone, ID_number, email, parent_phone, adress, major, state from student_basic where id = ? 
2019-09-02 12:38:26,004 DEBUG (BaseJdbcLogger.java:143)- ====> Parameters: 18024(String)
2019-09-02 12:38:26,005 DEBUG (BaseJdbcLogger.java:143)- <====      Total: 1
2019-09-02 12:38:26,005 DEBUG (BaseJdbcLogger.java:143)- ====>  Preparing: select id, name, sex, birthday, phone, ID_number, email, parent_phone, adress, major, state from student_basic where id = ? 
2019-09-02 12:38:26,005 DEBUG (BaseJdbcLogger.java:143)- ====> Parameters: 18027(String)
2019-09-02 12:38:26,006 DEBUG (BaseJdbcLogger.java:143)- <====      Total: 1
2019-09-02 12:38:26,006 DEBUG (BaseJdbcLogger.java:143)- ====>  Preparing: select id, name, sex, birthday, phone, ID_number, email, parent_phone, adress, major, state from student_basic where id = ? 
2019-09-02 12:38:26,007 DEBUG (BaseJdbcLogger.java:143)- ====> Parameters: 18029(String)
