2019-09-04 03:57:15,025 DEBUG (BaseJdbcLogger.java:143)- ====> Parameters: 19524(String)
2019-09-04 03:57:15,028 DEBUG (BaseJdbcLogger.java:143)- <====      Total: 1
2019-09-04 03:57:15,028 DEBUG (BaseJdbcLogger.java:143)- ====>  Preparing: select id, name, sex, birthday, phone, ID_number, email, parent_phone, adress, major, state from student_basic where id = ? 
2019-09-04 03:57:15,028 DEBUG (BaseJdbcLogger.java:143)- ====> Parameters: 19528(String)
2019-09-04 03:57:15,030 DEBUG (BaseJdbcLogger.java:143)- <====      Total: 1
2019-09-04 03:57:15,030 DEBUG (BaseJdbcLogger.java:143)- ====>  Preparing: select id, name, sex, birthday, phone, ID_number, email, parent_phone, adress, major, state from student_basic where id = ? 
2019-09-04 03:57:15,030 DEBUG (BaseJdbcLogger.java:143)- ====> Parameters: 19532(String)
2019-09-04 03:57:15,031 DEBUG (BaseJdbcLogger.java:143)- <====      Total: 1
2019-09-04 03:57:15,032 DEBUG (BaseJdbcLogger.java:143)- ====>  Preparing: select id, name, sex, birthday, phone, ID_number, email, parent_phone, adress, major, state from student_basic where id = ? 
2019-09-04 03:57:15,032 DEBUG (BaseJdbcLogger.java:143)- ====> Parameters: 19534(String)
2019-09-04 03:57:15,032 DEBUG (BaseJdbcLogger.java:143)- <====      Total: 1
2019-09-04 03:57:15,033 DEBUG (BaseJdbcLogger.java:143)- ====>  Preparing: select id, name, sex, birthday, phone, ID_number, email, parent_phone, adress, major, state from student_basic where id = ? 
2019-09-04 03:57:15,033 DEBUG (BaseJdbcLogger.java:143)- ====> Parameters: 19535(String)
2019-09-04 03:57:15,034 DEBUG (BaseJdbcLogger.java:143)- <====      Total: 1
2019-09-04 03:57:15,034 DEBUG (BaseJdbcLogger.java:143)- ====>  Preparing: select id, name, sex, birthday, phone, ID_number, email, parent_phone, adress, major, state from student_basic where id = ? 
2019-09-04 03:57:15,034 DEBUG (BaseJdbcLogger.java:143)- ====> Parameters: 19536(String)
2019-09-04 03:57:15,035 DEBUG (BaseJdbcLogger.java:143)- <====      Total: 1
2019-09-04 03:57:15,035 DEBUG (BaseJdbcLogger.java:143)- ====>  Preparing: select id, name, sex, birthday, phone, ID_number, email, parent_phone, adress, major, state from student_basic where id = ? 
2019-09-04 03:57:15,035 DEBUG (BaseJdbcLogger.java:143)- ====> Parameters: 19537(String)
2019-09-04 03:57:15,037 DEBUG (BaseJdbcLogger.java:143)- <====      Total: 1
2019-09-04 03:57:15,037 DEBUG (BaseJdbcLogger.java:143)- ====>  Preparing: select id, name, sex, birthday, phone, ID_number, email, parent_phone, adress, major, state from student_basic where id = ? 
2019-09-04 03:57:15,038 DEBUG (BaseJdbcLogger.java:143)- ====> Parameters: 19539(String)
2019-09-04 03:57:15,039 DEBUG (BaseJdbcLogger.java:143)- <====      Total: 1
2019-09-04 03:57:15,039 DEBUG (BaseJdbcLogger.java:143)- ====>  Preparing: select id, name, sex, birthday, phone, ID_number, email, parent_phone, adress, major, state from student_basic where id = ? 
2019-09-04 03:57:15,040 DEBUG (BaseJdbcLogger.java:143)- ====> Parameters: 19541(String)
2019-09-04 03:57:15,041 DEBUG (BaseJdbcLogger.java:143)- <====      Total: 1
2019-09-04 03:57:15,041 DEBUG (BaseJdbcLogger.java:143)- ====>  Preparing: select id, name, sex, birthday, phone, ID_number, email, parent_phone, adress, major, state from student_basic where id = ? 
2019-09-04 03:57:15,041 DEBUG (BaseJdbcLogger.java:143)- ====> Parameters: 19543(String)
2019-09-04 03:57:15,042 DEBUG (BaseJdbcLogger.java:143)- <====      Total: 1
2019-09-04 03:57:15,042 DEBUG (BaseJdbcLogger.java:143)- <==      Total: 16
2019-09-04 03:57:15,044 DEBUG (BaseJdbcLogger.java:143)- ==>  Preparing: select dormitory_allocation.id, dormitory_allocation.class_id, dormitory_allocation.dormitory_id,dormitory_allocation.number from dormitory_allocation,dormitory WHERE dormitory_allocation.dormitory_id=dormitory.id and dormitory.sex=? and class_id = ? 
2019-09-04 03:57:15,044 DEBUG (BaseJdbcLogger.java:143)- ==> Parameters: 男(String), 082803201902(String)
2019-09-04 03:57:15,045 DEBUG (BaseJdbcLogger.java:143)- <==      Total: 0
2019-09-04 03:57:15,045 DEBUG (BaseJdbcLogger.java:143)- ==>  Preparing: select student_status.id,student_status.basic_id, student_status.student_id, student_status.class_id from student_status,student_basic where student_status.basic_id=student_basic.id and student_basic.sex=? and student_status.class_id=? 
2019-09-04 03:57:15,046 DEBUG (BaseJdbcLogger.java:143)- ==> Parameters: 男(String), 082803201903(String)
2019-09-04 03:57:15,047 DEBUG (BaseJdbcLogger.java:143)- ====>  Preparing: select id, name, sex, birthday, phone, ID_number, email, parent_phone, adress, major, state from student_basic where id = ? 
2019-09-04 03:57:15,047 DEBUG (BaseJdbcLogger.java:143)- ====> Parameters: 19544(String)
2019-09-04 03:57:15,048 DEBUG (BaseJdbcLogger.java:143)- <====      Total: 1
2019-09-04 03:57:15,048 DEBUG (BaseJdbcLogger.java:143)- ====>  Preparing: select id, class_id, name, director, grade, major_id from class where class_id = ? 
2019-09-04 03:57:15,049 DEBUG (BaseJdbcLogger.java:143)- ====> Parameters: 082803201903(String)
2019-09-04 03:57:15,050 DEBUG (BaseJdbcLogger.java:143)- ======>  Preparing: select id, major_id, name, price, department_id from major where major_id = ? 
2019-09-04 03:57:15,050 DEBUG (BaseJdbcLogger.java:143)- ======> Parameters: 082803(String)
2019-09-04 03:57:15,051 DEBUG (BaseJdbcLogger.java:143)- <======      Total: 1
2019-09-04 03:57:15,052 DEBUG (BaseJdbcLogger.java:143)- <====      Total: 1
2019-09-04 03:57:15,052 DEBUG (BaseJdbcLogger.java:143)- ====>  Preparing: select id, name, sex, birthday, phone, ID_number, email, parent_phone, adress, major, state from student_basic where id = ? 
2019-09-04 03:57:15,052 DEBUG (BaseJdbcLogger.java:143)- ====> Parameters: 19545(String)
2019-09-04 03:57:15,053 DEBUG (BaseJdbcLogger.java:143)- <====      Total: 1
2019-09-04 03:57:15,053 DEBUG (BaseJdbcLogger.java:143)- ====>  Preparing: select id, name, sex, birthday, phone, ID_number, email, parent_phone, adress, major, state from student_basic where id = ? 
2019-09-04 03:57:15,053 DEBUG (BaseJdbcLogger.java:143)- ====> Parameters: 19547(String)
2019-09-04 03:57:15,055 DEBUG (BaseJdbcLogger.java:143)- <====      Total: 1
2019-09-04 03:57:15,055 DEBUG (BaseJdbcLogger.java:143)- ====>  Preparing: select id, name, sex, birthday, phone, ID_number, email, parent_phone, adress, major, state from student_basic where id = ? 
2019-09-04 03:57:15,057 DEBUG (BaseJdbcLogger.java:143)- ====> Parameters: 19548(String)
2019-09-04 03:57:15,057 DEBUG (BaseJdbcLogger.java:143)- <====      Total: 1
2019-09-04 03:57:15,057 DEBUG (BaseJdbcLogger.java:143)- ====>  Preparing: select id, name, sex, birthday, phone, ID_number, email, parent_phone, adress, major, state from student_basic where id = ? 
2019-09-04 03:57:15,058 DEBUG (BaseJdbcLogger.java:143)- ====> Parameters: 19550(String)
2019-09-04 03:57:15,058 DEBUG (BaseJdbcLogger.java:143)- <====      Total: 1
2019-09-04 03:57:15,059 DEBUG (BaseJdbcLogger.java:143)- ====>  Preparing: select id, name, sex, birthday, phone, ID_number, email, parent_phone, adress, major, state from student_basic where id = ? 
2019-09-04 03:57:15,059 DEBUG (BaseJdbcLogger.java:143)- ====> Parameters: 19553(String)
2019-09-04 03:57:15,060 DEBUG (BaseJdbcLogger.java:143)- <====      Total: 1
2019-09-04 03:57:15,060 DEBUG (BaseJdbcLogger.java:143)- ====>  Preparing: select id, name, sex, birthday, phone, ID_number, email, parent_phone, adress, major, state from student_basic where id = ? 
2019-09-04 03:57:15,060 DEBUG (BaseJdbcLogger.java:143)- ====> Parameters: 19555(String)
2019-09-04 03:57:15,061 DEBUG (BaseJdbcLogger.java:143)- <====      Total: 1
2019-09-04 03:57:15,061 DEBUG (BaseJdbcLogger.java:143)- ====>  Preparing: select id, name, sex, birthday, phone, ID_number, email, parent_phone, adress, major, state from student_basic where id = ? 
2019-09-04 03:57:15,062 DEBUG (BaseJdbcLogger.java:143)- ====> Parameters: 19561(String)
2019-09-04 03:57:15,062 DEBUG (BaseJdbcLogger.java:143)- <====      Total: 1
2019-09-04 03:57:15,063 DEBUG (BaseJdbcLogger.java:143)- ====>  Preparing: select id, name, sex, birthday, phone, ID_number, email, parent_phone, adress, major, state from student_basic where id = ? 
2019-09-04 03:57:15,063 DEBUG (BaseJdbcLogger.java:143)- ====> Parameters: 19562(String)
2019-09-04 03:57:15,065 DEBUG (BaseJdbcLogger.java:143)- <====      Total: 1
2019-09-04 03:57:15,065 DEBUG (BaseJdbcLogger.java:143)- ====>  Preparing: select id, name, sex, birthday, phone, ID_number, email, parent_phone, adress, major, state from student_basic where id = ? 
2019-09-04 03:57:15,065 DEBUG (BaseJdbcLogger.java:143)- ====> Parameters: 19564(String)
2019-09-04 03:57:15,065 DEBUG (BaseJdbcLogger.java:143)- <====      Total: 1
2019-09-04 03:57:15,066 DEBUG (BaseJdbcLogger.java:143)- ====>  Preparing: select id, name, sex, birthday, phone, ID_number, email, parent_phone, adress, major, state from student_basic where id = ? 
2019-09-04 03:57:15,066 DEBUG (BaseJdbcLogger.java:143)- ====> Parameters: 19565(String)
2019-09-04 03:57:15,067 DEBUG (BaseJdbcLogger.java:143)- <====      Total: 1
2019-09-04 03:57:15,067 DEBUG (BaseJdbcLogger.java:143)- ====>  Preparing: select id, name, sex, birthday, phone, ID_number, email, parent_phone, adress, major, state from student_basic where id = ? 
2019-09-04 03:57:15,068 DEBUG (BaseJdbcLogger.java:143)- ====> Parameters: 19566(String)
2019-09-04 03:57:15,068 DEBUG (BaseJdbcLogger.java:143)- <====      Total: 1
2019-09-04 03:57:15,069 DEBUG (BaseJdbcLogger.java:143)- ====>  Preparing: select id, name, sex, birthday, phone, ID_number, email, parent_phone, adress, major, state from student_basic where id = ? 
2019-09-04 03:57:15,069 DEBUG (BaseJdbcLogger.java:143)- ====> Parameters: 19567(String)
2019-09-04 03:57:15,069 DEBUG (BaseJdbcLogger.java:143)- <====      Total: 1
2019-09-04 03:57:15,070 DEBUG (BaseJdbcLogger.java:143)- ====>  Preparing: select id, name, sex, birthday, phone, ID_number, email, parent_phone, adress, major, state from student_basic where id = ? 
2019-09-04 03:57:15,071 DEBUG (BaseJdbcLogger.java:143)- ====> Parameters: 19570(String)
2019-09-04 03:57:15,071 DEBUG (BaseJdbcLogger.java:143)- <====      Total: 1
2019-09-04 03:57:15,072 DEBUG (BaseJdbcLogger.java:143)- ====>  Preparing: select id, name, sex, birthday, phone, ID_number, email, parent_phone, adress, major, state from student_basic where id = ? 
2019-09-04 03:57:15,073 DEBUG (BaseJdbcLogger.java:143)- ====> Parameters: 19573(String)
2019-09-04 03:57:15,073 DEBUG (BaseJdbcLogger.java:143)- <====      Total: 1
2019-09-04 03:57:15,073 DEBUG (BaseJdbcLogger.java:143)- ====>  Preparing: select id, name, sex, birthday, phone, ID_number, email, parent_phone, adress, major, state from student_basic where id = ? 
2019-09-04 03:57:15,074 DEBUG (BaseJdbcLogger.java:143)- ====> Parameters: 19574(String)
2019-09-04 03:57:15,075 DEBUG (BaseJdbcLogger.java:143)- <====      Total: 1
2019-09-04 03:57:15,075 DEBUG (BaseJdbcLogger.java:143)- <==      Total: 16
2019-09-04 03:57:15,075 DEBUG (BaseJdbcLogger.java:143)- ==>  Preparing: select dormitory_allocation.id, dormitory_allocation.class_id, dormitory_allocation.dormitory_id,dormitory_allocation.number from dormitory_allocation,dormitory WHERE dormitory_allocation.dormitory_id=dormitory.id and dormitory.sex=? and class_id = ? 
2019-09-04 03:57:15,075 DEBUG (BaseJdbcLogger.java:143)- ==> Parameters: 男(String), 082803201903(String)
2019-09-04 03:57:15,076 DEBUG (BaseJdbcLogger.java:143)- <==      Total: 0
2019-09-04 03:57:15,076 DEBUG (BaseJdbcLogger.java:143)- ==>  Preparing: select student_status.id,student_status.basic_id, student_status.student_id, student_status.class_id from student_status,student_basic where student_status.basic_id=student_basic.id and student_basic.sex=? and student_status.class_id=? 
2019-09-04 03:57:15,077 DEBUG (BaseJdbcLogger.java:143)- ==> Parameters: 男(String), 080205201904(String)
2019-09-04 03:57:15,078 DEBUG (BaseJdbcLogger.java:143)- ====>  Preparing: select id, name, sex, birthday, phone, ID_number, email, parent_phone, adress, major, state from student_basic where id = ? 
2019-09-04 03:57:15,079 DEBUG (BaseJdbcLogger.java:143)- ====> Parameters: 19752(String)
2019-09-04 03:57:15,081 DEBUG (BaseJdbcLogger.java:143)- <====      Total: 1
2019-09-04 03:57:15,082 DEBUG (BaseJdbcLogger.java:143)- ====>  Preparing: select id, class_id, name, director, grade, major_id from class where class_id = ? 
2019-09-04 03:57:15,082 DEBUG (BaseJdbcLogger.java:143)- ====> Parameters: 080205201904(String)
2019-09-04 03:57:15,083 DEBUG (BaseJdbcLogger.java:143)- ======>  Preparing: select id, major_id, name, price, department_id from major where major_id = ? 
2019-09-04 03:57:15,083 DEBUG (BaseJdbcLogger.java:143)- ======> Parameters: 080205(String)
2019-09-04 03:57:15,084 DEBUG (BaseJdbcLogger.java:143)- <======      Total: 1
2019-09-04 03:57:15,084 DEBUG (BaseJdbcLogger.java:143)- <====      Total: 1
2019-09-04 03:57:15,084 DEBUG (BaseJdbcLogger.java:143)- ====>  Preparing: select id, name, sex, birthday, phone, ID_number, email, parent_phone, adress, major, state from student_basic where id = ? 
2019-09-04 03:57:15,084 DEBUG (BaseJdbcLogger.java:143)- ====> Parameters: 19753(String)
2019-09-04 03:57:15,085 DEBUG (BaseJdbcLogger.java:143)- <====      Total: 1
2019-09-04 03:57:15,086 DEBUG (BaseJdbcLogger.java:143)- ====>  Preparing: select id, name, sex, birthday, phone, ID_number, email, parent_phone, adress, major, state from student_basic where id = ? 
2019-09-04 03:57:15,086 DEBUG (BaseJdbcLogger.java:143)- ====> Parameters: 19754(String)
2019-09-04 03:57:15,087 DEBUG (BaseJdbcLogger.java:143)- <====      Total: 1
2019-09-04 03:57:15,087 DEBUG (BaseJdbcLogger.java:143)- ====>  Preparing: select id, name, sex, birthday, phone, ID_number, email, parent_phone, adress, major, state from student_basic where id = ? 
2019-09-04 03:57:15,087 DEBUG (BaseJdbcLogger.java:143)- ====> Parameters: 19755(String)
2019-09-04 03:57:15,088 DEBUG (BaseJdbcLogger.java:143)- <====      Total: 1
2019-09-04 03:57:15,089 DEBUG (BaseJdbcLogger.java:143)- ====>  Preparing: select id, name, sex, birthday, phone, ID_number, email, parent_phone, adress, major, state from student_basic where id = ? 
2019-09-04 03:57:15,090 DEBUG (BaseJdbcLogger.java:143)- ====> Parameters: 19757(String)
2019-09-04 03:57:15,090 DEBUG (BaseJdbcLogger.java:143)- <====      Total: 1
2019-09-04 03:57:15,091 DEBUG (BaseJdbcLogger.java:143)- ====>  Preparing: select id, name, sex, birthday, phone, ID_number, email, parent_phone, adress, major, state from student_basic where id = ? 
2019-09-04 03:57:15,091 DEBUG (BaseJdbcLogger.java:143)- ====> Parameters: 19760(String)
2019-09-04 03:57:15,092 DEBUG (BaseJdbcLogger.java:143)- <====      Total: 1
2019-09-04 03:57:15,092 DEBUG (BaseJdbcLogger.java:143)- ====>  Preparing: select id, name, sex, birthday, phone, ID_number, email, parent_phone, adress, major, state from student_basic where id = ? 
2019-09-04 03:57:15,092 DEBUG (BaseJdbcLogger.java:143)- ====> Parameters: 19762(String)
2019-09-04 03:57:15,093 DEBUG (BaseJdbcLogger.java:143)- <====      Total: 1
2019-09-04 03:57:15,093 DEBUG (BaseJdbcLogger.java:143)- ====>  Preparing: select id, name, sex, birthday, phone, ID_number, email, parent_phone, adress, major, state from student_basic where id = ? 
2019-09-04 03:57:15,093 DEBUG (BaseJdbcLogger.java:143)- ====> Parameters: 19763(String)
2019-09-04 03:57:15,094 DEBUG (BaseJdbcLogger.java:143)- <====      Total: 1
2019-09-04 03:57:15,094 DEBUG (BaseJdbcLogger.java:143)- ====>  Preparing: select id, name, sex, birthday, phone, ID_number, email, parent_phone, adress, major, state from student_basic where id = ? 
2019-09-04 03:57:15,094 DEBUG (BaseJdbcLogger.java:143)- ====> Parameters: 19765(String)
2019-09-04 03:57:15,095 DEBUG (BaseJdbcLogger.java:143)- <====      Total: 1
2019-09-04 03:57:15,095 DEBUG (BaseJdbcLogger.java:143)- ====>  Preparing: select id, name, sex, birthday, phone, ID_number, email, parent_phone, adress, major, state from student_basic where id = ? 
2019-09-04 03:57:15,096 DEBUG (BaseJdbcLogger.java:143)- ====> Parameters: 19766(String)
2019-09-04 03:57:15,096 DEBUG (BaseJdbcLogger.java:143)- <====      Total: 1
2019-09-04 03:57:15,097 DEBUG (BaseJdbcLogger.java:143)- ====>  Preparing: select id, name, sex, birthday, phone, ID_number, email, parent_phone, adress, major, state from student_basic where id = ? 
2019-09-04 03:57:15,097 DEBUG (BaseJdbcLogger.java:143)- ====> Parameters: 19767(String)
2019-09-04 03:57:15,097 DEBUG (BaseJdbcLogger.java:143)- <====      Total: 1
2019-09-04 03:57:15,098 DEBUG (BaseJdbcLogger.java:143)- ====>  Preparing: select id, name, sex, birthday, phone, ID_number, email, parent_phone, adress, major, state from student_basic where id = ? 
2019-09-04 03:57:15,098 DEBUG (BaseJdbcLogger.java:143)- ====> Parameters: 19769(String)
2019-09-04 03:57:15,099 DEBUG (BaseJdbcLogger.java:143)- <====      Total: 1
2019-09-04 03:57:15,099 DEBUG (BaseJdbcLogger.java:143)- ====>  Preparing: select id, name, sex, birthday, phone, ID_number, email, parent_phone, adress, major, state from student_basic where id = ? 
2019-09-04 03:57:15,099 DEBUG (BaseJdbcLogger.java:143)- ====> Parameters: 19771(String)
2019-09-04 03:57:15,100 DEBUG (BaseJdbcLogger.java:143)- <====      Total: 1
2019-09-04 03:57:15,101 DEBUG (BaseJdbcLogger.java:143)- ====>  Preparing: select id, name, sex, birthday, phone, ID_number, email, parent_phone, adress, major, state from student_basic where id = ? 
2019-09-04 03:57:15,101 DEBUG (BaseJdbcLogger.java:143)- ====> Parameters: 19773(String)
2019-09-04 03:57:15,102 DEBUG (BaseJdbcLogger.java:143)- <====      Total: 1
2019-09-04 03:57:15,102 DEBUG (BaseJdbcLogger.java:143)- ====>  Preparing: select id, name, sex, birthday, phone, ID_number, email, parent_phone, adress, major, state from student_basic where id = ? 
2019-09-04 03:57:15,103 DEBUG (BaseJdbcLogger.java:143)- ====> Parameters: 19774(String)
2019-09-04 03:57:15,103 DEBUG (BaseJdbcLogger.java:143)- <====      Total: 1
2019-09-04 03:57:15,105 DEBUG (BaseJdbcLogger.java:143)- ====>  Preparing: select id, name, sex, birthday, phone, ID_number, email, parent_phone, adress, major, state from student_basic where id = ? 
2019-09-04 03:57:15,105 DEBUG (BaseJdbcLogger.java:143)- ====> Parameters: 19776(String)
2019-09-04 03:57:15,105 DEBUG (BaseJdbcLogger.java:143)- <====      Total: 1
2019-09-04 03:57:15,107 DEBUG (BaseJdbcLogger.java:143)- ====>  Preparing: select id, name, sex, birthday, phone, ID_number, email, parent_phone, adress, major, state from student_basic where id = ? 
2019-09-04 03:57:15,107 DEBUG (BaseJdbcLogger.java:143)- ====> Parameters: 19778(String)
2019-09-04 03:57:15,107 DEBUG (BaseJdbcLogger.java:143)- <====      Total: 1
2019-09-04 03:57:15,107 DEBUG (BaseJdbcLogger.java:143)- ====>  Preparing: select id, name, sex, birthday, phone, ID_number, email, parent_phone, adress, major, state from student_basic where id = ? 
2019-09-04 03:57:15,108 DEBUG (BaseJdbcLogger.java:143)- ====> Parameters: 19780(String)
2019-09-04 03:57:15,109 DEBUG (BaseJdbcLogger.java:143)- <====      Total: 1
2019-09-04 03:57:15,110 DEBUG (BaseJdbcLogger.java:143)- ====>  Preparing: select id, name, sex, birthday, phone, ID_number, email, parent_phone, adress, major, state from student_basic where id = ? 
2019-09-04 03:57:15,110 DEBUG (BaseJdbcLogger.java:143)- ====> Parameters: 19783(String)
2019-09-04 03:57:15,111 DEBUG (BaseJdbcLogger.java:143)- <====      Total: 1
2019-09-04 03:57:15,111 DEBUG (BaseJdbcLogger.java:143)- ====>  Preparing: select id, name, sex, birthday, phone, ID_number, email, parent_phone, adress, major, state from student_basic where id = ? 
2019-09-04 03:57:15,111 DEBUG (BaseJdbcLogger.java:143)- ====> Parameters: 19785(String)
2019-09-04 03:57:15,112 DEBUG (BaseJdbcLogger.java:143)- <====      Total: 1
2019-09-04 03:57:15,113 DEBUG (BaseJdbcLogger.java:143)- ====>  Preparing: select id, name, sex, birthday, phone, ID_number, email, parent_phone, adress, major, state from student_basic where id = ? 
2019-09-04 03:57:15,113 DEBUG (BaseJdbcLogger.java:143)- ====> Parameters: 19786(String)
2019-09-04 03:57:15,114 DEBUG (BaseJdbcLogger.java:143)- <====      Total: 1
2019-09-04 03:57:15,115 DEBUG (BaseJdbcLogger.java:143)- ====>  Preparing: select id, name, sex, birthday, phone, ID_number, email, parent_phone, adress, major, state from student_basic where id = ? 
2019-09-04 03:57:15,115 DEBUG (BaseJdbcLogger.java:143)- ====> Parameters: 19789(String)
2019-09-04 03:57:15,116 DEBUG (BaseJdbcLogger.java:143)- <====      Total: 1
2019-09-04 03:57:15,116 DEBUG (BaseJdbcLogger.java:143)- <==      Total: 22
2019-09-04 03:57:15,117 DEBUG (BaseJdbcLogger.java:143)- ==>  Preparing: select dormitory_allocation.id, dormitory_allocation.class_id, dormitory_allocation.dormitory_id,dormitory_allocation.number from dormitory_allocation,dormitory WHERE dormitory_allocation.dormitory_id=dormitory.id and dormitory.sex=? and class_id = ? 
2019-09-04 03:57:15,117 DEBUG (BaseJdbcLogger.java:143)- ==> Parameters: 男(String), 080205201904(String)
2019-09-04 03:57:15,118 DEBUG (BaseJdbcLogger.java:143)- <==      Total: 0
