2019-09-23 04:59:54,416 DEBUG (BaseJdbcLogger.java:143)- ====> Parameters: 0(String)
2019-09-23 04:59:54,417 DEBUG (BaseJdbcLogger.java:143)- ====> Parameters: 2019717(Integer)
2019-09-23 04:59:54,423 DEBUG (BaseJdbcLogger.java:143)- <====      Total: 0
2019-09-23 04:59:54,424 DEBUG (BaseJdbcLogger.java:143)- <==      Total: 7
2019-09-23 04:59:54,424 DEBUG (BaseJdbcLogger.java:143)- <====      Total: 0
2019-09-23 04:59:54,424 DEBUG (BaseJdbcLogger.java:143)- ====>  Preparing: select id, name, sex, birthday, phone, ID_number, email, parent_phone, adress, major, state from student_basic where id = ? 
2019-09-23 04:59:54,425 DEBUG (BaseJdbcLogger.java:143)- <==      Total: 1
2019-09-23 04:59:54,425 DEBUG (BaseJdbcLogger.java:143)- ====> Parameters: 25018(String)
2019-09-23 04:59:54,430 DEBUG (BaseJdbcLogger.java:143)- <====      Total: 1
2019-09-23 04:59:54,431 DEBUG (BaseJdbcLogger.java:143)- ====>  Preparing: select id, name, sex, birthday, phone, ID_number, email, parent_phone, adress, major, state from student_basic where id = ? 
2019-09-23 04:59:54,432 DEBUG (BaseJdbcLogger.java:143)- ====> Parameters: 25019(String)
2019-09-23 04:59:54,433 DEBUG (BaseJdbcLogger.java:143)- <====      Total: 1
2019-09-23 04:59:54,434 DEBUG (BaseJdbcLogger.java:143)- ====>  Preparing: select id, name, sex, birthday, phone, ID_number, email, parent_phone, adress, major, state from student_basic where id = ? 
2019-09-23 04:59:54,435 DEBUG (BaseJdbcLogger.java:143)- ====> Parameters: 25021(String)
2019-09-23 04:59:54,437 DEBUG (BaseJdbcLogger.java:143)- <====      Total: 1
2019-09-23 04:59:54,437 DEBUG (BaseJdbcLogger.java:143)- ====>  Preparing: select id, name, sex, birthday, phone, ID_number, email, parent_phone, adress, major, state from student_basic where id = ? 
2019-09-23 04:59:54,438 DEBUG (BaseJdbcLogger.java:143)- ====> Parameters: 25023(String)
2019-09-23 04:59:54,439 DEBUG (BaseJdbcLogger.java:143)- <====      Total: 1
2019-09-23 04:59:54,440 DEBUG (BaseJdbcLogger.java:143)- ====>  Preparing: select id, name, sex, birthday, phone, ID_number, email, parent_phone, adress, major, state from student_basic where id = ? 
2019-09-23 04:59:54,440 DEBUG (BaseJdbcLogger.java:143)- ====> Parameters: 25024(String)
2019-09-23 04:59:54,441 DEBUG (BaseJdbcLogger.java:143)- <====      Total: 1
2019-09-23 04:59:54,443 DEBUG (BaseJdbcLogger.java:143)- ====>  Preparing: select id, name, sex, birthday, phone, ID_number, email, parent_phone, adress, major, state from student_basic where id = ? 
2019-09-23 04:59:54,444 DEBUG (BaseJdbcLogger.java:143)- ====> Parameters: 25025(String)
2019-09-23 04:59:54,445 DEBUG (BaseJdbcLogger.java:143)- <====      Total: 1
2019-09-23 04:59:54,446 DEBUG (BaseJdbcLogger.java:143)- ====>  Preparing: select id, name, sex, birthday, phone, ID_number, email, parent_phone, adress, major, state from student_basic where id = ? 
2019-09-23 04:59:54,446 DEBUG (BaseJdbcLogger.java:143)- ====> Parameters: 25026(String)
2019-09-23 04:59:54,447 DEBUG (BaseJdbcLogger.java:143)- <====      Total: 1
2019-09-23 04:59:54,448 DEBUG (BaseJdbcLogger.java:143)- ====>  Preparing: select id, name, sex, birthday, phone, ID_number, email, parent_phone, adress, major, state from student_basic where id = ? 
2019-09-23 04:59:54,449 DEBUG (BaseJdbcLogger.java:143)- ====> Parameters: 25030(String)
2019-09-23 04:59:54,450 DEBUG (BaseJdbcLogger.java:143)- <====      Total: 1
2019-09-23 04:59:54,451 DEBUG (BaseJdbcLogger.java:143)- ====>  Preparing: select id, name, sex, birthday, phone, ID_number, email, parent_phone, adress, major, state from student_basic where id = ? 
2019-09-23 04:59:54,451 DEBUG (BaseJdbcLogger.java:143)- ====> Parameters: 25031(String)
2019-09-23 04:59:54,452 DEBUG (BaseJdbcLogger.java:143)- <====      Total: 1
2019-09-23 04:59:54,453 DEBUG (BaseJdbcLogger.java:143)- ====>  Preparing: select id, name, sex, birthday, phone, ID_number, email, parent_phone, adress, major, state from student_basic where id = ? 
2019-09-23 04:59:54,453 DEBUG (BaseJdbcLogger.java:143)- ====> Parameters: 25032(String)
2019-09-23 04:59:54,454 DEBUG (BaseJdbcLogger.java:143)- <====      Total: 1
2019-09-23 04:59:54,455 DEBUG (BaseJdbcLogger.java:143)- ====>  Preparing: select id, name, sex, birthday, phone, ID_number, email, parent_phone, adress, major, state from student_basic where id = ? 
2019-09-23 04:59:54,456 DEBUG (BaseJdbcLogger.java:143)- ====> Parameters: 25034(String)
2019-09-23 04:59:54,457 DEBUG (BaseJdbcLogger.java:143)- <====      Total: 1
2019-09-23 04:59:54,458 DEBUG (BaseJdbcLogger.java:143)- ====>  Preparing: select id, name, sex, birthday, phone, ID_number, email, parent_phone, adress, major, state from student_basic where id = ? 
2019-09-23 04:59:54,458 DEBUG (BaseJdbcLogger.java:143)- ====> Parameters: 25035(String)
2019-09-23 04:59:54,459 DEBUG (BaseJdbcLogger.java:143)- <====      Total: 1
2019-09-23 04:59:54,460 DEBUG (BaseJdbcLogger.java:143)- ====>  Preparing: select id, name, sex, birthday, phone, ID_number, email, parent_phone, adress, major, state from student_basic where id = ? 
2019-09-23 04:59:54,460 DEBUG (BaseJdbcLogger.java:143)- ====> Parameters: 25041(String)
2019-09-23 04:59:54,462 DEBUG (BaseJdbcLogger.java:143)- <====      Total: 1
2019-09-23 04:59:54,463 DEBUG (BaseJdbcLogger.java:143)- ====>  Preparing: select id, name, sex, birthday, phone, ID_number, email, parent_phone, adress, major, state from student_basic where id = ? 
2019-09-23 04:59:54,464 DEBUG (BaseJdbcLogger.java:143)- ====> Parameters: 25045(String)
2019-09-23 04:59:54,465 DEBUG (BaseJdbcLogger.java:143)- <====      Total: 1
2019-09-23 04:59:54,465 DEBUG (BaseJdbcLogger.java:143)- ====>  Preparing: select id, name, sex, birthday, phone, ID_number, email, parent_phone, adress, major, state from student_basic where id = ? 
2019-09-23 04:59:54,466 DEBUG (BaseJdbcLogger.java:143)- ====> Parameters: 25046(String)
2019-09-23 04:59:54,467 DEBUG (BaseJdbcLogger.java:143)- <====      Total: 1
2019-09-23 04:59:54,468 DEBUG (BaseJdbcLogger.java:143)- ====>  Preparing: select id, name, sex, birthday, phone, ID_number, email, parent_phone, adress, major, state from student_basic where id = ? 
2019-09-23 04:59:54,468 DEBUG (BaseJdbcLogger.java:143)- ====> Parameters: 25050(String)
2019-09-23 04:59:54,469 DEBUG (BaseJdbcLogger.java:143)- <====      Total: 1
2019-09-23 04:59:54,469 DEBUG (BaseJdbcLogger.java:143)- ====>  Preparing: select id, name, sex, birthday, phone, ID_number, email, parent_phone, adress, major, state from student_basic where id = ? 
2019-09-23 04:59:54,470 DEBUG (BaseJdbcLogger.java:143)- ====> Parameters: 25051(String)
2019-09-23 04:59:54,471 DEBUG (BaseJdbcLogger.java:143)- <====      Total: 1
2019-09-23 04:59:54,471 DEBUG (BaseJdbcLogger.java:143)- ====>  Preparing: select id, name, sex, birthday, phone, ID_number, email, parent_phone, adress, major, state from student_basic where id = ? 
2019-09-23 04:59:54,472 DEBUG (BaseJdbcLogger.java:143)- ====> Parameters: 25056(String)
2019-09-23 04:59:54,472 DEBUG (BaseJdbcLogger.java:143)- <====      Total: 1
2019-09-23 04:59:54,473 DEBUG (BaseJdbcLogger.java:143)- ====>  Preparing: select id, name, sex, birthday, phone, ID_number, email, parent_phone, adress, major, state from student_basic where id = ? 
2019-09-23 04:59:54,473 DEBUG (BaseJdbcLogger.java:143)- ====> Parameters: 25060(String)
2019-09-23 04:59:54,477 DEBUG (BaseJdbcLogger.java:143)- <====      Total: 1
2019-09-23 04:59:54,478 DEBUG (BaseJdbcLogger.java:143)- ====>  Preparing: select id, name, sex, birthday, phone, ID_number, email, parent_phone, adress, major, state from student_basic where id = ? 
2019-09-23 04:59:54,480 DEBUG (BaseJdbcLogger.java:143)- ====> Parameters: 25063(String)
2019-09-23 04:59:54,480 DEBUG (BaseJdbcLogger.java:143)- <====      Total: 1
2019-09-23 04:59:54,481 DEBUG (BaseJdbcLogger.java:143)- ====>  Preparing: select id, name, sex, birthday, phone, ID_number, email, parent_phone, adress, major, state from student_basic where id = ? 
2019-09-23 04:59:54,482 DEBUG (BaseJdbcLogger.java:143)- ====> Parameters: 25064(String)
2019-09-23 04:59:54,482 DEBUG (BaseJdbcLogger.java:143)- <====      Total: 1
2019-09-23 04:59:54,483 DEBUG (BaseJdbcLogger.java:143)- ====>  Preparing: select id, name, sex, birthday, phone, ID_number, email, parent_phone, adress, major, state from student_basic where id = ? 
2019-09-23 04:59:54,483 DEBUG (BaseJdbcLogger.java:143)- ====> Parameters: 25068(String)
2019-09-23 04:59:54,484 DEBUG (BaseJdbcLogger.java:143)- <====      Total: 1
2019-09-23 04:59:54,485 DEBUG (BaseJdbcLogger.java:143)- ====>  Preparing: select id, name, sex, birthday, phone, ID_number, email, parent_phone, adress, major, state from student_basic where id = ? 
2019-09-23 04:59:54,485 DEBUG (BaseJdbcLogger.java:143)- ====> Parameters: 25071(String)
2019-09-23 04:59:54,485 DEBUG (BaseJdbcLogger.java:143)- <====      Total: 1
2019-09-23 04:59:54,486 DEBUG (BaseJdbcLogger.java:143)- ====>  Preparing: select id, name, sex, birthday, phone, ID_number, email, parent_phone, adress, major, state from student_basic where id = ? 
2019-09-23 04:59:54,486 DEBUG (BaseJdbcLogger.java:143)- ====> Parameters: 25072(String)
2019-09-23 04:59:54,487 DEBUG (BaseJdbcLogger.java:143)- <====      Total: 1
2019-09-23 04:59:54,488 DEBUG (BaseJdbcLogger.java:143)- ====>  Preparing: select id, name, sex, birthday, phone, ID_number, email, parent_phone, adress, major, state from student_basic where id = ? 
2019-09-23 04:59:54,488 DEBUG (BaseJdbcLogger.java:143)- ====> Parameters: 25073(String)
2019-09-23 04:59:54,489 DEBUG (BaseJdbcLogger.java:143)- <====      Total: 1
2019-09-23 04:59:54,490 DEBUG (BaseJdbcLogger.java:143)- ====>  Preparing: select id, name, sex, birthday, phone, ID_number, email, parent_phone, adress, major, state from student_basic where id = ? 
2019-09-23 04:59:54,490 DEBUG (BaseJdbcLogger.java:143)- ====> Parameters: 25075(String)
2019-09-23 04:59:54,491 DEBUG (BaseJdbcLogger.java:143)- <====      Total: 1
2019-09-23 04:59:54,491 DEBUG (BaseJdbcLogger.java:143)- ====>  Preparing: select id, name, sex, birthday, phone, ID_number, email, parent_phone, adress, major, state from student_basic where id = ? 
2019-09-23 04:59:54,492 DEBUG (BaseJdbcLogger.java:143)- ====> Parameters: 25078(String)
2019-09-23 04:59:54,493 DEBUG (BaseJdbcLogger.java:143)- <====      Total: 1
2019-09-23 04:59:54,493 DEBUG (BaseJdbcLogger.java:143)- ====>  Preparing: select id, name, sex, birthday, phone, ID_number, email, parent_phone, adress, major, state from student_basic where id = ? 
2019-09-23 04:59:54,495 DEBUG (BaseJdbcLogger.java:143)- ====> Parameters: 25079(String)
2019-09-23 04:59:54,496 DEBUG (BaseJdbcLogger.java:143)- <====      Total: 1
2019-09-23 04:59:54,497 DEBUG (BaseJdbcLogger.java:143)- ====>  Preparing: select id, name, sex, birthday, phone, ID_number, email, parent_phone, adress, major, state from student_basic where id = ? 
2019-09-23 04:59:54,498 DEBUG (BaseJdbcLogger.java:143)- ====> Parameters: 25082(String)
2019-09-23 04:59:54,499 DEBUG (BaseJdbcLogger.java:143)- <====      Total: 1
2019-09-23 04:59:54,500 DEBUG (BaseJdbcLogger.java:143)- ====>  Preparing: select id, name, sex, birthday, phone, ID_number, email, parent_phone, adress, major, state from student_basic where id = ? 
2019-09-23 04:59:54,501 DEBUG (BaseJdbcLogger.java:143)- ====> Parameters: 25083(String)
2019-09-23 04:59:54,502 DEBUG (BaseJdbcLogger.java:143)- <====      Total: 1
2019-09-23 04:59:54,503 DEBUG (BaseJdbcLogger.java:143)- ====>  Preparing: select id, name, sex, birthday, phone, ID_number, email, parent_phone, adress, major, state from student_basic where id = ? 
2019-09-23 04:59:54,504 DEBUG (BaseJdbcLogger.java:143)- ====> Parameters: 25084(String)
2019-09-23 04:59:54,505 DEBUG (BaseJdbcLogger.java:143)- <====      Total: 1
2019-09-23 04:59:54,505 DEBUG (BaseJdbcLogger.java:143)- ====>  Preparing: select id, name, sex, birthday, phone, ID_number, email, parent_phone, adress, major, state from student_basic where id = ? 
2019-09-23 04:59:54,506 DEBUG (BaseJdbcLogger.java:143)- ====> Parameters: 25085(String)
2019-09-23 04:59:54,507 DEBUG (BaseJdbcLogger.java:143)- <====      Total: 1
2019-09-23 04:59:54,508 DEBUG (BaseJdbcLogger.java:143)- ====>  Preparing: select id, name, sex, birthday, phone, ID_number, email, parent_phone, adress, major, state from student_basic where id = ? 
2019-09-23 04:59:54,509 DEBUG (BaseJdbcLogger.java:143)- ====> Parameters: 25086(String)
2019-09-23 04:59:54,511 DEBUG (BaseJdbcLogger.java:143)- <====      Total: 1
2019-09-23 04:59:54,514 DEBUG (BaseJdbcLogger.java:143)- ====>  Preparing: select id, name, sex, birthday, phone, ID_number, email, parent_phone, adress, major, state from student_basic where id = ? 
2019-09-23 04:59:54,515 DEBUG (BaseJdbcLogger.java:143)- ====> Parameters: 25087(String)
2019-09-23 04:59:54,517 DEBUG (BaseJdbcLogger.java:143)- <====      Total: 1
2019-09-23 04:59:54,518 DEBUG (BaseJdbcLogger.java:143)- <==      Total: 35
2019-09-23 04:59:54,519 DEBUG (BaseJdbcLogger.java:143)- ==>  Preparing: select student_status.id, student_status.basic_id, student_status.student_id, student_status.class_id from student_status,student_basic where student_status.basic_id=student_basic.id and student_basic.sex=? and student_basic.major=? and student_status.class_id='0' 
2019-09-23 04:59:54,520 DEBUG (BaseJdbcLogger.java:143)- ==> Parameters: 女(String), 土木工程(String)
2019-09-23 04:59:54,520 DEBUG (BaseJdbcLogger.java:143)- ==>  Preparing: select id, dept_id, name, director from dept where name!='教务处' and name!='舍管科' 
2019-09-23 04:59:54,521 DEBUG (BaseJdbcLogger.java:143)- ==> Parameters: 
2019-09-23 04:59:54,523 DEBUG (BaseJdbcLogger.java:143)- ====>  Preparing: select id, name, sex, birthday, phone, ID_number, email, parent_phone, adress, major, state from student_basic where id = ? 
2019-09-23 04:59:54,523 DEBUG (BaseJdbcLogger.java:143)- <==      Total: 3
2019-09-23 04:59:54,524 DEBUG (BaseJdbcLogger.java:143)- ====> Parameters: 25013(String)
2019-09-23 04:59:54,524 DEBUG (BaseJdbcLogger.java:143)- <====      Total: 1
2019-09-23 04:59:54,525 DEBUG (BaseJdbcLogger.java:143)- ====>  Preparing: select id, class_id, name, director, grade, major_id from class WHERE class_id = ? 
2019-09-23 04:59:54,526 DEBUG (BaseJdbcLogger.java:143)- ====> Parameters: 0(String)
2019-09-23 04:59:54,528 DEBUG (BaseJdbcLogger.java:143)- <====      Total: 0
2019-09-23 04:59:54,529 DEBUG (BaseJdbcLogger.java:143)- ====>  Preparing: select id, name, sex, birthday, phone, ID_number, email, parent_phone, adress, major, state from student_basic where id = ? 
2019-09-23 04:59:54,530 DEBUG (BaseJdbcLogger.java:143)- ====> Parameters: 25015(String)
2019-09-23 04:59:54,530 DEBUG (BaseJdbcLogger.java:143)- <====      Total: 1
2019-09-23 04:59:54,531 DEBUG (BaseJdbcLogger.java:143)- ====>  Preparing: select id, name, sex, birthday, phone, ID_number, email, parent_phone, adress, major, state from student_basic where id = ? 
2019-09-23 04:59:54,532 DEBUG (BaseJdbcLogger.java:143)- ====> Parameters: 25016(String)
2019-09-23 04:59:54,533 DEBUG (BaseJdbcLogger.java:143)- <====      Total: 1
2019-09-23 04:59:54,534 DEBUG (BaseJdbcLogger.java:143)- ====>  Preparing: select id, name, sex, birthday, phone, ID_number, email, parent_phone, adress, major, state from student_basic where id = ? 
2019-09-23 04:59:54,534 DEBUG (BaseJdbcLogger.java:143)- ====> Parameters: 25017(String)
2019-09-23 04:59:54,542 DEBUG (BaseJdbcLogger.java:143)- <====      Total: 1
