2019-09-04 04:00:17,564 DEBUG (BaseJdbcLogger.java:143)- <====      Total: 1
2019-09-04 04:00:17,564 DEBUG (BaseJdbcLogger.java:143)- <====      Total: 1
2019-09-04 04:00:17,564 DEBUG (BaseJdbcLogger.java:143)- ==> Parameters: 男(String), 080205201904(String)
2019-09-04 04:00:17,566 DEBUG (BaseJdbcLogger.java:143)- ====>  Preparing: select id, name, sex, birthday, phone, ID_number, email, parent_phone, adress, major, state from student_basic where id = ? 
2019-09-04 04:00:17,566 DEBUG (BaseJdbcLogger.java:143)- ====>  Preparing: select id, name, sex, birthday, phone, ID_number, email, parent_phone, adress, major, state from student_basic where id = ? 
2019-09-04 04:00:17,566 DEBUG (BaseJdbcLogger.java:143)- ====> Parameters: 19862(String)
2019-09-04 04:00:17,567 DEBUG (BaseJdbcLogger.java:143)- ====> Parameters: 19086(String)
2019-09-04 04:00:17,567 DEBUG (BaseJdbcLogger.java:143)- <==      Total: 0
2019-09-04 04:00:17,567 DEBUG (BaseJdbcLogger.java:143)- <====      Total: 1
2019-09-04 04:00:17,567 DEBUG (BaseJdbcLogger.java:143)- <====      Total: 1
2019-09-04 04:00:17,568 DEBUG (BaseJdbcLogger.java:143)- ====>  Preparing: select id, name, sex, birthday, phone, ID_number, email, parent_phone, adress, major, state from student_basic where id = ? 
2019-09-04 04:00:17,568 DEBUG (BaseJdbcLogger.java:143)- ====>  Preparing: select id, name, sex, birthday, phone, ID_number, email, parent_phone, adress, major, state from student_basic where id = ? 
2019-09-04 04:00:17,568 DEBUG (BaseJdbcLogger.java:143)- ====> Parameters: 19867(String)
2019-09-04 04:00:17,568 DEBUG (BaseJdbcLogger.java:143)- ====> Parameters: 19089(String)
2019-09-04 04:00:17,570 DEBUG (BaseJdbcLogger.java:143)- <====      Total: 1
2019-09-04 04:00:17,570 DEBUG (BaseJdbcLogger.java:143)- <====      Total: 1
2019-09-04 04:00:17,570 DEBUG (BaseJdbcLogger.java:143)- <==      Total: 22
2019-09-04 04:00:17,570 DEBUG (BaseJdbcLogger.java:143)- ====>  Preparing: select id, name, sex, birthday, phone, ID_number, email, parent_phone, adress, major, state from student_basic where id = ? 
2019-09-04 04:00:17,572 DEBUG (BaseJdbcLogger.java:143)- ==>  Preparing: select dormitory_allocation.id, dormitory_allocation.class_id, dormitory_allocation.dormitory_id,dormitory_allocation.number from dormitory_allocation,dormitory WHERE dormitory_allocation.dormitory_id=dormitory.id and dormitory.sex=? and class_id = ? 
2019-09-04 04:00:17,572 DEBUG (BaseJdbcLogger.java:143)- ====> Parameters: 19870(String)
2019-09-04 04:00:17,572 DEBUG (BaseJdbcLogger.java:143)- ==> Parameters: 男(String), 080901201902(String)
2019-09-04 04:00:17,572 DEBUG (BaseJdbcLogger.java:143)- <====      Total: 1
2019-09-04 04:00:17,573 DEBUG (BaseJdbcLogger.java:143)- <==      Total: 0
2019-09-04 04:00:17,573 DEBUG (BaseJdbcLogger.java:143)- ====>  Preparing: select id, name, sex, birthday, phone, ID_number, email, parent_phone, adress, major, state from student_basic where id = ? 
2019-09-04 04:00:17,574 DEBUG (BaseJdbcLogger.java:143)- ====> Parameters: 19872(String)
2019-09-04 04:00:17,574 DEBUG (BaseJdbcLogger.java:143)- ==>  Preparing: select student_status.id,student_status.basic_id, student_status.student_id, student_status.class_id from student_status,student_basic where student_status.basic_id=student_basic.id and student_basic.sex=? and student_status.class_id=? 
2019-09-04 04:00:17,574 DEBUG (BaseJdbcLogger.java:143)- ==> Parameters: 男(String), 080901201903(String)
2019-09-04 04:00:17,574 DEBUG (BaseJdbcLogger.java:143)- <====      Total: 1
2019-09-04 04:00:17,574 DEBUG (BaseJdbcLogger.java:143)- ====>  Preparing: select id, name, sex, birthday, phone, ID_number, email, parent_phone, adress, major, state from student_basic where id = ? 
2019-09-04 04:00:17,574 DEBUG (BaseJdbcLogger.java:143)- ====> Parameters: 19875(String)
2019-09-04 04:00:17,574 DEBUG (BaseJdbcLogger.java:143)- ====>  Preparing: select id, name, sex, birthday, phone, ID_number, email, parent_phone, adress, major, state from student_basic where id = ? 
2019-09-04 04:00:17,575 DEBUG (BaseJdbcLogger.java:143)- <====      Total: 1
2019-09-04 04:00:17,575 DEBUG (BaseJdbcLogger.java:143)- ====> Parameters: 19090(String)
2019-09-04 04:00:17,576 DEBUG (BaseJdbcLogger.java:143)- ====>  Preparing: select id, name, sex, birthday, phone, ID_number, email, parent_phone, adress, major, state from student_basic where id = ? 
2019-09-04 04:00:17,576 DEBUG (BaseJdbcLogger.java:143)- ====> Parameters: 19876(String)
2019-09-04 04:00:17,576 DEBUG (BaseJdbcLogger.java:143)- <====      Total: 1
2019-09-04 04:00:17,576 DEBUG (BaseJdbcLogger.java:143)- ====>  Preparing: select id, class_id, name, director, grade, major_id from class where class_id = ? 
2019-09-04 04:00:17,577 DEBUG (BaseJdbcLogger.java:143)- <====      Total: 1
2019-09-04 04:00:17,577 DEBUG (BaseJdbcLogger.java:143)- ====> Parameters: 080901201903(String)
2019-09-04 04:00:17,577 DEBUG (BaseJdbcLogger.java:143)- ====>  Preparing: select id, name, sex, birthday, phone, ID_number, email, parent_phone, adress, major, state from student_basic where id = ? 
2019-09-04 04:00:17,579 DEBUG (BaseJdbcLogger.java:143)- ====> Parameters: 19878(String)
2019-09-04 04:00:17,579 DEBUG (BaseJdbcLogger.java:143)- ======>  Preparing: select id, major_id, name, price, department_id from major where major_id = ? 
2019-09-04 04:00:17,581 DEBUG (BaseJdbcLogger.java:143)- ======> Parameters: 080901(String)
2019-09-04 04:00:17,581 DEBUG (BaseJdbcLogger.java:143)- <====      Total: 1
2019-09-04 04:00:17,582 DEBUG (BaseJdbcLogger.java:143)- ====>  Preparing: select id, name, sex, birthday, phone, ID_number, email, parent_phone, adress, major, state from student_basic where id = ? 
2019-09-04 04:00:17,581 DEBUG (BaseJdbcLogger.java:143)- <======      Total: 1
2019-09-04 04:00:17,582 DEBUG (BaseJdbcLogger.java:143)- <====      Total: 1
2019-09-04 04:00:17,582 DEBUG (BaseJdbcLogger.java:143)- ====> Parameters: 19881(String)
2019-09-04 04:00:17,582 DEBUG (BaseJdbcLogger.java:143)- ====>  Preparing: select id, name, sex, birthday, phone, ID_number, email, parent_phone, adress, major, state from student_basic where id = ? 
2019-09-04 04:00:17,582 DEBUG (BaseJdbcLogger.java:143)- ====> Parameters: 19095(String)
2019-09-04 04:00:17,582 DEBUG (BaseJdbcLogger.java:143)- <====      Total: 1
2019-09-04 04:00:17,583 DEBUG (BaseJdbcLogger.java:143)- ====>  Preparing: select id, name, sex, birthday, phone, ID_number, email, parent_phone, adress, major, state from student_basic where id = ? 
2019-09-04 04:00:17,584 DEBUG (BaseJdbcLogger.java:143)- ====> Parameters: 19882(String)
2019-09-04 04:00:17,584 DEBUG (BaseJdbcLogger.java:143)- <====      Total: 1
2019-09-04 04:00:17,585 DEBUG (BaseJdbcLogger.java:143)- ====>  Preparing: select id, name, sex, birthday, phone, ID_number, email, parent_phone, adress, major, state from student_basic where id = ? 
2019-09-04 04:00:17,585 DEBUG (BaseJdbcLogger.java:143)- <====      Total: 1
2019-09-04 04:00:17,585 DEBUG (BaseJdbcLogger.java:143)- ====> Parameters: 19096(String)
2019-09-04 04:00:17,586 DEBUG (BaseJdbcLogger.java:143)- ====>  Preparing: select id, name, sex, birthday, phone, ID_number, email, parent_phone, adress, major, state from student_basic where id = ? 
2019-09-04 04:00:17,586 DEBUG (BaseJdbcLogger.java:143)- <====      Total: 1
2019-09-04 04:00:17,587 DEBUG (BaseJdbcLogger.java:143)- ====> Parameters: 19883(String)
2019-09-04 04:00:17,588 DEBUG (BaseJdbcLogger.java:143)- ====>  Preparing: select id, name, sex, birthday, phone, ID_number, email, parent_phone, adress, major, state from student_basic where id = ? 
2019-09-04 04:00:17,588 DEBUG (BaseJdbcLogger.java:143)- ====> Parameters: 19097(String)
2019-09-04 04:00:17,588 DEBUG (BaseJdbcLogger.java:143)- <====      Total: 1
2019-09-04 04:00:17,589 DEBUG (BaseJdbcLogger.java:143)- ====>  Preparing: select id, name, sex, birthday, phone, ID_number, email, parent_phone, adress, major, state from student_basic where id = ? 
2019-09-04 04:00:17,590 DEBUG (BaseJdbcLogger.java:143)- <====      Total: 1
2019-09-04 04:00:17,590 DEBUG (BaseJdbcLogger.java:143)- ====> Parameters: 19884(String)
2019-09-04 04:00:17,590 DEBUG (BaseJdbcLogger.java:143)- ====>  Preparing: select id, name, sex, birthday, phone, ID_number, email, parent_phone, adress, major, state from student_basic where id = ? 
2019-09-04 04:00:17,591 DEBUG (BaseJdbcLogger.java:143)- ====> Parameters: 19098(String)
2019-09-04 04:00:17,591 DEBUG (BaseJdbcLogger.java:143)- <====      Total: 1
2019-09-04 04:00:17,591 DEBUG (BaseJdbcLogger.java:143)- ====>  Preparing: select id, name, sex, birthday, phone, ID_number, email, parent_phone, adress, major, state from student_basic where id = ? 
2019-09-04 04:00:17,591 DEBUG (BaseJdbcLogger.java:143)- ====> Parameters: 19887(String)
2019-09-04 04:00:17,591 DEBUG (BaseJdbcLogger.java:143)- <====      Total: 1
2019-09-04 04:00:17,592 DEBUG (BaseJdbcLogger.java:143)- ====>  Preparing: select id, name, sex, birthday, phone, ID_number, email, parent_phone, adress, major, state from student_basic where id = ? 
2019-09-04 04:00:17,593 DEBUG (BaseJdbcLogger.java:143)- <====      Total: 1
2019-09-04 04:00:17,593 DEBUG (BaseJdbcLogger.java:143)- ====>  Preparing: select id, name, sex, birthday, phone, ID_number, email, parent_phone, adress, major, state from student_basic where id = ? 
2019-09-04 04:00:17,593 DEBUG (BaseJdbcLogger.java:143)- ====> Parameters: 19099(String)
2019-09-04 04:00:17,593 DEBUG (BaseJdbcLogger.java:143)- ====> Parameters: 19888(String)
2019-09-04 04:00:17,594 DEBUG (BaseJdbcLogger.java:143)- <====      Total: 1
2019-09-04 04:00:17,594 DEBUG (BaseJdbcLogger.java:143)- <====      Total: 1
2019-09-04 04:00:17,595 DEBUG (BaseJdbcLogger.java:143)- ====>  Preparing: select id, name, sex, birthday, phone, ID_number, email, parent_phone, adress, major, state from student_basic where id = ? 
2019-09-04 04:00:17,595 DEBUG (BaseJdbcLogger.java:143)- ====>  Preparing: select id, name, sex, birthday, phone, ID_number, email, parent_phone, adress, major, state from student_basic where id = ? 
2019-09-04 04:00:17,596 DEBUG (BaseJdbcLogger.java:143)- ====> Parameters: 19100(String)
2019-09-04 04:00:17,596 DEBUG (BaseJdbcLogger.java:143)- ====> Parameters: 19890(String)
2019-09-04 04:00:17,597 DEBUG (BaseJdbcLogger.java:143)- <====      Total: 1
2019-09-04 04:00:17,597 DEBUG (BaseJdbcLogger.java:143)- <====      Total: 1
2019-09-04 04:00:17,597 DEBUG (BaseJdbcLogger.java:143)- ====>  Preparing: select id, name, sex, birthday, phone, ID_number, email, parent_phone, adress, major, state from student_basic where id = ? 
2019-09-04 04:00:17,597 DEBUG (BaseJdbcLogger.java:143)- ====>  Preparing: select id, name, sex, birthday, phone, ID_number, email, parent_phone, adress, major, state from student_basic where id = ? 
2019-09-04 04:00:17,598 DEBUG (BaseJdbcLogger.java:143)- ====> Parameters: 19101(String)
2019-09-04 04:00:17,598 DEBUG (BaseJdbcLogger.java:143)- ====> Parameters: 19891(String)
2019-09-04 04:00:17,600 DEBUG (BaseJdbcLogger.java:143)- <====      Total: 1
2019-09-04 04:00:17,600 DEBUG (BaseJdbcLogger.java:143)- <====      Total: 1
2019-09-04 04:00:17,600 DEBUG (BaseJdbcLogger.java:143)- ====>  Preparing: select id, name, sex, birthday, phone, ID_number, email, parent_phone, adress, major, state from student_basic where id = ? 
2019-09-04 04:00:17,600 DEBUG (BaseJdbcLogger.java:143)- ====>  Preparing: select id, name, sex, birthday, phone, ID_number, email, parent_phone, adress, major, state from student_basic where id = ? 
2019-09-04 04:00:17,600 DEBUG (BaseJdbcLogger.java:143)- ====> Parameters: 19102(String)
2019-09-04 04:00:17,600 DEBUG (BaseJdbcLogger.java:143)- ====> Parameters: 19892(String)
2019-09-04 04:00:17,600 DEBUG (BaseJdbcLogger.java:143)- <====      Total: 1
2019-09-04 04:00:17,600 DEBUG (BaseJdbcLogger.java:143)- <====      Total: 1
2019-09-04 04:00:17,601 DEBUG (BaseJdbcLogger.java:143)- ====>  Preparing: select id, name, sex, birthday, phone, ID_number, email, parent_phone, adress, major, state from student_basic where id = ? 
2019-09-04 04:00:17,601 DEBUG (BaseJdbcLogger.java:143)- ====>  Preparing: select id, name, sex, birthday, phone, ID_number, email, parent_phone, adress, major, state from student_basic where id = ? 
2019-09-04 04:00:17,601 DEBUG (BaseJdbcLogger.java:143)- ====> Parameters: 19104(String)
2019-09-04 04:00:17,601 DEBUG (BaseJdbcLogger.java:143)- ====> Parameters: 19895(String)
2019-09-04 04:00:17,602 DEBUG (BaseJdbcLogger.java:143)- <====      Total: 1
2019-09-04 04:00:17,602 DEBUG (BaseJdbcLogger.java:143)- <====      Total: 1
2019-09-04 04:00:17,603 DEBUG (BaseJdbcLogger.java:143)- ====>  Preparing: select id, name, sex, birthday, phone, ID_number, email, parent_phone, adress, major, state from student_basic where id = ? 
2019-09-04 04:00:17,603 DEBUG (BaseJdbcLogger.java:143)- ====>  Preparing: select id, name, sex, birthday, phone, ID_number, email, parent_phone, adress, major, state from student_basic where id = ? 
2019-09-04 04:00:17,603 DEBUG (BaseJdbcLogger.java:143)- ====> Parameters: 19105(String)
2019-09-04 04:00:17,603 DEBUG (BaseJdbcLogger.java:143)- ====> Parameters: 19896(String)
2019-09-04 04:00:17,603 DEBUG (BaseJdbcLogger.java:143)- <====      Total: 1
2019-09-04 04:00:17,603 DEBUG (BaseJdbcLogger.java:143)- <====      Total: 1
2019-09-04 04:00:17,604 DEBUG (BaseJdbcLogger.java:143)- <==      Total: 25
2019-09-04 04:00:17,604 DEBUG (BaseJdbcLogger.java:143)- ====>  Preparing: select id, name, sex, birthday, phone, ID_number, email, parent_phone, adress, major, state from student_basic where id = ? 
2019-09-04 04:00:17,605 DEBUG (BaseJdbcLogger.java:143)- ==>  Preparing: select dormitory_allocation.id, dormitory_allocation.class_id, dormitory_allocation.dormitory_id,dormitory_allocation.number from dormitory_allocation,dormitory WHERE dormitory_allocation.dormitory_id=dormitory.id and dormitory.sex=? and class_id = ? 
2019-09-04 04:00:17,605 DEBUG (BaseJdbcLogger.java:143)- ====> Parameters: 19108(String)
2019-09-04 04:00:17,605 DEBUG (BaseJdbcLogger.java:143)- ==> Parameters: 男(String), 080205201903(String)
2019-09-04 04:00:17,605 DEBUG (BaseJdbcLogger.java:143)- <====      Total: 1
2019-09-04 04:00:17,605 DEBUG (BaseJdbcLogger.java:143)- <==      Total: 0
2019-09-04 04:00:17,605 DEBUG (BaseJdbcLogger.java:143)- ====>  Preparing: select id, name, sex, birthday, phone, ID_number, email, parent_phone, adress, major, state from student_basic where id = ? 
2019-09-04 04:00:17,605 DEBUG (BaseJdbcLogger.java:143)- ==>  Preparing: select student_status.id,student_status.basic_id, student_status.student_id, student_status.class_id from student_status,student_basic where student_status.basic_id=student_basic.id and student_basic.sex=? and student_status.class_id=? 
2019-09-04 04:00:17,605 DEBUG (BaseJdbcLogger.java:143)- ====> Parameters: 19111(String)
2019-09-04 04:00:17,605 DEBUG (BaseJdbcLogger.java:143)- ==> Parameters: 男(String), 130503201901(String)
2019-09-04 04:00:17,606 DEBUG (BaseJdbcLogger.java:143)- <====      Total: 1
2019-09-04 04:00:17,607 DEBUG (BaseJdbcLogger.java:143)- ====>  Preparing: select id, name, sex, birthday, phone, ID_number, email, parent_phone, adress, major, state from student_basic where id = ? 
2019-09-04 04:00:17,607 DEBUG (BaseJdbcLogger.java:143)- ====>  Preparing: select id, name, sex, birthday, phone, ID_number, email, parent_phone, adress, major, state from student_basic where id = ? 
2019-09-04 04:00:17,607 DEBUG (BaseJdbcLogger.java:143)- ====> Parameters: 19112(String)
2019-09-04 04:00:17,607 DEBUG (BaseJdbcLogger.java:143)- ====> Parameters: 19580(String)
2019-09-04 04:00:17,607 DEBUG (BaseJdbcLogger.java:143)- <====      Total: 1
2019-09-04 04:00:17,607 DEBUG (BaseJdbcLogger.java:143)- <====      Total: 1
2019-09-04 04:00:17,607 DEBUG (BaseJdbcLogger.java:143)- ====>  Preparing: select id, name, sex, birthday, phone, ID_number, email, parent_phone, adress, major, state from student_basic where id = ? 
2019-09-04 04:00:17,607 DEBUG (BaseJdbcLogger.java:143)- ====>  Preparing: select id, class_id, name, director, grade, major_id from class where class_id = ? 
2019-09-04 04:00:17,608 DEBUG (BaseJdbcLogger.java:143)- ====> Parameters: 19113(String)
2019-09-04 04:00:17,608 DEBUG (BaseJdbcLogger.java:143)- ====> Parameters: 130503201901(String)
2019-09-04 04:00:17,609 DEBUG (BaseJdbcLogger.java:143)- <====      Total: 1
2019-09-04 04:00:17,609 DEBUG (BaseJdbcLogger.java:143)- ======>  Preparing: select id, major_id, name, price, department_id from major where major_id = ? 
2019-09-04 04:00:17,609 DEBUG (BaseJdbcLogger.java:143)- ======> Parameters: 130503(String)
2019-09-04 04:00:17,609 DEBUG (BaseJdbcLogger.java:143)- ====>  Preparing: select id, name, sex, birthday, phone, ID_number, email, parent_phone, adress, major, state from student_basic where id = ? 
2019-09-04 04:00:17,610 DEBUG (BaseJdbcLogger.java:143)- ====> Parameters: 19117(String)
2019-09-04 04:00:17,610 DEBUG (BaseJdbcLogger.java:143)- <======      Total: 1
2019-09-04 04:00:17,610 DEBUG (BaseJdbcLogger.java:143)- <====      Total: 1
2019-09-04 04:00:17,610 DEBUG (BaseJdbcLogger.java:143)- <====      Total: 1
2019-09-04 04:00:17,611 DEBUG (BaseJdbcLogger.java:143)- ====>  Preparing: select id, name, sex, birthday, phone, ID_number, email, parent_phone, adress, major, state from student_basic where id = ? 
2019-09-04 04:00:17,611 DEBUG (BaseJdbcLogger.java:143)- ====>  Preparing: select id, name, sex, birthday, phone, ID_number, email, parent_phone, adress, major, state from student_basic where id = ? 
2019-09-04 04:00:17,611 DEBUG (BaseJdbcLogger.java:143)- ====> Parameters: 19581(String)
2019-09-04 04:00:17,611 DEBUG (BaseJdbcLogger.java:143)- ====> Parameters: 19118(String)
2019-09-04 04:00:17,611 DEBUG (BaseJdbcLogger.java:143)- <====      Total: 1
2019-09-04 04:00:17,611 DEBUG (BaseJdbcLogger.java:143)- <====      Total: 1
2019-09-04 04:00:17,612 DEBUG (BaseJdbcLogger.java:143)- ====>  Preparing: select id, name, sex, birthday, phone, ID_number, email, parent_phone, adress, major, state from student_basic where id = ? 
2019-09-04 04:00:17,612 DEBUG (BaseJdbcLogger.java:143)- ====>  Preparing: select id, name, sex, birthday, phone, ID_number, email, parent_phone, adress, major, state from student_basic where id = ? 
2019-09-04 04:00:17,612 DEBUG (BaseJdbcLogger.java:143)- ====> Parameters: 19585(String)
2019-09-04 04:00:17,612 DEBUG (BaseJdbcLogger.java:143)- ====> Parameters: 19119(String)
2019-09-04 04:00:17,613 DEBUG (BaseJdbcLogger.java:143)- <====      Total: 1
2019-09-04 04:00:17,613 DEBUG (BaseJdbcLogger.java:143)- <====      Total: 1
2019-09-04 04:00:17,614 DEBUG (BaseJdbcLogger.java:143)- ====>  Preparing: select id, name, sex, birthday, phone, ID_number, email, parent_phone, adress, major, state from student_basic where id = ? 
2019-09-04 04:00:17,614 DEBUG (BaseJdbcLogger.java:143)- ====>  Preparing: select id, name, sex, birthday, phone, ID_number, email, parent_phone, adress, major, state from student_basic where id = ? 
2019-09-04 04:00:17,615 DEBUG (BaseJdbcLogger.java:143)- ====> Parameters: 19120(String)
2019-09-04 04:00:17,615 DEBUG (BaseJdbcLogger.java:143)- ====> Parameters: 19586(String)
2019-09-04 04:00:17,615 DEBUG (BaseJdbcLogger.java:143)- <====      Total: 1
2019-09-04 04:00:17,615 DEBUG (BaseJdbcLogger.java:143)- <====      Total: 1
2019-09-04 04:00:17,616 DEBUG (BaseJdbcLogger.java:143)- ====>  Preparing: select id, name, sex, birthday, phone, ID_number, email, parent_phone, adress, major, state from student_basic where id = ? 
2019-09-04 04:00:17,616 DEBUG (BaseJdbcLogger.java:143)- ====>  Preparing: select id, name, sex, birthday, phone, ID_number, email, parent_phone, adress, major, state from student_basic where id = ? 
2019-09-04 04:00:17,616 DEBUG (BaseJdbcLogger.java:143)- ====> Parameters: 19121(String)
2019-09-04 04:00:17,616 DEBUG (BaseJdbcLogger.java:143)- ====> Parameters: 19587(String)
2019-09-04 04:00:17,616 DEBUG (BaseJdbcLogger.java:143)- <====      Total: 1
2019-09-04 04:00:17,616 DEBUG (BaseJdbcLogger.java:143)- <====      Total: 1
2019-09-04 04:00:17,617 DEBUG (BaseJdbcLogger.java:143)- ====>  Preparing: select id, name, sex, birthday, phone, ID_number, email, parent_phone, adress, major, state from student_basic where id = ? 
2019-09-04 04:00:17,617 DEBUG (BaseJdbcLogger.java:143)- ====>  Preparing: select id, name, sex, birthday, phone, ID_number, email, parent_phone, adress, major, state from student_basic where id = ? 
2019-09-04 04:00:17,617 DEBUG (BaseJdbcLogger.java:143)- ====> Parameters: 19122(String)
2019-09-04 04:00:17,617 DEBUG (BaseJdbcLogger.java:143)- ====> Parameters: 19589(String)
2019-09-04 04:00:17,618 DEBUG (BaseJdbcLogger.java:143)- <====      Total: 1
2019-09-04 04:00:17,618 DEBUG (BaseJdbcLogger.java:143)- <====      Total: 1
2019-09-04 04:00:17,618 DEBUG (BaseJdbcLogger.java:143)- <==      Total: 21
2019-09-04 04:00:17,618 DEBUG (BaseJdbcLogger.java:143)- ====>  Preparing: select id, name, sex, birthday, phone, ID_number, email, parent_phone, adress, major, state from student_basic where id = ? 
2019-09-04 04:00:17,618 DEBUG (BaseJdbcLogger.java:143)- ====> Parameters: 19593(String)
2019-09-04 04:00:17,618 DEBUG (BaseJdbcLogger.java:143)- ==>  Preparing: select dormitory_allocation.id, dormitory_allocation.class_id, dormitory_allocation.dormitory_id,dormitory_allocation.number from dormitory_allocation,dormitory WHERE dormitory_allocation.dormitory_id=dormitory.id and dormitory.sex=? and class_id = ? 
2019-09-04 04:00:17,619 DEBUG (BaseJdbcLogger.java:143)- ==> Parameters: 男(String), 080901201903(String)
2019-09-04 04:00:17,619 DEBUG (BaseJdbcLogger.java:143)- <====      Total: 1
2019-09-04 04:00:17,619 DEBUG (BaseJdbcLogger.java:143)- ====>  Preparing: select id, dong, floor, room, sex, number, rent,hasnumber from dormitory where id = ? 
2019-09-04 04:00:17,619 DEBUG (BaseJdbcLogger.java:143)- ====>  Preparing: select id, name, sex, birthday, phone, ID_number, email, parent_phone, adress, major, state from student_basic where id = ? 
2019-09-04 04:00:17,619 DEBUG (BaseJdbcLogger.java:143)- ====> Parameters: 10(Integer)
2019-09-04 04:00:17,620 DEBUG (BaseJdbcLogger.java:143)- ====> Parameters: 19594(String)
2019-09-04 04:00:17,620 DEBUG (BaseJdbcLogger.java:143)- <====      Total: 1
2019-09-04 04:00:17,621 DEBUG (BaseJdbcLogger.java:143)- ====>  Preparing: select id, name, sex, birthday, phone, ID_number, email, parent_phone, adress, major, state from student_basic where id = ? 
2019-09-04 04:00:17,621 DEBUG (BaseJdbcLogger.java:143)- <====      Total: 1
2019-09-04 04:00:17,621 DEBUG (BaseJdbcLogger.java:143)- ====> Parameters: 19595(String)
2019-09-04 04:00:17,621 DEBUG (BaseJdbcLogger.java:143)- ====>  Preparing: select id, dong, floor, room, sex, number, rent,hasnumber from dormitory where id = ? 
2019-09-04 04:00:17,621 DEBUG (BaseJdbcLogger.java:143)- ====> Parameters: 11(Integer)
2019-09-04 04:00:17,621 DEBUG (BaseJdbcLogger.java:143)- <====      Total: 1
2019-09-04 04:00:17,622 DEBUG (BaseJdbcLogger.java:143)- ====>  Preparing: select id, name, sex, birthday, phone, ID_number, email, parent_phone, adress, major, state from student_basic where id = ? 
2019-09-04 04:00:17,622 DEBUG (BaseJdbcLogger.java:143)- <====      Total: 1
2019-09-04 04:00:17,622 DEBUG (BaseJdbcLogger.java:143)- ====> Parameters: 19596(String)
2019-09-04 04:00:17,622 DEBUG (BaseJdbcLogger.java:143)- ====>  Preparing: select id, dong, floor, room, sex, number, rent,hasnumber from dormitory where id = ? 
2019-09-04 04:00:17,623 DEBUG (BaseJdbcLogger.java:143)- ====> Parameters: 12(Integer)
2019-09-04 04:00:17,623 DEBUG (BaseJdbcLogger.java:143)- <====      Total: 1
2019-09-04 04:00:17,623 DEBUG (BaseJdbcLogger.java:143)- <====      Total: 1
2019-09-04 04:00:17,623 DEBUG (BaseJdbcLogger.java:143)- ====>  Preparing: select id, name, sex, birthday, phone, ID_number, email, parent_phone, adress, major, state from student_basic where id = ? 
2019-09-04 04:00:17,624 DEBUG (BaseJdbcLogger.java:143)- ====> Parameters: 19598(String)
2019-09-04 04:00:17,624 DEBUG (BaseJdbcLogger.java:143)- ====>  Preparing: select id, dong, floor, room, sex, number, rent,hasnumber from dormitory where id = ? 
2019-09-04 04:00:17,624 DEBUG (BaseJdbcLogger.java:143)- ====> Parameters: 13(Integer)
2019-09-04 04:00:17,624 DEBUG (BaseJdbcLogger.java:143)- <====      Total: 1
2019-09-04 04:00:17,625 DEBUG (BaseJdbcLogger.java:143)- <====      Total: 1
2019-09-04 04:00:17,625 DEBUG (BaseJdbcLogger.java:143)- ====>  Preparing: select id, name, sex, birthday, phone, ID_number, email, parent_phone, adress, major, state from student_basic where id = ? 
2019-09-04 04:00:17,625 DEBUG (BaseJdbcLogger.java:143)- ====>  Preparing: select id, dong, floor, room, sex, number, rent,hasnumber from dormitory where id = ? 
2019-09-04 04:00:17,625 DEBUG (BaseJdbcLogger.java:143)- ====> Parameters: 19600(String)
2019-09-04 04:00:17,625 DEBUG (BaseJdbcLogger.java:143)- ====> Parameters: 14(Integer)
2019-09-04 04:00:17,626 DEBUG (BaseJdbcLogger.java:143)- <====      Total: 1
2019-09-04 04:00:17,626 DEBUG (BaseJdbcLogger.java:143)- <====      Total: 1
2019-09-04 04:00:17,626 DEBUG (BaseJdbcLogger.java:143)- ====>  Preparing: select id, name, sex, birthday, phone, ID_number, email, parent_phone, adress, major, state from student_basic where id = ? 
2019-09-04 04:00:17,626 DEBUG (BaseJdbcLogger.java:143)- ====>  Preparing: select id, dong, floor, room, sex, number, rent,hasnumber from dormitory where id = ? 
2019-09-04 04:00:17,627 DEBUG (BaseJdbcLogger.java:143)- ====> Parameters: 15(Integer)
2019-09-04 04:00:17,627 DEBUG (BaseJdbcLogger.java:143)- ====> Parameters: 19601(String)
2019-09-04 04:00:17,627 DEBUG (BaseJdbcLogger.java:143)- <====      Total: 1
2019-09-04 04:00:17,627 DEBUG (BaseJdbcLogger.java:143)- <====      Total: 1
2019-09-04 04:00:17,628 DEBUG (BaseJdbcLogger.java:143)- <==      Total: 6
2019-09-04 04:00:17,628 DEBUG (BaseJdbcLogger.java:143)- ====>  Preparing: select id, name, sex, birthday, phone, ID_number, email, parent_phone, adress, major, state from student_basic where id = ? 
2019-09-04 04:00:17,628 DEBUG (BaseJdbcLogger.java:143)- ==>  Preparing: select student_status.id,student_status.basic_id, student_status.student_id, student_status.class_id from student_status,student_basic where student_status.basic_id=student_basic.id and student_basic.sex=? and student_status.class_id=? 
2019-09-04 04:00:17,628 DEBUG (BaseJdbcLogger.java:143)- ====> Parameters: 19602(String)
2019-09-04 04:00:17,628 DEBUG (BaseJdbcLogger.java:143)- ==> Parameters: 男(String), 080901201904(String)
2019-09-04 04:00:17,629 DEBUG (BaseJdbcLogger.java:143)- <====      Total: 1
2019-09-04 04:00:17,630 DEBUG (BaseJdbcLogger.java:143)- ====>  Preparing: select id, name, sex, birthday, phone, ID_number, email, parent_phone, adress, major, state from student_basic where id = ? 
2019-09-04 04:00:17,630 DEBUG (BaseJdbcLogger.java:143)- ====>  Preparing: select id, name, sex, birthday, phone, ID_number, email, parent_phone, adress, major, state from student_basic where id = ? 
2019-09-04 04:00:17,630 DEBUG (BaseJdbcLogger.java:143)- ====> Parameters: 19124(String)
2019-09-04 04:00:17,630 DEBUG (BaseJdbcLogger.java:143)- ====> Parameters: 19603(String)
2019-09-04 04:00:17,631 DEBUG (BaseJdbcLogger.java:143)- <====      Total: 1
2019-09-04 04:00:17,631 DEBUG (BaseJdbcLogger.java:143)- <====      Total: 1
2019-09-04 04:00:17,631 DEBUG (BaseJdbcLogger.java:143)- ====>  Preparing: select id, class_id, name, director, grade, major_id from class where class_id = ? 
2019-09-04 04:00:17,631 DEBUG (BaseJdbcLogger.java:143)- ====>  Preparing: select id, name, sex, birthday, phone, ID_number, email, parent_phone, adress, major, state from student_basic where id = ? 
2019-09-04 04:00:17,631 DEBUG (BaseJdbcLogger.java:143)- ====> Parameters: 080901201904(String)
2019-09-04 04:00:17,631 DEBUG (BaseJdbcLogger.java:143)- ====> Parameters: 19604(String)
2019-09-04 04:00:17,632 DEBUG (BaseJdbcLogger.java:143)- <====      Total: 1
2019-09-04 04:00:17,632 DEBUG (BaseJdbcLogger.java:143)- ======>  Preparing: select id, major_id, name, price, department_id from major where major_id = ? 
2019-09-04 04:00:17,632 DEBUG (BaseJdbcLogger.java:143)- ====>  Preparing: select id, name, sex, birthday, phone, ID_number, email, parent_phone, adress, major, state from student_basic where id = ? 
2019-09-04 04:00:17,632 DEBUG (BaseJdbcLogger.java:143)- ======> Parameters: 080901(String)
2019-09-04 04:00:17,633 DEBUG (BaseJdbcLogger.java:143)- ====> Parameters: 19605(String)
2019-09-04 04:00:17,633 DEBUG (BaseJdbcLogger.java:143)- <======      Total: 1
2019-09-04 04:00:17,633 DEBUG (BaseJdbcLogger.java:143)- <====      Total: 1
2019-09-04 04:00:17,633 DEBUG (BaseJdbcLogger.java:143)- <====      Total: 1
2019-09-04 04:00:17,634 DEBUG (BaseJdbcLogger.java:143)- ====>  Preparing: select id, name, sex, birthday, phone, ID_number, email, parent_phone, adress, major, state from student_basic where id = ? 
2019-09-04 04:00:17,634 DEBUG (BaseJdbcLogger.java:143)- ====>  Preparing: select id, name, sex, birthday, phone, ID_number, email, parent_phone, adress, major, state from student_basic where id = ? 
2019-09-04 04:00:17,634 DEBUG (BaseJdbcLogger.java:143)- ====> Parameters: 19127(String)
2019-09-04 04:00:17,634 DEBUG (BaseJdbcLogger.java:143)- ====> Parameters: 19606(String)
2019-09-04 04:00:17,635 DEBUG (BaseJdbcLogger.java:143)- <====      Total: 1
2019-09-04 04:00:17,635 DEBUG (BaseJdbcLogger.java:143)- <====      Total: 1
2019-09-04 04:00:17,635 DEBUG (BaseJdbcLogger.java:143)- ====>  Preparing: select id, name, sex, birthday, phone, ID_number, email, parent_phone, adress, major, state from student_basic where id = ? 
2019-09-04 04:00:17,635 DEBUG (BaseJdbcLogger.java:143)- ====>  Preparing: select id, name, sex, birthday, phone, ID_number, email, parent_phone, adress, major, state from student_basic where id = ? 
2019-09-04 04:00:17,635 DEBUG (BaseJdbcLogger.java:143)- ====> Parameters: 19607(String)
2019-09-04 04:00:17,635 DEBUG (BaseJdbcLogger.java:143)- ====> Parameters: 19129(String)
2019-09-04 04:00:17,636 DEBUG (BaseJdbcLogger.java:143)- <====      Total: 1
2019-09-04 04:00:17,636 DEBUG (BaseJdbcLogger.java:143)- <====      Total: 1
2019-09-04 04:00:17,636 DEBUG (BaseJdbcLogger.java:143)- ====>  Preparing: select id, name, sex, birthday, phone, ID_number, email, parent_phone, adress, major, state from student_basic where id = ? 
2019-09-04 04:00:17,636 DEBUG (BaseJdbcLogger.java:143)- ====>  Preparing: select id, name, sex, birthday, phone, ID_number, email, parent_phone, adress, major, state from student_basic where id = ? 
2019-09-04 04:00:17,637 DEBUG (BaseJdbcLogger.java:143)- ====> Parameters: 19130(String)
2019-09-04 04:00:17,637 DEBUG (BaseJdbcLogger.java:143)- ====> Parameters: 19608(String)
2019-09-04 04:00:17,637 DEBUG (BaseJdbcLogger.java:143)- <====      Total: 1
2019-09-04 04:00:17,637 DEBUG (BaseJdbcLogger.java:143)- <====      Total: 1
2019-09-04 04:00:17,638 DEBUG (BaseJdbcLogger.java:143)- ====>  Preparing: select id, name, sex, birthday, phone, ID_number, email, parent_phone, adress, major, state from student_basic where id = ? 
2019-09-04 04:00:17,638 DEBUG (BaseJdbcLogger.java:143)- ====>  Preparing: select id, name, sex, birthday, phone, ID_number, email, parent_phone, adress, major, state from student_basic where id = ? 
2019-09-04 04:00:17,638 DEBUG (BaseJdbcLogger.java:143)- ====> Parameters: 19132(String)
2019-09-04 04:00:17,638 DEBUG (BaseJdbcLogger.java:143)- ====> Parameters: 19609(String)
2019-09-04 04:00:17,639 DEBUG (BaseJdbcLogger.java:143)- <====      Total: 1
2019-09-04 04:00:17,639 DEBUG (BaseJdbcLogger.java:143)- <====      Total: 1
2019-09-04 04:00:17,639 DEBUG (BaseJdbcLogger.java:143)- ====>  Preparing: select id, name, sex, birthday, phone, ID_number, email, parent_phone, adress, major, state from student_basic where id = ? 
2019-09-04 04:00:17,639 DEBUG (BaseJdbcLogger.java:143)- ====>  Preparing: select id, name, sex, birthday, phone, ID_number, email, parent_phone, adress, major, state from student_basic where id = ? 
2019-09-04 04:00:17,639 DEBUG (BaseJdbcLogger.java:143)- ====> Parameters: 19134(String)
2019-09-04 04:00:17,639 DEBUG (BaseJdbcLogger.java:143)- ====> Parameters: 19610(String)
2019-09-04 04:00:17,640 DEBUG (BaseJdbcLogger.java:143)- <====      Total: 1
2019-09-04 04:00:17,640 DEBUG (BaseJdbcLogger.java:143)- <====      Total: 1
2019-09-04 04:00:17,641 DEBUG (BaseJdbcLogger.java:143)- ====>  Preparing: select id, name, sex, birthday, phone, ID_number, email, parent_phone, adress, major, state from student_basic where id = ? 
2019-09-04 04:00:17,641 DEBUG (BaseJdbcLogger.java:143)- ====>  Preparing: select id, name, sex, birthday, phone, ID_number, email, parent_phone, adress, major, state from student_basic where id = ? 
2019-09-04 04:00:17,641 DEBUG (BaseJdbcLogger.java:143)- ====> Parameters: 19135(String)
2019-09-04 04:00:17,641 DEBUG (BaseJdbcLogger.java:143)- ====> Parameters: 19611(String)
2019-09-04 04:00:17,641 DEBUG (BaseJdbcLogger.java:143)- <====      Total: 1
2019-09-04 04:00:17,641 DEBUG (BaseJdbcLogger.java:143)- <====      Total: 1
2019-09-04 04:00:17,642 DEBUG (BaseJdbcLogger.java:143)- ====>  Preparing: select id, name, sex, birthday, phone, ID_number, email, parent_phone, adress, major, state from student_basic where id = ? 
2019-09-04 04:00:17,642 DEBUG (BaseJdbcLogger.java:143)- ====>  Preparing: select id, name, sex, birthday, phone, ID_number, email, parent_phone, adress, major, state from student_basic where id = ? 
2019-09-04 04:00:17,642 DEBUG (BaseJdbcLogger.java:143)- ====> Parameters: 19612(String)
2019-09-04 04:00:17,642 DEBUG (BaseJdbcLogger.java:143)- ====> Parameters: 19136(String)
2019-09-04 04:00:17,643 DEBUG (BaseJdbcLogger.java:143)- <====      Total: 1
2019-09-04 04:00:17,643 DEBUG (BaseJdbcLogger.java:143)- <====      Total: 1
2019-09-04 04:00:17,643 DEBUG (BaseJdbcLogger.java:143)- <==      Total: 24
2019-09-04 04:00:17,644 DEBUG (BaseJdbcLogger.java:143)- ====>  Preparing: select id, name, sex, birthday, phone, ID_number, email, parent_phone, adress, major, state from student_basic where id = ? 
2019-09-04 04:00:17,644 DEBUG (BaseJdbcLogger.java:143)- ====> Parameters: 19137(String)
2019-09-04 04:00:17,644 DEBUG (BaseJdbcLogger.java:143)- ==>  Preparing: select dormitory_allocation.id, dormitory_allocation.class_id, dormitory_allocation.dormitory_id,dormitory_allocation.number from dormitory_allocation,dormitory WHERE dormitory_allocation.dormitory_id=dormitory.id and dormitory.sex=? and class_id = ? 
2019-09-04 04:00:17,645 DEBUG (BaseJdbcLogger.java:143)- ==> Parameters: 男(String), 130503201901(String)
2019-09-04 04:00:17,645 DEBUG (BaseJdbcLogger.java:143)- <====      Total: 1
2019-09-04 04:00:17,645 DEBUG (BaseJdbcLogger.java:143)- <==      Total: 0
2019-09-04 04:00:17,646 DEBUG (BaseJdbcLogger.java:143)- ====>  Preparing: select id, name, sex, birthday, phone, ID_number, email, parent_phone, adress, major, state from student_basic where id = ? 
2019-09-04 04:00:17,647 DEBUG (BaseJdbcLogger.java:143)- ====> Parameters: 19139(String)
2019-09-04 04:00:17,647 DEBUG (BaseJdbcLogger.java:143)- ==>  Preparing: select student_status.id,student_status.basic_id, student_status.student_id, student_status.class_id from student_status,student_basic where student_status.basic_id=student_basic.id and student_basic.sex=? and student_status.class_id=? 
2019-09-04 04:00:17,647 DEBUG (BaseJdbcLogger.java:143)- ==> Parameters: 男(String), 130503201902(String)
2019-09-04 04:00:17,648 DEBUG (BaseJdbcLogger.java:143)- <====      Total: 1
2019-09-04 04:00:17,649 DEBUG (BaseJdbcLogger.java:143)- ====>  Preparing: select id, name, sex, birthday, phone, ID_number, email, parent_phone, adress, major, state from student_basic where id = ? 
2019-09-04 04:00:17,649 DEBUG (BaseJdbcLogger.java:143)- ====>  Preparing: select id, name, sex, birthday, phone, ID_number, email, parent_phone, adress, major, state from student_basic where id = ? 
2019-09-04 04:00:17,649 DEBUG (BaseJdbcLogger.java:143)- ====> Parameters: 19141(String)
2019-09-04 04:00:17,649 DEBUG (BaseJdbcLogger.java:143)- ====> Parameters: 19615(String)
2019-09-04 04:00:17,650 DEBUG (BaseJdbcLogger.java:143)- <====      Total: 1
2019-09-04 04:00:17,650 DEBUG (BaseJdbcLogger.java:143)- <====      Total: 1
2019-09-04 04:00:17,650 DEBUG (BaseJdbcLogger.java:143)- ====>  Preparing: select id, class_id, name, director, grade, major_id from class where class_id = ? 
2019-09-04 04:00:17,650 DEBUG (BaseJdbcLogger.java:143)- ====>  Preparing: select id, name, sex, birthday, phone, ID_number, email, parent_phone, adress, major, state from student_basic where id = ? 
2019-09-04 04:00:17,651 DEBUG (BaseJdbcLogger.java:143)- ====> Parameters: 130503201902(String)
2019-09-04 04:00:17,651 DEBUG (BaseJdbcLogger.java:143)- ====> Parameters: 19142(String)
2019-09-04 04:00:17,651 DEBUG (BaseJdbcLogger.java:143)- <====      Total: 1
2019-09-04 04:00:17,651 DEBUG (BaseJdbcLogger.java:143)- ======>  Preparing: select id, major_id, name, price, department_id from major where major_id = ? 
2019-09-04 04:00:17,652 DEBUG (BaseJdbcLogger.java:143)- ====>  Preparing: select id, name, sex, birthday, phone, ID_number, email, parent_phone, adress, major, state from student_basic where id = ? 
2019-09-04 04:00:17,652 DEBUG (BaseJdbcLogger.java:143)- ======> Parameters: 130503(String)
2019-09-04 04:00:17,652 DEBUG (BaseJdbcLogger.java:143)- ====> Parameters: 19143(String)
2019-09-04 04:00:17,653 DEBUG (BaseJdbcLogger.java:143)- <======      Total: 1
2019-09-04 04:00:17,653 DEBUG (BaseJdbcLogger.java:143)- <====      Total: 1
2019-09-04 04:00:17,653 DEBUG (BaseJdbcLogger.java:143)- <====      Total: 1
2019-09-04 04:00:17,653 DEBUG (BaseJdbcLogger.java:143)- ====>  Preparing: select id, name, sex, birthday, phone, ID_number, email, parent_phone, adress, major, state from student_basic where id = ? 
2019-09-04 04:00:17,653 DEBUG (BaseJdbcLogger.java:143)- ====>  Preparing: select id, name, sex, birthday, phone, ID_number, email, parent_phone, adress, major, state from student_basic where id = ? 
2019-09-04 04:00:17,653 DEBUG (BaseJdbcLogger.java:143)- ====> Parameters: 19147(String)
2019-09-04 04:00:17,653 DEBUG (BaseJdbcLogger.java:143)- ====> Parameters: 19618(String)
2019-09-04 04:00:17,654 DEBUG (BaseJdbcLogger.java:143)- <====      Total: 1
2019-09-04 04:00:17,654 DEBUG (BaseJdbcLogger.java:143)- <====      Total: 1
2019-09-04 04:00:17,655 DEBUG (BaseJdbcLogger.java:143)- ====>  Preparing: select id, name, sex, birthday, phone, ID_number, email, parent_phone, adress, major, state from student_basic where id = ? 
2019-09-04 04:00:17,655 DEBUG (BaseJdbcLogger.java:143)- ====>  Preparing: select id, name, sex, birthday, phone, ID_number, email, parent_phone, adress, major, state from student_basic where id = ? 
2019-09-04 04:00:17,655 DEBUG (BaseJdbcLogger.java:143)- ====> Parameters: 19148(String)
2019-09-04 04:00:17,655 DEBUG (BaseJdbcLogger.java:143)- ====> Parameters: 19619(String)
2019-09-04 04:00:17,656 DEBUG (BaseJdbcLogger.java:143)- <====      Total: 1
2019-09-04 04:00:17,656 DEBUG (BaseJdbcLogger.java:143)- <====      Total: 1
2019-09-04 04:00:17,656 DEBUG (BaseJdbcLogger.java:143)- ====>  Preparing: select id, name, sex, birthday, phone, ID_number, email, parent_phone, adress, major, state from student_basic where id = ? 
2019-09-04 04:00:17,656 DEBUG (BaseJdbcLogger.java:143)- ====>  Preparing: select id, name, sex, birthday, phone, ID_number, email, parent_phone, adress, major, state from student_basic where id = ? 
2019-09-04 04:00:17,656 DEBUG (BaseJdbcLogger.java:143)- ====> Parameters: 19149(String)
2019-09-04 04:00:17,656 DEBUG (BaseJdbcLogger.java:143)- ====> Parameters: 19620(String)
2019-09-04 04:00:17,657 DEBUG (BaseJdbcLogger.java:143)- <====      Total: 1
2019-09-04 04:00:17,657 DEBUG (BaseJdbcLogger.java:143)- <====      Total: 1
2019-09-04 04:00:17,658 DEBUG (BaseJdbcLogger.java:143)- ====>  Preparing: select id, name, sex, birthday, phone, ID_number, email, parent_phone, adress, major, state from student_basic where id = ? 
2019-09-04 04:00:17,658 DEBUG (BaseJdbcLogger.java:143)- ====>  Preparing: select id, name, sex, birthday, phone, ID_number, email, parent_phone, adress, major, state from student_basic where id = ? 
2019-09-04 04:00:17,658 DEBUG (BaseJdbcLogger.java:143)- ====> Parameters: 19621(String)
2019-09-04 04:00:17,658 DEBUG (BaseJdbcLogger.java:143)- ====> Parameters: 19150(String)
2019-09-04 04:00:17,658 DEBUG (BaseJdbcLogger.java:143)- <====      Total: 1
2019-09-04 04:00:17,658 DEBUG (BaseJdbcLogger.java:143)- <====      Total: 1
2019-09-04 04:00:17,659 DEBUG (BaseJdbcLogger.java:143)- ====>  Preparing: select id, name, sex, birthday, phone, ID_number, email, parent_phone, adress, major, state from student_basic where id = ? 
2019-09-04 04:00:17,659 DEBUG (BaseJdbcLogger.java:143)- ====>  Preparing: select id, name, sex, birthday, phone, ID_number, email, parent_phone, adress, major, state from student_basic where id = ? 
2019-09-04 04:00:17,659 DEBUG (BaseJdbcLogger.java:143)- ====> Parameters: 19152(String)
2019-09-04 04:00:17,659 DEBUG (BaseJdbcLogger.java:143)- ====> Parameters: 19622(String)
2019-09-04 04:00:17,660 DEBUG (BaseJdbcLogger.java:143)- <====      Total: 1
2019-09-04 04:00:17,660 DEBUG (BaseJdbcLogger.java:143)- <====      Total: 1
2019-09-04 04:00:17,661 DEBUG (BaseJdbcLogger.java:143)- ====>  Preparing: select id, name, sex, birthday, phone, ID_number, email, parent_phone, adress, major, state from student_basic where id = ? 
2019-09-04 04:00:17,661 DEBUG (BaseJdbcLogger.java:143)- ====>  Preparing: select id, name, sex, birthday, phone, ID_number, email, parent_phone, adress, major, state from student_basic where id = ? 
2019-09-04 04:00:17,661 DEBUG (BaseJdbcLogger.java:143)- ====> Parameters: 19153(String)
2019-09-04 04:00:17,661 DEBUG (BaseJdbcLogger.java:143)- ====> Parameters: 19629(String)
2019-09-04 04:00:17,662 DEBUG (BaseJdbcLogger.java:143)- <====      Total: 1
2019-09-04 04:00:17,662 DEBUG (BaseJdbcLogger.java:143)- <====      Total: 1
2019-09-04 04:00:17,662 DEBUG (BaseJdbcLogger.java:143)- ====>  Preparing: select id, name, sex, birthday, phone, ID_number, email, parent_phone, adress, major, state from student_basic where id = ? 
2019-09-04 04:00:17,662 DEBUG (BaseJdbcLogger.java:143)- ====>  Preparing: select id, name, sex, birthday, phone, ID_number, email, parent_phone, adress, major, state from student_basic where id = ? 
2019-09-04 04:00:17,663 DEBUG (BaseJdbcLogger.java:143)- ====> Parameters: 19154(String)
2019-09-04 04:00:17,663 DEBUG (BaseJdbcLogger.java:143)- ====> Parameters: 19630(String)
2019-09-04 04:00:17,664 DEBUG (BaseJdbcLogger.java:143)- <====      Total: 1
2019-09-04 04:00:17,664 DEBUG (BaseJdbcLogger.java:143)- <====      Total: 1
2019-09-04 04:00:17,665 DEBUG (BaseJdbcLogger.java:143)- ====>  Preparing: select id, name, sex, birthday, phone, ID_number, email, parent_phone, adress, major, state from student_basic where id = ? 
2019-09-04 04:00:17,665 DEBUG (BaseJdbcLogger.java:143)- ====>  Preparing: select id, name, sex, birthday, phone, ID_number, email, parent_phone, adress, major, state from student_basic where id = ? 
2019-09-04 04:00:17,665 DEBUG (BaseJdbcLogger.java:143)- ====> Parameters: 19632(String)
2019-09-04 04:00:17,665 DEBUG (BaseJdbcLogger.java:143)- ====> Parameters: 19155(String)
2019-09-04 04:00:17,666 DEBUG (BaseJdbcLogger.java:143)- <====      Total: 1
2019-09-04 04:00:17,666 DEBUG (BaseJdbcLogger.java:143)- <====      Total: 1
2019-09-04 04:00:17,666 DEBUG (BaseJdbcLogger.java:143)- <==      Total: 21
2019-09-04 04:00:17,666 DEBUG (BaseJdbcLogger.java:143)- ====>  Preparing: select id, name, sex, birthday, phone, ID_number, email, parent_phone, adress, major, state from student_basic where id = ? 
2019-09-04 04:00:17,667 DEBUG (BaseJdbcLogger.java:143)- ==>  Preparing: select dormitory_allocation.id, dormitory_allocation.class_id, dormitory_allocation.dormitory_id,dormitory_allocation.number from dormitory_allocation,dormitory WHERE dormitory_allocation.dormitory_id=dormitory.id and dormitory.sex=? and class_id = ? 
2019-09-04 04:00:17,667 DEBUG (BaseJdbcLogger.java:143)- ====> Parameters: 19634(String)
2019-09-04 04:00:17,667 DEBUG (BaseJdbcLogger.java:143)- ==> Parameters: 男(String), 080901201904(String)
2019-09-04 04:00:17,667 DEBUG (BaseJdbcLogger.java:143)- <====      Total: 1
2019-09-04 04:00:17,667 DEBUG (BaseJdbcLogger.java:143)- ====>  Preparing: select id, dong, floor, room, sex, number, rent,hasnumber from dormitory where id = ? 
2019-09-04 04:00:17,668 DEBUG (BaseJdbcLogger.java:143)- ====>  Preparing: select id, name, sex, birthday, phone, ID_number, email, parent_phone, adress, major, state from student_basic where id = ? 
2019-09-04 04:00:17,668 DEBUG (BaseJdbcLogger.java:143)- ====> Parameters: 16(Integer)
2019-09-04 04:00:17,668 DEBUG (BaseJdbcLogger.java:143)- ====> Parameters: 19635(String)
2019-09-04 04:00:17,668 DEBUG (BaseJdbcLogger.java:143)- <====      Total: 1
2019-09-04 04:00:17,668 DEBUG (BaseJdbcLogger.java:143)- <====      Total: 1
2019-09-04 04:00:17,669 DEBUG (BaseJdbcLogger.java:143)- <==      Total: 1
2019-09-04 04:00:17,669 DEBUG (BaseJdbcLogger.java:143)- ====>  Preparing: select id, name, sex, birthday, phone, ID_number, email, parent_phone, adress, major, state from student_basic where id = ? 
2019-09-04 04:00:17,669 DEBUG (BaseJdbcLogger.java:143)- ==>  Preparing: select student_status.id,student_status.basic_id, student_status.student_id, student_status.class_id from student_status,student_basic where student_status.basic_id=student_basic.id and student_basic.sex=? and student_status.class_id=? 
2019-09-04 04:00:17,669 DEBUG (BaseJdbcLogger.java:143)- ====> Parameters: 19636(String)
2019-09-04 04:00:17,669 DEBUG (BaseJdbcLogger.java:143)- ==> Parameters: 男(String), 080703201901(String)
2019-09-04 04:00:17,670 DEBUG (BaseJdbcLogger.java:143)- <====      Total: 1
2019-09-04 04:00:17,670 DEBUG (BaseJdbcLogger.java:143)- ====>  Preparing: select id, name, sex, birthday, phone, ID_number, email, parent_phone, adress, major, state from student_basic where id = ? 
2019-09-04 04:00:17,670 DEBUG (BaseJdbcLogger.java:143)- ====>  Preparing: select id, name, sex, birthday, phone, ID_number, email, parent_phone, adress, major, state from student_basic where id = ? 
2019-09-04 04:00:17,670 DEBUG (BaseJdbcLogger.java:143)- ====> Parameters: 19640(String)
2019-09-04 04:00:17,670 DEBUG (BaseJdbcLogger.java:143)- ====> Parameters: 19233(String)
2019-09-04 04:00:17,671 DEBUG (BaseJdbcLogger.java:143)- <====      Total: 1
2019-09-04 04:00:17,671 DEBUG (BaseJdbcLogger.java:143)- <====      Total: 1
2019-09-04 04:00:17,671 DEBUG (BaseJdbcLogger.java:143)- ====>  Preparing: select id, name, sex, birthday, phone, ID_number, email, parent_phone, adress, major, state from student_basic where id = ? 
2019-09-04 04:00:17,671 DEBUG (BaseJdbcLogger.java:143)- ====>  Preparing: select id, class_id, name, director, grade, major_id from class where class_id = ? 
2019-09-04 04:00:17,672 DEBUG (BaseJdbcLogger.java:143)- ====> Parameters: 19641(String)
2019-09-04 04:00:17,672 DEBUG (BaseJdbcLogger.java:143)- ====> Parameters: 080703201901(String)
2019-09-04 04:00:17,672 DEBUG (BaseJdbcLogger.java:143)- <====      Total: 1
2019-09-04 04:00:17,672 DEBUG (BaseJdbcLogger.java:143)- ======>  Preparing: select id, major_id, name, price, department_id from major where major_id = ? 
2019-09-04 04:00:17,672 DEBUG (BaseJdbcLogger.java:143)- ====>  Preparing: select id, name, sex, birthday, phone, ID_number, email, parent_phone, adress, major, state from student_basic where id = ? 
2019-09-04 04:00:17,672 DEBUG (BaseJdbcLogger.java:143)- ======> Parameters: 080703(String)
2019-09-04 04:00:17,673 DEBUG (BaseJdbcLogger.java:143)- ====> Parameters: 19644(String)
2019-09-04 04:00:17,673 DEBUG (BaseJdbcLogger.java:143)- <======      Total: 1
2019-09-04 04:00:17,673 DEBUG (BaseJdbcLogger.java:143)- <====      Total: 1
2019-09-04 04:00:17,673 DEBUG (BaseJdbcLogger.java:143)- <====      Total: 1
2019-09-04 04:00:17,673 DEBUG (BaseJdbcLogger.java:143)- ====>  Preparing: select id, name, sex, birthday, phone, ID_number, email, parent_phone, adress, major, state from student_basic where id = ? 
2019-09-04 04:00:17,674 DEBUG (BaseJdbcLogger.java:143)- ====>  Preparing: select id, name, sex, birthday, phone, ID_number, email, parent_phone, adress, major, state from student_basic where id = ? 
2019-09-04 04:00:17,674 DEBUG (BaseJdbcLogger.java:143)- ====> Parameters: 19645(String)
2019-09-04 04:00:17,674 DEBUG (BaseJdbcLogger.java:143)- ====> Parameters: 19234(String)
2019-09-04 04:00:17,674 DEBUG (BaseJdbcLogger.java:143)- <====      Total: 1
2019-09-04 04:00:17,674 DEBUG (BaseJdbcLogger.java:143)- <====      Total: 1
2019-09-04 04:00:17,675 DEBUG (BaseJdbcLogger.java:143)- ====>  Preparing: select id, name, sex, birthday, phone, ID_number, email, parent_phone, adress, major, state from student_basic where id = ? 
2019-09-04 04:00:17,675 DEBUG (BaseJdbcLogger.java:143)- ====>  Preparing: select id, name, sex, birthday, phone, ID_number, email, parent_phone, adress, major, state from student_basic where id = ? 
2019-09-04 04:00:17,675 DEBUG (BaseJdbcLogger.java:143)- ====> Parameters: 19646(String)
2019-09-04 04:00:17,675 DEBUG (BaseJdbcLogger.java:143)- ====> Parameters: 19235(String)
2019-09-04 04:00:17,676 DEBUG (BaseJdbcLogger.java:143)- <====      Total: 1
2019-09-04 04:00:17,676 DEBUG (BaseJdbcLogger.java:143)- <====      Total: 1
2019-09-04 04:00:17,676 DEBUG (BaseJdbcLogger.java:143)- ====>  Preparing: select id, name, sex, birthday, phone, ID_number, email, parent_phone, adress, major, state from student_basic where id = ? 
2019-09-04 04:00:17,676 DEBUG (BaseJdbcLogger.java:143)- ====>  Preparing: select id, name, sex, birthday, phone, ID_number, email, parent_phone, adress, major, state from student_basic where id = ? 
2019-09-04 04:00:17,677 DEBUG (BaseJdbcLogger.java:143)- ====> Parameters: 19236(String)
2019-09-04 04:00:17,677 DEBUG (BaseJdbcLogger.java:143)- ====> Parameters: 19647(String)
2019-09-04 04:00:17,677 DEBUG (BaseJdbcLogger.java:143)- <====      Total: 1
2019-09-04 04:00:17,677 DEBUG (BaseJdbcLogger.java:143)- <====      Total: 1
2019-09-04 04:00:17,677 DEBUG (BaseJdbcLogger.java:143)- ====>  Preparing: select id, name, sex, birthday, phone, ID_number, email, parent_phone, adress, major, state from student_basic where id = ? 
2019-09-04 04:00:17,677 DEBUG (BaseJdbcLogger.java:143)- ====>  Preparing: select id, name, sex, birthday, phone, ID_number, email, parent_phone, adress, major, state from student_basic where id = ? 
2019-09-04 04:00:17,678 DEBUG (BaseJdbcLogger.java:143)- ====> Parameters: 19239(String)
2019-09-04 04:00:17,678 DEBUG (BaseJdbcLogger.java:143)- ====> Parameters: 19648(String)
2019-09-04 04:00:17,678 DEBUG (BaseJdbcLogger.java:143)- <====      Total: 1
2019-09-04 04:00:17,678 DEBUG (BaseJdbcLogger.java:143)- <====      Total: 1
2019-09-04 04:00:17,679 DEBUG (BaseJdbcLogger.java:143)- ====>  Preparing: select id, name, sex, birthday, phone, ID_number, email, parent_phone, adress, major, state from student_basic where id = ? 
2019-09-04 04:00:17,679 DEBUG (BaseJdbcLogger.java:143)- ====>  Preparing: select id, name, sex, birthday, phone, ID_number, email, parent_phone, adress, major, state from student_basic where id = ? 
2019-09-04 04:00:17,680 DEBUG (BaseJdbcLogger.java:143)- ====> Parameters: 19240(String)
2019-09-04 04:00:17,680 DEBUG (BaseJdbcLogger.java:143)- ====> Parameters: 19651(String)
2019-09-04 04:00:17,680 DEBUG (BaseJdbcLogger.java:143)- <====      Total: 1
2019-09-04 04:00:17,680 DEBUG (BaseJdbcLogger.java:143)- <====      Total: 1
2019-09-04 04:00:17,681 DEBUG (BaseJdbcLogger.java:143)- ====>  Preparing: select id, name, sex, birthday, phone, ID_number, email, parent_phone, adress, major, state from student_basic where id = ? 
2019-09-04 04:00:17,681 DEBUG (BaseJdbcLogger.java:143)- ====>  Preparing: select id, name, sex, birthday, phone, ID_number, email, parent_phone, adress, major, state from student_basic where id = ? 
2019-09-04 04:00:17,681 DEBUG (BaseJdbcLogger.java:143)- ====> Parameters: 19241(String)
2019-09-04 04:00:17,681 DEBUG (BaseJdbcLogger.java:143)- ====> Parameters: 19652(String)
2019-09-04 04:00:17,682 DEBUG (BaseJdbcLogger.java:143)- <====      Total: 1
2019-09-04 04:00:17,682 DEBUG (BaseJdbcLogger.java:143)- <====      Total: 1
2019-09-04 04:00:17,682 DEBUG (BaseJdbcLogger.java:143)- ====>  Preparing: select id, name, sex, birthday, phone, ID_number, email, parent_phone, adress, major, state from student_basic where id = ? 
2019-09-04 04:00:17,682 DEBUG (BaseJdbcLogger.java:143)- ====>  Preparing: select id, name, sex, birthday, phone, ID_number, email, parent_phone, adress, major, state from student_basic where id = ? 
2019-09-04 04:00:17,682 DEBUG (BaseJdbcLogger.java:143)- ====> Parameters: 19242(String)
2019-09-04 04:00:17,682 DEBUG (BaseJdbcLogger.java:143)- ====> Parameters: 19653(String)
2019-09-04 04:00:17,683 DEBUG (BaseJdbcLogger.java:143)- <====      Total: 1
2019-09-04 04:00:17,683 DEBUG (BaseJdbcLogger.java:143)- <====      Total: 1
2019-09-04 04:00:17,683 DEBUG (BaseJdbcLogger.java:143)- ====>  Preparing: select id, name, sex, birthday, phone, ID_number, email, parent_phone, adress, major, state from student_basic where id = ? 
2019-09-04 04:00:17,683 DEBUG (BaseJdbcLogger.java:143)- ====>  Preparing: select id, name, sex, birthday, phone, ID_number, email, parent_phone, adress, major, state from student_basic where id = ? 
2019-09-04 04:00:17,683 DEBUG (BaseJdbcLogger.java:143)- ====> Parameters: 19243(String)
2019-09-04 04:00:17,683 DEBUG (BaseJdbcLogger.java:143)- ====> Parameters: 19654(String)
2019-09-04 04:00:17,684 DEBUG (BaseJdbcLogger.java:143)- <====      Total: 1
2019-09-04 04:00:17,684 DEBUG (BaseJdbcLogger.java:143)- <====      Total: 1
2019-09-04 04:00:17,684 DEBUG (BaseJdbcLogger.java:143)- ====>  Preparing: select id, name, sex, birthday, phone, ID_number, email, parent_phone, adress, major, state from student_basic where id = ? 
2019-09-04 04:00:17,684 DEBUG (BaseJdbcLogger.java:143)- ====>  Preparing: select id, name, sex, birthday, phone, ID_number, email, parent_phone, adress, major, state from student_basic where id = ? 
2019-09-04 04:00:17,685 DEBUG (BaseJdbcLogger.java:143)- ====> Parameters: 19244(String)
2019-09-04 04:00:17,685 DEBUG (BaseJdbcLogger.java:143)- ====> Parameters: 19656(String)
2019-09-04 04:00:17,685 DEBUG (BaseJdbcLogger.java:143)- <====      Total: 1
2019-09-04 04:00:17,685 DEBUG (BaseJdbcLogger.java:143)- <====      Total: 1
2019-09-04 04:00:17,686 DEBUG (BaseJdbcLogger.java:143)- ====>  Preparing: select id, name, sex, birthday, phone, ID_number, email, parent_phone, adress, major, state from student_basic where id = ? 
2019-09-04 04:00:17,686 DEBUG (BaseJdbcLogger.java:143)- <==      Total: 24
2019-09-04 04:00:17,686 DEBUG (BaseJdbcLogger.java:143)- ====> Parameters: 19246(String)
2019-09-04 04:00:17,686 DEBUG (BaseJdbcLogger.java:143)- ==>  Preparing: select dormitory_allocation.id, dormitory_allocation.class_id, dormitory_allocation.dormitory_id,dormitory_allocation.number from dormitory_allocation,dormitory WHERE dormitory_allocation.dormitory_id=dormitory.id and dormitory.sex=? and class_id = ? 
2019-09-04 04:00:17,686 DEBUG (BaseJdbcLogger.java:143)- ==> Parameters: 男(String), 130503201902(String)
2019-09-04 04:00:17,687 DEBUG (BaseJdbcLogger.java:143)- <====      Total: 1
2019-09-04 04:00:17,687 DEBUG (BaseJdbcLogger.java:143)- <==      Total: 0
2019-09-04 04:00:17,687 DEBUG (BaseJdbcLogger.java:143)- ====>  Preparing: select id, name, sex, birthday, phone, ID_number, email, parent_phone, adress, major, state from student_basic where id = ? 
2019-09-04 04:00:17,687 DEBUG (BaseJdbcLogger.java:143)- ==>  Preparing: select student_status.id,student_status.basic_id, student_status.student_id, student_status.class_id from student_status,student_basic where student_status.basic_id=student_basic.id and student_basic.sex=? and student_status.class_id=? 
2019-09-04 04:00:17,687 DEBUG (BaseJdbcLogger.java:143)- ====> Parameters: 19250(String)
2019-09-04 04:00:17,688 DEBUG (BaseJdbcLogger.java:143)- ==> Parameters: 男(String), 130503201903(String)
2019-09-04 04:00:17,688 DEBUG (BaseJdbcLogger.java:143)- <====      Total: 1
2019-09-04 04:00:17,688 DEBUG (BaseJdbcLogger.java:143)- ====>  Preparing: select id, name, sex, birthday, phone, ID_number, email, parent_phone, adress, major, state from student_basic where id = ? 
2019-09-04 04:00:17,689 DEBUG (BaseJdbcLogger.java:143)- ====>  Preparing: select id, name, sex, birthday, phone, ID_number, email, parent_phone, adress, major, state from student_basic where id = ? 
2019-09-04 04:00:17,689 DEBUG (BaseJdbcLogger.java:143)- ====> Parameters: 19253(String)
2019-09-04 04:00:17,689 DEBUG (BaseJdbcLogger.java:143)- ====> Parameters: 19659(String)
2019-09-04 04:00:17,689 DEBUG (BaseJdbcLogger.java:143)- <====      Total: 1
2019-09-04 04:00:17,689 DEBUG (BaseJdbcLogger.java:143)- <====      Total: 1
2019-09-04 04:00:17,690 DEBUG (BaseJdbcLogger.java:143)- ====>  Preparing: select id, name, sex, birthday, phone, ID_number, email, parent_phone, adress, major, state from student_basic where id = ? 
2019-09-04 04:00:17,690 DEBUG (BaseJdbcLogger.java:143)- ====>  Preparing: select id, class_id, name, director, grade, major_id from class where class_id = ? 
2019-09-04 04:00:17,690 DEBUG (BaseJdbcLogger.java:143)- ====> Parameters: 19254(String)
2019-09-04 04:00:17,690 DEBUG (BaseJdbcLogger.java:143)- ====> Parameters: 130503201903(String)
2019-09-04 04:00:17,691 DEBUG (BaseJdbcLogger.java:143)- <====      Total: 1
2019-09-04 04:00:17,691 DEBUG (BaseJdbcLogger.java:143)- ======>  Preparing: select id, major_id, name, price, department_id from major where major_id = ? 
2019-09-04 04:00:17,691 DEBUG (BaseJdbcLogger.java:143)- ====>  Preparing: select id, name, sex, birthday, phone, ID_number, email, parent_phone, adress, major, state from student_basic where id = ? 
2019-09-04 04:00:17,691 DEBUG (BaseJdbcLogger.java:143)- ======> Parameters: 130503(String)
2019-09-04 04:00:17,691 DEBUG (BaseJdbcLogger.java:143)- ====> Parameters: 19257(String)
2019-09-04 04:00:17,692 DEBUG (BaseJdbcLogger.java:143)- <====      Total: 1
2019-09-04 04:00:17,692 DEBUG (BaseJdbcLogger.java:143)- <======      Total: 1
2019-09-04 04:00:17,692 DEBUG (BaseJdbcLogger.java:143)- <====      Total: 1
2019-09-04 04:00:17,692 DEBUG (BaseJdbcLogger.java:143)- ====>  Preparing: select id, name, sex, birthday, phone, ID_number, email, parent_phone, adress, major, state from student_basic where id = ? 
2019-09-04 04:00:17,693 DEBUG (BaseJdbcLogger.java:143)- ====>  Preparing: select id, name, sex, birthday, phone, ID_number, email, parent_phone, adress, major, state from student_basic where id = ? 
2019-09-04 04:00:17,693 DEBUG (BaseJdbcLogger.java:143)- ====> Parameters: 19259(String)
2019-09-04 04:00:17,693 DEBUG (BaseJdbcLogger.java:143)- ====> Parameters: 19662(String)
2019-09-04 04:00:17,693 DEBUG (BaseJdbcLogger.java:143)- <====      Total: 1
2019-09-04 04:00:17,694 DEBUG (BaseJdbcLogger.java:143)- <====      Total: 1
2019-09-04 04:00:17,694 DEBUG (BaseJdbcLogger.java:143)- ====>  Preparing: select id, name, sex, birthday, phone, ID_number, email, parent_phone, adress, major, state from student_basic where id = ? 
2019-09-04 04:00:17,694 DEBUG (BaseJdbcLogger.java:143)- ====>  Preparing: select id, name, sex, birthday, phone, ID_number, email, parent_phone, adress, major, state from student_basic where id = ? 
2019-09-04 04:00:17,694 DEBUG (BaseJdbcLogger.java:143)- ====> Parameters: 19260(String)
2019-09-04 04:00:17,694 DEBUG (BaseJdbcLogger.java:143)- ====> Parameters: 19663(String)
2019-09-04 04:00:17,695 DEBUG (BaseJdbcLogger.java:143)- <====      Total: 1
2019-09-04 04:00:17,695 DEBUG (BaseJdbcLogger.java:143)- <====      Total: 1
2019-09-04 04:00:17,695 DEBUG (BaseJdbcLogger.java:143)- ====>  Preparing: select id, name, sex, birthday, phone, ID_number, email, parent_phone, adress, major, state from student_basic where id = ? 
2019-09-04 04:00:17,695 DEBUG (BaseJdbcLogger.java:143)- ====>  Preparing: select id, name, sex, birthday, phone, ID_number, email, parent_phone, adress, major, state from student_basic where id = ? 
2019-09-04 04:00:17,696 DEBUG (BaseJdbcLogger.java:143)- ====> Parameters: 19262(String)
2019-09-04 04:00:17,696 DEBUG (BaseJdbcLogger.java:143)- ====> Parameters: 19664(String)
2019-09-04 04:00:17,697 DEBUG (BaseJdbcLogger.java:143)- <====      Total: 1
2019-09-04 04:00:17,697 DEBUG (BaseJdbcLogger.java:143)- <====      Total: 1
2019-09-04 04:00:17,698 DEBUG (BaseJdbcLogger.java:143)- ====>  Preparing: select id, name, sex, birthday, phone, ID_number, email, parent_phone, adress, major, state from student_basic where id = ? 
2019-09-04 04:00:17,698 DEBUG (BaseJdbcLogger.java:143)- ====>  Preparing: select id, name, sex, birthday, phone, ID_number, email, parent_phone, adress, major, state from student_basic where id = ? 
2019-09-04 04:00:17,698 DEBUG (BaseJdbcLogger.java:143)- ====> Parameters: 19263(String)
2019-09-04 04:00:17,698 DEBUG (BaseJdbcLogger.java:143)- ====> Parameters: 19665(String)
2019-09-04 04:00:17,699 DEBUG (BaseJdbcLogger.java:143)- <====      Total: 1
2019-09-04 04:00:17,699 DEBUG (BaseJdbcLogger.java:143)- <====      Total: 1
2019-09-04 04:00:17,699 DEBUG (BaseJdbcLogger.java:143)- ====>  Preparing: select id, name, sex, birthday, phone, ID_number, email, parent_phone, adress, major, state from student_basic where id = ? 
2019-09-04 04:00:17,699 DEBUG (BaseJdbcLogger.java:143)- ====>  Preparing: select id, name, sex, birthday, phone, ID_number, email, parent_phone, adress, major, state from student_basic where id = ? 
2019-09-04 04:00:17,700 DEBUG (BaseJdbcLogger.java:143)- ====> Parameters: 19265(String)
2019-09-04 04:00:17,700 DEBUG (BaseJdbcLogger.java:143)- ====> Parameters: 19668(String)
2019-09-04 04:00:17,701 DEBUG (BaseJdbcLogger.java:143)- <====      Total: 1
2019-09-04 04:00:17,701 DEBUG (BaseJdbcLogger.java:143)- <====      Total: 1
2019-09-04 04:00:17,701 DEBUG (BaseJdbcLogger.java:143)- ====>  Preparing: select id, name, sex, birthday, phone, ID_number, email, parent_phone, adress, major, state from student_basic where id = ? 
2019-09-04 04:00:17,701 DEBUG (BaseJdbcLogger.java:143)- ====>  Preparing: select id, name, sex, birthday, phone, ID_number, email, parent_phone, adress, major, state from student_basic where id = ? 
2019-09-04 04:00:17,701 DEBUG (BaseJdbcLogger.java:143)- ====> Parameters: 19669(String)
2019-09-04 04:00:17,702 DEBUG (BaseJdbcLogger.java:143)- ====> Parameters: 19268(String)
2019-09-04 04:00:17,702 DEBUG (BaseJdbcLogger.java:143)- <====      Total: 1
2019-09-04 04:00:17,702 DEBUG (BaseJdbcLogger.java:143)- ====>  Preparing: select id, name, sex, birthday, phone, ID_number, email, parent_phone, adress, major, state from student_basic where id = ? 
2019-09-04 04:00:17,703 DEBUG (BaseJdbcLogger.java:143)- ====> Parameters: 19670(String)
2019-09-04 04:00:17,703 DEBUG (BaseJdbcLogger.java:143)- <====      Total: 1
