2019-09-02 12:41:14,723 DEBUG (BaseJdbcLogger.java:143)- <====      Total: 1
2019-09-02 12:41:14,726 DEBUG (BaseJdbcLogger.java:143)- ====>  Preparing: select id, name, sex, birthday, phone, ID_number, email, parent_phone, adress, major, state from student_basic where id = ? 
2019-09-02 12:41:14,726 DEBUG (BaseJdbcLogger.java:143)- ====> Parameters: 18990(String)
2019-09-02 12:41:14,727 DEBUG (BaseJdbcLogger.java:143)- <====      Total: 1
2019-09-02 12:41:14,727 DEBUG (BaseJdbcLogger.java:143)- ====>  Preparing: select id, name, sex, birthday, phone, ID_number, email, parent_phone, adress, major, state from student_basic where id = ? 
2019-09-02 12:41:14,727 DEBUG (BaseJdbcLogger.java:143)- ====> Parameters: 18991(String)
2019-09-02 12:41:14,728 DEBUG (BaseJdbcLogger.java:143)- <====      Total: 1
2019-09-02 12:41:14,729 DEBUG (BaseJdbcLogger.java:143)- ====>  Preparing: select id, name, sex, birthday, phone, ID_number, email, parent_phone, adress, major, state from student_basic where id = ? 
2019-09-02 12:41:14,729 DEBUG (BaseJdbcLogger.java:143)- ====> Parameters: 18992(String)
2019-09-02 12:41:14,730 DEBUG (BaseJdbcLogger.java:143)- <====      Total: 1
2019-09-02 12:41:14,730 DEBUG (BaseJdbcLogger.java:143)- ====>  Preparing: select id, name, sex, birthday, phone, ID_number, email, parent_phone, adress, major, state from student_basic where id = ? 
2019-09-02 12:41:14,730 DEBUG (BaseJdbcLogger.java:143)- ====> Parameters: 18993(String)
2019-09-02 12:41:14,731 DEBUG (BaseJdbcLogger.java:143)- <====      Total: 1
2019-09-02 12:41:14,732 DEBUG (BaseJdbcLogger.java:143)- ====>  Preparing: select id, name, sex, birthday, phone, ID_number, email, parent_phone, adress, major, state from student_basic where id = ? 
2019-09-02 12:41:14,732 DEBUG (BaseJdbcLogger.java:143)- ====> Parameters: 18994(String)
2019-09-02 12:41:14,733 DEBUG (BaseJdbcLogger.java:143)- <====      Total: 1
2019-09-02 12:41:14,734 DEBUG (BaseJdbcLogger.java:143)- ====>  Preparing: select id, name, sex, birthday, phone, ID_number, email, parent_phone, adress, major, state from student_basic where id = ? 
2019-09-02 12:41:14,734 DEBUG (BaseJdbcLogger.java:143)- ====> Parameters: 18995(String)
2019-09-02 12:41:14,735 DEBUG (BaseJdbcLogger.java:143)- <====      Total: 1
2019-09-02 12:41:14,735 DEBUG (BaseJdbcLogger.java:143)- ====>  Preparing: select id, name, sex, birthday, phone, ID_number, email, parent_phone, adress, major, state from student_basic where id = ? 
2019-09-02 12:41:14,735 DEBUG (BaseJdbcLogger.java:143)- ====> Parameters: 18996(String)
2019-09-02 12:41:14,736 DEBUG (BaseJdbcLogger.java:143)- <====      Total: 1
2019-09-02 12:41:14,736 DEBUG (BaseJdbcLogger.java:143)- ====>  Preparing: select id, name, sex, birthday, phone, ID_number, email, parent_phone, adress, major, state from student_basic where id = ? 
2019-09-02 12:41:14,737 DEBUG (BaseJdbcLogger.java:143)- ====> Parameters: 18997(String)
2019-09-02 12:41:14,737 DEBUG (BaseJdbcLogger.java:143)- <====      Total: 1
2019-09-02 12:41:14,738 DEBUG (BaseJdbcLogger.java:143)- ====>  Preparing: select id, name, sex, birthday, phone, ID_number, email, parent_phone, adress, major, state from student_basic where id = ? 
2019-09-02 12:41:14,738 DEBUG (BaseJdbcLogger.java:143)- ====> Parameters: 18998(String)
2019-09-02 12:41:14,745 DEBUG (BaseJdbcLogger.java:143)- <====      Total: 1
2019-09-02 12:41:14,746 DEBUG (BaseJdbcLogger.java:143)- ====>  Preparing: select id, name, sex, birthday, phone, ID_number, email, parent_phone, adress, major, state from student_basic where id = ? 
2019-09-02 12:41:14,746 DEBUG (BaseJdbcLogger.java:143)- ====> Parameters: 18999(String)
2019-09-02 12:41:14,748 DEBUG (BaseJdbcLogger.java:143)- <====      Total: 1
2019-09-02 12:41:14,748 DEBUG (BaseJdbcLogger.java:143)- ====>  Preparing: select id, name, sex, birthday, phone, ID_number, email, parent_phone, adress, major, state from student_basic where id = ? 
2019-09-02 12:41:14,749 DEBUG (BaseJdbcLogger.java:143)- ====> Parameters: 19000(String)
2019-09-02 12:41:14,749 DEBUG (BaseJdbcLogger.java:143)- <====      Total: 1
2019-09-02 12:41:14,750 DEBUG (BaseJdbcLogger.java:143)- ====>  Preparing: select id, name, sex, birthday, phone, ID_number, email, parent_phone, adress, major, state from student_basic where id = ? 
2019-09-02 12:41:14,750 DEBUG (BaseJdbcLogger.java:143)- ====> Parameters: 19001(String)
2019-09-02 12:41:14,751 DEBUG (BaseJdbcLogger.java:143)- <====      Total: 1
2019-09-02 12:41:14,751 DEBUG (BaseJdbcLogger.java:143)- <==      Total: 49
2019-09-02 12:41:14,825 DEBUG (BaseJdbcLogger.java:143)- ==>  Preparing: select a.* from student_basic as a,student_status b where a.id=b.basic_id and b.class_id = ? 
2019-09-02 12:41:14,826 DEBUG (BaseJdbcLogger.java:143)- ==> Parameters: 080205201905(String)
2019-09-02 12:41:14,828 DEBUG (BaseJdbcLogger.java:143)- <==      Total: 49
2019-09-02 12:41:14,829 DEBUG (BaseJdbcLogger.java:143)- ==>  Preparing: select id, basic_id, student_id, class_id from student_status where class_id = ? 
2019-09-02 12:41:14,830 DEBUG (BaseJdbcLogger.java:143)- ==> Parameters: 080205201905(String)
2019-09-02 12:41:14,835 DEBUG (BaseJdbcLogger.java:143)- ====>  Preparing: select id, name, sex, birthday, phone, ID_number, email, parent_phone, adress, major, state from student_basic where id = ? 
2019-09-02 12:41:14,836 DEBUG (BaseJdbcLogger.java:143)- ====> Parameters: 18952(String)
2019-09-02 12:41:14,841 DEBUG (BaseJdbcLogger.java:143)- <====      Total: 1
2019-09-02 12:41:14,842 DEBUG (BaseJdbcLogger.java:143)- ====>  Preparing: select id, class_id, name, director, grade, major_id from class where class_id = ? 
2019-09-02 12:41:14,842 DEBUG (BaseJdbcLogger.java:143)- ====> Parameters: 080205201905(String)
2019-09-02 12:41:14,844 DEBUG (BaseJdbcLogger.java:143)- ======>  Preparing: select id, major_id, name, price, department_id from major where major_id = ? 
2019-09-02 12:41:14,844 DEBUG (BaseJdbcLogger.java:143)- ======> Parameters: 080205(String)
2019-09-02 12:41:14,845 DEBUG (BaseJdbcLogger.java:143)- <======      Total: 1
2019-09-02 12:41:14,845 DEBUG (BaseJdbcLogger.java:143)- <====      Total: 1
2019-09-02 12:41:14,846 DEBUG (BaseJdbcLogger.java:143)- ====>  Preparing: select id, name, sex, birthday, phone, ID_number, email, parent_phone, adress, major, state from student_basic where id = ? 
2019-09-02 12:41:14,846 DEBUG (BaseJdbcLogger.java:143)- ====> Parameters: 18953(String)
2019-09-02 12:41:14,848 DEBUG (BaseJdbcLogger.java:143)- <====      Total: 1
2019-09-02 12:41:14,848 DEBUG (BaseJdbcLogger.java:143)- ====>  Preparing: select id, name, sex, birthday, phone, ID_number, email, parent_phone, adress, major, state from student_basic where id = ? 
2019-09-02 12:41:14,849 DEBUG (BaseJdbcLogger.java:143)- ====> Parameters: 18955(String)
2019-09-02 12:41:14,850 DEBUG (BaseJdbcLogger.java:143)- <====      Total: 1
2019-09-02 12:41:14,852 DEBUG (BaseJdbcLogger.java:143)- ====>  Preparing: select id, name, sex, birthday, phone, ID_number, email, parent_phone, adress, major, state from student_basic where id = ? 
2019-09-02 12:41:14,853 DEBUG (BaseJdbcLogger.java:143)- ====> Parameters: 18956(String)
2019-09-02 12:41:14,854 DEBUG (BaseJdbcLogger.java:143)- <====      Total: 1
2019-09-02 12:41:14,855 DEBUG (BaseJdbcLogger.java:143)- ====>  Preparing: select id, name, sex, birthday, phone, ID_number, email, parent_phone, adress, major, state from student_basic where id = ? 
2019-09-02 12:41:14,856 DEBUG (BaseJdbcLogger.java:143)- ====> Parameters: 18957(String)
2019-09-02 12:41:14,857 DEBUG (BaseJdbcLogger.java:143)- <====      Total: 1
2019-09-02 12:41:14,858 DEBUG (BaseJdbcLogger.java:143)- ====>  Preparing: select id, name, sex, birthday, phone, ID_number, email, parent_phone, adress, major, state from student_basic where id = ? 
2019-09-02 12:41:14,858 DEBUG (BaseJdbcLogger.java:143)- ====> Parameters: 18958(String)
2019-09-02 12:41:14,859 DEBUG (BaseJdbcLogger.java:143)- <====      Total: 1
2019-09-02 12:41:14,860 DEBUG (BaseJdbcLogger.java:143)- ====>  Preparing: select id, name, sex, birthday, phone, ID_number, email, parent_phone, adress, major, state from student_basic where id = ? 
2019-09-02 12:41:14,860 DEBUG (BaseJdbcLogger.java:143)- ====> Parameters: 18959(String)
2019-09-02 12:41:14,861 DEBUG (BaseJdbcLogger.java:143)- <====      Total: 1
2019-09-02 12:41:14,862 DEBUG (BaseJdbcLogger.java:143)- ====>  Preparing: select id, name, sex, birthday, phone, ID_number, email, parent_phone, adress, major, state from student_basic where id = ? 
2019-09-02 12:41:14,863 DEBUG (BaseJdbcLogger.java:143)- ====> Parameters: 18960(String)
2019-09-02 12:41:14,864 DEBUG (BaseJdbcLogger.java:143)- <====      Total: 1
2019-09-02 12:41:14,865 DEBUG (BaseJdbcLogger.java:143)- ====>  Preparing: select id, name, sex, birthday, phone, ID_number, email, parent_phone, adress, major, state from student_basic where id = ? 
2019-09-02 12:41:14,866 DEBUG (BaseJdbcLogger.java:143)- ====> Parameters: 18961(String)
2019-09-02 12:41:14,867 DEBUG (BaseJdbcLogger.java:143)- <====      Total: 1
2019-09-02 12:41:14,868 DEBUG (BaseJdbcLogger.java:143)- ====>  Preparing: select id, name, sex, birthday, phone, ID_number, email, parent_phone, adress, major, state from student_basic where id = ? 
2019-09-02 12:41:14,869 DEBUG (BaseJdbcLogger.java:143)- ====> Parameters: 18962(String)
2019-09-02 12:41:14,870 DEBUG (BaseJdbcLogger.java:143)- <====      Total: 1
2019-09-02 12:41:14,870 DEBUG (BaseJdbcLogger.java:143)- ====>  Preparing: select id, name, sex, birthday, phone, ID_number, email, parent_phone, adress, major, state from student_basic where id = ? 
2019-09-02 12:41:14,871 DEBUG (BaseJdbcLogger.java:143)- ====> Parameters: 18963(String)
2019-09-02 12:41:14,871 DEBUG (BaseJdbcLogger.java:143)- <====      Total: 1
2019-09-02 12:41:14,872 DEBUG (BaseJdbcLogger.java:143)- ====>  Preparing: select id, name, sex, birthday, phone, ID_number, email, parent_phone, adress, major, state from student_basic where id = ? 
2019-09-02 12:41:14,873 DEBUG (BaseJdbcLogger.java:143)- ====> Parameters: 18964(String)
2019-09-02 12:41:14,874 DEBUG (BaseJdbcLogger.java:143)- <====      Total: 1
2019-09-02 12:41:14,874 DEBUG (BaseJdbcLogger.java:143)- ====>  Preparing: select id, name, sex, birthday, phone, ID_number, email, parent_phone, adress, major, state from student_basic where id = ? 
2019-09-02 12:41:14,875 DEBUG (BaseJdbcLogger.java:143)- ====> Parameters: 18965(String)
2019-09-02 12:41:14,876 DEBUG (BaseJdbcLogger.java:143)- <====      Total: 1
2019-09-02 12:41:14,876 DEBUG (BaseJdbcLogger.java:143)- ====>  Preparing: select id, name, sex, birthday, phone, ID_number, email, parent_phone, adress, major, state from student_basic where id = ? 
2019-09-02 12:41:14,877 DEBUG (BaseJdbcLogger.java:143)- ====> Parameters: 18966(String)
2019-09-02 12:41:14,878 DEBUG (BaseJdbcLogger.java:143)- <====      Total: 1
2019-09-02 12:41:14,878 DEBUG (BaseJdbcLogger.java:143)- ====>  Preparing: select id, name, sex, birthday, phone, ID_number, email, parent_phone, adress, major, state from student_basic where id = ? 
2019-09-02 12:41:14,879 DEBUG (BaseJdbcLogger.java:143)- ====> Parameters: 18967(String)
2019-09-02 12:41:14,880 DEBUG (BaseJdbcLogger.java:143)- <====      Total: 1
2019-09-02 12:41:14,881 DEBUG (BaseJdbcLogger.java:143)- ====>  Preparing: select id, name, sex, birthday, phone, ID_number, email, parent_phone, adress, major, state from student_basic where id = ? 
2019-09-02 12:41:14,882 DEBUG (BaseJdbcLogger.java:143)- ====> Parameters: 18968(String)
2019-09-02 12:41:14,883 DEBUG (BaseJdbcLogger.java:143)- <====      Total: 1
2019-09-02 12:41:14,884 DEBUG (BaseJdbcLogger.java:143)- ====>  Preparing: select id, name, sex, birthday, phone, ID_number, email, parent_phone, adress, major, state from student_basic where id = ? 
2019-09-02 12:41:14,884 DEBUG (BaseJdbcLogger.java:143)- ====> Parameters: 18969(String)
2019-09-02 12:41:14,885 DEBUG (BaseJdbcLogger.java:143)- <====      Total: 1
2019-09-02 12:41:14,886 DEBUG (BaseJdbcLogger.java:143)- ====>  Preparing: select id, name, sex, birthday, phone, ID_number, email, parent_phone, adress, major, state from student_basic where id = ? 
2019-09-02 12:41:14,886 DEBUG (BaseJdbcLogger.java:143)- ====> Parameters: 18970(String)
2019-09-02 12:41:14,887 DEBUG (BaseJdbcLogger.java:143)- <====      Total: 1
2019-09-02 12:41:14,888 DEBUG (BaseJdbcLogger.java:143)- ====>  Preparing: select id, name, sex, birthday, phone, ID_number, email, parent_phone, adress, major, state from student_basic where id = ? 
2019-09-02 12:41:14,888 DEBUG (BaseJdbcLogger.java:143)- ====> Parameters: 18971(String)
2019-09-02 12:41:14,889 DEBUG (BaseJdbcLogger.java:143)- <====      Total: 1
2019-09-02 12:41:14,890 DEBUG (BaseJdbcLogger.java:143)- ====>  Preparing: select id, name, sex, birthday, phone, ID_number, email, parent_phone, adress, major, state from student_basic where id = ? 
2019-09-02 12:41:14,891 DEBUG (BaseJdbcLogger.java:143)- ====> Parameters: 18972(String)
2019-09-02 12:41:14,892 DEBUG (BaseJdbcLogger.java:143)- <====      Total: 1
2019-09-02 12:41:14,892 DEBUG (BaseJdbcLogger.java:143)- ====>  Preparing: select id, name, sex, birthday, phone, ID_number, email, parent_phone, adress, major, state from student_basic where id = ? 
2019-09-02 12:41:14,893 DEBUG (BaseJdbcLogger.java:143)- ====> Parameters: 18973(String)
2019-09-02 12:41:14,894 DEBUG (BaseJdbcLogger.java:143)- <====      Total: 1
2019-09-02 12:41:14,894 DEBUG (BaseJdbcLogger.java:143)- ====>  Preparing: select id, name, sex, birthday, phone, ID_number, email, parent_phone, adress, major, state from student_basic where id = ? 
2019-09-02 12:41:14,895 DEBUG (BaseJdbcLogger.java:143)- ====> Parameters: 18974(String)
2019-09-02 12:41:14,896 DEBUG (BaseJdbcLogger.java:143)- <====      Total: 1
2019-09-02 12:41:14,896 DEBUG (BaseJdbcLogger.java:143)- ====>  Preparing: select id, name, sex, birthday, phone, ID_number, email, parent_phone, adress, major, state from student_basic where id = ? 
2019-09-02 12:41:14,897 DEBUG (BaseJdbcLogger.java:143)- ====> Parameters: 18975(String)
2019-09-02 12:41:14,898 DEBUG (BaseJdbcLogger.java:143)- <====      Total: 1
2019-09-02 12:41:14,898 DEBUG (BaseJdbcLogger.java:143)- ====>  Preparing: select id, name, sex, birthday, phone, ID_number, email, parent_phone, adress, major, state from student_basic where id = ? 
2019-09-02 12:41:14,899 DEBUG (BaseJdbcLogger.java:143)- ====> Parameters: 18976(String)
2019-09-02 12:41:14,900 DEBUG (BaseJdbcLogger.java:143)- <====      Total: 1
2019-09-02 12:41:14,900 DEBUG (BaseJdbcLogger.java:143)- ====>  Preparing: select id, name, sex, birthday, phone, ID_number, email, parent_phone, adress, major, state from student_basic where id = ? 
2019-09-02 12:41:14,901 DEBUG (BaseJdbcLogger.java:143)- ====> Parameters: 18977(String)
2019-09-02 12:41:14,902 DEBUG (BaseJdbcLogger.java:143)- <====      Total: 1
2019-09-02 12:41:14,902 DEBUG (BaseJdbcLogger.java:143)- ====>  Preparing: select id, name, sex, birthday, phone, ID_number, email, parent_phone, adress, major, state from student_basic where id = ? 
2019-09-02 12:41:14,903 DEBUG (BaseJdbcLogger.java:143)- ====> Parameters: 18978(String)
2019-09-02 12:41:14,904 DEBUG (BaseJdbcLogger.java:143)- <====      Total: 1
2019-09-02 12:41:14,905 DEBUG (BaseJdbcLogger.java:143)- ====>  Preparing: select id, name, sex, birthday, phone, ID_number, email, parent_phone, adress, major, state from student_basic where id = ? 
