2019-08-22 22:37:49,385 DEBUG (BaseJdbcLogger.java:143)- <====      Total: 1
2019-08-22 22:37:49,387 DEBUG (BaseJdbcLogger.java:143)- ====>  Preparing: select id, name, sex, birthday, phone, ID_number, email, parent_phone, adress, major, state from student_basic where id = ? 
2019-08-22 22:37:49,387 DEBUG (BaseJdbcLogger.java:143)- ====> Parameters: 12237(String)
2019-08-22 22:37:49,388 DEBUG (BaseJdbcLogger.java:143)- <====      Total: 1
2019-08-22 22:37:49,388 DEBUG (BaseJdbcLogger.java:143)- ====>  Preparing: select id, name, sex, birthday, phone, ID_number, email, parent_phone, adress, major, state from student_basic where id = ? 
2019-08-22 22:37:49,388 DEBUG (BaseJdbcLogger.java:143)- ====> Parameters: 12238(String)
2019-08-22 22:37:49,410 DEBUG (BaseJdbcLogger.java:143)- <====      Total: 1
2019-08-22 22:37:49,411 DEBUG (BaseJdbcLogger.java:143)- ====>  Preparing: select id, name, sex, birthday, phone, ID_number, email, parent_phone, adress, major, state from student_basic where id = ? 
2019-08-22 22:37:49,412 DEBUG (BaseJdbcLogger.java:143)- ====> Parameters: 12245(String)
2019-08-22 22:37:49,413 DEBUG (BaseJdbcLogger.java:143)- <====      Total: 1
2019-08-22 22:37:49,413 DEBUG (BaseJdbcLogger.java:143)- ====>  Preparing: select id, name, sex, birthday, phone, ID_number, email, parent_phone, adress, major, state from student_basic where id = ? 
2019-08-22 22:37:49,413 DEBUG (BaseJdbcLogger.java:143)- ====> Parameters: 12247(String)
2019-08-22 22:37:49,414 DEBUG (BaseJdbcLogger.java:143)- <====      Total: 1
2019-08-22 22:37:49,414 DEBUG (BaseJdbcLogger.java:143)- ====>  Preparing: select id, name, sex, birthday, phone, ID_number, email, parent_phone, adress, major, state from student_basic where id = ? 
2019-08-22 22:37:49,415 DEBUG (BaseJdbcLogger.java:143)- ====> Parameters: 12248(String)
2019-08-22 22:37:49,415 DEBUG (BaseJdbcLogger.java:143)- <====      Total: 1
2019-08-22 22:37:49,416 DEBUG (BaseJdbcLogger.java:143)- ====>  Preparing: select id, name, sex, birthday, phone, ID_number, email, parent_phone, adress, major, state from student_basic where id = ? 
2019-08-22 22:37:49,416 DEBUG (BaseJdbcLogger.java:143)- ====> Parameters: 12249(String)
2019-08-22 22:37:49,417 DEBUG (BaseJdbcLogger.java:143)- <====      Total: 1
2019-08-22 22:37:49,418 DEBUG (BaseJdbcLogger.java:143)- ====>  Preparing: select id, name, sex, birthday, phone, ID_number, email, parent_phone, adress, major, state from student_basic where id = ? 
2019-08-22 22:37:49,418 DEBUG (BaseJdbcLogger.java:143)- ====> Parameters: 12251(String)
2019-08-22 22:37:49,419 DEBUG (BaseJdbcLogger.java:143)- <====      Total: 1
2019-08-22 22:37:49,419 DEBUG (BaseJdbcLogger.java:143)- ====>  Preparing: select id, name, sex, birthday, phone, ID_number, email, parent_phone, adress, major, state from student_basic where id = ? 
2019-08-22 22:37:49,419 DEBUG (BaseJdbcLogger.java:143)- ====> Parameters: 12252(String)
2019-08-22 22:37:49,420 DEBUG (BaseJdbcLogger.java:143)- <====      Total: 1
2019-08-22 22:37:49,420 DEBUG (BaseJdbcLogger.java:143)- ====>  Preparing: select id, name, sex, birthday, phone, ID_number, email, parent_phone, adress, major, state from student_basic where id = ? 
2019-08-22 22:37:49,420 DEBUG (BaseJdbcLogger.java:143)- ====> Parameters: 12255(String)
2019-08-22 22:37:49,420 DEBUG (BaseJdbcLogger.java:143)- <====      Total: 1
2019-08-22 22:37:49,421 DEBUG (BaseJdbcLogger.java:143)- ====>  Preparing: select id, name, sex, birthday, phone, ID_number, email, parent_phone, adress, major, state from student_basic where id = ? 
2019-08-22 22:37:49,421 DEBUG (BaseJdbcLogger.java:143)- ====> Parameters: 12256(String)
2019-08-22 22:37:49,421 DEBUG (BaseJdbcLogger.java:143)- <====      Total: 1
2019-08-22 22:37:49,422 DEBUG (BaseJdbcLogger.java:143)- ====>  Preparing: select id, name, sex, birthday, phone, ID_number, email, parent_phone, adress, major, state from student_basic where id = ? 
2019-08-22 22:37:49,423 DEBUG (BaseJdbcLogger.java:143)- ====> Parameters: 12258(String)
2019-08-22 22:37:49,423 DEBUG (BaseJdbcLogger.java:143)- <====      Total: 1
2019-08-22 22:37:49,423 DEBUG (BaseJdbcLogger.java:143)- ====>  Preparing: select id, name, sex, birthday, phone, ID_number, email, parent_phone, adress, major, state from student_basic where id = ? 
2019-08-22 22:37:49,424 DEBUG (BaseJdbcLogger.java:143)- ====> Parameters: 12261(String)
2019-08-22 22:37:49,424 DEBUG (BaseJdbcLogger.java:143)- <====      Total: 1
2019-08-22 22:37:49,425 DEBUG (BaseJdbcLogger.java:143)- ====>  Preparing: select id, name, sex, birthday, phone, ID_number, email, parent_phone, adress, major, state from student_basic where id = ? 
2019-08-22 22:37:49,425 DEBUG (BaseJdbcLogger.java:143)- ====> Parameters: 12264(String)
2019-08-22 22:37:49,425 DEBUG (BaseJdbcLogger.java:143)- <====      Total: 1
2019-08-22 22:37:49,426 DEBUG (BaseJdbcLogger.java:143)- ====>  Preparing: select id, name, sex, birthday, phone, ID_number, email, parent_phone, adress, major, state from student_basic where id = ? 
2019-08-22 22:37:49,426 DEBUG (BaseJdbcLogger.java:143)- ====> Parameters: 12266(String)
2019-08-22 22:37:49,427 DEBUG (BaseJdbcLogger.java:143)- <====      Total: 1
2019-08-22 22:37:49,428 DEBUG (BaseJdbcLogger.java:143)- ====>  Preparing: select id, name, sex, birthday, phone, ID_number, email, parent_phone, adress, major, state from student_basic where id = ? 
2019-08-22 22:37:49,428 DEBUG (BaseJdbcLogger.java:143)- ====> Parameters: 12267(String)
2019-08-22 22:37:49,429 DEBUG (BaseJdbcLogger.java:143)- <====      Total: 1
2019-08-22 22:37:49,430 DEBUG (BaseJdbcLogger.java:143)- ====>  Preparing: select id, name, sex, birthday, phone, ID_number, email, parent_phone, adress, major, state from student_basic where id = ? 
2019-08-22 22:37:49,430 DEBUG (BaseJdbcLogger.java:143)- ====> Parameters: 12269(String)
2019-08-22 22:37:49,430 DEBUG (BaseJdbcLogger.java:143)- <====      Total: 1
2019-08-22 22:37:49,431 DEBUG (BaseJdbcLogger.java:143)- ====>  Preparing: select id, name, sex, birthday, phone, ID_number, email, parent_phone, adress, major, state from student_basic where id = ? 
2019-08-22 22:37:49,431 DEBUG (BaseJdbcLogger.java:143)- ====> Parameters: 12270(String)
2019-08-22 22:37:49,432 DEBUG (BaseJdbcLogger.java:143)- <====      Total: 1
2019-08-22 22:37:49,432 DEBUG (BaseJdbcLogger.java:143)- <==      Total: 18
2019-08-22 22:37:49,433 DEBUG (BaseJdbcLogger.java:143)- ==>  Preparing: select dormitory_allocation.id, dormitory_allocation.class_id, dormitory_allocation.dormitory_id,dormitory_allocation.number from dormitory_allocation,dormitory WHERE dormitory_allocation.dormitory_id=dormitory.id and dormitory.sex=? and class_id = ? 
2019-08-22 22:37:49,433 DEBUG (BaseJdbcLogger.java:143)- ==> Parameters: 男(String), 080703201901(String)
2019-08-22 22:37:49,434 DEBUG (BaseJdbcLogger.java:143)- ====>  Preparing: select id, dong, floor, room, sex, number, rent from dormitory where id = ? 
2019-08-22 22:37:49,434 DEBUG (BaseJdbcLogger.java:143)- ====> Parameters: 86(Integer)
2019-08-22 22:37:49,435 DEBUG (BaseJdbcLogger.java:143)- <====      Total: 1
2019-08-22 22:37:49,435 DEBUG (BaseJdbcLogger.java:143)- ====>  Preparing: select id, dong, floor, room, sex, number, rent from dormitory where id = ? 
2019-08-22 22:37:49,435 DEBUG (BaseJdbcLogger.java:143)- ====> Parameters: 87(Integer)
2019-08-22 22:37:49,437 DEBUG (BaseJdbcLogger.java:143)- <====      Total: 1
2019-08-22 22:37:49,437 DEBUG (BaseJdbcLogger.java:143)- ====>  Preparing: select id, dong, floor, room, sex, number, rent from dormitory where id = ? 
2019-08-22 22:37:49,437 DEBUG (BaseJdbcLogger.java:143)- ====> Parameters: 88(Integer)
2019-08-22 22:37:49,438 DEBUG (BaseJdbcLogger.java:143)- <====      Total: 1
2019-08-22 22:37:49,439 DEBUG (BaseJdbcLogger.java:143)- ====>  Preparing: select id, dong, floor, room, sex, number, rent from dormitory where id = ? 
2019-08-22 22:37:49,439 DEBUG (BaseJdbcLogger.java:143)- ====> Parameters: 89(Integer)
2019-08-22 22:37:49,439 DEBUG (BaseJdbcLogger.java:143)- <====      Total: 1
2019-08-22 22:37:49,439 DEBUG (BaseJdbcLogger.java:143)- ====>  Preparing: select id, dong, floor, room, sex, number, rent from dormitory where id = ? 
2019-08-22 22:37:49,440 DEBUG (BaseJdbcLogger.java:143)- ====> Parameters: 90(Integer)
2019-08-22 22:37:49,440 DEBUG (BaseJdbcLogger.java:143)- <====      Total: 1
2019-08-22 22:37:49,441 DEBUG (BaseJdbcLogger.java:143)- ====>  Preparing: select id, dong, floor, room, sex, number, rent from dormitory where id = ? 
2019-08-22 22:37:49,441 DEBUG (BaseJdbcLogger.java:143)- ====> Parameters: 32(Integer)
2019-08-22 22:37:49,441 DEBUG (BaseJdbcLogger.java:143)- <====      Total: 1
2019-08-22 22:37:49,442 DEBUG (BaseJdbcLogger.java:143)- <==      Total: 6
2019-08-22 22:37:49,442 DEBUG (BaseJdbcLogger.java:143)- ==>  Preparing: select dormitory_allocation.id, dormitory_allocation.class_id, dormitory_allocation.dormitory_id,dormitory_allocation.number from dormitory_allocation,dormitory WHERE dormitory_allocation.dormitory_id=dormitory.id and dormitory.sex=? and class_id = ? 
2019-08-22 22:37:49,442 DEBUG (BaseJdbcLogger.java:143)- ==> Parameters: 女(String), 080703201901(String)
2019-08-22 22:37:49,443 DEBUG (BaseJdbcLogger.java:143)- ====>  Preparing: select id, dong, floor, room, sex, number, rent from dormitory where id = ? 
2019-08-22 22:37:49,444 DEBUG (BaseJdbcLogger.java:143)- ====> Parameters: 524(Integer)
2019-08-22 22:37:49,444 DEBUG (BaseJdbcLogger.java:143)- <====      Total: 1
2019-08-22 22:37:49,444 DEBUG (BaseJdbcLogger.java:143)- ====>  Preparing: select id, dong, floor, room, sex, number, rent from dormitory where id = ? 
2019-08-22 22:37:49,444 DEBUG (BaseJdbcLogger.java:143)- ====> Parameters: 525(Integer)
2019-08-22 22:37:49,445 DEBUG (BaseJdbcLogger.java:143)- <====      Total: 1
2019-08-22 22:37:49,445 DEBUG (BaseJdbcLogger.java:143)- ====>  Preparing: select id, dong, floor, room, sex, number, rent from dormitory where id = ? 
2019-08-22 22:37:49,446 DEBUG (BaseJdbcLogger.java:143)- ====> Parameters: 526(Integer)
2019-08-22 22:37:49,447 DEBUG (BaseJdbcLogger.java:143)- <====      Total: 1
2019-08-22 22:37:49,447 DEBUG (BaseJdbcLogger.java:143)- ====>  Preparing: select id, dong, floor, room, sex, number, rent from dormitory where id = ? 
2019-08-22 22:37:49,447 DEBUG (BaseJdbcLogger.java:143)- ====> Parameters: 495(Integer)
2019-08-22 22:37:49,447 DEBUG (BaseJdbcLogger.java:143)- <====      Total: 1
2019-08-22 22:37:49,447 DEBUG (BaseJdbcLogger.java:143)- ====>  Preparing: select id, dong, floor, room, sex, number, rent from dormitory where id = ? 
2019-08-22 22:37:49,448 DEBUG (BaseJdbcLogger.java:143)- ====> Parameters: 499(Integer)
2019-08-22 22:37:49,448 DEBUG (BaseJdbcLogger.java:143)- <====      Total: 1
2019-08-22 22:37:49,449 DEBUG (BaseJdbcLogger.java:143)- <==      Total: 5
2019-08-22 22:37:49,449 DEBUG (BaseJdbcLogger.java:143)- ==>  Preparing: select student_status.id,student_status.basic_id, student_status.student_id, student_status.class_id from student_status,student_basic where student_status.basic_id=student_basic.id and student_basic.sex=? and student_status.class_id=? 
2019-08-22 22:37:49,449 DEBUG (BaseJdbcLogger.java:143)- ==> Parameters: 男(String), 080703201902(String)
2019-08-22 22:37:49,450 DEBUG (BaseJdbcLogger.java:143)- ====>  Preparing: select id, name, sex, birthday, phone, ID_number, email, parent_phone, adress, major, state from student_basic where id = ? 
2019-08-22 22:37:49,451 DEBUG (BaseJdbcLogger.java:143)- ====> Parameters: 12279(String)
2019-08-22 22:37:49,451 DEBUG (BaseJdbcLogger.java:143)- <====      Total: 1
2019-08-22 22:37:49,452 DEBUG (BaseJdbcLogger.java:143)- ====>  Preparing: select id, class_id, name, director, grade, major_id from class where class_id = ? 
2019-08-22 22:37:49,452 DEBUG (BaseJdbcLogger.java:143)- ====> Parameters: 080703201902(String)
2019-08-22 22:37:49,453 DEBUG (BaseJdbcLogger.java:143)- ======>  Preparing: select id, major_id, name, price, department_id from major where major_id = ? 
2019-08-22 22:37:49,453 DEBUG (BaseJdbcLogger.java:143)- ======> Parameters: 080703(String)
2019-08-22 22:37:49,454 DEBUG (BaseJdbcLogger.java:143)- <======      Total: 1
2019-08-22 22:37:49,454 DEBUG (BaseJdbcLogger.java:143)- <====      Total: 1
2019-08-22 22:37:49,455 DEBUG (BaseJdbcLogger.java:143)- ====>  Preparing: select id, name, sex, birthday, phone, ID_number, email, parent_phone, adress, major, state from student_basic where id = ? 
2019-08-22 22:37:49,455 DEBUG (BaseJdbcLogger.java:143)- ====> Parameters: 12280(String)
2019-08-22 22:37:49,455 DEBUG (BaseJdbcLogger.java:143)- <====      Total: 1
2019-08-22 22:37:49,456 DEBUG (BaseJdbcLogger.java:143)- ====>  Preparing: select id, name, sex, birthday, phone, ID_number, email, parent_phone, adress, major, state from student_basic where id = ? 
2019-08-22 22:37:49,456 DEBUG (BaseJdbcLogger.java:143)- ====> Parameters: 12283(String)
2019-08-22 22:37:49,456 DEBUG (BaseJdbcLogger.java:143)- <====      Total: 1
2019-08-22 22:37:49,457 DEBUG (BaseJdbcLogger.java:143)- ====>  Preparing: select id, name, sex, birthday, phone, ID_number, email, parent_phone, adress, major, state from student_basic where id = ? 
2019-08-22 22:37:49,458 DEBUG (BaseJdbcLogger.java:143)- ====> Parameters: 12284(String)
2019-08-22 22:37:49,458 DEBUG (BaseJdbcLogger.java:143)- <====      Total: 1
2019-08-22 22:37:49,459 DEBUG (BaseJdbcLogger.java:143)- ====>  Preparing: select id, name, sex, birthday, phone, ID_number, email, parent_phone, adress, major, state from student_basic where id = ? 
2019-08-22 22:37:49,459 DEBUG (BaseJdbcLogger.java:143)- ====> Parameters: 12285(String)
2019-08-22 22:37:49,460 DEBUG (BaseJdbcLogger.java:143)- <====      Total: 1
2019-08-22 22:37:49,461 DEBUG (BaseJdbcLogger.java:143)- ====>  Preparing: select id, name, sex, birthday, phone, ID_number, email, parent_phone, adress, major, state from student_basic where id = ? 
2019-08-22 22:37:49,461 DEBUG (BaseJdbcLogger.java:143)- ====> Parameters: 12286(String)
2019-08-22 22:37:49,461 DEBUG (BaseJdbcLogger.java:143)- <====      Total: 1
2019-08-22 22:37:49,462 DEBUG (BaseJdbcLogger.java:143)- ====>  Preparing: select id, name, sex, birthday, phone, ID_number, email, parent_phone, adress, major, state from student_basic where id = ? 
2019-08-22 22:37:49,462 DEBUG (BaseJdbcLogger.java:143)- ====> Parameters: 12287(String)
2019-08-22 22:37:49,462 DEBUG (BaseJdbcLogger.java:143)- <====      Total: 1
2019-08-22 22:37:49,463 DEBUG (BaseJdbcLogger.java:143)- ====>  Preparing: select id, name, sex, birthday, phone, ID_number, email, parent_phone, adress, major, state from student_basic where id = ? 
2019-08-22 22:37:49,463 DEBUG (BaseJdbcLogger.java:143)- ====> Parameters: 12288(String)
2019-08-22 22:37:49,463 DEBUG (BaseJdbcLogger.java:143)- <====      Total: 1
2019-08-22 22:37:49,464 DEBUG (BaseJdbcLogger.java:143)- ====>  Preparing: select id, name, sex, birthday, phone, ID_number, email, parent_phone, adress, major, state from student_basic where id = ? 
2019-08-22 22:37:49,464 DEBUG (BaseJdbcLogger.java:143)- ====> Parameters: 12290(String)
2019-08-22 22:37:49,465 DEBUG (BaseJdbcLogger.java:143)- <====      Total: 1
2019-08-22 22:37:49,465 DEBUG (BaseJdbcLogger.java:143)- ====>  Preparing: select id, name, sex, birthday, phone, ID_number, email, parent_phone, adress, major, state from student_basic where id = ? 
2019-08-22 22:37:49,466 DEBUG (BaseJdbcLogger.java:143)- ====> Parameters: 12293(String)
2019-08-22 22:37:49,467 DEBUG (BaseJdbcLogger.java:143)- <====      Total: 1
2019-08-22 22:37:49,468 DEBUG (BaseJdbcLogger.java:143)- ====>  Preparing: select id, name, sex, birthday, phone, ID_number, email, parent_phone, adress, major, state from student_basic where id = ? 
2019-08-22 22:37:49,468 DEBUG (BaseJdbcLogger.java:143)- ====> Parameters: 12294(String)
2019-08-22 22:37:49,468 DEBUG (BaseJdbcLogger.java:143)- <====      Total: 1
2019-08-22 22:37:49,468 DEBUG (BaseJdbcLogger.java:143)- ====>  Preparing: select id, name, sex, birthday, phone, ID_number, email, parent_phone, adress, major, state from student_basic where id = ? 
2019-08-22 22:37:49,469 DEBUG (BaseJdbcLogger.java:143)- ====> Parameters: 12295(String)
2019-08-22 22:37:49,470 DEBUG (BaseJdbcLogger.java:143)- <====      Total: 1
2019-08-22 22:37:49,471 DEBUG (BaseJdbcLogger.java:143)- ====>  Preparing: select id, name, sex, birthday, phone, ID_number, email, parent_phone, adress, major, state from student_basic where id = ? 
2019-08-22 22:37:49,472 DEBUG (BaseJdbcLogger.java:143)- ====> Parameters: 12300(String)
2019-08-22 22:37:49,473 DEBUG (BaseJdbcLogger.java:143)- <====      Total: 1
2019-08-22 22:37:49,474 DEBUG (BaseJdbcLogger.java:143)- ====>  Preparing: select id, name, sex, birthday, phone, ID_number, email, parent_phone, adress, major, state from student_basic where id = ? 
2019-08-22 22:37:49,474 DEBUG (BaseJdbcLogger.java:143)- ====> Parameters: 12301(String)
2019-08-22 22:37:49,476 DEBUG (BaseJdbcLogger.java:143)- <====      Total: 1
2019-08-22 22:37:49,476 DEBUG (BaseJdbcLogger.java:143)- ====>  Preparing: select id, name, sex, birthday, phone, ID_number, email, parent_phone, adress, major, state from student_basic where id = ? 
2019-08-22 22:37:49,476 DEBUG (BaseJdbcLogger.java:143)- ====> Parameters: 12302(String)
2019-08-22 22:37:49,477 DEBUG (BaseJdbcLogger.java:143)- <====      Total: 1
2019-08-22 22:37:49,478 DEBUG (BaseJdbcLogger.java:143)- ====>  Preparing: select id, name, sex, birthday, phone, ID_number, email, parent_phone, adress, major, state from student_basic where id = ? 
2019-08-22 22:37:49,479 DEBUG (BaseJdbcLogger.java:143)- ====> Parameters: 12304(String)
2019-08-22 22:37:49,480 DEBUG (BaseJdbcLogger.java:143)- <====      Total: 1
2019-08-22 22:37:49,480 DEBUG (BaseJdbcLogger.java:143)- ====>  Preparing: select id, name, sex, birthday, phone, ID_number, email, parent_phone, adress, major, state from student_basic where id = ? 
2019-08-22 22:37:49,480 DEBUG (BaseJdbcLogger.java:143)- ====> Parameters: 12305(String)
2019-08-22 22:37:49,481 DEBUG (BaseJdbcLogger.java:143)- <====      Total: 1
2019-08-22 22:37:49,481 DEBUG (BaseJdbcLogger.java:143)- ====>  Preparing: select id, name, sex, birthday, phone, ID_number, email, parent_phone, adress, major, state from student_basic where id = ? 
2019-08-22 22:37:49,481 DEBUG (BaseJdbcLogger.java:143)- ====> Parameters: 12306(String)
2019-08-22 22:37:49,482 DEBUG (BaseJdbcLogger.java:143)- <====      Total: 1
2019-08-22 22:37:49,483 DEBUG (BaseJdbcLogger.java:143)- ====>  Preparing: select id, name, sex, birthday, phone, ID_number, email, parent_phone, adress, major, state from student_basic where id = ? 
2019-08-22 22:37:49,483 DEBUG (BaseJdbcLogger.java:143)- ====> Parameters: 12308(String)
2019-08-22 22:37:49,483 DEBUG (BaseJdbcLogger.java:143)- <====      Total: 1
2019-08-22 22:37:49,485 DEBUG (BaseJdbcLogger.java:143)- ====>  Preparing: select id, name, sex, birthday, phone, ID_number, email, parent_phone, adress, major, state from student_basic where id = ? 
2019-08-22 22:37:49,485 DEBUG (BaseJdbcLogger.java:143)- ====> Parameters: 12309(String)
2019-08-22 22:37:49,485 DEBUG (BaseJdbcLogger.java:143)- <====      Total: 1
2019-08-22 22:37:49,486 DEBUG (BaseJdbcLogger.java:143)- ====>  Preparing: select id, name, sex, birthday, phone, ID_number, email, parent_phone, adress, major, state from student_basic where id = ? 
2019-08-22 22:37:49,486 DEBUG (BaseJdbcLogger.java:143)- ====> Parameters: 12310(String)
2019-08-22 22:37:49,486 DEBUG (BaseJdbcLogger.java:143)- <====      Total: 1
2019-08-22 22:37:49,487 DEBUG (BaseJdbcLogger.java:143)- ====>  Preparing: select id, name, sex, birthday, phone, ID_number, email, parent_phone, adress, major, state from student_basic where id = ? 
2019-08-22 22:37:49,487 DEBUG (BaseJdbcLogger.java:143)- ====> Parameters: 12311(String)
2019-08-22 22:37:49,487 DEBUG (BaseJdbcLogger.java:143)- <====      Total: 1
2019-08-22 22:37:49,488 DEBUG (BaseJdbcLogger.java:143)- ====>  Preparing: select id, name, sex, birthday, phone, ID_number, email, parent_phone, adress, major, state from student_basic where id = ? 
2019-08-22 22:37:49,489 DEBUG (BaseJdbcLogger.java:143)- ====> Parameters: 12313(String)
2019-08-22 22:37:49,489 DEBUG (BaseJdbcLogger.java:143)- <====      Total: 1
2019-08-22 22:37:49,489 DEBUG (BaseJdbcLogger.java:143)- ====>  Preparing: select id, name, sex, birthday, phone, ID_number, email, parent_phone, adress, major, state from student_basic where id = ? 
2019-08-22 22:37:49,489 DEBUG (BaseJdbcLogger.java:143)- ====> Parameters: 12316(String)
2019-08-22 22:37:49,490 DEBUG (BaseJdbcLogger.java:143)- <====      Total: 1
2019-08-22 22:37:49,491 DEBUG (BaseJdbcLogger.java:143)- ====>  Preparing: select id, name, sex, birthday, phone, ID_number, email, parent_phone, adress, major, state from student_basic where id = ? 
2019-08-22 22:37:49,491 DEBUG (BaseJdbcLogger.java:143)- ====> Parameters: 12317(String)
2019-08-22 22:37:49,491 DEBUG (BaseJdbcLogger.java:143)- <====      Total: 1
2019-08-22 22:37:49,492 DEBUG (BaseJdbcLogger.java:143)- <==      Total: 25
2019-08-22 22:37:49,492 DEBUG (BaseJdbcLogger.java:143)- ==>  Preparing: select student_status.id,student_status.basic_id, student_status.student_id, student_status.class_id from student_status,student_basic where student_status.basic_id=student_basic.id and student_basic.sex=? and student_status.class_id=? 
2019-08-22 22:37:49,492 DEBUG (BaseJdbcLogger.java:143)- ==> Parameters: 女(String), 080703201902(String)
2019-08-22 22:37:49,493 DEBUG (BaseJdbcLogger.java:143)- ====>  Preparing: select id, name, sex, birthday, phone, ID_number, email, parent_phone, adress, major, state from student_basic where id = ? 
2019-08-22 22:37:49,493 DEBUG (BaseJdbcLogger.java:143)- ====> Parameters: 12272(String)
2019-08-22 22:37:49,493 DEBUG (BaseJdbcLogger.java:143)- <====      Total: 1
2019-08-22 22:37:49,494 DEBUG (BaseJdbcLogger.java:143)- ====>  Preparing: select id, class_id, name, director, grade, major_id from class where class_id = ? 
2019-08-22 22:37:49,494 DEBUG (BaseJdbcLogger.java:143)- ====> Parameters: 080703201902(String)
2019-08-22 22:37:49,495 DEBUG (BaseJdbcLogger.java:143)- ======>  Preparing: select id, major_id, name, price, department_id from major where major_id = ? 
2019-08-22 22:37:49,495 DEBUG (BaseJdbcLogger.java:143)- ======> Parameters: 080703(String)
2019-08-22 22:37:49,496 DEBUG (BaseJdbcLogger.java:143)- <======      Total: 1
2019-08-22 22:37:49,496 DEBUG (BaseJdbcLogger.java:143)- <====      Total: 1
2019-08-22 22:37:49,496 DEBUG (BaseJdbcLogger.java:143)- ====>  Preparing: select id, name, sex, birthday, phone, ID_number, email, parent_phone, adress, major, state from student_basic where id = ? 
2019-08-22 22:37:49,496 DEBUG (BaseJdbcLogger.java:143)- ====> Parameters: 12273(String)
2019-08-22 22:37:49,497 DEBUG (BaseJdbcLogger.java:143)- <====      Total: 1
2019-08-22 22:37:49,498 DEBUG (BaseJdbcLogger.java:143)- ====>  Preparing: select id, name, sex, birthday, phone, ID_number, email, parent_phone, adress, major, state from student_basic where id = ? 
2019-08-22 22:37:49,498 DEBUG (BaseJdbcLogger.java:143)- ====> Parameters: 12278(String)
2019-08-22 22:37:49,498 DEBUG (BaseJdbcLogger.java:143)- <====      Total: 1
2019-08-22 22:37:49,499 DEBUG (BaseJdbcLogger.java:143)- ====>  Preparing: select id, name, sex, birthday, phone, ID_number, email, parent_phone, adress, major, state from student_basic where id = ? 
2019-08-22 22:37:49,499 DEBUG (BaseJdbcLogger.java:143)- ====> Parameters: 12281(String)
2019-08-22 22:37:49,499 DEBUG (BaseJdbcLogger.java:143)- <====      Total: 1
2019-08-22 22:37:49,500 DEBUG (BaseJdbcLogger.java:143)- ====>  Preparing: select id, name, sex, birthday, phone, ID_number, email, parent_phone, adress, major, state from student_basic where id = ? 
2019-08-22 22:37:49,500 DEBUG (BaseJdbcLogger.java:143)- ====> Parameters: 12282(String)
2019-08-22 22:37:49,500 DEBUG (BaseJdbcLogger.java:143)- <====      Total: 1
2019-08-22 22:37:49,502 DEBUG (BaseJdbcLogger.java:143)- ====>  Preparing: select id, name, sex, birthday, phone, ID_number, email, parent_phone, adress, major, state from student_basic where id = ? 
2019-08-22 22:37:49,502 DEBUG (BaseJdbcLogger.java:143)- ====> Parameters: 12289(String)
2019-08-22 22:37:49,503 DEBUG (BaseJdbcLogger.java:143)- <====      Total: 1
2019-08-22 22:37:49,503 DEBUG (BaseJdbcLogger.java:143)- ====>  Preparing: select id, name, sex, birthday, phone, ID_number, email, parent_phone, adress, major, state from student_basic where id = ? 
2019-08-22 22:37:49,503 DEBUG (BaseJdbcLogger.java:143)- ====> Parameters: 12291(String)
2019-08-22 22:37:49,503 DEBUG (BaseJdbcLogger.java:143)- <====      Total: 1
2019-08-22 22:37:49,504 DEBUG (BaseJdbcLogger.java:143)- ====>  Preparing: select id, name, sex, birthday, phone, ID_number, email, parent_phone, adress, major, state from student_basic where id = ? 
2019-08-22 22:37:49,505 DEBUG (BaseJdbcLogger.java:143)- ====> Parameters: 12292(String)
2019-08-22 22:37:49,505 DEBUG (BaseJdbcLogger.java:143)- <====      Total: 1
2019-08-22 22:37:49,505 DEBUG (BaseJdbcLogger.java:143)- ====>  Preparing: select id, name, sex, birthday, phone, ID_number, email, parent_phone, adress, major, state from student_basic where id = ? 
2019-08-22 22:37:49,505 DEBUG (BaseJdbcLogger.java:143)- ====> Parameters: 12296(String)
2019-08-22 22:37:49,506 DEBUG (BaseJdbcLogger.java:143)- <====      Total: 1
2019-08-22 22:37:49,507 DEBUG (BaseJdbcLogger.java:143)- ====>  Preparing: select id, name, sex, birthday, phone, ID_number, email, parent_phone, adress, major, state from student_basic where id = ? 
2019-08-22 22:37:49,508 DEBUG (BaseJdbcLogger.java:143)- ====> Parameters: 12297(String)
2019-08-22 22:37:49,508 DEBUG (BaseJdbcLogger.java:143)- <====      Total: 1
2019-08-22 22:37:49,509 DEBUG (BaseJdbcLogger.java:143)- ====>  Preparing: select id, name, sex, birthday, phone, ID_number, email, parent_phone, adress, major, state from student_basic where id = ? 
2019-08-22 22:37:49,509 DEBUG (BaseJdbcLogger.java:143)- ====> Parameters: 12298(String)
2019-08-22 22:37:49,509 DEBUG (BaseJdbcLogger.java:143)- <====      Total: 1
2019-08-22 22:37:49,510 DEBUG (BaseJdbcLogger.java:143)- ====>  Preparing: select id, name, sex, birthday, phone, ID_number, email, parent_phone, adress, major, state from student_basic where id = ? 
2019-08-22 22:37:49,510 DEBUG (BaseJdbcLogger.java:143)- ====> Parameters: 12299(String)
2019-08-22 22:37:49,510 DEBUG (BaseJdbcLogger.java:143)- <====      Total: 1
2019-08-22 22:37:49,510 DEBUG (BaseJdbcLogger.java:143)- ====>  Preparing: select id, name, sex, birthday, phone, ID_number, email, parent_phone, adress, major, state from student_basic where id = ? 
2019-08-22 22:37:49,510 DEBUG (BaseJdbcLogger.java:143)- ====> Parameters: 12303(String)
2019-08-22 22:37:49,511 DEBUG (BaseJdbcLogger.java:143)- <====      Total: 1
2019-08-22 22:37:49,512 DEBUG (BaseJdbcLogger.java:143)- ====>  Preparing: select id, name, sex, birthday, phone, ID_number, email, parent_phone, adress, major, state from student_basic where id = ? 
2019-08-22 22:37:49,512 DEBUG (BaseJdbcLogger.java:143)- ====> Parameters: 12307(String)
2019-08-22 22:37:49,512 DEBUG (BaseJdbcLogger.java:143)- <====      Total: 1
2019-08-22 22:37:49,513 DEBUG (BaseJdbcLogger.java:143)- ====>  Preparing: select id, name, sex, birthday, phone, ID_number, email, parent_phone, adress, major, state from student_basic where id = ? 
2019-08-22 22:37:49,513 DEBUG (BaseJdbcLogger.java:143)- ====> Parameters: 12312(String)
2019-08-22 22:37:49,514 DEBUG (BaseJdbcLogger.java:143)- <====      Total: 1
2019-08-22 22:37:49,514 DEBUG (BaseJdbcLogger.java:143)- ====>  Preparing: select id, name, sex, birthday, phone, ID_number, email, parent_phone, adress, major, state from student_basic where id = ? 
2019-08-22 22:37:49,514 DEBUG (BaseJdbcLogger.java:143)- ====> Parameters: 12314(String)
2019-08-22 22:37:49,515 DEBUG (BaseJdbcLogger.java:143)- <====      Total: 1
2019-08-22 22:37:49,515 DEBUG (BaseJdbcLogger.java:143)- ====>  Preparing: select id, name, sex, birthday, phone, ID_number, email, parent_phone, adress, major, state from student_basic where id = ? 
2019-08-22 22:37:49,515 DEBUG (BaseJdbcLogger.java:143)- ====> Parameters: 12315(String)
2019-08-22 22:37:49,516 DEBUG (BaseJdbcLogger.java:143)- <====      Total: 1
2019-08-22 22:37:49,517 DEBUG (BaseJdbcLogger.java:143)- ====>  Preparing: select id, name, sex, birthday, phone, ID_number, email, parent_phone, adress, major, state from student_basic where id = ? 
2019-08-22 22:37:49,517 DEBUG (BaseJdbcLogger.java:143)- ====> Parameters: 12318(String)
2019-08-22 22:37:49,517 DEBUG (BaseJdbcLogger.java:143)- <====      Total: 1
2019-08-22 22:37:49,517 DEBUG (BaseJdbcLogger.java:143)- <==      Total: 18
2019-08-22 22:37:49,518 DEBUG (BaseJdbcLogger.java:143)- ==>  Preparing: select dormitory_allocation.id, dormitory_allocation.class_id, dormitory_allocation.dormitory_id,dormitory_allocation.number from dormitory_allocation,dormitory WHERE dormitory_allocation.dormitory_id=dormitory.id and dormitory.sex=? and class_id = ? 
2019-08-22 22:37:49,518 DEBUG (BaseJdbcLogger.java:143)- ==> Parameters: 男(String), 080703201902(String)
2019-08-22 22:37:49,519 DEBUG (BaseJdbcLogger.java:143)- ====>  Preparing: select id, dong, floor, room, sex, number, rent from dormitory where id = ? 
2019-08-22 22:37:49,519 DEBUG (BaseJdbcLogger.java:143)- ====> Parameters: 91(Integer)
2019-08-22 22:37:49,519 DEBUG (BaseJdbcLogger.java:143)- <====      Total: 1
2019-08-22 22:37:49,520 DEBUG (BaseJdbcLogger.java:143)- ====>  Preparing: select id, dong, floor, room, sex, number, rent from dormitory where id = ? 
2019-08-22 22:37:49,520 DEBUG (BaseJdbcLogger.java:143)- ====> Parameters: 92(Integer)
2019-08-22 22:37:49,521 DEBUG (BaseJdbcLogger.java:143)- <====      Total: 1
2019-08-22 22:37:49,521 DEBUG (BaseJdbcLogger.java:143)- ====>  Preparing: select id, dong, floor, room, sex, number, rent from dormitory where id = ? 
2019-08-22 22:37:49,521 DEBUG (BaseJdbcLogger.java:143)- ====> Parameters: 93(Integer)
2019-08-22 22:37:49,523 DEBUG (BaseJdbcLogger.java:143)- <====      Total: 1
2019-08-22 22:37:49,523 DEBUG (BaseJdbcLogger.java:143)- ====>  Preparing: select id, dong, floor, room, sex, number, rent from dormitory where id = ? 
2019-08-22 22:37:49,524 DEBUG (BaseJdbcLogger.java:143)- ====> Parameters: 94(Integer)
2019-08-22 22:37:49,524 DEBUG (BaseJdbcLogger.java:143)- <====      Total: 1
2019-08-22 22:37:49,525 DEBUG (BaseJdbcLogger.java:143)- ====>  Preparing: select id, dong, floor, room, sex, number, rent from dormitory where id = ? 
2019-08-22 22:37:49,525 DEBUG (BaseJdbcLogger.java:143)- ====> Parameters: 95(Integer)
2019-08-22 22:37:49,526 DEBUG (BaseJdbcLogger.java:143)- <====      Total: 1
2019-08-22 22:37:49,526 DEBUG (BaseJdbcLogger.java:143)- <==      Total: 5
2019-08-22 22:37:49,527 DEBUG (BaseJdbcLogger.java:143)- ==>  Preparing: select dormitory_allocation.id, dormitory_allocation.class_id, dormitory_allocation.dormitory_id,dormitory_allocation.number from dormitory_allocation,dormitory WHERE dormitory_allocation.dormitory_id=dormitory.id and dormitory.sex=? and class_id = ? 
2019-08-22 22:37:49,527 DEBUG (BaseJdbcLogger.java:143)- ==> Parameters: 女(String), 080703201902(String)
2019-08-22 22:37:49,528 DEBUG (BaseJdbcLogger.java:143)- ====>  Preparing: select id, dong, floor, room, sex, number, rent from dormitory where id = ? 
2019-08-22 22:37:49,529 DEBUG (BaseJdbcLogger.java:143)- ====> Parameters: 528(Integer)
2019-08-22 22:37:49,530 DEBUG (BaseJdbcLogger.java:143)- <====      Total: 1
2019-08-22 22:37:49,531 DEBUG (BaseJdbcLogger.java:143)- ====>  Preparing: select id, dong, floor, room, sex, number, rent from dormitory where id = ? 
2019-08-22 22:37:49,531 DEBUG (BaseJdbcLogger.java:143)- ====> Parameters: 529(Integer)
2019-08-22 22:37:49,532 DEBUG (BaseJdbcLogger.java:143)- <====      Total: 1
2019-08-22 22:37:49,533 DEBUG (BaseJdbcLogger.java:143)- ====>  Preparing: select id, dong, floor, room, sex, number, rent from dormitory where id = ? 
2019-08-22 22:37:49,534 DEBUG (BaseJdbcLogger.java:143)- ====> Parameters: 530(Integer)
2019-08-22 22:37:49,535 DEBUG (BaseJdbcLogger.java:143)- <====      Total: 1
2019-08-22 22:37:49,536 DEBUG (BaseJdbcLogger.java:143)- ====>  Preparing: select id, dong, floor, room, sex, number, rent from dormitory where id = ? 
2019-08-22 22:37:49,537 DEBUG (BaseJdbcLogger.java:143)- ====> Parameters: 495(Integer)
2019-08-22 22:37:49,537 DEBUG (BaseJdbcLogger.java:143)- <====      Total: 1
2019-08-22 22:37:49,538 DEBUG (BaseJdbcLogger.java:143)- ====>  Preparing: select id, dong, floor, room, sex, number, rent from dormitory where id = ? 
2019-08-22 22:37:49,539 DEBUG (BaseJdbcLogger.java:143)- ====> Parameters: 499(Integer)
2019-08-22 22:37:49,540 DEBUG (BaseJdbcLogger.java:143)- <====      Total: 1
2019-08-22 22:37:49,541 DEBUG (BaseJdbcLogger.java:143)- ====>  Preparing: select id, dong, floor, room, sex, number, rent from dormitory where id = ? 
2019-08-22 22:37:49,541 DEBUG (BaseJdbcLogger.java:143)- ====> Parameters: 513(Integer)
2019-08-22 22:37:49,543 DEBUG (BaseJdbcLogger.java:143)- <====      Total: 1
2019-08-22 22:37:49,543 DEBUG (BaseJdbcLogger.java:143)- ====>  Preparing: select id, dong, floor, room, sex, number, rent from dormitory where id = ? 
2019-08-22 22:37:49,543 DEBUG (BaseJdbcLogger.java:143)- ====> Parameters: 518(Integer)
2019-08-22 22:37:49,544 DEBUG (BaseJdbcLogger.java:143)- <====      Total: 1
2019-08-22 22:37:49,544 DEBUG (BaseJdbcLogger.java:143)- <==      Total: 7
2019-08-22 22:37:49,545 DEBUG (BaseJdbcLogger.java:143)- ==>  Preparing: select student_status.id,student_status.basic_id, student_status.student_id, student_status.class_id from student_status,student_basic where student_status.basic_id=student_basic.id and student_basic.sex=? and student_status.class_id=? 
2019-08-22 22:37:49,545 DEBUG (BaseJdbcLogger.java:143)- ==> Parameters: 男(String), 080703201903(String)
2019-08-22 22:37:49,546 DEBUG (BaseJdbcLogger.java:143)- ====>  Preparing: select id, name, sex, birthday, phone, ID_number, email, parent_phone, adress, major, state from student_basic where id = ? 
2019-08-22 22:37:49,546 DEBUG (BaseJdbcLogger.java:143)- ====> Parameters: 12319(String)
2019-08-22 22:37:49,547 DEBUG (BaseJdbcLogger.java:143)- <====      Total: 1
2019-08-22 22:37:49,547 DEBUG (BaseJdbcLogger.java:143)- ====>  Preparing: select id, class_id, name, director, grade, major_id from class where class_id = ? 
2019-08-22 22:37:49,548 DEBUG (BaseJdbcLogger.java:143)- ====> Parameters: 080703201903(String)
2019-08-22 22:37:49,549 DEBUG (BaseJdbcLogger.java:143)- ======>  Preparing: select id, major_id, name, price, department_id from major where major_id = ? 
2019-08-22 22:37:49,549 DEBUG (BaseJdbcLogger.java:143)- ======> Parameters: 080703(String)
2019-08-22 22:37:49,550 DEBUG (BaseJdbcLogger.java:143)- <======      Total: 1
2019-08-22 22:37:49,551 DEBUG (BaseJdbcLogger.java:143)- <====      Total: 1
2019-08-22 22:37:49,551 DEBUG (BaseJdbcLogger.java:143)- ====>  Preparing: select id, name, sex, birthday, phone, ID_number, email, parent_phone, adress, major, state from student_basic where id = ? 
2019-08-22 22:37:49,551 DEBUG (BaseJdbcLogger.java:143)- ====> Parameters: 12321(String)
2019-08-22 22:37:49,553 DEBUG (BaseJdbcLogger.java:143)- <====      Total: 1
2019-08-22 22:37:49,553 DEBUG (BaseJdbcLogger.java:143)- ====>  Preparing: select id, name, sex, birthday, phone, ID_number, email, parent_phone, adress, major, state from student_basic where id = ? 
2019-08-22 22:37:49,553 DEBUG (BaseJdbcLogger.java:143)- ====> Parameters: 12323(String)
2019-08-22 22:37:49,554 DEBUG (BaseJdbcLogger.java:143)- <====      Total: 1
2019-08-22 22:37:49,555 DEBUG (BaseJdbcLogger.java:143)- ====>  Preparing: select id, name, sex, birthday, phone, ID_number, email, parent_phone, adress, major, state from student_basic where id = ? 
2019-08-22 22:37:49,555 DEBUG (BaseJdbcLogger.java:143)- ====> Parameters: 12324(String)
2019-08-22 22:37:49,556 DEBUG (BaseJdbcLogger.java:143)- <====      Total: 1
2019-08-22 22:37:49,556 DEBUG (BaseJdbcLogger.java:143)- ====>  Preparing: select id, name, sex, birthday, phone, ID_number, email, parent_phone, adress, major, state from student_basic where id = ? 
2019-08-22 22:37:49,557 DEBUG (BaseJdbcLogger.java:143)- ====> Parameters: 12326(String)
2019-08-22 22:37:49,558 DEBUG (BaseJdbcLogger.java:143)- <====      Total: 1
2019-08-22 22:37:49,558 DEBUG (BaseJdbcLogger.java:143)- ====>  Preparing: select id, name, sex, birthday, phone, ID_number, email, parent_phone, adress, major, state from student_basic where id = ? 
2019-08-22 22:37:49,558 DEBUG (BaseJdbcLogger.java:143)- ====> Parameters: 12327(String)
2019-08-22 22:37:49,558 DEBUG (BaseJdbcLogger.java:143)- <====      Total: 1
2019-08-22 22:37:49,559 DEBUG (BaseJdbcLogger.java:143)- ====>  Preparing: select id, name, sex, birthday, phone, ID_number, email, parent_phone, adress, major, state from student_basic where id = ? 
2019-08-22 22:37:49,560 DEBUG (BaseJdbcLogger.java:143)- ====> Parameters: 12328(String)
2019-08-22 22:37:49,560 DEBUG (BaseJdbcLogger.java:143)- <====      Total: 1
2019-08-22 22:37:49,560 DEBUG (BaseJdbcLogger.java:143)- ====>  Preparing: select id, name, sex, birthday, phone, ID_number, email, parent_phone, adress, major, state from student_basic where id = ? 
2019-08-22 22:37:49,561 DEBUG (BaseJdbcLogger.java:143)- ====> Parameters: 12329(String)
2019-08-22 22:37:49,561 DEBUG (BaseJdbcLogger.java:143)- <====      Total: 1
2019-08-22 22:37:49,562 DEBUG (BaseJdbcLogger.java:143)- ====>  Preparing: select id, name, sex, birthday, phone, ID_number, email, parent_phone, adress, major, state from student_basic where id = ? 
2019-08-22 22:37:49,562 DEBUG (BaseJdbcLogger.java:143)- ====> Parameters: 12334(String)
2019-08-22 22:37:49,562 DEBUG (BaseJdbcLogger.java:143)- <====      Total: 1
2019-08-22 22:37:49,563 DEBUG (BaseJdbcLogger.java:143)- ====>  Preparing: select id, name, sex, birthday, phone, ID_number, email, parent_phone, adress, major, state from student_basic where id = ? 
2019-08-22 22:37:49,563 DEBUG (BaseJdbcLogger.java:143)- ====> Parameters: 12337(String)
2019-08-22 22:37:49,563 DEBUG (BaseJdbcLogger.java:143)- <====      Total: 1
2019-08-22 22:37:49,564 DEBUG (BaseJdbcLogger.java:143)- ====>  Preparing: select id, name, sex, birthday, phone, ID_number, email, parent_phone, adress, major, state from student_basic where id = ? 
2019-08-22 22:37:49,565 DEBUG (BaseJdbcLogger.java:143)- ====> Parameters: 12338(String)
2019-08-22 22:37:49,565 DEBUG (BaseJdbcLogger.java:143)- <====      Total: 1
2019-08-22 22:37:49,565 DEBUG (BaseJdbcLogger.java:143)- ====>  Preparing: select id, name, sex, birthday, phone, ID_number, email, parent_phone, adress, major, state from student_basic where id = ? 
2019-08-22 22:37:49,565 DEBUG (BaseJdbcLogger.java:143)- ====> Parameters: 12339(String)
2019-08-22 22:37:49,566 DEBUG (BaseJdbcLogger.java:143)- <====      Total: 1
2019-08-22 22:37:49,567 DEBUG (BaseJdbcLogger.java:143)- ====>  Preparing: select id, name, sex, birthday, phone, ID_number, email, parent_phone, adress, major, state from student_basic where id = ? 
2019-08-22 22:37:49,567 DEBUG (BaseJdbcLogger.java:143)- ====> Parameters: 12344(String)
2019-08-22 22:37:49,567 DEBUG (BaseJdbcLogger.java:143)- <====      Total: 1
2019-08-22 22:37:49,568 DEBUG (BaseJdbcLogger.java:143)- ====>  Preparing: select id, name, sex, birthday, phone, ID_number, email, parent_phone, adress, major, state from student_basic where id = ? 
2019-08-22 22:37:49,568 DEBUG (BaseJdbcLogger.java:143)- ====> Parameters: 12345(String)
2019-08-22 22:37:49,568 DEBUG (BaseJdbcLogger.java:143)- <====      Total: 1
2019-08-22 22:37:49,569 DEBUG (BaseJdbcLogger.java:143)- ====>  Preparing: select id, name, sex, birthday, phone, ID_number, email, parent_phone, adress, major, state from student_basic where id = ? 
2019-08-22 22:37:49,569 DEBUG (BaseJdbcLogger.java:143)- ====> Parameters: 12347(String)
2019-08-22 22:37:49,570 DEBUG (BaseJdbcLogger.java:143)- <====      Total: 1
2019-08-22 22:37:49,570 DEBUG (BaseJdbcLogger.java:143)- ====>  Preparing: select id, name, sex, birthday, phone, ID_number, email, parent_phone, adress, major, state from student_basic where id = ? 
2019-08-22 22:37:49,571 DEBUG (BaseJdbcLogger.java:143)- ====> Parameters: 12349(String)
2019-08-22 22:37:49,572 DEBUG (BaseJdbcLogger.java:143)- <====      Total: 1
2019-08-22 22:37:49,572 DEBUG (BaseJdbcLogger.java:143)- ====>  Preparing: select id, name, sex, birthday, phone, ID_number, email, parent_phone, adress, major, state from student_basic where id = ? 
2019-08-22 22:37:49,573 DEBUG (BaseJdbcLogger.java:143)- ====> Parameters: 12350(String)
2019-08-22 22:37:49,573 DEBUG (BaseJdbcLogger.java:143)- <====      Total: 1
2019-08-22 22:37:49,573 DEBUG (BaseJdbcLogger.java:143)- ====>  Preparing: select id, name, sex, birthday, phone, ID_number, email, parent_phone, adress, major, state from student_basic where id = ? 
2019-08-22 22:37:49,573 DEBUG (BaseJdbcLogger.java:143)- ====> Parameters: 12351(String)
2019-08-22 22:37:49,574 DEBUG (BaseJdbcLogger.java:143)- <====      Total: 1
2019-08-22 22:37:49,575 DEBUG (BaseJdbcLogger.java:143)- ====>  Preparing: select id, name, sex, birthday, phone, ID_number, email, parent_phone, adress, major, state from student_basic where id = ? 
2019-08-22 22:37:49,575 DEBUG (BaseJdbcLogger.java:143)- ====> Parameters: 12352(String)
2019-08-22 22:37:49,575 DEBUG (BaseJdbcLogger.java:143)- <====      Total: 1
2019-08-22 22:37:49,576 DEBUG (BaseJdbcLogger.java:143)- ====>  Preparing: select id, name, sex, birthday, phone, ID_number, email, parent_phone, adress, major, state from student_basic where id = ? 
2019-08-22 22:37:49,576 DEBUG (BaseJdbcLogger.java:143)- ====> Parameters: 12355(String)
2019-08-22 22:37:49,576 DEBUG (BaseJdbcLogger.java:143)- <====      Total: 1
2019-08-22 22:37:49,576 DEBUG (BaseJdbcLogger.java:143)- ====>  Preparing: select id, name, sex, birthday, phone, ID_number, email, parent_phone, adress, major, state from student_basic where id = ? 
2019-08-22 22:37:49,576 DEBUG (BaseJdbcLogger.java:143)- ====> Parameters: 12356(String)
2019-08-22 22:37:49,578 DEBUG (BaseJdbcLogger.java:143)- <====      Total: 1
2019-08-22 22:37:49,579 DEBUG (BaseJdbcLogger.java:143)- ====>  Preparing: select id, name, sex, birthday, phone, ID_number, email, parent_phone, adress, major, state from student_basic where id = ? 
2019-08-22 22:37:49,579 DEBUG (BaseJdbcLogger.java:143)- ====> Parameters: 12357(String)
2019-08-22 22:37:49,580 DEBUG (BaseJdbcLogger.java:143)- <====      Total: 1
2019-08-22 22:37:49,580 DEBUG (BaseJdbcLogger.java:143)- ====>  Preparing: select id, name, sex, birthday, phone, ID_number, email, parent_phone, adress, major, state from student_basic where id = ? 
2019-08-22 22:37:49,580 DEBUG (BaseJdbcLogger.java:143)- ====> Parameters: 12358(String)
2019-08-22 22:37:49,580 DEBUG (BaseJdbcLogger.java:143)- <====      Total: 1
2019-08-22 22:37:49,581 DEBUG (BaseJdbcLogger.java:143)- ====>  Preparing: select id, name, sex, birthday, phone, ID_number, email, parent_phone, adress, major, state from student_basic where id = ? 
2019-08-22 22:37:49,581 DEBUG (BaseJdbcLogger.java:143)- ====> Parameters: 12360(String)
2019-08-22 22:37:49,581 DEBUG (BaseJdbcLogger.java:143)- <====      Total: 1
2019-08-22 22:37:49,582 DEBUG (BaseJdbcLogger.java:143)- ====>  Preparing: select id, name, sex, birthday, phone, ID_number, email, parent_phone, adress, major, state from student_basic where id = ? 
2019-08-22 22:37:49,583 DEBUG (BaseJdbcLogger.java:143)- ====> Parameters: 12361(String)
2019-08-22 22:37:49,583 DEBUG (BaseJdbcLogger.java:143)- <====      Total: 1
2019-08-22 22:37:49,584 DEBUG (BaseJdbcLogger.java:143)- <==      Total: 25
2019-08-22 22:37:49,584 DEBUG (BaseJdbcLogger.java:143)- ==>  Preparing: select student_status.id,student_status.basic_id, student_status.student_id, student_status.class_id from student_status,student_basic where student_status.basic_id=student_basic.id and student_basic.sex=? and student_status.class_id=? 
2019-08-22 22:37:49,585 DEBUG (BaseJdbcLogger.java:143)- ==> Parameters: 女(String), 080703201903(String)
2019-08-22 22:37:49,586 DEBUG (BaseJdbcLogger.java:143)- ====>  Preparing: select id, name, sex, birthday, phone, ID_number, email, parent_phone, adress, major, state from student_basic where id = ? 
2019-08-22 22:37:49,586 DEBUG (BaseJdbcLogger.java:143)- ====> Parameters: 12320(String)
2019-08-22 22:37:49,587 DEBUG (BaseJdbcLogger.java:143)- <====      Total: 1
2019-08-22 22:37:49,588 DEBUG (BaseJdbcLogger.java:143)- ====>  Preparing: select id, class_id, name, director, grade, major_id from class where class_id = ? 
2019-08-22 22:37:49,588 DEBUG (BaseJdbcLogger.java:143)- ====> Parameters: 080703201903(String)
2019-08-22 22:37:49,588 DEBUG (BaseJdbcLogger.java:143)- ======>  Preparing: select id, major_id, name, price, department_id from major where major_id = ? 
2019-08-22 22:37:49,589 DEBUG (BaseJdbcLogger.java:143)- ======> Parameters: 080703(String)
2019-08-22 22:37:49,590 DEBUG (BaseJdbcLogger.java:143)- <======      Total: 1
2019-08-22 22:37:49,590 DEBUG (BaseJdbcLogger.java:143)- <====      Total: 1
2019-08-22 22:37:49,590 DEBUG (BaseJdbcLogger.java:143)- ====>  Preparing: select id, name, sex, birthday, phone, ID_number, email, parent_phone, adress, major, state from student_basic where id = ? 
2019-08-22 22:37:49,591 DEBUG (BaseJdbcLogger.java:143)- ====> Parameters: 12322(String)
2019-08-22 22:37:49,592 DEBUG (BaseJdbcLogger.java:143)- <====      Total: 1
2019-08-22 22:37:49,592 DEBUG (BaseJdbcLogger.java:143)- ====>  Preparing: select id, name, sex, birthday, phone, ID_number, email, parent_phone, adress, major, state from student_basic where id = ? 
2019-08-22 22:37:49,592 DEBUG (BaseJdbcLogger.java:143)- ====> Parameters: 12325(String)
2019-08-22 22:37:49,593 DEBUG (BaseJdbcLogger.java:143)- <====      Total: 1
2019-08-22 22:37:49,593 DEBUG (BaseJdbcLogger.java:143)- ====>  Preparing: select id, name, sex, birthday, phone, ID_number, email, parent_phone, adress, major, state from student_basic where id = ? 
2019-08-22 22:37:49,594 DEBUG (BaseJdbcLogger.java:143)- ====> Parameters: 12330(String)
2019-08-22 22:37:49,595 DEBUG (BaseJdbcLogger.java:143)- <====      Total: 1
2019-08-22 22:37:49,595 DEBUG (BaseJdbcLogger.java:143)- ====>  Preparing: select id, name, sex, birthday, phone, ID_number, email, parent_phone, adress, major, state from student_basic where id = ? 
2019-08-22 22:37:49,595 DEBUG (BaseJdbcLogger.java:143)- ====> Parameters: 12331(String)
2019-08-22 22:37:49,597 DEBUG (BaseJdbcLogger.java:143)- <====      Total: 1
2019-08-22 22:37:49,597 DEBUG (BaseJdbcLogger.java:143)- ====>  Preparing: select id, name, sex, birthday, phone, ID_number, email, parent_phone, adress, major, state from student_basic where id = ? 
2019-08-22 22:37:49,598 DEBUG (BaseJdbcLogger.java:143)- ====> Parameters: 12332(String)
2019-08-22 22:37:49,598 DEBUG (BaseJdbcLogger.java:143)- <====      Total: 1
2019-08-22 22:37:49,599 DEBUG (BaseJdbcLogger.java:143)- ====>  Preparing: select id, name, sex, birthday, phone, ID_number, email, parent_phone, adress, major, state from student_basic where id = ? 
2019-08-22 22:37:49,600 DEBUG (BaseJdbcLogger.java:143)- ====> Parameters: 12333(String)
2019-08-22 22:37:49,600 DEBUG (BaseJdbcLogger.java:143)- <====      Total: 1
2019-08-22 22:37:49,601 DEBUG (BaseJdbcLogger.java:143)- ====>  Preparing: select id, name, sex, birthday, phone, ID_number, email, parent_phone, adress, major, state from student_basic where id = ? 
2019-08-22 22:37:49,602 DEBUG (BaseJdbcLogger.java:143)- ====> Parameters: 12335(String)
2019-08-22 22:37:49,603 DEBUG (BaseJdbcLogger.java:143)- <====      Total: 1
2019-08-22 22:37:49,603 DEBUG (BaseJdbcLogger.java:143)- ====>  Preparing: select id, name, sex, birthday, phone, ID_number, email, parent_phone, adress, major, state from student_basic where id = ? 
2019-08-22 22:37:49,603 DEBUG (BaseJdbcLogger.java:143)- ====> Parameters: 12336(String)
2019-08-22 22:37:49,604 DEBUG (BaseJdbcLogger.java:143)- <====      Total: 1
2019-08-22 22:37:49,605 DEBUG (BaseJdbcLogger.java:143)- ====>  Preparing: select id, name, sex, birthday, phone, ID_number, email, parent_phone, adress, major, state from student_basic where id = ? 
2019-08-22 22:37:49,605 DEBUG (BaseJdbcLogger.java:143)- ====> Parameters: 12340(String)
2019-08-22 22:37:49,605 DEBUG (BaseJdbcLogger.java:143)- <====      Total: 1
2019-08-22 22:37:49,606 DEBUG (BaseJdbcLogger.java:143)- ====>  Preparing: select id, name, sex, birthday, phone, ID_number, email, parent_phone, adress, major, state from student_basic where id = ? 
2019-08-22 22:37:49,606 DEBUG (BaseJdbcLogger.java:143)- ====> Parameters: 12341(String)
2019-08-22 22:37:49,606 DEBUG (BaseJdbcLogger.java:143)- <====      Total: 1
2019-08-22 22:37:49,606 DEBUG (BaseJdbcLogger.java:143)- ====>  Preparing: select id, name, sex, birthday, phone, ID_number, email, parent_phone, adress, major, state from student_basic where id = ? 
2019-08-22 22:37:49,607 DEBUG (BaseJdbcLogger.java:143)- ====> Parameters: 12342(String)
2019-08-22 22:37:49,608 DEBUG (BaseJdbcLogger.java:143)- <====      Total: 1
2019-08-22 22:37:49,608 DEBUG (BaseJdbcLogger.java:143)- ====>  Preparing: select id, name, sex, birthday, phone, ID_number, email, parent_phone, adress, major, state from student_basic where id = ? 
2019-08-22 22:37:49,608 DEBUG (BaseJdbcLogger.java:143)- ====> Parameters: 12343(String)
2019-08-22 22:37:49,608 DEBUG (BaseJdbcLogger.java:143)- <====      Total: 1
2019-08-22 22:37:49,609 DEBUG (BaseJdbcLogger.java:143)- ====>  Preparing: select id, name, sex, birthday, phone, ID_number, email, parent_phone, adress, major, state from student_basic where id = ? 
2019-08-22 22:37:49,609 DEBUG (BaseJdbcLogger.java:143)- ====> Parameters: 12346(String)
2019-08-22 22:37:49,610 DEBUG (BaseJdbcLogger.java:143)- <====      Total: 1
2019-08-22 22:37:49,610 DEBUG (BaseJdbcLogger.java:143)- ====>  Preparing: select id, name, sex, birthday, phone, ID_number, email, parent_phone, adress, major, state from student_basic where id = ? 
2019-08-22 22:37:49,610 DEBUG (BaseJdbcLogger.java:143)- ====> Parameters: 12348(String)
2019-08-22 22:37:49,611 DEBUG (BaseJdbcLogger.java:143)- <====      Total: 1
2019-08-22 22:37:49,612 DEBUG (BaseJdbcLogger.java:143)- ====>  Preparing: select id, name, sex, birthday, phone, ID_number, email, parent_phone, adress, major, state from student_basic where id = ? 
2019-08-22 22:37:49,612 DEBUG (BaseJdbcLogger.java:143)- ====> Parameters: 12353(String)
2019-08-22 22:37:49,612 DEBUG (BaseJdbcLogger.java:143)- <====      Total: 1
2019-08-22 22:37:49,613 DEBUG (BaseJdbcLogger.java:143)- ====>  Preparing: select id, name, sex, birthday, phone, ID_number, email, parent_phone, adress, major, state from student_basic where id = ? 
2019-08-22 22:37:49,613 DEBUG (BaseJdbcLogger.java:143)- ====> Parameters: 12354(String)
2019-08-22 22:37:49,613 DEBUG (BaseJdbcLogger.java:143)- <====      Total: 1
2019-08-22 22:37:49,613 DEBUG (BaseJdbcLogger.java:143)- ====>  Preparing: select id, name, sex, birthday, phone, ID_number, email, parent_phone, adress, major, state from student_basic where id = ? 
2019-08-22 22:37:49,613 DEBUG (BaseJdbcLogger.java:143)- ====> Parameters: 12359(String)
2019-08-22 22:37:49,615 DEBUG (BaseJdbcLogger.java:143)- <====      Total: 1
2019-08-22 22:37:49,615 DEBUG (BaseJdbcLogger.java:143)- <==      Total: 18
2019-08-22 22:37:49,615 DEBUG (BaseJdbcLogger.java:143)- ==>  Preparing: select dormitory_allocation.id, dormitory_allocation.class_id, dormitory_allocation.dormitory_id,dormitory_allocation.number from dormitory_allocation,dormitory WHERE dormitory_allocation.dormitory_id=dormitory.id and dormitory.sex=? and class_id = ? 
2019-08-22 22:37:49,615 DEBUG (BaseJdbcLogger.java:143)- ==> Parameters: 男(String), 080703201903(String)
2019-08-22 22:37:49,616 DEBUG (BaseJdbcLogger.java:143)- ====>  Preparing: select id, dong, floor, room, sex, number, rent from dormitory where id = ? 
2019-08-22 22:37:49,617 DEBUG (BaseJdbcLogger.java:143)- ====> Parameters: 96(Integer)
2019-08-22 22:37:49,618 DEBUG (BaseJdbcLogger.java:143)- <====      Total: 1
2019-08-22 22:37:49,618 DEBUG (BaseJdbcLogger.java:143)- ====>  Preparing: select id, dong, floor, room, sex, number, rent from dormitory where id = ? 
2019-08-22 22:37:49,618 DEBUG (BaseJdbcLogger.java:143)- ====> Parameters: 97(Integer)
2019-08-22 22:37:49,618 DEBUG (BaseJdbcLogger.java:143)- <====      Total: 1
2019-08-22 22:37:49,620 DEBUG (BaseJdbcLogger.java:143)- ====>  Preparing: select id, dong, floor, room, sex, number, rent from dormitory where id = ? 
2019-08-22 22:37:49,620 DEBUG (BaseJdbcLogger.java:143)- ====> Parameters: 98(Integer)
2019-08-22 22:37:49,620 DEBUG (BaseJdbcLogger.java:143)- <====      Total: 1
2019-08-22 22:37:49,621 DEBUG (BaseJdbcLogger.java:143)- ====>  Preparing: select id, dong, floor, room, sex, number, rent from dormitory where id = ? 
2019-08-22 22:37:49,621 DEBUG (BaseJdbcLogger.java:143)- ====> Parameters: 99(Integer)
2019-08-22 22:37:49,621 DEBUG (BaseJdbcLogger.java:143)- <====      Total: 1
2019-08-22 22:37:49,622 DEBUG (BaseJdbcLogger.java:143)- ====>  Preparing: select id, dong, floor, room, sex, number, rent from dormitory where id = ? 
2019-08-22 22:37:49,622 DEBUG (BaseJdbcLogger.java:143)- ====> Parameters: 100(Integer)
2019-08-22 22:37:49,622 DEBUG (BaseJdbcLogger.java:143)- <====      Total: 1
2019-08-22 22:37:49,622 DEBUG (BaseJdbcLogger.java:143)- <==      Total: 5
2019-08-22 22:37:49,622 DEBUG (BaseJdbcLogger.java:143)- ==>  Preparing: select dormitory_allocation.id, dormitory_allocation.class_id, dormitory_allocation.dormitory_id,dormitory_allocation.number from dormitory_allocation,dormitory WHERE dormitory_allocation.dormitory_id=dormitory.id and dormitory.sex=? and class_id = ? 
2019-08-22 22:37:49,623 DEBUG (BaseJdbcLogger.java:143)- ==> Parameters: 女(String), 080703201903(String)
2019-08-22 22:37:49,623 DEBUG (BaseJdbcLogger.java:143)- ====>  Preparing: select id, dong, floor, room, sex, number, rent from dormitory where id = ? 
2019-08-22 22:37:49,624 DEBUG (BaseJdbcLogger.java:143)- ====> Parameters: 532(Integer)
2019-08-22 22:37:49,625 DEBUG (BaseJdbcLogger.java:143)- <====      Total: 1
2019-08-22 22:37:49,626 DEBUG (BaseJdbcLogger.java:143)- ====>  Preparing: select id, dong, floor, room, sex, number, rent from dormitory where id = ? 
2019-08-22 22:37:49,626 DEBUG (BaseJdbcLogger.java:143)- ====> Parameters: 533(Integer)
2019-08-22 22:37:49,627 DEBUG (BaseJdbcLogger.java:143)- <====      Total: 1
2019-08-22 22:37:49,627 DEBUG (BaseJdbcLogger.java:143)- ====>  Preparing: select id, dong, floor, room, sex, number, rent from dormitory where id = ? 
2019-08-22 22:37:49,627 DEBUG (BaseJdbcLogger.java:143)- ====> Parameters: 534(Integer)
2019-08-22 22:37:49,628 DEBUG (BaseJdbcLogger.java:143)- <====      Total: 1
2019-08-22 22:37:49,628 DEBUG (BaseJdbcLogger.java:143)- ====>  Preparing: select id, dong, floor, room, sex, number, rent from dormitory where id = ? 
2019-08-22 22:37:49,628 DEBUG (BaseJdbcLogger.java:143)- ====> Parameters: 495(Integer)
2019-08-22 22:37:49,629 DEBUG (BaseJdbcLogger.java:143)- <====      Total: 1
2019-08-22 22:37:49,629 DEBUG (BaseJdbcLogger.java:143)- ====>  Preparing: select id, dong, floor, room, sex, number, rent from dormitory where id = ? 
2019-08-22 22:37:49,629 DEBUG (BaseJdbcLogger.java:143)- ====> Parameters: 499(Integer)
2019-08-22 22:37:49,630 DEBUG (BaseJdbcLogger.java:143)- <====      Total: 1
2019-08-22 22:37:49,630 DEBUG (BaseJdbcLogger.java:143)- ====>  Preparing: select id, dong, floor, room, sex, number, rent from dormitory where id = ? 
2019-08-22 22:37:49,630 DEBUG (BaseJdbcLogger.java:143)- ====> Parameters: 518(Integer)
2019-08-22 22:37:49,631 DEBUG (BaseJdbcLogger.java:143)- <====      Total: 1
2019-08-22 22:37:49,631 DEBUG (BaseJdbcLogger.java:143)- ====>  Preparing: select id, dong, floor, room, sex, number, rent from dormitory where id = ? 
2019-08-22 22:37:49,632 DEBUG (BaseJdbcLogger.java:143)- ====> Parameters: 523(Integer)
2019-08-22 22:37:49,632 DEBUG (BaseJdbcLogger.java:143)- <====      Total: 1
2019-08-22 22:37:49,632 DEBUG (BaseJdbcLogger.java:143)- <==      Total: 7
2019-08-22 22:37:49,632 DEBUG (BaseJdbcLogger.java:143)- ==>  Preparing: select student_status.id,student_status.basic_id, student_status.student_id, student_status.class_id from student_status,student_basic where student_status.basic_id=student_basic.id and student_basic.sex=? and student_status.class_id=? 
2019-08-22 22:37:49,633 DEBUG (BaseJdbcLogger.java:143)- ==> Parameters: 男(String), 082803201901(String)
2019-08-22 22:37:49,639 DEBUG (BaseJdbcLogger.java:143)- ====>  Preparing: select id, name, sex, birthday, phone, ID_number, email, parent_phone, adress, major, state from student_basic where id = ? 
2019-08-22 22:37:49,639 DEBUG (BaseJdbcLogger.java:143)- ====> Parameters: 12481(String)
2019-08-22 22:37:49,640 DEBUG (BaseJdbcLogger.java:143)- <====      Total: 1
2019-08-22 22:37:49,641 DEBUG (BaseJdbcLogger.java:143)- ====>  Preparing: select id, class_id, name, director, grade, major_id from class where class_id = ? 
2019-08-22 22:37:49,642 DEBUG (BaseJdbcLogger.java:143)- ====> Parameters: 082803201901(String)
2019-08-22 22:37:49,643 DEBUG (BaseJdbcLogger.java:143)- ======>  Preparing: select id, major_id, name, price, department_id from major where major_id = ? 
2019-08-22 22:37:49,644 DEBUG (BaseJdbcLogger.java:143)- ======> Parameters: 082803(String)
2019-08-22 22:37:49,645 DEBUG (BaseJdbcLogger.java:143)- <======      Total: 1
2019-08-22 22:37:49,645 DEBUG (BaseJdbcLogger.java:143)- <====      Total: 1
2019-08-22 22:37:49,645 DEBUG (BaseJdbcLogger.java:143)- ====>  Preparing: select id, name, sex, birthday, phone, ID_number, email, parent_phone, adress, major, state from student_basic where id = ? 
2019-08-22 22:37:49,646 DEBUG (BaseJdbcLogger.java:143)- ====> Parameters: 12483(String)
2019-08-22 22:37:49,646 DEBUG (BaseJdbcLogger.java:143)- <====      Total: 1
2019-08-22 22:37:49,648 DEBUG (BaseJdbcLogger.java:143)- ====>  Preparing: select id, name, sex, birthday, phone, ID_number, email, parent_phone, adress, major, state from student_basic where id = ? 
2019-08-22 22:37:49,648 DEBUG (BaseJdbcLogger.java:143)- ====> Parameters: 12485(String)
2019-08-22 22:37:49,650 DEBUG (BaseJdbcLogger.java:143)- <====      Total: 1
2019-08-22 22:37:49,650 DEBUG (BaseJdbcLogger.java:143)- ====>  Preparing: select id, name, sex, birthday, phone, ID_number, email, parent_phone, adress, major, state from student_basic where id = ? 
2019-08-22 22:37:49,651 DEBUG (BaseJdbcLogger.java:143)- ====> Parameters: 12486(String)
2019-08-22 22:37:49,652 DEBUG (BaseJdbcLogger.java:143)- <====      Total: 1
2019-08-22 22:37:49,652 DEBUG (BaseJdbcLogger.java:143)- ====>  Preparing: select id, name, sex, birthday, phone, ID_number, email, parent_phone, adress, major, state from student_basic where id = ? 
2019-08-22 22:37:49,652 DEBUG (BaseJdbcLogger.java:143)- ====> Parameters: 12487(String)
2019-08-22 22:37:49,653 DEBUG (BaseJdbcLogger.java:143)- <====      Total: 1
2019-08-22 22:37:49,654 DEBUG (BaseJdbcLogger.java:143)- ====>  Preparing: select id, name, sex, birthday, phone, ID_number, email, parent_phone, adress, major, state from student_basic where id = ? 
2019-08-22 22:37:49,654 DEBUG (BaseJdbcLogger.java:143)- ====> Parameters: 12488(String)
2019-08-22 22:37:49,655 DEBUG (BaseJdbcLogger.java:143)- <====      Total: 1
2019-08-22 22:37:49,655 DEBUG (BaseJdbcLogger.java:143)- ====>  Preparing: select id, name, sex, birthday, phone, ID_number, email, parent_phone, adress, major, state from student_basic where id = ? 
2019-08-22 22:37:49,655 DEBUG (BaseJdbcLogger.java:143)- ====> Parameters: 12489(String)
2019-08-22 22:37:49,656 DEBUG (BaseJdbcLogger.java:143)- <====      Total: 1
2019-08-22 22:37:49,657 DEBUG (BaseJdbcLogger.java:143)- ====>  Preparing: select id, name, sex, birthday, phone, ID_number, email, parent_phone, adress, major, state from student_basic where id = ? 
2019-08-22 22:37:49,657 DEBUG (BaseJdbcLogger.java:143)- ====> Parameters: 12491(String)
2019-08-22 22:37:49,670 DEBUG (BaseJdbcLogger.java:143)- <====      Total: 1
2019-08-22 22:37:49,670 DEBUG (BaseJdbcLogger.java:143)- ====>  Preparing: select id, name, sex, birthday, phone, ID_number, email, parent_phone, adress, major, state from student_basic where id = ? 
2019-08-22 22:37:49,671 DEBUG (BaseJdbcLogger.java:143)- ====> Parameters: 12492(String)
2019-08-22 22:37:49,672 DEBUG (BaseJdbcLogger.java:143)- <====      Total: 1
2019-08-22 22:37:49,672 DEBUG (BaseJdbcLogger.java:143)- ====>  Preparing: select id, name, sex, birthday, phone, ID_number, email, parent_phone, adress, major, state from student_basic where id = ? 
2019-08-22 22:37:49,672 DEBUG (BaseJdbcLogger.java:143)- ====> Parameters: 12493(String)
2019-08-22 22:37:49,673 DEBUG (BaseJdbcLogger.java:143)- <====      Total: 1
2019-08-22 22:37:49,673 DEBUG (BaseJdbcLogger.java:143)- ====>  Preparing: select id, name, sex, birthday, phone, ID_number, email, parent_phone, adress, major, state from student_basic where id = ? 
2019-08-22 22:37:49,673 DEBUG (BaseJdbcLogger.java:143)- ====> Parameters: 12496(String)
2019-08-22 22:37:49,674 DEBUG (BaseJdbcLogger.java:143)- <====      Total: 1
2019-08-22 22:37:49,675 DEBUG (BaseJdbcLogger.java:143)- ====>  Preparing: select id, name, sex, birthday, phone, ID_number, email, parent_phone, adress, major, state from student_basic where id = ? 
