2019-09-04 04:00:09,830 DEBUG (BaseJdbcLogger.java:143)- ====>  Preparing: select id, name, sex, birthday, phone, ID_number, email, parent_phone, adress, major, state from student_basic where id = ? 
2019-09-04 04:00:09,832 DEBUG (BaseJdbcLogger.java:143)- ====> Parameters: 19888(String)
2019-09-04 04:00:09,832 DEBUG (BaseJdbcLogger.java:143)- <====      Total: 1
2019-09-04 04:00:09,833 DEBUG (BaseJdbcLogger.java:143)- ====>  Preparing: select id, name, sex, birthday, phone, ID_number, email, parent_phone, adress, major, state from student_basic where id = ? 
2019-09-04 04:00:09,833 DEBUG (BaseJdbcLogger.java:143)- ====> Parameters: 19890(String)
2019-09-04 04:00:09,834 DEBUG (BaseJdbcLogger.java:143)- <====      Total: 1
2019-09-04 04:00:09,835 DEBUG (BaseJdbcLogger.java:143)- ====>  Preparing: select id, name, sex, birthday, phone, ID_number, email, parent_phone, adress, major, state from student_basic where id = ? 
2019-09-04 04:00:09,835 DEBUG (BaseJdbcLogger.java:143)- ====> Parameters: 19891(String)
2019-09-04 04:00:09,837 DEBUG (BaseJdbcLogger.java:143)- <====      Total: 1
2019-09-04 04:00:09,837 DEBUG (BaseJdbcLogger.java:143)- ====>  Preparing: select id, name, sex, birthday, phone, ID_number, email, parent_phone, adress, major, state from student_basic where id = ? 
2019-09-04 04:00:09,838 DEBUG (BaseJdbcLogger.java:143)- ====> Parameters: 19892(String)
2019-09-04 04:00:09,838 DEBUG (BaseJdbcLogger.java:143)- <====      Total: 1
2019-09-04 04:00:09,839 DEBUG (BaseJdbcLogger.java:143)- ====>  Preparing: select id, name, sex, birthday, phone, ID_number, email, parent_phone, adress, major, state from student_basic where id = ? 
2019-09-04 04:00:09,839 DEBUG (BaseJdbcLogger.java:143)- ====> Parameters: 19895(String)
2019-09-04 04:00:09,840 DEBUG (BaseJdbcLogger.java:143)- <====      Total: 1
2019-09-04 04:00:09,840 DEBUG (BaseJdbcLogger.java:143)- ====>  Preparing: select id, name, sex, birthday, phone, ID_number, email, parent_phone, adress, major, state from student_basic where id = ? 
2019-09-04 04:00:09,840 DEBUG (BaseJdbcLogger.java:143)- ====> Parameters: 19896(String)
2019-09-04 04:00:09,841 DEBUG (BaseJdbcLogger.java:143)- <====      Total: 1
2019-09-04 04:00:09,841 DEBUG (BaseJdbcLogger.java:143)- <==      Total: 25
2019-09-04 04:00:09,841 DEBUG (BaseJdbcLogger.java:143)- ==>  Preparing: select dormitory_allocation.id, dormitory_allocation.class_id, dormitory_allocation.dormitory_id,dormitory_allocation.number from dormitory_allocation,dormitory WHERE dormitory_allocation.dormitory_id=dormitory.id and dormitory.sex=? and class_id = ? 
2019-09-04 04:00:09,842 DEBUG (BaseJdbcLogger.java:143)- ==> Parameters: 男(String), 080205201903(String)
2019-09-04 04:00:09,842 DEBUG (BaseJdbcLogger.java:143)- <==      Total: 0
2019-09-04 04:00:09,843 DEBUG (BaseJdbcLogger.java:143)- ==>  Preparing: select student_status.id,student_status.basic_id, student_status.student_id, student_status.class_id from student_status,student_basic where student_status.basic_id=student_basic.id and student_basic.sex=? and student_status.class_id=? 
2019-09-04 04:00:09,843 DEBUG (BaseJdbcLogger.java:143)- ==> Parameters: 男(String), 130503201901(String)
2019-09-04 04:00:09,845 DEBUG (BaseJdbcLogger.java:143)- ====>  Preparing: select id, name, sex, birthday, phone, ID_number, email, parent_phone, adress, major, state from student_basic where id = ? 
2019-09-04 04:00:09,845 DEBUG (BaseJdbcLogger.java:143)- ====> Parameters: 19580(String)
2019-09-04 04:00:09,846 DEBUG (BaseJdbcLogger.java:143)- <====      Total: 1
2019-09-04 04:00:09,846 DEBUG (BaseJdbcLogger.java:143)- ====>  Preparing: select id, class_id, name, director, grade, major_id from class where class_id = ? 
2019-09-04 04:00:09,846 DEBUG (BaseJdbcLogger.java:143)- ====> Parameters: 130503201901(String)
2019-09-04 04:00:09,847 DEBUG (BaseJdbcLogger.java:143)- ======>  Preparing: select id, major_id, name, price, department_id from major where major_id = ? 
2019-09-04 04:00:09,847 DEBUG (BaseJdbcLogger.java:143)- ======> Parameters: 130503(String)
2019-09-04 04:00:09,848 DEBUG (BaseJdbcLogger.java:143)- <======      Total: 1
2019-09-04 04:00:09,848 DEBUG (BaseJdbcLogger.java:143)- <====      Total: 1
2019-09-04 04:00:09,849 DEBUG (BaseJdbcLogger.java:143)- ====>  Preparing: select id, name, sex, birthday, phone, ID_number, email, parent_phone, adress, major, state from student_basic where id = ? 
2019-09-04 04:00:09,849 DEBUG (BaseJdbcLogger.java:143)- ====> Parameters: 19581(String)
2019-09-04 04:00:09,849 DEBUG (BaseJdbcLogger.java:143)- <====      Total: 1
2019-09-04 04:00:09,850 DEBUG (BaseJdbcLogger.java:143)- ====>  Preparing: select id, name, sex, birthday, phone, ID_number, email, parent_phone, adress, major, state from student_basic where id = ? 
2019-09-04 04:00:09,850 DEBUG (BaseJdbcLogger.java:143)- ====> Parameters: 19585(String)
2019-09-04 04:00:09,851 DEBUG (BaseJdbcLogger.java:143)- <====      Total: 1
2019-09-04 04:00:09,851 DEBUG (BaseJdbcLogger.java:143)- ====>  Preparing: select id, name, sex, birthday, phone, ID_number, email, parent_phone, adress, major, state from student_basic where id = ? 
2019-09-04 04:00:09,851 DEBUG (BaseJdbcLogger.java:143)- ====> Parameters: 19586(String)
2019-09-04 04:00:09,852 DEBUG (BaseJdbcLogger.java:143)- <====      Total: 1
2019-09-04 04:00:09,853 DEBUG (BaseJdbcLogger.java:143)- ====>  Preparing: select id, name, sex, birthday, phone, ID_number, email, parent_phone, adress, major, state from student_basic where id = ? 
2019-09-04 04:00:09,853 DEBUG (BaseJdbcLogger.java:143)- ====> Parameters: 19587(String)
2019-09-04 04:00:09,854 DEBUG (BaseJdbcLogger.java:143)- <====      Total: 1
2019-09-04 04:00:09,855 DEBUG (BaseJdbcLogger.java:143)- ====>  Preparing: select id, name, sex, birthday, phone, ID_number, email, parent_phone, adress, major, state from student_basic where id = ? 
2019-09-04 04:00:09,855 DEBUG (BaseJdbcLogger.java:143)- ====> Parameters: 19589(String)
2019-09-04 04:00:09,856 DEBUG (BaseJdbcLogger.java:143)- <====      Total: 1
2019-09-04 04:00:09,856 DEBUG (BaseJdbcLogger.java:143)- ====>  Preparing: select id, name, sex, birthday, phone, ID_number, email, parent_phone, adress, major, state from student_basic where id = ? 
2019-09-04 04:00:09,856 DEBUG (BaseJdbcLogger.java:143)- ====> Parameters: 19593(String)
2019-09-04 04:00:09,857 DEBUG (BaseJdbcLogger.java:143)- <====      Total: 1
2019-09-04 04:00:09,857 DEBUG (BaseJdbcLogger.java:143)- ====>  Preparing: select id, name, sex, birthday, phone, ID_number, email, parent_phone, adress, major, state from student_basic where id = ? 
2019-09-04 04:00:09,857 DEBUG (BaseJdbcLogger.java:143)- ====> Parameters: 19594(String)
2019-09-04 04:00:09,858 DEBUG (BaseJdbcLogger.java:143)- <====      Total: 1
2019-09-04 04:00:09,858 DEBUG (BaseJdbcLogger.java:143)- ====>  Preparing: select id, name, sex, birthday, phone, ID_number, email, parent_phone, adress, major, state from student_basic where id = ? 
2019-09-04 04:00:09,859 DEBUG (BaseJdbcLogger.java:143)- ====> Parameters: 19595(String)
2019-09-04 04:00:09,859 DEBUG (BaseJdbcLogger.java:143)- <====      Total: 1
2019-09-04 04:00:09,860 DEBUG (BaseJdbcLogger.java:143)- ====>  Preparing: select id, name, sex, birthday, phone, ID_number, email, parent_phone, adress, major, state from student_basic where id = ? 
2019-09-04 04:00:09,860 DEBUG (BaseJdbcLogger.java:143)- ====> Parameters: 19596(String)
2019-09-04 04:00:09,860 DEBUG (BaseJdbcLogger.java:143)- <====      Total: 1
2019-09-04 04:00:09,861 DEBUG (BaseJdbcLogger.java:143)- ====>  Preparing: select id, name, sex, birthday, phone, ID_number, email, parent_phone, adress, major, state from student_basic where id = ? 
2019-09-04 04:00:09,861 DEBUG (BaseJdbcLogger.java:143)- ====> Parameters: 19598(String)
2019-09-04 04:00:09,862 DEBUG (BaseJdbcLogger.java:143)- <====      Total: 1
2019-09-04 04:00:09,862 DEBUG (BaseJdbcLogger.java:143)- ====>  Preparing: select id, name, sex, birthday, phone, ID_number, email, parent_phone, adress, major, state from student_basic where id = ? 
2019-09-04 04:00:09,862 DEBUG (BaseJdbcLogger.java:143)- ====> Parameters: 19600(String)
2019-09-04 04:00:09,863 DEBUG (BaseJdbcLogger.java:143)- <====      Total: 1
2019-09-04 04:00:09,863 DEBUG (BaseJdbcLogger.java:143)- ====>  Preparing: select id, name, sex, birthday, phone, ID_number, email, parent_phone, adress, major, state from student_basic where id = ? 
2019-09-04 04:00:09,863 DEBUG (BaseJdbcLogger.java:143)- ====> Parameters: 19601(String)
2019-09-04 04:00:09,864 DEBUG (BaseJdbcLogger.java:143)- <====      Total: 1
2019-09-04 04:00:09,864 DEBUG (BaseJdbcLogger.java:143)- ====>  Preparing: select id, name, sex, birthday, phone, ID_number, email, parent_phone, adress, major, state from student_basic where id = ? 
2019-09-04 04:00:09,865 DEBUG (BaseJdbcLogger.java:143)- ====> Parameters: 19602(String)
2019-09-04 04:00:09,865 DEBUG (BaseJdbcLogger.java:143)- <====      Total: 1
2019-09-04 04:00:09,866 DEBUG (BaseJdbcLogger.java:143)- ====>  Preparing: select id, name, sex, birthday, phone, ID_number, email, parent_phone, adress, major, state from student_basic where id = ? 
2019-09-04 04:00:09,866 DEBUG (BaseJdbcLogger.java:143)- ====> Parameters: 19603(String)
2019-09-04 04:00:09,867 DEBUG (BaseJdbcLogger.java:143)- <====      Total: 1
2019-09-04 04:00:09,867 DEBUG (BaseJdbcLogger.java:143)- ====>  Preparing: select id, name, sex, birthday, phone, ID_number, email, parent_phone, adress, major, state from student_basic where id = ? 
2019-09-04 04:00:09,868 DEBUG (BaseJdbcLogger.java:143)- ====> Parameters: 19604(String)
2019-09-04 04:00:09,868 DEBUG (BaseJdbcLogger.java:143)- <====      Total: 1
2019-09-04 04:00:09,869 DEBUG (BaseJdbcLogger.java:143)- ====>  Preparing: select id, name, sex, birthday, phone, ID_number, email, parent_phone, adress, major, state from student_basic where id = ? 
2019-09-04 04:00:09,870 DEBUG (BaseJdbcLogger.java:143)- ====> Parameters: 19605(String)
2019-09-04 04:00:09,871 DEBUG (BaseJdbcLogger.java:143)- <====      Total: 1
2019-09-04 04:00:09,871 DEBUG (BaseJdbcLogger.java:143)- ====>  Preparing: select id, name, sex, birthday, phone, ID_number, email, parent_phone, adress, major, state from student_basic where id = ? 
2019-09-04 04:00:09,872 DEBUG (BaseJdbcLogger.java:143)- ====> Parameters: 19606(String)
2019-09-04 04:00:09,872 DEBUG (BaseJdbcLogger.java:143)- <====      Total: 1
2019-09-04 04:00:09,872 DEBUG (BaseJdbcLogger.java:143)- ====>  Preparing: select id, name, sex, birthday, phone, ID_number, email, parent_phone, adress, major, state from student_basic where id = ? 
2019-09-04 04:00:09,873 DEBUG (BaseJdbcLogger.java:143)- ====> Parameters: 19607(String)
2019-09-04 04:00:09,873 DEBUG (BaseJdbcLogger.java:143)- <====      Total: 1
2019-09-04 04:00:09,874 DEBUG (BaseJdbcLogger.java:143)- ====>  Preparing: select id, name, sex, birthday, phone, ID_number, email, parent_phone, adress, major, state from student_basic where id = ? 
2019-09-04 04:00:09,874 DEBUG (BaseJdbcLogger.java:143)- ====> Parameters: 19608(String)
2019-09-04 04:00:09,874 DEBUG (BaseJdbcLogger.java:143)- <====      Total: 1
2019-09-04 04:00:09,875 DEBUG (BaseJdbcLogger.java:143)- ====>  Preparing: select id, name, sex, birthday, phone, ID_number, email, parent_phone, adress, major, state from student_basic where id = ? 
2019-09-04 04:00:09,876 DEBUG (BaseJdbcLogger.java:143)- ====> Parameters: 19609(String)
2019-09-04 04:00:09,877 DEBUG (BaseJdbcLogger.java:143)- <====      Total: 1
2019-09-04 04:00:09,877 DEBUG (BaseJdbcLogger.java:143)- ====>  Preparing: select id, name, sex, birthday, phone, ID_number, email, parent_phone, adress, major, state from student_basic where id = ? 
2019-09-04 04:00:09,877 DEBUG (BaseJdbcLogger.java:143)- ====> Parameters: 19610(String)
2019-09-04 04:00:09,878 DEBUG (BaseJdbcLogger.java:143)- <====      Total: 1
2019-09-04 04:00:09,878 DEBUG (BaseJdbcLogger.java:143)- ====>  Preparing: select id, name, sex, birthday, phone, ID_number, email, parent_phone, adress, major, state from student_basic where id = ? 
2019-09-04 04:00:09,878 DEBUG (BaseJdbcLogger.java:143)- ====> Parameters: 19611(String)
2019-09-04 04:00:09,879 DEBUG (BaseJdbcLogger.java:143)- <====      Total: 1
2019-09-04 04:00:09,879 DEBUG (BaseJdbcLogger.java:143)- ====>  Preparing: select id, name, sex, birthday, phone, ID_number, email, parent_phone, adress, major, state from student_basic where id = ? 
2019-09-04 04:00:09,880 DEBUG (BaseJdbcLogger.java:143)- ====> Parameters: 19612(String)
2019-09-04 04:00:09,880 DEBUG (BaseJdbcLogger.java:143)- <====      Total: 1
2019-09-04 04:00:09,880 DEBUG (BaseJdbcLogger.java:143)- <==      Total: 24
2019-09-04 04:00:09,881 DEBUG (BaseJdbcLogger.java:143)- ==>  Preparing: select dormitory_allocation.id, dormitory_allocation.class_id, dormitory_allocation.dormitory_id,dormitory_allocation.number from dormitory_allocation,dormitory WHERE dormitory_allocation.dormitory_id=dormitory.id and dormitory.sex=? and class_id = ? 
2019-09-04 04:00:09,881 DEBUG (BaseJdbcLogger.java:143)- ==> Parameters: 男(String), 130503201901(String)
2019-09-04 04:00:09,882 DEBUG (BaseJdbcLogger.java:143)- <==      Total: 0
2019-09-04 04:00:09,882 DEBUG (BaseJdbcLogger.java:143)- ==>  Preparing: select student_status.id,student_status.basic_id, student_status.student_id, student_status.class_id from student_status,student_basic where student_status.basic_id=student_basic.id and student_basic.sex=? and student_status.class_id=? 
2019-09-04 04:00:09,882 DEBUG (BaseJdbcLogger.java:143)- ==> Parameters: 男(String), 130503201902(String)
2019-09-04 04:00:09,883 DEBUG (BaseJdbcLogger.java:143)- ====>  Preparing: select id, name, sex, birthday, phone, ID_number, email, parent_phone, adress, major, state from student_basic where id = ? 
2019-09-04 04:00:09,884 DEBUG (BaseJdbcLogger.java:143)- ====> Parameters: 19615(String)
2019-09-04 04:00:09,884 DEBUG (BaseJdbcLogger.java:143)- <====      Total: 1
2019-09-04 04:00:09,885 DEBUG (BaseJdbcLogger.java:143)- ====>  Preparing: select id, class_id, name, director, grade, major_id from class where class_id = ? 
2019-09-04 04:00:09,885 DEBUG (BaseJdbcLogger.java:143)- ====> Parameters: 130503201902(String)
2019-09-04 04:00:09,886 DEBUG (BaseJdbcLogger.java:143)- ======>  Preparing: select id, major_id, name, price, department_id from major where major_id = ? 
2019-09-04 04:00:09,887 DEBUG (BaseJdbcLogger.java:143)- ======> Parameters: 130503(String)
2019-09-04 04:00:09,889 DEBUG (BaseJdbcLogger.java:143)- <======      Total: 1
2019-09-04 04:00:09,890 DEBUG (BaseJdbcLogger.java:143)- <====      Total: 1
2019-09-04 04:00:09,890 DEBUG (BaseJdbcLogger.java:143)- ====>  Preparing: select id, name, sex, birthday, phone, ID_number, email, parent_phone, adress, major, state from student_basic where id = ? 
2019-09-04 04:00:09,890 DEBUG (BaseJdbcLogger.java:143)- ====> Parameters: 19618(String)
2019-09-04 04:00:09,891 DEBUG (BaseJdbcLogger.java:143)- <====      Total: 1
2019-09-04 04:00:09,891 DEBUG (BaseJdbcLogger.java:143)- ====>  Preparing: select id, name, sex, birthday, phone, ID_number, email, parent_phone, adress, major, state from student_basic where id = ? 
2019-09-04 04:00:09,892 DEBUG (BaseJdbcLogger.java:143)- ====> Parameters: 19619(String)
2019-09-04 04:00:09,892 DEBUG (BaseJdbcLogger.java:143)- <====      Total: 1
2019-09-04 04:00:09,893 DEBUG (BaseJdbcLogger.java:143)- ====>  Preparing: select id, name, sex, birthday, phone, ID_number, email, parent_phone, adress, major, state from student_basic where id = ? 
2019-09-04 04:00:09,893 DEBUG (BaseJdbcLogger.java:143)- ====> Parameters: 19620(String)
2019-09-04 04:00:09,894 DEBUG (BaseJdbcLogger.java:143)- <====      Total: 1
2019-09-04 04:00:09,894 DEBUG (BaseJdbcLogger.java:143)- ====>  Preparing: select id, name, sex, birthday, phone, ID_number, email, parent_phone, adress, major, state from student_basic where id = ? 
2019-09-04 04:00:09,894 DEBUG (BaseJdbcLogger.java:143)- ====> Parameters: 19621(String)
2019-09-04 04:00:09,895 DEBUG (BaseJdbcLogger.java:143)- <====      Total: 1
2019-09-04 04:00:09,896 DEBUG (BaseJdbcLogger.java:143)- ====>  Preparing: select id, name, sex, birthday, phone, ID_number, email, parent_phone, adress, major, state from student_basic where id = ? 
2019-09-04 04:00:09,896 DEBUG (BaseJdbcLogger.java:143)- ====> Parameters: 19622(String)
2019-09-04 04:00:09,897 DEBUG (BaseJdbcLogger.java:143)- <====      Total: 1
2019-09-04 04:00:09,897 DEBUG (BaseJdbcLogger.java:143)- ====>  Preparing: select id, name, sex, birthday, phone, ID_number, email, parent_phone, adress, major, state from student_basic where id = ? 
2019-09-04 04:00:09,898 DEBUG (BaseJdbcLogger.java:143)- ====> Parameters: 19629(String)
2019-09-04 04:00:09,898 DEBUG (BaseJdbcLogger.java:143)- <====      Total: 1
2019-09-04 04:00:09,899 DEBUG (BaseJdbcLogger.java:143)- ====>  Preparing: select id, name, sex, birthday, phone, ID_number, email, parent_phone, adress, major, state from student_basic where id = ? 
2019-09-04 04:00:09,899 DEBUG (BaseJdbcLogger.java:143)- ====> Parameters: 19630(String)
2019-09-04 04:00:09,900 DEBUG (BaseJdbcLogger.java:143)- <====      Total: 1
2019-09-04 04:00:09,900 DEBUG (BaseJdbcLogger.java:143)- ====>  Preparing: select id, name, sex, birthday, phone, ID_number, email, parent_phone, adress, major, state from student_basic where id = ? 
2019-09-04 04:00:09,901 DEBUG (BaseJdbcLogger.java:143)- ====> Parameters: 19632(String)
2019-09-04 04:00:09,901 DEBUG (BaseJdbcLogger.java:143)- <====      Total: 1
2019-09-04 04:00:09,902 DEBUG (BaseJdbcLogger.java:143)- ====>  Preparing: select id, name, sex, birthday, phone, ID_number, email, parent_phone, adress, major, state from student_basic where id = ? 
2019-09-04 04:00:09,903 DEBUG (BaseJdbcLogger.java:143)- ====> Parameters: 19634(String)
2019-09-04 04:00:09,904 DEBUG (BaseJdbcLogger.java:143)- <====      Total: 1
2019-09-04 04:00:09,905 DEBUG (BaseJdbcLogger.java:143)- ====>  Preparing: select id, name, sex, birthday, phone, ID_number, email, parent_phone, adress, major, state from student_basic where id = ? 
2019-09-04 04:00:09,906 DEBUG (BaseJdbcLogger.java:143)- ====> Parameters: 19635(String)
2019-09-04 04:00:09,907 DEBUG (BaseJdbcLogger.java:143)- <====      Total: 1
2019-09-04 04:00:09,908 DEBUG (BaseJdbcLogger.java:143)- ====>  Preparing: select id, name, sex, birthday, phone, ID_number, email, parent_phone, adress, major, state from student_basic where id = ? 
2019-09-04 04:00:09,909 DEBUG (BaseJdbcLogger.java:143)- ====> Parameters: 19636(String)
2019-09-04 04:00:09,909 DEBUG (BaseJdbcLogger.java:143)- <====      Total: 1
2019-09-04 04:00:09,910 DEBUG (BaseJdbcLogger.java:143)- ====>  Preparing: select id, name, sex, birthday, phone, ID_number, email, parent_phone, adress, major, state from student_basic where id = ? 
2019-09-04 04:00:09,910 DEBUG (BaseJdbcLogger.java:143)- ====> Parameters: 19640(String)
2019-09-04 04:00:09,911 DEBUG (BaseJdbcLogger.java:143)- <====      Total: 1
2019-09-04 04:00:09,911 DEBUG (BaseJdbcLogger.java:143)- ====>  Preparing: select id, name, sex, birthday, phone, ID_number, email, parent_phone, adress, major, state from student_basic where id = ? 
2019-09-04 04:00:09,911 DEBUG (BaseJdbcLogger.java:143)- ====> Parameters: 19641(String)
2019-09-04 04:00:09,912 DEBUG (BaseJdbcLogger.java:143)- <====      Total: 1
2019-09-04 04:00:09,912 DEBUG (BaseJdbcLogger.java:143)- ====>  Preparing: select id, name, sex, birthday, phone, ID_number, email, parent_phone, adress, major, state from student_basic where id = ? 
2019-09-04 04:00:09,912 DEBUG (BaseJdbcLogger.java:143)- ====> Parameters: 19644(String)
2019-09-04 04:00:09,913 DEBUG (BaseJdbcLogger.java:143)- <====      Total: 1
2019-09-04 04:00:09,913 DEBUG (BaseJdbcLogger.java:143)- ====>  Preparing: select id, name, sex, birthday, phone, ID_number, email, parent_phone, adress, major, state from student_basic where id = ? 
2019-09-04 04:00:09,914 DEBUG (BaseJdbcLogger.java:143)- ====> Parameters: 19645(String)
2019-09-04 04:00:09,914 DEBUG (BaseJdbcLogger.java:143)- <====      Total: 1
2019-09-04 04:00:09,915 DEBUG (BaseJdbcLogger.java:143)- ====>  Preparing: select id, name, sex, birthday, phone, ID_number, email, parent_phone, adress, major, state from student_basic where id = ? 
2019-09-04 04:00:09,915 DEBUG (BaseJdbcLogger.java:143)- ====> Parameters: 19646(String)
2019-09-04 04:00:09,915 DEBUG (BaseJdbcLogger.java:143)- <====      Total: 1
2019-09-04 04:00:09,916 DEBUG (BaseJdbcLogger.java:143)- ====>  Preparing: select id, name, sex, birthday, phone, ID_number, email, parent_phone, adress, major, state from student_basic where id = ? 
2019-09-04 04:00:09,916 DEBUG (BaseJdbcLogger.java:143)- ====> Parameters: 19647(String)
2019-09-04 04:00:09,917 DEBUG (BaseJdbcLogger.java:143)- <====      Total: 1
2019-09-04 04:00:09,917 DEBUG (BaseJdbcLogger.java:143)- ====>  Preparing: select id, name, sex, birthday, phone, ID_number, email, parent_phone, adress, major, state from student_basic where id = ? 
2019-09-04 04:00:09,917 DEBUG (BaseJdbcLogger.java:143)- ====> Parameters: 19648(String)
2019-09-04 04:00:09,918 DEBUG (BaseJdbcLogger.java:143)- <====      Total: 1
2019-09-04 04:00:09,918 DEBUG (BaseJdbcLogger.java:143)- ====>  Preparing: select id, name, sex, birthday, phone, ID_number, email, parent_phone, adress, major, state from student_basic where id = ? 
2019-09-04 04:00:09,918 DEBUG (BaseJdbcLogger.java:143)- ====> Parameters: 19651(String)
2019-09-04 04:00:09,920 DEBUG (BaseJdbcLogger.java:143)- <====      Total: 1
2019-09-04 04:00:09,921 DEBUG (BaseJdbcLogger.java:143)- ====>  Preparing: select id, name, sex, birthday, phone, ID_number, email, parent_phone, adress, major, state from student_basic where id = ? 
2019-09-04 04:00:09,921 DEBUG (BaseJdbcLogger.java:143)- ====> Parameters: 19652(String)
2019-09-04 04:00:09,922 DEBUG (BaseJdbcLogger.java:143)- <====      Total: 1
2019-09-04 04:00:09,922 DEBUG (BaseJdbcLogger.java:143)- ====>  Preparing: select id, name, sex, birthday, phone, ID_number, email, parent_phone, adress, major, state from student_basic where id = ? 
2019-09-04 04:00:09,923 DEBUG (BaseJdbcLogger.java:143)- ====> Parameters: 19653(String)
2019-09-04 04:00:09,923 DEBUG (BaseJdbcLogger.java:143)- <====      Total: 1
2019-09-04 04:00:09,924 DEBUG (BaseJdbcLogger.java:143)- ====>  Preparing: select id, name, sex, birthday, phone, ID_number, email, parent_phone, adress, major, state from student_basic where id = ? 
2019-09-04 04:00:09,924 DEBUG (BaseJdbcLogger.java:143)- ====> Parameters: 19654(String)
2019-09-04 04:00:09,924 DEBUG (BaseJdbcLogger.java:143)- <====      Total: 1
2019-09-04 04:00:09,925 DEBUG (BaseJdbcLogger.java:143)- ====>  Preparing: select id, name, sex, birthday, phone, ID_number, email, parent_phone, adress, major, state from student_basic where id = ? 
2019-09-04 04:00:09,925 DEBUG (BaseJdbcLogger.java:143)- ====> Parameters: 19656(String)
2019-09-04 04:00:09,926 DEBUG (BaseJdbcLogger.java:143)- <====      Total: 1
2019-09-04 04:00:09,926 DEBUG (BaseJdbcLogger.java:143)- <==      Total: 24
2019-09-04 04:00:09,926 DEBUG (BaseJdbcLogger.java:143)- ==>  Preparing: select dormitory_allocation.id, dormitory_allocation.class_id, dormitory_allocation.dormitory_id,dormitory_allocation.number from dormitory_allocation,dormitory WHERE dormitory_allocation.dormitory_id=dormitory.id and dormitory.sex=? and class_id = ? 
2019-09-04 04:00:09,926 DEBUG (BaseJdbcLogger.java:143)- ==> Parameters: 男(String), 130503201902(String)
2019-09-04 04:00:09,927 DEBUG (BaseJdbcLogger.java:143)- <==      Total: 0
2019-09-04 04:00:09,927 DEBUG (BaseJdbcLogger.java:143)- ==>  Preparing: select student_status.id,student_status.basic_id, student_status.student_id, student_status.class_id from student_status,student_basic where student_status.basic_id=student_basic.id and student_basic.sex=? and student_status.class_id=? 
2019-09-04 04:00:09,928 DEBUG (BaseJdbcLogger.java:143)- ==> Parameters: 男(String), 130503201903(String)
2019-09-04 04:00:09,929 DEBUG (BaseJdbcLogger.java:143)- ====>  Preparing: select id, name, sex, birthday, phone, ID_number, email, parent_phone, adress, major, state from student_basic where id = ? 
2019-09-04 04:00:09,929 DEBUG (BaseJdbcLogger.java:143)- ====> Parameters: 19659(String)
2019-09-04 04:00:09,929 DEBUG (BaseJdbcLogger.java:143)- <====      Total: 1
2019-09-04 04:00:09,930 DEBUG (BaseJdbcLogger.java:143)- ====>  Preparing: select id, class_id, name, director, grade, major_id from class where class_id = ? 
2019-09-04 04:00:09,930 DEBUG (BaseJdbcLogger.java:143)- ====> Parameters: 130503201903(String)
2019-09-04 04:00:09,931 DEBUG (BaseJdbcLogger.java:143)- ======>  Preparing: select id, major_id, name, price, department_id from major where major_id = ? 
2019-09-04 04:00:09,931 DEBUG (BaseJdbcLogger.java:143)- ======> Parameters: 130503(String)
2019-09-04 04:00:09,932 DEBUG (BaseJdbcLogger.java:143)- <======      Total: 1
2019-09-04 04:00:09,932 DEBUG (BaseJdbcLogger.java:143)- <====      Total: 1
2019-09-04 04:00:09,933 DEBUG (BaseJdbcLogger.java:143)- ====>  Preparing: select id, name, sex, birthday, phone, ID_number, email, parent_phone, adress, major, state from student_basic where id = ? 
2019-09-04 04:00:09,933 DEBUG (BaseJdbcLogger.java:143)- ====> Parameters: 19662(String)
2019-09-04 04:00:09,934 DEBUG (BaseJdbcLogger.java:143)- <====      Total: 1
2019-09-04 04:00:09,934 DEBUG (BaseJdbcLogger.java:143)- ====>  Preparing: select id, name, sex, birthday, phone, ID_number, email, parent_phone, adress, major, state from student_basic where id = ? 
2019-09-04 04:00:09,934 DEBUG (BaseJdbcLogger.java:143)- ====> Parameters: 19663(String)
2019-09-04 04:00:09,935 DEBUG (BaseJdbcLogger.java:143)- <====      Total: 1
2019-09-04 04:00:09,936 DEBUG (BaseJdbcLogger.java:143)- ====>  Preparing: select id, name, sex, birthday, phone, ID_number, email, parent_phone, adress, major, state from student_basic where id = ? 
2019-09-04 04:00:09,937 DEBUG (BaseJdbcLogger.java:143)- ====> Parameters: 19664(String)
2019-09-04 04:00:09,938 DEBUG (BaseJdbcLogger.java:143)- <====      Total: 1
2019-09-04 04:00:09,938 DEBUG (BaseJdbcLogger.java:143)- ====>  Preparing: select id, name, sex, birthday, phone, ID_number, email, parent_phone, adress, major, state from student_basic where id = ? 
2019-09-04 04:00:09,939 DEBUG (BaseJdbcLogger.java:143)- ====> Parameters: 19665(String)
2019-09-04 04:00:09,940 DEBUG (BaseJdbcLogger.java:143)- <====      Total: 1
2019-09-04 04:00:09,940 DEBUG (BaseJdbcLogger.java:143)- ====>  Preparing: select id, name, sex, birthday, phone, ID_number, email, parent_phone, adress, major, state from student_basic where id = ? 
2019-09-04 04:00:09,940 DEBUG (BaseJdbcLogger.java:143)- ====> Parameters: 19668(String)
2019-09-04 04:00:09,941 DEBUG (BaseJdbcLogger.java:143)- <====      Total: 1
2019-09-04 04:00:09,941 DEBUG (BaseJdbcLogger.java:143)- ====>  Preparing: select id, name, sex, birthday, phone, ID_number, email, parent_phone, adress, major, state from student_basic where id = ? 
2019-09-04 04:00:09,942 DEBUG (BaseJdbcLogger.java:143)- ====> Parameters: 19669(String)
2019-09-04 04:00:09,942 DEBUG (BaseJdbcLogger.java:143)- <====      Total: 1
2019-09-04 04:00:09,942 DEBUG (BaseJdbcLogger.java:143)- ====>  Preparing: select id, name, sex, birthday, phone, ID_number, email, parent_phone, adress, major, state from student_basic where id = ? 
2019-09-04 04:00:09,943 DEBUG (BaseJdbcLogger.java:143)- ====> Parameters: 19670(String)
2019-09-04 04:00:09,943 DEBUG (BaseJdbcLogger.java:143)- <====      Total: 1
2019-09-04 04:00:09,944 DEBUG (BaseJdbcLogger.java:143)- ====>  Preparing: select id, name, sex, birthday, phone, ID_number, email, parent_phone, adress, major, state from student_basic where id = ? 
2019-09-04 04:00:09,944 DEBUG (BaseJdbcLogger.java:143)- ====> Parameters: 19671(String)
2019-09-04 04:00:09,945 DEBUG (BaseJdbcLogger.java:143)- <====      Total: 1
2019-09-04 04:00:09,945 DEBUG (BaseJdbcLogger.java:143)- ====>  Preparing: select id, name, sex, birthday, phone, ID_number, email, parent_phone, adress, major, state from student_basic where id = ? 
2019-09-04 04:00:09,945 DEBUG (BaseJdbcLogger.java:143)- ====> Parameters: 19676(String)
2019-09-04 04:00:09,946 DEBUG (BaseJdbcLogger.java:143)- <====      Total: 1
2019-09-04 04:00:09,946 DEBUG (BaseJdbcLogger.java:143)- ====>  Preparing: select id, name, sex, birthday, phone, ID_number, email, parent_phone, adress, major, state from student_basic where id = ? 
2019-09-04 04:00:09,946 DEBUG (BaseJdbcLogger.java:143)- ====> Parameters: 19680(String)
2019-09-04 04:00:09,947 DEBUG (BaseJdbcLogger.java:143)- <====      Total: 1
2019-09-04 04:00:09,948 DEBUG (BaseJdbcLogger.java:143)- ====>  Preparing: select id, name, sex, birthday, phone, ID_number, email, parent_phone, adress, major, state from student_basic where id = ? 
2019-09-04 04:00:09,948 DEBUG (BaseJdbcLogger.java:143)- ====> Parameters: 19685(String)
2019-09-04 04:00:09,949 DEBUG (BaseJdbcLogger.java:143)- <====      Total: 1
2019-09-04 04:00:09,949 DEBUG (BaseJdbcLogger.java:143)- ====>  Preparing: select id, name, sex, birthday, phone, ID_number, email, parent_phone, adress, major, state from student_basic where id = ? 
2019-09-04 04:00:09,950 DEBUG (BaseJdbcLogger.java:143)- ====> Parameters: 19686(String)
2019-09-04 04:00:09,950 DEBUG (BaseJdbcLogger.java:143)- <====      Total: 1
2019-09-04 04:00:09,951 DEBUG (BaseJdbcLogger.java:143)- ====>  Preparing: select id, name, sex, birthday, phone, ID_number, email, parent_phone, adress, major, state from student_basic where id = ? 
2019-09-04 04:00:09,951 DEBUG (BaseJdbcLogger.java:143)- ====> Parameters: 19687(String)
2019-09-04 04:00:09,952 DEBUG (BaseJdbcLogger.java:143)- <====      Total: 1
2019-09-04 04:00:09,953 DEBUG (BaseJdbcLogger.java:143)- ====>  Preparing: select id, name, sex, birthday, phone, ID_number, email, parent_phone, adress, major, state from student_basic where id = ? 
2019-09-04 04:00:09,954 DEBUG (BaseJdbcLogger.java:143)- ====> Parameters: 19688(String)
2019-09-04 04:00:09,955 DEBUG (BaseJdbcLogger.java:143)- <====      Total: 1
2019-09-04 04:00:09,956 DEBUG (BaseJdbcLogger.java:143)- ====>  Preparing: select id, name, sex, birthday, phone, ID_number, email, parent_phone, adress, major, state from student_basic where id = ? 
2019-09-04 04:00:09,957 DEBUG (BaseJdbcLogger.java:143)- ====> Parameters: 19689(String)
2019-09-04 04:00:09,958 DEBUG (BaseJdbcLogger.java:143)- <====      Total: 1
2019-09-04 04:00:09,958 DEBUG (BaseJdbcLogger.java:143)- ====>  Preparing: select id, name, sex, birthday, phone, ID_number, email, parent_phone, adress, major, state from student_basic where id = ? 
2019-09-04 04:00:09,959 DEBUG (BaseJdbcLogger.java:143)- ====> Parameters: 19690(String)
2019-09-04 04:00:09,959 DEBUG (BaseJdbcLogger.java:143)- <====      Total: 1
2019-09-04 04:00:09,960 DEBUG (BaseJdbcLogger.java:143)- ====>  Preparing: select id, name, sex, birthday, phone, ID_number, email, parent_phone, adress, major, state from student_basic where id = ? 
2019-09-04 04:00:09,960 DEBUG (BaseJdbcLogger.java:143)- ====> Parameters: 19691(String)
2019-09-04 04:00:09,961 DEBUG (BaseJdbcLogger.java:143)- <====      Total: 1
2019-09-04 04:00:09,961 DEBUG (BaseJdbcLogger.java:143)- ====>  Preparing: select id, name, sex, birthday, phone, ID_number, email, parent_phone, adress, major, state from student_basic where id = ? 
2019-09-04 04:00:09,961 DEBUG (BaseJdbcLogger.java:143)- ====> Parameters: 19692(String)
2019-09-04 04:00:09,962 DEBUG (BaseJdbcLogger.java:143)- <====      Total: 1
2019-09-04 04:00:09,963 DEBUG (BaseJdbcLogger.java:143)- ====>  Preparing: select id, name, sex, birthday, phone, ID_number, email, parent_phone, adress, major, state from student_basic where id = ? 
