2019-10-28 00:10:22,494 DEBUG (BaseJdbcLogger.java:143)- ====> Parameters: 28652(String)
2019-10-28 00:10:22,507 DEBUG (BaseJdbcLogger.java:143)- <====      Total: 1
2019-10-28 00:10:22,508 DEBUG (BaseJdbcLogger.java:143)- <==      Total: 25
2019-10-28 00:10:22,509 DEBUG (BaseJdbcLogger.java:143)- ==>  Preparing: select dormitory_allocation.id, dormitory_allocation.class_id, dormitory_allocation.dormitory_id,dormitory_allocation.number from dormitory_allocation,dormitory WHERE dormitory_allocation.dormitory_id=dormitory.id and dormitory.sex=? and class_id = ? 
2019-10-28 00:10:22,510 DEBUG (BaseJdbcLogger.java:143)- ==> Parameters: 男(String), 080205201901(String)
2019-10-28 00:10:22,511 DEBUG (BaseJdbcLogger.java:143)- <==      Total: 0
2019-10-28 00:10:22,512 DEBUG (BaseJdbcLogger.java:143)- ==>  Preparing: select student_status.id,student_status.basic_id, student_status.student_id, student_status.class_id from student_status,student_basic where student_status.basic_id=student_basic.id and student_basic.sex=? and student_status.class_id=? 
2019-10-28 00:10:22,513 DEBUG (BaseJdbcLogger.java:143)- ==> Parameters: 男(String), 080205201902(String)
2019-10-28 00:10:22,515 DEBUG (BaseJdbcLogger.java:143)- ====>  Preparing: select id, name, sex, birthday, phone, ID_number, email, parent_phone, adress, major, state from student_basic where id = ? 
2019-10-28 00:10:22,516 DEBUG (BaseJdbcLogger.java:143)- ====> Parameters: 28653(String)
2019-10-28 00:10:22,517 DEBUG (BaseJdbcLogger.java:143)- <====      Total: 1
2019-10-28 00:10:22,518 DEBUG (BaseJdbcLogger.java:143)- ====>  Preparing: select id, class_id, name, director, grade, major_id from class WHERE class_id = ? 
2019-10-28 00:10:22,518 DEBUG (BaseJdbcLogger.java:143)- ====> Parameters: 080205201902(String)
2019-10-28 00:10:22,520 DEBUG (BaseJdbcLogger.java:143)- ======>  Preparing: select id, major_id, name, price, department_id from major where major_id = ? 
2019-10-28 00:10:22,520 DEBUG (BaseJdbcLogger.java:143)- ======> Parameters: 080205(String)
2019-10-28 00:10:22,522 DEBUG (BaseJdbcLogger.java:143)- <======      Total: 1
2019-10-28 00:10:22,523 DEBUG (BaseJdbcLogger.java:143)- <====      Total: 1
2019-10-28 00:10:22,524 DEBUG (BaseJdbcLogger.java:143)- ====>  Preparing: select id, name, sex, birthday, phone, ID_number, email, parent_phone, adress, major, state from student_basic where id = ? 
2019-10-28 00:10:22,526 DEBUG (BaseJdbcLogger.java:143)- ====> Parameters: 28655(String)
2019-10-28 00:10:22,527 DEBUG (BaseJdbcLogger.java:143)- <====      Total: 1
2019-10-28 00:10:22,528 DEBUG (BaseJdbcLogger.java:143)- ====>  Preparing: select id, name, sex, birthday, phone, ID_number, email, parent_phone, adress, major, state from student_basic where id = ? 
2019-10-28 00:10:22,529 DEBUG (BaseJdbcLogger.java:143)- ====> Parameters: 28657(String)
2019-10-28 00:10:22,530 DEBUG (BaseJdbcLogger.java:143)- <====      Total: 1
2019-10-28 00:10:22,531 DEBUG (BaseJdbcLogger.java:143)- ====>  Preparing: select id, name, sex, birthday, phone, ID_number, email, parent_phone, adress, major, state from student_basic where id = ? 
2019-10-28 00:10:22,532 DEBUG (BaseJdbcLogger.java:143)- ====> Parameters: 28658(String)
2019-10-28 00:10:22,534 DEBUG (BaseJdbcLogger.java:143)- <====      Total: 1
2019-10-28 00:10:22,534 DEBUG (BaseJdbcLogger.java:143)- ====>  Preparing: select id, name, sex, birthday, phone, ID_number, email, parent_phone, adress, major, state from student_basic where id = ? 
2019-10-28 00:10:22,535 DEBUG (BaseJdbcLogger.java:143)- ====> Parameters: 28660(String)
2019-10-28 00:10:22,536 DEBUG (BaseJdbcLogger.java:143)- <====      Total: 1
2019-10-28 00:10:22,537 DEBUG (BaseJdbcLogger.java:143)- ====>  Preparing: select id, name, sex, birthday, phone, ID_number, email, parent_phone, adress, major, state from student_basic where id = ? 
2019-10-28 00:10:22,538 DEBUG (BaseJdbcLogger.java:143)- ====> Parameters: 28661(String)
2019-10-28 00:10:22,539 DEBUG (BaseJdbcLogger.java:143)- <====      Total: 1
2019-10-28 00:10:22,540 DEBUG (BaseJdbcLogger.java:143)- ====>  Preparing: select id, name, sex, birthday, phone, ID_number, email, parent_phone, adress, major, state from student_basic where id = ? 
2019-10-28 00:10:22,541 DEBUG (BaseJdbcLogger.java:143)- ====> Parameters: 28662(String)
2019-10-28 00:10:22,542 DEBUG (BaseJdbcLogger.java:143)- <====      Total: 1
2019-10-28 00:10:22,543 DEBUG (BaseJdbcLogger.java:143)- ====>  Preparing: select id, name, sex, birthday, phone, ID_number, email, parent_phone, adress, major, state from student_basic where id = ? 
2019-10-28 00:10:22,543 DEBUG (BaseJdbcLogger.java:143)- ====> Parameters: 28663(String)
2019-10-28 00:10:22,544 DEBUG (BaseJdbcLogger.java:143)- <====      Total: 1
2019-10-28 00:10:22,545 DEBUG (BaseJdbcLogger.java:143)- ====>  Preparing: select id, name, sex, birthday, phone, ID_number, email, parent_phone, adress, major, state from student_basic where id = ? 
2019-10-28 00:10:22,546 DEBUG (BaseJdbcLogger.java:143)- ====> Parameters: 28665(String)
2019-10-28 00:10:22,547 DEBUG (BaseJdbcLogger.java:143)- <====      Total: 1
2019-10-28 00:10:22,547 DEBUG (BaseJdbcLogger.java:143)- ====>  Preparing: select id, name, sex, birthday, phone, ID_number, email, parent_phone, adress, major, state from student_basic where id = ? 
2019-10-28 00:10:22,547 DEBUG (BaseJdbcLogger.java:143)- ====> Parameters: 28668(String)
2019-10-28 00:10:22,548 DEBUG (BaseJdbcLogger.java:143)- <====      Total: 1
2019-10-28 00:10:22,549 DEBUG (BaseJdbcLogger.java:143)- ====>  Preparing: select id, name, sex, birthday, phone, ID_number, email, parent_phone, adress, major, state from student_basic where id = ? 
2019-10-28 00:10:22,549 DEBUG (BaseJdbcLogger.java:143)- ====> Parameters: 28669(String)
2019-10-28 00:10:22,550 DEBUG (BaseJdbcLogger.java:143)- <====      Total: 1
2019-10-28 00:10:22,551 DEBUG (BaseJdbcLogger.java:143)- ====>  Preparing: select id, name, sex, birthday, phone, ID_number, email, parent_phone, adress, major, state from student_basic where id = ? 
2019-10-28 00:10:22,552 DEBUG (BaseJdbcLogger.java:143)- ====> Parameters: 28671(String)
2019-10-28 00:10:22,554 DEBUG (BaseJdbcLogger.java:143)- <====      Total: 1
2019-10-28 00:10:22,556 DEBUG (BaseJdbcLogger.java:143)- ====>  Preparing: select id, name, sex, birthday, phone, ID_number, email, parent_phone, adress, major, state from student_basic where id = ? 
2019-10-28 00:10:22,556 DEBUG (BaseJdbcLogger.java:143)- ====> Parameters: 28673(String)
2019-10-28 00:10:22,558 DEBUG (BaseJdbcLogger.java:143)- <====      Total: 1
2019-10-28 00:10:22,560 DEBUG (BaseJdbcLogger.java:143)- ====>  Preparing: select id, name, sex, birthday, phone, ID_number, email, parent_phone, adress, major, state from student_basic where id = ? 
2019-10-28 00:10:22,560 DEBUG (BaseJdbcLogger.java:143)- ====> Parameters: 28674(String)
2019-10-28 00:10:22,562 DEBUG (BaseJdbcLogger.java:143)- <====      Total: 1
2019-10-28 00:10:22,563 DEBUG (BaseJdbcLogger.java:143)- ====>  Preparing: select id, name, sex, birthday, phone, ID_number, email, parent_phone, adress, major, state from student_basic where id = ? 
2019-10-28 00:10:22,563 DEBUG (BaseJdbcLogger.java:143)- ====> Parameters: 28677(String)
2019-10-28 00:10:22,565 DEBUG (BaseJdbcLogger.java:143)- <====      Total: 1
2019-10-28 00:10:22,565 DEBUG (BaseJdbcLogger.java:143)- ====>  Preparing: select id, name, sex, birthday, phone, ID_number, email, parent_phone, adress, major, state from student_basic where id = ? 
2019-10-28 00:10:22,566 DEBUG (BaseJdbcLogger.java:143)- ====> Parameters: 28679(String)
2019-10-28 00:10:22,567 DEBUG (BaseJdbcLogger.java:143)- <====      Total: 1
2019-10-28 00:10:22,568 DEBUG (BaseJdbcLogger.java:143)- ====>  Preparing: select id, name, sex, birthday, phone, ID_number, email, parent_phone, adress, major, state from student_basic where id = ? 
2019-10-28 00:10:22,569 DEBUG (BaseJdbcLogger.java:143)- ====> Parameters: 28683(String)
2019-10-28 00:10:22,571 DEBUG (BaseJdbcLogger.java:143)- <====      Total: 1
2019-10-28 00:10:22,571 DEBUG (BaseJdbcLogger.java:143)- ====>  Preparing: select id, name, sex, birthday, phone, ID_number, email, parent_phone, adress, major, state from student_basic where id = ? 
2019-10-28 00:10:22,573 DEBUG (BaseJdbcLogger.java:143)- ====> Parameters: 28688(String)
2019-10-28 00:10:22,574 DEBUG (BaseJdbcLogger.java:143)- <====      Total: 1
2019-10-28 00:10:22,575 DEBUG (BaseJdbcLogger.java:143)- ====>  Preparing: select id, name, sex, birthday, phone, ID_number, email, parent_phone, adress, major, state from student_basic where id = ? 
2019-10-28 00:10:22,576 DEBUG (BaseJdbcLogger.java:143)- ====> Parameters: 28689(String)
2019-10-28 00:10:22,577 DEBUG (BaseJdbcLogger.java:143)- <====      Total: 1
2019-10-28 00:10:22,578 DEBUG (BaseJdbcLogger.java:143)- ====>  Preparing: select id, name, sex, birthday, phone, ID_number, email, parent_phone, adress, major, state from student_basic where id = ? 
2019-10-28 00:10:22,579 DEBUG (BaseJdbcLogger.java:143)- ====> Parameters: 28690(String)
2019-10-28 00:10:22,580 DEBUG (BaseJdbcLogger.java:143)- <====      Total: 1
2019-10-28 00:10:22,581 DEBUG (BaseJdbcLogger.java:143)- ====>  Preparing: select id, name, sex, birthday, phone, ID_number, email, parent_phone, adress, major, state from student_basic where id = ? 
2019-10-28 00:10:22,582 DEBUG (BaseJdbcLogger.java:143)- ====> Parameters: 28693(String)
2019-10-28 00:10:22,582 DEBUG (BaseJdbcLogger.java:143)- <====      Total: 1
2019-10-28 00:10:22,584 DEBUG (BaseJdbcLogger.java:143)- ====>  Preparing: select id, name, sex, birthday, phone, ID_number, email, parent_phone, adress, major, state from student_basic where id = ? 
2019-10-28 00:10:22,584 DEBUG (BaseJdbcLogger.java:143)- ====> Parameters: 28696(String)
2019-10-28 00:10:22,585 DEBUG (BaseJdbcLogger.java:143)- <====      Total: 1
2019-10-28 00:10:22,586 DEBUG (BaseJdbcLogger.java:143)- ====>  Preparing: select id, name, sex, birthday, phone, ID_number, email, parent_phone, adress, major, state from student_basic where id = ? 
2019-10-28 00:10:22,586 DEBUG (BaseJdbcLogger.java:143)- ====> Parameters: 28697(String)
2019-10-28 00:10:22,589 DEBUG (BaseJdbcLogger.java:143)- <====      Total: 1
2019-10-28 00:10:22,590 DEBUG (BaseJdbcLogger.java:143)- ====>  Preparing: select id, name, sex, birthday, phone, ID_number, email, parent_phone, adress, major, state from student_basic where id = ? 
2019-10-28 00:10:22,591 DEBUG (BaseJdbcLogger.java:143)- ====> Parameters: 28702(String)
2019-10-28 00:10:22,592 DEBUG (BaseJdbcLogger.java:143)- <====      Total: 1
2019-10-28 00:10:22,593 DEBUG (BaseJdbcLogger.java:143)- ====>  Preparing: select id, name, sex, birthday, phone, ID_number, email, parent_phone, adress, major, state from student_basic where id = ? 
2019-10-28 00:10:22,594 DEBUG (BaseJdbcLogger.java:143)- ====> Parameters: 28703(String)
2019-10-28 00:10:22,595 DEBUG (BaseJdbcLogger.java:143)- <====      Total: 1
2019-10-28 00:10:22,596 DEBUG (BaseJdbcLogger.java:143)- <==      Total: 25
2019-10-28 00:10:22,596 DEBUG (BaseJdbcLogger.java:143)- ==>  Preparing: select dormitory_allocation.id, dormitory_allocation.class_id, dormitory_allocation.dormitory_id,dormitory_allocation.number from dormitory_allocation,dormitory WHERE dormitory_allocation.dormitory_id=dormitory.id and dormitory.sex=? and class_id = ? 
2019-10-28 00:10:22,597 DEBUG (BaseJdbcLogger.java:143)- ==> Parameters: 男(String), 080205201902(String)
2019-10-28 00:10:22,598 DEBUG (BaseJdbcLogger.java:143)- <==      Total: 0
2019-10-28 00:10:22,598 DEBUG (BaseJdbcLogger.java:143)- ==>  Preparing: select student_status.id,student_status.basic_id, student_status.student_id, student_status.class_id from student_status,student_basic where student_status.basic_id=student_basic.id and student_basic.sex=? and student_status.class_id=? 
2019-10-28 00:10:22,599 DEBUG (BaseJdbcLogger.java:143)- ==> Parameters: 男(String), 080205201903(String)
2019-10-28 00:10:22,608 DEBUG (BaseJdbcLogger.java:143)- ====>  Preparing: select id, name, sex, birthday, phone, ID_number, email, parent_phone, adress, major, state from student_basic where id = ? 
2019-10-28 00:10:22,609 DEBUG (BaseJdbcLogger.java:143)- ====> Parameters: 28704(String)
2019-10-28 00:10:22,610 DEBUG (BaseJdbcLogger.java:143)- <====      Total: 1
2019-10-28 00:10:22,611 DEBUG (BaseJdbcLogger.java:143)- ====>  Preparing: select id, class_id, name, director, grade, major_id from class WHERE class_id = ? 
2019-10-28 00:10:22,611 DEBUG (BaseJdbcLogger.java:143)- ====> Parameters: 080205201903(String)
2019-10-28 00:10:22,612 DEBUG (BaseJdbcLogger.java:143)- ======>  Preparing: select id, major_id, name, price, department_id from major where major_id = ? 
2019-10-28 00:10:22,613 DEBUG (BaseJdbcLogger.java:143)- ======> Parameters: 080205(String)
2019-10-28 00:10:22,613 DEBUG (BaseJdbcLogger.java:143)- <======      Total: 1
2019-10-28 00:10:22,614 DEBUG (BaseJdbcLogger.java:143)- <====      Total: 1
2019-10-28 00:10:22,614 DEBUG (BaseJdbcLogger.java:143)- ====>  Preparing: select id, name, sex, birthday, phone, ID_number, email, parent_phone, adress, major, state from student_basic where id = ? 
2019-10-28 00:10:22,615 DEBUG (BaseJdbcLogger.java:143)- ====> Parameters: 28705(String)
2019-10-28 00:10:22,616 DEBUG (BaseJdbcLogger.java:143)- <====      Total: 1
2019-10-28 00:10:22,616 DEBUG (BaseJdbcLogger.java:143)- ====>  Preparing: select id, name, sex, birthday, phone, ID_number, email, parent_phone, adress, major, state from student_basic where id = ? 
2019-10-28 00:10:22,617 DEBUG (BaseJdbcLogger.java:143)- ====> Parameters: 28709(String)
2019-10-28 00:10:22,618 DEBUG (BaseJdbcLogger.java:143)- <====      Total: 1
2019-10-28 00:10:22,619 DEBUG (BaseJdbcLogger.java:143)- ====>  Preparing: select id, name, sex, birthday, phone, ID_number, email, parent_phone, adress, major, state from student_basic where id = ? 
2019-10-28 00:10:22,620 DEBUG (BaseJdbcLogger.java:143)- ====> Parameters: 28710(String)
2019-10-28 00:10:22,620 DEBUG (BaseJdbcLogger.java:143)- <====      Total: 1
2019-10-28 00:10:22,622 DEBUG (BaseJdbcLogger.java:143)- ====>  Preparing: select id, name, sex, birthday, phone, ID_number, email, parent_phone, adress, major, state from student_basic where id = ? 
2019-10-28 00:10:22,623 DEBUG (BaseJdbcLogger.java:143)- ====> Parameters: 28712(String)
2019-10-28 00:10:22,623 DEBUG (BaseJdbcLogger.java:143)- <====      Total: 1
2019-10-28 00:10:22,625 DEBUG (BaseJdbcLogger.java:143)- ====>  Preparing: select id, name, sex, birthday, phone, ID_number, email, parent_phone, adress, major, state from student_basic where id = ? 
2019-10-28 00:10:22,625 DEBUG (BaseJdbcLogger.java:143)- ====> Parameters: 28715(String)
2019-10-28 00:10:22,626 DEBUG (BaseJdbcLogger.java:143)- <====      Total: 1
2019-10-28 00:10:22,627 DEBUG (BaseJdbcLogger.java:143)- ====>  Preparing: select id, name, sex, birthday, phone, ID_number, email, parent_phone, adress, major, state from student_basic where id = ? 
2019-10-28 00:10:22,628 DEBUG (BaseJdbcLogger.java:143)- ====> Parameters: 28716(String)
2019-10-28 00:10:22,629 DEBUG (BaseJdbcLogger.java:143)- <====      Total: 1
2019-10-28 00:10:22,629 DEBUG (BaseJdbcLogger.java:143)- ====>  Preparing: select id, name, sex, birthday, phone, ID_number, email, parent_phone, adress, major, state from student_basic where id = ? 
2019-10-28 00:10:22,630 DEBUG (BaseJdbcLogger.java:143)- ====> Parameters: 28718(String)
2019-10-28 00:10:22,631 DEBUG (BaseJdbcLogger.java:143)- <====      Total: 1
2019-10-28 00:10:22,631 DEBUG (BaseJdbcLogger.java:143)- ====>  Preparing: select id, name, sex, birthday, phone, ID_number, email, parent_phone, adress, major, state from student_basic where id = ? 
2019-10-28 00:10:22,632 DEBUG (BaseJdbcLogger.java:143)- ====> Parameters: 28723(String)
2019-10-28 00:10:22,633 DEBUG (BaseJdbcLogger.java:143)- <====      Total: 1
