2019-09-02 12:40:16,887 DEBUG (BaseJdbcLogger.java:143)- ====> Parameters: 18555(String)
2019-09-02 12:40:16,890 DEBUG (BaseJdbcLogger.java:143)- <====      Total: 1
2019-09-02 12:40:16,890 DEBUG (BaseJdbcLogger.java:143)- ====>  Preparing: select id, name, sex, birthday, phone, ID_number, email, parent_phone, adress, major, state from student_basic where id = ? 
2019-09-02 12:40:16,890 DEBUG (BaseJdbcLogger.java:143)- ====> Parameters: 18561(String)
2019-09-02 12:40:16,891 DEBUG (BaseJdbcLogger.java:143)- <====      Total: 1
2019-09-02 12:40:16,892 DEBUG (BaseJdbcLogger.java:143)- ====>  Preparing: select id, name, sex, birthday, phone, ID_number, email, parent_phone, adress, major, state from student_basic where id = ? 
2019-09-02 12:40:16,893 DEBUG (BaseJdbcLogger.java:143)- ====> Parameters: 18562(String)
2019-09-02 12:40:16,893 DEBUG (BaseJdbcLogger.java:143)- <====      Total: 1
2019-09-02 12:40:16,893 DEBUG (BaseJdbcLogger.java:143)- ====>  Preparing: select id, name, sex, birthday, phone, ID_number, email, parent_phone, adress, major, state from student_basic where id = ? 
2019-09-02 12:40:16,894 DEBUG (BaseJdbcLogger.java:143)- ====> Parameters: 18564(String)
2019-09-02 12:40:16,894 DEBUG (BaseJdbcLogger.java:143)- <====      Total: 1
2019-09-02 12:40:16,895 DEBUG (BaseJdbcLogger.java:143)- ====>  Preparing: select id, name, sex, birthday, phone, ID_number, email, parent_phone, adress, major, state from student_basic where id = ? 
2019-09-02 12:40:16,895 DEBUG (BaseJdbcLogger.java:143)- ====> Parameters: 18565(String)
2019-09-02 12:40:16,895 DEBUG (BaseJdbcLogger.java:143)- <====      Total: 1
2019-09-02 12:40:16,896 DEBUG (BaseJdbcLogger.java:143)- ====>  Preparing: select id, name, sex, birthday, phone, ID_number, email, parent_phone, adress, major, state from student_basic where id = ? 
2019-09-02 12:40:16,896 DEBUG (BaseJdbcLogger.java:143)- ====> Parameters: 18566(String)
2019-09-02 12:40:16,897 DEBUG (BaseJdbcLogger.java:143)- <====      Total: 1
2019-09-02 12:40:16,897 DEBUG (BaseJdbcLogger.java:143)- ====>  Preparing: select id, name, sex, birthday, phone, ID_number, email, parent_phone, adress, major, state from student_basic where id = ? 
2019-09-02 12:40:16,897 DEBUG (BaseJdbcLogger.java:143)- ====> Parameters: 18567(String)
2019-09-02 12:40:16,898 DEBUG (BaseJdbcLogger.java:143)- <====      Total: 1
2019-09-02 12:40:16,898 DEBUG (BaseJdbcLogger.java:143)- ====>  Preparing: select id, name, sex, birthday, phone, ID_number, email, parent_phone, adress, major, state from student_basic where id = ? 
2019-09-02 12:40:16,899 DEBUG (BaseJdbcLogger.java:143)- ====> Parameters: 18570(String)
2019-09-02 12:40:16,900 DEBUG (BaseJdbcLogger.java:143)- <====      Total: 1
2019-09-02 12:40:16,901 DEBUG (BaseJdbcLogger.java:143)- ====>  Preparing: select id, name, sex, birthday, phone, ID_number, email, parent_phone, adress, major, state from student_basic where id = ? 
2019-09-02 12:40:16,902 DEBUG (BaseJdbcLogger.java:143)- ====> Parameters: 18573(String)
2019-09-02 12:40:16,903 DEBUG (BaseJdbcLogger.java:143)- <====      Total: 1
2019-09-02 12:40:16,904 DEBUG (BaseJdbcLogger.java:143)- ====>  Preparing: select id, name, sex, birthday, phone, ID_number, email, parent_phone, adress, major, state from student_basic where id = ? 
2019-09-02 12:40:16,905 DEBUG (BaseJdbcLogger.java:143)- ====> Parameters: 18574(String)
2019-09-02 12:40:16,906 DEBUG (BaseJdbcLogger.java:143)- <====      Total: 1
2019-09-02 12:40:16,907 DEBUG (BaseJdbcLogger.java:143)- <==      Total: 24
2019-09-02 12:40:16,907 DEBUG (BaseJdbcLogger.java:143)- ==>  Preparing: select student_status.id,student_status.basic_id, student_status.student_id, student_status.class_id from student_status,student_basic where student_status.basic_id=student_basic.id and student_basic.sex=? and student_status.class_id=? 
2019-09-02 12:40:16,907 DEBUG (BaseJdbcLogger.java:143)- ==> Parameters: 女(String), 082803201902(String)
2019-09-02 12:40:16,909 DEBUG (BaseJdbcLogger.java:143)- ====>  Preparing: select id, name, sex, birthday, phone, ID_number, email, parent_phone, adress, major, state from student_basic where id = ? 
2019-09-02 12:40:16,910 DEBUG (BaseJdbcLogger.java:143)- ====> Parameters: 18529(String)
2019-09-02 12:40:16,911 DEBUG (BaseJdbcLogger.java:143)- <====      Total: 1
2019-09-02 12:40:16,912 DEBUG (BaseJdbcLogger.java:143)- ====>  Preparing: select id, class_id, name, director, grade, major_id from class where class_id = ? 
2019-09-02 12:40:16,912 DEBUG (BaseJdbcLogger.java:143)- ====> Parameters: 082803201902(String)
2019-09-02 12:40:16,913 DEBUG (BaseJdbcLogger.java:143)- ======>  Preparing: select id, major_id, name, price, department_id from major where major_id = ? 
2019-09-02 12:40:16,914 DEBUG (BaseJdbcLogger.java:143)- ======> Parameters: 082803(String)
2019-09-02 12:40:16,915 DEBUG (BaseJdbcLogger.java:143)- <======      Total: 1
2019-09-02 12:40:16,916 DEBUG (BaseJdbcLogger.java:143)- <====      Total: 1
2019-09-02 12:40:16,917 DEBUG (BaseJdbcLogger.java:143)- ====>  Preparing: select id, name, sex, birthday, phone, ID_number, email, parent_phone, adress, major, state from student_basic where id = ? 
2019-09-02 12:40:16,917 DEBUG (BaseJdbcLogger.java:143)- ====> Parameters: 18530(String)
2019-09-02 12:40:16,919 DEBUG (BaseJdbcLogger.java:143)- <====      Total: 1
2019-09-02 12:40:16,919 DEBUG (BaseJdbcLogger.java:143)- ====>  Preparing: select id, name, sex, birthday, phone, ID_number, email, parent_phone, adress, major, state from student_basic where id = ? 
2019-09-02 12:40:16,920 DEBUG (BaseJdbcLogger.java:143)- ====> Parameters: 18531(String)
2019-09-02 12:40:16,921 DEBUG (BaseJdbcLogger.java:143)- <====      Total: 1
2019-09-02 12:40:16,922 DEBUG (BaseJdbcLogger.java:143)- ====>  Preparing: select id, name, sex, birthday, phone, ID_number, email, parent_phone, adress, major, state from student_basic where id = ? 
2019-09-02 12:40:16,922 DEBUG (BaseJdbcLogger.java:143)- ====> Parameters: 18533(String)
2019-09-02 12:40:16,923 DEBUG (BaseJdbcLogger.java:143)- <====      Total: 1
2019-09-02 12:40:16,924 DEBUG (BaseJdbcLogger.java:143)- ====>  Preparing: select id, name, sex, birthday, phone, ID_number, email, parent_phone, adress, major, state from student_basic where id = ? 
2019-09-02 12:40:16,924 DEBUG (BaseJdbcLogger.java:143)- ====> Parameters: 18538(String)
2019-09-02 12:40:16,925 DEBUG (BaseJdbcLogger.java:143)- <====      Total: 1
2019-09-02 12:40:16,925 DEBUG (BaseJdbcLogger.java:143)- ====>  Preparing: select id, name, sex, birthday, phone, ID_number, email, parent_phone, adress, major, state from student_basic where id = ? 
2019-09-02 12:40:16,925 DEBUG (BaseJdbcLogger.java:143)- ====> Parameters: 18540(String)
2019-09-02 12:40:16,926 DEBUG (BaseJdbcLogger.java:143)- <====      Total: 1
2019-09-02 12:40:16,927 DEBUG (BaseJdbcLogger.java:143)- ====>  Preparing: select id, name, sex, birthday, phone, ID_number, email, parent_phone, adress, major, state from student_basic where id = ? 
2019-09-02 12:40:16,928 DEBUG (BaseJdbcLogger.java:143)- ====> Parameters: 18542(String)
2019-09-02 12:40:16,930 DEBUG (BaseJdbcLogger.java:143)- <====      Total: 1
2019-09-02 12:40:16,930 DEBUG (BaseJdbcLogger.java:143)- ====>  Preparing: select id, name, sex, birthday, phone, ID_number, email, parent_phone, adress, major, state from student_basic where id = ? 
2019-09-02 12:40:16,930 DEBUG (BaseJdbcLogger.java:143)- ====> Parameters: 18546(String)
2019-09-02 12:40:16,931 DEBUG (BaseJdbcLogger.java:143)- <====      Total: 1
2019-09-02 12:40:16,932 DEBUG (BaseJdbcLogger.java:143)- ====>  Preparing: select id, name, sex, birthday, phone, ID_number, email, parent_phone, adress, major, state from student_basic where id = ? 
2019-09-02 12:40:16,932 DEBUG (BaseJdbcLogger.java:143)- ====> Parameters: 18549(String)
2019-09-02 12:40:16,934 DEBUG (BaseJdbcLogger.java:143)- <====      Total: 1
2019-09-02 12:40:16,935 DEBUG (BaseJdbcLogger.java:143)- ====>  Preparing: select id, name, sex, birthday, phone, ID_number, email, parent_phone, adress, major, state from student_basic where id = ? 
2019-09-02 12:40:16,935 DEBUG (BaseJdbcLogger.java:143)- ====> Parameters: 18551(String)
2019-09-02 12:40:16,937 DEBUG (BaseJdbcLogger.java:143)- <====      Total: 1
2019-09-02 12:40:16,937 DEBUG (BaseJdbcLogger.java:143)- ====>  Preparing: select id, name, sex, birthday, phone, ID_number, email, parent_phone, adress, major, state from student_basic where id = ? 
2019-09-02 12:40:16,937 DEBUG (BaseJdbcLogger.java:143)- ====> Parameters: 18552(String)
2019-09-02 12:40:16,938 DEBUG (BaseJdbcLogger.java:143)- <====      Total: 1
2019-09-02 12:40:16,939 DEBUG (BaseJdbcLogger.java:143)- ====>  Preparing: select id, name, sex, birthday, phone, ID_number, email, parent_phone, adress, major, state from student_basic where id = ? 
2019-09-02 12:40:16,939 DEBUG (BaseJdbcLogger.java:143)- ====> Parameters: 18554(String)
2019-09-02 12:40:16,940 DEBUG (BaseJdbcLogger.java:143)- <====      Total: 1
2019-09-02 12:40:16,940 DEBUG (BaseJdbcLogger.java:143)- ====>  Preparing: select id, name, sex, birthday, phone, ID_number, email, parent_phone, adress, major, state from student_basic where id = ? 
2019-09-02 12:40:16,940 DEBUG (BaseJdbcLogger.java:143)- ====> Parameters: 18556(String)
2019-09-02 12:40:16,941 DEBUG (BaseJdbcLogger.java:143)- <====      Total: 1
2019-09-02 12:40:16,941 DEBUG (BaseJdbcLogger.java:143)- ====>  Preparing: select id, name, sex, birthday, phone, ID_number, email, parent_phone, adress, major, state from student_basic where id = ? 
2019-09-02 12:40:16,941 DEBUG (BaseJdbcLogger.java:143)- ====> Parameters: 18557(String)
2019-09-02 12:40:16,942 DEBUG (BaseJdbcLogger.java:143)- <====      Total: 1
2019-09-02 12:40:16,942 DEBUG (BaseJdbcLogger.java:143)- ====>  Preparing: select id, name, sex, birthday, phone, ID_number, email, parent_phone, adress, major, state from student_basic where id = ? 
2019-09-02 12:40:16,942 DEBUG (BaseJdbcLogger.java:143)- ====> Parameters: 18558(String)
2019-09-02 12:40:16,943 DEBUG (BaseJdbcLogger.java:143)- <====      Total: 1
2019-09-02 12:40:16,943 DEBUG (BaseJdbcLogger.java:143)- ====>  Preparing: select id, name, sex, birthday, phone, ID_number, email, parent_phone, adress, major, state from student_basic where id = ? 
2019-09-02 12:40:16,943 DEBUG (BaseJdbcLogger.java:143)- ====> Parameters: 18559(String)
2019-09-02 12:40:16,944 DEBUG (BaseJdbcLogger.java:143)- <====      Total: 1
2019-09-02 12:40:16,944 DEBUG (BaseJdbcLogger.java:143)- ====>  Preparing: select id, name, sex, birthday, phone, ID_number, email, parent_phone, adress, major, state from student_basic where id = ? 
2019-09-02 12:40:16,945 DEBUG (BaseJdbcLogger.java:143)- ====> Parameters: 18560(String)
2019-09-02 12:40:16,945 DEBUG (BaseJdbcLogger.java:143)- <====      Total: 1
2019-09-02 12:40:16,946 DEBUG (BaseJdbcLogger.java:143)- ====>  Preparing: select id, name, sex, birthday, phone, ID_number, email, parent_phone, adress, major, state from student_basic where id = ? 
2019-09-02 12:40:16,946 DEBUG (BaseJdbcLogger.java:143)- ====> Parameters: 18563(String)
2019-09-02 12:40:16,946 DEBUG (BaseJdbcLogger.java:143)- <====      Total: 1
2019-09-02 12:40:16,947 DEBUG (BaseJdbcLogger.java:143)- ====>  Preparing: select id, name, sex, birthday, phone, ID_number, email, parent_phone, adress, major, state from student_basic where id = ? 
2019-09-02 12:40:16,947 DEBUG (BaseJdbcLogger.java:143)- ====> Parameters: 18568(String)
2019-09-02 12:40:16,947 DEBUG (BaseJdbcLogger.java:143)- <====      Total: 1
2019-09-02 12:40:16,948 DEBUG (BaseJdbcLogger.java:143)- ====>  Preparing: select id, name, sex, birthday, phone, ID_number, email, parent_phone, adress, major, state from student_basic where id = ? 
2019-09-02 12:40:16,948 DEBUG (BaseJdbcLogger.java:143)- ====> Parameters: 18569(String)
2019-09-02 12:40:16,949 DEBUG (BaseJdbcLogger.java:143)- <====      Total: 1
2019-09-02 12:40:16,950 DEBUG (BaseJdbcLogger.java:143)- ====>  Preparing: select id, name, sex, birthday, phone, ID_number, email, parent_phone, adress, major, state from student_basic where id = ? 
2019-09-02 12:40:16,950 DEBUG (BaseJdbcLogger.java:143)- ====> Parameters: 18571(String)
2019-09-02 12:40:16,951 DEBUG (BaseJdbcLogger.java:143)- <====      Total: 1
2019-09-02 12:40:16,952 DEBUG (BaseJdbcLogger.java:143)- ====>  Preparing: select id, name, sex, birthday, phone, ID_number, email, parent_phone, adress, major, state from student_basic where id = ? 
2019-09-02 12:40:16,953 DEBUG (BaseJdbcLogger.java:143)- ====> Parameters: 18572(String)
2019-09-02 12:40:16,954 DEBUG (BaseJdbcLogger.java:143)- <====      Total: 1
2019-09-02 12:40:16,954 DEBUG (BaseJdbcLogger.java:143)- ====>  Preparing: select id, name, sex, birthday, phone, ID_number, email, parent_phone, adress, major, state from student_basic where id = ? 
2019-09-02 12:40:16,955 DEBUG (BaseJdbcLogger.java:143)- ====> Parameters: 18575(String)
2019-09-02 12:40:16,955 DEBUG (BaseJdbcLogger.java:143)- <====      Total: 1
2019-09-02 12:40:16,956 DEBUG (BaseJdbcLogger.java:143)- ====>  Preparing: select id, name, sex, birthday, phone, ID_number, email, parent_phone, adress, major, state from student_basic where id = ? 
2019-09-02 12:40:16,956 DEBUG (BaseJdbcLogger.java:143)- ====> Parameters: 18576(String)
2019-09-02 12:40:16,956 DEBUG (BaseJdbcLogger.java:143)- <====      Total: 1
2019-09-02 12:40:16,957 DEBUG (BaseJdbcLogger.java:143)- ====>  Preparing: select id, name, sex, birthday, phone, ID_number, email, parent_phone, adress, major, state from student_basic where id = ? 
2019-09-02 12:40:16,957 DEBUG (BaseJdbcLogger.java:143)- ====> Parameters: 18577(String)
2019-09-02 12:40:16,958 DEBUG (BaseJdbcLogger.java:143)- <====      Total: 1
2019-09-02 12:40:16,958 DEBUG (BaseJdbcLogger.java:143)- <==      Total: 25
2019-09-02 12:40:16,958 DEBUG (BaseJdbcLogger.java:143)- ==>  Preparing: select dormitory_allocation.id, dormitory_allocation.class_id, dormitory_allocation.dormitory_id,dormitory_allocation.number from dormitory_allocation,dormitory WHERE dormitory_allocation.dormitory_id=dormitory.id and dormitory.sex=? and class_id = ? 
2019-09-02 12:40:16,958 DEBUG (BaseJdbcLogger.java:143)- ==> Parameters: 男(String), 082803201902(String)
2019-09-02 12:40:16,959 DEBUG (BaseJdbcLogger.java:143)- ====>  Preparing: select id, dong, floor, room, sex, number, rent from dormitory where id = ? 
2019-09-02 12:40:16,960 DEBUG (BaseJdbcLogger.java:143)- ====> Parameters: 106(Integer)
2019-09-02 12:40:16,961 DEBUG (BaseJdbcLogger.java:143)- <====      Total: 1
2019-09-02 12:40:16,961 DEBUG (BaseJdbcLogger.java:143)- ====>  Preparing: select id, dong, floor, room, sex, number, rent from dormitory where id = ? 
2019-09-02 12:40:16,962 DEBUG (BaseJdbcLogger.java:143)- ====> Parameters: 107(Integer)
2019-09-02 12:40:16,962 DEBUG (BaseJdbcLogger.java:143)- <====      Total: 1
2019-09-02 12:40:16,963 DEBUG (BaseJdbcLogger.java:143)- ====>  Preparing: select id, dong, floor, room, sex, number, rent from dormitory where id = ? 
2019-09-02 12:40:16,963 DEBUG (BaseJdbcLogger.java:143)- ====> Parameters: 108(Integer)
2019-09-02 12:40:16,965 DEBUG (BaseJdbcLogger.java:143)- <====      Total: 1
2019-09-02 12:40:16,966 DEBUG (BaseJdbcLogger.java:143)- ====>  Preparing: select id, dong, floor, room, sex, number, rent from dormitory where id = ? 
2019-09-02 12:40:16,967 DEBUG (BaseJdbcLogger.java:143)- ====> Parameters: 109(Integer)
2019-09-02 12:40:16,968 DEBUG (BaseJdbcLogger.java:143)- <====      Total: 1
2019-09-02 12:40:16,968 DEBUG (BaseJdbcLogger.java:143)- ====>  Preparing: select id, dong, floor, room, sex, number, rent from dormitory where id = ? 
2019-09-02 12:40:16,969 DEBUG (BaseJdbcLogger.java:143)- ====> Parameters: 52(Integer)
2019-09-02 12:40:16,969 DEBUG (BaseJdbcLogger.java:143)- <====      Total: 1
2019-09-02 12:40:16,969 DEBUG (BaseJdbcLogger.java:143)- <==      Total: 5
2019-09-02 12:40:16,970 DEBUG (BaseJdbcLogger.java:143)- ==>  Preparing: select dormitory_allocation.id, dormitory_allocation.class_id, dormitory_allocation.dormitory_id,dormitory_allocation.number from dormitory_allocation,dormitory WHERE dormitory_allocation.dormitory_id=dormitory.id and dormitory.sex=? and class_id = ? 
2019-09-02 12:40:16,970 DEBUG (BaseJdbcLogger.java:143)- ==> Parameters: 女(String), 082803201902(String)
2019-09-02 12:40:16,971 DEBUG (BaseJdbcLogger.java:143)- ====>  Preparing: select id, dong, floor, room, sex, number, rent from dormitory where id = ? 
2019-09-02 12:40:16,971 DEBUG (BaseJdbcLogger.java:143)- ====> Parameters: 541(Integer)
2019-09-02 12:40:16,972 DEBUG (BaseJdbcLogger.java:143)- <====      Total: 1
2019-09-02 12:40:16,972 DEBUG (BaseJdbcLogger.java:143)- ====>  Preparing: select id, dong, floor, room, sex, number, rent from dormitory where id = ? 
2019-09-02 12:40:16,972 DEBUG (BaseJdbcLogger.java:143)- ====> Parameters: 542(Integer)
2019-09-02 12:40:16,973 DEBUG (BaseJdbcLogger.java:143)- <====      Total: 1
2019-09-02 12:40:16,973 DEBUG (BaseJdbcLogger.java:143)- ====>  Preparing: select id, dong, floor, room, sex, number, rent from dormitory where id = ? 
2019-09-02 12:40:16,973 DEBUG (BaseJdbcLogger.java:143)- ====> Parameters: 543(Integer)
2019-09-02 12:40:16,974 DEBUG (BaseJdbcLogger.java:143)- <====      Total: 1
2019-09-02 12:40:16,974 DEBUG (BaseJdbcLogger.java:143)- ====>  Preparing: select id, dong, floor, room, sex, number, rent from dormitory where id = ? 
2019-09-02 12:40:16,975 DEBUG (BaseJdbcLogger.java:143)- ====> Parameters: 544(Integer)
2019-09-02 12:40:16,981 DEBUG (BaseJdbcLogger.java:143)- <====      Total: 1
2019-09-02 12:40:16,981 DEBUG (BaseJdbcLogger.java:143)- ====>  Preparing: select id, dong, floor, room, sex, number, rent from dormitory where id = ? 
2019-09-02 12:40:16,982 DEBUG (BaseJdbcLogger.java:143)- ====> Parameters: 545(Integer)
2019-09-02 12:40:16,983 DEBUG (BaseJdbcLogger.java:143)- <====      Total: 1
2019-09-02 12:40:16,983 DEBUG (BaseJdbcLogger.java:143)- <==      Total: 5
