2019-09-23 05:07:15,927 DEBUG (BaseJdbcLogger.java:143)- <====      Total: 1
2019-09-23 05:07:15,928 DEBUG (BaseJdbcLogger.java:143)- ====>  Preparing: select id, name, sex, birthday, phone, ID_number, email, parent_phone, adress, major, state from student_basic where id = ? 
2019-09-23 05:07:15,929 DEBUG (BaseJdbcLogger.java:143)- ====> Parameters: 25267(String)
2019-09-23 05:07:15,929 DEBUG (BaseJdbcLogger.java:143)- <====      Total: 1
2019-09-23 05:07:15,931 DEBUG (BaseJdbcLogger.java:143)- ====>  Preparing: select id, name, sex, birthday, phone, ID_number, email, parent_phone, adress, major, state from student_basic where id = ? 
2019-09-23 05:07:15,931 DEBUG (BaseJdbcLogger.java:143)- ====> Parameters: 25268(String)
2019-09-23 05:07:15,932 DEBUG (BaseJdbcLogger.java:143)- <====      Total: 1
2019-09-23 05:07:15,932 DEBUG (BaseJdbcLogger.java:143)- ====>  Preparing: select id, name, sex, birthday, phone, ID_number, email, parent_phone, adress, major, state from student_basic where id = ? 
2019-09-23 05:07:15,932 DEBUG (BaseJdbcLogger.java:143)- ====> Parameters: 25271(String)
2019-09-23 05:07:15,933 DEBUG (BaseJdbcLogger.java:143)- <====      Total: 1
2019-09-23 05:07:15,934 DEBUG (BaseJdbcLogger.java:143)- ====>  Preparing: select id, name, sex, birthday, phone, ID_number, email, parent_phone, adress, major, state from student_basic where id = ? 
2019-09-23 05:07:15,935 DEBUG (BaseJdbcLogger.java:143)- ====> Parameters: 25273(String)
2019-09-23 05:07:15,936 DEBUG (BaseJdbcLogger.java:143)- <====      Total: 1
2019-09-23 05:07:15,936 DEBUG (BaseJdbcLogger.java:143)- ====>  Preparing: select id, name, sex, birthday, phone, ID_number, email, parent_phone, adress, major, state from student_basic where id = ? 
2019-09-23 05:07:15,936 DEBUG (BaseJdbcLogger.java:143)- ====> Parameters: 25274(String)
2019-09-23 05:07:15,937 DEBUG (BaseJdbcLogger.java:143)- <====      Total: 1
2019-09-23 05:07:15,937 DEBUG (BaseJdbcLogger.java:143)- ====>  Preparing: select id, name, sex, birthday, phone, ID_number, email, parent_phone, adress, major, state from student_basic where id = ? 
2019-09-23 05:07:15,938 DEBUG (BaseJdbcLogger.java:143)- ====> Parameters: 25275(String)
2019-09-23 05:07:15,939 DEBUG (BaseJdbcLogger.java:143)- <====      Total: 1
2019-09-23 05:07:15,939 DEBUG (BaseJdbcLogger.java:143)- ====>  Preparing: select id, name, sex, birthday, phone, ID_number, email, parent_phone, adress, major, state from student_basic where id = ? 
2019-09-23 05:07:15,939 DEBUG (BaseJdbcLogger.java:143)- ====> Parameters: 25278(String)
2019-09-23 05:07:15,939 DEBUG (BaseJdbcLogger.java:143)- <====      Total: 1
2019-09-23 05:07:15,940 DEBUG (BaseJdbcLogger.java:143)- ====>  Preparing: select id, name, sex, birthday, phone, ID_number, email, parent_phone, adress, major, state from student_basic where id = ? 
2019-09-23 05:07:15,941 DEBUG (BaseJdbcLogger.java:143)- ====> Parameters: 25279(String)
2019-09-23 05:07:15,941 DEBUG (BaseJdbcLogger.java:143)- <====      Total: 1
2019-09-23 05:07:15,942 DEBUG (BaseJdbcLogger.java:143)- ====>  Preparing: select id, name, sex, birthday, phone, ID_number, email, parent_phone, adress, major, state from student_basic where id = ? 
2019-09-23 05:07:15,942 DEBUG (BaseJdbcLogger.java:143)- ====> Parameters: 25281(String)
2019-09-23 05:07:15,943 DEBUG (BaseJdbcLogger.java:143)- <====      Total: 1
2019-09-23 05:07:15,944 DEBUG (BaseJdbcLogger.java:143)- ====>  Preparing: select id, name, sex, birthday, phone, ID_number, email, parent_phone, adress, major, state from student_basic where id = ? 
2019-09-23 05:07:15,944 DEBUG (BaseJdbcLogger.java:143)- ====> Parameters: 25282(String)
2019-09-23 05:07:15,944 DEBUG (BaseJdbcLogger.java:143)- <====      Total: 1
2019-09-23 05:07:15,944 DEBUG (BaseJdbcLogger.java:143)- ====>  Preparing: select id, name, sex, birthday, phone, ID_number, email, parent_phone, adress, major, state from student_basic where id = ? 
2019-09-23 05:07:15,944 DEBUG (BaseJdbcLogger.java:143)- ====> Parameters: 25285(String)
2019-09-23 05:07:15,945 DEBUG (BaseJdbcLogger.java:143)- <====      Total: 1
2019-09-23 05:07:15,945 DEBUG (BaseJdbcLogger.java:143)- ====>  Preparing: select id, name, sex, birthday, phone, ID_number, email, parent_phone, adress, major, state from student_basic where id = ? 
2019-09-23 05:07:15,946 DEBUG (BaseJdbcLogger.java:143)- ====> Parameters: 25287(String)
2019-09-23 05:07:15,946 DEBUG (BaseJdbcLogger.java:143)- <====      Total: 1
2019-09-23 05:07:15,946 DEBUG (BaseJdbcLogger.java:143)- ====>  Preparing: select id, name, sex, birthday, phone, ID_number, email, parent_phone, adress, major, state from student_basic where id = ? 
2019-09-23 05:07:15,947 DEBUG (BaseJdbcLogger.java:143)- ====> Parameters: 25288(String)
2019-09-23 05:07:15,947 DEBUG (BaseJdbcLogger.java:143)- <====      Total: 1
2019-09-23 05:07:15,948 DEBUG (BaseJdbcLogger.java:143)- ====>  Preparing: select id, name, sex, birthday, phone, ID_number, email, parent_phone, adress, major, state from student_basic where id = ? 
2019-09-23 05:07:15,948 DEBUG (BaseJdbcLogger.java:143)- ====> Parameters: 25289(String)
2019-09-23 05:07:15,948 DEBUG (BaseJdbcLogger.java:143)- <====      Total: 1
2019-09-23 05:07:15,949 DEBUG (BaseJdbcLogger.java:143)- ====>  Preparing: select id, name, sex, birthday, phone, ID_number, email, parent_phone, adress, major, state from student_basic where id = ? 
2019-09-23 05:07:15,950 DEBUG (BaseJdbcLogger.java:143)- ====> Parameters: 25291(String)
2019-09-23 05:07:15,950 DEBUG (BaseJdbcLogger.java:143)- <====      Total: 1
2019-09-23 05:07:15,950 DEBUG (BaseJdbcLogger.java:143)- ====>  Preparing: select id, name, sex, birthday, phone, ID_number, email, parent_phone, adress, major, state from student_basic where id = ? 
2019-09-23 05:07:15,951 DEBUG (BaseJdbcLogger.java:143)- ====> Parameters: 25293(String)
2019-09-23 05:07:15,951 DEBUG (BaseJdbcLogger.java:143)- <====      Total: 1
2019-09-23 05:07:15,952 DEBUG (BaseJdbcLogger.java:143)- ====>  Preparing: select id, name, sex, birthday, phone, ID_number, email, parent_phone, adress, major, state from student_basic where id = ? 
2019-09-23 05:07:15,952 DEBUG (BaseJdbcLogger.java:143)- ====> Parameters: 25294(String)
2019-09-23 05:07:15,952 DEBUG (BaseJdbcLogger.java:143)- <====      Total: 1
2019-09-23 05:07:15,954 DEBUG (BaseJdbcLogger.java:143)- ====>  Preparing: select id, name, sex, birthday, phone, ID_number, email, parent_phone, adress, major, state from student_basic where id = ? 
2019-09-23 05:07:15,954 DEBUG (BaseJdbcLogger.java:143)- ====> Parameters: 25295(String)
2019-09-23 05:07:15,955 DEBUG (BaseJdbcLogger.java:143)- <====      Total: 1
2019-09-23 05:07:15,955 DEBUG (BaseJdbcLogger.java:143)- ====>  Preparing: select id, name, sex, birthday, phone, ID_number, email, parent_phone, adress, major, state from student_basic where id = ? 
2019-09-23 05:07:15,955 DEBUG (BaseJdbcLogger.java:143)- ====> Parameters: 25296(String)
2019-09-23 05:07:15,957 DEBUG (BaseJdbcLogger.java:143)- <====      Total: 1
2019-09-23 05:07:15,957 DEBUG (BaseJdbcLogger.java:143)- ====>  Preparing: select id, name, sex, birthday, phone, ID_number, email, parent_phone, adress, major, state from student_basic where id = ? 
2019-09-23 05:07:15,957 DEBUG (BaseJdbcLogger.java:143)- ====> Parameters: 25300(String)
2019-09-23 05:07:15,959 DEBUG (BaseJdbcLogger.java:143)- <====      Total: 1
2019-09-23 05:07:15,959 DEBUG (BaseJdbcLogger.java:143)- ====>  Preparing: select id, name, sex, birthday, phone, ID_number, email, parent_phone, adress, major, state from student_basic where id = ? 
2019-09-23 05:07:15,960 DEBUG (BaseJdbcLogger.java:143)- ====> Parameters: 25303(String)
2019-09-23 05:07:15,960 DEBUG (BaseJdbcLogger.java:143)- <====      Total: 1
2019-09-23 05:07:15,960 DEBUG (BaseJdbcLogger.java:143)- ====>  Preparing: select id, name, sex, birthday, phone, ID_number, email, parent_phone, adress, major, state from student_basic where id = ? 
2019-09-23 05:07:15,960 DEBUG (BaseJdbcLogger.java:143)- ====> Parameters: 25306(String)
2019-09-23 05:07:15,961 DEBUG (BaseJdbcLogger.java:143)- <====      Total: 1
2019-09-23 05:07:15,961 DEBUG (BaseJdbcLogger.java:143)- ====>  Preparing: select id, name, sex, birthday, phone, ID_number, email, parent_phone, adress, major, state from student_basic where id = ? 
2019-09-23 05:07:15,962 DEBUG (BaseJdbcLogger.java:143)- ====> Parameters: 25307(String)
2019-09-23 05:07:15,962 DEBUG (BaseJdbcLogger.java:143)- <====      Total: 1
2019-09-23 05:07:15,963 DEBUG (BaseJdbcLogger.java:143)- ====>  Preparing: select id, name, sex, birthday, phone, ID_number, email, parent_phone, adress, major, state from student_basic where id = ? 
2019-09-23 05:07:15,963 DEBUG (BaseJdbcLogger.java:143)- ====> Parameters: 25308(String)
2019-09-23 05:07:15,964 DEBUG (BaseJdbcLogger.java:143)- <====      Total: 1
2019-09-23 05:07:15,964 DEBUG (BaseJdbcLogger.java:143)- ====>  Preparing: select id, name, sex, birthday, phone, ID_number, email, parent_phone, adress, major, state from student_basic where id = ? 
2019-09-23 05:07:15,965 DEBUG (BaseJdbcLogger.java:143)- ====> Parameters: 25312(String)
2019-09-23 05:07:15,965 DEBUG (BaseJdbcLogger.java:143)- <====      Total: 1
2019-09-23 05:07:15,966 DEBUG (BaseJdbcLogger.java:143)- ====>  Preparing: select id, name, sex, birthday, phone, ID_number, email, parent_phone, adress, major, state from student_basic where id = ? 
2019-09-23 05:07:15,966 DEBUG (BaseJdbcLogger.java:143)- ====> Parameters: 25313(String)
2019-09-23 05:07:15,967 DEBUG (BaseJdbcLogger.java:143)- <====      Total: 1
2019-09-23 05:07:15,968 DEBUG (BaseJdbcLogger.java:143)- ====>  Preparing: select id, name, sex, birthday, phone, ID_number, email, parent_phone, adress, major, state from student_basic where id = ? 
2019-09-23 05:07:15,968 DEBUG (BaseJdbcLogger.java:143)- ====> Parameters: 25314(String)
2019-09-23 05:07:15,968 DEBUG (BaseJdbcLogger.java:143)- <====      Total: 1
2019-09-23 05:07:15,969 DEBUG (BaseJdbcLogger.java:143)- ====>  Preparing: select id, name, sex, birthday, phone, ID_number, email, parent_phone, adress, major, state from student_basic where id = ? 
2019-09-23 05:07:15,969 DEBUG (BaseJdbcLogger.java:143)- ====> Parameters: 25315(String)
2019-09-23 05:07:15,971 DEBUG (BaseJdbcLogger.java:143)- <====      Total: 1
2019-09-23 05:07:15,971 DEBUG (BaseJdbcLogger.java:143)- ====>  Preparing: select id, name, sex, birthday, phone, ID_number, email, parent_phone, adress, major, state from student_basic where id = ? 
2019-09-23 05:07:15,972 DEBUG (BaseJdbcLogger.java:143)- ====> Parameters: 25317(String)
2019-09-23 05:07:15,973 DEBUG (BaseJdbcLogger.java:143)- <====      Total: 1
2019-09-23 05:07:15,973 DEBUG (BaseJdbcLogger.java:143)- ====>  Preparing: select id, name, sex, birthday, phone, ID_number, email, parent_phone, adress, major, state from student_basic where id = ? 
2019-09-23 05:07:15,973 DEBUG (BaseJdbcLogger.java:143)- ====> Parameters: 25319(String)
2019-09-23 05:07:15,975 DEBUG (BaseJdbcLogger.java:143)- <====      Total: 1
2019-09-23 05:07:15,975 DEBUG (BaseJdbcLogger.java:143)- ====>  Preparing: select id, name, sex, birthday, phone, ID_number, email, parent_phone, adress, major, state from student_basic where id = ? 
2019-09-23 05:07:15,976 DEBUG (BaseJdbcLogger.java:143)- ====> Parameters: 25320(String)
2019-09-23 05:07:15,977 DEBUG (BaseJdbcLogger.java:143)- <====      Total: 1
2019-09-23 05:07:15,977 DEBUG (BaseJdbcLogger.java:143)- ====>  Preparing: select id, name, sex, birthday, phone, ID_number, email, parent_phone, adress, major, state from student_basic where id = ? 
2019-09-23 05:07:15,979 DEBUG (BaseJdbcLogger.java:143)- ====> Parameters: 25321(String)
2019-09-23 05:07:15,979 DEBUG (BaseJdbcLogger.java:143)- <====      Total: 1
2019-09-23 05:07:15,979 DEBUG (BaseJdbcLogger.java:143)- ====>  Preparing: select id, name, sex, birthday, phone, ID_number, email, parent_phone, adress, major, state from student_basic where id = ? 
2019-09-23 05:07:15,980 DEBUG (BaseJdbcLogger.java:143)- ====> Parameters: 25322(String)
2019-09-23 05:07:15,982 DEBUG (BaseJdbcLogger.java:143)- <====      Total: 1
2019-09-23 05:07:15,982 DEBUG (BaseJdbcLogger.java:143)- ====>  Preparing: select id, name, sex, birthday, phone, ID_number, email, parent_phone, adress, major, state from student_basic where id = ? 
2019-09-23 05:07:15,984 DEBUG (BaseJdbcLogger.java:143)- ====> Parameters: 25323(String)
2019-09-23 05:07:15,984 DEBUG (BaseJdbcLogger.java:143)- <====      Total: 1
2019-09-23 05:07:15,985 DEBUG (BaseJdbcLogger.java:143)- ====>  Preparing: select id, name, sex, birthday, phone, ID_number, email, parent_phone, adress, major, state from student_basic where id = ? 
2019-09-23 05:07:15,986 DEBUG (BaseJdbcLogger.java:143)- ====> Parameters: 25324(String)
2019-09-23 05:07:15,986 DEBUG (BaseJdbcLogger.java:143)- <====      Total: 1
2019-09-23 05:07:15,987 DEBUG (BaseJdbcLogger.java:143)- ====>  Preparing: select id, name, sex, birthday, phone, ID_number, email, parent_phone, adress, major, state from student_basic where id = ? 
2019-09-23 05:07:15,988 DEBUG (BaseJdbcLogger.java:143)- ====> Parameters: 25325(String)
2019-09-23 05:07:15,989 DEBUG (BaseJdbcLogger.java:143)- <====      Total: 1
2019-09-23 05:07:15,990 DEBUG (BaseJdbcLogger.java:143)- ====>  Preparing: select id, name, sex, birthday, phone, ID_number, email, parent_phone, adress, major, state from student_basic where id = ? 
2019-09-23 05:07:15,990 DEBUG (BaseJdbcLogger.java:143)- ====> Parameters: 25328(String)
2019-09-23 05:07:15,992 DEBUG (BaseJdbcLogger.java:143)- <====      Total: 1
2019-09-23 05:07:15,993 DEBUG (BaseJdbcLogger.java:143)- ====>  Preparing: select id, name, sex, birthday, phone, ID_number, email, parent_phone, adress, major, state from student_basic where id = ? 
2019-09-23 05:07:15,993 DEBUG (BaseJdbcLogger.java:143)- ====> Parameters: 25329(String)
2019-09-23 05:07:15,993 DEBUG (BaseJdbcLogger.java:143)- <====      Total: 1
2019-09-23 05:07:15,993 DEBUG (BaseJdbcLogger.java:143)- ====>  Preparing: select id, name, sex, birthday, phone, ID_number, email, parent_phone, adress, major, state from student_basic where id = ? 
2019-09-23 05:07:15,995 DEBUG (BaseJdbcLogger.java:143)- ====> Parameters: 25330(String)
2019-09-23 05:07:15,995 DEBUG (BaseJdbcLogger.java:143)- <====      Total: 1
2019-09-23 05:07:15,995 DEBUG (BaseJdbcLogger.java:143)- ====>  Preparing: select id, name, sex, birthday, phone, ID_number, email, parent_phone, adress, major, state from student_basic where id = ? 
2019-09-23 05:07:15,995 DEBUG (BaseJdbcLogger.java:143)- ====> Parameters: 25333(String)
2019-09-23 05:07:15,996 DEBUG (BaseJdbcLogger.java:143)- <====      Total: 1
2019-09-23 05:07:15,996 DEBUG (BaseJdbcLogger.java:143)- ====>  Preparing: select id, name, sex, birthday, phone, ID_number, email, parent_phone, adress, major, state from student_basic where id = ? 
2019-09-23 05:07:15,997 DEBUG (BaseJdbcLogger.java:143)- ====> Parameters: 25335(String)
2019-09-23 05:07:15,998 DEBUG (BaseJdbcLogger.java:143)- <====      Total: 1
2019-09-23 05:07:15,999 DEBUG (BaseJdbcLogger.java:143)- <==      Total: 74
2019-09-23 05:07:15,999 DEBUG (BaseJdbcLogger.java:143)- ==>  Preparing: select student_status.id, student_status.basic_id, student_status.student_id, student_status.class_id from student_status,student_basic where student_status.basic_id=student_basic.id and student_basic.sex=? and student_basic.major=? and student_status.class_id='0' 
2019-09-23 05:07:15,999 DEBUG (BaseJdbcLogger.java:143)- ==> Parameters: 女(String), 电子科学与技术(String)
2019-09-23 05:07:16,002 DEBUG (BaseJdbcLogger.java:143)- ====>  Preparing: select id, name, sex, birthday, phone, ID_number, email, parent_phone, adress, major, state from student_basic where id = ? 
2019-09-23 05:07:16,003 DEBUG (BaseJdbcLogger.java:143)- ====> Parameters: 25218(String)
2019-09-23 05:07:16,003 DEBUG (BaseJdbcLogger.java:143)- <====      Total: 1
2019-09-23 05:07:16,004 DEBUG (BaseJdbcLogger.java:143)- ====>  Preparing: select id, class_id, name, director, grade, major_id from class WHERE class_id = ? 
2019-09-23 05:07:16,005 DEBUG (BaseJdbcLogger.java:143)- ====> Parameters: 0(String)
2019-09-23 05:07:16,005 DEBUG (BaseJdbcLogger.java:143)- <====      Total: 0
2019-09-23 05:07:16,007 DEBUG (BaseJdbcLogger.java:143)- ====>  Preparing: select id, name, sex, birthday, phone, ID_number, email, parent_phone, adress, major, state from student_basic where id = ? 
2019-09-23 05:07:16,007 DEBUG (BaseJdbcLogger.java:143)- ====> Parameters: 25220(String)
2019-09-23 05:07:16,008 DEBUG (BaseJdbcLogger.java:143)- <====      Total: 1
2019-09-23 05:07:16,009 DEBUG (BaseJdbcLogger.java:143)- ====>  Preparing: select id, name, sex, birthday, phone, ID_number, email, parent_phone, adress, major, state from student_basic where id = ? 
2019-09-23 05:07:16,009 DEBUG (BaseJdbcLogger.java:143)- ====> Parameters: 25221(String)
2019-09-23 05:07:16,011 DEBUG (BaseJdbcLogger.java:143)- <====      Total: 1
2019-09-23 05:07:16,011 DEBUG (BaseJdbcLogger.java:143)- ====>  Preparing: select id, name, sex, birthday, phone, ID_number, email, parent_phone, adress, major, state from student_basic where id = ? 
2019-09-23 05:07:16,011 DEBUG (BaseJdbcLogger.java:143)- ====> Parameters: 25225(String)
2019-09-23 05:07:16,012 DEBUG (BaseJdbcLogger.java:143)- <====      Total: 1
2019-09-23 05:07:16,013 DEBUG (BaseJdbcLogger.java:143)- ====>  Preparing: select id, name, sex, birthday, phone, ID_number, email, parent_phone, adress, major, state from student_basic where id = ? 
2019-09-23 05:07:16,013 DEBUG (BaseJdbcLogger.java:143)- ====> Parameters: 25229(String)
2019-09-23 05:07:16,013 DEBUG (BaseJdbcLogger.java:143)- <====      Total: 1
2019-09-23 05:07:16,014 DEBUG (BaseJdbcLogger.java:143)- ====>  Preparing: select id, name, sex, birthday, phone, ID_number, email, parent_phone, adress, major, state from student_basic where id = ? 
2019-09-23 05:07:16,015 DEBUG (BaseJdbcLogger.java:143)- ====> Parameters: 25235(String)
2019-09-23 05:07:16,015 DEBUG (BaseJdbcLogger.java:143)- <====      Total: 1
2019-09-23 05:07:16,016 DEBUG (BaseJdbcLogger.java:143)- ====>  Preparing: select id, name, sex, birthday, phone, ID_number, email, parent_phone, adress, major, state from student_basic where id = ? 
2019-09-23 05:07:16,017 DEBUG (BaseJdbcLogger.java:143)- ====> Parameters: 25237(String)
2019-09-23 05:07:16,017 DEBUG (BaseJdbcLogger.java:143)- <====      Total: 1
2019-09-23 05:07:16,017 DEBUG (BaseJdbcLogger.java:143)- ====>  Preparing: select id, name, sex, birthday, phone, ID_number, email, parent_phone, adress, major, state from student_basic where id = ? 
2019-09-23 05:07:16,018 DEBUG (BaseJdbcLogger.java:143)- ====> Parameters: 25238(String)
2019-09-23 05:07:16,018 DEBUG (BaseJdbcLogger.java:143)- <====      Total: 1
2019-09-23 05:07:16,019 DEBUG (BaseJdbcLogger.java:143)- ====>  Preparing: select id, name, sex, birthday, phone, ID_number, email, parent_phone, adress, major, state from student_basic where id = ? 
2019-09-23 05:07:16,019 DEBUG (BaseJdbcLogger.java:143)- ====> Parameters: 25239(String)
2019-09-23 05:07:16,020 DEBUG (BaseJdbcLogger.java:143)- <====      Total: 1
2019-09-23 05:07:16,021 DEBUG (BaseJdbcLogger.java:143)- ====>  Preparing: select id, name, sex, birthday, phone, ID_number, email, parent_phone, adress, major, state from student_basic where id = ? 
2019-09-23 05:07:16,021 DEBUG (BaseJdbcLogger.java:143)- ====> Parameters: 25240(String)
2019-09-23 05:07:16,021 DEBUG (BaseJdbcLogger.java:143)- <====      Total: 1
2019-09-23 05:07:16,022 DEBUG (BaseJdbcLogger.java:143)- ====>  Preparing: select id, name, sex, birthday, phone, ID_number, email, parent_phone, adress, major, state from student_basic where id = ? 
2019-09-23 05:07:16,022 DEBUG (BaseJdbcLogger.java:143)- ====> Parameters: 25241(String)
2019-09-23 05:07:16,023 DEBUG (BaseJdbcLogger.java:143)- <====      Total: 1
2019-09-23 05:07:16,024 DEBUG (BaseJdbcLogger.java:143)- ====>  Preparing: select id, name, sex, birthday, phone, ID_number, email, parent_phone, adress, major, state from student_basic where id = ? 
2019-09-23 05:07:16,024 DEBUG (BaseJdbcLogger.java:143)- ====> Parameters: 25243(String)
2019-09-23 05:07:16,024 DEBUG (BaseJdbcLogger.java:143)- <====      Total: 1
2019-09-23 05:07:16,025 DEBUG (BaseJdbcLogger.java:143)- ====>  Preparing: select id, name, sex, birthday, phone, ID_number, email, parent_phone, adress, major, state from student_basic where id = ? 
2019-09-23 05:07:16,025 DEBUG (BaseJdbcLogger.java:143)- ====> Parameters: 25244(String)
2019-09-23 05:07:16,026 DEBUG (BaseJdbcLogger.java:143)- <====      Total: 1
2019-09-23 05:07:16,027 DEBUG (BaseJdbcLogger.java:143)- ====>  Preparing: select id, name, sex, birthday, phone, ID_number, email, parent_phone, adress, major, state from student_basic where id = ? 
2019-09-23 05:07:16,027 DEBUG (BaseJdbcLogger.java:143)- ====> Parameters: 25260(String)
2019-09-23 05:07:16,027 DEBUG (BaseJdbcLogger.java:143)- <====      Total: 1
2019-09-23 05:07:16,028 DEBUG (BaseJdbcLogger.java:143)- ====>  Preparing: select id, name, sex, birthday, phone, ID_number, email, parent_phone, adress, major, state from student_basic where id = ? 
2019-09-23 05:07:16,028 DEBUG (BaseJdbcLogger.java:143)- ====> Parameters: 25263(String)
2019-09-23 05:07:16,028 DEBUG (BaseJdbcLogger.java:143)- <====      Total: 1
2019-09-23 05:07:16,030 DEBUG (BaseJdbcLogger.java:143)- ====>  Preparing: select id, name, sex, birthday, phone, ID_number, email, parent_phone, adress, major, state from student_basic where id = ? 
2019-09-23 05:07:16,030 DEBUG (BaseJdbcLogger.java:143)- ====> Parameters: 25264(String)
2019-09-23 05:07:16,031 DEBUG (BaseJdbcLogger.java:143)- <====      Total: 1
2019-09-23 05:07:16,032 DEBUG (BaseJdbcLogger.java:143)- ====>  Preparing: select id, name, sex, birthday, phone, ID_number, email, parent_phone, adress, major, state from student_basic where id = ? 
2019-09-23 05:07:16,032 DEBUG (BaseJdbcLogger.java:143)- ====> Parameters: 25269(String)
2019-09-23 05:07:16,033 DEBUG (BaseJdbcLogger.java:143)- <====      Total: 1
2019-09-23 05:07:16,033 DEBUG (BaseJdbcLogger.java:143)- ====>  Preparing: select id, name, sex, birthday, phone, ID_number, email, parent_phone, adress, major, state from student_basic where id = ? 
2019-09-23 05:07:16,034 DEBUG (BaseJdbcLogger.java:143)- ====> Parameters: 25270(String)
2019-09-23 05:07:16,035 DEBUG (BaseJdbcLogger.java:143)- <====      Total: 1
2019-09-23 05:07:16,035 DEBUG (BaseJdbcLogger.java:143)- ====>  Preparing: select id, name, sex, birthday, phone, ID_number, email, parent_phone, adress, major, state from student_basic where id = ? 
2019-09-23 05:07:16,036 DEBUG (BaseJdbcLogger.java:143)- ====> Parameters: 25272(String)
2019-09-23 05:07:16,036 DEBUG (BaseJdbcLogger.java:143)- <====      Total: 1
2019-09-23 05:07:16,038 DEBUG (BaseJdbcLogger.java:143)- ====>  Preparing: select id, name, sex, birthday, phone, ID_number, email, parent_phone, adress, major, state from student_basic where id = ? 
2019-09-23 05:07:16,038 DEBUG (BaseJdbcLogger.java:143)- ====> Parameters: 25276(String)
2019-09-23 05:07:16,039 DEBUG (BaseJdbcLogger.java:143)- <====      Total: 1
2019-09-23 05:07:16,040 DEBUG (BaseJdbcLogger.java:143)- ====>  Preparing: select id, name, sex, birthday, phone, ID_number, email, parent_phone, adress, major, state from student_basic where id = ? 
2019-09-23 05:07:16,041 DEBUG (BaseJdbcLogger.java:143)- ====> Parameters: 25277(String)
2019-09-23 05:07:16,042 DEBUG (BaseJdbcLogger.java:143)- <====      Total: 1
2019-09-23 05:07:16,043 DEBUG (BaseJdbcLogger.java:143)- ====>  Preparing: select id, name, sex, birthday, phone, ID_number, email, parent_phone, adress, major, state from student_basic where id = ? 
2019-09-23 05:07:16,043 DEBUG (BaseJdbcLogger.java:143)- ====> Parameters: 25280(String)
2019-09-23 05:07:16,044 DEBUG (BaseJdbcLogger.java:143)- <====      Total: 1
2019-09-23 05:07:16,045 DEBUG (BaseJdbcLogger.java:143)- ====>  Preparing: select id, name, sex, birthday, phone, ID_number, email, parent_phone, adress, major, state from student_basic where id = ? 
2019-09-23 05:07:16,046 DEBUG (BaseJdbcLogger.java:143)- ====> Parameters: 25283(String)
2019-09-23 05:07:16,046 DEBUG (BaseJdbcLogger.java:143)- <====      Total: 1
2019-09-23 05:07:16,047 DEBUG (BaseJdbcLogger.java:143)- ====>  Preparing: select id, name, sex, birthday, phone, ID_number, email, parent_phone, adress, major, state from student_basic where id = ? 
2019-09-23 05:07:16,047 DEBUG (BaseJdbcLogger.java:143)- ====> Parameters: 25284(String)
2019-09-23 05:07:16,048 DEBUG (BaseJdbcLogger.java:143)- <====      Total: 1
2019-09-23 05:07:16,048 DEBUG (BaseJdbcLogger.java:143)- ====>  Preparing: select id, name, sex, birthday, phone, ID_number, email, parent_phone, adress, major, state from student_basic where id = ? 
2019-09-23 05:07:16,048 DEBUG (BaseJdbcLogger.java:143)- ====> Parameters: 25286(String)
2019-09-23 05:07:16,049 DEBUG (BaseJdbcLogger.java:143)- <====      Total: 1
2019-09-23 05:07:16,049 DEBUG (BaseJdbcLogger.java:143)- ====>  Preparing: select id, name, sex, birthday, phone, ID_number, email, parent_phone, adress, major, state from student_basic where id = ? 
2019-09-23 05:07:16,050 DEBUG (BaseJdbcLogger.java:143)- ====> Parameters: 25290(String)
2019-09-23 05:07:16,052 DEBUG (BaseJdbcLogger.java:143)- <====      Total: 1
2019-09-23 05:07:16,052 DEBUG (BaseJdbcLogger.java:143)- ====>  Preparing: select id, name, sex, birthday, phone, ID_number, email, parent_phone, adress, major, state from student_basic where id = ? 
2019-09-23 05:07:16,052 DEBUG (BaseJdbcLogger.java:143)- ====> Parameters: 25292(String)
2019-09-23 05:07:16,053 DEBUG (BaseJdbcLogger.java:143)- <====      Total: 1
2019-09-23 05:07:16,054 DEBUG (BaseJdbcLogger.java:143)- ====>  Preparing: select id, name, sex, birthday, phone, ID_number, email, parent_phone, adress, major, state from student_basic where id = ? 
2019-09-23 05:07:16,054 DEBUG (BaseJdbcLogger.java:143)- ====> Parameters: 25297(String)
2019-09-23 05:07:16,055 DEBUG (BaseJdbcLogger.java:143)- <====      Total: 1
2019-09-23 05:07:16,056 DEBUG (BaseJdbcLogger.java:143)- ====>  Preparing: select id, name, sex, birthday, phone, ID_number, email, parent_phone, adress, major, state from student_basic where id = ? 
2019-09-23 05:07:16,056 DEBUG (BaseJdbcLogger.java:143)- ====> Parameters: 25298(String)
2019-09-23 05:07:16,057 DEBUG (BaseJdbcLogger.java:143)- <====      Total: 1
2019-09-23 05:07:16,057 DEBUG (BaseJdbcLogger.java:143)- ====>  Preparing: select id, name, sex, birthday, phone, ID_number, email, parent_phone, adress, major, state from student_basic where id = ? 
2019-09-23 05:07:16,058 DEBUG (BaseJdbcLogger.java:143)- ====> Parameters: 25299(String)
2019-09-23 05:07:16,059 DEBUG (BaseJdbcLogger.java:143)- <====      Total: 1
2019-09-23 05:07:16,059 DEBUG (BaseJdbcLogger.java:143)- ====>  Preparing: select id, name, sex, birthday, phone, ID_number, email, parent_phone, adress, major, state from student_basic where id = ? 
2019-09-23 05:07:16,060 DEBUG (BaseJdbcLogger.java:143)- ====> Parameters: 25301(String)
2019-09-23 05:07:16,060 DEBUG (BaseJdbcLogger.java:143)- <====      Total: 1
2019-09-23 05:07:16,061 DEBUG (BaseJdbcLogger.java:143)- ====>  Preparing: select id, name, sex, birthday, phone, ID_number, email, parent_phone, adress, major, state from student_basic where id = ? 
2019-09-23 05:07:16,061 DEBUG (BaseJdbcLogger.java:143)- ====> Parameters: 25302(String)
2019-09-23 05:07:16,063 DEBUG (BaseJdbcLogger.java:143)- <====      Total: 1
2019-09-23 05:07:16,063 DEBUG (BaseJdbcLogger.java:143)- ====>  Preparing: select id, name, sex, birthday, phone, ID_number, email, parent_phone, adress, major, state from student_basic where id = ? 
2019-09-23 05:07:16,064 DEBUG (BaseJdbcLogger.java:143)- ====> Parameters: 25304(String)
2019-09-23 05:07:16,065 DEBUG (BaseJdbcLogger.java:143)- <====      Total: 1
2019-09-23 05:07:16,065 DEBUG (BaseJdbcLogger.java:143)- ====>  Preparing: select id, name, sex, birthday, phone, ID_number, email, parent_phone, adress, major, state from student_basic where id = ? 
2019-09-23 05:07:16,066 DEBUG (BaseJdbcLogger.java:143)- ====> Parameters: 25305(String)
2019-09-23 05:07:16,067 DEBUG (BaseJdbcLogger.java:143)- <====      Total: 1
2019-09-23 05:07:16,067 DEBUG (BaseJdbcLogger.java:143)- ====>  Preparing: select id, name, sex, birthday, phone, ID_number, email, parent_phone, adress, major, state from student_basic where id = ? 
2019-09-23 05:07:16,067 DEBUG (BaseJdbcLogger.java:143)- ====> Parameters: 25309(String)
2019-09-23 05:07:16,068 DEBUG (BaseJdbcLogger.java:143)- <====      Total: 1
2019-09-23 05:07:16,068 DEBUG (BaseJdbcLogger.java:143)- ====>  Preparing: select id, name, sex, birthday, phone, ID_number, email, parent_phone, adress, major, state from student_basic where id = ? 
2019-09-23 05:07:16,068 DEBUG (BaseJdbcLogger.java:143)- ====> Parameters: 25310(String)
2019-09-23 05:07:16,069 DEBUG (BaseJdbcLogger.java:143)- <====      Total: 1
2019-09-23 05:07:16,069 DEBUG (BaseJdbcLogger.java:143)- ====>  Preparing: select id, name, sex, birthday, phone, ID_number, email, parent_phone, adress, major, state from student_basic where id = ? 
2019-09-23 05:07:16,070 DEBUG (BaseJdbcLogger.java:143)- ====> Parameters: 25311(String)
2019-09-23 05:07:16,071 DEBUG (BaseJdbcLogger.java:143)- <====      Total: 1
2019-09-23 05:07:16,071 DEBUG (BaseJdbcLogger.java:143)- ====>  Preparing: select id, name, sex, birthday, phone, ID_number, email, parent_phone, adress, major, state from student_basic where id = ? 
2019-09-23 05:07:16,072 DEBUG (BaseJdbcLogger.java:143)- ====> Parameters: 25316(String)
2019-09-23 05:07:16,072 DEBUG (BaseJdbcLogger.java:143)- <====      Total: 1
2019-09-23 05:07:16,073 DEBUG (BaseJdbcLogger.java:143)- ====>  Preparing: select id, name, sex, birthday, phone, ID_number, email, parent_phone, adress, major, state from student_basic where id = ? 
2019-09-23 05:07:16,073 DEBUG (BaseJdbcLogger.java:143)- ====> Parameters: 25318(String)
2019-09-23 05:07:16,073 DEBUG (BaseJdbcLogger.java:143)- <====      Total: 1
2019-09-23 05:07:16,074 DEBUG (BaseJdbcLogger.java:143)- ====>  Preparing: select id, name, sex, birthday, phone, ID_number, email, parent_phone, adress, major, state from student_basic where id = ? 
2019-09-23 05:07:16,074 DEBUG (BaseJdbcLogger.java:143)- ====> Parameters: 25326(String)
2019-09-23 05:07:16,075 DEBUG (BaseJdbcLogger.java:143)- <====      Total: 1
2019-09-23 05:07:16,075 DEBUG (BaseJdbcLogger.java:143)- ====>  Preparing: select id, name, sex, birthday, phone, ID_number, email, parent_phone, adress, major, state from student_basic where id = ? 
2019-09-23 05:07:16,076 DEBUG (BaseJdbcLogger.java:143)- ====> Parameters: 25327(String)
2019-09-23 05:07:16,077 DEBUG (BaseJdbcLogger.java:143)- <====      Total: 1
2019-09-23 05:07:16,077 DEBUG (BaseJdbcLogger.java:143)- ====>  Preparing: select id, name, sex, birthday, phone, ID_number, email, parent_phone, adress, major, state from student_basic where id = ? 
2019-09-23 05:07:16,078 DEBUG (BaseJdbcLogger.java:143)- ====> Parameters: 25331(String)
2019-09-23 05:07:16,079 DEBUG (BaseJdbcLogger.java:143)- <====      Total: 1
