2019-08-22 22:11:12,847 DEBUG (BaseJdbcLogger.java:143)- ====> Parameters: 12126(String)
2019-08-22 22:11:12,850 DEBUG (BaseJdbcLogger.java:143)- <====      Total: 1
2019-08-22 22:11:12,851 DEBUG (BaseJdbcLogger.java:143)- ====>  Preparing: select id, name, sex, birthday, phone, ID_number, email, parent_phone, adress, major, state from student_basic where id = ? 
2019-08-22 22:11:12,851 DEBUG (BaseJdbcLogger.java:143)- ====> Parameters: 12128(String)
2019-08-22 22:11:12,853 DEBUG (BaseJdbcLogger.java:143)- <====      Total: 1
2019-08-22 22:11:12,853 DEBUG (BaseJdbcLogger.java:143)- ====>  Preparing: select id, name, sex, birthday, phone, ID_number, email, parent_phone, adress, major, state from student_basic where id = ? 
2019-08-22 22:11:12,854 DEBUG (BaseJdbcLogger.java:143)- ====> Parameters: 12131(String)
2019-08-22 22:11:12,855 DEBUG (BaseJdbcLogger.java:143)- <====      Total: 1
2019-08-22 22:11:12,856 DEBUG (BaseJdbcLogger.java:143)- ====>  Preparing: select id, name, sex, birthday, phone, ID_number, email, parent_phone, adress, major, state from student_basic where id = ? 
2019-08-22 22:11:12,857 DEBUG (BaseJdbcLogger.java:143)- ====> Parameters: 12133(String)
2019-08-22 22:11:12,858 DEBUG (BaseJdbcLogger.java:143)- <====      Total: 1
2019-08-22 22:11:12,858 DEBUG (BaseJdbcLogger.java:143)- ====>  Preparing: select id, name, sex, birthday, phone, ID_number, email, parent_phone, adress, major, state from student_basic where id = ? 
2019-08-22 22:11:12,858 DEBUG (BaseJdbcLogger.java:143)- ====> Parameters: 12138(String)
2019-08-22 22:11:12,859 DEBUG (BaseJdbcLogger.java:143)- <====      Total: 1
2019-08-22 22:11:12,860 DEBUG (BaseJdbcLogger.java:143)- ====>  Preparing: select id, name, sex, birthday, phone, ID_number, email, parent_phone, adress, major, state from student_basic where id = ? 
2019-08-22 22:11:12,860 DEBUG (BaseJdbcLogger.java:143)- ====> Parameters: 12140(String)
2019-08-22 22:11:12,862 DEBUG (BaseJdbcLogger.java:143)- <====      Total: 1
2019-08-22 22:11:12,862 DEBUG (BaseJdbcLogger.java:143)- ====>  Preparing: select id, name, sex, birthday, phone, ID_number, email, parent_phone, adress, major, state from student_basic where id = ? 
2019-08-22 22:11:12,863 DEBUG (BaseJdbcLogger.java:143)- ====> Parameters: 12144(String)
2019-08-22 22:11:12,864 DEBUG (BaseJdbcLogger.java:143)- <====      Total: 1
2019-08-22 22:11:12,865 DEBUG (BaseJdbcLogger.java:143)- ====>  Preparing: select id, name, sex, birthday, phone, ID_number, email, parent_phone, adress, major, state from student_basic where id = ? 
2019-08-22 22:11:12,865 DEBUG (BaseJdbcLogger.java:143)- ====> Parameters: 12145(String)
2019-08-22 22:11:12,865 DEBUG (BaseJdbcLogger.java:143)- <====      Total: 1
2019-08-22 22:11:12,866 DEBUG (BaseJdbcLogger.java:143)- ====>  Preparing: select id, name, sex, birthday, phone, ID_number, email, parent_phone, adress, major, state from student_basic where id = ? 
2019-08-22 22:11:12,866 DEBUG (BaseJdbcLogger.java:143)- ====> Parameters: 12146(String)
2019-08-22 22:11:12,866 DEBUG (BaseJdbcLogger.java:143)- <====      Total: 1
2019-08-22 22:11:12,867 DEBUG (BaseJdbcLogger.java:143)- ====>  Preparing: select id, name, sex, birthday, phone, ID_number, email, parent_phone, adress, major, state from student_basic where id = ? 
2019-08-22 22:11:12,867 DEBUG (BaseJdbcLogger.java:143)- ====> Parameters: 12151(String)
2019-08-22 22:11:12,867 DEBUG (BaseJdbcLogger.java:143)- <====      Total: 1
2019-08-22 22:11:12,868 DEBUG (BaseJdbcLogger.java:143)- ====>  Preparing: select id, name, sex, birthday, phone, ID_number, email, parent_phone, adress, major, state from student_basic where id = ? 
2019-08-22 22:11:12,869 DEBUG (BaseJdbcLogger.java:143)- ====> Parameters: 12156(String)
2019-08-22 22:11:12,869 DEBUG (BaseJdbcLogger.java:143)- <====      Total: 1
2019-08-22 22:11:12,869 DEBUG (BaseJdbcLogger.java:143)- <==      Total: 23
2019-08-22 22:11:12,870 DEBUG (BaseJdbcLogger.java:143)- ==>  Preparing: select dormitory_allocation.id, dormitory_allocation.class_id, dormitory_allocation.dormitory_id,dormitory_allocation.number from dormitory_allocation,dormitory WHERE dormitory_allocation.dormitory_id=dormitory.id and dormitory.sex=? and class_id = ? 
2019-08-22 22:11:12,870 DEBUG (BaseJdbcLogger.java:143)- ==> Parameters: 男(String), 080901201903(String)
2019-08-22 22:11:12,871 DEBUG (BaseJdbcLogger.java:143)- ====>  Preparing: select id, dong, floor, room, sex, number, rent from dormitory where id = ? 
2019-08-22 22:11:12,871 DEBUG (BaseJdbcLogger.java:143)- ====> Parameters: 80(Integer)
2019-08-22 22:11:12,872 DEBUG (BaseJdbcLogger.java:143)- <====      Total: 1
2019-08-22 22:11:12,873 DEBUG (BaseJdbcLogger.java:143)- ====>  Preparing: select id, dong, floor, room, sex, number, rent from dormitory where id = ? 
2019-08-22 22:11:12,873 DEBUG (BaseJdbcLogger.java:143)- ====> Parameters: 81(Integer)
2019-08-22 22:11:12,874 DEBUG (BaseJdbcLogger.java:143)- <====      Total: 1
2019-08-22 22:11:12,874 DEBUG (BaseJdbcLogger.java:143)- ====>  Preparing: select id, dong, floor, room, sex, number, rent from dormitory where id = ? 
2019-08-22 22:11:12,874 DEBUG (BaseJdbcLogger.java:143)- ====> Parameters: 82(Integer)
2019-08-22 22:11:12,875 DEBUG (BaseJdbcLogger.java:143)- <====      Total: 1
2019-08-22 22:11:12,876 DEBUG (BaseJdbcLogger.java:143)- ====>  Preparing: select id, dong, floor, room, sex, number, rent from dormitory where id = ? 
2019-08-22 22:11:12,876 DEBUG (BaseJdbcLogger.java:143)- ====> Parameters: 83(Integer)
2019-08-22 22:11:12,877 DEBUG (BaseJdbcLogger.java:143)- <====      Total: 1
2019-08-22 22:11:12,878 DEBUG (BaseJdbcLogger.java:143)- ====>  Preparing: select id, dong, floor, room, sex, number, rent from dormitory where id = ? 
2019-08-22 22:11:12,878 DEBUG (BaseJdbcLogger.java:143)- ====> Parameters: 84(Integer)
2019-08-22 22:11:12,879 DEBUG (BaseJdbcLogger.java:143)- <====      Total: 1
2019-08-22 22:11:12,879 DEBUG (BaseJdbcLogger.java:143)- ====>  Preparing: select id, dong, floor, room, sex, number, rent from dormitory where id = ? 
2019-08-22 22:11:12,879 DEBUG (BaseJdbcLogger.java:143)- ====> Parameters: 73(Integer)
2019-08-22 22:11:12,880 DEBUG (BaseJdbcLogger.java:143)- <====      Total: 1
2019-08-22 22:11:12,880 DEBUG (BaseJdbcLogger.java:143)- ====>  Preparing: select id, dong, floor, room, sex, number, rent from dormitory where id = ? 
2019-08-22 22:11:12,881 DEBUG (BaseJdbcLogger.java:143)- ====> Parameters: 79(Integer)
2019-08-22 22:11:12,881 DEBUG (BaseJdbcLogger.java:143)- <====      Total: 1
2019-08-22 22:11:12,882 DEBUG (BaseJdbcLogger.java:143)- ====>  Preparing: select id, dong, floor, room, sex, number, rent from dormitory where id = ? 
2019-08-22 22:11:12,882 DEBUG (BaseJdbcLogger.java:143)- ====> Parameters: 105(Integer)
2019-08-22 22:11:12,882 DEBUG (BaseJdbcLogger.java:143)- <====      Total: 1
2019-08-22 22:11:12,883 DEBUG (BaseJdbcLogger.java:143)- <==      Total: 8
2019-08-22 22:11:12,883 DEBUG (BaseJdbcLogger.java:143)- ==>  Preparing: select dormitory_allocation.id, dormitory_allocation.class_id, dormitory_allocation.dormitory_id,dormitory_allocation.number from dormitory_allocation,dormitory WHERE dormitory_allocation.dormitory_id=dormitory.id and dormitory.sex=? and class_id = ? 
2019-08-22 22:11:12,883 DEBUG (BaseJdbcLogger.java:143)- ==> Parameters: 女(String), 080901201903(String)
2019-08-22 22:11:12,883 DEBUG (BaseJdbcLogger.java:143)- ====>  Preparing: select id, dong, floor, room, sex, number, rent from dormitory where id = ? 
2019-08-22 22:11:12,884 DEBUG (BaseJdbcLogger.java:143)- ====> Parameters: 519(Integer)
2019-08-22 22:11:12,884 DEBUG (BaseJdbcLogger.java:143)- <====      Total: 1
2019-08-22 22:11:12,885 DEBUG (BaseJdbcLogger.java:143)- ====>  Preparing: select id, dong, floor, room, sex, number, rent from dormitory where id = ? 
2019-08-22 22:11:12,885 DEBUG (BaseJdbcLogger.java:143)- ====> Parameters: 520(Integer)
2019-08-22 22:11:12,885 DEBUG (BaseJdbcLogger.java:143)- <====      Total: 1
2019-08-22 22:11:12,886 DEBUG (BaseJdbcLogger.java:143)- ====>  Preparing: select id, dong, floor, room, sex, number, rent from dormitory where id = ? 
2019-08-22 22:11:12,887 DEBUG (BaseJdbcLogger.java:143)- ====> Parameters: 521(Integer)
2019-08-22 22:11:12,887 DEBUG (BaseJdbcLogger.java:143)- <====      Total: 1
2019-08-22 22:11:12,888 DEBUG (BaseJdbcLogger.java:143)- ====>  Preparing: select id, dong, floor, room, sex, number, rent from dormitory where id = ? 
2019-08-22 22:11:12,888 DEBUG (BaseJdbcLogger.java:143)- ====> Parameters: 522(Integer)
2019-08-22 22:11:12,888 DEBUG (BaseJdbcLogger.java:143)- <====      Total: 1
2019-08-22 22:11:12,889 DEBUG (BaseJdbcLogger.java:143)- ====>  Preparing: select id, dong, floor, room, sex, number, rent from dormitory where id = ? 
2019-08-22 22:11:12,889 DEBUG (BaseJdbcLogger.java:143)- ====> Parameters: 523(Integer)
2019-08-22 22:11:12,891 DEBUG (BaseJdbcLogger.java:143)- <====      Total: 1
2019-08-22 22:11:12,891 DEBUG (BaseJdbcLogger.java:143)- <==      Total: 5
2019-08-22 22:11:12,891 DEBUG (BaseJdbcLogger.java:143)- ==>  Preparing: select student_status.id,student_status.basic_id, student_status.student_id, student_status.class_id from student_status,student_basic where student_status.basic_id=student_basic.id and student_basic.sex=? and student_status.class_id=? 
2019-08-22 22:11:12,892 DEBUG (BaseJdbcLogger.java:143)- ==> Parameters: 男(String), 080703201901(String)
2019-08-22 22:11:12,893 DEBUG (BaseJdbcLogger.java:143)- ====>  Preparing: select id, name, sex, birthday, phone, ID_number, email, parent_phone, adress, major, state from student_basic where id = ? 
2019-08-22 22:11:12,894 DEBUG (BaseJdbcLogger.java:143)- ====> Parameters: 12233(String)
2019-08-22 22:11:12,894 DEBUG (BaseJdbcLogger.java:143)- <====      Total: 1
2019-08-22 22:11:12,895 DEBUG (BaseJdbcLogger.java:143)- ====>  Preparing: select id, class_id, name, director, grade, major_id from class where class_id = ? 
2019-08-22 22:11:12,895 DEBUG (BaseJdbcLogger.java:143)- ====> Parameters: 080703201901(String)
2019-08-22 22:11:12,896 DEBUG (BaseJdbcLogger.java:143)- ======>  Preparing: select id, major_id, name, price, department_id from major where major_id = ? 
2019-08-22 22:11:12,896 DEBUG (BaseJdbcLogger.java:143)- ======> Parameters: 080703(String)
2019-08-22 22:11:12,897 DEBUG (BaseJdbcLogger.java:143)- <======      Total: 1
2019-08-22 22:11:12,897 DEBUG (BaseJdbcLogger.java:143)- <====      Total: 1
2019-08-22 22:11:12,897 DEBUG (BaseJdbcLogger.java:143)- ====>  Preparing: select id, name, sex, birthday, phone, ID_number, email, parent_phone, adress, major, state from student_basic where id = ? 
2019-08-22 22:11:12,898 DEBUG (BaseJdbcLogger.java:143)- ====> Parameters: 12234(String)
2019-08-22 22:11:12,899 DEBUG (BaseJdbcLogger.java:143)- <====      Total: 1
2019-08-22 22:11:12,899 DEBUG (BaseJdbcLogger.java:143)- ====>  Preparing: select id, name, sex, birthday, phone, ID_number, email, parent_phone, adress, major, state from student_basic where id = ? 
2019-08-22 22:11:12,899 DEBUG (BaseJdbcLogger.java:143)- ====> Parameters: 12235(String)
2019-08-22 22:11:12,899 DEBUG (BaseJdbcLogger.java:143)- <====      Total: 1
2019-08-22 22:11:12,900 DEBUG (BaseJdbcLogger.java:143)- ====>  Preparing: select id, name, sex, birthday, phone, ID_number, email, parent_phone, adress, major, state from student_basic where id = ? 
2019-08-22 22:11:12,901 DEBUG (BaseJdbcLogger.java:143)- ====> Parameters: 12236(String)
2019-08-22 22:11:12,901 DEBUG (BaseJdbcLogger.java:143)- <====      Total: 1
2019-08-22 22:11:12,901 DEBUG (BaseJdbcLogger.java:143)- ====>  Preparing: select id, name, sex, birthday, phone, ID_number, email, parent_phone, adress, major, state from student_basic where id = ? 
2019-08-22 22:11:12,902 DEBUG (BaseJdbcLogger.java:143)- ====> Parameters: 12239(String)
2019-08-22 22:11:12,902 DEBUG (BaseJdbcLogger.java:143)- <====      Total: 1
2019-08-22 22:11:12,903 DEBUG (BaseJdbcLogger.java:143)- ====>  Preparing: select id, name, sex, birthday, phone, ID_number, email, parent_phone, adress, major, state from student_basic where id = ? 
2019-08-22 22:11:12,903 DEBUG (BaseJdbcLogger.java:143)- ====> Parameters: 12240(String)
2019-08-22 22:11:12,903 DEBUG (BaseJdbcLogger.java:143)- <====      Total: 1
2019-08-22 22:11:12,904 DEBUG (BaseJdbcLogger.java:143)- ====>  Preparing: select id, name, sex, birthday, phone, ID_number, email, parent_phone, adress, major, state from student_basic where id = ? 
2019-08-22 22:11:12,904 DEBUG (BaseJdbcLogger.java:143)- ====> Parameters: 12241(String)
2019-08-22 22:11:12,904 DEBUG (BaseJdbcLogger.java:143)- <====      Total: 1
2019-08-22 22:11:12,905 DEBUG (BaseJdbcLogger.java:143)- ====>  Preparing: select id, name, sex, birthday, phone, ID_number, email, parent_phone, adress, major, state from student_basic where id = ? 
2019-08-22 22:11:12,905 DEBUG (BaseJdbcLogger.java:143)- ====> Parameters: 12242(String)
2019-08-22 22:11:12,906 DEBUG (BaseJdbcLogger.java:143)- <====      Total: 1
2019-08-22 22:11:12,907 DEBUG (BaseJdbcLogger.java:143)- ====>  Preparing: select id, name, sex, birthday, phone, ID_number, email, parent_phone, adress, major, state from student_basic where id = ? 
2019-08-22 22:11:12,907 DEBUG (BaseJdbcLogger.java:143)- ====> Parameters: 12243(String)
2019-08-22 22:11:12,907 DEBUG (BaseJdbcLogger.java:143)- <====      Total: 1
2019-08-22 22:11:12,908 DEBUG (BaseJdbcLogger.java:143)- ====>  Preparing: select id, name, sex, birthday, phone, ID_number, email, parent_phone, adress, major, state from student_basic where id = ? 
2019-08-22 22:11:12,908 DEBUG (BaseJdbcLogger.java:143)- ====> Parameters: 12244(String)
2019-08-22 22:11:12,908 DEBUG (BaseJdbcLogger.java:143)- <====      Total: 1
2019-08-22 22:11:12,910 DEBUG (BaseJdbcLogger.java:143)- ====>  Preparing: select id, name, sex, birthday, phone, ID_number, email, parent_phone, adress, major, state from student_basic where id = ? 
2019-08-22 22:11:12,910 DEBUG (BaseJdbcLogger.java:143)- ====> Parameters: 12246(String)
2019-08-22 22:11:12,910 DEBUG (BaseJdbcLogger.java:143)- <====      Total: 1
2019-08-22 22:11:12,911 DEBUG (BaseJdbcLogger.java:143)- ====>  Preparing: select id, name, sex, birthday, phone, ID_number, email, parent_phone, adress, major, state from student_basic where id = ? 
2019-08-22 22:11:12,911 DEBUG (BaseJdbcLogger.java:143)- ====> Parameters: 12250(String)
2019-08-22 22:11:12,912 DEBUG (BaseJdbcLogger.java:143)- <====      Total: 1
2019-08-22 22:11:12,912 DEBUG (BaseJdbcLogger.java:143)- ====>  Preparing: select id, name, sex, birthday, phone, ID_number, email, parent_phone, adress, major, state from student_basic where id = ? 
2019-08-22 22:11:12,913 DEBUG (BaseJdbcLogger.java:143)- ====> Parameters: 12253(String)
2019-08-22 22:11:12,914 DEBUG (BaseJdbcLogger.java:143)- <====      Total: 1
2019-08-22 22:11:12,914 DEBUG (BaseJdbcLogger.java:143)- ====>  Preparing: select id, name, sex, birthday, phone, ID_number, email, parent_phone, adress, major, state from student_basic where id = ? 
2019-08-22 22:11:12,914 DEBUG (BaseJdbcLogger.java:143)- ====> Parameters: 12254(String)
2019-08-22 22:11:12,915 DEBUG (BaseJdbcLogger.java:143)- <====      Total: 1
2019-08-22 22:11:12,916 DEBUG (BaseJdbcLogger.java:143)- ====>  Preparing: select id, name, sex, birthday, phone, ID_number, email, parent_phone, adress, major, state from student_basic where id = ? 
2019-08-22 22:11:12,916 DEBUG (BaseJdbcLogger.java:143)- ====> Parameters: 12257(String)
2019-08-22 22:11:12,917 DEBUG (BaseJdbcLogger.java:143)- <====      Total: 1
2019-08-22 22:11:12,917 DEBUG (BaseJdbcLogger.java:143)- ====>  Preparing: select id, name, sex, birthday, phone, ID_number, email, parent_phone, adress, major, state from student_basic where id = ? 
2019-08-22 22:11:12,918 DEBUG (BaseJdbcLogger.java:143)- ====> Parameters: 12259(String)
2019-08-22 22:11:12,918 DEBUG (BaseJdbcLogger.java:143)- <====      Total: 1
2019-08-22 22:11:12,918 DEBUG (BaseJdbcLogger.java:143)- ====>  Preparing: select id, name, sex, birthday, phone, ID_number, email, parent_phone, adress, major, state from student_basic where id = ? 
2019-08-22 22:11:12,919 DEBUG (BaseJdbcLogger.java:143)- ====> Parameters: 12260(String)
2019-08-22 22:11:12,919 DEBUG (BaseJdbcLogger.java:143)- <====      Total: 1
2019-08-22 22:11:12,920 DEBUG (BaseJdbcLogger.java:143)- ====>  Preparing: select id, name, sex, birthday, phone, ID_number, email, parent_phone, adress, major, state from student_basic where id = ? 
2019-08-22 22:11:12,920 DEBUG (BaseJdbcLogger.java:143)- ====> Parameters: 12262(String)
2019-08-22 22:11:12,921 DEBUG (BaseJdbcLogger.java:143)- <====      Total: 1
2019-08-22 22:11:12,922 DEBUG (BaseJdbcLogger.java:143)- ====>  Preparing: select id, name, sex, birthday, phone, ID_number, email, parent_phone, adress, major, state from student_basic where id = ? 
2019-08-22 22:11:12,923 DEBUG (BaseJdbcLogger.java:143)- ====> Parameters: 12263(String)
2019-08-22 22:11:12,923 DEBUG (BaseJdbcLogger.java:143)- <====      Total: 1
2019-08-22 22:11:12,923 DEBUG (BaseJdbcLogger.java:143)- ====>  Preparing: select id, name, sex, birthday, phone, ID_number, email, parent_phone, adress, major, state from student_basic where id = ? 
2019-08-22 22:11:12,924 DEBUG (BaseJdbcLogger.java:143)- ====> Parameters: 12265(String)
2019-08-22 22:11:12,924 DEBUG (BaseJdbcLogger.java:143)- <====      Total: 1
2019-08-22 22:11:12,925 DEBUG (BaseJdbcLogger.java:143)- ====>  Preparing: select id, name, sex, birthday, phone, ID_number, email, parent_phone, adress, major, state from student_basic where id = ? 
2019-08-22 22:11:12,925 DEBUG (BaseJdbcLogger.java:143)- ====> Parameters: 12268(String)
2019-08-22 22:11:12,926 DEBUG (BaseJdbcLogger.java:143)- <====      Total: 1
2019-08-22 22:11:12,926 DEBUG (BaseJdbcLogger.java:143)- ====>  Preparing: select id, name, sex, birthday, phone, ID_number, email, parent_phone, adress, major, state from student_basic where id = ? 
2019-08-22 22:11:12,926 DEBUG (BaseJdbcLogger.java:143)- ====> Parameters: 12271(String)
2019-08-22 22:11:12,927 DEBUG (BaseJdbcLogger.java:143)- <====      Total: 1
2019-08-22 22:11:12,928 DEBUG (BaseJdbcLogger.java:143)- ====>  Preparing: select id, name, sex, birthday, phone, ID_number, email, parent_phone, adress, major, state from student_basic where id = ? 
2019-08-22 22:11:12,928 DEBUG (BaseJdbcLogger.java:143)- ====> Parameters: 12274(String)
2019-08-22 22:11:12,928 DEBUG (BaseJdbcLogger.java:143)- <====      Total: 1
2019-08-22 22:11:12,929 DEBUG (BaseJdbcLogger.java:143)- ====>  Preparing: select id, name, sex, birthday, phone, ID_number, email, parent_phone, adress, major, state from student_basic where id = ? 
2019-08-22 22:11:12,929 DEBUG (BaseJdbcLogger.java:143)- ====> Parameters: 12275(String)
2019-08-22 22:11:12,929 DEBUG (BaseJdbcLogger.java:143)- <====      Total: 1
2019-08-22 22:11:12,930 DEBUG (BaseJdbcLogger.java:143)- ====>  Preparing: select id, name, sex, birthday, phone, ID_number, email, parent_phone, adress, major, state from student_basic where id = ? 
2019-08-22 22:11:12,930 DEBUG (BaseJdbcLogger.java:143)- ====> Parameters: 12276(String)
2019-08-22 22:11:12,931 DEBUG (BaseJdbcLogger.java:143)- <====      Total: 1
2019-08-22 22:11:12,931 DEBUG (BaseJdbcLogger.java:143)- ====>  Preparing: select id, name, sex, birthday, phone, ID_number, email, parent_phone, adress, major, state from student_basic where id = ? 
2019-08-22 22:11:12,931 DEBUG (BaseJdbcLogger.java:143)- ====> Parameters: 12277(String)
2019-08-22 22:11:12,932 DEBUG (BaseJdbcLogger.java:143)- <====      Total: 1
2019-08-22 22:11:12,933 DEBUG (BaseJdbcLogger.java:143)- <==      Total: 26
2019-08-22 22:11:12,933 DEBUG (BaseJdbcLogger.java:143)- ==>  Preparing: select student_status.id,student_status.basic_id, student_status.student_id, student_status.class_id from student_status,student_basic where student_status.basic_id=student_basic.id and student_basic.sex=? and student_status.class_id=? 
2019-08-22 22:11:12,933 DEBUG (BaseJdbcLogger.java:143)- ==> Parameters: 女(String), 080703201901(String)
2019-08-22 22:11:12,934 DEBUG (BaseJdbcLogger.java:143)- ====>  Preparing: select id, name, sex, birthday, phone, ID_number, email, parent_phone, adress, major, state from student_basic where id = ? 
2019-08-22 22:11:12,934 DEBUG (BaseJdbcLogger.java:143)- ====> Parameters: 12232(String)
2019-08-22 22:11:12,935 DEBUG (BaseJdbcLogger.java:143)- <====      Total: 1
2019-08-22 22:11:12,936 DEBUG (BaseJdbcLogger.java:143)- ====>  Preparing: select id, class_id, name, director, grade, major_id from class where class_id = ? 
2019-08-22 22:11:12,936 DEBUG (BaseJdbcLogger.java:143)- ====> Parameters: 080703201901(String)
2019-08-22 22:11:12,936 DEBUG (BaseJdbcLogger.java:143)- ======>  Preparing: select id, major_id, name, price, department_id from major where major_id = ? 
2019-08-22 22:11:12,937 DEBUG (BaseJdbcLogger.java:143)- ======> Parameters: 080703(String)
2019-08-22 22:11:12,937 DEBUG (BaseJdbcLogger.java:143)- <======      Total: 1
2019-08-22 22:11:12,937 DEBUG (BaseJdbcLogger.java:143)- <====      Total: 1
2019-08-22 22:11:12,938 DEBUG (BaseJdbcLogger.java:143)- ====>  Preparing: select id, name, sex, birthday, phone, ID_number, email, parent_phone, adress, major, state from student_basic where id = ? 
2019-08-22 22:11:12,938 DEBUG (BaseJdbcLogger.java:143)- ====> Parameters: 12237(String)
2019-08-22 22:11:12,939 DEBUG (BaseJdbcLogger.java:143)- <====      Total: 1
2019-08-22 22:11:12,939 DEBUG (BaseJdbcLogger.java:143)- ====>  Preparing: select id, name, sex, birthday, phone, ID_number, email, parent_phone, adress, major, state from student_basic where id = ? 
2019-08-22 22:11:12,939 DEBUG (BaseJdbcLogger.java:143)- ====> Parameters: 12238(String)
2019-08-22 22:11:12,940 DEBUG (BaseJdbcLogger.java:143)- <====      Total: 1
2019-08-22 22:11:12,941 DEBUG (BaseJdbcLogger.java:143)- ====>  Preparing: select id, name, sex, birthday, phone, ID_number, email, parent_phone, adress, major, state from student_basic where id = ? 
2019-08-22 22:11:12,941 DEBUG (BaseJdbcLogger.java:143)- ====> Parameters: 12245(String)
2019-08-22 22:11:12,941 DEBUG (BaseJdbcLogger.java:143)- <====      Total: 1
2019-08-22 22:11:12,942 DEBUG (BaseJdbcLogger.java:143)- ====>  Preparing: select id, name, sex, birthday, phone, ID_number, email, parent_phone, adress, major, state from student_basic where id = ? 
2019-08-22 22:11:12,943 DEBUG (BaseJdbcLogger.java:143)- ====> Parameters: 12247(String)
2019-08-22 22:11:12,943 DEBUG (BaseJdbcLogger.java:143)- <====      Total: 1
2019-08-22 22:11:12,944 DEBUG (BaseJdbcLogger.java:143)- ====>  Preparing: select id, name, sex, birthday, phone, ID_number, email, parent_phone, adress, major, state from student_basic where id = ? 
2019-08-22 22:11:12,944 DEBUG (BaseJdbcLogger.java:143)- ====> Parameters: 12248(String)
2019-08-22 22:11:12,945 DEBUG (BaseJdbcLogger.java:143)- <====      Total: 1
2019-08-22 22:11:12,945 DEBUG (BaseJdbcLogger.java:143)- ====>  Preparing: select id, name, sex, birthday, phone, ID_number, email, parent_phone, adress, major, state from student_basic where id = ? 
2019-08-22 22:11:12,945 DEBUG (BaseJdbcLogger.java:143)- ====> Parameters: 12249(String)
2019-08-22 22:11:12,946 DEBUG (BaseJdbcLogger.java:143)- <====      Total: 1
2019-08-22 22:11:12,947 DEBUG (BaseJdbcLogger.java:143)- ====>  Preparing: select id, name, sex, birthday, phone, ID_number, email, parent_phone, adress, major, state from student_basic where id = ? 
2019-08-22 22:11:12,947 DEBUG (BaseJdbcLogger.java:143)- ====> Parameters: 12251(String)
2019-08-22 22:11:12,948 DEBUG (BaseJdbcLogger.java:143)- <====      Total: 1
2019-08-22 22:11:12,948 DEBUG (BaseJdbcLogger.java:143)- ====>  Preparing: select id, name, sex, birthday, phone, ID_number, email, parent_phone, adress, major, state from student_basic where id = ? 
2019-08-22 22:11:12,948 DEBUG (BaseJdbcLogger.java:143)- ====> Parameters: 12252(String)
2019-08-22 22:11:12,949 DEBUG (BaseJdbcLogger.java:143)- <====      Total: 1
2019-08-22 22:11:12,950 DEBUG (BaseJdbcLogger.java:143)- ====>  Preparing: select id, name, sex, birthday, phone, ID_number, email, parent_phone, adress, major, state from student_basic where id = ? 
2019-08-22 22:11:12,950 DEBUG (BaseJdbcLogger.java:143)- ====> Parameters: 12255(String)
2019-08-22 22:11:12,951 DEBUG (BaseJdbcLogger.java:143)- <====      Total: 1
2019-08-22 22:11:12,951 DEBUG (BaseJdbcLogger.java:143)- ====>  Preparing: select id, name, sex, birthday, phone, ID_number, email, parent_phone, adress, major, state from student_basic where id = ? 
2019-08-22 22:11:12,952 DEBUG (BaseJdbcLogger.java:143)- ====> Parameters: 12256(String)
2019-08-22 22:11:12,954 DEBUG (BaseJdbcLogger.java:143)- <====      Total: 1
2019-08-22 22:11:12,954 DEBUG (BaseJdbcLogger.java:143)- ====>  Preparing: select id, name, sex, birthday, phone, ID_number, email, parent_phone, adress, major, state from student_basic where id = ? 
2019-08-22 22:11:12,954 DEBUG (BaseJdbcLogger.java:143)- ====> Parameters: 12258(String)
2019-08-22 22:11:12,955 DEBUG (BaseJdbcLogger.java:143)- <====      Total: 1
2019-08-22 22:11:12,955 DEBUG (BaseJdbcLogger.java:143)- ====>  Preparing: select id, name, sex, birthday, phone, ID_number, email, parent_phone, adress, major, state from student_basic where id = ? 
2019-08-22 22:11:12,956 DEBUG (BaseJdbcLogger.java:143)- ====> Parameters: 12261(String)
2019-08-22 22:11:12,956 DEBUG (BaseJdbcLogger.java:143)- <====      Total: 1
2019-08-22 22:11:12,957 DEBUG (BaseJdbcLogger.java:143)- ====>  Preparing: select id, name, sex, birthday, phone, ID_number, email, parent_phone, adress, major, state from student_basic where id = ? 
2019-08-22 22:11:12,957 DEBUG (BaseJdbcLogger.java:143)- ====> Parameters: 12264(String)
2019-08-22 22:11:12,957 DEBUG (BaseJdbcLogger.java:143)- <====      Total: 1
2019-08-22 22:11:12,958 DEBUG (BaseJdbcLogger.java:143)- ====>  Preparing: select id, name, sex, birthday, phone, ID_number, email, parent_phone, adress, major, state from student_basic where id = ? 
2019-08-22 22:11:12,958 DEBUG (BaseJdbcLogger.java:143)- ====> Parameters: 12266(String)
2019-08-22 22:11:12,958 DEBUG (BaseJdbcLogger.java:143)- <====      Total: 1
2019-08-22 22:11:12,959 DEBUG (BaseJdbcLogger.java:143)- ====>  Preparing: select id, name, sex, birthday, phone, ID_number, email, parent_phone, adress, major, state from student_basic where id = ? 
2019-08-22 22:11:12,959 DEBUG (BaseJdbcLogger.java:143)- ====> Parameters: 12267(String)
2019-08-22 22:11:12,960 DEBUG (BaseJdbcLogger.java:143)- <====      Total: 1
2019-08-22 22:11:12,960 DEBUG (BaseJdbcLogger.java:143)- ====>  Preparing: select id, name, sex, birthday, phone, ID_number, email, parent_phone, adress, major, state from student_basic where id = ? 
2019-08-22 22:11:12,961 DEBUG (BaseJdbcLogger.java:143)- ====> Parameters: 12269(String)
2019-08-22 22:11:12,961 DEBUG (BaseJdbcLogger.java:143)- <====      Total: 1
2019-08-22 22:11:12,962 DEBUG (BaseJdbcLogger.java:143)- ====>  Preparing: select id, name, sex, birthday, phone, ID_number, email, parent_phone, adress, major, state from student_basic where id = ? 
2019-08-22 22:11:12,962 DEBUG (BaseJdbcLogger.java:143)- ====> Parameters: 12270(String)
2019-08-22 22:11:12,962 DEBUG (BaseJdbcLogger.java:143)- <====      Total: 1
2019-08-22 22:11:12,963 DEBUG (BaseJdbcLogger.java:143)- <==      Total: 18
2019-08-22 22:11:12,963 DEBUG (BaseJdbcLogger.java:143)- ==>  Preparing: select dormitory_allocation.id, dormitory_allocation.class_id, dormitory_allocation.dormitory_id,dormitory_allocation.number from dormitory_allocation,dormitory WHERE dormitory_allocation.dormitory_id=dormitory.id and dormitory.sex=? and class_id = ? 
2019-08-22 22:11:12,963 DEBUG (BaseJdbcLogger.java:143)- ==> Parameters: 男(String), 080703201901(String)
2019-08-22 22:11:12,964 DEBUG (BaseJdbcLogger.java:143)- ====>  Preparing: select id, dong, floor, room, sex, number, rent from dormitory where id = ? 
2019-08-22 22:11:12,964 DEBUG (BaseJdbcLogger.java:143)- ====> Parameters: 86(Integer)
2019-08-22 22:11:12,964 DEBUG (BaseJdbcLogger.java:143)- <====      Total: 1
2019-08-22 22:11:12,965 DEBUG (BaseJdbcLogger.java:143)- ====>  Preparing: select id, dong, floor, room, sex, number, rent from dormitory where id = ? 
2019-08-22 22:11:12,965 DEBUG (BaseJdbcLogger.java:143)- ====> Parameters: 87(Integer)
2019-08-22 22:11:12,965 DEBUG (BaseJdbcLogger.java:143)- <====      Total: 1
2019-08-22 22:11:12,966 DEBUG (BaseJdbcLogger.java:143)- ====>  Preparing: select id, dong, floor, room, sex, number, rent from dormitory where id = ? 
2019-08-22 22:11:12,966 DEBUG (BaseJdbcLogger.java:143)- ====> Parameters: 88(Integer)
2019-08-22 22:11:12,966 DEBUG (BaseJdbcLogger.java:143)- <====      Total: 1
2019-08-22 22:11:12,967 DEBUG (BaseJdbcLogger.java:143)- ====>  Preparing: select id, dong, floor, room, sex, number, rent from dormitory where id = ? 
2019-08-22 22:11:12,967 DEBUG (BaseJdbcLogger.java:143)- ====> Parameters: 89(Integer)
2019-08-22 22:11:12,968 DEBUG (BaseJdbcLogger.java:143)- <====      Total: 1
2019-08-22 22:11:12,968 DEBUG (BaseJdbcLogger.java:143)- ====>  Preparing: select id, dong, floor, room, sex, number, rent from dormitory where id = ? 
2019-08-22 22:11:12,968 DEBUG (BaseJdbcLogger.java:143)- ====> Parameters: 90(Integer)
2019-08-22 22:11:12,969 DEBUG (BaseJdbcLogger.java:143)- <====      Total: 1
2019-08-22 22:11:12,969 DEBUG (BaseJdbcLogger.java:143)- ====>  Preparing: select id, dong, floor, room, sex, number, rent from dormitory where id = ? 
2019-08-22 22:11:12,969 DEBUG (BaseJdbcLogger.java:143)- ====> Parameters: 32(Integer)
2019-08-22 22:11:12,970 DEBUG (BaseJdbcLogger.java:143)- <====      Total: 1
2019-08-22 22:11:12,971 DEBUG (BaseJdbcLogger.java:143)- <==      Total: 6
2019-08-22 22:11:12,971 DEBUG (BaseJdbcLogger.java:143)- ==>  Preparing: select dormitory_allocation.id, dormitory_allocation.class_id, dormitory_allocation.dormitory_id,dormitory_allocation.number from dormitory_allocation,dormitory WHERE dormitory_allocation.dormitory_id=dormitory.id and dormitory.sex=? and class_id = ? 
2019-08-22 22:11:12,972 DEBUG (BaseJdbcLogger.java:143)- ==> Parameters: 女(String), 080703201901(String)
2019-08-22 22:11:12,972 DEBUG (BaseJdbcLogger.java:143)- ====>  Preparing: select id, dong, floor, room, sex, number, rent from dormitory where id = ? 
2019-08-22 22:11:12,972 DEBUG (BaseJdbcLogger.java:143)- ====> Parameters: 524(Integer)
2019-08-22 22:11:12,974 DEBUG (BaseJdbcLogger.java:143)- <====      Total: 1
2019-08-22 22:11:12,974 DEBUG (BaseJdbcLogger.java:143)- ====>  Preparing: select id, dong, floor, room, sex, number, rent from dormitory where id = ? 
2019-08-22 22:11:12,974 DEBUG (BaseJdbcLogger.java:143)- ====> Parameters: 525(Integer)
