2019-09-04 04:07:24,618 DEBUG (BaseJdbcLogger.java:143)- <====      Total: 1
2019-09-04 04:07:24,620 DEBUG (BaseJdbcLogger.java:143)- ====>  Preparing: select id, name, sex, birthday, phone, ID_number, email, parent_phone, adress, major, state from student_basic where id = ? 
2019-09-04 04:07:24,620 DEBUG (BaseJdbcLogger.java:143)- ====> Parameters: 19375(String)
2019-09-04 04:07:24,621 DEBUG (BaseJdbcLogger.java:143)- <====      Total: 1
2019-09-04 04:07:24,622 DEBUG (BaseJdbcLogger.java:143)- ====>  Preparing: select id, name, sex, birthday, phone, ID_number, email, parent_phone, adress, major, state from student_basic where id = ? 
2019-09-04 04:07:24,623 DEBUG (BaseJdbcLogger.java:143)- ====> Parameters: 19376(String)
2019-09-04 04:07:24,631 DEBUG (BaseJdbcLogger.java:143)- <====      Total: 1
2019-09-04 04:07:24,631 DEBUG (BaseJdbcLogger.java:143)- ====>  Preparing: select id, name, sex, birthday, phone, ID_number, email, parent_phone, adress, major, state from student_basic where id = ? 
2019-09-04 04:07:24,632 DEBUG (BaseJdbcLogger.java:143)- ====> Parameters: 19377(String)
2019-09-04 04:07:24,633 DEBUG (BaseJdbcLogger.java:143)- <====      Total: 1
2019-09-04 04:07:24,634 DEBUG (BaseJdbcLogger.java:143)- ====>  Preparing: select id, name, sex, birthday, phone, ID_number, email, parent_phone, adress, major, state from student_basic where id = ? 
2019-09-04 04:07:24,635 DEBUG (BaseJdbcLogger.java:143)- ====> Parameters: 19378(String)
2019-09-04 04:07:24,635 DEBUG (BaseJdbcLogger.java:143)- <====      Total: 1
2019-09-04 04:07:24,636 DEBUG (BaseJdbcLogger.java:143)- ====>  Preparing: select id, name, sex, birthday, phone, ID_number, email, parent_phone, adress, major, state from student_basic where id = ? 
2019-09-04 04:07:24,636 DEBUG (BaseJdbcLogger.java:143)- ====> Parameters: 19380(String)
2019-09-04 04:07:24,637 DEBUG (BaseJdbcLogger.java:143)- <====      Total: 1
2019-09-04 04:07:24,638 DEBUG (BaseJdbcLogger.java:143)- ====>  Preparing: select id, name, sex, birthday, phone, ID_number, email, parent_phone, adress, major, state from student_basic where id = ? 
2019-09-04 04:07:24,638 DEBUG (BaseJdbcLogger.java:143)- ====> Parameters: 19386(String)
2019-09-04 04:07:24,639 DEBUG (BaseJdbcLogger.java:143)- <====      Total: 1
2019-09-04 04:07:24,641 DEBUG (BaseJdbcLogger.java:143)- ====>  Preparing: select id, name, sex, birthday, phone, ID_number, email, parent_phone, adress, major, state from student_basic where id = ? 
2019-09-04 04:07:24,642 DEBUG (BaseJdbcLogger.java:143)- ====> Parameters: 19389(String)
2019-09-04 04:07:24,643 DEBUG (BaseJdbcLogger.java:143)- <====      Total: 1
2019-09-04 04:07:24,644 DEBUG (BaseJdbcLogger.java:143)- ====>  Preparing: select id, name, sex, birthday, phone, ID_number, email, parent_phone, adress, major, state from student_basic where id = ? 
2019-09-04 04:07:24,644 DEBUG (BaseJdbcLogger.java:143)- ====> Parameters: 19390(String)
2019-09-04 04:07:24,645 DEBUG (BaseJdbcLogger.java:143)- <====      Total: 1
2019-09-04 04:07:24,646 DEBUG (BaseJdbcLogger.java:143)- ====>  Preparing: select id, name, sex, birthday, phone, ID_number, email, parent_phone, adress, major, state from student_basic where id = ? 
2019-09-04 04:07:24,646 DEBUG (BaseJdbcLogger.java:143)- ====> Parameters: 19391(String)
2019-09-04 04:07:24,647 DEBUG (BaseJdbcLogger.java:143)- <====      Total: 1
2019-09-04 04:07:24,647 DEBUG (BaseJdbcLogger.java:143)- ====>  Preparing: select id, name, sex, birthday, phone, ID_number, email, parent_phone, adress, major, state from student_basic where id = ? 
2019-09-04 04:07:24,648 DEBUG (BaseJdbcLogger.java:143)- ====> Parameters: 19392(String)
2019-09-04 04:07:24,648 DEBUG (BaseJdbcLogger.java:143)- <====      Total: 1
2019-09-04 04:07:24,649 DEBUG (BaseJdbcLogger.java:143)- ====>  Preparing: select id, name, sex, birthday, phone, ID_number, email, parent_phone, adress, major, state from student_basic where id = ? 
2019-09-04 04:07:24,649 DEBUG (BaseJdbcLogger.java:143)- ====> Parameters: 19393(String)
2019-09-04 04:07:24,650 DEBUG (BaseJdbcLogger.java:143)- <====      Total: 1
2019-09-04 04:07:24,650 DEBUG (BaseJdbcLogger.java:143)- ====>  Preparing: select id, name, sex, birthday, phone, ID_number, email, parent_phone, adress, major, state from student_basic where id = ? 
2019-09-04 04:07:24,651 DEBUG (BaseJdbcLogger.java:143)- ====> Parameters: 19394(String)
2019-09-04 04:07:24,651 DEBUG (BaseJdbcLogger.java:143)- <====      Total: 1
2019-09-04 04:07:24,652 DEBUG (BaseJdbcLogger.java:143)- ====>  Preparing: select id, name, sex, birthday, phone, ID_number, email, parent_phone, adress, major, state from student_basic where id = ? 
2019-09-04 04:07:24,652 DEBUG (BaseJdbcLogger.java:143)- ====> Parameters: 19395(String)
2019-09-04 04:07:24,653 DEBUG (BaseJdbcLogger.java:143)- <====      Total: 1
2019-09-04 04:07:24,653 DEBUG (BaseJdbcLogger.java:143)- ====>  Preparing: select id, name, sex, birthday, phone, ID_number, email, parent_phone, adress, major, state from student_basic where id = ? 
2019-09-04 04:07:24,654 DEBUG (BaseJdbcLogger.java:143)- ====> Parameters: 19396(String)
2019-09-04 04:07:24,654 DEBUG (BaseJdbcLogger.java:143)- <====      Total: 1
2019-09-04 04:07:24,654 DEBUG (BaseJdbcLogger.java:143)- ====>  Preparing: select id, name, sex, birthday, phone, ID_number, email, parent_phone, adress, major, state from student_basic where id = ? 
2019-09-04 04:07:24,655 DEBUG (BaseJdbcLogger.java:143)- ====> Parameters: 19397(String)
2019-09-04 04:07:24,655 DEBUG (BaseJdbcLogger.java:143)- <====      Total: 1
2019-09-04 04:07:24,656 DEBUG (BaseJdbcLogger.java:143)- ====>  Preparing: select id, name, sex, birthday, phone, ID_number, email, parent_phone, adress, major, state from student_basic where id = ? 
2019-09-04 04:07:24,656 DEBUG (BaseJdbcLogger.java:143)- ====> Parameters: 19398(String)
2019-09-04 04:07:24,658 DEBUG (BaseJdbcLogger.java:143)- <====      Total: 1
2019-09-04 04:07:24,658 DEBUG (BaseJdbcLogger.java:143)- ====>  Preparing: select id, name, sex, birthday, phone, ID_number, email, parent_phone, adress, major, state from student_basic where id = ? 
2019-09-04 04:07:24,659 DEBUG (BaseJdbcLogger.java:143)- ====> Parameters: 19399(String)
2019-09-04 04:07:24,659 DEBUG (BaseJdbcLogger.java:143)- <====      Total: 1
2019-09-04 04:07:24,660 DEBUG (BaseJdbcLogger.java:143)- <==      Total: 25
2019-09-04 04:07:24,660 DEBUG (BaseJdbcLogger.java:143)- ==>  Preparing: select dormitory_allocation.id, dormitory_allocation.class_id, dormitory_allocation.dormitory_id,dormitory_allocation.number from dormitory_allocation,dormitory WHERE dormitory_allocation.dormitory_id=dormitory.id and dormitory.sex=? and class_id = ? 
2019-09-04 04:07:24,660 DEBUG (BaseJdbcLogger.java:143)- ==> Parameters: 男(String), 080702201901(String)
2019-09-04 04:07:24,660 DEBUG (BaseJdbcLogger.java:143)- <==      Total: 0
2019-09-04 04:07:24,661 DEBUG (BaseJdbcLogger.java:143)- ==>  Preparing: select student_status.id,student_status.basic_id, student_status.student_id, student_status.class_id from student_status,student_basic where student_status.basic_id=student_basic.id and student_basic.sex=? and student_status.class_id=? 
2019-09-04 04:07:24,661 DEBUG (BaseJdbcLogger.java:143)- ==> Parameters: 男(String), 080702201902(String)
2019-09-04 04:07:24,662 DEBUG (BaseJdbcLogger.java:143)- ====>  Preparing: select id, name, sex, birthday, phone, ID_number, email, parent_phone, adress, major, state from student_basic where id = ? 
2019-09-04 04:07:24,662 DEBUG (BaseJdbcLogger.java:143)- ====> Parameters: 19400(String)
2019-09-04 04:07:24,663 DEBUG (BaseJdbcLogger.java:143)- <====      Total: 1
2019-09-04 04:07:24,663 DEBUG (BaseJdbcLogger.java:143)- ====>  Preparing: select id, class_id, name, director, grade, major_id from class where class_id = ? 
2019-09-04 04:07:24,663 DEBUG (BaseJdbcLogger.java:143)- ====> Parameters: 080702201902(String)
2019-09-04 04:07:24,664 DEBUG (BaseJdbcLogger.java:143)- ======>  Preparing: select id, major_id, name, price, department_id from major where major_id = ? 
2019-09-04 04:07:24,664 DEBUG (BaseJdbcLogger.java:143)- ======> Parameters: 080702(String)
2019-09-04 04:07:24,665 DEBUG (BaseJdbcLogger.java:143)- <======      Total: 1
2019-09-04 04:07:24,665 DEBUG (BaseJdbcLogger.java:143)- <====      Total: 1
2019-09-04 04:07:24,666 DEBUG (BaseJdbcLogger.java:143)- ====>  Preparing: select id, name, sex, birthday, phone, ID_number, email, parent_phone, adress, major, state from student_basic where id = ? 
2019-09-04 04:07:24,666 DEBUG (BaseJdbcLogger.java:143)- ====> Parameters: 19401(String)
2019-09-04 04:07:24,666 DEBUG (BaseJdbcLogger.java:143)- <====      Total: 1
2019-09-04 04:07:24,667 DEBUG (BaseJdbcLogger.java:143)- ====>  Preparing: select id, name, sex, birthday, phone, ID_number, email, parent_phone, adress, major, state from student_basic where id = ? 
2019-09-04 04:07:24,667 DEBUG (BaseJdbcLogger.java:143)- ====> Parameters: 19402(String)
2019-09-04 04:07:24,667 DEBUG (BaseJdbcLogger.java:143)- <====      Total: 1
2019-09-04 04:07:24,668 DEBUG (BaseJdbcLogger.java:143)- ====>  Preparing: select id, name, sex, birthday, phone, ID_number, email, parent_phone, adress, major, state from student_basic where id = ? 
2019-09-04 04:07:24,668 DEBUG (BaseJdbcLogger.java:143)- ====> Parameters: 19403(String)
2019-09-04 04:07:24,669 DEBUG (BaseJdbcLogger.java:143)- <====      Total: 1
2019-09-04 04:07:24,669 DEBUG (BaseJdbcLogger.java:143)- ====>  Preparing: select id, name, sex, birthday, phone, ID_number, email, parent_phone, adress, major, state from student_basic where id = ? 
2019-09-04 04:07:24,669 DEBUG (BaseJdbcLogger.java:143)- ====> Parameters: 19405(String)
2019-09-04 04:07:24,670 DEBUG (BaseJdbcLogger.java:143)- <====      Total: 1
2019-09-04 04:07:24,670 DEBUG (BaseJdbcLogger.java:143)- ====>  Preparing: select id, name, sex, birthday, phone, ID_number, email, parent_phone, adress, major, state from student_basic where id = ? 
2019-09-04 04:07:24,671 DEBUG (BaseJdbcLogger.java:143)- ====> Parameters: 19406(String)
2019-09-04 04:07:24,671 DEBUG (BaseJdbcLogger.java:143)- <====      Total: 1
2019-09-04 04:07:24,672 DEBUG (BaseJdbcLogger.java:143)- ====>  Preparing: select id, name, sex, birthday, phone, ID_number, email, parent_phone, adress, major, state from student_basic where id = ? 
2019-09-04 04:07:24,672 DEBUG (BaseJdbcLogger.java:143)- ====> Parameters: 19409(String)
2019-09-04 04:07:24,673 DEBUG (BaseJdbcLogger.java:143)- <====      Total: 1
2019-09-04 04:07:24,673 DEBUG (BaseJdbcLogger.java:143)- ====>  Preparing: select id, name, sex, birthday, phone, ID_number, email, parent_phone, adress, major, state from student_basic where id = ? 
2019-09-04 04:07:24,673 DEBUG (BaseJdbcLogger.java:143)- ====> Parameters: 19410(String)
2019-09-04 04:07:24,674 DEBUG (BaseJdbcLogger.java:143)- <====      Total: 1
2019-09-04 04:07:24,674 DEBUG (BaseJdbcLogger.java:143)- ====>  Preparing: select id, name, sex, birthday, phone, ID_number, email, parent_phone, adress, major, state from student_basic where id = ? 
2019-09-04 04:07:24,675 DEBUG (BaseJdbcLogger.java:143)- ====> Parameters: 19411(String)
2019-09-04 04:07:24,675 DEBUG (BaseJdbcLogger.java:143)- <====      Total: 1
2019-09-04 04:07:24,675 DEBUG (BaseJdbcLogger.java:143)- ====>  Preparing: select id, name, sex, birthday, phone, ID_number, email, parent_phone, adress, major, state from student_basic where id = ? 
2019-09-04 04:07:24,676 DEBUG (BaseJdbcLogger.java:143)- ====> Parameters: 19412(String)
2019-09-04 04:07:24,676 DEBUG (BaseJdbcLogger.java:143)- <====      Total: 1
2019-09-04 04:07:24,677 DEBUG (BaseJdbcLogger.java:143)- ====>  Preparing: select id, name, sex, birthday, phone, ID_number, email, parent_phone, adress, major, state from student_basic where id = ? 
2019-09-04 04:07:24,677 DEBUG (BaseJdbcLogger.java:143)- ====> Parameters: 19415(String)
2019-09-04 04:07:24,677 DEBUG (BaseJdbcLogger.java:143)- <====      Total: 1
2019-09-04 04:07:24,678 DEBUG (BaseJdbcLogger.java:143)- ====>  Preparing: select id, name, sex, birthday, phone, ID_number, email, parent_phone, adress, major, state from student_basic where id = ? 
2019-09-04 04:07:24,678 DEBUG (BaseJdbcLogger.java:143)- ====> Parameters: 19417(String)
2019-09-04 04:07:24,679 DEBUG (BaseJdbcLogger.java:143)- <====      Total: 1
2019-09-04 04:07:24,679 DEBUG (BaseJdbcLogger.java:143)- ====>  Preparing: select id, name, sex, birthday, phone, ID_number, email, parent_phone, adress, major, state from student_basic where id = ? 
2019-09-04 04:07:24,679 DEBUG (BaseJdbcLogger.java:143)- ====> Parameters: 19418(String)
2019-09-04 04:07:24,680 DEBUG (BaseJdbcLogger.java:143)- <====      Total: 1
2019-09-04 04:07:24,680 DEBUG (BaseJdbcLogger.java:143)- ====>  Preparing: select id, name, sex, birthday, phone, ID_number, email, parent_phone, adress, major, state from student_basic where id = ? 
2019-09-04 04:07:24,680 DEBUG (BaseJdbcLogger.java:143)- ====> Parameters: 19419(String)
2019-09-04 04:07:24,681 DEBUG (BaseJdbcLogger.java:143)- <====      Total: 1
2019-09-04 04:07:24,681 DEBUG (BaseJdbcLogger.java:143)- ====>  Preparing: select id, name, sex, birthday, phone, ID_number, email, parent_phone, adress, major, state from student_basic where id = ? 
2019-09-04 04:07:24,682 DEBUG (BaseJdbcLogger.java:143)- ====> Parameters: 19422(String)
2019-09-04 04:07:24,682 DEBUG (BaseJdbcLogger.java:143)- <====      Total: 1
2019-09-04 04:07:24,682 DEBUG (BaseJdbcLogger.java:143)- ====>  Preparing: select id, name, sex, birthday, phone, ID_number, email, parent_phone, adress, major, state from student_basic where id = ? 
2019-09-04 04:07:24,683 DEBUG (BaseJdbcLogger.java:143)- ====> Parameters: 19423(String)
2019-09-04 04:07:24,683 DEBUG (BaseJdbcLogger.java:143)- <====      Total: 1
2019-09-04 04:07:24,683 DEBUG (BaseJdbcLogger.java:143)- ====>  Preparing: select id, name, sex, birthday, phone, ID_number, email, parent_phone, adress, major, state from student_basic where id = ? 
2019-09-04 04:07:24,684 DEBUG (BaseJdbcLogger.java:143)- ====> Parameters: 19425(String)
2019-09-04 04:07:24,684 DEBUG (BaseJdbcLogger.java:143)- <====      Total: 1
2019-09-04 04:07:24,685 DEBUG (BaseJdbcLogger.java:143)- ====>  Preparing: select id, name, sex, birthday, phone, ID_number, email, parent_phone, adress, major, state from student_basic where id = ? 
2019-09-04 04:07:24,685 DEBUG (BaseJdbcLogger.java:143)- ====> Parameters: 19426(String)
2019-09-04 04:07:24,686 DEBUG (BaseJdbcLogger.java:143)- <====      Total: 1
2019-09-04 04:07:24,686 DEBUG (BaseJdbcLogger.java:143)- ====>  Preparing: select id, name, sex, birthday, phone, ID_number, email, parent_phone, adress, major, state from student_basic where id = ? 
2019-09-04 04:07:24,686 DEBUG (BaseJdbcLogger.java:143)- ====> Parameters: 19429(String)
2019-09-04 04:07:24,687 DEBUG (BaseJdbcLogger.java:143)- <====      Total: 1
2019-09-04 04:07:24,687 DEBUG (BaseJdbcLogger.java:143)- ====>  Preparing: select id, name, sex, birthday, phone, ID_number, email, parent_phone, adress, major, state from student_basic where id = ? 
2019-09-04 04:07:24,687 DEBUG (BaseJdbcLogger.java:143)- ====> Parameters: 19431(String)
2019-09-04 04:07:24,688 DEBUG (BaseJdbcLogger.java:143)- <====      Total: 1
2019-09-04 04:07:24,688 DEBUG (BaseJdbcLogger.java:143)- ====>  Preparing: select id, name, sex, birthday, phone, ID_number, email, parent_phone, adress, major, state from student_basic where id = ? 
2019-09-04 04:07:24,688 DEBUG (BaseJdbcLogger.java:143)- ====> Parameters: 19432(String)
2019-09-04 04:07:24,689 DEBUG (BaseJdbcLogger.java:143)- <====      Total: 1
2019-09-04 04:07:24,689 DEBUG (BaseJdbcLogger.java:143)- ====>  Preparing: select id, name, sex, birthday, phone, ID_number, email, parent_phone, adress, major, state from student_basic where id = ? 
2019-09-04 04:07:24,690 DEBUG (BaseJdbcLogger.java:143)- ====> Parameters: 19433(String)
2019-09-04 04:07:24,690 DEBUG (BaseJdbcLogger.java:143)- <====      Total: 1
2019-09-04 04:07:24,691 DEBUG (BaseJdbcLogger.java:143)- ====>  Preparing: select id, name, sex, birthday, phone, ID_number, email, parent_phone, adress, major, state from student_basic where id = ? 
2019-09-04 04:07:24,691 DEBUG (BaseJdbcLogger.java:143)- ====> Parameters: 19435(String)
2019-09-04 04:07:24,691 DEBUG (BaseJdbcLogger.java:143)- <====      Total: 1
2019-09-04 04:07:24,692 DEBUG (BaseJdbcLogger.java:143)- ====>  Preparing: select id, name, sex, birthday, phone, ID_number, email, parent_phone, adress, major, state from student_basic where id = ? 
2019-09-04 04:07:24,692 DEBUG (BaseJdbcLogger.java:143)- ====> Parameters: 19437(String)
2019-09-04 04:07:24,692 DEBUG (BaseJdbcLogger.java:143)- <====      Total: 1
2019-09-04 04:07:24,693 DEBUG (BaseJdbcLogger.java:143)- ====>  Preparing: select id, name, sex, birthday, phone, ID_number, email, parent_phone, adress, major, state from student_basic where id = ? 
2019-09-04 04:07:24,693 DEBUG (BaseJdbcLogger.java:143)- ====> Parameters: 19438(String)
2019-09-04 04:07:24,694 DEBUG (BaseJdbcLogger.java:143)- <====      Total: 1
2019-09-04 04:07:24,694 DEBUG (BaseJdbcLogger.java:143)- <==      Total: 25
2019-09-04 04:07:24,694 DEBUG (BaseJdbcLogger.java:143)- ==>  Preparing: select dormitory_allocation.id, dormitory_allocation.class_id, dormitory_allocation.dormitory_id,dormitory_allocation.number from dormitory_allocation,dormitory WHERE dormitory_allocation.dormitory_id=dormitory.id and dormitory.sex=? and class_id = ? 
2019-09-04 04:07:24,695 DEBUG (BaseJdbcLogger.java:143)- ==> Parameters: 男(String), 080702201902(String)
2019-09-04 04:07:24,695 DEBUG (BaseJdbcLogger.java:143)- <==      Total: 0
2019-09-04 04:07:24,695 DEBUG (BaseJdbcLogger.java:143)- ==>  Preparing: select student_status.id,student_status.basic_id, student_status.student_id, student_status.class_id from student_status,student_basic where student_status.basic_id=student_basic.id and student_basic.sex=? and student_status.class_id=? 
2019-09-04 04:07:24,696 DEBUG (BaseJdbcLogger.java:143)- ==> Parameters: 男(String), 080702201903(String)
2019-09-04 04:07:24,697 DEBUG (BaseJdbcLogger.java:143)- ====>  Preparing: select id, name, sex, birthday, phone, ID_number, email, parent_phone, adress, major, state from student_basic where id = ? 
2019-09-04 04:07:24,697 DEBUG (BaseJdbcLogger.java:143)- ====> Parameters: 19439(String)
2019-09-04 04:07:24,698 DEBUG (BaseJdbcLogger.java:143)- <====      Total: 1
2019-09-04 04:07:24,698 DEBUG (BaseJdbcLogger.java:143)- ====>  Preparing: select id, class_id, name, director, grade, major_id from class where class_id = ? 
2019-09-04 04:07:24,699 DEBUG (BaseJdbcLogger.java:143)- ====> Parameters: 080702201903(String)
2019-09-04 04:07:24,699 DEBUG (BaseJdbcLogger.java:143)- ======>  Preparing: select id, major_id, name, price, department_id from major where major_id = ? 
2019-09-04 04:07:24,700 DEBUG (BaseJdbcLogger.java:143)- ======> Parameters: 080702(String)
2019-09-04 04:07:24,701 DEBUG (BaseJdbcLogger.java:143)- <======      Total: 1
2019-09-04 04:07:24,701 DEBUG (BaseJdbcLogger.java:143)- <====      Total: 1
2019-09-04 04:07:24,701 DEBUG (BaseJdbcLogger.java:143)- ====>  Preparing: select id, name, sex, birthday, phone, ID_number, email, parent_phone, adress, major, state from student_basic where id = ? 
2019-09-04 04:07:24,702 DEBUG (BaseJdbcLogger.java:143)- ====> Parameters: 19440(String)
2019-09-04 04:07:24,702 DEBUG (BaseJdbcLogger.java:143)- <====      Total: 1
2019-09-04 04:07:24,703 DEBUG (BaseJdbcLogger.java:143)- ====>  Preparing: select id, name, sex, birthday, phone, ID_number, email, parent_phone, adress, major, state from student_basic where id = ? 
2019-09-04 04:07:24,703 DEBUG (BaseJdbcLogger.java:143)- ====> Parameters: 19444(String)
2019-09-04 04:07:24,704 DEBUG (BaseJdbcLogger.java:143)- <====      Total: 1
2019-09-04 04:07:24,704 DEBUG (BaseJdbcLogger.java:143)- ====>  Preparing: select id, name, sex, birthday, phone, ID_number, email, parent_phone, adress, major, state from student_basic where id = ? 
2019-09-04 04:07:24,704 DEBUG (BaseJdbcLogger.java:143)- ====> Parameters: 19447(String)
2019-09-04 04:07:24,705 DEBUG (BaseJdbcLogger.java:143)- <====      Total: 1
2019-09-04 04:07:24,705 DEBUG (BaseJdbcLogger.java:143)- ====>  Preparing: select id, name, sex, birthday, phone, ID_number, email, parent_phone, adress, major, state from student_basic where id = ? 
2019-09-04 04:07:24,706 DEBUG (BaseJdbcLogger.java:143)- ====> Parameters: 19450(String)
2019-09-04 04:07:24,707 DEBUG (BaseJdbcLogger.java:143)- <====      Total: 1
2019-09-04 04:07:24,708 DEBUG (BaseJdbcLogger.java:143)- ====>  Preparing: select id, name, sex, birthday, phone, ID_number, email, parent_phone, adress, major, state from student_basic where id = ? 
2019-09-04 04:07:24,708 DEBUG (BaseJdbcLogger.java:143)- ====> Parameters: 19451(String)
2019-09-04 04:07:24,709 DEBUG (BaseJdbcLogger.java:143)- <====      Total: 1
2019-09-04 04:07:24,710 DEBUG (BaseJdbcLogger.java:143)- ====>  Preparing: select id, name, sex, birthday, phone, ID_number, email, parent_phone, adress, major, state from student_basic where id = ? 
2019-09-04 04:07:24,710 DEBUG (BaseJdbcLogger.java:143)- ====> Parameters: 19452(String)
2019-09-04 04:07:24,710 DEBUG (BaseJdbcLogger.java:143)- <====      Total: 1
2019-09-04 04:07:24,711 DEBUG (BaseJdbcLogger.java:143)- ====>  Preparing: select id, name, sex, birthday, phone, ID_number, email, parent_phone, adress, major, state from student_basic where id = ? 
2019-09-04 04:07:24,711 DEBUG (BaseJdbcLogger.java:143)- ====> Parameters: 19456(String)
2019-09-04 04:07:24,712 DEBUG (BaseJdbcLogger.java:143)- <====      Total: 1
2019-09-04 04:07:24,712 DEBUG (BaseJdbcLogger.java:143)- ====>  Preparing: select id, name, sex, birthday, phone, ID_number, email, parent_phone, adress, major, state from student_basic where id = ? 
2019-09-04 04:07:24,713 DEBUG (BaseJdbcLogger.java:143)- ====> Parameters: 19457(String)
2019-09-04 04:07:24,716 DEBUG (BaseJdbcLogger.java:143)- <====      Total: 1
2019-09-04 04:07:24,716 DEBUG (BaseJdbcLogger.java:143)- ====>  Preparing: select id, name, sex, birthday, phone, ID_number, email, parent_phone, adress, major, state from student_basic where id = ? 
2019-09-04 04:07:24,717 DEBUG (BaseJdbcLogger.java:143)- ====> Parameters: 19458(String)
2019-09-04 04:07:24,717 DEBUG (BaseJdbcLogger.java:143)- <====      Total: 1
2019-09-04 04:07:24,718 DEBUG (BaseJdbcLogger.java:143)- ====>  Preparing: select id, name, sex, birthday, phone, ID_number, email, parent_phone, adress, major, state from student_basic where id = ? 
2019-09-04 04:07:24,718 DEBUG (BaseJdbcLogger.java:143)- ====> Parameters: 19459(String)
2019-09-04 04:07:24,719 DEBUG (BaseJdbcLogger.java:143)- <====      Total: 1
2019-09-04 04:07:24,719 DEBUG (BaseJdbcLogger.java:143)- ====>  Preparing: select id, name, sex, birthday, phone, ID_number, email, parent_phone, adress, major, state from student_basic where id = ? 
2019-09-04 04:07:24,720 DEBUG (BaseJdbcLogger.java:143)- ====> Parameters: 19461(String)
2019-09-04 04:07:24,720 DEBUG (BaseJdbcLogger.java:143)- <====      Total: 1
2019-09-04 04:07:24,721 DEBUG (BaseJdbcLogger.java:143)- ====>  Preparing: select id, name, sex, birthday, phone, ID_number, email, parent_phone, adress, major, state from student_basic where id = ? 
2019-09-04 04:07:24,721 DEBUG (BaseJdbcLogger.java:143)- ====> Parameters: 19463(String)
2019-09-04 04:07:24,730 DEBUG (BaseJdbcLogger.java:143)- <====      Total: 1
2019-09-04 04:07:24,730 DEBUG (BaseJdbcLogger.java:143)- ====>  Preparing: select id, name, sex, birthday, phone, ID_number, email, parent_phone, adress, major, state from student_basic where id = ? 
2019-09-04 04:07:24,731 DEBUG (BaseJdbcLogger.java:143)- ====> Parameters: 19464(String)
2019-09-04 04:07:24,731 DEBUG (BaseJdbcLogger.java:143)- <====      Total: 1
2019-09-04 04:07:24,732 DEBUG (BaseJdbcLogger.java:143)- ====>  Preparing: select id, name, sex, birthday, phone, ID_number, email, parent_phone, adress, major, state from student_basic where id = ? 
2019-09-04 04:07:24,732 DEBUG (BaseJdbcLogger.java:143)- ====> Parameters: 19465(String)
2019-09-04 04:07:24,733 DEBUG (BaseJdbcLogger.java:143)- <====      Total: 1
2019-09-04 04:07:24,733 DEBUG (BaseJdbcLogger.java:143)- ====>  Preparing: select id, name, sex, birthday, phone, ID_number, email, parent_phone, adress, major, state from student_basic where id = ? 
2019-09-04 04:07:24,733 DEBUG (BaseJdbcLogger.java:143)- ====> Parameters: 19466(String)
2019-09-04 04:07:24,734 DEBUG (BaseJdbcLogger.java:143)- <====      Total: 1
2019-09-04 04:07:24,734 DEBUG (BaseJdbcLogger.java:143)- ====>  Preparing: select id, name, sex, birthday, phone, ID_number, email, parent_phone, adress, major, state from student_basic where id = ? 
2019-09-04 04:07:24,735 DEBUG (BaseJdbcLogger.java:143)- ====> Parameters: 19467(String)
2019-09-04 04:07:24,735 DEBUG (BaseJdbcLogger.java:143)- <====      Total: 1
2019-09-04 04:07:24,736 DEBUG (BaseJdbcLogger.java:143)- ====>  Preparing: select id, name, sex, birthday, phone, ID_number, email, parent_phone, adress, major, state from student_basic where id = ? 
2019-09-04 04:07:24,736 DEBUG (BaseJdbcLogger.java:143)- ====> Parameters: 19468(String)
2019-09-04 04:07:24,736 DEBUG (BaseJdbcLogger.java:143)- <====      Total: 1
2019-09-04 04:07:24,737 DEBUG (BaseJdbcLogger.java:143)- ====>  Preparing: select id, name, sex, birthday, phone, ID_number, email, parent_phone, adress, major, state from student_basic where id = ? 
2019-09-04 04:07:24,738 DEBUG (BaseJdbcLogger.java:143)- ====> Parameters: 19469(String)
2019-09-04 04:07:24,738 DEBUG (BaseJdbcLogger.java:143)- <====      Total: 1
2019-09-04 04:07:24,739 DEBUG (BaseJdbcLogger.java:143)- ====>  Preparing: select id, name, sex, birthday, phone, ID_number, email, parent_phone, adress, major, state from student_basic where id = ? 
2019-09-04 04:07:24,739 DEBUG (BaseJdbcLogger.java:143)- ====> Parameters: 19472(String)
2019-09-04 04:07:24,740 DEBUG (BaseJdbcLogger.java:143)- <====      Total: 1
2019-09-04 04:07:24,740 DEBUG (BaseJdbcLogger.java:143)- ====>  Preparing: select id, name, sex, birthday, phone, ID_number, email, parent_phone, adress, major, state from student_basic where id = ? 
2019-09-04 04:07:24,741 DEBUG (BaseJdbcLogger.java:143)- ====> Parameters: 19473(String)
2019-09-04 04:07:24,741 DEBUG (BaseJdbcLogger.java:143)- <====      Total: 1
2019-09-04 04:07:24,742 DEBUG (BaseJdbcLogger.java:143)- ====>  Preparing: select id, name, sex, birthday, phone, ID_number, email, parent_phone, adress, major, state from student_basic where id = ? 
2019-09-04 04:07:24,742 DEBUG (BaseJdbcLogger.java:143)- ====> Parameters: 19474(String)
2019-09-04 04:07:24,742 DEBUG (BaseJdbcLogger.java:143)- <====      Total: 1
2019-09-04 04:07:24,743 DEBUG (BaseJdbcLogger.java:143)- ====>  Preparing: select id, name, sex, birthday, phone, ID_number, email, parent_phone, adress, major, state from student_basic where id = ? 
2019-09-04 04:07:24,743 DEBUG (BaseJdbcLogger.java:143)- ====> Parameters: 19477(String)
2019-09-04 04:07:24,744 DEBUG (BaseJdbcLogger.java:143)- <====      Total: 1
2019-09-04 04:07:24,744 DEBUG (BaseJdbcLogger.java:143)- ====>  Preparing: select id, name, sex, birthday, phone, ID_number, email, parent_phone, adress, major, state from student_basic where id = ? 
2019-09-04 04:07:24,744 DEBUG (BaseJdbcLogger.java:143)- ====> Parameters: 19479(String)
2019-09-04 04:07:24,745 DEBUG (BaseJdbcLogger.java:143)- <====      Total: 1
2019-09-04 04:07:24,745 DEBUG (BaseJdbcLogger.java:143)- <==      Total: 24
2019-09-04 04:07:24,745 DEBUG (BaseJdbcLogger.java:143)- ==>  Preparing: select dormitory_allocation.id, dormitory_allocation.class_id, dormitory_allocation.dormitory_id,dormitory_allocation.number from dormitory_allocation,dormitory WHERE dormitory_allocation.dormitory_id=dormitory.id and dormitory.sex=? and class_id = ? 
2019-09-04 04:07:24,746 DEBUG (BaseJdbcLogger.java:143)- ==> Parameters: 男(String), 080702201903(String)
2019-09-04 04:07:24,746 DEBUG (BaseJdbcLogger.java:143)- <==      Total: 0
2019-09-04 04:07:24,746 DEBUG (BaseJdbcLogger.java:143)- ==>  Preparing: select student_status.id,student_status.basic_id, student_status.student_id, student_status.class_id from student_status,student_basic where student_status.basic_id=student_basic.id and student_basic.sex=? and student_status.class_id=? 
2019-09-04 04:07:24,746 DEBUG (BaseJdbcLogger.java:143)- ==> Parameters: 男(String), 080901201901(String)
2019-09-04 04:07:24,748 DEBUG (BaseJdbcLogger.java:143)- ====>  Preparing: select id, name, sex, birthday, phone, ID_number, email, parent_phone, adress, major, state from student_basic where id = ? 
2019-09-04 04:07:24,748 DEBUG (BaseJdbcLogger.java:143)- ====> Parameters: 19002(String)
2019-09-04 04:07:24,749 DEBUG (BaseJdbcLogger.java:143)- <====      Total: 1
2019-09-04 04:07:24,749 DEBUG (BaseJdbcLogger.java:143)- ====>  Preparing: select id, class_id, name, director, grade, major_id from class where class_id = ? 
2019-09-04 04:07:24,749 DEBUG (BaseJdbcLogger.java:143)- ====> Parameters: 080901201901(String)
2019-09-04 04:07:24,751 DEBUG (BaseJdbcLogger.java:143)- ======>  Preparing: select id, major_id, name, price, department_id from major where major_id = ? 
2019-09-04 04:07:24,751 DEBUG (BaseJdbcLogger.java:143)- ======> Parameters: 080901(String)
2019-09-04 04:07:24,751 DEBUG (BaseJdbcLogger.java:143)- <======      Total: 1
2019-09-04 04:07:24,751 DEBUG (BaseJdbcLogger.java:143)- <====      Total: 1
2019-09-04 04:07:24,752 DEBUG (BaseJdbcLogger.java:143)- ====>  Preparing: select id, name, sex, birthday, phone, ID_number, email, parent_phone, adress, major, state from student_basic where id = ? 
2019-09-04 04:07:24,752 DEBUG (BaseJdbcLogger.java:143)- ====> Parameters: 19003(String)
2019-09-04 04:07:24,754 DEBUG (BaseJdbcLogger.java:143)- <====      Total: 1
2019-09-04 04:07:24,754 DEBUG (BaseJdbcLogger.java:143)- ====>  Preparing: select id, name, sex, birthday, phone, ID_number, email, parent_phone, adress, major, state from student_basic where id = ? 
2019-09-04 04:07:24,754 DEBUG (BaseJdbcLogger.java:143)- ====> Parameters: 19006(String)
2019-09-04 04:07:24,755 DEBUG (BaseJdbcLogger.java:143)- <====      Total: 1
2019-09-04 04:07:24,755 DEBUG (BaseJdbcLogger.java:143)- ====>  Preparing: select id, name, sex, birthday, phone, ID_number, email, parent_phone, adress, major, state from student_basic where id = ? 
2019-09-04 04:07:24,755 DEBUG (BaseJdbcLogger.java:143)- ====> Parameters: 19007(String)
2019-09-04 04:07:24,757 DEBUG (BaseJdbcLogger.java:143)- <====      Total: 1
2019-09-04 04:07:24,757 DEBUG (BaseJdbcLogger.java:143)- ====>  Preparing: select id, name, sex, birthday, phone, ID_number, email, parent_phone, adress, major, state from student_basic where id = ? 
2019-09-04 04:07:24,757 DEBUG (BaseJdbcLogger.java:143)- ====> Parameters: 19009(String)
2019-09-04 04:07:24,758 DEBUG (BaseJdbcLogger.java:143)- <====      Total: 1
2019-09-04 04:07:24,759 DEBUG (BaseJdbcLogger.java:143)- ====>  Preparing: select id, name, sex, birthday, phone, ID_number, email, parent_phone, adress, major, state from student_basic where id = ? 
2019-09-04 04:07:24,759 DEBUG (BaseJdbcLogger.java:143)- ====> Parameters: 19012(String)
2019-09-04 04:07:24,759 DEBUG (BaseJdbcLogger.java:143)- <====      Total: 1
2019-09-04 04:07:24,760 DEBUG (BaseJdbcLogger.java:143)- ====>  Preparing: select id, name, sex, birthday, phone, ID_number, email, parent_phone, adress, major, state from student_basic where id = ? 
2019-09-04 04:07:24,760 DEBUG (BaseJdbcLogger.java:143)- ====> Parameters: 19016(String)
2019-09-04 04:07:24,760 DEBUG (BaseJdbcLogger.java:143)- <====      Total: 1
