2019-09-04 04:00:23,912 DEBUG (BaseJdbcLogger.java:143)- <==      Total: 4
2019-09-04 04:00:23,914 DEBUG (BaseJdbcLogger.java:143)- ==>  Preparing: select student_status.id,student_status.basic_id, student_status.student_id, student_status.class_id from student_status,student_basic where student_status.basic_id=student_basic.id and student_basic.sex=? and student_status.class_id=? 
2019-09-04 04:00:23,914 DEBUG (BaseJdbcLogger.java:143)- ==> Parameters: 男(String), 081001201902(String)
2019-09-04 04:00:23,915 DEBUG (BaseJdbcLogger.java:143)- ====>  Preparing: select id, name, sex, birthday, phone, ID_number, email, parent_phone, adress, major, state from student_basic where id = ? 
2019-09-04 04:00:23,915 DEBUG (BaseJdbcLogger.java:143)- ====> Parameters: 19200(String)
2019-09-04 04:00:23,916 DEBUG (BaseJdbcLogger.java:143)- <====      Total: 1
2019-09-04 04:00:23,917 DEBUG (BaseJdbcLogger.java:143)- ====>  Preparing: select id, class_id, name, director, grade, major_id from class where class_id = ? 
2019-09-04 04:00:23,917 DEBUG (BaseJdbcLogger.java:143)- ====> Parameters: 081001201902(String)
2019-09-04 04:00:23,918 DEBUG (BaseJdbcLogger.java:143)- ======>  Preparing: select id, major_id, name, price, department_id from major where major_id = ? 
2019-09-04 04:00:23,918 DEBUG (BaseJdbcLogger.java:143)- ======> Parameters: 081001(String)
2019-09-04 04:00:23,919 DEBUG (BaseJdbcLogger.java:143)- <======      Total: 1
2019-09-04 04:00:23,919 DEBUG (BaseJdbcLogger.java:143)- <====      Total: 1
2019-09-04 04:00:23,919 DEBUG (BaseJdbcLogger.java:143)- ====>  Preparing: select id, name, sex, birthday, phone, ID_number, email, parent_phone, adress, major, state from student_basic where id = ? 
2019-09-04 04:00:23,919 DEBUG (BaseJdbcLogger.java:143)- ====> Parameters: 19204(String)
2019-09-04 04:00:23,920 DEBUG (BaseJdbcLogger.java:143)- <====      Total: 1
2019-09-04 04:00:23,920 DEBUG (BaseJdbcLogger.java:143)- ====>  Preparing: select id, name, sex, birthday, phone, ID_number, email, parent_phone, adress, major, state from student_basic where id = ? 
2019-09-04 04:00:23,921 DEBUG (BaseJdbcLogger.java:143)- ====> Parameters: 19207(String)
2019-09-04 04:00:23,921 DEBUG (BaseJdbcLogger.java:143)- <====      Total: 1
2019-09-04 04:00:23,921 DEBUG (BaseJdbcLogger.java:143)- ====>  Preparing: select id, name, sex, birthday, phone, ID_number, email, parent_phone, adress, major, state from student_basic where id = ? 
2019-09-04 04:00:23,922 DEBUG (BaseJdbcLogger.java:143)- ====> Parameters: 19208(String)
2019-09-04 04:00:23,923 DEBUG (BaseJdbcLogger.java:143)- <====      Total: 1
2019-09-04 04:00:23,924 DEBUG (BaseJdbcLogger.java:143)- ====>  Preparing: select id, name, sex, birthday, phone, ID_number, email, parent_phone, adress, major, state from student_basic where id = ? 
2019-09-04 04:00:23,925 DEBUG (BaseJdbcLogger.java:143)- ====> Parameters: 19212(String)
2019-09-04 04:00:23,927 DEBUG (BaseJdbcLogger.java:143)- <====      Total: 1
2019-09-04 04:00:23,927 DEBUG (BaseJdbcLogger.java:143)- ====>  Preparing: select id, name, sex, birthday, phone, ID_number, email, parent_phone, adress, major, state from student_basic where id = ? 
2019-09-04 04:00:23,928 DEBUG (BaseJdbcLogger.java:143)- ====> Parameters: 19215(String)
2019-09-04 04:00:23,930 DEBUG (BaseJdbcLogger.java:143)- <====      Total: 1
2019-09-04 04:00:23,930 DEBUG (BaseJdbcLogger.java:143)- ====>  Preparing: select id, name, sex, birthday, phone, ID_number, email, parent_phone, adress, major, state from student_basic where id = ? 
2019-09-04 04:00:23,930 DEBUG (BaseJdbcLogger.java:143)- ====> Parameters: 19216(String)
2019-09-04 04:00:23,931 DEBUG (BaseJdbcLogger.java:143)- <====      Total: 1
2019-09-04 04:00:23,932 DEBUG (BaseJdbcLogger.java:143)- ====>  Preparing: select id, name, sex, birthday, phone, ID_number, email, parent_phone, adress, major, state from student_basic where id = ? 
2019-09-04 04:00:23,933 DEBUG (BaseJdbcLogger.java:143)- ====> Parameters: 19217(String)
2019-09-04 04:00:23,933 DEBUG (BaseJdbcLogger.java:143)- <====      Total: 1
2019-09-04 04:00:23,933 DEBUG (BaseJdbcLogger.java:143)- ====>  Preparing: select id, name, sex, birthday, phone, ID_number, email, parent_phone, adress, major, state from student_basic where id = ? 
2019-09-04 04:00:23,934 DEBUG (BaseJdbcLogger.java:143)- ====> Parameters: 19219(String)
2019-09-04 04:00:23,935 DEBUG (BaseJdbcLogger.java:143)- <====      Total: 1
2019-09-04 04:00:23,936 DEBUG (BaseJdbcLogger.java:143)- ====>  Preparing: select id, name, sex, birthday, phone, ID_number, email, parent_phone, adress, major, state from student_basic where id = ? 
2019-09-04 04:00:23,936 DEBUG (BaseJdbcLogger.java:143)- ====> Parameters: 19222(String)
2019-09-04 04:00:23,937 DEBUG (BaseJdbcLogger.java:143)- <====      Total: 1
2019-09-04 04:00:23,937 DEBUG (BaseJdbcLogger.java:143)- ====>  Preparing: select id, name, sex, birthday, phone, ID_number, email, parent_phone, adress, major, state from student_basic where id = ? 
2019-09-04 04:00:23,937 DEBUG (BaseJdbcLogger.java:143)- ====> Parameters: 19223(String)
2019-09-04 04:00:23,937 DEBUG (BaseJdbcLogger.java:143)- <====      Total: 1
2019-09-04 04:00:23,938 DEBUG (BaseJdbcLogger.java:143)- ====>  Preparing: select id, name, sex, birthday, phone, ID_number, email, parent_phone, adress, major, state from student_basic where id = ? 
2019-09-04 04:00:23,938 DEBUG (BaseJdbcLogger.java:143)- ====> Parameters: 19226(String)
2019-09-04 04:00:23,939 DEBUG (BaseJdbcLogger.java:143)- <====      Total: 1
2019-09-04 04:00:23,940 DEBUG (BaseJdbcLogger.java:143)- ====>  Preparing: select id, name, sex, birthday, phone, ID_number, email, parent_phone, adress, major, state from student_basic where id = ? 
2019-09-04 04:00:23,940 DEBUG (BaseJdbcLogger.java:143)- ====> Parameters: 19227(String)
2019-09-04 04:00:23,942 DEBUG (BaseJdbcLogger.java:143)- <====      Total: 1
2019-09-04 04:00:23,942 DEBUG (BaseJdbcLogger.java:143)- ====>  Preparing: select id, name, sex, birthday, phone, ID_number, email, parent_phone, adress, major, state from student_basic where id = ? 
2019-09-04 04:00:23,944 DEBUG (BaseJdbcLogger.java:143)- ====> Parameters: 19228(String)
2019-09-04 04:00:23,944 DEBUG (BaseJdbcLogger.java:143)- <====      Total: 1
2019-09-04 04:00:23,944 DEBUG (BaseJdbcLogger.java:143)- ====>  Preparing: select id, name, sex, birthday, phone, ID_number, email, parent_phone, adress, major, state from student_basic where id = ? 
2019-09-04 04:00:23,944 DEBUG (BaseJdbcLogger.java:143)- ====> Parameters: 19229(String)
2019-09-04 04:00:23,945 DEBUG (BaseJdbcLogger.java:143)- <====      Total: 1
2019-09-04 04:00:23,947 DEBUG (BaseJdbcLogger.java:143)- ====>  Preparing: select id, name, sex, birthday, phone, ID_number, email, parent_phone, adress, major, state from student_basic where id = ? 
2019-09-04 04:00:23,947 DEBUG (BaseJdbcLogger.java:143)- ====> Parameters: 19230(String)
2019-09-04 04:00:23,947 DEBUG (BaseJdbcLogger.java:143)- <====      Total: 1
2019-09-04 04:00:23,948 DEBUG (BaseJdbcLogger.java:143)- ====>  Preparing: select id, name, sex, birthday, phone, ID_number, email, parent_phone, adress, major, state from student_basic where id = ? 
2019-09-04 04:00:23,949 DEBUG (BaseJdbcLogger.java:143)- ====> Parameters: 19231(String)
2019-09-04 04:00:23,950 DEBUG (BaseJdbcLogger.java:143)- <====      Total: 1
2019-09-04 04:00:23,951 DEBUG (BaseJdbcLogger.java:143)- <==      Total: 17
2019-09-04 04:00:23,951 DEBUG (BaseJdbcLogger.java:143)- ==>  Preparing: select dormitory_allocation.id, dormitory_allocation.class_id, dormitory_allocation.dormitory_id,dormitory_allocation.number from dormitory_allocation,dormitory WHERE dormitory_allocation.dormitory_id=dormitory.id and dormitory.sex=? and class_id = ? 
2019-09-04 04:00:23,952 DEBUG (BaseJdbcLogger.java:143)- ==> Parameters: 男(String), 081001201902(String)
2019-09-04 04:00:23,953 DEBUG (BaseJdbcLogger.java:143)- ====>  Preparing: select id, dong, floor, room, sex, number, rent,hasnumber from dormitory where id = ? 
2019-09-04 04:00:23,953 DEBUG (BaseJdbcLogger.java:143)- ====> Parameters: 6(Integer)
2019-09-04 04:00:23,954 DEBUG (BaseJdbcLogger.java:143)- <====      Total: 1
2019-09-04 04:00:23,954 DEBUG (BaseJdbcLogger.java:143)- ====>  Preparing: select id, dong, floor, room, sex, number, rent,hasnumber from dormitory where id = ? 
2019-09-04 04:00:23,954 DEBUG (BaseJdbcLogger.java:143)- ====> Parameters: 7(Integer)
2019-09-04 04:00:23,955 DEBUG (BaseJdbcLogger.java:143)- <====      Total: 1
2019-09-04 04:00:23,956 DEBUG (BaseJdbcLogger.java:143)- ====>  Preparing: select id, dong, floor, room, sex, number, rent,hasnumber from dormitory where id = ? 
2019-09-04 04:00:23,956 DEBUG (BaseJdbcLogger.java:143)- ====> Parameters: 8(Integer)
2019-09-04 04:00:23,958 DEBUG (BaseJdbcLogger.java:143)- <====      Total: 1
2019-09-04 04:00:23,958 DEBUG (BaseJdbcLogger.java:143)- ====>  Preparing: select id, dong, floor, room, sex, number, rent,hasnumber from dormitory where id = ? 
2019-09-04 04:00:23,958 DEBUG (BaseJdbcLogger.java:143)- ====> Parameters: 9(Integer)
2019-09-04 04:00:23,959 DEBUG (BaseJdbcLogger.java:143)- <====      Total: 1
2019-09-04 04:00:23,959 DEBUG (BaseJdbcLogger.java:143)- <==      Total: 4
2019-09-04 04:00:23,960 DEBUG (BaseJdbcLogger.java:143)- ==>  Preparing: select student_status.id,student_status.basic_id, student_status.student_id, student_status.class_id from student_status,student_basic where student_status.basic_id=student_basic.id and student_basic.sex=? and student_status.class_id=? 
2019-09-04 04:00:23,960 DEBUG (BaseJdbcLogger.java:143)- ==> Parameters: 男(String), 080205201902(String)
2019-09-04 04:00:23,961 DEBUG (BaseJdbcLogger.java:143)- ====>  Preparing: select id, name, sex, birthday, phone, ID_number, email, parent_phone, adress, major, state from student_basic where id = ? 
2019-09-04 04:00:23,961 DEBUG (BaseJdbcLogger.java:143)- ====> Parameters: 19797(String)
2019-09-04 04:00:23,962 DEBUG (BaseJdbcLogger.java:143)- <====      Total: 1
2019-09-04 04:00:23,962 DEBUG (BaseJdbcLogger.java:143)- ====>  Preparing: select id, class_id, name, director, grade, major_id from class where class_id = ? 
2019-09-04 04:00:23,962 DEBUG (BaseJdbcLogger.java:143)- ====> Parameters: 080205201902(String)
2019-09-04 04:00:23,963 DEBUG (BaseJdbcLogger.java:143)- ======>  Preparing: select id, major_id, name, price, department_id from major where major_id = ? 
2019-09-04 04:00:23,964 DEBUG (BaseJdbcLogger.java:143)- ======> Parameters: 080205(String)
2019-09-04 04:00:23,964 DEBUG (BaseJdbcLogger.java:143)- <======      Total: 1
2019-09-04 04:00:23,965 DEBUG (BaseJdbcLogger.java:143)- <====      Total: 1
2019-09-04 04:00:23,966 DEBUG (BaseJdbcLogger.java:143)- ====>  Preparing: select id, name, sex, birthday, phone, ID_number, email, parent_phone, adress, major, state from student_basic where id = ? 
2019-09-04 04:00:23,966 DEBUG (BaseJdbcLogger.java:143)- ====> Parameters: 19799(String)
2019-09-04 04:00:23,967 DEBUG (BaseJdbcLogger.java:143)- <====      Total: 1
2019-09-04 04:00:23,968 DEBUG (BaseJdbcLogger.java:143)- ====>  Preparing: select id, name, sex, birthday, phone, ID_number, email, parent_phone, adress, major, state from student_basic where id = ? 
2019-09-04 04:00:23,968 DEBUG (BaseJdbcLogger.java:143)- ====> Parameters: 19801(String)
2019-09-04 04:00:23,969 DEBUG (BaseJdbcLogger.java:143)- <====      Total: 1
2019-09-04 04:00:23,970 DEBUG (BaseJdbcLogger.java:143)- ====>  Preparing: select id, name, sex, birthday, phone, ID_number, email, parent_phone, adress, major, state from student_basic where id = ? 
2019-09-04 04:00:23,970 DEBUG (BaseJdbcLogger.java:143)- ====> Parameters: 19802(String)
2019-09-04 04:00:23,970 DEBUG (BaseJdbcLogger.java:143)- <====      Total: 1
2019-09-04 04:00:23,970 DEBUG (BaseJdbcLogger.java:143)- ====>  Preparing: select id, name, sex, birthday, phone, ID_number, email, parent_phone, adress, major, state from student_basic where id = ? 
2019-09-04 04:00:23,970 DEBUG (BaseJdbcLogger.java:143)- ====> Parameters: 19804(String)
2019-09-04 04:00:23,971 DEBUG (BaseJdbcLogger.java:143)- <====      Total: 1
2019-09-04 04:00:23,972 DEBUG (BaseJdbcLogger.java:143)- ====>  Preparing: select id, name, sex, birthday, phone, ID_number, email, parent_phone, adress, major, state from student_basic where id = ? 
2019-09-04 04:00:23,972 DEBUG (BaseJdbcLogger.java:143)- ====> Parameters: 19805(String)
2019-09-04 04:00:23,973 DEBUG (BaseJdbcLogger.java:143)- <====      Total: 1
2019-09-04 04:00:23,974 DEBUG (BaseJdbcLogger.java:143)- ====>  Preparing: select id, name, sex, birthday, phone, ID_number, email, parent_phone, adress, major, state from student_basic where id = ? 
2019-09-04 04:00:23,975 DEBUG (BaseJdbcLogger.java:143)- ====> Parameters: 19806(String)
2019-09-04 04:00:23,977 DEBUG (BaseJdbcLogger.java:143)- <====      Total: 1
2019-09-04 04:00:23,977 DEBUG (BaseJdbcLogger.java:143)- ====>  Preparing: select id, name, sex, birthday, phone, ID_number, email, parent_phone, adress, major, state from student_basic where id = ? 
2019-09-04 04:00:23,977 DEBUG (BaseJdbcLogger.java:143)- ====> Parameters: 19807(String)
2019-09-04 04:00:23,978 DEBUG (BaseJdbcLogger.java:143)- <====      Total: 1
2019-09-04 04:00:23,979 DEBUG (BaseJdbcLogger.java:143)- ====>  Preparing: select id, name, sex, birthday, phone, ID_number, email, parent_phone, adress, major, state from student_basic where id = ? 
2019-09-04 04:00:23,979 DEBUG (BaseJdbcLogger.java:143)- ====> Parameters: 19809(String)
2019-09-04 04:00:23,981 DEBUG (BaseJdbcLogger.java:143)- <====      Total: 1
2019-09-04 04:00:23,982 DEBUG (BaseJdbcLogger.java:143)- ====>  Preparing: select id, name, sex, birthday, phone, ID_number, email, parent_phone, adress, major, state from student_basic where id = ? 
2019-09-04 04:00:23,982 DEBUG (BaseJdbcLogger.java:143)- ====> Parameters: 19812(String)
2019-09-04 04:00:23,983 DEBUG (BaseJdbcLogger.java:143)- <====      Total: 1
2019-09-04 04:00:23,983 DEBUG (BaseJdbcLogger.java:143)- ====>  Preparing: select id, name, sex, birthday, phone, ID_number, email, parent_phone, adress, major, state from student_basic where id = ? 
2019-09-04 04:00:23,984 DEBUG (BaseJdbcLogger.java:143)- ====> Parameters: 19813(String)
2019-09-04 04:00:23,984 DEBUG (BaseJdbcLogger.java:143)- <====      Total: 1
2019-09-04 04:00:23,985 DEBUG (BaseJdbcLogger.java:143)- ====>  Preparing: select id, name, sex, birthday, phone, ID_number, email, parent_phone, adress, major, state from student_basic where id = ? 
2019-09-04 04:00:23,986 DEBUG (BaseJdbcLogger.java:143)- ====> Parameters: 19815(String)
2019-09-04 04:00:23,986 DEBUG (BaseJdbcLogger.java:143)- <====      Total: 1
2019-09-04 04:00:23,987 DEBUG (BaseJdbcLogger.java:143)- ====>  Preparing: select id, name, sex, birthday, phone, ID_number, email, parent_phone, adress, major, state from student_basic where id = ? 
2019-09-04 04:00:23,987 DEBUG (BaseJdbcLogger.java:143)- ====> Parameters: 19817(String)
2019-09-04 04:00:23,989 DEBUG (BaseJdbcLogger.java:143)- <====      Total: 1
2019-09-04 04:00:23,990 DEBUG (BaseJdbcLogger.java:143)- ====>  Preparing: select id, name, sex, birthday, phone, ID_number, email, parent_phone, adress, major, state from student_basic where id = ? 
2019-09-04 04:00:23,990 DEBUG (BaseJdbcLogger.java:143)- ====> Parameters: 19818(String)
2019-09-04 04:00:23,994 DEBUG (BaseJdbcLogger.java:143)- <====      Total: 1
2019-09-04 04:00:23,994 DEBUG (BaseJdbcLogger.java:143)- ====>  Preparing: select id, name, sex, birthday, phone, ID_number, email, parent_phone, adress, major, state from student_basic where id = ? 
2019-09-04 04:00:23,995 DEBUG (BaseJdbcLogger.java:143)- ====> Parameters: 19821(String)
