2019-09-04 03:51:05,519 DEBUG (BaseJdbcLogger.java:143)- ==>  Preparing: select dormitory_allocation.id, dormitory_allocation.class_id, dormitory_allocation.dormitory_id,dormitory_allocation.number from dormitory_allocation,dormitory WHERE dormitory_allocation.dormitory_id=dormitory.id and dormitory.sex=? and class_id = ? 
2019-09-04 03:51:05,523 DEBUG (BaseJdbcLogger.java:143)- ==> Parameters: 男(String), 082803201901(String)
2019-09-04 03:51:05,523 DEBUG (BaseJdbcLogger.java:143)- <==      Total: 0
2019-09-04 03:51:05,524 DEBUG (BaseJdbcLogger.java:143)- ==>  Preparing: select student_status.id,student_status.basic_id, student_status.student_id, student_status.class_id from student_status,student_basic where student_status.basic_id=student_basic.id and student_basic.sex=? and student_status.class_id=? 
2019-09-04 03:51:05,525 DEBUG (BaseJdbcLogger.java:143)- ==> Parameters: 男(String), 082803201902(String)
2019-09-04 03:51:05,525 DEBUG (BaseJdbcLogger.java:143)- ====>  Preparing: select id, name, sex, birthday, phone, ID_number, email, parent_phone, adress, major, state from student_basic where id = ? 
2019-09-04 03:51:05,526 DEBUG (BaseJdbcLogger.java:143)- ====> Parameters: 19513(String)
2019-09-04 03:51:05,527 DEBUG (BaseJdbcLogger.java:143)- <====      Total: 1
2019-09-04 03:51:05,527 DEBUG (BaseJdbcLogger.java:143)- ====>  Preparing: select id, class_id, name, director, grade, major_id from class where class_id = ? 
2019-09-04 03:51:05,528 DEBUG (BaseJdbcLogger.java:143)- ====> Parameters: 082803201902(String)
2019-09-04 03:51:05,530 DEBUG (BaseJdbcLogger.java:143)- ======>  Preparing: select id, major_id, name, price, department_id from major where major_id = ? 
2019-09-04 03:51:05,530 DEBUG (BaseJdbcLogger.java:143)- ======> Parameters: 082803(String)
2019-09-04 03:51:05,530 DEBUG (BaseJdbcLogger.java:143)- <======      Total: 1
2019-09-04 03:51:05,530 DEBUG (BaseJdbcLogger.java:143)- <====      Total: 1
2019-09-04 03:51:05,531 DEBUG (BaseJdbcLogger.java:143)- ====>  Preparing: select id, name, sex, birthday, phone, ID_number, email, parent_phone, adress, major, state from student_basic where id = ? 
2019-09-04 03:51:05,531 DEBUG (BaseJdbcLogger.java:143)- ====> Parameters: 19515(String)
2019-09-04 03:51:05,531 DEBUG (BaseJdbcLogger.java:143)- <====      Total: 1
2019-09-04 03:51:05,533 DEBUG (BaseJdbcLogger.java:143)- ====>  Preparing: select id, name, sex, birthday, phone, ID_number, email, parent_phone, adress, major, state from student_basic where id = ? 
2019-09-04 03:51:05,533 DEBUG (BaseJdbcLogger.java:143)- ====> Parameters: 19517(String)
2019-09-04 03:51:05,533 DEBUG (BaseJdbcLogger.java:143)- <====      Total: 1
2019-09-04 03:51:05,533 DEBUG (BaseJdbcLogger.java:143)- ====>  Preparing: select id, name, sex, birthday, phone, ID_number, email, parent_phone, adress, major, state from student_basic where id = ? 
2019-09-04 03:51:05,534 DEBUG (BaseJdbcLogger.java:143)- ====> Parameters: 19518(String)
2019-09-04 03:51:05,534 DEBUG (BaseJdbcLogger.java:143)- <====      Total: 1
2019-09-04 03:51:05,535 DEBUG (BaseJdbcLogger.java:143)- ====>  Preparing: select id, name, sex, birthday, phone, ID_number, email, parent_phone, adress, major, state from student_basic where id = ? 
2019-09-04 03:51:05,535 DEBUG (BaseJdbcLogger.java:143)- ====> Parameters: 19521(String)
2019-09-04 03:51:05,535 DEBUG (BaseJdbcLogger.java:143)- <====      Total: 1
2019-09-04 03:51:05,536 DEBUG (BaseJdbcLogger.java:143)- ====>  Preparing: select id, name, sex, birthday, phone, ID_number, email, parent_phone, adress, major, state from student_basic where id = ? 
2019-09-04 03:51:05,536 DEBUG (BaseJdbcLogger.java:143)- ====> Parameters: 19523(String)
2019-09-04 03:51:05,537 DEBUG (BaseJdbcLogger.java:143)- <====      Total: 1
2019-09-04 03:51:05,537 DEBUG (BaseJdbcLogger.java:143)- ====>  Preparing: select id, name, sex, birthday, phone, ID_number, email, parent_phone, adress, major, state from student_basic where id = ? 
2019-09-04 03:51:05,537 DEBUG (BaseJdbcLogger.java:143)- ====> Parameters: 19524(String)
2019-09-04 03:51:05,538 DEBUG (BaseJdbcLogger.java:143)- <====      Total: 1
2019-09-04 03:51:05,539 DEBUG (BaseJdbcLogger.java:143)- ====>  Preparing: select id, name, sex, birthday, phone, ID_number, email, parent_phone, adress, major, state from student_basic where id = ? 
2019-09-04 03:51:05,539 DEBUG (BaseJdbcLogger.java:143)- ====> Parameters: 19528(String)
2019-09-04 03:51:05,539 DEBUG (BaseJdbcLogger.java:143)- <====      Total: 1
2019-09-04 03:51:05,540 DEBUG (BaseJdbcLogger.java:143)- ====>  Preparing: select id, name, sex, birthday, phone, ID_number, email, parent_phone, adress, major, state from student_basic where id = ? 
2019-09-04 03:51:05,540 DEBUG (BaseJdbcLogger.java:143)- ====> Parameters: 19532(String)
2019-09-04 03:51:05,541 DEBUG (BaseJdbcLogger.java:143)- <====      Total: 1
2019-09-04 03:51:05,541 DEBUG (BaseJdbcLogger.java:143)- ====>  Preparing: select id, name, sex, birthday, phone, ID_number, email, parent_phone, adress, major, state from student_basic where id = ? 
2019-09-04 03:51:05,541 DEBUG (BaseJdbcLogger.java:143)- ====> Parameters: 19534(String)
2019-09-04 03:51:05,542 DEBUG (BaseJdbcLogger.java:143)- <====      Total: 1
2019-09-04 03:51:05,542 DEBUG (BaseJdbcLogger.java:143)- ====>  Preparing: select id, name, sex, birthday, phone, ID_number, email, parent_phone, adress, major, state from student_basic where id = ? 
2019-09-04 03:51:05,542 DEBUG (BaseJdbcLogger.java:143)- ====> Parameters: 19535(String)
2019-09-04 03:51:05,543 DEBUG (BaseJdbcLogger.java:143)- <====      Total: 1
2019-09-04 03:51:05,544 DEBUG (BaseJdbcLogger.java:143)- ====>  Preparing: select id, name, sex, birthday, phone, ID_number, email, parent_phone, adress, major, state from student_basic where id = ? 
2019-09-04 03:51:05,545 DEBUG (BaseJdbcLogger.java:143)- ====> Parameters: 19536(String)
2019-09-04 03:51:05,546 DEBUG (BaseJdbcLogger.java:143)- <====      Total: 1
2019-09-04 03:51:05,547 DEBUG (BaseJdbcLogger.java:143)- ====>  Preparing: select id, name, sex, birthday, phone, ID_number, email, parent_phone, adress, major, state from student_basic where id = ? 
2019-09-04 03:51:05,547 DEBUG (BaseJdbcLogger.java:143)- ====> Parameters: 19537(String)
2019-09-04 03:51:05,547 DEBUG (BaseJdbcLogger.java:143)- <====      Total: 1
2019-09-04 03:51:05,548 DEBUG (BaseJdbcLogger.java:143)- ====>  Preparing: select id, name, sex, birthday, phone, ID_number, email, parent_phone, adress, major, state from student_basic where id = ? 
2019-09-04 03:51:05,549 DEBUG (BaseJdbcLogger.java:143)- ====> Parameters: 19539(String)
2019-09-04 03:51:05,550 DEBUG (BaseJdbcLogger.java:143)- <====      Total: 1
2019-09-04 03:51:05,550 DEBUG (BaseJdbcLogger.java:143)- ====>  Preparing: select id, name, sex, birthday, phone, ID_number, email, parent_phone, adress, major, state from student_basic where id = ? 
2019-09-04 03:51:05,551 DEBUG (BaseJdbcLogger.java:143)- ====> Parameters: 19541(String)
2019-09-04 03:51:05,552 DEBUG (BaseJdbcLogger.java:143)- <====      Total: 1
2019-09-04 03:51:05,552 DEBUG (BaseJdbcLogger.java:143)- ====>  Preparing: select id, name, sex, birthday, phone, ID_number, email, parent_phone, adress, major, state from student_basic where id = ? 
2019-09-04 03:51:05,553 DEBUG (BaseJdbcLogger.java:143)- ====> Parameters: 19543(String)
2019-09-04 03:51:05,554 DEBUG (BaseJdbcLogger.java:143)- <====      Total: 1
2019-09-04 03:51:05,554 DEBUG (BaseJdbcLogger.java:143)- <==      Total: 16
2019-09-04 03:51:05,555 DEBUG (BaseJdbcLogger.java:143)- ==>  Preparing: select dormitory_allocation.id, dormitory_allocation.class_id, dormitory_allocation.dormitory_id,dormitory_allocation.number from dormitory_allocation,dormitory WHERE dormitory_allocation.dormitory_id=dormitory.id and dormitory.sex=? and class_id = ? 
2019-09-04 03:51:05,557 DEBUG (BaseJdbcLogger.java:143)- ==> Parameters: 男(String), 082803201902(String)
2019-09-04 03:51:05,559 DEBUG (BaseJdbcLogger.java:143)- <==      Total: 0
2019-09-04 03:51:05,559 DEBUG (BaseJdbcLogger.java:143)- ==>  Preparing: select student_status.id,student_status.basic_id, student_status.student_id, student_status.class_id from student_status,student_basic where student_status.basic_id=student_basic.id and student_basic.sex=? and student_status.class_id=? 
2019-09-04 03:51:05,559 DEBUG (BaseJdbcLogger.java:143)- ==> Parameters: 男(String), 082803201903(String)
2019-09-04 03:51:05,562 DEBUG (BaseJdbcLogger.java:143)- ====>  Preparing: select id, name, sex, birthday, phone, ID_number, email, parent_phone, adress, major, state from student_basic where id = ? 
2019-09-04 03:51:05,563 DEBUG (BaseJdbcLogger.java:143)- ====> Parameters: 19544(String)
2019-09-04 03:51:05,564 DEBUG (BaseJdbcLogger.java:143)- <====      Total: 1
2019-09-04 03:51:05,564 DEBUG (BaseJdbcLogger.java:143)- ====>  Preparing: select id, class_id, name, director, grade, major_id from class where class_id = ? 
2019-09-04 03:51:05,565 DEBUG (BaseJdbcLogger.java:143)- ====> Parameters: 082803201903(String)
2019-09-04 03:51:05,565 DEBUG (BaseJdbcLogger.java:143)- ======>  Preparing: select id, major_id, name, price, department_id from major where major_id = ? 
2019-09-04 03:51:05,566 DEBUG (BaseJdbcLogger.java:143)- ======> Parameters: 082803(String)
2019-09-04 03:51:05,567 DEBUG (BaseJdbcLogger.java:143)- <======      Total: 1
2019-09-04 03:51:05,567 DEBUG (BaseJdbcLogger.java:143)- <====      Total: 1
2019-09-04 03:51:05,567 DEBUG (BaseJdbcLogger.java:143)- ====>  Preparing: select id, name, sex, birthday, phone, ID_number, email, parent_phone, adress, major, state from student_basic where id = ? 
2019-09-04 03:51:05,568 DEBUG (BaseJdbcLogger.java:143)- ====> Parameters: 19545(String)
2019-09-04 03:51:05,568 DEBUG (BaseJdbcLogger.java:143)- <====      Total: 1
2019-09-04 03:51:05,569 DEBUG (BaseJdbcLogger.java:143)- ====>  Preparing: select id, name, sex, birthday, phone, ID_number, email, parent_phone, adress, major, state from student_basic where id = ? 
2019-09-04 03:51:05,569 DEBUG (BaseJdbcLogger.java:143)- ====> Parameters: 19547(String)
2019-09-04 03:51:05,570 DEBUG (BaseJdbcLogger.java:143)- <====      Total: 1
2019-09-04 03:51:05,570 DEBUG (BaseJdbcLogger.java:143)- ====>  Preparing: select id, name, sex, birthday, phone, ID_number, email, parent_phone, adress, major, state from student_basic where id = ? 
2019-09-04 03:51:05,570 DEBUG (BaseJdbcLogger.java:143)- ====> Parameters: 19548(String)
2019-09-04 03:51:05,571 DEBUG (BaseJdbcLogger.java:143)- <====      Total: 1
2019-09-04 03:51:05,571 DEBUG (BaseJdbcLogger.java:143)- ====>  Preparing: select id, name, sex, birthday, phone, ID_number, email, parent_phone, adress, major, state from student_basic where id = ? 
2019-09-04 03:51:05,572 DEBUG (BaseJdbcLogger.java:143)- ====> Parameters: 19550(String)
2019-09-04 03:51:05,572 DEBUG (BaseJdbcLogger.java:143)- <====      Total: 1
2019-09-04 03:51:05,573 DEBUG (BaseJdbcLogger.java:143)- ====>  Preparing: select id, name, sex, birthday, phone, ID_number, email, parent_phone, adress, major, state from student_basic where id = ? 
2019-09-04 03:51:05,573 DEBUG (BaseJdbcLogger.java:143)- ====> Parameters: 19553(String)
2019-09-04 03:51:05,574 DEBUG (BaseJdbcLogger.java:143)- <====      Total: 1
2019-09-04 03:51:05,575 DEBUG (BaseJdbcLogger.java:143)- ====>  Preparing: select id, name, sex, birthday, phone, ID_number, email, parent_phone, adress, major, state from student_basic where id = ? 
2019-09-04 03:51:05,575 DEBUG (BaseJdbcLogger.java:143)- ====> Parameters: 19555(String)
2019-09-04 03:51:05,576 DEBUG (BaseJdbcLogger.java:143)- <====      Total: 1
2019-09-04 03:51:05,576 DEBUG (BaseJdbcLogger.java:143)- ====>  Preparing: select id, name, sex, birthday, phone, ID_number, email, parent_phone, adress, major, state from student_basic where id = ? 
2019-09-04 03:51:05,577 DEBUG (BaseJdbcLogger.java:143)- ====> Parameters: 19561(String)
2019-09-04 03:51:05,578 DEBUG (BaseJdbcLogger.java:143)- <====      Total: 1
2019-09-04 03:51:05,578 DEBUG (BaseJdbcLogger.java:143)- ====>  Preparing: select id, name, sex, birthday, phone, ID_number, email, parent_phone, adress, major, state from student_basic where id = ? 
2019-09-04 03:51:05,579 DEBUG (BaseJdbcLogger.java:143)- ====> Parameters: 19562(String)
2019-09-04 03:51:05,579 DEBUG (BaseJdbcLogger.java:143)- <====      Total: 1
2019-09-04 03:51:05,579 DEBUG (BaseJdbcLogger.java:143)- ====>  Preparing: select id, name, sex, birthday, phone, ID_number, email, parent_phone, adress, major, state from student_basic where id = ? 
2019-09-04 03:51:05,580 DEBUG (BaseJdbcLogger.java:143)- ====> Parameters: 19564(String)
2019-09-04 03:51:05,580 DEBUG (BaseJdbcLogger.java:143)- <====      Total: 1
2019-09-04 03:51:05,581 DEBUG (BaseJdbcLogger.java:143)- ====>  Preparing: select id, name, sex, birthday, phone, ID_number, email, parent_phone, adress, major, state from student_basic where id = ? 
2019-09-04 03:51:05,581 DEBUG (BaseJdbcLogger.java:143)- ====> Parameters: 19565(String)
2019-09-04 03:51:05,582 DEBUG (BaseJdbcLogger.java:143)- <====      Total: 1
2019-09-04 03:51:05,582 DEBUG (BaseJdbcLogger.java:143)- ====>  Preparing: select id, name, sex, birthday, phone, ID_number, email, parent_phone, adress, major, state from student_basic where id = ? 
2019-09-04 03:51:05,583 DEBUG (BaseJdbcLogger.java:143)- ====> Parameters: 19566(String)
2019-09-04 03:51:05,583 DEBUG (BaseJdbcLogger.java:143)- <====      Total: 1
2019-09-04 03:51:05,584 DEBUG (BaseJdbcLogger.java:143)- ====>  Preparing: select id, name, sex, birthday, phone, ID_number, email, parent_phone, adress, major, state from student_basic where id = ? 
2019-09-04 03:51:05,584 DEBUG (BaseJdbcLogger.java:143)- ====> Parameters: 19567(String)
2019-09-04 03:51:05,584 DEBUG (BaseJdbcLogger.java:143)- <====      Total: 1
2019-09-04 03:51:05,584 DEBUG (BaseJdbcLogger.java:143)- ====>  Preparing: select id, name, sex, birthday, phone, ID_number, email, parent_phone, adress, major, state from student_basic where id = ? 
2019-09-04 03:51:05,584 DEBUG (BaseJdbcLogger.java:143)- ====> Parameters: 19570(String)
2019-09-04 03:51:05,585 DEBUG (BaseJdbcLogger.java:143)- <====      Total: 1
2019-09-04 03:51:05,585 DEBUG (BaseJdbcLogger.java:143)- ====>  Preparing: select id, name, sex, birthday, phone, ID_number, email, parent_phone, adress, major, state from student_basic where id = ? 
2019-09-04 03:51:05,585 DEBUG (BaseJdbcLogger.java:143)- ====> Parameters: 19573(String)
2019-09-04 03:51:05,586 DEBUG (BaseJdbcLogger.java:143)- <====      Total: 1
2019-09-04 03:51:05,586 DEBUG (BaseJdbcLogger.java:143)- ====>  Preparing: select id, name, sex, birthday, phone, ID_number, email, parent_phone, adress, major, state from student_basic where id = ? 
2019-09-04 03:51:05,587 DEBUG (BaseJdbcLogger.java:143)- ====> Parameters: 19574(String)
2019-09-04 03:51:05,587 DEBUG (BaseJdbcLogger.java:143)- <====      Total: 1
2019-09-04 03:51:05,588 DEBUG (BaseJdbcLogger.java:143)- <==      Total: 16
2019-09-04 03:51:05,589 DEBUG (BaseJdbcLogger.java:143)- ==>  Preparing: select dormitory_allocation.id, dormitory_allocation.class_id, dormitory_allocation.dormitory_id,dormitory_allocation.number from dormitory_allocation,dormitory WHERE dormitory_allocation.dormitory_id=dormitory.id and dormitory.sex=? and class_id = ? 
2019-09-04 03:51:05,589 DEBUG (BaseJdbcLogger.java:143)- ==> Parameters: 男(String), 082803201903(String)
2019-09-04 03:51:05,589 DEBUG (BaseJdbcLogger.java:143)- <==      Total: 0
2019-09-04 03:51:05,589 DEBUG (BaseJdbcLogger.java:143)- ==>  Preparing: select student_status.id,student_status.basic_id, student_status.student_id, student_status.class_id from student_status,student_basic where student_status.basic_id=student_basic.id and student_basic.sex=? and student_status.class_id=? 
2019-09-04 03:51:05,590 DEBUG (BaseJdbcLogger.java:143)- ==> Parameters: 男(String), 080205201904(String)
2019-09-04 03:51:05,591 DEBUG (BaseJdbcLogger.java:143)- ====>  Preparing: select id, name, sex, birthday, phone, ID_number, email, parent_phone, adress, major, state from student_basic where id = ? 
2019-09-04 03:51:05,591 DEBUG (BaseJdbcLogger.java:143)- ====> Parameters: 19752(String)
2019-09-04 03:51:05,591 DEBUG (BaseJdbcLogger.java:143)- <====      Total: 1
2019-09-04 03:51:05,592 DEBUG (BaseJdbcLogger.java:143)- ====>  Preparing: select id, class_id, name, director, grade, major_id from class where class_id = ? 
2019-09-04 03:51:05,592 DEBUG (BaseJdbcLogger.java:143)- ====> Parameters: 080205201904(String)
2019-09-04 03:51:05,593 DEBUG (BaseJdbcLogger.java:143)- ======>  Preparing: select id, major_id, name, price, department_id from major where major_id = ? 
2019-09-04 03:51:05,593 DEBUG (BaseJdbcLogger.java:143)- ======> Parameters: 080205(String)
2019-09-04 03:51:05,594 DEBUG (BaseJdbcLogger.java:143)- <======      Total: 1
2019-09-04 03:51:05,594 DEBUG (BaseJdbcLogger.java:143)- <====      Total: 1
2019-09-04 03:51:05,596 DEBUG (BaseJdbcLogger.java:143)- ====>  Preparing: select id, name, sex, birthday, phone, ID_number, email, parent_phone, adress, major, state from student_basic where id = ? 
2019-09-04 03:51:05,597 DEBUG (BaseJdbcLogger.java:143)- ====> Parameters: 19753(String)
2019-09-04 03:51:05,598 DEBUG (BaseJdbcLogger.java:143)- <====      Total: 1
2019-09-04 03:51:05,598 DEBUG (BaseJdbcLogger.java:143)- ====>  Preparing: select id, name, sex, birthday, phone, ID_number, email, parent_phone, adress, major, state from student_basic where id = ? 
2019-09-04 03:51:05,598 DEBUG (BaseJdbcLogger.java:143)- ====> Parameters: 19754(String)
2019-09-04 03:51:05,599 DEBUG (BaseJdbcLogger.java:143)- <====      Total: 1
2019-09-04 03:51:05,599 DEBUG (BaseJdbcLogger.java:143)- ====>  Preparing: select id, name, sex, birthday, phone, ID_number, email, parent_phone, adress, major, state from student_basic where id = ? 
2019-09-04 03:51:05,599 DEBUG (BaseJdbcLogger.java:143)- ====> Parameters: 19755(String)
2019-09-04 03:51:05,600 DEBUG (BaseJdbcLogger.java:143)- <====      Total: 1
2019-09-04 03:51:05,600 DEBUG (BaseJdbcLogger.java:143)- ====>  Preparing: select id, name, sex, birthday, phone, ID_number, email, parent_phone, adress, major, state from student_basic where id = ? 
2019-09-04 03:51:05,600 DEBUG (BaseJdbcLogger.java:143)- ====> Parameters: 19757(String)
2019-09-04 03:51:05,601 DEBUG (BaseJdbcLogger.java:143)- <====      Total: 1
2019-09-04 03:51:05,601 DEBUG (BaseJdbcLogger.java:143)- ====>  Preparing: select id, name, sex, birthday, phone, ID_number, email, parent_phone, adress, major, state from student_basic where id = ? 
2019-09-04 03:51:05,601 DEBUG (BaseJdbcLogger.java:143)- ====> Parameters: 19760(String)
2019-09-04 03:51:05,602 DEBUG (BaseJdbcLogger.java:143)- <====      Total: 1
2019-09-04 03:51:05,602 DEBUG (BaseJdbcLogger.java:143)- ====>  Preparing: select id, name, sex, birthday, phone, ID_number, email, parent_phone, adress, major, state from student_basic where id = ? 
2019-09-04 03:51:05,603 DEBUG (BaseJdbcLogger.java:143)- ====> Parameters: 19762(String)
2019-09-04 03:51:05,603 DEBUG (BaseJdbcLogger.java:143)- <====      Total: 1
2019-09-04 03:51:05,604 DEBUG (BaseJdbcLogger.java:143)- ====>  Preparing: select id, name, sex, birthday, phone, ID_number, email, parent_phone, adress, major, state from student_basic where id = ? 
2019-09-04 03:51:05,605 DEBUG (BaseJdbcLogger.java:143)- ====> Parameters: 19763(String)
2019-09-04 03:51:05,605 DEBUG (BaseJdbcLogger.java:143)- <====      Total: 1
2019-09-04 03:51:05,605 DEBUG (BaseJdbcLogger.java:143)- ====>  Preparing: select id, name, sex, birthday, phone, ID_number, email, parent_phone, adress, major, state from student_basic where id = ? 
2019-09-04 03:51:05,605 DEBUG (BaseJdbcLogger.java:143)- ====> Parameters: 19765(String)
2019-09-04 03:51:05,606 DEBUG (BaseJdbcLogger.java:143)- <====      Total: 1
2019-09-04 03:51:05,607 DEBUG (BaseJdbcLogger.java:143)- ====>  Preparing: select id, name, sex, birthday, phone, ID_number, email, parent_phone, adress, major, state from student_basic where id = ? 
2019-09-04 03:51:05,607 DEBUG (BaseJdbcLogger.java:143)- ====> Parameters: 19766(String)
2019-09-04 03:51:05,607 DEBUG (BaseJdbcLogger.java:143)- <====      Total: 1
2019-09-04 03:51:05,608 DEBUG (BaseJdbcLogger.java:143)- ====>  Preparing: select id, name, sex, birthday, phone, ID_number, email, parent_phone, adress, major, state from student_basic where id = ? 
2019-09-04 03:51:05,609 DEBUG (BaseJdbcLogger.java:143)- ====> Parameters: 19767(String)
2019-09-04 03:51:05,609 DEBUG (BaseJdbcLogger.java:143)- <====      Total: 1
2019-09-04 03:51:05,609 DEBUG (BaseJdbcLogger.java:143)- ====>  Preparing: select id, name, sex, birthday, phone, ID_number, email, parent_phone, adress, major, state from student_basic where id = ? 
2019-09-04 03:51:05,609 DEBUG (BaseJdbcLogger.java:143)- ====> Parameters: 19769(String)
2019-09-04 03:51:05,610 DEBUG (BaseJdbcLogger.java:143)- <====      Total: 1
2019-09-04 03:51:05,610 DEBUG (BaseJdbcLogger.java:143)- ====>  Preparing: select id, name, sex, birthday, phone, ID_number, email, parent_phone, adress, major, state from student_basic where id = ? 
2019-09-04 03:51:05,611 DEBUG (BaseJdbcLogger.java:143)- ====> Parameters: 19771(String)
2019-09-04 03:51:05,611 DEBUG (BaseJdbcLogger.java:143)- <====      Total: 1
2019-09-04 03:51:05,612 DEBUG (BaseJdbcLogger.java:143)- ====>  Preparing: select id, name, sex, birthday, phone, ID_number, email, parent_phone, adress, major, state from student_basic where id = ? 
2019-09-04 03:51:05,613 DEBUG (BaseJdbcLogger.java:143)- ====> Parameters: 19773(String)
2019-09-04 03:51:05,613 DEBUG (BaseJdbcLogger.java:143)- <====      Total: 1
2019-09-04 03:51:05,613 DEBUG (BaseJdbcLogger.java:143)- ====>  Preparing: select id, name, sex, birthday, phone, ID_number, email, parent_phone, adress, major, state from student_basic where id = ? 
2019-09-04 03:51:05,614 DEBUG (BaseJdbcLogger.java:143)- ====> Parameters: 19774(String)
2019-09-04 03:51:05,615 DEBUG (BaseJdbcLogger.java:143)- <====      Total: 1
2019-09-04 03:51:05,615 DEBUG (BaseJdbcLogger.java:143)- ====>  Preparing: select id, name, sex, birthday, phone, ID_number, email, parent_phone, adress, major, state from student_basic where id = ? 
2019-09-04 03:51:05,615 DEBUG (BaseJdbcLogger.java:143)- ====> Parameters: 19776(String)
2019-09-04 03:51:05,615 DEBUG (BaseJdbcLogger.java:143)- <====      Total: 1
2019-09-04 03:51:05,615 DEBUG (BaseJdbcLogger.java:143)- ====>  Preparing: select id, name, sex, birthday, phone, ID_number, email, parent_phone, adress, major, state from student_basic where id = ? 
2019-09-04 03:51:05,616 DEBUG (BaseJdbcLogger.java:143)- ====> Parameters: 19778(String)
2019-09-04 03:51:05,616 DEBUG (BaseJdbcLogger.java:143)- <====      Total: 1
2019-09-04 03:51:05,617 DEBUG (BaseJdbcLogger.java:143)- ====>  Preparing: select id, name, sex, birthday, phone, ID_number, email, parent_phone, adress, major, state from student_basic where id = ? 
2019-09-04 03:51:05,618 DEBUG (BaseJdbcLogger.java:143)- ====> Parameters: 19780(String)
2019-09-04 03:51:05,618 DEBUG (BaseJdbcLogger.java:143)- <====      Total: 1
2019-09-04 03:51:05,618 DEBUG (BaseJdbcLogger.java:143)- ====>  Preparing: select id, name, sex, birthday, phone, ID_number, email, parent_phone, adress, major, state from student_basic where id = ? 
2019-09-04 03:51:05,618 DEBUG (BaseJdbcLogger.java:143)- ====> Parameters: 19783(String)
2019-09-04 03:51:05,618 DEBUG (BaseJdbcLogger.java:143)- <====      Total: 1
2019-09-04 03:51:05,619 DEBUG (BaseJdbcLogger.java:143)- ====>  Preparing: select id, name, sex, birthday, phone, ID_number, email, parent_phone, adress, major, state from student_basic where id = ? 
2019-09-04 03:51:05,619 DEBUG (BaseJdbcLogger.java:143)- ====> Parameters: 19785(String)
2019-09-04 03:51:05,620 DEBUG (BaseJdbcLogger.java:143)- <====      Total: 1
2019-09-04 03:51:05,621 DEBUG (BaseJdbcLogger.java:143)- ====>  Preparing: select id, name, sex, birthday, phone, ID_number, email, parent_phone, adress, major, state from student_basic where id = ? 
2019-09-04 03:51:05,621 DEBUG (BaseJdbcLogger.java:143)- ====> Parameters: 19786(String)
2019-09-04 03:51:05,621 DEBUG (BaseJdbcLogger.java:143)- <====      Total: 1
2019-09-04 03:51:05,621 DEBUG (BaseJdbcLogger.java:143)- ====>  Preparing: select id, name, sex, birthday, phone, ID_number, email, parent_phone, adress, major, state from student_basic where id = ? 
2019-09-04 03:51:05,622 DEBUG (BaseJdbcLogger.java:143)- ====> Parameters: 19789(String)
2019-09-04 03:51:05,623 DEBUG (BaseJdbcLogger.java:143)- <====      Total: 1
2019-09-04 03:51:05,623 DEBUG (BaseJdbcLogger.java:143)- <==      Total: 22
2019-09-04 03:51:05,623 DEBUG (BaseJdbcLogger.java:143)- ==>  Preparing: select dormitory_allocation.id, dormitory_allocation.class_id, dormitory_allocation.dormitory_id,dormitory_allocation.number from dormitory_allocation,dormitory WHERE dormitory_allocation.dormitory_id=dormitory.id and dormitory.sex=? and class_id = ? 
2019-09-04 03:51:05,623 DEBUG (BaseJdbcLogger.java:143)- ==> Parameters: 男(String), 080205201904(String)
2019-09-04 03:51:05,624 DEBUG (BaseJdbcLogger.java:143)- <==      Total: 0
