2019-09-02 12:38:24,564 DEBUG (BaseJdbcLogger.java:143)- ==>  Preparing: select student_status.id,student_status.basic_id, student_status.student_id, student_status.class_id from student_status,student_basic where student_status.basic_id=student_basic.id and student_basic.sex=? and student_status.class_id=? 
2019-09-02 12:38:24,569 DEBUG (BaseJdbcLogger.java:143)- ==> Parameters: 女(String), 081001201901(String)
2019-09-02 12:38:24,573 DEBUG (BaseJdbcLogger.java:143)- ====>  Preparing: select id, name, sex, birthday, phone, ID_number, email, parent_phone, adress, major, state from student_basic where id = ? 
2019-09-02 12:38:24,574 DEBUG (BaseJdbcLogger.java:143)- ====> Parameters: 18157(String)
2019-09-02 12:38:24,575 DEBUG (BaseJdbcLogger.java:143)- <====      Total: 1
2019-09-02 12:38:24,576 DEBUG (BaseJdbcLogger.java:143)- ====>  Preparing: select id, class_id, name, director, grade, major_id from class where class_id = ? 
2019-09-02 12:38:24,576 DEBUG (BaseJdbcLogger.java:143)- ====> Parameters: 081001201901(String)
2019-09-02 12:38:24,577 DEBUG (BaseJdbcLogger.java:143)- ======>  Preparing: select id, major_id, name, price, department_id from major where major_id = ? 
2019-09-02 12:38:24,577 DEBUG (BaseJdbcLogger.java:143)- ======> Parameters: 081001(String)
2019-09-02 12:38:24,578 DEBUG (BaseJdbcLogger.java:143)- <======      Total: 1
2019-09-02 12:38:24,579 DEBUG (BaseJdbcLogger.java:143)- <====      Total: 1
2019-09-02 12:38:24,579 DEBUG (BaseJdbcLogger.java:143)- ====>  Preparing: select id, name, sex, birthday, phone, ID_number, email, parent_phone, adress, major, state from student_basic where id = ? 
2019-09-02 12:38:24,579 DEBUG (BaseJdbcLogger.java:143)- ====> Parameters: 18159(String)
2019-09-02 12:38:24,580 DEBUG (BaseJdbcLogger.java:143)- <====      Total: 1
2019-09-02 12:38:24,582 DEBUG (BaseJdbcLogger.java:143)- ====>  Preparing: select id, name, sex, birthday, phone, ID_number, email, parent_phone, adress, major, state from student_basic where id = ? 
2019-09-02 12:38:24,583 DEBUG (BaseJdbcLogger.java:143)- ====> Parameters: 18160(String)
2019-09-02 12:38:24,587 DEBUG (BaseJdbcLogger.java:143)- <====      Total: 1
2019-09-02 12:38:24,589 DEBUG (BaseJdbcLogger.java:143)- ====>  Preparing: select id, name, sex, birthday, phone, ID_number, email, parent_phone, adress, major, state from student_basic where id = ? 
2019-09-02 12:38:24,590 DEBUG (BaseJdbcLogger.java:143)- ====> Parameters: 18161(String)
2019-09-02 12:38:24,592 DEBUG (BaseJdbcLogger.java:143)- <====      Total: 1
2019-09-02 12:38:24,593 DEBUG (BaseJdbcLogger.java:143)- ====>  Preparing: select id, name, sex, birthday, phone, ID_number, email, parent_phone, adress, major, state from student_basic where id = ? 
2019-09-02 12:38:24,593 DEBUG (BaseJdbcLogger.java:143)- ====> Parameters: 18164(String)
2019-09-02 12:38:24,594 DEBUG (BaseJdbcLogger.java:143)- <====      Total: 1
2019-09-02 12:38:24,595 DEBUG (BaseJdbcLogger.java:143)- ====>  Preparing: select id, name, sex, birthday, phone, ID_number, email, parent_phone, adress, major, state from student_basic where id = ? 
2019-09-02 12:38:24,595 DEBUG (BaseJdbcLogger.java:143)- ====> Parameters: 18166(String)
2019-09-02 12:38:24,596 DEBUG (BaseJdbcLogger.java:143)- <====      Total: 1
2019-09-02 12:38:24,596 DEBUG (BaseJdbcLogger.java:143)- ====>  Preparing: select id, name, sex, birthday, phone, ID_number, email, parent_phone, adress, major, state from student_basic where id = ? 
2019-09-02 12:38:24,596 DEBUG (BaseJdbcLogger.java:143)- ====> Parameters: 18171(String)
2019-09-02 12:38:24,598 DEBUG (BaseJdbcLogger.java:143)- <====      Total: 1
2019-09-02 12:38:24,599 DEBUG (BaseJdbcLogger.java:143)- ====>  Preparing: select id, name, sex, birthday, phone, ID_number, email, parent_phone, adress, major, state from student_basic where id = ? 
2019-09-02 12:38:24,600 DEBUG (BaseJdbcLogger.java:143)- ====> Parameters: 18172(String)
2019-09-02 12:38:24,603 DEBUG (BaseJdbcLogger.java:143)- <====      Total: 1
2019-09-02 12:38:24,605 DEBUG (BaseJdbcLogger.java:143)- ====>  Preparing: select id, name, sex, birthday, phone, ID_number, email, parent_phone, adress, major, state from student_basic where id = ? 
2019-09-02 12:38:24,606 DEBUG (BaseJdbcLogger.java:143)- ====> Parameters: 18173(String)
2019-09-02 12:38:24,607 DEBUG (BaseJdbcLogger.java:143)- <====      Total: 1
2019-09-02 12:38:24,608 DEBUG (BaseJdbcLogger.java:143)- ====>  Preparing: select id, name, sex, birthday, phone, ID_number, email, parent_phone, adress, major, state from student_basic where id = ? 
2019-09-02 12:38:24,608 DEBUG (BaseJdbcLogger.java:143)- ====> Parameters: 18177(String)
2019-09-02 12:38:24,609 DEBUG (BaseJdbcLogger.java:143)- <====      Total: 1
2019-09-02 12:38:24,610 DEBUG (BaseJdbcLogger.java:143)- ====>  Preparing: select id, name, sex, birthday, phone, ID_number, email, parent_phone, adress, major, state from student_basic where id = ? 
2019-09-02 12:38:24,610 DEBUG (BaseJdbcLogger.java:143)- ====> Parameters: 18180(String)
2019-09-02 12:38:24,611 DEBUG (BaseJdbcLogger.java:143)- <====      Total: 1
2019-09-02 12:38:24,611 DEBUG (BaseJdbcLogger.java:143)- ====>  Preparing: select id, name, sex, birthday, phone, ID_number, email, parent_phone, adress, major, state from student_basic where id = ? 
2019-09-02 12:38:24,611 DEBUG (BaseJdbcLogger.java:143)- ====> Parameters: 18181(String)
2019-09-02 12:38:24,612 DEBUG (BaseJdbcLogger.java:143)- <====      Total: 1
2019-09-02 12:38:24,612 DEBUG (BaseJdbcLogger.java:143)- ====>  Preparing: select id, name, sex, birthday, phone, ID_number, email, parent_phone, adress, major, state from student_basic where id = ? 
2019-09-02 12:38:24,612 DEBUG (BaseJdbcLogger.java:143)- ====> Parameters: 18182(String)
2019-09-02 12:38:24,613 DEBUG (BaseJdbcLogger.java:143)- <====      Total: 1
2019-09-02 12:38:24,613 DEBUG (BaseJdbcLogger.java:143)- ====>  Preparing: select id, name, sex, birthday, phone, ID_number, email, parent_phone, adress, major, state from student_basic where id = ? 
2019-09-02 12:38:24,614 DEBUG (BaseJdbcLogger.java:143)- ====> Parameters: 18183(String)
2019-09-02 12:38:24,616 DEBUG (BaseJdbcLogger.java:143)- <====      Total: 1
2019-09-02 12:38:24,618 DEBUG (BaseJdbcLogger.java:143)- ====>  Preparing: select id, name, sex, birthday, phone, ID_number, email, parent_phone, adress, major, state from student_basic where id = ? 
2019-09-02 12:38:24,620 DEBUG (BaseJdbcLogger.java:143)- ====> Parameters: 18184(String)
2019-09-02 12:38:24,624 DEBUG (BaseJdbcLogger.java:143)- <====      Total: 1
2019-09-02 12:38:24,625 DEBUG (BaseJdbcLogger.java:143)- ====>  Preparing: select id, name, sex, birthday, phone, ID_number, email, parent_phone, adress, major, state from student_basic where id = ? 
2019-09-02 12:38:24,625 DEBUG (BaseJdbcLogger.java:143)- ====> Parameters: 18186(String)
2019-09-02 12:38:24,626 DEBUG (BaseJdbcLogger.java:143)- <====      Total: 1
2019-09-02 12:38:24,626 DEBUG (BaseJdbcLogger.java:143)- ====>  Preparing: select id, name, sex, birthday, phone, ID_number, email, parent_phone, adress, major, state from student_basic where id = ? 
2019-09-02 12:38:24,626 DEBUG (BaseJdbcLogger.java:143)- ====> Parameters: 18187(String)
2019-09-02 12:38:24,627 DEBUG (BaseJdbcLogger.java:143)- <====      Total: 1
2019-09-02 12:38:24,628 DEBUG (BaseJdbcLogger.java:143)- ====>  Preparing: select id, name, sex, birthday, phone, ID_number, email, parent_phone, adress, major, state from student_basic where id = ? 
2019-09-02 12:38:24,628 DEBUG (BaseJdbcLogger.java:143)- ====> Parameters: 18188(String)
2019-09-02 12:38:24,629 DEBUG (BaseJdbcLogger.java:143)- <====      Total: 1
2019-09-02 12:38:24,630 DEBUG (BaseJdbcLogger.java:143)- ====>  Preparing: select id, name, sex, birthday, phone, ID_number, email, parent_phone, adress, major, state from student_basic where id = ? 
2019-09-02 12:38:24,631 DEBUG (BaseJdbcLogger.java:143)- ====> Parameters: 18191(String)
2019-09-02 12:38:24,634 DEBUG (BaseJdbcLogger.java:143)- <====      Total: 1
2019-09-02 12:38:24,636 DEBUG (BaseJdbcLogger.java:143)- ====>  Preparing: select id, name, sex, birthday, phone, ID_number, email, parent_phone, adress, major, state from student_basic where id = ? 
2019-09-02 12:38:24,638 DEBUG (BaseJdbcLogger.java:143)- ====> Parameters: 18192(String)
2019-09-02 12:38:24,641 DEBUG (BaseJdbcLogger.java:143)- <====      Total: 1
2019-09-02 12:38:24,642 DEBUG (BaseJdbcLogger.java:143)- <==      Total: 20
2019-09-02 12:38:24,642 DEBUG (BaseJdbcLogger.java:143)- ==>  Preparing: select dormitory_allocation.id, dormitory_allocation.class_id, dormitory_allocation.dormitory_id,dormitory_allocation.number from dormitory_allocation,dormitory WHERE dormitory_allocation.dormitory_id=dormitory.id and dormitory.sex=? and class_id = ? 
2019-09-02 12:38:24,643 DEBUG (BaseJdbcLogger.java:143)- ==> Parameters: 男(String), 081001201901(String)
2019-09-02 12:38:24,645 DEBUG (BaseJdbcLogger.java:143)- ====>  Preparing: select id, dong, floor, room, sex, number, rent from dormitory where id = ? 
2019-09-02 12:38:24,645 DEBUG (BaseJdbcLogger.java:143)- ====> Parameters: 1(Integer)
2019-09-02 12:38:24,646 DEBUG (BaseJdbcLogger.java:143)- <====      Total: 1
2019-09-02 12:38:24,647 DEBUG (BaseJdbcLogger.java:143)- ====>  Preparing: select id, dong, floor, room, sex, number, rent from dormitory where id = ? 
2019-09-02 12:38:24,648 DEBUG (BaseJdbcLogger.java:143)- ====> Parameters: 2(Integer)
2019-09-02 12:38:24,650 DEBUG (BaseJdbcLogger.java:143)- <====      Total: 1
2019-09-02 12:38:24,651 DEBUG (BaseJdbcLogger.java:143)- ====>  Preparing: select id, dong, floor, room, sex, number, rent from dormitory where id = ? 
2019-09-02 12:38:24,653 DEBUG (BaseJdbcLogger.java:143)- ====> Parameters: 3(Integer)
2019-09-02 12:38:24,656 DEBUG (BaseJdbcLogger.java:143)- <====      Total: 1
2019-09-02 12:38:24,656 DEBUG (BaseJdbcLogger.java:143)- ====>  Preparing: select id, dong, floor, room, sex, number, rent from dormitory where id = ? 
2019-09-02 12:38:24,657 DEBUG (BaseJdbcLogger.java:143)- ====> Parameters: 4(Integer)
2019-09-02 12:38:24,658 DEBUG (BaseJdbcLogger.java:143)- <====      Total: 1
2019-09-02 12:38:24,658 DEBUG (BaseJdbcLogger.java:143)- <==      Total: 4
2019-09-02 12:38:24,658 DEBUG (BaseJdbcLogger.java:143)- ==>  Preparing: select dormitory_allocation.id, dormitory_allocation.class_id, dormitory_allocation.dormitory_id,dormitory_allocation.number from dormitory_allocation,dormitory WHERE dormitory_allocation.dormitory_id=dormitory.id and dormitory.sex=? and class_id = ? 
2019-09-02 12:38:24,659 DEBUG (BaseJdbcLogger.java:143)- ==> Parameters: 女(String), 081001201901(String)
2019-09-02 12:38:24,660 DEBUG (BaseJdbcLogger.java:143)- ====>  Preparing: select id, dong, floor, room, sex, number, rent from dormitory where id = ? 
2019-09-02 12:38:24,661 DEBUG (BaseJdbcLogger.java:143)- ====> Parameters: 451(Integer)
2019-09-02 12:38:24,661 DEBUG (BaseJdbcLogger.java:143)- <====      Total: 1
2019-09-02 12:38:24,662 DEBUG (BaseJdbcLogger.java:143)- ====>  Preparing: select id, dong, floor, room, sex, number, rent from dormitory where id = ? 
2019-09-02 12:38:24,662 DEBUG (BaseJdbcLogger.java:143)- ====> Parameters: 452(Integer)
2019-09-02 12:38:24,664 DEBUG (BaseJdbcLogger.java:143)- <====      Total: 1
2019-09-02 12:38:24,665 DEBUG (BaseJdbcLogger.java:143)- ====>  Preparing: select id, dong, floor, room, sex, number, rent from dormitory where id = ? 
2019-09-02 12:38:24,666 DEBUG (BaseJdbcLogger.java:143)- ====> Parameters: 453(Integer)
2019-09-02 12:38:24,667 DEBUG (BaseJdbcLogger.java:143)- <====      Total: 1
2019-09-02 12:38:24,667 DEBUG (BaseJdbcLogger.java:143)- ====>  Preparing: select id, dong, floor, room, sex, number, rent from dormitory where id = ? 
2019-09-02 12:38:24,667 DEBUG (BaseJdbcLogger.java:143)- ====> Parameters: 454(Integer)
2019-09-02 12:38:24,669 DEBUG (BaseJdbcLogger.java:143)- <====      Total: 1
2019-09-02 12:38:24,669 DEBUG (BaseJdbcLogger.java:143)- <==      Total: 4
2019-09-02 12:38:24,670 DEBUG (BaseJdbcLogger.java:143)- ==>  Preparing: select student_status.id,student_status.basic_id, student_status.student_id, student_status.class_id from student_status,student_basic where student_status.basic_id=student_basic.id and student_basic.sex=? and student_status.class_id=? 
2019-09-02 12:38:24,670 DEBUG (BaseJdbcLogger.java:143)- ==> Parameters: 男(String), 081001201902(String)
2019-09-02 12:38:24,672 DEBUG (BaseJdbcLogger.java:143)- ====>  Preparing: select id, name, sex, birthday, phone, ID_number, email, parent_phone, adress, major, state from student_basic where id = ? 
2019-09-02 12:38:24,673 DEBUG (BaseJdbcLogger.java:143)- ====> Parameters: 18200(String)
2019-09-02 12:38:24,674 DEBUG (BaseJdbcLogger.java:143)- <====      Total: 1
2019-09-02 12:38:24,674 DEBUG (BaseJdbcLogger.java:143)- ====>  Preparing: select id, class_id, name, director, grade, major_id from class where class_id = ? 
2019-09-02 12:38:24,674 DEBUG (BaseJdbcLogger.java:143)- ====> Parameters: 081001201902(String)
2019-09-02 12:38:24,675 DEBUG (BaseJdbcLogger.java:143)- ======>  Preparing: select id, major_id, name, price, department_id from major where major_id = ? 
2019-09-02 12:38:24,675 DEBUG (BaseJdbcLogger.java:143)- ======> Parameters: 081001(String)
2019-09-02 12:38:24,676 DEBUG (BaseJdbcLogger.java:143)- <======      Total: 1
2019-09-02 12:38:24,676 DEBUG (BaseJdbcLogger.java:143)- <====      Total: 1
2019-09-02 12:38:24,676 DEBUG (BaseJdbcLogger.java:143)- ====>  Preparing: select id, name, sex, birthday, phone, ID_number, email, parent_phone, adress, major, state from student_basic where id = ? 
2019-09-02 12:38:24,676 DEBUG (BaseJdbcLogger.java:143)- ====> Parameters: 18204(String)
2019-09-02 12:38:24,677 DEBUG (BaseJdbcLogger.java:143)- <====      Total: 1
2019-09-02 12:38:24,677 DEBUG (BaseJdbcLogger.java:143)- ====>  Preparing: select id, name, sex, birthday, phone, ID_number, email, parent_phone, adress, major, state from student_basic where id = ? 
2019-09-02 12:38:24,677 DEBUG (BaseJdbcLogger.java:143)- ====> Parameters: 18207(String)
2019-09-02 12:38:24,678 DEBUG (BaseJdbcLogger.java:143)- <====      Total: 1
2019-09-02 12:38:24,678 DEBUG (BaseJdbcLogger.java:143)- ====>  Preparing: select id, name, sex, birthday, phone, ID_number, email, parent_phone, adress, major, state from student_basic where id = ? 
2019-09-02 12:38:24,678 DEBUG (BaseJdbcLogger.java:143)- ====> Parameters: 18208(String)
2019-09-02 12:38:24,679 DEBUG (BaseJdbcLogger.java:143)- <====      Total: 1
2019-09-02 12:38:24,680 DEBUG (BaseJdbcLogger.java:143)- ====>  Preparing: select id, name, sex, birthday, phone, ID_number, email, parent_phone, adress, major, state from student_basic where id = ? 
2019-09-02 12:38:24,681 DEBUG (BaseJdbcLogger.java:143)- ====> Parameters: 18212(String)
2019-09-02 12:38:24,682 DEBUG (BaseJdbcLogger.java:143)- <====      Total: 1
2019-09-02 12:38:24,683 DEBUG (BaseJdbcLogger.java:143)- ====>  Preparing: select id, name, sex, birthday, phone, ID_number, email, parent_phone, adress, major, state from student_basic where id = ? 
2019-09-02 12:38:24,684 DEBUG (BaseJdbcLogger.java:143)- ====> Parameters: 18215(String)
2019-09-02 12:38:24,685 DEBUG (BaseJdbcLogger.java:143)- <====      Total: 1
2019-09-02 12:38:24,686 DEBUG (BaseJdbcLogger.java:143)- ====>  Preparing: select id, name, sex, birthday, phone, ID_number, email, parent_phone, adress, major, state from student_basic where id = ? 
2019-09-02 12:38:24,686 DEBUG (BaseJdbcLogger.java:143)- ====> Parameters: 18216(String)
2019-09-02 12:38:24,687 DEBUG (BaseJdbcLogger.java:143)- <====      Total: 1
