2019-09-24 18:57:40,348 DEBUG (BaseJdbcLogger.java:143)- ==>  Preparing: select id from major where major_id=? limit 1 
2019-09-24 18:57:40,350 DEBUG (BaseJdbcLogger.java:143)- ==> Parameters: 080901(String)
2019-09-24 18:57:40,351 DEBUG (BaseJdbcLogger.java:143)- <==      Total: 1
2019-09-24 18:57:40,352 DEBUG (BaseJdbcLogger.java:143)- ==>  Preparing: select id,class_id,name,director,grade,major_id from class where major_id = ? 
2019-09-24 18:57:40,352 DEBUG (BaseJdbcLogger.java:143)- ==> Parameters: 080901(String)
2019-09-24 18:57:40,352 DEBUG (BaseJdbcLogger.java:143)- <==      Total: 0
2019-09-24 18:57:40,354 DEBUG (BaseJdbcLogger.java:143)- ==>  Preparing: update student_status SET student_id = ?, class_id = ? WHERE basic_id= ? ; update student_status SET student_id = ?, class_id = ? WHERE basic_id= ? ; update student_status SET student_id = ?, class_id = ? WHERE basic_id= ? ; update student_status SET student_id = ?, class_id = ? WHERE basic_id= ? ; update student_status SET student_id = ?, class_id = ? WHERE basic_id= ? ; update student_status SET student_id = ?, class_id = ? WHERE basic_id= ? ; update student_status SET student_id = ?, class_id = ? WHERE basic_id= ? ; update student_status SET student_id = ?, class_id = ? WHERE basic_id= ? ; update student_status SET student_id = ?, class_id = ? WHERE basic_id= ? ; update student_status SET student_id = ?, class_id = ? WHERE basic_id= ? ; update student_status SET student_id = ?, class_id = ? WHERE basic_id= ? ; update student_status SET student_id = ?, class_id = ? WHERE basic_id= ? ; update student_status SET student_id = ?, class_id = ? WHERE basic_id= ? ; update student_status SET student_id = ?, class_id = ? WHERE basic_id= ? ; update student_status SET student_id = ?, class_id = ? WHERE basic_id= ? ; update student_status SET student_id = ?, class_id = ? WHERE basic_id= ? ; update student_status SET student_id = ?, class_id = ? WHERE basic_id= ? ; update student_status SET student_id = ?, class_id = ? WHERE basic_id= ? ; update student_status SET student_id = ?, class_id = ? WHERE basic_id= ? ; update student_status SET student_id = ?, class_id = ? WHERE basic_id= ? ; update student_status SET student_id = ?, class_id = ? WHERE basic_id= ? ; update student_status SET student_id = ?, class_id = ? WHERE basic_id= ? ; update student_status SET student_id = ?, class_id = ? WHERE basic_id= ? ; update student_status SET student_id = ?, class_id = ? WHERE basic_id= ? ; update student_status SET student_id = ?, class_id = ? WHERE basic_id= ? ; update student_status SET student_id = ?, class_id = ? WHERE basic_id= ? ; update student_status SET student_id = ?, class_id = ? WHERE basic_id= ? ; update student_status SET student_id = ?, class_id = ? WHERE basic_id= ? ; update student_status SET student_id = ?, class_id = ? WHERE basic_id= ? ; update student_status SET student_id = ?, class_id = ? WHERE basic_id= ? ; update student_status SET student_id = ?, class_id = ? WHERE basic_id= ? ; update student_status SET student_id = ?, class_id = ? WHERE basic_id= ? ; update student_status SET student_id = ?, class_id = ? WHERE basic_id= ? ; update student_status SET student_id = ?, class_id = ? WHERE basic_id= ? ; update student_status SET student_id = ?, class_id = ? WHERE basic_id= ? ; update student_status SET student_id = ?, class_id = ? WHERE basic_id= ? ; update student_status SET student_id = ?, class_id = ? WHERE basic_id= ? ; update student_status SET student_id = ?, class_id = ? WHERE basic_id= ? ; update student_status SET student_id = ?, class_id = ? WHERE basic_id= ? ; update student_status SET student_id = ?, class_id = ? WHERE basic_id= ? 
2019-09-24 18:57:40,355 DEBUG (BaseJdbcLogger.java:143)- ==> Parameters: 19380501(String), 080901201901(String), 26858(Integer), 19380501(String), 080901201901(String), 26859(Integer), 19380501(String), 080901201901(String), 26862(Integer), 19380501(String), 080901201901(String), 26863(Integer), 19380501(String), 080901201901(String), 26865(Integer), 19380501(String), 080901201901(String), 26868(Integer), 19380501(String), 080901201901(String), 26872(Integer), 19380501(String), 080901201901(String), 26875(Integer), 19380501(String), 080901201901(String), 26877(Integer), 19380501(String), 080901201901(String), 26878(Integer), 19380501(String), 080901201901(String), 26880(Integer), 19380501(String), 080901201901(String), 26883(Integer), 19380501(String), 080901201901(String), 26885(Integer), 19380501(String), 080901201901(String), 26887(Integer), 19380501(String), 080901201901(String), 26889(Integer), 19380501(String), 080901201901(String), 26891(Integer), 19380501(String), 080901201901(String), 26892(Integer), 19380501(String), 080901201901(String), 26893(Integer), 19380501(String), 080901201901(String), 26895(Integer), 19380501(String), 080901201901(String), 26898(Integer), 19380501(String), 080901201901(String), 26899(Integer), 19380501(String), 080901201901(String), 26900(Integer), 19380501(String), 080901201901(String), 26860(Integer), 19380501(String), 080901201901(String), 26861(Integer), 19380501(String), 080901201901(String), 26864(Integer), 19380501(String), 080901201901(String), 26866(Integer), 19380501(String), 080901201901(String), 26867(Integer), 19380501(String), 080901201901(String), 26869(Integer), 19380501(String), 080901201901(String), 26870(Integer), 19380501(String), 080901201901(String), 26871(Integer), 19380501(String), 080901201901(String), 26873(Integer), 19380501(String), 080901201901(String), 26874(Integer), 19380501(String), 080901201901(String), 26876(Integer), 19380501(String), 080901201901(String), 26879(Integer), 19380501(String), 080901201901(String), 26881(Integer), 19380501(String), 080901201901(String), 26882(Integer), 19380501(String), 080901201901(String), 26884(Integer), 19380501(String), 080901201901(String), 26886(Integer), 19380501(String), 080901201901(String), 26888(Integer), 19380501(String), 080901201901(String), 26890(Integer)
2019-09-24 18:57:40,390 DEBUG (BaseJdbcLogger.java:143)- <==    Updates: 2
2019-09-24 18:57:40,391 DEBUG (BaseJdbcLogger.java:143)- ==>  Preparing: update student_basic set state = '1' where id in ( ? , ? , ? , ? , ? , ? , ? , ? , ? , ? , ? , ? , ? , ? , ? , ? , ? , ? , ? , ? , ? , ? , ? , ? , ? , ? , ? , ? , ? , ? , ? , ? , ? , ? , ? , ? , ? , ? , ? , ? ) 
2019-09-24 18:57:40,392 DEBUG (BaseJdbcLogger.java:143)- ==> Parameters: 26858(Integer), 26859(Integer), 26862(Integer), 26863(Integer), 26865(Integer), 26868(Integer), 26872(Integer), 26875(Integer), 26877(Integer), 26878(Integer), 26880(Integer), 26883(Integer), 26885(Integer), 26887(Integer), 26889(Integer), 26891(Integer), 26892(Integer), 26893(Integer), 26895(Integer), 26898(Integer), 26899(Integer), 26900(Integer), 26860(Integer), 26861(Integer), 26864(Integer), 26866(Integer), 26867(Integer), 26869(Integer), 26870(Integer), 26871(Integer), 26873(Integer), 26874(Integer), 26876(Integer), 26879(Integer), 26881(Integer), 26882(Integer), 26884(Integer), 26886(Integer), 26888(Integer), 26890(Integer)
2019-09-24 18:57:40,394 DEBUG (BaseJdbcLogger.java:143)- <==    Updates: 40
2019-09-24 18:57:40,395 DEBUG (BaseJdbcLogger.java:143)- ==>  Preparing: update student_status SET student_id = ?, class_id = ? WHERE basic_id= ? ; update student_status SET student_id = ?, class_id = ? WHERE basic_id= ? ; update student_status SET student_id = ?, class_id = ? WHERE basic_id= ? ; update student_status SET student_id = ?, class_id = ? WHERE basic_id= ? ; update student_status SET student_id = ?, class_id = ? WHERE basic_id= ? ; update student_status SET student_id = ?, class_id = ? WHERE basic_id= ? ; update student_status SET student_id = ?, class_id = ? WHERE basic_id= ? ; update student_status SET student_id = ?, class_id = ? WHERE basic_id= ? ; update student_status SET student_id = ?, class_id = ? WHERE basic_id= ? ; update student_status SET student_id = ?, class_id = ? WHERE basic_id= ? ; update student_status SET student_id = ?, class_id = ? WHERE basic_id= ? ; update student_status SET student_id = ?, class_id = ? WHERE basic_id= ? ; update student_status SET student_id = ?, class_id = ? WHERE basic_id= ? ; update student_status SET student_id = ?, class_id = ? WHERE basic_id= ? ; update student_status SET student_id = ?, class_id = ? WHERE basic_id= ? ; update student_status SET student_id = ?, class_id = ? WHERE basic_id= ? ; update student_status SET student_id = ?, class_id = ? WHERE basic_id= ? ; update student_status SET student_id = ?, class_id = ? WHERE basic_id= ? ; update student_status SET student_id = ?, class_id = ? WHERE basic_id= ? ; update student_status SET student_id = ?, class_id = ? WHERE basic_id= ? ; update student_status SET student_id = ?, class_id = ? WHERE basic_id= ? ; update student_status SET student_id = ?, class_id = ? WHERE basic_id= ? ; update student_status SET student_id = ?, class_id = ? WHERE basic_id= ? ; update student_status SET student_id = ?, class_id = ? WHERE basic_id= ? ; update student_status SET student_id = ?, class_id = ? WHERE basic_id= ? ; update student_status SET student_id = ?, class_id = ? WHERE basic_id= ? ; update student_status SET student_id = ?, class_id = ? WHERE basic_id= ? ; update student_status SET student_id = ?, class_id = ? WHERE basic_id= ? ; update student_status SET student_id = ?, class_id = ? WHERE basic_id= ? ; update student_status SET student_id = ?, class_id = ? WHERE basic_id= ? ; update student_status SET student_id = ?, class_id = ? WHERE basic_id= ? ; update student_status SET student_id = ?, class_id = ? WHERE basic_id= ? ; update student_status SET student_id = ?, class_id = ? WHERE basic_id= ? ; update student_status SET student_id = ?, class_id = ? WHERE basic_id= ? ; update student_status SET student_id = ?, class_id = ? WHERE basic_id= ? ; update student_status SET student_id = ?, class_id = ? WHERE basic_id= ? ; update student_status SET student_id = ?, class_id = ? WHERE basic_id= ? ; update student_status SET student_id = ?, class_id = ? WHERE basic_id= ? ; update student_status SET student_id = ?, class_id = ? WHERE basic_id= ? 
2019-09-24 18:57:40,396 DEBUG (BaseJdbcLogger.java:143)- ==> Parameters: 19380502(String), 080901201902(String), 26902(Integer), 19380502(String), 080901201902(String), 26903(Integer), 19380502(String), 080901201902(String), 26904(Integer), 19380502(String), 080901201902(String), 26907(Integer), 19380502(String), 080901201902(String), 26909(Integer), 19380502(String), 080901201902(String), 26911(Integer), 19380502(String), 080901201902(String), 26912(Integer), 19380502(String), 080901201902(String), 26914(Integer), 19380502(String), 080901201902(String), 26915(Integer), 19380502(String), 080901201902(String), 26916(Integer), 19380502(String), 080901201902(String), 26918(Integer), 19380502(String), 080901201902(String), 26921(Integer), 19380502(String), 080901201902(String), 26923(Integer), 19380502(String), 080901201902(String), 26927(Integer), 19380502(String), 080901201902(String), 26928(Integer), 19380502(String), 080901201902(String), 26929(Integer), 19380502(String), 080901201902(String), 26930(Integer), 19380502(String), 080901201902(String), 26933(Integer), 19380502(String), 080901201902(String), 26937(Integer), 19380502(String), 080901201902(String), 26940(Integer), 19380502(String), 080901201902(String), 26942(Integer), 19380502(String), 080901201902(String), 26945(Integer), 19380502(String), 080901201902(String), 26894(Integer), 19380502(String), 080901201902(String), 26896(Integer), 19380502(String), 080901201902(String), 26897(Integer), 19380502(String), 080901201902(String), 26901(Integer), 19380502(String), 080901201902(String), 26905(Integer), 19380502(String), 080901201902(String), 26906(Integer), 19380502(String), 080901201902(String), 26908(Integer), 19380502(String), 080901201902(String), 26910(Integer), 19380502(String), 080901201902(String), 26913(Integer), 19380502(String), 080901201902(String), 26917(Integer), 19380502(String), 080901201902(String), 26919(Integer), 19380502(String), 080901201902(String), 26920(Integer), 19380502(String), 080901201902(String), 26922(Integer), 19380502(String), 080901201902(String), 26924(Integer), 19380502(String), 080901201902(String), 26925(Integer), 19380502(String), 080901201902(String), 26926(Integer), 19380502(String), 080901201902(String), 26931(Integer)
2019-09-24 18:57:40,429 DEBUG (BaseJdbcLogger.java:143)- <==    Updates: 2
2019-09-24 18:57:40,429 DEBUG (BaseJdbcLogger.java:143)- ==>  Preparing: update student_basic set state = '1' where id in ( ? , ? , ? , ? , ? , ? , ? , ? , ? , ? , ? , ? , ? , ? , ? , ? , ? , ? , ? , ? , ? , ? , ? , ? , ? , ? , ? , ? , ? , ? , ? , ? , ? , ? , ? , ? , ? , ? , ? ) 
2019-09-24 18:57:40,430 DEBUG (BaseJdbcLogger.java:143)- ==> Parameters: 26902(Integer), 26903(Integer), 26904(Integer), 26907(Integer), 26909(Integer), 26911(Integer), 26912(Integer), 26914(Integer), 26915(Integer), 26916(Integer), 26918(Integer), 26921(Integer), 26923(Integer), 26927(Integer), 26928(Integer), 26929(Integer), 26930(Integer), 26933(Integer), 26937(Integer), 26940(Integer), 26942(Integer), 26945(Integer), 26894(Integer), 26896(Integer), 26897(Integer), 26901(Integer), 26905(Integer), 26906(Integer), 26908(Integer), 26910(Integer), 26913(Integer), 26917(Integer), 26919(Integer), 26920(Integer), 26922(Integer), 26924(Integer), 26925(Integer), 26926(Integer), 26931(Integer)
2019-09-24 18:57:40,435 DEBUG (BaseJdbcLogger.java:143)- <==    Updates: 39
2019-09-24 18:57:40,437 DEBUG (BaseJdbcLogger.java:143)- ==>  Preparing: update student_status SET student_id = ?, class_id = ? WHERE basic_id= ? ; update student_status SET student_id = ?, class_id = ? WHERE basic_id= ? ; update student_status SET student_id = ?, class_id = ? WHERE basic_id= ? ; update student_status SET student_id = ?, class_id = ? WHERE basic_id= ? ; update student_status SET student_id = ?, class_id = ? WHERE basic_id= ? ; update student_status SET student_id = ?, class_id = ? WHERE basic_id= ? ; update student_status SET student_id = ?, class_id = ? WHERE basic_id= ? ; update student_status SET student_id = ?, class_id = ? WHERE basic_id= ? ; update student_status SET student_id = ?, class_id = ? WHERE basic_id= ? ; update student_status SET student_id = ?, class_id = ? WHERE basic_id= ? ; update student_status SET student_id = ?, class_id = ? WHERE basic_id= ? ; update student_status SET student_id = ?, class_id = ? WHERE basic_id= ? ; update student_status SET student_id = ?, class_id = ? WHERE basic_id= ? ; update student_status SET student_id = ?, class_id = ? WHERE basic_id= ? ; update student_status SET student_id = ?, class_id = ? WHERE basic_id= ? ; update student_status SET student_id = ?, class_id = ? WHERE basic_id= ? ; update student_status SET student_id = ?, class_id = ? WHERE basic_id= ? ; update student_status SET student_id = ?, class_id = ? WHERE basic_id= ? ; update student_status SET student_id = ?, class_id = ? WHERE basic_id= ? ; update student_status SET student_id = ?, class_id = ? WHERE basic_id= ? ; update student_status SET student_id = ?, class_id = ? WHERE basic_id= ? ; update student_status SET student_id = ?, class_id = ? WHERE basic_id= ? ; update student_status SET student_id = ?, class_id = ? WHERE basic_id= ? ; update student_status SET student_id = ?, class_id = ? WHERE basic_id= ? ; update student_status SET student_id = ?, class_id = ? WHERE basic_id= ? ; update student_status SET student_id = ?, class_id = ? WHERE basic_id= ? ; update student_status SET student_id = ?, class_id = ? WHERE basic_id= ? ; update student_status SET student_id = ?, class_id = ? WHERE basic_id= ? ; update student_status SET student_id = ?, class_id = ? WHERE basic_id= ? ; update student_status SET student_id = ?, class_id = ? WHERE basic_id= ? ; update student_status SET student_id = ?, class_id = ? WHERE basic_id= ? ; update student_status SET student_id = ?, class_id = ? WHERE basic_id= ? ; update student_status SET student_id = ?, class_id = ? WHERE basic_id= ? ; update student_status SET student_id = ?, class_id = ? WHERE basic_id= ? ; update student_status SET student_id = ?, class_id = ? WHERE basic_id= ? ; update student_status SET student_id = ?, class_id = ? WHERE basic_id= ? ; update student_status SET student_id = ?, class_id = ? WHERE basic_id= ? ; update student_status SET student_id = ?, class_id = ? WHERE basic_id= ? 
2019-09-24 18:57:40,438 DEBUG (BaseJdbcLogger.java:143)- ==> Parameters: 19380503(String), 080901201903(String), 26946(Integer), 19380503(String), 080901201903(String), 26951(Integer), 19380503(String), 080901201903(String), 26952(Integer), 19380503(String), 080901201903(String), 26953(Integer), 19380503(String), 080901201903(String), 26954(Integer), 19380503(String), 080901201903(String), 26955(Integer), 19380503(String), 080901201903(String), 26956(Integer), 19380503(String), 080901201903(String), 26957(Integer), 19380503(String), 080901201903(String), 26958(Integer), 19380503(String), 080901201903(String), 26960(Integer), 19380503(String), 080901201903(String), 26961(Integer), 19380503(String), 080901201903(String), 26964(Integer), 19380503(String), 080901201903(String), 26967(Integer), 19380503(String), 080901201903(String), 26968(Integer), 19380503(String), 080901201903(String), 26969(Integer), 19380503(String), 080901201903(String), 26973(Integer), 19380503(String), 080901201903(String), 26974(Integer), 19380503(String), 080901201903(String), 26975(Integer), 19380503(String), 080901201903(String), 26976(Integer), 19380503(String), 080901201903(String), 26977(Integer), 19380503(String), 080901201903(String), 26978(Integer), 19380503(String), 080901201903(String), 26932(Integer), 19380503(String), 080901201903(String), 26934(Integer), 19380503(String), 080901201903(String), 26935(Integer), 19380503(String), 080901201903(String), 26936(Integer), 19380503(String), 080901201903(String), 26938(Integer), 19380503(String), 080901201903(String), 26939(Integer), 19380503(String), 080901201903(String), 26941(Integer), 19380503(String), 080901201903(String), 26943(Integer), 19380503(String), 080901201903(String), 26944(Integer), 19380503(String), 080901201903(String), 26947(Integer), 19380503(String), 080901201903(String), 26948(Integer), 19380503(String), 080901201903(String), 26949(Integer), 19380503(String), 080901201903(String), 26950(Integer), 19380503(String), 080901201903(String), 26959(Integer), 19380503(String), 080901201903(String), 26962(Integer), 19380503(String), 080901201903(String), 26963(Integer), 19380503(String), 080901201903(String), 26965(Integer)
2019-09-24 18:57:40,484 DEBUG (BaseJdbcLogger.java:143)- <==    Updates: 2
2019-09-24 18:57:40,485 DEBUG (BaseJdbcLogger.java:143)- ==>  Preparing: update student_basic set state = '1' where id in ( ? , ? , ? , ? , ? , ? , ? , ? , ? , ? , ? , ? , ? , ? , ? , ? , ? , ? , ? , ? , ? , ? , ? , ? , ? , ? , ? , ? , ? , ? , ? , ? , ? , ? , ? , ? , ? , ? ) 
2019-09-24 18:57:40,486 DEBUG (BaseJdbcLogger.java:143)- ==> Parameters: 26946(Integer), 26951(Integer), 26952(Integer), 26953(Integer), 26954(Integer), 26955(Integer), 26956(Integer), 26957(Integer), 26958(Integer), 26960(Integer), 26961(Integer), 26964(Integer), 26967(Integer), 26968(Integer), 26969(Integer), 26973(Integer), 26974(Integer), 26975(Integer), 26976(Integer), 26977(Integer), 26978(Integer), 26932(Integer), 26934(Integer), 26935(Integer), 26936(Integer), 26938(Integer), 26939(Integer), 26941(Integer), 26943(Integer), 26944(Integer), 26947(Integer), 26948(Integer), 26949(Integer), 26950(Integer), 26959(Integer), 26962(Integer), 26963(Integer), 26965(Integer)
2019-09-24 18:57:40,487 DEBUG (BaseJdbcLogger.java:143)- <==    Updates: 38
2019-09-24 18:57:40,489 DEBUG (BaseJdbcLogger.java:143)- ==>  Preparing: update student_status SET student_id = ?, class_id = ? WHERE basic_id= ? ; update student_status SET student_id = ?, class_id = ? WHERE basic_id= ? ; update student_status SET student_id = ?, class_id = ? WHERE basic_id= ? ; update student_status SET student_id = ?, class_id = ? WHERE basic_id= ? ; update student_status SET student_id = ?, class_id = ? WHERE basic_id= ? ; update student_status SET student_id = ?, class_id = ? WHERE basic_id= ? ; update student_status SET student_id = ?, class_id = ? WHERE basic_id= ? ; update student_status SET student_id = ?, class_id = ? WHERE basic_id= ? ; update student_status SET student_id = ?, class_id = ? WHERE basic_id= ? ; update student_status SET student_id = ?, class_id = ? WHERE basic_id= ? ; update student_status SET student_id = ?, class_id = ? WHERE basic_id= ? ; update student_status SET student_id = ?, class_id = ? WHERE basic_id= ? ; update student_status SET student_id = ?, class_id = ? WHERE basic_id= ? ; update student_status SET student_id = ?, class_id = ? WHERE basic_id= ? ; update student_status SET student_id = ?, class_id = ? WHERE basic_id= ? ; update student_status SET student_id = ?, class_id = ? WHERE basic_id= ? ; update student_status SET student_id = ?, class_id = ? WHERE basic_id= ? ; update student_status SET student_id = ?, class_id = ? WHERE basic_id= ? ; update student_status SET student_id = ?, class_id = ? WHERE basic_id= ? ; update student_status SET student_id = ?, class_id = ? WHERE basic_id= ? ; update student_status SET student_id = ?, class_id = ? WHERE basic_id= ? ; update student_status SET student_id = ?, class_id = ? WHERE basic_id= ? ; update student_status SET student_id = ?, class_id = ? WHERE basic_id= ? ; update student_status SET student_id = ?, class_id = ? WHERE basic_id= ? ; update student_status SET student_id = ?, class_id = ? WHERE basic_id= ? ; update student_status SET student_id = ?, class_id = ? WHERE basic_id= ? ; update student_status SET student_id = ?, class_id = ? WHERE basic_id= ? ; update student_status SET student_id = ?, class_id = ? WHERE basic_id= ? ; update student_status SET student_id = ?, class_id = ? WHERE basic_id= ? ; update student_status SET student_id = ?, class_id = ? WHERE basic_id= ? ; update student_status SET student_id = ?, class_id = ? WHERE basic_id= ? ; update student_status SET student_id = ?, class_id = ? WHERE basic_id= ? ; update student_status SET student_id = ?, class_id = ? WHERE basic_id= ? ; update student_status SET student_id = ?, class_id = ? WHERE basic_id= ? ; update student_status SET student_id = ?, class_id = ? WHERE basic_id= ? ; update student_status SET student_id = ?, class_id = ? WHERE basic_id= ? ; update student_status SET student_id = ?, class_id = ? WHERE basic_id= ? ; update student_status SET student_id = ?, class_id = ? WHERE basic_id= ? 
2019-09-24 18:57:40,490 DEBUG (BaseJdbcLogger.java:143)- ==> Parameters: 19380504(String), 080901201904(String), 26980(Integer), 19380504(String), 080901201904(String), 26983(Integer), 19380504(String), 080901201904(String), 26985(Integer), 19380504(String), 080901201904(String), 26986(Integer), 19380504(String), 080901201904(String), 26988(Integer), 19380504(String), 080901201904(String), 26990(Integer), 19380504(String), 080901201904(String), 26991(Integer), 19380504(String), 080901201904(String), 26992(Integer), 19380504(String), 080901201904(String), 26993(Integer), 19380504(String), 080901201904(String), 26995(Integer), 19380504(String), 080901201904(String), 26997(Integer), 19380504(String), 080901201904(String), 26998(Integer), 19380504(String), 080901201904(String), 26999(Integer), 19380504(String), 080901201904(String), 27003(Integer), 19380504(String), 080901201904(String), 27004(Integer), 19380504(String), 080901201904(String), 27005(Integer), 19380504(String), 080901201904(String), 27006(Integer), 19380504(String), 080901201904(String), 27008(Integer), 19380504(String), 080901201904(String), 27009(Integer), 19380504(String), 080901201904(String), 27010(Integer), 19380504(String), 080901201904(String), 27011(Integer), 19380504(String), 080901201904(String), 26966(Integer), 19380504(String), 080901201904(String), 26970(Integer), 19380504(String), 080901201904(String), 26971(Integer), 19380504(String), 080901201904(String), 26972(Integer), 19380504(String), 080901201904(String), 26979(Integer), 19380504(String), 080901201904(String), 26981(Integer), 19380504(String), 080901201904(String), 26982(Integer), 19380504(String), 080901201904(String), 26984(Integer), 19380504(String), 080901201904(String), 26987(Integer), 19380504(String), 080901201904(String), 26989(Integer), 19380504(String), 080901201904(String), 26994(Integer), 19380504(String), 080901201904(String), 26996(Integer), 19380504(String), 080901201904(String), 27000(Integer), 19380504(String), 080901201904(String), 27001(Integer), 19380504(String), 080901201904(String), 27002(Integer), 19380504(String), 080901201904(String), 27007(Integer), 19380504(String), 080901201904(String), 27012(Integer)
2019-09-24 18:57:40,535 DEBUG (BaseJdbcLogger.java:143)- <==    Updates: 2
2019-09-24 18:57:40,537 DEBUG (BaseJdbcLogger.java:143)- ==>  Preparing: update student_basic set state = '1' where id in ( ? , ? , ? , ? , ? , ? , ? , ? , ? , ? , ? , ? , ? , ? , ? , ? , ? , ? , ? , ? , ? , ? , ? , ? , ? , ? , ? , ? , ? , ? , ? , ? , ? , ? , ? , ? , ? , ? ) 
2019-09-24 18:57:40,538 DEBUG (BaseJdbcLogger.java:143)- ==> Parameters: 26980(Integer), 26983(Integer), 26985(Integer), 26986(Integer), 26988(Integer), 26990(Integer), 26991(Integer), 26992(Integer), 26993(Integer), 26995(Integer), 26997(Integer), 26998(Integer), 26999(Integer), 27003(Integer), 27004(Integer), 27005(Integer), 27006(Integer), 27008(Integer), 27009(Integer), 27010(Integer), 27011(Integer), 26966(Integer), 26970(Integer), 26971(Integer), 26972(Integer), 26979(Integer), 26981(Integer), 26982(Integer), 26984(Integer), 26987(Integer), 26989(Integer), 26994(Integer), 26996(Integer), 27000(Integer), 27001(Integer), 27002(Integer), 27007(Integer), 27012(Integer)
2019-09-24 18:57:40,540 DEBUG (BaseJdbcLogger.java:143)- <==    Updates: 38
2019-09-24 18:57:40,541 DEBUG (BaseJdbcLogger.java:143)- ==>  Preparing: insert into class(class_id,name,grade,major_id) values (?, ?, ?, ?) , (?, ?, ?, ?) , (?, ?, ?, ?) , (?, ?, ?, ?) 
2019-09-24 18:57:40,541 DEBUG (BaseJdbcLogger.java:143)- ==> Parameters: 080901201901(String), 1班(String), 2019级(String), 080901(String), 080901201902(String), 2班(String), 2019级(String), 080901(String), 080901201903(String), 3班(String), 2019级(String), 080901(String), 080901201904(String), 4班(String), 2019级(String), 080901(String)
2019-09-24 18:57:40,543 DEBUG (BaseJdbcLogger.java:143)- <==    Updates: 4
2019-09-24 18:57:40,543 DEBUG (BaseJdbcLogger.java:143)- ==>  Preparing: select major_id from major where name=? limit 1 
2019-09-24 18:57:40,543 DEBUG (BaseJdbcLogger.java:143)- ==> Parameters: 通信工程(String)
2019-09-24 18:57:40,544 DEBUG (BaseJdbcLogger.java:143)- <==      Total: 1
2019-09-24 18:57:40,544 DEBUG (BaseJdbcLogger.java:143)- ==>  Preparing: select id, name, sex, birthday, phone, ID_number, email, parent_phone, adress, major, state from student_basic where sex=? and major=? and state='0' 
2019-09-24 18:57:40,545 DEBUG (BaseJdbcLogger.java:143)- ==> Parameters: 男(String), 通信工程(String)
2019-09-24 18:57:40,546 DEBUG (BaseJdbcLogger.java:143)- ====>  Preparing: select a.id, a.role_id, a.name from role as a,user_role as b where a.id=b.role_id and b.user_id=? 
2019-09-24 18:57:40,547 DEBUG (BaseJdbcLogger.java:143)- ====> Parameters: 27089(Integer)
2019-09-24 18:57:40,548 DEBUG (BaseJdbcLogger.java:143)- <====      Total: 0
2019-09-24 18:57:40,548 DEBUG (BaseJdbcLogger.java:143)- ====>  Preparing: select a.id, a.role_id, a.name from role as a,user_role as b where a.id=b.role_id and b.user_id=? 
2019-09-24 18:57:40,549 DEBUG (BaseJdbcLogger.java:143)- ====> Parameters: 27090(Integer)
2019-09-24 18:57:40,551 DEBUG (BaseJdbcLogger.java:143)- <====      Total: 0
2019-09-24 18:57:40,552 DEBUG (BaseJdbcLogger.java:143)- ====>  Preparing: select a.id, a.role_id, a.name from role as a,user_role as b where a.id=b.role_id and b.user_id=? 
2019-09-24 18:57:40,552 DEBUG (BaseJdbcLogger.java:143)- ====> Parameters: 27091(Integer)
2019-09-24 18:57:40,554 DEBUG (BaseJdbcLogger.java:143)- <====      Total: 0
2019-09-24 18:57:40,554 DEBUG (BaseJdbcLogger.java:143)- ====>  Preparing: select a.id, a.role_id, a.name from role as a,user_role as b where a.id=b.role_id and b.user_id=? 
2019-09-24 18:57:40,555 DEBUG (BaseJdbcLogger.java:143)- ====> Parameters: 27092(Integer)
2019-09-24 18:57:40,556 DEBUG (BaseJdbcLogger.java:143)- <====      Total: 0
2019-09-24 18:57:40,557 DEBUG (BaseJdbcLogger.java:143)- ====>  Preparing: select a.id, a.role_id, a.name from role as a,user_role as b where a.id=b.role_id and b.user_id=? 
2019-09-24 18:57:40,557 DEBUG (BaseJdbcLogger.java:143)- ====> Parameters: 27095(Integer)
2019-09-24 18:57:40,559 DEBUG (BaseJdbcLogger.java:143)- <====      Total: 0
2019-09-24 18:57:40,559 DEBUG (BaseJdbcLogger.java:143)- ====>  Preparing: select a.id, a.role_id, a.name from role as a,user_role as b where a.id=b.role_id and b.user_id=? 
2019-09-24 18:57:40,559 DEBUG (BaseJdbcLogger.java:143)- ====> Parameters: 27096(Integer)
2019-09-24 18:57:40,560 DEBUG (BaseJdbcLogger.java:143)- <====      Total: 0
2019-09-24 18:57:40,561 DEBUG (BaseJdbcLogger.java:143)- ====>  Preparing: select a.id, a.role_id, a.name from role as a,user_role as b where a.id=b.role_id and b.user_id=? 
2019-09-24 18:57:40,561 DEBUG (BaseJdbcLogger.java:143)- ====> Parameters: 27097(Integer)
2019-09-24 18:57:40,562 DEBUG (BaseJdbcLogger.java:143)- <====      Total: 0
2019-09-24 18:57:40,562 DEBUG (BaseJdbcLogger.java:143)- ====>  Preparing: select a.id, a.role_id, a.name from role as a,user_role as b where a.id=b.role_id and b.user_id=? 
2019-09-24 18:57:40,563 DEBUG (BaseJdbcLogger.java:143)- ====> Parameters: 27098(Integer)
2019-09-24 18:57:40,564 DEBUG (BaseJdbcLogger.java:143)- <====      Total: 0
2019-09-24 18:57:40,564 DEBUG (BaseJdbcLogger.java:143)- ====>  Preparing: select a.id, a.role_id, a.name from role as a,user_role as b where a.id=b.role_id and b.user_id=? 
2019-09-24 18:57:40,565 DEBUG (BaseJdbcLogger.java:143)- ====> Parameters: 27099(Integer)
2019-09-24 18:57:40,566 DEBUG (BaseJdbcLogger.java:143)- <====      Total: 0
2019-09-24 18:57:40,567 DEBUG (BaseJdbcLogger.java:143)- ====>  Preparing: select a.id, a.role_id, a.name from role as a,user_role as b where a.id=b.role_id and b.user_id=? 
2019-09-24 18:57:40,567 DEBUG (BaseJdbcLogger.java:143)- ====> Parameters: 27100(Integer)
2019-09-24 18:57:40,568 DEBUG (BaseJdbcLogger.java:143)- <====      Total: 0
2019-09-24 18:57:40,569 DEBUG (BaseJdbcLogger.java:143)- ====>  Preparing: select a.id, a.role_id, a.name from role as a,user_role as b where a.id=b.role_id and b.user_id=? 
2019-09-24 18:57:40,569 DEBUG (BaseJdbcLogger.java:143)- ====> Parameters: 27102(Integer)
2019-09-24 18:57:40,570 DEBUG (BaseJdbcLogger.java:143)- <====      Total: 0
2019-09-24 18:57:40,570 DEBUG (BaseJdbcLogger.java:143)- ====>  Preparing: select a.id, a.role_id, a.name from role as a,user_role as b where a.id=b.role_id and b.user_id=? 
2019-09-24 18:57:40,571 DEBUG (BaseJdbcLogger.java:143)- ====> Parameters: 27106(Integer)
2019-09-24 18:57:40,572 DEBUG (BaseJdbcLogger.java:143)- <====      Total: 0
2019-09-24 18:57:40,572 DEBUG (BaseJdbcLogger.java:143)- ====>  Preparing: select a.id, a.role_id, a.name from role as a,user_role as b where a.id=b.role_id and b.user_id=? 
2019-09-24 18:57:40,572 DEBUG (BaseJdbcLogger.java:143)- ====> Parameters: 27109(Integer)
2019-09-24 18:57:40,573 DEBUG (BaseJdbcLogger.java:143)- <====      Total: 0
2019-09-24 18:57:40,574 DEBUG (BaseJdbcLogger.java:143)- ====>  Preparing: select a.id, a.role_id, a.name from role as a,user_role as b where a.id=b.role_id and b.user_id=? 
2019-09-24 18:57:40,574 DEBUG (BaseJdbcLogger.java:143)- ====> Parameters: 27110(Integer)
2019-09-24 18:57:40,575 DEBUG (BaseJdbcLogger.java:143)- <====      Total: 0
2019-09-24 18:57:40,575 DEBUG (BaseJdbcLogger.java:143)- ====>  Preparing: select a.id, a.role_id, a.name from role as a,user_role as b where a.id=b.role_id and b.user_id=? 
2019-09-24 18:57:40,576 DEBUG (BaseJdbcLogger.java:143)- ====> Parameters: 27113(Integer)
2019-09-24 18:57:40,577 DEBUG (BaseJdbcLogger.java:143)- <====      Total: 0
2019-09-24 18:57:40,577 DEBUG (BaseJdbcLogger.java:143)- ====>  Preparing: select a.id, a.role_id, a.name from role as a,user_role as b where a.id=b.role_id and b.user_id=? 
2019-09-24 18:57:40,578 DEBUG (BaseJdbcLogger.java:143)- ====> Parameters: 27115(Integer)
2019-09-24 18:57:40,579 DEBUG (BaseJdbcLogger.java:143)- <====      Total: 0
2019-09-24 18:57:40,579 DEBUG (BaseJdbcLogger.java:143)- ====>  Preparing: select a.id, a.role_id, a.name from role as a,user_role as b where a.id=b.role_id and b.user_id=? 
2019-09-24 18:57:40,579 DEBUG (BaseJdbcLogger.java:143)- ====> Parameters: 27116(Integer)
2019-09-24 18:57:40,580 DEBUG (BaseJdbcLogger.java:143)- <====      Total: 0
2019-09-24 18:57:40,581 DEBUG (BaseJdbcLogger.java:143)- ====>  Preparing: select a.id, a.role_id, a.name from role as a,user_role as b where a.id=b.role_id and b.user_id=? 
2019-09-24 18:57:40,581 DEBUG (BaseJdbcLogger.java:143)- ====> Parameters: 27118(Integer)
2019-09-24 18:57:40,582 DEBUG (BaseJdbcLogger.java:143)- <====      Total: 0
2019-09-24 18:57:40,583 DEBUG (BaseJdbcLogger.java:143)- ====>  Preparing: select a.id, a.role_id, a.name from role as a,user_role as b where a.id=b.role_id and b.user_id=? 
2019-09-24 18:57:40,584 DEBUG (BaseJdbcLogger.java:143)- ====> Parameters: 27119(Integer)
2019-09-24 18:57:40,585 DEBUG (BaseJdbcLogger.java:143)- <====      Total: 0
2019-09-24 18:57:40,585 DEBUG (BaseJdbcLogger.java:143)- ====>  Preparing: select a.id, a.role_id, a.name from role as a,user_role as b where a.id=b.role_id and b.user_id=? 
2019-09-24 18:57:40,586 DEBUG (BaseJdbcLogger.java:143)- ====> Parameters: 27121(Integer)
2019-09-24 18:57:40,586 DEBUG (BaseJdbcLogger.java:143)- <====      Total: 0
2019-09-24 18:57:40,587 DEBUG (BaseJdbcLogger.java:143)- ====>  Preparing: select a.id, a.role_id, a.name from role as a,user_role as b where a.id=b.role_id and b.user_id=? 
2019-09-24 18:57:40,587 DEBUG (BaseJdbcLogger.java:143)- ====> Parameters: 27124(Integer)
2019-09-24 18:57:40,588 DEBUG (BaseJdbcLogger.java:143)- <====      Total: 0
2019-09-24 18:57:40,589 DEBUG (BaseJdbcLogger.java:143)- ====>  Preparing: select a.id, a.role_id, a.name from role as a,user_role as b where a.id=b.role_id and b.user_id=? 
2019-09-24 18:57:40,589 DEBUG (BaseJdbcLogger.java:143)- ====> Parameters: 27127(Integer)
2019-09-24 18:57:40,590 DEBUG (BaseJdbcLogger.java:143)- <====      Total: 0
2019-09-24 18:57:40,590 DEBUG (BaseJdbcLogger.java:143)- ====>  Preparing: select a.id, a.role_id, a.name from role as a,user_role as b where a.id=b.role_id and b.user_id=? 
2019-09-24 18:57:40,591 DEBUG (BaseJdbcLogger.java:143)- ====> Parameters: 27130(Integer)
2019-09-24 18:57:40,592 DEBUG (BaseJdbcLogger.java:143)- <====      Total: 0
2019-09-24 18:57:40,592 DEBUG (BaseJdbcLogger.java:143)- ====>  Preparing: select a.id, a.role_id, a.name from role as a,user_role as b where a.id=b.role_id and b.user_id=? 
2019-09-24 18:57:40,592 DEBUG (BaseJdbcLogger.java:143)- ====> Parameters: 27131(Integer)
2019-09-24 18:57:40,593 DEBUG (BaseJdbcLogger.java:143)- <====      Total: 0
2019-09-24 18:57:40,594 DEBUG (BaseJdbcLogger.java:143)- ====>  Preparing: select a.id, a.role_id, a.name from role as a,user_role as b where a.id=b.role_id and b.user_id=? 
2019-09-24 18:57:40,594 DEBUG (BaseJdbcLogger.java:143)- ====> Parameters: 27132(Integer)
2019-09-24 18:57:40,595 DEBUG (BaseJdbcLogger.java:143)- <====      Total: 0
2019-09-24 18:57:40,596 DEBUG (BaseJdbcLogger.java:143)- ====>  Preparing: select a.id, a.role_id, a.name from role as a,user_role as b where a.id=b.role_id and b.user_id=? 
2019-09-24 18:57:40,596 DEBUG (BaseJdbcLogger.java:143)- ====> Parameters: 27133(Integer)
2019-09-24 18:57:40,597 DEBUG (BaseJdbcLogger.java:143)- <====      Total: 0
2019-09-24 18:57:40,597 DEBUG (BaseJdbcLogger.java:143)- ====>  Preparing: select a.id, a.role_id, a.name from role as a,user_role as b where a.id=b.role_id and b.user_id=? 
2019-09-24 18:57:40,598 DEBUG (BaseJdbcLogger.java:143)- ====> Parameters: 27135(Integer)
2019-09-24 18:57:40,599 DEBUG (BaseJdbcLogger.java:143)- <====      Total: 0
2019-09-24 18:57:40,599 DEBUG (BaseJdbcLogger.java:143)- ====>  Preparing: select a.id, a.role_id, a.name from role as a,user_role as b where a.id=b.role_id and b.user_id=? 
2019-09-24 18:57:40,600 DEBUG (BaseJdbcLogger.java:143)- ====> Parameters: 27136(Integer)
2019-09-24 18:57:40,601 DEBUG (BaseJdbcLogger.java:143)- <====      Total: 0
2019-09-24 18:57:40,601 DEBUG (BaseJdbcLogger.java:143)- ====>  Preparing: select a.id, a.role_id, a.name from role as a,user_role as b where a.id=b.role_id and b.user_id=? 
2019-09-24 18:57:40,602 DEBUG (BaseJdbcLogger.java:143)- ====> Parameters: 27139(Integer)
2019-09-24 18:57:40,603 DEBUG (BaseJdbcLogger.java:143)- <====      Total: 0
2019-09-24 18:57:40,603 DEBUG (BaseJdbcLogger.java:143)- ====>  Preparing: select a.id, a.role_id, a.name from role as a,user_role as b where a.id=b.role_id and b.user_id=? 
2019-09-24 18:57:40,604 DEBUG (BaseJdbcLogger.java:143)- ====> Parameters: 27140(Integer)
2019-09-24 18:57:40,605 DEBUG (BaseJdbcLogger.java:143)- <====      Total: 0
2019-09-24 18:57:40,605 DEBUG (BaseJdbcLogger.java:143)- ====>  Preparing: select a.id, a.role_id, a.name from role as a,user_role as b where a.id=b.role_id and b.user_id=? 
2019-09-24 18:57:40,605 DEBUG (BaseJdbcLogger.java:143)- ====> Parameters: 27141(Integer)
2019-09-24 18:57:40,606 DEBUG (BaseJdbcLogger.java:143)- <====      Total: 0
2019-09-24 18:57:40,606 DEBUG (BaseJdbcLogger.java:143)- ====>  Preparing: select a.id, a.role_id, a.name from role as a,user_role as b where a.id=b.role_id and b.user_id=? 
2019-09-24 18:57:40,607 DEBUG (BaseJdbcLogger.java:143)- ====> Parameters: 27142(Integer)
2019-09-24 18:57:40,608 DEBUG (BaseJdbcLogger.java:143)- <====      Total: 0
2019-09-24 18:57:40,608 DEBUG (BaseJdbcLogger.java:143)- ====>  Preparing: select a.id, a.role_id, a.name from role as a,user_role as b where a.id=b.role_id and b.user_id=? 
2019-09-24 18:57:40,609 DEBUG (BaseJdbcLogger.java:143)- ====> Parameters: 27143(Integer)
2019-09-24 18:57:40,610 DEBUG (BaseJdbcLogger.java:143)- <====      Total: 0
2019-09-24 18:57:40,610 DEBUG (BaseJdbcLogger.java:143)- ====>  Preparing: select a.id, a.role_id, a.name from role as a,user_role as b where a.id=b.role_id and b.user_id=? 
2019-09-24 18:57:40,610 DEBUG (BaseJdbcLogger.java:143)- ====> Parameters: 27144(Integer)
2019-09-24 18:57:40,611 DEBUG (BaseJdbcLogger.java:143)- <====      Total: 0
2019-09-24 18:57:40,612 DEBUG (BaseJdbcLogger.java:143)- ====>  Preparing: select a.id, a.role_id, a.name from role as a,user_role as b where a.id=b.role_id and b.user_id=? 
2019-09-24 18:57:40,612 DEBUG (BaseJdbcLogger.java:143)- ====> Parameters: 27146(Integer)
2019-09-24 18:57:40,613 DEBUG (BaseJdbcLogger.java:143)- <====      Total: 0
2019-09-24 18:57:40,613 DEBUG (BaseJdbcLogger.java:143)- ====>  Preparing: select a.id, a.role_id, a.name from role as a,user_role as b where a.id=b.role_id and b.user_id=? 
2019-09-24 18:57:40,614 DEBUG (BaseJdbcLogger.java:143)- ====> Parameters: 27149(Integer)
2019-09-24 18:57:40,615 DEBUG (BaseJdbcLogger.java:143)- <====      Total: 0
2019-09-24 18:57:40,615 DEBUG (BaseJdbcLogger.java:143)- ====>  Preparing: select a.id, a.role_id, a.name from role as a,user_role as b where a.id=b.role_id and b.user_id=? 
2019-09-24 18:57:40,616 DEBUG (BaseJdbcLogger.java:143)- ====> Parameters: 27150(Integer)
2019-09-24 18:57:40,617 DEBUG (BaseJdbcLogger.java:143)- <====      Total: 0
2019-09-24 18:57:40,618 DEBUG (BaseJdbcLogger.java:143)- ====>  Preparing: select a.id, a.role_id, a.name from role as a,user_role as b where a.id=b.role_id and b.user_id=? 
2019-09-24 18:57:40,618 DEBUG (BaseJdbcLogger.java:143)- ====> Parameters: 27151(Integer)
2019-09-24 18:57:40,619 DEBUG (BaseJdbcLogger.java:143)- <====      Total: 0
2019-09-24 18:57:40,619 DEBUG (BaseJdbcLogger.java:143)- ====>  Preparing: select a.id, a.role_id, a.name from role as a,user_role as b where a.id=b.role_id and b.user_id=? 
2019-09-24 18:57:40,620 DEBUG (BaseJdbcLogger.java:143)- ====> Parameters: 27156(Integer)
2019-09-24 18:57:40,621 DEBUG (BaseJdbcLogger.java:143)- <====      Total: 0
2019-09-24 18:57:40,621 DEBUG (BaseJdbcLogger.java:143)- ====>  Preparing: select a.id, a.role_id, a.name from role as a,user_role as b where a.id=b.role_id and b.user_id=? 
2019-09-24 18:57:40,621 DEBUG (BaseJdbcLogger.java:143)- ====> Parameters: 27157(Integer)
2019-09-24 18:57:40,622 DEBUG (BaseJdbcLogger.java:143)- <====      Total: 0
2019-09-24 18:57:40,623 DEBUG (BaseJdbcLogger.java:143)- ====>  Preparing: select a.id, a.role_id, a.name from role as a,user_role as b where a.id=b.role_id and b.user_id=? 
2019-09-24 18:57:40,623 DEBUG (BaseJdbcLogger.java:143)- ====> Parameters: 27158(Integer)
2019-09-24 18:57:40,624 DEBUG (BaseJdbcLogger.java:143)- <====      Total: 0
2019-09-24 18:57:40,625 DEBUG (BaseJdbcLogger.java:143)- ====>  Preparing: select a.id, a.role_id, a.name from role as a,user_role as b where a.id=b.role_id and b.user_id=? 
2019-09-24 18:57:40,625 DEBUG (BaseJdbcLogger.java:143)- ====> Parameters: 27160(Integer)
2019-09-24 18:57:40,626 DEBUG (BaseJdbcLogger.java:143)- <====      Total: 0
2019-09-24 18:57:40,627 DEBUG (BaseJdbcLogger.java:143)- ====>  Preparing: select a.id, a.role_id, a.name from role as a,user_role as b where a.id=b.role_id and b.user_id=? 
2019-09-24 18:57:40,627 DEBUG (BaseJdbcLogger.java:143)- ====> Parameters: 27161(Integer)
2019-09-24 18:57:40,628 DEBUG (BaseJdbcLogger.java:143)- <====      Total: 0
2019-09-24 18:57:40,628 DEBUG (BaseJdbcLogger.java:143)- ====>  Preparing: select a.id, a.role_id, a.name from role as a,user_role as b where a.id=b.role_id and b.user_id=? 
2019-09-24 18:57:40,629 DEBUG (BaseJdbcLogger.java:143)- ====> Parameters: 27162(Integer)
2019-09-24 18:57:40,630 DEBUG (BaseJdbcLogger.java:143)- <====      Total: 0
2019-09-24 18:57:40,630 DEBUG (BaseJdbcLogger.java:143)- ====>  Preparing: select a.id, a.role_id, a.name from role as a,user_role as b where a.id=b.role_id and b.user_id=? 
2019-09-24 18:57:40,630 DEBUG (BaseJdbcLogger.java:143)- ====> Parameters: 27164(Integer)
2019-09-24 18:57:40,632 DEBUG (BaseJdbcLogger.java:143)- <====      Total: 0
2019-09-24 18:57:40,632 DEBUG (BaseJdbcLogger.java:143)- ====>  Preparing: select a.id, a.role_id, a.name from role as a,user_role as b where a.id=b.role_id and b.user_id=? 
2019-09-24 18:57:40,633 DEBUG (BaseJdbcLogger.java:143)- ====> Parameters: 27165(Integer)
2019-09-24 18:57:40,634 DEBUG (BaseJdbcLogger.java:143)- <====      Total: 0
2019-09-24 18:57:40,634 DEBUG (BaseJdbcLogger.java:143)- ====>  Preparing: select a.id, a.role_id, a.name from role as a,user_role as b where a.id=b.role_id and b.user_id=? 
2019-09-24 18:57:40,635 DEBUG (BaseJdbcLogger.java:143)- ====> Parameters: 27166(Integer)
2019-09-24 18:57:40,636 DEBUG (BaseJdbcLogger.java:143)- <====      Total: 0
2019-09-24 18:57:40,636 DEBUG (BaseJdbcLogger.java:143)- ====>  Preparing: select a.id, a.role_id, a.name from role as a,user_role as b where a.id=b.role_id and b.user_id=? 
2019-09-24 18:57:40,636 DEBUG (BaseJdbcLogger.java:143)- ====> Parameters: 27167(Integer)
2019-09-24 18:57:40,638 DEBUG (BaseJdbcLogger.java:143)- <====      Total: 0
2019-09-24 18:57:40,638 DEBUG (BaseJdbcLogger.java:143)- ====>  Preparing: select a.id, a.role_id, a.name from role as a,user_role as b where a.id=b.role_id and b.user_id=? 
2019-09-24 18:57:40,639 DEBUG (BaseJdbcLogger.java:143)- ====> Parameters: 27169(Integer)
2019-09-24 18:57:40,640 DEBUG (BaseJdbcLogger.java:143)- <====      Total: 0
2019-09-24 18:57:40,641 DEBUG (BaseJdbcLogger.java:143)- ====>  Preparing: select a.id, a.role_id, a.name from role as a,user_role as b where a.id=b.role_id and b.user_id=? 
2019-09-24 18:57:40,641 DEBUG (BaseJdbcLogger.java:143)- ====> Parameters: 27172(Integer)
2019-09-24 18:57:40,642 DEBUG (BaseJdbcLogger.java:143)- <====      Total: 0
2019-09-24 18:57:40,643 DEBUG (BaseJdbcLogger.java:143)- ====>  Preparing: select a.id, a.role_id, a.name from role as a,user_role as b where a.id=b.role_id and b.user_id=? 
2019-09-24 18:57:40,644 DEBUG (BaseJdbcLogger.java:143)- ====> Parameters: 27173(Integer)
2019-09-24 18:57:40,646 DEBUG (BaseJdbcLogger.java:143)- <====      Total: 0
2019-09-24 18:57:40,646 DEBUG (BaseJdbcLogger.java:143)- ====>  Preparing: select a.id, a.role_id, a.name from role as a,user_role as b where a.id=b.role_id and b.user_id=? 
2019-09-24 18:57:40,646 DEBUG (BaseJdbcLogger.java:143)- ====> Parameters: 27175(Integer)
2019-09-24 18:57:40,648 DEBUG (BaseJdbcLogger.java:143)- <====      Total: 0
2019-09-24 18:57:40,649 DEBUG (BaseJdbcLogger.java:143)- ====>  Preparing: select a.id, a.role_id, a.name from role as a,user_role as b where a.id=b.role_id and b.user_id=? 
2019-09-24 18:57:40,650 DEBUG (BaseJdbcLogger.java:143)- ====> Parameters: 27177(Integer)
2019-09-24 18:57:40,652 DEBUG (BaseJdbcLogger.java:143)- <====      Total: 0
2019-09-24 18:57:40,653 DEBUG (BaseJdbcLogger.java:143)- ====>  Preparing: select a.id, a.role_id, a.name from role as a,user_role as b where a.id=b.role_id and b.user_id=? 
2019-09-24 18:57:40,653 DEBUG (BaseJdbcLogger.java:143)- ====> Parameters: 27179(Integer)
2019-09-24 18:57:40,654 DEBUG (BaseJdbcLogger.java:143)- <====      Total: 0
2019-09-24 18:57:40,654 DEBUG (BaseJdbcLogger.java:143)- ====>  Preparing: select a.id, a.role_id, a.name from role as a,user_role as b where a.id=b.role_id and b.user_id=? 
2019-09-24 18:57:40,655 DEBUG (BaseJdbcLogger.java:143)- ====> Parameters: 27180(Integer)
2019-09-24 18:57:40,656 DEBUG (BaseJdbcLogger.java:143)- <====      Total: 0
2019-09-24 18:57:40,656 DEBUG (BaseJdbcLogger.java:143)- ====>  Preparing: select a.id, a.role_id, a.name from role as a,user_role as b where a.id=b.role_id and b.user_id=? 
2019-09-24 18:57:40,657 DEBUG (BaseJdbcLogger.java:143)- ====> Parameters: 27182(Integer)
2019-09-24 18:57:40,658 DEBUG (BaseJdbcLogger.java:143)- <====      Total: 0
2019-09-24 18:57:40,658 DEBUG (BaseJdbcLogger.java:143)- ====>  Preparing: select a.id, a.role_id, a.name from role as a,user_role as b where a.id=b.role_id and b.user_id=? 
2019-09-24 18:57:40,658 DEBUG (BaseJdbcLogger.java:143)- ====> Parameters: 27183(Integer)
2019-09-24 18:57:40,660 DEBUG (BaseJdbcLogger.java:143)- <====      Total: 0
2019-09-24 18:57:40,660 DEBUG (BaseJdbcLogger.java:143)- ====>  Preparing: select a.id, a.role_id, a.name from role as a,user_role as b where a.id=b.role_id and b.user_id=? 
2019-09-24 18:57:40,660 DEBUG (BaseJdbcLogger.java:143)- ====> Parameters: 27184(Integer)
2019-09-24 18:57:40,661 DEBUG (BaseJdbcLogger.java:143)- <====      Total: 0
2019-09-24 18:57:40,662 DEBUG (BaseJdbcLogger.java:143)- ====>  Preparing: select a.id, a.role_id, a.name from role as a,user_role as b where a.id=b.role_id and b.user_id=? 
2019-09-24 18:57:40,662 DEBUG (BaseJdbcLogger.java:143)- ====> Parameters: 27185(Integer)
2019-09-24 18:57:40,663 DEBUG (BaseJdbcLogger.java:143)- <====      Total: 0
2019-09-24 18:57:40,664 DEBUG (BaseJdbcLogger.java:143)- ====>  Preparing: select a.id, a.role_id, a.name from role as a,user_role as b where a.id=b.role_id and b.user_id=? 
2019-09-24 18:57:40,664 DEBUG (BaseJdbcLogger.java:143)- ====> Parameters: 27190(Integer)
2019-09-24 18:57:40,666 DEBUG (BaseJdbcLogger.java:143)- <====      Total: 0
2019-09-24 18:57:40,666 DEBUG (BaseJdbcLogger.java:143)- ====>  Preparing: select a.id, a.role_id, a.name from role as a,user_role as b where a.id=b.role_id and b.user_id=? 
2019-09-24 18:57:40,667 DEBUG (BaseJdbcLogger.java:143)- ====> Parameters: 27193(Integer)
2019-09-24 18:57:40,668 DEBUG (BaseJdbcLogger.java:143)- <====      Total: 0
2019-09-24 18:57:40,668 DEBUG (BaseJdbcLogger.java:143)- ====>  Preparing: select a.id, a.role_id, a.name from role as a,user_role as b where a.id=b.role_id and b.user_id=? 
2019-09-24 18:57:40,669 DEBUG (BaseJdbcLogger.java:143)- ====> Parameters: 27194(Integer)
2019-09-24 18:57:40,670 DEBUG (BaseJdbcLogger.java:143)- <====      Total: 0
2019-09-24 18:57:40,671 DEBUG (BaseJdbcLogger.java:143)- ====>  Preparing: select a.id, a.role_id, a.name from role as a,user_role as b where a.id=b.role_id and b.user_id=? 
2019-09-24 18:57:40,671 DEBUG (BaseJdbcLogger.java:143)- ====> Parameters: 27195(Integer)
2019-09-24 18:57:40,672 DEBUG (BaseJdbcLogger.java:143)- <====      Total: 0
2019-09-24 18:57:40,673 DEBUG (BaseJdbcLogger.java:143)- ====>  Preparing: select a.id, a.role_id, a.name from role as a,user_role as b where a.id=b.role_id and b.user_id=? 
2019-09-24 18:57:40,673 DEBUG (BaseJdbcLogger.java:143)- ====> Parameters: 27200(Integer)
2019-09-24 18:57:40,675 DEBUG (BaseJdbcLogger.java:143)- <====      Total: 0
2019-09-24 18:57:40,675 DEBUG (BaseJdbcLogger.java:143)- ====>  Preparing: select a.id, a.role_id, a.name from role as a,user_role as b where a.id=b.role_id and b.user_id=? 
2019-09-24 18:57:40,675 DEBUG (BaseJdbcLogger.java:143)- ====> Parameters: 27201(Integer)
2019-09-24 18:57:40,676 DEBUG (BaseJdbcLogger.java:143)- <====      Total: 0
2019-09-24 18:57:40,677 DEBUG (BaseJdbcLogger.java:143)- ====>  Preparing: select a.id, a.role_id, a.name from role as a,user_role as b where a.id=b.role_id and b.user_id=? 
2019-09-24 18:57:40,677 DEBUG (BaseJdbcLogger.java:143)- ====> Parameters: 27203(Integer)
2019-09-24 18:57:40,678 DEBUG (BaseJdbcLogger.java:143)- <====      Total: 0
2019-09-24 18:57:40,679 DEBUG (BaseJdbcLogger.java:143)- ====>  Preparing: select a.id, a.role_id, a.name from role as a,user_role as b where a.id=b.role_id and b.user_id=? 
2019-09-24 18:57:40,679 DEBUG (BaseJdbcLogger.java:143)- ====> Parameters: 27205(Integer)
2019-09-24 18:57:40,680 DEBUG (BaseJdbcLogger.java:143)- <====      Total: 0
2019-09-24 18:57:40,681 DEBUG (BaseJdbcLogger.java:143)- ====>  Preparing: select a.id, a.role_id, a.name from role as a,user_role as b where a.id=b.role_id and b.user_id=? 
2019-09-24 18:57:40,681 DEBUG (BaseJdbcLogger.java:143)- ====> Parameters: 27206(Integer)
2019-09-24 18:57:40,682 DEBUG (BaseJdbcLogger.java:143)- <====      Total: 0
2019-09-24 18:57:40,682 DEBUG (BaseJdbcLogger.java:143)- ====>  Preparing: select a.id, a.role_id, a.name from role as a,user_role as b where a.id=b.role_id and b.user_id=? 
2019-09-24 18:57:40,683 DEBUG (BaseJdbcLogger.java:143)- ====> Parameters: 27207(Integer)
2019-09-24 18:57:40,684 DEBUG (BaseJdbcLogger.java:143)- <====      Total: 0
2019-09-24 18:57:40,684 DEBUG (BaseJdbcLogger.java:143)- ====>  Preparing: select a.id, a.role_id, a.name from role as a,user_role as b where a.id=b.role_id and b.user_id=? 
2019-09-24 18:57:40,684 DEBUG (BaseJdbcLogger.java:143)- ====> Parameters: 27208(Integer)
2019-09-24 18:57:40,685 DEBUG (BaseJdbcLogger.java:143)- <====      Total: 0
2019-09-24 18:57:40,686 DEBUG (BaseJdbcLogger.java:143)- ====>  Preparing: select a.id, a.role_id, a.name from role as a,user_role as b where a.id=b.role_id and b.user_id=? 
2019-09-24 18:57:40,686 DEBUG (BaseJdbcLogger.java:143)- ====> Parameters: 27211(Integer)
2019-09-24 18:57:40,687 DEBUG (BaseJdbcLogger.java:143)- <====      Total: 0
2019-09-24 18:57:40,687 DEBUG (BaseJdbcLogger.java:143)- ====>  Preparing: select a.id, a.role_id, a.name from role as a,user_role as b where a.id=b.role_id and b.user_id=? 
2019-09-24 18:57:40,687 DEBUG (BaseJdbcLogger.java:143)- ====> Parameters: 27212(Integer)
2019-09-24 18:57:40,688 DEBUG (BaseJdbcLogger.java:143)- <====      Total: 0
2019-09-24 18:57:40,689 DEBUG (BaseJdbcLogger.java:143)- ====>  Preparing: select a.id, a.role_id, a.name from role as a,user_role as b where a.id=b.role_id and b.user_id=? 
2019-09-24 18:57:40,689 DEBUG (BaseJdbcLogger.java:143)- ====> Parameters: 27213(Integer)
