2019-09-23 05:16:54,721 DEBUG (BaseJdbcLogger.java:143)- <====      Total: 1
2019-09-23 05:16:54,723 DEBUG (BaseJdbcLogger.java:143)- ====>  Preparing: select id, name, sex, birthday, phone, ID_number, email, parent_phone, adress, major, state from student_basic where id = ? 
2019-09-23 05:16:54,723 DEBUG (BaseJdbcLogger.java:143)- ====> Parameters: 25532(String)
2019-09-23 05:16:54,724 DEBUG (BaseJdbcLogger.java:143)- <====      Total: 1
2019-09-23 05:16:54,724 DEBUG (BaseJdbcLogger.java:143)- ====>  Preparing: select id, name, sex, birthday, phone, ID_number, email, parent_phone, adress, major, state from student_basic where id = ? 
2019-09-23 05:16:54,725 DEBUG (BaseJdbcLogger.java:143)- ====> Parameters: 25536(String)
2019-09-23 05:16:54,726 DEBUG (BaseJdbcLogger.java:143)- <====      Total: 1
2019-09-23 05:16:54,726 DEBUG (BaseJdbcLogger.java:143)- ====>  Preparing: select id, name, sex, birthday, phone, ID_number, email, parent_phone, adress, major, state from student_basic where id = ? 
2019-09-23 05:16:54,726 DEBUG (BaseJdbcLogger.java:143)- ====> Parameters: 25541(String)
2019-09-23 05:16:54,727 DEBUG (BaseJdbcLogger.java:143)- <====      Total: 1
2019-09-23 05:16:54,727 DEBUG (BaseJdbcLogger.java:143)- ====>  Preparing: select id, name, sex, birthday, phone, ID_number, email, parent_phone, adress, major, state from student_basic where id = ? 
2019-09-23 05:16:54,728 DEBUG (BaseJdbcLogger.java:143)- ====> Parameters: 25542(String)
2019-09-23 05:16:54,728 DEBUG (BaseJdbcLogger.java:143)- <====      Total: 1
2019-09-23 05:16:54,729 DEBUG (BaseJdbcLogger.java:143)- ====>  Preparing: select id, name, sex, birthday, phone, ID_number, email, parent_phone, adress, major, state from student_basic where id = ? 
2019-09-23 05:16:54,729 DEBUG (BaseJdbcLogger.java:143)- ====> Parameters: 25543(String)
2019-09-23 05:16:54,730 DEBUG (BaseJdbcLogger.java:143)- <====      Total: 1
2019-09-23 05:16:54,730 DEBUG (BaseJdbcLogger.java:143)- ====>  Preparing: select id, name, sex, birthday, phone, ID_number, email, parent_phone, adress, major, state from student_basic where id = ? 
2019-09-23 05:16:54,730 DEBUG (BaseJdbcLogger.java:143)- ====> Parameters: 25544(String)
2019-09-23 05:16:54,731 DEBUG (BaseJdbcLogger.java:143)- <====      Total: 1
2019-09-23 05:16:54,731 DEBUG (BaseJdbcLogger.java:143)- ====>  Preparing: select id, name, sex, birthday, phone, ID_number, email, parent_phone, adress, major, state from student_basic where id = ? 
2019-09-23 05:16:54,731 DEBUG (BaseJdbcLogger.java:143)- ====> Parameters: 25545(String)
2019-09-23 05:16:54,732 DEBUG (BaseJdbcLogger.java:143)- <====      Total: 1
2019-09-23 05:16:54,732 DEBUG (BaseJdbcLogger.java:143)- ====>  Preparing: select id, name, sex, birthday, phone, ID_number, email, parent_phone, adress, major, state from student_basic where id = ? 
2019-09-23 05:16:54,733 DEBUG (BaseJdbcLogger.java:143)- ====> Parameters: 25546(String)
2019-09-23 05:16:54,734 DEBUG (BaseJdbcLogger.java:143)- <====      Total: 1
2019-09-23 05:16:54,734 DEBUG (BaseJdbcLogger.java:143)- ====>  Preparing: select id, name, sex, birthday, phone, ID_number, email, parent_phone, adress, major, state from student_basic where id = ? 
2019-09-23 05:16:54,735 DEBUG (BaseJdbcLogger.java:143)- ====> Parameters: 25547(String)
2019-09-23 05:16:54,736 DEBUG (BaseJdbcLogger.java:143)- <====      Total: 1
2019-09-23 05:16:54,736 DEBUG (BaseJdbcLogger.java:143)- ====>  Preparing: select id, name, sex, birthday, phone, ID_number, email, parent_phone, adress, major, state from student_basic where id = ? 
2019-09-23 05:16:54,736 DEBUG (BaseJdbcLogger.java:143)- ====> Parameters: 25548(String)
2019-09-23 05:16:54,737 DEBUG (BaseJdbcLogger.java:143)- <====      Total: 1
2019-09-23 05:16:54,737 DEBUG (BaseJdbcLogger.java:143)- ====>  Preparing: select id, name, sex, birthday, phone, ID_number, email, parent_phone, adress, major, state from student_basic where id = ? 
2019-09-23 05:16:54,738 DEBUG (BaseJdbcLogger.java:143)- ====> Parameters: 25549(String)
2019-09-23 05:16:54,740 DEBUG (BaseJdbcLogger.java:143)- <====      Total: 1
2019-09-23 05:16:54,740 DEBUG (BaseJdbcLogger.java:143)- ====>  Preparing: select id, name, sex, birthday, phone, ID_number, email, parent_phone, adress, major, state from student_basic where id = ? 
2019-09-23 05:16:54,740 DEBUG (BaseJdbcLogger.java:143)- ====> Parameters: 25552(String)
2019-09-23 05:16:54,742 DEBUG (BaseJdbcLogger.java:143)- <====      Total: 1
2019-09-23 05:16:54,742 DEBUG (BaseJdbcLogger.java:143)- ====>  Preparing: select id, name, sex, birthday, phone, ID_number, email, parent_phone, adress, major, state from student_basic where id = ? 
2019-09-23 05:16:54,742 DEBUG (BaseJdbcLogger.java:143)- ====> Parameters: 25553(String)
2019-09-23 05:16:54,742 DEBUG (BaseJdbcLogger.java:143)- <====      Total: 1
2019-09-23 05:16:54,743 DEBUG (BaseJdbcLogger.java:143)- ====>  Preparing: select id, name, sex, birthday, phone, ID_number, email, parent_phone, adress, major, state from student_basic where id = ? 
2019-09-23 05:16:54,743 DEBUG (BaseJdbcLogger.java:143)- ====> Parameters: 25554(String)
2019-09-23 05:16:54,744 DEBUG (BaseJdbcLogger.java:143)- <====      Total: 1
2019-09-23 05:16:54,744 DEBUG (BaseJdbcLogger.java:143)- ====>  Preparing: select id, name, sex, birthday, phone, ID_number, email, parent_phone, adress, major, state from student_basic where id = ? 
2019-09-23 05:16:54,744 DEBUG (BaseJdbcLogger.java:143)- ====> Parameters: 25555(String)
2019-09-23 05:16:54,745 DEBUG (BaseJdbcLogger.java:143)- <====      Total: 1
2019-09-23 05:16:54,745 DEBUG (BaseJdbcLogger.java:143)- <==      Total: 24
2019-09-23 05:16:54,745 DEBUG (BaseJdbcLogger.java:143)- ==>  Preparing: select dormitory_allocation.id, dormitory_allocation.class_id, dormitory_allocation.dormitory_id,dormitory_allocation.number from dormitory_allocation,dormitory WHERE dormitory_allocation.dormitory_id=dormitory.id and dormitory.sex=? and class_id = ? 
2019-09-23 05:16:54,746 DEBUG (BaseJdbcLogger.java:143)- ==> Parameters: 男(String), 130503201903(String)
2019-09-23 05:16:54,746 DEBUG (BaseJdbcLogger.java:143)- ====>  Preparing: select id, dong, floor, room, sex, number, rent,hasnumber from dormitory where id = ? 
2019-09-23 05:16:54,747 DEBUG (BaseJdbcLogger.java:143)- ====> Parameters: 43(Integer)
2019-09-23 05:16:54,747 DEBUG (BaseJdbcLogger.java:143)- <====      Total: 1
2019-09-23 05:16:54,748 DEBUG (BaseJdbcLogger.java:143)- ====>  Preparing: select id, dong, floor, room, sex, number, rent,hasnumber from dormitory where id = ? 
2019-09-23 05:16:54,748 DEBUG (BaseJdbcLogger.java:143)- ====> Parameters: 44(Integer)
2019-09-23 05:16:54,749 DEBUG (BaseJdbcLogger.java:143)- <====      Total: 1
2019-09-23 05:16:54,750 DEBUG (BaseJdbcLogger.java:143)- ====>  Preparing: select id, dong, floor, room, sex, number, rent,hasnumber from dormitory where id = ? 
2019-09-23 05:16:54,750 DEBUG (BaseJdbcLogger.java:143)- ====> Parameters: 45(Integer)
2019-09-23 05:16:54,752 DEBUG (BaseJdbcLogger.java:143)- <====      Total: 1
2019-09-23 05:16:54,752 DEBUG (BaseJdbcLogger.java:143)- ====>  Preparing: select id, dong, floor, room, sex, number, rent,hasnumber from dormitory where id = ? 
2019-09-23 05:16:54,753 DEBUG (BaseJdbcLogger.java:143)- ====> Parameters: 46(Integer)
2019-09-23 05:16:54,753 DEBUG (BaseJdbcLogger.java:143)- <====      Total: 1
2019-09-23 05:16:54,753 DEBUG (BaseJdbcLogger.java:143)- ====>  Preparing: select id, dong, floor, room, sex, number, rent,hasnumber from dormitory where id = ? 
2019-09-23 05:16:54,754 DEBUG (BaseJdbcLogger.java:143)- ====> Parameters: 47(Integer)
2019-09-23 05:16:54,755 DEBUG (BaseJdbcLogger.java:143)- <====      Total: 1
2019-09-23 05:16:54,756 DEBUG (BaseJdbcLogger.java:143)- <==      Total: 5
2019-09-23 05:16:54,756 DEBUG (BaseJdbcLogger.java:143)- ==>  Preparing: select student_status.id,student_status.basic_id, student_status.student_id, student_status.class_id from student_status,student_basic where student_status.basic_id=student_basic.id and student_basic.sex=? and student_status.class_id=? 
2019-09-23 05:16:54,756 DEBUG (BaseJdbcLogger.java:143)- ==> Parameters: 男(String), 130503201904(String)
2019-09-23 05:16:54,757 DEBUG (BaseJdbcLogger.java:143)- ====>  Preparing: select id, name, sex, birthday, phone, ID_number, email, parent_phone, adress, major, state from student_basic where id = ? 
2019-09-23 05:16:54,757 DEBUG (BaseJdbcLogger.java:143)- ====> Parameters: 25558(String)
2019-09-23 05:16:54,759 DEBUG (BaseJdbcLogger.java:143)- <====      Total: 1
2019-09-23 05:16:54,759 DEBUG (BaseJdbcLogger.java:143)- ====>  Preparing: select id, class_id, name, director, grade, major_id from class WHERE class_id = ? 
2019-09-23 05:16:54,759 DEBUG (BaseJdbcLogger.java:143)- ====> Parameters: 130503201904(String)
2019-09-23 05:16:54,759 DEBUG (BaseJdbcLogger.java:143)- ======>  Preparing: select id, major_id, name, price, department_id from major where major_id = ? 
2019-09-23 05:16:54,760 DEBUG (BaseJdbcLogger.java:143)- ======> Parameters: 130503(String)
2019-09-23 05:16:54,760 DEBUG (BaseJdbcLogger.java:143)- <======      Total: 1
2019-09-23 05:16:54,761 DEBUG (BaseJdbcLogger.java:143)- <====      Total: 1
2019-09-23 05:16:54,761 DEBUG (BaseJdbcLogger.java:143)- ====>  Preparing: select id, name, sex, birthday, phone, ID_number, email, parent_phone, adress, major, state from student_basic where id = ? 
2019-09-23 05:16:54,762 DEBUG (BaseJdbcLogger.java:143)- ====> Parameters: 25559(String)
2019-09-23 05:16:54,763 DEBUG (BaseJdbcLogger.java:143)- <====      Total: 1
2019-09-23 05:16:54,763 DEBUG (BaseJdbcLogger.java:143)- ====>  Preparing: select id, name, sex, birthday, phone, ID_number, email, parent_phone, adress, major, state from student_basic where id = ? 
2019-09-23 05:16:54,765 DEBUG (BaseJdbcLogger.java:143)- ====> Parameters: 25561(String)
2019-09-23 05:16:54,765 DEBUG (BaseJdbcLogger.java:143)- <====      Total: 1
2019-09-23 05:16:54,766 DEBUG (BaseJdbcLogger.java:143)- ====>  Preparing: select id, name, sex, birthday, phone, ID_number, email, parent_phone, adress, major, state from student_basic where id = ? 
2019-09-23 05:16:54,767 DEBUG (BaseJdbcLogger.java:143)- ====> Parameters: 25562(String)
2019-09-23 05:16:54,767 DEBUG (BaseJdbcLogger.java:143)- <====      Total: 1
2019-09-23 05:16:54,768 DEBUG (BaseJdbcLogger.java:143)- ====>  Preparing: select id, name, sex, birthday, phone, ID_number, email, parent_phone, adress, major, state from student_basic where id = ? 
2019-09-23 05:16:54,769 DEBUG (BaseJdbcLogger.java:143)- ====> Parameters: 25564(String)
2019-09-23 05:16:54,770 DEBUG (BaseJdbcLogger.java:143)- <====      Total: 1
2019-09-23 05:16:54,770 DEBUG (BaseJdbcLogger.java:143)- ====>  Preparing: select id, name, sex, birthday, phone, ID_number, email, parent_phone, adress, major, state from student_basic where id = ? 
2019-09-23 05:16:54,771 DEBUG (BaseJdbcLogger.java:143)- ====> Parameters: 25565(String)
2019-09-23 05:16:54,772 DEBUG (BaseJdbcLogger.java:143)- <====      Total: 1
2019-09-23 05:16:54,772 DEBUG (BaseJdbcLogger.java:143)- ====>  Preparing: select id, name, sex, birthday, phone, ID_number, email, parent_phone, adress, major, state from student_basic where id = ? 
2019-09-23 05:16:54,772 DEBUG (BaseJdbcLogger.java:143)- ====> Parameters: 25566(String)
2019-09-23 05:16:54,773 DEBUG (BaseJdbcLogger.java:143)- <====      Total: 1
2019-09-23 05:16:54,774 DEBUG (BaseJdbcLogger.java:143)- ====>  Preparing: select id, name, sex, birthday, phone, ID_number, email, parent_phone, adress, major, state from student_basic where id = ? 
2019-09-23 05:16:54,774 DEBUG (BaseJdbcLogger.java:143)- ====> Parameters: 25567(String)
2019-09-23 05:16:54,775 DEBUG (BaseJdbcLogger.java:143)- <====      Total: 1
2019-09-23 05:16:54,775 DEBUG (BaseJdbcLogger.java:143)- ====>  Preparing: select id, name, sex, birthday, phone, ID_number, email, parent_phone, adress, major, state from student_basic where id = ? 
2019-09-23 05:16:54,775 DEBUG (BaseJdbcLogger.java:143)- ====> Parameters: 25568(String)
2019-09-23 05:16:54,778 DEBUG (BaseJdbcLogger.java:143)- <====      Total: 1
2019-09-23 05:16:54,778 DEBUG (BaseJdbcLogger.java:143)- ====>  Preparing: select id, name, sex, birthday, phone, ID_number, email, parent_phone, adress, major, state from student_basic where id = ? 
2019-09-23 05:16:54,779 DEBUG (BaseJdbcLogger.java:143)- ====> Parameters: 25569(String)
2019-09-23 05:16:54,779 DEBUG (BaseJdbcLogger.java:143)- <====      Total: 1
2019-09-23 05:16:54,780 DEBUG (BaseJdbcLogger.java:143)- ====>  Preparing: select id, name, sex, birthday, phone, ID_number, email, parent_phone, adress, major, state from student_basic where id = ? 
2019-09-23 05:16:54,780 DEBUG (BaseJdbcLogger.java:143)- ====> Parameters: 25573(String)
2019-09-23 05:16:54,781 DEBUG (BaseJdbcLogger.java:143)- <====      Total: 1
2019-09-23 05:16:54,782 DEBUG (BaseJdbcLogger.java:143)- ====>  Preparing: select id, name, sex, birthday, phone, ID_number, email, parent_phone, adress, major, state from student_basic where id = ? 
2019-09-23 05:16:54,782 DEBUG (BaseJdbcLogger.java:143)- ====> Parameters: 25579(String)
2019-09-23 05:16:54,782 DEBUG (BaseJdbcLogger.java:143)- <====      Total: 1
2019-09-23 05:16:54,783 DEBUG (BaseJdbcLogger.java:143)- ====>  Preparing: select id, name, sex, birthday, phone, ID_number, email, parent_phone, adress, major, state from student_basic where id = ? 
2019-09-23 05:16:54,783 DEBUG (BaseJdbcLogger.java:143)- ====> Parameters: 25580(String)
2019-09-23 05:16:54,784 DEBUG (BaseJdbcLogger.java:143)- <====      Total: 1
2019-09-23 05:16:54,784 DEBUG (BaseJdbcLogger.java:143)- ====>  Preparing: select id, name, sex, birthday, phone, ID_number, email, parent_phone, adress, major, state from student_basic where id = ? 
2019-09-23 05:16:54,784 DEBUG (BaseJdbcLogger.java:143)- ====> Parameters: 25583(String)
2019-09-23 05:16:54,785 DEBUG (BaseJdbcLogger.java:143)- <====      Total: 1
2019-09-23 05:16:54,786 DEBUG (BaseJdbcLogger.java:143)- ====>  Preparing: select id, name, sex, birthday, phone, ID_number, email, parent_phone, adress, major, state from student_basic where id = ? 
2019-09-23 05:16:54,788 DEBUG (BaseJdbcLogger.java:143)- ====> Parameters: 25586(String)
2019-09-23 05:16:54,788 DEBUG (BaseJdbcLogger.java:143)- <====      Total: 1
2019-09-23 05:16:54,788 DEBUG (BaseJdbcLogger.java:143)- ====>  Preparing: select id, name, sex, birthday, phone, ID_number, email, parent_phone, adress, major, state from student_basic where id = ? 
2019-09-23 05:16:54,789 DEBUG (BaseJdbcLogger.java:143)- ====> Parameters: 25589(String)
2019-09-23 05:16:54,794 DEBUG (BaseJdbcLogger.java:143)- <====      Total: 1
2019-09-23 05:16:54,794 DEBUG (BaseJdbcLogger.java:143)- ====>  Preparing: select id, name, sex, birthday, phone, ID_number, email, parent_phone, adress, major, state from student_basic where id = ? 
2019-09-23 05:16:54,795 DEBUG (BaseJdbcLogger.java:143)- ====> Parameters: 25590(String)
2019-09-23 05:16:54,796 DEBUG (BaseJdbcLogger.java:143)- <====      Total: 1
2019-09-23 05:16:54,797 DEBUG (BaseJdbcLogger.java:143)- ====>  Preparing: select id, name, sex, birthday, phone, ID_number, email, parent_phone, adress, major, state from student_basic where id = ? 
2019-09-23 05:16:54,797 DEBUG (BaseJdbcLogger.java:143)- ====> Parameters: 25592(String)
2019-09-23 05:16:54,798 DEBUG (BaseJdbcLogger.java:143)- <====      Total: 1
2019-09-23 05:16:54,799 DEBUG (BaseJdbcLogger.java:143)- ====>  Preparing: select id, name, sex, birthday, phone, ID_number, email, parent_phone, adress, major, state from student_basic where id = ? 
2019-09-23 05:16:54,799 DEBUG (BaseJdbcLogger.java:143)- ====> Parameters: 25593(String)
2019-09-23 05:16:54,800 DEBUG (BaseJdbcLogger.java:143)- <====      Total: 1
2019-09-23 05:16:54,800 DEBUG (BaseJdbcLogger.java:143)- ====>  Preparing: select id, name, sex, birthday, phone, ID_number, email, parent_phone, adress, major, state from student_basic where id = ? 
2019-09-23 05:16:54,800 DEBUG (BaseJdbcLogger.java:143)- ====> Parameters: 25595(String)
2019-09-23 05:16:54,801 DEBUG (BaseJdbcLogger.java:143)- <====      Total: 1
2019-09-23 05:16:54,801 DEBUG (BaseJdbcLogger.java:143)- ====>  Preparing: select id, name, sex, birthday, phone, ID_number, email, parent_phone, adress, major, state from student_basic where id = ? 
2019-09-23 05:16:54,802 DEBUG (BaseJdbcLogger.java:143)- ====> Parameters: 25597(String)
2019-09-23 05:16:54,803 DEBUG (BaseJdbcLogger.java:143)- <====      Total: 1
2019-09-23 05:16:54,803 DEBUG (BaseJdbcLogger.java:143)- ====>  Preparing: select id, name, sex, birthday, phone, ID_number, email, parent_phone, adress, major, state from student_basic where id = ? 
2019-09-23 05:16:54,804 DEBUG (BaseJdbcLogger.java:143)- ====> Parameters: 25600(String)
2019-09-23 05:16:54,804 DEBUG (BaseJdbcLogger.java:143)- <====      Total: 1
2019-09-23 05:16:54,804 DEBUG (BaseJdbcLogger.java:143)- ====>  Preparing: select id, name, sex, birthday, phone, ID_number, email, parent_phone, adress, major, state from student_basic where id = ? 
2019-09-23 05:16:54,805 DEBUG (BaseJdbcLogger.java:143)- ====> Parameters: 25601(String)
2019-09-23 05:16:54,806 DEBUG (BaseJdbcLogger.java:143)- <====      Total: 1
2019-09-23 05:16:54,806 DEBUG (BaseJdbcLogger.java:143)- ====>  Preparing: select id, name, sex, birthday, phone, ID_number, email, parent_phone, adress, major, state from student_basic where id = ? 
2019-09-23 05:16:54,806 DEBUG (BaseJdbcLogger.java:143)- ====> Parameters: 25606(String)
2019-09-23 05:16:54,807 DEBUG (BaseJdbcLogger.java:143)- <====      Total: 1
2019-09-23 05:16:54,807 DEBUG (BaseJdbcLogger.java:143)- <==      Total: 24
2019-09-23 05:16:54,808 DEBUG (BaseJdbcLogger.java:143)- ==>  Preparing: select dormitory_allocation.id, dormitory_allocation.class_id, dormitory_allocation.dormitory_id,dormitory_allocation.number from dormitory_allocation,dormitory WHERE dormitory_allocation.dormitory_id=dormitory.id and dormitory.sex=? and class_id = ? 
2019-09-23 05:16:54,808 DEBUG (BaseJdbcLogger.java:143)- ==> Parameters: 男(String), 130503201904(String)
2019-09-23 05:16:54,809 DEBUG (BaseJdbcLogger.java:143)- ====>  Preparing: select id, dong, floor, room, sex, number, rent,hasnumber from dormitory where id = ? 
2019-09-23 05:16:54,809 DEBUG (BaseJdbcLogger.java:143)- ====> Parameters: 48(Integer)
2019-09-23 05:16:54,811 DEBUG (BaseJdbcLogger.java:143)- <====      Total: 1
2019-09-23 05:16:54,812 DEBUG (BaseJdbcLogger.java:143)- ====>  Preparing: select id, dong, floor, room, sex, number, rent,hasnumber from dormitory where id = ? 
2019-09-23 05:16:54,812 DEBUG (BaseJdbcLogger.java:143)- ====> Parameters: 49(Integer)
2019-09-23 05:16:54,812 DEBUG (BaseJdbcLogger.java:143)- <====      Total: 1
2019-09-23 05:16:54,813 DEBUG (BaseJdbcLogger.java:143)- ====>  Preparing: select id, dong, floor, room, sex, number, rent,hasnumber from dormitory where id = ? 
2019-09-23 05:16:54,814 DEBUG (BaseJdbcLogger.java:143)- ====> Parameters: 50(Integer)
2019-09-23 05:16:54,815 DEBUG (BaseJdbcLogger.java:143)- <====      Total: 1
2019-09-23 05:16:54,815 DEBUG (BaseJdbcLogger.java:143)- ====>  Preparing: select id, dong, floor, room, sex, number, rent,hasnumber from dormitory where id = ? 
2019-09-23 05:16:54,816 DEBUG (BaseJdbcLogger.java:143)- ====> Parameters: 51(Integer)
2019-09-23 05:16:54,817 DEBUG (BaseJdbcLogger.java:143)- <====      Total: 1
2019-09-23 05:16:54,817 DEBUG (BaseJdbcLogger.java:143)- ====>  Preparing: select id, dong, floor, room, sex, number, rent,hasnumber from dormitory where id = ? 
2019-09-23 05:16:54,817 DEBUG (BaseJdbcLogger.java:143)- ====> Parameters: 52(Integer)
2019-09-23 05:16:54,819 DEBUG (BaseJdbcLogger.java:143)- <====      Total: 1
2019-09-23 05:16:54,819 DEBUG (BaseJdbcLogger.java:143)- <==      Total: 5
2019-09-23 05:16:54,820 DEBUG (BaseJdbcLogger.java:143)- ==>  Preparing: select student_status.id,student_status.basic_id, student_status.student_id, student_status.class_id from student_status,student_basic where student_status.basic_id=student_basic.id and student_basic.sex=? and student_status.class_id=? 
2019-09-23 05:16:54,820 DEBUG (BaseJdbcLogger.java:143)- ==> Parameters: 男(String), 080702201901(String)
2019-09-23 05:16:54,822 DEBUG (BaseJdbcLogger.java:143)- ====>  Preparing: select id, name, sex, birthday, phone, ID_number, email, parent_phone, adress, major, state from student_basic where id = ? 
2019-09-23 05:16:54,823 DEBUG (BaseJdbcLogger.java:143)- ====> Parameters: 25219(String)
2019-09-23 05:16:54,824 DEBUG (BaseJdbcLogger.java:143)- <====      Total: 1
2019-09-23 05:16:54,825 DEBUG (BaseJdbcLogger.java:143)- ====>  Preparing: select id, class_id, name, director, grade, major_id from class WHERE class_id = ? 
2019-09-23 05:16:54,826 DEBUG (BaseJdbcLogger.java:143)- ====> Parameters: 080702201901(String)
2019-09-23 05:16:54,826 DEBUG (BaseJdbcLogger.java:143)- ======>  Preparing: select id, major_id, name, price, department_id from major where major_id = ? 
2019-09-23 05:16:54,827 DEBUG (BaseJdbcLogger.java:143)- ======> Parameters: 080702(String)
2019-09-23 05:16:54,827 DEBUG (BaseJdbcLogger.java:143)- <======      Total: 1
2019-09-23 05:16:54,828 DEBUG (BaseJdbcLogger.java:143)- <====      Total: 1
2019-09-23 05:16:54,828 DEBUG (BaseJdbcLogger.java:143)- ====>  Preparing: select id, name, sex, birthday, phone, ID_number, email, parent_phone, adress, major, state from student_basic where id = ? 
2019-09-23 05:16:54,829 DEBUG (BaseJdbcLogger.java:143)- ====> Parameters: 25222(String)
2019-09-23 05:16:54,830 DEBUG (BaseJdbcLogger.java:143)- <====      Total: 1
2019-09-23 05:16:54,831 DEBUG (BaseJdbcLogger.java:143)- ====>  Preparing: select id, name, sex, birthday, phone, ID_number, email, parent_phone, adress, major, state from student_basic where id = ? 
2019-09-23 05:16:54,832 DEBUG (BaseJdbcLogger.java:143)- ====> Parameters: 25223(String)
2019-09-23 05:16:54,832 DEBUG (BaseJdbcLogger.java:143)- <====      Total: 1
2019-09-23 05:16:54,833 DEBUG (BaseJdbcLogger.java:143)- ====>  Preparing: select id, name, sex, birthday, phone, ID_number, email, parent_phone, adress, major, state from student_basic where id = ? 
2019-09-23 05:16:54,833 DEBUG (BaseJdbcLogger.java:143)- ====> Parameters: 25224(String)
2019-09-23 05:16:54,834 DEBUG (BaseJdbcLogger.java:143)- <====      Total: 1
2019-09-23 05:16:54,835 DEBUG (BaseJdbcLogger.java:143)- ====>  Preparing: select id, name, sex, birthday, phone, ID_number, email, parent_phone, adress, major, state from student_basic where id = ? 
2019-09-23 05:16:54,836 DEBUG (BaseJdbcLogger.java:143)- ====> Parameters: 25226(String)
2019-09-23 05:16:54,837 DEBUG (BaseJdbcLogger.java:143)- <====      Total: 1
2019-09-23 05:16:54,837 DEBUG (BaseJdbcLogger.java:143)- ====>  Preparing: select id, name, sex, birthday, phone, ID_number, email, parent_phone, adress, major, state from student_basic where id = ? 
2019-09-23 05:16:54,838 DEBUG (BaseJdbcLogger.java:143)- ====> Parameters: 25227(String)
2019-09-23 05:16:54,839 DEBUG (BaseJdbcLogger.java:143)- <====      Total: 1
2019-09-23 05:16:54,839 DEBUG (BaseJdbcLogger.java:143)- ====>  Preparing: select id, name, sex, birthday, phone, ID_number, email, parent_phone, adress, major, state from student_basic where id = ? 
2019-09-23 05:16:54,839 DEBUG (BaseJdbcLogger.java:143)- ====> Parameters: 25228(String)
2019-09-23 05:16:54,840 DEBUG (BaseJdbcLogger.java:143)- <====      Total: 1
2019-09-23 05:16:54,841 DEBUG (BaseJdbcLogger.java:143)- ====>  Preparing: select id, name, sex, birthday, phone, ID_number, email, parent_phone, adress, major, state from student_basic where id = ? 
2019-09-23 05:16:54,841 DEBUG (BaseJdbcLogger.java:143)- ====> Parameters: 25230(String)
2019-09-23 05:16:54,842 DEBUG (BaseJdbcLogger.java:143)- <====      Total: 1
2019-09-23 05:16:54,843 DEBUG (BaseJdbcLogger.java:143)- ====>  Preparing: select id, name, sex, birthday, phone, ID_number, email, parent_phone, adress, major, state from student_basic where id = ? 
2019-09-23 05:16:54,843 DEBUG (BaseJdbcLogger.java:143)- ====> Parameters: 25231(String)
2019-09-23 05:16:54,843 DEBUG (BaseJdbcLogger.java:143)- <====      Total: 1
2019-09-23 05:16:54,844 DEBUG (BaseJdbcLogger.java:143)- ====>  Preparing: select id, name, sex, birthday, phone, ID_number, email, parent_phone, adress, major, state from student_basic where id = ? 
2019-09-23 05:16:54,844 DEBUG (BaseJdbcLogger.java:143)- ====> Parameters: 25232(String)
2019-09-23 05:16:54,846 DEBUG (BaseJdbcLogger.java:143)- <====      Total: 1
2019-09-23 05:16:54,846 DEBUG (BaseJdbcLogger.java:143)- ====>  Preparing: select id, name, sex, birthday, phone, ID_number, email, parent_phone, adress, major, state from student_basic where id = ? 
2019-09-23 05:16:54,846 DEBUG (BaseJdbcLogger.java:143)- ====> Parameters: 25233(String)
2019-09-23 05:16:54,847 DEBUG (BaseJdbcLogger.java:143)- <====      Total: 1
2019-09-23 05:16:54,848 DEBUG (BaseJdbcLogger.java:143)- ====>  Preparing: select id, name, sex, birthday, phone, ID_number, email, parent_phone, adress, major, state from student_basic where id = ? 
2019-09-23 05:16:54,848 DEBUG (BaseJdbcLogger.java:143)- ====> Parameters: 25234(String)
2019-09-23 05:16:54,849 DEBUG (BaseJdbcLogger.java:143)- <====      Total: 1
2019-09-23 05:16:54,849 DEBUG (BaseJdbcLogger.java:143)- ====>  Preparing: select id, name, sex, birthday, phone, ID_number, email, parent_phone, adress, major, state from student_basic where id = ? 
2019-09-23 05:16:54,850 DEBUG (BaseJdbcLogger.java:143)- ====> Parameters: 25236(String)
2019-09-23 05:16:54,850 DEBUG (BaseJdbcLogger.java:143)- <====      Total: 1
2019-09-23 05:16:54,851 DEBUG (BaseJdbcLogger.java:143)- ====>  Preparing: select id, name, sex, birthday, phone, ID_number, email, parent_phone, adress, major, state from student_basic where id = ? 
2019-09-23 05:16:54,852 DEBUG (BaseJdbcLogger.java:143)- ====> Parameters: 25242(String)
2019-09-23 05:16:54,853 DEBUG (BaseJdbcLogger.java:143)- <====      Total: 1
2019-09-23 05:16:54,854 DEBUG (BaseJdbcLogger.java:143)- ====>  Preparing: select id, name, sex, birthday, phone, ID_number, email, parent_phone, adress, major, state from student_basic where id = ? 
2019-09-23 05:16:54,854 DEBUG (BaseJdbcLogger.java:143)- ====> Parameters: 25245(String)
2019-09-23 05:16:54,855 DEBUG (BaseJdbcLogger.java:143)- <====      Total: 1
2019-09-23 05:16:54,856 DEBUG (BaseJdbcLogger.java:143)- ====>  Preparing: select id, name, sex, birthday, phone, ID_number, email, parent_phone, adress, major, state from student_basic where id = ? 
2019-09-23 05:16:54,856 DEBUG (BaseJdbcLogger.java:143)- ====> Parameters: 25246(String)
2019-09-23 05:16:54,857 DEBUG (BaseJdbcLogger.java:143)- <====      Total: 1
2019-09-23 05:16:54,858 DEBUG (BaseJdbcLogger.java:143)- ====>  Preparing: select id, name, sex, birthday, phone, ID_number, email, parent_phone, adress, major, state from student_basic where id = ? 
2019-09-23 05:16:54,859 DEBUG (BaseJdbcLogger.java:143)- ====> Parameters: 25247(String)
2019-09-23 05:16:54,860 DEBUG (BaseJdbcLogger.java:143)- <====      Total: 1
2019-09-23 05:16:54,860 DEBUG (BaseJdbcLogger.java:143)- ====>  Preparing: select id, name, sex, birthday, phone, ID_number, email, parent_phone, adress, major, state from student_basic where id = ? 
2019-09-23 05:16:54,861 DEBUG (BaseJdbcLogger.java:143)- ====> Parameters: 25248(String)
2019-09-23 05:16:54,862 DEBUG (BaseJdbcLogger.java:143)- <====      Total: 1
2019-09-23 05:16:54,862 DEBUG (BaseJdbcLogger.java:143)- ====>  Preparing: select id, name, sex, birthday, phone, ID_number, email, parent_phone, adress, major, state from student_basic where id = ? 
2019-09-23 05:16:54,863 DEBUG (BaseJdbcLogger.java:143)- ====> Parameters: 25249(String)
2019-09-23 05:16:54,863 DEBUG (BaseJdbcLogger.java:143)- <====      Total: 1
2019-09-23 05:16:54,864 DEBUG (BaseJdbcLogger.java:143)- ====>  Preparing: select id, name, sex, birthday, phone, ID_number, email, parent_phone, adress, major, state from student_basic where id = ? 
2019-09-23 05:16:54,864 DEBUG (BaseJdbcLogger.java:143)- ====> Parameters: 25250(String)
2019-09-23 05:16:54,865 DEBUG (BaseJdbcLogger.java:143)- <====      Total: 1
2019-09-23 05:16:54,866 DEBUG (BaseJdbcLogger.java:143)- ====>  Preparing: select id, name, sex, birthday, phone, ID_number, email, parent_phone, adress, major, state from student_basic where id = ? 
2019-09-23 05:16:54,866 DEBUG (BaseJdbcLogger.java:143)- ====> Parameters: 25251(String)
2019-09-23 05:16:54,867 DEBUG (BaseJdbcLogger.java:143)- <====      Total: 1
2019-09-23 05:16:54,868 DEBUG (BaseJdbcLogger.java:143)- ====>  Preparing: select id, name, sex, birthday, phone, ID_number, email, parent_phone, adress, major, state from student_basic where id = ? 
2019-09-23 05:16:54,869 DEBUG (BaseJdbcLogger.java:143)- ====> Parameters: 25252(String)
2019-09-23 05:16:54,870 DEBUG (BaseJdbcLogger.java:143)- <====      Total: 1
2019-09-23 05:16:54,871 DEBUG (BaseJdbcLogger.java:143)- ====>  Preparing: select id, name, sex, birthday, phone, ID_number, email, parent_phone, adress, major, state from student_basic where id = ? 
2019-09-23 05:16:54,872 DEBUG (BaseJdbcLogger.java:143)- ====> Parameters: 25253(String)
2019-09-23 05:16:54,872 DEBUG (BaseJdbcLogger.java:143)- <====      Total: 1
2019-09-23 05:16:54,872 DEBUG (BaseJdbcLogger.java:143)- ====>  Preparing: select id, name, sex, birthday, phone, ID_number, email, parent_phone, adress, major, state from student_basic where id = ? 
2019-09-23 05:16:54,873 DEBUG (BaseJdbcLogger.java:143)- ====> Parameters: 25254(String)
2019-09-23 05:16:54,875 DEBUG (BaseJdbcLogger.java:143)- <====      Total: 1
2019-09-23 05:16:54,876 DEBUG (BaseJdbcLogger.java:143)- ====>  Preparing: select id, name, sex, birthday, phone, ID_number, email, parent_phone, adress, major, state from student_basic where id = ? 
2019-09-23 05:16:54,877 DEBUG (BaseJdbcLogger.java:143)- ====> Parameters: 25255(String)
2019-09-23 05:16:54,878 DEBUG (BaseJdbcLogger.java:143)- <====      Total: 1
2019-09-23 05:16:54,879 DEBUG (BaseJdbcLogger.java:143)- <==      Total: 25
2019-09-23 05:16:54,880 DEBUG (BaseJdbcLogger.java:143)- ==>  Preparing: select dormitory_allocation.id, dormitory_allocation.class_id, dormitory_allocation.dormitory_id,dormitory_allocation.number from dormitory_allocation,dormitory WHERE dormitory_allocation.dormitory_id=dormitory.id and dormitory.sex=? and class_id = ? 
2019-09-23 05:16:54,880 DEBUG (BaseJdbcLogger.java:143)- ==> Parameters: 男(String), 080702201901(String)
2019-09-23 05:16:54,881 DEBUG (BaseJdbcLogger.java:143)- ====>  Preparing: select id, dong, floor, room, sex, number, rent,hasnumber from dormitory where id = ? 
2019-09-23 05:16:54,881 DEBUG (BaseJdbcLogger.java:143)- ====> Parameters: 53(Integer)
2019-09-23 05:16:54,882 DEBUG (BaseJdbcLogger.java:143)- <====      Total: 1
2019-09-23 05:16:54,883 DEBUG (BaseJdbcLogger.java:143)- ====>  Preparing: select id, dong, floor, room, sex, number, rent,hasnumber from dormitory where id = ? 
2019-09-23 05:16:54,883 DEBUG (BaseJdbcLogger.java:143)- ====> Parameters: 54(Integer)
2019-09-23 05:16:54,884 DEBUG (BaseJdbcLogger.java:143)- <====      Total: 1
