2019-09-23 04:17:18,942 DEBUG (BaseJdbcLogger.java:143)- ====>  Preparing: select id, name, sex, birthday, phone, ID_number, email, parent_phone, adress, major, state from student_basic where id = ? 
2019-09-23 04:17:18,943 DEBUG (BaseJdbcLogger.java:143)- ====> Parameters: 24000(String)
2019-09-23 04:17:18,945 DEBUG (BaseJdbcLogger.java:143)- <====      Total: 1
2019-09-23 04:17:18,945 DEBUG (BaseJdbcLogger.java:143)- ====>  Preparing: select id, name, sex, birthday, phone, ID_number, email, parent_phone, adress, major, state from student_basic where id = ? 
2019-09-23 04:17:18,945 DEBUG (BaseJdbcLogger.java:143)- ====> Parameters: 24001(String)
2019-09-23 04:17:18,945 DEBUG (BaseJdbcLogger.java:143)- <====      Total: 1
2019-09-23 04:17:18,946 DEBUG (BaseJdbcLogger.java:143)- ====>  Preparing: select id, name, sex, birthday, phone, ID_number, email, parent_phone, adress, major, state from student_basic where id = ? 
2019-09-23 04:17:18,946 DEBUG (BaseJdbcLogger.java:143)- ====> Parameters: 24002(String)
2019-09-23 04:17:18,947 DEBUG (BaseJdbcLogger.java:143)- <====      Total: 1
2019-09-23 04:17:18,948 DEBUG (BaseJdbcLogger.java:143)- ====>  Preparing: select id, name, sex, birthday, phone, ID_number, email, parent_phone, adress, major, state from student_basic where id = ? 
2019-09-23 04:17:18,949 DEBUG (BaseJdbcLogger.java:143)- ====> Parameters: 24007(String)
2019-09-23 04:17:18,949 DEBUG (BaseJdbcLogger.java:143)- <====      Total: 1
2019-09-23 04:17:18,949 DEBUG (BaseJdbcLogger.java:143)- ====>  Preparing: select id, name, sex, birthday, phone, ID_number, email, parent_phone, adress, major, state from student_basic where id = ? 
2019-09-23 04:17:18,949 DEBUG (BaseJdbcLogger.java:143)- ====> Parameters: 24012(String)
2019-09-23 04:17:18,951 DEBUG (BaseJdbcLogger.java:143)- <====      Total: 1
2019-09-23 04:17:18,951 DEBUG (BaseJdbcLogger.java:143)- <==      Total: 69
2019-09-23 04:17:18,951 DEBUG (BaseJdbcLogger.java:143)- ==>  Preparing: select student_status.id, student_status.basic_id, student_status.student_id, student_status.class_id from student_status,student_basic where student_status.basic_id=student_basic.id and student_basic.sex=? and student_basic.major=? and student_status.class_id='0' 
2019-09-23 04:17:18,951 DEBUG (BaseJdbcLogger.java:143)- ==> Parameters: 男(String), 通信工程(String)
2019-09-23 04:17:18,954 DEBUG (BaseJdbcLogger.java:143)- ====>  Preparing: select id, name, sex, birthday, phone, ID_number, email, parent_phone, adress, major, state from student_basic where id = ? 
2019-09-23 04:17:18,954 DEBUG (BaseJdbcLogger.java:143)- ====> Parameters: 24089(String)
2019-09-23 04:17:18,955 DEBUG (BaseJdbcLogger.java:143)- <====      Total: 1
2019-09-23 04:17:18,956 DEBUG (BaseJdbcLogger.java:143)- ====>  Preparing: select id, class_id, name, director, grade, major_id from class WHERE class_id = ? 
2019-09-23 04:17:18,957 DEBUG (BaseJdbcLogger.java:143)- ====> Parameters: 0(String)
2019-09-23 04:17:18,957 DEBUG (BaseJdbcLogger.java:143)- <====      Total: 0
2019-09-23 04:17:18,957 DEBUG (BaseJdbcLogger.java:143)- ====>  Preparing: select id, name, sex, birthday, phone, ID_number, email, parent_phone, adress, major, state from student_basic where id = ? 
2019-09-23 04:17:18,957 DEBUG (BaseJdbcLogger.java:143)- ====> Parameters: 24090(String)
2019-09-23 04:17:18,958 DEBUG (BaseJdbcLogger.java:143)- <====      Total: 1
2019-09-23 04:17:18,958 DEBUG (BaseJdbcLogger.java:143)- ====>  Preparing: select id, name, sex, birthday, phone, ID_number, email, parent_phone, adress, major, state from student_basic where id = ? 
2019-09-23 04:17:18,959 DEBUG (BaseJdbcLogger.java:143)- ====> Parameters: 24091(String)
2019-09-23 04:17:18,960 DEBUG (BaseJdbcLogger.java:143)- <====      Total: 1
2019-09-23 04:17:18,961 DEBUG (BaseJdbcLogger.java:143)- ====>  Preparing: select id, name, sex, birthday, phone, ID_number, email, parent_phone, adress, major, state from student_basic where id = ? 
2019-09-23 04:17:18,962 DEBUG (BaseJdbcLogger.java:143)- ====> Parameters: 24092(String)
2019-09-23 04:17:18,963 DEBUG (BaseJdbcLogger.java:143)- <====      Total: 1
2019-09-23 04:17:18,963 DEBUG (BaseJdbcLogger.java:143)- ====>  Preparing: select id, name, sex, birthday, phone, ID_number, email, parent_phone, adress, major, state from student_basic where id = ? 
2019-09-23 04:17:18,963 DEBUG (BaseJdbcLogger.java:143)- ====> Parameters: 24095(String)
2019-09-23 04:17:18,964 DEBUG (BaseJdbcLogger.java:143)- <====      Total: 1
2019-09-23 04:17:18,966 DEBUG (BaseJdbcLogger.java:143)- ====>  Preparing: select id, name, sex, birthday, phone, ID_number, email, parent_phone, adress, major, state from student_basic where id = ? 
2019-09-23 04:17:18,966 DEBUG (BaseJdbcLogger.java:143)- ====> Parameters: 24096(String)
2019-09-23 04:17:18,967 DEBUG (BaseJdbcLogger.java:143)- <====      Total: 1
2019-09-23 04:17:18,967 DEBUG (BaseJdbcLogger.java:143)- ====>  Preparing: select id, name, sex, birthday, phone, ID_number, email, parent_phone, adress, major, state from student_basic where id = ? 
2019-09-23 04:17:18,969 DEBUG (BaseJdbcLogger.java:143)- ====> Parameters: 24097(String)
2019-09-23 04:17:18,970 DEBUG (BaseJdbcLogger.java:143)- <====      Total: 1
2019-09-23 04:17:18,970 DEBUG (BaseJdbcLogger.java:143)- ====>  Preparing: select id, name, sex, birthday, phone, ID_number, email, parent_phone, adress, major, state from student_basic where id = ? 
2019-09-23 04:17:18,971 DEBUG (BaseJdbcLogger.java:143)- ====> Parameters: 24098(String)
2019-09-23 04:17:18,971 DEBUG (BaseJdbcLogger.java:143)- <====      Total: 1
2019-09-23 04:17:18,971 DEBUG (BaseJdbcLogger.java:143)- ====>  Preparing: select id, name, sex, birthday, phone, ID_number, email, parent_phone, adress, major, state from student_basic where id = ? 
2019-09-23 04:17:18,972 DEBUG (BaseJdbcLogger.java:143)- ====> Parameters: 24099(String)
2019-09-23 04:17:18,972 DEBUG (BaseJdbcLogger.java:143)- <====      Total: 1
2019-09-23 04:17:18,973 DEBUG (BaseJdbcLogger.java:143)- ====>  Preparing: select id, name, sex, birthday, phone, ID_number, email, parent_phone, adress, major, state from student_basic where id = ? 
2019-09-23 04:17:18,973 DEBUG (BaseJdbcLogger.java:143)- ====> Parameters: 24100(String)
2019-09-23 04:17:18,973 DEBUG (BaseJdbcLogger.java:143)- <====      Total: 1
2019-09-23 04:17:18,973 DEBUG (BaseJdbcLogger.java:143)- ====>  Preparing: select id, name, sex, birthday, phone, ID_number, email, parent_phone, adress, major, state from student_basic where id = ? 
2019-09-23 04:17:18,974 DEBUG (BaseJdbcLogger.java:143)- ====> Parameters: 24102(String)
2019-09-23 04:17:18,974 DEBUG (BaseJdbcLogger.java:143)- <====      Total: 1
2019-09-23 04:17:18,975 DEBUG (BaseJdbcLogger.java:143)- ====>  Preparing: select id, name, sex, birthday, phone, ID_number, email, parent_phone, adress, major, state from student_basic where id = ? 
2019-09-23 04:17:18,976 DEBUG (BaseJdbcLogger.java:143)- ====> Parameters: 24106(String)
2019-09-23 04:17:18,976 DEBUG (BaseJdbcLogger.java:143)- <====      Total: 1
2019-09-23 04:17:18,977 DEBUG (BaseJdbcLogger.java:143)- ====>  Preparing: select id, name, sex, birthday, phone, ID_number, email, parent_phone, adress, major, state from student_basic where id = ? 
2019-09-23 04:17:18,977 DEBUG (BaseJdbcLogger.java:143)- ====> Parameters: 24109(String)
2019-09-23 04:17:18,977 DEBUG (BaseJdbcLogger.java:143)- <====      Total: 1
2019-09-23 04:17:18,977 DEBUG (BaseJdbcLogger.java:143)- ====>  Preparing: select id, name, sex, birthday, phone, ID_number, email, parent_phone, adress, major, state from student_basic where id = ? 
2019-09-23 04:17:18,978 DEBUG (BaseJdbcLogger.java:143)- ====> Parameters: 24110(String)
2019-09-23 04:17:18,978 DEBUG (BaseJdbcLogger.java:143)- <====      Total: 1
2019-09-23 04:17:18,978 DEBUG (BaseJdbcLogger.java:143)- ====>  Preparing: select id, name, sex, birthday, phone, ID_number, email, parent_phone, adress, major, state from student_basic where id = ? 
2019-09-23 04:17:18,979 DEBUG (BaseJdbcLogger.java:143)- ====> Parameters: 24113(String)
2019-09-23 04:17:18,980 DEBUG (BaseJdbcLogger.java:143)- <====      Total: 1
2019-09-23 04:17:18,980 DEBUG (BaseJdbcLogger.java:143)- ====>  Preparing: select id, name, sex, birthday, phone, ID_number, email, parent_phone, adress, major, state from student_basic where id = ? 
2019-09-23 04:17:18,980 DEBUG (BaseJdbcLogger.java:143)- ====> Parameters: 24115(String)
2019-09-23 04:17:18,981 DEBUG (BaseJdbcLogger.java:143)- <====      Total: 1
2019-09-23 04:17:18,981 DEBUG (BaseJdbcLogger.java:143)- ====>  Preparing: select id, name, sex, birthday, phone, ID_number, email, parent_phone, adress, major, state from student_basic where id = ? 
2019-09-23 04:17:18,982 DEBUG (BaseJdbcLogger.java:143)- ====> Parameters: 24116(String)
2019-09-23 04:17:18,982 DEBUG (BaseJdbcLogger.java:143)- <====      Total: 1
2019-09-23 04:17:18,983 DEBUG (BaseJdbcLogger.java:143)- ====>  Preparing: select id, name, sex, birthday, phone, ID_number, email, parent_phone, adress, major, state from student_basic where id = ? 
2019-09-23 04:17:18,983 DEBUG (BaseJdbcLogger.java:143)- ====> Parameters: 24118(String)
2019-09-23 04:17:18,983 DEBUG (BaseJdbcLogger.java:143)- <====      Total: 1
2019-09-23 04:17:18,984 DEBUG (BaseJdbcLogger.java:143)- ====>  Preparing: select id, name, sex, birthday, phone, ID_number, email, parent_phone, adress, major, state from student_basic where id = ? 
2019-09-23 04:17:18,984 DEBUG (BaseJdbcLogger.java:143)- ====> Parameters: 24119(String)
2019-09-23 04:17:18,985 DEBUG (BaseJdbcLogger.java:143)- <====      Total: 1
2019-09-23 04:17:18,985 DEBUG (BaseJdbcLogger.java:143)- ====>  Preparing: select id, name, sex, birthday, phone, ID_number, email, parent_phone, adress, major, state from student_basic where id = ? 
2019-09-23 04:17:18,985 DEBUG (BaseJdbcLogger.java:143)- ====> Parameters: 24121(String)
2019-09-23 04:17:18,987 DEBUG (BaseJdbcLogger.java:143)- <====      Total: 1
2019-09-23 04:17:18,987 DEBUG (BaseJdbcLogger.java:143)- ====>  Preparing: select id, name, sex, birthday, phone, ID_number, email, parent_phone, adress, major, state from student_basic where id = ? 
2019-09-23 04:17:18,988 DEBUG (BaseJdbcLogger.java:143)- ====> Parameters: 24124(String)
2019-09-23 04:17:18,995 DEBUG (BaseJdbcLogger.java:143)- <====      Total: 1
2019-09-23 04:17:18,996 DEBUG (BaseJdbcLogger.java:143)- ====>  Preparing: select id, name, sex, birthday, phone, ID_number, email, parent_phone, adress, major, state from student_basic where id = ? 
2019-09-23 04:17:18,996 DEBUG (BaseJdbcLogger.java:143)- ====> Parameters: 24127(String)
2019-09-23 04:17:18,997 DEBUG (BaseJdbcLogger.java:143)- <====      Total: 1
2019-09-23 04:17:18,998 DEBUG (BaseJdbcLogger.java:143)- ====>  Preparing: select id, name, sex, birthday, phone, ID_number, email, parent_phone, adress, major, state from student_basic where id = ? 
2019-09-23 04:17:18,998 DEBUG (BaseJdbcLogger.java:143)- ====> Parameters: 24130(String)
2019-09-23 04:17:18,999 DEBUG (BaseJdbcLogger.java:143)- <====      Total: 1
2019-09-23 04:17:19,000 DEBUG (BaseJdbcLogger.java:143)- ====>  Preparing: select id, name, sex, birthday, phone, ID_number, email, parent_phone, adress, major, state from student_basic where id = ? 
2019-09-23 04:17:19,000 DEBUG (BaseJdbcLogger.java:143)- ====> Parameters: 24131(String)
2019-09-23 04:17:19,001 DEBUG (BaseJdbcLogger.java:143)- <====      Total: 1
2019-09-23 04:17:19,001 DEBUG (BaseJdbcLogger.java:143)- ====>  Preparing: select id, name, sex, birthday, phone, ID_number, email, parent_phone, adress, major, state from student_basic where id = ? 
2019-09-23 04:17:19,001 DEBUG (BaseJdbcLogger.java:143)- ====> Parameters: 24132(String)
2019-09-23 04:17:19,002 DEBUG (BaseJdbcLogger.java:143)- <====      Total: 1
2019-09-23 04:17:19,002 DEBUG (BaseJdbcLogger.java:143)- ====>  Preparing: select id, name, sex, birthday, phone, ID_number, email, parent_phone, adress, major, state from student_basic where id = ? 
2019-09-23 04:17:19,002 DEBUG (BaseJdbcLogger.java:143)- ====> Parameters: 24133(String)
2019-09-23 04:17:19,003 DEBUG (BaseJdbcLogger.java:143)- <====      Total: 1
2019-09-23 04:17:19,003 DEBUG (BaseJdbcLogger.java:143)- ====>  Preparing: select id, name, sex, birthday, phone, ID_number, email, parent_phone, adress, major, state from student_basic where id = ? 
2019-09-23 04:17:19,003 DEBUG (BaseJdbcLogger.java:143)- ====> Parameters: 24135(String)
2019-09-23 04:17:19,004 DEBUG (BaseJdbcLogger.java:143)- <====      Total: 1
2019-09-23 04:17:19,005 DEBUG (BaseJdbcLogger.java:143)- ====>  Preparing: select id, name, sex, birthday, phone, ID_number, email, parent_phone, adress, major, state from student_basic where id = ? 
2019-09-23 04:17:19,005 DEBUG (BaseJdbcLogger.java:143)- ====> Parameters: 24136(String)
2019-09-23 04:17:19,006 DEBUG (BaseJdbcLogger.java:143)- <====      Total: 1
2019-09-23 04:17:19,006 DEBUG (BaseJdbcLogger.java:143)- ====>  Preparing: select id, name, sex, birthday, phone, ID_number, email, parent_phone, adress, major, state from student_basic where id = ? 
2019-09-23 04:17:19,007 DEBUG (BaseJdbcLogger.java:143)- ====> Parameters: 24139(String)
2019-09-23 04:17:19,007 DEBUG (BaseJdbcLogger.java:143)- <====      Total: 1
2019-09-23 04:17:19,008 DEBUG (BaseJdbcLogger.java:143)- ====>  Preparing: select id, name, sex, birthday, phone, ID_number, email, parent_phone, adress, major, state from student_basic where id = ? 
2019-09-23 04:17:19,008 DEBUG (BaseJdbcLogger.java:143)- ====> Parameters: 24140(String)
2019-09-23 04:17:19,008 DEBUG (BaseJdbcLogger.java:143)- <====      Total: 1
2019-09-23 04:17:19,009 DEBUG (BaseJdbcLogger.java:143)- ====>  Preparing: select id, name, sex, birthday, phone, ID_number, email, parent_phone, adress, major, state from student_basic where id = ? 
2019-09-23 04:17:19,009 DEBUG (BaseJdbcLogger.java:143)- ====> Parameters: 24141(String)
2019-09-23 04:17:19,010 DEBUG (BaseJdbcLogger.java:143)- <====      Total: 1
2019-09-23 04:17:19,010 DEBUG (BaseJdbcLogger.java:143)- ====>  Preparing: select id, name, sex, birthday, phone, ID_number, email, parent_phone, adress, major, state from student_basic where id = ? 
2019-09-23 04:17:19,011 DEBUG (BaseJdbcLogger.java:143)- ====> Parameters: 24142(String)
2019-09-23 04:17:19,011 DEBUG (BaseJdbcLogger.java:143)- <====      Total: 1
2019-09-23 04:17:19,012 DEBUG (BaseJdbcLogger.java:143)- ====>  Preparing: select id, name, sex, birthday, phone, ID_number, email, parent_phone, adress, major, state from student_basic where id = ? 
2019-09-23 04:17:19,012 DEBUG (BaseJdbcLogger.java:143)- ====> Parameters: 24143(String)
2019-09-23 04:17:19,013 DEBUG (BaseJdbcLogger.java:143)- <====      Total: 1
2019-09-23 04:17:19,013 DEBUG (BaseJdbcLogger.java:143)- ====>  Preparing: select id, name, sex, birthday, phone, ID_number, email, parent_phone, adress, major, state from student_basic where id = ? 
2019-09-23 04:17:19,014 DEBUG (BaseJdbcLogger.java:143)- ====> Parameters: 24144(String)
2019-09-23 04:17:19,014 DEBUG (BaseJdbcLogger.java:143)- <====      Total: 1
2019-09-23 04:17:19,014 DEBUG (BaseJdbcLogger.java:143)- ====>  Preparing: select id, name, sex, birthday, phone, ID_number, email, parent_phone, adress, major, state from student_basic where id = ? 
2019-09-23 04:17:19,015 DEBUG (BaseJdbcLogger.java:143)- ====> Parameters: 24146(String)
2019-09-23 04:17:19,015 DEBUG (BaseJdbcLogger.java:143)- <====      Total: 1
2019-09-23 04:17:19,016 DEBUG (BaseJdbcLogger.java:143)- ====>  Preparing: select id, name, sex, birthday, phone, ID_number, email, parent_phone, adress, major, state from student_basic where id = ? 
2019-09-23 04:17:19,016 DEBUG (BaseJdbcLogger.java:143)- ====> Parameters: 24149(String)
2019-09-23 04:17:19,016 DEBUG (BaseJdbcLogger.java:143)- <====      Total: 1
2019-09-23 04:17:19,017 DEBUG (BaseJdbcLogger.java:143)- ====>  Preparing: select id, name, sex, birthday, phone, ID_number, email, parent_phone, adress, major, state from student_basic where id = ? 
2019-09-23 04:17:19,017 DEBUG (BaseJdbcLogger.java:143)- ====> Parameters: 24150(String)
2019-09-23 04:17:19,018 DEBUG (BaseJdbcLogger.java:143)- <====      Total: 1
2019-09-23 04:17:19,019 DEBUG (BaseJdbcLogger.java:143)- ====>  Preparing: select id, name, sex, birthday, phone, ID_number, email, parent_phone, adress, major, state from student_basic where id = ? 
2019-09-23 04:17:19,019 DEBUG (BaseJdbcLogger.java:143)- ====> Parameters: 24151(String)
2019-09-23 04:17:19,020 DEBUG (BaseJdbcLogger.java:143)- <====      Total: 1
2019-09-23 04:17:19,020 DEBUG (BaseJdbcLogger.java:143)- ====>  Preparing: select id, name, sex, birthday, phone, ID_number, email, parent_phone, adress, major, state from student_basic where id = ? 
2019-09-23 04:17:19,020 DEBUG (BaseJdbcLogger.java:143)- ====> Parameters: 24156(String)
2019-09-23 04:17:19,021 DEBUG (BaseJdbcLogger.java:143)- <====      Total: 1
2019-09-23 04:17:19,021 DEBUG (BaseJdbcLogger.java:143)- ====>  Preparing: select id, name, sex, birthday, phone, ID_number, email, parent_phone, adress, major, state from student_basic where id = ? 
2019-09-23 04:17:19,022 DEBUG (BaseJdbcLogger.java:143)- ====> Parameters: 24157(String)
2019-09-23 04:17:19,022 DEBUG (BaseJdbcLogger.java:143)- <====      Total: 1
2019-09-23 04:17:19,022 DEBUG (BaseJdbcLogger.java:143)- ====>  Preparing: select id, name, sex, birthday, phone, ID_number, email, parent_phone, adress, major, state from student_basic where id = ? 
2019-09-23 04:17:19,023 DEBUG (BaseJdbcLogger.java:143)- ====> Parameters: 24158(String)
2019-09-23 04:17:19,023 DEBUG (BaseJdbcLogger.java:143)- <====      Total: 1
2019-09-23 04:17:19,023 DEBUG (BaseJdbcLogger.java:143)- ====>  Preparing: select id, name, sex, birthday, phone, ID_number, email, parent_phone, adress, major, state from student_basic where id = ? 
2019-09-23 04:17:19,024 DEBUG (BaseJdbcLogger.java:143)- ====> Parameters: 24160(String)
2019-09-23 04:17:19,024 DEBUG (BaseJdbcLogger.java:143)- <====      Total: 1
2019-09-23 04:17:19,025 DEBUG (BaseJdbcLogger.java:143)- ====>  Preparing: select id, name, sex, birthday, phone, ID_number, email, parent_phone, adress, major, state from student_basic where id = ? 
2019-09-23 04:17:19,025 DEBUG (BaseJdbcLogger.java:143)- ====> Parameters: 24161(String)
2019-09-23 04:17:19,025 DEBUG (BaseJdbcLogger.java:143)- <====      Total: 1
2019-09-23 04:17:19,026 DEBUG (BaseJdbcLogger.java:143)- ====>  Preparing: select id, name, sex, birthday, phone, ID_number, email, parent_phone, adress, major, state from student_basic where id = ? 
2019-09-23 04:17:19,026 DEBUG (BaseJdbcLogger.java:143)- ====> Parameters: 24162(String)
2019-09-23 04:17:19,027 DEBUG (BaseJdbcLogger.java:143)- <====      Total: 1
2019-09-23 04:17:19,027 DEBUG (BaseJdbcLogger.java:143)- ====>  Preparing: select id, name, sex, birthday, phone, ID_number, email, parent_phone, adress, major, state from student_basic where id = ? 
2019-09-23 04:17:19,028 DEBUG (BaseJdbcLogger.java:143)- ====> Parameters: 24164(String)
2019-09-23 04:17:19,029 DEBUG (BaseJdbcLogger.java:143)- <====      Total: 1
2019-09-23 04:17:19,029 DEBUG (BaseJdbcLogger.java:143)- ====>  Preparing: select id, name, sex, birthday, phone, ID_number, email, parent_phone, adress, major, state from student_basic where id = ? 
2019-09-23 04:17:19,030 DEBUG (BaseJdbcLogger.java:143)- ====> Parameters: 24165(String)
2019-09-23 04:17:19,031 DEBUG (BaseJdbcLogger.java:143)- <====      Total: 1
2019-09-23 04:17:19,032 DEBUG (BaseJdbcLogger.java:143)- ====>  Preparing: select id, name, sex, birthday, phone, ID_number, email, parent_phone, adress, major, state from student_basic where id = ? 
2019-09-23 04:17:19,032 DEBUG (BaseJdbcLogger.java:143)- ====> Parameters: 24166(String)
2019-09-23 04:17:19,033 DEBUG (BaseJdbcLogger.java:143)- <====      Total: 1
2019-09-23 04:17:19,033 DEBUG (BaseJdbcLogger.java:143)- ====>  Preparing: select id, name, sex, birthday, phone, ID_number, email, parent_phone, adress, major, state from student_basic where id = ? 
2019-09-23 04:17:19,034 DEBUG (BaseJdbcLogger.java:143)- ====> Parameters: 24167(String)
2019-09-23 04:17:19,034 DEBUG (BaseJdbcLogger.java:143)- <====      Total: 1
2019-09-23 04:17:19,035 DEBUG (BaseJdbcLogger.java:143)- ====>  Preparing: select id, name, sex, birthday, phone, ID_number, email, parent_phone, adress, major, state from student_basic where id = ? 
2019-09-23 04:17:19,035 DEBUG (BaseJdbcLogger.java:143)- ====> Parameters: 24169(String)
2019-09-23 04:17:19,035 DEBUG (BaseJdbcLogger.java:143)- <====      Total: 1
2019-09-23 04:17:19,036 DEBUG (BaseJdbcLogger.java:143)- ====>  Preparing: select id, name, sex, birthday, phone, ID_number, email, parent_phone, adress, major, state from student_basic where id = ? 
2019-09-23 04:17:19,036 DEBUG (BaseJdbcLogger.java:143)- ====> Parameters: 24172(String)
2019-09-23 04:17:19,036 DEBUG (BaseJdbcLogger.java:143)- <====      Total: 1
2019-09-23 04:17:19,037 DEBUG (BaseJdbcLogger.java:143)- ====>  Preparing: select id, name, sex, birthday, phone, ID_number, email, parent_phone, adress, major, state from student_basic where id = ? 
2019-09-23 04:17:19,037 DEBUG (BaseJdbcLogger.java:143)- ====> Parameters: 24173(String)
2019-09-23 04:17:19,037 DEBUG (BaseJdbcLogger.java:143)- <====      Total: 1
2019-09-23 04:17:19,038 DEBUG (BaseJdbcLogger.java:143)- ====>  Preparing: select id, name, sex, birthday, phone, ID_number, email, parent_phone, adress, major, state from student_basic where id = ? 
2019-09-23 04:17:19,038 DEBUG (BaseJdbcLogger.java:143)- ====> Parameters: 24175(String)
2019-09-23 04:17:19,039 DEBUG (BaseJdbcLogger.java:143)- <====      Total: 1
2019-09-23 04:17:19,039 DEBUG (BaseJdbcLogger.java:143)- ====>  Preparing: select id, name, sex, birthday, phone, ID_number, email, parent_phone, adress, major, state from student_basic where id = ? 
2019-09-23 04:17:19,039 DEBUG (BaseJdbcLogger.java:143)- ====> Parameters: 24177(String)
2019-09-23 04:17:19,040 DEBUG (BaseJdbcLogger.java:143)- <====      Total: 1
2019-09-23 04:17:19,040 DEBUG (BaseJdbcLogger.java:143)- ====>  Preparing: select id, name, sex, birthday, phone, ID_number, email, parent_phone, adress, major, state from student_basic where id = ? 
2019-09-23 04:17:19,040 DEBUG (BaseJdbcLogger.java:143)- ====> Parameters: 24179(String)
2019-09-23 04:17:19,041 DEBUG (BaseJdbcLogger.java:143)- <====      Total: 1
2019-09-23 04:17:19,041 DEBUG (BaseJdbcLogger.java:143)- ====>  Preparing: select id, name, sex, birthday, phone, ID_number, email, parent_phone, adress, major, state from student_basic where id = ? 
2019-09-23 04:17:19,041 DEBUG (BaseJdbcLogger.java:143)- ====> Parameters: 24180(String)
2019-09-23 04:17:19,042 DEBUG (BaseJdbcLogger.java:143)- <====      Total: 1
2019-09-23 04:17:19,042 DEBUG (BaseJdbcLogger.java:143)- ====>  Preparing: select id, name, sex, birthday, phone, ID_number, email, parent_phone, adress, major, state from student_basic where id = ? 
2019-09-23 04:17:19,043 DEBUG (BaseJdbcLogger.java:143)- ====> Parameters: 24182(String)
2019-09-23 04:17:19,043 DEBUG (BaseJdbcLogger.java:143)- <====      Total: 1
2019-09-23 04:17:19,044 DEBUG (BaseJdbcLogger.java:143)- ====>  Preparing: select id, name, sex, birthday, phone, ID_number, email, parent_phone, adress, major, state from student_basic where id = ? 
2019-09-23 04:17:19,045 DEBUG (BaseJdbcLogger.java:143)- ====> Parameters: 24183(String)
2019-09-23 04:17:19,045 DEBUG (BaseJdbcLogger.java:143)- <====      Total: 1
2019-09-23 04:17:19,046 DEBUG (BaseJdbcLogger.java:143)- ====>  Preparing: select id, name, sex, birthday, phone, ID_number, email, parent_phone, adress, major, state from student_basic where id = ? 
2019-09-23 04:17:19,046 DEBUG (BaseJdbcLogger.java:143)- ====> Parameters: 24184(String)
2019-09-23 04:17:19,046 DEBUG (BaseJdbcLogger.java:143)- <====      Total: 1
2019-09-23 04:17:19,047 DEBUG (BaseJdbcLogger.java:143)- ====>  Preparing: select id, name, sex, birthday, phone, ID_number, email, parent_phone, adress, major, state from student_basic where id = ? 
2019-09-23 04:17:19,047 DEBUG (BaseJdbcLogger.java:143)- ====> Parameters: 24185(String)
2019-09-23 04:17:19,048 DEBUG (BaseJdbcLogger.java:143)- <====      Total: 1
2019-09-23 04:17:19,048 DEBUG (BaseJdbcLogger.java:143)- ====>  Preparing: select id, name, sex, birthday, phone, ID_number, email, parent_phone, adress, major, state from student_basic where id = ? 
2019-09-23 04:17:19,048 DEBUG (BaseJdbcLogger.java:143)- ====> Parameters: 24190(String)
2019-09-23 04:17:19,049 DEBUG (BaseJdbcLogger.java:143)- <====      Total: 1
2019-09-23 04:17:19,049 DEBUG (BaseJdbcLogger.java:143)- ====>  Preparing: select id, name, sex, birthday, phone, ID_number, email, parent_phone, adress, major, state from student_basic where id = ? 
2019-09-23 04:17:19,050 DEBUG (BaseJdbcLogger.java:143)- ====> Parameters: 24193(String)
2019-09-23 04:17:19,050 DEBUG (BaseJdbcLogger.java:143)- <====      Total: 1
2019-09-23 04:17:19,050 DEBUG (BaseJdbcLogger.java:143)- ====>  Preparing: select id, name, sex, birthday, phone, ID_number, email, parent_phone, adress, major, state from student_basic where id = ? 
2019-09-23 04:17:19,051 DEBUG (BaseJdbcLogger.java:143)- ====> Parameters: 24194(String)
2019-09-23 04:17:19,051 DEBUG (BaseJdbcLogger.java:143)- <====      Total: 1
2019-09-23 04:17:19,052 DEBUG (BaseJdbcLogger.java:143)- ====>  Preparing: select id, name, sex, birthday, phone, ID_number, email, parent_phone, adress, major, state from student_basic where id = ? 
2019-09-23 04:17:19,052 DEBUG (BaseJdbcLogger.java:143)- ====> Parameters: 24195(String)
2019-09-23 04:17:19,053 DEBUG (BaseJdbcLogger.java:143)- <====      Total: 1
2019-09-23 04:17:19,054 DEBUG (BaseJdbcLogger.java:143)- ====>  Preparing: select id, name, sex, birthday, phone, ID_number, email, parent_phone, adress, major, state from student_basic where id = ? 
2019-09-23 04:17:19,054 DEBUG (BaseJdbcLogger.java:143)- ====> Parameters: 24200(String)
2019-09-23 04:17:19,055 DEBUG (BaseJdbcLogger.java:143)- <====      Total: 1
2019-09-23 04:17:19,055 DEBUG (BaseJdbcLogger.java:143)- ====>  Preparing: select id, name, sex, birthday, phone, ID_number, email, parent_phone, adress, major, state from student_basic where id = ? 
2019-09-23 04:17:19,055 DEBUG (BaseJdbcLogger.java:143)- ====> Parameters: 24201(String)
2019-09-23 04:17:19,060 DEBUG (BaseJdbcLogger.java:143)- <====      Total: 1
2019-09-23 04:17:19,061 DEBUG (BaseJdbcLogger.java:143)- ====>  Preparing: select id, name, sex, birthday, phone, ID_number, email, parent_phone, adress, major, state from student_basic where id = ? 
2019-09-23 04:17:19,062 DEBUG (BaseJdbcLogger.java:143)- ====> Parameters: 24203(String)
2019-09-23 04:17:19,063 DEBUG (BaseJdbcLogger.java:143)- <====      Total: 1
2019-09-23 04:17:19,064 DEBUG (BaseJdbcLogger.java:143)- ====>  Preparing: select id, name, sex, birthday, phone, ID_number, email, parent_phone, adress, major, state from student_basic where id = ? 
2019-09-23 04:17:19,064 DEBUG (BaseJdbcLogger.java:143)- ====> Parameters: 24205(String)
2019-09-23 04:17:19,065 DEBUG (BaseJdbcLogger.java:143)- <====      Total: 1
2019-09-23 04:17:19,066 DEBUG (BaseJdbcLogger.java:143)- ====>  Preparing: select id, name, sex, birthday, phone, ID_number, email, parent_phone, adress, major, state from student_basic where id = ? 
2019-09-23 04:17:19,066 DEBUG (BaseJdbcLogger.java:143)- ====> Parameters: 24206(String)
2019-09-23 04:17:19,067 DEBUG (BaseJdbcLogger.java:143)- <====      Total: 1
2019-09-23 04:17:19,067 DEBUG (BaseJdbcLogger.java:143)- ====>  Preparing: select id, name, sex, birthday, phone, ID_number, email, parent_phone, adress, major, state from student_basic where id = ? 
2019-09-23 04:17:19,067 DEBUG (BaseJdbcLogger.java:143)- ====> Parameters: 24207(String)
2019-09-23 04:17:19,068 DEBUG (BaseJdbcLogger.java:143)- <====      Total: 1
2019-09-23 04:17:19,069 DEBUG (BaseJdbcLogger.java:143)- ====>  Preparing: select id, name, sex, birthday, phone, ID_number, email, parent_phone, adress, major, state from student_basic where id = ? 
2019-09-23 04:17:19,069 DEBUG (BaseJdbcLogger.java:143)- ====> Parameters: 24208(String)
2019-09-23 04:17:19,070 DEBUG (BaseJdbcLogger.java:143)- <====      Total: 1
2019-09-23 04:17:19,071 DEBUG (BaseJdbcLogger.java:143)- ====>  Preparing: select id, name, sex, birthday, phone, ID_number, email, parent_phone, adress, major, state from student_basic where id = ? 
2019-09-23 04:17:19,071 DEBUG (BaseJdbcLogger.java:143)- ====> Parameters: 24211(String)
2019-09-23 04:17:19,073 DEBUG (BaseJdbcLogger.java:143)- <====      Total: 1
2019-09-23 04:17:19,073 DEBUG (BaseJdbcLogger.java:143)- ====>  Preparing: select id, name, sex, birthday, phone, ID_number, email, parent_phone, adress, major, state from student_basic where id = ? 
2019-09-23 04:17:19,073 DEBUG (BaseJdbcLogger.java:143)- ====> Parameters: 24212(String)
2019-09-23 04:17:19,074 DEBUG (BaseJdbcLogger.java:143)- <====      Total: 1
2019-09-23 04:17:19,074 DEBUG (BaseJdbcLogger.java:143)- ====>  Preparing: select id, name, sex, birthday, phone, ID_number, email, parent_phone, adress, major, state from student_basic where id = ? 
2019-09-23 04:17:19,075 DEBUG (BaseJdbcLogger.java:143)- ====> Parameters: 24213(String)
2019-09-23 04:17:19,075 DEBUG (BaseJdbcLogger.java:143)- <====      Total: 1
2019-09-23 04:17:19,076 DEBUG (BaseJdbcLogger.java:143)- ====>  Preparing: select id, name, sex, birthday, phone, ID_number, email, parent_phone, adress, major, state from student_basic where id = ? 
2019-09-23 04:17:19,076 DEBUG (BaseJdbcLogger.java:143)- ====> Parameters: 24214(String)
2019-09-23 04:17:19,077 DEBUG (BaseJdbcLogger.java:143)- <====      Total: 1
2019-09-23 04:17:19,077 DEBUG (BaseJdbcLogger.java:143)- ====>  Preparing: select id, name, sex, birthday, phone, ID_number, email, parent_phone, adress, major, state from student_basic where id = ? 
2019-09-23 04:17:19,078 DEBUG (BaseJdbcLogger.java:143)- ====> Parameters: 24216(String)
2019-09-23 04:17:19,078 DEBUG (BaseJdbcLogger.java:143)- <====      Total: 1
2019-09-23 04:17:19,079 DEBUG (BaseJdbcLogger.java:143)- ====>  Preparing: select id, name, sex, birthday, phone, ID_number, email, parent_phone, adress, major, state from student_basic where id = ? 
2019-09-23 04:17:19,079 DEBUG (BaseJdbcLogger.java:143)- ====> Parameters: 24217(String)
2019-09-23 04:17:19,079 DEBUG (BaseJdbcLogger.java:143)- <====      Total: 1
2019-09-23 04:17:19,080 DEBUG (BaseJdbcLogger.java:143)- <==      Total: 76
2019-09-23 04:17:19,080 DEBUG (BaseJdbcLogger.java:143)- ==>  Preparing: select student_status.id, student_status.basic_id, student_status.student_id, student_status.class_id from student_status,student_basic where student_status.basic_id=student_basic.id and student_basic.sex=? and student_basic.major=? and student_status.class_id='0' 
2019-09-23 04:17:19,080 DEBUG (BaseJdbcLogger.java:143)- ==> Parameters: 女(String), 通信工程(String)
2019-09-23 04:17:19,083 DEBUG (BaseJdbcLogger.java:143)- ====>  Preparing: select id, name, sex, birthday, phone, ID_number, email, parent_phone, adress, major, state from student_basic where id = ? 
2019-09-23 04:17:19,083 DEBUG (BaseJdbcLogger.java:143)- ====> Parameters: 24088(String)
2019-09-23 04:17:19,084 DEBUG (BaseJdbcLogger.java:143)- <====      Total: 1
2019-09-23 04:17:19,084 DEBUG (BaseJdbcLogger.java:143)- ====>  Preparing: select id, class_id, name, director, grade, major_id from class WHERE class_id = ? 
