2019-10-27 21:38:19,398 DEBUG (BaseJdbcLogger.java:143)- ====> Parameters: 27904(String)
2019-10-27 21:38:19,401 DEBUG (BaseJdbcLogger.java:143)- <====      Total: 1
2019-10-27 21:38:19,402 DEBUG (BaseJdbcLogger.java:143)- ====>  Preparing: select id, name, sex, birthday, phone, ID_number, email, parent_phone, adress, major, state from student_basic where id = ? 
2019-10-27 21:38:19,402 DEBUG (BaseJdbcLogger.java:143)- ====> Parameters: 27907(String)
2019-10-27 21:38:19,402 DEBUG (BaseJdbcLogger.java:143)- <====      Total: 1
2019-10-27 21:38:19,402 DEBUG (BaseJdbcLogger.java:143)- ====>  Preparing: select id, name, sex, birthday, phone, ID_number, email, parent_phone, adress, major, state from student_basic where id = ? 
2019-10-27 21:38:19,404 DEBUG (BaseJdbcLogger.java:143)- ====> Parameters: 27909(String)
2019-10-27 21:38:19,404 DEBUG (BaseJdbcLogger.java:143)- <====      Total: 1
2019-10-27 21:38:19,405 DEBUG (BaseJdbcLogger.java:143)- ====>  Preparing: select id, name, sex, birthday, phone, ID_number, email, parent_phone, adress, major, state from student_basic where id = ? 
2019-10-27 21:38:19,405 DEBUG (BaseJdbcLogger.java:143)- ====> Parameters: 27911(String)
2019-10-27 21:38:19,405 DEBUG (BaseJdbcLogger.java:143)- <====      Total: 1
2019-10-27 21:38:19,406 DEBUG (BaseJdbcLogger.java:143)- ====>  Preparing: select id, name, sex, birthday, phone, ID_number, email, parent_phone, adress, major, state from student_basic where id = ? 
2019-10-27 21:38:19,406 DEBUG (BaseJdbcLogger.java:143)- ====> Parameters: 27912(String)
2019-10-27 21:38:19,407 DEBUG (BaseJdbcLogger.java:143)- <====      Total: 1
2019-10-27 21:38:19,407 DEBUG (BaseJdbcLogger.java:143)- ====>  Preparing: select id, name, sex, birthday, phone, ID_number, email, parent_phone, adress, major, state from student_basic where id = ? 
2019-10-27 21:38:19,408 DEBUG (BaseJdbcLogger.java:143)- ====> Parameters: 27914(String)
2019-10-27 21:38:19,409 DEBUG (BaseJdbcLogger.java:143)- <====      Total: 1
2019-10-27 21:38:19,409 DEBUG (BaseJdbcLogger.java:143)- ====>  Preparing: select id, name, sex, birthday, phone, ID_number, email, parent_phone, adress, major, state from student_basic where id = ? 
2019-10-27 21:38:19,410 DEBUG (BaseJdbcLogger.java:143)- ====> Parameters: 27915(String)
2019-10-27 21:38:19,411 DEBUG (BaseJdbcLogger.java:143)- <====      Total: 1
2019-10-27 21:38:19,411 DEBUG (BaseJdbcLogger.java:143)- ====>  Preparing: select id, name, sex, birthday, phone, ID_number, email, parent_phone, adress, major, state from student_basic where id = ? 
2019-10-27 21:38:19,412 DEBUG (BaseJdbcLogger.java:143)- ====> Parameters: 27916(String)
2019-10-27 21:38:19,413 DEBUG (BaseJdbcLogger.java:143)- <====      Total: 1
2019-10-27 21:38:19,413 DEBUG (BaseJdbcLogger.java:143)- ====>  Preparing: select id, name, sex, birthday, phone, ID_number, email, parent_phone, adress, major, state from student_basic where id = ? 
2019-10-27 21:38:19,414 DEBUG (BaseJdbcLogger.java:143)- ====> Parameters: 27918(String)
2019-10-27 21:38:19,415 DEBUG (BaseJdbcLogger.java:143)- <====      Total: 1
2019-10-27 21:38:19,415 DEBUG (BaseJdbcLogger.java:143)- ====>  Preparing: select id, name, sex, birthday, phone, ID_number, email, parent_phone, adress, major, state from student_basic where id = ? 
2019-10-27 21:38:19,416 DEBUG (BaseJdbcLogger.java:143)- ====> Parameters: 27921(String)
2019-10-27 21:38:19,417 DEBUG (BaseJdbcLogger.java:143)- <====      Total: 1
2019-10-27 21:38:19,417 DEBUG (BaseJdbcLogger.java:143)- ====>  Preparing: select id, name, sex, birthday, phone, ID_number, email, parent_phone, adress, major, state from student_basic where id = ? 
2019-10-27 21:38:19,418 DEBUG (BaseJdbcLogger.java:143)- ====> Parameters: 27923(String)
2019-10-27 21:38:19,420 DEBUG (BaseJdbcLogger.java:143)- <====      Total: 1
2019-10-27 21:38:19,420 DEBUG (BaseJdbcLogger.java:143)- ====>  Preparing: select id, name, sex, birthday, phone, ID_number, email, parent_phone, adress, major, state from student_basic where id = ? 
2019-10-27 21:38:19,421 DEBUG (BaseJdbcLogger.java:143)- ====> Parameters: 27927(String)
2019-10-27 21:38:19,422 DEBUG (BaseJdbcLogger.java:143)- <====      Total: 1
2019-10-27 21:38:19,422 DEBUG (BaseJdbcLogger.java:143)- ====>  Preparing: select id, name, sex, birthday, phone, ID_number, email, parent_phone, adress, major, state from student_basic where id = ? 
2019-10-27 21:38:19,422 DEBUG (BaseJdbcLogger.java:143)- ====> Parameters: 27928(String)
2019-10-27 21:38:19,422 DEBUG (BaseJdbcLogger.java:143)- <====      Total: 1
2019-10-27 21:38:19,424 DEBUG (BaseJdbcLogger.java:143)- ====>  Preparing: select id, name, sex, birthday, phone, ID_number, email, parent_phone, adress, major, state from student_basic where id = ? 
2019-10-27 21:38:19,424 DEBUG (BaseJdbcLogger.java:143)- ====> Parameters: 27929(String)
2019-10-27 21:38:19,424 DEBUG (BaseJdbcLogger.java:143)- <====      Total: 1
2019-10-27 21:38:19,424 DEBUG (BaseJdbcLogger.java:143)- ====>  Preparing: select id, name, sex, birthday, phone, ID_number, email, parent_phone, adress, major, state from student_basic where id = ? 
2019-10-27 21:38:19,424 DEBUG (BaseJdbcLogger.java:143)- ====> Parameters: 27930(String)
2019-10-27 21:38:19,425 DEBUG (BaseJdbcLogger.java:143)- <====      Total: 1
2019-10-27 21:38:19,425 DEBUG (BaseJdbcLogger.java:143)- ====>  Preparing: select id, name, sex, birthday, phone, ID_number, email, parent_phone, adress, major, state from student_basic where id = ? 
2019-10-27 21:38:19,425 DEBUG (BaseJdbcLogger.java:143)- ====> Parameters: 27933(String)
2019-10-27 21:38:19,426 DEBUG (BaseJdbcLogger.java:143)- <====      Total: 1
2019-10-27 21:38:19,426 DEBUG (BaseJdbcLogger.java:143)- ====>  Preparing: select id, name, sex, birthday, phone, ID_number, email, parent_phone, adress, major, state from student_basic where id = ? 
2019-10-27 21:38:19,427 DEBUG (BaseJdbcLogger.java:143)- ====> Parameters: 27937(String)
2019-10-27 21:38:19,427 DEBUG (BaseJdbcLogger.java:143)- <====      Total: 1
2019-10-27 21:38:19,428 DEBUG (BaseJdbcLogger.java:143)- ====>  Preparing: select id, name, sex, birthday, phone, ID_number, email, parent_phone, adress, major, state from student_basic where id = ? 
2019-10-27 21:38:19,428 DEBUG (BaseJdbcLogger.java:143)- ====> Parameters: 27940(String)
2019-10-27 21:38:19,428 DEBUG (BaseJdbcLogger.java:143)- <====      Total: 1
2019-10-27 21:38:19,429 DEBUG (BaseJdbcLogger.java:143)- ====>  Preparing: select id, name, sex, birthday, phone, ID_number, email, parent_phone, adress, major, state from student_basic where id = ? 
2019-10-27 21:38:19,429 DEBUG (BaseJdbcLogger.java:143)- ====> Parameters: 27942(String)
2019-10-27 21:38:19,430 DEBUG (BaseJdbcLogger.java:143)- <====      Total: 1
2019-10-27 21:38:19,430 DEBUG (BaseJdbcLogger.java:143)- ====>  Preparing: select id, name, sex, birthday, phone, ID_number, email, parent_phone, adress, major, state from student_basic where id = ? 
2019-10-27 21:38:19,430 DEBUG (BaseJdbcLogger.java:143)- ====> Parameters: 27945(String)
2019-10-27 21:38:19,432 DEBUG (BaseJdbcLogger.java:143)- <====      Total: 1
2019-10-27 21:38:19,433 DEBUG (BaseJdbcLogger.java:143)- <==      Total: 22
2019-10-27 21:38:19,433 DEBUG (BaseJdbcLogger.java:143)- ==>  Preparing: select student_status.id,student_status.basic_id, student_status.student_id, student_status.class_id from student_status,student_basic where student_status.basic_id=student_basic.id and student_basic.sex=? and student_status.class_id=? 
2019-10-27 21:38:19,433 DEBUG (BaseJdbcLogger.java:143)- ==> Parameters: 女(String), 080901201902(String)
2019-10-27 21:38:19,434 DEBUG (BaseJdbcLogger.java:143)- ====>  Preparing: select id, name, sex, birthday, phone, ID_number, email, parent_phone, adress, major, state from student_basic where id = ? 
2019-10-27 21:38:19,435 DEBUG (BaseJdbcLogger.java:143)- ====> Parameters: 27894(String)
2019-10-27 21:38:19,436 DEBUG (BaseJdbcLogger.java:143)- <====      Total: 1
2019-10-27 21:38:19,436 DEBUG (BaseJdbcLogger.java:143)- ====>  Preparing: select id, name, sex, birthday, phone, ID_number, email, parent_phone, adress, major, state from student_basic where id = ? 
2019-10-27 21:38:19,437 DEBUG (BaseJdbcLogger.java:143)- ====> Parameters: 27896(String)
2019-10-27 21:38:19,437 DEBUG (BaseJdbcLogger.java:143)- <====      Total: 1
2019-10-27 21:38:19,438 DEBUG (BaseJdbcLogger.java:143)- ====>  Preparing: select id, name, sex, birthday, phone, ID_number, email, parent_phone, adress, major, state from student_basic where id = ? 
2019-10-27 21:38:19,438 DEBUG (BaseJdbcLogger.java:143)- ====> Parameters: 27897(String)
2019-10-27 21:38:19,438 DEBUG (BaseJdbcLogger.java:143)- <====      Total: 1
2019-10-27 21:38:19,439 DEBUG (BaseJdbcLogger.java:143)- ====>  Preparing: select id, name, sex, birthday, phone, ID_number, email, parent_phone, adress, major, state from student_basic where id = ? 
2019-10-27 21:38:19,439 DEBUG (BaseJdbcLogger.java:143)- ====> Parameters: 27901(String)
2019-10-27 21:38:19,440 DEBUG (BaseJdbcLogger.java:143)- <====      Total: 1
2019-10-27 21:38:19,440 DEBUG (BaseJdbcLogger.java:143)- ====>  Preparing: select id, name, sex, birthday, phone, ID_number, email, parent_phone, adress, major, state from student_basic where id = ? 
2019-10-27 21:38:19,440 DEBUG (BaseJdbcLogger.java:143)- ====> Parameters: 27905(String)
2019-10-27 21:38:19,441 DEBUG (BaseJdbcLogger.java:143)- <====      Total: 1
2019-10-27 21:38:19,441 DEBUG (BaseJdbcLogger.java:143)- ====>  Preparing: select id, name, sex, birthday, phone, ID_number, email, parent_phone, adress, major, state from student_basic where id = ? 
2019-10-27 21:38:19,442 DEBUG (BaseJdbcLogger.java:143)- ====> Parameters: 27906(String)
2019-10-27 21:38:19,442 DEBUG (BaseJdbcLogger.java:143)- <====      Total: 1
2019-10-27 21:38:19,443 DEBUG (BaseJdbcLogger.java:143)- ====>  Preparing: select id, name, sex, birthday, phone, ID_number, email, parent_phone, adress, major, state from student_basic where id = ? 
2019-10-27 21:38:19,443 DEBUG (BaseJdbcLogger.java:143)- ====> Parameters: 27908(String)
2019-10-27 21:38:19,444 DEBUG (BaseJdbcLogger.java:143)- <====      Total: 1
2019-10-27 21:38:19,444 DEBUG (BaseJdbcLogger.java:143)- ====>  Preparing: select id, name, sex, birthday, phone, ID_number, email, parent_phone, adress, major, state from student_basic where id = ? 
2019-10-27 21:38:19,444 DEBUG (BaseJdbcLogger.java:143)- ====> Parameters: 27910(String)
2019-10-27 21:38:19,445 DEBUG (BaseJdbcLogger.java:143)- <====      Total: 1
2019-10-27 21:38:19,445 DEBUG (BaseJdbcLogger.java:143)- ====>  Preparing: select id, name, sex, birthday, phone, ID_number, email, parent_phone, adress, major, state from student_basic where id = ? 
2019-10-27 21:38:19,445 DEBUG (BaseJdbcLogger.java:143)- ====> Parameters: 27913(String)
2019-10-27 21:38:19,447 DEBUG (BaseJdbcLogger.java:143)- <====      Total: 1
2019-10-27 21:38:19,447 DEBUG (BaseJdbcLogger.java:143)- ====>  Preparing: select id, name, sex, birthday, phone, ID_number, email, parent_phone, adress, major, state from student_basic where id = ? 
2019-10-27 21:38:19,447 DEBUG (BaseJdbcLogger.java:143)- ====> Parameters: 27917(String)
2019-10-27 21:38:19,448 DEBUG (BaseJdbcLogger.java:143)- <====      Total: 1
2019-10-27 21:38:19,448 DEBUG (BaseJdbcLogger.java:143)- ====>  Preparing: select id, name, sex, birthday, phone, ID_number, email, parent_phone, adress, major, state from student_basic where id = ? 
2019-10-27 21:38:19,449 DEBUG (BaseJdbcLogger.java:143)- ====> Parameters: 27919(String)
2019-10-27 21:38:19,450 DEBUG (BaseJdbcLogger.java:143)- <====      Total: 1
2019-10-27 21:38:19,451 DEBUG (BaseJdbcLogger.java:143)- ====>  Preparing: select id, name, sex, birthday, phone, ID_number, email, parent_phone, adress, major, state from student_basic where id = ? 
2019-10-27 21:38:19,451 DEBUG (BaseJdbcLogger.java:143)- ====> Parameters: 27920(String)
2019-10-27 21:38:19,452 DEBUG (BaseJdbcLogger.java:143)- <====      Total: 1
2019-10-27 21:38:19,453 DEBUG (BaseJdbcLogger.java:143)- ====>  Preparing: select id, name, sex, birthday, phone, ID_number, email, parent_phone, adress, major, state from student_basic where id = ? 
2019-10-27 21:38:19,453 DEBUG (BaseJdbcLogger.java:143)- ====> Parameters: 27922(String)
2019-10-27 21:38:19,454 DEBUG (BaseJdbcLogger.java:143)- <====      Total: 1
2019-10-27 21:38:19,454 DEBUG (BaseJdbcLogger.java:143)- ====>  Preparing: select id, name, sex, birthday, phone, ID_number, email, parent_phone, adress, major, state from student_basic where id = ? 
2019-10-27 21:38:19,454 DEBUG (BaseJdbcLogger.java:143)- ====> Parameters: 27924(String)
2019-10-27 21:38:19,455 DEBUG (BaseJdbcLogger.java:143)- <====      Total: 1
2019-10-27 21:38:19,456 DEBUG (BaseJdbcLogger.java:143)- ====>  Preparing: select id, name, sex, birthday, phone, ID_number, email, parent_phone, adress, major, state from student_basic where id = ? 
2019-10-27 21:38:19,456 DEBUG (BaseJdbcLogger.java:143)- ====> Parameters: 27925(String)
2019-10-27 21:38:19,456 DEBUG (BaseJdbcLogger.java:143)- <====      Total: 1
2019-10-27 21:38:19,457 DEBUG (BaseJdbcLogger.java:143)- ====>  Preparing: select id, name, sex, birthday, phone, ID_number, email, parent_phone, adress, major, state from student_basic where id = ? 
2019-10-27 21:38:19,457 DEBUG (BaseJdbcLogger.java:143)- ====> Parameters: 27926(String)
2019-10-27 21:38:19,458 DEBUG (BaseJdbcLogger.java:143)- <====      Total: 1
2019-10-27 21:38:19,458 DEBUG (BaseJdbcLogger.java:143)- ====>  Preparing: select id, name, sex, birthday, phone, ID_number, email, parent_phone, adress, major, state from student_basic where id = ? 
2019-10-27 21:38:19,458 DEBUG (BaseJdbcLogger.java:143)- ====> Parameters: 27931(String)
2019-10-27 21:38:19,459 DEBUG (BaseJdbcLogger.java:143)- <====      Total: 1
2019-10-27 21:38:19,459 DEBUG (BaseJdbcLogger.java:143)- <==      Total: 17
2019-10-27 21:38:19,460 DEBUG (BaseJdbcLogger.java:143)- ==>  Preparing: select dormitory_allocation.id, dormitory_allocation.class_id, dormitory_allocation.dormitory_id,dormitory_allocation.number from dormitory_allocation,dormitory WHERE dormitory_allocation.dormitory_id=dormitory.id and dormitory.sex=? and class_id = ? 
2019-10-27 21:38:19,460 DEBUG (BaseJdbcLogger.java:143)- ==> Parameters: 男(String), 080901201902(String)
2019-10-27 21:38:19,461 DEBUG (BaseJdbcLogger.java:143)- <==      Total: 0
2019-10-27 21:38:19,461 DEBUG (BaseJdbcLogger.java:143)- ==>  Preparing: select dormitory_allocation.id, dormitory_allocation.class_id, dormitory_allocation.dormitory_id,dormitory_allocation.number from dormitory_allocation,dormitory WHERE dormitory_allocation.dormitory_id=dormitory.id and dormitory.sex=? and class_id = ? 
2019-10-27 21:38:19,462 DEBUG (BaseJdbcLogger.java:143)- ==> Parameters: 女(String), 080901201902(String)
2019-10-27 21:38:19,462 DEBUG (BaseJdbcLogger.java:143)- <==      Total: 0
2019-10-27 21:38:19,463 DEBUG (BaseJdbcLogger.java:143)- ==>  Preparing: select student_status.id,student_status.basic_id, student_status.student_id, student_status.class_id from student_status,student_basic where student_status.basic_id=student_basic.id and student_basic.sex=? and student_status.class_id=? 
2019-10-27 21:38:19,463 DEBUG (BaseJdbcLogger.java:143)- ==> Parameters: 男(String), 080901201903(String)
2019-10-27 21:38:19,464 DEBUG (BaseJdbcLogger.java:143)- ====>  Preparing: select id, name, sex, birthday, phone, ID_number, email, parent_phone, adress, major, state from student_basic where id = ? 
2019-10-27 21:38:19,465 DEBUG (BaseJdbcLogger.java:143)- ====> Parameters: 27946(String)
2019-10-27 21:38:19,465 DEBUG (BaseJdbcLogger.java:143)- <====      Total: 1
2019-10-27 21:38:19,466 DEBUG (BaseJdbcLogger.java:143)- ====>  Preparing: select id, class_id, name, director, grade, major_id from class WHERE class_id = ? 
2019-10-27 21:38:19,466 DEBUG (BaseJdbcLogger.java:143)- ====> Parameters: 080901201903(String)
2019-10-27 21:38:19,468 DEBUG (BaseJdbcLogger.java:143)- <====      Total: 1
2019-10-27 21:38:19,469 DEBUG (BaseJdbcLogger.java:143)- ====>  Preparing: select id, name, sex, birthday, phone, ID_number, email, parent_phone, adress, major, state from student_basic where id = ? 
2019-10-27 21:38:19,469 DEBUG (BaseJdbcLogger.java:143)- ====> Parameters: 27951(String)
2019-10-27 21:38:19,469 DEBUG (BaseJdbcLogger.java:143)- <====      Total: 1
2019-10-27 21:38:19,470 DEBUG (BaseJdbcLogger.java:143)- ====>  Preparing: select id, name, sex, birthday, phone, ID_number, email, parent_phone, adress, major, state from student_basic where id = ? 
2019-10-27 21:38:19,470 DEBUG (BaseJdbcLogger.java:143)- ====> Parameters: 27952(String)
2019-10-27 21:38:19,471 DEBUG (BaseJdbcLogger.java:143)- <====      Total: 1
2019-10-27 21:38:19,471 DEBUG (BaseJdbcLogger.java:143)- ====>  Preparing: select id, name, sex, birthday, phone, ID_number, email, parent_phone, adress, major, state from student_basic where id = ? 
2019-10-27 21:38:19,472 DEBUG (BaseJdbcLogger.java:143)- ====> Parameters: 27953(String)
2019-10-27 21:38:19,474 DEBUG (BaseJdbcLogger.java:143)- <====      Total: 1
2019-10-27 21:38:19,474 DEBUG (BaseJdbcLogger.java:143)- ====>  Preparing: select id, name, sex, birthday, phone, ID_number, email, parent_phone, adress, major, state from student_basic where id = ? 
2019-10-27 21:38:19,475 DEBUG (BaseJdbcLogger.java:143)- ====> Parameters: 27954(String)
2019-10-27 21:38:19,475 DEBUG (BaseJdbcLogger.java:143)- <====      Total: 1
2019-10-27 21:38:19,475 DEBUG (BaseJdbcLogger.java:143)- ====>  Preparing: select id, name, sex, birthday, phone, ID_number, email, parent_phone, adress, major, state from student_basic where id = ? 
2019-10-27 21:38:19,476 DEBUG (BaseJdbcLogger.java:143)- ====> Parameters: 27955(String)
2019-10-27 21:38:19,476 DEBUG (BaseJdbcLogger.java:143)- <====      Total: 1
2019-10-27 21:38:19,477 DEBUG (BaseJdbcLogger.java:143)- ====>  Preparing: select id, name, sex, birthday, phone, ID_number, email, parent_phone, adress, major, state from student_basic where id = ? 
2019-10-27 21:38:19,477 DEBUG (BaseJdbcLogger.java:143)- ====> Parameters: 27956(String)
2019-10-27 21:38:19,478 DEBUG (BaseJdbcLogger.java:143)- <====      Total: 1
2019-10-27 21:38:19,479 DEBUG (BaseJdbcLogger.java:143)- ====>  Preparing: select id, name, sex, birthday, phone, ID_number, email, parent_phone, adress, major, state from student_basic where id = ? 
2019-10-27 21:38:19,480 DEBUG (BaseJdbcLogger.java:143)- ====> Parameters: 27957(String)
2019-10-27 21:38:19,480 DEBUG (BaseJdbcLogger.java:143)- <====      Total: 1
2019-10-27 21:38:19,480 DEBUG (BaseJdbcLogger.java:143)- ====>  Preparing: select id, name, sex, birthday, phone, ID_number, email, parent_phone, adress, major, state from student_basic where id = ? 
2019-10-27 21:38:19,480 DEBUG (BaseJdbcLogger.java:143)- ====> Parameters: 27958(String)
2019-10-27 21:38:19,481 DEBUG (BaseJdbcLogger.java:143)- <====      Total: 1
2019-10-27 21:38:19,481 DEBUG (BaseJdbcLogger.java:143)- ====>  Preparing: select id, name, sex, birthday, phone, ID_number, email, parent_phone, adress, major, state from student_basic where id = ? 
2019-10-27 21:38:19,482 DEBUG (BaseJdbcLogger.java:143)- ====> Parameters: 27960(String)
2019-10-27 21:38:19,482 DEBUG (BaseJdbcLogger.java:143)- <====      Total: 1
2019-10-27 21:38:19,483 DEBUG (BaseJdbcLogger.java:143)- ====>  Preparing: select id, name, sex, birthday, phone, ID_number, email, parent_phone, adress, major, state from student_basic where id = ? 
2019-10-27 21:38:19,483 DEBUG (BaseJdbcLogger.java:143)- ====> Parameters: 27961(String)
2019-10-27 21:38:19,483 DEBUG (BaseJdbcLogger.java:143)- <====      Total: 1
2019-10-27 21:38:19,484 DEBUG (BaseJdbcLogger.java:143)- ====>  Preparing: select id, name, sex, birthday, phone, ID_number, email, parent_phone, adress, major, state from student_basic where id = ? 
2019-10-27 21:38:19,484 DEBUG (BaseJdbcLogger.java:143)- ====> Parameters: 27964(String)
2019-10-27 21:38:19,485 DEBUG (BaseJdbcLogger.java:143)- <====      Total: 1
2019-10-27 21:38:19,485 DEBUG (BaseJdbcLogger.java:143)- ====>  Preparing: select id, name, sex, birthday, phone, ID_number, email, parent_phone, adress, major, state from student_basic where id = ? 
2019-10-27 21:38:19,485 DEBUG (BaseJdbcLogger.java:143)- ====> Parameters: 27967(String)
2019-10-27 21:38:19,486 DEBUG (BaseJdbcLogger.java:143)- <====      Total: 1
2019-10-27 21:38:19,486 DEBUG (BaseJdbcLogger.java:143)- ====>  Preparing: select id, name, sex, birthday, phone, ID_number, email, parent_phone, adress, major, state from student_basic where id = ? 
2019-10-27 21:38:19,486 DEBUG (BaseJdbcLogger.java:143)- ====> Parameters: 27968(String)
2019-10-27 21:38:19,487 DEBUG (BaseJdbcLogger.java:143)- <====      Total: 1
2019-10-27 21:38:19,487 DEBUG (BaseJdbcLogger.java:143)- ====>  Preparing: select id, name, sex, birthday, phone, ID_number, email, parent_phone, adress, major, state from student_basic where id = ? 
2019-10-27 21:38:19,488 DEBUG (BaseJdbcLogger.java:143)- ====> Parameters: 27969(String)
2019-10-27 21:38:19,488 DEBUG (BaseJdbcLogger.java:143)- <====      Total: 1
2019-10-27 21:38:19,489 DEBUG (BaseJdbcLogger.java:143)- ====>  Preparing: select id, name, sex, birthday, phone, ID_number, email, parent_phone, adress, major, state from student_basic where id = ? 
2019-10-27 21:38:19,489 DEBUG (BaseJdbcLogger.java:143)- ====> Parameters: 27973(String)
2019-10-27 21:38:19,490 DEBUG (BaseJdbcLogger.java:143)- <====      Total: 1
2019-10-27 21:38:19,490 DEBUG (BaseJdbcLogger.java:143)- ====>  Preparing: select id, name, sex, birthday, phone, ID_number, email, parent_phone, adress, major, state from student_basic where id = ? 
2019-10-27 21:38:19,490 DEBUG (BaseJdbcLogger.java:143)- ====> Parameters: 27974(String)
2019-10-27 21:38:19,491 DEBUG (BaseJdbcLogger.java:143)- <====      Total: 1
2019-10-27 21:38:19,491 DEBUG (BaseJdbcLogger.java:143)- ====>  Preparing: select id, name, sex, birthday, phone, ID_number, email, parent_phone, adress, major, state from student_basic where id = ? 
2019-10-27 21:38:19,491 DEBUG (BaseJdbcLogger.java:143)- ====> Parameters: 27975(String)
2019-10-27 21:38:19,493 DEBUG (BaseJdbcLogger.java:143)- <====      Total: 1
2019-10-27 21:38:19,493 DEBUG (BaseJdbcLogger.java:143)- ====>  Preparing: select id, name, sex, birthday, phone, ID_number, email, parent_phone, adress, major, state from student_basic where id = ? 
2019-10-27 21:38:19,494 DEBUG (BaseJdbcLogger.java:143)- ====> Parameters: 27976(String)
2019-10-27 21:38:19,494 DEBUG (BaseJdbcLogger.java:143)- <====      Total: 1
2019-10-27 21:38:19,494 DEBUG (BaseJdbcLogger.java:143)- ====>  Preparing: select id, name, sex, birthday, phone, ID_number, email, parent_phone, adress, major, state from student_basic where id = ? 
2019-10-27 21:38:19,495 DEBUG (BaseJdbcLogger.java:143)- ====> Parameters: 27977(String)
2019-10-27 21:38:19,495 DEBUG (BaseJdbcLogger.java:143)- <====      Total: 1
2019-10-27 21:38:19,495 DEBUG (BaseJdbcLogger.java:143)- ====>  Preparing: select id, name, sex, birthday, phone, ID_number, email, parent_phone, adress, major, state from student_basic where id = ? 
2019-10-27 21:38:19,496 DEBUG (BaseJdbcLogger.java:143)- ====> Parameters: 27978(String)
2019-10-27 21:38:19,496 DEBUG (BaseJdbcLogger.java:143)- <====      Total: 1
2019-10-27 21:38:19,497 DEBUG (BaseJdbcLogger.java:143)- <==      Total: 21
2019-10-27 21:38:19,497 DEBUG (BaseJdbcLogger.java:143)- ==>  Preparing: select student_status.id,student_status.basic_id, student_status.student_id, student_status.class_id from student_status,student_basic where student_status.basic_id=student_basic.id and student_basic.sex=? and student_status.class_id=? 
2019-10-27 21:38:19,498 DEBUG (BaseJdbcLogger.java:143)- ==> Parameters: 女(String), 080901201903(String)
2019-10-27 21:38:19,499 DEBUG (BaseJdbcLogger.java:143)- ====>  Preparing: select id, name, sex, birthday, phone, ID_number, email, parent_phone, adress, major, state from student_basic where id = ? 
2019-10-27 21:38:19,499 DEBUG (BaseJdbcLogger.java:143)- ====> Parameters: 27932(String)
2019-10-27 21:38:19,500 DEBUG (BaseJdbcLogger.java:143)- <====      Total: 1
2019-10-27 21:38:19,500 DEBUG (BaseJdbcLogger.java:143)- ====>  Preparing: select id, name, sex, birthday, phone, ID_number, email, parent_phone, adress, major, state from student_basic where id = ? 
2019-10-27 21:38:19,500 DEBUG (BaseJdbcLogger.java:143)- ====> Parameters: 27934(String)
2019-10-27 21:38:19,501 DEBUG (BaseJdbcLogger.java:143)- <====      Total: 1
2019-10-27 21:38:19,501 DEBUG (BaseJdbcLogger.java:143)- ====>  Preparing: select id, name, sex, birthday, phone, ID_number, email, parent_phone, adress, major, state from student_basic where id = ? 
2019-10-27 21:38:19,501 DEBUG (BaseJdbcLogger.java:143)- ====> Parameters: 27935(String)
2019-10-27 21:38:19,502 DEBUG (BaseJdbcLogger.java:143)- <====      Total: 1
2019-10-27 21:38:19,502 DEBUG (BaseJdbcLogger.java:143)- ====>  Preparing: select id, name, sex, birthday, phone, ID_number, email, parent_phone, adress, major, state from student_basic where id = ? 
2019-10-27 21:38:19,503 DEBUG (BaseJdbcLogger.java:143)- ====> Parameters: 27936(String)
2019-10-27 21:38:19,503 DEBUG (BaseJdbcLogger.java:143)- <====      Total: 1
2019-10-27 21:38:19,503 DEBUG (BaseJdbcLogger.java:143)- ====>  Preparing: select id, name, sex, birthday, phone, ID_number, email, parent_phone, adress, major, state from student_basic where id = ? 
2019-10-27 21:38:19,504 DEBUG (BaseJdbcLogger.java:143)- ====> Parameters: 27938(String)
2019-10-27 21:38:19,504 DEBUG (BaseJdbcLogger.java:143)- <====      Total: 1
2019-10-27 21:38:19,505 DEBUG (BaseJdbcLogger.java:143)- ====>  Preparing: select id, name, sex, birthday, phone, ID_number, email, parent_phone, adress, major, state from student_basic where id = ? 
2019-10-27 21:38:19,505 DEBUG (BaseJdbcLogger.java:143)- ====> Parameters: 27939(String)
2019-10-27 21:38:19,506 DEBUG (BaseJdbcLogger.java:143)- <====      Total: 1
2019-10-27 21:38:19,506 DEBUG (BaseJdbcLogger.java:143)- ====>  Preparing: select id, name, sex, birthday, phone, ID_number, email, parent_phone, adress, major, state from student_basic where id = ? 
2019-10-27 21:38:19,506 DEBUG (BaseJdbcLogger.java:143)- ====> Parameters: 27941(String)
2019-10-27 21:38:19,507 DEBUG (BaseJdbcLogger.java:143)- <====      Total: 1
2019-10-27 21:38:19,507 DEBUG (BaseJdbcLogger.java:143)- ====>  Preparing: select id, name, sex, birthday, phone, ID_number, email, parent_phone, adress, major, state from student_basic where id = ? 
2019-10-27 21:38:19,507 DEBUG (BaseJdbcLogger.java:143)- ====> Parameters: 27943(String)
2019-10-27 21:38:19,508 DEBUG (BaseJdbcLogger.java:143)- <====      Total: 1
2019-10-27 21:38:19,508 DEBUG (BaseJdbcLogger.java:143)- ====>  Preparing: select id, name, sex, birthday, phone, ID_number, email, parent_phone, adress, major, state from student_basic where id = ? 
2019-10-27 21:38:19,509 DEBUG (BaseJdbcLogger.java:143)- ====> Parameters: 27944(String)
2019-10-27 21:38:19,511 DEBUG (BaseJdbcLogger.java:143)- <====      Total: 1
2019-10-27 21:38:19,511 DEBUG (BaseJdbcLogger.java:143)- ====>  Preparing: select id, name, sex, birthday, phone, ID_number, email, parent_phone, adress, major, state from student_basic where id = ? 
2019-10-27 21:38:19,511 DEBUG (BaseJdbcLogger.java:143)- ====> Parameters: 27947(String)
2019-10-27 21:38:19,512 DEBUG (BaseJdbcLogger.java:143)- <====      Total: 1
2019-10-27 21:38:19,513 DEBUG (BaseJdbcLogger.java:143)- ====>  Preparing: select id, name, sex, birthday, phone, ID_number, email, parent_phone, adress, major, state from student_basic where id = ? 
2019-10-27 21:38:19,513 DEBUG (BaseJdbcLogger.java:143)- ====> Parameters: 27948(String)
2019-10-27 21:38:19,514 DEBUG (BaseJdbcLogger.java:143)- <====      Total: 1
2019-10-27 21:38:19,515 DEBUG (BaseJdbcLogger.java:143)- ====>  Preparing: select id, name, sex, birthday, phone, ID_number, email, parent_phone, adress, major, state from student_basic where id = ? 
2019-10-27 21:38:19,516 DEBUG (BaseJdbcLogger.java:143)- ====> Parameters: 27949(String)
2019-10-27 21:38:19,518 DEBUG (BaseJdbcLogger.java:143)- <====      Total: 1
2019-10-27 21:38:19,519 DEBUG (BaseJdbcLogger.java:143)- ====>  Preparing: select id, name, sex, birthday, phone, ID_number, email, parent_phone, adress, major, state from student_basic where id = ? 
2019-10-27 21:38:19,519 DEBUG (BaseJdbcLogger.java:143)- ====> Parameters: 27950(String)
2019-10-27 21:38:19,521 DEBUG (BaseJdbcLogger.java:143)- <====      Total: 1
2019-10-27 21:38:19,521 DEBUG (BaseJdbcLogger.java:143)- ====>  Preparing: select id, name, sex, birthday, phone, ID_number, email, parent_phone, adress, major, state from student_basic where id = ? 
2019-10-27 21:38:19,521 DEBUG (BaseJdbcLogger.java:143)- ====> Parameters: 27959(String)
2019-10-27 21:38:19,523 DEBUG (BaseJdbcLogger.java:143)- <====      Total: 1
2019-10-27 21:38:19,524 DEBUG (BaseJdbcLogger.java:143)- ====>  Preparing: select id, name, sex, birthday, phone, ID_number, email, parent_phone, adress, major, state from student_basic where id = ? 
2019-10-27 21:38:19,524 DEBUG (BaseJdbcLogger.java:143)- ====> Parameters: 27962(String)
2019-10-27 21:38:19,525 DEBUG (BaseJdbcLogger.java:143)- <====      Total: 1
2019-10-27 21:38:19,525 DEBUG (BaseJdbcLogger.java:143)- ====>  Preparing: select id, name, sex, birthday, phone, ID_number, email, parent_phone, adress, major, state from student_basic where id = ? 
2019-10-27 21:38:19,525 DEBUG (BaseJdbcLogger.java:143)- ====> Parameters: 27963(String)
2019-10-27 21:38:19,526 DEBUG (BaseJdbcLogger.java:143)- <====      Total: 1
2019-10-27 21:38:19,526 DEBUG (BaseJdbcLogger.java:143)- ====>  Preparing: select id, name, sex, birthday, phone, ID_number, email, parent_phone, adress, major, state from student_basic where id = ? 
2019-10-27 21:38:19,527 DEBUG (BaseJdbcLogger.java:143)- ====> Parameters: 27965(String)
2019-10-27 21:38:19,527 DEBUG (BaseJdbcLogger.java:143)- <====      Total: 1
2019-10-27 21:38:19,527 DEBUG (BaseJdbcLogger.java:143)- <==      Total: 17
2019-10-27 21:38:19,528 DEBUG (BaseJdbcLogger.java:143)- ==>  Preparing: select dormitory_allocation.id, dormitory_allocation.class_id, dormitory_allocation.dormitory_id,dormitory_allocation.number from dormitory_allocation,dormitory WHERE dormitory_allocation.dormitory_id=dormitory.id and dormitory.sex=? and class_id = ? 
2019-10-27 21:38:19,529 DEBUG (BaseJdbcLogger.java:143)- ==> Parameters: 男(String), 080901201903(String)
2019-10-27 21:38:19,530 DEBUG (BaseJdbcLogger.java:143)- <==      Total: 0
2019-10-27 21:38:19,530 DEBUG (BaseJdbcLogger.java:143)- ==>  Preparing: select dormitory_allocation.id, dormitory_allocation.class_id, dormitory_allocation.dormitory_id,dormitory_allocation.number from dormitory_allocation,dormitory WHERE dormitory_allocation.dormitory_id=dormitory.id and dormitory.sex=? and class_id = ? 
2019-10-27 21:38:19,530 DEBUG (BaseJdbcLogger.java:143)- ==> Parameters: 女(String), 080901201903(String)
2019-10-27 21:38:19,530 DEBUG (BaseJdbcLogger.java:143)- <==      Total: 0
2019-10-27 21:38:19,531 DEBUG (BaseJdbcLogger.java:143)- ==>  Preparing: select student_status.id,student_status.basic_id, student_status.student_id, student_status.class_id from student_status,student_basic where student_status.basic_id=student_basic.id and student_basic.sex=? and student_status.class_id=? 
2019-10-27 21:38:19,531 DEBUG (BaseJdbcLogger.java:143)- ==> Parameters: 男(String), 080901201904(String)
2019-10-27 21:38:19,532 DEBUG (BaseJdbcLogger.java:143)- ====>  Preparing: select id, name, sex, birthday, phone, ID_number, email, parent_phone, adress, major, state from student_basic where id = ? 
2019-10-27 21:38:19,533 DEBUG (BaseJdbcLogger.java:143)- ====> Parameters: 27980(String)
2019-10-27 21:38:19,534 DEBUG (BaseJdbcLogger.java:143)- <====      Total: 1
2019-10-27 21:38:19,534 DEBUG (BaseJdbcLogger.java:143)- ====>  Preparing: select id, class_id, name, director, grade, major_id from class WHERE class_id = ? 
2019-10-27 21:38:19,535 DEBUG (BaseJdbcLogger.java:143)- ====> Parameters: 080901201904(String)
