2019-08-22 22:11:04,701 DEBUG (BaseJdbcLogger.java:143)- <======      Total: 1
2019-08-22 22:11:04,703 DEBUG (BaseJdbcLogger.java:143)- <====      Total: 1
2019-08-22 22:11:04,704 DEBUG (BaseJdbcLogger.java:143)- ====>  Preparing: select id, name, sex, birthday, phone, ID_number, email, parent_phone, adress, major, state from student_basic where id = ? 
2019-08-22 22:11:04,704 DEBUG (BaseJdbcLogger.java:143)- ====> Parameters: 12366(String)
2019-08-22 22:11:04,706 DEBUG (BaseJdbcLogger.java:143)- <====      Total: 1
2019-08-22 22:11:04,706 DEBUG (BaseJdbcLogger.java:143)- ====>  Preparing: select id, name, sex, birthday, phone, ID_number, email, parent_phone, adress, major, state from student_basic where id = ? 
2019-08-22 22:11:04,706 DEBUG (BaseJdbcLogger.java:143)- ====> Parameters: 12367(String)
2019-08-22 22:11:04,708 DEBUG (BaseJdbcLogger.java:143)- <====      Total: 1
2019-08-22 22:11:04,708 DEBUG (BaseJdbcLogger.java:143)- ====>  Preparing: select id, name, sex, birthday, phone, ID_number, email, parent_phone, adress, major, state from student_basic where id = ? 
2019-08-22 22:11:04,709 DEBUG (BaseJdbcLogger.java:143)- ====> Parameters: 12368(String)
2019-08-22 22:11:04,710 DEBUG (BaseJdbcLogger.java:143)- <====      Total: 1
2019-08-22 22:11:04,710 DEBUG (BaseJdbcLogger.java:143)- ====>  Preparing: select id, name, sex, birthday, phone, ID_number, email, parent_phone, adress, major, state from student_basic where id = ? 
2019-08-22 22:11:04,711 DEBUG (BaseJdbcLogger.java:143)- ====> Parameters: 12370(String)
2019-08-22 22:11:04,712 DEBUG (BaseJdbcLogger.java:143)- <====      Total: 1
2019-08-22 22:11:04,712 DEBUG (BaseJdbcLogger.java:143)- ====>  Preparing: select id, name, sex, birthday, phone, ID_number, email, parent_phone, adress, major, state from student_basic where id = ? 
2019-08-22 22:11:04,713 DEBUG (BaseJdbcLogger.java:143)- ====> Parameters: 12371(String)
2019-08-22 22:11:04,714 DEBUG (BaseJdbcLogger.java:143)- <====      Total: 1
2019-08-22 22:11:04,714 DEBUG (BaseJdbcLogger.java:143)- ====>  Preparing: select id, name, sex, birthday, phone, ID_number, email, parent_phone, adress, major, state from student_basic where id = ? 
2019-08-22 22:11:04,715 DEBUG (BaseJdbcLogger.java:143)- ====> Parameters: 12372(String)
2019-08-22 22:11:04,716 DEBUG (BaseJdbcLogger.java:143)- <====      Total: 1
2019-08-22 22:11:04,716 DEBUG (BaseJdbcLogger.java:143)- ====>  Preparing: select id, name, sex, birthday, phone, ID_number, email, parent_phone, adress, major, state from student_basic where id = ? 
2019-08-22 22:11:04,716 DEBUG (BaseJdbcLogger.java:143)- ====> Parameters: 12374(String)
2019-08-22 22:11:04,717 DEBUG (BaseJdbcLogger.java:143)- <====      Total: 1
2019-08-22 22:11:04,718 DEBUG (BaseJdbcLogger.java:143)- ====>  Preparing: select id, name, sex, birthday, phone, ID_number, email, parent_phone, adress, major, state from student_basic where id = ? 
2019-08-22 22:11:04,718 DEBUG (BaseJdbcLogger.java:143)- ====> Parameters: 12375(String)
2019-08-22 22:11:04,718 DEBUG (BaseJdbcLogger.java:143)- <====      Total: 1
2019-08-22 22:11:04,719 DEBUG (BaseJdbcLogger.java:143)- ====>  Preparing: select id, name, sex, birthday, phone, ID_number, email, parent_phone, adress, major, state from student_basic where id = ? 
2019-08-22 22:11:04,720 DEBUG (BaseJdbcLogger.java:143)- ====> Parameters: 12376(String)
2019-08-22 22:11:04,721 DEBUG (BaseJdbcLogger.java:143)- <====      Total: 1
2019-08-22 22:11:04,721 DEBUG (BaseJdbcLogger.java:143)- ====>  Preparing: select id, name, sex, birthday, phone, ID_number, email, parent_phone, adress, major, state from student_basic where id = ? 
2019-08-22 22:11:04,722 DEBUG (BaseJdbcLogger.java:143)- ====> Parameters: 12377(String)
2019-08-22 22:11:04,722 DEBUG (BaseJdbcLogger.java:143)- <====      Total: 1
2019-08-22 22:11:04,723 DEBUG (BaseJdbcLogger.java:143)- ====>  Preparing: select id, name, sex, birthday, phone, ID_number, email, parent_phone, adress, major, state from student_basic where id = ? 
2019-08-22 22:11:04,724 DEBUG (BaseJdbcLogger.java:143)- ====> Parameters: 12378(String)
2019-08-22 22:11:04,724 DEBUG (BaseJdbcLogger.java:143)- <====      Total: 1
2019-08-22 22:11:04,725 DEBUG (BaseJdbcLogger.java:143)- ====>  Preparing: select id, name, sex, birthday, phone, ID_number, email, parent_phone, adress, major, state from student_basic where id = ? 
2019-08-22 22:11:04,725 DEBUG (BaseJdbcLogger.java:143)- ====> Parameters: 12380(String)
2019-08-22 22:11:04,726 DEBUG (BaseJdbcLogger.java:143)- <====      Total: 1
2019-08-22 22:11:04,727 DEBUG (BaseJdbcLogger.java:143)- ====>  Preparing: select id, name, sex, birthday, phone, ID_number, email, parent_phone, adress, major, state from student_basic where id = ? 
2019-08-22 22:11:04,727 DEBUG (BaseJdbcLogger.java:143)- ====> Parameters: 12386(String)
2019-08-22 22:11:04,728 DEBUG (BaseJdbcLogger.java:143)- <====      Total: 1
2019-08-22 22:11:04,728 DEBUG (BaseJdbcLogger.java:143)- ====>  Preparing: select id, name, sex, birthday, phone, ID_number, email, parent_phone, adress, major, state from student_basic where id = ? 
2019-08-22 22:11:04,728 DEBUG (BaseJdbcLogger.java:143)- ====> Parameters: 12389(String)
2019-08-22 22:11:04,729 DEBUG (BaseJdbcLogger.java:143)- <====      Total: 1
2019-08-22 22:11:04,729 DEBUG (BaseJdbcLogger.java:143)- ====>  Preparing: select id, name, sex, birthday, phone, ID_number, email, parent_phone, adress, major, state from student_basic where id = ? 
2019-08-22 22:11:04,730 DEBUG (BaseJdbcLogger.java:143)- ====> Parameters: 12390(String)
2019-08-22 22:11:04,731 DEBUG (BaseJdbcLogger.java:143)- <====      Total: 1
2019-08-22 22:11:04,731 DEBUG (BaseJdbcLogger.java:143)- ====>  Preparing: select id, name, sex, birthday, phone, ID_number, email, parent_phone, adress, major, state from student_basic where id = ? 
2019-08-22 22:11:04,732 DEBUG (BaseJdbcLogger.java:143)- ====> Parameters: 12391(String)
2019-08-22 22:11:04,733 DEBUG (BaseJdbcLogger.java:143)- <====      Total: 1
2019-08-22 22:11:04,733 DEBUG (BaseJdbcLogger.java:143)- ====>  Preparing: select id, name, sex, birthday, phone, ID_number, email, parent_phone, adress, major, state from student_basic where id = ? 
2019-08-22 22:11:04,733 DEBUG (BaseJdbcLogger.java:143)- ====> Parameters: 12392(String)
2019-08-22 22:11:04,734 DEBUG (BaseJdbcLogger.java:143)- <====      Total: 1
2019-08-22 22:11:04,735 DEBUG (BaseJdbcLogger.java:143)- ====>  Preparing: select id, name, sex, birthday, phone, ID_number, email, parent_phone, adress, major, state from student_basic where id = ? 
2019-08-22 22:11:04,735 DEBUG (BaseJdbcLogger.java:143)- ====> Parameters: 12393(String)
2019-08-22 22:11:04,736 DEBUG (BaseJdbcLogger.java:143)- <====      Total: 1
2019-08-22 22:11:04,736 DEBUG (BaseJdbcLogger.java:143)- ====>  Preparing: select id, name, sex, birthday, phone, ID_number, email, parent_phone, adress, major, state from student_basic where id = ? 
2019-08-22 22:11:04,736 DEBUG (BaseJdbcLogger.java:143)- ====> Parameters: 12394(String)
2019-08-22 22:11:04,737 DEBUG (BaseJdbcLogger.java:143)- <====      Total: 1
2019-08-22 22:11:04,738 DEBUG (BaseJdbcLogger.java:143)- ====>  Preparing: select id, name, sex, birthday, phone, ID_number, email, parent_phone, adress, major, state from student_basic where id = ? 
2019-08-22 22:11:04,738 DEBUG (BaseJdbcLogger.java:143)- ====> Parameters: 12395(String)
2019-08-22 22:11:04,738 DEBUG (BaseJdbcLogger.java:143)- <====      Total: 1
2019-08-22 22:11:04,739 DEBUG (BaseJdbcLogger.java:143)- ====>  Preparing: select id, name, sex, birthday, phone, ID_number, email, parent_phone, adress, major, state from student_basic where id = ? 
2019-08-22 22:11:04,739 DEBUG (BaseJdbcLogger.java:143)- ====> Parameters: 12396(String)
2019-08-22 22:11:04,740 DEBUG (BaseJdbcLogger.java:143)- <====      Total: 1
2019-08-22 22:11:04,741 DEBUG (BaseJdbcLogger.java:143)- ====>  Preparing: select id, name, sex, birthday, phone, ID_number, email, parent_phone, adress, major, state from student_basic where id = ? 
2019-08-22 22:11:04,741 DEBUG (BaseJdbcLogger.java:143)- ====> Parameters: 12397(String)
2019-08-22 22:11:04,741 DEBUG (BaseJdbcLogger.java:143)- <====      Total: 1
2019-08-22 22:11:04,743 DEBUG (BaseJdbcLogger.java:143)- ====>  Preparing: select id, name, sex, birthday, phone, ID_number, email, parent_phone, adress, major, state from student_basic where id = ? 
2019-08-22 22:11:04,743 DEBUG (BaseJdbcLogger.java:143)- ====> Parameters: 12398(String)
2019-08-22 22:11:04,744 DEBUG (BaseJdbcLogger.java:143)- <====      Total: 1
2019-08-22 22:11:04,745 DEBUG (BaseJdbcLogger.java:143)- ====>  Preparing: select id, name, sex, birthday, phone, ID_number, email, parent_phone, adress, major, state from student_basic where id = ? 
2019-08-22 22:11:04,746 DEBUG (BaseJdbcLogger.java:143)- ====> Parameters: 12399(String)
2019-08-22 22:11:04,747 DEBUG (BaseJdbcLogger.java:143)- <====      Total: 1
2019-08-22 22:11:04,747 DEBUG (BaseJdbcLogger.java:143)- <==      Total: 25
2019-08-22 22:11:04,747 DEBUG (BaseJdbcLogger.java:143)- ==>  Preparing: select student_status.id,student_status.basic_id, student_status.student_id, student_status.class_id from student_status,student_basic where student_status.basic_id=student_basic.id and student_basic.sex=? and student_status.class_id=? 
2019-08-22 22:11:04,748 DEBUG (BaseJdbcLogger.java:143)- ==> Parameters: 女(String), 080702201901(String)
2019-08-22 22:11:04,750 DEBUG (BaseJdbcLogger.java:143)- ====>  Preparing: select id, name, sex, birthday, phone, ID_number, email, parent_phone, adress, major, state from student_basic where id = ? 
2019-08-22 22:11:04,750 DEBUG (BaseJdbcLogger.java:143)- ====> Parameters: 12362(String)
2019-08-22 22:11:04,751 DEBUG (BaseJdbcLogger.java:143)- <====      Total: 1
2019-08-22 22:11:04,751 DEBUG (BaseJdbcLogger.java:143)- ====>  Preparing: select id, class_id, name, director, grade, major_id from class where class_id = ? 
2019-08-22 22:11:04,751 DEBUG (BaseJdbcLogger.java:143)- ====> Parameters: 080702201901(String)
2019-08-22 22:11:04,752 DEBUG (BaseJdbcLogger.java:143)- ======>  Preparing: select id, major_id, name, price, department_id from major where major_id = ? 
2019-08-22 22:11:04,752 DEBUG (BaseJdbcLogger.java:143)- ======> Parameters: 080702(String)
2019-08-22 22:11:04,753 DEBUG (BaseJdbcLogger.java:143)- <======      Total: 1
2019-08-22 22:11:04,753 DEBUG (BaseJdbcLogger.java:143)- <====      Total: 1
2019-08-22 22:11:04,753 DEBUG (BaseJdbcLogger.java:143)- ====>  Preparing: select id, name, sex, birthday, phone, ID_number, email, parent_phone, adress, major, state from student_basic where id = ? 
2019-08-22 22:11:04,753 DEBUG (BaseJdbcLogger.java:143)- ====> Parameters: 12364(String)
2019-08-22 22:11:04,754 DEBUG (BaseJdbcLogger.java:143)- <====      Total: 1
2019-08-22 22:11:04,755 DEBUG (BaseJdbcLogger.java:143)- ====>  Preparing: select id, name, sex, birthday, phone, ID_number, email, parent_phone, adress, major, state from student_basic where id = ? 
2019-08-22 22:11:04,755 DEBUG (BaseJdbcLogger.java:143)- ====> Parameters: 12365(String)
2019-08-22 22:11:04,755 DEBUG (BaseJdbcLogger.java:143)- <====      Total: 1
2019-08-22 22:11:04,756 DEBUG (BaseJdbcLogger.java:143)- ====>  Preparing: select id, name, sex, birthday, phone, ID_number, email, parent_phone, adress, major, state from student_basic where id = ? 
2019-08-22 22:11:04,756 DEBUG (BaseJdbcLogger.java:143)- ====> Parameters: 12369(String)
2019-08-22 22:11:04,756 DEBUG (BaseJdbcLogger.java:143)- <====      Total: 1
2019-08-22 22:11:04,757 DEBUG (BaseJdbcLogger.java:143)- ====>  Preparing: select id, name, sex, birthday, phone, ID_number, email, parent_phone, adress, major, state from student_basic where id = ? 
2019-08-22 22:11:04,757 DEBUG (BaseJdbcLogger.java:143)- ====> Parameters: 12373(String)
2019-08-22 22:11:04,757 DEBUG (BaseJdbcLogger.java:143)- <====      Total: 1
2019-08-22 22:11:04,757 DEBUG (BaseJdbcLogger.java:143)- ====>  Preparing: select id, name, sex, birthday, phone, ID_number, email, parent_phone, adress, major, state from student_basic where id = ? 
2019-08-22 22:11:04,757 DEBUG (BaseJdbcLogger.java:143)- ====> Parameters: 12379(String)
2019-08-22 22:11:04,758 DEBUG (BaseJdbcLogger.java:143)- <====      Total: 1
2019-08-22 22:11:04,759 DEBUG (BaseJdbcLogger.java:143)- ====>  Preparing: select id, name, sex, birthday, phone, ID_number, email, parent_phone, adress, major, state from student_basic where id = ? 
2019-08-22 22:11:04,759 DEBUG (BaseJdbcLogger.java:143)- ====> Parameters: 12381(String)
2019-08-22 22:11:04,759 DEBUG (BaseJdbcLogger.java:143)- <====      Total: 1
2019-08-22 22:11:04,760 DEBUG (BaseJdbcLogger.java:143)- ====>  Preparing: select id, name, sex, birthday, phone, ID_number, email, parent_phone, adress, major, state from student_basic where id = ? 
2019-08-22 22:11:04,760 DEBUG (BaseJdbcLogger.java:143)- ====> Parameters: 12382(String)
2019-08-22 22:11:04,760 DEBUG (BaseJdbcLogger.java:143)- <====      Total: 1
2019-08-22 22:11:04,760 DEBUG (BaseJdbcLogger.java:143)- ====>  Preparing: select id, name, sex, birthday, phone, ID_number, email, parent_phone, adress, major, state from student_basic where id = ? 
2019-08-22 22:11:04,760 DEBUG (BaseJdbcLogger.java:143)- ====> Parameters: 12383(String)
2019-08-22 22:11:04,761 DEBUG (BaseJdbcLogger.java:143)- <====      Total: 1
2019-08-22 22:11:04,762 DEBUG (BaseJdbcLogger.java:143)- ====>  Preparing: select id, name, sex, birthday, phone, ID_number, email, parent_phone, adress, major, state from student_basic where id = ? 
2019-08-22 22:11:04,762 DEBUG (BaseJdbcLogger.java:143)- ====> Parameters: 12384(String)
2019-08-22 22:11:04,763 DEBUG (BaseJdbcLogger.java:143)- <====      Total: 1
2019-08-22 22:11:04,763 DEBUG (BaseJdbcLogger.java:143)- ====>  Preparing: select id, name, sex, birthday, phone, ID_number, email, parent_phone, adress, major, state from student_basic where id = ? 
2019-08-22 22:11:04,763 DEBUG (BaseJdbcLogger.java:143)- ====> Parameters: 12385(String)
2019-08-22 22:11:04,764 DEBUG (BaseJdbcLogger.java:143)- <====      Total: 1
2019-08-22 22:11:04,764 DEBUG (BaseJdbcLogger.java:143)- ====>  Preparing: select id, name, sex, birthday, phone, ID_number, email, parent_phone, adress, major, state from student_basic where id = ? 
2019-08-22 22:11:04,765 DEBUG (BaseJdbcLogger.java:143)- ====> Parameters: 12387(String)
2019-08-22 22:11:04,765 DEBUG (BaseJdbcLogger.java:143)- <====      Total: 1
2019-08-22 22:11:04,765 DEBUG (BaseJdbcLogger.java:143)- ====>  Preparing: select id, name, sex, birthday, phone, ID_number, email, parent_phone, adress, major, state from student_basic where id = ? 
2019-08-22 22:11:04,766 DEBUG (BaseJdbcLogger.java:143)- ====> Parameters: 12388(String)
2019-08-22 22:11:04,766 DEBUG (BaseJdbcLogger.java:143)- <====      Total: 1
2019-08-22 22:11:04,766 DEBUG (BaseJdbcLogger.java:143)- ====>  Preparing: select id, name, sex, birthday, phone, ID_number, email, parent_phone, adress, major, state from student_basic where id = ? 
2019-08-22 22:11:04,766 DEBUG (BaseJdbcLogger.java:143)- ====> Parameters: 12404(String)
2019-08-22 22:11:04,767 DEBUG (BaseJdbcLogger.java:143)- <====      Total: 1
2019-08-22 22:11:04,768 DEBUG (BaseJdbcLogger.java:143)- ====>  Preparing: select id, name, sex, birthday, phone, ID_number, email, parent_phone, adress, major, state from student_basic where id = ? 
2019-08-22 22:11:04,768 DEBUG (BaseJdbcLogger.java:143)- ====> Parameters: 12407(String)
2019-08-22 22:11:04,768 DEBUG (BaseJdbcLogger.java:143)- <====      Total: 1
2019-08-22 22:11:04,769 DEBUG (BaseJdbcLogger.java:143)- <==      Total: 15
2019-08-22 22:11:04,769 DEBUG (BaseJdbcLogger.java:143)- ==>  Preparing: select dormitory_allocation.id, dormitory_allocation.class_id, dormitory_allocation.dormitory_id,dormitory_allocation.number from dormitory_allocation,dormitory WHERE dormitory_allocation.dormitory_id=dormitory.id and dormitory.sex=? and class_id = ? 
2019-08-22 22:11:04,769 DEBUG (BaseJdbcLogger.java:143)- ==> Parameters: 男(String), 080702201901(String)
2019-08-22 22:11:04,770 DEBUG (BaseJdbcLogger.java:143)- ====>  Preparing: select id, dong, floor, room, sex, number, rent from dormitory where id = ? 
2019-08-22 22:11:04,770 DEBUG (BaseJdbcLogger.java:143)- ====> Parameters: 53(Integer)
2019-08-22 22:11:04,771 DEBUG (BaseJdbcLogger.java:143)- <====      Total: 1
2019-08-22 22:11:04,771 DEBUG (BaseJdbcLogger.java:143)- ====>  Preparing: select id, dong, floor, room, sex, number, rent from dormitory where id = ? 
2019-08-22 22:11:04,771 DEBUG (BaseJdbcLogger.java:143)- ====> Parameters: 54(Integer)
2019-08-22 22:11:04,772 DEBUG (BaseJdbcLogger.java:143)- <====      Total: 1
2019-08-22 22:11:04,773 DEBUG (BaseJdbcLogger.java:143)- ====>  Preparing: select id, dong, floor, room, sex, number, rent from dormitory where id = ? 
2019-08-22 22:11:04,773 DEBUG (BaseJdbcLogger.java:143)- ====> Parameters: 55(Integer)
2019-08-22 22:11:04,773 DEBUG (BaseJdbcLogger.java:143)- <====      Total: 1
2019-08-22 22:11:04,774 DEBUG (BaseJdbcLogger.java:143)- ====>  Preparing: select id, dong, floor, room, sex, number, rent from dormitory where id = ? 
2019-08-22 22:11:04,774 DEBUG (BaseJdbcLogger.java:143)- ====> Parameters: 56(Integer)
2019-08-22 22:11:04,774 DEBUG (BaseJdbcLogger.java:143)- <====      Total: 1
2019-08-22 22:11:04,775 DEBUG (BaseJdbcLogger.java:143)- ====>  Preparing: select id, dong, floor, room, sex, number, rent from dormitory where id = ? 
2019-08-22 22:11:04,776 DEBUG (BaseJdbcLogger.java:143)- ====> Parameters: 57(Integer)
2019-08-22 22:11:04,776 DEBUG (BaseJdbcLogger.java:143)- <====      Total: 1
2019-08-22 22:11:04,776 DEBUG (BaseJdbcLogger.java:143)- <==      Total: 5
2019-08-22 22:11:04,777 DEBUG (BaseJdbcLogger.java:143)- ==>  Preparing: select dormitory_allocation.id, dormitory_allocation.class_id, dormitory_allocation.dormitory_id,dormitory_allocation.number from dormitory_allocation,dormitory WHERE dormitory_allocation.dormitory_id=dormitory.id and dormitory.sex=? and class_id = ? 
2019-08-22 22:11:04,777 DEBUG (BaseJdbcLogger.java:143)- ==> Parameters: 女(String), 080702201901(String)
2019-08-22 22:11:04,777 DEBUG (BaseJdbcLogger.java:143)- ====>  Preparing: select id, dong, floor, room, sex, number, rent from dormitory where id = ? 
2019-08-22 22:11:04,778 DEBUG (BaseJdbcLogger.java:143)- ====> Parameters: 500(Integer)
2019-08-22 22:11:04,778 DEBUG (BaseJdbcLogger.java:143)- <====      Total: 1
2019-08-22 22:11:04,778 DEBUG (BaseJdbcLogger.java:143)- ====>  Preparing: select id, dong, floor, room, sex, number, rent from dormitory where id = ? 
2019-08-22 22:11:04,778 DEBUG (BaseJdbcLogger.java:143)- ====> Parameters: 501(Integer)
2019-08-22 22:11:04,779 DEBUG (BaseJdbcLogger.java:143)- <====      Total: 1
2019-08-22 22:11:04,779 DEBUG (BaseJdbcLogger.java:143)- ====>  Preparing: select id, dong, floor, room, sex, number, rent from dormitory where id = ? 
2019-08-22 22:11:04,779 DEBUG (BaseJdbcLogger.java:143)- ====> Parameters: 502(Integer)
2019-08-22 22:11:04,780 DEBUG (BaseJdbcLogger.java:143)- <====      Total: 1
2019-08-22 22:11:04,780 DEBUG (BaseJdbcLogger.java:143)- <==      Total: 3
2019-08-22 22:11:04,780 DEBUG (BaseJdbcLogger.java:143)- ==>  Preparing: select student_status.id,student_status.basic_id, student_status.student_id, student_status.class_id from student_status,student_basic where student_status.basic_id=student_basic.id and student_basic.sex=? and student_status.class_id=? 
2019-08-22 22:11:04,780 DEBUG (BaseJdbcLogger.java:143)- ==> Parameters: 男(String), 080702201902(String)
2019-08-22 22:11:04,781 DEBUG (BaseJdbcLogger.java:143)- ====>  Preparing: select id, name, sex, birthday, phone, ID_number, email, parent_phone, adress, major, state from student_basic where id = ? 
2019-08-22 22:11:04,782 DEBUG (BaseJdbcLogger.java:143)- ====> Parameters: 12400(String)
2019-08-22 22:11:04,782 DEBUG (BaseJdbcLogger.java:143)- <====      Total: 1
2019-08-22 22:11:04,783 DEBUG (BaseJdbcLogger.java:143)- ====>  Preparing: select id, class_id, name, director, grade, major_id from class where class_id = ? 
2019-08-22 22:11:04,783 DEBUG (BaseJdbcLogger.java:143)- ====> Parameters: 080702201902(String)
2019-08-22 22:11:04,783 DEBUG (BaseJdbcLogger.java:143)- ======>  Preparing: select id, major_id, name, price, department_id from major where major_id = ? 
2019-08-22 22:11:04,784 DEBUG (BaseJdbcLogger.java:143)- ======> Parameters: 080702(String)
2019-08-22 22:11:04,784 DEBUG (BaseJdbcLogger.java:143)- <======      Total: 1
2019-08-22 22:11:04,785 DEBUG (BaseJdbcLogger.java:143)- <====      Total: 1
2019-08-22 22:11:04,785 DEBUG (BaseJdbcLogger.java:143)- ====>  Preparing: select id, name, sex, birthday, phone, ID_number, email, parent_phone, adress, major, state from student_basic where id = ? 
2019-08-22 22:11:04,785 DEBUG (BaseJdbcLogger.java:143)- ====> Parameters: 12401(String)
2019-08-22 22:11:04,786 DEBUG (BaseJdbcLogger.java:143)- <====      Total: 1
2019-08-22 22:11:04,786 DEBUG (BaseJdbcLogger.java:143)- ====>  Preparing: select id, name, sex, birthday, phone, ID_number, email, parent_phone, adress, major, state from student_basic where id = ? 
2019-08-22 22:11:04,787 DEBUG (BaseJdbcLogger.java:143)- ====> Parameters: 12402(String)
2019-08-22 22:11:04,787 DEBUG (BaseJdbcLogger.java:143)- <====      Total: 1
2019-08-22 22:11:04,788 DEBUG (BaseJdbcLogger.java:143)- ====>  Preparing: select id, name, sex, birthday, phone, ID_number, email, parent_phone, adress, major, state from student_basic where id = ? 
2019-08-22 22:11:04,788 DEBUG (BaseJdbcLogger.java:143)- ====> Parameters: 12403(String)
2019-08-22 22:11:04,788 DEBUG (BaseJdbcLogger.java:143)- <====      Total: 1
2019-08-22 22:11:04,788 DEBUG (BaseJdbcLogger.java:143)- ====>  Preparing: select id, name, sex, birthday, phone, ID_number, email, parent_phone, adress, major, state from student_basic where id = ? 
2019-08-22 22:11:04,788 DEBUG (BaseJdbcLogger.java:143)- ====> Parameters: 12405(String)
2019-08-22 22:11:04,789 DEBUG (BaseJdbcLogger.java:143)- <====      Total: 1
2019-08-22 22:11:04,790 DEBUG (BaseJdbcLogger.java:143)- ====>  Preparing: select id, name, sex, birthday, phone, ID_number, email, parent_phone, adress, major, state from student_basic where id = ? 
2019-08-22 22:11:04,790 DEBUG (BaseJdbcLogger.java:143)- ====> Parameters: 12406(String)
2019-08-22 22:11:04,790 DEBUG (BaseJdbcLogger.java:143)- <====      Total: 1
2019-08-22 22:11:04,791 DEBUG (BaseJdbcLogger.java:143)- ====>  Preparing: select id, name, sex, birthday, phone, ID_number, email, parent_phone, adress, major, state from student_basic where id = ? 
2019-08-22 22:11:04,791 DEBUG (BaseJdbcLogger.java:143)- ====> Parameters: 12409(String)
2019-08-22 22:11:04,791 DEBUG (BaseJdbcLogger.java:143)- <====      Total: 1
2019-08-22 22:11:04,792 DEBUG (BaseJdbcLogger.java:143)- ====>  Preparing: select id, name, sex, birthday, phone, ID_number, email, parent_phone, adress, major, state from student_basic where id = ? 
2019-08-22 22:11:04,792 DEBUG (BaseJdbcLogger.java:143)- ====> Parameters: 12410(String)
2019-08-22 22:11:04,792 DEBUG (BaseJdbcLogger.java:143)- <====      Total: 1
2019-08-22 22:11:04,793 DEBUG (BaseJdbcLogger.java:143)- ====>  Preparing: select id, name, sex, birthday, phone, ID_number, email, parent_phone, adress, major, state from student_basic where id = ? 
2019-08-22 22:11:04,793 DEBUG (BaseJdbcLogger.java:143)- ====> Parameters: 12411(String)
2019-08-22 22:11:04,793 DEBUG (BaseJdbcLogger.java:143)- <====      Total: 1
2019-08-22 22:11:04,794 DEBUG (BaseJdbcLogger.java:143)- ====>  Preparing: select id, name, sex, birthday, phone, ID_number, email, parent_phone, adress, major, state from student_basic where id = ? 
2019-08-22 22:11:04,794 DEBUG (BaseJdbcLogger.java:143)- ====> Parameters: 12412(String)
2019-08-22 22:11:04,794 DEBUG (BaseJdbcLogger.java:143)- <====      Total: 1
2019-08-22 22:11:04,795 DEBUG (BaseJdbcLogger.java:143)- ====>  Preparing: select id, name, sex, birthday, phone, ID_number, email, parent_phone, adress, major, state from student_basic where id = ? 
2019-08-22 22:11:04,795 DEBUG (BaseJdbcLogger.java:143)- ====> Parameters: 12415(String)
2019-08-22 22:11:04,796 DEBUG (BaseJdbcLogger.java:143)- <====      Total: 1
2019-08-22 22:11:04,796 DEBUG (BaseJdbcLogger.java:143)- ====>  Preparing: select id, name, sex, birthday, phone, ID_number, email, parent_phone, adress, major, state from student_basic where id = ? 
2019-08-22 22:11:04,797 DEBUG (BaseJdbcLogger.java:143)- ====> Parameters: 12417(String)
2019-08-22 22:11:04,797 DEBUG (BaseJdbcLogger.java:143)- <====      Total: 1
2019-08-22 22:11:04,797 DEBUG (BaseJdbcLogger.java:143)- ====>  Preparing: select id, name, sex, birthday, phone, ID_number, email, parent_phone, adress, major, state from student_basic where id = ? 
2019-08-22 22:11:04,798 DEBUG (BaseJdbcLogger.java:143)- ====> Parameters: 12418(String)
2019-08-22 22:11:04,798 DEBUG (BaseJdbcLogger.java:143)- <====      Total: 1
2019-08-22 22:11:04,798 DEBUG (BaseJdbcLogger.java:143)- ====>  Preparing: select id, name, sex, birthday, phone, ID_number, email, parent_phone, adress, major, state from student_basic where id = ? 
2019-08-22 22:11:04,799 DEBUG (BaseJdbcLogger.java:143)- ====> Parameters: 12419(String)
2019-08-22 22:11:04,803 DEBUG (BaseJdbcLogger.java:143)- <====      Total: 1
2019-08-22 22:11:04,803 DEBUG (BaseJdbcLogger.java:143)- ====>  Preparing: select id, name, sex, birthday, phone, ID_number, email, parent_phone, adress, major, state from student_basic where id = ? 
2019-08-22 22:11:04,804 DEBUG (BaseJdbcLogger.java:143)- ====> Parameters: 12422(String)
2019-08-22 22:11:04,805 DEBUG (BaseJdbcLogger.java:143)- <====      Total: 1
2019-08-22 22:11:04,805 DEBUG (BaseJdbcLogger.java:143)- ====>  Preparing: select id, name, sex, birthday, phone, ID_number, email, parent_phone, adress, major, state from student_basic where id = ? 
2019-08-22 22:11:04,806 DEBUG (BaseJdbcLogger.java:143)- ====> Parameters: 12423(String)
2019-08-22 22:11:04,806 DEBUG (BaseJdbcLogger.java:143)- <====      Total: 1
2019-08-22 22:11:04,807 DEBUG (BaseJdbcLogger.java:143)- ====>  Preparing: select id, name, sex, birthday, phone, ID_number, email, parent_phone, adress, major, state from student_basic where id = ? 
2019-08-22 22:11:04,807 DEBUG (BaseJdbcLogger.java:143)- ====> Parameters: 12425(String)
2019-08-22 22:11:04,808 DEBUG (BaseJdbcLogger.java:143)- <====      Total: 1
2019-08-22 22:11:04,808 DEBUG (BaseJdbcLogger.java:143)- ====>  Preparing: select id, name, sex, birthday, phone, ID_number, email, parent_phone, adress, major, state from student_basic where id = ? 
2019-08-22 22:11:04,808 DEBUG (BaseJdbcLogger.java:143)- ====> Parameters: 12426(String)
2019-08-22 22:11:04,809 DEBUG (BaseJdbcLogger.java:143)- <====      Total: 1
2019-08-22 22:11:04,810 DEBUG (BaseJdbcLogger.java:143)- ====>  Preparing: select id, name, sex, birthday, phone, ID_number, email, parent_phone, adress, major, state from student_basic where id = ? 
2019-08-22 22:11:04,810 DEBUG (BaseJdbcLogger.java:143)- ====> Parameters: 12429(String)
2019-08-22 22:11:04,811 DEBUG (BaseJdbcLogger.java:143)- <====      Total: 1
2019-08-22 22:11:04,812 DEBUG (BaseJdbcLogger.java:143)- ====>  Preparing: select id, name, sex, birthday, phone, ID_number, email, parent_phone, adress, major, state from student_basic where id = ? 
2019-08-22 22:11:04,812 DEBUG (BaseJdbcLogger.java:143)- ====> Parameters: 12431(String)
2019-08-22 22:11:04,813 DEBUG (BaseJdbcLogger.java:143)- <====      Total: 1
2019-08-22 22:11:04,813 DEBUG (BaseJdbcLogger.java:143)- ====>  Preparing: select id, name, sex, birthday, phone, ID_number, email, parent_phone, adress, major, state from student_basic where id = ? 
2019-08-22 22:11:04,814 DEBUG (BaseJdbcLogger.java:143)- ====> Parameters: 12432(String)
2019-08-22 22:11:04,815 DEBUG (BaseJdbcLogger.java:143)- <====      Total: 1
2019-08-22 22:11:04,815 DEBUG (BaseJdbcLogger.java:143)- ====>  Preparing: select id, name, sex, birthday, phone, ID_number, email, parent_phone, adress, major, state from student_basic where id = ? 
2019-08-22 22:11:04,815 DEBUG (BaseJdbcLogger.java:143)- ====> Parameters: 12433(String)
2019-08-22 22:11:04,816 DEBUG (BaseJdbcLogger.java:143)- <====      Total: 1
2019-08-22 22:11:04,816 DEBUG (BaseJdbcLogger.java:143)- ====>  Preparing: select id, name, sex, birthday, phone, ID_number, email, parent_phone, adress, major, state from student_basic where id = ? 
2019-08-22 22:11:04,816 DEBUG (BaseJdbcLogger.java:143)- ====> Parameters: 12435(String)
2019-08-22 22:11:04,817 DEBUG (BaseJdbcLogger.java:143)- <====      Total: 1
2019-08-22 22:11:04,817 DEBUG (BaseJdbcLogger.java:143)- ====>  Preparing: select id, name, sex, birthday, phone, ID_number, email, parent_phone, adress, major, state from student_basic where id = ? 
2019-08-22 22:11:04,818 DEBUG (BaseJdbcLogger.java:143)- ====> Parameters: 12437(String)
2019-08-22 22:11:04,818 DEBUG (BaseJdbcLogger.java:143)- <====      Total: 1
2019-08-22 22:11:04,818 DEBUG (BaseJdbcLogger.java:143)- ====>  Preparing: select id, name, sex, birthday, phone, ID_number, email, parent_phone, adress, major, state from student_basic where id = ? 
2019-08-22 22:11:04,819 DEBUG (BaseJdbcLogger.java:143)- ====> Parameters: 12438(String)
2019-08-22 22:11:04,819 DEBUG (BaseJdbcLogger.java:143)- <====      Total: 1
2019-08-22 22:11:04,819 DEBUG (BaseJdbcLogger.java:143)- <==      Total: 25
2019-08-22 22:11:04,820 DEBUG (BaseJdbcLogger.java:143)- ==>  Preparing: select student_status.id,student_status.basic_id, student_status.student_id, student_status.class_id from student_status,student_basic where student_status.basic_id=student_basic.id and student_basic.sex=? and student_status.class_id=? 
2019-08-22 22:11:04,820 DEBUG (BaseJdbcLogger.java:143)- ==> Parameters: 女(String), 080702201902(String)
2019-08-22 22:11:04,820 DEBUG (BaseJdbcLogger.java:143)- ====>  Preparing: select id, name, sex, birthday, phone, ID_number, email, parent_phone, adress, major, state from student_basic where id = ? 
2019-08-22 22:11:04,821 DEBUG (BaseJdbcLogger.java:143)- ====> Parameters: 12408(String)
2019-08-22 22:11:04,821 DEBUG (BaseJdbcLogger.java:143)- <====      Total: 1
2019-08-22 22:11:04,822 DEBUG (BaseJdbcLogger.java:143)- ====>  Preparing: select id, class_id, name, director, grade, major_id from class where class_id = ? 
2019-08-22 22:11:04,822 DEBUG (BaseJdbcLogger.java:143)- ====> Parameters: 080702201902(String)
2019-08-22 22:11:04,822 DEBUG (BaseJdbcLogger.java:143)- ======>  Preparing: select id, major_id, name, price, department_id from major where major_id = ? 
2019-08-22 22:11:04,823 DEBUG (BaseJdbcLogger.java:143)- ======> Parameters: 080702(String)
2019-08-22 22:11:04,823 DEBUG (BaseJdbcLogger.java:143)- <======      Total: 1
2019-08-22 22:11:04,823 DEBUG (BaseJdbcLogger.java:143)- <====      Total: 1
2019-08-22 22:11:04,824 DEBUG (BaseJdbcLogger.java:143)- ====>  Preparing: select id, name, sex, birthday, phone, ID_number, email, parent_phone, adress, major, state from student_basic where id = ? 
2019-08-22 22:11:04,824 DEBUG (BaseJdbcLogger.java:143)- ====> Parameters: 12413(String)
