2019-09-02 12:39:51,456 DEBUG (BaseJdbcLogger.java:143)- ====> Parameters: 18345(String)
2019-09-02 12:39:51,458 DEBUG (BaseJdbcLogger.java:143)- <====      Total: 1
2019-09-02 12:39:51,458 DEBUG (BaseJdbcLogger.java:143)- ====>  Preparing: select id, name, sex, birthday, phone, ID_number, email, parent_phone, adress, major, state from student_basic where id = ? 
2019-09-02 12:39:51,458 DEBUG (BaseJdbcLogger.java:143)- ====> Parameters: 18347(String)
2019-09-02 12:39:51,459 DEBUG (BaseJdbcLogger.java:143)- <====      Total: 1
2019-09-02 12:39:51,459 DEBUG (BaseJdbcLogger.java:143)- ====>  Preparing: select id, name, sex, birthday, phone, ID_number, email, parent_phone, adress, major, state from student_basic where id = ? 
2019-09-02 12:39:51,460 DEBUG (BaseJdbcLogger.java:143)- ====> Parameters: 18349(String)
2019-09-02 12:39:51,460 DEBUG (BaseJdbcLogger.java:143)- <====      Total: 1
2019-09-02 12:39:51,460 DEBUG (BaseJdbcLogger.java:143)- ====>  Preparing: select id, name, sex, birthday, phone, ID_number, email, parent_phone, adress, major, state from student_basic where id = ? 
2019-09-02 12:39:51,460 DEBUG (BaseJdbcLogger.java:143)- ====> Parameters: 18350(String)
2019-09-02 12:39:51,461 DEBUG (BaseJdbcLogger.java:143)- <====      Total: 1
2019-09-02 12:39:51,461 DEBUG (BaseJdbcLogger.java:143)- ====>  Preparing: select id, name, sex, birthday, phone, ID_number, email, parent_phone, adress, major, state from student_basic where id = ? 
2019-09-02 12:39:51,461 DEBUG (BaseJdbcLogger.java:143)- ====> Parameters: 18351(String)
2019-09-02 12:39:51,462 DEBUG (BaseJdbcLogger.java:143)- <====      Total: 1
2019-09-02 12:39:51,462 DEBUG (BaseJdbcLogger.java:143)- ====>  Preparing: select id, name, sex, birthday, phone, ID_number, email, parent_phone, adress, major, state from student_basic where id = ? 
2019-09-02 12:39:51,462 DEBUG (BaseJdbcLogger.java:143)- ====> Parameters: 18352(String)
2019-09-02 12:39:51,463 DEBUG (BaseJdbcLogger.java:143)- <====      Total: 1
2019-09-02 12:39:51,463 DEBUG (BaseJdbcLogger.java:143)- ====>  Preparing: select id, name, sex, birthday, phone, ID_number, email, parent_phone, adress, major, state from student_basic where id = ? 
2019-09-02 12:39:51,463 DEBUG (BaseJdbcLogger.java:143)- ====> Parameters: 18355(String)
2019-09-02 12:39:51,464 DEBUG (BaseJdbcLogger.java:143)- <====      Total: 1
2019-09-02 12:39:51,464 DEBUG (BaseJdbcLogger.java:143)- ====>  Preparing: select id, name, sex, birthday, phone, ID_number, email, parent_phone, adress, major, state from student_basic where id = ? 
2019-09-02 12:39:51,464 DEBUG (BaseJdbcLogger.java:143)- ====> Parameters: 18356(String)
2019-09-02 12:39:51,466 DEBUG (BaseJdbcLogger.java:143)- <====      Total: 1
2019-09-02 12:39:51,466 DEBUG (BaseJdbcLogger.java:143)- ====>  Preparing: select id, name, sex, birthday, phone, ID_number, email, parent_phone, adress, major, state from student_basic where id = ? 
2019-09-02 12:39:51,466 DEBUG (BaseJdbcLogger.java:143)- ====> Parameters: 18357(String)
2019-09-02 12:39:51,467 DEBUG (BaseJdbcLogger.java:143)- <====      Total: 1
2019-09-02 12:39:51,467 DEBUG (BaseJdbcLogger.java:143)- ====>  Preparing: select id, name, sex, birthday, phone, ID_number, email, parent_phone, adress, major, state from student_basic where id = ? 
2019-09-02 12:39:51,468 DEBUG (BaseJdbcLogger.java:143)- ====> Parameters: 18358(String)
2019-09-02 12:39:51,468 DEBUG (BaseJdbcLogger.java:143)- <====      Total: 1
2019-09-02 12:39:51,469 DEBUG (BaseJdbcLogger.java:143)- ====>  Preparing: select id, name, sex, birthday, phone, ID_number, email, parent_phone, adress, major, state from student_basic where id = ? 
2019-09-02 12:39:51,469 DEBUG (BaseJdbcLogger.java:143)- ====> Parameters: 18360(String)
2019-09-02 12:39:51,470 DEBUG (BaseJdbcLogger.java:143)- <====      Total: 1
2019-09-02 12:39:51,470 DEBUG (BaseJdbcLogger.java:143)- ====>  Preparing: select id, name, sex, birthday, phone, ID_number, email, parent_phone, adress, major, state from student_basic where id = ? 
2019-09-02 12:39:51,470 DEBUG (BaseJdbcLogger.java:143)- ====> Parameters: 18361(String)
2019-09-02 12:39:51,471 DEBUG (BaseJdbcLogger.java:143)- <====      Total: 1
2019-09-02 12:39:51,471 DEBUG (BaseJdbcLogger.java:143)- <==      Total: 25
2019-09-02 12:39:51,471 DEBUG (BaseJdbcLogger.java:143)- ==>  Preparing: select student_status.id,student_status.basic_id, student_status.student_id, student_status.class_id from student_status,student_basic where student_status.basic_id=student_basic.id and student_basic.sex=? and student_status.class_id=? 
2019-09-02 12:39:51,472 DEBUG (BaseJdbcLogger.java:143)- ==> Parameters: 女(String), 080703201903(String)
2019-09-02 12:39:51,473 DEBUG (BaseJdbcLogger.java:143)- ====>  Preparing: select id, name, sex, birthday, phone, ID_number, email, parent_phone, adress, major, state from student_basic where id = ? 
2019-09-02 12:39:51,473 DEBUG (BaseJdbcLogger.java:143)- ====> Parameters: 18320(String)
2019-09-02 12:39:51,473 DEBUG (BaseJdbcLogger.java:143)- <====      Total: 1
2019-09-02 12:39:51,474 DEBUG (BaseJdbcLogger.java:143)- ====>  Preparing: select id, class_id, name, director, grade, major_id from class where class_id = ? 
2019-09-02 12:39:51,474 DEBUG (BaseJdbcLogger.java:143)- ====> Parameters: 080703201903(String)
2019-09-02 12:39:51,474 DEBUG (BaseJdbcLogger.java:143)- ======>  Preparing: select id, major_id, name, price, department_id from major where major_id = ? 
2019-09-02 12:39:51,474 DEBUG (BaseJdbcLogger.java:143)- ======> Parameters: 080703(String)
2019-09-02 12:39:51,475 DEBUG (BaseJdbcLogger.java:143)- <======      Total: 1
2019-09-02 12:39:51,475 DEBUG (BaseJdbcLogger.java:143)- <====      Total: 1
2019-09-02 12:39:51,475 DEBUG (BaseJdbcLogger.java:143)- ====>  Preparing: select id, name, sex, birthday, phone, ID_number, email, parent_phone, adress, major, state from student_basic where id = ? 
2019-09-02 12:39:51,476 DEBUG (BaseJdbcLogger.java:143)- ====> Parameters: 18322(String)
2019-09-02 12:39:51,476 DEBUG (BaseJdbcLogger.java:143)- <====      Total: 1
2019-09-02 12:39:51,476 DEBUG (BaseJdbcLogger.java:143)- ====>  Preparing: select id, name, sex, birthday, phone, ID_number, email, parent_phone, adress, major, state from student_basic where id = ? 
2019-09-02 12:39:51,477 DEBUG (BaseJdbcLogger.java:143)- ====> Parameters: 18325(String)
2019-09-02 12:39:51,477 DEBUG (BaseJdbcLogger.java:143)- <====      Total: 1
2019-09-02 12:39:51,477 DEBUG (BaseJdbcLogger.java:143)- ====>  Preparing: select id, name, sex, birthday, phone, ID_number, email, parent_phone, adress, major, state from student_basic where id = ? 
2019-09-02 12:39:51,478 DEBUG (BaseJdbcLogger.java:143)- ====> Parameters: 18330(String)
2019-09-02 12:39:51,478 DEBUG (BaseJdbcLogger.java:143)- <====      Total: 1
2019-09-02 12:39:51,478 DEBUG (BaseJdbcLogger.java:143)- ====>  Preparing: select id, name, sex, birthday, phone, ID_number, email, parent_phone, adress, major, state from student_basic where id = ? 
2019-09-02 12:39:51,479 DEBUG (BaseJdbcLogger.java:143)- ====> Parameters: 18331(String)
2019-09-02 12:39:51,479 DEBUG (BaseJdbcLogger.java:143)- <====      Total: 1
2019-09-02 12:39:51,479 DEBUG (BaseJdbcLogger.java:143)- ====>  Preparing: select id, name, sex, birthday, phone, ID_number, email, parent_phone, adress, major, state from student_basic where id = ? 
2019-09-02 12:39:51,480 DEBUG (BaseJdbcLogger.java:143)- ====> Parameters: 18332(String)
2019-09-02 12:39:51,480 DEBUG (BaseJdbcLogger.java:143)- <====      Total: 1
2019-09-02 12:39:51,480 DEBUG (BaseJdbcLogger.java:143)- ====>  Preparing: select id, name, sex, birthday, phone, ID_number, email, parent_phone, adress, major, state from student_basic where id = ? 
2019-09-02 12:39:51,481 DEBUG (BaseJdbcLogger.java:143)- ====> Parameters: 18333(String)
2019-09-02 12:39:51,481 DEBUG (BaseJdbcLogger.java:143)- <====      Total: 1
2019-09-02 12:39:51,481 DEBUG (BaseJdbcLogger.java:143)- ====>  Preparing: select id, name, sex, birthday, phone, ID_number, email, parent_phone, adress, major, state from student_basic where id = ? 
2019-09-02 12:39:51,482 DEBUG (BaseJdbcLogger.java:143)- ====> Parameters: 18335(String)
2019-09-02 12:39:51,482 DEBUG (BaseJdbcLogger.java:143)- <====      Total: 1
2019-09-02 12:39:51,482 DEBUG (BaseJdbcLogger.java:143)- ====>  Preparing: select id, name, sex, birthday, phone, ID_number, email, parent_phone, adress, major, state from student_basic where id = ? 
2019-09-02 12:39:51,483 DEBUG (BaseJdbcLogger.java:143)- ====> Parameters: 18336(String)
2019-09-02 12:39:51,483 DEBUG (BaseJdbcLogger.java:143)- <====      Total: 1
2019-09-02 12:39:51,483 DEBUG (BaseJdbcLogger.java:143)- ====>  Preparing: select id, name, sex, birthday, phone, ID_number, email, parent_phone, adress, major, state from student_basic where id = ? 
2019-09-02 12:39:51,484 DEBUG (BaseJdbcLogger.java:143)- ====> Parameters: 18340(String)
2019-09-02 12:39:51,484 DEBUG (BaseJdbcLogger.java:143)- <====      Total: 1
2019-09-02 12:39:51,484 DEBUG (BaseJdbcLogger.java:143)- ====>  Preparing: select id, name, sex, birthday, phone, ID_number, email, parent_phone, adress, major, state from student_basic where id = ? 
2019-09-02 12:39:51,485 DEBUG (BaseJdbcLogger.java:143)- ====> Parameters: 18341(String)
2019-09-02 12:39:51,485 DEBUG (BaseJdbcLogger.java:143)- <====      Total: 1
2019-09-02 12:39:51,485 DEBUG (BaseJdbcLogger.java:143)- ====>  Preparing: select id, name, sex, birthday, phone, ID_number, email, parent_phone, adress, major, state from student_basic where id = ? 
2019-09-02 12:39:51,486 DEBUG (BaseJdbcLogger.java:143)- ====> Parameters: 18342(String)
2019-09-02 12:39:51,486 DEBUG (BaseJdbcLogger.java:143)- <====      Total: 1
2019-09-02 12:39:51,486 DEBUG (BaseJdbcLogger.java:143)- ====>  Preparing: select id, name, sex, birthday, phone, ID_number, email, parent_phone, adress, major, state from student_basic where id = ? 
2019-09-02 12:39:51,487 DEBUG (BaseJdbcLogger.java:143)- ====> Parameters: 18343(String)
2019-09-02 12:39:51,488 DEBUG (BaseJdbcLogger.java:143)- <====      Total: 1
2019-09-02 12:39:51,488 DEBUG (BaseJdbcLogger.java:143)- ====>  Preparing: select id, name, sex, birthday, phone, ID_number, email, parent_phone, adress, major, state from student_basic where id = ? 
2019-09-02 12:39:51,489 DEBUG (BaseJdbcLogger.java:143)- ====> Parameters: 18346(String)
2019-09-02 12:39:51,489 DEBUG (BaseJdbcLogger.java:143)- <====      Total: 1
2019-09-02 12:39:51,489 DEBUG (BaseJdbcLogger.java:143)- ====>  Preparing: select id, name, sex, birthday, phone, ID_number, email, parent_phone, adress, major, state from student_basic where id = ? 
2019-09-02 12:39:51,490 DEBUG (BaseJdbcLogger.java:143)- ====> Parameters: 18348(String)
2019-09-02 12:39:51,490 DEBUG (BaseJdbcLogger.java:143)- <====      Total: 1
2019-09-02 12:39:51,490 DEBUG (BaseJdbcLogger.java:143)- ====>  Preparing: select id, name, sex, birthday, phone, ID_number, email, parent_phone, adress, major, state from student_basic where id = ? 
2019-09-02 12:39:51,491 DEBUG (BaseJdbcLogger.java:143)- ====> Parameters: 18353(String)
2019-09-02 12:39:51,491 DEBUG (BaseJdbcLogger.java:143)- <====      Total: 1
2019-09-02 12:39:51,492 DEBUG (BaseJdbcLogger.java:143)- ====>  Preparing: select id, name, sex, birthday, phone, ID_number, email, parent_phone, adress, major, state from student_basic where id = ? 
2019-09-02 12:39:51,492 DEBUG (BaseJdbcLogger.java:143)- ====> Parameters: 18354(String)
2019-09-02 12:39:51,492 DEBUG (BaseJdbcLogger.java:143)- <====      Total: 1
2019-09-02 12:39:51,493 DEBUG (BaseJdbcLogger.java:143)- ====>  Preparing: select id, name, sex, birthday, phone, ID_number, email, parent_phone, adress, major, state from student_basic where id = ? 
2019-09-02 12:39:51,493 DEBUG (BaseJdbcLogger.java:143)- ====> Parameters: 18359(String)
2019-09-02 12:39:51,493 DEBUG (BaseJdbcLogger.java:143)- <====      Total: 1
2019-09-02 12:39:51,494 DEBUG (BaseJdbcLogger.java:143)- <==      Total: 18
2019-09-02 12:39:51,494 DEBUG (BaseJdbcLogger.java:143)- ==>  Preparing: select dormitory_allocation.id, dormitory_allocation.class_id, dormitory_allocation.dormitory_id,dormitory_allocation.number from dormitory_allocation,dormitory WHERE dormitory_allocation.dormitory_id=dormitory.id and dormitory.sex=? and class_id = ? 
2019-09-02 12:39:51,494 DEBUG (BaseJdbcLogger.java:143)- ==> Parameters: 男(String), 080703201903(String)
2019-09-02 12:39:51,495 DEBUG (BaseJdbcLogger.java:143)- ====>  Preparing: select id, dong, floor, room, sex, number, rent from dormitory where id = ? 
2019-09-02 12:39:51,495 DEBUG (BaseJdbcLogger.java:143)- ====> Parameters: 96(Integer)
2019-09-02 12:39:51,495 DEBUG (BaseJdbcLogger.java:143)- <====      Total: 1
2019-09-02 12:39:51,496 DEBUG (BaseJdbcLogger.java:143)- ====>  Preparing: select id, dong, floor, room, sex, number, rent from dormitory where id = ? 
2019-09-02 12:39:51,496 DEBUG (BaseJdbcLogger.java:143)- ====> Parameters: 97(Integer)
2019-09-02 12:39:51,496 DEBUG (BaseJdbcLogger.java:143)- <====      Total: 1
2019-09-02 12:39:51,497 DEBUG (BaseJdbcLogger.java:143)- ====>  Preparing: select id, dong, floor, room, sex, number, rent from dormitory where id = ? 
2019-09-02 12:39:51,497 DEBUG (BaseJdbcLogger.java:143)- ====> Parameters: 98(Integer)
2019-09-02 12:39:51,497 DEBUG (BaseJdbcLogger.java:143)- <====      Total: 1
2019-09-02 12:39:51,498 DEBUG (BaseJdbcLogger.java:143)- ====>  Preparing: select id, dong, floor, room, sex, number, rent from dormitory where id = ? 
2019-09-02 12:39:51,498 DEBUG (BaseJdbcLogger.java:143)- ====> Parameters: 99(Integer)
2019-09-02 12:39:51,499 DEBUG (BaseJdbcLogger.java:143)- <====      Total: 1
2019-09-02 12:39:51,500 DEBUG (BaseJdbcLogger.java:143)- ====>  Preparing: select id, dong, floor, room, sex, number, rent from dormitory where id = ? 
2019-09-02 12:39:51,500 DEBUG (BaseJdbcLogger.java:143)- ====> Parameters: 100(Integer)
2019-09-02 12:39:51,500 DEBUG (BaseJdbcLogger.java:143)- <====      Total: 1
2019-09-02 12:39:51,501 DEBUG (BaseJdbcLogger.java:143)- <==      Total: 5
2019-09-02 12:39:51,501 DEBUG (BaseJdbcLogger.java:143)- ==>  Preparing: select dormitory_allocation.id, dormitory_allocation.class_id, dormitory_allocation.dormitory_id,dormitory_allocation.number from dormitory_allocation,dormitory WHERE dormitory_allocation.dormitory_id=dormitory.id and dormitory.sex=? and class_id = ? 
2019-09-02 12:39:51,501 DEBUG (BaseJdbcLogger.java:143)- ==> Parameters: 女(String), 080703201903(String)
2019-09-02 12:39:51,502 DEBUG (BaseJdbcLogger.java:143)- ====>  Preparing: select id, dong, floor, room, sex, number, rent from dormitory where id = ? 
2019-09-02 12:39:51,502 DEBUG (BaseJdbcLogger.java:143)- ====> Parameters: 532(Integer)
2019-09-02 12:39:51,503 DEBUG (BaseJdbcLogger.java:143)- <====      Total: 1
2019-09-02 12:39:51,503 DEBUG (BaseJdbcLogger.java:143)- ====>  Preparing: select id, dong, floor, room, sex, number, rent from dormitory where id = ? 
2019-09-02 12:39:51,503 DEBUG (BaseJdbcLogger.java:143)- ====> Parameters: 533(Integer)
2019-09-02 12:39:51,504 DEBUG (BaseJdbcLogger.java:143)- <====      Total: 1
2019-09-02 12:39:51,504 DEBUG (BaseJdbcLogger.java:143)- ====>  Preparing: select id, dong, floor, room, sex, number, rent from dormitory where id = ? 
2019-09-02 12:39:51,504 DEBUG (BaseJdbcLogger.java:143)- ====> Parameters: 534(Integer)
2019-09-02 12:39:51,505 DEBUG (BaseJdbcLogger.java:143)- <====      Total: 1
2019-09-02 12:39:51,505 DEBUG (BaseJdbcLogger.java:143)- ====>  Preparing: select id, dong, floor, room, sex, number, rent from dormitory where id = ? 
2019-09-02 12:39:51,505 DEBUG (BaseJdbcLogger.java:143)- ====> Parameters: 523(Integer)
2019-09-02 12:39:51,506 DEBUG (BaseJdbcLogger.java:143)- <====      Total: 1
2019-09-02 12:39:51,506 DEBUG (BaseJdbcLogger.java:143)- ====>  Preparing: select id, dong, floor, room, sex, number, rent from dormitory where id = ? 
2019-09-02 12:39:51,506 DEBUG (BaseJdbcLogger.java:143)- ====> Parameters: 527(Integer)
2019-09-02 12:39:51,507 DEBUG (BaseJdbcLogger.java:143)- <====      Total: 1
2019-09-02 12:39:51,507 DEBUG (BaseJdbcLogger.java:143)- <==      Total: 5
2019-09-02 12:39:51,507 DEBUG (BaseJdbcLogger.java:143)- ==>  Preparing: select student_status.id,student_status.basic_id, student_status.student_id, student_status.class_id from student_status,student_basic where student_status.basic_id=student_basic.id and student_basic.sex=? and student_status.class_id=? 
2019-09-02 12:39:51,508 DEBUG (BaseJdbcLogger.java:143)- ==> Parameters: 男(String), 082803201901(String)
2019-09-02 12:39:51,509 DEBUG (BaseJdbcLogger.java:143)- ====>  Preparing: select id, name, sex, birthday, phone, ID_number, email, parent_phone, adress, major, state from student_basic where id = ? 
2019-09-02 12:39:51,509 DEBUG (BaseJdbcLogger.java:143)- ====> Parameters: 18481(String)
2019-09-02 12:39:51,510 DEBUG (BaseJdbcLogger.java:143)- <====      Total: 1
2019-09-02 12:39:51,510 DEBUG (BaseJdbcLogger.java:143)- ====>  Preparing: select id, class_id, name, director, grade, major_id from class where class_id = ? 
2019-09-02 12:39:51,510 DEBUG (BaseJdbcLogger.java:143)- ====> Parameters: 082803201901(String)
2019-09-02 12:39:51,510 DEBUG (BaseJdbcLogger.java:143)- ======>  Preparing: select id, major_id, name, price, department_id from major where major_id = ? 
2019-09-02 12:39:51,511 DEBUG (BaseJdbcLogger.java:143)- ======> Parameters: 082803(String)
2019-09-02 12:39:51,511 DEBUG (BaseJdbcLogger.java:143)- <======      Total: 1
2019-09-02 12:39:51,511 DEBUG (BaseJdbcLogger.java:143)- <====      Total: 1
2019-09-02 12:39:51,512 DEBUG (BaseJdbcLogger.java:143)- ====>  Preparing: select id, name, sex, birthday, phone, ID_number, email, parent_phone, adress, major, state from student_basic where id = ? 
2019-09-02 12:39:51,512 DEBUG (BaseJdbcLogger.java:143)- ====> Parameters: 18483(String)
2019-09-02 12:39:51,512 DEBUG (BaseJdbcLogger.java:143)- <====      Total: 1
2019-09-02 12:39:51,513 DEBUG (BaseJdbcLogger.java:143)- ====>  Preparing: select id, name, sex, birthday, phone, ID_number, email, parent_phone, adress, major, state from student_basic where id = ? 
2019-09-02 12:39:51,513 DEBUG (BaseJdbcLogger.java:143)- ====> Parameters: 18485(String)
2019-09-02 12:39:51,514 DEBUG (BaseJdbcLogger.java:143)- <====      Total: 1
2019-09-02 12:39:51,514 DEBUG (BaseJdbcLogger.java:143)- ====>  Preparing: select id, name, sex, birthday, phone, ID_number, email, parent_phone, adress, major, state from student_basic where id = ? 
2019-09-02 12:39:51,515 DEBUG (BaseJdbcLogger.java:143)- ====> Parameters: 18486(String)
2019-09-02 12:39:51,515 DEBUG (BaseJdbcLogger.java:143)- <====      Total: 1
2019-09-02 12:39:51,515 DEBUG (BaseJdbcLogger.java:143)- ====>  Preparing: select id, name, sex, birthday, phone, ID_number, email, parent_phone, adress, major, state from student_basic where id = ? 
2019-09-02 12:39:51,516 DEBUG (BaseJdbcLogger.java:143)- ====> Parameters: 18487(String)
2019-09-02 12:39:51,516 DEBUG (BaseJdbcLogger.java:143)- <====      Total: 1
2019-09-02 12:39:51,516 DEBUG (BaseJdbcLogger.java:143)- ====>  Preparing: select id, name, sex, birthday, phone, ID_number, email, parent_phone, adress, major, state from student_basic where id = ? 
2019-09-02 12:39:51,517 DEBUG (BaseJdbcLogger.java:143)- ====> Parameters: 18488(String)
2019-09-02 12:39:51,517 DEBUG (BaseJdbcLogger.java:143)- <====      Total: 1
2019-09-02 12:39:51,517 DEBUG (BaseJdbcLogger.java:143)- ====>  Preparing: select id, name, sex, birthday, phone, ID_number, email, parent_phone, adress, major, state from student_basic where id = ? 
2019-09-02 12:39:51,518 DEBUG (BaseJdbcLogger.java:143)- ====> Parameters: 18489(String)
2019-09-02 12:39:51,518 DEBUG (BaseJdbcLogger.java:143)- <====      Total: 1
2019-09-02 12:39:51,518 DEBUG (BaseJdbcLogger.java:143)- ====>  Preparing: select id, name, sex, birthday, phone, ID_number, email, parent_phone, adress, major, state from student_basic where id = ? 
2019-09-02 12:39:51,519 DEBUG (BaseJdbcLogger.java:143)- ====> Parameters: 18491(String)
2019-09-02 12:39:51,519 DEBUG (BaseJdbcLogger.java:143)- <====      Total: 1
2019-09-02 12:39:51,520 DEBUG (BaseJdbcLogger.java:143)- ====>  Preparing: select id, name, sex, birthday, phone, ID_number, email, parent_phone, adress, major, state from student_basic where id = ? 
2019-09-02 12:39:51,520 DEBUG (BaseJdbcLogger.java:143)- ====> Parameters: 18492(String)
2019-09-02 12:39:51,521 DEBUG (BaseJdbcLogger.java:143)- <====      Total: 1
2019-09-02 12:39:51,521 DEBUG (BaseJdbcLogger.java:143)- ====>  Preparing: select id, name, sex, birthday, phone, ID_number, email, parent_phone, adress, major, state from student_basic where id = ? 
2019-09-02 12:39:51,522 DEBUG (BaseJdbcLogger.java:143)- ====> Parameters: 18493(String)
2019-09-02 12:39:51,522 DEBUG (BaseJdbcLogger.java:143)- <====      Total: 1
2019-09-02 12:39:51,523 DEBUG (BaseJdbcLogger.java:143)- ====>  Preparing: select id, name, sex, birthday, phone, ID_number, email, parent_phone, adress, major, state from student_basic where id = ? 
2019-09-02 12:39:51,523 DEBUG (BaseJdbcLogger.java:143)- ====> Parameters: 18496(String)
2019-09-02 12:39:51,524 DEBUG (BaseJdbcLogger.java:143)- <====      Total: 1
2019-09-02 12:39:51,524 DEBUG (BaseJdbcLogger.java:143)- ====>  Preparing: select id, name, sex, birthday, phone, ID_number, email, parent_phone, adress, major, state from student_basic where id = ? 
2019-09-02 12:39:51,524 DEBUG (BaseJdbcLogger.java:143)- ====> Parameters: 18498(String)
2019-09-02 12:39:51,525 DEBUG (BaseJdbcLogger.java:143)- <====      Total: 1
2019-09-02 12:39:51,525 DEBUG (BaseJdbcLogger.java:143)- ====>  Preparing: select id, name, sex, birthday, phone, ID_number, email, parent_phone, adress, major, state from student_basic where id = ? 
2019-09-02 12:39:51,525 DEBUG (BaseJdbcLogger.java:143)- ====> Parameters: 18499(String)
2019-09-02 12:39:51,526 DEBUG (BaseJdbcLogger.java:143)- <====      Total: 1
2019-09-02 12:39:51,526 DEBUG (BaseJdbcLogger.java:143)- ====>  Preparing: select id, name, sex, birthday, phone, ID_number, email, parent_phone, adress, major, state from student_basic where id = ? 
2019-09-02 12:39:51,526 DEBUG (BaseJdbcLogger.java:143)- ====> Parameters: 18501(String)
2019-09-02 12:39:51,527 DEBUG (BaseJdbcLogger.java:143)- <====      Total: 1
2019-09-02 12:39:51,527 DEBUG (BaseJdbcLogger.java:143)- ====>  Preparing: select id, name, sex, birthday, phone, ID_number, email, parent_phone, adress, major, state from student_basic where id = ? 
2019-09-02 12:39:51,527 DEBUG (BaseJdbcLogger.java:143)- ====> Parameters: 18508(String)
2019-09-02 12:39:51,528 DEBUG (BaseJdbcLogger.java:143)- <====      Total: 1
2019-09-02 12:39:51,528 DEBUG (BaseJdbcLogger.java:143)- ====>  Preparing: select id, name, sex, birthday, phone, ID_number, email, parent_phone, adress, major, state from student_basic where id = ? 
2019-09-02 12:39:51,528 DEBUG (BaseJdbcLogger.java:143)- ====> Parameters: 18512(String)
2019-09-02 12:39:51,529 DEBUG (BaseJdbcLogger.java:143)- <====      Total: 1
2019-09-02 12:39:51,529 DEBUG (BaseJdbcLogger.java:143)- ====>  Preparing: select id, name, sex, birthday, phone, ID_number, email, parent_phone, adress, major, state from student_basic where id = ? 
2019-09-02 12:39:51,529 DEBUG (BaseJdbcLogger.java:143)- ====> Parameters: 18513(String)
2019-09-02 12:39:51,530 DEBUG (BaseJdbcLogger.java:143)- <====      Total: 1
2019-09-02 12:39:51,530 DEBUG (BaseJdbcLogger.java:143)- ====>  Preparing: select id, name, sex, birthday, phone, ID_number, email, parent_phone, adress, major, state from student_basic where id = ? 
2019-09-02 12:39:51,530 DEBUG (BaseJdbcLogger.java:143)- ====> Parameters: 18515(String)
2019-09-02 12:39:51,531 DEBUG (BaseJdbcLogger.java:143)- <====      Total: 1
2019-09-02 12:39:51,531 DEBUG (BaseJdbcLogger.java:143)- ====>  Preparing: select id, name, sex, birthday, phone, ID_number, email, parent_phone, adress, major, state from student_basic where id = ? 
2019-09-02 12:39:51,531 DEBUG (BaseJdbcLogger.java:143)- ====> Parameters: 18517(String)
2019-09-02 12:39:51,532 DEBUG (BaseJdbcLogger.java:143)- <====      Total: 1
2019-09-02 12:39:51,532 DEBUG (BaseJdbcLogger.java:143)- ====>  Preparing: select id, name, sex, birthday, phone, ID_number, email, parent_phone, adress, major, state from student_basic where id = ? 
2019-09-02 12:39:51,533 DEBUG (BaseJdbcLogger.java:143)- ====> Parameters: 18518(String)
2019-09-02 12:39:51,533 DEBUG (BaseJdbcLogger.java:143)- <====      Total: 1
2019-09-02 12:39:51,534 DEBUG (BaseJdbcLogger.java:143)- ====>  Preparing: select id, name, sex, birthday, phone, ID_number, email, parent_phone, adress, major, state from student_basic where id = ? 
2019-09-02 12:39:51,534 DEBUG (BaseJdbcLogger.java:143)- ====> Parameters: 18521(String)
2019-09-02 12:39:51,534 DEBUG (BaseJdbcLogger.java:143)- <====      Total: 1
2019-09-02 12:39:51,535 DEBUG (BaseJdbcLogger.java:143)- ====>  Preparing: select id, name, sex, birthday, phone, ID_number, email, parent_phone, adress, major, state from student_basic where id = ? 
2019-09-02 12:39:51,535 DEBUG (BaseJdbcLogger.java:143)- ====> Parameters: 18523(String)
2019-09-02 12:39:51,536 DEBUG (BaseJdbcLogger.java:143)- <====      Total: 1
2019-09-02 12:39:51,536 DEBUG (BaseJdbcLogger.java:143)- ====>  Preparing: select id, name, sex, birthday, phone, ID_number, email, parent_phone, adress, major, state from student_basic where id = ? 
2019-09-02 12:39:51,537 DEBUG (BaseJdbcLogger.java:143)- ====> Parameters: 18524(String)
2019-09-02 12:39:51,537 DEBUG (BaseJdbcLogger.java:143)- <====      Total: 1
2019-09-02 12:39:51,538 DEBUG (BaseJdbcLogger.java:143)- ====>  Preparing: select id, name, sex, birthday, phone, ID_number, email, parent_phone, adress, major, state from student_basic where id = ? 
2019-09-02 12:39:51,538 DEBUG (BaseJdbcLogger.java:143)- ====> Parameters: 18528(String)
2019-09-02 12:39:51,538 DEBUG (BaseJdbcLogger.java:143)- <====      Total: 1
2019-09-02 12:39:51,539 DEBUG (BaseJdbcLogger.java:143)- <==      Total: 24
2019-09-02 12:39:51,539 DEBUG (BaseJdbcLogger.java:143)- ==>  Preparing: select student_status.id,student_status.basic_id, student_status.student_id, student_status.class_id from student_status,student_basic where student_status.basic_id=student_basic.id and student_basic.sex=? and student_status.class_id=? 
2019-09-02 12:39:51,539 DEBUG (BaseJdbcLogger.java:143)- ==> Parameters: 女(String), 082803201901(String)
2019-09-02 12:39:51,540 DEBUG (BaseJdbcLogger.java:143)- ====>  Preparing: select id, name, sex, birthday, phone, ID_number, email, parent_phone, adress, major, state from student_basic where id = ? 
2019-09-02 12:39:51,540 DEBUG (BaseJdbcLogger.java:143)- ====> Parameters: 18480(String)
2019-09-02 12:39:51,541 DEBUG (BaseJdbcLogger.java:143)- <====      Total: 1
2019-09-02 12:39:51,541 DEBUG (BaseJdbcLogger.java:143)- ====>  Preparing: select id, class_id, name, director, grade, major_id from class where class_id = ? 
2019-09-02 12:39:51,541 DEBUG (BaseJdbcLogger.java:143)- ====> Parameters: 082803201901(String)
2019-09-02 12:39:51,542 DEBUG (BaseJdbcLogger.java:143)- ======>  Preparing: select id, major_id, name, price, department_id from major where major_id = ? 
2019-09-02 12:39:51,542 DEBUG (BaseJdbcLogger.java:143)- ======> Parameters: 082803(String)
2019-09-02 12:39:51,542 DEBUG (BaseJdbcLogger.java:143)- <======      Total: 1
2019-09-02 12:39:51,543 DEBUG (BaseJdbcLogger.java:143)- <====      Total: 1
2019-09-02 12:39:51,543 DEBUG (BaseJdbcLogger.java:143)- ====>  Preparing: select id, name, sex, birthday, phone, ID_number, email, parent_phone, adress, major, state from student_basic where id = ? 
2019-09-02 12:39:51,543 DEBUG (BaseJdbcLogger.java:143)- ====> Parameters: 18482(String)
2019-09-02 12:39:51,544 DEBUG (BaseJdbcLogger.java:143)- <====      Total: 1
2019-09-02 12:39:51,544 DEBUG (BaseJdbcLogger.java:143)- ====>  Preparing: select id, name, sex, birthday, phone, ID_number, email, parent_phone, adress, major, state from student_basic where id = ? 
2019-09-02 12:39:51,544 DEBUG (BaseJdbcLogger.java:143)- ====> Parameters: 18484(String)
2019-09-02 12:39:51,545 DEBUG (BaseJdbcLogger.java:143)- <====      Total: 1
2019-09-02 12:39:51,545 DEBUG (BaseJdbcLogger.java:143)- ====>  Preparing: select id, name, sex, birthday, phone, ID_number, email, parent_phone, adress, major, state from student_basic where id = ? 
2019-09-02 12:39:51,545 DEBUG (BaseJdbcLogger.java:143)- ====> Parameters: 18490(String)
2019-09-02 12:39:51,546 DEBUG (BaseJdbcLogger.java:143)- <====      Total: 1
2019-09-02 12:39:51,547 DEBUG (BaseJdbcLogger.java:143)- ====>  Preparing: select id, name, sex, birthday, phone, ID_number, email, parent_phone, adress, major, state from student_basic where id = ? 
2019-09-02 12:39:51,547 DEBUG (BaseJdbcLogger.java:143)- ====> Parameters: 18494(String)
2019-09-02 12:39:51,548 DEBUG (BaseJdbcLogger.java:143)- <====      Total: 1
2019-09-02 12:39:51,548 DEBUG (BaseJdbcLogger.java:143)- ====>  Preparing: select id, name, sex, birthday, phone, ID_number, email, parent_phone, adress, major, state from student_basic where id = ? 
2019-09-02 12:39:51,548 DEBUG (BaseJdbcLogger.java:143)- ====> Parameters: 18495(String)
2019-09-02 12:39:51,549 DEBUG (BaseJdbcLogger.java:143)- <====      Total: 1
2019-09-02 12:39:51,549 DEBUG (BaseJdbcLogger.java:143)- ====>  Preparing: select id, name, sex, birthday, phone, ID_number, email, parent_phone, adress, major, state from student_basic where id = ? 
2019-09-02 12:39:51,549 DEBUG (BaseJdbcLogger.java:143)- ====> Parameters: 18497(String)
2019-09-02 12:39:51,550 DEBUG (BaseJdbcLogger.java:143)- <====      Total: 1
2019-09-02 12:39:51,550 DEBUG (BaseJdbcLogger.java:143)- ====>  Preparing: select id, name, sex, birthday, phone, ID_number, email, parent_phone, adress, major, state from student_basic where id = ? 
2019-09-02 12:39:51,550 DEBUG (BaseJdbcLogger.java:143)- ====> Parameters: 18500(String)
2019-09-02 12:39:51,551 DEBUG (BaseJdbcLogger.java:143)- <====      Total: 1
2019-09-02 12:39:51,551 DEBUG (BaseJdbcLogger.java:143)- ====>  Preparing: select id, name, sex, birthday, phone, ID_number, email, parent_phone, adress, major, state from student_basic where id = ? 
2019-09-02 12:39:51,551 DEBUG (BaseJdbcLogger.java:143)- ====> Parameters: 18502(String)
2019-09-02 12:39:51,552 DEBUG (BaseJdbcLogger.java:143)- <====      Total: 1
2019-09-02 12:39:51,552 DEBUG (BaseJdbcLogger.java:143)- ====>  Preparing: select id, name, sex, birthday, phone, ID_number, email, parent_phone, adress, major, state from student_basic where id = ? 
2019-09-02 12:39:51,552 DEBUG (BaseJdbcLogger.java:143)- ====> Parameters: 18503(String)
2019-09-02 12:39:51,553 DEBUG (BaseJdbcLogger.java:143)- <====      Total: 1
2019-09-02 12:39:51,553 DEBUG (BaseJdbcLogger.java:143)- ====>  Preparing: select id, name, sex, birthday, phone, ID_number, email, parent_phone, adress, major, state from student_basic where id = ? 
2019-09-02 12:39:51,554 DEBUG (BaseJdbcLogger.java:143)- ====> Parameters: 18504(String)
