2019-10-27 23:24:09,767 DEBUG (BaseJdbcLogger.java:143)- ====>  Preparing: select id, name, sex, birthday, phone, ID_number, email, parent_phone, adress, major, state from student_basic where id = ? 
2019-10-27 23:24:09,771 DEBUG (BaseJdbcLogger.java:143)- ====> Parameters: 28726(String)
2019-10-27 23:24:09,772 DEBUG (BaseJdbcLogger.java:143)- <====      Total: 1
2019-10-27 23:24:09,773 DEBUG (BaseJdbcLogger.java:143)- ====>  Preparing: select id, name, sex, birthday, phone, ID_number, email, parent_phone, adress, major, state from student_basic where id = ? 
2019-10-27 23:24:09,773 DEBUG (BaseJdbcLogger.java:143)- ====> Parameters: 28728(String)
2019-10-27 23:24:09,775 DEBUG (BaseJdbcLogger.java:143)- <====      Total: 1
2019-10-27 23:24:09,777 DEBUG (BaseJdbcLogger.java:143)- ====>  Preparing: select id, name, sex, birthday, phone, ID_number, email, parent_phone, adress, major, state from student_basic where id = ? 
2019-10-27 23:24:09,778 DEBUG (BaseJdbcLogger.java:143)- ====> Parameters: 28731(String)
2019-10-27 23:24:09,779 DEBUG (BaseJdbcLogger.java:143)- <====      Total: 1
2019-10-27 23:24:09,780 DEBUG (BaseJdbcLogger.java:143)- ====>  Preparing: select id, name, sex, birthday, phone, ID_number, email, parent_phone, adress, major, state from student_basic where id = ? 
2019-10-27 23:24:09,781 DEBUG (BaseJdbcLogger.java:143)- ====> Parameters: 28732(String)
2019-10-27 23:24:09,782 DEBUG (BaseJdbcLogger.java:143)- <====      Total: 1
2019-10-27 23:24:09,782 DEBUG (BaseJdbcLogger.java:143)- ====>  Preparing: select id, name, sex, birthday, phone, ID_number, email, parent_phone, adress, major, state from student_basic where id = ? 
2019-10-27 23:24:09,782 DEBUG (BaseJdbcLogger.java:143)- ====> Parameters: 28734(String)
2019-10-27 23:24:09,783 DEBUG (BaseJdbcLogger.java:143)- <====      Total: 1
2019-10-27 23:24:09,784 DEBUG (BaseJdbcLogger.java:143)- ====>  Preparing: select id, name, sex, birthday, phone, ID_number, email, parent_phone, adress, major, state from student_basic where id = ? 
2019-10-27 23:24:09,784 DEBUG (BaseJdbcLogger.java:143)- ====> Parameters: 28737(String)
2019-10-27 23:24:09,785 DEBUG (BaseJdbcLogger.java:143)- <====      Total: 1
2019-10-27 23:24:09,786 DEBUG (BaseJdbcLogger.java:143)- ====>  Preparing: select id, name, sex, birthday, phone, ID_number, email, parent_phone, adress, major, state from student_basic where id = ? 
2019-10-27 23:24:09,786 DEBUG (BaseJdbcLogger.java:143)- ====> Parameters: 28738(String)
2019-10-27 23:24:09,787 DEBUG (BaseJdbcLogger.java:143)- <====      Total: 1
2019-10-27 23:24:09,787 DEBUG (BaseJdbcLogger.java:143)- ====>  Preparing: select id, name, sex, birthday, phone, ID_number, email, parent_phone, adress, major, state from student_basic where id = ? 
2019-10-27 23:24:09,788 DEBUG (BaseJdbcLogger.java:143)- ====> Parameters: 28739(String)
2019-10-27 23:24:09,788 DEBUG (BaseJdbcLogger.java:143)- <====      Total: 1
2019-10-27 23:24:09,789 DEBUG (BaseJdbcLogger.java:143)- ====>  Preparing: select id, name, sex, birthday, phone, ID_number, email, parent_phone, adress, major, state from student_basic where id = ? 
2019-10-27 23:24:09,789 DEBUG (BaseJdbcLogger.java:143)- ====> Parameters: 28740(String)
2019-10-27 23:24:09,790 DEBUG (BaseJdbcLogger.java:143)- <====      Total: 1
2019-10-27 23:24:09,791 DEBUG (BaseJdbcLogger.java:143)- ====>  Preparing: select id, name, sex, birthday, phone, ID_number, email, parent_phone, adress, major, state from student_basic where id = ? 
2019-10-27 23:24:09,793 DEBUG (BaseJdbcLogger.java:143)- ====> Parameters: 28743(String)
2019-10-27 23:24:09,793 DEBUG (BaseJdbcLogger.java:143)- <====      Total: 1
2019-10-27 23:24:09,793 DEBUG (BaseJdbcLogger.java:143)- ====>  Preparing: select id, name, sex, birthday, phone, ID_number, email, parent_phone, adress, major, state from student_basic where id = ? 
2019-10-27 23:24:09,794 DEBUG (BaseJdbcLogger.java:143)- ====> Parameters: 28744(String)
2019-10-27 23:24:09,794 DEBUG (BaseJdbcLogger.java:143)- <====      Total: 1
2019-10-27 23:24:09,795 DEBUG (BaseJdbcLogger.java:143)- ====>  Preparing: select id, name, sex, birthday, phone, ID_number, email, parent_phone, adress, major, state from student_basic where id = ? 
2019-10-27 23:24:09,795 DEBUG (BaseJdbcLogger.java:143)- ====> Parameters: 28746(String)
2019-10-27 23:24:09,796 DEBUG (BaseJdbcLogger.java:143)- <====      Total: 1
2019-10-27 23:24:09,796 DEBUG (BaseJdbcLogger.java:143)- ====>  Preparing: select id, name, sex, birthday, phone, ID_number, email, parent_phone, adress, major, state from student_basic where id = ? 
2019-10-27 23:24:09,797 DEBUG (BaseJdbcLogger.java:143)- ====> Parameters: 28747(String)
2019-10-27 23:24:09,798 DEBUG (BaseJdbcLogger.java:143)- <====      Total: 1
2019-10-27 23:24:09,799 DEBUG (BaseJdbcLogger.java:143)- ====>  Preparing: select id, name, sex, birthday, phone, ID_number, email, parent_phone, adress, major, state from student_basic where id = ? 
2019-10-27 23:24:09,800 DEBUG (BaseJdbcLogger.java:143)- ====> Parameters: 28748(String)
2019-10-27 23:24:09,801 DEBUG (BaseJdbcLogger.java:143)- <====      Total: 1
2019-10-27 23:24:09,802 DEBUG (BaseJdbcLogger.java:143)- ====>  Preparing: select id, name, sex, birthday, phone, ID_number, email, parent_phone, adress, major, state from student_basic where id = ? 
2019-10-27 23:24:09,802 DEBUG (BaseJdbcLogger.java:143)- ====> Parameters: 28751(String)
2019-10-27 23:24:09,802 DEBUG (BaseJdbcLogger.java:143)- <====      Total: 1
2019-10-27 23:24:09,803 DEBUG (BaseJdbcLogger.java:143)- ====>  Preparing: select id, name, sex, birthday, phone, ID_number, email, parent_phone, adress, major, state from student_basic where id = ? 
2019-10-27 23:24:09,803 DEBUG (BaseJdbcLogger.java:143)- ====> Parameters: 28752(String)
2019-10-27 23:24:09,804 DEBUG (BaseJdbcLogger.java:143)- <====      Total: 1
2019-10-27 23:24:09,804 DEBUG (BaseJdbcLogger.java:143)- <==      Total: 25
2019-10-27 23:24:09,805 DEBUG (BaseJdbcLogger.java:143)- ==>  Preparing: select dormitory_allocation.id, dormitory_allocation.class_id, dormitory_allocation.dormitory_id,dormitory_allocation.number from dormitory_allocation,dormitory WHERE dormitory_allocation.dormitory_id=dormitory.id and dormitory.sex=? and class_id = ? 
2019-10-27 23:24:09,805 DEBUG (BaseJdbcLogger.java:143)- ==> Parameters: 男(String), 080205201903(String)
2019-10-27 23:24:09,806 DEBUG (BaseJdbcLogger.java:143)- <==      Total: 0
2019-10-27 23:24:09,807 DEBUG (BaseJdbcLogger.java:143)- ==>  Preparing: select student_status.id,student_status.basic_id, student_status.student_id, student_status.class_id from student_status,student_basic where student_status.basic_id=student_basic.id and student_basic.sex=? and student_status.class_id=? 
2019-10-27 23:24:09,807 DEBUG (BaseJdbcLogger.java:143)- ==> Parameters: 男(String), 080205201904(String)
2019-10-27 23:24:09,811 DEBUG (BaseJdbcLogger.java:143)- ====>  Preparing: select id, name, sex, birthday, phone, ID_number, email, parent_phone, adress, major, state from student_basic where id = ? 
2019-10-27 23:24:09,811 DEBUG (BaseJdbcLogger.java:143)- ====> Parameters: 28755(String)
2019-10-27 23:24:09,812 DEBUG (BaseJdbcLogger.java:143)- <====      Total: 1
2019-10-27 23:24:09,812 DEBUG (BaseJdbcLogger.java:143)- ====>  Preparing: select id, class_id, name, director, grade, major_id from class WHERE class_id = ? 
2019-10-27 23:24:09,813 DEBUG (BaseJdbcLogger.java:143)- ====> Parameters: 080205201904(String)
2019-10-27 23:24:09,813 DEBUG (BaseJdbcLogger.java:143)- ======>  Preparing: select id, major_id, name, price, department_id from major where major_id = ? 
2019-10-27 23:24:09,814 DEBUG (BaseJdbcLogger.java:143)- ======> Parameters: 080205(String)
2019-10-27 23:24:09,815 DEBUG (BaseJdbcLogger.java:143)- <======      Total: 1
2019-10-27 23:24:09,815 DEBUG (BaseJdbcLogger.java:143)- <====      Total: 1
2019-10-27 23:24:09,815 DEBUG (BaseJdbcLogger.java:143)- ====>  Preparing: select id, name, sex, birthday, phone, ID_number, email, parent_phone, adress, major, state from student_basic where id = ? 
2019-10-27 23:24:09,817 DEBUG (BaseJdbcLogger.java:143)- ====> Parameters: 28757(String)
2019-10-27 23:24:09,817 DEBUG (BaseJdbcLogger.java:143)- <====      Total: 1
2019-10-27 23:24:09,818 DEBUG (BaseJdbcLogger.java:143)- ====>  Preparing: select id, name, sex, birthday, phone, ID_number, email, parent_phone, adress, major, state from student_basic where id = ? 
2019-10-27 23:24:09,819 DEBUG (BaseJdbcLogger.java:143)- ====> Parameters: 28761(String)
2019-10-27 23:24:09,819 DEBUG (BaseJdbcLogger.java:143)- <====      Total: 1
2019-10-27 23:24:09,819 DEBUG (BaseJdbcLogger.java:143)- ====>  Preparing: select id, name, sex, birthday, phone, ID_number, email, parent_phone, adress, major, state from student_basic where id = ? 
2019-10-27 23:24:09,820 DEBUG (BaseJdbcLogger.java:143)- ====> Parameters: 28762(String)
2019-10-27 23:24:09,821 DEBUG (BaseJdbcLogger.java:143)- <====      Total: 1
2019-10-27 23:24:09,822 DEBUG (BaseJdbcLogger.java:143)- ====>  Preparing: select id, name, sex, birthday, phone, ID_number, email, parent_phone, adress, major, state from student_basic where id = ? 
2019-10-27 23:24:09,822 DEBUG (BaseJdbcLogger.java:143)- ====> Parameters: 28765(String)
2019-10-27 23:24:09,822 DEBUG (BaseJdbcLogger.java:143)- <====      Total: 1
2019-10-27 23:24:09,824 DEBUG (BaseJdbcLogger.java:143)- ====>  Preparing: select id, name, sex, birthday, phone, ID_number, email, parent_phone, adress, major, state from student_basic where id = ? 
2019-10-27 23:24:09,825 DEBUG (BaseJdbcLogger.java:143)- ====> Parameters: 28766(String)
2019-10-27 23:24:09,826 DEBUG (BaseJdbcLogger.java:143)- <====      Total: 1
2019-10-27 23:24:09,827 DEBUG (BaseJdbcLogger.java:143)- ====>  Preparing: select id, name, sex, birthday, phone, ID_number, email, parent_phone, adress, major, state from student_basic where id = ? 
2019-10-27 23:24:09,827 DEBUG (BaseJdbcLogger.java:143)- ====> Parameters: 28767(String)
2019-10-27 23:24:09,829 DEBUG (BaseJdbcLogger.java:143)- <====      Total: 1
2019-10-27 23:24:09,829 DEBUG (BaseJdbcLogger.java:143)- ====>  Preparing: select id, name, sex, birthday, phone, ID_number, email, parent_phone, adress, major, state from student_basic where id = ? 
2019-10-27 23:24:09,829 DEBUG (BaseJdbcLogger.java:143)- ====> Parameters: 28772(String)
2019-10-27 23:24:09,831 DEBUG (BaseJdbcLogger.java:143)- <====      Total: 1
2019-10-27 23:24:09,831 DEBUG (BaseJdbcLogger.java:143)- ====>  Preparing: select id, name, sex, birthday, phone, ID_number, email, parent_phone, adress, major, state from student_basic where id = ? 
2019-10-27 23:24:09,832 DEBUG (BaseJdbcLogger.java:143)- ====> Parameters: 28773(String)
2019-10-27 23:24:09,833 DEBUG (BaseJdbcLogger.java:143)- <====      Total: 1
2019-10-27 23:24:09,834 DEBUG (BaseJdbcLogger.java:143)- ====>  Preparing: select id, name, sex, birthday, phone, ID_number, email, parent_phone, adress, major, state from student_basic where id = ? 
2019-10-27 23:24:09,834 DEBUG (BaseJdbcLogger.java:143)- ====> Parameters: 28774(String)
2019-10-27 23:24:09,835 DEBUG (BaseJdbcLogger.java:143)- <====      Total: 1
2019-10-27 23:24:09,836 DEBUG (BaseJdbcLogger.java:143)- ====>  Preparing: select id, name, sex, birthday, phone, ID_number, email, parent_phone, adress, major, state from student_basic where id = ? 
2019-10-27 23:24:09,836 DEBUG (BaseJdbcLogger.java:143)- ====> Parameters: 28775(String)
2019-10-27 23:24:09,840 DEBUG (BaseJdbcLogger.java:143)- <====      Total: 1
2019-10-27 23:24:09,841 DEBUG (BaseJdbcLogger.java:143)- ====>  Preparing: select id, name, sex, birthday, phone, ID_number, email, parent_phone, adress, major, state from student_basic where id = ? 
2019-10-27 23:24:09,841 DEBUG (BaseJdbcLogger.java:143)- ====> Parameters: 28778(String)
2019-10-27 23:24:09,842 DEBUG (BaseJdbcLogger.java:143)- <====      Total: 1
2019-10-27 23:24:09,844 DEBUG (BaseJdbcLogger.java:143)- ====>  Preparing: select id, name, sex, birthday, phone, ID_number, email, parent_phone, adress, major, state from student_basic where id = ? 
2019-10-27 23:24:09,844 DEBUG (BaseJdbcLogger.java:143)- ====> Parameters: 28780(String)
2019-10-27 23:24:09,845 DEBUG (BaseJdbcLogger.java:143)- <====      Total: 1
2019-10-27 23:24:09,845 DEBUG (BaseJdbcLogger.java:143)- ====>  Preparing: select id, name, sex, birthday, phone, ID_number, email, parent_phone, adress, major, state from student_basic where id = ? 
2019-10-27 23:24:09,845 DEBUG (BaseJdbcLogger.java:143)- ====> Parameters: 28782(String)
2019-10-27 23:24:09,846 DEBUG (BaseJdbcLogger.java:143)- <====      Total: 1
2019-10-27 23:24:09,846 DEBUG (BaseJdbcLogger.java:143)- ====>  Preparing: select id, name, sex, birthday, phone, ID_number, email, parent_phone, adress, major, state from student_basic where id = ? 
2019-10-27 23:24:09,847 DEBUG (BaseJdbcLogger.java:143)- ====> Parameters: 28783(String)
2019-10-27 23:24:09,848 DEBUG (BaseJdbcLogger.java:143)- <====      Total: 1
2019-10-27 23:24:09,848 DEBUG (BaseJdbcLogger.java:143)- ====>  Preparing: select id, name, sex, birthday, phone, ID_number, email, parent_phone, adress, major, state from student_basic where id = ? 
2019-10-27 23:24:09,849 DEBUG (BaseJdbcLogger.java:143)- ====> Parameters: 28789(String)
2019-10-27 23:24:09,849 DEBUG (BaseJdbcLogger.java:143)- <====      Total: 1
2019-10-27 23:24:09,851 DEBUG (BaseJdbcLogger.java:143)- ====>  Preparing: select id, name, sex, birthday, phone, ID_number, email, parent_phone, adress, major, state from student_basic where id = ? 
2019-10-27 23:24:09,851 DEBUG (BaseJdbcLogger.java:143)- ====> Parameters: 28792(String)
2019-10-27 23:24:09,851 DEBUG (BaseJdbcLogger.java:143)- <====      Total: 1
2019-10-27 23:24:09,851 DEBUG (BaseJdbcLogger.java:143)- ====>  Preparing: select id, name, sex, birthday, phone, ID_number, email, parent_phone, adress, major, state from student_basic where id = ? 
2019-10-27 23:24:09,852 DEBUG (BaseJdbcLogger.java:143)- ====> Parameters: 28793(String)
2019-10-27 23:24:09,853 DEBUG (BaseJdbcLogger.java:143)- <====      Total: 1
2019-10-27 23:24:09,854 DEBUG (BaseJdbcLogger.java:143)- ====>  Preparing: select id, name, sex, birthday, phone, ID_number, email, parent_phone, adress, major, state from student_basic where id = ? 
2019-10-27 23:24:09,854 DEBUG (BaseJdbcLogger.java:143)- ====> Parameters: 28799(String)
2019-10-27 23:24:09,854 DEBUG (BaseJdbcLogger.java:143)- <====      Total: 1
2019-10-27 23:24:09,854 DEBUG (BaseJdbcLogger.java:143)- ====>  Preparing: select id, name, sex, birthday, phone, ID_number, email, parent_phone, adress, major, state from student_basic where id = ? 
2019-10-27 23:24:09,855 DEBUG (BaseJdbcLogger.java:143)- ====> Parameters: 28800(String)
2019-10-27 23:24:09,856 DEBUG (BaseJdbcLogger.java:143)- <====      Total: 1
2019-10-27 23:24:09,856 DEBUG (BaseJdbcLogger.java:143)- ====>  Preparing: select id, name, sex, birthday, phone, ID_number, email, parent_phone, adress, major, state from student_basic where id = ? 
2019-10-27 23:24:09,858 DEBUG (BaseJdbcLogger.java:143)- ====> Parameters: 28801(String)
2019-10-27 23:24:09,858 DEBUG (BaseJdbcLogger.java:143)- <====      Total: 1
2019-10-27 23:24:09,859 DEBUG (BaseJdbcLogger.java:143)- ====>  Preparing: select id, name, sex, birthday, phone, ID_number, email, parent_phone, adress, major, state from student_basic where id = ? 
2019-10-27 23:24:09,859 DEBUG (BaseJdbcLogger.java:143)- ====> Parameters: 28802(String)
2019-10-27 23:24:09,860 DEBUG (BaseJdbcLogger.java:143)- <====      Total: 1
2019-10-27 23:24:09,860 DEBUG (BaseJdbcLogger.java:143)- ====>  Preparing: select id, name, sex, birthday, phone, ID_number, email, parent_phone, adress, major, state from student_basic where id = ? 
2019-10-27 23:24:09,861 DEBUG (BaseJdbcLogger.java:143)- ====> Parameters: 28803(String)
