2019-09-02 12:38:26,007 DEBUG (BaseJdbcLogger.java:143)- <====      Total: 1
2019-09-02 12:38:26,009 DEBUG (BaseJdbcLogger.java:143)- ====>  Preparing: select id, name, sex, birthday, phone, ID_number, email, parent_phone, adress, major, state from student_basic where id = ? 
2019-09-02 12:38:26,009 DEBUG (BaseJdbcLogger.java:143)- ====> Parameters: 18031(String)
2019-09-02 12:38:26,010 DEBUG (BaseJdbcLogger.java:143)- <====      Total: 1
2019-09-02 12:38:26,010 DEBUG (BaseJdbcLogger.java:143)- ====>  Preparing: select id, name, sex, birthday, phone, ID_number, email, parent_phone, adress, major, state from student_basic where id = ? 
2019-09-02 12:38:26,011 DEBUG (BaseJdbcLogger.java:143)- ====> Parameters: 18033(String)
2019-09-02 12:38:26,012 DEBUG (BaseJdbcLogger.java:143)- <====      Total: 1
2019-09-02 12:38:26,012 DEBUG (BaseJdbcLogger.java:143)- ====>  Preparing: select id, name, sex, birthday, phone, ID_number, email, parent_phone, adress, major, state from student_basic where id = ? 
2019-09-02 12:38:26,013 DEBUG (BaseJdbcLogger.java:143)- ====> Parameters: 18035(String)
2019-09-02 12:38:26,013 DEBUG (BaseJdbcLogger.java:143)- <====      Total: 1
2019-09-02 12:38:26,014 DEBUG (BaseJdbcLogger.java:143)- ====>  Preparing: select id, name, sex, birthday, phone, ID_number, email, parent_phone, adress, major, state from student_basic where id = ? 
2019-09-02 12:38:26,014 DEBUG (BaseJdbcLogger.java:143)- ====> Parameters: 18036(String)
2019-09-02 12:38:26,015 DEBUG (BaseJdbcLogger.java:143)- <====      Total: 1
2019-09-02 12:38:26,015 DEBUG (BaseJdbcLogger.java:143)- ====>  Preparing: select id, name, sex, birthday, phone, ID_number, email, parent_phone, adress, major, state from student_basic where id = ? 
2019-09-02 12:38:26,015 DEBUG (BaseJdbcLogger.java:143)- ====> Parameters: 18037(String)
2019-09-02 12:38:26,016 DEBUG (BaseJdbcLogger.java:143)- <====      Total: 1
2019-09-02 12:38:26,016 DEBUG (BaseJdbcLogger.java:143)- ====>  Preparing: select id, name, sex, birthday, phone, ID_number, email, parent_phone, adress, major, state from student_basic where id = ? 
2019-09-02 12:38:26,017 DEBUG (BaseJdbcLogger.java:143)- ====> Parameters: 18039(String)
2019-09-02 12:38:26,017 DEBUG (BaseJdbcLogger.java:143)- <====      Total: 1
2019-09-02 12:38:26,018 DEBUG (BaseJdbcLogger.java:143)- ====>  Preparing: select id, name, sex, birthday, phone, ID_number, email, parent_phone, adress, major, state from student_basic where id = ? 
2019-09-02 12:38:26,018 DEBUG (BaseJdbcLogger.java:143)- ====> Parameters: 18042(String)
2019-09-02 12:38:26,019 DEBUG (BaseJdbcLogger.java:143)- <====      Total: 1
2019-09-02 12:38:26,019 DEBUG (BaseJdbcLogger.java:143)- ====>  Preparing: select id, name, sex, birthday, phone, ID_number, email, parent_phone, adress, major, state from student_basic where id = ? 
2019-09-02 12:38:26,019 DEBUG (BaseJdbcLogger.java:143)- ====> Parameters: 18043(String)
2019-09-02 12:38:26,020 DEBUG (BaseJdbcLogger.java:143)- <====      Total: 1
2019-09-02 12:38:26,020 DEBUG (BaseJdbcLogger.java:143)- ====>  Preparing: select id, name, sex, birthday, phone, ID_number, email, parent_phone, adress, major, state from student_basic where id = ? 
2019-09-02 12:38:26,021 DEBUG (BaseJdbcLogger.java:143)- ====> Parameters: 18044(String)
2019-09-02 12:38:26,021 DEBUG (BaseJdbcLogger.java:143)- <====      Total: 1
2019-09-02 12:38:26,022 DEBUG (BaseJdbcLogger.java:143)- ====>  Preparing: select id, name, sex, birthday, phone, ID_number, email, parent_phone, adress, major, state from student_basic where id = ? 
2019-09-02 12:38:26,022 DEBUG (BaseJdbcLogger.java:143)- ====> Parameters: 18046(String)
2019-09-02 12:38:26,023 DEBUG (BaseJdbcLogger.java:143)- <====      Total: 1
2019-09-02 12:38:26,023 DEBUG (BaseJdbcLogger.java:143)- ====>  Preparing: select id, name, sex, birthday, phone, ID_number, email, parent_phone, adress, major, state from student_basic where id = ? 
2019-09-02 12:38:26,023 DEBUG (BaseJdbcLogger.java:143)- ====> Parameters: 18047(String)
2019-09-02 12:38:26,024 DEBUG (BaseJdbcLogger.java:143)- <====      Total: 1
2019-09-02 12:38:26,024 DEBUG (BaseJdbcLogger.java:143)- ====>  Preparing: select id, name, sex, birthday, phone, ID_number, email, parent_phone, adress, major, state from student_basic where id = ? 
2019-09-02 12:38:26,025 DEBUG (BaseJdbcLogger.java:143)- ====> Parameters: 18048(String)
2019-09-02 12:38:26,025 DEBUG (BaseJdbcLogger.java:143)- <====      Total: 1
2019-09-02 12:38:26,026 DEBUG (BaseJdbcLogger.java:143)- ====>  Preparing: select id, name, sex, birthday, phone, ID_number, email, parent_phone, adress, major, state from student_basic where id = ? 
2019-09-02 12:38:26,026 DEBUG (BaseJdbcLogger.java:143)- ====> Parameters: 18051(String)
2019-09-02 12:38:26,027 DEBUG (BaseJdbcLogger.java:143)- <====      Total: 1
2019-09-02 12:38:26,028 DEBUG (BaseJdbcLogger.java:143)- ====>  Preparing: select id, name, sex, birthday, phone, ID_number, email, parent_phone, adress, major, state from student_basic where id = ? 
2019-09-02 12:38:26,028 DEBUG (BaseJdbcLogger.java:143)- ====> Parameters: 18053(String)
2019-09-02 12:38:26,029 DEBUG (BaseJdbcLogger.java:143)- <====      Total: 1
2019-09-02 12:38:26,030 DEBUG (BaseJdbcLogger.java:143)- ====>  Preparing: select id, name, sex, birthday, phone, ID_number, email, parent_phone, adress, major, state from student_basic where id = ? 
2019-09-02 12:38:26,030 DEBUG (BaseJdbcLogger.java:143)- ====> Parameters: 18055(String)
2019-09-02 12:38:26,031 DEBUG (BaseJdbcLogger.java:143)- <====      Total: 1
2019-09-02 12:38:26,031 DEBUG (BaseJdbcLogger.java:143)- ====>  Preparing: select id, name, sex, birthday, phone, ID_number, email, parent_phone, adress, major, state from student_basic where id = ? 
2019-09-02 12:38:26,032 DEBUG (BaseJdbcLogger.java:143)- ====> Parameters: 18056(String)
2019-09-02 12:38:26,033 DEBUG (BaseJdbcLogger.java:143)- <====      Total: 1
2019-09-02 12:38:26,033 DEBUG (BaseJdbcLogger.java:143)- <==      Total: 29
2019-09-02 12:38:26,033 DEBUG (BaseJdbcLogger.java:143)- ==>  Preparing: select student_status.id,student_status.basic_id, student_status.student_id, student_status.class_id from student_status,student_basic where student_status.basic_id=student_basic.id and student_basic.sex=? and student_status.class_id=? 
2019-09-02 12:38:26,034 DEBUG (BaseJdbcLogger.java:143)- ==> Parameters: 女(String), 080901201901(String)
2019-09-02 12:38:26,035 DEBUG (BaseJdbcLogger.java:143)- ====>  Preparing: select id, name, sex, birthday, phone, ID_number, email, parent_phone, adress, major, state from student_basic where id = ? 
2019-09-02 12:38:26,035 DEBUG (BaseJdbcLogger.java:143)- ====> Parameters: 18004(String)
2019-09-02 12:38:26,036 DEBUG (BaseJdbcLogger.java:143)- <====      Total: 1
2019-09-02 12:38:26,036 DEBUG (BaseJdbcLogger.java:143)- ====>  Preparing: select id, class_id, name, director, grade, major_id from class where class_id = ? 
2019-09-02 12:38:26,036 DEBUG (BaseJdbcLogger.java:143)- ====> Parameters: 080901201901(String)
2019-09-02 12:38:26,037 DEBUG (BaseJdbcLogger.java:143)- ======>  Preparing: select id, major_id, name, price, department_id from major where major_id = ? 
2019-09-02 12:38:26,037 DEBUG (BaseJdbcLogger.java:143)- ======> Parameters: 080901(String)
2019-09-02 12:38:26,038 DEBUG (BaseJdbcLogger.java:143)- <======      Total: 1
2019-09-02 12:38:26,038 DEBUG (BaseJdbcLogger.java:143)- <====      Total: 1
2019-09-02 12:38:26,038 DEBUG (BaseJdbcLogger.java:143)- ====>  Preparing: select id, name, sex, birthday, phone, ID_number, email, parent_phone, adress, major, state from student_basic where id = ? 
2019-09-02 12:38:26,039 DEBUG (BaseJdbcLogger.java:143)- ====> Parameters: 18005(String)
2019-09-02 12:38:26,039 DEBUG (BaseJdbcLogger.java:143)- <====      Total: 1
2019-09-02 12:38:26,039 DEBUG (BaseJdbcLogger.java:143)- ====>  Preparing: select id, name, sex, birthday, phone, ID_number, email, parent_phone, adress, major, state from student_basic where id = ? 
2019-09-02 12:38:26,040 DEBUG (BaseJdbcLogger.java:143)- ====> Parameters: 18008(String)
2019-09-02 12:38:26,040 DEBUG (BaseJdbcLogger.java:143)- <====      Total: 1
2019-09-02 12:38:26,041 DEBUG (BaseJdbcLogger.java:143)- ====>  Preparing: select id, name, sex, birthday, phone, ID_number, email, parent_phone, adress, major, state from student_basic where id = ? 
2019-09-02 12:38:26,041 DEBUG (BaseJdbcLogger.java:143)- ====> Parameters: 18010(String)
2019-09-02 12:38:26,042 DEBUG (BaseJdbcLogger.java:143)- <====      Total: 1
2019-09-02 12:38:26,042 DEBUG (BaseJdbcLogger.java:143)- ====>  Preparing: select id, name, sex, birthday, phone, ID_number, email, parent_phone, adress, major, state from student_basic where id = ? 
2019-09-02 12:38:26,043 DEBUG (BaseJdbcLogger.java:143)- ====> Parameters: 18011(String)
2019-09-02 12:38:26,044 DEBUG (BaseJdbcLogger.java:143)- <====      Total: 1
2019-09-02 12:38:26,044 DEBUG (BaseJdbcLogger.java:143)- ====>  Preparing: select id, name, sex, birthday, phone, ID_number, email, parent_phone, adress, major, state from student_basic where id = ? 
2019-09-02 12:38:26,044 DEBUG (BaseJdbcLogger.java:143)- ====> Parameters: 18013(String)
2019-09-02 12:38:26,045 DEBUG (BaseJdbcLogger.java:143)- <====      Total: 1
2019-09-02 12:38:26,046 DEBUG (BaseJdbcLogger.java:143)- ====>  Preparing: select id, name, sex, birthday, phone, ID_number, email, parent_phone, adress, major, state from student_basic where id = ? 
2019-09-02 12:38:26,046 DEBUG (BaseJdbcLogger.java:143)- ====> Parameters: 18014(String)
2019-09-02 12:38:26,047 DEBUG (BaseJdbcLogger.java:143)- <====      Total: 1
2019-09-02 12:38:26,047 DEBUG (BaseJdbcLogger.java:143)- ====>  Preparing: select id, name, sex, birthday, phone, ID_number, email, parent_phone, adress, major, state from student_basic where id = ? 
2019-09-02 12:38:26,048 DEBUG (BaseJdbcLogger.java:143)- ====> Parameters: 18015(String)
2019-09-02 12:38:26,048 DEBUG (BaseJdbcLogger.java:143)- <====      Total: 1
2019-09-02 12:38:26,049 DEBUG (BaseJdbcLogger.java:143)- ====>  Preparing: select id, name, sex, birthday, phone, ID_number, email, parent_phone, adress, major, state from student_basic where id = ? 
2019-09-02 12:38:26,049 DEBUG (BaseJdbcLogger.java:143)- ====> Parameters: 18017(String)
2019-09-02 12:38:26,049 DEBUG (BaseJdbcLogger.java:143)- <====      Total: 1
2019-09-02 12:38:26,050 DEBUG (BaseJdbcLogger.java:143)- ====>  Preparing: select id, name, sex, birthday, phone, ID_number, email, parent_phone, adress, major, state from student_basic where id = ? 
2019-09-02 12:38:26,050 DEBUG (BaseJdbcLogger.java:143)- ====> Parameters: 18018(String)
2019-09-02 12:38:26,051 DEBUG (BaseJdbcLogger.java:143)- <====      Total: 1
2019-09-02 12:38:26,051 DEBUG (BaseJdbcLogger.java:143)- ====>  Preparing: select id, name, sex, birthday, phone, ID_number, email, parent_phone, adress, major, state from student_basic where id = ? 
2019-09-02 12:38:26,051 DEBUG (BaseJdbcLogger.java:143)- ====> Parameters: 18020(String)
2019-09-02 12:38:26,052 DEBUG (BaseJdbcLogger.java:143)- <====      Total: 1
2019-09-02 12:38:26,052 DEBUG (BaseJdbcLogger.java:143)- ====>  Preparing: select id, name, sex, birthday, phone, ID_number, email, parent_phone, adress, major, state from student_basic where id = ? 
2019-09-02 12:38:26,052 DEBUG (BaseJdbcLogger.java:143)- ====> Parameters: 18023(String)
2019-09-02 12:38:26,053 DEBUG (BaseJdbcLogger.java:143)- <====      Total: 1
2019-09-02 12:38:26,053 DEBUG (BaseJdbcLogger.java:143)- ====>  Preparing: select id, name, sex, birthday, phone, ID_number, email, parent_phone, adress, major, state from student_basic where id = ? 
2019-09-02 12:38:26,053 DEBUG (BaseJdbcLogger.java:143)- ====> Parameters: 18025(String)
2019-09-02 12:38:26,054 DEBUG (BaseJdbcLogger.java:143)- <====      Total: 1
2019-09-02 12:38:26,054 DEBUG (BaseJdbcLogger.java:143)- ====>  Preparing: select id, name, sex, birthday, phone, ID_number, email, parent_phone, adress, major, state from student_basic where id = ? 
2019-09-02 12:38:26,054 DEBUG (BaseJdbcLogger.java:143)- ====> Parameters: 18026(String)
2019-09-02 12:38:26,055 DEBUG (BaseJdbcLogger.java:143)- <====      Total: 1
2019-09-02 12:38:26,055 DEBUG (BaseJdbcLogger.java:143)- ====>  Preparing: select id, name, sex, birthday, phone, ID_number, email, parent_phone, adress, major, state from student_basic where id = ? 
2019-09-02 12:38:26,056 DEBUG (BaseJdbcLogger.java:143)- ====> Parameters: 18028(String)
2019-09-02 12:38:26,056 DEBUG (BaseJdbcLogger.java:143)- <====      Total: 1
2019-09-02 12:38:26,057 DEBUG (BaseJdbcLogger.java:143)- ====>  Preparing: select id, name, sex, birthday, phone, ID_number, email, parent_phone, adress, major, state from student_basic where id = ? 
2019-09-02 12:38:26,057 DEBUG (BaseJdbcLogger.java:143)- ====> Parameters: 18030(String)
2019-09-02 12:38:26,057 DEBUG (BaseJdbcLogger.java:143)- <====      Total: 1
2019-09-02 12:38:26,058 DEBUG (BaseJdbcLogger.java:143)- ====>  Preparing: select id, name, sex, birthday, phone, ID_number, email, parent_phone, adress, major, state from student_basic where id = ? 
2019-09-02 12:38:26,058 DEBUG (BaseJdbcLogger.java:143)- ====> Parameters: 18032(String)
2019-09-02 12:38:26,059 DEBUG (BaseJdbcLogger.java:143)- <====      Total: 1
2019-09-02 12:38:26,059 DEBUG (BaseJdbcLogger.java:143)- ====>  Preparing: select id, name, sex, birthday, phone, ID_number, email, parent_phone, adress, major, state from student_basic where id = ? 
2019-09-02 12:38:26,059 DEBUG (BaseJdbcLogger.java:143)- ====> Parameters: 18034(String)
2019-09-02 12:38:26,060 DEBUG (BaseJdbcLogger.java:143)- <====      Total: 1
2019-09-02 12:38:26,060 DEBUG (BaseJdbcLogger.java:143)- ====>  Preparing: select id, name, sex, birthday, phone, ID_number, email, parent_phone, adress, major, state from student_basic where id = ? 
2019-09-02 12:38:26,060 DEBUG (BaseJdbcLogger.java:143)- ====> Parameters: 18038(String)
2019-09-02 12:38:26,061 DEBUG (BaseJdbcLogger.java:143)- <====      Total: 1
2019-09-02 12:38:26,061 DEBUG (BaseJdbcLogger.java:143)- ====>  Preparing: select id, name, sex, birthday, phone, ID_number, email, parent_phone, adress, major, state from student_basic where id = ? 
2019-09-02 12:38:26,061 DEBUG (BaseJdbcLogger.java:143)- ====> Parameters: 18040(String)
2019-09-02 12:38:26,062 DEBUG (BaseJdbcLogger.java:143)- <====      Total: 1
2019-09-02 12:38:26,063 DEBUG (BaseJdbcLogger.java:143)- ====>  Preparing: select id, name, sex, birthday, phone, ID_number, email, parent_phone, adress, major, state from student_basic where id = ? 
2019-09-02 12:38:26,063 DEBUG (BaseJdbcLogger.java:143)- ====> Parameters: 18041(String)
2019-09-02 12:38:26,064 DEBUG (BaseJdbcLogger.java:143)- <====      Total: 1
2019-09-02 12:38:26,064 DEBUG (BaseJdbcLogger.java:143)- ====>  Preparing: select id, name, sex, birthday, phone, ID_number, email, parent_phone, adress, major, state from student_basic where id = ? 
2019-09-02 12:38:26,065 DEBUG (BaseJdbcLogger.java:143)- ====> Parameters: 18045(String)
2019-09-02 12:38:26,066 DEBUG (BaseJdbcLogger.java:143)- <====      Total: 1
2019-09-02 12:38:26,066 DEBUG (BaseJdbcLogger.java:143)- ====>  Preparing: select id, name, sex, birthday, phone, ID_number, email, parent_phone, adress, major, state from student_basic where id = ? 
2019-09-02 12:38:26,066 DEBUG (BaseJdbcLogger.java:143)- ====> Parameters: 18049(String)
2019-09-02 12:38:26,067 DEBUG (BaseJdbcLogger.java:143)- <====      Total: 1
2019-09-02 12:38:26,067 DEBUG (BaseJdbcLogger.java:143)- <==      Total: 23
2019-09-02 12:38:26,067 DEBUG (BaseJdbcLogger.java:143)- ==>  Preparing: select dormitory_allocation.id, dormitory_allocation.class_id, dormitory_allocation.dormitory_id,dormitory_allocation.number from dormitory_allocation,dormitory WHERE dormitory_allocation.dormitory_id=dormitory.id and dormitory.sex=? and class_id = ? 
2019-09-02 12:38:26,068 DEBUG (BaseJdbcLogger.java:143)- ==> Parameters: 男(String), 080901201901(String)
2019-09-02 12:38:26,068 DEBUG (BaseJdbcLogger.java:143)- ====>  Preparing: select id, dong, floor, room, sex, number, rent from dormitory where id = ? 
2019-09-02 12:38:26,069 DEBUG (BaseJdbcLogger.java:143)- ====> Parameters: 68(Integer)
2019-09-02 12:38:26,069 DEBUG (BaseJdbcLogger.java:143)- <====      Total: 1
2019-09-02 12:38:26,070 DEBUG (BaseJdbcLogger.java:143)- ====>  Preparing: select id, dong, floor, room, sex, number, rent from dormitory where id = ? 
2019-09-02 12:38:26,070 DEBUG (BaseJdbcLogger.java:143)- ====> Parameters: 69(Integer)
2019-09-02 12:38:26,071 DEBUG (BaseJdbcLogger.java:143)- <====      Total: 1
2019-09-02 12:38:26,071 DEBUG (BaseJdbcLogger.java:143)- ====>  Preparing: select id, dong, floor, room, sex, number, rent from dormitory where id = ? 
2019-09-02 12:38:26,072 DEBUG (BaseJdbcLogger.java:143)- ====> Parameters: 70(Integer)
2019-09-02 12:38:26,072 DEBUG (BaseJdbcLogger.java:143)- <====      Total: 1
2019-09-02 12:38:26,072 DEBUG (BaseJdbcLogger.java:143)- ====>  Preparing: select id, dong, floor, room, sex, number, rent from dormitory where id = ? 
2019-09-02 12:38:26,073 DEBUG (BaseJdbcLogger.java:143)- ====> Parameters: 71(Integer)
2019-09-02 12:38:26,073 DEBUG (BaseJdbcLogger.java:143)- <====      Total: 1
2019-09-02 12:38:26,073 DEBUG (BaseJdbcLogger.java:143)- ====>  Preparing: select id, dong, floor, room, sex, number, rent from dormitory where id = ? 
2019-09-02 12:38:26,074 DEBUG (BaseJdbcLogger.java:143)- ====> Parameters: 72(Integer)
2019-09-02 12:38:26,074 DEBUG (BaseJdbcLogger.java:143)- <====      Total: 1
2019-09-02 12:38:26,074 DEBUG (BaseJdbcLogger.java:143)- ====>  Preparing: select id, dong, floor, room, sex, number, rent from dormitory where id = ? 
2019-09-02 12:38:26,075 DEBUG (BaseJdbcLogger.java:143)- ====> Parameters: 73(Integer)
2019-09-02 12:38:26,075 DEBUG (BaseJdbcLogger.java:143)- <====      Total: 1
2019-09-02 12:38:26,075 DEBUG (BaseJdbcLogger.java:143)- <==      Total: 6
2019-09-02 12:38:26,076 DEBUG (BaseJdbcLogger.java:143)- ==>  Preparing: select dormitory_allocation.id, dormitory_allocation.class_id, dormitory_allocation.dormitory_id,dormitory_allocation.number from dormitory_allocation,dormitory WHERE dormitory_allocation.dormitory_id=dormitory.id and dormitory.sex=? and class_id = ? 
2019-09-02 12:38:26,076 DEBUG (BaseJdbcLogger.java:143)- ==> Parameters: 女(String), 080901201901(String)
2019-09-02 12:38:26,077 DEBUG (BaseJdbcLogger.java:143)- ====>  Preparing: select id, dong, floor, room, sex, number, rent from dormitory where id = ? 
2019-09-02 12:38:26,077 DEBUG (BaseJdbcLogger.java:143)- ====> Parameters: 509(Integer)
2019-09-02 12:38:26,077 DEBUG (BaseJdbcLogger.java:143)- <====      Total: 1
2019-09-02 12:38:26,078 DEBUG (BaseJdbcLogger.java:143)- ====>  Preparing: select id, dong, floor, room, sex, number, rent from dormitory where id = ? 
2019-09-02 12:38:26,078 DEBUG (BaseJdbcLogger.java:143)- ====> Parameters: 510(Integer)
2019-09-02 12:38:26,078 DEBUG (BaseJdbcLogger.java:143)- <====      Total: 1
2019-09-02 12:38:26,079 DEBUG (BaseJdbcLogger.java:143)- ====>  Preparing: select id, dong, floor, room, sex, number, rent from dormitory where id = ? 
2019-09-02 12:38:26,079 DEBUG (BaseJdbcLogger.java:143)- ====> Parameters: 511(Integer)
2019-09-02 12:38:26,080 DEBUG (BaseJdbcLogger.java:143)- <====      Total: 1
2019-09-02 12:38:26,080 DEBUG (BaseJdbcLogger.java:143)- ====>  Preparing: select id, dong, floor, room, sex, number, rent from dormitory where id = ? 
2019-09-02 12:38:26,081 DEBUG (BaseJdbcLogger.java:143)- ====> Parameters: 512(Integer)
2019-09-02 12:38:26,081 DEBUG (BaseJdbcLogger.java:143)- <====      Total: 1
2019-09-02 12:38:26,082 DEBUG (BaseJdbcLogger.java:143)- ====>  Preparing: select id, dong, floor, room, sex, number, rent from dormitory where id = ? 
2019-09-02 12:38:26,082 DEBUG (BaseJdbcLogger.java:143)- ====> Parameters: 513(Integer)
2019-09-02 12:38:26,083 DEBUG (BaseJdbcLogger.java:143)- <====      Total: 1
2019-09-02 12:38:26,083 DEBUG (BaseJdbcLogger.java:143)- <==      Total: 5
2019-09-02 12:38:26,084 DEBUG (BaseJdbcLogger.java:143)- ==>  Preparing: select student_status.id,student_status.basic_id, student_status.student_id, student_status.class_id from student_status,student_basic where student_status.basic_id=student_basic.id and student_basic.sex=? and student_status.class_id=? 
2019-09-02 12:38:26,084 DEBUG (BaseJdbcLogger.java:143)- ==> Parameters: 男(String), 080901201902(String)
2019-09-02 12:38:26,085 DEBUG (BaseJdbcLogger.java:143)- ====>  Preparing: select id, name, sex, birthday, phone, ID_number, email, parent_phone, adress, major, state from student_basic where id = ? 
2019-09-02 12:38:26,086 DEBUG (BaseJdbcLogger.java:143)- ====> Parameters: 18058(String)
2019-09-02 12:38:26,086 DEBUG (BaseJdbcLogger.java:143)- <====      Total: 1
2019-09-02 12:38:26,087 DEBUG (BaseJdbcLogger.java:143)- ====>  Preparing: select id, class_id, name, director, grade, major_id from class where class_id = ? 
2019-09-02 12:38:26,087 DEBUG (BaseJdbcLogger.java:143)- ====> Parameters: 080901201902(String)
2019-09-02 12:38:26,088 DEBUG (BaseJdbcLogger.java:143)- ======>  Preparing: select id, major_id, name, price, department_id from major where major_id = ? 
2019-09-02 12:38:26,088 DEBUG (BaseJdbcLogger.java:143)- ======> Parameters: 080901(String)
2019-09-02 12:38:26,089 DEBUG (BaseJdbcLogger.java:143)- <======      Total: 1
2019-09-02 12:38:26,090 DEBUG (BaseJdbcLogger.java:143)- <====      Total: 1
2019-09-02 12:38:26,090 DEBUG (BaseJdbcLogger.java:143)- ====>  Preparing: select id, name, sex, birthday, phone, ID_number, email, parent_phone, adress, major, state from student_basic where id = ? 
2019-09-02 12:38:26,090 DEBUG (BaseJdbcLogger.java:143)- ====> Parameters: 18059(String)
2019-09-02 12:38:26,091 DEBUG (BaseJdbcLogger.java:143)- <====      Total: 1
2019-09-02 12:38:26,091 DEBUG (BaseJdbcLogger.java:143)- ====>  Preparing: select id, name, sex, birthday, phone, ID_number, email, parent_phone, adress, major, state from student_basic where id = ? 
2019-09-02 12:38:26,092 DEBUG (BaseJdbcLogger.java:143)- ====> Parameters: 18060(String)
2019-09-02 12:38:26,092 DEBUG (BaseJdbcLogger.java:143)- <====      Total: 1
2019-09-02 12:38:26,092 DEBUG (BaseJdbcLogger.java:143)- ====>  Preparing: select id, name, sex, birthday, phone, ID_number, email, parent_phone, adress, major, state from student_basic where id = ? 
2019-09-02 12:38:26,093 DEBUG (BaseJdbcLogger.java:143)- ====> Parameters: 18062(String)
2019-09-02 12:38:26,093 DEBUG (BaseJdbcLogger.java:143)- <====      Total: 1
2019-09-02 12:38:26,094 DEBUG (BaseJdbcLogger.java:143)- ====>  Preparing: select id, name, sex, birthday, phone, ID_number, email, parent_phone, adress, major, state from student_basic where id = ? 
2019-09-02 12:38:26,094 DEBUG (BaseJdbcLogger.java:143)- ====> Parameters: 18065(String)
2019-09-02 12:38:26,095 DEBUG (BaseJdbcLogger.java:143)- <====      Total: 1
2019-09-02 12:38:26,095 DEBUG (BaseJdbcLogger.java:143)- ====>  Preparing: select id, name, sex, birthday, phone, ID_number, email, parent_phone, adress, major, state from student_basic where id = ? 
2019-09-02 12:38:26,096 DEBUG (BaseJdbcLogger.java:143)- ====> Parameters: 18067(String)
2019-09-02 12:38:26,096 DEBUG (BaseJdbcLogger.java:143)- <====      Total: 1
2019-09-02 12:38:26,097 DEBUG (BaseJdbcLogger.java:143)- ====>  Preparing: select id, name, sex, birthday, phone, ID_number, email, parent_phone, adress, major, state from student_basic where id = ? 
2019-09-02 12:38:26,097 DEBUG (BaseJdbcLogger.java:143)- ====> Parameters: 18071(String)
2019-09-02 12:38:26,098 DEBUG (BaseJdbcLogger.java:143)- <====      Total: 1
2019-09-02 12:38:26,098 DEBUG (BaseJdbcLogger.java:143)- ====>  Preparing: select id, name, sex, birthday, phone, ID_number, email, parent_phone, adress, major, state from student_basic where id = ? 
2019-09-02 12:38:26,098 DEBUG (BaseJdbcLogger.java:143)- ====> Parameters: 18072(String)
2019-09-02 12:38:26,099 DEBUG (BaseJdbcLogger.java:143)- <====      Total: 1
2019-09-02 12:38:26,099 DEBUG (BaseJdbcLogger.java:143)- ====>  Preparing: select id, name, sex, birthday, phone, ID_number, email, parent_phone, adress, major, state from student_basic where id = ? 
2019-09-02 12:38:26,099 DEBUG (BaseJdbcLogger.java:143)- ====> Parameters: 18073(String)
2019-09-02 12:38:26,100 DEBUG (BaseJdbcLogger.java:143)- <====      Total: 1
2019-09-02 12:38:26,100 DEBUG (BaseJdbcLogger.java:143)- ====>  Preparing: select id, name, sex, birthday, phone, ID_number, email, parent_phone, adress, major, state from student_basic where id = ? 
2019-09-02 12:38:26,100 DEBUG (BaseJdbcLogger.java:143)- ====> Parameters: 18074(String)
2019-09-02 12:38:26,101 DEBUG (BaseJdbcLogger.java:143)- <====      Total: 1
2019-09-02 12:38:26,101 DEBUG (BaseJdbcLogger.java:143)- ====>  Preparing: select id, name, sex, birthday, phone, ID_number, email, parent_phone, adress, major, state from student_basic where id = ? 
2019-09-02 12:38:26,101 DEBUG (BaseJdbcLogger.java:143)- ====> Parameters: 18077(String)
2019-09-02 12:38:26,102 DEBUG (BaseJdbcLogger.java:143)- <====      Total: 1
2019-09-02 12:38:26,102 DEBUG (BaseJdbcLogger.java:143)- ====>  Preparing: select id, name, sex, birthday, phone, ID_number, email, parent_phone, adress, major, state from student_basic where id = ? 
2019-09-02 12:38:26,102 DEBUG (BaseJdbcLogger.java:143)- ====> Parameters: 18081(String)
2019-09-02 12:38:26,103 DEBUG (BaseJdbcLogger.java:143)- <====      Total: 1
2019-09-02 12:38:26,103 DEBUG (BaseJdbcLogger.java:143)- ====>  Preparing: select id, name, sex, birthday, phone, ID_number, email, parent_phone, adress, major, state from student_basic where id = ? 
2019-09-02 12:38:26,103 DEBUG (BaseJdbcLogger.java:143)- ====> Parameters: 18084(String)
2019-09-02 12:38:26,104 DEBUG (BaseJdbcLogger.java:143)- <====      Total: 1
2019-09-02 12:38:26,104 DEBUG (BaseJdbcLogger.java:143)- ====>  Preparing: select id, name, sex, birthday, phone, ID_number, email, parent_phone, adress, major, state from student_basic where id = ? 
2019-09-02 12:38:26,104 DEBUG (BaseJdbcLogger.java:143)- ====> Parameters: 18086(String)
2019-09-02 12:38:26,105 DEBUG (BaseJdbcLogger.java:143)- <====      Total: 1
2019-09-02 12:38:26,105 DEBUG (BaseJdbcLogger.java:143)- ====>  Preparing: select id, name, sex, birthday, phone, ID_number, email, parent_phone, adress, major, state from student_basic where id = ? 
2019-09-02 12:38:26,105 DEBUG (BaseJdbcLogger.java:143)- ====> Parameters: 18089(String)
2019-09-02 12:38:26,106 DEBUG (BaseJdbcLogger.java:143)- <====      Total: 1
2019-09-02 12:38:26,106 DEBUG (BaseJdbcLogger.java:143)- ====>  Preparing: select id, name, sex, birthday, phone, ID_number, email, parent_phone, adress, major, state from student_basic where id = ? 
2019-09-02 12:38:26,106 DEBUG (BaseJdbcLogger.java:143)- ====> Parameters: 18090(String)
2019-09-02 12:38:26,112 DEBUG (BaseJdbcLogger.java:143)- <====      Total: 1
2019-09-02 12:38:26,112 DEBUG (BaseJdbcLogger.java:143)- ====>  Preparing: select id, name, sex, birthday, phone, ID_number, email, parent_phone, adress, major, state from student_basic where id = ? 
2019-09-02 12:38:26,113 DEBUG (BaseJdbcLogger.java:143)- ====> Parameters: 18095(String)
2019-09-02 12:38:26,113 DEBUG (BaseJdbcLogger.java:143)- <====      Total: 1
2019-09-02 12:38:26,114 DEBUG (BaseJdbcLogger.java:143)- ====>  Preparing: select id, name, sex, birthday, phone, ID_number, email, parent_phone, adress, major, state from student_basic where id = ? 
2019-09-02 12:38:26,114 DEBUG (BaseJdbcLogger.java:143)- ====> Parameters: 18096(String)
2019-09-02 12:38:26,114 DEBUG (BaseJdbcLogger.java:143)- <====      Total: 1
2019-09-02 12:38:26,115 DEBUG (BaseJdbcLogger.java:143)- ====>  Preparing: select id, name, sex, birthday, phone, ID_number, email, parent_phone, adress, major, state from student_basic where id = ? 
2019-09-02 12:38:26,115 DEBUG (BaseJdbcLogger.java:143)- ====> Parameters: 18097(String)
2019-09-02 12:38:26,116 DEBUG (BaseJdbcLogger.java:143)- <====      Total: 1
2019-09-02 12:38:26,116 DEBUG (BaseJdbcLogger.java:143)- ====>  Preparing: select id, name, sex, birthday, phone, ID_number, email, parent_phone, adress, major, state from student_basic where id = ? 
2019-09-02 12:38:26,117 DEBUG (BaseJdbcLogger.java:143)- ====> Parameters: 18098(String)
2019-09-02 12:38:26,117 DEBUG (BaseJdbcLogger.java:143)- <====      Total: 1
2019-09-02 12:38:26,117 DEBUG (BaseJdbcLogger.java:143)- ====>  Preparing: select id, name, sex, birthday, phone, ID_number, email, parent_phone, adress, major, state from student_basic where id = ? 
2019-09-02 12:38:26,118 DEBUG (BaseJdbcLogger.java:143)- ====> Parameters: 18099(String)
2019-09-02 12:38:26,118 DEBUG (BaseJdbcLogger.java:143)- <====      Total: 1
2019-09-02 12:38:26,119 DEBUG (BaseJdbcLogger.java:143)- ====>  Preparing: select id, name, sex, birthday, phone, ID_number, email, parent_phone, adress, major, state from student_basic where id = ? 
2019-09-02 12:38:26,119 DEBUG (BaseJdbcLogger.java:143)- ====> Parameters: 18100(String)
2019-09-02 12:38:26,119 DEBUG (BaseJdbcLogger.java:143)- <====      Total: 1
2019-09-02 12:38:26,120 DEBUG (BaseJdbcLogger.java:143)- ====>  Preparing: select id, name, sex, birthday, phone, ID_number, email, parent_phone, adress, major, state from student_basic where id = ? 
2019-09-02 12:38:26,120 DEBUG (BaseJdbcLogger.java:143)- ====> Parameters: 18101(String)
2019-09-02 12:38:26,121 DEBUG (BaseJdbcLogger.java:143)- <====      Total: 1
2019-09-02 12:38:26,121 DEBUG (BaseJdbcLogger.java:143)- ====>  Preparing: select id, name, sex, birthday, phone, ID_number, email, parent_phone, adress, major, state from student_basic where id = ? 
2019-09-02 12:38:26,121 DEBUG (BaseJdbcLogger.java:143)- ====> Parameters: 18102(String)
2019-09-02 12:38:26,122 DEBUG (BaseJdbcLogger.java:143)- <====      Total: 1
2019-09-02 12:38:26,122 DEBUG (BaseJdbcLogger.java:143)- ====>  Preparing: select id, name, sex, birthday, phone, ID_number, email, parent_phone, adress, major, state from student_basic where id = ? 
2019-09-02 12:38:26,122 DEBUG (BaseJdbcLogger.java:143)- ====> Parameters: 18104(String)
2019-09-02 12:38:26,123 DEBUG (BaseJdbcLogger.java:143)- <====      Total: 1
2019-09-02 12:38:26,123 DEBUG (BaseJdbcLogger.java:143)- ====>  Preparing: select id, name, sex, birthday, phone, ID_number, email, parent_phone, adress, major, state from student_basic where id = ? 
2019-09-02 12:38:26,123 DEBUG (BaseJdbcLogger.java:143)- ====> Parameters: 18105(String)
2019-09-02 12:38:26,124 DEBUG (BaseJdbcLogger.java:143)- <====      Total: 1
2019-09-02 12:38:26,124 DEBUG (BaseJdbcLogger.java:143)- ====>  Preparing: select id, name, sex, birthday, phone, ID_number, email, parent_phone, adress, major, state from student_basic where id = ? 
2019-09-02 12:38:26,124 DEBUG (BaseJdbcLogger.java:143)- ====> Parameters: 18108(String)
2019-09-02 12:38:26,125 DEBUG (BaseJdbcLogger.java:143)- <====      Total: 1
