2019-09-24 18:57:39,906 DEBUG (BaseJdbcLogger.java:143)- <====      Total: 0
2019-09-24 18:57:39,907 DEBUG (BaseJdbcLogger.java:143)- ====>  Preparing: select a.id, a.role_id, a.name from role as a,user_role as b where a.id=b.role_id and b.user_id=? 
2019-09-24 18:57:39,908 DEBUG (BaseJdbcLogger.java:143)- ====> Parameters: 27331(Integer)
2019-09-24 18:57:39,909 DEBUG (BaseJdbcLogger.java:143)- <====      Total: 0
2019-09-24 18:57:39,909 DEBUG (BaseJdbcLogger.java:143)- ====>  Preparing: select a.id, a.role_id, a.name from role as a,user_role as b where a.id=b.role_id and b.user_id=? 
2019-09-24 18:57:39,910 DEBUG (BaseJdbcLogger.java:143)- ====> Parameters: 27332(Integer)
2019-09-24 18:57:39,911 DEBUG (BaseJdbcLogger.java:143)- <====      Total: 0
2019-09-24 18:57:39,911 DEBUG (BaseJdbcLogger.java:143)- ====>  Preparing: select a.id, a.role_id, a.name from role as a,user_role as b where a.id=b.role_id and b.user_id=? 
2019-09-24 18:57:39,912 DEBUG (BaseJdbcLogger.java:143)- ====> Parameters: 27334(Integer)
2019-09-24 18:57:39,913 DEBUG (BaseJdbcLogger.java:143)- <====      Total: 0
2019-09-24 18:57:39,913 DEBUG (BaseJdbcLogger.java:143)- <==      Total: 44
2019-09-24 18:57:39,914 DEBUG (BaseJdbcLogger.java:143)- ==>  Preparing: select id from major where major_id=? limit 1 
2019-09-24 18:57:39,914 DEBUG (BaseJdbcLogger.java:143)- ==> Parameters: 080702(String)
2019-09-24 18:57:39,915 DEBUG (BaseJdbcLogger.java:143)- <==      Total: 1
2019-09-24 18:57:39,915 DEBUG (BaseJdbcLogger.java:143)- ==>  Preparing: select id,class_id,name,director,grade,major_id from class where major_id = ? 
2019-09-24 18:57:39,916 DEBUG (BaseJdbcLogger.java:143)- ==> Parameters: 080702(String)
2019-09-24 18:57:39,917 DEBUG (BaseJdbcLogger.java:143)- <==      Total: 0
2019-09-24 18:57:39,919 DEBUG (BaseJdbcLogger.java:143)- ==>  Preparing: update student_status SET student_id = ?, class_id = ? WHERE basic_id= ? ; update student_status SET student_id = ?, class_id = ? WHERE basic_id= ? ; update student_status SET student_id = ?, class_id = ? WHERE basic_id= ? ; update student_status SET student_id = ?, class_id = ? WHERE basic_id= ? ; update student_status SET student_id = ?, class_id = ? WHERE basic_id= ? ; update student_status SET student_id = ?, class_id = ? WHERE basic_id= ? ; update student_status SET student_id = ?, class_id = ? WHERE basic_id= ? ; update student_status SET student_id = ?, class_id = ? WHERE basic_id= ? ; update student_status SET student_id = ?, class_id = ? WHERE basic_id= ? ; update student_status SET student_id = ?, class_id = ? WHERE basic_id= ? ; update student_status SET student_id = ?, class_id = ? WHERE basic_id= ? ; update student_status SET student_id = ?, class_id = ? WHERE basic_id= ? ; update student_status SET student_id = ?, class_id = ? WHERE basic_id= ? ; update student_status SET student_id = ?, class_id = ? WHERE basic_id= ? ; update student_status SET student_id = ?, class_id = ? WHERE basic_id= ? ; update student_status SET student_id = ?, class_id = ? WHERE basic_id= ? ; update student_status SET student_id = ?, class_id = ? WHERE basic_id= ? ; update student_status SET student_id = ?, class_id = ? WHERE basic_id= ? ; update student_status SET student_id = ?, class_id = ? WHERE basic_id= ? ; update student_status SET student_id = ?, class_id = ? WHERE basic_id= ? ; update student_status SET student_id = ?, class_id = ? WHERE basic_id= ? ; update student_status SET student_id = ?, class_id = ? WHERE basic_id= ? ; update student_status SET student_id = ?, class_id = ? WHERE basic_id= ? ; update student_status SET student_id = ?, class_id = ? WHERE basic_id= ? ; update student_status SET student_id = ?, class_id = ? WHERE basic_id= ? ; update student_status SET student_id = ?, class_id = ? WHERE basic_id= ? ; update student_status SET student_id = ?, class_id = ? WHERE basic_id= ? ; update student_status SET student_id = ?, class_id = ? WHERE basic_id= ? ; update student_status SET student_id = ?, class_id = ? WHERE basic_id= ? ; update student_status SET student_id = ?, class_id = ? WHERE basic_id= ? ; update student_status SET student_id = ?, class_id = ? WHERE basic_id= ? ; update student_status SET student_id = ?, class_id = ? WHERE basic_id= ? ; update student_status SET student_id = ?, class_id = ? WHERE basic_id= ? ; update student_status SET student_id = ?, class_id = ? WHERE basic_id= ? ; update student_status SET student_id = ?, class_id = ? WHERE basic_id= ? ; update student_status SET student_id = ?, class_id = ? WHERE basic_id= ? ; update student_status SET student_id = ?, class_id = ? WHERE basic_id= ? ; update student_status SET student_id = ?, class_id = ? WHERE basic_id= ? ; update student_status SET student_id = ?, class_id = ? WHERE basic_id= ? ; update student_status SET student_id = ?, class_id = ? WHERE basic_id= ? 
2019-09-24 18:57:39,920 DEBUG (BaseJdbcLogger.java:143)- ==> Parameters: 19380801(String), 080702201901(String), 27219(Integer), 19380801(String), 080702201901(String), 27222(Integer), 19380801(String), 080702201901(String), 27223(Integer), 19380801(String), 080702201901(String), 27224(Integer), 19380801(String), 080702201901(String), 27226(Integer), 19380801(String), 080702201901(String), 27227(Integer), 19380801(String), 080702201901(String), 27228(Integer), 19380801(String), 080702201901(String), 27230(Integer), 19380801(String), 080702201901(String), 27231(Integer), 19380801(String), 080702201901(String), 27232(Integer), 19380801(String), 080702201901(String), 27233(Integer), 19380801(String), 080702201901(String), 27234(Integer), 19380801(String), 080702201901(String), 27236(Integer), 19380801(String), 080702201901(String), 27242(Integer), 19380801(String), 080702201901(String), 27245(Integer), 19380801(String), 080702201901(String), 27246(Integer), 19380801(String), 080702201901(String), 27247(Integer), 19380801(String), 080702201901(String), 27248(Integer), 19380801(String), 080702201901(String), 27249(Integer), 19380801(String), 080702201901(String), 27250(Integer), 19380801(String), 080702201901(String), 27251(Integer), 19380801(String), 080702201901(String), 27252(Integer), 19380801(String), 080702201901(String), 27253(Integer), 19380801(String), 080702201901(String), 27254(Integer), 19380801(String), 080702201901(String), 27255(Integer), 19380801(String), 080702201901(String), 27218(Integer), 19380801(String), 080702201901(String), 27220(Integer), 19380801(String), 080702201901(String), 27221(Integer), 19380801(String), 080702201901(String), 27225(Integer), 19380801(String), 080702201901(String), 27229(Integer), 19380801(String), 080702201901(String), 27235(Integer), 19380801(String), 080702201901(String), 27237(Integer), 19380801(String), 080702201901(String), 27238(Integer), 19380801(String), 080702201901(String), 27239(Integer), 19380801(String), 080702201901(String), 27240(Integer), 19380801(String), 080702201901(String), 27241(Integer), 19380801(String), 080702201901(String), 27243(Integer), 19380801(String), 080702201901(String), 27244(Integer), 19380801(String), 080702201901(String), 27260(Integer), 19380801(String), 080702201901(String), 27263(Integer)
2019-09-24 18:57:39,955 DEBUG (BaseJdbcLogger.java:143)- <==    Updates: 1
2019-09-24 18:57:39,956 DEBUG (BaseJdbcLogger.java:143)- ==>  Preparing: update student_basic set state = '1' where id in ( ? , ? , ? , ? , ? , ? , ? , ? , ? , ? , ? , ? , ? , ? , ? , ? , ? , ? , ? , ? , ? , ? , ? , ? , ? , ? , ? , ? , ? , ? , ? , ? , ? , ? , ? , ? , ? , ? , ? , ? ) 
2019-09-24 18:57:39,956 DEBUG (BaseJdbcLogger.java:143)- ==> Parameters: 27219(Integer), 27222(Integer), 27223(Integer), 27224(Integer), 27226(Integer), 27227(Integer), 27228(Integer), 27230(Integer), 27231(Integer), 27232(Integer), 27233(Integer), 27234(Integer), 27236(Integer), 27242(Integer), 27245(Integer), 27246(Integer), 27247(Integer), 27248(Integer), 27249(Integer), 27250(Integer), 27251(Integer), 27252(Integer), 27253(Integer), 27254(Integer), 27255(Integer), 27218(Integer), 27220(Integer), 27221(Integer), 27225(Integer), 27229(Integer), 27235(Integer), 27237(Integer), 27238(Integer), 27239(Integer), 27240(Integer), 27241(Integer), 27243(Integer), 27244(Integer), 27260(Integer), 27263(Integer)
2019-09-24 18:57:39,957 DEBUG (BaseJdbcLogger.java:143)- <==    Updates: 40
2019-09-24 18:57:39,959 DEBUG (BaseJdbcLogger.java:143)- ==>  Preparing: update student_status SET student_id = ?, class_id = ? WHERE basic_id= ? ; update student_status SET student_id = ?, class_id = ? WHERE basic_id= ? ; update student_status SET student_id = ?, class_id = ? WHERE basic_id= ? ; update student_status SET student_id = ?, class_id = ? WHERE basic_id= ? ; update student_status SET student_id = ?, class_id = ? WHERE basic_id= ? ; update student_status SET student_id = ?, class_id = ? WHERE basic_id= ? ; update student_status SET student_id = ?, class_id = ? WHERE basic_id= ? ; update student_status SET student_id = ?, class_id = ? WHERE basic_id= ? ; update student_status SET student_id = ?, class_id = ? WHERE basic_id= ? ; update student_status SET student_id = ?, class_id = ? WHERE basic_id= ? ; update student_status SET student_id = ?, class_id = ? WHERE basic_id= ? ; update student_status SET student_id = ?, class_id = ? WHERE basic_id= ? ; update student_status SET student_id = ?, class_id = ? WHERE basic_id= ? ; update student_status SET student_id = ?, class_id = ? WHERE basic_id= ? ; update student_status SET student_id = ?, class_id = ? WHERE basic_id= ? ; update student_status SET student_id = ?, class_id = ? WHERE basic_id= ? ; update student_status SET student_id = ?, class_id = ? WHERE basic_id= ? ; update student_status SET student_id = ?, class_id = ? WHERE basic_id= ? ; update student_status SET student_id = ?, class_id = ? WHERE basic_id= ? ; update student_status SET student_id = ?, class_id = ? WHERE basic_id= ? ; update student_status SET student_id = ?, class_id = ? WHERE basic_id= ? ; update student_status SET student_id = ?, class_id = ? WHERE basic_id= ? ; update student_status SET student_id = ?, class_id = ? WHERE basic_id= ? ; update student_status SET student_id = ?, class_id = ? WHERE basic_id= ? ; update student_status SET student_id = ?, class_id = ? WHERE basic_id= ? ; update student_status SET student_id = ?, class_id = ? WHERE basic_id= ? ; update student_status SET student_id = ?, class_id = ? WHERE basic_id= ? ; update student_status SET student_id = ?, class_id = ? WHERE basic_id= ? ; update student_status SET student_id = ?, class_id = ? WHERE basic_id= ? ; update student_status SET student_id = ?, class_id = ? WHERE basic_id= ? ; update student_status SET student_id = ?, class_id = ? WHERE basic_id= ? ; update student_status SET student_id = ?, class_id = ? WHERE basic_id= ? ; update student_status SET student_id = ?, class_id = ? WHERE basic_id= ? ; update student_status SET student_id = ?, class_id = ? WHERE basic_id= ? ; update student_status SET student_id = ?, class_id = ? WHERE basic_id= ? ; update student_status SET student_id = ?, class_id = ? WHERE basic_id= ? ; update student_status SET student_id = ?, class_id = ? WHERE basic_id= ? ; update student_status SET student_id = ?, class_id = ? WHERE basic_id= ? ; update student_status SET student_id = ?, class_id = ? WHERE basic_id= ? ; update student_status SET student_id = ?, class_id = ? WHERE basic_id= ? 
2019-09-24 18:57:39,959 DEBUG (BaseJdbcLogger.java:143)- ==> Parameters: 19380802(String), 080702201902(String), 27256(Integer), 19380802(String), 080702201902(String), 27257(Integer), 19380802(String), 080702201902(String), 27258(Integer), 19380802(String), 080702201902(String), 27259(Integer), 19380802(String), 080702201902(String), 27261(Integer), 19380802(String), 080702201902(String), 27262(Integer), 19380802(String), 080702201902(String), 27265(Integer), 19380802(String), 080702201902(String), 27266(Integer), 19380802(String), 080702201902(String), 27267(Integer), 19380802(String), 080702201902(String), 27268(Integer), 19380802(String), 080702201902(String), 27271(Integer), 19380802(String), 080702201902(String), 27273(Integer), 19380802(String), 080702201902(String), 27274(Integer), 19380802(String), 080702201902(String), 27275(Integer), 19380802(String), 080702201902(String), 27278(Integer), 19380802(String), 080702201902(String), 27279(Integer), 19380802(String), 080702201902(String), 27281(Integer), 19380802(String), 080702201902(String), 27282(Integer), 19380802(String), 080702201902(String), 27285(Integer), 19380802(String), 080702201902(String), 27287(Integer), 19380802(String), 080702201902(String), 27288(Integer), 19380802(String), 080702201902(String), 27289(Integer), 19380802(String), 080702201902(String), 27291(Integer), 19380802(String), 080702201902(String), 27293(Integer), 19380802(String), 080702201902(String), 27294(Integer), 19380802(String), 080702201902(String), 27264(Integer), 19380802(String), 080702201902(String), 27269(Integer), 19380802(String), 080702201902(String), 27270(Integer), 19380802(String), 080702201902(String), 27272(Integer), 19380802(String), 080702201902(String), 27276(Integer), 19380802(String), 080702201902(String), 27277(Integer), 19380802(String), 080702201902(String), 27280(Integer), 19380802(String), 080702201902(String), 27283(Integer), 19380802(String), 080702201902(String), 27284(Integer), 19380802(String), 080702201902(String), 27286(Integer), 19380802(String), 080702201902(String), 27290(Integer), 19380802(String), 080702201902(String), 27292(Integer), 19380802(String), 080702201902(String), 27297(Integer), 19380802(String), 080702201902(String), 27298(Integer), 19380802(String), 080702201902(String), 27299(Integer)
2019-09-24 18:57:39,994 DEBUG (BaseJdbcLogger.java:143)- <==    Updates: 1
2019-09-24 18:57:39,995 DEBUG (BaseJdbcLogger.java:143)- ==>  Preparing: update student_basic set state = '1' where id in ( ? , ? , ? , ? , ? , ? , ? , ? , ? , ? , ? , ? , ? , ? , ? , ? , ? , ? , ? , ? , ? , ? , ? , ? , ? , ? , ? , ? , ? , ? , ? , ? , ? , ? , ? , ? , ? , ? , ? , ? ) 
2019-09-24 18:57:39,996 DEBUG (BaseJdbcLogger.java:143)- ==> Parameters: 27256(Integer), 27257(Integer), 27258(Integer), 27259(Integer), 27261(Integer), 27262(Integer), 27265(Integer), 27266(Integer), 27267(Integer), 27268(Integer), 27271(Integer), 27273(Integer), 27274(Integer), 27275(Integer), 27278(Integer), 27279(Integer), 27281(Integer), 27282(Integer), 27285(Integer), 27287(Integer), 27288(Integer), 27289(Integer), 27291(Integer), 27293(Integer), 27294(Integer), 27264(Integer), 27269(Integer), 27270(Integer), 27272(Integer), 27276(Integer), 27277(Integer), 27280(Integer), 27283(Integer), 27284(Integer), 27286(Integer), 27290(Integer), 27292(Integer), 27297(Integer), 27298(Integer), 27299(Integer)
2019-09-24 18:57:39,997 DEBUG (BaseJdbcLogger.java:143)- <==    Updates: 40
2019-09-24 18:57:39,998 DEBUG (BaseJdbcLogger.java:143)- ==>  Preparing: update student_status SET student_id = ?, class_id = ? WHERE basic_id= ? ; update student_status SET student_id = ?, class_id = ? WHERE basic_id= ? ; update student_status SET student_id = ?, class_id = ? WHERE basic_id= ? ; update student_status SET student_id = ?, class_id = ? WHERE basic_id= ? ; update student_status SET student_id = ?, class_id = ? WHERE basic_id= ? ; update student_status SET student_id = ?, class_id = ? WHERE basic_id= ? ; update student_status SET student_id = ?, class_id = ? WHERE basic_id= ? ; update student_status SET student_id = ?, class_id = ? WHERE basic_id= ? ; update student_status SET student_id = ?, class_id = ? WHERE basic_id= ? ; update student_status SET student_id = ?, class_id = ? WHERE basic_id= ? ; update student_status SET student_id = ?, class_id = ? WHERE basic_id= ? ; update student_status SET student_id = ?, class_id = ? WHERE basic_id= ? ; update student_status SET student_id = ?, class_id = ? WHERE basic_id= ? ; update student_status SET student_id = ?, class_id = ? WHERE basic_id= ? ; update student_status SET student_id = ?, class_id = ? WHERE basic_id= ? ; update student_status SET student_id = ?, class_id = ? WHERE basic_id= ? ; update student_status SET student_id = ?, class_id = ? WHERE basic_id= ? ; update student_status SET student_id = ?, class_id = ? WHERE basic_id= ? ; update student_status SET student_id = ?, class_id = ? WHERE basic_id= ? ; update student_status SET student_id = ?, class_id = ? WHERE basic_id= ? ; update student_status SET student_id = ?, class_id = ? WHERE basic_id= ? ; update student_status SET student_id = ?, class_id = ? WHERE basic_id= ? ; update student_status SET student_id = ?, class_id = ? WHERE basic_id= ? ; update student_status SET student_id = ?, class_id = ? WHERE basic_id= ? ; update student_status SET student_id = ?, class_id = ? WHERE basic_id= ? ; update student_status SET student_id = ?, class_id = ? WHERE basic_id= ? ; update student_status SET student_id = ?, class_id = ? WHERE basic_id= ? ; update student_status SET student_id = ?, class_id = ? WHERE basic_id= ? ; update student_status SET student_id = ?, class_id = ? WHERE basic_id= ? ; update student_status SET student_id = ?, class_id = ? WHERE basic_id= ? ; update student_status SET student_id = ?, class_id = ? WHERE basic_id= ? ; update student_status SET student_id = ?, class_id = ? WHERE basic_id= ? ; update student_status SET student_id = ?, class_id = ? WHERE basic_id= ? ; update student_status SET student_id = ?, class_id = ? WHERE basic_id= ? ; update student_status SET student_id = ?, class_id = ? WHERE basic_id= ? ; update student_status SET student_id = ?, class_id = ? WHERE basic_id= ? ; update student_status SET student_id = ?, class_id = ? WHERE basic_id= ? ; update student_status SET student_id = ?, class_id = ? WHERE basic_id= ? 
2019-09-24 18:57:39,999 DEBUG (BaseJdbcLogger.java:143)- ==> Parameters: 19380803(String), 080702201903(String), 27295(Integer), 19380803(String), 080702201903(String), 27296(Integer), 19380803(String), 080702201903(String), 27300(Integer), 19380803(String), 080702201903(String), 27303(Integer), 19380803(String), 080702201903(String), 27306(Integer), 19380803(String), 080702201903(String), 27307(Integer), 19380803(String), 080702201903(String), 27308(Integer), 19380803(String), 080702201903(String), 27312(Integer), 19380803(String), 080702201903(String), 27313(Integer), 19380803(String), 080702201903(String), 27314(Integer), 19380803(String), 080702201903(String), 27315(Integer), 19380803(String), 080702201903(String), 27317(Integer), 19380803(String), 080702201903(String), 27319(Integer), 19380803(String), 080702201903(String), 27320(Integer), 19380803(String), 080702201903(String), 27321(Integer), 19380803(String), 080702201903(String), 27322(Integer), 19380803(String), 080702201903(String), 27323(Integer), 19380803(String), 080702201903(String), 27324(Integer), 19380803(String), 080702201903(String), 27325(Integer), 19380803(String), 080702201903(String), 27328(Integer), 19380803(String), 080702201903(String), 27329(Integer), 19380803(String), 080702201903(String), 27330(Integer), 19380803(String), 080702201903(String), 27333(Integer), 19380803(String), 080702201903(String), 27335(Integer), 19380803(String), 080702201903(String), 27301(Integer), 19380803(String), 080702201903(String), 27302(Integer), 19380803(String), 080702201903(String), 27304(Integer), 19380803(String), 080702201903(String), 27305(Integer), 19380803(String), 080702201903(String), 27309(Integer), 19380803(String), 080702201903(String), 27310(Integer), 19380803(String), 080702201903(String), 27311(Integer), 19380803(String), 080702201903(String), 27316(Integer), 19380803(String), 080702201903(String), 27318(Integer), 19380803(String), 080702201903(String), 27326(Integer), 19380803(String), 080702201903(String), 27327(Integer), 19380803(String), 080702201903(String), 27331(Integer), 19380803(String), 080702201903(String), 27332(Integer), 19380803(String), 080702201903(String), 27334(Integer)
2019-09-24 18:57:40,030 DEBUG (BaseJdbcLogger.java:143)- <==    Updates: 1
2019-09-24 18:57:40,030 DEBUG (BaseJdbcLogger.java:143)- ==>  Preparing: update student_basic set state = '1' where id in ( ? , ? , ? , ? , ? , ? , ? , ? , ? , ? , ? , ? , ? , ? , ? , ? , ? , ? , ? , ? , ? , ? , ? , ? , ? , ? , ? , ? , ? , ? , ? , ? , ? , ? , ? , ? , ? , ? ) 
2019-09-24 18:57:40,032 DEBUG (BaseJdbcLogger.java:143)- ==> Parameters: 27295(Integer), 27296(Integer), 27300(Integer), 27303(Integer), 27306(Integer), 27307(Integer), 27308(Integer), 27312(Integer), 27313(Integer), 27314(Integer), 27315(Integer), 27317(Integer), 27319(Integer), 27320(Integer), 27321(Integer), 27322(Integer), 27323(Integer), 27324(Integer), 27325(Integer), 27328(Integer), 27329(Integer), 27330(Integer), 27333(Integer), 27335(Integer), 27301(Integer), 27302(Integer), 27304(Integer), 27305(Integer), 27309(Integer), 27310(Integer), 27311(Integer), 27316(Integer), 27318(Integer), 27326(Integer), 27327(Integer), 27331(Integer), 27332(Integer), 27334(Integer)
2019-09-24 18:57:40,032 DEBUG (BaseJdbcLogger.java:143)- <==    Updates: 38
2019-09-24 18:57:40,033 DEBUG (BaseJdbcLogger.java:143)- ==>  Preparing: insert into class(class_id,name,grade,major_id) values (?, ?, ?, ?) , (?, ?, ?, ?) , (?, ?, ?, ?) 
2019-09-24 18:57:40,034 DEBUG (BaseJdbcLogger.java:143)- ==> Parameters: 080702201901(String), 1班(String), 2019级(String), 080702(String), 080702201902(String), 2班(String), 2019级(String), 080702(String), 080702201903(String), 3班(String), 2019级(String), 080702(String)
2019-09-24 18:57:40,036 DEBUG (BaseJdbcLogger.java:143)- <==    Updates: 3
2019-09-24 18:57:40,036 DEBUG (BaseJdbcLogger.java:143)- ==>  Preparing: select major_id from major where name=? limit 1 
2019-09-24 18:57:40,036 DEBUG (BaseJdbcLogger.java:143)- ==> Parameters: 计算机科学与技术(String)
2019-09-24 18:57:40,037 DEBUG (BaseJdbcLogger.java:143)- <==      Total: 1
2019-09-24 18:57:40,039 DEBUG (BaseJdbcLogger.java:143)- ==>  Preparing: select id, name, sex, birthday, phone, ID_number, email, parent_phone, adress, major, state from student_basic where sex=? and major=? and state='0' 
2019-09-24 18:57:40,039 DEBUG (BaseJdbcLogger.java:143)- ==> Parameters: 男(String), 计算机科学与技术(String)
2019-09-24 18:57:40,039 DEBUG (BaseJdbcLogger.java:143)- ====>  Preparing: select a.id, a.role_id, a.name from role as a,user_role as b where a.id=b.role_id and b.user_id=? 
2019-09-24 18:57:40,040 DEBUG (BaseJdbcLogger.java:143)- ====> Parameters: 26858(Integer)
2019-09-24 18:57:40,041 DEBUG (BaseJdbcLogger.java:143)- <====      Total: 0
2019-09-24 18:57:40,041 DEBUG (BaseJdbcLogger.java:143)- ====>  Preparing: select a.id, a.role_id, a.name from role as a,user_role as b where a.id=b.role_id and b.user_id=? 
2019-09-24 18:57:40,041 DEBUG (BaseJdbcLogger.java:143)- ====> Parameters: 26859(Integer)
2019-09-24 18:57:40,043 DEBUG (BaseJdbcLogger.java:143)- <====      Total: 0
2019-09-24 18:57:40,043 DEBUG (BaseJdbcLogger.java:143)- ====>  Preparing: select a.id, a.role_id, a.name from role as a,user_role as b where a.id=b.role_id and b.user_id=? 
2019-09-24 18:57:40,043 DEBUG (BaseJdbcLogger.java:143)- ====> Parameters: 26862(Integer)
2019-09-24 18:57:40,044 DEBUG (BaseJdbcLogger.java:143)- <====      Total: 0
2019-09-24 18:57:40,045 DEBUG (BaseJdbcLogger.java:143)- ====>  Preparing: select a.id, a.role_id, a.name from role as a,user_role as b where a.id=b.role_id and b.user_id=? 
2019-09-24 18:57:40,045 DEBUG (BaseJdbcLogger.java:143)- ====> Parameters: 26863(Integer)
2019-09-24 18:57:40,046 DEBUG (BaseJdbcLogger.java:143)- <====      Total: 0
2019-09-24 18:57:40,046 DEBUG (BaseJdbcLogger.java:143)- ====>  Preparing: select a.id, a.role_id, a.name from role as a,user_role as b where a.id=b.role_id and b.user_id=? 
2019-09-24 18:57:40,047 DEBUG (BaseJdbcLogger.java:143)- ====> Parameters: 26865(Integer)
2019-09-24 18:57:40,049 DEBUG (BaseJdbcLogger.java:143)- <====      Total: 0
2019-09-24 18:57:40,050 DEBUG (BaseJdbcLogger.java:143)- ====>  Preparing: select a.id, a.role_id, a.name from role as a,user_role as b where a.id=b.role_id and b.user_id=? 
2019-09-24 18:57:40,051 DEBUG (BaseJdbcLogger.java:143)- ====> Parameters: 26868(Integer)
2019-09-24 18:57:40,053 DEBUG (BaseJdbcLogger.java:143)- <====      Total: 0
2019-09-24 18:57:40,054 DEBUG (BaseJdbcLogger.java:143)- ====>  Preparing: select a.id, a.role_id, a.name from role as a,user_role as b where a.id=b.role_id and b.user_id=? 
2019-09-24 18:57:40,055 DEBUG (BaseJdbcLogger.java:143)- ====> Parameters: 26872(Integer)
2019-09-24 18:57:40,056 DEBUG (BaseJdbcLogger.java:143)- <====      Total: 0
2019-09-24 18:57:40,056 DEBUG (BaseJdbcLogger.java:143)- ====>  Preparing: select a.id, a.role_id, a.name from role as a,user_role as b where a.id=b.role_id and b.user_id=? 
2019-09-24 18:57:40,057 DEBUG (BaseJdbcLogger.java:143)- ====> Parameters: 26875(Integer)
2019-09-24 18:57:40,057 DEBUG (BaseJdbcLogger.java:143)- <====      Total: 0
2019-09-24 18:57:40,058 DEBUG (BaseJdbcLogger.java:143)- ====>  Preparing: select a.id, a.role_id, a.name from role as a,user_role as b where a.id=b.role_id and b.user_id=? 
2019-09-24 18:57:40,058 DEBUG (BaseJdbcLogger.java:143)- ====> Parameters: 26877(Integer)
2019-09-24 18:57:40,059 DEBUG (BaseJdbcLogger.java:143)- <====      Total: 0
2019-09-24 18:57:40,059 DEBUG (BaseJdbcLogger.java:143)- ====>  Preparing: select a.id, a.role_id, a.name from role as a,user_role as b where a.id=b.role_id and b.user_id=? 
2019-09-24 18:57:40,059 DEBUG (BaseJdbcLogger.java:143)- ====> Parameters: 26878(Integer)
2019-09-24 18:57:40,060 DEBUG (BaseJdbcLogger.java:143)- <====      Total: 0
2019-09-24 18:57:40,061 DEBUG (BaseJdbcLogger.java:143)- ====>  Preparing: select a.id, a.role_id, a.name from role as a,user_role as b where a.id=b.role_id and b.user_id=? 
2019-09-24 18:57:40,061 DEBUG (BaseJdbcLogger.java:143)- ====> Parameters: 26880(Integer)
2019-09-24 18:57:40,062 DEBUG (BaseJdbcLogger.java:143)- <====      Total: 0
2019-09-24 18:57:40,062 DEBUG (BaseJdbcLogger.java:143)- ====>  Preparing: select a.id, a.role_id, a.name from role as a,user_role as b where a.id=b.role_id and b.user_id=? 
2019-09-24 18:57:40,062 DEBUG (BaseJdbcLogger.java:143)- ====> Parameters: 26883(Integer)
2019-09-24 18:57:40,063 DEBUG (BaseJdbcLogger.java:143)- <====      Total: 0
2019-09-24 18:57:40,064 DEBUG (BaseJdbcLogger.java:143)- ====>  Preparing: select a.id, a.role_id, a.name from role as a,user_role as b where a.id=b.role_id and b.user_id=? 
2019-09-24 18:57:40,064 DEBUG (BaseJdbcLogger.java:143)- ====> Parameters: 26885(Integer)
2019-09-24 18:57:40,066 DEBUG (BaseJdbcLogger.java:143)- <====      Total: 0
2019-09-24 18:57:40,067 DEBUG (BaseJdbcLogger.java:143)- ====>  Preparing: select a.id, a.role_id, a.name from role as a,user_role as b where a.id=b.role_id and b.user_id=? 
2019-09-24 18:57:40,067 DEBUG (BaseJdbcLogger.java:143)- ====> Parameters: 26887(Integer)
2019-09-24 18:57:40,069 DEBUG (BaseJdbcLogger.java:143)- <====      Total: 0
2019-09-24 18:57:40,069 DEBUG (BaseJdbcLogger.java:143)- ====>  Preparing: select a.id, a.role_id, a.name from role as a,user_role as b where a.id=b.role_id and b.user_id=? 
2019-09-24 18:57:40,069 DEBUG (BaseJdbcLogger.java:143)- ====> Parameters: 26889(Integer)
2019-09-24 18:57:40,070 DEBUG (BaseJdbcLogger.java:143)- <====      Total: 0
2019-09-24 18:57:40,070 DEBUG (BaseJdbcLogger.java:143)- ====>  Preparing: select a.id, a.role_id, a.name from role as a,user_role as b where a.id=b.role_id and b.user_id=? 
2019-09-24 18:57:40,070 DEBUG (BaseJdbcLogger.java:143)- ====> Parameters: 26891(Integer)
2019-09-24 18:57:40,071 DEBUG (BaseJdbcLogger.java:143)- <====      Total: 0
2019-09-24 18:57:40,071 DEBUG (BaseJdbcLogger.java:143)- ====>  Preparing: select a.id, a.role_id, a.name from role as a,user_role as b where a.id=b.role_id and b.user_id=? 
2019-09-24 18:57:40,072 DEBUG (BaseJdbcLogger.java:143)- ====> Parameters: 26892(Integer)
2019-09-24 18:57:40,074 DEBUG (BaseJdbcLogger.java:143)- <====      Total: 0
2019-09-24 18:57:40,074 DEBUG (BaseJdbcLogger.java:143)- ====>  Preparing: select a.id, a.role_id, a.name from role as a,user_role as b where a.id=b.role_id and b.user_id=? 
2019-09-24 18:57:40,074 DEBUG (BaseJdbcLogger.java:143)- ====> Parameters: 26893(Integer)
2019-09-24 18:57:40,074 DEBUG (BaseJdbcLogger.java:143)- <====      Total: 0
2019-09-24 18:57:40,075 DEBUG (BaseJdbcLogger.java:143)- ====>  Preparing: select a.id, a.role_id, a.name from role as a,user_role as b where a.id=b.role_id and b.user_id=? 
2019-09-24 18:57:40,075 DEBUG (BaseJdbcLogger.java:143)- ====> Parameters: 26895(Integer)
2019-09-24 18:57:40,077 DEBUG (BaseJdbcLogger.java:143)- <====      Total: 0
2019-09-24 18:57:40,078 DEBUG (BaseJdbcLogger.java:143)- ====>  Preparing: select a.id, a.role_id, a.name from role as a,user_role as b where a.id=b.role_id and b.user_id=? 
2019-09-24 18:57:40,078 DEBUG (BaseJdbcLogger.java:143)- ====> Parameters: 26898(Integer)
2019-09-24 18:57:40,090 DEBUG (BaseJdbcLogger.java:143)- <====      Total: 0
2019-09-24 18:57:40,090 DEBUG (BaseJdbcLogger.java:143)- ====>  Preparing: select a.id, a.role_id, a.name from role as a,user_role as b where a.id=b.role_id and b.user_id=? 
2019-09-24 18:57:40,091 DEBUG (BaseJdbcLogger.java:143)- ====> Parameters: 26899(Integer)
2019-09-24 18:57:40,092 DEBUG (BaseJdbcLogger.java:143)- <====      Total: 0
2019-09-24 18:57:40,092 DEBUG (BaseJdbcLogger.java:143)- ====>  Preparing: select a.id, a.role_id, a.name from role as a,user_role as b where a.id=b.role_id and b.user_id=? 
2019-09-24 18:57:40,092 DEBUG (BaseJdbcLogger.java:143)- ====> Parameters: 26900(Integer)
2019-09-24 18:57:40,094 DEBUG (BaseJdbcLogger.java:143)- <====      Total: 0
2019-09-24 18:57:40,094 DEBUG (BaseJdbcLogger.java:143)- ====>  Preparing: select a.id, a.role_id, a.name from role as a,user_role as b where a.id=b.role_id and b.user_id=? 
2019-09-24 18:57:40,094 DEBUG (BaseJdbcLogger.java:143)- ====> Parameters: 26902(Integer)
2019-09-24 18:57:40,095 DEBUG (BaseJdbcLogger.java:143)- <====      Total: 0
2019-09-24 18:57:40,095 DEBUG (BaseJdbcLogger.java:143)- ====>  Preparing: select a.id, a.role_id, a.name from role as a,user_role as b where a.id=b.role_id and b.user_id=? 
2019-09-24 18:57:40,095 DEBUG (BaseJdbcLogger.java:143)- ====> Parameters: 26903(Integer)
2019-09-24 18:57:40,096 DEBUG (BaseJdbcLogger.java:143)- <====      Total: 0
2019-09-24 18:57:40,097 DEBUG (BaseJdbcLogger.java:143)- ====>  Preparing: select a.id, a.role_id, a.name from role as a,user_role as b where a.id=b.role_id and b.user_id=? 
2019-09-24 18:57:40,097 DEBUG (BaseJdbcLogger.java:143)- ====> Parameters: 26904(Integer)
2019-09-24 18:57:40,099 DEBUG (BaseJdbcLogger.java:143)- <====      Total: 0
2019-09-24 18:57:40,099 DEBUG (BaseJdbcLogger.java:143)- ====>  Preparing: select a.id, a.role_id, a.name from role as a,user_role as b where a.id=b.role_id and b.user_id=? 
2019-09-24 18:57:40,100 DEBUG (BaseJdbcLogger.java:143)- ====> Parameters: 26907(Integer)
2019-09-24 18:57:40,101 DEBUG (BaseJdbcLogger.java:143)- <====      Total: 0
2019-09-24 18:57:40,101 DEBUG (BaseJdbcLogger.java:143)- ====>  Preparing: select a.id, a.role_id, a.name from role as a,user_role as b where a.id=b.role_id and b.user_id=? 
2019-09-24 18:57:40,101 DEBUG (BaseJdbcLogger.java:143)- ====> Parameters: 26909(Integer)
2019-09-24 18:57:40,102 DEBUG (BaseJdbcLogger.java:143)- <====      Total: 0
2019-09-24 18:57:40,102 DEBUG (BaseJdbcLogger.java:143)- ====>  Preparing: select a.id, a.role_id, a.name from role as a,user_role as b where a.id=b.role_id and b.user_id=? 
2019-09-24 18:57:40,103 DEBUG (BaseJdbcLogger.java:143)- ====> Parameters: 26911(Integer)
2019-09-24 18:57:40,104 DEBUG (BaseJdbcLogger.java:143)- <====      Total: 0
2019-09-24 18:57:40,105 DEBUG (BaseJdbcLogger.java:143)- ====>  Preparing: select a.id, a.role_id, a.name from role as a,user_role as b where a.id=b.role_id and b.user_id=? 
2019-09-24 18:57:40,105 DEBUG (BaseJdbcLogger.java:143)- ====> Parameters: 26912(Integer)
2019-09-24 18:57:40,106 DEBUG (BaseJdbcLogger.java:143)- <====      Total: 0
2019-09-24 18:57:40,107 DEBUG (BaseJdbcLogger.java:143)- ====>  Preparing: select a.id, a.role_id, a.name from role as a,user_role as b where a.id=b.role_id and b.user_id=? 
2019-09-24 18:57:40,107 DEBUG (BaseJdbcLogger.java:143)- ====> Parameters: 26914(Integer)
2019-09-24 18:57:40,108 DEBUG (BaseJdbcLogger.java:143)- <====      Total: 0
2019-09-24 18:57:40,108 DEBUG (BaseJdbcLogger.java:143)- ====>  Preparing: select a.id, a.role_id, a.name from role as a,user_role as b where a.id=b.role_id and b.user_id=? 
2019-09-24 18:57:40,109 DEBUG (BaseJdbcLogger.java:143)- ====> Parameters: 26915(Integer)
2019-09-24 18:57:40,110 DEBUG (BaseJdbcLogger.java:143)- <====      Total: 0
2019-09-24 18:57:40,110 DEBUG (BaseJdbcLogger.java:143)- ====>  Preparing: select a.id, a.role_id, a.name from role as a,user_role as b where a.id=b.role_id and b.user_id=? 
2019-09-24 18:57:40,110 DEBUG (BaseJdbcLogger.java:143)- ====> Parameters: 26916(Integer)
2019-09-24 18:57:40,111 DEBUG (BaseJdbcLogger.java:143)- <====      Total: 0
2019-09-24 18:57:40,111 DEBUG (BaseJdbcLogger.java:143)- ====>  Preparing: select a.id, a.role_id, a.name from role as a,user_role as b where a.id=b.role_id and b.user_id=? 
2019-09-24 18:57:40,112 DEBUG (BaseJdbcLogger.java:143)- ====> Parameters: 26918(Integer)
2019-09-24 18:57:40,113 DEBUG (BaseJdbcLogger.java:143)- <====      Total: 0
2019-09-24 18:57:40,113 DEBUG (BaseJdbcLogger.java:143)- ====>  Preparing: select a.id, a.role_id, a.name from role as a,user_role as b where a.id=b.role_id and b.user_id=? 
2019-09-24 18:57:40,113 DEBUG (BaseJdbcLogger.java:143)- ====> Parameters: 26921(Integer)
2019-09-24 18:57:40,114 DEBUG (BaseJdbcLogger.java:143)- <====      Total: 0
2019-09-24 18:57:40,115 DEBUG (BaseJdbcLogger.java:143)- ====>  Preparing: select a.id, a.role_id, a.name from role as a,user_role as b where a.id=b.role_id and b.user_id=? 
2019-09-24 18:57:40,115 DEBUG (BaseJdbcLogger.java:143)- ====> Parameters: 26923(Integer)
2019-09-24 18:57:40,116 DEBUG (BaseJdbcLogger.java:143)- <====      Total: 0
2019-09-24 18:57:40,117 DEBUG (BaseJdbcLogger.java:143)- ====>  Preparing: select a.id, a.role_id, a.name from role as a,user_role as b where a.id=b.role_id and b.user_id=? 
2019-09-24 18:57:40,117 DEBUG (BaseJdbcLogger.java:143)- ====> Parameters: 26927(Integer)
2019-09-24 18:57:40,118 DEBUG (BaseJdbcLogger.java:143)- <====      Total: 0
2019-09-24 18:57:40,118 DEBUG (BaseJdbcLogger.java:143)- ====>  Preparing: select a.id, a.role_id, a.name from role as a,user_role as b where a.id=b.role_id and b.user_id=? 
2019-09-24 18:57:40,118 DEBUG (BaseJdbcLogger.java:143)- ====> Parameters: 26928(Integer)
2019-09-24 18:57:40,120 DEBUG (BaseJdbcLogger.java:143)- <====      Total: 0
2019-09-24 18:57:40,120 DEBUG (BaseJdbcLogger.java:143)- ====>  Preparing: select a.id, a.role_id, a.name from role as a,user_role as b where a.id=b.role_id and b.user_id=? 
2019-09-24 18:57:40,120 DEBUG (BaseJdbcLogger.java:143)- ====> Parameters: 26929(Integer)
2019-09-24 18:57:40,121 DEBUG (BaseJdbcLogger.java:143)- <====      Total: 0
2019-09-24 18:57:40,122 DEBUG (BaseJdbcLogger.java:143)- ====>  Preparing: select a.id, a.role_id, a.name from role as a,user_role as b where a.id=b.role_id and b.user_id=? 
2019-09-24 18:57:40,122 DEBUG (BaseJdbcLogger.java:143)- ====> Parameters: 26930(Integer)
2019-09-24 18:57:40,124 DEBUG (BaseJdbcLogger.java:143)- <====      Total: 0
2019-09-24 18:57:40,124 DEBUG (BaseJdbcLogger.java:143)- ====>  Preparing: select a.id, a.role_id, a.name from role as a,user_role as b where a.id=b.role_id and b.user_id=? 
2019-09-24 18:57:40,124 DEBUG (BaseJdbcLogger.java:143)- ====> Parameters: 26933(Integer)
2019-09-24 18:57:40,125 DEBUG (BaseJdbcLogger.java:143)- <====      Total: 0
2019-09-24 18:57:40,126 DEBUG (BaseJdbcLogger.java:143)- ====>  Preparing: select a.id, a.role_id, a.name from role as a,user_role as b where a.id=b.role_id and b.user_id=? 
2019-09-24 18:57:40,126 DEBUG (BaseJdbcLogger.java:143)- ====> Parameters: 26937(Integer)
2019-09-24 18:57:40,127 DEBUG (BaseJdbcLogger.java:143)- <====      Total: 0
2019-09-24 18:57:40,127 DEBUG (BaseJdbcLogger.java:143)- ====>  Preparing: select a.id, a.role_id, a.name from role as a,user_role as b where a.id=b.role_id and b.user_id=? 
2019-09-24 18:57:40,127 DEBUG (BaseJdbcLogger.java:143)- ====> Parameters: 26940(Integer)
2019-09-24 18:57:40,128 DEBUG (BaseJdbcLogger.java:143)- <====      Total: 0
2019-09-24 18:57:40,128 DEBUG (BaseJdbcLogger.java:143)- ====>  Preparing: select a.id, a.role_id, a.name from role as a,user_role as b where a.id=b.role_id and b.user_id=? 
2019-09-24 18:57:40,129 DEBUG (BaseJdbcLogger.java:143)- ====> Parameters: 26942(Integer)
2019-09-24 18:57:40,130 DEBUG (BaseJdbcLogger.java:143)- <====      Total: 0
2019-09-24 18:57:40,131 DEBUG (BaseJdbcLogger.java:143)- ====>  Preparing: select a.id, a.role_id, a.name from role as a,user_role as b where a.id=b.role_id and b.user_id=? 
2019-09-24 18:57:40,131 DEBUG (BaseJdbcLogger.java:143)- ====> Parameters: 26945(Integer)
2019-09-24 18:57:40,132 DEBUG (BaseJdbcLogger.java:143)- <====      Total: 0
2019-09-24 18:57:40,132 DEBUG (BaseJdbcLogger.java:143)- ====>  Preparing: select a.id, a.role_id, a.name from role as a,user_role as b where a.id=b.role_id and b.user_id=? 
2019-09-24 18:57:40,133 DEBUG (BaseJdbcLogger.java:143)- ====> Parameters: 26946(Integer)
2019-09-24 18:57:40,134 DEBUG (BaseJdbcLogger.java:143)- <====      Total: 0
2019-09-24 18:57:40,134 DEBUG (BaseJdbcLogger.java:143)- ====>  Preparing: select a.id, a.role_id, a.name from role as a,user_role as b where a.id=b.role_id and b.user_id=? 
2019-09-24 18:57:40,134 DEBUG (BaseJdbcLogger.java:143)- ====> Parameters: 26951(Integer)
2019-09-24 18:57:40,135 DEBUG (BaseJdbcLogger.java:143)- <====      Total: 0
2019-09-24 18:57:40,135 DEBUG (BaseJdbcLogger.java:143)- ====>  Preparing: select a.id, a.role_id, a.name from role as a,user_role as b where a.id=b.role_id and b.user_id=? 
2019-09-24 18:57:40,136 DEBUG (BaseJdbcLogger.java:143)- ====> Parameters: 26952(Integer)
2019-09-24 18:57:40,137 DEBUG (BaseJdbcLogger.java:143)- <====      Total: 0
2019-09-24 18:57:40,137 DEBUG (BaseJdbcLogger.java:143)- ====>  Preparing: select a.id, a.role_id, a.name from role as a,user_role as b where a.id=b.role_id and b.user_id=? 
2019-09-24 18:57:40,138 DEBUG (BaseJdbcLogger.java:143)- ====> Parameters: 26953(Integer)
2019-09-24 18:57:40,139 DEBUG (BaseJdbcLogger.java:143)- <====      Total: 0
2019-09-24 18:57:40,140 DEBUG (BaseJdbcLogger.java:143)- ====>  Preparing: select a.id, a.role_id, a.name from role as a,user_role as b where a.id=b.role_id and b.user_id=? 
2019-09-24 18:57:40,140 DEBUG (BaseJdbcLogger.java:143)- ====> Parameters: 26954(Integer)
2019-09-24 18:57:40,141 DEBUG (BaseJdbcLogger.java:143)- <====      Total: 0
2019-09-24 18:57:40,141 DEBUG (BaseJdbcLogger.java:143)- ====>  Preparing: select a.id, a.role_id, a.name from role as a,user_role as b where a.id=b.role_id and b.user_id=? 
2019-09-24 18:57:40,142 DEBUG (BaseJdbcLogger.java:143)- ====> Parameters: 26955(Integer)
2019-09-24 18:57:40,142 DEBUG (BaseJdbcLogger.java:143)- <====      Total: 0
2019-09-24 18:57:40,142 DEBUG (BaseJdbcLogger.java:143)- ====>  Preparing: select a.id, a.role_id, a.name from role as a,user_role as b where a.id=b.role_id and b.user_id=? 
2019-09-24 18:57:40,142 DEBUG (BaseJdbcLogger.java:143)- ====> Parameters: 26956(Integer)
2019-09-24 18:57:40,143 DEBUG (BaseJdbcLogger.java:143)- <====      Total: 0
2019-09-24 18:57:40,143 DEBUG (BaseJdbcLogger.java:143)- ====>  Preparing: select a.id, a.role_id, a.name from role as a,user_role as b where a.id=b.role_id and b.user_id=? 
2019-09-24 18:57:40,144 DEBUG (BaseJdbcLogger.java:143)- ====> Parameters: 26957(Integer)
2019-09-24 18:57:40,145 DEBUG (BaseJdbcLogger.java:143)- <====      Total: 0
2019-09-24 18:57:40,145 DEBUG (BaseJdbcLogger.java:143)- ====>  Preparing: select a.id, a.role_id, a.name from role as a,user_role as b where a.id=b.role_id and b.user_id=? 
2019-09-24 18:57:40,146 DEBUG (BaseJdbcLogger.java:143)- ====> Parameters: 26958(Integer)
2019-09-24 18:57:40,147 DEBUG (BaseJdbcLogger.java:143)- <====      Total: 0
2019-09-24 18:57:40,147 DEBUG (BaseJdbcLogger.java:143)- ====>  Preparing: select a.id, a.role_id, a.name from role as a,user_role as b where a.id=b.role_id and b.user_id=? 
2019-09-24 18:57:40,148 DEBUG (BaseJdbcLogger.java:143)- ====> Parameters: 26960(Integer)
2019-09-24 18:57:40,149 DEBUG (BaseJdbcLogger.java:143)- <====      Total: 0
2019-09-24 18:57:40,149 DEBUG (BaseJdbcLogger.java:143)- ====>  Preparing: select a.id, a.role_id, a.name from role as a,user_role as b where a.id=b.role_id and b.user_id=? 
2019-09-24 18:57:40,150 DEBUG (BaseJdbcLogger.java:143)- ====> Parameters: 26961(Integer)
2019-09-24 18:57:40,151 DEBUG (BaseJdbcLogger.java:143)- <====      Total: 0
2019-09-24 18:57:40,151 DEBUG (BaseJdbcLogger.java:143)- ====>  Preparing: select a.id, a.role_id, a.name from role as a,user_role as b where a.id=b.role_id and b.user_id=? 
2019-09-24 18:57:40,152 DEBUG (BaseJdbcLogger.java:143)- ====> Parameters: 26964(Integer)
2019-09-24 18:57:40,153 DEBUG (BaseJdbcLogger.java:143)- <====      Total: 0
2019-09-24 18:57:40,154 DEBUG (BaseJdbcLogger.java:143)- ====>  Preparing: select a.id, a.role_id, a.name from role as a,user_role as b where a.id=b.role_id and b.user_id=? 
2019-09-24 18:57:40,154 DEBUG (BaseJdbcLogger.java:143)- ====> Parameters: 26967(Integer)
2019-09-24 18:57:40,155 DEBUG (BaseJdbcLogger.java:143)- <====      Total: 0
2019-09-24 18:57:40,156 DEBUG (BaseJdbcLogger.java:143)- ====>  Preparing: select a.id, a.role_id, a.name from role as a,user_role as b where a.id=b.role_id and b.user_id=? 
2019-09-24 18:57:40,156 DEBUG (BaseJdbcLogger.java:143)- ====> Parameters: 26968(Integer)
2019-09-24 18:57:40,157 DEBUG (BaseJdbcLogger.java:143)- <====      Total: 0
2019-09-24 18:57:40,158 DEBUG (BaseJdbcLogger.java:143)- ====>  Preparing: select a.id, a.role_id, a.name from role as a,user_role as b where a.id=b.role_id and b.user_id=? 
2019-09-24 18:57:40,158 DEBUG (BaseJdbcLogger.java:143)- ====> Parameters: 26969(Integer)
2019-09-24 18:57:40,159 DEBUG (BaseJdbcLogger.java:143)- <====      Total: 0
2019-09-24 18:57:40,160 DEBUG (BaseJdbcLogger.java:143)- ====>  Preparing: select a.id, a.role_id, a.name from role as a,user_role as b where a.id=b.role_id and b.user_id=? 
2019-09-24 18:57:40,161 DEBUG (BaseJdbcLogger.java:143)- ====> Parameters: 26973(Integer)
2019-09-24 18:57:40,162 DEBUG (BaseJdbcLogger.java:143)- <====      Total: 0
2019-09-24 18:57:40,163 DEBUG (BaseJdbcLogger.java:143)- ====>  Preparing: select a.id, a.role_id, a.name from role as a,user_role as b where a.id=b.role_id and b.user_id=? 
2019-09-24 18:57:40,163 DEBUG (BaseJdbcLogger.java:143)- ====> Parameters: 26974(Integer)
2019-09-24 18:57:40,164 DEBUG (BaseJdbcLogger.java:143)- <====      Total: 0
2019-09-24 18:57:40,164 DEBUG (BaseJdbcLogger.java:143)- ====>  Preparing: select a.id, a.role_id, a.name from role as a,user_role as b where a.id=b.role_id and b.user_id=? 
2019-09-24 18:57:40,165 DEBUG (BaseJdbcLogger.java:143)- ====> Parameters: 26975(Integer)
2019-09-24 18:57:40,166 DEBUG (BaseJdbcLogger.java:143)- <====      Total: 0
2019-09-24 18:57:40,167 DEBUG (BaseJdbcLogger.java:143)- ====>  Preparing: select a.id, a.role_id, a.name from role as a,user_role as b where a.id=b.role_id and b.user_id=? 
2019-09-24 18:57:40,167 DEBUG (BaseJdbcLogger.java:143)- ====> Parameters: 26976(Integer)
2019-09-24 18:57:40,168 DEBUG (BaseJdbcLogger.java:143)- <====      Total: 0
2019-09-24 18:57:40,168 DEBUG (BaseJdbcLogger.java:143)- ====>  Preparing: select a.id, a.role_id, a.name from role as a,user_role as b where a.id=b.role_id and b.user_id=? 
2019-09-24 18:57:40,169 DEBUG (BaseJdbcLogger.java:143)- ====> Parameters: 26977(Integer)
2019-09-24 18:57:40,170 DEBUG (BaseJdbcLogger.java:143)- <====      Total: 0
2019-09-24 18:57:40,171 DEBUG (BaseJdbcLogger.java:143)- ====>  Preparing: select a.id, a.role_id, a.name from role as a,user_role as b where a.id=b.role_id and b.user_id=? 
2019-09-24 18:57:40,171 DEBUG (BaseJdbcLogger.java:143)- ====> Parameters: 26978(Integer)
2019-09-24 18:57:40,172 DEBUG (BaseJdbcLogger.java:143)- <====      Total: 0
2019-09-24 18:57:40,172 DEBUG (BaseJdbcLogger.java:143)- ====>  Preparing: select a.id, a.role_id, a.name from role as a,user_role as b where a.id=b.role_id and b.user_id=? 
2019-09-24 18:57:40,172 DEBUG (BaseJdbcLogger.java:143)- ====> Parameters: 26980(Integer)
2019-09-24 18:57:40,173 DEBUG (BaseJdbcLogger.java:143)- <====      Total: 0
2019-09-24 18:57:40,174 DEBUG (BaseJdbcLogger.java:143)- ====>  Preparing: select a.id, a.role_id, a.name from role as a,user_role as b where a.id=b.role_id and b.user_id=? 
2019-09-24 18:57:40,174 DEBUG (BaseJdbcLogger.java:143)- ====> Parameters: 26983(Integer)
2019-09-24 18:57:40,175 DEBUG (BaseJdbcLogger.java:143)- <====      Total: 0
2019-09-24 18:57:40,175 DEBUG (BaseJdbcLogger.java:143)- ====>  Preparing: select a.id, a.role_id, a.name from role as a,user_role as b where a.id=b.role_id and b.user_id=? 
2019-09-24 18:57:40,175 DEBUG (BaseJdbcLogger.java:143)- ====> Parameters: 26985(Integer)
2019-09-24 18:57:40,176 DEBUG (BaseJdbcLogger.java:143)- <====      Total: 0
2019-09-24 18:57:40,177 DEBUG (BaseJdbcLogger.java:143)- ====>  Preparing: select a.id, a.role_id, a.name from role as a,user_role as b where a.id=b.role_id and b.user_id=? 
2019-09-24 18:57:40,177 DEBUG (BaseJdbcLogger.java:143)- ====> Parameters: 26986(Integer)
2019-09-24 18:57:40,178 DEBUG (BaseJdbcLogger.java:143)- <====      Total: 0
2019-09-24 18:57:40,178 DEBUG (BaseJdbcLogger.java:143)- ====>  Preparing: select a.id, a.role_id, a.name from role as a,user_role as b where a.id=b.role_id and b.user_id=? 
2019-09-24 18:57:40,179 DEBUG (BaseJdbcLogger.java:143)- ====> Parameters: 26988(Integer)
2019-09-24 18:57:40,179 DEBUG (BaseJdbcLogger.java:143)- <====      Total: 0
2019-09-24 18:57:40,180 DEBUG (BaseJdbcLogger.java:143)- ====>  Preparing: select a.id, a.role_id, a.name from role as a,user_role as b where a.id=b.role_id and b.user_id=? 
2019-09-24 18:57:40,180 DEBUG (BaseJdbcLogger.java:143)- ====> Parameters: 26990(Integer)
2019-09-24 18:57:40,181 DEBUG (BaseJdbcLogger.java:143)- <====      Total: 0
