2019-10-28 00:20:12,891 DEBUG (BaseJdbcLogger.java:143)- ====>  Preparing: select id, dong, floor, room, sex, number, rent,hasnumber from dormitory where id = ? 
2019-10-28 00:20:12,893 DEBUG (BaseJdbcLogger.java:143)- ====> Parameters: 11(Integer)
2019-10-28 00:20:12,893 DEBUG (BaseJdbcLogger.java:143)- <==      Total: 50
2019-10-28 00:20:12,894 DEBUG (BaseJdbcLogger.java:143)- <====      Total: 1
2019-10-28 00:20:12,895 DEBUG (BaseJdbcLogger.java:143)- ====>  Preparing: select id, dong, floor, room, sex, number, rent,hasnumber from dormitory where id = ? 
2019-10-28 00:20:12,895 DEBUG (BaseJdbcLogger.java:143)- ====> Parameters: 12(Integer)
2019-10-28 00:20:12,896 DEBUG (BaseJdbcLogger.java:143)- <====      Total: 1
2019-10-28 00:20:12,897 DEBUG (BaseJdbcLogger.java:143)- <==      Total: 5
2019-10-28 00:20:12,898 DEBUG (BaseJdbcLogger.java:143)- ==>  Preparing: select student_status.id,student_status.basic_id, student_status.student_id, student_status.class_id from student_status,student_basic where student_status.basic_id=student_basic.id and student_basic.sex=? and student_status.class_id=? 
2019-10-28 00:20:12,898 DEBUG (BaseJdbcLogger.java:143)- ==> Parameters: 男(String), 080205201902(String)
2019-10-28 00:20:12,899 DEBUG (BaseJdbcLogger.java:143)- ====>  Preparing: select id, name, sex, birthday, phone, ID_number, email, parent_phone, adress, major, state from student_basic where id = ? 
2019-10-28 00:20:12,900 DEBUG (BaseJdbcLogger.java:143)- ====> Parameters: 28653(String)
2019-10-28 00:20:12,901 DEBUG (BaseJdbcLogger.java:143)- <====      Total: 1
2019-10-28 00:20:12,901 DEBUG (BaseJdbcLogger.java:143)- ====>  Preparing: select id, class_id, name, director, grade, major_id from class WHERE class_id = ? 
2019-10-28 00:20:12,901 DEBUG (BaseJdbcLogger.java:143)- ====> Parameters: 080205201902(String)
2019-10-28 00:20:12,913 DEBUG (BaseJdbcLogger.java:143)- ======>  Preparing: select id, major_id, name, price, department_id from major where major_id = ? 
2019-10-28 00:20:12,914 DEBUG (BaseJdbcLogger.java:143)- ======> Parameters: 080205(String)
2019-10-28 00:20:12,915 DEBUG (BaseJdbcLogger.java:143)- <======      Total: 1
2019-10-28 00:20:12,916 DEBUG (BaseJdbcLogger.java:143)- <====      Total: 1
2019-10-28 00:20:12,916 DEBUG (BaseJdbcLogger.java:143)- ====>  Preparing: select id, name, sex, birthday, phone, ID_number, email, parent_phone, adress, major, state from student_basic where id = ? 
2019-10-28 00:20:12,916 DEBUG (BaseJdbcLogger.java:143)- ====> Parameters: 28655(String)
2019-10-28 00:20:12,917 DEBUG (BaseJdbcLogger.java:143)- <====      Total: 1
2019-10-28 00:20:12,918 DEBUG (BaseJdbcLogger.java:143)- ====>  Preparing: select id, name, sex, birthday, phone, ID_number, email, parent_phone, adress, major, state from student_basic where id = ? 
2019-10-28 00:20:12,918 DEBUG (BaseJdbcLogger.java:143)- ====> Parameters: 28657(String)
2019-10-28 00:20:12,919 DEBUG (BaseJdbcLogger.java:143)- <====      Total: 1
2019-10-28 00:20:12,920 DEBUG (BaseJdbcLogger.java:143)- ====>  Preparing: select id, name, sex, birthday, phone, ID_number, email, parent_phone, adress, major, state from student_basic where id = ? 
2019-10-28 00:20:12,920 DEBUG (BaseJdbcLogger.java:143)- ====> Parameters: 28658(String)
2019-10-28 00:20:12,921 DEBUG (BaseJdbcLogger.java:143)- <====      Total: 1
2019-10-28 00:20:12,922 DEBUG (BaseJdbcLogger.java:143)- ====>  Preparing: select id, name, sex, birthday, phone, ID_number, email, parent_phone, adress, major, state from student_basic where id = ? 
2019-10-28 00:20:12,922 DEBUG (BaseJdbcLogger.java:143)- ====> Parameters: 28660(String)
2019-10-28 00:20:12,923 DEBUG (BaseJdbcLogger.java:143)- <====      Total: 1
2019-10-28 00:20:12,925 DEBUG (BaseJdbcLogger.java:143)- ====>  Preparing: select id, name, sex, birthday, phone, ID_number, email, parent_phone, adress, major, state from student_basic where id = ? 
2019-10-28 00:20:12,926 DEBUG (BaseJdbcLogger.java:143)- ====> Parameters: 28661(String)
2019-10-28 00:20:12,927 DEBUG (BaseJdbcLogger.java:143)- <====      Total: 1
2019-10-28 00:20:12,927 DEBUG (BaseJdbcLogger.java:143)- ====>  Preparing: select id, name, sex, birthday, phone, ID_number, email, parent_phone, adress, major, state from student_basic where id = ? 
2019-10-28 00:20:12,928 DEBUG (BaseJdbcLogger.java:143)- ====> Parameters: 28662(String)
2019-10-28 00:20:12,928 DEBUG (BaseJdbcLogger.java:143)- <====      Total: 1
2019-10-28 00:20:12,929 DEBUG (BaseJdbcLogger.java:143)- ====>  Preparing: select id, name, sex, birthday, phone, ID_number, email, parent_phone, adress, major, state from student_basic where id = ? 
2019-10-28 00:20:12,930 DEBUG (BaseJdbcLogger.java:143)- ====> Parameters: 28663(String)
2019-10-28 00:20:12,930 DEBUG (BaseJdbcLogger.java:143)- <====      Total: 1
2019-10-28 00:20:12,931 DEBUG (BaseJdbcLogger.java:143)- ====>  Preparing: select id, name, sex, birthday, phone, ID_number, email, parent_phone, adress, major, state from student_basic where id = ? 
2019-10-28 00:20:12,931 DEBUG (BaseJdbcLogger.java:143)- ====> Parameters: 28665(String)
2019-10-28 00:20:12,932 DEBUG (BaseJdbcLogger.java:143)- <====      Total: 1
2019-10-28 00:20:12,933 DEBUG (BaseJdbcLogger.java:143)- ====>  Preparing: select id, name, sex, birthday, phone, ID_number, email, parent_phone, adress, major, state from student_basic where id = ? 
2019-10-28 00:20:12,933 DEBUG (BaseJdbcLogger.java:143)- ====> Parameters: 28668(String)
2019-10-28 00:20:12,934 DEBUG (BaseJdbcLogger.java:143)- <====      Total: 1
2019-10-28 00:20:12,935 DEBUG (BaseJdbcLogger.java:143)- ====>  Preparing: select id, name, sex, birthday, phone, ID_number, email, parent_phone, adress, major, state from student_basic where id = ? 
2019-10-28 00:20:12,935 DEBUG (BaseJdbcLogger.java:143)- ====> Parameters: 28669(String)
2019-10-28 00:20:12,936 DEBUG (BaseJdbcLogger.java:143)- <====      Total: 1
2019-10-28 00:20:12,937 DEBUG (BaseJdbcLogger.java:143)- ====>  Preparing: select id, name, sex, birthday, phone, ID_number, email, parent_phone, adress, major, state from student_basic where id = ? 
2019-10-28 00:20:12,937 DEBUG (BaseJdbcLogger.java:143)- ====> Parameters: 28671(String)
2019-10-28 00:20:12,938 DEBUG (BaseJdbcLogger.java:143)- <====      Total: 1
2019-10-28 00:20:12,939 DEBUG (BaseJdbcLogger.java:143)- ====>  Preparing: select id, name, sex, birthday, phone, ID_number, email, parent_phone, adress, major, state from student_basic where id = ? 
2019-10-28 00:20:12,939 DEBUG (BaseJdbcLogger.java:143)- ====> Parameters: 28673(String)
2019-10-28 00:20:12,940 DEBUG (BaseJdbcLogger.java:143)- <====      Total: 1
2019-10-28 00:20:12,942 DEBUG (BaseJdbcLogger.java:143)- ====>  Preparing: select id, name, sex, birthday, phone, ID_number, email, parent_phone, adress, major, state from student_basic where id = ? 
2019-10-28 00:20:12,942 DEBUG (BaseJdbcLogger.java:143)- ====> Parameters: 28674(String)
2019-10-28 00:20:12,943 DEBUG (BaseJdbcLogger.java:143)- <====      Total: 1
2019-10-28 00:20:12,944 DEBUG (BaseJdbcLogger.java:143)- ====>  Preparing: select id, name, sex, birthday, phone, ID_number, email, parent_phone, adress, major, state from student_basic where id = ? 
2019-10-28 00:20:12,944 DEBUG (BaseJdbcLogger.java:143)- ====> Parameters: 28677(String)
2019-10-28 00:20:12,946 DEBUG (BaseJdbcLogger.java:143)- <====      Total: 1
2019-10-28 00:20:12,947 DEBUG (BaseJdbcLogger.java:143)- ====>  Preparing: select id, name, sex, birthday, phone, ID_number, email, parent_phone, adress, major, state from student_basic where id = ? 
2019-10-28 00:20:12,947 DEBUG (BaseJdbcLogger.java:143)- ====> Parameters: 28679(String)
2019-10-28 00:20:12,949 DEBUG (BaseJdbcLogger.java:143)- <====      Total: 1
2019-10-28 00:20:12,949 DEBUG (BaseJdbcLogger.java:143)- ====>  Preparing: select id, name, sex, birthday, phone, ID_number, email, parent_phone, adress, major, state from student_basic where id = ? 
2019-10-28 00:20:12,950 DEBUG (BaseJdbcLogger.java:143)- ====> Parameters: 28683(String)
2019-10-28 00:20:12,951 DEBUG (BaseJdbcLogger.java:143)- <====      Total: 1
2019-10-28 00:20:12,952 DEBUG (BaseJdbcLogger.java:143)- ====>  Preparing: select id, name, sex, birthday, phone, ID_number, email, parent_phone, adress, major, state from student_basic where id = ? 
2019-10-28 00:20:12,952 DEBUG (BaseJdbcLogger.java:143)- ====> Parameters: 28688(String)
2019-10-28 00:20:12,953 DEBUG (BaseJdbcLogger.java:143)- <====      Total: 1
2019-10-28 00:20:12,954 DEBUG (BaseJdbcLogger.java:143)- ====>  Preparing: select id, name, sex, birthday, phone, ID_number, email, parent_phone, adress, major, state from student_basic where id = ? 
2019-10-28 00:20:12,955 DEBUG (BaseJdbcLogger.java:143)- ====> Parameters: 28689(String)
2019-10-28 00:20:12,956 DEBUG (BaseJdbcLogger.java:143)- <====      Total: 1
2019-10-28 00:20:12,957 DEBUG (BaseJdbcLogger.java:143)- ====>  Preparing: select id, name, sex, birthday, phone, ID_number, email, parent_phone, adress, major, state from student_basic where id = ? 
2019-10-28 00:20:12,957 DEBUG (BaseJdbcLogger.java:143)- ====> Parameters: 28690(String)
2019-10-28 00:20:12,958 DEBUG (BaseJdbcLogger.java:143)- <====      Total: 1
2019-10-28 00:20:12,959 DEBUG (BaseJdbcLogger.java:143)- ====>  Preparing: select id, name, sex, birthday, phone, ID_number, email, parent_phone, adress, major, state from student_basic where id = ? 
2019-10-28 00:20:12,959 DEBUG (BaseJdbcLogger.java:143)- ====> Parameters: 28693(String)
2019-10-28 00:20:12,960 DEBUG (BaseJdbcLogger.java:143)- <====      Total: 1
2019-10-28 00:20:12,961 DEBUG (BaseJdbcLogger.java:143)- ====>  Preparing: select id, name, sex, birthday, phone, ID_number, email, parent_phone, adress, major, state from student_basic where id = ? 
2019-10-28 00:20:12,962 DEBUG (BaseJdbcLogger.java:143)- ====> Parameters: 28696(String)
2019-10-28 00:20:12,962 DEBUG (BaseJdbcLogger.java:143)- <====      Total: 1
2019-10-28 00:20:12,963 DEBUG (BaseJdbcLogger.java:143)- ====>  Preparing: select id, name, sex, birthday, phone, ID_number, email, parent_phone, adress, major, state from student_basic where id = ? 
2019-10-28 00:20:12,963 DEBUG (BaseJdbcLogger.java:143)- ====> Parameters: 28697(String)
2019-10-28 00:20:12,964 DEBUG (BaseJdbcLogger.java:143)- <====      Total: 1
2019-10-28 00:20:12,965 DEBUG (BaseJdbcLogger.java:143)- ====>  Preparing: select id, name, sex, birthday, phone, ID_number, email, parent_phone, adress, major, state from student_basic where id = ? 
2019-10-28 00:20:12,965 DEBUG (BaseJdbcLogger.java:143)- ====> Parameters: 28702(String)
2019-10-28 00:20:12,973 DEBUG (BaseJdbcLogger.java:143)- <====      Total: 1
2019-10-28 00:20:12,975 DEBUG (BaseJdbcLogger.java:143)- ====>  Preparing: select id, name, sex, birthday, phone, ID_number, email, parent_phone, adress, major, state from student_basic where id = ? 
2019-10-28 00:20:12,975 DEBUG (BaseJdbcLogger.java:143)- ====> Parameters: 28703(String)
2019-10-28 00:20:12,977 DEBUG (BaseJdbcLogger.java:143)- <====      Total: 1
2019-10-28 00:20:12,978 DEBUG (BaseJdbcLogger.java:143)- <==      Total: 25
2019-10-28 00:20:12,979 DEBUG (BaseJdbcLogger.java:143)- ==>  Preparing: select dormitory_allocation.id, dormitory_allocation.class_id, dormitory_allocation.dormitory_id,dormitory_allocation.number from dormitory_allocation,dormitory WHERE dormitory_allocation.dormitory_id=dormitory.id and dormitory.sex=? and class_id = ? 
2019-10-28 00:20:12,979 DEBUG (BaseJdbcLogger.java:143)- ==> Parameters: 男(String), 080205201902(String)
2019-10-28 00:20:12,981 DEBUG (BaseJdbcLogger.java:143)- ====>  Preparing: select id, dong, floor, room, sex, number, rent,hasnumber from dormitory where id = ? 
2019-10-28 00:20:12,981 DEBUG (BaseJdbcLogger.java:143)- ====> Parameters: 13(Integer)
2019-10-28 00:20:12,982 DEBUG (BaseJdbcLogger.java:143)- <====      Total: 1
2019-10-28 00:20:12,983 DEBUG (BaseJdbcLogger.java:143)- ====>  Preparing: select id, dong, floor, room, sex, number, rent,hasnumber from dormitory where id = ? 
2019-10-28 00:20:12,984 DEBUG (BaseJdbcLogger.java:143)- ====> Parameters: 14(Integer)
2019-10-28 00:20:12,985 DEBUG (BaseJdbcLogger.java:143)- <====      Total: 1
2019-10-28 00:20:12,986 DEBUG (BaseJdbcLogger.java:143)- ====>  Preparing: select id, dong, floor, room, sex, number, rent,hasnumber from dormitory where id = ? 
2019-10-28 00:20:12,987 DEBUG (BaseJdbcLogger.java:143)- ====> Parameters: 15(Integer)
2019-10-28 00:20:12,988 DEBUG (BaseJdbcLogger.java:143)- <====      Total: 1
2019-10-28 00:20:12,988 DEBUG (BaseJdbcLogger.java:143)- ====>  Preparing: select id, dong, floor, room, sex, number, rent,hasnumber from dormitory where id = ? 
2019-10-28 00:20:12,989 DEBUG (BaseJdbcLogger.java:143)- ====> Parameters: 16(Integer)
2019-10-28 00:20:12,991 DEBUG (BaseJdbcLogger.java:143)- <====      Total: 1
2019-10-28 00:20:12,993 DEBUG (BaseJdbcLogger.java:143)- ====>  Preparing: select id, dong, floor, room, sex, number, rent,hasnumber from dormitory where id = ? 
2019-10-28 00:20:12,994 DEBUG (BaseJdbcLogger.java:143)- ====> Parameters: 17(Integer)
2019-10-28 00:20:12,995 DEBUG (BaseJdbcLogger.java:143)- <====      Total: 1
2019-10-28 00:20:12,996 DEBUG (BaseJdbcLogger.java:143)- <==      Total: 5
2019-10-28 00:20:12,997 DEBUG (BaseJdbcLogger.java:143)- ==>  Preparing: select student_status.id,student_status.basic_id, student_status.student_id, student_status.class_id from student_status,student_basic where student_status.basic_id=student_basic.id and student_basic.sex=? and student_status.class_id=? 
2019-10-28 00:20:12,998 DEBUG (BaseJdbcLogger.java:143)- ==> Parameters: 男(String), 080205201903(String)
2019-10-28 00:20:12,999 DEBUG (BaseJdbcLogger.java:143)- ====>  Preparing: select id, name, sex, birthday, phone, ID_number, email, parent_phone, adress, major, state from student_basic where id = ? 
2019-10-28 00:20:13,000 DEBUG (BaseJdbcLogger.java:143)- ====> Parameters: 28704(String)
2019-10-28 00:20:13,001 DEBUG (BaseJdbcLogger.java:143)- <====      Total: 1
2019-10-28 00:20:13,001 DEBUG (BaseJdbcLogger.java:143)- ====>  Preparing: select id, class_id, name, director, grade, major_id from class WHERE class_id = ? 
2019-10-28 00:20:13,002 DEBUG (BaseJdbcLogger.java:143)- ====> Parameters: 080205201903(String)
2019-10-28 00:20:13,002 DEBUG (BaseJdbcLogger.java:143)- ======>  Preparing: select id, major_id, name, price, department_id from major where major_id = ? 
2019-10-28 00:20:13,003 DEBUG (BaseJdbcLogger.java:143)- ======> Parameters: 080205(String)
2019-10-28 00:20:13,004 DEBUG (BaseJdbcLogger.java:143)- <======      Total: 1
2019-10-28 00:20:13,004 DEBUG (BaseJdbcLogger.java:143)- <====      Total: 1
2019-10-28 00:20:13,005 DEBUG (BaseJdbcLogger.java:143)- ====>  Preparing: select id, name, sex, birthday, phone, ID_number, email, parent_phone, adress, major, state from student_basic where id = ? 
2019-10-28 00:20:13,005 DEBUG (BaseJdbcLogger.java:143)- ====> Parameters: 28705(String)
2019-10-28 00:20:13,006 DEBUG (BaseJdbcLogger.java:143)- <====      Total: 1
2019-10-28 00:20:13,008 DEBUG (BaseJdbcLogger.java:143)- ====>  Preparing: select id, name, sex, birthday, phone, ID_number, email, parent_phone, adress, major, state from student_basic where id = ? 
2019-10-28 00:20:13,009 DEBUG (BaseJdbcLogger.java:143)- ====> Parameters: 28709(String)
2019-10-28 00:20:13,010 DEBUG (BaseJdbcLogger.java:143)- <====      Total: 1
2019-10-28 00:20:13,011 DEBUG (BaseJdbcLogger.java:143)- ====>  Preparing: select id, name, sex, birthday, phone, ID_number, email, parent_phone, adress, major, state from student_basic where id = ? 
