2019-09-02 12:39:15,099 DEBUG (BaseJdbcLogger.java:143)- ======> Parameters: 080205(String)
2019-09-02 12:39:15,101 DEBUG (BaseJdbcLogger.java:143)- <======      Total: 1
2019-09-02 12:39:15,102 DEBUG (BaseJdbcLogger.java:143)- <====      Total: 1
2019-09-02 12:39:15,102 DEBUG (BaseJdbcLogger.java:143)- ====>  Preparing: select id, name, sex, birthday, phone, ID_number, email, parent_phone, adress, major, state from student_basic where id = ? 
2019-09-02 12:39:15,103 DEBUG (BaseJdbcLogger.java:143)- ====> Parameters: 18901(String)
2019-09-02 12:39:15,104 DEBUG (BaseJdbcLogger.java:143)- <====      Total: 1
2019-09-02 12:39:15,105 DEBUG (BaseJdbcLogger.java:143)- ====>  Preparing: select id, name, sex, birthday, phone, ID_number, email, parent_phone, adress, major, state from student_basic where id = ? 
2019-09-02 12:39:15,107 DEBUG (BaseJdbcLogger.java:143)- ====> Parameters: 18905(String)
2019-09-02 12:39:15,108 DEBUG (BaseJdbcLogger.java:143)- <====      Total: 1
2019-09-02 12:39:15,109 DEBUG (BaseJdbcLogger.java:143)- ====>  Preparing: select id, name, sex, birthday, phone, ID_number, email, parent_phone, adress, major, state from student_basic where id = ? 
2019-09-02 12:39:15,109 DEBUG (BaseJdbcLogger.java:143)- ====> Parameters: 18906(String)
2019-09-02 12:39:15,110 DEBUG (BaseJdbcLogger.java:143)- <====      Total: 1
2019-09-02 12:39:15,110 DEBUG (BaseJdbcLogger.java:143)- ====>  Preparing: select id, name, sex, birthday, phone, ID_number, email, parent_phone, adress, major, state from student_basic where id = ? 
2019-09-02 12:39:15,111 DEBUG (BaseJdbcLogger.java:143)- ====> Parameters: 18909(String)
2019-09-02 12:39:15,111 DEBUG (BaseJdbcLogger.java:143)- <====      Total: 1
2019-09-02 12:39:15,112 DEBUG (BaseJdbcLogger.java:143)- ====>  Preparing: select id, name, sex, birthday, phone, ID_number, email, parent_phone, adress, major, state from student_basic where id = ? 
2019-09-02 12:39:15,112 DEBUG (BaseJdbcLogger.java:143)- ====> Parameters: 18910(String)
2019-09-02 12:39:15,112 DEBUG (BaseJdbcLogger.java:143)- <====      Total: 1
2019-09-02 12:39:15,113 DEBUG (BaseJdbcLogger.java:143)- ====>  Preparing: select id, name, sex, birthday, phone, ID_number, email, parent_phone, adress, major, state from student_basic where id = ? 
2019-09-02 12:39:15,113 DEBUG (BaseJdbcLogger.java:143)- ====> Parameters: 18911(String)
2019-09-02 12:39:15,113 DEBUG (BaseJdbcLogger.java:143)- <====      Total: 1
2019-09-02 12:39:15,114 DEBUG (BaseJdbcLogger.java:143)- ====>  Preparing: select id, name, sex, birthday, phone, ID_number, email, parent_phone, adress, major, state from student_basic where id = ? 
2019-09-02 12:39:15,114 DEBUG (BaseJdbcLogger.java:143)- ====> Parameters: 18916(String)
2019-09-02 12:39:15,114 DEBUG (BaseJdbcLogger.java:143)- <====      Total: 1
2019-09-02 12:39:15,115 DEBUG (BaseJdbcLogger.java:143)- ====>  Preparing: select id, name, sex, birthday, phone, ID_number, email, parent_phone, adress, major, state from student_basic where id = ? 
2019-09-02 12:39:15,115 DEBUG (BaseJdbcLogger.java:143)- ====> Parameters: 18917(String)
2019-09-02 12:39:15,115 DEBUG (BaseJdbcLogger.java:143)- <====      Total: 1
2019-09-02 12:39:15,116 DEBUG (BaseJdbcLogger.java:143)- ====>  Preparing: select id, name, sex, birthday, phone, ID_number, email, parent_phone, adress, major, state from student_basic where id = ? 
2019-09-02 12:39:15,116 DEBUG (BaseJdbcLogger.java:143)- ====> Parameters: 18918(String)
2019-09-02 12:39:15,116 DEBUG (BaseJdbcLogger.java:143)- <====      Total: 1
2019-09-02 12:39:15,117 DEBUG (BaseJdbcLogger.java:143)- ====>  Preparing: select id, name, sex, birthday, phone, ID_number, email, parent_phone, adress, major, state from student_basic where id = ? 
2019-09-02 12:39:15,117 DEBUG (BaseJdbcLogger.java:143)- ====> Parameters: 18919(String)
2019-09-02 12:39:15,118 DEBUG (BaseJdbcLogger.java:143)- <====      Total: 1
2019-09-02 12:39:15,118 DEBUG (BaseJdbcLogger.java:143)- ====>  Preparing: select id, name, sex, birthday, phone, ID_number, email, parent_phone, adress, major, state from student_basic where id = ? 
2019-09-02 12:39:15,119 DEBUG (BaseJdbcLogger.java:143)- ====> Parameters: 18922(String)
2019-09-02 12:39:15,120 DEBUG (BaseJdbcLogger.java:143)- <====      Total: 1
2019-09-02 12:39:15,121 DEBUG (BaseJdbcLogger.java:143)- ====>  Preparing: select id, name, sex, birthday, phone, ID_number, email, parent_phone, adress, major, state from student_basic where id = ? 
2019-09-02 12:39:15,121 DEBUG (BaseJdbcLogger.java:143)- ====> Parameters: 18924(String)
2019-09-02 12:39:15,122 DEBUG (BaseJdbcLogger.java:143)- <====      Total: 1
2019-09-02 12:39:15,122 DEBUG (BaseJdbcLogger.java:143)- ====>  Preparing: select id, name, sex, birthday, phone, ID_number, email, parent_phone, adress, major, state from student_basic where id = ? 
2019-09-02 12:39:15,122 DEBUG (BaseJdbcLogger.java:143)- ====> Parameters: 18926(String)
2019-09-02 12:39:15,123 DEBUG (BaseJdbcLogger.java:143)- <====      Total: 1
2019-09-02 12:39:15,123 DEBUG (BaseJdbcLogger.java:143)- ====>  Preparing: select id, name, sex, birthday, phone, ID_number, email, parent_phone, adress, major, state from student_basic where id = ? 
2019-09-02 12:39:15,123 DEBUG (BaseJdbcLogger.java:143)- ====> Parameters: 18927(String)
2019-09-02 12:39:15,124 DEBUG (BaseJdbcLogger.java:143)- <====      Total: 1
2019-09-02 12:39:15,125 DEBUG (BaseJdbcLogger.java:143)- ====>  Preparing: select id, name, sex, birthday, phone, ID_number, email, parent_phone, adress, major, state from student_basic where id = ? 
2019-09-02 12:39:15,125 DEBUG (BaseJdbcLogger.java:143)- ====> Parameters: 18933(String)
2019-09-02 12:39:15,126 DEBUG (BaseJdbcLogger.java:143)- <====      Total: 1
2019-09-02 12:39:15,126 DEBUG (BaseJdbcLogger.java:143)- ====>  Preparing: select id, name, sex, birthday, phone, ID_number, email, parent_phone, adress, major, state from student_basic where id = ? 
2019-09-02 12:39:15,127 DEBUG (BaseJdbcLogger.java:143)- ====> Parameters: 18936(String)
2019-09-02 12:39:15,128 DEBUG (BaseJdbcLogger.java:143)- <====      Total: 1
2019-09-02 12:39:15,128 DEBUG (BaseJdbcLogger.java:143)- ====>  Preparing: select id, name, sex, birthday, phone, ID_number, email, parent_phone, adress, major, state from student_basic where id = ? 
2019-09-02 12:39:15,128 DEBUG (BaseJdbcLogger.java:143)- ====> Parameters: 18937(String)
2019-09-02 12:39:15,129 DEBUG (BaseJdbcLogger.java:143)- <====      Total: 1
2019-09-02 12:39:15,129 DEBUG (BaseJdbcLogger.java:143)- ====>  Preparing: select id, name, sex, birthday, phone, ID_number, email, parent_phone, adress, major, state from student_basic where id = ? 
2019-09-02 12:39:15,130 DEBUG (BaseJdbcLogger.java:143)- ====> Parameters: 18943(String)
2019-09-02 12:39:15,131 DEBUG (BaseJdbcLogger.java:143)- <====      Total: 1
2019-09-02 12:39:15,131 DEBUG (BaseJdbcLogger.java:143)- ====>  Preparing: select id, name, sex, birthday, phone, ID_number, email, parent_phone, adress, major, state from student_basic where id = ? 
2019-09-02 12:39:15,132 DEBUG (BaseJdbcLogger.java:143)- ====> Parameters: 18944(String)
2019-09-02 12:39:15,132 DEBUG (BaseJdbcLogger.java:143)- <====      Total: 1
2019-09-02 12:39:15,132 DEBUG (BaseJdbcLogger.java:143)- ====>  Preparing: select id, name, sex, birthday, phone, ID_number, email, parent_phone, adress, major, state from student_basic where id = ? 
2019-09-02 12:39:15,133 DEBUG (BaseJdbcLogger.java:143)- ====> Parameters: 18945(String)
2019-09-02 12:39:15,133 DEBUG (BaseJdbcLogger.java:143)- <====      Total: 1
2019-09-02 12:39:15,133 DEBUG (BaseJdbcLogger.java:143)- ====>  Preparing: select id, name, sex, birthday, phone, ID_number, email, parent_phone, adress, major, state from student_basic where id = ? 
2019-09-02 12:39:15,134 DEBUG (BaseJdbcLogger.java:143)- ====> Parameters: 18946(String)
2019-09-02 12:39:15,134 DEBUG (BaseJdbcLogger.java:143)- <====      Total: 1
2019-09-02 12:39:15,134 DEBUG (BaseJdbcLogger.java:143)- ====>  Preparing: select id, name, sex, birthday, phone, ID_number, email, parent_phone, adress, major, state from student_basic where id = ? 
2019-09-02 12:39:15,135 DEBUG (BaseJdbcLogger.java:143)- ====> Parameters: 18947(String)
2019-09-02 12:39:15,135 DEBUG (BaseJdbcLogger.java:143)- <====      Total: 1
2019-09-02 12:39:15,136 DEBUG (BaseJdbcLogger.java:143)- ====>  Preparing: select id, name, sex, birthday, phone, ID_number, email, parent_phone, adress, major, state from student_basic where id = ? 
2019-09-02 12:39:15,137 DEBUG (BaseJdbcLogger.java:143)- ====> Parameters: 18949(String)
2019-09-02 12:39:15,138 DEBUG (BaseJdbcLogger.java:143)- <====      Total: 1
2019-09-02 12:39:15,138 DEBUG (BaseJdbcLogger.java:143)- ====>  Preparing: select id, name, sex, birthday, phone, ID_number, email, parent_phone, adress, major, state from student_basic where id = ? 
2019-09-02 12:39:15,138 DEBUG (BaseJdbcLogger.java:143)- ====> Parameters: 18954(String)
2019-09-02 12:39:15,139 DEBUG (BaseJdbcLogger.java:143)- <====      Total: 1
2019-09-02 12:39:15,140 DEBUG (BaseJdbcLogger.java:143)- <==      Total: 25
2019-09-02 12:39:15,140 DEBUG (BaseJdbcLogger.java:143)- ==>  Preparing: select student_status.id,student_status.basic_id, student_status.student_id, student_status.class_id from student_status,student_basic where student_status.basic_id=student_basic.id and student_basic.sex=? and student_status.class_id=? 
2019-09-02 12:39:15,141 DEBUG (BaseJdbcLogger.java:143)- ==> Parameters: 女(String), 080205201904(String)
2019-09-02 12:39:15,142 DEBUG (BaseJdbcLogger.java:143)- ====>  Preparing: select id, name, sex, birthday, phone, ID_number, email, parent_phone, adress, major, state from student_basic where id = ? 
2019-09-02 12:39:15,143 DEBUG (BaseJdbcLogger.java:143)- ====> Parameters: 18907(String)
2019-09-02 12:39:15,144 DEBUG (BaseJdbcLogger.java:143)- <====      Total: 1
2019-09-02 12:39:15,144 DEBUG (BaseJdbcLogger.java:143)- ====>  Preparing: select id, class_id, name, director, grade, major_id from class where class_id = ? 
2019-09-02 12:39:15,144 DEBUG (BaseJdbcLogger.java:143)- ====> Parameters: 080205201904(String)
2019-09-02 12:39:15,152 DEBUG (BaseJdbcLogger.java:143)- ======>  Preparing: select id, major_id, name, price, department_id from major where major_id = ? 
2019-09-02 12:39:15,152 DEBUG (BaseJdbcLogger.java:143)- ======> Parameters: 080205(String)
2019-09-02 12:39:15,153 DEBUG (BaseJdbcLogger.java:143)- <======      Total: 1
2019-09-02 12:39:15,154 DEBUG (BaseJdbcLogger.java:143)- <====      Total: 1
2019-09-02 12:39:15,155 DEBUG (BaseJdbcLogger.java:143)- ====>  Preparing: select id, name, sex, birthday, phone, ID_number, email, parent_phone, adress, major, state from student_basic where id = ? 
2019-09-02 12:39:15,155 DEBUG (BaseJdbcLogger.java:143)- ====> Parameters: 18908(String)
2019-09-02 12:39:15,156 DEBUG (BaseJdbcLogger.java:143)- <====      Total: 1
2019-09-02 12:39:15,157 DEBUG (BaseJdbcLogger.java:143)- ====>  Preparing: select id, name, sex, birthday, phone, ID_number, email, parent_phone, adress, major, state from student_basic where id = ? 
2019-09-02 12:39:15,158 DEBUG (BaseJdbcLogger.java:143)- ====> Parameters: 18912(String)
2019-09-02 12:39:15,159 DEBUG (BaseJdbcLogger.java:143)- <====      Total: 1
2019-09-02 12:39:15,160 DEBUG (BaseJdbcLogger.java:143)- ====>  Preparing: select id, name, sex, birthday, phone, ID_number, email, parent_phone, adress, major, state from student_basic where id = ? 
2019-09-02 12:39:15,160 DEBUG (BaseJdbcLogger.java:143)- ====> Parameters: 18913(String)
2019-09-02 12:39:15,161 DEBUG (BaseJdbcLogger.java:143)- <====      Total: 1
2019-09-02 12:39:15,162 DEBUG (BaseJdbcLogger.java:143)- ====>  Preparing: select id, name, sex, birthday, phone, ID_number, email, parent_phone, adress, major, state from student_basic where id = ? 
2019-09-02 12:39:15,162 DEBUG (BaseJdbcLogger.java:143)- ====> Parameters: 18914(String)
2019-09-02 12:39:15,165 DEBUG (BaseJdbcLogger.java:143)- <====      Total: 1
2019-09-02 12:39:15,165 DEBUG (BaseJdbcLogger.java:143)- ====>  Preparing: select id, name, sex, birthday, phone, ID_number, email, parent_phone, adress, major, state from student_basic where id = ? 
2019-09-02 12:39:15,166 DEBUG (BaseJdbcLogger.java:143)- ====> Parameters: 18915(String)
2019-09-02 12:39:15,166 DEBUG (BaseJdbcLogger.java:143)- <====      Total: 1
2019-09-02 12:39:15,167 DEBUG (BaseJdbcLogger.java:143)- ====>  Preparing: select id, name, sex, birthday, phone, ID_number, email, parent_phone, adress, major, state from student_basic where id = ? 
2019-09-02 12:39:15,167 DEBUG (BaseJdbcLogger.java:143)- ====> Parameters: 18920(String)
2019-09-02 12:39:15,167 DEBUG (BaseJdbcLogger.java:143)- <====      Total: 1
2019-09-02 12:39:15,168 DEBUG (BaseJdbcLogger.java:143)- ====>  Preparing: select id, name, sex, birthday, phone, ID_number, email, parent_phone, adress, major, state from student_basic where id = ? 
2019-09-02 12:39:15,168 DEBUG (BaseJdbcLogger.java:143)- ====> Parameters: 18921(String)
2019-09-02 12:39:15,169 DEBUG (BaseJdbcLogger.java:143)- <====      Total: 1
2019-09-02 12:39:15,170 DEBUG (BaseJdbcLogger.java:143)- ====>  Preparing: select id, name, sex, birthday, phone, ID_number, email, parent_phone, adress, major, state from student_basic where id = ? 
2019-09-02 12:39:15,171 DEBUG (BaseJdbcLogger.java:143)- ====> Parameters: 18923(String)
2019-09-02 12:39:15,171 DEBUG (BaseJdbcLogger.java:143)- <====      Total: 1
2019-09-02 12:39:15,172 DEBUG (BaseJdbcLogger.java:143)- ====>  Preparing: select id, name, sex, birthday, phone, ID_number, email, parent_phone, adress, major, state from student_basic where id = ? 
2019-09-02 12:39:15,172 DEBUG (BaseJdbcLogger.java:143)- ====> Parameters: 18925(String)
2019-09-02 12:39:15,173 DEBUG (BaseJdbcLogger.java:143)- <====      Total: 1
2019-09-02 12:39:15,174 DEBUG (BaseJdbcLogger.java:143)- ====>  Preparing: select id, name, sex, birthday, phone, ID_number, email, parent_phone, adress, major, state from student_basic where id = ? 
2019-09-02 12:39:15,174 DEBUG (BaseJdbcLogger.java:143)- ====> Parameters: 18928(String)
2019-09-02 12:39:15,175 DEBUG (BaseJdbcLogger.java:143)- <====      Total: 1
2019-09-02 12:39:15,176 DEBUG (BaseJdbcLogger.java:143)- ====>  Preparing: select id, name, sex, birthday, phone, ID_number, email, parent_phone, adress, major, state from student_basic where id = ? 
2019-09-02 12:39:15,176 DEBUG (BaseJdbcLogger.java:143)- ====> Parameters: 18929(String)
2019-09-02 12:39:15,177 DEBUG (BaseJdbcLogger.java:143)- <====      Total: 1
2019-09-02 12:39:15,178 DEBUG (BaseJdbcLogger.java:143)- ====>  Preparing: select id, name, sex, birthday, phone, ID_number, email, parent_phone, adress, major, state from student_basic where id = ? 
2019-09-02 12:39:15,178 DEBUG (BaseJdbcLogger.java:143)- ====> Parameters: 18930(String)
2019-09-02 12:39:15,179 DEBUG (BaseJdbcLogger.java:143)- <====      Total: 1
2019-09-02 12:39:15,179 DEBUG (BaseJdbcLogger.java:143)- ====>  Preparing: select id, name, sex, birthday, phone, ID_number, email, parent_phone, adress, major, state from student_basic where id = ? 
2019-09-02 12:39:15,179 DEBUG (BaseJdbcLogger.java:143)- ====> Parameters: 18931(String)
2019-09-02 12:39:15,180 DEBUG (BaseJdbcLogger.java:143)- <====      Total: 1
2019-09-02 12:39:15,180 DEBUG (BaseJdbcLogger.java:143)- ====>  Preparing: select id, name, sex, birthday, phone, ID_number, email, parent_phone, adress, major, state from student_basic where id = ? 
2019-09-02 12:39:15,180 DEBUG (BaseJdbcLogger.java:143)- ====> Parameters: 18932(String)
2019-09-02 12:39:15,181 DEBUG (BaseJdbcLogger.java:143)- <====      Total: 1
2019-09-02 12:39:15,181 DEBUG (BaseJdbcLogger.java:143)- ====>  Preparing: select id, name, sex, birthday, phone, ID_number, email, parent_phone, adress, major, state from student_basic where id = ? 
2019-09-02 12:39:15,181 DEBUG (BaseJdbcLogger.java:143)- ====> Parameters: 18934(String)
2019-09-02 12:39:15,182 DEBUG (BaseJdbcLogger.java:143)- <====      Total: 1
2019-09-02 12:39:15,182 DEBUG (BaseJdbcLogger.java:143)- ====>  Preparing: select id, name, sex, birthday, phone, ID_number, email, parent_phone, adress, major, state from student_basic where id = ? 
2019-09-02 12:39:15,182 DEBUG (BaseJdbcLogger.java:143)- ====> Parameters: 18935(String)
2019-09-02 12:39:15,183 DEBUG (BaseJdbcLogger.java:143)- <====      Total: 1
2019-09-02 12:39:15,183 DEBUG (BaseJdbcLogger.java:143)- ====>  Preparing: select id, name, sex, birthday, phone, ID_number, email, parent_phone, adress, major, state from student_basic where id = ? 
2019-09-02 12:39:15,184 DEBUG (BaseJdbcLogger.java:143)- ====> Parameters: 18938(String)
2019-09-02 12:39:15,184 DEBUG (BaseJdbcLogger.java:143)- <====      Total: 1
2019-09-02 12:39:15,184 DEBUG (BaseJdbcLogger.java:143)- ====>  Preparing: select id, name, sex, birthday, phone, ID_number, email, parent_phone, adress, major, state from student_basic where id = ? 
2019-09-02 12:39:15,185 DEBUG (BaseJdbcLogger.java:143)- ====> Parameters: 18939(String)
2019-09-02 12:39:15,185 DEBUG (BaseJdbcLogger.java:143)- <====      Total: 1
2019-09-02 12:39:15,186 DEBUG (BaseJdbcLogger.java:143)- ====>  Preparing: select id, name, sex, birthday, phone, ID_number, email, parent_phone, adress, major, state from student_basic where id = ? 
2019-09-02 12:39:15,187 DEBUG (BaseJdbcLogger.java:143)- ====> Parameters: 18940(String)
2019-09-02 12:39:15,188 DEBUG (BaseJdbcLogger.java:143)- <====      Total: 1
2019-09-02 12:39:15,189 DEBUG (BaseJdbcLogger.java:143)- ====>  Preparing: select id, name, sex, birthday, phone, ID_number, email, parent_phone, adress, major, state from student_basic where id = ? 
2019-09-02 12:39:15,189 DEBUG (BaseJdbcLogger.java:143)- ====> Parameters: 18941(String)
2019-09-02 12:39:15,190 DEBUG (BaseJdbcLogger.java:143)- <====      Total: 1
2019-09-02 12:39:15,190 DEBUG (BaseJdbcLogger.java:143)- ====>  Preparing: select id, name, sex, birthday, phone, ID_number, email, parent_phone, adress, major, state from student_basic where id = ? 
2019-09-02 12:39:15,191 DEBUG (BaseJdbcLogger.java:143)- ====> Parameters: 18942(String)
2019-09-02 12:39:15,192 DEBUG (BaseJdbcLogger.java:143)- <====      Total: 1
2019-09-02 12:39:15,192 DEBUG (BaseJdbcLogger.java:143)- ====>  Preparing: select id, name, sex, birthday, phone, ID_number, email, parent_phone, adress, major, state from student_basic where id = ? 
2019-09-02 12:39:15,193 DEBUG (BaseJdbcLogger.java:143)- ====> Parameters: 18948(String)
2019-09-02 12:39:15,194 DEBUG (BaseJdbcLogger.java:143)- <====      Total: 1
2019-09-02 12:39:15,194 DEBUG (BaseJdbcLogger.java:143)- ====>  Preparing: select id, name, sex, birthday, phone, ID_number, email, parent_phone, adress, major, state from student_basic where id = ? 
2019-09-02 12:39:15,195 DEBUG (BaseJdbcLogger.java:143)- ====> Parameters: 18950(String)
2019-09-02 12:39:15,195 DEBUG (BaseJdbcLogger.java:143)- <====      Total: 1
2019-09-02 12:39:15,195 DEBUG (BaseJdbcLogger.java:143)- ====>  Preparing: select id, name, sex, birthday, phone, ID_number, email, parent_phone, adress, major, state from student_basic where id = ? 
2019-09-02 12:39:15,196 DEBUG (BaseJdbcLogger.java:143)- ====> Parameters: 18951(String)
2019-09-02 12:39:15,196 DEBUG (BaseJdbcLogger.java:143)- <====      Total: 1
2019-09-02 12:39:15,196 DEBUG (BaseJdbcLogger.java:143)- <==      Total: 25
2019-09-02 12:39:15,197 DEBUG (BaseJdbcLogger.java:143)- ==>  Preparing: select dormitory_allocation.id, dormitory_allocation.class_id, dormitory_allocation.dormitory_id,dormitory_allocation.number from dormitory_allocation,dormitory WHERE dormitory_allocation.dormitory_id=dormitory.id and dormitory.sex=? and class_id = ? 
2019-09-02 12:39:15,197 DEBUG (BaseJdbcLogger.java:143)- ==> Parameters: 男(String), 080205201904(String)
2019-09-02 12:39:15,198 DEBUG (BaseJdbcLogger.java:143)- ====>  Preparing: select id, dong, floor, room, sex, number, rent from dormitory where id = ? 
2019-09-02 12:39:15,198 DEBUG (BaseJdbcLogger.java:143)- ====> Parameters: 23(Integer)
2019-09-02 12:39:15,198 DEBUG (BaseJdbcLogger.java:143)- <====      Total: 1
2019-09-02 12:39:15,199 DEBUG (BaseJdbcLogger.java:143)- ====>  Preparing: select id, dong, floor, room, sex, number, rent from dormitory where id = ? 
2019-09-02 12:39:15,199 DEBUG (BaseJdbcLogger.java:143)- ====> Parameters: 24(Integer)
2019-09-02 12:39:15,199 DEBUG (BaseJdbcLogger.java:143)- <====      Total: 1
2019-09-02 12:39:15,200 DEBUG (BaseJdbcLogger.java:143)- ====>  Preparing: select id, dong, floor, room, sex, number, rent from dormitory where id = ? 
2019-09-02 12:39:15,200 DEBUG (BaseJdbcLogger.java:143)- ====> Parameters: 25(Integer)
2019-09-02 12:39:15,201 DEBUG (BaseJdbcLogger.java:143)- <====      Total: 1
2019-09-02 12:39:15,201 DEBUG (BaseJdbcLogger.java:143)- ====>  Preparing: select id, dong, floor, room, sex, number, rent from dormitory where id = ? 
2019-09-02 12:39:15,202 DEBUG (BaseJdbcLogger.java:143)- ====> Parameters: 26(Integer)
2019-09-02 12:39:15,203 DEBUG (BaseJdbcLogger.java:143)- <====      Total: 1
2019-09-02 12:39:15,203 DEBUG (BaseJdbcLogger.java:143)- ====>  Preparing: select id, dong, floor, room, sex, number, rent from dormitory where id = ? 
2019-09-02 12:39:15,204 DEBUG (BaseJdbcLogger.java:143)- ====> Parameters: 27(Integer)
2019-09-02 12:39:15,204 DEBUG (BaseJdbcLogger.java:143)- <====      Total: 1
2019-09-02 12:39:15,205 DEBUG (BaseJdbcLogger.java:143)- <==      Total: 5
2019-09-02 12:39:15,205 DEBUG (BaseJdbcLogger.java:143)- ==>  Preparing: select dormitory_allocation.id, dormitory_allocation.class_id, dormitory_allocation.dormitory_id,dormitory_allocation.number from dormitory_allocation,dormitory WHERE dormitory_allocation.dormitory_id=dormitory.id and dormitory.sex=? and class_id = ? 
2019-09-02 12:39:15,205 DEBUG (BaseJdbcLogger.java:143)- ==> Parameters: 女(String), 080205201904(String)
2019-09-02 12:39:15,206 DEBUG (BaseJdbcLogger.java:143)- ====>  Preparing: select id, dong, floor, room, sex, number, rent from dormitory where id = ? 
2019-09-02 12:39:15,207 DEBUG (BaseJdbcLogger.java:143)- ====> Parameters: 474(Integer)
2019-09-02 12:39:15,208 DEBUG (BaseJdbcLogger.java:143)- <====      Total: 1
2019-09-02 12:39:15,209 DEBUG (BaseJdbcLogger.java:143)- ====>  Preparing: select id, dong, floor, room, sex, number, rent from dormitory where id = ? 
2019-09-02 12:39:15,209 DEBUG (BaseJdbcLogger.java:143)- ====> Parameters: 475(Integer)
2019-09-02 12:39:15,210 DEBUG (BaseJdbcLogger.java:143)- <====      Total: 1
2019-09-02 12:39:15,211 DEBUG (BaseJdbcLogger.java:143)- ====>  Preparing: select id, dong, floor, room, sex, number, rent from dormitory where id = ? 
2019-09-02 12:39:15,211 DEBUG (BaseJdbcLogger.java:143)- ====> Parameters: 476(Integer)
2019-09-02 12:39:15,212 DEBUG (BaseJdbcLogger.java:143)- <====      Total: 1
2019-09-02 12:39:15,212 DEBUG (BaseJdbcLogger.java:143)- ====>  Preparing: select id, dong, floor, room, sex, number, rent from dormitory where id = ? 
2019-09-02 12:39:15,212 DEBUG (BaseJdbcLogger.java:143)- ====> Parameters: 477(Integer)
2019-09-02 12:39:15,213 DEBUG (BaseJdbcLogger.java:143)- <====      Total: 1
2019-09-02 12:39:15,213 DEBUG (BaseJdbcLogger.java:143)- ====>  Preparing: select id, dong, floor, room, sex, number, rent from dormitory where id = ? 
2019-09-02 12:39:15,214 DEBUG (BaseJdbcLogger.java:143)- ====> Parameters: 478(Integer)
2019-09-02 12:39:15,214 DEBUG (BaseJdbcLogger.java:143)- <====      Total: 1
2019-09-02 12:39:15,214 DEBUG (BaseJdbcLogger.java:143)- <==      Total: 5
2019-09-02 12:39:15,215 DEBUG (BaseJdbcLogger.java:143)- ==>  Preparing: select student_status.id,student_status.basic_id, student_status.student_id, student_status.class_id from student_status,student_basic where student_status.basic_id=student_basic.id and student_basic.sex=? and student_status.class_id=? 
2019-09-02 12:39:15,215 DEBUG (BaseJdbcLogger.java:143)- ==> Parameters: 男(String), 080205201905(String)
2019-09-02 12:39:15,217 DEBUG (BaseJdbcLogger.java:143)- ====>  Preparing: select id, name, sex, birthday, phone, ID_number, email, parent_phone, adress, major, state from student_basic where id = ? 
2019-09-02 12:39:15,217 DEBUG (BaseJdbcLogger.java:143)- ====> Parameters: 18956(String)
2019-09-02 12:39:15,218 DEBUG (BaseJdbcLogger.java:143)- <====      Total: 1
2019-09-02 12:39:15,218 DEBUG (BaseJdbcLogger.java:143)- ====>  Preparing: select id, class_id, name, director, grade, major_id from class where class_id = ? 
2019-09-02 12:39:15,219 DEBUG (BaseJdbcLogger.java:143)- ====> Parameters: 080205201905(String)
2019-09-02 12:39:15,221 DEBUG (BaseJdbcLogger.java:143)- ======>  Preparing: select id, major_id, name, price, department_id from major where major_id = ? 
2019-09-02 12:39:15,221 DEBUG (BaseJdbcLogger.java:143)- ======> Parameters: 080205(String)
2019-09-02 12:39:15,223 DEBUG (BaseJdbcLogger.java:143)- <======      Total: 1
2019-09-02 12:39:15,223 DEBUG (BaseJdbcLogger.java:143)- <====      Total: 1
2019-09-02 12:39:15,224 DEBUG (BaseJdbcLogger.java:143)- ====>  Preparing: select id, name, sex, birthday, phone, ID_number, email, parent_phone, adress, major, state from student_basic where id = ? 
2019-09-02 12:39:15,224 DEBUG (BaseJdbcLogger.java:143)- ====> Parameters: 18957(String)
2019-09-02 12:39:15,225 DEBUG (BaseJdbcLogger.java:143)- <====      Total: 1
2019-09-02 12:39:15,226 DEBUG (BaseJdbcLogger.java:143)- ====>  Preparing: select id, name, sex, birthday, phone, ID_number, email, parent_phone, adress, major, state from student_basic where id = ? 
2019-09-02 12:39:15,226 DEBUG (BaseJdbcLogger.java:143)- ====> Parameters: 18958(String)
2019-09-02 12:39:15,227 DEBUG (BaseJdbcLogger.java:143)- <====      Total: 1
2019-09-02 12:39:15,227 DEBUG (BaseJdbcLogger.java:143)- ====>  Preparing: select id, name, sex, birthday, phone, ID_number, email, parent_phone, adress, major, state from student_basic where id = ? 
2019-09-02 12:39:15,228 DEBUG (BaseJdbcLogger.java:143)- ====> Parameters: 18959(String)
2019-09-02 12:39:15,228 DEBUG (BaseJdbcLogger.java:143)- <====      Total: 1
2019-09-02 12:39:15,229 DEBUG (BaseJdbcLogger.java:143)- ====>  Preparing: select id, name, sex, birthday, phone, ID_number, email, parent_phone, adress, major, state from student_basic where id = ? 
2019-09-02 12:39:15,229 DEBUG (BaseJdbcLogger.java:143)- ====> Parameters: 18961(String)
2019-09-02 12:39:15,229 DEBUG (BaseJdbcLogger.java:143)- <====      Total: 1
2019-09-02 12:39:15,230 DEBUG (BaseJdbcLogger.java:143)- ====>  Preparing: select id, name, sex, birthday, phone, ID_number, email, parent_phone, adress, major, state from student_basic where id = ? 
2019-09-02 12:39:15,230 DEBUG (BaseJdbcLogger.java:143)- ====> Parameters: 18963(String)
2019-09-02 12:39:15,230 DEBUG (BaseJdbcLogger.java:143)- <====      Total: 1
2019-09-02 12:39:15,231 DEBUG (BaseJdbcLogger.java:143)- ====>  Preparing: select id, name, sex, birthday, phone, ID_number, email, parent_phone, adress, major, state from student_basic where id = ? 
2019-09-02 12:39:15,231 DEBUG (BaseJdbcLogger.java:143)- ====> Parameters: 18964(String)
2019-09-02 12:39:15,231 DEBUG (BaseJdbcLogger.java:143)- <====      Total: 1
2019-09-02 12:39:15,232 DEBUG (BaseJdbcLogger.java:143)- ====>  Preparing: select id, name, sex, birthday, phone, ID_number, email, parent_phone, adress, major, state from student_basic where id = ? 
2019-09-02 12:39:15,232 DEBUG (BaseJdbcLogger.java:143)- ====> Parameters: 18965(String)
2019-09-02 12:39:15,232 DEBUG (BaseJdbcLogger.java:143)- <====      Total: 1
2019-09-02 12:39:15,233 DEBUG (BaseJdbcLogger.java:143)- ====>  Preparing: select id, name, sex, birthday, phone, ID_number, email, parent_phone, adress, major, state from student_basic where id = ? 
2019-09-02 12:39:15,233 DEBUG (BaseJdbcLogger.java:143)- ====> Parameters: 18966(String)
2019-09-02 12:39:15,233 DEBUG (BaseJdbcLogger.java:143)- <====      Total: 1
2019-09-02 12:39:15,234 DEBUG (BaseJdbcLogger.java:143)- ====>  Preparing: select id, name, sex, birthday, phone, ID_number, email, parent_phone, adress, major, state from student_basic where id = ? 
2019-09-02 12:39:15,234 DEBUG (BaseJdbcLogger.java:143)- ====> Parameters: 18968(String)
2019-09-02 12:39:15,234 DEBUG (BaseJdbcLogger.java:143)- <====      Total: 1
2019-09-02 12:39:15,235 DEBUG (BaseJdbcLogger.java:143)- ====>  Preparing: select id, name, sex, birthday, phone, ID_number, email, parent_phone, adress, major, state from student_basic where id = ? 
2019-09-02 12:39:15,235 DEBUG (BaseJdbcLogger.java:143)- ====> Parameters: 18969(String)
2019-09-02 12:39:15,236 DEBUG (BaseJdbcLogger.java:143)- <====      Total: 1
2019-09-02 12:39:15,237 DEBUG (BaseJdbcLogger.java:143)- ====>  Preparing: select id, name, sex, birthday, phone, ID_number, email, parent_phone, adress, major, state from student_basic where id = ? 
2019-09-02 12:39:15,238 DEBUG (BaseJdbcLogger.java:143)- ====> Parameters: 18970(String)
2019-09-02 12:39:15,239 DEBUG (BaseJdbcLogger.java:143)- <====      Total: 1
2019-09-02 12:39:15,239 DEBUG (BaseJdbcLogger.java:143)- ====>  Preparing: select id, name, sex, birthday, phone, ID_number, email, parent_phone, adress, major, state from student_basic where id = ? 
2019-09-02 12:39:15,239 DEBUG (BaseJdbcLogger.java:143)- ====> Parameters: 18971(String)
2019-09-02 12:39:15,240 DEBUG (BaseJdbcLogger.java:143)- <====      Total: 1
2019-09-02 12:39:15,241 DEBUG (BaseJdbcLogger.java:143)- ====>  Preparing: select id, name, sex, birthday, phone, ID_number, email, parent_phone, adress, major, state from student_basic where id = ? 
2019-09-02 12:39:15,241 DEBUG (BaseJdbcLogger.java:143)- ====> Parameters: 18972(String)
2019-09-02 12:39:15,242 DEBUG (BaseJdbcLogger.java:143)- <====      Total: 1
2019-09-02 12:39:15,242 DEBUG (BaseJdbcLogger.java:143)- ====>  Preparing: select id, name, sex, birthday, phone, ID_number, email, parent_phone, adress, major, state from student_basic where id = ? 
2019-09-02 12:39:15,243 DEBUG (BaseJdbcLogger.java:143)- ====> Parameters: 18979(String)
2019-09-02 12:39:15,243 DEBUG (BaseJdbcLogger.java:143)- <====      Total: 1
2019-09-02 12:39:15,244 DEBUG (BaseJdbcLogger.java:143)- ====>  Preparing: select id, name, sex, birthday, phone, ID_number, email, parent_phone, adress, major, state from student_basic where id = ? 
2019-09-02 12:39:15,244 DEBUG (BaseJdbcLogger.java:143)- ====> Parameters: 18982(String)
2019-09-02 12:39:15,244 DEBUG (BaseJdbcLogger.java:143)- <====      Total: 1
2019-09-02 12:39:15,245 DEBUG (BaseJdbcLogger.java:143)- ====>  Preparing: select id, name, sex, birthday, phone, ID_number, email, parent_phone, adress, major, state from student_basic where id = ? 
2019-09-02 12:39:15,245 DEBUG (BaseJdbcLogger.java:143)- ====> Parameters: 18983(String)
2019-09-02 12:39:15,245 DEBUG (BaseJdbcLogger.java:143)- <====      Total: 1
2019-09-02 12:39:15,246 DEBUG (BaseJdbcLogger.java:143)- ====>  Preparing: select id, name, sex, birthday, phone, ID_number, email, parent_phone, adress, major, state from student_basic where id = ? 
2019-09-02 12:39:15,246 DEBUG (BaseJdbcLogger.java:143)- ====> Parameters: 18988(String)
2019-09-02 12:39:15,246 DEBUG (BaseJdbcLogger.java:143)- <====      Total: 1
2019-09-02 12:39:15,247 DEBUG (BaseJdbcLogger.java:143)- ====>  Preparing: select id, name, sex, birthday, phone, ID_number, email, parent_phone, adress, major, state from student_basic where id = ? 
2019-09-02 12:39:15,247 DEBUG (BaseJdbcLogger.java:143)- ====> Parameters: 18989(String)
2019-09-02 12:39:15,248 DEBUG (BaseJdbcLogger.java:143)- <====      Total: 1
2019-09-02 12:39:15,248 DEBUG (BaseJdbcLogger.java:143)- ====>  Preparing: select id, name, sex, birthday, phone, ID_number, email, parent_phone, adress, major, state from student_basic where id = ? 
2019-09-02 12:39:15,249 DEBUG (BaseJdbcLogger.java:143)- ====> Parameters: 18990(String)
2019-09-02 12:39:15,250 DEBUG (BaseJdbcLogger.java:143)- <====      Total: 1
2019-09-02 12:39:15,250 DEBUG (BaseJdbcLogger.java:143)- ====>  Preparing: select id, name, sex, birthday, phone, ID_number, email, parent_phone, adress, major, state from student_basic where id = ? 
2019-09-02 12:39:15,250 DEBUG (BaseJdbcLogger.java:143)- ====> Parameters: 18992(String)
2019-09-02 12:39:15,251 DEBUG (BaseJdbcLogger.java:143)- <====      Total: 1
2019-09-02 12:39:15,251 DEBUG (BaseJdbcLogger.java:143)- ====>  Preparing: select id, name, sex, birthday, phone, ID_number, email, parent_phone, adress, major, state from student_basic where id = ? 
2019-09-02 12:39:15,252 DEBUG (BaseJdbcLogger.java:143)- ====> Parameters: 18996(String)
2019-09-02 12:39:15,252 DEBUG (BaseJdbcLogger.java:143)- <====      Total: 1
2019-09-02 12:39:15,253 DEBUG (BaseJdbcLogger.java:143)- ====>  Preparing: select id, name, sex, birthday, phone, ID_number, email, parent_phone, adress, major, state from student_basic where id = ? 
2019-09-02 12:39:15,253 DEBUG (BaseJdbcLogger.java:143)- ====> Parameters: 18999(String)
2019-09-02 12:39:15,254 DEBUG (BaseJdbcLogger.java:143)- <====      Total: 1
2019-09-02 12:39:15,255 DEBUG (BaseJdbcLogger.java:143)- ====>  Preparing: select id, name, sex, birthday, phone, ID_number, email, parent_phone, adress, major, state from student_basic where id = ? 
2019-09-02 12:39:15,255 DEBUG (BaseJdbcLogger.java:143)- ====> Parameters: 19000(String)
2019-09-02 12:39:15,256 DEBUG (BaseJdbcLogger.java:143)- <====      Total: 1
2019-09-02 12:39:15,256 DEBUG (BaseJdbcLogger.java:143)- <==      Total: 24
2019-09-02 12:39:15,256 DEBUG (BaseJdbcLogger.java:143)- ==>  Preparing: select student_status.id,student_status.basic_id, student_status.student_id, student_status.class_id from student_status,student_basic where student_status.basic_id=student_basic.id and student_basic.sex=? and student_status.class_id=? 
2019-09-02 12:39:15,257 DEBUG (BaseJdbcLogger.java:143)- ==> Parameters: 女(String), 080205201905(String)
2019-09-02 12:39:15,258 DEBUG (BaseJdbcLogger.java:143)- ====>  Preparing: select id, name, sex, birthday, phone, ID_number, email, parent_phone, adress, major, state from student_basic where id = ? 
2019-09-02 12:39:15,258 DEBUG (BaseJdbcLogger.java:143)- ====> Parameters: 18952(String)
2019-09-02 12:39:15,259 DEBUG (BaseJdbcLogger.java:143)- <====      Total: 1
2019-09-02 12:39:15,259 DEBUG (BaseJdbcLogger.java:143)- ====>  Preparing: select id, class_id, name, director, grade, major_id from class where class_id = ? 
2019-09-02 12:39:15,259 DEBUG (BaseJdbcLogger.java:143)- ====> Parameters: 080205201905(String)
2019-09-02 12:39:15,260 DEBUG (BaseJdbcLogger.java:143)- ======>  Preparing: select id, major_id, name, price, department_id from major where major_id = ? 
2019-09-02 12:39:15,260 DEBUG (BaseJdbcLogger.java:143)- ======> Parameters: 080205(String)
2019-09-02 12:39:15,261 DEBUG (BaseJdbcLogger.java:143)- <======      Total: 1
2019-09-02 12:39:15,262 DEBUG (BaseJdbcLogger.java:143)- <====      Total: 1
2019-09-02 12:39:15,262 DEBUG (BaseJdbcLogger.java:143)- ====>  Preparing: select id, name, sex, birthday, phone, ID_number, email, parent_phone, adress, major, state from student_basic where id = ? 
2019-09-02 12:39:15,263 DEBUG (BaseJdbcLogger.java:143)- ====> Parameters: 18953(String)
2019-09-02 12:39:15,264 DEBUG (BaseJdbcLogger.java:143)- <====      Total: 1
2019-09-02 12:39:15,264 DEBUG (BaseJdbcLogger.java:143)- ====>  Preparing: select id, name, sex, birthday, phone, ID_number, email, parent_phone, adress, major, state from student_basic where id = ? 
2019-09-02 12:39:15,264 DEBUG (BaseJdbcLogger.java:143)- ====> Parameters: 18955(String)
2019-09-02 12:39:15,265 DEBUG (BaseJdbcLogger.java:143)- <====      Total: 1
2019-09-02 12:39:15,266 DEBUG (BaseJdbcLogger.java:143)- ====>  Preparing: select id, name, sex, birthday, phone, ID_number, email, parent_phone, adress, major, state from student_basic where id = ? 
2019-09-02 12:39:15,266 DEBUG (BaseJdbcLogger.java:143)- ====> Parameters: 18960(String)
2019-09-02 12:39:15,267 DEBUG (BaseJdbcLogger.java:143)- <====      Total: 1
2019-09-02 12:39:15,267 DEBUG (BaseJdbcLogger.java:143)- ====>  Preparing: select id, name, sex, birthday, phone, ID_number, email, parent_phone, adress, major, state from student_basic where id = ? 
2019-09-02 12:39:15,268 DEBUG (BaseJdbcLogger.java:143)- ====> Parameters: 18962(String)
2019-09-02 12:39:15,269 DEBUG (BaseJdbcLogger.java:143)- <====      Total: 1
2019-09-02 12:39:15,269 DEBUG (BaseJdbcLogger.java:143)- ====>  Preparing: select id, name, sex, birthday, phone, ID_number, email, parent_phone, adress, major, state from student_basic where id = ? 
2019-09-02 12:39:15,270 DEBUG (BaseJdbcLogger.java:143)- ====> Parameters: 18967(String)
2019-09-02 12:39:15,270 DEBUG (BaseJdbcLogger.java:143)- <====      Total: 1
2019-09-02 12:39:15,271 DEBUG (BaseJdbcLogger.java:143)- ====>  Preparing: select id, name, sex, birthday, phone, ID_number, email, parent_phone, adress, major, state from student_basic where id = ? 
2019-09-02 12:39:15,271 DEBUG (BaseJdbcLogger.java:143)- ====> Parameters: 18973(String)
2019-09-02 12:39:15,272 DEBUG (BaseJdbcLogger.java:143)- <====      Total: 1
2019-09-02 12:39:15,273 DEBUG (BaseJdbcLogger.java:143)- ====>  Preparing: select id, name, sex, birthday, phone, ID_number, email, parent_phone, adress, major, state from student_basic where id = ? 
2019-09-02 12:39:15,273 DEBUG (BaseJdbcLogger.java:143)- ====> Parameters: 18974(String)
2019-09-02 12:39:15,274 DEBUG (BaseJdbcLogger.java:143)- <====      Total: 1
2019-09-02 12:39:15,274 DEBUG (BaseJdbcLogger.java:143)- ====>  Preparing: select id, name, sex, birthday, phone, ID_number, email, parent_phone, adress, major, state from student_basic where id = ? 
2019-09-02 12:39:15,274 DEBUG (BaseJdbcLogger.java:143)- ====> Parameters: 18975(String)
2019-09-02 12:39:15,275 DEBUG (BaseJdbcLogger.java:143)- <====      Total: 1
2019-09-02 12:39:15,275 DEBUG (BaseJdbcLogger.java:143)- ====>  Preparing: select id, name, sex, birthday, phone, ID_number, email, parent_phone, adress, major, state from student_basic where id = ? 
2019-09-02 12:39:15,276 DEBUG (BaseJdbcLogger.java:143)- ====> Parameters: 18976(String)
2019-09-02 12:39:15,276 DEBUG (BaseJdbcLogger.java:143)- <====      Total: 1
2019-09-02 12:39:15,276 DEBUG (BaseJdbcLogger.java:143)- ====>  Preparing: select id, name, sex, birthday, phone, ID_number, email, parent_phone, adress, major, state from student_basic where id = ? 
2019-09-02 12:39:15,277 DEBUG (BaseJdbcLogger.java:143)- ====> Parameters: 18977(String)
2019-09-02 12:39:15,277 DEBUG (BaseJdbcLogger.java:143)- <====      Total: 1
2019-09-02 12:39:15,277 DEBUG (BaseJdbcLogger.java:143)- ====>  Preparing: select id, name, sex, birthday, phone, ID_number, email, parent_phone, adress, major, state from student_basic where id = ? 
2019-09-02 12:39:15,278 DEBUG (BaseJdbcLogger.java:143)- ====> Parameters: 18978(String)
2019-09-02 12:39:15,278 DEBUG (BaseJdbcLogger.java:143)- <====      Total: 1
2019-09-02 12:39:15,279 DEBUG (BaseJdbcLogger.java:143)- ====>  Preparing: select id, name, sex, birthday, phone, ID_number, email, parent_phone, adress, major, state from student_basic where id = ? 
2019-09-02 12:39:15,279 DEBUG (BaseJdbcLogger.java:143)- ====> Parameters: 18980(String)
2019-09-02 12:39:15,279 DEBUG (BaseJdbcLogger.java:143)- <====      Total: 1
2019-09-02 12:39:15,280 DEBUG (BaseJdbcLogger.java:143)- ====>  Preparing: select id, name, sex, birthday, phone, ID_number, email, parent_phone, adress, major, state from student_basic where id = ? 
2019-09-02 12:39:15,280 DEBUG (BaseJdbcLogger.java:143)- ====> Parameters: 18981(String)
2019-09-02 12:39:15,281 DEBUG (BaseJdbcLogger.java:143)- <====      Total: 1
2019-09-02 12:39:15,281 DEBUG (BaseJdbcLogger.java:143)- ====>  Preparing: select id, name, sex, birthday, phone, ID_number, email, parent_phone, adress, major, state from student_basic where id = ? 
2019-09-02 12:39:15,281 DEBUG (BaseJdbcLogger.java:143)- ====> Parameters: 18984(String)
2019-09-02 12:39:15,282 DEBUG (BaseJdbcLogger.java:143)- <====      Total: 1
2019-09-02 12:39:15,282 DEBUG (BaseJdbcLogger.java:143)- ====>  Preparing: select id, name, sex, birthday, phone, ID_number, email, parent_phone, adress, major, state from student_basic where id = ? 
2019-09-02 12:39:15,282 DEBUG (BaseJdbcLogger.java:143)- ====> Parameters: 18985(String)
2019-09-02 12:39:15,283 DEBUG (BaseJdbcLogger.java:143)- <====      Total: 1
2019-09-02 12:39:15,283 DEBUG (BaseJdbcLogger.java:143)- ====>  Preparing: select id, name, sex, birthday, phone, ID_number, email, parent_phone, adress, major, state from student_basic where id = ? 
2019-09-02 12:39:15,283 DEBUG (BaseJdbcLogger.java:143)- ====> Parameters: 18986(String)
2019-09-02 12:39:15,284 DEBUG (BaseJdbcLogger.java:143)- <====      Total: 1
2019-09-02 12:39:15,285 DEBUG (BaseJdbcLogger.java:143)- ====>  Preparing: select id, name, sex, birthday, phone, ID_number, email, parent_phone, adress, major, state from student_basic where id = ? 
2019-09-02 12:39:15,285 DEBUG (BaseJdbcLogger.java:143)- ====> Parameters: 18987(String)
2019-09-02 12:39:15,286 DEBUG (BaseJdbcLogger.java:143)- <====      Total: 1
2019-09-02 12:39:15,287 DEBUG (BaseJdbcLogger.java:143)- ====>  Preparing: select id, name, sex, birthday, phone, ID_number, email, parent_phone, adress, major, state from student_basic where id = ? 
2019-09-02 12:39:15,287 DEBUG (BaseJdbcLogger.java:143)- ====> Parameters: 18991(String)
2019-09-02 12:39:15,288 DEBUG (BaseJdbcLogger.java:143)- <====      Total: 1
2019-09-02 12:39:15,288 DEBUG (BaseJdbcLogger.java:143)- ====>  Preparing: select id, name, sex, birthday, phone, ID_number, email, parent_phone, adress, major, state from student_basic where id = ? 
2019-09-02 12:39:15,288 DEBUG (BaseJdbcLogger.java:143)- ====> Parameters: 18993(String)
2019-09-02 12:39:15,289 DEBUG (BaseJdbcLogger.java:143)- <====      Total: 1
2019-09-02 12:39:15,289 DEBUG (BaseJdbcLogger.java:143)- ====>  Preparing: select id, name, sex, birthday, phone, ID_number, email, parent_phone, adress, major, state from student_basic where id = ? 
2019-09-02 12:39:15,289 DEBUG (BaseJdbcLogger.java:143)- ====> Parameters: 18994(String)
2019-09-02 12:39:15,290 DEBUG (BaseJdbcLogger.java:143)- <====      Total: 1
2019-09-02 12:39:15,290 DEBUG (BaseJdbcLogger.java:143)- ====>  Preparing: select id, name, sex, birthday, phone, ID_number, email, parent_phone, adress, major, state from student_basic where id = ? 
2019-09-02 12:39:15,290 DEBUG (BaseJdbcLogger.java:143)- ====> Parameters: 18995(String)
2019-09-02 12:39:15,291 DEBUG (BaseJdbcLogger.java:143)- <====      Total: 1
2019-09-02 12:39:15,291 DEBUG (BaseJdbcLogger.java:143)- ====>  Preparing: select id, name, sex, birthday, phone, ID_number, email, parent_phone, adress, major, state from student_basic where id = ? 
2019-09-02 12:39:15,291 DEBUG (BaseJdbcLogger.java:143)- ====> Parameters: 18997(String)
2019-09-02 12:39:15,292 DEBUG (BaseJdbcLogger.java:143)- <====      Total: 1
2019-09-02 12:39:15,292 DEBUG (BaseJdbcLogger.java:143)- ====>  Preparing: select id, name, sex, birthday, phone, ID_number, email, parent_phone, adress, major, state from student_basic where id = ? 
2019-09-02 12:39:15,292 DEBUG (BaseJdbcLogger.java:143)- ====> Parameters: 18998(String)
2019-09-02 12:39:15,293 DEBUG (BaseJdbcLogger.java:143)- <====      Total: 1
2019-09-02 12:39:15,293 DEBUG (BaseJdbcLogger.java:143)- ====>  Preparing: select id, name, sex, birthday, phone, ID_number, email, parent_phone, adress, major, state from student_basic where id = ? 
2019-09-02 12:39:15,293 DEBUG (BaseJdbcLogger.java:143)- ====> Parameters: 19001(String)
2019-09-02 12:39:15,294 DEBUG (BaseJdbcLogger.java:143)- <====      Total: 1
2019-09-02 12:39:15,294 DEBUG (BaseJdbcLogger.java:143)- <==      Total: 25
2019-09-02 12:39:15,294 DEBUG (BaseJdbcLogger.java:143)- ==>  Preparing: select dormitory_allocation.id, dormitory_allocation.class_id, dormitory_allocation.dormitory_id,dormitory_allocation.number from dormitory_allocation,dormitory WHERE dormitory_allocation.dormitory_id=dormitory.id and dormitory.sex=? and class_id = ? 
2019-09-02 12:39:15,294 DEBUG (BaseJdbcLogger.java:143)- ==> Parameters: 男(String), 080205201905(String)
2019-09-02 12:39:15,296 DEBUG (BaseJdbcLogger.java:143)- ====>  Preparing: select id, dong, floor, room, sex, number, rent from dormitory where id = ? 
2019-09-02 12:39:15,296 DEBUG (BaseJdbcLogger.java:143)- ====> Parameters: 28(Integer)
2019-09-02 12:39:15,297 DEBUG (BaseJdbcLogger.java:143)- <====      Total: 1
2019-09-02 12:39:15,297 DEBUG (BaseJdbcLogger.java:143)- ====>  Preparing: select id, dong, floor, room, sex, number, rent from dormitory where id = ? 
2019-09-02 12:39:15,298 DEBUG (BaseJdbcLogger.java:143)- ====> Parameters: 29(Integer)
2019-09-02 12:39:15,298 DEBUG (BaseJdbcLogger.java:143)- <====      Total: 1
2019-09-02 12:39:15,298 DEBUG (BaseJdbcLogger.java:143)- ====>  Preparing: select id, dong, floor, room, sex, number, rent from dormitory where id = ? 
2019-09-02 12:39:15,299 DEBUG (BaseJdbcLogger.java:143)- ====> Parameters: 30(Integer)
2019-09-02 12:39:15,299 DEBUG (BaseJdbcLogger.java:143)- <====      Total: 1
2019-09-02 12:39:15,299 DEBUG (BaseJdbcLogger.java:143)- ====>  Preparing: select id, dong, floor, room, sex, number, rent from dormitory where id = ? 
2019-09-02 12:39:15,300 DEBUG (BaseJdbcLogger.java:143)- ====> Parameters: 31(Integer)
2019-09-02 12:39:15,300 DEBUG (BaseJdbcLogger.java:143)- <====      Total: 1
2019-09-02 12:39:15,301 DEBUG (BaseJdbcLogger.java:143)- ====>  Preparing: select id, dong, floor, room, sex, number, rent from dormitory where id = ? 
2019-09-02 12:39:15,301 DEBUG (BaseJdbcLogger.java:143)- ====> Parameters: 32(Integer)
2019-09-02 12:39:15,301 DEBUG (BaseJdbcLogger.java:143)- <====      Total: 1
2019-09-02 12:39:15,301 DEBUG (BaseJdbcLogger.java:143)- <==      Total: 5
2019-09-02 12:39:15,302 DEBUG (BaseJdbcLogger.java:143)- ==>  Preparing: select dormitory_allocation.id, dormitory_allocation.class_id, dormitory_allocation.dormitory_id,dormitory_allocation.number from dormitory_allocation,dormitory WHERE dormitory_allocation.dormitory_id=dormitory.id and dormitory.sex=? and class_id = ? 
2019-09-02 12:39:15,302 DEBUG (BaseJdbcLogger.java:143)- ==> Parameters: 女(String), 080205201905(String)
2019-09-02 12:39:15,303 DEBUG (BaseJdbcLogger.java:143)- ====>  Preparing: select id, dong, floor, room, sex, number, rent from dormitory where id = ? 
2019-09-02 12:39:15,303 DEBUG (BaseJdbcLogger.java:143)- ====> Parameters: 479(Integer)
2019-09-02 12:39:15,304 DEBUG (BaseJdbcLogger.java:143)- <====      Total: 1
2019-09-02 12:39:15,304 DEBUG (BaseJdbcLogger.java:143)- ====>  Preparing: select id, dong, floor, room, sex, number, rent from dormitory where id = ? 
2019-09-02 12:39:15,305 DEBUG (BaseJdbcLogger.java:143)- ====> Parameters: 480(Integer)
2019-09-02 12:39:15,305 DEBUG (BaseJdbcLogger.java:143)- <====      Total: 1
2019-09-02 12:39:15,305 DEBUG (BaseJdbcLogger.java:143)- ====>  Preparing: select id, dong, floor, room, sex, number, rent from dormitory where id = ? 
2019-09-02 12:39:15,306 DEBUG (BaseJdbcLogger.java:143)- ====> Parameters: 481(Integer)
2019-09-02 12:39:15,306 DEBUG (BaseJdbcLogger.java:143)- <====      Total: 1
2019-09-02 12:39:15,306 DEBUG (BaseJdbcLogger.java:143)- ====>  Preparing: select id, dong, floor, room, sex, number, rent from dormitory where id = ? 
2019-09-02 12:39:15,307 DEBUG (BaseJdbcLogger.java:143)- ====> Parameters: 482(Integer)
2019-09-02 12:39:15,307 DEBUG (BaseJdbcLogger.java:143)- <====      Total: 1
2019-09-02 12:39:15,307 DEBUG (BaseJdbcLogger.java:143)- ====>  Preparing: select id, dong, floor, room, sex, number, rent from dormitory where id = ? 
2019-09-02 12:39:15,308 DEBUG (BaseJdbcLogger.java:143)- ====> Parameters: 483(Integer)
2019-09-02 12:39:15,308 DEBUG (BaseJdbcLogger.java:143)- <====      Total: 1
2019-09-02 12:39:15,308 DEBUG (BaseJdbcLogger.java:143)- <==      Total: 5
2019-09-02 12:39:15,309 DEBUG (BaseJdbcLogger.java:143)- ==>  Preparing: select student_status.id,student_status.basic_id, student_status.student_id, student_status.class_id from student_status,student_basic where student_status.basic_id=student_basic.id and student_basic.sex=? and student_status.class_id=? 
2019-09-02 12:39:15,309 DEBUG (BaseJdbcLogger.java:143)- ==> Parameters: 男(String), 130503201901(String)
2019-09-02 12:39:15,311 DEBUG (BaseJdbcLogger.java:143)- ====>  Preparing: select id, name, sex, birthday, phone, ID_number, email, parent_phone, adress, major, state from student_basic where id = ? 
2019-09-02 12:39:15,311 DEBUG (BaseJdbcLogger.java:143)- ====> Parameters: 18580(String)
2019-09-02 12:39:15,312 DEBUG (BaseJdbcLogger.java:143)- <====      Total: 1
2019-09-02 12:39:15,312 DEBUG (BaseJdbcLogger.java:143)- ====>  Preparing: select id, class_id, name, director, grade, major_id from class where class_id = ? 
2019-09-02 12:39:15,313 DEBUG (BaseJdbcLogger.java:143)- ====> Parameters: 130503201901(String)
2019-09-02 12:39:15,313 DEBUG (BaseJdbcLogger.java:143)- ======>  Preparing: select id, major_id, name, price, department_id from major where major_id = ? 
2019-09-02 12:39:15,314 DEBUG (BaseJdbcLogger.java:143)- ======> Parameters: 130503(String)
2019-09-02 12:39:15,315 DEBUG (BaseJdbcLogger.java:143)- <======      Total: 1
2019-09-02 12:39:15,315 DEBUG (BaseJdbcLogger.java:143)- <====      Total: 1
2019-09-02 12:39:15,315 DEBUG (BaseJdbcLogger.java:143)- ====>  Preparing: select id, name, sex, birthday, phone, ID_number, email, parent_phone, adress, major, state from student_basic where id = ? 
2019-09-02 12:39:15,316 DEBUG (BaseJdbcLogger.java:143)- ====> Parameters: 18581(String)
2019-09-02 12:39:15,317 DEBUG (BaseJdbcLogger.java:143)- <====      Total: 1
2019-09-02 12:39:15,317 DEBUG (BaseJdbcLogger.java:143)- ====>  Preparing: select id, name, sex, birthday, phone, ID_number, email, parent_phone, adress, major, state from student_basic where id = ? 
2019-09-02 12:39:15,317 DEBUG (BaseJdbcLogger.java:143)- ====> Parameters: 18585(String)
2019-09-02 12:39:15,318 DEBUG (BaseJdbcLogger.java:143)- <====      Total: 1
2019-09-02 12:39:15,318 DEBUG (BaseJdbcLogger.java:143)- ====>  Preparing: select id, name, sex, birthday, phone, ID_number, email, parent_phone, adress, major, state from student_basic where id = ? 
2019-09-02 12:39:15,318 DEBUG (BaseJdbcLogger.java:143)- ====> Parameters: 18586(String)
2019-09-02 12:39:15,319 DEBUG (BaseJdbcLogger.java:143)- <====      Total: 1
2019-09-02 12:39:15,320 DEBUG (BaseJdbcLogger.java:143)- ====>  Preparing: select id, name, sex, birthday, phone, ID_number, email, parent_phone, adress, major, state from student_basic where id = ? 
2019-09-02 12:39:15,320 DEBUG (BaseJdbcLogger.java:143)- ====> Parameters: 18587(String)
2019-09-02 12:39:15,321 DEBUG (BaseJdbcLogger.java:143)- <====      Total: 1
2019-09-02 12:39:15,321 DEBUG (BaseJdbcLogger.java:143)- ====>  Preparing: select id, name, sex, birthday, phone, ID_number, email, parent_phone, adress, major, state from student_basic where id = ? 
2019-09-02 12:39:15,321 DEBUG (BaseJdbcLogger.java:143)- ====> Parameters: 18589(String)
2019-09-02 12:39:15,322 DEBUG (BaseJdbcLogger.java:143)- <====      Total: 1
2019-09-02 12:39:15,322 DEBUG (BaseJdbcLogger.java:143)- ====>  Preparing: select id, name, sex, birthday, phone, ID_number, email, parent_phone, adress, major, state from student_basic where id = ? 
2019-09-02 12:39:15,322 DEBUG (BaseJdbcLogger.java:143)- ====> Parameters: 18593(String)
2019-09-02 12:39:15,323 DEBUG (BaseJdbcLogger.java:143)- <====      Total: 1
2019-09-02 12:39:15,323 DEBUG (BaseJdbcLogger.java:143)- ====>  Preparing: select id, name, sex, birthday, phone, ID_number, email, parent_phone, adress, major, state from student_basic where id = ? 
2019-09-02 12:39:15,323 DEBUG (BaseJdbcLogger.java:143)- ====> Parameters: 18594(String)
2019-09-02 12:39:15,324 DEBUG (BaseJdbcLogger.java:143)- <====      Total: 1
2019-09-02 12:39:15,324 DEBUG (BaseJdbcLogger.java:143)- ====>  Preparing: select id, name, sex, birthday, phone, ID_number, email, parent_phone, adress, major, state from student_basic where id = ? 
2019-09-02 12:39:15,324 DEBUG (BaseJdbcLogger.java:143)- ====> Parameters: 18595(String)
2019-09-02 12:39:15,325 DEBUG (BaseJdbcLogger.java:143)- <====      Total: 1
2019-09-02 12:39:15,325 DEBUG (BaseJdbcLogger.java:143)- ====>  Preparing: select id, name, sex, birthday, phone, ID_number, email, parent_phone, adress, major, state from student_basic where id = ? 
2019-09-02 12:39:15,325 DEBUG (BaseJdbcLogger.java:143)- ====> Parameters: 18596(String)
2019-09-02 12:39:15,326 DEBUG (BaseJdbcLogger.java:143)- <====      Total: 1
2019-09-02 12:39:15,326 DEBUG (BaseJdbcLogger.java:143)- ====>  Preparing: select id, name, sex, birthday, phone, ID_number, email, parent_phone, adress, major, state from student_basic where id = ? 
2019-09-02 12:39:15,326 DEBUG (BaseJdbcLogger.java:143)- ====> Parameters: 18598(String)
2019-09-02 12:39:15,327 DEBUG (BaseJdbcLogger.java:143)- <====      Total: 1
2019-09-02 12:39:15,327 DEBUG (BaseJdbcLogger.java:143)- ====>  Preparing: select id, name, sex, birthday, phone, ID_number, email, parent_phone, adress, major, state from student_basic where id = ? 
2019-09-02 12:39:15,327 DEBUG (BaseJdbcLogger.java:143)- ====> Parameters: 18600(String)
2019-09-02 12:39:15,328 DEBUG (BaseJdbcLogger.java:143)- <====      Total: 1
2019-09-02 12:39:15,329 DEBUG (BaseJdbcLogger.java:143)- ====>  Preparing: select id, name, sex, birthday, phone, ID_number, email, parent_phone, adress, major, state from student_basic where id = ? 
2019-09-02 12:39:15,329 DEBUG (BaseJdbcLogger.java:143)- ====> Parameters: 18601(String)
2019-09-02 12:39:15,330 DEBUG (BaseJdbcLogger.java:143)- <====      Total: 1
2019-09-02 12:39:15,331 DEBUG (BaseJdbcLogger.java:143)- ====>  Preparing: select id, name, sex, birthday, phone, ID_number, email, parent_phone, adress, major, state from student_basic where id = ? 
2019-09-02 12:39:15,331 DEBUG (BaseJdbcLogger.java:143)- ====> Parameters: 18602(String)
2019-09-02 12:39:15,332 DEBUG (BaseJdbcLogger.java:143)- <====      Total: 1
2019-09-02 12:39:15,332 DEBUG (BaseJdbcLogger.java:143)- ====>  Preparing: select id, name, sex, birthday, phone, ID_number, email, parent_phone, adress, major, state from student_basic where id = ? 
2019-09-02 12:39:15,332 DEBUG (BaseJdbcLogger.java:143)- ====> Parameters: 18603(String)
2019-09-02 12:39:15,333 DEBUG (BaseJdbcLogger.java:143)- <====      Total: 1
2019-09-02 12:39:15,333 DEBUG (BaseJdbcLogger.java:143)- ====>  Preparing: select id, name, sex, birthday, phone, ID_number, email, parent_phone, adress, major, state from student_basic where id = ? 
2019-09-02 12:39:15,333 DEBUG (BaseJdbcLogger.java:143)- ====> Parameters: 18604(String)
2019-09-02 12:39:15,334 DEBUG (BaseJdbcLogger.java:143)- <====      Total: 1
2019-09-02 12:39:15,334 DEBUG (BaseJdbcLogger.java:143)- ====>  Preparing: select id, name, sex, birthday, phone, ID_number, email, parent_phone, adress, major, state from student_basic where id = ? 
2019-09-02 12:39:15,334 DEBUG (BaseJdbcLogger.java:143)- ====> Parameters: 18605(String)
2019-09-02 12:39:15,335 DEBUG (BaseJdbcLogger.java:143)- <====      Total: 1
2019-09-02 12:39:15,335 DEBUG (BaseJdbcLogger.java:143)- ====>  Preparing: select id, name, sex, birthday, phone, ID_number, email, parent_phone, adress, major, state from student_basic where id = ? 
2019-09-02 12:39:15,335 DEBUG (BaseJdbcLogger.java:143)- ====> Parameters: 18606(String)
2019-09-02 12:39:15,336 DEBUG (BaseJdbcLogger.java:143)- <====      Total: 1
2019-09-02 12:39:15,336 DEBUG (BaseJdbcLogger.java:143)- ====>  Preparing: select id, name, sex, birthday, phone, ID_number, email, parent_phone, adress, major, state from student_basic where id = ? 
2019-09-02 12:39:15,337 DEBUG (BaseJdbcLogger.java:143)- ====> Parameters: 18607(String)
2019-09-02 12:39:15,337 DEBUG (BaseJdbcLogger.java:143)- <====      Total: 1
2019-09-02 12:39:15,338 DEBUG (BaseJdbcLogger.java:143)- ====>  Preparing: select id, name, sex, birthday, phone, ID_number, email, parent_phone, adress, major, state from student_basic where id = ? 
2019-09-02 12:39:15,338 DEBUG (BaseJdbcLogger.java:143)- ====> Parameters: 18608(String)
2019-09-02 12:39:15,339 DEBUG (BaseJdbcLogger.java:143)- <====      Total: 1
2019-09-02 12:39:15,339 DEBUG (BaseJdbcLogger.java:143)- ====>  Preparing: select id, name, sex, birthday, phone, ID_number, email, parent_phone, adress, major, state from student_basic where id = ? 
2019-09-02 12:39:15,339 DEBUG (BaseJdbcLogger.java:143)- ====> Parameters: 18609(String)
2019-09-02 12:39:15,340 DEBUG (BaseJdbcLogger.java:143)- <====      Total: 1
2019-09-02 12:39:15,340 DEBUG (BaseJdbcLogger.java:143)- ====>  Preparing: select id, name, sex, birthday, phone, ID_number, email, parent_phone, adress, major, state from student_basic where id = ? 
2019-09-02 12:39:15,340 DEBUG (BaseJdbcLogger.java:143)- ====> Parameters: 18610(String)
2019-09-02 12:39:15,341 DEBUG (BaseJdbcLogger.java:143)- <====      Total: 1
2019-09-02 12:39:15,341 DEBUG (BaseJdbcLogger.java:143)- ====>  Preparing: select id, name, sex, birthday, phone, ID_number, email, parent_phone, adress, major, state from student_basic where id = ? 
2019-09-02 12:39:15,341 DEBUG (BaseJdbcLogger.java:143)- ====> Parameters: 18611(String)
2019-09-02 12:39:15,342 DEBUG (BaseJdbcLogger.java:143)- <====      Total: 1
2019-09-02 12:39:15,342 DEBUG (BaseJdbcLogger.java:143)- ====>  Preparing: select id, name, sex, birthday, phone, ID_number, email, parent_phone, adress, major, state from student_basic where id = ? 
2019-09-02 12:39:15,342 DEBUG (BaseJdbcLogger.java:143)- ====> Parameters: 18612(String)
2019-09-02 12:39:15,343 DEBUG (BaseJdbcLogger.java:143)- <====      Total: 1
2019-09-02 12:39:15,343 DEBUG (BaseJdbcLogger.java:143)- <==      Total: 24
2019-09-02 12:39:15,343 DEBUG (BaseJdbcLogger.java:143)- ==>  Preparing: select student_status.id,student_status.basic_id, student_status.student_id, student_status.class_id from student_status,student_basic where student_status.basic_id=student_basic.id and student_basic.sex=? and student_status.class_id=? 
2019-09-02 12:39:15,343 DEBUG (BaseJdbcLogger.java:143)- ==> Parameters: 女(String), 130503201901(String)
2019-09-02 12:39:15,345 DEBUG (BaseJdbcLogger.java:143)- ====>  Preparing: select id, name, sex, birthday, phone, ID_number, email, parent_phone, adress, major, state from student_basic where id = ? 
2019-09-02 12:39:15,345 DEBUG (BaseJdbcLogger.java:143)- ====> Parameters: 18578(String)
2019-09-02 12:39:15,346 DEBUG (BaseJdbcLogger.java:143)- <====      Total: 1
2019-09-02 12:39:15,346 DEBUG (BaseJdbcLogger.java:143)- ====>  Preparing: select id, class_id, name, director, grade, major_id from class where class_id = ? 
2019-09-02 12:39:15,347 DEBUG (BaseJdbcLogger.java:143)- ====> Parameters: 130503201901(String)
2019-09-02 12:39:15,347 DEBUG (BaseJdbcLogger.java:143)- ======>  Preparing: select id, major_id, name, price, department_id from major where major_id = ? 
2019-09-02 12:39:15,347 DEBUG (BaseJdbcLogger.java:143)- ======> Parameters: 130503(String)
2019-09-02 12:39:15,348 DEBUG (BaseJdbcLogger.java:143)- <======      Total: 1
2019-09-02 12:39:15,348 DEBUG (BaseJdbcLogger.java:143)- <====      Total: 1
2019-09-02 12:39:15,348 DEBUG (BaseJdbcLogger.java:143)- ====>  Preparing: select id, name, sex, birthday, phone, ID_number, email, parent_phone, adress, major, state from student_basic where id = ? 
2019-09-02 12:39:15,348 DEBUG (BaseJdbcLogger.java:143)- ====> Parameters: 18579(String)
2019-09-02 12:39:15,349 DEBUG (BaseJdbcLogger.java:143)- <====      Total: 1
2019-09-02 12:39:15,349 DEBUG (BaseJdbcLogger.java:143)- ====>  Preparing: select id, name, sex, birthday, phone, ID_number, email, parent_phone, adress, major, state from student_basic where id = ? 
2019-09-02 12:39:15,349 DEBUG (BaseJdbcLogger.java:143)- ====> Parameters: 18582(String)
2019-09-02 12:39:15,350 DEBUG (BaseJdbcLogger.java:143)- <====      Total: 1
2019-09-02 12:39:15,350 DEBUG (BaseJdbcLogger.java:143)- ====>  Preparing: select id, name, sex, birthday, phone, ID_number, email, parent_phone, adress, major, state from student_basic where id = ? 
2019-09-02 12:39:15,350 DEBUG (BaseJdbcLogger.java:143)- ====> Parameters: 18583(String)
2019-09-02 12:39:15,351 DEBUG (BaseJdbcLogger.java:143)- <====      Total: 1
2019-09-02 12:39:15,352 DEBUG (BaseJdbcLogger.java:143)- ====>  Preparing: select id, name, sex, birthday, phone, ID_number, email, parent_phone, adress, major, state from student_basic where id = ? 
2019-09-02 12:39:15,352 DEBUG (BaseJdbcLogger.java:143)- ====> Parameters: 18584(String)
2019-09-02 12:39:15,353 DEBUG (BaseJdbcLogger.java:143)- <====      Total: 1
2019-09-02 12:39:15,354 DEBUG (BaseJdbcLogger.java:143)- ====>  Preparing: select id, name, sex, birthday, phone, ID_number, email, parent_phone, adress, major, state from student_basic where id = ? 
2019-09-02 12:39:15,354 DEBUG (BaseJdbcLogger.java:143)- ====> Parameters: 18588(String)
2019-09-02 12:39:15,355 DEBUG (BaseJdbcLogger.java:143)- <====      Total: 1
2019-09-02 12:39:15,355 DEBUG (BaseJdbcLogger.java:143)- ====>  Preparing: select id, name, sex, birthday, phone, ID_number, email, parent_phone, adress, major, state from student_basic where id = ? 
2019-09-02 12:39:15,355 DEBUG (BaseJdbcLogger.java:143)- ====> Parameters: 18590(String)
2019-09-02 12:39:15,356 DEBUG (BaseJdbcLogger.java:143)- <====      Total: 1
2019-09-02 12:39:15,356 DEBUG (BaseJdbcLogger.java:143)- ====>  Preparing: select id, name, sex, birthday, phone, ID_number, email, parent_phone, adress, major, state from student_basic where id = ? 
2019-09-02 12:39:15,356 DEBUG (BaseJdbcLogger.java:143)- ====> Parameters: 18591(String)
2019-09-02 12:39:15,357 DEBUG (BaseJdbcLogger.java:143)- <====      Total: 1
2019-09-02 12:39:15,357 DEBUG (BaseJdbcLogger.java:143)- ====>  Preparing: select id, name, sex, birthday, phone, ID_number, email, parent_phone, adress, major, state from student_basic where id = ? 
2019-09-02 12:39:15,357 DEBUG (BaseJdbcLogger.java:143)- ====> Parameters: 18592(String)
