2019-08-22 22:49:16,166 DEBUG (BaseJdbcLogger.java:143)- <====      Total: 1
2019-08-22 22:49:16,168 DEBUG (BaseJdbcLogger.java:143)- ====>  Preparing: select id, dong, floor, room, sex, number, rent from dormitory where id = ? 
2019-08-22 22:49:16,169 DEBUG (BaseJdbcLogger.java:143)- ====> Parameters: 499(Integer)
2019-08-22 22:49:16,170 DEBUG (BaseJdbcLogger.java:143)- <====      Total: 1
2019-08-22 22:49:16,171 DEBUG (BaseJdbcLogger.java:143)- ====>  Preparing: select id, dong, floor, room, sex, number, rent from dormitory where id = ? 
2019-08-22 22:49:16,172 DEBUG (BaseJdbcLogger.java:143)- ====> Parameters: 513(Integer)
2019-08-22 22:49:16,173 DEBUG (BaseJdbcLogger.java:143)- <====      Total: 1
2019-08-22 22:49:16,173 DEBUG (BaseJdbcLogger.java:143)- ====>  Preparing: select id, dong, floor, room, sex, number, rent from dormitory where id = ? 
2019-08-22 22:49:16,175 DEBUG (BaseJdbcLogger.java:143)- ====> Parameters: 518(Integer)
2019-08-22 22:49:16,175 DEBUG (BaseJdbcLogger.java:143)- <====      Total: 1
2019-08-22 22:49:16,176 DEBUG (BaseJdbcLogger.java:143)- <==      Total: 7
2019-08-22 22:49:16,176 DEBUG (BaseJdbcLogger.java:143)- ==>  Preparing: select student_status.id,student_status.basic_id, student_status.student_id, student_status.class_id from student_status,student_basic where student_status.basic_id=student_basic.id and student_basic.sex=? and student_status.class_id=? 
2019-08-22 22:49:16,176 DEBUG (BaseJdbcLogger.java:143)- ==> Parameters: 男(String), 080703201903(String)
2019-08-22 22:49:16,177 DEBUG (BaseJdbcLogger.java:143)- ====>  Preparing: select id, name, sex, birthday, phone, ID_number, email, parent_phone, adress, major, state from student_basic where id = ? 
2019-08-22 22:49:16,177 DEBUG (BaseJdbcLogger.java:143)- ====> Parameters: 12319(String)
2019-08-22 22:49:16,178 DEBUG (BaseJdbcLogger.java:143)- <====      Total: 1
2019-08-22 22:49:16,179 DEBUG (BaseJdbcLogger.java:143)- ====>  Preparing: select id, class_id, name, director, grade, major_id from class where class_id = ? 
2019-08-22 22:49:16,179 DEBUG (BaseJdbcLogger.java:143)- ====> Parameters: 080703201903(String)
2019-08-22 22:49:16,180 DEBUG (BaseJdbcLogger.java:143)- ======>  Preparing: select id, major_id, name, price, department_id from major where major_id = ? 
2019-08-22 22:49:16,180 DEBUG (BaseJdbcLogger.java:143)- ======> Parameters: 080703(String)
2019-08-22 22:49:16,181 DEBUG (BaseJdbcLogger.java:143)- <======      Total: 1
2019-08-22 22:49:16,181 DEBUG (BaseJdbcLogger.java:143)- <====      Total: 1
2019-08-22 22:49:16,181 DEBUG (BaseJdbcLogger.java:143)- ====>  Preparing: select id, name, sex, birthday, phone, ID_number, email, parent_phone, adress, major, state from student_basic where id = ? 
2019-08-22 22:49:16,182 DEBUG (BaseJdbcLogger.java:143)- ====> Parameters: 12321(String)
2019-08-22 22:49:16,183 DEBUG (BaseJdbcLogger.java:143)- <====      Total: 1
2019-08-22 22:49:16,183 DEBUG (BaseJdbcLogger.java:143)- ====>  Preparing: select id, name, sex, birthday, phone, ID_number, email, parent_phone, adress, major, state from student_basic where id = ? 
2019-08-22 22:49:16,183 DEBUG (BaseJdbcLogger.java:143)- ====> Parameters: 12323(String)
2019-08-22 22:49:16,185 DEBUG (BaseJdbcLogger.java:143)- <====      Total: 1
2019-08-22 22:49:16,185 DEBUG (BaseJdbcLogger.java:143)- ====>  Preparing: select id, name, sex, birthday, phone, ID_number, email, parent_phone, adress, major, state from student_basic where id = ? 
2019-08-22 22:49:16,186 DEBUG (BaseJdbcLogger.java:143)- ====> Parameters: 12324(String)
2019-08-22 22:49:16,187 DEBUG (BaseJdbcLogger.java:143)- <====      Total: 1
2019-08-22 22:49:16,187 DEBUG (BaseJdbcLogger.java:143)- ====>  Preparing: select id, name, sex, birthday, phone, ID_number, email, parent_phone, adress, major, state from student_basic where id = ? 
2019-08-22 22:49:16,188 DEBUG (BaseJdbcLogger.java:143)- ====> Parameters: 12326(String)
2019-08-22 22:49:16,188 DEBUG (BaseJdbcLogger.java:143)- <====      Total: 1
2019-08-22 22:49:16,189 DEBUG (BaseJdbcLogger.java:143)- ====>  Preparing: select id, name, sex, birthday, phone, ID_number, email, parent_phone, adress, major, state from student_basic where id = ? 
2019-08-22 22:49:16,189 DEBUG (BaseJdbcLogger.java:143)- ====> Parameters: 12327(String)
2019-08-22 22:49:16,190 DEBUG (BaseJdbcLogger.java:143)- <====      Total: 1
2019-08-22 22:49:16,190 DEBUG (BaseJdbcLogger.java:143)- ====>  Preparing: select id, name, sex, birthday, phone, ID_number, email, parent_phone, adress, major, state from student_basic where id = ? 
2019-08-22 22:49:16,191 DEBUG (BaseJdbcLogger.java:143)- ====> Parameters: 12328(String)
2019-08-22 22:49:16,192 DEBUG (BaseJdbcLogger.java:143)- <====      Total: 1
2019-08-22 22:49:16,192 DEBUG (BaseJdbcLogger.java:143)- ====>  Preparing: select id, name, sex, birthday, phone, ID_number, email, parent_phone, adress, major, state from student_basic where id = ? 
2019-08-22 22:49:16,193 DEBUG (BaseJdbcLogger.java:143)- ====> Parameters: 12329(String)
2019-08-22 22:49:16,193 DEBUG (BaseJdbcLogger.java:143)- <====      Total: 1
2019-08-22 22:49:16,194 DEBUG (BaseJdbcLogger.java:143)- ====>  Preparing: select id, name, sex, birthday, phone, ID_number, email, parent_phone, adress, major, state from student_basic where id = ? 
2019-08-22 22:49:16,194 DEBUG (BaseJdbcLogger.java:143)- ====> Parameters: 12334(String)
2019-08-22 22:49:16,194 DEBUG (BaseJdbcLogger.java:143)- <====      Total: 1
2019-08-22 22:49:16,195 DEBUG (BaseJdbcLogger.java:143)- ====>  Preparing: select id, name, sex, birthday, phone, ID_number, email, parent_phone, adress, major, state from student_basic where id = ? 
2019-08-22 22:49:16,195 DEBUG (BaseJdbcLogger.java:143)- ====> Parameters: 12337(String)
2019-08-22 22:49:16,195 DEBUG (BaseJdbcLogger.java:143)- <====      Total: 1
2019-08-22 22:49:16,196 DEBUG (BaseJdbcLogger.java:143)- ====>  Preparing: select id, name, sex, birthday, phone, ID_number, email, parent_phone, adress, major, state from student_basic where id = ? 
2019-08-22 22:49:16,196 DEBUG (BaseJdbcLogger.java:143)- ====> Parameters: 12338(String)
2019-08-22 22:49:16,197 DEBUG (BaseJdbcLogger.java:143)- <====      Total: 1
2019-08-22 22:49:16,197 DEBUG (BaseJdbcLogger.java:143)- ====>  Preparing: select id, name, sex, birthday, phone, ID_number, email, parent_phone, adress, major, state from student_basic where id = ? 
2019-08-22 22:49:16,198 DEBUG (BaseJdbcLogger.java:143)- ====> Parameters: 12339(String)
2019-08-22 22:49:16,198 DEBUG (BaseJdbcLogger.java:143)- <====      Total: 1
2019-08-22 22:49:16,199 DEBUG (BaseJdbcLogger.java:143)- ====>  Preparing: select id, name, sex, birthday, phone, ID_number, email, parent_phone, adress, major, state from student_basic where id = ? 
2019-08-22 22:49:16,199 DEBUG (BaseJdbcLogger.java:143)- ====> Parameters: 12344(String)
2019-08-22 22:49:16,199 DEBUG (BaseJdbcLogger.java:143)- <====      Total: 1
2019-08-22 22:49:16,199 DEBUG (BaseJdbcLogger.java:143)- ====>  Preparing: select id, name, sex, birthday, phone, ID_number, email, parent_phone, adress, major, state from student_basic where id = ? 
2019-08-22 22:49:16,200 DEBUG (BaseJdbcLogger.java:143)- ====> Parameters: 12345(String)
2019-08-22 22:49:16,200 DEBUG (BaseJdbcLogger.java:143)- <====      Total: 1
2019-08-22 22:49:16,201 DEBUG (BaseJdbcLogger.java:143)- ====>  Preparing: select id, name, sex, birthday, phone, ID_number, email, parent_phone, adress, major, state from student_basic where id = ? 
2019-08-22 22:49:16,201 DEBUG (BaseJdbcLogger.java:143)- ====> Parameters: 12347(String)
2019-08-22 22:49:16,202 DEBUG (BaseJdbcLogger.java:143)- <====      Total: 1
2019-08-22 22:49:16,203 DEBUG (BaseJdbcLogger.java:143)- ====>  Preparing: select id, name, sex, birthday, phone, ID_number, email, parent_phone, adress, major, state from student_basic where id = ? 
2019-08-22 22:49:16,203 DEBUG (BaseJdbcLogger.java:143)- ====> Parameters: 12349(String)
2019-08-22 22:49:16,204 DEBUG (BaseJdbcLogger.java:143)- <====      Total: 1
2019-08-22 22:49:16,204 DEBUG (BaseJdbcLogger.java:143)- ====>  Preparing: select id, name, sex, birthday, phone, ID_number, email, parent_phone, adress, major, state from student_basic where id = ? 
2019-08-22 22:49:16,205 DEBUG (BaseJdbcLogger.java:143)- ====> Parameters: 12350(String)
2019-08-22 22:49:16,205 DEBUG (BaseJdbcLogger.java:143)- <====      Total: 1
2019-08-22 22:49:16,207 DEBUG (BaseJdbcLogger.java:143)- ====>  Preparing: select id, name, sex, birthday, phone, ID_number, email, parent_phone, adress, major, state from student_basic where id = ? 
2019-08-22 22:49:16,207 DEBUG (BaseJdbcLogger.java:143)- ====> Parameters: 12351(String)
2019-08-22 22:49:16,208 DEBUG (BaseJdbcLogger.java:143)- <====      Total: 1
2019-08-22 22:49:16,208 DEBUG (BaseJdbcLogger.java:143)- ====>  Preparing: select id, name, sex, birthday, phone, ID_number, email, parent_phone, adress, major, state from student_basic where id = ? 
2019-08-22 22:49:16,208 DEBUG (BaseJdbcLogger.java:143)- ====> Parameters: 12352(String)
2019-08-22 22:49:16,209 DEBUG (BaseJdbcLogger.java:143)- <====      Total: 1
2019-08-22 22:49:16,209 DEBUG (BaseJdbcLogger.java:143)- ====>  Preparing: select id, name, sex, birthday, phone, ID_number, email, parent_phone, adress, major, state from student_basic where id = ? 
2019-08-22 22:49:16,209 DEBUG (BaseJdbcLogger.java:143)- ====> Parameters: 12355(String)
2019-08-22 22:49:16,210 DEBUG (BaseJdbcLogger.java:143)- <====      Total: 1
2019-08-22 22:49:16,210 DEBUG (BaseJdbcLogger.java:143)- ====>  Preparing: select id, name, sex, birthday, phone, ID_number, email, parent_phone, adress, major, state from student_basic where id = ? 
2019-08-22 22:49:16,210 DEBUG (BaseJdbcLogger.java:143)- ====> Parameters: 12356(String)
2019-08-22 22:49:16,211 DEBUG (BaseJdbcLogger.java:143)- <====      Total: 1
2019-08-22 22:49:16,211 DEBUG (BaseJdbcLogger.java:143)- ====>  Preparing: select id, name, sex, birthday, phone, ID_number, email, parent_phone, adress, major, state from student_basic where id = ? 
2019-08-22 22:49:16,211 DEBUG (BaseJdbcLogger.java:143)- ====> Parameters: 12357(String)
2019-08-22 22:49:16,211 DEBUG (BaseJdbcLogger.java:143)- <====      Total: 1
2019-08-22 22:49:16,212 DEBUG (BaseJdbcLogger.java:143)- ====>  Preparing: select id, name, sex, birthday, phone, ID_number, email, parent_phone, adress, major, state from student_basic where id = ? 
2019-08-22 22:49:16,213 DEBUG (BaseJdbcLogger.java:143)- ====> Parameters: 12358(String)
2019-08-22 22:49:16,213 DEBUG (BaseJdbcLogger.java:143)- <====      Total: 1
2019-08-22 22:49:16,214 DEBUG (BaseJdbcLogger.java:143)- ====>  Preparing: select id, name, sex, birthday, phone, ID_number, email, parent_phone, adress, major, state from student_basic where id = ? 
2019-08-22 22:49:16,215 DEBUG (BaseJdbcLogger.java:143)- ====> Parameters: 12360(String)
2019-08-22 22:49:16,215 DEBUG (BaseJdbcLogger.java:143)- <====      Total: 1
2019-08-22 22:49:16,216 DEBUG (BaseJdbcLogger.java:143)- ====>  Preparing: select id, name, sex, birthday, phone, ID_number, email, parent_phone, adress, major, state from student_basic where id = ? 
2019-08-22 22:49:16,216 DEBUG (BaseJdbcLogger.java:143)- ====> Parameters: 12361(String)
2019-08-22 22:49:16,217 DEBUG (BaseJdbcLogger.java:143)- <====      Total: 1
2019-08-22 22:49:16,218 DEBUG (BaseJdbcLogger.java:143)- <==      Total: 25
2019-08-22 22:49:16,219 DEBUG (BaseJdbcLogger.java:143)- ==>  Preparing: select student_status.id,student_status.basic_id, student_status.student_id, student_status.class_id from student_status,student_basic where student_status.basic_id=student_basic.id and student_basic.sex=? and student_status.class_id=? 
2019-08-22 22:49:16,220 DEBUG (BaseJdbcLogger.java:143)- ==> Parameters: 女(String), 080703201903(String)
2019-08-22 22:49:16,222 DEBUG (BaseJdbcLogger.java:143)- ====>  Preparing: select id, name, sex, birthday, phone, ID_number, email, parent_phone, adress, major, state from student_basic where id = ? 
2019-08-22 22:49:16,223 DEBUG (BaseJdbcLogger.java:143)- ====> Parameters: 12320(String)
2019-08-22 22:49:16,224 DEBUG (BaseJdbcLogger.java:143)- <====      Total: 1
2019-08-22 22:49:16,224 DEBUG (BaseJdbcLogger.java:143)- ====>  Preparing: select id, class_id, name, director, grade, major_id from class where class_id = ? 
2019-08-22 22:49:16,224 DEBUG (BaseJdbcLogger.java:143)- ====> Parameters: 080703201903(String)
2019-08-22 22:49:16,225 DEBUG (BaseJdbcLogger.java:143)- ======>  Preparing: select id, major_id, name, price, department_id from major where major_id = ? 
2019-08-22 22:49:16,226 DEBUG (BaseJdbcLogger.java:143)- ======> Parameters: 080703(String)
2019-08-22 22:49:16,226 DEBUG (BaseJdbcLogger.java:143)- <======      Total: 1
2019-08-22 22:49:16,226 DEBUG (BaseJdbcLogger.java:143)- <====      Total: 1
2019-08-22 22:49:16,227 DEBUG (BaseJdbcLogger.java:143)- ====>  Preparing: select id, name, sex, birthday, phone, ID_number, email, parent_phone, adress, major, state from student_basic where id = ? 
2019-08-22 22:49:16,227 DEBUG (BaseJdbcLogger.java:143)- ====> Parameters: 12322(String)
2019-08-22 22:49:16,227 DEBUG (BaseJdbcLogger.java:143)- <====      Total: 1
2019-08-22 22:49:16,228 DEBUG (BaseJdbcLogger.java:143)- ====>  Preparing: select id, name, sex, birthday, phone, ID_number, email, parent_phone, adress, major, state from student_basic where id = ? 
2019-08-22 22:49:16,229 DEBUG (BaseJdbcLogger.java:143)- ====> Parameters: 12325(String)
2019-08-22 22:49:16,229 DEBUG (BaseJdbcLogger.java:143)- <====      Total: 1
2019-08-22 22:49:16,230 DEBUG (BaseJdbcLogger.java:143)- ====>  Preparing: select id, name, sex, birthday, phone, ID_number, email, parent_phone, adress, major, state from student_basic where id = ? 
2019-08-22 22:49:16,230 DEBUG (BaseJdbcLogger.java:143)- ====> Parameters: 12330(String)
2019-08-22 22:49:16,230 DEBUG (BaseJdbcLogger.java:143)- <====      Total: 1
2019-08-22 22:49:16,231 DEBUG (BaseJdbcLogger.java:143)- ====>  Preparing: select id, name, sex, birthday, phone, ID_number, email, parent_phone, adress, major, state from student_basic where id = ? 
2019-08-22 22:49:16,231 DEBUG (BaseJdbcLogger.java:143)- ====> Parameters: 12331(String)
2019-08-22 22:49:16,232 DEBUG (BaseJdbcLogger.java:143)- <====      Total: 1
2019-08-22 22:49:16,233 DEBUG (BaseJdbcLogger.java:143)- ====>  Preparing: select id, name, sex, birthday, phone, ID_number, email, parent_phone, adress, major, state from student_basic where id = ? 
2019-08-22 22:49:16,233 DEBUG (BaseJdbcLogger.java:143)- ====> Parameters: 12332(String)
2019-08-22 22:49:16,233 DEBUG (BaseJdbcLogger.java:143)- <====      Total: 1
2019-08-22 22:49:16,235 DEBUG (BaseJdbcLogger.java:143)- ====>  Preparing: select id, name, sex, birthday, phone, ID_number, email, parent_phone, adress, major, state from student_basic where id = ? 
2019-08-22 22:49:16,235 DEBUG (BaseJdbcLogger.java:143)- ====> Parameters: 12333(String)
2019-08-22 22:49:16,237 DEBUG (BaseJdbcLogger.java:143)- <====      Total: 1
2019-08-22 22:49:16,237 DEBUG (BaseJdbcLogger.java:143)- ====>  Preparing: select id, name, sex, birthday, phone, ID_number, email, parent_phone, adress, major, state from student_basic where id = ? 
2019-08-22 22:49:16,238 DEBUG (BaseJdbcLogger.java:143)- ====> Parameters: 12335(String)
2019-08-22 22:49:16,239 DEBUG (BaseJdbcLogger.java:143)- <====      Total: 1
2019-08-22 22:49:16,239 DEBUG (BaseJdbcLogger.java:143)- ====>  Preparing: select id, name, sex, birthday, phone, ID_number, email, parent_phone, adress, major, state from student_basic where id = ? 
2019-08-22 22:49:16,239 DEBUG (BaseJdbcLogger.java:143)- ====> Parameters: 12336(String)
2019-08-22 22:49:16,240 DEBUG (BaseJdbcLogger.java:143)- <====      Total: 1
2019-08-22 22:49:16,241 DEBUG (BaseJdbcLogger.java:143)- ====>  Preparing: select id, name, sex, birthday, phone, ID_number, email, parent_phone, adress, major, state from student_basic where id = ? 
2019-08-22 22:49:16,241 DEBUG (BaseJdbcLogger.java:143)- ====> Parameters: 12340(String)
2019-08-22 22:49:16,242 DEBUG (BaseJdbcLogger.java:143)- <====      Total: 1
2019-08-22 22:49:16,243 DEBUG (BaseJdbcLogger.java:143)- ====>  Preparing: select id, name, sex, birthday, phone, ID_number, email, parent_phone, adress, major, state from student_basic where id = ? 
2019-08-22 22:49:16,243 DEBUG (BaseJdbcLogger.java:143)- ====> Parameters: 12341(String)
2019-08-22 22:49:16,244 DEBUG (BaseJdbcLogger.java:143)- <====      Total: 1
2019-08-22 22:49:16,244 DEBUG (BaseJdbcLogger.java:143)- ====>  Preparing: select id, name, sex, birthday, phone, ID_number, email, parent_phone, adress, major, state from student_basic where id = ? 
2019-08-22 22:49:16,245 DEBUG (BaseJdbcLogger.java:143)- ====> Parameters: 12342(String)
2019-08-22 22:49:16,246 DEBUG (BaseJdbcLogger.java:143)- <====      Total: 1
2019-08-22 22:49:16,246 DEBUG (BaseJdbcLogger.java:143)- ====>  Preparing: select id, name, sex, birthday, phone, ID_number, email, parent_phone, adress, major, state from student_basic where id = ? 
2019-08-22 22:49:16,246 DEBUG (BaseJdbcLogger.java:143)- ====> Parameters: 12343(String)
2019-08-22 22:49:16,247 DEBUG (BaseJdbcLogger.java:143)- <====      Total: 1
2019-08-22 22:49:16,247 DEBUG (BaseJdbcLogger.java:143)- ====>  Preparing: select id, name, sex, birthday, phone, ID_number, email, parent_phone, adress, major, state from student_basic where id = ? 
2019-08-22 22:49:16,247 DEBUG (BaseJdbcLogger.java:143)- ====> Parameters: 12346(String)
2019-08-22 22:49:16,248 DEBUG (BaseJdbcLogger.java:143)- <====      Total: 1
2019-08-22 22:49:16,248 DEBUG (BaseJdbcLogger.java:143)- ====>  Preparing: select id, name, sex, birthday, phone, ID_number, email, parent_phone, adress, major, state from student_basic where id = ? 
2019-08-22 22:49:16,248 DEBUG (BaseJdbcLogger.java:143)- ====> Parameters: 12348(String)
2019-08-22 22:49:16,249 DEBUG (BaseJdbcLogger.java:143)- <====      Total: 1
2019-08-22 22:49:16,250 DEBUG (BaseJdbcLogger.java:143)- ====>  Preparing: select id, name, sex, birthday, phone, ID_number, email, parent_phone, adress, major, state from student_basic where id = ? 
2019-08-22 22:49:16,250 DEBUG (BaseJdbcLogger.java:143)- ====> Parameters: 12353(String)
2019-08-22 22:49:16,251 DEBUG (BaseJdbcLogger.java:143)- <====      Total: 1
2019-08-22 22:49:16,252 DEBUG (BaseJdbcLogger.java:143)- ====>  Preparing: select id, name, sex, birthday, phone, ID_number, email, parent_phone, adress, major, state from student_basic where id = ? 
2019-08-22 22:49:16,252 DEBUG (BaseJdbcLogger.java:143)- ====> Parameters: 12354(String)
2019-08-22 22:49:16,253 DEBUG (BaseJdbcLogger.java:143)- <====      Total: 1
2019-08-22 22:49:16,254 DEBUG (BaseJdbcLogger.java:143)- ====>  Preparing: select id, name, sex, birthday, phone, ID_number, email, parent_phone, adress, major, state from student_basic where id = ? 
2019-08-22 22:49:16,254 DEBUG (BaseJdbcLogger.java:143)- ====> Parameters: 12359(String)
2019-08-22 22:49:16,255 DEBUG (BaseJdbcLogger.java:143)- <====      Total: 1
2019-08-22 22:49:16,255 DEBUG (BaseJdbcLogger.java:143)- <==      Total: 18
2019-08-22 22:49:16,255 DEBUG (BaseJdbcLogger.java:143)- ==>  Preparing: select dormitory_allocation.id, dormitory_allocation.class_id, dormitory_allocation.dormitory_id,dormitory_allocation.number from dormitory_allocation,dormitory WHERE dormitory_allocation.dormitory_id=dormitory.id and dormitory.sex=? and class_id = ? 
2019-08-22 22:49:16,255 DEBUG (BaseJdbcLogger.java:143)- ==> Parameters: 男(String), 080703201903(String)
2019-08-22 22:49:16,256 DEBUG (BaseJdbcLogger.java:143)- ====>  Preparing: select id, dong, floor, room, sex, number, rent from dormitory where id = ? 
2019-08-22 22:49:16,256 DEBUG (BaseJdbcLogger.java:143)- ====> Parameters: 96(Integer)
2019-08-22 22:49:16,257 DEBUG (BaseJdbcLogger.java:143)- <====      Total: 1
2019-08-22 22:49:16,257 DEBUG (BaseJdbcLogger.java:143)- ====>  Preparing: select id, dong, floor, room, sex, number, rent from dormitory where id = ? 
2019-08-22 22:49:16,257 DEBUG (BaseJdbcLogger.java:143)- ====> Parameters: 97(Integer)
2019-08-22 22:49:16,258 DEBUG (BaseJdbcLogger.java:143)- <====      Total: 1
2019-08-22 22:49:16,258 DEBUG (BaseJdbcLogger.java:143)- ====>  Preparing: select id, dong, floor, room, sex, number, rent from dormitory where id = ? 
2019-08-22 22:49:16,258 DEBUG (BaseJdbcLogger.java:143)- ====> Parameters: 98(Integer)
2019-08-22 22:49:16,259 DEBUG (BaseJdbcLogger.java:143)- <====      Total: 1
2019-08-22 22:49:16,260 DEBUG (BaseJdbcLogger.java:143)- ====>  Preparing: select id, dong, floor, room, sex, number, rent from dormitory where id = ? 
2019-08-22 22:49:16,260 DEBUG (BaseJdbcLogger.java:143)- ====> Parameters: 99(Integer)
2019-08-22 22:49:16,261 DEBUG (BaseJdbcLogger.java:143)- <====      Total: 1
2019-08-22 22:49:16,261 DEBUG (BaseJdbcLogger.java:143)- ====>  Preparing: select id, dong, floor, room, sex, number, rent from dormitory where id = ? 
2019-08-22 22:49:16,261 DEBUG (BaseJdbcLogger.java:143)- ====> Parameters: 100(Integer)
2019-08-22 22:49:16,262 DEBUG (BaseJdbcLogger.java:143)- <====      Total: 1
2019-08-22 22:49:16,262 DEBUG (BaseJdbcLogger.java:143)- <==      Total: 5
2019-08-22 22:49:16,262 DEBUG (BaseJdbcLogger.java:143)- ==>  Preparing: select dormitory_allocation.id, dormitory_allocation.class_id, dormitory_allocation.dormitory_id,dormitory_allocation.number from dormitory_allocation,dormitory WHERE dormitory_allocation.dormitory_id=dormitory.id and dormitory.sex=? and class_id = ? 
2019-08-22 22:49:16,263 DEBUG (BaseJdbcLogger.java:143)- ==> Parameters: 女(String), 080703201903(String)
2019-08-22 22:49:16,263 DEBUG (BaseJdbcLogger.java:143)- ====>  Preparing: select id, dong, floor, room, sex, number, rent from dormitory where id = ? 
2019-08-22 22:49:16,263 DEBUG (BaseJdbcLogger.java:143)- ====> Parameters: 532(Integer)
2019-08-22 22:49:16,264 DEBUG (BaseJdbcLogger.java:143)- <====      Total: 1
2019-08-22 22:49:16,264 DEBUG (BaseJdbcLogger.java:143)- ====>  Preparing: select id, dong, floor, room, sex, number, rent from dormitory where id = ? 
2019-08-22 22:49:16,265 DEBUG (BaseJdbcLogger.java:143)- ====> Parameters: 533(Integer)
2019-08-22 22:49:16,265 DEBUG (BaseJdbcLogger.java:143)- <====      Total: 1
2019-08-22 22:49:16,266 DEBUG (BaseJdbcLogger.java:143)- ====>  Preparing: select id, dong, floor, room, sex, number, rent from dormitory where id = ? 
2019-08-22 22:49:16,266 DEBUG (BaseJdbcLogger.java:143)- ====> Parameters: 534(Integer)
2019-08-22 22:49:16,266 DEBUG (BaseJdbcLogger.java:143)- <====      Total: 1
2019-08-22 22:49:16,267 DEBUG (BaseJdbcLogger.java:143)- ====>  Preparing: select id, dong, floor, room, sex, number, rent from dormitory where id = ? 
2019-08-22 22:49:16,267 DEBUG (BaseJdbcLogger.java:143)- ====> Parameters: 495(Integer)
2019-08-22 22:49:16,268 DEBUG (BaseJdbcLogger.java:143)- <====      Total: 1
2019-08-22 22:49:16,268 DEBUG (BaseJdbcLogger.java:143)- ====>  Preparing: select id, dong, floor, room, sex, number, rent from dormitory where id = ? 
2019-08-22 22:49:16,268 DEBUG (BaseJdbcLogger.java:143)- ====> Parameters: 499(Integer)
2019-08-22 22:49:16,269 DEBUG (BaseJdbcLogger.java:143)- <====      Total: 1
2019-08-22 22:49:16,269 DEBUG (BaseJdbcLogger.java:143)- ====>  Preparing: select id, dong, floor, room, sex, number, rent from dormitory where id = ? 
2019-08-22 22:49:16,269 DEBUG (BaseJdbcLogger.java:143)- ====> Parameters: 518(Integer)
2019-08-22 22:49:16,270 DEBUG (BaseJdbcLogger.java:143)- <====      Total: 1
2019-08-22 22:49:16,270 DEBUG (BaseJdbcLogger.java:143)- ====>  Preparing: select id, dong, floor, room, sex, number, rent from dormitory where id = ? 
2019-08-22 22:49:16,271 DEBUG (BaseJdbcLogger.java:143)- ====> Parameters: 523(Integer)
2019-08-22 22:49:16,272 DEBUG (BaseJdbcLogger.java:143)- <====      Total: 1
2019-08-22 22:49:16,272 DEBUG (BaseJdbcLogger.java:143)- <==      Total: 7
2019-08-22 22:49:16,273 DEBUG (BaseJdbcLogger.java:143)- ==>  Preparing: select student_status.id,student_status.basic_id, student_status.student_id, student_status.class_id from student_status,student_basic where student_status.basic_id=student_basic.id and student_basic.sex=? and student_status.class_id=? 
2019-08-22 22:49:16,273 DEBUG (BaseJdbcLogger.java:143)- ==> Parameters: 男(String), 082803201901(String)
2019-08-22 22:49:16,274 DEBUG (BaseJdbcLogger.java:143)- ====>  Preparing: select id, name, sex, birthday, phone, ID_number, email, parent_phone, adress, major, state from student_basic where id = ? 
2019-08-22 22:49:16,274 DEBUG (BaseJdbcLogger.java:143)- ====> Parameters: 12481(String)
2019-08-22 22:49:16,275 DEBUG (BaseJdbcLogger.java:143)- <====      Total: 1
2019-08-22 22:49:16,275 DEBUG (BaseJdbcLogger.java:143)- ====>  Preparing: select id, class_id, name, director, grade, major_id from class where class_id = ? 
2019-08-22 22:49:16,275 DEBUG (BaseJdbcLogger.java:143)- ====> Parameters: 082803201901(String)
2019-08-22 22:49:16,276 DEBUG (BaseJdbcLogger.java:143)- ======>  Preparing: select id, major_id, name, price, department_id from major where major_id = ? 
2019-08-22 22:49:16,276 DEBUG (BaseJdbcLogger.java:143)- ======> Parameters: 082803(String)
2019-08-22 22:49:16,277 DEBUG (BaseJdbcLogger.java:143)- <======      Total: 1
2019-08-22 22:49:16,277 DEBUG (BaseJdbcLogger.java:143)- <====      Total: 1
2019-08-22 22:49:16,278 DEBUG (BaseJdbcLogger.java:143)- ====>  Preparing: select id, name, sex, birthday, phone, ID_number, email, parent_phone, adress, major, state from student_basic where id = ? 
2019-08-22 22:49:16,278 DEBUG (BaseJdbcLogger.java:143)- ====> Parameters: 12483(String)
2019-08-22 22:49:16,279 DEBUG (BaseJdbcLogger.java:143)- <====      Total: 1
2019-08-22 22:49:16,279 DEBUG (BaseJdbcLogger.java:143)- ====>  Preparing: select id, name, sex, birthday, phone, ID_number, email, parent_phone, adress, major, state from student_basic where id = ? 
2019-08-22 22:49:16,279 DEBUG (BaseJdbcLogger.java:143)- ====> Parameters: 12485(String)
2019-08-22 22:49:16,280 DEBUG (BaseJdbcLogger.java:143)- <====      Total: 1
2019-08-22 22:49:16,281 DEBUG (BaseJdbcLogger.java:143)- ====>  Preparing: select id, name, sex, birthday, phone, ID_number, email, parent_phone, adress, major, state from student_basic where id = ? 
2019-08-22 22:49:16,281 DEBUG (BaseJdbcLogger.java:143)- ====> Parameters: 12486(String)
2019-08-22 22:49:16,282 DEBUG (BaseJdbcLogger.java:143)- <====      Total: 1
2019-08-22 22:49:16,283 DEBUG (BaseJdbcLogger.java:143)- ====>  Preparing: select id, name, sex, birthday, phone, ID_number, email, parent_phone, adress, major, state from student_basic where id = ? 
2019-08-22 22:49:16,284 DEBUG (BaseJdbcLogger.java:143)- ====> Parameters: 12487(String)
2019-08-22 22:49:16,284 DEBUG (BaseJdbcLogger.java:143)- <====      Total: 1
2019-08-22 22:49:16,285 DEBUG (BaseJdbcLogger.java:143)- ====>  Preparing: select id, name, sex, birthday, phone, ID_number, email, parent_phone, adress, major, state from student_basic where id = ? 
2019-08-22 22:49:16,285 DEBUG (BaseJdbcLogger.java:143)- ====> Parameters: 12488(String)
2019-08-22 22:49:16,286 DEBUG (BaseJdbcLogger.java:143)- <====      Total: 1
2019-08-22 22:49:16,286 DEBUG (BaseJdbcLogger.java:143)- ====>  Preparing: select id, name, sex, birthday, phone, ID_number, email, parent_phone, adress, major, state from student_basic where id = ? 
2019-08-22 22:49:16,287 DEBUG (BaseJdbcLogger.java:143)- ====> Parameters: 12489(String)
2019-08-22 22:49:16,288 DEBUG (BaseJdbcLogger.java:143)- <====      Total: 1
2019-08-22 22:49:16,288 DEBUG (BaseJdbcLogger.java:143)- ====>  Preparing: select id, name, sex, birthday, phone, ID_number, email, parent_phone, adress, major, state from student_basic where id = ? 
2019-08-22 22:49:16,288 DEBUG (BaseJdbcLogger.java:143)- ====> Parameters: 12491(String)
2019-08-22 22:49:16,289 DEBUG (BaseJdbcLogger.java:143)- <====      Total: 1
2019-08-22 22:49:16,290 DEBUG (BaseJdbcLogger.java:143)- ====>  Preparing: select id, name, sex, birthday, phone, ID_number, email, parent_phone, adress, major, state from student_basic where id = ? 
2019-08-22 22:49:16,291 DEBUG (BaseJdbcLogger.java:143)- ====> Parameters: 12492(String)
2019-08-22 22:49:16,292 DEBUG (BaseJdbcLogger.java:143)- <====      Total: 1
2019-08-22 22:49:16,292 DEBUG (BaseJdbcLogger.java:143)- ====>  Preparing: select id, name, sex, birthday, phone, ID_number, email, parent_phone, adress, major, state from student_basic where id = ? 
2019-08-22 22:49:16,292 DEBUG (BaseJdbcLogger.java:143)- ====> Parameters: 12493(String)
2019-08-22 22:49:16,294 DEBUG (BaseJdbcLogger.java:143)- <====      Total: 1
2019-08-22 22:49:16,294 DEBUG (BaseJdbcLogger.java:143)- ====>  Preparing: select id, name, sex, birthday, phone, ID_number, email, parent_phone, adress, major, state from student_basic where id = ? 
2019-08-22 22:49:16,294 DEBUG (BaseJdbcLogger.java:143)- ====> Parameters: 12496(String)
2019-08-22 22:49:16,295 DEBUG (BaseJdbcLogger.java:143)- <====      Total: 1
2019-08-22 22:49:16,295 DEBUG (BaseJdbcLogger.java:143)- ====>  Preparing: select id, name, sex, birthday, phone, ID_number, email, parent_phone, adress, major, state from student_basic where id = ? 
2019-08-22 22:49:16,295 DEBUG (BaseJdbcLogger.java:143)- ====> Parameters: 12498(String)
2019-08-22 22:49:16,296 DEBUG (BaseJdbcLogger.java:143)- <====      Total: 1
2019-08-22 22:49:16,296 DEBUG (BaseJdbcLogger.java:143)- ====>  Preparing: select id, name, sex, birthday, phone, ID_number, email, parent_phone, adress, major, state from student_basic where id = ? 
2019-08-22 22:49:16,296 DEBUG (BaseJdbcLogger.java:143)- ====> Parameters: 12499(String)
2019-08-22 22:49:16,297 DEBUG (BaseJdbcLogger.java:143)- <====      Total: 1
2019-08-22 22:49:16,297 DEBUG (BaseJdbcLogger.java:143)- ====>  Preparing: select id, name, sex, birthday, phone, ID_number, email, parent_phone, adress, major, state from student_basic where id = ? 
2019-08-22 22:49:16,298 DEBUG (BaseJdbcLogger.java:143)- ====> Parameters: 12501(String)
2019-08-22 22:49:16,298 DEBUG (BaseJdbcLogger.java:143)- <====      Total: 1
2019-08-22 22:49:16,298 DEBUG (BaseJdbcLogger.java:143)- ====>  Preparing: select id, name, sex, birthday, phone, ID_number, email, parent_phone, adress, major, state from student_basic where id = ? 
2019-08-22 22:49:16,298 DEBUG (BaseJdbcLogger.java:143)- ====> Parameters: 12508(String)
2019-08-22 22:49:16,299 DEBUG (BaseJdbcLogger.java:143)- <====      Total: 1
2019-08-22 22:49:16,299 DEBUG (BaseJdbcLogger.java:143)- ====>  Preparing: select id, name, sex, birthday, phone, ID_number, email, parent_phone, adress, major, state from student_basic where id = ? 
2019-08-22 22:49:16,300 DEBUG (BaseJdbcLogger.java:143)- ====> Parameters: 12512(String)
2019-08-22 22:49:16,302 DEBUG (BaseJdbcLogger.java:143)- <====      Total: 1
2019-08-22 22:49:16,302 DEBUG (BaseJdbcLogger.java:143)- ====>  Preparing: select id, name, sex, birthday, phone, ID_number, email, parent_phone, adress, major, state from student_basic where id = ? 
2019-08-22 22:49:16,302 DEBUG (BaseJdbcLogger.java:143)- ====> Parameters: 12513(String)
2019-08-22 22:49:16,303 DEBUG (BaseJdbcLogger.java:143)- <====      Total: 1
2019-08-22 22:49:16,304 DEBUG (BaseJdbcLogger.java:143)- ====>  Preparing: select id, name, sex, birthday, phone, ID_number, email, parent_phone, adress, major, state from student_basic where id = ? 
2019-08-22 22:49:16,304 DEBUG (BaseJdbcLogger.java:143)- ====> Parameters: 12515(String)
2019-08-22 22:49:16,305 DEBUG (BaseJdbcLogger.java:143)- <====      Total: 1
2019-08-22 22:49:16,305 DEBUG (BaseJdbcLogger.java:143)- ====>  Preparing: select id, name, sex, birthday, phone, ID_number, email, parent_phone, adress, major, state from student_basic where id = ? 
2019-08-22 22:49:16,305 DEBUG (BaseJdbcLogger.java:143)- ====> Parameters: 12517(String)
2019-08-22 22:49:16,306 DEBUG (BaseJdbcLogger.java:143)- <====      Total: 1
2019-08-22 22:49:16,307 DEBUG (BaseJdbcLogger.java:143)- ====>  Preparing: select id, name, sex, birthday, phone, ID_number, email, parent_phone, adress, major, state from student_basic where id = ? 
2019-08-22 22:49:16,307 DEBUG (BaseJdbcLogger.java:143)- ====> Parameters: 12518(String)
2019-08-22 22:49:16,307 DEBUG (BaseJdbcLogger.java:143)- <====      Total: 1
2019-08-22 22:49:16,308 DEBUG (BaseJdbcLogger.java:143)- ====>  Preparing: select id, name, sex, birthday, phone, ID_number, email, parent_phone, adress, major, state from student_basic where id = ? 
2019-08-22 22:49:16,308 DEBUG (BaseJdbcLogger.java:143)- ====> Parameters: 12521(String)
2019-08-22 22:49:16,309 DEBUG (BaseJdbcLogger.java:143)- <====      Total: 1
2019-08-22 22:49:16,309 DEBUG (BaseJdbcLogger.java:143)- ====>  Preparing: select id, name, sex, birthday, phone, ID_number, email, parent_phone, adress, major, state from student_basic where id = ? 
2019-08-22 22:49:16,310 DEBUG (BaseJdbcLogger.java:143)- ====> Parameters: 12523(String)
2019-08-22 22:49:16,311 DEBUG (BaseJdbcLogger.java:143)- <====      Total: 1
2019-08-22 22:49:16,311 DEBUG (BaseJdbcLogger.java:143)- ====>  Preparing: select id, name, sex, birthday, phone, ID_number, email, parent_phone, adress, major, state from student_basic where id = ? 
2019-08-22 22:49:16,312 DEBUG (BaseJdbcLogger.java:143)- ====> Parameters: 12524(String)
2019-08-22 22:49:16,312 DEBUG (BaseJdbcLogger.java:143)- <====      Total: 1
2019-08-22 22:49:16,312 DEBUG (BaseJdbcLogger.java:143)- ====>  Preparing: select id, name, sex, birthday, phone, ID_number, email, parent_phone, adress, major, state from student_basic where id = ? 
2019-08-22 22:49:16,312 DEBUG (BaseJdbcLogger.java:143)- ====> Parameters: 12528(String)
2019-08-22 22:49:16,313 DEBUG (BaseJdbcLogger.java:143)- <====      Total: 1
2019-08-22 22:49:16,314 DEBUG (BaseJdbcLogger.java:143)- <==      Total: 24
2019-08-22 22:49:16,315 DEBUG (BaseJdbcLogger.java:143)- ==>  Preparing: select student_status.id,student_status.basic_id, student_status.student_id, student_status.class_id from student_status,student_basic where student_status.basic_id=student_basic.id and student_basic.sex=? and student_status.class_id=? 
2019-08-22 22:49:16,315 DEBUG (BaseJdbcLogger.java:143)- ==> Parameters: 女(String), 082803201901(String)
2019-08-22 22:49:16,316 DEBUG (BaseJdbcLogger.java:143)- ====>  Preparing: select id, name, sex, birthday, phone, ID_number, email, parent_phone, adress, major, state from student_basic where id = ? 
2019-08-22 22:49:16,316 DEBUG (BaseJdbcLogger.java:143)- ====> Parameters: 12480(String)
2019-08-22 22:49:16,317 DEBUG (BaseJdbcLogger.java:143)- <====      Total: 1
2019-08-22 22:49:16,318 DEBUG (BaseJdbcLogger.java:143)- ====>  Preparing: select id, class_id, name, director, grade, major_id from class where class_id = ? 
2019-08-22 22:49:16,319 DEBUG (BaseJdbcLogger.java:143)- ====> Parameters: 082803201901(String)
2019-08-22 22:49:16,319 DEBUG (BaseJdbcLogger.java:143)- ======>  Preparing: select id, major_id, name, price, department_id from major where major_id = ? 
2019-08-22 22:49:16,320 DEBUG (BaseJdbcLogger.java:143)- ======> Parameters: 082803(String)
2019-08-22 22:49:16,320 DEBUG (BaseJdbcLogger.java:143)- <======      Total: 1
2019-08-22 22:49:16,320 DEBUG (BaseJdbcLogger.java:143)- <====      Total: 1
2019-08-22 22:49:16,321 DEBUG (BaseJdbcLogger.java:143)- ====>  Preparing: select id, name, sex, birthday, phone, ID_number, email, parent_phone, adress, major, state from student_basic where id = ? 
2019-08-22 22:49:16,321 DEBUG (BaseJdbcLogger.java:143)- ====> Parameters: 12482(String)
2019-08-22 22:49:16,322 DEBUG (BaseJdbcLogger.java:143)- <====      Total: 1
2019-08-22 22:49:16,322 DEBUG (BaseJdbcLogger.java:143)- ====>  Preparing: select id, name, sex, birthday, phone, ID_number, email, parent_phone, adress, major, state from student_basic where id = ? 
2019-08-22 22:49:16,322 DEBUG (BaseJdbcLogger.java:143)- ====> Parameters: 12484(String)
2019-08-22 22:49:16,323 DEBUG (BaseJdbcLogger.java:143)- <====      Total: 1
2019-08-22 22:49:16,323 DEBUG (BaseJdbcLogger.java:143)- ====>  Preparing: select id, name, sex, birthday, phone, ID_number, email, parent_phone, adress, major, state from student_basic where id = ? 
2019-08-22 22:49:16,323 DEBUG (BaseJdbcLogger.java:143)- ====> Parameters: 12490(String)
2019-08-22 22:49:16,324 DEBUG (BaseJdbcLogger.java:143)- <====      Total: 1
2019-08-22 22:49:16,325 DEBUG (BaseJdbcLogger.java:143)- ====>  Preparing: select id, name, sex, birthday, phone, ID_number, email, parent_phone, adress, major, state from student_basic where id = ? 
2019-08-22 22:49:16,325 DEBUG (BaseJdbcLogger.java:143)- ====> Parameters: 12494(String)
2019-08-22 22:49:16,325 DEBUG (BaseJdbcLogger.java:143)- <====      Total: 1
2019-08-22 22:49:16,326 DEBUG (BaseJdbcLogger.java:143)- ====>  Preparing: select id, name, sex, birthday, phone, ID_number, email, parent_phone, adress, major, state from student_basic where id = ? 
2019-08-22 22:49:16,326 DEBUG (BaseJdbcLogger.java:143)- ====> Parameters: 12495(String)
2019-08-22 22:49:16,326 DEBUG (BaseJdbcLogger.java:143)- <====      Total: 1
2019-08-22 22:49:16,327 DEBUG (BaseJdbcLogger.java:143)- ====>  Preparing: select id, name, sex, birthday, phone, ID_number, email, parent_phone, adress, major, state from student_basic where id = ? 
2019-08-22 22:49:16,327 DEBUG (BaseJdbcLogger.java:143)- ====> Parameters: 12497(String)
2019-08-22 22:49:16,328 DEBUG (BaseJdbcLogger.java:143)- <====      Total: 1
2019-08-22 22:49:16,329 DEBUG (BaseJdbcLogger.java:143)- ====>  Preparing: select id, name, sex, birthday, phone, ID_number, email, parent_phone, adress, major, state from student_basic where id = ? 
2019-08-22 22:49:16,329 DEBUG (BaseJdbcLogger.java:143)- ====> Parameters: 12500(String)
2019-08-22 22:49:16,329 DEBUG (BaseJdbcLogger.java:143)- <====      Total: 1
2019-08-22 22:49:16,330 DEBUG (BaseJdbcLogger.java:143)- ====>  Preparing: select id, name, sex, birthday, phone, ID_number, email, parent_phone, adress, major, state from student_basic where id = ? 
2019-08-22 22:49:16,330 DEBUG (BaseJdbcLogger.java:143)- ====> Parameters: 12502(String)
2019-08-22 22:49:16,331 DEBUG (BaseJdbcLogger.java:143)- <====      Total: 1
2019-08-22 22:49:16,331 DEBUG (BaseJdbcLogger.java:143)- ====>  Preparing: select id, name, sex, birthday, phone, ID_number, email, parent_phone, adress, major, state from student_basic where id = ? 
2019-08-22 22:49:16,331 DEBUG (BaseJdbcLogger.java:143)- ====> Parameters: 12503(String)
2019-08-22 22:49:16,332 DEBUG (BaseJdbcLogger.java:143)- <====      Total: 1
2019-08-22 22:49:16,332 DEBUG (BaseJdbcLogger.java:143)- ====>  Preparing: select id, name, sex, birthday, phone, ID_number, email, parent_phone, adress, major, state from student_basic where id = ? 
2019-08-22 22:49:16,332 DEBUG (BaseJdbcLogger.java:143)- ====> Parameters: 12504(String)
2019-08-22 22:49:16,333 DEBUG (BaseJdbcLogger.java:143)- <====      Total: 1
2019-08-22 22:49:16,334 DEBUG (BaseJdbcLogger.java:143)- ====>  Preparing: select id, name, sex, birthday, phone, ID_number, email, parent_phone, adress, major, state from student_basic where id = ? 
2019-08-22 22:49:16,334 DEBUG (BaseJdbcLogger.java:143)- ====> Parameters: 12505(String)
2019-08-22 22:49:16,335 DEBUG (BaseJdbcLogger.java:143)- <====      Total: 1
2019-08-22 22:49:16,335 DEBUG (BaseJdbcLogger.java:143)- ====>  Preparing: select id, name, sex, birthday, phone, ID_number, email, parent_phone, adress, major, state from student_basic where id = ? 
2019-08-22 22:49:16,335 DEBUG (BaseJdbcLogger.java:143)- ====> Parameters: 12506(String)
2019-08-22 22:49:16,336 DEBUG (BaseJdbcLogger.java:143)- <====      Total: 1
2019-08-22 22:49:16,336 DEBUG (BaseJdbcLogger.java:143)- ====>  Preparing: select id, name, sex, birthday, phone, ID_number, email, parent_phone, adress, major, state from student_basic where id = ? 
2019-08-22 22:49:16,337 DEBUG (BaseJdbcLogger.java:143)- ====> Parameters: 12507(String)
2019-08-22 22:49:16,337 DEBUG (BaseJdbcLogger.java:143)- <====      Total: 1
2019-08-22 22:49:16,338 DEBUG (BaseJdbcLogger.java:143)- ====>  Preparing: select id, name, sex, birthday, phone, ID_number, email, parent_phone, adress, major, state from student_basic where id = ? 
2019-08-22 22:49:16,338 DEBUG (BaseJdbcLogger.java:143)- ====> Parameters: 12509(String)
2019-08-22 22:49:16,338 DEBUG (BaseJdbcLogger.java:143)- <====      Total: 1
2019-08-22 22:49:16,338 DEBUG (BaseJdbcLogger.java:143)- ====>  Preparing: select id, name, sex, birthday, phone, ID_number, email, parent_phone, adress, major, state from student_basic where id = ? 
2019-08-22 22:49:16,339 DEBUG (BaseJdbcLogger.java:143)- ====> Parameters: 12510(String)
2019-08-22 22:49:16,339 DEBUG (BaseJdbcLogger.java:143)- <====      Total: 1
2019-08-22 22:49:16,340 DEBUG (BaseJdbcLogger.java:143)- ====>  Preparing: select id, name, sex, birthday, phone, ID_number, email, parent_phone, adress, major, state from student_basic where id = ? 
2019-08-22 22:49:16,340 DEBUG (BaseJdbcLogger.java:143)- ====> Parameters: 12511(String)
2019-08-22 22:49:16,340 DEBUG (BaseJdbcLogger.java:143)- <====      Total: 1
2019-08-22 22:49:16,341 DEBUG (BaseJdbcLogger.java:143)- ====>  Preparing: select id, name, sex, birthday, phone, ID_number, email, parent_phone, adress, major, state from student_basic where id = ? 
2019-08-22 22:49:16,342 DEBUG (BaseJdbcLogger.java:143)- ====> Parameters: 12514(String)
2019-08-22 22:49:16,343 DEBUG (BaseJdbcLogger.java:143)- <====      Total: 1
2019-08-22 22:49:16,344 DEBUG (BaseJdbcLogger.java:143)- ====>  Preparing: select id, name, sex, birthday, phone, ID_number, email, parent_phone, adress, major, state from student_basic where id = ? 
2019-08-22 22:49:16,345 DEBUG (BaseJdbcLogger.java:143)- ====> Parameters: 12516(String)
2019-08-22 22:49:16,346 DEBUG (BaseJdbcLogger.java:143)- <====      Total: 1
2019-08-22 22:49:16,347 DEBUG (BaseJdbcLogger.java:143)- ====>  Preparing: select id, name, sex, birthday, phone, ID_number, email, parent_phone, adress, major, state from student_basic where id = ? 
2019-08-22 22:49:16,347 DEBUG (BaseJdbcLogger.java:143)- ====> Parameters: 12519(String)
2019-08-22 22:49:16,348 DEBUG (BaseJdbcLogger.java:143)- <====      Total: 1
2019-08-22 22:49:16,348 DEBUG (BaseJdbcLogger.java:143)- ====>  Preparing: select id, name, sex, birthday, phone, ID_number, email, parent_phone, adress, major, state from student_basic where id = ? 
2019-08-22 22:49:16,348 DEBUG (BaseJdbcLogger.java:143)- ====> Parameters: 12520(String)
2019-08-22 22:49:16,350 DEBUG (BaseJdbcLogger.java:143)- <====      Total: 1
2019-08-22 22:49:16,351 DEBUG (BaseJdbcLogger.java:143)- ====>  Preparing: select id, name, sex, birthday, phone, ID_number, email, parent_phone, adress, major, state from student_basic where id = ? 
2019-08-22 22:49:16,351 DEBUG (BaseJdbcLogger.java:143)- ====> Parameters: 12522(String)
2019-08-22 22:49:16,352 DEBUG (BaseJdbcLogger.java:143)- <====      Total: 1
2019-08-22 22:49:16,352 DEBUG (BaseJdbcLogger.java:143)- ====>  Preparing: select id, name, sex, birthday, phone, ID_number, email, parent_phone, adress, major, state from student_basic where id = ? 
2019-08-22 22:49:16,353 DEBUG (BaseJdbcLogger.java:143)- ====> Parameters: 12525(String)
2019-08-22 22:49:16,354 DEBUG (BaseJdbcLogger.java:143)- <====      Total: 1
2019-08-22 22:49:16,354 DEBUG (BaseJdbcLogger.java:143)- ====>  Preparing: select id, name, sex, birthday, phone, ID_number, email, parent_phone, adress, major, state from student_basic where id = ? 
2019-08-22 22:49:16,354 DEBUG (BaseJdbcLogger.java:143)- ====> Parameters: 12526(String)
2019-08-22 22:49:16,356 DEBUG (BaseJdbcLogger.java:143)- <====      Total: 1
2019-08-22 22:49:16,356 DEBUG (BaseJdbcLogger.java:143)- ====>  Preparing: select id, name, sex, birthday, phone, ID_number, email, parent_phone, adress, major, state from student_basic where id = ? 
2019-08-22 22:49:16,357 DEBUG (BaseJdbcLogger.java:143)- ====> Parameters: 12527(String)
2019-08-22 22:49:16,358 DEBUG (BaseJdbcLogger.java:143)- <====      Total: 1
2019-08-22 22:49:16,359 DEBUG (BaseJdbcLogger.java:143)- <==      Total: 25
2019-08-22 22:49:16,359 DEBUG (BaseJdbcLogger.java:143)- ==>  Preparing: select dormitory_allocation.id, dormitory_allocation.class_id, dormitory_allocation.dormitory_id,dormitory_allocation.number from dormitory_allocation,dormitory WHERE dormitory_allocation.dormitory_id=dormitory.id and dormitory.sex=? and class_id = ? 
2019-08-22 22:49:16,360 DEBUG (BaseJdbcLogger.java:143)- ==> Parameters: 男(String), 082803201901(String)
2019-08-22 22:49:16,361 DEBUG (BaseJdbcLogger.java:143)- ====>  Preparing: select id, dong, floor, room, sex, number, rent from dormitory where id = ? 
2019-08-22 22:49:16,361 DEBUG (BaseJdbcLogger.java:143)- ====> Parameters: 101(Integer)
2019-08-22 22:49:16,362 DEBUG (BaseJdbcLogger.java:143)- <====      Total: 1
2019-08-22 22:49:16,362 DEBUG (BaseJdbcLogger.java:143)- ====>  Preparing: select id, dong, floor, room, sex, number, rent from dormitory where id = ? 
2019-08-22 22:49:16,363 DEBUG (BaseJdbcLogger.java:143)- ====> Parameters: 102(Integer)
2019-08-22 22:49:16,363 DEBUG (BaseJdbcLogger.java:143)- <====      Total: 1
2019-08-22 22:49:16,364 DEBUG (BaseJdbcLogger.java:143)- ====>  Preparing: select id, dong, floor, room, sex, number, rent from dormitory where id = ? 
2019-08-22 22:49:16,364 DEBUG (BaseJdbcLogger.java:143)- ====> Parameters: 103(Integer)
2019-08-22 22:49:16,366 DEBUG (BaseJdbcLogger.java:143)- <====      Total: 1
2019-08-22 22:49:16,366 DEBUG (BaseJdbcLogger.java:143)- ====>  Preparing: select id, dong, floor, room, sex, number, rent from dormitory where id = ? 
2019-08-22 22:49:16,367 DEBUG (BaseJdbcLogger.java:143)- ====> Parameters: 104(Integer)
2019-08-22 22:49:16,368 DEBUG (BaseJdbcLogger.java:143)- <====      Total: 1
2019-08-22 22:49:16,369 DEBUG (BaseJdbcLogger.java:143)- ====>  Preparing: select id, dong, floor, room, sex, number, rent from dormitory where id = ? 
2019-08-22 22:49:16,370 DEBUG (BaseJdbcLogger.java:143)- ====> Parameters: 105(Integer)
2019-08-22 22:49:16,370 DEBUG (BaseJdbcLogger.java:143)- <====      Total: 1
2019-08-22 22:49:16,371 DEBUG (BaseJdbcLogger.java:143)- <==      Total: 5
2019-08-22 22:49:16,371 DEBUG (BaseJdbcLogger.java:143)- ==>  Preparing: select dormitory_allocation.id, dormitory_allocation.class_id, dormitory_allocation.dormitory_id,dormitory_allocation.number from dormitory_allocation,dormitory WHERE dormitory_allocation.dormitory_id=dormitory.id and dormitory.sex=? and class_id = ? 
2019-08-22 22:49:16,372 DEBUG (BaseJdbcLogger.java:143)- ==> Parameters: 女(String), 082803201901(String)
2019-08-22 22:49:16,373 DEBUG (BaseJdbcLogger.java:143)- ====>  Preparing: select id, dong, floor, room, sex, number, rent from dormitory where id = ? 
2019-08-22 22:49:16,373 DEBUG (BaseJdbcLogger.java:143)- ====> Parameters: 536(Integer)
2019-08-22 22:49:16,374 DEBUG (BaseJdbcLogger.java:143)- <====      Total: 1
2019-08-22 22:49:16,375 DEBUG (BaseJdbcLogger.java:143)- ====>  Preparing: select id, dong, floor, room, sex, number, rent from dormitory where id = ? 
2019-08-22 22:49:16,376 DEBUG (BaseJdbcLogger.java:143)- ====> Parameters: 537(Integer)
2019-08-22 22:49:16,377 DEBUG (BaseJdbcLogger.java:143)- <====      Total: 1
2019-08-22 22:49:16,377 DEBUG (BaseJdbcLogger.java:143)- ====>  Preparing: select id, dong, floor, room, sex, number, rent from dormitory where id = ? 
2019-08-22 22:49:16,377 DEBUG (BaseJdbcLogger.java:143)- ====> Parameters: 538(Integer)
2019-08-22 22:49:16,378 DEBUG (BaseJdbcLogger.java:143)- <====      Total: 1
2019-08-22 22:49:16,378 DEBUG (BaseJdbcLogger.java:143)- ====>  Preparing: select id, dong, floor, room, sex, number, rent from dormitory where id = ? 
2019-08-22 22:49:16,378 DEBUG (BaseJdbcLogger.java:143)- ====> Parameters: 539(Integer)
2019-08-22 22:49:16,379 DEBUG (BaseJdbcLogger.java:143)- <====      Total: 1
2019-08-22 22:49:16,379 DEBUG (BaseJdbcLogger.java:143)- ====>  Preparing: select id, dong, floor, room, sex, number, rent from dormitory where id = ? 
2019-08-22 22:49:16,380 DEBUG (BaseJdbcLogger.java:143)- ====> Parameters: 540(Integer)
2019-08-22 22:49:16,380 DEBUG (BaseJdbcLogger.java:143)- <====      Total: 1
2019-08-22 22:49:16,380 DEBUG (BaseJdbcLogger.java:143)- <==      Total: 5
2019-08-22 22:49:16,380 DEBUG (BaseJdbcLogger.java:143)- ==>  Preparing: select student_status.id,student_status.basic_id, student_status.student_id, student_status.class_id from student_status,student_basic where student_status.basic_id=student_basic.id and student_basic.sex=? and student_status.class_id=? 
2019-08-22 22:49:16,381 DEBUG (BaseJdbcLogger.java:143)- ==> Parameters: 男(String), 082803201902(String)
2019-08-22 22:49:16,382 DEBUG (BaseJdbcLogger.java:143)- ====>  Preparing: select id, name, sex, birthday, phone, ID_number, email, parent_phone, adress, major, state from student_basic where id = ? 
2019-08-22 22:49:16,382 DEBUG (BaseJdbcLogger.java:143)- ====> Parameters: 12532(String)
2019-08-22 22:49:16,383 DEBUG (BaseJdbcLogger.java:143)- <====      Total: 1
2019-08-22 22:49:16,384 DEBUG (BaseJdbcLogger.java:143)- ====>  Preparing: select id, class_id, name, director, grade, major_id from class where class_id = ? 
2019-08-22 22:49:16,384 DEBUG (BaseJdbcLogger.java:143)- ====> Parameters: 082803201902(String)
2019-08-22 22:49:16,384 DEBUG (BaseJdbcLogger.java:143)- ======>  Preparing: select id, major_id, name, price, department_id from major where major_id = ? 
2019-08-22 22:49:16,385 DEBUG (BaseJdbcLogger.java:143)- ======> Parameters: 082803(String)
2019-08-22 22:49:16,385 DEBUG (BaseJdbcLogger.java:143)- <======      Total: 1
2019-08-22 22:49:16,385 DEBUG (BaseJdbcLogger.java:143)- <====      Total: 1
2019-08-22 22:49:16,386 DEBUG (BaseJdbcLogger.java:143)- ====>  Preparing: select id, name, sex, birthday, phone, ID_number, email, parent_phone, adress, major, state from student_basic where id = ? 
2019-08-22 22:49:16,386 DEBUG (BaseJdbcLogger.java:143)- ====> Parameters: 12534(String)
2019-08-22 22:49:16,387 DEBUG (BaseJdbcLogger.java:143)- <====      Total: 1
2019-08-22 22:49:16,387 DEBUG (BaseJdbcLogger.java:143)- ====>  Preparing: select id, name, sex, birthday, phone, ID_number, email, parent_phone, adress, major, state from student_basic where id = ? 
2019-08-22 22:49:16,387 DEBUG (BaseJdbcLogger.java:143)- ====> Parameters: 12535(String)
2019-08-22 22:49:16,387 DEBUG (BaseJdbcLogger.java:143)- <====      Total: 1
2019-08-22 22:49:16,388 DEBUG (BaseJdbcLogger.java:143)- ====>  Preparing: select id, name, sex, birthday, phone, ID_number, email, parent_phone, adress, major, state from student_basic where id = ? 
2019-08-22 22:49:16,388 DEBUG (BaseJdbcLogger.java:143)- ====> Parameters: 12536(String)
2019-08-22 22:49:16,389 DEBUG (BaseJdbcLogger.java:143)- <====      Total: 1
2019-08-22 22:49:16,390 DEBUG (BaseJdbcLogger.java:143)- ====>  Preparing: select id, name, sex, birthday, phone, ID_number, email, parent_phone, adress, major, state from student_basic where id = ? 
2019-08-22 22:49:16,390 DEBUG (BaseJdbcLogger.java:143)- ====> Parameters: 12537(String)
2019-08-22 22:49:16,390 DEBUG (BaseJdbcLogger.java:143)- <====      Total: 1
2019-08-22 22:49:16,391 DEBUG (BaseJdbcLogger.java:143)- ====>  Preparing: select id, name, sex, birthday, phone, ID_number, email, parent_phone, adress, major, state from student_basic where id = ? 
2019-08-22 22:49:16,391 DEBUG (BaseJdbcLogger.java:143)- ====> Parameters: 12539(String)
2019-08-22 22:49:16,392 DEBUG (BaseJdbcLogger.java:143)- <====      Total: 1
2019-08-22 22:49:16,392 DEBUG (BaseJdbcLogger.java:143)- ====>  Preparing: select id, name, sex, birthday, phone, ID_number, email, parent_phone, adress, major, state from student_basic where id = ? 
2019-08-22 22:49:16,392 DEBUG (BaseJdbcLogger.java:143)- ====> Parameters: 12541(String)
2019-08-22 22:49:16,393 DEBUG (BaseJdbcLogger.java:143)- <====      Total: 1
2019-08-22 22:49:16,394 DEBUG (BaseJdbcLogger.java:143)- ====>  Preparing: select id, name, sex, birthday, phone, ID_number, email, parent_phone, adress, major, state from student_basic where id = ? 
2019-08-22 22:49:16,394 DEBUG (BaseJdbcLogger.java:143)- ====> Parameters: 12543(String)
2019-08-22 22:49:16,395 DEBUG (BaseJdbcLogger.java:143)- <====      Total: 1
2019-08-22 22:49:16,395 DEBUG (BaseJdbcLogger.java:143)- ====>  Preparing: select id, name, sex, birthday, phone, ID_number, email, parent_phone, adress, major, state from student_basic where id = ? 
2019-08-22 22:49:16,395 DEBUG (BaseJdbcLogger.java:143)- ====> Parameters: 12544(String)
2019-08-22 22:49:16,396 DEBUG (BaseJdbcLogger.java:143)- <====      Total: 1
2019-08-22 22:49:16,397 DEBUG (BaseJdbcLogger.java:143)- ====>  Preparing: select id, name, sex, birthday, phone, ID_number, email, parent_phone, adress, major, state from student_basic where id = ? 
2019-08-22 22:49:16,397 DEBUG (BaseJdbcLogger.java:143)- ====> Parameters: 12545(String)
2019-08-22 22:49:16,398 DEBUG (BaseJdbcLogger.java:143)- <====      Total: 1
2019-08-22 22:49:16,399 DEBUG (BaseJdbcLogger.java:143)- ====>  Preparing: select id, name, sex, birthday, phone, ID_number, email, parent_phone, adress, major, state from student_basic where id = ? 
2019-08-22 22:49:16,399 DEBUG (BaseJdbcLogger.java:143)- ====> Parameters: 12547(String)
2019-08-22 22:49:16,399 DEBUG (BaseJdbcLogger.java:143)- <====      Total: 1
2019-08-22 22:49:16,400 DEBUG (BaseJdbcLogger.java:143)- ====>  Preparing: select id, name, sex, birthday, phone, ID_number, email, parent_phone, adress, major, state from student_basic where id = ? 
2019-08-22 22:49:16,401 DEBUG (BaseJdbcLogger.java:143)- ====> Parameters: 12548(String)
2019-08-22 22:49:16,402 DEBUG (BaseJdbcLogger.java:143)- <====      Total: 1
2019-08-22 22:49:16,402 DEBUG (BaseJdbcLogger.java:143)- ====>  Preparing: select id, name, sex, birthday, phone, ID_number, email, parent_phone, adress, major, state from student_basic where id = ? 
2019-08-22 22:49:16,402 DEBUG (BaseJdbcLogger.java:143)- ====> Parameters: 12550(String)
2019-08-22 22:49:16,403 DEBUG (BaseJdbcLogger.java:143)- <====      Total: 1
2019-08-22 22:49:16,404 DEBUG (BaseJdbcLogger.java:143)- ====>  Preparing: select id, name, sex, birthday, phone, ID_number, email, parent_phone, adress, major, state from student_basic where id = ? 
2019-08-22 22:49:16,404 DEBUG (BaseJdbcLogger.java:143)- ====> Parameters: 12553(String)
2019-08-22 22:49:16,405 DEBUG (BaseJdbcLogger.java:143)- <====      Total: 1
2019-08-22 22:49:16,406 DEBUG (BaseJdbcLogger.java:143)- ====>  Preparing: select id, name, sex, birthday, phone, ID_number, email, parent_phone, adress, major, state from student_basic where id = ? 
2019-08-22 22:49:16,406 DEBUG (BaseJdbcLogger.java:143)- ====> Parameters: 12555(String)
2019-08-22 22:49:16,408 DEBUG (BaseJdbcLogger.java:143)- <====      Total: 1
2019-08-22 22:49:16,408 DEBUG (BaseJdbcLogger.java:143)- ====>  Preparing: select id, name, sex, birthday, phone, ID_number, email, parent_phone, adress, major, state from student_basic where id = ? 
2019-08-22 22:49:16,409 DEBUG (BaseJdbcLogger.java:143)- ====> Parameters: 12561(String)
2019-08-22 22:49:16,410 DEBUG (BaseJdbcLogger.java:143)- <====      Total: 1
2019-08-22 22:49:16,410 DEBUG (BaseJdbcLogger.java:143)- ====>  Preparing: select id, name, sex, birthday, phone, ID_number, email, parent_phone, adress, major, state from student_basic where id = ? 
2019-08-22 22:49:16,411 DEBUG (BaseJdbcLogger.java:143)- ====> Parameters: 12562(String)
2019-08-22 22:49:16,411 DEBUG (BaseJdbcLogger.java:143)- <====      Total: 1
2019-08-22 22:49:16,412 DEBUG (BaseJdbcLogger.java:143)- ====>  Preparing: select id, name, sex, birthday, phone, ID_number, email, parent_phone, adress, major, state from student_basic where id = ? 
2019-08-22 22:49:16,413 DEBUG (BaseJdbcLogger.java:143)- ====> Parameters: 12564(String)
2019-08-22 22:49:16,413 DEBUG (BaseJdbcLogger.java:143)- <====      Total: 1
2019-08-22 22:49:16,414 DEBUG (BaseJdbcLogger.java:143)- ====>  Preparing: select id, name, sex, birthday, phone, ID_number, email, parent_phone, adress, major, state from student_basic where id = ? 
2019-08-22 22:49:16,414 DEBUG (BaseJdbcLogger.java:143)- ====> Parameters: 12565(String)
2019-08-22 22:49:16,415 DEBUG (BaseJdbcLogger.java:143)- <====      Total: 1
2019-08-22 22:49:16,416 DEBUG (BaseJdbcLogger.java:143)- ====>  Preparing: select id, name, sex, birthday, phone, ID_number, email, parent_phone, adress, major, state from student_basic where id = ? 
2019-08-22 22:49:16,416 DEBUG (BaseJdbcLogger.java:143)- ====> Parameters: 12566(String)
2019-08-22 22:49:16,416 DEBUG (BaseJdbcLogger.java:143)- <====      Total: 1
2019-08-22 22:49:16,417 DEBUG (BaseJdbcLogger.java:143)- ====>  Preparing: select id, name, sex, birthday, phone, ID_number, email, parent_phone, adress, major, state from student_basic where id = ? 
2019-08-22 22:49:16,418 DEBUG (BaseJdbcLogger.java:143)- ====> Parameters: 12567(String)
2019-08-22 22:49:16,419 DEBUG (BaseJdbcLogger.java:143)- <====      Total: 1
2019-08-22 22:49:16,420 DEBUG (BaseJdbcLogger.java:143)- ====>  Preparing: select id, name, sex, birthday, phone, ID_number, email, parent_phone, adress, major, state from student_basic where id = ? 
2019-08-22 22:49:16,420 DEBUG (BaseJdbcLogger.java:143)- ====> Parameters: 12570(String)
2019-08-22 22:49:16,422 DEBUG (BaseJdbcLogger.java:143)- <====      Total: 1
2019-08-22 22:49:16,422 DEBUG (BaseJdbcLogger.java:143)- ====>  Preparing: select id, name, sex, birthday, phone, ID_number, email, parent_phone, adress, major, state from student_basic where id = ? 
2019-08-22 22:49:16,423 DEBUG (BaseJdbcLogger.java:143)- ====> Parameters: 12573(String)
2019-08-22 22:49:16,424 DEBUG (BaseJdbcLogger.java:143)- <====      Total: 1
2019-08-22 22:49:16,424 DEBUG (BaseJdbcLogger.java:143)- ====>  Preparing: select id, name, sex, birthday, phone, ID_number, email, parent_phone, adress, major, state from student_basic where id = ? 
2019-08-22 22:49:16,425 DEBUG (BaseJdbcLogger.java:143)- ====> Parameters: 12574(String)
2019-08-22 22:49:16,426 DEBUG (BaseJdbcLogger.java:143)- <====      Total: 1
2019-08-22 22:49:16,426 DEBUG (BaseJdbcLogger.java:143)- <==      Total: 24
2019-08-22 22:49:16,426 DEBUG (BaseJdbcLogger.java:143)- ==>  Preparing: select student_status.id,student_status.basic_id, student_status.student_id, student_status.class_id from student_status,student_basic where student_status.basic_id=student_basic.id and student_basic.sex=? and student_status.class_id=? 
2019-08-22 22:49:16,427 DEBUG (BaseJdbcLogger.java:143)- ==> Parameters: 女(String), 082803201902(String)
2019-08-22 22:49:16,428 DEBUG (BaseJdbcLogger.java:143)- ====>  Preparing: select id, name, sex, birthday, phone, ID_number, email, parent_phone, adress, major, state from student_basic where id = ? 
2019-08-22 22:49:16,428 DEBUG (BaseJdbcLogger.java:143)- ====> Parameters: 12529(String)
2019-08-22 22:49:16,428 DEBUG (BaseJdbcLogger.java:143)- <====      Total: 1
2019-08-22 22:49:16,429 DEBUG (BaseJdbcLogger.java:143)- ====>  Preparing: select id, class_id, name, director, grade, major_id from class where class_id = ? 
2019-08-22 22:49:16,429 DEBUG (BaseJdbcLogger.java:143)- ====> Parameters: 082803201902(String)
2019-08-22 22:49:16,430 DEBUG (BaseJdbcLogger.java:143)- ======>  Preparing: select id, major_id, name, price, department_id from major where major_id = ? 
2019-08-22 22:49:16,430 DEBUG (BaseJdbcLogger.java:143)- ======> Parameters: 082803(String)
2019-08-22 22:49:16,430 DEBUG (BaseJdbcLogger.java:143)- <======      Total: 1
2019-08-22 22:49:16,431 DEBUG (BaseJdbcLogger.java:143)- <====      Total: 1
2019-08-22 22:49:16,431 DEBUG (BaseJdbcLogger.java:143)- ====>  Preparing: select id, name, sex, birthday, phone, ID_number, email, parent_phone, adress, major, state from student_basic where id = ? 
2019-08-22 22:49:16,431 DEBUG (BaseJdbcLogger.java:143)- ====> Parameters: 12530(String)
2019-08-22 22:49:16,432 DEBUG (BaseJdbcLogger.java:143)- <====      Total: 1
2019-08-22 22:49:16,432 DEBUG (BaseJdbcLogger.java:143)- ====>  Preparing: select id, name, sex, birthday, phone, ID_number, email, parent_phone, adress, major, state from student_basic where id = ? 
2019-08-22 22:49:16,433 DEBUG (BaseJdbcLogger.java:143)- ====> Parameters: 12531(String)
2019-08-22 22:49:16,433 DEBUG (BaseJdbcLogger.java:143)- <====      Total: 1
2019-08-22 22:49:16,434 DEBUG (BaseJdbcLogger.java:143)- ====>  Preparing: select id, name, sex, birthday, phone, ID_number, email, parent_phone, adress, major, state from student_basic where id = ? 
2019-08-22 22:49:16,435 DEBUG (BaseJdbcLogger.java:143)- ====> Parameters: 12533(String)
2019-08-22 22:49:16,436 DEBUG (BaseJdbcLogger.java:143)- <====      Total: 1
2019-08-22 22:49:16,436 DEBUG (BaseJdbcLogger.java:143)- ====>  Preparing: select id, name, sex, birthday, phone, ID_number, email, parent_phone, adress, major, state from student_basic where id = ? 
2019-08-22 22:49:16,437 DEBUG (BaseJdbcLogger.java:143)- ====> Parameters: 12538(String)
2019-08-22 22:49:16,438 DEBUG (BaseJdbcLogger.java:143)- <====      Total: 1
2019-08-22 22:49:16,439 DEBUG (BaseJdbcLogger.java:143)- ====>  Preparing: select id, name, sex, birthday, phone, ID_number, email, parent_phone, adress, major, state from student_basic where id = ? 
2019-08-22 22:49:16,439 DEBUG (BaseJdbcLogger.java:143)- ====> Parameters: 12540(String)
2019-08-22 22:49:16,440 DEBUG (BaseJdbcLogger.java:143)- <====      Total: 1
2019-08-22 22:49:16,441 DEBUG (BaseJdbcLogger.java:143)- ====>  Preparing: select id, name, sex, birthday, phone, ID_number, email, parent_phone, adress, major, state from student_basic where id = ? 
2019-08-22 22:49:16,441 DEBUG (BaseJdbcLogger.java:143)- ====> Parameters: 12542(String)
2019-08-22 22:49:16,442 DEBUG (BaseJdbcLogger.java:143)- <====      Total: 1
2019-08-22 22:49:16,443 DEBUG (BaseJdbcLogger.java:143)- ====>  Preparing: select id, name, sex, birthday, phone, ID_number, email, parent_phone, adress, major, state from student_basic where id = ? 
