2019-09-24 18:57:54,470 DEBUG (BaseJdbcLogger.java:143)- <====      Total: 1
2019-09-24 18:57:54,473 DEBUG (BaseJdbcLogger.java:143)- ====>  Preparing: select id, name, sex, birthday, phone, ID_number, email, parent_phone, adress, major, state from student_basic where id = ? 
2019-09-24 18:57:54,474 DEBUG (BaseJdbcLogger.java:143)- ====> Parameters: 27023(String)
2019-09-24 18:57:54,475 DEBUG (BaseJdbcLogger.java:143)- <====      Total: 1
2019-09-24 18:57:54,475 DEBUG (BaseJdbcLogger.java:143)- ====>  Preparing: select id, name, sex, birthday, phone, ID_number, email, parent_phone, adress, major, state from student_basic where id = ? 
2019-09-24 18:57:54,475 DEBUG (BaseJdbcLogger.java:143)- ====> Parameters: 27024(String)
2019-09-24 18:57:54,476 DEBUG (BaseJdbcLogger.java:143)- <====      Total: 1
2019-09-24 18:57:54,477 DEBUG (BaseJdbcLogger.java:143)- ====>  Preparing: select id, name, sex, birthday, phone, ID_number, email, parent_phone, adress, major, state from student_basic where id = ? 
2019-09-24 18:57:54,477 DEBUG (BaseJdbcLogger.java:143)- ====> Parameters: 27025(String)
2019-09-24 18:57:54,478 DEBUG (BaseJdbcLogger.java:143)- <====      Total: 1
2019-09-24 18:57:54,478 DEBUG (BaseJdbcLogger.java:143)- ====>  Preparing: select id, name, sex, birthday, phone, ID_number, email, parent_phone, adress, major, state from student_basic where id = ? 
2019-09-24 18:57:54,478 DEBUG (BaseJdbcLogger.java:143)- ====> Parameters: 27026(String)
2019-09-24 18:57:54,479 DEBUG (BaseJdbcLogger.java:143)- <====      Total: 1
2019-09-24 18:57:54,479 DEBUG (BaseJdbcLogger.java:143)- ====>  Preparing: select id, name, sex, birthday, phone, ID_number, email, parent_phone, adress, major, state from student_basic where id = ? 
2019-09-24 18:57:54,480 DEBUG (BaseJdbcLogger.java:143)- ====> Parameters: 27030(String)
2019-09-24 18:57:54,480 DEBUG (BaseJdbcLogger.java:143)- <====      Total: 1
2019-09-24 18:57:54,481 DEBUG (BaseJdbcLogger.java:143)- ====>  Preparing: select id, name, sex, birthday, phone, ID_number, email, parent_phone, adress, major, state from student_basic where id = ? 
2019-09-24 18:57:54,481 DEBUG (BaseJdbcLogger.java:143)- ====> Parameters: 27031(String)
2019-09-24 18:57:54,482 DEBUG (BaseJdbcLogger.java:143)- <====      Total: 1
2019-09-24 18:57:54,482 DEBUG (BaseJdbcLogger.java:143)- ====>  Preparing: select id, name, sex, birthday, phone, ID_number, email, parent_phone, adress, major, state from student_basic where id = ? 
2019-09-24 18:57:54,482 DEBUG (BaseJdbcLogger.java:143)- ====> Parameters: 27032(String)
2019-09-24 18:57:54,483 DEBUG (BaseJdbcLogger.java:143)- <====      Total: 1
2019-09-24 18:57:54,483 DEBUG (BaseJdbcLogger.java:143)- ====>  Preparing: select id, name, sex, birthday, phone, ID_number, email, parent_phone, adress, major, state from student_basic where id = ? 
2019-09-24 18:57:54,483 DEBUG (BaseJdbcLogger.java:143)- ====> Parameters: 27034(String)
2019-09-24 18:57:54,484 DEBUG (BaseJdbcLogger.java:143)- <====      Total: 1
2019-09-24 18:57:54,485 DEBUG (BaseJdbcLogger.java:143)- ====>  Preparing: select id, name, sex, birthday, phone, ID_number, email, parent_phone, adress, major, state from student_basic where id = ? 
2019-09-24 18:57:54,485 DEBUG (BaseJdbcLogger.java:143)- ====> Parameters: 27035(String)
2019-09-24 18:57:54,485 DEBUG (BaseJdbcLogger.java:143)- <====      Total: 1
2019-09-24 18:57:54,487 DEBUG (BaseJdbcLogger.java:143)- ====>  Preparing: select id, name, sex, birthday, phone, ID_number, email, parent_phone, adress, major, state from student_basic where id = ? 
2019-09-24 18:57:54,488 DEBUG (BaseJdbcLogger.java:143)- ====> Parameters: 27041(String)
2019-09-24 18:57:54,493 DEBUG (BaseJdbcLogger.java:143)- <====      Total: 1
2019-09-24 18:57:54,494 DEBUG (BaseJdbcLogger.java:143)- ====>  Preparing: select id, name, sex, birthday, phone, ID_number, email, parent_phone, adress, major, state from student_basic where id = ? 
2019-09-24 18:57:54,494 DEBUG (BaseJdbcLogger.java:143)- ====> Parameters: 27045(String)
2019-09-24 18:57:54,496 DEBUG (BaseJdbcLogger.java:143)- <====      Total: 1
2019-09-24 18:57:54,496 DEBUG (BaseJdbcLogger.java:143)- ====>  Preparing: select id, name, sex, birthday, phone, ID_number, email, parent_phone, adress, major, state from student_basic where id = ? 
2019-09-24 18:57:54,497 DEBUG (BaseJdbcLogger.java:143)- ====> Parameters: 27046(String)
2019-09-24 18:57:54,498 DEBUG (BaseJdbcLogger.java:143)- <====      Total: 1
2019-09-24 18:57:54,498 DEBUG (BaseJdbcLogger.java:143)- ====>  Preparing: select id, name, sex, birthday, phone, ID_number, email, parent_phone, adress, major, state from student_basic where id = ? 
2019-09-24 18:57:54,499 DEBUG (BaseJdbcLogger.java:143)- ====> Parameters: 27050(String)
2019-09-24 18:57:54,499 DEBUG (BaseJdbcLogger.java:143)- <====      Total: 1
2019-09-24 18:57:54,500 DEBUG (BaseJdbcLogger.java:143)- ====>  Preparing: select id, name, sex, birthday, phone, ID_number, email, parent_phone, adress, major, state from student_basic where id = ? 
2019-09-24 18:57:54,500 DEBUG (BaseJdbcLogger.java:143)- ====> Parameters: 27051(String)
2019-09-24 18:57:54,501 DEBUG (BaseJdbcLogger.java:143)- <====      Total: 1
2019-09-24 18:57:54,501 DEBUG (BaseJdbcLogger.java:143)- <==      Total: 36
2019-09-24 18:57:54,502 DEBUG (BaseJdbcLogger.java:143)- ==>  Preparing: select student_status.id,student_status.basic_id, student_status.student_id, student_status.class_id from student_status,student_basic where student_status.basic_id=student_basic.id and student_basic.sex=? and student_status.class_id=? 
2019-09-24 18:57:54,502 DEBUG (BaseJdbcLogger.java:143)- ==> Parameters: 女(String), 081001201901(String)
2019-09-24 18:57:54,505 DEBUG (BaseJdbcLogger.java:143)- ====>  Preparing: select id, name, sex, birthday, phone, ID_number, email, parent_phone, adress, major, state from student_basic where id = ? 
2019-09-24 18:57:54,507 DEBUG (BaseJdbcLogger.java:143)- ====> Parameters: 27013(String)
2019-09-24 18:57:54,510 DEBUG (BaseJdbcLogger.java:143)- <====      Total: 1
2019-09-24 18:57:54,511 DEBUG (BaseJdbcLogger.java:143)- ====>  Preparing: select id, name, sex, birthday, phone, ID_number, email, parent_phone, adress, major, state from student_basic where id = ? 
2019-09-24 18:57:54,511 DEBUG (BaseJdbcLogger.java:143)- ====> Parameters: 27015(String)
2019-09-24 18:57:54,512 DEBUG (BaseJdbcLogger.java:143)- <====      Total: 1
2019-09-24 18:57:54,512 DEBUG (BaseJdbcLogger.java:143)- ====>  Preparing: select id, name, sex, birthday, phone, ID_number, email, parent_phone, adress, major, state from student_basic where id = ? 
2019-09-24 18:57:54,512 DEBUG (BaseJdbcLogger.java:143)- ====> Parameters: 27016(String)
2019-09-24 18:57:54,513 DEBUG (BaseJdbcLogger.java:143)- <====      Total: 1
2019-09-24 18:57:54,514 DEBUG (BaseJdbcLogger.java:143)- ====>  Preparing: select id, name, sex, birthday, phone, ID_number, email, parent_phone, adress, major, state from student_basic where id = ? 
2019-09-24 18:57:54,514 DEBUG (BaseJdbcLogger.java:143)- ====> Parameters: 27017(String)
2019-09-24 18:57:54,515 DEBUG (BaseJdbcLogger.java:143)- <====      Total: 1
2019-09-24 18:57:54,515 DEBUG (BaseJdbcLogger.java:143)- ====>  Preparing: select id, name, sex, birthday, phone, ID_number, email, parent_phone, adress, major, state from student_basic where id = ? 
2019-09-24 18:57:54,515 DEBUG (BaseJdbcLogger.java:143)- ====> Parameters: 27020(String)
2019-09-24 18:57:54,516 DEBUG (BaseJdbcLogger.java:143)- <====      Total: 1
2019-09-24 18:57:54,517 DEBUG (BaseJdbcLogger.java:143)- ====>  Preparing: select id, name, sex, birthday, phone, ID_number, email, parent_phone, adress, major, state from student_basic where id = ? 
2019-09-24 18:57:54,517 DEBUG (BaseJdbcLogger.java:143)- ====> Parameters: 27022(String)
2019-09-24 18:57:54,518 DEBUG (BaseJdbcLogger.java:143)- <====      Total: 1
