2019-09-23 04:36:26,340 DEBUG (BaseJdbcLogger.java:143)- ==>  Preparing: select major_id from major where name=? limit 1 
2019-09-23 04:36:26,367 DEBUG (BaseJdbcLogger.java:143)- ==> Parameters: 土木工程(String)
2019-09-23 04:36:26,367 DEBUG (BaseJdbcLogger.java:143)- <==      Total: 1
2019-09-23 04:36:26,369 DEBUG (BaseJdbcLogger.java:143)- ==>  Preparing: select id, name, sex, birthday, phone, ID_number, email, parent_phone, adress, major, state from student_basic where sex=? and major=? and state='0' 
2019-09-23 04:36:26,369 DEBUG (BaseJdbcLogger.java:143)- ==> Parameters: 男(String), 土木工程(String)
2019-09-23 04:36:26,369 DEBUG (BaseJdbcLogger.java:143)- ====>  Preparing: select a.id, a.role_id, a.name from role as a,user_role as b where a.id=b.role_id and b.user_id=? 
2019-09-23 04:36:26,371 DEBUG (BaseJdbcLogger.java:143)- ====> Parameters: 24014(Integer)
2019-09-23 04:36:26,371 DEBUG (BaseJdbcLogger.java:143)- <====      Total: 0
2019-09-23 04:36:26,373 DEBUG (BaseJdbcLogger.java:143)- ====>  Preparing: select a.id, a.role_id, a.name from role as a,user_role as b where a.id=b.role_id and b.user_id=? 
2019-09-23 04:36:26,373 DEBUG (BaseJdbcLogger.java:143)- ====> Parameters: 24018(Integer)
2019-09-23 04:36:26,373 DEBUG (BaseJdbcLogger.java:143)- <====      Total: 0
2019-09-23 04:36:26,375 DEBUG (BaseJdbcLogger.java:143)- ====>  Preparing: select a.id, a.role_id, a.name from role as a,user_role as b where a.id=b.role_id and b.user_id=? 
2019-09-23 04:36:26,376 DEBUG (BaseJdbcLogger.java:143)- ====> Parameters: 24019(Integer)
2019-09-23 04:36:26,378 DEBUG (BaseJdbcLogger.java:143)- <====      Total: 0
2019-09-23 04:36:26,379 DEBUG (BaseJdbcLogger.java:143)- ====>  Preparing: select a.id, a.role_id, a.name from role as a,user_role as b where a.id=b.role_id and b.user_id=? 
2019-09-23 04:36:26,379 DEBUG (BaseJdbcLogger.java:143)- ====> Parameters: 24021(Integer)
2019-09-23 04:36:26,382 DEBUG (BaseJdbcLogger.java:143)- <====      Total: 0
2019-09-23 04:36:26,383 DEBUG (BaseJdbcLogger.java:143)- ====>  Preparing: select a.id, a.role_id, a.name from role as a,user_role as b where a.id=b.role_id and b.user_id=? 
2019-09-23 04:36:26,383 DEBUG (BaseJdbcLogger.java:143)- ====> Parameters: 24023(Integer)
2019-09-23 04:36:26,384 DEBUG (BaseJdbcLogger.java:143)- <====      Total: 0
2019-09-23 04:36:26,386 DEBUG (BaseJdbcLogger.java:143)- ====>  Preparing: select a.id, a.role_id, a.name from role as a,user_role as b where a.id=b.role_id and b.user_id=? 
2019-09-23 04:36:26,386 DEBUG (BaseJdbcLogger.java:143)- ====> Parameters: 24024(Integer)
2019-09-23 04:36:26,386 DEBUG (BaseJdbcLogger.java:143)- <====      Total: 0
2019-09-23 04:36:26,387 DEBUG (BaseJdbcLogger.java:143)- ====>  Preparing: select a.id, a.role_id, a.name from role as a,user_role as b where a.id=b.role_id and b.user_id=? 
2019-09-23 04:36:26,387 DEBUG (BaseJdbcLogger.java:143)- ====> Parameters: 24025(Integer)
2019-09-23 04:36:26,389 DEBUG (BaseJdbcLogger.java:143)- <====      Total: 0
2019-09-23 04:36:26,389 DEBUG (BaseJdbcLogger.java:143)- ====>  Preparing: select a.id, a.role_id, a.name from role as a,user_role as b where a.id=b.role_id and b.user_id=? 
2019-09-23 04:36:26,389 DEBUG (BaseJdbcLogger.java:143)- ====> Parameters: 24026(Integer)
2019-09-23 04:36:26,390 DEBUG (BaseJdbcLogger.java:143)- <====      Total: 0
2019-09-23 04:36:26,393 DEBUG (BaseJdbcLogger.java:143)- ====>  Preparing: select a.id, a.role_id, a.name from role as a,user_role as b where a.id=b.role_id and b.user_id=? 
2019-09-23 04:36:26,395 DEBUG (BaseJdbcLogger.java:143)- ====> Parameters: 24030(Integer)
2019-09-23 04:36:26,399 DEBUG (BaseJdbcLogger.java:143)- <====      Total: 0
2019-09-23 04:36:26,399 DEBUG (BaseJdbcLogger.java:143)- ====>  Preparing: select a.id, a.role_id, a.name from role as a,user_role as b where a.id=b.role_id and b.user_id=? 
2019-09-23 04:36:26,400 DEBUG (BaseJdbcLogger.java:143)- ====> Parameters: 24031(Integer)
2019-09-23 04:36:26,401 DEBUG (BaseJdbcLogger.java:143)- <====      Total: 0
2019-09-23 04:36:26,402 DEBUG (BaseJdbcLogger.java:143)- ====>  Preparing: select a.id, a.role_id, a.name from role as a,user_role as b where a.id=b.role_id and b.user_id=? 
2019-09-23 04:36:26,403 DEBUG (BaseJdbcLogger.java:143)- ====> Parameters: 24032(Integer)
2019-09-23 04:36:26,403 DEBUG (BaseJdbcLogger.java:143)- <====      Total: 0
2019-09-23 04:36:26,404 DEBUG (BaseJdbcLogger.java:143)- ====>  Preparing: select a.id, a.role_id, a.name from role as a,user_role as b where a.id=b.role_id and b.user_id=? 
2019-09-23 04:36:26,405 DEBUG (BaseJdbcLogger.java:143)- ====> Parameters: 24034(Integer)
2019-09-23 04:36:26,406 DEBUG (BaseJdbcLogger.java:143)- <====      Total: 0
2019-09-23 04:36:26,406 DEBUG (BaseJdbcLogger.java:143)- ====>  Preparing: select a.id, a.role_id, a.name from role as a,user_role as b where a.id=b.role_id and b.user_id=? 
2019-09-23 04:36:26,407 DEBUG (BaseJdbcLogger.java:143)- ====> Parameters: 24035(Integer)
2019-09-23 04:36:26,412 DEBUG (BaseJdbcLogger.java:143)- <====      Total: 0
2019-09-23 04:36:26,415 DEBUG (BaseJdbcLogger.java:143)- ====>  Preparing: select a.id, a.role_id, a.name from role as a,user_role as b where a.id=b.role_id and b.user_id=? 
2019-09-23 04:36:26,415 DEBUG (BaseJdbcLogger.java:143)- ====> Parameters: 24041(Integer)
2019-09-23 04:36:26,416 DEBUG (BaseJdbcLogger.java:143)- <====      Total: 0
2019-09-23 04:36:26,417 DEBUG (BaseJdbcLogger.java:143)- ====>  Preparing: select a.id, a.role_id, a.name from role as a,user_role as b where a.id=b.role_id and b.user_id=? 
2019-09-23 04:36:26,417 DEBUG (BaseJdbcLogger.java:143)- ====> Parameters: 24045(Integer)
2019-09-23 04:36:26,418 DEBUG (BaseJdbcLogger.java:143)- <====      Total: 0
2019-09-23 04:36:26,418 DEBUG (BaseJdbcLogger.java:143)- ====>  Preparing: select a.id, a.role_id, a.name from role as a,user_role as b where a.id=b.role_id and b.user_id=? 
2019-09-23 04:36:26,419 DEBUG (BaseJdbcLogger.java:143)- ====> Parameters: 24046(Integer)
2019-09-23 04:36:26,420 DEBUG (BaseJdbcLogger.java:143)- <====      Total: 0
2019-09-23 04:36:26,421 DEBUG (BaseJdbcLogger.java:143)- ====>  Preparing: select a.id, a.role_id, a.name from role as a,user_role as b where a.id=b.role_id and b.user_id=? 
2019-09-23 04:36:26,421 DEBUG (BaseJdbcLogger.java:143)- ====> Parameters: 24050(Integer)
2019-09-23 04:36:26,422 DEBUG (BaseJdbcLogger.java:143)- <====      Total: 0
2019-09-23 04:36:26,423 DEBUG (BaseJdbcLogger.java:143)- ====>  Preparing: select a.id, a.role_id, a.name from role as a,user_role as b where a.id=b.role_id and b.user_id=? 
2019-09-23 04:36:26,423 DEBUG (BaseJdbcLogger.java:143)- ====> Parameters: 24051(Integer)
2019-09-23 04:36:26,423 DEBUG (BaseJdbcLogger.java:143)- <====      Total: 0
2019-09-23 04:36:26,423 DEBUG (BaseJdbcLogger.java:143)- ====>  Preparing: select a.id, a.role_id, a.name from role as a,user_role as b where a.id=b.role_id and b.user_id=? 
2019-09-23 04:36:26,425 DEBUG (BaseJdbcLogger.java:143)- ====> Parameters: 24056(Integer)
2019-09-23 04:36:26,428 DEBUG (BaseJdbcLogger.java:143)- <====      Total: 0
2019-09-23 04:36:26,429 DEBUG (BaseJdbcLogger.java:143)- ====>  Preparing: select a.id, a.role_id, a.name from role as a,user_role as b where a.id=b.role_id and b.user_id=? 
2019-09-23 04:36:26,431 DEBUG (BaseJdbcLogger.java:143)- ====> Parameters: 24060(Integer)
2019-09-23 04:36:26,433 DEBUG (BaseJdbcLogger.java:143)- <====      Total: 0
2019-09-23 04:36:26,433 DEBUG (BaseJdbcLogger.java:143)- ====>  Preparing: select a.id, a.role_id, a.name from role as a,user_role as b where a.id=b.role_id and b.user_id=? 
2019-09-23 04:36:26,433 DEBUG (BaseJdbcLogger.java:143)- ====> Parameters: 24063(Integer)
2019-09-23 04:36:26,435 DEBUG (BaseJdbcLogger.java:143)- <====      Total: 0
2019-09-23 04:36:26,435 DEBUG (BaseJdbcLogger.java:143)- ====>  Preparing: select a.id, a.role_id, a.name from role as a,user_role as b where a.id=b.role_id and b.user_id=? 
2019-09-23 04:36:26,435 DEBUG (BaseJdbcLogger.java:143)- ====> Parameters: 24064(Integer)
2019-09-23 04:36:26,436 DEBUG (BaseJdbcLogger.java:143)- <====      Total: 0
2019-09-23 04:36:26,437 DEBUG (BaseJdbcLogger.java:143)- ====>  Preparing: select a.id, a.role_id, a.name from role as a,user_role as b where a.id=b.role_id and b.user_id=? 
2019-09-23 04:36:26,437 DEBUG (BaseJdbcLogger.java:143)- ====> Parameters: 24068(Integer)
2019-09-23 04:36:26,438 DEBUG (BaseJdbcLogger.java:143)- <====      Total: 0
2019-09-23 04:36:26,439 DEBUG (BaseJdbcLogger.java:143)- ====>  Preparing: select a.id, a.role_id, a.name from role as a,user_role as b where a.id=b.role_id and b.user_id=? 
2019-09-23 04:36:26,439 DEBUG (BaseJdbcLogger.java:143)- ====> Parameters: 24071(Integer)
2019-09-23 04:36:26,439 DEBUG (BaseJdbcLogger.java:143)- <====      Total: 0
2019-09-23 04:36:26,440 DEBUG (BaseJdbcLogger.java:143)- ====>  Preparing: select a.id, a.role_id, a.name from role as a,user_role as b where a.id=b.role_id and b.user_id=? 
2019-09-23 04:36:26,441 DEBUG (BaseJdbcLogger.java:143)- ====> Parameters: 24072(Integer)
2019-09-23 04:36:26,444 DEBUG (BaseJdbcLogger.java:143)- <====      Total: 0
2019-09-23 04:36:26,445 DEBUG (BaseJdbcLogger.java:143)- ====>  Preparing: select a.id, a.role_id, a.name from role as a,user_role as b where a.id=b.role_id and b.user_id=? 
2019-09-23 04:36:26,446 DEBUG (BaseJdbcLogger.java:143)- ====> Parameters: 24073(Integer)
2019-09-23 04:36:26,447 DEBUG (BaseJdbcLogger.java:143)- <====      Total: 0
2019-09-23 04:36:26,448 DEBUG (BaseJdbcLogger.java:143)- ====>  Preparing: select a.id, a.role_id, a.name from role as a,user_role as b where a.id=b.role_id and b.user_id=? 
2019-09-23 04:36:26,448 DEBUG (BaseJdbcLogger.java:143)- ====> Parameters: 24075(Integer)
2019-09-23 04:36:26,449 DEBUG (BaseJdbcLogger.java:143)- <====      Total: 0
2019-09-23 04:36:26,450 DEBUG (BaseJdbcLogger.java:143)- ====>  Preparing: select a.id, a.role_id, a.name from role as a,user_role as b where a.id=b.role_id and b.user_id=? 
2019-09-23 04:36:26,450 DEBUG (BaseJdbcLogger.java:143)- ====> Parameters: 24078(Integer)
2019-09-23 04:36:26,451 DEBUG (BaseJdbcLogger.java:143)- <====      Total: 0
2019-09-23 04:36:26,451 DEBUG (BaseJdbcLogger.java:143)- ====>  Preparing: select a.id, a.role_id, a.name from role as a,user_role as b where a.id=b.role_id and b.user_id=? 
2019-09-23 04:36:26,452 DEBUG (BaseJdbcLogger.java:143)- ====> Parameters: 24079(Integer)
2019-09-23 04:36:26,452 DEBUG (BaseJdbcLogger.java:143)- <====      Total: 0
2019-09-23 04:36:26,453 DEBUG (BaseJdbcLogger.java:143)- ====>  Preparing: select a.id, a.role_id, a.name from role as a,user_role as b where a.id=b.role_id and b.user_id=? 
2019-09-23 04:36:26,453 DEBUG (BaseJdbcLogger.java:143)- ====> Parameters: 24082(Integer)
2019-09-23 04:36:26,454 DEBUG (BaseJdbcLogger.java:143)- <====      Total: 0
2019-09-23 04:36:26,454 DEBUG (BaseJdbcLogger.java:143)- ====>  Preparing: select a.id, a.role_id, a.name from role as a,user_role as b where a.id=b.role_id and b.user_id=? 
