2019-10-28 00:19:56,722 DEBUG (BaseJdbcLogger.java:143)- <====      Total: 1
2019-10-28 00:19:56,725 DEBUG (BaseJdbcLogger.java:143)- ====>  Preparing: select id, name, sex, birthday, phone, ID_number, email, parent_phone, adress, major, state from student_basic where id = ? 
2019-10-28 00:19:56,726 DEBUG (BaseJdbcLogger.java:143)- ====> Parameters: 28064(String)
2019-10-28 00:19:56,728 DEBUG (BaseJdbcLogger.java:143)- <====      Total: 1
2019-10-28 00:19:56,729 DEBUG (BaseJdbcLogger.java:143)- ====>  Preparing: select id, name, sex, birthday, phone, ID_number, email, parent_phone, adress, major, state from student_basic where id = ? 
2019-10-28 00:19:56,730 DEBUG (BaseJdbcLogger.java:143)- ====> Parameters: 28068(String)
2019-10-28 00:19:56,731 DEBUG (BaseJdbcLogger.java:143)- <====      Total: 1
2019-10-28 00:19:56,732 DEBUG (BaseJdbcLogger.java:143)- ====>  Preparing: select id, name, sex, birthday, phone, ID_number, email, parent_phone, adress, major, state from student_basic where id = ? 
2019-10-28 00:19:56,733 DEBUG (BaseJdbcLogger.java:143)- ====> Parameters: 28071(String)
2019-10-28 00:19:56,734 DEBUG (BaseJdbcLogger.java:143)- <====      Total: 1
2019-10-28 00:19:56,735 DEBUG (BaseJdbcLogger.java:143)- ====>  Preparing: select id, name, sex, birthday, phone, ID_number, email, parent_phone, adress, major, state from student_basic where id = ? 
2019-10-28 00:19:56,736 DEBUG (BaseJdbcLogger.java:143)- ====> Parameters: 28072(String)
2019-10-28 00:19:56,738 DEBUG (BaseJdbcLogger.java:143)- <====      Total: 1
2019-10-28 00:19:56,739 DEBUG (BaseJdbcLogger.java:143)- ====>  Preparing: select id, name, sex, birthday, phone, ID_number, email, parent_phone, adress, major, state from student_basic where id = ? 
2019-10-28 00:19:56,740 DEBUG (BaseJdbcLogger.java:143)- ====> Parameters: 28073(String)
2019-10-28 00:19:56,740 DEBUG (BaseJdbcLogger.java:143)- <====      Total: 1
2019-10-28 00:19:56,741 DEBUG (BaseJdbcLogger.java:143)- ====>  Preparing: select id, name, sex, birthday, phone, ID_number, email, parent_phone, adress, major, state from student_basic where id = ? 
2019-10-28 00:19:56,742 DEBUG (BaseJdbcLogger.java:143)- ====> Parameters: 28075(String)
2019-10-28 00:19:56,743 DEBUG (BaseJdbcLogger.java:143)- <====      Total: 1
2019-10-28 00:19:56,744 DEBUG (BaseJdbcLogger.java:143)- ====>  Preparing: select id, name, sex, birthday, phone, ID_number, email, parent_phone, adress, major, state from student_basic where id = ? 
2019-10-28 00:19:56,745 DEBUG (BaseJdbcLogger.java:143)- ====> Parameters: 28078(String)
2019-10-28 00:19:56,746 DEBUG (BaseJdbcLogger.java:143)- <====      Total: 1
2019-10-28 00:19:56,748 DEBUG (BaseJdbcLogger.java:143)- ====>  Preparing: select id, name, sex, birthday, phone, ID_number, email, parent_phone, adress, major, state from student_basic where id = ? 
2019-10-28 00:19:56,749 DEBUG (BaseJdbcLogger.java:143)- ====> Parameters: 28079(String)
2019-10-28 00:19:56,750 DEBUG (BaseJdbcLogger.java:143)- <====      Total: 1
2019-10-28 00:19:56,751 DEBUG (BaseJdbcLogger.java:143)- ====>  Preparing: select id, name, sex, birthday, phone, ID_number, email, parent_phone, adress, major, state from student_basic where id = ? 
2019-10-28 00:19:56,752 DEBUG (BaseJdbcLogger.java:143)- ====> Parameters: 28082(String)
2019-10-28 00:19:56,754 DEBUG (BaseJdbcLogger.java:143)- <====      Total: 1
2019-10-28 00:19:56,755 DEBUG (BaseJdbcLogger.java:143)- ====>  Preparing: select id, name, sex, birthday, phone, ID_number, email, parent_phone, adress, major, state from student_basic where id = ? 
2019-10-28 00:19:56,755 DEBUG (BaseJdbcLogger.java:143)- ====> Parameters: 28083(String)
2019-10-28 00:19:56,757 DEBUG (BaseJdbcLogger.java:143)- <====      Total: 1
2019-10-28 00:19:56,758 DEBUG (BaseJdbcLogger.java:143)- ====>  Preparing: select id, name, sex, birthday, phone, ID_number, email, parent_phone, adress, major, state from student_basic where id = ? 
2019-10-28 00:19:56,758 DEBUG (BaseJdbcLogger.java:143)- ====> Parameters: 28084(String)
2019-10-28 00:19:56,760 DEBUG (BaseJdbcLogger.java:143)- <====      Total: 1
2019-10-28 00:19:56,762 DEBUG (BaseJdbcLogger.java:143)- ====>  Preparing: select id, name, sex, birthday, phone, ID_number, email, parent_phone, adress, major, state from student_basic where id = ? 
2019-10-28 00:19:56,763 DEBUG (BaseJdbcLogger.java:143)- ====> Parameters: 28085(String)
2019-10-28 00:19:56,764 DEBUG (BaseJdbcLogger.java:143)- <====      Total: 1
2019-10-28 00:19:56,765 DEBUG (BaseJdbcLogger.java:143)- ====>  Preparing: select id, name, sex, birthday, phone, ID_number, email, parent_phone, adress, major, state from student_basic where id = ? 
2019-10-28 00:19:56,766 DEBUG (BaseJdbcLogger.java:143)- ====> Parameters: 28086(String)
2019-10-28 00:19:56,767 DEBUG (BaseJdbcLogger.java:143)- <====      Total: 1
2019-10-28 00:19:56,767 DEBUG (BaseJdbcLogger.java:143)- ====>  Preparing: select id, name, sex, birthday, phone, ID_number, email, parent_phone, adress, major, state from student_basic where id = ? 
2019-10-28 00:19:56,768 DEBUG (BaseJdbcLogger.java:143)- ====> Parameters: 28087(String)
2019-10-28 00:19:56,770 DEBUG (BaseJdbcLogger.java:143)- <====      Total: 1
2019-10-28 00:19:56,771 DEBUG (BaseJdbcLogger.java:143)- <==      Total: 17
2019-10-28 00:19:56,772 DEBUG (BaseJdbcLogger.java:143)- ==>  Preparing: select dormitory_allocation.id, dormitory_allocation.class_id, dormitory_allocation.dormitory_id,dormitory_allocation.number from dormitory_allocation,dormitory WHERE dormitory_allocation.dormitory_id=dormitory.id and dormitory.sex=? and class_id = ? 
2019-10-28 00:19:56,772 DEBUG (BaseJdbcLogger.java:143)- ==> Parameters: 男(String), 081001201902(String)
2019-10-28 00:19:56,773 DEBUG (BaseJdbcLogger.java:143)- <==      Total: 0
2019-10-28 00:19:56,774 DEBUG (BaseJdbcLogger.java:143)- ==>  Preparing: select student_status.id,student_status.basic_id, student_status.student_id, student_status.class_id from student_status,student_basic where student_status.basic_id=student_basic.id and student_basic.sex=? and student_status.class_id=? 
2019-10-28 00:19:56,774 DEBUG (BaseJdbcLogger.java:143)- ==> Parameters: 男(String), 080205201901(String)
2019-10-28 00:19:56,777 DEBUG (BaseJdbcLogger.java:143)- ====>  Preparing: select id, name, sex, birthday, phone, ID_number, email, parent_phone, adress, major, state from student_basic where id = ? 
2019-10-28 00:19:56,778 DEBUG (BaseJdbcLogger.java:143)- ====> Parameters: 28608(String)
2019-10-28 00:19:56,779 DEBUG (BaseJdbcLogger.java:143)- <====      Total: 1
2019-10-28 00:19:56,780 DEBUG (BaseJdbcLogger.java:143)- ====>  Preparing: select id, class_id, name, director, grade, major_id from class WHERE class_id = ? 
2019-10-28 00:19:56,780 DEBUG (BaseJdbcLogger.java:143)- ====> Parameters: 080205201901(String)
2019-10-28 00:19:56,781 DEBUG (BaseJdbcLogger.java:143)- ======>  Preparing: select id, major_id, name, price, department_id from major where major_id = ? 
2019-10-28 00:19:56,782 DEBUG (BaseJdbcLogger.java:143)- ======> Parameters: 080205(String)
2019-10-28 00:19:56,783 DEBUG (BaseJdbcLogger.java:143)- <======      Total: 1
2019-10-28 00:19:56,784 DEBUG (BaseJdbcLogger.java:143)- <====      Total: 1
2019-10-28 00:19:56,784 DEBUG (BaseJdbcLogger.java:143)- ====>  Preparing: select id, name, sex, birthday, phone, ID_number, email, parent_phone, adress, major, state from student_basic where id = ? 
2019-10-28 00:19:56,785 DEBUG (BaseJdbcLogger.java:143)- ====> Parameters: 28609(String)
2019-10-28 00:19:56,786 DEBUG (BaseJdbcLogger.java:143)- <====      Total: 1
2019-10-28 00:19:56,787 DEBUG (BaseJdbcLogger.java:143)- ====>  Preparing: select id, name, sex, birthday, phone, ID_number, email, parent_phone, adress, major, state from student_basic where id = ? 
2019-10-28 00:19:56,788 DEBUG (BaseJdbcLogger.java:143)- ====> Parameters: 28610(String)
2019-10-28 00:19:56,789 DEBUG (BaseJdbcLogger.java:143)- <====      Total: 1
2019-10-28 00:19:56,790 DEBUG (BaseJdbcLogger.java:143)- ====>  Preparing: select id, name, sex, birthday, phone, ID_number, email, parent_phone, adress, major, state from student_basic where id = ? 
2019-10-28 00:19:56,791 DEBUG (BaseJdbcLogger.java:143)- ====> Parameters: 28611(String)
2019-10-28 00:19:56,792 DEBUG (BaseJdbcLogger.java:143)- <====      Total: 1
2019-10-28 00:19:56,792 DEBUG (BaseJdbcLogger.java:143)- ====>  Preparing: select id, name, sex, birthday, phone, ID_number, email, parent_phone, adress, major, state from student_basic where id = ? 
2019-10-28 00:19:56,793 DEBUG (BaseJdbcLogger.java:143)- ====> Parameters: 28613(String)
2019-10-28 00:19:56,794 DEBUG (BaseJdbcLogger.java:143)- <====      Total: 1
2019-10-28 00:19:56,795 DEBUG (BaseJdbcLogger.java:143)- ====>  Preparing: select id, name, sex, birthday, phone, ID_number, email, parent_phone, adress, major, state from student_basic where id = ? 
2019-10-28 00:19:56,796 DEBUG (BaseJdbcLogger.java:143)- ====> Parameters: 28616(String)
2019-10-28 00:19:56,798 DEBUG (BaseJdbcLogger.java:143)- <====      Total: 1
2019-10-28 00:19:56,799 DEBUG (BaseJdbcLogger.java:143)- ====>  Preparing: select id, name, sex, birthday, phone, ID_number, email, parent_phone, adress, major, state from student_basic where id = ? 
2019-10-28 00:19:56,799 DEBUG (BaseJdbcLogger.java:143)- ====> Parameters: 28618(String)
2019-10-28 00:19:56,801 DEBUG (BaseJdbcLogger.java:143)- <====      Total: 1
2019-10-28 00:19:56,802 DEBUG (BaseJdbcLogger.java:143)- ====>  Preparing: select id, name, sex, birthday, phone, ID_number, email, parent_phone, adress, major, state from student_basic where id = ? 
2019-10-28 00:19:56,804 DEBUG (BaseJdbcLogger.java:143)- ====> Parameters: 28619(String)
2019-10-28 00:19:56,805 DEBUG (BaseJdbcLogger.java:143)- <====      Total: 1
2019-10-28 00:19:56,806 DEBUG (BaseJdbcLogger.java:143)- ====>  Preparing: select id, name, sex, birthday, phone, ID_number, email, parent_phone, adress, major, state from student_basic where id = ? 
2019-10-28 00:19:56,807 DEBUG (BaseJdbcLogger.java:143)- ====> Parameters: 28621(String)
2019-10-28 00:19:56,808 DEBUG (BaseJdbcLogger.java:143)- <====      Total: 1
2019-10-28 00:19:56,809 DEBUG (BaseJdbcLogger.java:143)- ====>  Preparing: select id, name, sex, birthday, phone, ID_number, email, parent_phone, adress, major, state from student_basic where id = ? 
2019-10-28 00:19:56,810 DEBUG (BaseJdbcLogger.java:143)- ====> Parameters: 28622(String)
2019-10-28 00:19:56,811 DEBUG (BaseJdbcLogger.java:143)- <====      Total: 1
2019-10-28 00:19:56,812 DEBUG (BaseJdbcLogger.java:143)- ====>  Preparing: select id, name, sex, birthday, phone, ID_number, email, parent_phone, adress, major, state from student_basic where id = ? 
2019-10-28 00:19:56,813 DEBUG (BaseJdbcLogger.java:143)- ====> Parameters: 28623(String)
2019-10-28 00:19:56,814 DEBUG (BaseJdbcLogger.java:143)- <====      Total: 1
2019-10-28 00:19:56,815 DEBUG (BaseJdbcLogger.java:143)- ====>  Preparing: select id, name, sex, birthday, phone, ID_number, email, parent_phone, adress, major, state from student_basic where id = ? 
2019-10-28 00:19:56,815 DEBUG (BaseJdbcLogger.java:143)- ====> Parameters: 28625(String)
2019-10-28 00:19:56,816 DEBUG (BaseJdbcLogger.java:143)- <====      Total: 1
2019-10-28 00:19:56,817 DEBUG (BaseJdbcLogger.java:143)- ====>  Preparing: select id, name, sex, birthday, phone, ID_number, email, parent_phone, adress, major, state from student_basic where id = ? 
2019-10-28 00:19:56,818 DEBUG (BaseJdbcLogger.java:143)- ====> Parameters: 28627(String)
2019-10-28 00:19:56,820 DEBUG (BaseJdbcLogger.java:143)- <====      Total: 1
2019-10-28 00:19:56,822 DEBUG (BaseJdbcLogger.java:143)- ====>  Preparing: select id, name, sex, birthday, phone, ID_number, email, parent_phone, adress, major, state from student_basic where id = ? 
2019-10-28 00:19:56,824 DEBUG (BaseJdbcLogger.java:143)- ====> Parameters: 28629(String)
2019-10-28 00:19:56,825 DEBUG (BaseJdbcLogger.java:143)- <====      Total: 1
2019-10-28 00:19:56,825 DEBUG (BaseJdbcLogger.java:143)- ====>  Preparing: select id, name, sex, birthday, phone, ID_number, email, parent_phone, adress, major, state from student_basic where id = ? 
2019-10-28 00:19:56,826 DEBUG (BaseJdbcLogger.java:143)- ====> Parameters: 28630(String)
2019-10-28 00:19:56,827 DEBUG (BaseJdbcLogger.java:143)- <====      Total: 1
2019-10-28 00:19:56,827 DEBUG (BaseJdbcLogger.java:143)- ====>  Preparing: select id, name, sex, birthday, phone, ID_number, email, parent_phone, adress, major, state from student_basic where id = ? 
2019-10-28 00:19:56,828 DEBUG (BaseJdbcLogger.java:143)- ====> Parameters: 28632(String)
2019-10-28 00:19:56,829 DEBUG (BaseJdbcLogger.java:143)- <====      Total: 1
2019-10-28 00:19:56,829 DEBUG (BaseJdbcLogger.java:143)- ====>  Preparing: select id, name, sex, birthday, phone, ID_number, email, parent_phone, adress, major, state from student_basic where id = ? 
2019-10-28 00:19:56,829 DEBUG (BaseJdbcLogger.java:143)- ====> Parameters: 28634(String)
2019-10-28 00:19:56,830 DEBUG (BaseJdbcLogger.java:143)- <====      Total: 1
2019-10-28 00:19:56,831 DEBUG (BaseJdbcLogger.java:143)- ====>  Preparing: select id, name, sex, birthday, phone, ID_number, email, parent_phone, adress, major, state from student_basic where id = ? 
2019-10-28 00:19:56,831 DEBUG (BaseJdbcLogger.java:143)- ====> Parameters: 28636(String)
2019-10-28 00:19:56,832 DEBUG (BaseJdbcLogger.java:143)- <====      Total: 1
2019-10-28 00:19:56,833 DEBUG (BaseJdbcLogger.java:143)- ====>  Preparing: select id, name, sex, birthday, phone, ID_number, email, parent_phone, adress, major, state from student_basic where id = ? 
2019-10-28 00:19:56,833 DEBUG (BaseJdbcLogger.java:143)- ====> Parameters: 28639(String)
2019-10-28 00:19:56,834 DEBUG (BaseJdbcLogger.java:143)- <====      Total: 1
2019-10-28 00:19:56,835 DEBUG (BaseJdbcLogger.java:143)- ====>  Preparing: select id, name, sex, birthday, phone, ID_number, email, parent_phone, adress, major, state from student_basic where id = ? 
2019-10-28 00:19:56,835 DEBUG (BaseJdbcLogger.java:143)- ====> Parameters: 28641(String)
2019-10-28 00:19:56,836 DEBUG (BaseJdbcLogger.java:143)- <====      Total: 1
2019-10-28 00:19:56,837 DEBUG (BaseJdbcLogger.java:143)- ====>  Preparing: select id, name, sex, birthday, phone, ID_number, email, parent_phone, adress, major, state from student_basic where id = ? 
2019-10-28 00:19:56,838 DEBUG (BaseJdbcLogger.java:143)- ====> Parameters: 28642(String)
2019-10-28 00:19:56,839 DEBUG (BaseJdbcLogger.java:143)- <====      Total: 1
2019-10-28 00:19:56,840 DEBUG (BaseJdbcLogger.java:143)- ====>  Preparing: select id, name, sex, birthday, phone, ID_number, email, parent_phone, adress, major, state from student_basic where id = ? 
2019-10-28 00:19:56,841 DEBUG (BaseJdbcLogger.java:143)- ====> Parameters: 28645(String)
2019-10-28 00:19:56,842 DEBUG (BaseJdbcLogger.java:143)- <====      Total: 1
2019-10-28 00:19:56,842 DEBUG (BaseJdbcLogger.java:143)- ====>  Preparing: select id, name, sex, birthday, phone, ID_number, email, parent_phone, adress, major, state from student_basic where id = ? 
2019-10-28 00:19:56,843 DEBUG (BaseJdbcLogger.java:143)- ====> Parameters: 28649(String)
2019-10-28 00:19:56,844 DEBUG (BaseJdbcLogger.java:143)- <====      Total: 1
2019-10-28 00:19:56,845 DEBUG (BaseJdbcLogger.java:143)- ====>  Preparing: select id, name, sex, birthday, phone, ID_number, email, parent_phone, adress, major, state from student_basic where id = ? 
2019-10-28 00:19:56,845 DEBUG (BaseJdbcLogger.java:143)- ====> Parameters: 28650(String)
2019-10-28 00:19:56,846 DEBUG (BaseJdbcLogger.java:143)- <====      Total: 1
2019-10-28 00:19:56,846 DEBUG (BaseJdbcLogger.java:143)- ====>  Preparing: select id, name, sex, birthday, phone, ID_number, email, parent_phone, adress, major, state from student_basic where id = ? 
