2019-09-02 12:40:16,232 DEBUG (BaseJdbcLogger.java:143)- <====      Total: 1
2019-09-02 12:40:16,235 DEBUG (BaseJdbcLogger.java:143)- <==      Total: 23
2019-09-02 12:40:16,235 DEBUG (BaseJdbcLogger.java:143)- ==>  Preparing: select dormitory_allocation.id, dormitory_allocation.class_id, dormitory_allocation.dormitory_id,dormitory_allocation.number from dormitory_allocation,dormitory WHERE dormitory_allocation.dormitory_id=dormitory.id and dormitory.sex=? and class_id = ? 
2019-09-02 12:40:16,236 DEBUG (BaseJdbcLogger.java:143)- ==> Parameters: 男(String), 080901201901(String)
2019-09-02 12:40:16,237 DEBUG (BaseJdbcLogger.java:143)- ====>  Preparing: select id, dong, floor, room, sex, number, rent from dormitory where id = ? 
2019-09-02 12:40:16,238 DEBUG (BaseJdbcLogger.java:143)- ====> Parameters: 68(Integer)
2019-09-02 12:40:16,239 DEBUG (BaseJdbcLogger.java:143)- <====      Total: 1
2019-09-02 12:40:16,240 DEBUG (BaseJdbcLogger.java:143)- ====>  Preparing: select id, dong, floor, room, sex, number, rent from dormitory where id = ? 
2019-09-02 12:40:16,240 DEBUG (BaseJdbcLogger.java:143)- ====> Parameters: 69(Integer)
2019-09-02 12:40:16,241 DEBUG (BaseJdbcLogger.java:143)- <====      Total: 1
2019-09-02 12:40:16,241 DEBUG (BaseJdbcLogger.java:143)- ====>  Preparing: select id, dong, floor, room, sex, number, rent from dormitory where id = ? 
2019-09-02 12:40:16,241 DEBUG (BaseJdbcLogger.java:143)- ====> Parameters: 70(Integer)
2019-09-02 12:40:16,242 DEBUG (BaseJdbcLogger.java:143)- <====      Total: 1
2019-09-02 12:40:16,242 DEBUG (BaseJdbcLogger.java:143)- ====>  Preparing: select id, dong, floor, room, sex, number, rent from dormitory where id = ? 
2019-09-02 12:40:16,243 DEBUG (BaseJdbcLogger.java:143)- ====> Parameters: 71(Integer)
2019-09-02 12:40:16,243 DEBUG (BaseJdbcLogger.java:143)- <====      Total: 1
2019-09-02 12:40:16,243 DEBUG (BaseJdbcLogger.java:143)- ====>  Preparing: select id, dong, floor, room, sex, number, rent from dormitory where id = ? 
2019-09-02 12:40:16,244 DEBUG (BaseJdbcLogger.java:143)- ====> Parameters: 72(Integer)
2019-09-02 12:40:16,244 DEBUG (BaseJdbcLogger.java:143)- <====      Total: 1
2019-09-02 12:40:16,244 DEBUG (BaseJdbcLogger.java:143)- ====>  Preparing: select id, dong, floor, room, sex, number, rent from dormitory where id = ? 
2019-09-02 12:40:16,245 DEBUG (BaseJdbcLogger.java:143)- ====> Parameters: 73(Integer)
2019-09-02 12:40:16,245 DEBUG (BaseJdbcLogger.java:143)- <====      Total: 1
2019-09-02 12:40:16,245 DEBUG (BaseJdbcLogger.java:143)- <==      Total: 6
2019-09-02 12:40:16,246 DEBUG (BaseJdbcLogger.java:143)- ==>  Preparing: select dormitory_allocation.id, dormitory_allocation.class_id, dormitory_allocation.dormitory_id,dormitory_allocation.number from dormitory_allocation,dormitory WHERE dormitory_allocation.dormitory_id=dormitory.id and dormitory.sex=? and class_id = ? 
2019-09-02 12:40:16,246 DEBUG (BaseJdbcLogger.java:143)- ==> Parameters: 女(String), 080901201901(String)
2019-09-02 12:40:16,247 DEBUG (BaseJdbcLogger.java:143)- ====>  Preparing: select id, dong, floor, room, sex, number, rent from dormitory where id = ? 
2019-09-02 12:40:16,247 DEBUG (BaseJdbcLogger.java:143)- ====> Parameters: 509(Integer)
2019-09-02 12:40:16,247 DEBUG (BaseJdbcLogger.java:143)- <====      Total: 1
2019-09-02 12:40:16,248 DEBUG (BaseJdbcLogger.java:143)- ====>  Preparing: select id, dong, floor, room, sex, number, rent from dormitory where id = ? 
2019-09-02 12:40:16,248 DEBUG (BaseJdbcLogger.java:143)- ====> Parameters: 510(Integer)
2019-09-02 12:40:16,250 DEBUG (BaseJdbcLogger.java:143)- <====      Total: 1
2019-09-02 12:40:16,251 DEBUG (BaseJdbcLogger.java:143)- ====>  Preparing: select id, dong, floor, room, sex, number, rent from dormitory where id = ? 
2019-09-02 12:40:16,251 DEBUG (BaseJdbcLogger.java:143)- ====> Parameters: 511(Integer)
2019-09-02 12:40:16,252 DEBUG (BaseJdbcLogger.java:143)- <====      Total: 1
2019-09-02 12:40:16,253 DEBUG (BaseJdbcLogger.java:143)- ====>  Preparing: select id, dong, floor, room, sex, number, rent from dormitory where id = ? 
2019-09-02 12:40:16,253 DEBUG (BaseJdbcLogger.java:143)- ====> Parameters: 512(Integer)
2019-09-02 12:40:16,253 DEBUG (BaseJdbcLogger.java:143)- <====      Total: 1
2019-09-02 12:40:16,254 DEBUG (BaseJdbcLogger.java:143)- ====>  Preparing: select id, dong, floor, room, sex, number, rent from dormitory where id = ? 
2019-09-02 12:40:16,254 DEBUG (BaseJdbcLogger.java:143)- ====> Parameters: 513(Integer)
2019-09-02 12:40:16,255 DEBUG (BaseJdbcLogger.java:143)- <====      Total: 1
2019-09-02 12:40:16,256 DEBUG (BaseJdbcLogger.java:143)- <==      Total: 5
2019-09-02 12:40:16,256 DEBUG (BaseJdbcLogger.java:143)- ==>  Preparing: select student_status.id,student_status.basic_id, student_status.student_id, student_status.class_id from student_status,student_basic where student_status.basic_id=student_basic.id and student_basic.sex=? and student_status.class_id=? 
2019-09-02 12:40:16,256 DEBUG (BaseJdbcLogger.java:143)- ==> Parameters: 男(String), 080901201902(String)
2019-09-02 12:40:16,257 DEBUG (BaseJdbcLogger.java:143)- ====>  Preparing: select id, name, sex, birthday, phone, ID_number, email, parent_phone, adress, major, state from student_basic where id = ? 
2019-09-02 12:40:16,258 DEBUG (BaseJdbcLogger.java:143)- ====> Parameters: 18058(String)
2019-09-02 12:40:16,258 DEBUG (BaseJdbcLogger.java:143)- <====      Total: 1
2019-09-02 12:40:16,259 DEBUG (BaseJdbcLogger.java:143)- ====>  Preparing: select id, class_id, name, director, grade, major_id from class where class_id = ? 
2019-09-02 12:40:16,259 DEBUG (BaseJdbcLogger.java:143)- ====> Parameters: 080901201902(String)
2019-09-02 12:40:16,260 DEBUG (BaseJdbcLogger.java:143)- ======>  Preparing: select id, major_id, name, price, department_id from major where major_id = ? 
2019-09-02 12:40:16,260 DEBUG (BaseJdbcLogger.java:143)- ======> Parameters: 080901(String)
2019-09-02 12:40:16,263 DEBUG (BaseJdbcLogger.java:143)- <======      Total: 1
2019-09-02 12:40:16,264 DEBUG (BaseJdbcLogger.java:143)- <====      Total: 1
2019-09-02 12:40:16,264 DEBUG (BaseJdbcLogger.java:143)- ====>  Preparing: select id, name, sex, birthday, phone, ID_number, email, parent_phone, adress, major, state from student_basic where id = ? 
2019-09-02 12:40:16,265 DEBUG (BaseJdbcLogger.java:143)- ====> Parameters: 18059(String)
2019-09-02 12:40:16,266 DEBUG (BaseJdbcLogger.java:143)- <====      Total: 1
2019-09-02 12:40:16,267 DEBUG (BaseJdbcLogger.java:143)- ====>  Preparing: select id, name, sex, birthday, phone, ID_number, email, parent_phone, adress, major, state from student_basic where id = ? 
2019-09-02 12:40:16,268 DEBUG (BaseJdbcLogger.java:143)- ====> Parameters: 18060(String)
2019-09-02 12:40:16,269 DEBUG (BaseJdbcLogger.java:143)- <====      Total: 1
2019-09-02 12:40:16,270 DEBUG (BaseJdbcLogger.java:143)- ====>  Preparing: select id, name, sex, birthday, phone, ID_number, email, parent_phone, adress, major, state from student_basic where id = ? 
2019-09-02 12:40:16,270 DEBUG (BaseJdbcLogger.java:143)- ====> Parameters: 18062(String)
2019-09-02 12:40:16,271 DEBUG (BaseJdbcLogger.java:143)- <====      Total: 1
2019-09-02 12:40:16,271 DEBUG (BaseJdbcLogger.java:143)- ====>  Preparing: select id, name, sex, birthday, phone, ID_number, email, parent_phone, adress, major, state from student_basic where id = ? 
2019-09-02 12:40:16,272 DEBUG (BaseJdbcLogger.java:143)- ====> Parameters: 18065(String)
2019-09-02 12:40:16,273 DEBUG (BaseJdbcLogger.java:143)- <====      Total: 1
2019-09-02 12:40:16,273 DEBUG (BaseJdbcLogger.java:143)- ====>  Preparing: select id, name, sex, birthday, phone, ID_number, email, parent_phone, adress, major, state from student_basic where id = ? 
2019-09-02 12:40:16,273 DEBUG (BaseJdbcLogger.java:143)- ====> Parameters: 18067(String)
2019-09-02 12:40:16,274 DEBUG (BaseJdbcLogger.java:143)- <====      Total: 1
2019-09-02 12:40:16,275 DEBUG (BaseJdbcLogger.java:143)- ====>  Preparing: select id, name, sex, birthday, phone, ID_number, email, parent_phone, adress, major, state from student_basic where id = ? 
2019-09-02 12:40:16,275 DEBUG (BaseJdbcLogger.java:143)- ====> Parameters: 18071(String)
2019-09-02 12:40:16,275 DEBUG (BaseJdbcLogger.java:143)- <====      Total: 1
2019-09-02 12:40:16,276 DEBUG (BaseJdbcLogger.java:143)- ====>  Preparing: select id, name, sex, birthday, phone, ID_number, email, parent_phone, adress, major, state from student_basic where id = ? 
2019-09-02 12:40:16,276 DEBUG (BaseJdbcLogger.java:143)- ====> Parameters: 18072(String)
2019-09-02 12:40:16,276 DEBUG (BaseJdbcLogger.java:143)- <====      Total: 1
2019-09-02 12:40:16,277 DEBUG (BaseJdbcLogger.java:143)- ====>  Preparing: select id, name, sex, birthday, phone, ID_number, email, parent_phone, adress, major, state from student_basic where id = ? 
2019-09-02 12:40:16,277 DEBUG (BaseJdbcLogger.java:143)- ====> Parameters: 18073(String)
2019-09-02 12:40:16,277 DEBUG (BaseJdbcLogger.java:143)- <====      Total: 1
2019-09-02 12:40:16,278 DEBUG (BaseJdbcLogger.java:143)- ====>  Preparing: select id, name, sex, birthday, phone, ID_number, email, parent_phone, adress, major, state from student_basic where id = ? 
2019-09-02 12:40:16,278 DEBUG (BaseJdbcLogger.java:143)- ====> Parameters: 18074(String)
2019-09-02 12:40:16,279 DEBUG (BaseJdbcLogger.java:143)- <====      Total: 1
2019-09-02 12:40:16,279 DEBUG (BaseJdbcLogger.java:143)- ====>  Preparing: select id, name, sex, birthday, phone, ID_number, email, parent_phone, adress, major, state from student_basic where id = ? 
2019-09-02 12:40:16,279 DEBUG (BaseJdbcLogger.java:143)- ====> Parameters: 18077(String)
2019-09-02 12:40:16,280 DEBUG (BaseJdbcLogger.java:143)- <====      Total: 1
2019-09-02 12:40:16,280 DEBUG (BaseJdbcLogger.java:143)- ====>  Preparing: select id, name, sex, birthday, phone, ID_number, email, parent_phone, adress, major, state from student_basic where id = ? 
2019-09-02 12:40:16,280 DEBUG (BaseJdbcLogger.java:143)- ====> Parameters: 18081(String)
2019-09-02 12:40:16,281 DEBUG (BaseJdbcLogger.java:143)- <====      Total: 1
2019-09-02 12:40:16,281 DEBUG (BaseJdbcLogger.java:143)- ====>  Preparing: select id, name, sex, birthday, phone, ID_number, email, parent_phone, adress, major, state from student_basic where id = ? 
2019-09-02 12:40:16,281 DEBUG (BaseJdbcLogger.java:143)- ====> Parameters: 18084(String)
2019-09-02 12:40:16,282 DEBUG (BaseJdbcLogger.java:143)- <====      Total: 1
2019-09-02 12:40:16,282 DEBUG (BaseJdbcLogger.java:143)- ====>  Preparing: select id, name, sex, birthday, phone, ID_number, email, parent_phone, adress, major, state from student_basic where id = ? 
2019-09-02 12:40:16,282 DEBUG (BaseJdbcLogger.java:143)- ====> Parameters: 18086(String)
2019-09-02 12:40:16,284 DEBUG (BaseJdbcLogger.java:143)- <====      Total: 1
2019-09-02 12:40:16,284 DEBUG (BaseJdbcLogger.java:143)- ====>  Preparing: select id, name, sex, birthday, phone, ID_number, email, parent_phone, adress, major, state from student_basic where id = ? 
2019-09-02 12:40:16,285 DEBUG (BaseJdbcLogger.java:143)- ====> Parameters: 18089(String)
2019-09-02 12:40:16,287 DEBUG (BaseJdbcLogger.java:143)- <====      Total: 1
2019-09-02 12:40:16,287 DEBUG (BaseJdbcLogger.java:143)- ====>  Preparing: select id, name, sex, birthday, phone, ID_number, email, parent_phone, adress, major, state from student_basic where id = ? 
2019-09-02 12:40:16,287 DEBUG (BaseJdbcLogger.java:143)- ====> Parameters: 18090(String)
2019-09-02 12:40:16,288 DEBUG (BaseJdbcLogger.java:143)- <====      Total: 1
2019-09-02 12:40:16,289 DEBUG (BaseJdbcLogger.java:143)- ====>  Preparing: select id, name, sex, birthday, phone, ID_number, email, parent_phone, adress, major, state from student_basic where id = ? 
2019-09-02 12:40:16,289 DEBUG (BaseJdbcLogger.java:143)- ====> Parameters: 18095(String)
2019-09-02 12:40:16,290 DEBUG (BaseJdbcLogger.java:143)- <====      Total: 1
2019-09-02 12:40:16,290 DEBUG (BaseJdbcLogger.java:143)- ====>  Preparing: select id, name, sex, birthday, phone, ID_number, email, parent_phone, adress, major, state from student_basic where id = ? 
2019-09-02 12:40:16,291 DEBUG (BaseJdbcLogger.java:143)- ====> Parameters: 18096(String)
2019-09-02 12:40:16,291 DEBUG (BaseJdbcLogger.java:143)- <====      Total: 1
2019-09-02 12:40:16,291 DEBUG (BaseJdbcLogger.java:143)- ====>  Preparing: select id, name, sex, birthday, phone, ID_number, email, parent_phone, adress, major, state from student_basic where id = ? 
2019-09-02 12:40:16,292 DEBUG (BaseJdbcLogger.java:143)- ====> Parameters: 18097(String)
2019-09-02 12:40:16,292 DEBUG (BaseJdbcLogger.java:143)- <====      Total: 1
2019-09-02 12:40:16,292 DEBUG (BaseJdbcLogger.java:143)- ====>  Preparing: select id, name, sex, birthday, phone, ID_number, email, parent_phone, adress, major, state from student_basic where id = ? 
2019-09-02 12:40:16,293 DEBUG (BaseJdbcLogger.java:143)- ====> Parameters: 18098(String)
2019-09-02 12:40:16,293 DEBUG (BaseJdbcLogger.java:143)- <====      Total: 1
2019-09-02 12:40:16,293 DEBUG (BaseJdbcLogger.java:143)- ====>  Preparing: select id, name, sex, birthday, phone, ID_number, email, parent_phone, adress, major, state from student_basic where id = ? 
2019-09-02 12:40:16,294 DEBUG (BaseJdbcLogger.java:143)- ====> Parameters: 18099(String)
2019-09-02 12:40:16,294 DEBUG (BaseJdbcLogger.java:143)- <====      Total: 1
2019-09-02 12:40:16,294 DEBUG (BaseJdbcLogger.java:143)- ====>  Preparing: select id, name, sex, birthday, phone, ID_number, email, parent_phone, adress, major, state from student_basic where id = ? 
2019-09-02 12:40:16,295 DEBUG (BaseJdbcLogger.java:143)- ====> Parameters: 18100(String)
2019-09-02 12:40:16,296 DEBUG (BaseJdbcLogger.java:143)- <====      Total: 1
2019-09-02 12:40:16,297 DEBUG (BaseJdbcLogger.java:143)- ====>  Preparing: select id, name, sex, birthday, phone, ID_number, email, parent_phone, adress, major, state from student_basic where id = ? 
2019-09-02 12:40:16,297 DEBUG (BaseJdbcLogger.java:143)- ====> Parameters: 18101(String)
2019-09-02 12:40:16,298 DEBUG (BaseJdbcLogger.java:143)- <====      Total: 1
2019-09-02 12:40:16,298 DEBUG (BaseJdbcLogger.java:143)- ====>  Preparing: select id, name, sex, birthday, phone, ID_number, email, parent_phone, adress, major, state from student_basic where id = ? 
2019-09-02 12:40:16,299 DEBUG (BaseJdbcLogger.java:143)- ====> Parameters: 18102(String)
2019-09-02 12:40:16,299 DEBUG (BaseJdbcLogger.java:143)- <====      Total: 1
2019-09-02 12:40:16,300 DEBUG (BaseJdbcLogger.java:143)- ====>  Preparing: select id, name, sex, birthday, phone, ID_number, email, parent_phone, adress, major, state from student_basic where id = ? 
2019-09-02 12:40:16,300 DEBUG (BaseJdbcLogger.java:143)- ====> Parameters: 18104(String)
2019-09-02 12:40:16,301 DEBUG (BaseJdbcLogger.java:143)- <====      Total: 1
2019-09-02 12:40:16,301 DEBUG (BaseJdbcLogger.java:143)- ====>  Preparing: select id, name, sex, birthday, phone, ID_number, email, parent_phone, adress, major, state from student_basic where id = ? 
2019-09-02 12:40:16,301 DEBUG (BaseJdbcLogger.java:143)- ====> Parameters: 18105(String)
2019-09-02 12:40:16,302 DEBUG (BaseJdbcLogger.java:143)- <====      Total: 1
2019-09-02 12:40:16,302 DEBUG (BaseJdbcLogger.java:143)- ====>  Preparing: select id, name, sex, birthday, phone, ID_number, email, parent_phone, adress, major, state from student_basic where id = ? 
2019-09-02 12:40:16,302 DEBUG (BaseJdbcLogger.java:143)- ====> Parameters: 18108(String)
2019-09-02 12:40:16,303 DEBUG (BaseJdbcLogger.java:143)- <====      Total: 1
2019-09-02 12:40:16,303 DEBUG (BaseJdbcLogger.java:143)- ====>  Preparing: select id, name, sex, birthday, phone, ID_number, email, parent_phone, adress, major, state from student_basic where id = ? 
2019-09-02 12:40:16,303 DEBUG (BaseJdbcLogger.java:143)- ====> Parameters: 18111(String)
2019-09-02 12:40:16,304 DEBUG (BaseJdbcLogger.java:143)- <====      Total: 1
2019-09-02 12:40:16,304 DEBUG (BaseJdbcLogger.java:143)- ====>  Preparing: select id, name, sex, birthday, phone, ID_number, email, parent_phone, adress, major, state from student_basic where id = ? 
2019-09-02 12:40:16,304 DEBUG (BaseJdbcLogger.java:143)- ====> Parameters: 18112(String)
2019-09-02 12:40:16,305 DEBUG (BaseJdbcLogger.java:143)- <====      Total: 1
2019-09-02 12:40:16,305 DEBUG (BaseJdbcLogger.java:143)- <==      Total: 29
2019-09-02 12:40:16,306 DEBUG (BaseJdbcLogger.java:143)- ==>  Preparing: select student_status.id,student_status.basic_id, student_status.student_id, student_status.class_id from student_status,student_basic where student_status.basic_id=student_basic.id and student_basic.sex=? and student_status.class_id=? 
2019-09-02 12:40:16,306 DEBUG (BaseJdbcLogger.java:143)- ==> Parameters: 女(String), 080901201902(String)
2019-09-02 12:40:16,307 DEBUG (BaseJdbcLogger.java:143)- ====>  Preparing: select id, name, sex, birthday, phone, ID_number, email, parent_phone, adress, major, state from student_basic where id = ? 
2019-09-02 12:40:16,307 DEBUG (BaseJdbcLogger.java:143)- ====> Parameters: 18050(String)
2019-09-02 12:40:16,308 DEBUG (BaseJdbcLogger.java:143)- <====      Total: 1
2019-09-02 12:40:16,308 DEBUG (BaseJdbcLogger.java:143)- ====>  Preparing: select id, class_id, name, director, grade, major_id from class where class_id = ? 
2019-09-02 12:40:16,308 DEBUG (BaseJdbcLogger.java:143)- ====> Parameters: 080901201902(String)
2019-09-02 12:40:16,309 DEBUG (BaseJdbcLogger.java:143)- ======>  Preparing: select id, major_id, name, price, department_id from major where major_id = ? 
2019-09-02 12:40:16,309 DEBUG (BaseJdbcLogger.java:143)- ======> Parameters: 080901(String)
2019-09-02 12:40:16,310 DEBUG (BaseJdbcLogger.java:143)- <======      Total: 1
2019-09-02 12:40:16,310 DEBUG (BaseJdbcLogger.java:143)- <====      Total: 1
2019-09-02 12:40:16,310 DEBUG (BaseJdbcLogger.java:143)- ====>  Preparing: select id, name, sex, birthday, phone, ID_number, email, parent_phone, adress, major, state from student_basic where id = ? 
2019-09-02 12:40:16,310 DEBUG (BaseJdbcLogger.java:143)- ====> Parameters: 18052(String)
2019-09-02 12:40:16,311 DEBUG (BaseJdbcLogger.java:143)- <====      Total: 1
2019-09-02 12:40:16,311 DEBUG (BaseJdbcLogger.java:143)- ====>  Preparing: select id, name, sex, birthday, phone, ID_number, email, parent_phone, adress, major, state from student_basic where id = ? 
2019-09-02 12:40:16,311 DEBUG (BaseJdbcLogger.java:143)- ====> Parameters: 18054(String)
2019-09-02 12:40:16,313 DEBUG (BaseJdbcLogger.java:143)- <====      Total: 1
2019-09-02 12:40:16,313 DEBUG (BaseJdbcLogger.java:143)- ====>  Preparing: select id, name, sex, birthday, phone, ID_number, email, parent_phone, adress, major, state from student_basic where id = ? 
2019-09-02 12:40:16,313 DEBUG (BaseJdbcLogger.java:143)- ====> Parameters: 18057(String)
2019-09-02 12:40:16,314 DEBUG (BaseJdbcLogger.java:143)- <====      Total: 1
2019-09-02 12:40:16,314 DEBUG (BaseJdbcLogger.java:143)- ====>  Preparing: select id, name, sex, birthday, phone, ID_number, email, parent_phone, adress, major, state from student_basic where id = ? 
2019-09-02 12:40:16,314 DEBUG (BaseJdbcLogger.java:143)- ====> Parameters: 18061(String)
2019-09-02 12:40:16,315 DEBUG (BaseJdbcLogger.java:143)- <====      Total: 1
2019-09-02 12:40:16,316 DEBUG (BaseJdbcLogger.java:143)- ====>  Preparing: select id, name, sex, birthday, phone, ID_number, email, parent_phone, adress, major, state from student_basic where id = ? 
2019-09-02 12:40:16,316 DEBUG (BaseJdbcLogger.java:143)- ====> Parameters: 18063(String)
2019-09-02 12:40:16,318 DEBUG (BaseJdbcLogger.java:143)- <====      Total: 1
2019-09-02 12:40:16,318 DEBUG (BaseJdbcLogger.java:143)- ====>  Preparing: select id, name, sex, birthday, phone, ID_number, email, parent_phone, adress, major, state from student_basic where id = ? 
2019-09-02 12:40:16,318 DEBUG (BaseJdbcLogger.java:143)- ====> Parameters: 18064(String)
2019-09-02 12:40:16,319 DEBUG (BaseJdbcLogger.java:143)- <====      Total: 1
2019-09-02 12:40:16,320 DEBUG (BaseJdbcLogger.java:143)- ====>  Preparing: select id, name, sex, birthday, phone, ID_number, email, parent_phone, adress, major, state from student_basic where id = ? 
2019-09-02 12:40:16,320 DEBUG (BaseJdbcLogger.java:143)- ====> Parameters: 18066(String)
2019-09-02 12:40:16,320 DEBUG (BaseJdbcLogger.java:143)- <====      Total: 1
2019-09-02 12:40:16,321 DEBUG (BaseJdbcLogger.java:143)- ====>  Preparing: select id, name, sex, birthday, phone, ID_number, email, parent_phone, adress, major, state from student_basic where id = ? 
2019-09-02 12:40:16,321 DEBUG (BaseJdbcLogger.java:143)- ====> Parameters: 18068(String)
2019-09-02 12:40:16,322 DEBUG (BaseJdbcLogger.java:143)- <====      Total: 1
2019-09-02 12:40:16,322 DEBUG (BaseJdbcLogger.java:143)- ====>  Preparing: select id, name, sex, birthday, phone, ID_number, email, parent_phone, adress, major, state from student_basic where id = ? 
2019-09-02 12:40:16,322 DEBUG (BaseJdbcLogger.java:143)- ====> Parameters: 18069(String)
2019-09-02 12:40:16,323 DEBUG (BaseJdbcLogger.java:143)- <====      Total: 1
2019-09-02 12:40:16,323 DEBUG (BaseJdbcLogger.java:143)- ====>  Preparing: select id, name, sex, birthday, phone, ID_number, email, parent_phone, adress, major, state from student_basic where id = ? 
2019-09-02 12:40:16,323 DEBUG (BaseJdbcLogger.java:143)- ====> Parameters: 18070(String)
2019-09-02 12:40:16,324 DEBUG (BaseJdbcLogger.java:143)- <====      Total: 1
2019-09-02 12:40:16,324 DEBUG (BaseJdbcLogger.java:143)- ====>  Preparing: select id, name, sex, birthday, phone, ID_number, email, parent_phone, adress, major, state from student_basic where id = ? 
2019-09-02 12:40:16,324 DEBUG (BaseJdbcLogger.java:143)- ====> Parameters: 18075(String)
2019-09-02 12:40:16,325 DEBUG (BaseJdbcLogger.java:143)- <====      Total: 1
2019-09-02 12:40:16,325 DEBUG (BaseJdbcLogger.java:143)- ====>  Preparing: select id, name, sex, birthday, phone, ID_number, email, parent_phone, adress, major, state from student_basic where id = ? 
2019-09-02 12:40:16,325 DEBUG (BaseJdbcLogger.java:143)- ====> Parameters: 18076(String)
2019-09-02 12:40:16,326 DEBUG (BaseJdbcLogger.java:143)- <====      Total: 1
2019-09-02 12:40:16,326 DEBUG (BaseJdbcLogger.java:143)- ====>  Preparing: select id, name, sex, birthday, phone, ID_number, email, parent_phone, adress, major, state from student_basic where id = ? 
2019-09-02 12:40:16,327 DEBUG (BaseJdbcLogger.java:143)- ====> Parameters: 18078(String)
2019-09-02 12:40:16,328 DEBUG (BaseJdbcLogger.java:143)- <====      Total: 1
2019-09-02 12:40:16,329 DEBUG (BaseJdbcLogger.java:143)- ====>  Preparing: select id, name, sex, birthday, phone, ID_number, email, parent_phone, adress, major, state from student_basic where id = ? 
2019-09-02 12:40:16,329 DEBUG (BaseJdbcLogger.java:143)- ====> Parameters: 18079(String)
2019-09-02 12:40:16,329 DEBUG (BaseJdbcLogger.java:143)- <====      Total: 1
2019-09-02 12:40:16,330 DEBUG (BaseJdbcLogger.java:143)- ====>  Preparing: select id, name, sex, birthday, phone, ID_number, email, parent_phone, adress, major, state from student_basic where id = ? 
2019-09-02 12:40:16,330 DEBUG (BaseJdbcLogger.java:143)- ====> Parameters: 18080(String)
2019-09-02 12:40:16,330 DEBUG (BaseJdbcLogger.java:143)- <====      Total: 1
2019-09-02 12:40:16,331 DEBUG (BaseJdbcLogger.java:143)- ====>  Preparing: select id, name, sex, birthday, phone, ID_number, email, parent_phone, adress, major, state from student_basic where id = ? 
2019-09-02 12:40:16,331 DEBUG (BaseJdbcLogger.java:143)- ====> Parameters: 18082(String)
2019-09-02 12:40:16,332 DEBUG (BaseJdbcLogger.java:143)- <====      Total: 1
2019-09-02 12:40:16,332 DEBUG (BaseJdbcLogger.java:143)- ====>  Preparing: select id, name, sex, birthday, phone, ID_number, email, parent_phone, adress, major, state from student_basic where id = ? 
2019-09-02 12:40:16,333 DEBUG (BaseJdbcLogger.java:143)- ====> Parameters: 18083(String)
2019-09-02 12:40:16,333 DEBUG (BaseJdbcLogger.java:143)- <====      Total: 1
2019-09-02 12:40:16,334 DEBUG (BaseJdbcLogger.java:143)- ====>  Preparing: select id, name, sex, birthday, phone, ID_number, email, parent_phone, adress, major, state from student_basic where id = ? 
2019-09-02 12:40:16,334 DEBUG (BaseJdbcLogger.java:143)- ====> Parameters: 18085(String)
2019-09-02 12:40:16,334 DEBUG (BaseJdbcLogger.java:143)- <====      Total: 1
2019-09-02 12:40:16,335 DEBUG (BaseJdbcLogger.java:143)- ====>  Preparing: select id, name, sex, birthday, phone, ID_number, email, parent_phone, adress, major, state from student_basic where id = ? 
2019-09-02 12:40:16,335 DEBUG (BaseJdbcLogger.java:143)- ====> Parameters: 18087(String)
2019-09-02 12:40:16,336 DEBUG (BaseJdbcLogger.java:143)- <====      Total: 1
2019-09-02 12:40:16,336 DEBUG (BaseJdbcLogger.java:143)- ====>  Preparing: select id, name, sex, birthday, phone, ID_number, email, parent_phone, adress, major, state from student_basic where id = ? 
2019-09-02 12:40:16,336 DEBUG (BaseJdbcLogger.java:143)- ====> Parameters: 18088(String)
2019-09-02 12:40:16,337 DEBUG (BaseJdbcLogger.java:143)- <====      Total: 1
2019-09-02 12:40:16,337 DEBUG (BaseJdbcLogger.java:143)- ====>  Preparing: select id, name, sex, birthday, phone, ID_number, email, parent_phone, adress, major, state from student_basic where id = ? 
2019-09-02 12:40:16,338 DEBUG (BaseJdbcLogger.java:143)- ====> Parameters: 18091(String)
2019-09-02 12:40:16,338 DEBUG (BaseJdbcLogger.java:143)- <====      Total: 1
2019-09-02 12:40:16,338 DEBUG (BaseJdbcLogger.java:143)- ====>  Preparing: select id, name, sex, birthday, phone, ID_number, email, parent_phone, adress, major, state from student_basic where id = ? 
2019-09-02 12:40:16,339 DEBUG (BaseJdbcLogger.java:143)- ====> Parameters: 18092(String)
2019-09-02 12:40:16,339 DEBUG (BaseJdbcLogger.java:143)- <====      Total: 1
2019-09-02 12:40:16,339 DEBUG (BaseJdbcLogger.java:143)- <==      Total: 23
2019-09-02 12:40:16,340 DEBUG (BaseJdbcLogger.java:143)- ==>  Preparing: select dormitory_allocation.id, dormitory_allocation.class_id, dormitory_allocation.dormitory_id,dormitory_allocation.number from dormitory_allocation,dormitory WHERE dormitory_allocation.dormitory_id=dormitory.id and dormitory.sex=? and class_id = ? 
2019-09-02 12:40:16,340 DEBUG (BaseJdbcLogger.java:143)- ==> Parameters: 男(String), 080901201902(String)
2019-09-02 12:40:16,341 DEBUG (BaseJdbcLogger.java:143)- ====>  Preparing: select id, dong, floor, room, sex, number, rent from dormitory where id = ? 
2019-09-02 12:40:16,342 DEBUG (BaseJdbcLogger.java:143)- ====> Parameters: 74(Integer)
2019-09-02 12:40:16,342 DEBUG (BaseJdbcLogger.java:143)- <====      Total: 1
2019-09-02 12:40:16,343 DEBUG (BaseJdbcLogger.java:143)- ====>  Preparing: select id, dong, floor, room, sex, number, rent from dormitory where id = ? 
2019-09-02 12:40:16,343 DEBUG (BaseJdbcLogger.java:143)- ====> Parameters: 75(Integer)
2019-09-02 12:40:16,344 DEBUG (BaseJdbcLogger.java:143)- <====      Total: 1
2019-09-02 12:40:16,344 DEBUG (BaseJdbcLogger.java:143)- ====>  Preparing: select id, dong, floor, room, sex, number, rent from dormitory where id = ? 
2019-09-02 12:40:16,344 DEBUG (BaseJdbcLogger.java:143)- ====> Parameters: 76(Integer)
2019-09-02 12:40:16,345 DEBUG (BaseJdbcLogger.java:143)- <====      Total: 1
2019-09-02 12:40:16,345 DEBUG (BaseJdbcLogger.java:143)- ====>  Preparing: select id, dong, floor, room, sex, number, rent from dormitory where id = ? 
2019-09-02 12:40:16,345 DEBUG (BaseJdbcLogger.java:143)- ====> Parameters: 77(Integer)
2019-09-02 12:40:16,346 DEBUG (BaseJdbcLogger.java:143)- <====      Total: 1
2019-09-02 12:40:16,346 DEBUG (BaseJdbcLogger.java:143)- ====>  Preparing: select id, dong, floor, room, sex, number, rent from dormitory where id = ? 
2019-09-02 12:40:16,346 DEBUG (BaseJdbcLogger.java:143)- ====> Parameters: 78(Integer)
2019-09-02 12:40:16,347 DEBUG (BaseJdbcLogger.java:143)- <====      Total: 1
2019-09-02 12:40:16,347 DEBUG (BaseJdbcLogger.java:143)- ====>  Preparing: select id, dong, floor, room, sex, number, rent from dormitory where id = ? 
2019-09-02 12:40:16,348 DEBUG (BaseJdbcLogger.java:143)- ====> Parameters: 79(Integer)
2019-09-02 12:40:16,348 DEBUG (BaseJdbcLogger.java:143)- <====      Total: 1
2019-09-02 12:40:16,349 DEBUG (BaseJdbcLogger.java:143)- <==      Total: 6
2019-09-02 12:40:16,349 DEBUG (BaseJdbcLogger.java:143)- ==>  Preparing: select dormitory_allocation.id, dormitory_allocation.class_id, dormitory_allocation.dormitory_id,dormitory_allocation.number from dormitory_allocation,dormitory WHERE dormitory_allocation.dormitory_id=dormitory.id and dormitory.sex=? and class_id = ? 
2019-09-02 12:40:16,350 DEBUG (BaseJdbcLogger.java:143)- ==> Parameters: 女(String), 080901201902(String)
2019-09-02 12:40:16,350 DEBUG (BaseJdbcLogger.java:143)- ====>  Preparing: select id, dong, floor, room, sex, number, rent from dormitory where id = ? 
2019-09-02 12:40:16,351 DEBUG (BaseJdbcLogger.java:143)- ====> Parameters: 514(Integer)
2019-09-02 12:40:16,351 DEBUG (BaseJdbcLogger.java:143)- <====      Total: 1
2019-09-02 12:40:16,352 DEBUG (BaseJdbcLogger.java:143)- ====>  Preparing: select id, dong, floor, room, sex, number, rent from dormitory where id = ? 
2019-09-02 12:40:16,352 DEBUG (BaseJdbcLogger.java:143)- ====> Parameters: 515(Integer)
2019-09-02 12:40:16,353 DEBUG (BaseJdbcLogger.java:143)- <====      Total: 1
2019-09-02 12:40:16,353 DEBUG (BaseJdbcLogger.java:143)- ====>  Preparing: select id, dong, floor, room, sex, number, rent from dormitory where id = ? 
2019-09-02 12:40:16,353 DEBUG (BaseJdbcLogger.java:143)- ====> Parameters: 516(Integer)
2019-09-02 12:40:16,354 DEBUG (BaseJdbcLogger.java:143)- <====      Total: 1
2019-09-02 12:40:16,354 DEBUG (BaseJdbcLogger.java:143)- ====>  Preparing: select id, dong, floor, room, sex, number, rent from dormitory where id = ? 
2019-09-02 12:40:16,354 DEBUG (BaseJdbcLogger.java:143)- ====> Parameters: 517(Integer)
2019-09-02 12:40:16,355 DEBUG (BaseJdbcLogger.java:143)- <====      Total: 1
2019-09-02 12:40:16,355 DEBUG (BaseJdbcLogger.java:143)- ====>  Preparing: select id, dong, floor, room, sex, number, rent from dormitory where id = ? 
2019-09-02 12:40:16,355 DEBUG (BaseJdbcLogger.java:143)- ====> Parameters: 518(Integer)
2019-09-02 12:40:16,356 DEBUG (BaseJdbcLogger.java:143)- <====      Total: 1
2019-09-02 12:40:16,356 DEBUG (BaseJdbcLogger.java:143)- <==      Total: 5
2019-09-02 12:40:16,356 DEBUG (BaseJdbcLogger.java:143)- ==>  Preparing: select student_status.id,student_status.basic_id, student_status.student_id, student_status.class_id from student_status,student_basic where student_status.basic_id=student_basic.id and student_basic.sex=? and student_status.class_id=? 
2019-09-02 12:40:16,356 DEBUG (BaseJdbcLogger.java:143)- ==> Parameters: 男(String), 080901201903(String)
