2019-09-02 12:38:51,688 DEBUG (BaseJdbcLogger.java:143)- ====> Parameters: 18857(String)
2019-09-02 12:38:51,691 DEBUG (BaseJdbcLogger.java:143)- <====      Total: 1
2019-09-02 12:38:51,692 DEBUG (BaseJdbcLogger.java:143)- <==      Total: 25
2019-09-02 12:38:51,693 DEBUG (BaseJdbcLogger.java:143)- ==>  Preparing: select dormitory_allocation.id, dormitory_allocation.class_id, dormitory_allocation.dormitory_id,dormitory_allocation.number from dormitory_allocation,dormitory WHERE dormitory_allocation.dormitory_id=dormitory.id and dormitory.sex=? and class_id = ? 
2019-09-02 12:38:51,693 DEBUG (BaseJdbcLogger.java:143)- ==> Parameters: 男(String), 080205201902(String)
2019-09-02 12:38:51,694 DEBUG (BaseJdbcLogger.java:143)- ====>  Preparing: select id, dong, floor, room, sex, number, rent from dormitory where id = ? 
2019-09-02 12:38:51,695 DEBUG (BaseJdbcLogger.java:143)- ====> Parameters: 13(Integer)
2019-09-02 12:38:51,696 DEBUG (BaseJdbcLogger.java:143)- <====      Total: 1
2019-09-02 12:38:51,697 DEBUG (BaseJdbcLogger.java:143)- ====>  Preparing: select id, dong, floor, room, sex, number, rent from dormitory where id = ? 
2019-09-02 12:38:51,697 DEBUG (BaseJdbcLogger.java:143)- ====> Parameters: 14(Integer)
2019-09-02 12:38:51,698 DEBUG (BaseJdbcLogger.java:143)- <====      Total: 1
2019-09-02 12:38:51,698 DEBUG (BaseJdbcLogger.java:143)- ====>  Preparing: select id, dong, floor, room, sex, number, rent from dormitory where id = ? 
2019-09-02 12:38:51,698 DEBUG (BaseJdbcLogger.java:143)- ====> Parameters: 15(Integer)
2019-09-02 12:38:51,699 DEBUG (BaseJdbcLogger.java:143)- <====      Total: 1
2019-09-02 12:38:51,699 DEBUG (BaseJdbcLogger.java:143)- ====>  Preparing: select id, dong, floor, room, sex, number, rent from dormitory where id = ? 
2019-09-02 12:38:51,699 DEBUG (BaseJdbcLogger.java:143)- ====> Parameters: 16(Integer)
2019-09-02 12:38:51,700 DEBUG (BaseJdbcLogger.java:143)- <====      Total: 1
2019-09-02 12:38:51,700 DEBUG (BaseJdbcLogger.java:143)- ====>  Preparing: select id, dong, floor, room, sex, number, rent from dormitory where id = ? 
2019-09-02 12:38:51,701 DEBUG (BaseJdbcLogger.java:143)- ====> Parameters: 17(Integer)
2019-09-02 12:38:51,701 DEBUG (BaseJdbcLogger.java:143)- <====      Total: 1
2019-09-02 12:38:51,702 DEBUG (BaseJdbcLogger.java:143)- <==      Total: 5
2019-09-02 12:38:51,702 DEBUG (BaseJdbcLogger.java:143)- ==>  Preparing: select dormitory_allocation.id, dormitory_allocation.class_id, dormitory_allocation.dormitory_id,dormitory_allocation.number from dormitory_allocation,dormitory WHERE dormitory_allocation.dormitory_id=dormitory.id and dormitory.sex=? and class_id = ? 
2019-09-02 12:38:51,702 DEBUG (BaseJdbcLogger.java:143)- ==> Parameters: 女(String), 080205201902(String)
2019-09-02 12:38:51,703 DEBUG (BaseJdbcLogger.java:143)- ====>  Preparing: select id, dong, floor, room, sex, number, rent from dormitory where id = ? 
2019-09-02 12:38:51,703 DEBUG (BaseJdbcLogger.java:143)- ====> Parameters: 464(Integer)
2019-09-02 12:38:51,704 DEBUG (BaseJdbcLogger.java:143)- <====      Total: 1
2019-09-02 12:38:51,705 DEBUG (BaseJdbcLogger.java:143)- ====>  Preparing: select id, dong, floor, room, sex, number, rent from dormitory where id = ? 
2019-09-02 12:38:51,705 DEBUG (BaseJdbcLogger.java:143)- ====> Parameters: 465(Integer)
2019-09-02 12:38:51,707 DEBUG (BaseJdbcLogger.java:143)- <====      Total: 1
2019-09-02 12:38:51,707 DEBUG (BaseJdbcLogger.java:143)- ====>  Preparing: select id, dong, floor, room, sex, number, rent from dormitory where id = ? 
2019-09-02 12:38:51,708 DEBUG (BaseJdbcLogger.java:143)- ====> Parameters: 466(Integer)
2019-09-02 12:38:51,709 DEBUG (BaseJdbcLogger.java:143)- <====      Total: 1
2019-09-02 12:38:51,709 DEBUG (BaseJdbcLogger.java:143)- ====>  Preparing: select id, dong, floor, room, sex, number, rent from dormitory where id = ? 
2019-09-02 12:38:51,710 DEBUG (BaseJdbcLogger.java:143)- ====> Parameters: 467(Integer)
2019-09-02 12:38:51,710 DEBUG (BaseJdbcLogger.java:143)- <====      Total: 1
2019-09-02 12:38:51,711 DEBUG (BaseJdbcLogger.java:143)- ====>  Preparing: select id, dong, floor, room, sex, number, rent from dormitory where id = ? 
2019-09-02 12:38:51,711 DEBUG (BaseJdbcLogger.java:143)- ====> Parameters: 468(Integer)
2019-09-02 12:38:51,712 DEBUG (BaseJdbcLogger.java:143)- <====      Total: 1
2019-09-02 12:38:51,713 DEBUG (BaseJdbcLogger.java:143)- <==      Total: 5
2019-09-02 12:38:51,713 DEBUG (BaseJdbcLogger.java:143)- ==>  Preparing: select student_status.id,student_status.basic_id, student_status.student_id, student_status.class_id from student_status,student_basic where student_status.basic_id=student_basic.id and student_basic.sex=? and student_status.class_id=? 
2019-09-02 12:38:51,714 DEBUG (BaseJdbcLogger.java:143)- ==> Parameters: 男(String), 080205201903(String)
2019-09-02 12:38:51,715 DEBUG (BaseJdbcLogger.java:143)- ====>  Preparing: select id, name, sex, birthday, phone, ID_number, email, parent_phone, adress, major, state from student_basic where id = ? 
2019-09-02 12:38:51,715 DEBUG (BaseJdbcLogger.java:143)- ====> Parameters: 18848(String)
2019-09-02 12:38:51,716 DEBUG (BaseJdbcLogger.java:143)- <====      Total: 1
2019-09-02 12:38:51,716 DEBUG (BaseJdbcLogger.java:143)- ====>  Preparing: select id, class_id, name, director, grade, major_id from class where class_id = ? 
2019-09-02 12:38:51,716 DEBUG (BaseJdbcLogger.java:143)- ====> Parameters: 080205201903(String)
2019-09-02 12:38:51,718 DEBUG (BaseJdbcLogger.java:143)- ======>  Preparing: select id, major_id, name, price, department_id from major where major_id = ? 
2019-09-02 12:38:51,718 DEBUG (BaseJdbcLogger.java:143)- ======> Parameters: 080205(String)
2019-09-02 12:38:51,719 DEBUG (BaseJdbcLogger.java:143)- <======      Total: 1
2019-09-02 12:38:51,720 DEBUG (BaseJdbcLogger.java:143)- <====      Total: 1
2019-09-02 12:38:51,720 DEBUG (BaseJdbcLogger.java:143)- ====>  Preparing: select id, name, sex, birthday, phone, ID_number, email, parent_phone, adress, major, state from student_basic where id = ? 
2019-09-02 12:38:51,720 DEBUG (BaseJdbcLogger.java:143)- ====> Parameters: 18849(String)
2019-09-02 12:38:51,722 DEBUG (BaseJdbcLogger.java:143)- <====      Total: 1
2019-09-02 12:38:51,722 DEBUG (BaseJdbcLogger.java:143)- ====>  Preparing: select id, name, sex, birthday, phone, ID_number, email, parent_phone, adress, major, state from student_basic where id = ? 
2019-09-02 12:38:51,723 DEBUG (BaseJdbcLogger.java:143)- ====> Parameters: 18853(String)
2019-09-02 12:38:51,724 DEBUG (BaseJdbcLogger.java:143)- <====      Total: 1
2019-09-02 12:38:51,724 DEBUG (BaseJdbcLogger.java:143)- ====>  Preparing: select id, name, sex, birthday, phone, ID_number, email, parent_phone, adress, major, state from student_basic where id = ? 
2019-09-02 12:38:51,725 DEBUG (BaseJdbcLogger.java:143)- ====> Parameters: 18854(String)
2019-09-02 12:38:51,726 DEBUG (BaseJdbcLogger.java:143)- <====      Total: 1
2019-09-02 12:38:51,726 DEBUG (BaseJdbcLogger.java:143)- ====>  Preparing: select id, name, sex, birthday, phone, ID_number, email, parent_phone, adress, major, state from student_basic where id = ? 
2019-09-02 12:38:51,727 DEBUG (BaseJdbcLogger.java:143)- ====> Parameters: 18856(String)
2019-09-02 12:38:51,728 DEBUG (BaseJdbcLogger.java:143)- <====      Total: 1
2019-09-02 12:38:51,728 DEBUG (BaseJdbcLogger.java:143)- ====>  Preparing: select id, name, sex, birthday, phone, ID_number, email, parent_phone, adress, major, state from student_basic where id = ? 
2019-09-02 12:38:51,729 DEBUG (BaseJdbcLogger.java:143)- ====> Parameters: 18859(String)
2019-09-02 12:38:51,730 DEBUG (BaseJdbcLogger.java:143)- <====      Total: 1
2019-09-02 12:38:51,731 DEBUG (BaseJdbcLogger.java:143)- ====>  Preparing: select id, name, sex, birthday, phone, ID_number, email, parent_phone, adress, major, state from student_basic where id = ? 
2019-09-02 12:38:51,731 DEBUG (BaseJdbcLogger.java:143)- ====> Parameters: 18860(String)
2019-09-02 12:38:51,732 DEBUG (BaseJdbcLogger.java:143)- <====      Total: 1
2019-09-02 12:38:51,733 DEBUG (BaseJdbcLogger.java:143)- ====>  Preparing: select id, name, sex, birthday, phone, ID_number, email, parent_phone, adress, major, state from student_basic where id = ? 
2019-09-02 12:38:51,734 DEBUG (BaseJdbcLogger.java:143)- ====> Parameters: 18862(String)
2019-09-02 12:38:51,735 DEBUG (BaseJdbcLogger.java:143)- <====      Total: 1
2019-09-02 12:38:51,736 DEBUG (BaseJdbcLogger.java:143)- ====>  Preparing: select id, name, sex, birthday, phone, ID_number, email, parent_phone, adress, major, state from student_basic where id = ? 
2019-09-02 12:38:51,736 DEBUG (BaseJdbcLogger.java:143)- ====> Parameters: 18867(String)
2019-09-02 12:38:51,737 DEBUG (BaseJdbcLogger.java:143)- <====      Total: 1
2019-09-02 12:38:51,737 DEBUG (BaseJdbcLogger.java:143)- ====>  Preparing: select id, name, sex, birthday, phone, ID_number, email, parent_phone, adress, major, state from student_basic where id = ? 
2019-09-02 12:38:51,737 DEBUG (BaseJdbcLogger.java:143)- ====> Parameters: 18870(String)
2019-09-02 12:38:51,738 DEBUG (BaseJdbcLogger.java:143)- <====      Total: 1
2019-09-02 12:38:51,738 DEBUG (BaseJdbcLogger.java:143)- ====>  Preparing: select id, name, sex, birthday, phone, ID_number, email, parent_phone, adress, major, state from student_basic where id = ? 
2019-09-02 12:38:51,739 DEBUG (BaseJdbcLogger.java:143)- ====> Parameters: 18872(String)
2019-09-02 12:38:51,739 DEBUG (BaseJdbcLogger.java:143)- <====      Total: 1
2019-09-02 12:38:51,740 DEBUG (BaseJdbcLogger.java:143)- ====>  Preparing: select id, name, sex, birthday, phone, ID_number, email, parent_phone, adress, major, state from student_basic where id = ? 
2019-09-02 12:38:51,740 DEBUG (BaseJdbcLogger.java:143)- ====> Parameters: 18875(String)
2019-09-02 12:38:51,742 DEBUG (BaseJdbcLogger.java:143)- <====      Total: 1
2019-09-02 12:38:51,743 DEBUG (BaseJdbcLogger.java:143)- ====>  Preparing: select id, name, sex, birthday, phone, ID_number, email, parent_phone, adress, major, state from student_basic where id = ? 
2019-09-02 12:38:51,743 DEBUG (BaseJdbcLogger.java:143)- ====> Parameters: 18876(String)
2019-09-02 12:38:51,744 DEBUG (BaseJdbcLogger.java:143)- <====      Total: 1
2019-09-02 12:38:51,744 DEBUG (BaseJdbcLogger.java:143)- ====>  Preparing: select id, name, sex, birthday, phone, ID_number, email, parent_phone, adress, major, state from student_basic where id = ? 
2019-09-02 12:38:51,745 DEBUG (BaseJdbcLogger.java:143)- ====> Parameters: 18878(String)
2019-09-02 12:38:51,746 DEBUG (BaseJdbcLogger.java:143)- <====      Total: 1
2019-09-02 12:38:51,746 DEBUG (BaseJdbcLogger.java:143)- ====>  Preparing: select id, name, sex, birthday, phone, ID_number, email, parent_phone, adress, major, state from student_basic where id = ? 
2019-09-02 12:38:51,747 DEBUG (BaseJdbcLogger.java:143)- ====> Parameters: 18881(String)
2019-09-02 12:38:51,748 DEBUG (BaseJdbcLogger.java:143)- <====      Total: 1
2019-09-02 12:38:51,748 DEBUG (BaseJdbcLogger.java:143)- ====>  Preparing: select id, name, sex, birthday, phone, ID_number, email, parent_phone, adress, major, state from student_basic where id = ? 
2019-09-02 12:38:51,748 DEBUG (BaseJdbcLogger.java:143)- ====> Parameters: 18882(String)
2019-09-02 12:38:51,749 DEBUG (BaseJdbcLogger.java:143)- <====      Total: 1
2019-09-02 12:38:51,750 DEBUG (BaseJdbcLogger.java:143)- ====>  Preparing: select id, name, sex, birthday, phone, ID_number, email, parent_phone, adress, major, state from student_basic where id = ? 
2019-09-02 12:38:51,750 DEBUG (BaseJdbcLogger.java:143)- ====> Parameters: 18883(String)
2019-09-02 12:38:51,751 DEBUG (BaseJdbcLogger.java:143)- <====      Total: 1
2019-09-02 12:38:51,751 DEBUG (BaseJdbcLogger.java:143)- ====>  Preparing: select id, name, sex, birthday, phone, ID_number, email, parent_phone, adress, major, state from student_basic where id = ? 
2019-09-02 12:38:51,752 DEBUG (BaseJdbcLogger.java:143)- ====> Parameters: 18884(String)
2019-09-02 12:38:51,752 DEBUG (BaseJdbcLogger.java:143)- <====      Total: 1
2019-09-02 12:38:51,753 DEBUG (BaseJdbcLogger.java:143)- ====>  Preparing: select id, name, sex, birthday, phone, ID_number, email, parent_phone, adress, major, state from student_basic where id = ? 
2019-09-02 12:38:51,753 DEBUG (BaseJdbcLogger.java:143)- ====> Parameters: 18887(String)
2019-09-02 12:38:51,754 DEBUG (BaseJdbcLogger.java:143)- <====      Total: 1
2019-09-02 12:38:51,754 DEBUG (BaseJdbcLogger.java:143)- ====>  Preparing: select id, name, sex, birthday, phone, ID_number, email, parent_phone, adress, major, state from student_basic where id = ? 
2019-09-02 12:38:51,754 DEBUG (BaseJdbcLogger.java:143)- ====> Parameters: 18888(String)
2019-09-02 12:38:51,755 DEBUG (BaseJdbcLogger.java:143)- <====      Total: 1
2019-09-02 12:38:51,755 DEBUG (BaseJdbcLogger.java:143)- ====>  Preparing: select id, name, sex, birthday, phone, ID_number, email, parent_phone, adress, major, state from student_basic where id = ? 
2019-09-02 12:38:51,755 DEBUG (BaseJdbcLogger.java:143)- ====> Parameters: 18890(String)
2019-09-02 12:38:51,756 DEBUG (BaseJdbcLogger.java:143)- <====      Total: 1
2019-09-02 12:38:51,756 DEBUG (BaseJdbcLogger.java:143)- ====>  Preparing: select id, name, sex, birthday, phone, ID_number, email, parent_phone, adress, major, state from student_basic where id = ? 
2019-09-02 12:38:51,756 DEBUG (BaseJdbcLogger.java:143)- ====> Parameters: 18891(String)
2019-09-02 12:38:51,757 DEBUG (BaseJdbcLogger.java:143)- <====      Total: 1
2019-09-02 12:38:51,758 DEBUG (BaseJdbcLogger.java:143)- ====>  Preparing: select id, name, sex, birthday, phone, ID_number, email, parent_phone, adress, major, state from student_basic where id = ? 
2019-09-02 12:38:51,758 DEBUG (BaseJdbcLogger.java:143)- ====> Parameters: 18892(String)
2019-09-02 12:38:51,759 DEBUG (BaseJdbcLogger.java:143)- <====      Total: 1
2019-09-02 12:38:51,759 DEBUG (BaseJdbcLogger.java:143)- ====>  Preparing: select id, name, sex, birthday, phone, ID_number, email, parent_phone, adress, major, state from student_basic where id = ? 
2019-09-02 12:38:51,759 DEBUG (BaseJdbcLogger.java:143)- ====> Parameters: 18895(String)
2019-09-02 12:38:51,760 DEBUG (BaseJdbcLogger.java:143)- <====      Total: 1
2019-09-02 12:38:51,761 DEBUG (BaseJdbcLogger.java:143)- ====>  Preparing: select id, name, sex, birthday, phone, ID_number, email, parent_phone, adress, major, state from student_basic where id = ? 
2019-09-02 12:38:51,761 DEBUG (BaseJdbcLogger.java:143)- ====> Parameters: 18896(String)
2019-09-02 12:38:51,762 DEBUG (BaseJdbcLogger.java:143)- <====      Total: 1
2019-09-02 12:38:51,762 DEBUG (BaseJdbcLogger.java:143)- <==      Total: 25
2019-09-02 12:38:51,762 DEBUG (BaseJdbcLogger.java:143)- ==>  Preparing: select student_status.id,student_status.basic_id, student_status.student_id, student_status.class_id from student_status,student_basic where student_status.basic_id=student_basic.id and student_basic.sex=? and student_status.class_id=? 
2019-09-02 12:38:51,762 DEBUG (BaseJdbcLogger.java:143)- ==> Parameters: 女(String), 080205201903(String)
2019-09-02 12:38:51,763 DEBUG (BaseJdbcLogger.java:143)- ====>  Preparing: select id, name, sex, birthday, phone, ID_number, email, parent_phone, adress, major, state from student_basic where id = ? 
2019-09-02 12:38:51,764 DEBUG (BaseJdbcLogger.java:143)- ====> Parameters: 18858(String)
2019-09-02 12:38:51,764 DEBUG (BaseJdbcLogger.java:143)- <====      Total: 1
2019-09-02 12:38:51,765 DEBUG (BaseJdbcLogger.java:143)- ====>  Preparing: select id, class_id, name, director, grade, major_id from class where class_id = ? 
2019-09-02 12:38:51,765 DEBUG (BaseJdbcLogger.java:143)- ====> Parameters: 080205201903(String)
2019-09-02 12:38:51,766 DEBUG (BaseJdbcLogger.java:143)- ======>  Preparing: select id, major_id, name, price, department_id from major where major_id = ? 
2019-09-02 12:38:51,767 DEBUG (BaseJdbcLogger.java:143)- ======> Parameters: 080205(String)
2019-09-02 12:38:51,767 DEBUG (BaseJdbcLogger.java:143)- <======      Total: 1
2019-09-02 12:38:51,768 DEBUG (BaseJdbcLogger.java:143)- <====      Total: 1
2019-09-02 12:38:51,769 DEBUG (BaseJdbcLogger.java:143)- ====>  Preparing: select id, name, sex, birthday, phone, ID_number, email, parent_phone, adress, major, state from student_basic where id = ? 
2019-09-02 12:38:51,769 DEBUG (BaseJdbcLogger.java:143)- ====> Parameters: 18861(String)
2019-09-02 12:38:51,770 DEBUG (BaseJdbcLogger.java:143)- <====      Total: 1
2019-09-02 12:38:51,771 DEBUG (BaseJdbcLogger.java:143)- ====>  Preparing: select id, name, sex, birthday, phone, ID_number, email, parent_phone, adress, major, state from student_basic where id = ? 
2019-09-02 12:38:51,771 DEBUG (BaseJdbcLogger.java:143)- ====> Parameters: 18863(String)
2019-09-02 12:38:51,774 DEBUG (BaseJdbcLogger.java:143)- <====      Total: 1
2019-09-02 12:38:51,776 DEBUG (BaseJdbcLogger.java:143)- ====>  Preparing: select id, name, sex, birthday, phone, ID_number, email, parent_phone, adress, major, state from student_basic where id = ? 
2019-09-02 12:38:51,776 DEBUG (BaseJdbcLogger.java:143)- ====> Parameters: 18864(String)
2019-09-02 12:38:51,777 DEBUG (BaseJdbcLogger.java:143)- <====      Total: 1
2019-09-02 12:38:51,778 DEBUG (BaseJdbcLogger.java:143)- ====>  Preparing: select id, name, sex, birthday, phone, ID_number, email, parent_phone, adress, major, state from student_basic where id = ? 
2019-09-02 12:38:51,778 DEBUG (BaseJdbcLogger.java:143)- ====> Parameters: 18865(String)
2019-09-02 12:38:51,779 DEBUG (BaseJdbcLogger.java:143)- <====      Total: 1
2019-09-02 12:38:51,779 DEBUG (BaseJdbcLogger.java:143)- ====>  Preparing: select id, name, sex, birthday, phone, ID_number, email, parent_phone, adress, major, state from student_basic where id = ? 
2019-09-02 12:38:51,779 DEBUG (BaseJdbcLogger.java:143)- ====> Parameters: 18866(String)
2019-09-02 12:38:51,780 DEBUG (BaseJdbcLogger.java:143)- <====      Total: 1
2019-09-02 12:38:51,780 DEBUG (BaseJdbcLogger.java:143)- ====>  Preparing: select id, name, sex, birthday, phone, ID_number, email, parent_phone, adress, major, state from student_basic where id = ? 
2019-09-02 12:38:51,780 DEBUG (BaseJdbcLogger.java:143)- ====> Parameters: 18868(String)
2019-09-02 12:38:51,781 DEBUG (BaseJdbcLogger.java:143)- <====      Total: 1
2019-09-02 12:38:51,781 DEBUG (BaseJdbcLogger.java:143)- ====>  Preparing: select id, name, sex, birthday, phone, ID_number, email, parent_phone, adress, major, state from student_basic where id = ? 
2019-09-02 12:38:51,781 DEBUG (BaseJdbcLogger.java:143)- ====> Parameters: 18869(String)
2019-09-02 12:38:51,782 DEBUG (BaseJdbcLogger.java:143)- <====      Total: 1
2019-09-02 12:38:51,783 DEBUG (BaseJdbcLogger.java:143)- ====>  Preparing: select id, name, sex, birthday, phone, ID_number, email, parent_phone, adress, major, state from student_basic where id = ? 
2019-09-02 12:38:51,783 DEBUG (BaseJdbcLogger.java:143)- ====> Parameters: 18871(String)
2019-09-02 12:38:51,784 DEBUG (BaseJdbcLogger.java:143)- <====      Total: 1
2019-09-02 12:38:51,784 DEBUG (BaseJdbcLogger.java:143)- ====>  Preparing: select id, name, sex, birthday, phone, ID_number, email, parent_phone, adress, major, state from student_basic where id = ? 
2019-09-02 12:38:51,785 DEBUG (BaseJdbcLogger.java:143)- ====> Parameters: 18873(String)
2019-09-02 12:38:51,785 DEBUG (BaseJdbcLogger.java:143)- <====      Total: 1
2019-09-02 12:38:51,786 DEBUG (BaseJdbcLogger.java:143)- ====>  Preparing: select id, name, sex, birthday, phone, ID_number, email, parent_phone, adress, major, state from student_basic where id = ? 
2019-09-02 12:38:51,786 DEBUG (BaseJdbcLogger.java:143)- ====> Parameters: 18874(String)
2019-09-02 12:38:51,786 DEBUG (BaseJdbcLogger.java:143)- <====      Total: 1
2019-09-02 12:38:51,787 DEBUG (BaseJdbcLogger.java:143)- ====>  Preparing: select id, name, sex, birthday, phone, ID_number, email, parent_phone, adress, major, state from student_basic where id = ? 
2019-09-02 12:38:51,787 DEBUG (BaseJdbcLogger.java:143)- ====> Parameters: 18877(String)
2019-09-02 12:38:51,788 DEBUG (BaseJdbcLogger.java:143)- <====      Total: 1
2019-09-02 12:38:51,788 DEBUG (BaseJdbcLogger.java:143)- ====>  Preparing: select id, name, sex, birthday, phone, ID_number, email, parent_phone, adress, major, state from student_basic where id = ? 
2019-09-02 12:38:51,788 DEBUG (BaseJdbcLogger.java:143)- ====> Parameters: 18879(String)
2019-09-02 12:38:51,789 DEBUG (BaseJdbcLogger.java:143)- <====      Total: 1
2019-09-02 12:38:51,789 DEBUG (BaseJdbcLogger.java:143)- ====>  Preparing: select id, name, sex, birthday, phone, ID_number, email, parent_phone, adress, major, state from student_basic where id = ? 
2019-09-02 12:38:51,790 DEBUG (BaseJdbcLogger.java:143)- ====> Parameters: 18880(String)
2019-09-02 12:38:51,791 DEBUG (BaseJdbcLogger.java:143)- <====      Total: 1
2019-09-02 12:38:51,791 DEBUG (BaseJdbcLogger.java:143)- ====>  Preparing: select id, name, sex, birthday, phone, ID_number, email, parent_phone, adress, major, state from student_basic where id = ? 
2019-09-02 12:38:51,792 DEBUG (BaseJdbcLogger.java:143)- ====> Parameters: 18885(String)
2019-09-02 12:38:51,792 DEBUG (BaseJdbcLogger.java:143)- <====      Total: 1
2019-09-02 12:38:51,793 DEBUG (BaseJdbcLogger.java:143)- ====>  Preparing: select id, name, sex, birthday, phone, ID_number, email, parent_phone, adress, major, state from student_basic where id = ? 
2019-09-02 12:38:51,793 DEBUG (BaseJdbcLogger.java:143)- ====> Parameters: 18886(String)
2019-09-02 12:38:51,794 DEBUG (BaseJdbcLogger.java:143)- <====      Total: 1
2019-09-02 12:38:51,795 DEBUG (BaseJdbcLogger.java:143)- ====>  Preparing: select id, name, sex, birthday, phone, ID_number, email, parent_phone, adress, major, state from student_basic where id = ? 
2019-09-02 12:38:51,795 DEBUG (BaseJdbcLogger.java:143)- ====> Parameters: 18889(String)
2019-09-02 12:38:51,796 DEBUG (BaseJdbcLogger.java:143)- <====      Total: 1
2019-09-02 12:38:51,796 DEBUG (BaseJdbcLogger.java:143)- ====>  Preparing: select id, name, sex, birthday, phone, ID_number, email, parent_phone, adress, major, state from student_basic where id = ? 
2019-09-02 12:38:51,796 DEBUG (BaseJdbcLogger.java:143)- ====> Parameters: 18893(String)
2019-09-02 12:38:51,797 DEBUG (BaseJdbcLogger.java:143)- <====      Total: 1
2019-09-02 12:38:51,797 DEBUG (BaseJdbcLogger.java:143)- ====>  Preparing: select id, name, sex, birthday, phone, ID_number, email, parent_phone, adress, major, state from student_basic where id = ? 
2019-09-02 12:38:51,797 DEBUG (BaseJdbcLogger.java:143)- ====> Parameters: 18894(String)
2019-09-02 12:38:51,798 DEBUG (BaseJdbcLogger.java:143)- <====      Total: 1
2019-09-02 12:38:51,798 DEBUG (BaseJdbcLogger.java:143)- ====>  Preparing: select id, name, sex, birthday, phone, ID_number, email, parent_phone, adress, major, state from student_basic where id = ? 
2019-09-02 12:38:51,799 DEBUG (BaseJdbcLogger.java:143)- ====> Parameters: 18897(String)
2019-09-02 12:38:51,799 DEBUG (BaseJdbcLogger.java:143)- <====      Total: 1
2019-09-02 12:38:51,799 DEBUG (BaseJdbcLogger.java:143)- ====>  Preparing: select id, name, sex, birthday, phone, ID_number, email, parent_phone, adress, major, state from student_basic where id = ? 
2019-09-02 12:38:51,800 DEBUG (BaseJdbcLogger.java:143)- ====> Parameters: 18898(String)
2019-09-02 12:38:51,801 DEBUG (BaseJdbcLogger.java:143)- <====      Total: 1
2019-09-02 12:38:51,801 DEBUG (BaseJdbcLogger.java:143)- ====>  Preparing: select id, name, sex, birthday, phone, ID_number, email, parent_phone, adress, major, state from student_basic where id = ? 
2019-09-02 12:38:51,801 DEBUG (BaseJdbcLogger.java:143)- ====> Parameters: 18900(String)
2019-09-02 12:38:51,802 DEBUG (BaseJdbcLogger.java:143)- <====      Total: 1
2019-09-02 12:38:51,802 DEBUG (BaseJdbcLogger.java:143)- ====>  Preparing: select id, name, sex, birthday, phone, ID_number, email, parent_phone, adress, major, state from student_basic where id = ? 
2019-09-02 12:38:51,802 DEBUG (BaseJdbcLogger.java:143)- ====> Parameters: 18902(String)
2019-09-02 12:38:51,803 DEBUG (BaseJdbcLogger.java:143)- <====      Total: 1
2019-09-02 12:38:51,803 DEBUG (BaseJdbcLogger.java:143)- ====>  Preparing: select id, name, sex, birthday, phone, ID_number, email, parent_phone, adress, major, state from student_basic where id = ? 
2019-09-02 12:38:51,804 DEBUG (BaseJdbcLogger.java:143)- ====> Parameters: 18903(String)
2019-09-02 12:38:51,804 DEBUG (BaseJdbcLogger.java:143)- <====      Total: 1
2019-09-02 12:38:51,804 DEBUG (BaseJdbcLogger.java:143)- ====>  Preparing: select id, name, sex, birthday, phone, ID_number, email, parent_phone, adress, major, state from student_basic where id = ? 
2019-09-02 12:38:51,805 DEBUG (BaseJdbcLogger.java:143)- ====> Parameters: 18904(String)
2019-09-02 12:38:51,806 DEBUG (BaseJdbcLogger.java:143)- <====      Total: 1
2019-09-02 12:38:51,806 DEBUG (BaseJdbcLogger.java:143)- <==      Total: 25
2019-09-02 12:38:51,807 DEBUG (BaseJdbcLogger.java:143)- ==>  Preparing: select dormitory_allocation.id, dormitory_allocation.class_id, dormitory_allocation.dormitory_id,dormitory_allocation.number from dormitory_allocation,dormitory WHERE dormitory_allocation.dormitory_id=dormitory.id and dormitory.sex=? and class_id = ? 
2019-09-02 12:38:51,807 DEBUG (BaseJdbcLogger.java:143)- ==> Parameters: 男(String), 080205201903(String)
2019-09-02 12:38:51,808 DEBUG (BaseJdbcLogger.java:143)- ====>  Preparing: select id, dong, floor, room, sex, number, rent from dormitory where id = ? 
2019-09-02 12:38:51,809 DEBUG (BaseJdbcLogger.java:143)- ====> Parameters: 18(Integer)
2019-09-02 12:38:51,809 DEBUG (BaseJdbcLogger.java:143)- <====      Total: 1
2019-09-02 12:38:51,810 DEBUG (BaseJdbcLogger.java:143)- ====>  Preparing: select id, dong, floor, room, sex, number, rent from dormitory where id = ? 
2019-09-02 12:38:51,810 DEBUG (BaseJdbcLogger.java:143)- ====> Parameters: 19(Integer)
2019-09-02 12:38:51,810 DEBUG (BaseJdbcLogger.java:143)- <====      Total: 1
2019-09-02 12:38:51,811 DEBUG (BaseJdbcLogger.java:143)- ====>  Preparing: select id, dong, floor, room, sex, number, rent from dormitory where id = ? 
2019-09-02 12:38:51,811 DEBUG (BaseJdbcLogger.java:143)- ====> Parameters: 20(Integer)
2019-09-02 12:38:51,811 DEBUG (BaseJdbcLogger.java:143)- <====      Total: 1
2019-09-02 12:38:51,811 DEBUG (BaseJdbcLogger.java:143)- ====>  Preparing: select id, dong, floor, room, sex, number, rent from dormitory where id = ? 
2019-09-02 12:38:51,811 DEBUG (BaseJdbcLogger.java:143)- ====> Parameters: 21(Integer)
2019-09-02 12:38:51,812 DEBUG (BaseJdbcLogger.java:143)- <====      Total: 1
2019-09-02 12:38:51,812 DEBUG (BaseJdbcLogger.java:143)- ====>  Preparing: select id, dong, floor, room, sex, number, rent from dormitory where id = ? 
2019-09-02 12:38:51,812 DEBUG (BaseJdbcLogger.java:143)- ====> Parameters: 22(Integer)
2019-09-02 12:38:51,813 DEBUG (BaseJdbcLogger.java:143)- <====      Total: 1
2019-09-02 12:38:51,813 DEBUG (BaseJdbcLogger.java:143)- <==      Total: 5
2019-09-02 12:38:51,814 DEBUG (BaseJdbcLogger.java:143)- ==>  Preparing: select dormitory_allocation.id, dormitory_allocation.class_id, dormitory_allocation.dormitory_id,dormitory_allocation.number from dormitory_allocation,dormitory WHERE dormitory_allocation.dormitory_id=dormitory.id and dormitory.sex=? and class_id = ? 
2019-09-02 12:38:51,814 DEBUG (BaseJdbcLogger.java:143)- ==> Parameters: 女(String), 080205201903(String)
2019-09-02 12:38:51,815 DEBUG (BaseJdbcLogger.java:143)- ====>  Preparing: select id, dong, floor, room, sex, number, rent from dormitory where id = ? 
2019-09-02 12:38:51,816 DEBUG (BaseJdbcLogger.java:143)- ====> Parameters: 469(Integer)
2019-09-02 12:38:51,816 DEBUG (BaseJdbcLogger.java:143)- <====      Total: 1
2019-09-02 12:38:51,817 DEBUG (BaseJdbcLogger.java:143)- ====>  Preparing: select id, dong, floor, room, sex, number, rent from dormitory where id = ? 
2019-09-02 12:38:51,817 DEBUG (BaseJdbcLogger.java:143)- ====> Parameters: 470(Integer)
2019-09-02 12:38:51,817 DEBUG (BaseJdbcLogger.java:143)- <====      Total: 1
2019-09-02 12:38:51,818 DEBUG (BaseJdbcLogger.java:143)- ====>  Preparing: select id, dong, floor, room, sex, number, rent from dormitory where id = ? 
2019-09-02 12:38:51,818 DEBUG (BaseJdbcLogger.java:143)- ====> Parameters: 471(Integer)
2019-09-02 12:38:51,818 DEBUG (BaseJdbcLogger.java:143)- <====      Total: 1
2019-09-02 12:38:51,819 DEBUG (BaseJdbcLogger.java:143)- ====>  Preparing: select id, dong, floor, room, sex, number, rent from dormitory where id = ? 
2019-09-02 12:38:51,819 DEBUG (BaseJdbcLogger.java:143)- ====> Parameters: 472(Integer)
2019-09-02 12:38:51,819 DEBUG (BaseJdbcLogger.java:143)- <====      Total: 1
2019-09-02 12:38:51,820 DEBUG (BaseJdbcLogger.java:143)- ====>  Preparing: select id, dong, floor, room, sex, number, rent from dormitory where id = ? 
2019-09-02 12:38:51,820 DEBUG (BaseJdbcLogger.java:143)- ====> Parameters: 473(Integer)
2019-09-02 12:38:51,820 DEBUG (BaseJdbcLogger.java:143)- <====      Total: 1
2019-09-02 12:38:51,821 DEBUG (BaseJdbcLogger.java:143)- <==      Total: 5
2019-09-02 12:38:51,821 DEBUG (BaseJdbcLogger.java:143)- ==>  Preparing: select student_status.id,student_status.basic_id, student_status.student_id, student_status.class_id from student_status,student_basic where student_status.basic_id=student_basic.id and student_basic.sex=? and student_status.class_id=? 
2019-09-02 12:38:51,821 DEBUG (BaseJdbcLogger.java:143)- ==> Parameters: 男(String), 080205201904(String)
2019-09-02 12:38:51,822 DEBUG (BaseJdbcLogger.java:143)- ====>  Preparing: select id, name, sex, birthday, phone, ID_number, email, parent_phone, adress, major, state from student_basic where id = ? 
2019-09-02 12:38:51,823 DEBUG (BaseJdbcLogger.java:143)- ====> Parameters: 18899(String)
2019-09-02 12:38:51,823 DEBUG (BaseJdbcLogger.java:143)- <====      Total: 1
2019-09-02 12:38:51,824 DEBUG (BaseJdbcLogger.java:143)- ====>  Preparing: select id, class_id, name, director, grade, major_id from class where class_id = ? 
2019-09-02 12:38:51,824 DEBUG (BaseJdbcLogger.java:143)- ====> Parameters: 080205201904(String)
2019-09-02 12:38:51,825 DEBUG (BaseJdbcLogger.java:143)- ======>  Preparing: select id, major_id, name, price, department_id from major where major_id = ? 
2019-09-02 12:38:51,826 DEBUG (BaseJdbcLogger.java:143)- ======> Parameters: 080205(String)
2019-09-02 12:38:51,826 DEBUG (BaseJdbcLogger.java:143)- <======      Total: 1
2019-09-02 12:38:51,827 DEBUG (BaseJdbcLogger.java:143)- <====      Total: 1
2019-09-02 12:38:51,827 DEBUG (BaseJdbcLogger.java:143)- ====>  Preparing: select id, name, sex, birthday, phone, ID_number, email, parent_phone, adress, major, state from student_basic where id = ? 
2019-09-02 12:38:51,827 DEBUG (BaseJdbcLogger.java:143)- ====> Parameters: 18901(String)
2019-09-02 12:38:51,828 DEBUG (BaseJdbcLogger.java:143)- <====      Total: 1
2019-09-02 12:38:51,828 DEBUG (BaseJdbcLogger.java:143)- ====>  Preparing: select id, name, sex, birthday, phone, ID_number, email, parent_phone, adress, major, state from student_basic where id = ? 
2019-09-02 12:38:51,828 DEBUG (BaseJdbcLogger.java:143)- ====> Parameters: 18905(String)
2019-09-02 12:38:51,829 DEBUG (BaseJdbcLogger.java:143)- <====      Total: 1
2019-09-02 12:38:51,829 DEBUG (BaseJdbcLogger.java:143)- ====>  Preparing: select id, name, sex, birthday, phone, ID_number, email, parent_phone, adress, major, state from student_basic where id = ? 
2019-09-02 12:38:51,830 DEBUG (BaseJdbcLogger.java:143)- ====> Parameters: 18906(String)
2019-09-02 12:38:51,830 DEBUG (BaseJdbcLogger.java:143)- <====      Total: 1
2019-09-02 12:38:51,830 DEBUG (BaseJdbcLogger.java:143)- ====>  Preparing: select id, name, sex, birthday, phone, ID_number, email, parent_phone, adress, major, state from student_basic where id = ? 
2019-09-02 12:38:51,831 DEBUG (BaseJdbcLogger.java:143)- ====> Parameters: 18909(String)
2019-09-02 12:38:51,832 DEBUG (BaseJdbcLogger.java:143)- <====      Total: 1
2019-09-02 12:38:51,832 DEBUG (BaseJdbcLogger.java:143)- ====>  Preparing: select id, name, sex, birthday, phone, ID_number, email, parent_phone, adress, major, state from student_basic where id = ? 
2019-09-02 12:38:51,832 DEBUG (BaseJdbcLogger.java:143)- ====> Parameters: 18910(String)
2019-09-02 12:38:51,833 DEBUG (BaseJdbcLogger.java:143)- <====      Total: 1
2019-09-02 12:38:51,833 DEBUG (BaseJdbcLogger.java:143)- ====>  Preparing: select id, name, sex, birthday, phone, ID_number, email, parent_phone, adress, major, state from student_basic where id = ? 
2019-09-02 12:38:51,833 DEBUG (BaseJdbcLogger.java:143)- ====> Parameters: 18911(String)
2019-09-02 12:38:51,834 DEBUG (BaseJdbcLogger.java:143)- <====      Total: 1
2019-09-02 12:38:51,834 DEBUG (BaseJdbcLogger.java:143)- ====>  Preparing: select id, name, sex, birthday, phone, ID_number, email, parent_phone, adress, major, state from student_basic where id = ? 
2019-09-02 12:38:51,835 DEBUG (BaseJdbcLogger.java:143)- ====> Parameters: 18916(String)
2019-09-02 12:38:51,835 DEBUG (BaseJdbcLogger.java:143)- <====      Total: 1
2019-09-02 12:38:51,836 DEBUG (BaseJdbcLogger.java:143)- ====>  Preparing: select id, name, sex, birthday, phone, ID_number, email, parent_phone, adress, major, state from student_basic where id = ? 
2019-09-02 12:38:51,836 DEBUG (BaseJdbcLogger.java:143)- ====> Parameters: 18917(String)
2019-09-02 12:38:51,837 DEBUG (BaseJdbcLogger.java:143)- <====      Total: 1
2019-09-02 12:38:51,837 DEBUG (BaseJdbcLogger.java:143)- ====>  Preparing: select id, name, sex, birthday, phone, ID_number, email, parent_phone, adress, major, state from student_basic where id = ? 
2019-09-02 12:38:51,837 DEBUG (BaseJdbcLogger.java:143)- ====> Parameters: 18918(String)
2019-09-02 12:38:51,838 DEBUG (BaseJdbcLogger.java:143)- <====      Total: 1
2019-09-02 12:38:51,838 DEBUG (BaseJdbcLogger.java:143)- ====>  Preparing: select id, name, sex, birthday, phone, ID_number, email, parent_phone, adress, major, state from student_basic where id = ? 
2019-09-02 12:38:51,839 DEBUG (BaseJdbcLogger.java:143)- ====> Parameters: 18919(String)
2019-09-02 12:38:51,840 DEBUG (BaseJdbcLogger.java:143)- <====      Total: 1
2019-09-02 12:38:51,840 DEBUG (BaseJdbcLogger.java:143)- ====>  Preparing: select id, name, sex, birthday, phone, ID_number, email, parent_phone, adress, major, state from student_basic where id = ? 
2019-09-02 12:38:51,840 DEBUG (BaseJdbcLogger.java:143)- ====> Parameters: 18922(String)
2019-09-02 12:38:51,841 DEBUG (BaseJdbcLogger.java:143)- <====      Total: 1
2019-09-02 12:38:51,841 DEBUG (BaseJdbcLogger.java:143)- ====>  Preparing: select id, name, sex, birthday, phone, ID_number, email, parent_phone, adress, major, state from student_basic where id = ? 
2019-09-02 12:38:51,842 DEBUG (BaseJdbcLogger.java:143)- ====> Parameters: 18924(String)
2019-09-02 12:38:51,842 DEBUG (BaseJdbcLogger.java:143)- <====      Total: 1
2019-09-02 12:38:51,843 DEBUG (BaseJdbcLogger.java:143)- ====>  Preparing: select id, name, sex, birthday, phone, ID_number, email, parent_phone, adress, major, state from student_basic where id = ? 
2019-09-02 12:38:51,843 DEBUG (BaseJdbcLogger.java:143)- ====> Parameters: 18926(String)
2019-09-02 12:38:51,844 DEBUG (BaseJdbcLogger.java:143)- <====      Total: 1
2019-09-02 12:38:51,844 DEBUG (BaseJdbcLogger.java:143)- ====>  Preparing: select id, name, sex, birthday, phone, ID_number, email, parent_phone, adress, major, state from student_basic where id = ? 
2019-09-02 12:38:51,844 DEBUG (BaseJdbcLogger.java:143)- ====> Parameters: 18927(String)
2019-09-02 12:38:51,845 DEBUG (BaseJdbcLogger.java:143)- <====      Total: 1
2019-09-02 12:38:51,845 DEBUG (BaseJdbcLogger.java:143)- ====>  Preparing: select id, name, sex, birthday, phone, ID_number, email, parent_phone, adress, major, state from student_basic where id = ? 
2019-09-02 12:38:51,845 DEBUG (BaseJdbcLogger.java:143)- ====> Parameters: 18933(String)
2019-09-02 12:38:51,846 DEBUG (BaseJdbcLogger.java:143)- <====      Total: 1
2019-09-02 12:38:51,846 DEBUG (BaseJdbcLogger.java:143)- ====>  Preparing: select id, name, sex, birthday, phone, ID_number, email, parent_phone, adress, major, state from student_basic where id = ? 
2019-09-02 12:38:51,846 DEBUG (BaseJdbcLogger.java:143)- ====> Parameters: 18936(String)
2019-09-02 12:38:51,848 DEBUG (BaseJdbcLogger.java:143)- <====      Total: 1
2019-09-02 12:38:51,848 DEBUG (BaseJdbcLogger.java:143)- ====>  Preparing: select id, name, sex, birthday, phone, ID_number, email, parent_phone, adress, major, state from student_basic where id = ? 
2019-09-02 12:38:51,849 DEBUG (BaseJdbcLogger.java:143)- ====> Parameters: 18937(String)
2019-09-02 12:38:51,850 DEBUG (BaseJdbcLogger.java:143)- <====      Total: 1
2019-09-02 12:38:51,850 DEBUG (BaseJdbcLogger.java:143)- ====>  Preparing: select id, name, sex, birthday, phone, ID_number, email, parent_phone, adress, major, state from student_basic where id = ? 
2019-09-02 12:38:51,850 DEBUG (BaseJdbcLogger.java:143)- ====> Parameters: 18943(String)
2019-09-02 12:38:51,851 DEBUG (BaseJdbcLogger.java:143)- <====      Total: 1
2019-09-02 12:38:51,851 DEBUG (BaseJdbcLogger.java:143)- ====>  Preparing: select id, name, sex, birthday, phone, ID_number, email, parent_phone, adress, major, state from student_basic where id = ? 
2019-09-02 12:38:51,852 DEBUG (BaseJdbcLogger.java:143)- ====> Parameters: 18944(String)
2019-09-02 12:38:51,852 DEBUG (BaseJdbcLogger.java:143)- <====      Total: 1
2019-09-02 12:38:51,853 DEBUG (BaseJdbcLogger.java:143)- ====>  Preparing: select id, name, sex, birthday, phone, ID_number, email, parent_phone, adress, major, state from student_basic where id = ? 
2019-09-02 12:38:51,853 DEBUG (BaseJdbcLogger.java:143)- ====> Parameters: 18945(String)
2019-09-02 12:38:51,853 DEBUG (BaseJdbcLogger.java:143)- <====      Total: 1
2019-09-02 12:38:51,854 DEBUG (BaseJdbcLogger.java:143)- ====>  Preparing: select id, name, sex, birthday, phone, ID_number, email, parent_phone, adress, major, state from student_basic where id = ? 
2019-09-02 12:38:51,854 DEBUG (BaseJdbcLogger.java:143)- ====> Parameters: 18946(String)
2019-09-02 12:38:51,855 DEBUG (BaseJdbcLogger.java:143)- <====      Total: 1
2019-09-02 12:38:51,855 DEBUG (BaseJdbcLogger.java:143)- ====>  Preparing: select id, name, sex, birthday, phone, ID_number, email, parent_phone, adress, major, state from student_basic where id = ? 
2019-09-02 12:38:51,856 DEBUG (BaseJdbcLogger.java:143)- ====> Parameters: 18947(String)
2019-09-02 12:38:51,856 DEBUG (BaseJdbcLogger.java:143)- <====      Total: 1
2019-09-02 12:38:51,857 DEBUG (BaseJdbcLogger.java:143)- ====>  Preparing: select id, name, sex, birthday, phone, ID_number, email, parent_phone, adress, major, state from student_basic where id = ? 
2019-09-02 12:38:51,857 DEBUG (BaseJdbcLogger.java:143)- ====> Parameters: 18949(String)
2019-09-02 12:38:51,858 DEBUG (BaseJdbcLogger.java:143)- <====      Total: 1
2019-09-02 12:38:51,858 DEBUG (BaseJdbcLogger.java:143)- ====>  Preparing: select id, name, sex, birthday, phone, ID_number, email, parent_phone, adress, major, state from student_basic where id = ? 
2019-09-02 12:38:51,858 DEBUG (BaseJdbcLogger.java:143)- ====> Parameters: 18954(String)
2019-09-02 12:38:51,859 DEBUG (BaseJdbcLogger.java:143)- <====      Total: 1
2019-09-02 12:38:51,860 DEBUG (BaseJdbcLogger.java:143)- <==      Total: 25
2019-09-02 12:38:51,861 DEBUG (BaseJdbcLogger.java:143)- ==>  Preparing: select student_status.id,student_status.basic_id, student_status.student_id, student_status.class_id from student_status,student_basic where student_status.basic_id=student_basic.id and student_basic.sex=? and student_status.class_id=? 
2019-09-02 12:38:51,861 DEBUG (BaseJdbcLogger.java:143)- ==> Parameters: 女(String), 080205201904(String)
2019-09-02 12:38:51,862 DEBUG (BaseJdbcLogger.java:143)- ====>  Preparing: select id, name, sex, birthday, phone, ID_number, email, parent_phone, adress, major, state from student_basic where id = ? 
2019-09-02 12:38:51,862 DEBUG (BaseJdbcLogger.java:143)- ====> Parameters: 18907(String)
2019-09-02 12:38:51,863 DEBUG (BaseJdbcLogger.java:143)- <====      Total: 1
2019-09-02 12:38:51,863 DEBUG (BaseJdbcLogger.java:143)- ====>  Preparing: select id, class_id, name, director, grade, major_id from class where class_id = ? 
2019-09-02 12:38:51,864 DEBUG (BaseJdbcLogger.java:143)- ====> Parameters: 080205201904(String)
2019-09-02 12:38:51,864 DEBUG (BaseJdbcLogger.java:143)- ======>  Preparing: select id, major_id, name, price, department_id from major where major_id = ? 
2019-09-02 12:38:51,864 DEBUG (BaseJdbcLogger.java:143)- ======> Parameters: 080205(String)
2019-09-02 12:38:51,865 DEBUG (BaseJdbcLogger.java:143)- <======      Total: 1
2019-09-02 12:38:51,865 DEBUG (BaseJdbcLogger.java:143)- <====      Total: 1
2019-09-02 12:38:51,866 DEBUG (BaseJdbcLogger.java:143)- ====>  Preparing: select id, name, sex, birthday, phone, ID_number, email, parent_phone, adress, major, state from student_basic where id = ? 
2019-09-02 12:38:51,866 DEBUG (BaseJdbcLogger.java:143)- ====> Parameters: 18908(String)
2019-09-02 12:38:51,866 DEBUG (BaseJdbcLogger.java:143)- <====      Total: 1
2019-09-02 12:38:51,867 DEBUG (BaseJdbcLogger.java:143)- ====>  Preparing: select id, name, sex, birthday, phone, ID_number, email, parent_phone, adress, major, state from student_basic where id = ? 
2019-09-02 12:38:51,867 DEBUG (BaseJdbcLogger.java:143)- ====> Parameters: 18912(String)
2019-09-02 12:38:51,868 DEBUG (BaseJdbcLogger.java:143)- <====      Total: 1
2019-09-02 12:38:51,868 DEBUG (BaseJdbcLogger.java:143)- ====>  Preparing: select id, name, sex, birthday, phone, ID_number, email, parent_phone, adress, major, state from student_basic where id = ? 
2019-09-02 12:38:51,869 DEBUG (BaseJdbcLogger.java:143)- ====> Parameters: 18913(String)
2019-09-02 12:38:51,872 DEBUG (BaseJdbcLogger.java:143)- <====      Total: 1
2019-09-02 12:38:51,872 DEBUG (BaseJdbcLogger.java:143)- ====>  Preparing: select id, name, sex, birthday, phone, ID_number, email, parent_phone, adress, major, state from student_basic where id = ? 
2019-09-02 12:38:51,873 DEBUG (BaseJdbcLogger.java:143)- ====> Parameters: 18914(String)
2019-09-02 12:38:51,874 DEBUG (BaseJdbcLogger.java:143)- <====      Total: 1
2019-09-02 12:38:51,874 DEBUG (BaseJdbcLogger.java:143)- ====>  Preparing: select id, name, sex, birthday, phone, ID_number, email, parent_phone, adress, major, state from student_basic where id = ? 
2019-09-02 12:38:51,874 DEBUG (BaseJdbcLogger.java:143)- ====> Parameters: 18915(String)
2019-09-02 12:38:51,876 DEBUG (BaseJdbcLogger.java:143)- <====      Total: 1
2019-09-02 12:38:51,876 DEBUG (BaseJdbcLogger.java:143)- ====>  Preparing: select id, name, sex, birthday, phone, ID_number, email, parent_phone, adress, major, state from student_basic where id = ? 
2019-09-02 12:38:51,876 DEBUG (BaseJdbcLogger.java:143)- ====> Parameters: 18920(String)
2019-09-02 12:38:51,877 DEBUG (BaseJdbcLogger.java:143)- <====      Total: 1
2019-09-02 12:38:51,877 DEBUG (BaseJdbcLogger.java:143)- ====>  Preparing: select id, name, sex, birthday, phone, ID_number, email, parent_phone, adress, major, state from student_basic where id = ? 
2019-09-02 12:38:51,877 DEBUG (BaseJdbcLogger.java:143)- ====> Parameters: 18921(String)
2019-09-02 12:38:51,878 DEBUG (BaseJdbcLogger.java:143)- <====      Total: 1
2019-09-02 12:38:51,878 DEBUG (BaseJdbcLogger.java:143)- ====>  Preparing: select id, name, sex, birthday, phone, ID_number, email, parent_phone, adress, major, state from student_basic where id = ? 
2019-09-02 12:38:51,878 DEBUG (BaseJdbcLogger.java:143)- ====> Parameters: 18923(String)
2019-09-02 12:38:51,879 DEBUG (BaseJdbcLogger.java:143)- <====      Total: 1
2019-09-02 12:38:51,879 DEBUG (BaseJdbcLogger.java:143)- ====>  Preparing: select id, name, sex, birthday, phone, ID_number, email, parent_phone, adress, major, state from student_basic where id = ? 
2019-09-02 12:38:51,880 DEBUG (BaseJdbcLogger.java:143)- ====> Parameters: 18925(String)
2019-09-02 12:38:51,880 DEBUG (BaseJdbcLogger.java:143)- <====      Total: 1
2019-09-02 12:38:51,881 DEBUG (BaseJdbcLogger.java:143)- ====>  Preparing: select id, name, sex, birthday, phone, ID_number, email, parent_phone, adress, major, state from student_basic where id = ? 
2019-09-02 12:38:51,882 DEBUG (BaseJdbcLogger.java:143)- ====> Parameters: 18928(String)
2019-09-02 12:38:51,883 DEBUG (BaseJdbcLogger.java:143)- <====      Total: 1
2019-09-02 12:38:51,883 DEBUG (BaseJdbcLogger.java:143)- ====>  Preparing: select id, name, sex, birthday, phone, ID_number, email, parent_phone, adress, major, state from student_basic where id = ? 
2019-09-02 12:38:51,883 DEBUG (BaseJdbcLogger.java:143)- ====> Parameters: 18929(String)
2019-09-02 12:38:51,884 DEBUG (BaseJdbcLogger.java:143)- <====      Total: 1
2019-09-02 12:38:51,884 DEBUG (BaseJdbcLogger.java:143)- ====>  Preparing: select id, name, sex, birthday, phone, ID_number, email, parent_phone, adress, major, state from student_basic where id = ? 
2019-09-02 12:38:51,885 DEBUG (BaseJdbcLogger.java:143)- ====> Parameters: 18930(String)
2019-09-02 12:38:51,885 DEBUG (BaseJdbcLogger.java:143)- <====      Total: 1
2019-09-02 12:38:51,885 DEBUG (BaseJdbcLogger.java:143)- ====>  Preparing: select id, name, sex, birthday, phone, ID_number, email, parent_phone, adress, major, state from student_basic where id = ? 
2019-09-02 12:38:51,886 DEBUG (BaseJdbcLogger.java:143)- ====> Parameters: 18931(String)
2019-09-02 12:38:51,886 DEBUG (BaseJdbcLogger.java:143)- <====      Total: 1
2019-09-02 12:38:51,887 DEBUG (BaseJdbcLogger.java:143)- ====>  Preparing: select id, name, sex, birthday, phone, ID_number, email, parent_phone, adress, major, state from student_basic where id = ? 
2019-09-02 12:38:51,887 DEBUG (BaseJdbcLogger.java:143)- ====> Parameters: 18932(String)
2019-09-02 12:38:51,888 DEBUG (BaseJdbcLogger.java:143)- <====      Total: 1
2019-09-02 12:38:51,888 DEBUG (BaseJdbcLogger.java:143)- ====>  Preparing: select id, name, sex, birthday, phone, ID_number, email, parent_phone, adress, major, state from student_basic where id = ? 
2019-09-02 12:38:51,889 DEBUG (BaseJdbcLogger.java:143)- ====> Parameters: 18934(String)
2019-09-02 12:38:51,890 DEBUG (BaseJdbcLogger.java:143)- <====      Total: 1
2019-09-02 12:38:51,890 DEBUG (BaseJdbcLogger.java:143)- ====>  Preparing: select id, name, sex, birthday, phone, ID_number, email, parent_phone, adress, major, state from student_basic where id = ? 
2019-09-02 12:38:51,890 DEBUG (BaseJdbcLogger.java:143)- ====> Parameters: 18935(String)
2019-09-02 12:38:51,891 DEBUG (BaseJdbcLogger.java:143)- <====      Total: 1
2019-09-02 12:38:51,891 DEBUG (BaseJdbcLogger.java:143)- ====>  Preparing: select id, name, sex, birthday, phone, ID_number, email, parent_phone, adress, major, state from student_basic where id = ? 
2019-09-02 12:38:51,892 DEBUG (BaseJdbcLogger.java:143)- ====> Parameters: 18938(String)
2019-09-02 12:38:51,893 DEBUG (BaseJdbcLogger.java:143)- <====      Total: 1
2019-09-02 12:38:51,893 DEBUG (BaseJdbcLogger.java:143)- ====>  Preparing: select id, name, sex, birthday, phone, ID_number, email, parent_phone, adress, major, state from student_basic where id = ? 
2019-09-02 12:38:51,894 DEBUG (BaseJdbcLogger.java:143)- ====> Parameters: 18939(String)
2019-09-02 12:38:51,895 DEBUG (BaseJdbcLogger.java:143)- <====      Total: 1
2019-09-02 12:38:51,895 DEBUG (BaseJdbcLogger.java:143)- ====>  Preparing: select id, name, sex, birthday, phone, ID_number, email, parent_phone, adress, major, state from student_basic where id = ? 
2019-09-02 12:38:51,896 DEBUG (BaseJdbcLogger.java:143)- ====> Parameters: 18940(String)
2019-09-02 12:38:51,897 DEBUG (BaseJdbcLogger.java:143)- <====      Total: 1
2019-09-02 12:38:51,897 DEBUG (BaseJdbcLogger.java:143)- ====>  Preparing: select id, name, sex, birthday, phone, ID_number, email, parent_phone, adress, major, state from student_basic where id = ? 
2019-09-02 12:38:51,897 DEBUG (BaseJdbcLogger.java:143)- ====> Parameters: 18941(String)
2019-09-02 12:38:51,898 DEBUG (BaseJdbcLogger.java:143)- <====      Total: 1
2019-09-02 12:38:51,898 DEBUG (BaseJdbcLogger.java:143)- ====>  Preparing: select id, name, sex, birthday, phone, ID_number, email, parent_phone, adress, major, state from student_basic where id = ? 
2019-09-02 12:38:51,899 DEBUG (BaseJdbcLogger.java:143)- ====> Parameters: 18942(String)
2019-09-02 12:38:51,900 DEBUG (BaseJdbcLogger.java:143)- <====      Total: 1
2019-09-02 12:38:51,901 DEBUG (BaseJdbcLogger.java:143)- ====>  Preparing: select id, name, sex, birthday, phone, ID_number, email, parent_phone, adress, major, state from student_basic where id = ? 
2019-09-02 12:38:51,901 DEBUG (BaseJdbcLogger.java:143)- ====> Parameters: 18948(String)
2019-09-02 12:38:51,902 DEBUG (BaseJdbcLogger.java:143)- <====      Total: 1
2019-09-02 12:38:51,903 DEBUG (BaseJdbcLogger.java:143)- ====>  Preparing: select id, name, sex, birthday, phone, ID_number, email, parent_phone, adress, major, state from student_basic where id = ? 
2019-09-02 12:38:51,903 DEBUG (BaseJdbcLogger.java:143)- ====> Parameters: 18950(String)
2019-09-02 12:38:51,904 DEBUG (BaseJdbcLogger.java:143)- <====      Total: 1
2019-09-02 12:38:51,904 DEBUG (BaseJdbcLogger.java:143)- ====>  Preparing: select id, name, sex, birthday, phone, ID_number, email, parent_phone, adress, major, state from student_basic where id = ? 
2019-09-02 12:38:51,905 DEBUG (BaseJdbcLogger.java:143)- ====> Parameters: 18951(String)
2019-09-02 12:38:51,905 DEBUG (BaseJdbcLogger.java:143)- <====      Total: 1
2019-09-02 12:38:51,906 DEBUG (BaseJdbcLogger.java:143)- <==      Total: 25
2019-09-02 12:38:51,907 DEBUG (BaseJdbcLogger.java:143)- ==>  Preparing: select dormitory_allocation.id, dormitory_allocation.class_id, dormitory_allocation.dormitory_id,dormitory_allocation.number from dormitory_allocation,dormitory WHERE dormitory_allocation.dormitory_id=dormitory.id and dormitory.sex=? and class_id = ? 
2019-09-02 12:38:51,907 DEBUG (BaseJdbcLogger.java:143)- ==> Parameters: 男(String), 080205201904(String)
2019-09-02 12:38:51,909 DEBUG (BaseJdbcLogger.java:143)- ====>  Preparing: select id, dong, floor, room, sex, number, rent from dormitory where id = ? 
2019-09-02 12:38:51,909 DEBUG (BaseJdbcLogger.java:143)- ====> Parameters: 23(Integer)
2019-09-02 12:38:51,910 DEBUG (BaseJdbcLogger.java:143)- <====      Total: 1
2019-09-02 12:38:51,910 DEBUG (BaseJdbcLogger.java:143)- ====>  Preparing: select id, dong, floor, room, sex, number, rent from dormitory where id = ? 
2019-09-02 12:38:51,910 DEBUG (BaseJdbcLogger.java:143)- ====> Parameters: 24(Integer)
2019-09-02 12:38:51,911 DEBUG (BaseJdbcLogger.java:143)- <====      Total: 1
2019-09-02 12:38:51,911 DEBUG (BaseJdbcLogger.java:143)- ====>  Preparing: select id, dong, floor, room, sex, number, rent from dormitory where id = ? 
2019-09-02 12:38:51,911 DEBUG (BaseJdbcLogger.java:143)- ====> Parameters: 25(Integer)
2019-09-02 12:38:51,912 DEBUG (BaseJdbcLogger.java:143)- <====      Total: 1
2019-09-02 12:38:51,913 DEBUG (BaseJdbcLogger.java:143)- ====>  Preparing: select id, dong, floor, room, sex, number, rent from dormitory where id = ? 
2019-09-02 12:38:51,913 DEBUG (BaseJdbcLogger.java:143)- ====> Parameters: 26(Integer)
2019-09-02 12:38:51,914 DEBUG (BaseJdbcLogger.java:143)- <====      Total: 1
2019-09-02 12:38:51,914 DEBUG (BaseJdbcLogger.java:143)- ====>  Preparing: select id, dong, floor, room, sex, number, rent from dormitory where id = ? 
2019-09-02 12:38:51,914 DEBUG (BaseJdbcLogger.java:143)- ====> Parameters: 27(Integer)
2019-09-02 12:38:51,915 DEBUG (BaseJdbcLogger.java:143)- <====      Total: 1
2019-09-02 12:38:51,915 DEBUG (BaseJdbcLogger.java:143)- <==      Total: 5
2019-09-02 12:38:51,915 DEBUG (BaseJdbcLogger.java:143)- ==>  Preparing: select dormitory_allocation.id, dormitory_allocation.class_id, dormitory_allocation.dormitory_id,dormitory_allocation.number from dormitory_allocation,dormitory WHERE dormitory_allocation.dormitory_id=dormitory.id and dormitory.sex=? and class_id = ? 
2019-09-02 12:38:51,915 DEBUG (BaseJdbcLogger.java:143)- ==> Parameters: 女(String), 080205201904(String)
2019-09-02 12:38:51,916 DEBUG (BaseJdbcLogger.java:143)- ====>  Preparing: select id, dong, floor, room, sex, number, rent from dormitory where id = ? 
2019-09-02 12:38:51,916 DEBUG (BaseJdbcLogger.java:143)- ====> Parameters: 474(Integer)
2019-09-02 12:38:51,917 DEBUG (BaseJdbcLogger.java:143)- <====      Total: 1
2019-09-02 12:38:51,917 DEBUG (BaseJdbcLogger.java:143)- ====>  Preparing: select id, dong, floor, room, sex, number, rent from dormitory where id = ? 
2019-09-02 12:38:51,917 DEBUG (BaseJdbcLogger.java:143)- ====> Parameters: 475(Integer)
2019-09-02 12:38:51,918 DEBUG (BaseJdbcLogger.java:143)- <====      Total: 1
2019-09-02 12:38:51,918 DEBUG (BaseJdbcLogger.java:143)- ====>  Preparing: select id, dong, floor, room, sex, number, rent from dormitory where id = ? 
2019-09-02 12:38:51,918 DEBUG (BaseJdbcLogger.java:143)- ====> Parameters: 476(Integer)
2019-09-02 12:38:51,919 DEBUG (BaseJdbcLogger.java:143)- <====      Total: 1
2019-09-02 12:38:51,920 DEBUG (BaseJdbcLogger.java:143)- ====>  Preparing: select id, dong, floor, room, sex, number, rent from dormitory where id = ? 
2019-09-02 12:38:51,920 DEBUG (BaseJdbcLogger.java:143)- ====> Parameters: 477(Integer)
2019-09-02 12:38:51,921 DEBUG (BaseJdbcLogger.java:143)- <====      Total: 1
2019-09-02 12:38:51,921 DEBUG (BaseJdbcLogger.java:143)- ====>  Preparing: select id, dong, floor, room, sex, number, rent from dormitory where id = ? 
2019-09-02 12:38:51,922 DEBUG (BaseJdbcLogger.java:143)- ====> Parameters: 478(Integer)
2019-09-02 12:38:51,924 DEBUG (BaseJdbcLogger.java:143)- <====      Total: 1
2019-09-02 12:38:51,924 DEBUG (BaseJdbcLogger.java:143)- <==      Total: 5
2019-09-02 12:38:51,925 DEBUG (BaseJdbcLogger.java:143)- ==>  Preparing: select student_status.id,student_status.basic_id, student_status.student_id, student_status.class_id from student_status,student_basic where student_status.basic_id=student_basic.id and student_basic.sex=? and student_status.class_id=? 
2019-09-02 12:38:51,925 DEBUG (BaseJdbcLogger.java:143)- ==> Parameters: 男(String), 080205201905(String)
2019-09-02 12:38:51,926 DEBUG (BaseJdbcLogger.java:143)- ====>  Preparing: select id, name, sex, birthday, phone, ID_number, email, parent_phone, adress, major, state from student_basic where id = ? 
2019-09-02 12:38:51,927 DEBUG (BaseJdbcLogger.java:143)- ====> Parameters: 18956(String)
2019-09-02 12:38:51,928 DEBUG (BaseJdbcLogger.java:143)- <====      Total: 1
2019-09-02 12:38:51,929 DEBUG (BaseJdbcLogger.java:143)- ====>  Preparing: select id, class_id, name, director, grade, major_id from class where class_id = ? 
2019-09-02 12:38:51,929 DEBUG (BaseJdbcLogger.java:143)- ====> Parameters: 080205201905(String)
2019-09-02 12:38:51,930 DEBUG (BaseJdbcLogger.java:143)- ======>  Preparing: select id, major_id, name, price, department_id from major where major_id = ? 
2019-09-02 12:38:51,930 DEBUG (BaseJdbcLogger.java:143)- ======> Parameters: 080205(String)
2019-09-02 12:38:51,931 DEBUG (BaseJdbcLogger.java:143)- <======      Total: 1
2019-09-02 12:38:51,931 DEBUG (BaseJdbcLogger.java:143)- <====      Total: 1
2019-09-02 12:38:51,932 DEBUG (BaseJdbcLogger.java:143)- ====>  Preparing: select id, name, sex, birthday, phone, ID_number, email, parent_phone, adress, major, state from student_basic where id = ? 
2019-09-02 12:38:51,932 DEBUG (BaseJdbcLogger.java:143)- ====> Parameters: 18957(String)
2019-09-02 12:38:51,932 DEBUG (BaseJdbcLogger.java:143)- <====      Total: 1
2019-09-02 12:38:51,933 DEBUG (BaseJdbcLogger.java:143)- ====>  Preparing: select id, name, sex, birthday, phone, ID_number, email, parent_phone, adress, major, state from student_basic where id = ? 
2019-09-02 12:38:51,933 DEBUG (BaseJdbcLogger.java:143)- ====> Parameters: 18958(String)
2019-09-02 12:38:51,933 DEBUG (BaseJdbcLogger.java:143)- <====      Total: 1
2019-09-02 12:38:51,934 DEBUG (BaseJdbcLogger.java:143)- ====>  Preparing: select id, name, sex, birthday, phone, ID_number, email, parent_phone, adress, major, state from student_basic where id = ? 
2019-09-02 12:38:51,934 DEBUG (BaseJdbcLogger.java:143)- ====> Parameters: 18959(String)
2019-09-02 12:38:51,935 DEBUG (BaseJdbcLogger.java:143)- <====      Total: 1
2019-09-02 12:38:51,935 DEBUG (BaseJdbcLogger.java:143)- ====>  Preparing: select id, name, sex, birthday, phone, ID_number, email, parent_phone, adress, major, state from student_basic where id = ? 
2019-09-02 12:38:51,935 DEBUG (BaseJdbcLogger.java:143)- ====> Parameters: 18961(String)
2019-09-02 12:38:51,936 DEBUG (BaseJdbcLogger.java:143)- <====      Total: 1
2019-09-02 12:38:51,936 DEBUG (BaseJdbcLogger.java:143)- ====>  Preparing: select id, name, sex, birthday, phone, ID_number, email, parent_phone, adress, major, state from student_basic where id = ? 
2019-09-02 12:38:51,937 DEBUG (BaseJdbcLogger.java:143)- ====> Parameters: 18963(String)
2019-09-02 12:38:51,937 DEBUG (BaseJdbcLogger.java:143)- <====      Total: 1
2019-09-02 12:38:51,937 DEBUG (BaseJdbcLogger.java:143)- ====>  Preparing: select id, name, sex, birthday, phone, ID_number, email, parent_phone, adress, major, state from student_basic where id = ? 
2019-09-02 12:38:51,938 DEBUG (BaseJdbcLogger.java:143)- ====> Parameters: 18964(String)
2019-09-02 12:38:51,939 DEBUG (BaseJdbcLogger.java:143)- <====      Total: 1
2019-09-02 12:38:51,939 DEBUG (BaseJdbcLogger.java:143)- ====>  Preparing: select id, name, sex, birthday, phone, ID_number, email, parent_phone, adress, major, state from student_basic where id = ? 
2019-09-02 12:38:51,940 DEBUG (BaseJdbcLogger.java:143)- ====> Parameters: 18965(String)
2019-09-02 12:38:51,941 DEBUG (BaseJdbcLogger.java:143)- <====      Total: 1
2019-09-02 12:38:51,941 DEBUG (BaseJdbcLogger.java:143)- ====>  Preparing: select id, name, sex, birthday, phone, ID_number, email, parent_phone, adress, major, state from student_basic where id = ? 
2019-09-02 12:38:51,942 DEBUG (BaseJdbcLogger.java:143)- ====> Parameters: 18966(String)
2019-09-02 12:38:51,942 DEBUG (BaseJdbcLogger.java:143)- <====      Total: 1
2019-09-02 12:38:51,943 DEBUG (BaseJdbcLogger.java:143)- ====>  Preparing: select id, name, sex, birthday, phone, ID_number, email, parent_phone, adress, major, state from student_basic where id = ? 
2019-09-02 12:38:51,943 DEBUG (BaseJdbcLogger.java:143)- ====> Parameters: 18968(String)
2019-09-02 12:38:51,944 DEBUG (BaseJdbcLogger.java:143)- <====      Total: 1
2019-09-02 12:38:51,945 DEBUG (BaseJdbcLogger.java:143)- ====>  Preparing: select id, name, sex, birthday, phone, ID_number, email, parent_phone, adress, major, state from student_basic where id = ? 
2019-09-02 12:38:51,946 DEBUG (BaseJdbcLogger.java:143)- ====> Parameters: 18969(String)
2019-09-02 12:38:51,947 DEBUG (BaseJdbcLogger.java:143)- <====      Total: 1
2019-09-02 12:38:51,947 DEBUG (BaseJdbcLogger.java:143)- ====>  Preparing: select id, name, sex, birthday, phone, ID_number, email, parent_phone, adress, major, state from student_basic where id = ? 
2019-09-02 12:38:51,948 DEBUG (BaseJdbcLogger.java:143)- ====> Parameters: 18970(String)
2019-09-02 12:38:51,948 DEBUG (BaseJdbcLogger.java:143)- <====      Total: 1
2019-09-02 12:38:51,948 DEBUG (BaseJdbcLogger.java:143)- ====>  Preparing: select id, name, sex, birthday, phone, ID_number, email, parent_phone, adress, major, state from student_basic where id = ? 
2019-09-02 12:38:51,949 DEBUG (BaseJdbcLogger.java:143)- ====> Parameters: 18971(String)
2019-09-02 12:38:51,949 DEBUG (BaseJdbcLogger.java:143)- <====      Total: 1
2019-09-02 12:38:51,949 DEBUG (BaseJdbcLogger.java:143)- ====>  Preparing: select id, name, sex, birthday, phone, ID_number, email, parent_phone, adress, major, state from student_basic where id = ? 
2019-09-02 12:38:51,950 DEBUG (BaseJdbcLogger.java:143)- ====> Parameters: 18972(String)
2019-09-02 12:38:51,950 DEBUG (BaseJdbcLogger.java:143)- <====      Total: 1
2019-09-02 12:38:51,950 DEBUG (BaseJdbcLogger.java:143)- ====>  Preparing: select id, name, sex, birthday, phone, ID_number, email, parent_phone, adress, major, state from student_basic where id = ? 
2019-09-02 12:38:51,951 DEBUG (BaseJdbcLogger.java:143)- ====> Parameters: 18979(String)
2019-09-02 12:38:51,951 DEBUG (BaseJdbcLogger.java:143)- <====      Total: 1
2019-09-02 12:38:51,952 DEBUG (BaseJdbcLogger.java:143)- ====>  Preparing: select id, name, sex, birthday, phone, ID_number, email, parent_phone, adress, major, state from student_basic where id = ? 
2019-09-02 12:38:51,952 DEBUG (BaseJdbcLogger.java:143)- ====> Parameters: 18982(String)
2019-09-02 12:38:51,952 DEBUG (BaseJdbcLogger.java:143)- <====      Total: 1
2019-09-02 12:38:51,953 DEBUG (BaseJdbcLogger.java:143)- ====>  Preparing: select id, name, sex, birthday, phone, ID_number, email, parent_phone, adress, major, state from student_basic where id = ? 
2019-09-02 12:38:51,953 DEBUG (BaseJdbcLogger.java:143)- ====> Parameters: 18983(String)
2019-09-02 12:38:51,954 DEBUG (BaseJdbcLogger.java:143)- <====      Total: 1
2019-09-02 12:38:51,954 DEBUG (BaseJdbcLogger.java:143)- ====>  Preparing: select id, name, sex, birthday, phone, ID_number, email, parent_phone, adress, major, state from student_basic where id = ? 
2019-09-02 12:38:51,954 DEBUG (BaseJdbcLogger.java:143)- ====> Parameters: 18988(String)
2019-09-02 12:38:51,955 DEBUG (BaseJdbcLogger.java:143)- <====      Total: 1
2019-09-02 12:38:51,955 DEBUG (BaseJdbcLogger.java:143)- ====>  Preparing: select id, name, sex, birthday, phone, ID_number, email, parent_phone, adress, major, state from student_basic where id = ? 
2019-09-02 12:38:51,955 DEBUG (BaseJdbcLogger.java:143)- ====> Parameters: 18989(String)
2019-09-02 12:38:51,956 DEBUG (BaseJdbcLogger.java:143)- <====      Total: 1
