2019-10-28 00:01:54,360 DEBUG (BaseJdbcLogger.java:143)- <====      Total: 1
2019-10-28 00:01:54,362 DEBUG (BaseJdbcLogger.java:143)- ====>  Preparing: select id, name, sex, birthday, phone, ID_number, email, parent_phone, adress, major, state from student_basic where id = ? 
2019-10-28 00:01:54,364 DEBUG (BaseJdbcLogger.java:143)- ====> Parameters: 28824(String)
2019-10-28 00:01:54,365 DEBUG (BaseJdbcLogger.java:143)- <====      Total: 1
2019-10-28 00:01:54,367 DEBUG (BaseJdbcLogger.java:143)- ====>  Preparing: select id, name, sex, birthday, phone, ID_number, email, parent_phone, adress, major, state from student_basic where id = ? 
2019-10-28 00:01:54,367 DEBUG (BaseJdbcLogger.java:143)- ====> Parameters: 28825(String)
2019-10-28 00:01:54,368 DEBUG (BaseJdbcLogger.java:143)- <====      Total: 1
2019-10-28 00:01:54,369 DEBUG (BaseJdbcLogger.java:143)- ====>  Preparing: select id, name, sex, birthday, phone, ID_number, email, parent_phone, adress, major, state from student_basic where id = ? 
2019-10-28 00:01:54,369 DEBUG (BaseJdbcLogger.java:143)- ====> Parameters: 28826(String)
2019-10-28 00:01:54,371 DEBUG (BaseJdbcLogger.java:143)- <====      Total: 1
2019-10-28 00:01:54,371 DEBUG (BaseJdbcLogger.java:143)- ====>  Preparing: select id, name, sex, birthday, phone, ID_number, email, parent_phone, adress, major, state from student_basic where id = ? 
2019-10-28 00:01:54,372 DEBUG (BaseJdbcLogger.java:143)- ====> Parameters: 28827(String)
2019-10-28 00:01:54,373 DEBUG (BaseJdbcLogger.java:143)- <====      Total: 1
2019-10-28 00:01:54,373 DEBUG (BaseJdbcLogger.java:143)- ====>  Preparing: select id, name, sex, birthday, phone, ID_number, email, parent_phone, adress, major, state from student_basic where id = ? 
2019-10-28 00:01:54,373 DEBUG (BaseJdbcLogger.java:143)- ====> Parameters: 28828(String)
2019-10-28 00:01:54,374 DEBUG (BaseJdbcLogger.java:143)- <====      Total: 1
2019-10-28 00:01:54,376 DEBUG (BaseJdbcLogger.java:143)- ====>  Preparing: select id, name, sex, birthday, phone, ID_number, email, parent_phone, adress, major, state from student_basic where id = ? 
2019-10-28 00:01:54,376 DEBUG (BaseJdbcLogger.java:143)- ====> Parameters: 28835(String)
2019-10-28 00:01:54,376 DEBUG (BaseJdbcLogger.java:143)- <====      Total: 1
2019-10-28 00:01:54,377 DEBUG (BaseJdbcLogger.java:143)- ====>  Preparing: select id, name, sex, birthday, phone, ID_number, email, parent_phone, adress, major, state from student_basic where id = ? 
2019-10-28 00:01:54,377 DEBUG (BaseJdbcLogger.java:143)- ====> Parameters: 28838(String)
2019-10-28 00:01:54,378 DEBUG (BaseJdbcLogger.java:143)- <====      Total: 1
2019-10-28 00:01:54,379 DEBUG (BaseJdbcLogger.java:143)- ====>  Preparing: select id, name, sex, birthday, phone, ID_number, email, parent_phone, adress, major, state from student_basic where id = ? 
2019-10-28 00:01:54,379 DEBUG (BaseJdbcLogger.java:143)- ====> Parameters: 28839(String)
2019-10-28 00:01:54,379 DEBUG (BaseJdbcLogger.java:143)- <====      Total: 1
2019-10-28 00:01:54,380 DEBUG (BaseJdbcLogger.java:143)- ====>  Preparing: select id, name, sex, birthday, phone, ID_number, email, parent_phone, adress, major, state from student_basic where id = ? 
2019-10-28 00:01:54,381 DEBUG (BaseJdbcLogger.java:143)- ====> Parameters: 28844(String)
2019-10-28 00:01:54,383 DEBUG (BaseJdbcLogger.java:143)- <====      Total: 1
2019-10-28 00:01:54,385 DEBUG (BaseJdbcLogger.java:143)- ====>  Preparing: select id, name, sex, birthday, phone, ID_number, email, parent_phone, adress, major, state from student_basic where id = ? 
2019-10-28 00:01:54,385 DEBUG (BaseJdbcLogger.java:143)- ====> Parameters: 28845(String)
2019-10-28 00:01:54,385 DEBUG (BaseJdbcLogger.java:143)- <====      Total: 1
2019-10-28 00:01:54,386 DEBUG (BaseJdbcLogger.java:143)- ====>  Preparing: select id, name, sex, birthday, phone, ID_number, email, parent_phone, adress, major, state from student_basic where id = ? 
2019-10-28 00:01:54,387 DEBUG (BaseJdbcLogger.java:143)- ====> Parameters: 28846(String)
2019-10-28 00:01:54,387 DEBUG (BaseJdbcLogger.java:143)- <====      Total: 1
2019-10-28 00:01:54,388 DEBUG (BaseJdbcLogger.java:143)- ====>  Preparing: select id, name, sex, birthday, phone, ID_number, email, parent_phone, adress, major, state from student_basic where id = ? 
2019-10-28 00:01:54,388 DEBUG (BaseJdbcLogger.java:143)- ====> Parameters: 28848(String)
2019-10-28 00:01:54,389 DEBUG (BaseJdbcLogger.java:143)- <====      Total: 1
2019-10-28 00:01:54,390 DEBUG (BaseJdbcLogger.java:143)- ====>  Preparing: select id, name, sex, birthday, phone, ID_number, email, parent_phone, adress, major, state from student_basic where id = ? 
2019-10-28 00:01:54,390 DEBUG (BaseJdbcLogger.java:143)- ====> Parameters: 28852(String)
2019-10-28 00:01:54,391 DEBUG (BaseJdbcLogger.java:143)- <====      Total: 1
2019-10-28 00:01:54,392 DEBUG (BaseJdbcLogger.java:143)- ====>  Preparing: select id, name, sex, birthday, phone, ID_number, email, parent_phone, adress, major, state from student_basic where id = ? 
2019-10-28 00:01:54,392 DEBUG (BaseJdbcLogger.java:143)- ====> Parameters: 28855(String)
2019-10-28 00:01:54,393 DEBUG (BaseJdbcLogger.java:143)- <====      Total: 1
2019-10-28 00:01:54,394 DEBUG (BaseJdbcLogger.java:143)- ====>  Preparing: select id, name, sex, birthday, phone, ID_number, email, parent_phone, adress, major, state from student_basic where id = ? 
2019-10-28 00:01:54,394 DEBUG (BaseJdbcLogger.java:143)- ====> Parameters: 28856(String)
2019-10-28 00:01:54,395 DEBUG (BaseJdbcLogger.java:143)- <====      Total: 1
2019-10-28 00:01:54,396 DEBUG (BaseJdbcLogger.java:143)- <==      Total: 24
2019-10-28 00:01:54,396 DEBUG (BaseJdbcLogger.java:143)- ==>  Preparing: select dormitory_allocation.id, dormitory_allocation.class_id, dormitory_allocation.dormitory_id,dormitory_allocation.number from dormitory_allocation,dormitory WHERE dormitory_allocation.dormitory_id=dormitory.id and dormitory.sex=? and class_id = ? 
2019-10-28 00:01:54,396 DEBUG (BaseJdbcLogger.java:143)- ==> Parameters: 男(String), 080205201905(String)
2019-10-28 00:01:54,397 DEBUG (BaseJdbcLogger.java:143)- ====>  Preparing: select id, dong, floor, room, sex, number, rent,hasnumber from dormitory where id = ? 
2019-10-28 00:01:54,398 DEBUG (BaseJdbcLogger.java:143)- ====> Parameters: 28(Integer)
2019-10-28 00:01:54,399 DEBUG (BaseJdbcLogger.java:143)- <====      Total: 1
2019-10-28 00:01:54,399 DEBUG (BaseJdbcLogger.java:143)- ====>  Preparing: select id, dong, floor, room, sex, number, rent,hasnumber from dormitory where id = ? 
2019-10-28 00:01:54,400 DEBUG (BaseJdbcLogger.java:143)- ====> Parameters: 29(Integer)
2019-10-28 00:01:54,401 DEBUG (BaseJdbcLogger.java:143)- <====      Total: 1
2019-10-28 00:01:54,402 DEBUG (BaseJdbcLogger.java:143)- ====>  Preparing: select id, dong, floor, room, sex, number, rent,hasnumber from dormitory where id = ? 
2019-10-28 00:01:54,403 DEBUG (BaseJdbcLogger.java:143)- ====> Parameters: 30(Integer)
2019-10-28 00:01:54,403 DEBUG (BaseJdbcLogger.java:143)- <====      Total: 1
2019-10-28 00:01:54,404 DEBUG (BaseJdbcLogger.java:143)- ====>  Preparing: select id, dong, floor, room, sex, number, rent,hasnumber from dormitory where id = ? 
2019-10-28 00:01:54,404 DEBUG (BaseJdbcLogger.java:143)- ====> Parameters: 31(Integer)
2019-10-28 00:01:54,405 DEBUG (BaseJdbcLogger.java:143)- <====      Total: 1
2019-10-28 00:01:54,406 DEBUG (BaseJdbcLogger.java:143)- ====>  Preparing: select id, dong, floor, room, sex, number, rent,hasnumber from dormitory where id = ? 
2019-10-28 00:01:54,406 DEBUG (BaseJdbcLogger.java:143)- ====> Parameters: 32(Integer)
2019-10-28 00:01:54,406 DEBUG (BaseJdbcLogger.java:143)- <====      Total: 1
2019-10-28 00:01:54,408 DEBUG (BaseJdbcLogger.java:143)- <==      Total: 5
2019-10-28 00:01:54,408 DEBUG (BaseJdbcLogger.java:143)- ==>  Preparing: select student_status.id,student_status.basic_id, student_status.student_id, student_status.class_id from student_status,student_basic where student_status.basic_id=student_basic.id and student_basic.sex=? and student_status.class_id=? 
2019-10-28 00:01:54,408 DEBUG (BaseJdbcLogger.java:143)- ==> Parameters: 男(String), 130503201901(String)
2019-10-28 00:01:54,409 DEBUG (BaseJdbcLogger.java:143)- ====>  Preparing: select id, name, sex, birthday, phone, ID_number, email, parent_phone, adress, major, state from student_basic where id = ? 
2019-10-28 00:01:54,410 DEBUG (BaseJdbcLogger.java:143)- ====> Parameters: 28436(String)
2019-10-28 00:01:54,411 DEBUG (BaseJdbcLogger.java:143)- <====      Total: 1
2019-10-28 00:01:54,412 DEBUG (BaseJdbcLogger.java:143)- ====>  Preparing: select id, class_id, name, director, grade, major_id from class WHERE class_id = ? 
2019-10-28 00:01:54,412 DEBUG (BaseJdbcLogger.java:143)- ====> Parameters: 130503201901(String)
2019-10-28 00:01:54,412 DEBUG (BaseJdbcLogger.java:143)- ======>  Preparing: select id, major_id, name, price, department_id from major where major_id = ? 
2019-10-28 00:01:54,413 DEBUG (BaseJdbcLogger.java:143)- ======> Parameters: 130503(String)
2019-10-28 00:01:54,414 DEBUG (BaseJdbcLogger.java:143)- <======      Total: 1
2019-10-28 00:01:54,415 DEBUG (BaseJdbcLogger.java:143)- <====      Total: 1
2019-10-28 00:01:54,416 DEBUG (BaseJdbcLogger.java:143)- ====>  Preparing: select id, name, sex, birthday, phone, ID_number, email, parent_phone, adress, major, state from student_basic where id = ? 
2019-10-28 00:01:54,416 DEBUG (BaseJdbcLogger.java:143)- ====> Parameters: 28437(String)
2019-10-28 00:01:54,418 DEBUG (BaseJdbcLogger.java:143)- <====      Total: 1
2019-10-28 00:01:54,419 DEBUG (BaseJdbcLogger.java:143)- ====>  Preparing: select id, name, sex, birthday, phone, ID_number, email, parent_phone, adress, major, state from student_basic where id = ? 
2019-10-28 00:01:54,421 DEBUG (BaseJdbcLogger.java:143)- ====> Parameters: 28441(String)
2019-10-28 00:01:54,421 DEBUG (BaseJdbcLogger.java:143)- <====      Total: 1
2019-10-28 00:01:54,422 DEBUG (BaseJdbcLogger.java:143)- ====>  Preparing: select id, name, sex, birthday, phone, ID_number, email, parent_phone, adress, major, state from student_basic where id = ? 
2019-10-28 00:01:54,423 DEBUG (BaseJdbcLogger.java:143)- ====> Parameters: 28442(String)
2019-10-28 00:01:54,425 DEBUG (BaseJdbcLogger.java:143)- <====      Total: 1
2019-10-28 00:01:54,425 DEBUG (BaseJdbcLogger.java:143)- ====>  Preparing: select id, name, sex, birthday, phone, ID_number, email, parent_phone, adress, major, state from student_basic where id = ? 
2019-10-28 00:01:54,426 DEBUG (BaseJdbcLogger.java:143)- ====> Parameters: 28443(String)
2019-10-28 00:01:54,427 DEBUG (BaseJdbcLogger.java:143)- <====      Total: 1
2019-10-28 00:01:54,428 DEBUG (BaseJdbcLogger.java:143)- ====>  Preparing: select id, name, sex, birthday, phone, ID_number, email, parent_phone, adress, major, state from student_basic where id = ? 
2019-10-28 00:01:54,429 DEBUG (BaseJdbcLogger.java:143)- ====> Parameters: 28445(String)
2019-10-28 00:01:54,430 DEBUG (BaseJdbcLogger.java:143)- <====      Total: 1
2019-10-28 00:01:54,431 DEBUG (BaseJdbcLogger.java:143)- ====>  Preparing: select id, name, sex, birthday, phone, ID_number, email, parent_phone, adress, major, state from student_basic where id = ? 
2019-10-28 00:01:54,432 DEBUG (BaseJdbcLogger.java:143)- ====> Parameters: 28449(String)
2019-10-28 00:01:54,433 DEBUG (BaseJdbcLogger.java:143)- <====      Total: 1
2019-10-28 00:01:54,434 DEBUG (BaseJdbcLogger.java:143)- ====>  Preparing: select id, name, sex, birthday, phone, ID_number, email, parent_phone, adress, major, state from student_basic where id = ? 
2019-10-28 00:01:54,434 DEBUG (BaseJdbcLogger.java:143)- ====> Parameters: 28450(String)
2019-10-28 00:01:54,435 DEBUG (BaseJdbcLogger.java:143)- <====      Total: 1
2019-10-28 00:01:54,436 DEBUG (BaseJdbcLogger.java:143)- ====>  Preparing: select id, name, sex, birthday, phone, ID_number, email, parent_phone, adress, major, state from student_basic where id = ? 
2019-10-28 00:01:54,436 DEBUG (BaseJdbcLogger.java:143)- ====> Parameters: 28451(String)
2019-10-28 00:01:54,437 DEBUG (BaseJdbcLogger.java:143)- <====      Total: 1
2019-10-28 00:01:54,438 DEBUG (BaseJdbcLogger.java:143)- ====>  Preparing: select id, name, sex, birthday, phone, ID_number, email, parent_phone, adress, major, state from student_basic where id = ? 
2019-10-28 00:01:54,438 DEBUG (BaseJdbcLogger.java:143)- ====> Parameters: 28452(String)
2019-10-28 00:01:54,439 DEBUG (BaseJdbcLogger.java:143)- <====      Total: 1
2019-10-28 00:01:54,440 DEBUG (BaseJdbcLogger.java:143)- ====>  Preparing: select id, name, sex, birthday, phone, ID_number, email, parent_phone, adress, major, state from student_basic where id = ? 
2019-10-28 00:01:54,440 DEBUG (BaseJdbcLogger.java:143)- ====> Parameters: 28454(String)
2019-10-28 00:01:54,441 DEBUG (BaseJdbcLogger.java:143)- <====      Total: 1
2019-10-28 00:01:54,442 DEBUG (BaseJdbcLogger.java:143)- ====>  Preparing: select id, name, sex, birthday, phone, ID_number, email, parent_phone, adress, major, state from student_basic where id = ? 
2019-10-28 00:01:54,443 DEBUG (BaseJdbcLogger.java:143)- ====> Parameters: 28456(String)
2019-10-28 00:01:54,445 DEBUG (BaseJdbcLogger.java:143)- <====      Total: 1
2019-10-28 00:01:54,446 DEBUG (BaseJdbcLogger.java:143)- ====>  Preparing: select id, name, sex, birthday, phone, ID_number, email, parent_phone, adress, major, state from student_basic where id = ? 
2019-10-28 00:01:54,446 DEBUG (BaseJdbcLogger.java:143)- ====> Parameters: 28457(String)
2019-10-28 00:01:54,448 DEBUG (BaseJdbcLogger.java:143)- <====      Total: 1
2019-10-28 00:01:54,449 DEBUG (BaseJdbcLogger.java:143)- ====>  Preparing: select id, name, sex, birthday, phone, ID_number, email, parent_phone, adress, major, state from student_basic where id = ? 
2019-10-28 00:01:54,450 DEBUG (BaseJdbcLogger.java:143)- ====> Parameters: 28458(String)
2019-10-28 00:01:54,451 DEBUG (BaseJdbcLogger.java:143)- <====      Total: 1
2019-10-28 00:01:54,451 DEBUG (BaseJdbcLogger.java:143)- ====>  Preparing: select id, name, sex, birthday, phone, ID_number, email, parent_phone, adress, major, state from student_basic where id = ? 
2019-10-28 00:01:54,451 DEBUG (BaseJdbcLogger.java:143)- ====> Parameters: 28459(String)
2019-10-28 00:01:54,452 DEBUG (BaseJdbcLogger.java:143)- <====      Total: 1
2019-10-28 00:01:54,453 DEBUG (BaseJdbcLogger.java:143)- ====>  Preparing: select id, name, sex, birthday, phone, ID_number, email, parent_phone, adress, major, state from student_basic where id = ? 
2019-10-28 00:01:54,453 DEBUG (BaseJdbcLogger.java:143)- ====> Parameters: 28460(String)
2019-10-28 00:01:54,454 DEBUG (BaseJdbcLogger.java:143)- <====      Total: 1
2019-10-28 00:01:54,454 DEBUG (BaseJdbcLogger.java:143)- ====>  Preparing: select id, name, sex, birthday, phone, ID_number, email, parent_phone, adress, major, state from student_basic where id = ? 
2019-10-28 00:01:54,455 DEBUG (BaseJdbcLogger.java:143)- ====> Parameters: 28461(String)
2019-10-28 00:01:54,455 DEBUG (BaseJdbcLogger.java:143)- <====      Total: 1
2019-10-28 00:01:54,456 DEBUG (BaseJdbcLogger.java:143)- ====>  Preparing: select id, name, sex, birthday, phone, ID_number, email, parent_phone, adress, major, state from student_basic where id = ? 
2019-10-28 00:01:54,456 DEBUG (BaseJdbcLogger.java:143)- ====> Parameters: 28462(String)
2019-10-28 00:01:54,458 DEBUG (BaseJdbcLogger.java:143)- <====      Total: 1
2019-10-28 00:01:54,458 DEBUG (BaseJdbcLogger.java:143)- ====>  Preparing: select id, name, sex, birthday, phone, ID_number, email, parent_phone, adress, major, state from student_basic where id = ? 
