2019-09-04 04:08:12,718 DEBUG (BaseJdbcLogger.java:143)- ====> Parameters: 19510(String)
2019-09-04 04:08:12,720 DEBUG (BaseJdbcLogger.java:143)- <====      Total: 1
2019-09-04 04:08:12,721 DEBUG (BaseJdbcLogger.java:143)- ====>  Preparing: select id, name, sex, birthday, phone, ID_number, email, parent_phone, adress, major, state from student_basic where id = ? 
2019-09-04 04:08:12,722 DEBUG (BaseJdbcLogger.java:143)- ====> Parameters: 19511(String)
2019-09-04 04:08:12,723 DEBUG (BaseJdbcLogger.java:143)- <====      Total: 1
2019-09-04 04:08:12,723 DEBUG (BaseJdbcLogger.java:143)- <==      Total: 17
2019-09-04 04:08:12,723 DEBUG (BaseJdbcLogger.java:143)- ==>  Preparing: select student_status.id,student_status.basic_id, student_status.student_id, student_status.class_id from student_status,student_basic where student_status.basic_id=student_basic.id and student_basic.sex=? and student_status.class_id=? 
2019-09-04 04:08:12,724 DEBUG (BaseJdbcLogger.java:143)- ==> Parameters: 男(String), 082803201902(String)
2019-09-04 04:08:12,725 DEBUG (BaseJdbcLogger.java:143)- ====>  Preparing: select id, name, sex, birthday, phone, ID_number, email, parent_phone, adress, major, state from student_basic where id = ? 
2019-09-04 04:08:12,726 DEBUG (BaseJdbcLogger.java:143)- ====> Parameters: 19513(String)
2019-09-04 04:08:12,727 DEBUG (BaseJdbcLogger.java:143)- <====      Total: 1
2019-09-04 04:08:12,727 DEBUG (BaseJdbcLogger.java:143)- ====>  Preparing: select id, class_id, name, director, grade, major_id from class where class_id = ? 
2019-09-04 04:08:12,727 DEBUG (BaseJdbcLogger.java:143)- ====> Parameters: 082803201902(String)
2019-09-04 04:08:12,728 DEBUG (BaseJdbcLogger.java:143)- ======>  Preparing: select id, major_id, name, price, department_id from major where major_id = ? 
2019-09-04 04:08:12,729 DEBUG (BaseJdbcLogger.java:143)- ======> Parameters: 082803(String)
2019-09-04 04:08:12,729 DEBUG (BaseJdbcLogger.java:143)- <======      Total: 1
2019-09-04 04:08:12,730 DEBUG (BaseJdbcLogger.java:143)- <====      Total: 1
2019-09-04 04:08:12,731 DEBUG (BaseJdbcLogger.java:143)- ====>  Preparing: select id, name, sex, birthday, phone, ID_number, email, parent_phone, adress, major, state from student_basic where id = ? 
2019-09-04 04:08:12,731 DEBUG (BaseJdbcLogger.java:143)- ====> Parameters: 19515(String)
2019-09-04 04:08:12,732 DEBUG (BaseJdbcLogger.java:143)- <====      Total: 1
2019-09-04 04:08:12,733 DEBUG (BaseJdbcLogger.java:143)- ====>  Preparing: select id, name, sex, birthday, phone, ID_number, email, parent_phone, adress, major, state from student_basic where id = ? 
2019-09-04 04:08:12,733 DEBUG (BaseJdbcLogger.java:143)- ====> Parameters: 19517(String)
2019-09-04 04:08:12,734 DEBUG (BaseJdbcLogger.java:143)- <====      Total: 1
2019-09-04 04:08:12,734 DEBUG (BaseJdbcLogger.java:143)- ====>  Preparing: select id, name, sex, birthday, phone, ID_number, email, parent_phone, adress, major, state from student_basic where id = ? 
2019-09-04 04:08:12,734 DEBUG (BaseJdbcLogger.java:143)- ====> Parameters: 19518(String)
2019-09-04 04:08:12,736 DEBUG (BaseJdbcLogger.java:143)- <====      Total: 1
2019-09-04 04:08:12,736 DEBUG (BaseJdbcLogger.java:143)- ====>  Preparing: select id, name, sex, birthday, phone, ID_number, email, parent_phone, adress, major, state from student_basic where id = ? 
2019-09-04 04:08:12,737 DEBUG (BaseJdbcLogger.java:143)- ====> Parameters: 19521(String)
2019-09-04 04:08:12,738 DEBUG (BaseJdbcLogger.java:143)- <====      Total: 1
2019-09-04 04:08:12,738 DEBUG (BaseJdbcLogger.java:143)- ====>  Preparing: select id, name, sex, birthday, phone, ID_number, email, parent_phone, adress, major, state from student_basic where id = ? 
2019-09-04 04:08:12,739 DEBUG (BaseJdbcLogger.java:143)- ====> Parameters: 19523(String)
2019-09-04 04:08:12,739 DEBUG (BaseJdbcLogger.java:143)- <====      Total: 1
2019-09-04 04:08:12,740 DEBUG (BaseJdbcLogger.java:143)- ====>  Preparing: select id, name, sex, birthday, phone, ID_number, email, parent_phone, adress, major, state from student_basic where id = ? 
2019-09-04 04:08:12,740 DEBUG (BaseJdbcLogger.java:143)- ====> Parameters: 19524(String)
2019-09-04 04:08:12,741 DEBUG (BaseJdbcLogger.java:143)- <====      Total: 1
2019-09-04 04:08:12,741 DEBUG (BaseJdbcLogger.java:143)- ====>  Preparing: select id, name, sex, birthday, phone, ID_number, email, parent_phone, adress, major, state from student_basic where id = ? 
2019-09-04 04:08:12,741 DEBUG (BaseJdbcLogger.java:143)- ====> Parameters: 19528(String)
2019-09-04 04:08:12,742 DEBUG (BaseJdbcLogger.java:143)- <====      Total: 1
2019-09-04 04:08:12,743 DEBUG (BaseJdbcLogger.java:143)- ====>  Preparing: select id, name, sex, birthday, phone, ID_number, email, parent_phone, adress, major, state from student_basic where id = ? 
2019-09-04 04:08:12,743 DEBUG (BaseJdbcLogger.java:143)- ====> Parameters: 19532(String)
2019-09-04 04:08:12,744 DEBUG (BaseJdbcLogger.java:143)- <====      Total: 1
2019-09-04 04:08:12,745 DEBUG (BaseJdbcLogger.java:143)- ====>  Preparing: select id, name, sex, birthday, phone, ID_number, email, parent_phone, adress, major, state from student_basic where id = ? 
2019-09-04 04:08:12,745 DEBUG (BaseJdbcLogger.java:143)- ====> Parameters: 19534(String)
2019-09-04 04:08:12,746 DEBUG (BaseJdbcLogger.java:143)- <====      Total: 1
2019-09-04 04:08:12,746 DEBUG (BaseJdbcLogger.java:143)- ====>  Preparing: select id, name, sex, birthday, phone, ID_number, email, parent_phone, adress, major, state from student_basic where id = ? 
2019-09-04 04:08:12,747 DEBUG (BaseJdbcLogger.java:143)- ====> Parameters: 19535(String)
2019-09-04 04:08:12,747 DEBUG (BaseJdbcLogger.java:143)- <====      Total: 1
2019-09-04 04:08:12,748 DEBUG (BaseJdbcLogger.java:143)- ====>  Preparing: select id, name, sex, birthday, phone, ID_number, email, parent_phone, adress, major, state from student_basic where id = ? 
2019-09-04 04:08:12,748 DEBUG (BaseJdbcLogger.java:143)- ====> Parameters: 19536(String)
2019-09-04 04:08:12,750 DEBUG (BaseJdbcLogger.java:143)- <====      Total: 1
2019-09-04 04:08:12,750 DEBUG (BaseJdbcLogger.java:143)- ====>  Preparing: select id, name, sex, birthday, phone, ID_number, email, parent_phone, adress, major, state from student_basic where id = ? 
2019-09-04 04:08:12,750 DEBUG (BaseJdbcLogger.java:143)- ====> Parameters: 19537(String)
2019-09-04 04:08:12,751 DEBUG (BaseJdbcLogger.java:143)- <====      Total: 1
2019-09-04 04:08:12,752 DEBUG (BaseJdbcLogger.java:143)- ====>  Preparing: select id, name, sex, birthday, phone, ID_number, email, parent_phone, adress, major, state from student_basic where id = ? 
2019-09-04 04:08:12,752 DEBUG (BaseJdbcLogger.java:143)- ====> Parameters: 19539(String)
2019-09-04 04:08:12,753 DEBUG (BaseJdbcLogger.java:143)- <====      Total: 1
2019-09-04 04:08:12,753 DEBUG (BaseJdbcLogger.java:143)- ====>  Preparing: select id, name, sex, birthday, phone, ID_number, email, parent_phone, adress, major, state from student_basic where id = ? 
2019-09-04 04:08:12,754 DEBUG (BaseJdbcLogger.java:143)- ====> Parameters: 19541(String)
2019-09-04 04:08:12,754 DEBUG (BaseJdbcLogger.java:143)- <====      Total: 1
2019-09-04 04:08:12,754 DEBUG (BaseJdbcLogger.java:143)- ====>  Preparing: select id, name, sex, birthday, phone, ID_number, email, parent_phone, adress, major, state from student_basic where id = ? 
2019-09-04 04:08:12,755 DEBUG (BaseJdbcLogger.java:143)- ====> Parameters: 19543(String)
2019-09-04 04:08:12,755 DEBUG (BaseJdbcLogger.java:143)- <====      Total: 1
2019-09-04 04:08:12,756 DEBUG (BaseJdbcLogger.java:143)- <==      Total: 16
2019-09-04 04:08:12,756 DEBUG (BaseJdbcLogger.java:143)- ==>  Preparing: select student_status.id,student_status.basic_id, student_status.student_id, student_status.class_id from student_status,student_basic where student_status.basic_id=student_basic.id and student_basic.sex=? and student_status.class_id=? 
2019-09-04 04:08:12,756 DEBUG (BaseJdbcLogger.java:143)- ==> Parameters: 女(String), 082803201902(String)
2019-09-04 04:08:12,757 DEBUG (BaseJdbcLogger.java:143)- ====>  Preparing: select id, name, sex, birthday, phone, ID_number, email, parent_phone, adress, major, state from student_basic where id = ? 
2019-09-04 04:08:12,758 DEBUG (BaseJdbcLogger.java:143)- ====> Parameters: 19514(String)
2019-09-04 04:08:12,758 DEBUG (BaseJdbcLogger.java:143)- <====      Total: 1
2019-09-04 04:08:12,758 DEBUG (BaseJdbcLogger.java:143)- ====>  Preparing: select id, class_id, name, director, grade, major_id from class where class_id = ? 
2019-09-04 04:08:12,759 DEBUG (BaseJdbcLogger.java:143)- ====> Parameters: 082803201902(String)
2019-09-04 04:08:12,759 DEBUG (BaseJdbcLogger.java:143)- ======>  Preparing: select id, major_id, name, price, department_id from major where major_id = ? 
2019-09-04 04:08:12,760 DEBUG (BaseJdbcLogger.java:143)- ======> Parameters: 082803(String)
2019-09-04 04:08:12,760 DEBUG (BaseJdbcLogger.java:143)- <======      Total: 1
2019-09-04 04:08:12,761 DEBUG (BaseJdbcLogger.java:143)- <====      Total: 1
2019-09-04 04:08:12,761 DEBUG (BaseJdbcLogger.java:143)- ====>  Preparing: select id, name, sex, birthday, phone, ID_number, email, parent_phone, adress, major, state from student_basic where id = ? 
2019-09-04 04:08:12,761 DEBUG (BaseJdbcLogger.java:143)- ====> Parameters: 19516(String)
2019-09-04 04:08:12,762 DEBUG (BaseJdbcLogger.java:143)- <====      Total: 1
2019-09-04 04:08:12,762 DEBUG (BaseJdbcLogger.java:143)- ====>  Preparing: select id, name, sex, birthday, phone, ID_number, email, parent_phone, adress, major, state from student_basic where id = ? 
2019-09-04 04:08:12,762 DEBUG (BaseJdbcLogger.java:143)- ====> Parameters: 19519(String)
2019-09-04 04:08:12,763 DEBUG (BaseJdbcLogger.java:143)- <====      Total: 1
2019-09-04 04:08:12,764 DEBUG (BaseJdbcLogger.java:143)- ====>  Preparing: select id, name, sex, birthday, phone, ID_number, email, parent_phone, adress, major, state from student_basic where id = ? 
2019-09-04 04:08:12,764 DEBUG (BaseJdbcLogger.java:143)- ====> Parameters: 19520(String)
2019-09-04 04:08:12,765 DEBUG (BaseJdbcLogger.java:143)- <====      Total: 1
2019-09-04 04:08:12,765 DEBUG (BaseJdbcLogger.java:143)- ====>  Preparing: select id, name, sex, birthday, phone, ID_number, email, parent_phone, adress, major, state from student_basic where id = ? 
2019-09-04 04:08:12,765 DEBUG (BaseJdbcLogger.java:143)- ====> Parameters: 19522(String)
2019-09-04 04:08:12,766 DEBUG (BaseJdbcLogger.java:143)- <====      Total: 1
2019-09-04 04:08:12,766 DEBUG (BaseJdbcLogger.java:143)- ====>  Preparing: select id, name, sex, birthday, phone, ID_number, email, parent_phone, adress, major, state from student_basic where id = ? 
2019-09-04 04:08:12,767 DEBUG (BaseJdbcLogger.java:143)- ====> Parameters: 19525(String)
2019-09-04 04:08:12,768 DEBUG (BaseJdbcLogger.java:143)- <====      Total: 1
2019-09-04 04:08:12,768 DEBUG (BaseJdbcLogger.java:143)- ====>  Preparing: select id, name, sex, birthday, phone, ID_number, email, parent_phone, adress, major, state from student_basic where id = ? 
2019-09-04 04:08:12,769 DEBUG (BaseJdbcLogger.java:143)- ====> Parameters: 19526(String)
2019-09-04 04:08:12,769 DEBUG (BaseJdbcLogger.java:143)- <====      Total: 1
2019-09-04 04:08:12,770 DEBUG (BaseJdbcLogger.java:143)- ====>  Preparing: select id, name, sex, birthday, phone, ID_number, email, parent_phone, adress, major, state from student_basic where id = ? 
2019-09-04 04:08:12,770 DEBUG (BaseJdbcLogger.java:143)- ====> Parameters: 19527(String)
2019-09-04 04:08:12,771 DEBUG (BaseJdbcLogger.java:143)- <====      Total: 1
2019-09-04 04:08:12,771 DEBUG (BaseJdbcLogger.java:143)- ====>  Preparing: select id, name, sex, birthday, phone, ID_number, email, parent_phone, adress, major, state from student_basic where id = ? 
2019-09-04 04:08:12,771 DEBUG (BaseJdbcLogger.java:143)- ====> Parameters: 19529(String)
2019-09-04 04:08:12,772 DEBUG (BaseJdbcLogger.java:143)- <====      Total: 1
2019-09-04 04:08:12,772 DEBUG (BaseJdbcLogger.java:143)- ====>  Preparing: select id, name, sex, birthday, phone, ID_number, email, parent_phone, adress, major, state from student_basic where id = ? 
2019-09-04 04:08:12,772 DEBUG (BaseJdbcLogger.java:143)- ====> Parameters: 19530(String)
2019-09-04 04:08:12,773 DEBUG (BaseJdbcLogger.java:143)- <====      Total: 1
2019-09-04 04:08:12,773 DEBUG (BaseJdbcLogger.java:143)- ====>  Preparing: select id, name, sex, birthday, phone, ID_number, email, parent_phone, adress, major, state from student_basic where id = ? 
2019-09-04 04:08:12,774 DEBUG (BaseJdbcLogger.java:143)- ====> Parameters: 19531(String)
2019-09-04 04:08:12,774 DEBUG (BaseJdbcLogger.java:143)- <====      Total: 1
2019-09-04 04:08:12,774 DEBUG (BaseJdbcLogger.java:143)- ====>  Preparing: select id, name, sex, birthday, phone, ID_number, email, parent_phone, adress, major, state from student_basic where id = ? 
2019-09-04 04:08:12,775 DEBUG (BaseJdbcLogger.java:143)- ====> Parameters: 19533(String)
2019-09-04 04:08:12,775 DEBUG (BaseJdbcLogger.java:143)- <====      Total: 1
2019-09-04 04:08:12,776 DEBUG (BaseJdbcLogger.java:143)- ====>  Preparing: select id, name, sex, birthday, phone, ID_number, email, parent_phone, adress, major, state from student_basic where id = ? 
2019-09-04 04:08:12,776 DEBUG (BaseJdbcLogger.java:143)- ====> Parameters: 19538(String)
2019-09-04 04:08:12,776 DEBUG (BaseJdbcLogger.java:143)- <====      Total: 1
2019-09-04 04:08:12,777 DEBUG (BaseJdbcLogger.java:143)- ====>  Preparing: select id, name, sex, birthday, phone, ID_number, email, parent_phone, adress, major, state from student_basic where id = ? 
2019-09-04 04:08:12,777 DEBUG (BaseJdbcLogger.java:143)- ====> Parameters: 19540(String)
2019-09-04 04:08:12,778 DEBUG (BaseJdbcLogger.java:143)- <====      Total: 1
2019-09-04 04:08:12,778 DEBUG (BaseJdbcLogger.java:143)- ====>  Preparing: select id, name, sex, birthday, phone, ID_number, email, parent_phone, adress, major, state from student_basic where id = ? 
2019-09-04 04:08:12,778 DEBUG (BaseJdbcLogger.java:143)- ====> Parameters: 19542(String)
2019-09-04 04:08:12,779 DEBUG (BaseJdbcLogger.java:143)- <====      Total: 1
2019-09-04 04:08:12,780 DEBUG (BaseJdbcLogger.java:143)- ====>  Preparing: select id, name, sex, birthday, phone, ID_number, email, parent_phone, adress, major, state from student_basic where id = ? 
2019-09-04 04:08:12,781 DEBUG (BaseJdbcLogger.java:143)- ====> Parameters: 19546(String)
2019-09-04 04:08:12,782 DEBUG (BaseJdbcLogger.java:143)- <====      Total: 1
2019-09-04 04:08:12,782 DEBUG (BaseJdbcLogger.java:143)- ====>  Preparing: select id, name, sex, birthday, phone, ID_number, email, parent_phone, adress, major, state from student_basic where id = ? 
2019-09-04 04:08:12,782 DEBUG (BaseJdbcLogger.java:143)- ====> Parameters: 19549(String)
2019-09-04 04:08:12,783 DEBUG (BaseJdbcLogger.java:143)- <====      Total: 1
2019-09-04 04:08:12,783 DEBUG (BaseJdbcLogger.java:143)- <==      Total: 17
2019-09-04 04:08:12,784 DEBUG (BaseJdbcLogger.java:143)- ==>  Preparing: select student_status.id,student_status.basic_id, student_status.student_id, student_status.class_id from student_status,student_basic where student_status.basic_id=student_basic.id and student_basic.sex=? and student_status.class_id=? 
2019-09-04 04:08:12,784 DEBUG (BaseJdbcLogger.java:143)- ==> Parameters: 男(String), 082803201903(String)
2019-09-04 04:08:12,785 DEBUG (BaseJdbcLogger.java:143)- ====>  Preparing: select id, name, sex, birthday, phone, ID_number, email, parent_phone, adress, major, state from student_basic where id = ? 
2019-09-04 04:08:12,785 DEBUG (BaseJdbcLogger.java:143)- ====> Parameters: 19544(String)
2019-09-04 04:08:12,786 DEBUG (BaseJdbcLogger.java:143)- <====      Total: 1
2019-09-04 04:08:12,786 DEBUG (BaseJdbcLogger.java:143)- ====>  Preparing: select id, class_id, name, director, grade, major_id from class where class_id = ? 
2019-09-04 04:08:12,787 DEBUG (BaseJdbcLogger.java:143)- ====> Parameters: 082803201903(String)
2019-09-04 04:08:12,787 DEBUG (BaseJdbcLogger.java:143)- ======>  Preparing: select id, major_id, name, price, department_id from major where major_id = ? 
2019-09-04 04:08:12,788 DEBUG (BaseJdbcLogger.java:143)- ======> Parameters: 082803(String)
2019-09-04 04:08:12,788 DEBUG (BaseJdbcLogger.java:143)- <======      Total: 1
2019-09-04 04:08:12,788 DEBUG (BaseJdbcLogger.java:143)- <====      Total: 1
2019-09-04 04:08:12,789 DEBUG (BaseJdbcLogger.java:143)- ====>  Preparing: select id, name, sex, birthday, phone, ID_number, email, parent_phone, adress, major, state from student_basic where id = ? 
2019-09-04 04:08:12,789 DEBUG (BaseJdbcLogger.java:143)- ====> Parameters: 19545(String)
2019-09-04 04:08:12,790 DEBUG (BaseJdbcLogger.java:143)- <====      Total: 1
2019-09-04 04:08:12,790 DEBUG (BaseJdbcLogger.java:143)- ====>  Preparing: select id, name, sex, birthday, phone, ID_number, email, parent_phone, adress, major, state from student_basic where id = ? 
2019-09-04 04:08:12,790 DEBUG (BaseJdbcLogger.java:143)- ====> Parameters: 19547(String)
2019-09-04 04:08:12,791 DEBUG (BaseJdbcLogger.java:143)- <====      Total: 1
2019-09-04 04:08:12,791 DEBUG (BaseJdbcLogger.java:143)- ====>  Preparing: select id, name, sex, birthday, phone, ID_number, email, parent_phone, adress, major, state from student_basic where id = ? 
2019-09-04 04:08:12,791 DEBUG (BaseJdbcLogger.java:143)- ====> Parameters: 19548(String)
2019-09-04 04:08:12,792 DEBUG (BaseJdbcLogger.java:143)- <====      Total: 1
2019-09-04 04:08:12,792 DEBUG (BaseJdbcLogger.java:143)- ====>  Preparing: select id, name, sex, birthday, phone, ID_number, email, parent_phone, adress, major, state from student_basic where id = ? 
2019-09-04 04:08:12,793 DEBUG (BaseJdbcLogger.java:143)- ====> Parameters: 19550(String)
2019-09-04 04:08:12,793 DEBUG (BaseJdbcLogger.java:143)- <====      Total: 1
2019-09-04 04:08:12,794 DEBUG (BaseJdbcLogger.java:143)- ====>  Preparing: select id, name, sex, birthday, phone, ID_number, email, parent_phone, adress, major, state from student_basic where id = ? 
2019-09-04 04:08:12,794 DEBUG (BaseJdbcLogger.java:143)- ====> Parameters: 19553(String)
2019-09-04 04:08:12,795 DEBUG (BaseJdbcLogger.java:143)- <====      Total: 1
2019-09-04 04:08:12,795 DEBUG (BaseJdbcLogger.java:143)- ====>  Preparing: select id, name, sex, birthday, phone, ID_number, email, parent_phone, adress, major, state from student_basic where id = ? 
2019-09-04 04:08:12,795 DEBUG (BaseJdbcLogger.java:143)- ====> Parameters: 19555(String)
2019-09-04 04:08:12,796 DEBUG (BaseJdbcLogger.java:143)- <====      Total: 1
2019-09-04 04:08:12,796 DEBUG (BaseJdbcLogger.java:143)- ====>  Preparing: select id, name, sex, birthday, phone, ID_number, email, parent_phone, adress, major, state from student_basic where id = ? 
2019-09-04 04:08:12,797 DEBUG (BaseJdbcLogger.java:143)- ====> Parameters: 19561(String)
2019-09-04 04:08:12,797 DEBUG (BaseJdbcLogger.java:143)- <====      Total: 1
2019-09-04 04:08:12,798 DEBUG (BaseJdbcLogger.java:143)- ====>  Preparing: select id, name, sex, birthday, phone, ID_number, email, parent_phone, adress, major, state from student_basic where id = ? 
2019-09-04 04:08:12,798 DEBUG (BaseJdbcLogger.java:143)- ====> Parameters: 19562(String)
2019-09-04 04:08:12,799 DEBUG (BaseJdbcLogger.java:143)- <====      Total: 1
2019-09-04 04:08:12,799 DEBUG (BaseJdbcLogger.java:143)- ====>  Preparing: select id, name, sex, birthday, phone, ID_number, email, parent_phone, adress, major, state from student_basic where id = ? 
2019-09-04 04:08:12,799 DEBUG (BaseJdbcLogger.java:143)- ====> Parameters: 19564(String)
2019-09-04 04:08:12,800 DEBUG (BaseJdbcLogger.java:143)- <====      Total: 1
2019-09-04 04:08:12,801 DEBUG (BaseJdbcLogger.java:143)- ====>  Preparing: select id, name, sex, birthday, phone, ID_number, email, parent_phone, adress, major, state from student_basic where id = ? 
2019-09-04 04:08:12,801 DEBUG (BaseJdbcLogger.java:143)- ====> Parameters: 19565(String)
2019-09-04 04:08:12,803 DEBUG (BaseJdbcLogger.java:143)- <====      Total: 1
2019-09-04 04:08:12,803 DEBUG (BaseJdbcLogger.java:143)- ====>  Preparing: select id, name, sex, birthday, phone, ID_number, email, parent_phone, adress, major, state from student_basic where id = ? 
2019-09-04 04:08:12,804 DEBUG (BaseJdbcLogger.java:143)- ====> Parameters: 19566(String)
2019-09-04 04:08:12,805 DEBUG (BaseJdbcLogger.java:143)- <====      Total: 1
2019-09-04 04:08:12,805 DEBUG (BaseJdbcLogger.java:143)- ====>  Preparing: select id, name, sex, birthday, phone, ID_number, email, parent_phone, adress, major, state from student_basic where id = ? 
2019-09-04 04:08:12,805 DEBUG (BaseJdbcLogger.java:143)- ====> Parameters: 19567(String)
2019-09-04 04:08:12,806 DEBUG (BaseJdbcLogger.java:143)- <====      Total: 1
2019-09-04 04:08:12,807 DEBUG (BaseJdbcLogger.java:143)- ====>  Preparing: select id, name, sex, birthday, phone, ID_number, email, parent_phone, adress, major, state from student_basic where id = ? 
2019-09-04 04:08:12,808 DEBUG (BaseJdbcLogger.java:143)- ====> Parameters: 19570(String)
2019-09-04 04:08:12,808 DEBUG (BaseJdbcLogger.java:143)- <====      Total: 1
2019-09-04 04:08:12,809 DEBUG (BaseJdbcLogger.java:143)- ====>  Preparing: select id, name, sex, birthday, phone, ID_number, email, parent_phone, adress, major, state from student_basic where id = ? 
2019-09-04 04:08:12,809 DEBUG (BaseJdbcLogger.java:143)- ====> Parameters: 19573(String)
2019-09-04 04:08:12,810 DEBUG (BaseJdbcLogger.java:143)- <====      Total: 1
2019-09-04 04:08:12,810 DEBUG (BaseJdbcLogger.java:143)- ====>  Preparing: select id, name, sex, birthday, phone, ID_number, email, parent_phone, adress, major, state from student_basic where id = ? 
2019-09-04 04:08:12,811 DEBUG (BaseJdbcLogger.java:143)- ====> Parameters: 19574(String)
2019-09-04 04:08:12,811 DEBUG (BaseJdbcLogger.java:143)- <====      Total: 1
2019-09-04 04:08:12,812 DEBUG (BaseJdbcLogger.java:143)- <==      Total: 16
2019-09-04 04:08:12,812 DEBUG (BaseJdbcLogger.java:143)- ==>  Preparing: select student_status.id,student_status.basic_id, student_status.student_id, student_status.class_id from student_status,student_basic where student_status.basic_id=student_basic.id and student_basic.sex=? and student_status.class_id=? 
2019-09-04 04:08:12,813 DEBUG (BaseJdbcLogger.java:143)- ==> Parameters: 女(String), 082803201903(String)
2019-09-04 04:08:12,815 DEBUG (BaseJdbcLogger.java:143)- ====>  Preparing: select id, name, sex, birthday, phone, ID_number, email, parent_phone, adress, major, state from student_basic where id = ? 
2019-09-04 04:08:12,815 DEBUG (BaseJdbcLogger.java:143)- ====> Parameters: 19551(String)
2019-09-04 04:08:12,816 DEBUG (BaseJdbcLogger.java:143)- <====      Total: 1
2019-09-04 04:08:12,816 DEBUG (BaseJdbcLogger.java:143)- ====>  Preparing: select id, class_id, name, director, grade, major_id from class where class_id = ? 
2019-09-04 04:08:12,816 DEBUG (BaseJdbcLogger.java:143)- ====> Parameters: 082803201903(String)
2019-09-04 04:08:12,817 DEBUG (BaseJdbcLogger.java:143)- ======>  Preparing: select id, major_id, name, price, department_id from major where major_id = ? 
2019-09-04 04:08:12,817 DEBUG (BaseJdbcLogger.java:143)- ======> Parameters: 082803(String)
2019-09-04 04:08:12,818 DEBUG (BaseJdbcLogger.java:143)- <======      Total: 1
2019-09-04 04:08:12,818 DEBUG (BaseJdbcLogger.java:143)- <====      Total: 1
2019-09-04 04:08:12,819 DEBUG (BaseJdbcLogger.java:143)- ====>  Preparing: select id, name, sex, birthday, phone, ID_number, email, parent_phone, adress, major, state from student_basic where id = ? 
2019-09-04 04:08:12,819 DEBUG (BaseJdbcLogger.java:143)- ====> Parameters: 19552(String)
2019-09-04 04:08:12,819 DEBUG (BaseJdbcLogger.java:143)- <====      Total: 1
2019-09-04 04:08:12,820 DEBUG (BaseJdbcLogger.java:143)- ====>  Preparing: select id, name, sex, birthday, phone, ID_number, email, parent_phone, adress, major, state from student_basic where id = ? 
2019-09-04 04:08:12,820 DEBUG (BaseJdbcLogger.java:143)- ====> Parameters: 19554(String)
2019-09-04 04:08:12,821 DEBUG (BaseJdbcLogger.java:143)- <====      Total: 1
2019-09-04 04:08:12,821 DEBUG (BaseJdbcLogger.java:143)- ====>  Preparing: select id, name, sex, birthday, phone, ID_number, email, parent_phone, adress, major, state from student_basic where id = ? 
2019-09-04 04:08:12,821 DEBUG (BaseJdbcLogger.java:143)- ====> Parameters: 19556(String)
2019-09-04 04:08:12,822 DEBUG (BaseJdbcLogger.java:143)- <====      Total: 1
2019-09-04 04:08:12,822 DEBUG (BaseJdbcLogger.java:143)- ====>  Preparing: select id, name, sex, birthday, phone, ID_number, email, parent_phone, adress, major, state from student_basic where id = ? 
2019-09-04 04:08:12,822 DEBUG (BaseJdbcLogger.java:143)- ====> Parameters: 19557(String)
2019-09-04 04:08:12,823 DEBUG (BaseJdbcLogger.java:143)- <====      Total: 1
2019-09-04 04:08:12,823 DEBUG (BaseJdbcLogger.java:143)- ====>  Preparing: select id, name, sex, birthday, phone, ID_number, email, parent_phone, adress, major, state from student_basic where id = ? 
2019-09-04 04:08:12,824 DEBUG (BaseJdbcLogger.java:143)- ====> Parameters: 19558(String)
2019-09-04 04:08:12,824 DEBUG (BaseJdbcLogger.java:143)- <====      Total: 1
2019-09-04 04:08:12,824 DEBUG (BaseJdbcLogger.java:143)- ====>  Preparing: select id, name, sex, birthday, phone, ID_number, email, parent_phone, adress, major, state from student_basic where id = ? 
2019-09-04 04:08:12,825 DEBUG (BaseJdbcLogger.java:143)- ====> Parameters: 19559(String)
2019-09-04 04:08:12,825 DEBUG (BaseJdbcLogger.java:143)- <====      Total: 1
2019-09-04 04:08:12,826 DEBUG (BaseJdbcLogger.java:143)- ====>  Preparing: select id, name, sex, birthday, phone, ID_number, email, parent_phone, adress, major, state from student_basic where id = ? 
2019-09-04 04:08:12,826 DEBUG (BaseJdbcLogger.java:143)- ====> Parameters: 19560(String)
2019-09-04 04:08:12,827 DEBUG (BaseJdbcLogger.java:143)- <====      Total: 1
2019-09-04 04:08:12,827 DEBUG (BaseJdbcLogger.java:143)- ====>  Preparing: select id, name, sex, birthday, phone, ID_number, email, parent_phone, adress, major, state from student_basic where id = ? 
2019-09-04 04:08:12,827 DEBUG (BaseJdbcLogger.java:143)- ====> Parameters: 19563(String)
2019-09-04 04:08:12,828 DEBUG (BaseJdbcLogger.java:143)- <====      Total: 1
2019-09-04 04:08:12,829 DEBUG (BaseJdbcLogger.java:143)- ====>  Preparing: select id, name, sex, birthday, phone, ID_number, email, parent_phone, adress, major, state from student_basic where id = ? 
2019-09-04 04:08:12,829 DEBUG (BaseJdbcLogger.java:143)- ====> Parameters: 19568(String)
2019-09-04 04:08:12,830 DEBUG (BaseJdbcLogger.java:143)- <====      Total: 1
2019-09-04 04:08:12,830 DEBUG (BaseJdbcLogger.java:143)- ====>  Preparing: select id, name, sex, birthday, phone, ID_number, email, parent_phone, adress, major, state from student_basic where id = ? 
2019-09-04 04:08:12,830 DEBUG (BaseJdbcLogger.java:143)- ====> Parameters: 19569(String)
2019-09-04 04:08:12,831 DEBUG (BaseJdbcLogger.java:143)- <====      Total: 1
2019-09-04 04:08:12,832 DEBUG (BaseJdbcLogger.java:143)- ====>  Preparing: select id, name, sex, birthday, phone, ID_number, email, parent_phone, adress, major, state from student_basic where id = ? 
2019-09-04 04:08:12,832 DEBUG (BaseJdbcLogger.java:143)- ====> Parameters: 19571(String)
2019-09-04 04:08:12,833 DEBUG (BaseJdbcLogger.java:143)- <====      Total: 1
2019-09-04 04:08:12,833 DEBUG (BaseJdbcLogger.java:143)- ====>  Preparing: select id, name, sex, birthday, phone, ID_number, email, parent_phone, adress, major, state from student_basic where id = ? 
2019-09-04 04:08:12,833 DEBUG (BaseJdbcLogger.java:143)- ====> Parameters: 19572(String)
2019-09-04 04:08:12,834 DEBUG (BaseJdbcLogger.java:143)- <====      Total: 1
2019-09-04 04:08:12,835 DEBUG (BaseJdbcLogger.java:143)- ====>  Preparing: select id, name, sex, birthday, phone, ID_number, email, parent_phone, adress, major, state from student_basic where id = ? 
2019-09-04 04:08:12,835 DEBUG (BaseJdbcLogger.java:143)- ====> Parameters: 19575(String)
2019-09-04 04:08:12,836 DEBUG (BaseJdbcLogger.java:143)- <====      Total: 1
2019-09-04 04:08:12,836 DEBUG (BaseJdbcLogger.java:143)- ====>  Preparing: select id, name, sex, birthday, phone, ID_number, email, parent_phone, adress, major, state from student_basic where id = ? 
2019-09-04 04:08:12,836 DEBUG (BaseJdbcLogger.java:143)- ====> Parameters: 19576(String)
2019-09-04 04:08:12,837 DEBUG (BaseJdbcLogger.java:143)- <====      Total: 1
2019-09-04 04:08:12,837 DEBUG (BaseJdbcLogger.java:143)- ====>  Preparing: select id, name, sex, birthday, phone, ID_number, email, parent_phone, adress, major, state from student_basic where id = ? 
2019-09-04 04:08:12,837 DEBUG (BaseJdbcLogger.java:143)- ====> Parameters: 19577(String)
2019-09-04 04:08:12,838 DEBUG (BaseJdbcLogger.java:143)- <====      Total: 1
2019-09-04 04:08:12,838 DEBUG (BaseJdbcLogger.java:143)- <==      Total: 16
2019-09-04 04:08:12,848 DEBUG (BaseJdbcLogger.java:143)- ==>  Preparing: select dormitory.id, dormitory.dong, dormitory.floor, dormitory.room, dormitory.sex, dormitory.number, dormitory.rent, dormitory.hasnumber from dormitory LEFT JOIN dormitory_allocation on dormitory_allocation.dormitory_id = dormitory.id LEFT JOIN class on dormitory_allocation.class_id=class.class_id LEFT JOIN major on class.major_id=major.major_id WHERE sex = ? and dormitory.id NOT IN ( SELECT dormitory_id FROM dormitory_allocation GROUP BY (dormitory_id) ) group by dormitory.dong,dormitory.floor,dormitory.room 
2019-09-04 04:08:12,848 DEBUG (BaseJdbcLogger.java:143)- ==> Parameters: 男(String)
2019-09-04 04:08:12,860 DEBUG (BaseJdbcLogger.java:143)- <==      Total: 448
2019-09-04 04:08:12,861 DEBUG (BaseJdbcLogger.java:143)- ==>  Preparing: select dormitory.id, dormitory.dong, dormitory.floor, dormitory.room, dormitory.sex, dormitory.number, dormitory.rent, dormitory.hasnumber from dormitory LEFT JOIN dormitory_allocation on dormitory_allocation.dormitory_id = dormitory.id LEFT JOIN class on dormitory_allocation.class_id=class.class_id LEFT JOIN major on class.major_id=major.major_id WHERE sex = ? and dormitory.id NOT IN ( SELECT dormitory_id FROM dormitory_allocation GROUP BY (dormitory_id) ) group by dormitory.dong,dormitory.floor,dormitory.room 
2019-09-04 04:08:12,861 DEBUG (BaseJdbcLogger.java:143)- ==> Parameters: 女(String)
2019-09-04 04:08:12,874 DEBUG (BaseJdbcLogger.java:143)- <==      Total: 448
2019-09-04 04:08:12,878 DEBUG (BaseJdbcLogger.java:143)- ==>  Preparing: insert into dormitory_allocation (class_id, dormitory_id,number) values ( ?, ?, ? ) , ( ?, ?, ? ) , ( ?, ?, ? ) , ( ?, ?, ? ) , ( ?, ?, ? ) , ( ?, ?, ? ) , ( ?, ?, ? ) , ( ?, ?, ? ) , ( ?, ?, ? ) , ( ?, ?, ? ) , ( ?, ?, ? ) , ( ?, ?, ? ) , ( ?, ?, ? ) , ( ?, ?, ? ) , ( ?, ?, ? ) , ( ?, ?, ? ) , ( ?, ?, ? ) , ( ?, ?, ? ) , ( ?, ?, ? ) , ( ?, ?, ? ) , ( ?, ?, ? ) , ( ?, ?, ? ) , ( ?, ?, ? ) , ( ?, ?, ? ) , ( ?, ?, ? ) , ( ?, ?, ? ) , ( ?, ?, ? ) , ( ?, ?, ? ) , ( ?, ?, ? ) , ( ?, ?, ? ) , ( ?, ?, ? ) , ( ?, ?, ? ) , ( ?, ?, ? ) , ( ?, ?, ? ) , ( ?, ?, ? ) , ( ?, ?, ? ) , ( ?, ?, ? ) , ( ?, ?, ? ) , ( ?, ?, ? ) , ( ?, ?, ? ) , ( ?, ?, ? ) , ( ?, ?, ? ) , ( ?, ?, ? ) , ( ?, ?, ? ) , ( ?, ?, ? ) , ( ?, ?, ? ) , ( ?, ?, ? ) , ( ?, ?, ? ) , ( ?, ?, ? ) , ( ?, ?, ? ) , ( ?, ?, ? ) , ( ?, ?, ? ) , ( ?, ?, ? ) , ( ?, ?, ? ) , ( ?, ?, ? ) , ( ?, ?, ? ) , ( ?, ?, ? ) , ( ?, ?, ? ) , ( ?, ?, ? ) , ( ?, ?, ? ) , ( ?, ?, ? ) , ( ?, ?, ? ) , ( ?, ?, ? ) , ( ?, ?, ? ) , ( ?, ?, ? ) , ( ?, ?, ? ) , ( ?, ?, ? ) , ( ?, ?, ? ) , ( ?, ?, ? ) , ( ?, ?, ? ) , ( ?, ?, ? ) , ( ?, ?, ? ) , ( ?, ?, ? ) , ( ?, ?, ? ) , ( ?, ?, ? ) , ( ?, ?, ? ) , ( ?, ?, ? ) , ( ?, ?, ? ) , ( ?, ?, ? ) , ( ?, ?, ? ) , ( ?, ?, ? ) , ( ?, ?, ? ) , ( ?, ?, ? ) , ( ?, ?, ? ) , ( ?, ?, ? ) , ( ?, ?, ? ) , ( ?, ?, ? ) , ( ?, ?, ? ) , ( ?, ?, ? ) , ( ?, ?, ? ) , ( ?, ?, ? ) , ( ?, ?, ? ) , ( ?, ?, ? ) , ( ?, ?, ? ) , ( ?, ?, ? ) , ( ?, ?, ? ) , ( ?, ?, ? ) , ( ?, ?, ? ) , ( ?, ?, ? ) , ( ?, ?, ? ) , ( ?, ?, ? ) , ( ?, ?, ? ) , ( ?, ?, ? ) , ( ?, ?, ? ) , ( ?, ?, ? ) , ( ?, ?, ? ) , ( ?, ?, ? ) , ( ?, ?, ? ) , ( ?, ?, ? ) , ( ?, ?, ? ) , ( ?, ?, ? ) , ( ?, ?, ? ) , ( ?, ?, ? ) , ( ?, ?, ? ) , ( ?, ?, ? ) , ( ?, ?, ? ) , ( ?, ?, ? ) , ( ?, ?, ? ) , ( ?, ?, ? ) , ( ?, ?, ? ) , ( ?, ?, ? ) , ( ?, ?, ? ) , ( ?, ?, ? ) , ( ?, ?, ? ) , ( ?, ?, ? ) , ( ?, ?, ? ) , ( ?, ?, ? ) , ( ?, ?, ? ) , ( ?, ?, ? ) , ( ?, ?, ? ) , ( ?, ?, ? ) , ( ?, ?, ? ) , ( ?, ?, ? ) , ( ?, ?, ? ) , ( ?, ?, ? ) , ( ?, ?, ? ) , ( ?, ?, ? ) , ( ?, ?, ? ) , ( ?, ?, ? ) , ( ?, ?, ? ) , ( ?, ?, ? ) , ( ?, ?, ? ) , ( ?, ?, ? ) , ( ?, ?, ? ) , ( ?, ?, ? ) , ( ?, ?, ? ) , ( ?, ?, ? ) , ( ?, ?, ? ) , ( ?, ?, ? ) , ( ?, ?, ? ) , ( ?, ?, ? ) , ( ?, ?, ? ) , ( ?, ?, ? ) , ( ?, ?, ? ) , ( ?, ?, ? ) , ( ?, ?, ? ) , ( ?, ?, ? ) , ( ?, ?, ? ) , ( ?, ?, ? ) , ( ?, ?, ? ) , ( ?, ?, ? ) , ( ?, ?, ? ) , ( ?, ?, ? ) , ( ?, ?, ? ) , ( ?, ?, ? ) , ( ?, ?, ? ) , ( ?, ?, ? ) , ( ?, ?, ? ) , ( ?, ?, ? ) , ( ?, ?, ? ) , ( ?, ?, ? ) , ( ?, ?, ? ) , ( ?, ?, ? ) , ( ?, ?, ? ) , ( ?, ?, ? ) , ( ?, ?, ? ) , ( ?, ?, ? ) , ( ?, ?, ? ) , ( ?, ?, ? ) , ( ?, ?, ? ) , ( ?, ?, ? ) , ( ?, ?, ? ) , ( ?, ?, ? ) , ( ?, ?, ? ) , ( ?, ?, ? ) , ( ?, ?, ? ) , ( ?, ?, ? ) , ( ?, ?, ? ) , ( ?, ?, ? ) , ( ?, ?, ? ) , ( ?, ?, ? ) , ( ?, ?, ? ) , ( ?, ?, ? ) , ( ?, ?, ? ) , ( ?, ?, ? ) 
2019-09-04 04:08:12,882 DEBUG (BaseJdbcLogger.java:143)- ==> Parameters: 081001201901(String), 1(Integer), 5(Integer), 081001201901(String), 2(Integer), 5(Integer), 081001201901(String), 3(Integer), 5(Integer), 081001201901(String), 4(Integer), 3(Integer), 081001201901(String), 451(Integer), 5(Integer), 081001201901(String), 452(Integer), 5(Integer), 081001201901(String), 453(Integer), 5(Integer), 081001201901(String), 454(Integer), 4(Integer), 081001201902(String), 5(Integer), 5(Integer), 081001201902(String), 6(Integer), 5(Integer), 081001201902(String), 7(Integer), 5(Integer), 081001201902(String), 455(Integer), 5(Integer), 081001201902(String), 456(Integer), 5(Integer), 081001201902(String), 457(Integer), 5(Integer), 081001201902(String), 458(Integer), 5(Integer), 081001201902(String), 4(Integer), 2(Integer), 080205201902(String), 8(Integer), 5(Integer), 080205201902(String), 9(Integer), 5(Integer), 080205201902(String), 10(Integer), 5(Integer), 080205201902(String), 11(Integer), 5(Integer), 080205201902(String), 12(Integer), 5(Integer), 080205201902(String), 459(Integer), 5(Integer), 080205201902(String), 460(Integer), 5(Integer), 080205201902(String), 461(Integer), 5(Integer), 080205201902(String), 462(Integer), 5(Integer), 080205201902(String), 463(Integer), 5(Integer), 080205201903(String), 13(Integer), 5(Integer), 080205201903(String), 14(Integer), 5(Integer), 080205201903(String), 15(Integer), 5(Integer), 080205201903(String), 16(Integer), 5(Integer), 080205201903(String), 17(Integer), 5(Integer), 080205201903(String), 464(Integer), 5(Integer), 080205201903(String), 465(Integer), 5(Integer), 080205201903(String), 466(Integer), 5(Integer), 080205201903(String), 467(Integer), 5(Integer), 080205201903(String), 468(Integer), 5(Integer), 080205201904(String), 18(Integer), 5(Integer), 080205201904(String), 19(Integer), 5(Integer), 080205201904(String), 20(Integer), 5(Integer), 080205201904(String), 21(Integer), 5(Integer), 080205201904(String), 469(Integer), 5(Integer), 080205201904(String), 470(Integer), 5(Integer), 080205201904(String), 471(Integer), 5(Integer), 080205201904(String), 472(Integer), 3(Integer), 130503201901(String), 22(Integer), 5(Integer), 130503201901(String), 23(Integer), 5(Integer), 130503201901(String), 24(Integer), 5(Integer), 130503201901(String), 25(Integer), 5(Integer), 130503201901(String), 26(Integer), 4(Integer), 130503201901(String), 473(Integer), 5(Integer), 130503201901(String), 474(Integer), 5(Integer), 130503201901(String), 475(Integer), 5(Integer), 130503201901(String), 476(Integer), 5(Integer), 130503201902(String), 27(Integer), 5(Integer), 130503201902(String), 28(Integer), 5(Integer), 130503201902(String), 29(Integer), 5(Integer), 130503201902(String), 30(Integer), 5(Integer), 130503201902(String), 31(Integer), 4(Integer), 130503201902(String), 477(Integer), 5(Integer), 130503201902(String), 478(Integer), 5(Integer), 130503201902(String), 479(Integer), 5(Integer), 130503201902(String), 480(Integer), 5(Integer), 130503201903(String), 32(Integer), 5(Integer), 130503201903(String), 33(Integer), 5(Integer), 130503201903(String), 34(Integer), 5(Integer), 130503201903(String), 35(Integer), 5(Integer), 130503201903(String), 36(Integer), 4(Integer), 130503201903(String), 481(Integer), 5(Integer), 130503201903(String), 482(Integer), 5(Integer), 130503201903(String), 483(Integer), 5(Integer), 130503201903(String), 484(Integer), 4(Integer), 130503201904(String), 37(Integer), 5(Integer), 130503201904(String), 38(Integer), 5(Integer), 130503201904(String), 39(Integer), 5(Integer), 130503201904(String), 40(Integer), 5(Integer), 130503201904(String), 41(Integer), 4(Integer), 130503201904(String), 485(Integer), 5(Integer), 130503201904(String), 486(Integer), 5(Integer), 130503201904(String), 487(Integer), 5(Integer), 130503201904(String), 488(Integer), 4(Integer), 080702201901(String), 42(Integer), 5(Integer), 080702201901(String), 43(Integer), 5(Integer), 080702201901(String), 44(Integer), 5(Integer), 080702201901(String), 45(Integer), 5(Integer), 080702201901(String), 46(Integer), 5(Integer), 080702201901(String), 489(Integer), 5(Integer), 080702201901(String), 490(Integer), 5(Integer), 080702201901(String), 491(Integer), 5(Integer), 080702201902(String), 47(Integer), 5(Integer), 080702201902(String), 48(Integer), 5(Integer), 080702201902(String), 49(Integer), 5(Integer), 080702201902(String), 50(Integer), 5(Integer), 080702201902(String), 51(Integer), 5(Integer), 080702201902(String), 492(Integer), 5(Integer), 080702201902(String), 493(Integer), 5(Integer), 080702201902(String), 494(Integer), 5(Integer), 080702201903(String), 52(Integer), 5(Integer), 080702201903(String), 53(Integer), 5(Integer), 080702201903(String), 54(Integer), 5(Integer), 080702201903(String), 55(Integer), 5(Integer), 080702201903(String), 56(Integer), 4(Integer), 080702201903(String), 495(Integer), 5(Integer), 080702201903(String), 496(Integer), 5(Integer), 080702201903(String), 497(Integer), 4(Integer), 080901201901(String), 57(Integer), 5(Integer), 080901201901(String), 58(Integer), 5(Integer), 080901201901(String), 59(Integer), 5(Integer), 080901201901(String), 60(Integer), 5(Integer), 080901201901(String), 498(Integer), 5(Integer), 080901201901(String), 499(Integer), 5(Integer), 080901201901(String), 500(Integer), 5(Integer), 080901201901(String), 501(Integer), 3(Integer), 080901201902(String), 61(Integer), 5(Integer), 080901201902(String), 62(Integer), 5(Integer), 080901201902(String), 63(Integer), 5(Integer), 080901201902(String), 64(Integer), 5(Integer), 080901201902(String), 502(Integer), 5(Integer), 080901201902(String), 503(Integer), 5(Integer), 080901201902(String), 504(Integer), 5(Integer), 080901201903(String), 65(Integer), 5(Integer), 080901201903(String), 66(Integer), 5(Integer), 080901201903(String), 67(Integer), 5(Integer), 080901201903(String), 68(Integer), 5(Integer), 080901201903(String), 505(Integer), 5(Integer), 080901201903(String), 506(Integer), 5(Integer), 080901201903(String), 507(Integer), 5(Integer), 080901201904(String), 69(Integer), 5(Integer), 080901201904(String), 70(Integer), 5(Integer), 080901201904(String), 71(Integer), 5(Integer), 080901201904(String), 72(Integer), 5(Integer), 080901201904(String), 508(Integer), 5(Integer), 080901201904(String), 509(Integer), 5(Integer), 080901201904(String), 510(Integer), 5(Integer), 080901201902(String), 501(Integer), 2(Integer), 080703201901(String), 73(Integer), 5(Integer), 080703201901(String), 74(Integer), 5(Integer), 080703201901(String), 75(Integer), 5(Integer), 080703201901(String), 76(Integer), 5(Integer), 080703201901(String), 77(Integer), 5(Integer), 080703201901(String), 511(Integer), 5(Integer), 080703201901(String), 512(Integer), 5(Integer), 080703201901(String), 513(Integer), 5(Integer), 080703201901(String), 514(Integer), 3(Integer), 080703201902(String), 78(Integer), 5(Integer), 080703201902(String), 79(Integer), 5(Integer), 080703201902(String), 80(Integer), 5(Integer), 080703201902(String), 81(Integer), 5(Integer), 080703201902(String), 82(Integer), 5(Integer), 080703201902(String), 515(Integer), 5(Integer), 080703201902(String), 516(Integer), 5(Integer), 080703201902(String), 517(Integer), 5(Integer), 080703201902(String), 518(Integer), 3(Integer), 080703201903(String), 83(Integer), 5(Integer), 080703201903(String), 84(Integer), 5(Integer), 080703201903(String), 85(Integer), 5(Integer), 080703201903(String), 86(Integer), 5(Integer), 080703201903(String), 87(Integer), 5(Integer), 080703201903(String), 519(Integer), 5(Integer), 080703201903(String), 520(Integer), 5(Integer), 080703201903(String), 521(Integer), 5(Integer), 080703201903(String), 522(Integer), 3(Integer), 082803201901(String), 88(Integer), 5(Integer), 082803201901(String), 89(Integer), 5(Integer), 082803201901(String), 90(Integer), 5(Integer), 082803201901(String), 523(Integer), 5(Integer), 082803201901(String), 524(Integer), 5(Integer), 082803201901(String), 525(Integer), 5(Integer), 082803201902(String), 91(Integer), 5(Integer), 082803201902(String), 92(Integer), 5(Integer), 082803201902(String), 93(Integer), 5(Integer), 082803201902(String), 526(Integer), 5(Integer), 082803201902(String), 527(Integer), 5(Integer), 082803201902(String), 528(Integer), 5(Integer), 082803201903(String), 94(Integer), 5(Integer), 082803201903(String), 95(Integer), 5(Integer), 082803201903(String), 96(Integer), 5(Integer), 082803201903(String), 529(Integer), 5(Integer), 082803201903(String), 530(Integer), 5(Integer), 082803201903(String), 531(Integer), 5(Integer), 080205201904(String), 97(Integer), 2(Integer), 080901201901(String), 97(Integer), 2(Integer), 080901201902(String), 97(Integer), 1(Integer), 080901201902(String), 98(Integer), 1(Integer), 080901201903(String), 98(Integer), 1(Integer), 080901201904(String), 98(Integer), 1(Integer), 080703201901(String), 98(Integer), 1(Integer), 082803201901(String), 98(Integer), 1(Integer), 082803201902(String), 99(Integer), 1(Integer), 082803201903(String), 99(Integer), 1(Integer), 080901201903(String), 532(Integer), 2(Integer), 080901201904(String), 532(Integer), 2(Integer), 082803201901(String), 532(Integer), 1(Integer), 082803201901(String), 533(Integer), 1(Integer), 082803201902(String), 533(Integer), 2(Integer), 082803201903(String), 533(Integer), 1(Integer)
2019-09-04 04:08:12,893 DEBUG (BaseJdbcLogger.java:143)- <==    Updates: 195
2019-09-04 04:08:12,917 DEBUG (BaseJdbcLogger.java:143)- ==>  Preparing: select id, class_id, name, director, grade, major_id from class 
2019-09-04 04:08:12,918 DEBUG (BaseJdbcLogger.java:143)- ==> Parameters: 
2019-09-04 04:08:12,919 DEBUG (BaseJdbcLogger.java:143)- ==>  Preparing: select DISTINCT dormitory.dong from dormitory where dormitory.sex=? 
2019-09-04 04:08:12,920 DEBUG (BaseJdbcLogger.java:143)- ==> Parameters: 男(String)
2019-09-04 04:08:12,929 DEBUG (BaseJdbcLogger.java:143)- <==      Total: 2
2019-09-04 04:08:12,929 DEBUG (BaseJdbcLogger.java:143)- ====>  Preparing: select id, major_id, name, price, department_id from major where major_id = ? 
2019-09-04 04:08:12,930 DEBUG (BaseJdbcLogger.java:143)- ====> Parameters: 081001(String)
2019-09-04 04:08:12,931 DEBUG (BaseJdbcLogger.java:143)- <====      Total: 1
2019-09-04 04:08:12,932 DEBUG (BaseJdbcLogger.java:143)- ====>  Preparing: select id, major_id, name, price, department_id from major where major_id = ? 
2019-09-04 04:08:12,933 DEBUG (BaseJdbcLogger.java:143)- ====> Parameters: 080205(String)
