2019-09-24 17:33:31,812 DEBUG (BaseJdbcLogger.java:143)- <====      Total: 1
2019-09-24 17:33:31,816 DEBUG (BaseJdbcLogger.java:143)- ====>  Preparing: select id, dong, floor, room, sex, number, rent,hasnumber from dormitory where id = ? 
2019-09-24 17:33:31,817 DEBUG (BaseJdbcLogger.java:143)- ====> Parameters: 482(Integer)
2019-09-24 17:33:31,818 DEBUG (BaseJdbcLogger.java:143)- <====      Total: 1
2019-09-24 17:33:31,819 DEBUG (BaseJdbcLogger.java:143)- ====>  Preparing: select id, dong, floor, room, sex, number, rent,hasnumber from dormitory where id = ? 
2019-09-24 17:33:31,820 DEBUG (BaseJdbcLogger.java:143)- ====> Parameters: 483(Integer)
2019-09-24 17:33:31,822 DEBUG (BaseJdbcLogger.java:143)- <====      Total: 1
2019-09-24 17:33:31,827 DEBUG (BaseJdbcLogger.java:143)- <==      Total: 5
2019-09-24 17:33:31,828 DEBUG (BaseJdbcLogger.java:143)- ==>  Preparing: select student_status.id,student_status.basic_id, student_status.student_id, student_status.class_id from student_status,student_basic where student_status.basic_id=student_basic.id and student_basic.sex=? and student_status.class_id=? 
2019-09-24 17:33:31,828 DEBUG (BaseJdbcLogger.java:143)- ==> Parameters: 女(String), 130503201901(String)
2019-09-24 17:33:31,830 DEBUG (BaseJdbcLogger.java:143)- ====>  Preparing: select id, name, sex, birthday, phone, ID_number, email, parent_phone, adress, major, state from student_basic where id = ? 
2019-09-24 17:33:31,831 DEBUG (BaseJdbcLogger.java:143)- ====> Parameters: 26434(String)
2019-09-24 17:33:31,832 DEBUG (BaseJdbcLogger.java:143)- <====      Total: 1
2019-09-24 17:33:31,833 DEBUG (BaseJdbcLogger.java:143)- ====>  Preparing: select id, class_id, name, director, grade, major_id from class WHERE class_id = ? 
2019-09-24 17:33:31,834 DEBUG (BaseJdbcLogger.java:143)- ====> Parameters: 130503201901(String)
2019-09-24 17:33:31,835 DEBUG (BaseJdbcLogger.java:143)- ======>  Preparing: select id, major_id, name, price, department_id from major where major_id = ? 
2019-09-24 17:33:31,836 DEBUG (BaseJdbcLogger.java:143)- ======> Parameters: 130503(String)
2019-09-24 17:33:31,837 DEBUG (BaseJdbcLogger.java:143)- <======      Total: 1
2019-09-24 17:33:31,839 DEBUG (BaseJdbcLogger.java:143)- <====      Total: 1
2019-09-24 17:33:31,842 DEBUG (BaseJdbcLogger.java:143)- ====>  Preparing: select id, name, sex, birthday, phone, ID_number, email, parent_phone, adress, major, state from student_basic where id = ? 
2019-09-24 17:33:31,844 DEBUG (BaseJdbcLogger.java:143)- ====> Parameters: 26435(String)
2019-09-24 17:33:31,845 DEBUG (BaseJdbcLogger.java:143)- <====      Total: 1
2019-09-24 17:33:31,846 DEBUG (BaseJdbcLogger.java:143)- ====>  Preparing: select id, name, sex, birthday, phone, ID_number, email, parent_phone, adress, major, state from student_basic where id = ? 
2019-09-24 17:33:31,846 DEBUG (BaseJdbcLogger.java:143)- ====> Parameters: 26438(String)
2019-09-24 17:33:31,847 DEBUG (BaseJdbcLogger.java:143)- <====      Total: 1
2019-09-24 17:33:31,848 DEBUG (BaseJdbcLogger.java:143)- ====>  Preparing: select id, name, sex, birthday, phone, ID_number, email, parent_phone, adress, major, state from student_basic where id = ? 
2019-09-24 17:33:31,848 DEBUG (BaseJdbcLogger.java:143)- ====> Parameters: 26439(String)
2019-09-24 17:33:31,849 DEBUG (BaseJdbcLogger.java:143)- <====      Total: 1
2019-09-24 17:33:31,850 DEBUG (BaseJdbcLogger.java:143)- ====>  Preparing: select id, name, sex, birthday, phone, ID_number, email, parent_phone, adress, major, state from student_basic where id = ? 
2019-09-24 17:33:31,850 DEBUG (BaseJdbcLogger.java:143)- ====> Parameters: 26440(String)
2019-09-24 17:33:31,851 DEBUG (BaseJdbcLogger.java:143)- <====      Total: 1
2019-09-24 17:33:31,852 DEBUG (BaseJdbcLogger.java:143)- ====>  Preparing: select id, name, sex, birthday, phone, ID_number, email, parent_phone, adress, major, state from student_basic where id = ? 
2019-09-24 17:33:31,853 DEBUG (BaseJdbcLogger.java:143)- ====> Parameters: 26444(String)
2019-09-24 17:33:31,854 DEBUG (BaseJdbcLogger.java:143)- <====      Total: 1
2019-09-24 17:33:31,856 DEBUG (BaseJdbcLogger.java:143)- ====>  Preparing: select id, name, sex, birthday, phone, ID_number, email, parent_phone, adress, major, state from student_basic where id = ? 
2019-09-24 17:33:31,858 DEBUG (BaseJdbcLogger.java:143)- ====> Parameters: 26446(String)
2019-09-24 17:33:31,861 DEBUG (BaseJdbcLogger.java:143)- <====      Total: 1
2019-09-24 17:33:31,862 DEBUG (BaseJdbcLogger.java:143)- ====>  Preparing: select id, name, sex, birthday, phone, ID_number, email, parent_phone, adress, major, state from student_basic where id = ? 
2019-09-24 17:33:31,862 DEBUG (BaseJdbcLogger.java:143)- ====> Parameters: 26447(String)
2019-09-24 17:33:31,863 DEBUG (BaseJdbcLogger.java:143)- <====      Total: 1
2019-09-24 17:33:31,864 DEBUG (BaseJdbcLogger.java:143)- ====>  Preparing: select id, name, sex, birthday, phone, ID_number, email, parent_phone, adress, major, state from student_basic where id = ? 
2019-09-24 17:33:31,865 DEBUG (BaseJdbcLogger.java:143)- ====> Parameters: 26448(String)
2019-09-24 17:33:31,866 DEBUG (BaseJdbcLogger.java:143)- <====      Total: 1
2019-09-24 17:33:31,866 DEBUG (BaseJdbcLogger.java:143)- ====>  Preparing: select id, name, sex, birthday, phone, ID_number, email, parent_phone, adress, major, state from student_basic where id = ? 
2019-09-24 17:33:31,867 DEBUG (BaseJdbcLogger.java:143)- ====> Parameters: 26453(String)
2019-09-24 17:33:31,868 DEBUG (BaseJdbcLogger.java:143)- <====      Total: 1
2019-09-24 17:33:31,869 DEBUG (BaseJdbcLogger.java:143)- ====>  Preparing: select id, name, sex, birthday, phone, ID_number, email, parent_phone, adress, major, state from student_basic where id = ? 
2019-09-24 17:33:31,870 DEBUG (BaseJdbcLogger.java:143)- ====> Parameters: 26455(String)
2019-09-24 17:33:31,872 DEBUG (BaseJdbcLogger.java:143)- <====      Total: 1
2019-09-24 17:33:31,875 DEBUG (BaseJdbcLogger.java:143)- ====>  Preparing: select id, name, sex, birthday, phone, ID_number, email, parent_phone, adress, major, state from student_basic where id = ? 
2019-09-24 17:33:31,877 DEBUG (BaseJdbcLogger.java:143)- ====> Parameters: 26469(String)
2019-09-24 17:33:31,878 DEBUG (BaseJdbcLogger.java:143)- <====      Total: 1
2019-09-24 17:33:31,879 DEBUG (BaseJdbcLogger.java:143)- ====>  Preparing: select id, name, sex, birthday, phone, ID_number, email, parent_phone, adress, major, state from student_basic where id = ? 
2019-09-24 17:33:31,880 DEBUG (BaseJdbcLogger.java:143)- ====> Parameters: 26470(String)
2019-09-24 17:33:31,881 DEBUG (BaseJdbcLogger.java:143)- <====      Total: 1
2019-09-24 17:33:31,882 DEBUG (BaseJdbcLogger.java:143)- ====>  Preparing: select id, name, sex, birthday, phone, ID_number, email, parent_phone, adress, major, state from student_basic where id = ? 
2019-09-24 17:33:31,882 DEBUG (BaseJdbcLogger.java:143)- ====> Parameters: 26472(String)
2019-09-24 17:33:31,883 DEBUG (BaseJdbcLogger.java:143)- <====      Total: 1
2019-09-24 17:33:31,884 DEBUG (BaseJdbcLogger.java:143)- ====>  Preparing: select id, name, sex, birthday, phone, ID_number, email, parent_phone, adress, major, state from student_basic where id = ? 
2019-09-24 17:33:31,884 DEBUG (BaseJdbcLogger.java:143)- ====> Parameters: 26473(String)
2019-09-24 17:33:31,885 DEBUG (BaseJdbcLogger.java:143)- <====      Total: 1
2019-09-24 17:33:31,886 DEBUG (BaseJdbcLogger.java:143)- ====>  Preparing: select id, name, sex, birthday, phone, ID_number, email, parent_phone, adress, major, state from student_basic where id = ? 
2019-09-24 17:33:31,887 DEBUG (BaseJdbcLogger.java:143)- ====> Parameters: 26479(String)
2019-09-24 17:33:31,890 DEBUG (BaseJdbcLogger.java:143)- <====      Total: 1
2019-09-24 17:33:31,895 DEBUG (BaseJdbcLogger.java:143)- ====>  Preparing: select id, name, sex, birthday, phone, ID_number, email, parent_phone, adress, major, state from student_basic where id = ? 
2019-09-24 17:33:31,896 DEBUG (BaseJdbcLogger.java:143)- ====> Parameters: 26480(String)
2019-09-24 17:33:31,897 DEBUG (BaseJdbcLogger.java:143)- <====      Total: 1
2019-09-24 17:33:31,898 DEBUG (BaseJdbcLogger.java:143)- ====>  Preparing: select id, name, sex, birthday, phone, ID_number, email, parent_phone, adress, major, state from student_basic where id = ? 
2019-09-24 17:33:31,898 DEBUG (BaseJdbcLogger.java:143)- ====> Parameters: 26481(String)
2019-09-24 17:33:31,900 DEBUG (BaseJdbcLogger.java:143)- <====      Total: 1
2019-09-24 17:33:31,901 DEBUG (BaseJdbcLogger.java:143)- ====>  Preparing: select id, name, sex, birthday, phone, ID_number, email, parent_phone, adress, major, state from student_basic where id = ? 
2019-09-24 17:33:31,901 DEBUG (BaseJdbcLogger.java:143)- ====> Parameters: 26482(String)
2019-09-24 17:33:31,903 DEBUG (BaseJdbcLogger.java:143)- <====      Total: 1
2019-09-24 17:33:31,903 DEBUG (BaseJdbcLogger.java:143)- ====>  Preparing: select id, name, sex, birthday, phone, ID_number, email, parent_phone, adress, major, state from student_basic where id = ? 
2019-09-24 17:33:31,904 DEBUG (BaseJdbcLogger.java:143)- ====> Parameters: 26483(String)
2019-09-24 17:33:31,908 DEBUG (BaseJdbcLogger.java:143)- <====      Total: 1
2019-09-24 17:33:31,911 DEBUG (BaseJdbcLogger.java:143)- <==      Total: 20
2019-09-24 17:33:31,912 DEBUG (BaseJdbcLogger.java:143)- ==>  Preparing: select dormitory_allocation.id, dormitory_allocation.class_id, dormitory_allocation.dormitory_id,dormitory_allocation.number from dormitory_allocation,dormitory WHERE dormitory_allocation.dormitory_id=dormitory.id and dormitory.sex=? and class_id = ? 
2019-09-24 17:33:31,913 DEBUG (BaseJdbcLogger.java:143)- ==> Parameters: 女(String), 130503201901(String)
2019-09-24 17:33:31,914 DEBUG (BaseJdbcLogger.java:143)- ====>  Preparing: select id, dong, floor, room, sex, number, rent,hasnumber from dormitory where id = ? 
2019-09-24 17:33:31,915 DEBUG (BaseJdbcLogger.java:143)- ====> Parameters: 484(Integer)
2019-09-24 17:33:31,916 DEBUG (BaseJdbcLogger.java:143)- <====      Total: 1
2019-09-24 17:33:31,917 DEBUG (BaseJdbcLogger.java:143)- ====>  Preparing: select id, dong, floor, room, sex, number, rent,hasnumber from dormitory where id = ? 
2019-09-24 17:33:31,917 DEBUG (BaseJdbcLogger.java:143)- ====> Parameters: 485(Integer)
2019-09-24 17:33:31,918 DEBUG (BaseJdbcLogger.java:143)- <====      Total: 1
2019-09-24 17:33:31,919 DEBUG (BaseJdbcLogger.java:143)- ====>  Preparing: select id, dong, floor, room, sex, number, rent,hasnumber from dormitory where id = ? 
2019-09-24 17:33:31,920 DEBUG (BaseJdbcLogger.java:143)- ====> Parameters: 486(Integer)
2019-09-24 17:33:31,921 DEBUG (BaseJdbcLogger.java:143)- <====      Total: 1
2019-09-24 17:33:31,923 DEBUG (BaseJdbcLogger.java:143)- ====>  Preparing: select id, dong, floor, room, sex, number, rent,hasnumber from dormitory where id = ? 
2019-09-24 17:33:31,927 DEBUG (BaseJdbcLogger.java:143)- ====> Parameters: 487(Integer)
2019-09-24 17:33:31,929 DEBUG (BaseJdbcLogger.java:143)- <====      Total: 1
2019-09-24 17:33:31,929 DEBUG (BaseJdbcLogger.java:143)- <==      Total: 4
2019-09-24 17:33:31,930 DEBUG (BaseJdbcLogger.java:143)- ==>  Preparing: select student_status.id,student_status.basic_id, student_status.student_id, student_status.class_id from student_status,student_basic where student_status.basic_id=student_basic.id and student_basic.sex=? and student_status.class_id=? 
2019-09-24 17:33:31,930 DEBUG (BaseJdbcLogger.java:143)- ==> Parameters: 女(String), 130503201902(String)
2019-09-24 17:33:31,932 DEBUG (BaseJdbcLogger.java:143)- ====>  Preparing: select id, name, sex, birthday, phone, ID_number, email, parent_phone, adress, major, state from student_basic where id = ? 
2019-09-24 17:33:31,932 DEBUG (BaseJdbcLogger.java:143)- ====> Parameters: 26484(String)
2019-09-24 17:33:31,933 DEBUG (BaseJdbcLogger.java:143)- <====      Total: 1
2019-09-24 17:33:31,934 DEBUG (BaseJdbcLogger.java:143)- ====>  Preparing: select id, class_id, name, director, grade, major_id from class WHERE class_id = ? 
2019-09-24 17:33:31,934 DEBUG (BaseJdbcLogger.java:143)- ====> Parameters: 130503201902(String)
2019-09-24 17:33:31,936 DEBUG (BaseJdbcLogger.java:143)- ======>  Preparing: select id, major_id, name, price, department_id from major where major_id = ? 
2019-09-24 17:33:31,936 DEBUG (BaseJdbcLogger.java:143)- ======> Parameters: 130503(String)
2019-09-24 17:33:31,939 DEBUG (BaseJdbcLogger.java:143)- <======      Total: 1
2019-09-24 17:33:31,942 DEBUG (BaseJdbcLogger.java:143)- <====      Total: 1
2019-09-24 17:33:31,944 DEBUG (BaseJdbcLogger.java:143)- ====>  Preparing: select id, name, sex, birthday, phone, ID_number, email, parent_phone, adress, major, state from student_basic where id = ? 
2019-09-24 17:33:31,945 DEBUG (BaseJdbcLogger.java:143)- ====> Parameters: 26487(String)
2019-09-24 17:33:31,946 DEBUG (BaseJdbcLogger.java:143)- <====      Total: 1
2019-09-24 17:33:31,947 DEBUG (BaseJdbcLogger.java:143)- ====>  Preparing: select id, name, sex, birthday, phone, ID_number, email, parent_phone, adress, major, state from student_basic where id = ? 
2019-09-24 17:33:31,948 DEBUG (BaseJdbcLogger.java:143)- ====> Parameters: 26489(String)
2019-09-24 17:33:31,949 DEBUG (BaseJdbcLogger.java:143)- <====      Total: 1
2019-09-24 17:33:31,950 DEBUG (BaseJdbcLogger.java:143)- ====>  Preparing: select id, name, sex, birthday, phone, ID_number, email, parent_phone, adress, major, state from student_basic where id = ? 
2019-09-24 17:33:31,951 DEBUG (BaseJdbcLogger.java:143)- ====> Parameters: 26493(String)
2019-09-24 17:33:31,952 DEBUG (BaseJdbcLogger.java:143)- <====      Total: 1
2019-09-24 17:33:31,952 DEBUG (BaseJdbcLogger.java:143)- ====>  Preparing: select id, name, sex, birthday, phone, ID_number, email, parent_phone, adress, major, state from student_basic where id = ? 
2019-09-24 17:33:31,953 DEBUG (BaseJdbcLogger.java:143)- ====> Parameters: 26494(String)
2019-09-24 17:33:31,955 DEBUG (BaseJdbcLogger.java:143)- <====      Total: 1
2019-09-24 17:33:31,959 DEBUG (BaseJdbcLogger.java:143)- ====>  Preparing: select id, name, sex, birthday, phone, ID_number, email, parent_phone, adress, major, state from student_basic where id = ? 
2019-09-24 17:33:31,961 DEBUG (BaseJdbcLogger.java:143)- ====> Parameters: 26495(String)
2019-09-24 17:33:31,963 DEBUG (BaseJdbcLogger.java:143)- <====      Total: 1
2019-09-24 17:33:31,964 DEBUG (BaseJdbcLogger.java:143)- ====>  Preparing: select id, name, sex, birthday, phone, ID_number, email, parent_phone, adress, major, state from student_basic where id = ? 
2019-09-24 17:33:31,964 DEBUG (BaseJdbcLogger.java:143)- ====> Parameters: 26498(String)
2019-09-24 17:33:31,965 DEBUG (BaseJdbcLogger.java:143)- <====      Total: 1
2019-09-24 17:33:31,966 DEBUG (BaseJdbcLogger.java:143)- ====>  Preparing: select id, name, sex, birthday, phone, ID_number, email, parent_phone, adress, major, state from student_basic where id = ? 
2019-09-24 17:33:31,966 DEBUG (BaseJdbcLogger.java:143)- ====> Parameters: 26499(String)
2019-09-24 17:33:31,968 DEBUG (BaseJdbcLogger.java:143)- <====      Total: 1
2019-09-24 17:33:31,969 DEBUG (BaseJdbcLogger.java:143)- ====>  Preparing: select id, name, sex, birthday, phone, ID_number, email, parent_phone, adress, major, state from student_basic where id = ? 
2019-09-24 17:33:31,969 DEBUG (BaseJdbcLogger.java:143)- ====> Parameters: 26505(String)
2019-09-24 17:33:31,973 DEBUG (BaseJdbcLogger.java:143)- <====      Total: 1
2019-09-24 17:33:31,976 DEBUG (BaseJdbcLogger.java:143)- ====>  Preparing: select id, name, sex, birthday, phone, ID_number, email, parent_phone, adress, major, state from student_basic where id = ? 
2019-09-24 17:33:31,977 DEBUG (BaseJdbcLogger.java:143)- ====> Parameters: 26506(String)
2019-09-24 17:33:31,979 DEBUG (BaseJdbcLogger.java:143)- <====      Total: 1
2019-09-24 17:33:31,979 DEBUG (BaseJdbcLogger.java:143)- ====>  Preparing: select id, name, sex, birthday, phone, ID_number, email, parent_phone, adress, major, state from student_basic where id = ? 
2019-09-24 17:33:31,980 DEBUG (BaseJdbcLogger.java:143)- ====> Parameters: 26511(String)
2019-09-24 17:33:31,982 DEBUG (BaseJdbcLogger.java:143)- <====      Total: 1
2019-09-24 17:33:31,982 DEBUG (BaseJdbcLogger.java:143)- ====>  Preparing: select id, name, sex, birthday, phone, ID_number, email, parent_phone, adress, major, state from student_basic where id = ? 
2019-09-24 17:33:31,983 DEBUG (BaseJdbcLogger.java:143)- ====> Parameters: 26513(String)
2019-09-24 17:33:31,984 DEBUG (BaseJdbcLogger.java:143)- <====      Total: 1
2019-09-24 17:33:31,985 DEBUG (BaseJdbcLogger.java:143)- ====>  Preparing: select id, name, sex, birthday, phone, ID_number, email, parent_phone, adress, major, state from student_basic where id = ? 
2019-09-24 17:33:31,986 DEBUG (BaseJdbcLogger.java:143)- ====> Parameters: 26514(String)
2019-09-24 17:33:31,990 DEBUG (BaseJdbcLogger.java:143)- <====      Total: 1
2019-09-24 17:33:31,992 DEBUG (BaseJdbcLogger.java:143)- ====>  Preparing: select id, name, sex, birthday, phone, ID_number, email, parent_phone, adress, major, state from student_basic where id = ? 
2019-09-24 17:33:31,994 DEBUG (BaseJdbcLogger.java:143)- ====> Parameters: 26516(String)
2019-09-24 17:33:31,995 DEBUG (BaseJdbcLogger.java:143)- <====      Total: 1
2019-09-24 17:33:31,996 DEBUG (BaseJdbcLogger.java:143)- ====>  Preparing: select id, name, sex, birthday, phone, ID_number, email, parent_phone, adress, major, state from student_basic where id = ? 
2019-09-24 17:33:31,996 DEBUG (BaseJdbcLogger.java:143)- ====> Parameters: 26517(String)
2019-09-24 17:33:31,998 DEBUG (BaseJdbcLogger.java:143)- <====      Total: 1
2019-09-24 17:33:31,999 DEBUG (BaseJdbcLogger.java:143)- ====>  Preparing: select id, name, sex, birthday, phone, ID_number, email, parent_phone, adress, major, state from student_basic where id = ? 
2019-09-24 17:33:31,999 DEBUG (BaseJdbcLogger.java:143)- ====> Parameters: 26522(String)
2019-09-24 17:33:32,001 DEBUG (BaseJdbcLogger.java:143)- <====      Total: 1
2019-09-24 17:33:32,001 DEBUG (BaseJdbcLogger.java:143)- ====>  Preparing: select id, name, sex, birthday, phone, ID_number, email, parent_phone, adress, major, state from student_basic where id = ? 
2019-09-24 17:33:32,002 DEBUG (BaseJdbcLogger.java:143)- ====> Parameters: 26523(String)
2019-09-24 17:33:32,003 DEBUG (BaseJdbcLogger.java:143)- <====      Total: 1
2019-09-24 17:33:32,006 DEBUG (BaseJdbcLogger.java:143)- ====>  Preparing: select id, name, sex, birthday, phone, ID_number, email, parent_phone, adress, major, state from student_basic where id = ? 
2019-09-24 17:33:32,010 DEBUG (BaseJdbcLogger.java:143)- ====> Parameters: 26528(String)
2019-09-24 17:33:32,011 DEBUG (BaseJdbcLogger.java:143)- <====      Total: 1
2019-09-24 17:33:32,012 DEBUG (BaseJdbcLogger.java:143)- ====>  Preparing: select id, name, sex, birthday, phone, ID_number, email, parent_phone, adress, major, state from student_basic where id = ? 
2019-09-24 17:33:32,013 DEBUG (BaseJdbcLogger.java:143)- ====> Parameters: 26529(String)
2019-09-24 17:33:32,014 DEBUG (BaseJdbcLogger.java:143)- <====      Total: 1
2019-09-24 17:33:32,015 DEBUG (BaseJdbcLogger.java:143)- ====>  Preparing: select id, name, sex, birthday, phone, ID_number, email, parent_phone, adress, major, state from student_basic where id = ? 
2019-09-24 17:33:32,016 DEBUG (BaseJdbcLogger.java:143)- ====> Parameters: 26530(String)
2019-09-24 17:33:32,017 DEBUG (BaseJdbcLogger.java:143)- <====      Total: 1
2019-09-24 17:33:32,017 DEBUG (BaseJdbcLogger.java:143)- <==      Total: 20
2019-09-24 17:33:32,018 DEBUG (BaseJdbcLogger.java:143)- ==>  Preparing: select dormitory_allocation.id, dormitory_allocation.class_id, dormitory_allocation.dormitory_id,dormitory_allocation.number from dormitory_allocation,dormitory WHERE dormitory_allocation.dormitory_id=dormitory.id and dormitory.sex=? and class_id = ? 
2019-09-24 17:33:32,018 DEBUG (BaseJdbcLogger.java:143)- ==> Parameters: 女(String), 130503201902(String)
2019-09-24 17:33:32,019 DEBUG (BaseJdbcLogger.java:143)- ====>  Preparing: select id, dong, floor, room, sex, number, rent,hasnumber from dormitory where id = ? 
2019-09-24 17:33:32,021 DEBUG (BaseJdbcLogger.java:143)- ====> Parameters: 488(Integer)
2019-09-24 17:33:32,025 DEBUG (BaseJdbcLogger.java:143)- <====      Total: 1
2019-09-24 17:33:32,027 DEBUG (BaseJdbcLogger.java:143)- ====>  Preparing: select id, dong, floor, room, sex, number, rent,hasnumber from dormitory where id = ? 
2019-09-24 17:33:32,028 DEBUG (BaseJdbcLogger.java:143)- ====> Parameters: 489(Integer)
2019-09-24 17:33:32,029 DEBUG (BaseJdbcLogger.java:143)- <====      Total: 1
2019-09-24 17:33:32,029 DEBUG (BaseJdbcLogger.java:143)- ====>  Preparing: select id, dong, floor, room, sex, number, rent,hasnumber from dormitory where id = ? 
2019-09-24 17:33:32,030 DEBUG (BaseJdbcLogger.java:143)- ====> Parameters: 490(Integer)
2019-09-24 17:33:32,031 DEBUG (BaseJdbcLogger.java:143)- <====      Total: 1
2019-09-24 17:33:32,032 DEBUG (BaseJdbcLogger.java:143)- ====>  Preparing: select id, dong, floor, room, sex, number, rent,hasnumber from dormitory where id = ? 
2019-09-24 17:33:32,033 DEBUG (BaseJdbcLogger.java:143)- ====> Parameters: 491(Integer)
2019-09-24 17:33:32,034 DEBUG (BaseJdbcLogger.java:143)- <====      Total: 1
2019-09-24 17:33:32,035 DEBUG (BaseJdbcLogger.java:143)- <==      Total: 4
2019-09-24 17:33:32,036 DEBUG (BaseJdbcLogger.java:143)- ==>  Preparing: select student_status.id,student_status.basic_id, student_status.student_id, student_status.class_id from student_status,student_basic where student_status.basic_id=student_basic.id and student_basic.sex=? and student_status.class_id=? 
2019-09-24 17:33:32,037 DEBUG (BaseJdbcLogger.java:143)- ==> Parameters: 女(String), 130503201903(String)
2019-09-24 17:33:32,043 DEBUG (BaseJdbcLogger.java:143)- ====>  Preparing: select id, name, sex, birthday, phone, ID_number, email, parent_phone, adress, major, state from student_basic where id = ? 
2019-09-24 17:33:32,044 DEBUG (BaseJdbcLogger.java:143)- ====> Parameters: 26531(String)
2019-09-24 17:33:32,046 DEBUG (BaseJdbcLogger.java:143)- <====      Total: 1
2019-09-24 17:33:32,046 DEBUG (BaseJdbcLogger.java:143)- ====>  Preparing: select id, class_id, name, director, grade, major_id from class WHERE class_id = ? 
2019-09-24 17:33:32,047 DEBUG (BaseJdbcLogger.java:143)- ====> Parameters: 130503201903(String)
2019-09-24 17:33:32,049 DEBUG (BaseJdbcLogger.java:143)- ======>  Preparing: select id, major_id, name, price, department_id from major where major_id = ? 
2019-09-24 17:33:32,049 DEBUG (BaseJdbcLogger.java:143)- ======> Parameters: 130503(String)
2019-09-24 17:33:32,050 DEBUG (BaseJdbcLogger.java:143)- <======      Total: 1
2019-09-24 17:33:32,051 DEBUG (BaseJdbcLogger.java:143)- <====      Total: 1
2019-09-24 17:33:32,052 DEBUG (BaseJdbcLogger.java:143)- ====>  Preparing: select id, name, sex, birthday, phone, ID_number, email, parent_phone, adress, major, state from student_basic where id = ? 
2019-09-24 17:33:32,052 DEBUG (BaseJdbcLogger.java:143)- ====> Parameters: 26533(String)
2019-09-24 17:33:32,055 DEBUG (BaseJdbcLogger.java:143)- <====      Total: 1
2019-09-24 17:33:32,057 DEBUG (BaseJdbcLogger.java:143)- ====>  Preparing: select id, name, sex, birthday, phone, ID_number, email, parent_phone, adress, major, state from student_basic where id = ? 
2019-09-24 17:33:32,060 DEBUG (BaseJdbcLogger.java:143)- ====> Parameters: 26534(String)
2019-09-24 17:33:32,061 DEBUG (BaseJdbcLogger.java:143)- <====      Total: 1
2019-09-24 17:33:32,062 DEBUG (BaseJdbcLogger.java:143)- ====>  Preparing: select id, name, sex, birthday, phone, ID_number, email, parent_phone, adress, major, state from student_basic where id = ? 
2019-09-24 17:33:32,062 DEBUG (BaseJdbcLogger.java:143)- ====> Parameters: 26535(String)
2019-09-24 17:33:32,063 DEBUG (BaseJdbcLogger.java:143)- <====      Total: 1
2019-09-24 17:33:32,064 DEBUG (BaseJdbcLogger.java:143)- ====>  Preparing: select id, name, sex, birthday, phone, ID_number, email, parent_phone, adress, major, state from student_basic where id = ? 
2019-09-24 17:33:32,065 DEBUG (BaseJdbcLogger.java:143)- ====> Parameters: 26537(String)
2019-09-24 17:33:32,066 DEBUG (BaseJdbcLogger.java:143)- <====      Total: 1
2019-09-24 17:33:32,067 DEBUG (BaseJdbcLogger.java:143)- ====>  Preparing: select id, name, sex, birthday, phone, ID_number, email, parent_phone, adress, major, state from student_basic where id = ? 
2019-09-24 17:33:32,068 DEBUG (BaseJdbcLogger.java:143)- ====> Parameters: 26538(String)
2019-09-24 17:33:32,069 DEBUG (BaseJdbcLogger.java:143)- <====      Total: 1
2019-09-24 17:33:32,069 DEBUG (BaseJdbcLogger.java:143)- ====>  Preparing: select id, name, sex, birthday, phone, ID_number, email, parent_phone, adress, major, state from student_basic where id = ? 
2019-09-24 17:33:32,070 DEBUG (BaseJdbcLogger.java:143)- ====> Parameters: 26539(String)
2019-09-24 17:33:32,074 DEBUG (BaseJdbcLogger.java:143)- <====      Total: 1
2019-09-24 17:33:32,076 DEBUG (BaseJdbcLogger.java:143)- ====>  Preparing: select id, name, sex, birthday, phone, ID_number, email, parent_phone, adress, major, state from student_basic where id = ? 
2019-09-24 17:33:32,077 DEBUG (BaseJdbcLogger.java:143)- ====> Parameters: 26540(String)
2019-09-24 17:33:32,078 DEBUG (BaseJdbcLogger.java:143)- <====      Total: 1
2019-09-24 17:33:32,079 DEBUG (BaseJdbcLogger.java:143)- ====>  Preparing: select id, name, sex, birthday, phone, ID_number, email, parent_phone, adress, major, state from student_basic where id = ? 
2019-09-24 17:33:32,079 DEBUG (BaseJdbcLogger.java:143)- ====> Parameters: 26550(String)
2019-09-24 17:33:32,080 DEBUG (BaseJdbcLogger.java:143)- <====      Total: 1
2019-09-24 17:33:32,081 DEBUG (BaseJdbcLogger.java:143)- ====>  Preparing: select id, name, sex, birthday, phone, ID_number, email, parent_phone, adress, major, state from student_basic where id = ? 
2019-09-24 17:33:32,082 DEBUG (BaseJdbcLogger.java:143)- ====> Parameters: 26551(String)
2019-09-24 17:33:32,083 DEBUG (BaseJdbcLogger.java:143)- <====      Total: 1
2019-09-24 17:33:32,084 DEBUG (BaseJdbcLogger.java:143)- ====>  Preparing: select id, name, sex, birthday, phone, ID_number, email, parent_phone, adress, major, state from student_basic where id = ? 
2019-09-24 17:33:32,084 DEBUG (BaseJdbcLogger.java:143)- ====> Parameters: 26556(String)
2019-09-24 17:33:32,085 DEBUG (BaseJdbcLogger.java:143)- <====      Total: 1
2019-09-24 17:33:32,086 DEBUG (BaseJdbcLogger.java:143)- ====>  Preparing: select id, name, sex, birthday, phone, ID_number, email, parent_phone, adress, major, state from student_basic where id = ? 
2019-09-24 17:33:32,086 DEBUG (BaseJdbcLogger.java:143)- ====> Parameters: 26557(String)
2019-09-24 17:33:32,089 DEBUG (BaseJdbcLogger.java:143)- <====      Total: 1
2019-09-24 17:33:32,090 DEBUG (BaseJdbcLogger.java:143)- ====>  Preparing: select id, name, sex, birthday, phone, ID_number, email, parent_phone, adress, major, state from student_basic where id = ? 
2019-09-24 17:33:32,091 DEBUG (BaseJdbcLogger.java:143)- ====> Parameters: 26560(String)
2019-09-24 17:33:32,092 DEBUG (BaseJdbcLogger.java:143)- <====      Total: 1
2019-09-24 17:33:32,093 DEBUG (BaseJdbcLogger.java:143)- ====>  Preparing: select id, name, sex, birthday, phone, ID_number, email, parent_phone, adress, major, state from student_basic where id = ? 
2019-09-24 17:33:32,093 DEBUG (BaseJdbcLogger.java:143)- ====> Parameters: 26563(String)
2019-09-24 17:33:32,094 DEBUG (BaseJdbcLogger.java:143)- <====      Total: 1
2019-09-24 17:33:32,095 DEBUG (BaseJdbcLogger.java:143)- ====>  Preparing: select id, name, sex, birthday, phone, ID_number, email, parent_phone, adress, major, state from student_basic where id = ? 
2019-09-24 17:33:32,095 DEBUG (BaseJdbcLogger.java:143)- ====> Parameters: 26570(String)
2019-09-24 17:33:32,096 DEBUG (BaseJdbcLogger.java:143)- <====      Total: 1
2019-09-24 17:33:32,097 DEBUG (BaseJdbcLogger.java:143)- ====>  Preparing: select id, name, sex, birthday, phone, ID_number, email, parent_phone, adress, major, state from student_basic where id = ? 
2019-09-24 17:33:32,097 DEBUG (BaseJdbcLogger.java:143)- ====> Parameters: 26571(String)
2019-09-24 17:33:32,099 DEBUG (BaseJdbcLogger.java:143)- <====      Total: 1
2019-09-24 17:33:32,099 DEBUG (BaseJdbcLogger.java:143)- ====>  Preparing: select id, name, sex, birthday, phone, ID_number, email, parent_phone, adress, major, state from student_basic where id = ? 
2019-09-24 17:33:32,099 DEBUG (BaseJdbcLogger.java:143)- ====> Parameters: 26572(String)
2019-09-24 17:33:32,100 DEBUG (BaseJdbcLogger.java:143)- <====      Total: 1
2019-09-24 17:33:32,101 DEBUG (BaseJdbcLogger.java:143)- ====>  Preparing: select id, name, sex, birthday, phone, ID_number, email, parent_phone, adress, major, state from student_basic where id = ? 
2019-09-24 17:33:32,101 DEBUG (BaseJdbcLogger.java:143)- ====> Parameters: 26574(String)
2019-09-24 17:33:32,102 DEBUG (BaseJdbcLogger.java:143)- <====      Total: 1
2019-09-24 17:33:32,103 DEBUG (BaseJdbcLogger.java:143)- ====>  Preparing: select id, name, sex, birthday, phone, ID_number, email, parent_phone, adress, major, state from student_basic where id = ? 
2019-09-24 17:33:32,104 DEBUG (BaseJdbcLogger.java:143)- ====> Parameters: 26575(String)
2019-09-24 17:33:32,106 DEBUG (BaseJdbcLogger.java:143)- <====      Total: 1
2019-09-24 17:33:32,107 DEBUG (BaseJdbcLogger.java:143)- <==      Total: 19
2019-09-24 17:33:32,107 DEBUG (BaseJdbcLogger.java:143)- ==>  Preparing: select dormitory_allocation.id, dormitory_allocation.class_id, dormitory_allocation.dormitory_id,dormitory_allocation.number from dormitory_allocation,dormitory WHERE dormitory_allocation.dormitory_id=dormitory.id and dormitory.sex=? and class_id = ? 
2019-09-24 17:33:32,108 DEBUG (BaseJdbcLogger.java:143)- ==> Parameters: 女(String), 130503201903(String)
2019-09-24 17:33:32,109 DEBUG (BaseJdbcLogger.java:143)- ====>  Preparing: select id, dong, floor, room, sex, number, rent,hasnumber from dormitory where id = ? 
2019-09-24 17:33:32,110 DEBUG (BaseJdbcLogger.java:143)- ====> Parameters: 492(Integer)
2019-09-24 17:33:32,111 DEBUG (BaseJdbcLogger.java:143)- <====      Total: 1
2019-09-24 17:33:32,111 DEBUG (BaseJdbcLogger.java:143)- ====>  Preparing: select id, dong, floor, room, sex, number, rent,hasnumber from dormitory where id = ? 
2019-09-24 17:33:32,114 DEBUG (BaseJdbcLogger.java:143)- ====> Parameters: 493(Integer)
2019-09-24 17:33:32,115 DEBUG (BaseJdbcLogger.java:143)- <====      Total: 1
2019-09-24 17:33:32,116 DEBUG (BaseJdbcLogger.java:143)- ====>  Preparing: select id, dong, floor, room, sex, number, rent,hasnumber from dormitory where id = ? 
2019-09-24 17:33:32,116 DEBUG (BaseJdbcLogger.java:143)- ====> Parameters: 494(Integer)
2019-09-24 17:33:32,117 DEBUG (BaseJdbcLogger.java:143)- <====      Total: 1
2019-09-24 17:33:32,118 DEBUG (BaseJdbcLogger.java:143)- ====>  Preparing: select id, dong, floor, room, sex, number, rent,hasnumber from dormitory where id = ? 
2019-09-24 17:33:32,118 DEBUG (BaseJdbcLogger.java:143)- ====> Parameters: 495(Integer)
2019-09-24 17:33:32,119 DEBUG (BaseJdbcLogger.java:143)- <====      Total: 1
