2019-09-23 04:13:40,066 DEBUG (BaseJdbcLogger.java:143)- <====      Total: 1
2019-09-23 04:13:40,069 DEBUG (BaseJdbcLogger.java:143)- ====>  Preparing: select id, name, sex, birthday, phone, ID_number, email, parent_phone, adress, major, state from student_basic where id = ? 
2019-09-23 04:13:40,070 DEBUG (BaseJdbcLogger.java:143)- ====> Parameters: 23866(String)
2019-09-23 04:13:40,071 DEBUG (BaseJdbcLogger.java:143)- <====      Total: 1
2019-09-23 04:13:40,072 DEBUG (BaseJdbcLogger.java:143)- ====>  Preparing: select id, name, sex, birthday, phone, ID_number, email, parent_phone, adress, major, state from student_basic where id = ? 
2019-09-23 04:13:40,072 DEBUG (BaseJdbcLogger.java:143)- ====> Parameters: 23867(String)
2019-09-23 04:13:40,074 DEBUG (BaseJdbcLogger.java:143)- <====      Total: 1
2019-09-23 04:13:40,075 DEBUG (BaseJdbcLogger.java:143)- ====>  Preparing: select id, name, sex, birthday, phone, ID_number, email, parent_phone, adress, major, state from student_basic where id = ? 
2019-09-23 04:13:40,075 DEBUG (BaseJdbcLogger.java:143)- ====> Parameters: 23869(String)
2019-09-23 04:13:40,076 DEBUG (BaseJdbcLogger.java:143)- <====      Total: 1
2019-09-23 04:13:40,076 DEBUG (BaseJdbcLogger.java:143)- ====>  Preparing: select id, name, sex, birthday, phone, ID_number, email, parent_phone, adress, major, state from student_basic where id = ? 
2019-09-23 04:13:40,076 DEBUG (BaseJdbcLogger.java:143)- ====> Parameters: 23870(String)
2019-09-23 04:13:40,076 DEBUG (BaseJdbcLogger.java:143)- <====      Total: 1
2019-09-23 04:13:40,077 DEBUG (BaseJdbcLogger.java:143)- ====>  Preparing: select id, name, sex, birthday, phone, ID_number, email, parent_phone, adress, major, state from student_basic where id = ? 
2019-09-23 04:13:40,077 DEBUG (BaseJdbcLogger.java:143)- ====> Parameters: 23871(String)
2019-09-23 04:13:40,078 DEBUG (BaseJdbcLogger.java:143)- <====      Total: 1
2019-09-23 04:13:40,079 DEBUG (BaseJdbcLogger.java:143)- ====>  Preparing: select id, name, sex, birthday, phone, ID_number, email, parent_phone, adress, major, state from student_basic where id = ? 
2019-09-23 04:13:40,079 DEBUG (BaseJdbcLogger.java:143)- ====> Parameters: 23873(String)
2019-09-23 04:13:40,079 DEBUG (BaseJdbcLogger.java:143)- <====      Total: 1
2019-09-23 04:13:40,079 DEBUG (BaseJdbcLogger.java:143)- ====>  Preparing: select id, name, sex, birthday, phone, ID_number, email, parent_phone, adress, major, state from student_basic where id = ? 
2019-09-23 04:13:40,079 DEBUG (BaseJdbcLogger.java:143)- ====> Parameters: 23874(String)
2019-09-23 04:13:40,081 DEBUG (BaseJdbcLogger.java:143)- <====      Total: 1
2019-09-23 04:13:40,081 DEBUG (BaseJdbcLogger.java:143)- ====>  Preparing: select id, name, sex, birthday, phone, ID_number, email, parent_phone, adress, major, state from student_basic where id = ? 
2019-09-23 04:13:40,081 DEBUG (BaseJdbcLogger.java:143)- ====> Parameters: 23876(String)
2019-09-23 04:13:40,082 DEBUG (BaseJdbcLogger.java:143)- <====      Total: 1
2019-09-23 04:13:40,082 DEBUG (BaseJdbcLogger.java:143)- ====>  Preparing: select id, name, sex, birthday, phone, ID_number, email, parent_phone, adress, major, state from student_basic where id = ? 
2019-09-23 04:13:40,082 DEBUG (BaseJdbcLogger.java:143)- ====> Parameters: 23879(String)
2019-09-23 04:13:40,083 DEBUG (BaseJdbcLogger.java:143)- <====      Total: 1
2019-09-23 04:13:40,083 DEBUG (BaseJdbcLogger.java:143)- ====>  Preparing: select id, name, sex, birthday, phone, ID_number, email, parent_phone, adress, major, state from student_basic where id = ? 
2019-09-23 04:13:40,083 DEBUG (BaseJdbcLogger.java:143)- ====> Parameters: 23881(String)
2019-09-23 04:13:40,084 DEBUG (BaseJdbcLogger.java:143)- <====      Total: 1
2019-09-23 04:13:40,086 DEBUG (BaseJdbcLogger.java:143)- ====>  Preparing: select id, name, sex, birthday, phone, ID_number, email, parent_phone, adress, major, state from student_basic where id = ? 
2019-09-23 04:13:40,087 DEBUG (BaseJdbcLogger.java:143)- ====> Parameters: 23882(String)
2019-09-23 04:13:40,088 DEBUG (BaseJdbcLogger.java:143)- <====      Total: 1
2019-09-23 04:13:40,088 DEBUG (BaseJdbcLogger.java:143)- ====>  Preparing: select id, name, sex, birthday, phone, ID_number, email, parent_phone, adress, major, state from student_basic where id = ? 
2019-09-23 04:13:40,089 DEBUG (BaseJdbcLogger.java:143)- ====> Parameters: 23884(String)
2019-09-23 04:13:40,089 DEBUG (BaseJdbcLogger.java:143)- <====      Total: 1
2019-09-23 04:13:40,090 DEBUG (BaseJdbcLogger.java:143)- ====>  Preparing: select id, name, sex, birthday, phone, ID_number, email, parent_phone, adress, major, state from student_basic where id = ? 
2019-09-23 04:13:40,090 DEBUG (BaseJdbcLogger.java:143)- ====> Parameters: 23886(String)
2019-09-23 04:13:40,090 DEBUG (BaseJdbcLogger.java:143)- <====      Total: 1
2019-09-23 04:13:40,091 DEBUG (BaseJdbcLogger.java:143)- ====>  Preparing: select id, name, sex, birthday, phone, ID_number, email, parent_phone, adress, major, state from student_basic where id = ? 
2019-09-23 04:13:40,092 DEBUG (BaseJdbcLogger.java:143)- ====> Parameters: 23888(String)
2019-09-23 04:13:40,094 DEBUG (BaseJdbcLogger.java:143)- <====      Total: 1
2019-09-23 04:13:40,094 DEBUG (BaseJdbcLogger.java:143)- ====>  Preparing: select id, name, sex, birthday, phone, ID_number, email, parent_phone, adress, major, state from student_basic where id = ? 
2019-09-23 04:13:40,095 DEBUG (BaseJdbcLogger.java:143)- ====> Parameters: 23890(String)
2019-09-23 04:13:40,096 DEBUG (BaseJdbcLogger.java:143)- <====      Total: 1
2019-09-23 04:13:40,096 DEBUG (BaseJdbcLogger.java:143)- ====>  Preparing: select id, name, sex, birthday, phone, ID_number, email, parent_phone, adress, major, state from student_basic where id = ? 
2019-09-23 04:13:40,097 DEBUG (BaseJdbcLogger.java:143)- ====> Parameters: 23894(String)
2019-09-23 04:13:40,098 DEBUG (BaseJdbcLogger.java:143)- <====      Total: 1
2019-09-23 04:13:40,098 DEBUG (BaseJdbcLogger.java:143)- ====>  Preparing: select id, name, sex, birthday, phone, ID_number, email, parent_phone, adress, major, state from student_basic where id = ? 
2019-09-23 04:13:40,099 DEBUG (BaseJdbcLogger.java:143)- ====> Parameters: 23896(String)
2019-09-23 04:13:40,100 DEBUG (BaseJdbcLogger.java:143)- <====      Total: 1
2019-09-23 04:13:40,100 DEBUG (BaseJdbcLogger.java:143)- ====>  Preparing: select id, name, sex, birthday, phone, ID_number, email, parent_phone, adress, major, state from student_basic where id = ? 
2019-09-23 04:13:40,100 DEBUG (BaseJdbcLogger.java:143)- ====> Parameters: 23897(String)
2019-09-23 04:13:40,101 DEBUG (BaseJdbcLogger.java:143)- <====      Total: 1
2019-09-23 04:13:40,102 DEBUG (BaseJdbcLogger.java:143)- ====>  Preparing: select id, name, sex, birthday, phone, ID_number, email, parent_phone, adress, major, state from student_basic where id = ? 
2019-09-23 04:13:40,103 DEBUG (BaseJdbcLogger.java:143)- ====> Parameters: 23901(String)
2019-09-23 04:13:40,104 DEBUG (BaseJdbcLogger.java:143)- <====      Total: 1
2019-09-23 04:13:40,104 DEBUG (BaseJdbcLogger.java:143)- ====>  Preparing: select id, name, sex, birthday, phone, ID_number, email, parent_phone, adress, major, state from student_basic where id = ? 
2019-09-23 04:13:40,104 DEBUG (BaseJdbcLogger.java:143)- ====> Parameters: 23905(String)
2019-09-23 04:13:40,105 DEBUG (BaseJdbcLogger.java:143)- <====      Total: 1
2019-09-23 04:13:40,105 DEBUG (BaseJdbcLogger.java:143)- ====>  Preparing: select id, name, sex, birthday, phone, ID_number, email, parent_phone, adress, major, state from student_basic where id = ? 
2019-09-23 04:13:40,106 DEBUG (BaseJdbcLogger.java:143)- ====> Parameters: 23906(String)
2019-09-23 04:13:40,106 DEBUG (BaseJdbcLogger.java:143)- <====      Total: 1
2019-09-23 04:13:40,107 DEBUG (BaseJdbcLogger.java:143)- ====>  Preparing: select id, name, sex, birthday, phone, ID_number, email, parent_phone, adress, major, state from student_basic where id = ? 
2019-09-23 04:13:40,107 DEBUG (BaseJdbcLogger.java:143)- ====> Parameters: 23908(String)
2019-09-23 04:13:40,108 DEBUG (BaseJdbcLogger.java:143)- <====      Total: 1
2019-09-23 04:13:40,108 DEBUG (BaseJdbcLogger.java:143)- ====>  Preparing: select id, name, sex, birthday, phone, ID_number, email, parent_phone, adress, major, state from student_basic where id = ? 
2019-09-23 04:13:40,109 DEBUG (BaseJdbcLogger.java:143)- ====> Parameters: 23910(String)
2019-09-23 04:13:40,110 DEBUG (BaseJdbcLogger.java:143)- <====      Total: 1
2019-09-23 04:13:40,110 DEBUG (BaseJdbcLogger.java:143)- ====>  Preparing: select id, name, sex, birthday, phone, ID_number, email, parent_phone, adress, major, state from student_basic where id = ? 
2019-09-23 04:13:40,111 DEBUG (BaseJdbcLogger.java:143)- ====> Parameters: 23913(String)
2019-09-23 04:13:40,112 DEBUG (BaseJdbcLogger.java:143)- <====      Total: 1
2019-09-23 04:13:40,112 DEBUG (BaseJdbcLogger.java:143)- ====>  Preparing: select id, name, sex, birthday, phone, ID_number, email, parent_phone, adress, major, state from student_basic where id = ? 
2019-09-23 04:13:40,112 DEBUG (BaseJdbcLogger.java:143)- ====> Parameters: 23917(String)
2019-09-23 04:13:40,113 DEBUG (BaseJdbcLogger.java:143)- <====      Total: 1
2019-09-23 04:13:40,113 DEBUG (BaseJdbcLogger.java:143)- ====>  Preparing: select id, name, sex, birthday, phone, ID_number, email, parent_phone, adress, major, state from student_basic where id = ? 
2019-09-23 04:13:40,114 DEBUG (BaseJdbcLogger.java:143)- ====> Parameters: 23919(String)
2019-09-23 04:13:40,115 DEBUG (BaseJdbcLogger.java:143)- <====      Total: 1
2019-09-23 04:13:40,115 DEBUG (BaseJdbcLogger.java:143)- ====>  Preparing: select id, name, sex, birthday, phone, ID_number, email, parent_phone, adress, major, state from student_basic where id = ? 
2019-09-23 04:13:40,115 DEBUG (BaseJdbcLogger.java:143)- ====> Parameters: 23920(String)
2019-09-23 04:13:40,116 DEBUG (BaseJdbcLogger.java:143)- <====      Total: 1
2019-09-23 04:13:40,117 DEBUG (BaseJdbcLogger.java:143)- ====>  Preparing: select id, name, sex, birthday, phone, ID_number, email, parent_phone, adress, major, state from student_basic where id = ? 
2019-09-23 04:13:40,117 DEBUG (BaseJdbcLogger.java:143)- ====> Parameters: 23922(String)
2019-09-23 04:13:40,118 DEBUG (BaseJdbcLogger.java:143)- <====      Total: 1
2019-09-23 04:13:40,119 DEBUG (BaseJdbcLogger.java:143)- ====>  Preparing: select id, name, sex, birthday, phone, ID_number, email, parent_phone, adress, major, state from student_basic where id = ? 
2019-09-23 04:13:40,120 DEBUG (BaseJdbcLogger.java:143)- ====> Parameters: 23924(String)
2019-09-23 04:13:40,120 DEBUG (BaseJdbcLogger.java:143)- <====      Total: 1
2019-09-23 04:13:40,121 DEBUG (BaseJdbcLogger.java:143)- ====>  Preparing: select id, name, sex, birthday, phone, ID_number, email, parent_phone, adress, major, state from student_basic where id = ? 
2019-09-23 04:13:40,121 DEBUG (BaseJdbcLogger.java:143)- ====> Parameters: 23925(String)
2019-09-23 04:13:40,122 DEBUG (BaseJdbcLogger.java:143)- <====      Total: 1
2019-09-23 04:13:40,122 DEBUG (BaseJdbcLogger.java:143)- ====>  Preparing: select id, name, sex, birthday, phone, ID_number, email, parent_phone, adress, major, state from student_basic where id = ? 
2019-09-23 04:13:40,122 DEBUG (BaseJdbcLogger.java:143)- ====> Parameters: 23926(String)
2019-09-23 04:13:40,123 DEBUG (BaseJdbcLogger.java:143)- <====      Total: 1
2019-09-23 04:13:40,123 DEBUG (BaseJdbcLogger.java:143)- ====>  Preparing: select id, name, sex, birthday, phone, ID_number, email, parent_phone, adress, major, state from student_basic where id = ? 
2019-09-23 04:13:40,123 DEBUG (BaseJdbcLogger.java:143)- ====> Parameters: 23931(String)
2019-09-23 04:13:40,125 DEBUG (BaseJdbcLogger.java:143)- <====      Total: 1
2019-09-23 04:13:40,125 DEBUG (BaseJdbcLogger.java:143)- ====>  Preparing: select id, name, sex, birthday, phone, ID_number, email, parent_phone, adress, major, state from student_basic where id = ? 
2019-09-23 04:13:40,126 DEBUG (BaseJdbcLogger.java:143)- ====> Parameters: 23932(String)
2019-09-23 04:13:40,126 DEBUG (BaseJdbcLogger.java:143)- <====      Total: 1
2019-09-23 04:13:40,127 DEBUG (BaseJdbcLogger.java:143)- ====>  Preparing: select id, name, sex, birthday, phone, ID_number, email, parent_phone, adress, major, state from student_basic where id = ? 
2019-09-23 04:13:40,127 DEBUG (BaseJdbcLogger.java:143)- ====> Parameters: 23934(String)
2019-09-23 04:13:40,128 DEBUG (BaseJdbcLogger.java:143)- <====      Total: 1
2019-09-23 04:13:40,128 DEBUG (BaseJdbcLogger.java:143)- ====>  Preparing: select id, name, sex, birthday, phone, ID_number, email, parent_phone, adress, major, state from student_basic where id = ? 
2019-09-23 04:13:40,129 DEBUG (BaseJdbcLogger.java:143)- ====> Parameters: 23935(String)
2019-09-23 04:13:40,129 DEBUG (BaseJdbcLogger.java:143)- <====      Total: 1
2019-09-23 04:13:40,130 DEBUG (BaseJdbcLogger.java:143)- ====>  Preparing: select id, name, sex, birthday, phone, ID_number, email, parent_phone, adress, major, state from student_basic where id = ? 
2019-09-23 04:13:40,130 DEBUG (BaseJdbcLogger.java:143)- ====> Parameters: 23936(String)
2019-09-23 04:13:40,131 DEBUG (BaseJdbcLogger.java:143)- <====      Total: 1
2019-09-23 04:13:40,131 DEBUG (BaseJdbcLogger.java:143)- ====>  Preparing: select id, name, sex, birthday, phone, ID_number, email, parent_phone, adress, major, state from student_basic where id = ? 
2019-09-23 04:13:40,132 DEBUG (BaseJdbcLogger.java:143)- ====> Parameters: 23938(String)
2019-09-23 04:13:40,132 DEBUG (BaseJdbcLogger.java:143)- <====      Total: 1
2019-09-23 04:13:40,133 DEBUG (BaseJdbcLogger.java:143)- ====>  Preparing: select id, name, sex, birthday, phone, ID_number, email, parent_phone, adress, major, state from student_basic where id = ? 
2019-09-23 04:13:40,133 DEBUG (BaseJdbcLogger.java:143)- ====> Parameters: 23939(String)
2019-09-23 04:13:40,133 DEBUG (BaseJdbcLogger.java:143)- <====      Total: 1
2019-09-23 04:13:40,134 DEBUG (BaseJdbcLogger.java:143)- ====>  Preparing: select id, name, sex, birthday, phone, ID_number, email, parent_phone, adress, major, state from student_basic where id = ? 
2019-09-23 04:13:40,134 DEBUG (BaseJdbcLogger.java:143)- ====> Parameters: 23941(String)
2019-09-23 04:13:40,135 DEBUG (BaseJdbcLogger.java:143)- <====      Total: 1
2019-09-23 04:13:40,136 DEBUG (BaseJdbcLogger.java:143)- ====>  Preparing: select id, name, sex, birthday, phone, ID_number, email, parent_phone, adress, major, state from student_basic where id = ? 
2019-09-23 04:13:40,136 DEBUG (BaseJdbcLogger.java:143)- ====> Parameters: 23943(String)
2019-09-23 04:13:40,137 DEBUG (BaseJdbcLogger.java:143)- <====      Total: 1
2019-09-23 04:13:40,137 DEBUG (BaseJdbcLogger.java:143)- ====>  Preparing: select id, name, sex, birthday, phone, ID_number, email, parent_phone, adress, major, state from student_basic where id = ? 
2019-09-23 04:13:40,137 DEBUG (BaseJdbcLogger.java:143)- ====> Parameters: 23944(String)
2019-09-23 04:13:40,138 DEBUG (BaseJdbcLogger.java:143)- <====      Total: 1
2019-09-23 04:13:40,138 DEBUG (BaseJdbcLogger.java:143)- ====>  Preparing: select id, name, sex, birthday, phone, ID_number, email, parent_phone, adress, major, state from student_basic where id = ? 
2019-09-23 04:13:40,138 DEBUG (BaseJdbcLogger.java:143)- ====> Parameters: 23947(String)
2019-09-23 04:13:40,139 DEBUG (BaseJdbcLogger.java:143)- <====      Total: 1
2019-09-23 04:13:40,139 DEBUG (BaseJdbcLogger.java:143)- ====>  Preparing: select id, name, sex, birthday, phone, ID_number, email, parent_phone, adress, major, state from student_basic where id = ? 
2019-09-23 04:13:40,140 DEBUG (BaseJdbcLogger.java:143)- ====> Parameters: 23948(String)
2019-09-23 04:13:40,141 DEBUG (BaseJdbcLogger.java:143)- <====      Total: 1
2019-09-23 04:13:40,142 DEBUG (BaseJdbcLogger.java:143)- ====>  Preparing: select id, name, sex, birthday, phone, ID_number, email, parent_phone, adress, major, state from student_basic where id = ? 
2019-09-23 04:13:40,142 DEBUG (BaseJdbcLogger.java:143)- ====> Parameters: 23949(String)
2019-09-23 04:13:40,143 DEBUG (BaseJdbcLogger.java:143)- <====      Total: 1
2019-09-23 04:13:40,144 DEBUG (BaseJdbcLogger.java:143)- ====>  Preparing: select id, name, sex, birthday, phone, ID_number, email, parent_phone, adress, major, state from student_basic where id = ? 
2019-09-23 04:13:40,144 DEBUG (BaseJdbcLogger.java:143)- ====> Parameters: 23950(String)
2019-09-23 04:13:40,146 DEBUG (BaseJdbcLogger.java:143)- <====      Total: 1
2019-09-23 04:13:40,147 DEBUG (BaseJdbcLogger.java:143)- ====>  Preparing: select id, name, sex, birthday, phone, ID_number, email, parent_phone, adress, major, state from student_basic where id = ? 
2019-09-23 04:13:40,148 DEBUG (BaseJdbcLogger.java:143)- ====> Parameters: 23959(String)
2019-09-23 04:13:40,149 DEBUG (BaseJdbcLogger.java:143)- <====      Total: 1
2019-09-23 04:13:40,149 DEBUG (BaseJdbcLogger.java:143)- ====>  Preparing: select id, name, sex, birthday, phone, ID_number, email, parent_phone, adress, major, state from student_basic where id = ? 
2019-09-23 04:13:40,150 DEBUG (BaseJdbcLogger.java:143)- ====> Parameters: 23962(String)
2019-09-23 04:13:40,150 DEBUG (BaseJdbcLogger.java:143)- <====      Total: 1
2019-09-23 04:13:40,151 DEBUG (BaseJdbcLogger.java:143)- ====>  Preparing: select id, name, sex, birthday, phone, ID_number, email, parent_phone, adress, major, state from student_basic where id = ? 
2019-09-23 04:13:40,151 DEBUG (BaseJdbcLogger.java:143)- ====> Parameters: 23963(String)
2019-09-23 04:13:40,153 DEBUG (BaseJdbcLogger.java:143)- <====      Total: 1
2019-09-23 04:13:40,153 DEBUG (BaseJdbcLogger.java:143)- ====>  Preparing: select id, name, sex, birthday, phone, ID_number, email, parent_phone, adress, major, state from student_basic where id = ? 
2019-09-23 04:13:40,154 DEBUG (BaseJdbcLogger.java:143)- ====> Parameters: 23965(String)
2019-09-23 04:13:40,155 DEBUG (BaseJdbcLogger.java:143)- <====      Total: 1
2019-09-23 04:13:40,155 DEBUG (BaseJdbcLogger.java:143)- ====>  Preparing: select id, name, sex, birthday, phone, ID_number, email, parent_phone, adress, major, state from student_basic where id = ? 
2019-09-23 04:13:40,155 DEBUG (BaseJdbcLogger.java:143)- ====> Parameters: 23966(String)
2019-09-23 04:13:40,168 DEBUG (BaseJdbcLogger.java:143)- <====      Total: 1
2019-09-23 04:13:40,169 DEBUG (BaseJdbcLogger.java:143)- ====>  Preparing: select id, name, sex, birthday, phone, ID_number, email, parent_phone, adress, major, state from student_basic where id = ? 
2019-09-23 04:13:40,169 DEBUG (BaseJdbcLogger.java:143)- ====> Parameters: 23970(String)
2019-09-23 04:13:40,170 DEBUG (BaseJdbcLogger.java:143)- <====      Total: 1
2019-09-23 04:13:40,171 DEBUG (BaseJdbcLogger.java:143)- ====>  Preparing: select id, name, sex, birthday, phone, ID_number, email, parent_phone, adress, major, state from student_basic where id = ? 
2019-09-23 04:13:40,171 DEBUG (BaseJdbcLogger.java:143)- ====> Parameters: 23971(String)
2019-09-23 04:13:40,171 DEBUG (BaseJdbcLogger.java:143)- <====      Total: 1
2019-09-23 04:13:40,171 DEBUG (BaseJdbcLogger.java:143)- ====>  Preparing: select id, name, sex, birthday, phone, ID_number, email, parent_phone, adress, major, state from student_basic where id = ? 
2019-09-23 04:13:40,171 DEBUG (BaseJdbcLogger.java:143)- ====> Parameters: 23972(String)
2019-09-23 04:13:40,172 DEBUG (BaseJdbcLogger.java:143)- <====      Total: 1
2019-09-23 04:13:40,172 DEBUG (BaseJdbcLogger.java:143)- ====>  Preparing: select id, name, sex, birthday, phone, ID_number, email, parent_phone, adress, major, state from student_basic where id = ? 
2019-09-23 04:13:40,174 DEBUG (BaseJdbcLogger.java:143)- ====> Parameters: 23979(String)
2019-09-23 04:13:40,174 DEBUG (BaseJdbcLogger.java:143)- <====      Total: 1
2019-09-23 04:13:40,174 DEBUG (BaseJdbcLogger.java:143)- ====>  Preparing: select id, name, sex, birthday, phone, ID_number, email, parent_phone, adress, major, state from student_basic where id = ? 
2019-09-23 04:13:40,174 DEBUG (BaseJdbcLogger.java:143)- ====> Parameters: 23981(String)
2019-09-23 04:13:40,174 DEBUG (BaseJdbcLogger.java:143)- <====      Total: 1
2019-09-23 04:13:40,175 DEBUG (BaseJdbcLogger.java:143)- ====>  Preparing: select id, name, sex, birthday, phone, ID_number, email, parent_phone, adress, major, state from student_basic where id = ? 
2019-09-23 04:13:40,175 DEBUG (BaseJdbcLogger.java:143)- ====> Parameters: 23982(String)
2019-09-23 04:13:40,176 DEBUG (BaseJdbcLogger.java:143)- <====      Total: 1
2019-09-23 04:13:40,177 DEBUG (BaseJdbcLogger.java:143)- ====>  Preparing: select id, name, sex, birthday, phone, ID_number, email, parent_phone, adress, major, state from student_basic where id = ? 
2019-09-23 04:13:40,177 DEBUG (BaseJdbcLogger.java:143)- ====> Parameters: 23984(String)
2019-09-23 04:13:40,185 DEBUG (BaseJdbcLogger.java:143)- <====      Total: 1
2019-09-23 04:13:40,186 DEBUG (BaseJdbcLogger.java:143)- ====>  Preparing: select id, name, sex, birthday, phone, ID_number, email, parent_phone, adress, major, state from student_basic where id = ? 
2019-09-23 04:13:40,186 DEBUG (BaseJdbcLogger.java:143)- ====> Parameters: 23987(String)
2019-09-23 04:13:40,187 DEBUG (BaseJdbcLogger.java:143)- <====      Total: 1
2019-09-23 04:13:40,187 DEBUG (BaseJdbcLogger.java:143)- ====>  Preparing: select id, name, sex, birthday, phone, ID_number, email, parent_phone, adress, major, state from student_basic where id = ? 
2019-09-23 04:13:40,187 DEBUG (BaseJdbcLogger.java:143)- ====> Parameters: 23989(String)
2019-09-23 04:13:40,188 DEBUG (BaseJdbcLogger.java:143)- <====      Total: 1
2019-09-23 04:13:40,188 DEBUG (BaseJdbcLogger.java:143)- ====>  Preparing: select id, name, sex, birthday, phone, ID_number, email, parent_phone, adress, major, state from student_basic where id = ? 
2019-09-23 04:13:40,189 DEBUG (BaseJdbcLogger.java:143)- ====> Parameters: 23994(String)
2019-09-23 04:13:40,190 DEBUG (BaseJdbcLogger.java:143)- <====      Total: 1
2019-09-23 04:13:40,190 DEBUG (BaseJdbcLogger.java:143)- ====>  Preparing: select id, name, sex, birthday, phone, ID_number, email, parent_phone, adress, major, state from student_basic where id = ? 
2019-09-23 04:13:40,191 DEBUG (BaseJdbcLogger.java:143)- ====> Parameters: 23996(String)
2019-09-23 04:13:40,192 DEBUG (BaseJdbcLogger.java:143)- <====      Total: 1
2019-09-23 04:13:40,192 DEBUG (BaseJdbcLogger.java:143)- ====>  Preparing: select id, name, sex, birthday, phone, ID_number, email, parent_phone, adress, major, state from student_basic where id = ? 
2019-09-23 04:13:40,192 DEBUG (BaseJdbcLogger.java:143)- ====> Parameters: 24000(String)
2019-09-23 04:13:40,193 DEBUG (BaseJdbcLogger.java:143)- <====      Total: 1
2019-09-23 04:13:40,193 DEBUG (BaseJdbcLogger.java:143)- ====>  Preparing: select id, name, sex, birthday, phone, ID_number, email, parent_phone, adress, major, state from student_basic where id = ? 
2019-09-23 04:13:40,194 DEBUG (BaseJdbcLogger.java:143)- ====> Parameters: 24001(String)
2019-09-23 04:13:40,194 DEBUG (BaseJdbcLogger.java:143)- <====      Total: 1
2019-09-23 04:13:40,194 DEBUG (BaseJdbcLogger.java:143)- ====>  Preparing: select id, name, sex, birthday, phone, ID_number, email, parent_phone, adress, major, state from student_basic where id = ? 
2019-09-23 04:13:40,195 DEBUG (BaseJdbcLogger.java:143)- ====> Parameters: 24002(String)
2019-09-23 04:13:40,195 DEBUG (BaseJdbcLogger.java:143)- <====      Total: 1
2019-09-23 04:13:40,196 DEBUG (BaseJdbcLogger.java:143)- ====>  Preparing: select id, name, sex, birthday, phone, ID_number, email, parent_phone, adress, major, state from student_basic where id = ? 
2019-09-23 04:13:40,196 DEBUG (BaseJdbcLogger.java:143)- ====> Parameters: 24007(String)
2019-09-23 04:13:40,196 DEBUG (BaseJdbcLogger.java:143)- <====      Total: 1
2019-09-23 04:13:40,197 DEBUG (BaseJdbcLogger.java:143)- ====>  Preparing: select id, name, sex, birthday, phone, ID_number, email, parent_phone, adress, major, state from student_basic where id = ? 
2019-09-23 04:13:40,197 DEBUG (BaseJdbcLogger.java:143)- ====> Parameters: 24012(String)
2019-09-23 04:13:40,197 DEBUG (BaseJdbcLogger.java:143)- <====      Total: 1
2019-09-23 04:13:40,198 DEBUG (BaseJdbcLogger.java:143)- <==      Total: 69
2019-09-23 04:13:40,198 DEBUG (BaseJdbcLogger.java:143)- ==>  Preparing: select student_status.id, student_status.basic_id, student_status.student_id, student_status.class_id from student_status,student_basic where student_status.basic_id=student_basic.id and student_basic.sex=? and student_basic.major=? and student_status.class_id='0' 
2019-09-23 04:13:40,198 DEBUG (BaseJdbcLogger.java:143)- ==> Parameters: 男(String), 通信工程(String)
2019-09-23 04:13:40,200 DEBUG (BaseJdbcLogger.java:143)- ====>  Preparing: select id, name, sex, birthday, phone, ID_number, email, parent_phone, adress, major, state from student_basic where id = ? 
2019-09-23 04:13:40,201 DEBUG (BaseJdbcLogger.java:143)- ====> Parameters: 24089(String)
2019-09-23 04:13:40,201 DEBUG (BaseJdbcLogger.java:143)- <====      Total: 1
2019-09-23 04:13:40,202 DEBUG (BaseJdbcLogger.java:143)- ====>  Preparing: select id, class_id, name, director, grade, major_id from class WHERE class_id = ? 
2019-09-23 04:13:40,202 DEBUG (BaseJdbcLogger.java:143)- ====> Parameters: 0(String)
2019-09-23 04:13:40,203 DEBUG (BaseJdbcLogger.java:143)- <====      Total: 0
2019-09-23 04:13:40,203 DEBUG (BaseJdbcLogger.java:143)- ====>  Preparing: select id, name, sex, birthday, phone, ID_number, email, parent_phone, adress, major, state from student_basic where id = ? 
2019-09-23 04:13:40,203 DEBUG (BaseJdbcLogger.java:143)- ====> Parameters: 24090(String)
2019-09-23 04:13:40,204 DEBUG (BaseJdbcLogger.java:143)- <====      Total: 1
2019-09-23 04:13:40,204 DEBUG (BaseJdbcLogger.java:143)- ====>  Preparing: select id, name, sex, birthday, phone, ID_number, email, parent_phone, adress, major, state from student_basic where id = ? 
2019-09-23 04:13:40,205 DEBUG (BaseJdbcLogger.java:143)- ====> Parameters: 24091(String)
2019-09-23 04:13:40,206 DEBUG (BaseJdbcLogger.java:143)- <====      Total: 1
2019-09-23 04:13:40,206 DEBUG (BaseJdbcLogger.java:143)- ====>  Preparing: select id, name, sex, birthday, phone, ID_number, email, parent_phone, adress, major, state from student_basic where id = ? 
2019-09-23 04:13:40,207 DEBUG (BaseJdbcLogger.java:143)- ====> Parameters: 24092(String)
2019-09-23 04:13:40,207 DEBUG (BaseJdbcLogger.java:143)- <====      Total: 1
2019-09-23 04:13:40,208 DEBUG (BaseJdbcLogger.java:143)- ====>  Preparing: select id, name, sex, birthday, phone, ID_number, email, parent_phone, adress, major, state from student_basic where id = ? 
2019-09-23 04:13:40,208 DEBUG (BaseJdbcLogger.java:143)- ====> Parameters: 24095(String)
2019-09-23 04:13:40,209 DEBUG (BaseJdbcLogger.java:143)- <====      Total: 1
2019-09-23 04:13:40,209 DEBUG (BaseJdbcLogger.java:143)- ====>  Preparing: select id, name, sex, birthday, phone, ID_number, email, parent_phone, adress, major, state from student_basic where id = ? 
2019-09-23 04:13:40,210 DEBUG (BaseJdbcLogger.java:143)- ====> Parameters: 24096(String)
2019-09-23 04:13:40,210 DEBUG (BaseJdbcLogger.java:143)- <====      Total: 1
2019-09-23 04:13:40,211 DEBUG (BaseJdbcLogger.java:143)- ====>  Preparing: select id, name, sex, birthday, phone, ID_number, email, parent_phone, adress, major, state from student_basic where id = ? 
2019-09-23 04:13:40,211 DEBUG (BaseJdbcLogger.java:143)- ====> Parameters: 24097(String)
2019-09-23 04:13:40,211 DEBUG (BaseJdbcLogger.java:143)- <====      Total: 1
2019-09-23 04:13:40,211 DEBUG (BaseJdbcLogger.java:143)- ====>  Preparing: select id, name, sex, birthday, phone, ID_number, email, parent_phone, adress, major, state from student_basic where id = ? 
2019-09-23 04:13:40,211 DEBUG (BaseJdbcLogger.java:143)- ====> Parameters: 24098(String)
2019-09-23 04:13:40,213 DEBUG (BaseJdbcLogger.java:143)- <====      Total: 1
2019-09-23 04:13:40,213 DEBUG (BaseJdbcLogger.java:143)- ====>  Preparing: select id, name, sex, birthday, phone, ID_number, email, parent_phone, adress, major, state from student_basic where id = ? 
2019-09-23 04:13:40,213 DEBUG (BaseJdbcLogger.java:143)- ====> Parameters: 24099(String)
2019-09-23 04:13:40,213 DEBUG (BaseJdbcLogger.java:143)- <====      Total: 1
2019-09-23 04:13:40,213 DEBUG (BaseJdbcLogger.java:143)- ====>  Preparing: select id, name, sex, birthday, phone, ID_number, email, parent_phone, adress, major, state from student_basic where id = ? 
2019-09-23 04:13:40,215 DEBUG (BaseJdbcLogger.java:143)- ====> Parameters: 24100(String)
2019-09-23 04:13:40,215 DEBUG (BaseJdbcLogger.java:143)- <====      Total: 1
2019-09-23 04:13:40,216 DEBUG (BaseJdbcLogger.java:143)- ====>  Preparing: select id, name, sex, birthday, phone, ID_number, email, parent_phone, adress, major, state from student_basic where id = ? 
2019-09-23 04:13:40,216 DEBUG (BaseJdbcLogger.java:143)- ====> Parameters: 24102(String)
2019-09-23 04:13:40,216 DEBUG (BaseJdbcLogger.java:143)- <====      Total: 1
2019-09-23 04:13:40,216 DEBUG (BaseJdbcLogger.java:143)- ====>  Preparing: select id, name, sex, birthday, phone, ID_number, email, parent_phone, adress, major, state from student_basic where id = ? 
2019-09-23 04:13:40,216 DEBUG (BaseJdbcLogger.java:143)- ====> Parameters: 24106(String)
2019-09-23 04:13:40,218 DEBUG (BaseJdbcLogger.java:143)- <====      Total: 1
2019-09-23 04:13:40,219 DEBUG (BaseJdbcLogger.java:143)- ====>  Preparing: select id, name, sex, birthday, phone, ID_number, email, parent_phone, adress, major, state from student_basic where id = ? 
2019-09-23 04:13:40,220 DEBUG (BaseJdbcLogger.java:143)- ====> Parameters: 24109(String)
2019-09-23 04:13:40,221 DEBUG (BaseJdbcLogger.java:143)- <====      Total: 1
2019-09-23 04:13:40,221 DEBUG (BaseJdbcLogger.java:143)- ====>  Preparing: select id, name, sex, birthday, phone, ID_number, email, parent_phone, adress, major, state from student_basic where id = ? 
2019-09-23 04:13:40,221 DEBUG (BaseJdbcLogger.java:143)- ====> Parameters: 24110(String)
2019-09-23 04:13:40,221 DEBUG (BaseJdbcLogger.java:143)- <====      Total: 1
2019-09-23 04:13:40,222 DEBUG (BaseJdbcLogger.java:143)- ====>  Preparing: select id, name, sex, birthday, phone, ID_number, email, parent_phone, adress, major, state from student_basic where id = ? 
2019-09-23 04:13:40,223 DEBUG (BaseJdbcLogger.java:143)- ====> Parameters: 24113(String)
2019-09-23 04:13:40,223 DEBUG (BaseJdbcLogger.java:143)- <====      Total: 1
2019-09-23 04:13:40,224 DEBUG (BaseJdbcLogger.java:143)- ====>  Preparing: select id, name, sex, birthday, phone, ID_number, email, parent_phone, adress, major, state from student_basic where id = ? 
2019-09-23 04:13:40,224 DEBUG (BaseJdbcLogger.java:143)- ====> Parameters: 24115(String)
2019-09-23 04:13:40,224 DEBUG (BaseJdbcLogger.java:143)- <====      Total: 1
2019-09-23 04:13:40,225 DEBUG (BaseJdbcLogger.java:143)- ====>  Preparing: select id, name, sex, birthday, phone, ID_number, email, parent_phone, adress, major, state from student_basic where id = ? 
2019-09-23 04:13:40,225 DEBUG (BaseJdbcLogger.java:143)- ====> Parameters: 24116(String)
2019-09-23 04:13:40,225 DEBUG (BaseJdbcLogger.java:143)- <====      Total: 1
2019-09-23 04:13:40,226 DEBUG (BaseJdbcLogger.java:143)- ====>  Preparing: select id, name, sex, birthday, phone, ID_number, email, parent_phone, adress, major, state from student_basic where id = ? 
2019-09-23 04:13:40,226 DEBUG (BaseJdbcLogger.java:143)- ====> Parameters: 24118(String)
2019-09-23 04:13:40,226 DEBUG (BaseJdbcLogger.java:143)- <====      Total: 1
2019-09-23 04:13:40,227 DEBUG (BaseJdbcLogger.java:143)- ====>  Preparing: select id, name, sex, birthday, phone, ID_number, email, parent_phone, adress, major, state from student_basic where id = ? 
2019-09-23 04:13:40,227 DEBUG (BaseJdbcLogger.java:143)- ====> Parameters: 24119(String)
2019-09-23 04:13:40,227 DEBUG (BaseJdbcLogger.java:143)- <====      Total: 1
2019-09-23 04:13:40,228 DEBUG (BaseJdbcLogger.java:143)- ====>  Preparing: select id, name, sex, birthday, phone, ID_number, email, parent_phone, adress, major, state from student_basic where id = ? 
2019-09-23 04:13:40,228 DEBUG (BaseJdbcLogger.java:143)- ====> Parameters: 24121(String)
2019-09-23 04:13:40,228 DEBUG (BaseJdbcLogger.java:143)- <====      Total: 1
2019-09-23 04:13:40,230 DEBUG (BaseJdbcLogger.java:143)- ====>  Preparing: select id, name, sex, birthday, phone, ID_number, email, parent_phone, adress, major, state from student_basic where id = ? 
2019-09-23 04:13:40,230 DEBUG (BaseJdbcLogger.java:143)- ====> Parameters: 24124(String)
2019-09-23 04:13:40,231 DEBUG (BaseJdbcLogger.java:143)- <====      Total: 1
2019-09-23 04:13:40,232 DEBUG (BaseJdbcLogger.java:143)- ====>  Preparing: select id, name, sex, birthday, phone, ID_number, email, parent_phone, adress, major, state from student_basic where id = ? 
2019-09-23 04:13:40,232 DEBUG (BaseJdbcLogger.java:143)- ====> Parameters: 24127(String)
2019-09-23 04:13:40,233 DEBUG (BaseJdbcLogger.java:143)- <====      Total: 1
2019-09-23 04:13:40,234 DEBUG (BaseJdbcLogger.java:143)- ====>  Preparing: select id, name, sex, birthday, phone, ID_number, email, parent_phone, adress, major, state from student_basic where id = ? 
2019-09-23 04:13:40,234 DEBUG (BaseJdbcLogger.java:143)- ====> Parameters: 24130(String)
2019-09-23 04:13:40,236 DEBUG (BaseJdbcLogger.java:143)- <====      Total: 1
2019-09-23 04:13:40,236 DEBUG (BaseJdbcLogger.java:143)- ====>  Preparing: select id, name, sex, birthday, phone, ID_number, email, parent_phone, adress, major, state from student_basic where id = ? 
2019-09-23 04:13:40,237 DEBUG (BaseJdbcLogger.java:143)- ====> Parameters: 24131(String)
2019-09-23 04:13:40,238 DEBUG (BaseJdbcLogger.java:143)- <====      Total: 1
2019-09-23 04:13:40,238 DEBUG (BaseJdbcLogger.java:143)- ====>  Preparing: select id, name, sex, birthday, phone, ID_number, email, parent_phone, adress, major, state from student_basic where id = ? 
2019-09-23 04:13:40,239 DEBUG (BaseJdbcLogger.java:143)- ====> Parameters: 24132(String)
2019-09-23 04:13:40,239 DEBUG (BaseJdbcLogger.java:143)- <====      Total: 1
2019-09-23 04:13:40,239 DEBUG (BaseJdbcLogger.java:143)- ====>  Preparing: select id, name, sex, birthday, phone, ID_number, email, parent_phone, adress, major, state from student_basic where id = ? 
2019-09-23 04:13:40,239 DEBUG (BaseJdbcLogger.java:143)- ====> Parameters: 24133(String)
2019-09-23 04:13:40,240 DEBUG (BaseJdbcLogger.java:143)- <====      Total: 1
2019-09-23 04:13:40,241 DEBUG (BaseJdbcLogger.java:143)- ====>  Preparing: select id, name, sex, birthday, phone, ID_number, email, parent_phone, adress, major, state from student_basic where id = ? 
2019-09-23 04:13:40,241 DEBUG (BaseJdbcLogger.java:143)- ====> Parameters: 24135(String)
2019-09-23 04:13:40,241 DEBUG (BaseJdbcLogger.java:143)- <====      Total: 1
2019-09-23 04:13:40,242 DEBUG (BaseJdbcLogger.java:143)- ====>  Preparing: select id, name, sex, birthday, phone, ID_number, email, parent_phone, adress, major, state from student_basic where id = ? 
2019-09-23 04:13:40,243 DEBUG (BaseJdbcLogger.java:143)- ====> Parameters: 24136(String)
2019-09-23 04:13:40,243 DEBUG (BaseJdbcLogger.java:143)- <====      Total: 1
2019-09-23 04:13:40,243 DEBUG (BaseJdbcLogger.java:143)- ====>  Preparing: select id, name, sex, birthday, phone, ID_number, email, parent_phone, adress, major, state from student_basic where id = ? 
2019-09-23 04:13:40,244 DEBUG (BaseJdbcLogger.java:143)- ====> Parameters: 24139(String)
2019-09-23 04:13:40,244 DEBUG (BaseJdbcLogger.java:143)- <====      Total: 1
2019-09-23 04:13:40,244 DEBUG (BaseJdbcLogger.java:143)- ====>  Preparing: select id, name, sex, birthday, phone, ID_number, email, parent_phone, adress, major, state from student_basic where id = ? 
2019-09-23 04:13:40,245 DEBUG (BaseJdbcLogger.java:143)- ====> Parameters: 24140(String)
2019-09-23 04:13:40,245 DEBUG (BaseJdbcLogger.java:143)- <====      Total: 1
2019-09-23 04:13:40,246 DEBUG (BaseJdbcLogger.java:143)- ====>  Preparing: select id, name, sex, birthday, phone, ID_number, email, parent_phone, adress, major, state from student_basic where id = ? 
2019-09-23 04:13:40,246 DEBUG (BaseJdbcLogger.java:143)- ====> Parameters: 24141(String)
2019-09-23 04:13:40,246 DEBUG (BaseJdbcLogger.java:143)- <====      Total: 1
2019-09-23 04:13:40,247 DEBUG (BaseJdbcLogger.java:143)- ====>  Preparing: select id, name, sex, birthday, phone, ID_number, email, parent_phone, adress, major, state from student_basic where id = ? 
2019-09-23 04:13:40,247 DEBUG (BaseJdbcLogger.java:143)- ====> Parameters: 24142(String)
2019-09-23 04:13:40,247 DEBUG (BaseJdbcLogger.java:143)- <====      Total: 1
2019-09-23 04:13:40,248 DEBUG (BaseJdbcLogger.java:143)- ====>  Preparing: select id, name, sex, birthday, phone, ID_number, email, parent_phone, adress, major, state from student_basic where id = ? 
2019-09-23 04:13:40,248 DEBUG (BaseJdbcLogger.java:143)- ====> Parameters: 24143(String)
2019-09-23 04:13:40,248 DEBUG (BaseJdbcLogger.java:143)- <====      Total: 1
2019-09-23 04:13:40,249 DEBUG (BaseJdbcLogger.java:143)- ====>  Preparing: select id, name, sex, birthday, phone, ID_number, email, parent_phone, adress, major, state from student_basic where id = ? 
2019-09-23 04:13:40,250 DEBUG (BaseJdbcLogger.java:143)- ====> Parameters: 24144(String)
2019-09-23 04:13:40,250 DEBUG (BaseJdbcLogger.java:143)- <====      Total: 1
2019-09-23 04:13:40,250 DEBUG (BaseJdbcLogger.java:143)- ====>  Preparing: select id, name, sex, birthday, phone, ID_number, email, parent_phone, adress, major, state from student_basic where id = ? 
2019-09-23 04:13:40,251 DEBUG (BaseJdbcLogger.java:143)- ====> Parameters: 24146(String)
2019-09-23 04:13:40,252 DEBUG (BaseJdbcLogger.java:143)- <====      Total: 1
2019-09-23 04:13:40,253 DEBUG (BaseJdbcLogger.java:143)- ====>  Preparing: select id, name, sex, birthday, phone, ID_number, email, parent_phone, adress, major, state from student_basic where id = ? 
2019-09-23 04:13:40,253 DEBUG (BaseJdbcLogger.java:143)- ====> Parameters: 24149(String)
2019-09-23 04:13:40,253 DEBUG (BaseJdbcLogger.java:143)- <====      Total: 1
2019-09-23 04:13:40,254 DEBUG (BaseJdbcLogger.java:143)- ====>  Preparing: select id, name, sex, birthday, phone, ID_number, email, parent_phone, adress, major, state from student_basic where id = ? 
2019-09-23 04:13:40,255 DEBUG (BaseJdbcLogger.java:143)- ====> Parameters: 24150(String)
2019-09-23 04:13:40,255 DEBUG (BaseJdbcLogger.java:143)- <====      Total: 1
2019-09-23 04:13:40,255 DEBUG (BaseJdbcLogger.java:143)- ====>  Preparing: select id, name, sex, birthday, phone, ID_number, email, parent_phone, adress, major, state from student_basic where id = ? 
2019-09-23 04:13:40,256 DEBUG (BaseJdbcLogger.java:143)- ====> Parameters: 24151(String)
2019-09-23 04:13:40,256 DEBUG (BaseJdbcLogger.java:143)- <====      Total: 1
2019-09-23 04:13:40,256 DEBUG (BaseJdbcLogger.java:143)- ====>  Preparing: select id, name, sex, birthday, phone, ID_number, email, parent_phone, adress, major, state from student_basic where id = ? 
2019-09-23 04:13:40,257 DEBUG (BaseJdbcLogger.java:143)- ====> Parameters: 24156(String)
2019-09-23 04:13:40,257 DEBUG (BaseJdbcLogger.java:143)- <====      Total: 1
2019-09-23 04:13:40,258 DEBUG (BaseJdbcLogger.java:143)- ====>  Preparing: select id, name, sex, birthday, phone, ID_number, email, parent_phone, adress, major, state from student_basic where id = ? 
2019-09-23 04:13:40,258 DEBUG (BaseJdbcLogger.java:143)- ====> Parameters: 24157(String)
2019-09-23 04:13:40,258 DEBUG (BaseJdbcLogger.java:143)- <====      Total: 1
2019-09-23 04:13:40,259 DEBUG (BaseJdbcLogger.java:143)- ====>  Preparing: select id, name, sex, birthday, phone, ID_number, email, parent_phone, adress, major, state from student_basic where id = ? 
2019-09-23 04:13:40,259 DEBUG (BaseJdbcLogger.java:143)- ====> Parameters: 24158(String)
2019-09-23 04:13:40,259 DEBUG (BaseJdbcLogger.java:143)- <====      Total: 1
2019-09-23 04:13:40,260 DEBUG (BaseJdbcLogger.java:143)- ====>  Preparing: select id, name, sex, birthday, phone, ID_number, email, parent_phone, adress, major, state from student_basic where id = ? 
2019-09-23 04:13:40,260 DEBUG (BaseJdbcLogger.java:143)- ====> Parameters: 24160(String)
2019-09-23 04:13:40,260 DEBUG (BaseJdbcLogger.java:143)- <====      Total: 1
2019-09-23 04:13:40,261 DEBUG (BaseJdbcLogger.java:143)- ====>  Preparing: select id, name, sex, birthday, phone, ID_number, email, parent_phone, adress, major, state from student_basic where id = ? 
2019-09-23 04:13:40,262 DEBUG (BaseJdbcLogger.java:143)- ====> Parameters: 24161(String)
2019-09-23 04:13:40,262 DEBUG (BaseJdbcLogger.java:143)- <====      Total: 1
2019-09-23 04:13:40,262 DEBUG (BaseJdbcLogger.java:143)- ====>  Preparing: select id, name, sex, birthday, phone, ID_number, email, parent_phone, adress, major, state from student_basic where id = ? 
2019-09-23 04:13:40,263 DEBUG (BaseJdbcLogger.java:143)- ====> Parameters: 24162(String)
2019-09-23 04:13:40,263 DEBUG (BaseJdbcLogger.java:143)- <====      Total: 1
2019-09-23 04:13:40,264 DEBUG (BaseJdbcLogger.java:143)- ====>  Preparing: select id, name, sex, birthday, phone, ID_number, email, parent_phone, adress, major, state from student_basic where id = ? 
2019-09-23 04:13:40,264 DEBUG (BaseJdbcLogger.java:143)- ====> Parameters: 24164(String)
2019-09-23 04:13:40,264 DEBUG (BaseJdbcLogger.java:143)- <====      Total: 1
2019-09-23 04:13:40,265 DEBUG (BaseJdbcLogger.java:143)- ====>  Preparing: select id, name, sex, birthday, phone, ID_number, email, parent_phone, adress, major, state from student_basic where id = ? 
2019-09-23 04:13:40,265 DEBUG (BaseJdbcLogger.java:143)- ====> Parameters: 24165(String)
2019-09-23 04:13:40,265 DEBUG (BaseJdbcLogger.java:143)- <====      Total: 1
2019-09-23 04:13:40,266 DEBUG (BaseJdbcLogger.java:143)- ====>  Preparing: select id, name, sex, birthday, phone, ID_number, email, parent_phone, adress, major, state from student_basic where id = ? 
2019-09-23 04:13:40,267 DEBUG (BaseJdbcLogger.java:143)- ====> Parameters: 24166(String)
2019-09-23 04:13:40,267 DEBUG (BaseJdbcLogger.java:143)- <====      Total: 1
2019-09-23 04:13:40,267 DEBUG (BaseJdbcLogger.java:143)- ====>  Preparing: select id, name, sex, birthday, phone, ID_number, email, parent_phone, adress, major, state from student_basic where id = ? 
2019-09-23 04:13:40,268 DEBUG (BaseJdbcLogger.java:143)- ====> Parameters: 24167(String)
2019-09-23 04:13:40,268 DEBUG (BaseJdbcLogger.java:143)- <====      Total: 1
2019-09-23 04:13:40,269 DEBUG (BaseJdbcLogger.java:143)- ====>  Preparing: select id, name, sex, birthday, phone, ID_number, email, parent_phone, adress, major, state from student_basic where id = ? 
2019-09-23 04:13:40,269 DEBUG (BaseJdbcLogger.java:143)- ====> Parameters: 24169(String)
2019-09-23 04:13:40,269 DEBUG (BaseJdbcLogger.java:143)- <====      Total: 1
2019-09-23 04:13:40,270 DEBUG (BaseJdbcLogger.java:143)- ====>  Preparing: select id, name, sex, birthday, phone, ID_number, email, parent_phone, adress, major, state from student_basic where id = ? 
2019-09-23 04:13:40,270 DEBUG (BaseJdbcLogger.java:143)- ====> Parameters: 24172(String)
2019-09-23 04:13:40,270 DEBUG (BaseJdbcLogger.java:143)- <====      Total: 1
2019-09-23 04:13:40,271 DEBUG (BaseJdbcLogger.java:143)- ====>  Preparing: select id, name, sex, birthday, phone, ID_number, email, parent_phone, adress, major, state from student_basic where id = ? 
2019-09-23 04:13:40,272 DEBUG (BaseJdbcLogger.java:143)- ====> Parameters: 24173(String)
2019-09-23 04:13:40,272 DEBUG (BaseJdbcLogger.java:143)- <====      Total: 1
2019-09-23 04:13:40,273 DEBUG (BaseJdbcLogger.java:143)- ====>  Preparing: select id, name, sex, birthday, phone, ID_number, email, parent_phone, adress, major, state from student_basic where id = ? 
2019-09-23 04:13:40,273 DEBUG (BaseJdbcLogger.java:143)- ====> Parameters: 24175(String)
2019-09-23 04:13:40,274 DEBUG (BaseJdbcLogger.java:143)- <====      Total: 1
2019-09-23 04:13:40,274 DEBUG (BaseJdbcLogger.java:143)- ====>  Preparing: select id, name, sex, birthday, phone, ID_number, email, parent_phone, adress, major, state from student_basic where id = ? 
2019-09-23 04:13:40,274 DEBUG (BaseJdbcLogger.java:143)- ====> Parameters: 24177(String)
2019-09-23 04:13:40,276 DEBUG (BaseJdbcLogger.java:143)- <====      Total: 1
2019-09-23 04:13:40,276 DEBUG (BaseJdbcLogger.java:143)- ====>  Preparing: select id, name, sex, birthday, phone, ID_number, email, parent_phone, adress, major, state from student_basic where id = ? 
2019-09-23 04:13:40,276 DEBUG (BaseJdbcLogger.java:143)- ====> Parameters: 24179(String)
2019-09-23 04:13:40,276 DEBUG (BaseJdbcLogger.java:143)- <====      Total: 1
2019-09-23 04:13:40,277 DEBUG (BaseJdbcLogger.java:143)- ====>  Preparing: select id, name, sex, birthday, phone, ID_number, email, parent_phone, adress, major, state from student_basic where id = ? 
2019-09-23 04:13:40,278 DEBUG (BaseJdbcLogger.java:143)- ====> Parameters: 24180(String)
2019-09-23 04:13:40,278 DEBUG (BaseJdbcLogger.java:143)- <====      Total: 1
2019-09-23 04:13:40,278 DEBUG (BaseJdbcLogger.java:143)- ====>  Preparing: select id, name, sex, birthday, phone, ID_number, email, parent_phone, adress, major, state from student_basic where id = ? 
2019-09-23 04:13:40,279 DEBUG (BaseJdbcLogger.java:143)- ====> Parameters: 24182(String)
2019-09-23 04:13:40,279 DEBUG (BaseJdbcLogger.java:143)- <====      Total: 1
2019-09-23 04:13:40,279 DEBUG (BaseJdbcLogger.java:143)- ====>  Preparing: select id, name, sex, birthday, phone, ID_number, email, parent_phone, adress, major, state from student_basic where id = ? 
2019-09-23 04:13:40,279 DEBUG (BaseJdbcLogger.java:143)- ====> Parameters: 24183(String)
2019-09-23 04:13:40,279 DEBUG (BaseJdbcLogger.java:143)- <====      Total: 1
2019-09-23 04:13:40,281 DEBUG (BaseJdbcLogger.java:143)- ====>  Preparing: select id, name, sex, birthday, phone, ID_number, email, parent_phone, adress, major, state from student_basic where id = ? 
2019-09-23 04:13:40,282 DEBUG (BaseJdbcLogger.java:143)- ====> Parameters: 24184(String)
2019-09-23 04:13:40,282 DEBUG (BaseJdbcLogger.java:143)- <====      Total: 1
2019-09-23 04:13:40,282 DEBUG (BaseJdbcLogger.java:143)- ====>  Preparing: select id, name, sex, birthday, phone, ID_number, email, parent_phone, adress, major, state from student_basic where id = ? 
2019-09-23 04:13:40,282 DEBUG (BaseJdbcLogger.java:143)- ====> Parameters: 24185(String)
2019-09-23 04:13:40,283 DEBUG (BaseJdbcLogger.java:143)- <====      Total: 1
2019-09-23 04:13:40,284 DEBUG (BaseJdbcLogger.java:143)- ====>  Preparing: select id, name, sex, birthday, phone, ID_number, email, parent_phone, adress, major, state from student_basic where id = ? 
2019-09-23 04:13:40,284 DEBUG (BaseJdbcLogger.java:143)- ====> Parameters: 24190(String)
2019-09-23 04:13:40,284 DEBUG (BaseJdbcLogger.java:143)- <====      Total: 1
2019-09-23 04:13:40,285 DEBUG (BaseJdbcLogger.java:143)- ====>  Preparing: select id, name, sex, birthday, phone, ID_number, email, parent_phone, adress, major, state from student_basic where id = ? 
2019-09-23 04:13:40,285 DEBUG (BaseJdbcLogger.java:143)- ====> Parameters: 24193(String)
2019-09-23 04:13:40,286 DEBUG (BaseJdbcLogger.java:143)- <====      Total: 1
2019-09-23 04:13:40,287 DEBUG (BaseJdbcLogger.java:143)- ====>  Preparing: select id, name, sex, birthday, phone, ID_number, email, parent_phone, adress, major, state from student_basic where id = ? 
2019-09-23 04:13:40,287 DEBUG (BaseJdbcLogger.java:143)- ====> Parameters: 24194(String)
2019-09-23 04:13:40,287 DEBUG (BaseJdbcLogger.java:143)- <====      Total: 1
2019-09-23 04:13:40,288 DEBUG (BaseJdbcLogger.java:143)- ====>  Preparing: select id, name, sex, birthday, phone, ID_number, email, parent_phone, adress, major, state from student_basic where id = ? 
2019-09-23 04:13:40,288 DEBUG (BaseJdbcLogger.java:143)- ====> Parameters: 24195(String)
2019-09-23 04:13:40,288 DEBUG (BaseJdbcLogger.java:143)- <====      Total: 1
2019-09-23 04:13:40,289 DEBUG (BaseJdbcLogger.java:143)- ====>  Preparing: select id, name, sex, birthday, phone, ID_number, email, parent_phone, adress, major, state from student_basic where id = ? 
2019-09-23 04:13:40,289 DEBUG (BaseJdbcLogger.java:143)- ====> Parameters: 24200(String)
2019-09-23 04:13:40,289 DEBUG (BaseJdbcLogger.java:143)- <====      Total: 1
2019-09-23 04:13:40,290 DEBUG (BaseJdbcLogger.java:143)- ====>  Preparing: select id, name, sex, birthday, phone, ID_number, email, parent_phone, adress, major, state from student_basic where id = ? 
2019-09-23 04:13:40,291 DEBUG (BaseJdbcLogger.java:143)- ====> Parameters: 24201(String)
2019-09-23 04:13:40,291 DEBUG (BaseJdbcLogger.java:143)- <====      Total: 1
2019-09-23 04:13:40,291 DEBUG (BaseJdbcLogger.java:143)- ====>  Preparing: select id, name, sex, birthday, phone, ID_number, email, parent_phone, adress, major, state from student_basic where id = ? 
2019-09-23 04:13:40,292 DEBUG (BaseJdbcLogger.java:143)- ====> Parameters: 24203(String)
2019-09-23 04:13:40,292 DEBUG (BaseJdbcLogger.java:143)- <====      Total: 1
2019-09-23 04:13:40,292 DEBUG (BaseJdbcLogger.java:143)- ====>  Preparing: select id, name, sex, birthday, phone, ID_number, email, parent_phone, adress, major, state from student_basic where id = ? 
2019-09-23 04:13:40,293 DEBUG (BaseJdbcLogger.java:143)- ====> Parameters: 24205(String)
2019-09-23 04:13:40,293 DEBUG (BaseJdbcLogger.java:143)- <====      Total: 1
2019-09-23 04:13:40,294 DEBUG (BaseJdbcLogger.java:143)- ====>  Preparing: select id, name, sex, birthday, phone, ID_number, email, parent_phone, adress, major, state from student_basic where id = ? 
2019-09-23 04:13:40,294 DEBUG (BaseJdbcLogger.java:143)- ====> Parameters: 24206(String)
2019-09-23 04:13:40,294 DEBUG (BaseJdbcLogger.java:143)- <====      Total: 1
2019-09-23 04:13:40,295 DEBUG (BaseJdbcLogger.java:143)- ====>  Preparing: select id, name, sex, birthday, phone, ID_number, email, parent_phone, adress, major, state from student_basic where id = ? 
2019-09-23 04:13:40,295 DEBUG (BaseJdbcLogger.java:143)- ====> Parameters: 24207(String)
2019-09-23 04:13:40,295 DEBUG (BaseJdbcLogger.java:143)- <====      Total: 1
2019-09-23 04:13:40,296 DEBUG (BaseJdbcLogger.java:143)- ====>  Preparing: select id, name, sex, birthday, phone, ID_number, email, parent_phone, adress, major, state from student_basic where id = ? 
2019-09-23 04:13:40,296 DEBUG (BaseJdbcLogger.java:143)- ====> Parameters: 24208(String)
2019-09-23 04:13:40,296 DEBUG (BaseJdbcLogger.java:143)- <====      Total: 1
2019-09-23 04:13:40,297 DEBUG (BaseJdbcLogger.java:143)- ====>  Preparing: select id, name, sex, birthday, phone, ID_number, email, parent_phone, adress, major, state from student_basic where id = ? 
2019-09-23 04:13:40,297 DEBUG (BaseJdbcLogger.java:143)- ====> Parameters: 24211(String)
2019-09-23 04:13:40,297 DEBUG (BaseJdbcLogger.java:143)- <====      Total: 1
2019-09-23 04:13:40,298 DEBUG (BaseJdbcLogger.java:143)- ====>  Preparing: select id, name, sex, birthday, phone, ID_number, email, parent_phone, adress, major, state from student_basic where id = ? 
2019-09-23 04:13:40,299 DEBUG (BaseJdbcLogger.java:143)- ====> Parameters: 24212(String)
2019-09-23 04:13:40,299 DEBUG (BaseJdbcLogger.java:143)- <====      Total: 1
2019-09-23 04:13:40,300 DEBUG (BaseJdbcLogger.java:143)- ====>  Preparing: select id, name, sex, birthday, phone, ID_number, email, parent_phone, adress, major, state from student_basic where id = ? 
2019-09-23 04:13:40,300 DEBUG (BaseJdbcLogger.java:143)- ====> Parameters: 24213(String)
2019-09-23 04:13:40,301 DEBUG (BaseJdbcLogger.java:143)- <====      Total: 1
2019-09-23 04:13:40,301 DEBUG (BaseJdbcLogger.java:143)- ====>  Preparing: select id, name, sex, birthday, phone, ID_number, email, parent_phone, adress, major, state from student_basic where id = ? 
2019-09-23 04:13:40,301 DEBUG (BaseJdbcLogger.java:143)- ====> Parameters: 24214(String)
2019-09-23 04:13:40,302 DEBUG (BaseJdbcLogger.java:143)- <====      Total: 1
2019-09-23 04:13:40,303 DEBUG (BaseJdbcLogger.java:143)- ====>  Preparing: select id, name, sex, birthday, phone, ID_number, email, parent_phone, adress, major, state from student_basic where id = ? 
2019-09-23 04:13:40,303 DEBUG (BaseJdbcLogger.java:143)- ====> Parameters: 24216(String)
2019-09-23 04:13:40,303 DEBUG (BaseJdbcLogger.java:143)- <====      Total: 1
2019-09-23 04:13:40,304 DEBUG (BaseJdbcLogger.java:143)- ====>  Preparing: select id, name, sex, birthday, phone, ID_number, email, parent_phone, adress, major, state from student_basic where id = ? 
2019-09-23 04:13:40,304 DEBUG (BaseJdbcLogger.java:143)- ====> Parameters: 24217(String)
2019-09-23 04:13:40,304 DEBUG (BaseJdbcLogger.java:143)- <====      Total: 1
2019-09-23 04:13:40,305 DEBUG (BaseJdbcLogger.java:143)- <==      Total: 76
2019-09-23 04:13:40,306 DEBUG (BaseJdbcLogger.java:143)- ==>  Preparing: select student_status.id, student_status.basic_id, student_status.student_id, student_status.class_id from student_status,student_basic where student_status.basic_id=student_basic.id and student_basic.sex=? and student_basic.major=? and student_status.class_id='0' 
2019-09-23 04:13:40,306 DEBUG (BaseJdbcLogger.java:143)- ==> Parameters: 女(String), 通信工程(String)
2019-09-23 04:13:40,307 DEBUG (BaseJdbcLogger.java:143)- ====>  Preparing: select id, name, sex, birthday, phone, ID_number, email, parent_phone, adress, major, state from student_basic where id = ? 
2019-09-23 04:13:40,307 DEBUG (BaseJdbcLogger.java:143)- ====> Parameters: 24088(String)
2019-09-23 04:13:40,308 DEBUG (BaseJdbcLogger.java:143)- <====      Total: 1
2019-09-23 04:13:40,309 DEBUG (BaseJdbcLogger.java:143)- ====>  Preparing: select id, class_id, name, director, grade, major_id from class WHERE class_id = ? 
2019-09-23 04:13:40,309 DEBUG (BaseJdbcLogger.java:143)- ====> Parameters: 0(String)
2019-09-23 04:13:40,309 DEBUG (BaseJdbcLogger.java:143)- <====      Total: 0
2019-09-23 04:13:40,309 DEBUG (BaseJdbcLogger.java:143)- ====>  Preparing: select id, name, sex, birthday, phone, ID_number, email, parent_phone, adress, major, state from student_basic where id = ? 
2019-09-23 04:13:40,309 DEBUG (BaseJdbcLogger.java:143)- ====> Parameters: 24093(String)
2019-09-23 04:13:40,310 DEBUG (BaseJdbcLogger.java:143)- <====      Total: 1
2019-09-23 04:13:40,311 DEBUG (BaseJdbcLogger.java:143)- ====>  Preparing: select id, name, sex, birthday, phone, ID_number, email, parent_phone, adress, major, state from student_basic where id = ? 
2019-09-23 04:13:40,311 DEBUG (BaseJdbcLogger.java:143)- ====> Parameters: 24094(String)
2019-09-23 04:13:40,311 DEBUG (BaseJdbcLogger.java:143)- <====      Total: 1
2019-09-23 04:13:40,313 DEBUG (BaseJdbcLogger.java:143)- ====>  Preparing: select id, name, sex, birthday, phone, ID_number, email, parent_phone, adress, major, state from student_basic where id = ? 
2019-09-23 04:13:40,313 DEBUG (BaseJdbcLogger.java:143)- ====> Parameters: 24101(String)
2019-09-23 04:13:40,314 DEBUG (BaseJdbcLogger.java:143)- <====      Total: 1
2019-09-23 04:13:40,314 DEBUG (BaseJdbcLogger.java:143)- ====>  Preparing: select id, name, sex, birthday, phone, ID_number, email, parent_phone, adress, major, state from student_basic where id = ? 
2019-09-23 04:13:40,315 DEBUG (BaseJdbcLogger.java:143)- ====> Parameters: 24103(String)
2019-09-23 04:13:40,316 DEBUG (BaseJdbcLogger.java:143)- <====      Total: 1
2019-09-23 04:13:40,317 DEBUG (BaseJdbcLogger.java:143)- ====>  Preparing: select id, name, sex, birthday, phone, ID_number, email, parent_phone, adress, major, state from student_basic where id = ? 
2019-09-23 04:13:40,317 DEBUG (BaseJdbcLogger.java:143)- ====> Parameters: 24104(String)
2019-09-23 04:13:40,318 DEBUG (BaseJdbcLogger.java:143)- <====      Total: 1
2019-09-23 04:13:40,318 DEBUG (BaseJdbcLogger.java:143)- ====>  Preparing: select id, name, sex, birthday, phone, ID_number, email, parent_phone, adress, major, state from student_basic where id = ? 
2019-09-23 04:13:40,318 DEBUG (BaseJdbcLogger.java:143)- ====> Parameters: 24105(String)
2019-09-23 04:13:40,319 DEBUG (BaseJdbcLogger.java:143)- <====      Total: 1
2019-09-23 04:13:40,319 DEBUG (BaseJdbcLogger.java:143)- ====>  Preparing: select id, name, sex, birthday, phone, ID_number, email, parent_phone, adress, major, state from student_basic where id = ? 
2019-09-23 04:13:40,319 DEBUG (BaseJdbcLogger.java:143)- ====> Parameters: 24107(String)
2019-09-23 04:13:40,320 DEBUG (BaseJdbcLogger.java:143)- <====      Total: 1
2019-09-23 04:13:40,320 DEBUG (BaseJdbcLogger.java:143)- ====>  Preparing: select id, name, sex, birthday, phone, ID_number, email, parent_phone, adress, major, state from student_basic where id = ? 
2019-09-23 04:13:40,320 DEBUG (BaseJdbcLogger.java:143)- ====> Parameters: 24108(String)
2019-09-23 04:13:40,321 DEBUG (BaseJdbcLogger.java:143)- <====      Total: 1
2019-09-23 04:13:40,322 DEBUG (BaseJdbcLogger.java:143)- ====>  Preparing: select id, name, sex, birthday, phone, ID_number, email, parent_phone, adress, major, state from student_basic where id = ? 
2019-09-23 04:13:40,322 DEBUG (BaseJdbcLogger.java:143)- ====> Parameters: 24111(String)
2019-09-23 04:13:40,322 DEBUG (BaseJdbcLogger.java:143)- <====      Total: 1
2019-09-23 04:13:40,322 DEBUG (BaseJdbcLogger.java:143)- ====>  Preparing: select id, name, sex, birthday, phone, ID_number, email, parent_phone, adress, major, state from student_basic where id = ? 
2019-09-23 04:13:40,323 DEBUG (BaseJdbcLogger.java:143)- ====> Parameters: 24112(String)
2019-09-23 04:13:40,324 DEBUG (BaseJdbcLogger.java:143)- <====      Total: 1
2019-09-23 04:13:40,324 DEBUG (BaseJdbcLogger.java:143)- ====>  Preparing: select id, name, sex, birthday, phone, ID_number, email, parent_phone, adress, major, state from student_basic where id = ? 
2019-09-23 04:13:40,324 DEBUG (BaseJdbcLogger.java:143)- ====> Parameters: 24114(String)
2019-09-23 04:13:40,325 DEBUG (BaseJdbcLogger.java:143)- <====      Total: 1
2019-09-23 04:13:40,325 DEBUG (BaseJdbcLogger.java:143)- ====>  Preparing: select id, name, sex, birthday, phone, ID_number, email, parent_phone, adress, major, state from student_basic where id = ? 
2019-09-23 04:13:40,325 DEBUG (BaseJdbcLogger.java:143)- ====> Parameters: 24117(String)
2019-09-23 04:13:40,326 DEBUG (BaseJdbcLogger.java:143)- <====      Total: 1
2019-09-23 04:13:40,326 DEBUG (BaseJdbcLogger.java:143)- ====>  Preparing: select id, name, sex, birthday, phone, ID_number, email, parent_phone, adress, major, state from student_basic where id = ? 
2019-09-23 04:13:40,326 DEBUG (BaseJdbcLogger.java:143)- ====> Parameters: 24120(String)
2019-09-23 04:13:40,327 DEBUG (BaseJdbcLogger.java:143)- <====      Total: 1
2019-09-23 04:13:40,327 DEBUG (BaseJdbcLogger.java:143)- ====>  Preparing: select id, name, sex, birthday, phone, ID_number, email, parent_phone, adress, major, state from student_basic where id = ? 
2019-09-23 04:13:40,327 DEBUG (BaseJdbcLogger.java:143)- ====> Parameters: 24122(String)
2019-09-23 04:13:40,328 DEBUG (BaseJdbcLogger.java:143)- <====      Total: 1
2019-09-23 04:13:40,329 DEBUG (BaseJdbcLogger.java:143)- ====>  Preparing: select id, name, sex, birthday, phone, ID_number, email, parent_phone, adress, major, state from student_basic where id = ? 
2019-09-23 04:13:40,329 DEBUG (BaseJdbcLogger.java:143)- ====> Parameters: 24123(String)
2019-09-23 04:13:40,330 DEBUG (BaseJdbcLogger.java:143)- <====      Total: 1
2019-09-23 04:13:40,330 DEBUG (BaseJdbcLogger.java:143)- ====>  Preparing: select id, name, sex, birthday, phone, ID_number, email, parent_phone, adress, major, state from student_basic where id = ? 
2019-09-23 04:13:40,330 DEBUG (BaseJdbcLogger.java:143)- ====> Parameters: 24125(String)
2019-09-23 04:13:40,330 DEBUG (BaseJdbcLogger.java:143)- <====      Total: 1
2019-09-23 04:13:40,331 DEBUG (BaseJdbcLogger.java:143)- ====>  Preparing: select id, name, sex, birthday, phone, ID_number, email, parent_phone, adress, major, state from student_basic where id = ? 
2019-09-23 04:13:40,331 DEBUG (BaseJdbcLogger.java:143)- ====> Parameters: 24126(String)
2019-09-23 04:13:40,331 DEBUG (BaseJdbcLogger.java:143)- <====      Total: 1
2019-09-23 04:13:40,333 DEBUG (BaseJdbcLogger.java:143)- ====>  Preparing: select id, name, sex, birthday, phone, ID_number, email, parent_phone, adress, major, state from student_basic where id = ? 
2019-09-23 04:13:40,333 DEBUG (BaseJdbcLogger.java:143)- ====> Parameters: 24128(String)
2019-09-23 04:13:40,333 DEBUG (BaseJdbcLogger.java:143)- <====      Total: 1
2019-09-23 04:13:40,333 DEBUG (BaseJdbcLogger.java:143)- ====>  Preparing: select id, name, sex, birthday, phone, ID_number, email, parent_phone, adress, major, state from student_basic where id = ? 
2019-09-23 04:13:40,333 DEBUG (BaseJdbcLogger.java:143)- ====> Parameters: 24129(String)
2019-09-23 04:13:40,335 DEBUG (BaseJdbcLogger.java:143)- <====      Total: 1
2019-09-23 04:13:40,335 DEBUG (BaseJdbcLogger.java:143)- ====>  Preparing: select id, name, sex, birthday, phone, ID_number, email, parent_phone, adress, major, state from student_basic where id = ? 
2019-09-23 04:13:40,337 DEBUG (BaseJdbcLogger.java:143)- ====> Parameters: 24134(String)
2019-09-23 04:13:40,338 DEBUG (BaseJdbcLogger.java:143)- <====      Total: 1
2019-09-23 04:13:40,338 DEBUG (BaseJdbcLogger.java:143)- ====>  Preparing: select id, name, sex, birthday, phone, ID_number, email, parent_phone, adress, major, state from student_basic where id = ? 
2019-09-23 04:13:40,338 DEBUG (BaseJdbcLogger.java:143)- ====> Parameters: 24137(String)
2019-09-23 04:13:40,339 DEBUG (BaseJdbcLogger.java:143)- <====      Total: 1
2019-09-23 04:13:40,340 DEBUG (BaseJdbcLogger.java:143)- ====>  Preparing: select id, name, sex, birthday, phone, ID_number, email, parent_phone, adress, major, state from student_basic where id = ? 
2019-09-23 04:13:40,340 DEBUG (BaseJdbcLogger.java:143)- ====> Parameters: 24138(String)
2019-09-23 04:13:40,342 DEBUG (BaseJdbcLogger.java:143)- <====      Total: 1
2019-09-23 04:13:40,342 DEBUG (BaseJdbcLogger.java:143)- ====>  Preparing: select id, name, sex, birthday, phone, ID_number, email, parent_phone, adress, major, state from student_basic where id = ? 
2019-09-23 04:13:40,342 DEBUG (BaseJdbcLogger.java:143)- ====> Parameters: 24145(String)
2019-09-23 04:13:40,344 DEBUG (BaseJdbcLogger.java:143)- <====      Total: 1
2019-09-23 04:13:40,344 DEBUG (BaseJdbcLogger.java:143)- ====>  Preparing: select id, name, sex, birthday, phone, ID_number, email, parent_phone, adress, major, state from student_basic where id = ? 
