2019-09-02 12:38:37,938 DEBUG (BaseJdbcLogger.java:143)- ====>  Preparing: select id, name, sex, birthday, phone, ID_number, email, parent_phone, adress, major, state from student_basic where id = ? 
2019-09-02 12:38:37,940 DEBUG (BaseJdbcLogger.java:143)- ====> Parameters: 18898(String)
2019-09-02 12:38:37,941 DEBUG (BaseJdbcLogger.java:143)- <====      Total: 1
2019-09-02 12:38:37,942 DEBUG (BaseJdbcLogger.java:143)- ====>  Preparing: select id, name, sex, birthday, phone, ID_number, email, parent_phone, adress, major, state from student_basic where id = ? 
2019-09-02 12:38:37,942 DEBUG (BaseJdbcLogger.java:143)- ====> Parameters: 18900(String)
2019-09-02 12:38:37,942 DEBUG (BaseJdbcLogger.java:143)- <====      Total: 1
2019-09-02 12:38:37,943 DEBUG (BaseJdbcLogger.java:143)- ====>  Preparing: select id, name, sex, birthday, phone, ID_number, email, parent_phone, adress, major, state from student_basic where id = ? 
2019-09-02 12:38:37,943 DEBUG (BaseJdbcLogger.java:143)- ====> Parameters: 18902(String)
2019-09-02 12:38:37,944 DEBUG (BaseJdbcLogger.java:143)- <====      Total: 1
2019-09-02 12:38:37,944 DEBUG (BaseJdbcLogger.java:143)- ====>  Preparing: select id, name, sex, birthday, phone, ID_number, email, parent_phone, adress, major, state from student_basic where id = ? 
2019-09-02 12:38:37,944 DEBUG (BaseJdbcLogger.java:143)- ====> Parameters: 18903(String)
2019-09-02 12:38:37,945 DEBUG (BaseJdbcLogger.java:143)- <====      Total: 1
2019-09-02 12:38:37,945 DEBUG (BaseJdbcLogger.java:143)- ====>  Preparing: select id, name, sex, birthday, phone, ID_number, email, parent_phone, adress, major, state from student_basic where id = ? 
2019-09-02 12:38:37,945 DEBUG (BaseJdbcLogger.java:143)- ====> Parameters: 18904(String)
2019-09-02 12:38:37,946 DEBUG (BaseJdbcLogger.java:143)- <====      Total: 1
2019-09-02 12:38:37,946 DEBUG (BaseJdbcLogger.java:143)- <==      Total: 25
2019-09-02 12:38:37,947 DEBUG (BaseJdbcLogger.java:143)- ==>  Preparing: select dormitory_allocation.id, dormitory_allocation.class_id, dormitory_allocation.dormitory_id,dormitory_allocation.number from dormitory_allocation,dormitory WHERE dormitory_allocation.dormitory_id=dormitory.id and dormitory.sex=? and class_id = ? 
2019-09-02 12:38:37,947 DEBUG (BaseJdbcLogger.java:143)- ==> Parameters: 男(String), 080205201903(String)
2019-09-02 12:38:37,948 DEBUG (BaseJdbcLogger.java:143)- ====>  Preparing: select id, dong, floor, room, sex, number, rent from dormitory where id = ? 
2019-09-02 12:38:37,948 DEBUG (BaseJdbcLogger.java:143)- ====> Parameters: 18(Integer)
2019-09-02 12:38:37,949 DEBUG (BaseJdbcLogger.java:143)- <====      Total: 1
2019-09-02 12:38:37,950 DEBUG (BaseJdbcLogger.java:143)- ====>  Preparing: select id, dong, floor, room, sex, number, rent from dormitory where id = ? 
2019-09-02 12:38:37,950 DEBUG (BaseJdbcLogger.java:143)- ====> Parameters: 19(Integer)
2019-09-02 12:38:37,952 DEBUG (BaseJdbcLogger.java:143)- <====      Total: 1
2019-09-02 12:38:37,953 DEBUG (BaseJdbcLogger.java:143)- ====>  Preparing: select id, dong, floor, room, sex, number, rent from dormitory where id = ? 
2019-09-02 12:38:37,953 DEBUG (BaseJdbcLogger.java:143)- ====> Parameters: 20(Integer)
2019-09-02 12:38:37,954 DEBUG (BaseJdbcLogger.java:143)- <====      Total: 1
2019-09-02 12:38:37,954 DEBUG (BaseJdbcLogger.java:143)- ====>  Preparing: select id, dong, floor, room, sex, number, rent from dormitory where id = ? 
2019-09-02 12:38:37,955 DEBUG (BaseJdbcLogger.java:143)- ====> Parameters: 21(Integer)
2019-09-02 12:38:37,955 DEBUG (BaseJdbcLogger.java:143)- <====      Total: 1
2019-09-02 12:38:37,955 DEBUG (BaseJdbcLogger.java:143)- ====>  Preparing: select id, dong, floor, room, sex, number, rent from dormitory where id = ? 
2019-09-02 12:38:37,956 DEBUG (BaseJdbcLogger.java:143)- ====> Parameters: 22(Integer)
2019-09-02 12:38:37,956 DEBUG (BaseJdbcLogger.java:143)- <====      Total: 1
2019-09-02 12:38:37,956 DEBUG (BaseJdbcLogger.java:143)- <==      Total: 5
2019-09-02 12:38:37,957 DEBUG (BaseJdbcLogger.java:143)- ==>  Preparing: select dormitory_allocation.id, dormitory_allocation.class_id, dormitory_allocation.dormitory_id,dormitory_allocation.number from dormitory_allocation,dormitory WHERE dormitory_allocation.dormitory_id=dormitory.id and dormitory.sex=? and class_id = ? 
2019-09-02 12:38:37,957 DEBUG (BaseJdbcLogger.java:143)- ==> Parameters: 女(String), 080205201903(String)
2019-09-02 12:38:37,958 DEBUG (BaseJdbcLogger.java:143)- ====>  Preparing: select id, dong, floor, room, sex, number, rent from dormitory where id = ? 
2019-09-02 12:38:37,958 DEBUG (BaseJdbcLogger.java:143)- ====> Parameters: 469(Integer)
2019-09-02 12:38:37,958 DEBUG (BaseJdbcLogger.java:143)- <====      Total: 1
2019-09-02 12:38:37,959 DEBUG (BaseJdbcLogger.java:143)- ====>  Preparing: select id, dong, floor, room, sex, number, rent from dormitory where id = ? 
2019-09-02 12:38:37,959 DEBUG (BaseJdbcLogger.java:143)- ====> Parameters: 470(Integer)
2019-09-02 12:38:37,959 DEBUG (BaseJdbcLogger.java:143)- <====      Total: 1
2019-09-02 12:38:37,960 DEBUG (BaseJdbcLogger.java:143)- ====>  Preparing: select id, dong, floor, room, sex, number, rent from dormitory where id = ? 
2019-09-02 12:38:37,960 DEBUG (BaseJdbcLogger.java:143)- ====> Parameters: 471(Integer)
2019-09-02 12:38:37,960 DEBUG (BaseJdbcLogger.java:143)- <====      Total: 1
2019-09-02 12:38:37,961 DEBUG (BaseJdbcLogger.java:143)- ====>  Preparing: select id, dong, floor, room, sex, number, rent from dormitory where id = ? 
2019-09-02 12:38:37,961 DEBUG (BaseJdbcLogger.java:143)- ====> Parameters: 472(Integer)
2019-09-02 12:38:37,961 DEBUG (BaseJdbcLogger.java:143)- <====      Total: 1
2019-09-02 12:38:37,962 DEBUG (BaseJdbcLogger.java:143)- ====>  Preparing: select id, dong, floor, room, sex, number, rent from dormitory where id = ? 
2019-09-02 12:38:37,962 DEBUG (BaseJdbcLogger.java:143)- ====> Parameters: 473(Integer)
2019-09-02 12:38:37,962 DEBUG (BaseJdbcLogger.java:143)- <====      Total: 1
2019-09-02 12:38:37,963 DEBUG (BaseJdbcLogger.java:143)- <==      Total: 5
2019-09-02 12:38:37,963 DEBUG (BaseJdbcLogger.java:143)- ==>  Preparing: select student_status.id,student_status.basic_id, student_status.student_id, student_status.class_id from student_status,student_basic where student_status.basic_id=student_basic.id and student_basic.sex=? and student_status.class_id=? 
2019-09-02 12:38:37,963 DEBUG (BaseJdbcLogger.java:143)- ==> Parameters: 男(String), 080205201904(String)
2019-09-02 12:38:37,964 DEBUG (BaseJdbcLogger.java:143)- ====>  Preparing: select id, name, sex, birthday, phone, ID_number, email, parent_phone, adress, major, state from student_basic where id = ? 
2019-09-02 12:38:37,964 DEBUG (BaseJdbcLogger.java:143)- ====> Parameters: 18899(String)
2019-09-02 12:38:37,965 DEBUG (BaseJdbcLogger.java:143)- <====      Total: 1
2019-09-02 12:38:37,965 DEBUG (BaseJdbcLogger.java:143)- ====>  Preparing: select id, class_id, name, director, grade, major_id from class where class_id = ? 
2019-09-02 12:38:37,965 DEBUG (BaseJdbcLogger.java:143)- ====> Parameters: 080205201904(String)
2019-09-02 12:38:37,966 DEBUG (BaseJdbcLogger.java:143)- ======>  Preparing: select id, major_id, name, price, department_id from major where major_id = ? 
2019-09-02 12:38:37,966 DEBUG (BaseJdbcLogger.java:143)- ======> Parameters: 080205(String)
2019-09-02 12:38:37,967 DEBUG (BaseJdbcLogger.java:143)- <======      Total: 1
2019-09-02 12:38:37,968 DEBUG (BaseJdbcLogger.java:143)- <====      Total: 1
2019-09-02 12:38:37,969 DEBUG (BaseJdbcLogger.java:143)- ====>  Preparing: select id, name, sex, birthday, phone, ID_number, email, parent_phone, adress, major, state from student_basic where id = ? 
2019-09-02 12:38:37,969 DEBUG (BaseJdbcLogger.java:143)- ====> Parameters: 18901(String)
2019-09-02 12:38:37,970 DEBUG (BaseJdbcLogger.java:143)- <====      Total: 1
2019-09-02 12:38:37,970 DEBUG (BaseJdbcLogger.java:143)- ====>  Preparing: select id, name, sex, birthday, phone, ID_number, email, parent_phone, adress, major, state from student_basic where id = ? 
2019-09-02 12:38:37,970 DEBUG (BaseJdbcLogger.java:143)- ====> Parameters: 18905(String)
2019-09-02 12:38:37,971 DEBUG (BaseJdbcLogger.java:143)- <====      Total: 1
2019-09-02 12:38:37,971 DEBUG (BaseJdbcLogger.java:143)- ====>  Preparing: select id, name, sex, birthday, phone, ID_number, email, parent_phone, adress, major, state from student_basic where id = ? 
2019-09-02 12:38:37,972 DEBUG (BaseJdbcLogger.java:143)- ====> Parameters: 18906(String)
2019-09-02 12:38:37,972 DEBUG (BaseJdbcLogger.java:143)- <====      Total: 1
2019-09-02 12:38:37,972 DEBUG (BaseJdbcLogger.java:143)- ====>  Preparing: select id, name, sex, birthday, phone, ID_number, email, parent_phone, adress, major, state from student_basic where id = ? 
2019-09-02 12:38:37,973 DEBUG (BaseJdbcLogger.java:143)- ====> Parameters: 18909(String)
2019-09-02 12:38:37,973 DEBUG (BaseJdbcLogger.java:143)- <====      Total: 1
2019-09-02 12:38:37,973 DEBUG (BaseJdbcLogger.java:143)- ====>  Preparing: select id, name, sex, birthday, phone, ID_number, email, parent_phone, adress, major, state from student_basic where id = ? 
2019-09-02 12:38:37,974 DEBUG (BaseJdbcLogger.java:143)- ====> Parameters: 18910(String)
2019-09-02 12:38:37,974 DEBUG (BaseJdbcLogger.java:143)- <====      Total: 1
2019-09-02 12:38:37,974 DEBUG (BaseJdbcLogger.java:143)- ====>  Preparing: select id, name, sex, birthday, phone, ID_number, email, parent_phone, adress, major, state from student_basic where id = ? 
2019-09-02 12:38:37,975 DEBUG (BaseJdbcLogger.java:143)- ====> Parameters: 18911(String)
2019-09-02 12:38:37,975 DEBUG (BaseJdbcLogger.java:143)- <====      Total: 1
2019-09-02 12:38:37,976 DEBUG (BaseJdbcLogger.java:143)- ====>  Preparing: select id, name, sex, birthday, phone, ID_number, email, parent_phone, adress, major, state from student_basic where id = ? 
2019-09-02 12:38:37,976 DEBUG (BaseJdbcLogger.java:143)- ====> Parameters: 18916(String)
2019-09-02 12:38:37,976 DEBUG (BaseJdbcLogger.java:143)- <====      Total: 1
2019-09-02 12:38:37,977 DEBUG (BaseJdbcLogger.java:143)- ====>  Preparing: select id, name, sex, birthday, phone, ID_number, email, parent_phone, adress, major, state from student_basic where id = ? 
2019-09-02 12:38:37,977 DEBUG (BaseJdbcLogger.java:143)- ====> Parameters: 18917(String)
2019-09-02 12:38:37,977 DEBUG (BaseJdbcLogger.java:143)- <====      Total: 1
2019-09-02 12:38:37,978 DEBUG (BaseJdbcLogger.java:143)- ====>  Preparing: select id, name, sex, birthday, phone, ID_number, email, parent_phone, adress, major, state from student_basic where id = ? 
2019-09-02 12:38:37,978 DEBUG (BaseJdbcLogger.java:143)- ====> Parameters: 18918(String)
2019-09-02 12:38:37,978 DEBUG (BaseJdbcLogger.java:143)- <====      Total: 1
2019-09-02 12:38:37,979 DEBUG (BaseJdbcLogger.java:143)- ====>  Preparing: select id, name, sex, birthday, phone, ID_number, email, parent_phone, adress, major, state from student_basic where id = ? 
2019-09-02 12:38:37,979 DEBUG (BaseJdbcLogger.java:143)- ====> Parameters: 18919(String)
2019-09-02 12:38:37,979 DEBUG (BaseJdbcLogger.java:143)- <====      Total: 1
2019-09-02 12:38:37,980 DEBUG (BaseJdbcLogger.java:143)- ====>  Preparing: select id, name, sex, birthday, phone, ID_number, email, parent_phone, adress, major, state from student_basic where id = ? 
2019-09-02 12:38:37,980 DEBUG (BaseJdbcLogger.java:143)- ====> Parameters: 18922(String)
2019-09-02 12:38:37,981 DEBUG (BaseJdbcLogger.java:143)- <====      Total: 1
2019-09-02 12:38:37,981 DEBUG (BaseJdbcLogger.java:143)- ====>  Preparing: select id, name, sex, birthday, phone, ID_number, email, parent_phone, adress, major, state from student_basic where id = ? 
2019-09-02 12:38:37,981 DEBUG (BaseJdbcLogger.java:143)- ====> Parameters: 18924(String)
2019-09-02 12:38:37,982 DEBUG (BaseJdbcLogger.java:143)- <====      Total: 1
2019-09-02 12:38:37,982 DEBUG (BaseJdbcLogger.java:143)- ====>  Preparing: select id, name, sex, birthday, phone, ID_number, email, parent_phone, adress, major, state from student_basic where id = ? 
2019-09-02 12:38:37,983 DEBUG (BaseJdbcLogger.java:143)- ====> Parameters: 18926(String)
2019-09-02 12:38:37,983 DEBUG (BaseJdbcLogger.java:143)- <====      Total: 1
2019-09-02 12:38:37,984 DEBUG (BaseJdbcLogger.java:143)- ====>  Preparing: select id, name, sex, birthday, phone, ID_number, email, parent_phone, adress, major, state from student_basic where id = ? 
2019-09-02 12:38:37,984 DEBUG (BaseJdbcLogger.java:143)- ====> Parameters: 18927(String)
2019-09-02 12:38:37,985 DEBUG (BaseJdbcLogger.java:143)- <====      Total: 1
2019-09-02 12:38:37,985 DEBUG (BaseJdbcLogger.java:143)- ====>  Preparing: select id, name, sex, birthday, phone, ID_number, email, parent_phone, adress, major, state from student_basic where id = ? 
2019-09-02 12:38:37,986 DEBUG (BaseJdbcLogger.java:143)- ====> Parameters: 18933(String)
2019-09-02 12:38:37,987 DEBUG (BaseJdbcLogger.java:143)- <====      Total: 1
2019-09-02 12:38:37,987 DEBUG (BaseJdbcLogger.java:143)- ====>  Preparing: select id, name, sex, birthday, phone, ID_number, email, parent_phone, adress, major, state from student_basic where id = ? 
2019-09-02 12:38:37,988 DEBUG (BaseJdbcLogger.java:143)- ====> Parameters: 18936(String)
2019-09-02 12:38:37,989 DEBUG (BaseJdbcLogger.java:143)- <====      Total: 1
2019-09-02 12:38:37,990 DEBUG (BaseJdbcLogger.java:143)- ====>  Preparing: select id, name, sex, birthday, phone, ID_number, email, parent_phone, adress, major, state from student_basic where id = ? 
2019-09-02 12:38:37,990 DEBUG (BaseJdbcLogger.java:143)- ====> Parameters: 18937(String)
2019-09-02 12:38:37,991 DEBUG (BaseJdbcLogger.java:143)- <====      Total: 1
2019-09-02 12:38:37,991 DEBUG (BaseJdbcLogger.java:143)- ====>  Preparing: select id, name, sex, birthday, phone, ID_number, email, parent_phone, adress, major, state from student_basic where id = ? 
2019-09-02 12:38:37,992 DEBUG (BaseJdbcLogger.java:143)- ====> Parameters: 18943(String)
2019-09-02 12:38:37,992 DEBUG (BaseJdbcLogger.java:143)- <====      Total: 1
2019-09-02 12:38:37,993 DEBUG (BaseJdbcLogger.java:143)- ====>  Preparing: select id, name, sex, birthday, phone, ID_number, email, parent_phone, adress, major, state from student_basic where id = ? 
2019-09-02 12:38:37,993 DEBUG (BaseJdbcLogger.java:143)- ====> Parameters: 18944(String)
2019-09-02 12:38:37,994 DEBUG (BaseJdbcLogger.java:143)- <====      Total: 1
2019-09-02 12:38:37,994 DEBUG (BaseJdbcLogger.java:143)- ====>  Preparing: select id, name, sex, birthday, phone, ID_number, email, parent_phone, adress, major, state from student_basic where id = ? 
2019-09-02 12:38:37,994 DEBUG (BaseJdbcLogger.java:143)- ====> Parameters: 18945(String)
2019-09-02 12:38:37,995 DEBUG (BaseJdbcLogger.java:143)- <====      Total: 1
2019-09-02 12:38:37,996 DEBUG (BaseJdbcLogger.java:143)- ====>  Preparing: select id, name, sex, birthday, phone, ID_number, email, parent_phone, adress, major, state from student_basic where id = ? 
2019-09-02 12:38:37,996 DEBUG (BaseJdbcLogger.java:143)- ====> Parameters: 18946(String)
2019-09-02 12:38:37,997 DEBUG (BaseJdbcLogger.java:143)- <====      Total: 1
2019-09-02 12:38:37,997 DEBUG (BaseJdbcLogger.java:143)- ====>  Preparing: select id, name, sex, birthday, phone, ID_number, email, parent_phone, adress, major, state from student_basic where id = ? 
2019-09-02 12:38:37,998 DEBUG (BaseJdbcLogger.java:143)- ====> Parameters: 18947(String)
2019-09-02 12:38:37,998 DEBUG (BaseJdbcLogger.java:143)- <====      Total: 1
2019-09-02 12:38:37,999 DEBUG (BaseJdbcLogger.java:143)- ====>  Preparing: select id, name, sex, birthday, phone, ID_number, email, parent_phone, adress, major, state from student_basic where id = ? 
2019-09-02 12:38:37,999 DEBUG (BaseJdbcLogger.java:143)- ====> Parameters: 18949(String)
2019-09-02 12:38:38,000 DEBUG (BaseJdbcLogger.java:143)- <====      Total: 1
2019-09-02 12:38:38,001 DEBUG (BaseJdbcLogger.java:143)- ====>  Preparing: select id, name, sex, birthday, phone, ID_number, email, parent_phone, adress, major, state from student_basic where id = ? 
2019-09-02 12:38:38,001 DEBUG (BaseJdbcLogger.java:143)- ====> Parameters: 18954(String)
2019-09-02 12:38:38,003 DEBUG (BaseJdbcLogger.java:143)- <====      Total: 1
2019-09-02 12:38:38,003 DEBUG (BaseJdbcLogger.java:143)- <==      Total: 25
2019-09-02 12:38:38,004 DEBUG (BaseJdbcLogger.java:143)- ==>  Preparing: select student_status.id,student_status.basic_id, student_status.student_id, student_status.class_id from student_status,student_basic where student_status.basic_id=student_basic.id and student_basic.sex=? and student_status.class_id=? 
2019-09-02 12:38:38,005 DEBUG (BaseJdbcLogger.java:143)- ==> Parameters: 女(String), 080205201904(String)
2019-09-02 12:38:38,007 DEBUG (BaseJdbcLogger.java:143)- ====>  Preparing: select id, name, sex, birthday, phone, ID_number, email, parent_phone, adress, major, state from student_basic where id = ? 
2019-09-02 12:38:38,008 DEBUG (BaseJdbcLogger.java:143)- ====> Parameters: 18907(String)
2019-09-02 12:38:38,009 DEBUG (BaseJdbcLogger.java:143)- <====      Total: 1
2019-09-02 12:38:38,009 DEBUG (BaseJdbcLogger.java:143)- ====>  Preparing: select id, class_id, name, director, grade, major_id from class where class_id = ? 
2019-09-02 12:38:38,010 DEBUG (BaseJdbcLogger.java:143)- ====> Parameters: 080205201904(String)
2019-09-02 12:38:38,010 DEBUG (BaseJdbcLogger.java:143)- ======>  Preparing: select id, major_id, name, price, department_id from major where major_id = ? 
2019-09-02 12:38:38,011 DEBUG (BaseJdbcLogger.java:143)- ======> Parameters: 080205(String)
2019-09-02 12:38:38,012 DEBUG (BaseJdbcLogger.java:143)- <======      Total: 1
2019-09-02 12:38:38,012 DEBUG (BaseJdbcLogger.java:143)- <====      Total: 1
2019-09-02 12:38:38,012 DEBUG (BaseJdbcLogger.java:143)- ====>  Preparing: select id, name, sex, birthday, phone, ID_number, email, parent_phone, adress, major, state from student_basic where id = ? 
2019-09-02 12:38:38,012 DEBUG (BaseJdbcLogger.java:143)- ====> Parameters: 18908(String)
2019-09-02 12:38:38,013 DEBUG (BaseJdbcLogger.java:143)- <====      Total: 1
2019-09-02 12:38:38,014 DEBUG (BaseJdbcLogger.java:143)- ====>  Preparing: select id, name, sex, birthday, phone, ID_number, email, parent_phone, adress, major, state from student_basic where id = ? 
2019-09-02 12:38:38,014 DEBUG (BaseJdbcLogger.java:143)- ====> Parameters: 18912(String)
2019-09-02 12:38:38,015 DEBUG (BaseJdbcLogger.java:143)- <====      Total: 1
2019-09-02 12:38:38,016 DEBUG (BaseJdbcLogger.java:143)- ====>  Preparing: select id, name, sex, birthday, phone, ID_number, email, parent_phone, adress, major, state from student_basic where id = ? 
2019-09-02 12:38:38,016 DEBUG (BaseJdbcLogger.java:143)- ====> Parameters: 18913(String)
2019-09-02 12:38:38,017 DEBUG (BaseJdbcLogger.java:143)- <====      Total: 1
2019-09-02 12:38:38,017 DEBUG (BaseJdbcLogger.java:143)- ====>  Preparing: select id, name, sex, birthday, phone, ID_number, email, parent_phone, adress, major, state from student_basic where id = ? 
2019-09-02 12:38:38,017 DEBUG (BaseJdbcLogger.java:143)- ====> Parameters: 18914(String)
2019-09-02 12:38:38,019 DEBUG (BaseJdbcLogger.java:143)- <====      Total: 1
2019-09-02 12:38:38,020 DEBUG (BaseJdbcLogger.java:143)- ====>  Preparing: select id, name, sex, birthday, phone, ID_number, email, parent_phone, adress, major, state from student_basic where id = ? 
2019-09-02 12:38:38,020 DEBUG (BaseJdbcLogger.java:143)- ====> Parameters: 18915(String)
2019-09-02 12:38:38,021 DEBUG (BaseJdbcLogger.java:143)- <====      Total: 1
2019-09-02 12:38:38,021 DEBUG (BaseJdbcLogger.java:143)- ====>  Preparing: select id, name, sex, birthday, phone, ID_number, email, parent_phone, adress, major, state from student_basic where id = ? 
2019-09-02 12:38:38,021 DEBUG (BaseJdbcLogger.java:143)- ====> Parameters: 18920(String)
2019-09-02 12:38:38,022 DEBUG (BaseJdbcLogger.java:143)- <====      Total: 1
2019-09-02 12:38:38,022 DEBUG (BaseJdbcLogger.java:143)- ====>  Preparing: select id, name, sex, birthday, phone, ID_number, email, parent_phone, adress, major, state from student_basic where id = ? 
2019-09-02 12:38:38,022 DEBUG (BaseJdbcLogger.java:143)- ====> Parameters: 18921(String)
2019-09-02 12:38:38,023 DEBUG (BaseJdbcLogger.java:143)- <====      Total: 1
2019-09-02 12:38:38,023 DEBUG (BaseJdbcLogger.java:143)- ====>  Preparing: select id, name, sex, birthday, phone, ID_number, email, parent_phone, adress, major, state from student_basic where id = ? 
2019-09-02 12:38:38,024 DEBUG (BaseJdbcLogger.java:143)- ====> Parameters: 18923(String)
2019-09-02 12:38:38,024 DEBUG (BaseJdbcLogger.java:143)- <====      Total: 1
2019-09-02 12:38:38,024 DEBUG (BaseJdbcLogger.java:143)- ====>  Preparing: select id, name, sex, birthday, phone, ID_number, email, parent_phone, adress, major, state from student_basic where id = ? 
2019-09-02 12:38:38,025 DEBUG (BaseJdbcLogger.java:143)- ====> Parameters: 18925(String)
2019-09-02 12:38:38,025 DEBUG (BaseJdbcLogger.java:143)- <====      Total: 1
2019-09-02 12:38:38,025 DEBUG (BaseJdbcLogger.java:143)- ====>  Preparing: select id, name, sex, birthday, phone, ID_number, email, parent_phone, adress, major, state from student_basic where id = ? 
2019-09-02 12:38:38,026 DEBUG (BaseJdbcLogger.java:143)- ====> Parameters: 18928(String)
2019-09-02 12:38:38,026 DEBUG (BaseJdbcLogger.java:143)- <====      Total: 1
2019-09-02 12:38:38,027 DEBUG (BaseJdbcLogger.java:143)- ====>  Preparing: select id, name, sex, birthday, phone, ID_number, email, parent_phone, adress, major, state from student_basic where id = ? 
2019-09-02 12:38:38,027 DEBUG (BaseJdbcLogger.java:143)- ====> Parameters: 18929(String)
2019-09-02 12:38:38,027 DEBUG (BaseJdbcLogger.java:143)- <====      Total: 1
2019-09-02 12:38:38,028 DEBUG (BaseJdbcLogger.java:143)- ====>  Preparing: select id, name, sex, birthday, phone, ID_number, email, parent_phone, adress, major, state from student_basic where id = ? 
2019-09-02 12:38:38,028 DEBUG (BaseJdbcLogger.java:143)- ====> Parameters: 18930(String)
2019-09-02 12:38:38,028 DEBUG (BaseJdbcLogger.java:143)- <====      Total: 1
2019-09-02 12:38:38,029 DEBUG (BaseJdbcLogger.java:143)- ====>  Preparing: select id, name, sex, birthday, phone, ID_number, email, parent_phone, adress, major, state from student_basic where id = ? 
2019-09-02 12:38:38,029 DEBUG (BaseJdbcLogger.java:143)- ====> Parameters: 18931(String)
2019-09-02 12:38:38,029 DEBUG (BaseJdbcLogger.java:143)- <====      Total: 1
2019-09-02 12:38:38,030 DEBUG (BaseJdbcLogger.java:143)- ====>  Preparing: select id, name, sex, birthday, phone, ID_number, email, parent_phone, adress, major, state from student_basic where id = ? 
2019-09-02 12:38:38,030 DEBUG (BaseJdbcLogger.java:143)- ====> Parameters: 18932(String)
2019-09-02 12:38:38,031 DEBUG (BaseJdbcLogger.java:143)- <====      Total: 1
2019-09-02 12:38:38,031 DEBUG (BaseJdbcLogger.java:143)- ====>  Preparing: select id, name, sex, birthday, phone, ID_number, email, parent_phone, adress, major, state from student_basic where id = ? 
2019-09-02 12:38:38,032 DEBUG (BaseJdbcLogger.java:143)- ====> Parameters: 18934(String)
2019-09-02 12:38:38,032 DEBUG (BaseJdbcLogger.java:143)- <====      Total: 1
2019-09-02 12:38:38,032 DEBUG (BaseJdbcLogger.java:143)- ====>  Preparing: select id, name, sex, birthday, phone, ID_number, email, parent_phone, adress, major, state from student_basic where id = ? 
2019-09-02 12:38:38,033 DEBUG (BaseJdbcLogger.java:143)- ====> Parameters: 18935(String)
2019-09-02 12:38:38,034 DEBUG (BaseJdbcLogger.java:143)- <====      Total: 1
2019-09-02 12:38:38,034 DEBUG (BaseJdbcLogger.java:143)- ====>  Preparing: select id, name, sex, birthday, phone, ID_number, email, parent_phone, adress, major, state from student_basic where id = ? 
2019-09-02 12:38:38,034 DEBUG (BaseJdbcLogger.java:143)- ====> Parameters: 18938(String)
2019-09-02 12:38:38,035 DEBUG (BaseJdbcLogger.java:143)- <====      Total: 1
2019-09-02 12:38:38,036 DEBUG (BaseJdbcLogger.java:143)- ====>  Preparing: select id, name, sex, birthday, phone, ID_number, email, parent_phone, adress, major, state from student_basic where id = ? 
2019-09-02 12:38:38,036 DEBUG (BaseJdbcLogger.java:143)- ====> Parameters: 18939(String)
2019-09-02 12:38:38,036 DEBUG (BaseJdbcLogger.java:143)- <====      Total: 1
2019-09-02 12:38:38,037 DEBUG (BaseJdbcLogger.java:143)- ====>  Preparing: select id, name, sex, birthday, phone, ID_number, email, parent_phone, adress, major, state from student_basic where id = ? 
2019-09-02 12:38:38,037 DEBUG (BaseJdbcLogger.java:143)- ====> Parameters: 18940(String)
2019-09-02 12:38:38,037 DEBUG (BaseJdbcLogger.java:143)- <====      Total: 1
2019-09-02 12:38:38,038 DEBUG (BaseJdbcLogger.java:143)- ====>  Preparing: select id, name, sex, birthday, phone, ID_number, email, parent_phone, adress, major, state from student_basic where id = ? 
2019-09-02 12:38:38,038 DEBUG (BaseJdbcLogger.java:143)- ====> Parameters: 18941(String)
2019-09-02 12:38:38,038 DEBUG (BaseJdbcLogger.java:143)- <====      Total: 1
2019-09-02 12:38:38,039 DEBUG (BaseJdbcLogger.java:143)- ====>  Preparing: select id, name, sex, birthday, phone, ID_number, email, parent_phone, adress, major, state from student_basic where id = ? 
2019-09-02 12:38:38,039 DEBUG (BaseJdbcLogger.java:143)- ====> Parameters: 18942(String)
2019-09-02 12:38:38,039 DEBUG (BaseJdbcLogger.java:143)- <====      Total: 1
2019-09-02 12:38:38,040 DEBUG (BaseJdbcLogger.java:143)- ====>  Preparing: select id, name, sex, birthday, phone, ID_number, email, parent_phone, adress, major, state from student_basic where id = ? 
2019-09-02 12:38:38,040 DEBUG (BaseJdbcLogger.java:143)- ====> Parameters: 18948(String)
2019-09-02 12:38:38,040 DEBUG (BaseJdbcLogger.java:143)- <====      Total: 1
2019-09-02 12:38:38,041 DEBUG (BaseJdbcLogger.java:143)- ====>  Preparing: select id, name, sex, birthday, phone, ID_number, email, parent_phone, adress, major, state from student_basic where id = ? 
2019-09-02 12:38:38,041 DEBUG (BaseJdbcLogger.java:143)- ====> Parameters: 18950(String)
2019-09-02 12:38:38,042 DEBUG (BaseJdbcLogger.java:143)- <====      Total: 1
2019-09-02 12:38:38,042 DEBUG (BaseJdbcLogger.java:143)- ====>  Preparing: select id, name, sex, birthday, phone, ID_number, email, parent_phone, adress, major, state from student_basic where id = ? 
2019-09-02 12:38:38,042 DEBUG (BaseJdbcLogger.java:143)- ====> Parameters: 18951(String)
2019-09-02 12:38:38,043 DEBUG (BaseJdbcLogger.java:143)- <====      Total: 1
2019-09-02 12:38:38,043 DEBUG (BaseJdbcLogger.java:143)- <==      Total: 25
2019-09-02 12:38:38,043 DEBUG (BaseJdbcLogger.java:143)- ==>  Preparing: select dormitory_allocation.id, dormitory_allocation.class_id, dormitory_allocation.dormitory_id,dormitory_allocation.number from dormitory_allocation,dormitory WHERE dormitory_allocation.dormitory_id=dormitory.id and dormitory.sex=? and class_id = ? 
2019-09-02 12:38:38,043 DEBUG (BaseJdbcLogger.java:143)- ==> Parameters: 男(String), 080205201904(String)
2019-09-02 12:38:38,044 DEBUG (BaseJdbcLogger.java:143)- ====>  Preparing: select id, dong, floor, room, sex, number, rent from dormitory where id = ? 
2019-09-02 12:38:38,044 DEBUG (BaseJdbcLogger.java:143)- ====> Parameters: 23(Integer)
2019-09-02 12:38:38,045 DEBUG (BaseJdbcLogger.java:143)- <====      Total: 1
2019-09-02 12:38:38,045 DEBUG (BaseJdbcLogger.java:143)- ====>  Preparing: select id, dong, floor, room, sex, number, rent from dormitory where id = ? 
2019-09-02 12:38:38,045 DEBUG (BaseJdbcLogger.java:143)- ====> Parameters: 24(Integer)
2019-09-02 12:38:38,046 DEBUG (BaseJdbcLogger.java:143)- <====      Total: 1
2019-09-02 12:38:38,046 DEBUG (BaseJdbcLogger.java:143)- ====>  Preparing: select id, dong, floor, room, sex, number, rent from dormitory where id = ? 
2019-09-02 12:38:38,046 DEBUG (BaseJdbcLogger.java:143)- ====> Parameters: 25(Integer)
2019-09-02 12:38:38,047 DEBUG (BaseJdbcLogger.java:143)- <====      Total: 1
2019-09-02 12:38:38,047 DEBUG (BaseJdbcLogger.java:143)- ====>  Preparing: select id, dong, floor, room, sex, number, rent from dormitory where id = ? 
2019-09-02 12:38:38,047 DEBUG (BaseJdbcLogger.java:143)- ====> Parameters: 26(Integer)
2019-09-02 12:38:38,048 DEBUG (BaseJdbcLogger.java:143)- <====      Total: 1
2019-09-02 12:38:38,048 DEBUG (BaseJdbcLogger.java:143)- ====>  Preparing: select id, dong, floor, room, sex, number, rent from dormitory where id = ? 
2019-09-02 12:38:38,048 DEBUG (BaseJdbcLogger.java:143)- ====> Parameters: 27(Integer)
2019-09-02 12:38:38,049 DEBUG (BaseJdbcLogger.java:143)- <====      Total: 1
2019-09-02 12:38:38,049 DEBUG (BaseJdbcLogger.java:143)- <==      Total: 5
2019-09-02 12:38:38,049 DEBUG (BaseJdbcLogger.java:143)- ==>  Preparing: select dormitory_allocation.id, dormitory_allocation.class_id, dormitory_allocation.dormitory_id,dormitory_allocation.number from dormitory_allocation,dormitory WHERE dormitory_allocation.dormitory_id=dormitory.id and dormitory.sex=? and class_id = ? 
2019-09-02 12:38:38,050 DEBUG (BaseJdbcLogger.java:143)- ==> Parameters: 女(String), 080205201904(String)
2019-09-02 12:38:38,050 DEBUG (BaseJdbcLogger.java:143)- ====>  Preparing: select id, dong, floor, room, sex, number, rent from dormitory where id = ? 
2019-09-02 12:38:38,051 DEBUG (BaseJdbcLogger.java:143)- ====> Parameters: 474(Integer)
2019-09-02 12:38:38,052 DEBUG (BaseJdbcLogger.java:143)- <====      Total: 1
2019-09-02 12:38:38,053 DEBUG (BaseJdbcLogger.java:143)- ====>  Preparing: select id, dong, floor, room, sex, number, rent from dormitory where id = ? 
2019-09-02 12:38:38,053 DEBUG (BaseJdbcLogger.java:143)- ====> Parameters: 475(Integer)
2019-09-02 12:38:38,054 DEBUG (BaseJdbcLogger.java:143)- <====      Total: 1
2019-09-02 12:38:38,054 DEBUG (BaseJdbcLogger.java:143)- ====>  Preparing: select id, dong, floor, room, sex, number, rent from dormitory where id = ? 
2019-09-02 12:38:38,055 DEBUG (BaseJdbcLogger.java:143)- ====> Parameters: 476(Integer)
2019-09-02 12:38:38,056 DEBUG (BaseJdbcLogger.java:143)- <====      Total: 1
2019-09-02 12:38:38,056 DEBUG (BaseJdbcLogger.java:143)- ====>  Preparing: select id, dong, floor, room, sex, number, rent from dormitory where id = ? 
2019-09-02 12:38:38,056 DEBUG (BaseJdbcLogger.java:143)- ====> Parameters: 477(Integer)
2019-09-02 12:38:38,057 DEBUG (BaseJdbcLogger.java:143)- <====      Total: 1
2019-09-02 12:38:38,057 DEBUG (BaseJdbcLogger.java:143)- ====>  Preparing: select id, dong, floor, room, sex, number, rent from dormitory where id = ? 
2019-09-02 12:38:38,058 DEBUG (BaseJdbcLogger.java:143)- ====> Parameters: 478(Integer)
2019-09-02 12:38:38,058 DEBUG (BaseJdbcLogger.java:143)- <====      Total: 1
2019-09-02 12:38:38,059 DEBUG (BaseJdbcLogger.java:143)- <==      Total: 5
