2019-10-26 11:39:52,623 DEBUG (BaseJdbcLogger.java:143)- ====>  Preparing: select id, name, sex, birthday, phone, ID_number, email, parent_phone, adress, major, state from student_basic where id = ? 
2019-10-26 11:39:52,624 DEBUG (BaseJdbcLogger.java:143)- ====> Parameters: 28077(String)
2019-10-26 11:39:52,626 DEBUG (BaseJdbcLogger.java:143)- <====      Total: 1
2019-10-26 11:39:52,626 DEBUG (BaseJdbcLogger.java:143)- ====>  Preparing: select id, name, sex, birthday, phone, ID_number, email, parent_phone, adress, major, state from student_basic where id = ? 
2019-10-26 11:39:52,627 DEBUG (BaseJdbcLogger.java:143)- ====> Parameters: 28080(String)
2019-10-26 11:39:52,628 DEBUG (BaseJdbcLogger.java:143)- <====      Total: 1
2019-10-26 11:39:52,629 DEBUG (BaseJdbcLogger.java:143)- ====>  Preparing: select id, name, sex, birthday, phone, ID_number, email, parent_phone, adress, major, state from student_basic where id = ? 
2019-10-26 11:39:52,630 DEBUG (BaseJdbcLogger.java:143)- ====> Parameters: 28081(String)
2019-10-26 11:39:52,631 DEBUG (BaseJdbcLogger.java:143)- <====      Total: 1
2019-10-26 11:39:52,631 DEBUG (BaseJdbcLogger.java:143)- <==      Total: 21
2019-10-26 11:39:52,632 DEBUG (BaseJdbcLogger.java:143)- ==>  Preparing: select dormitory_allocation.id, dormitory_allocation.class_id, dormitory_allocation.dormitory_id,dormitory_allocation.number from dormitory_allocation,dormitory WHERE dormitory_allocation.dormitory_id=dormitory.id and dormitory.sex=? and class_id = ? 
2019-10-26 11:39:52,632 DEBUG (BaseJdbcLogger.java:143)- ==> Parameters: 女(String), 081001201902(String)
2019-10-26 11:39:52,634 DEBUG (BaseJdbcLogger.java:143)- ====>  Preparing: select id, dong, floor, room, sex, number, rent,hasnumber from dormitory where id = ? 
2019-10-26 11:39:52,634 DEBUG (BaseJdbcLogger.java:143)- ====> Parameters: 455(Integer)
2019-10-26 11:39:52,636 DEBUG (BaseJdbcLogger.java:143)- <====      Total: 1
2019-10-26 11:39:52,637 DEBUG (BaseJdbcLogger.java:143)- ====>  Preparing: select id, dong, floor, room, sex, number, rent,hasnumber from dormitory where id = ? 
2019-10-26 11:39:52,638 DEBUG (BaseJdbcLogger.java:143)- ====> Parameters: 456(Integer)
2019-10-26 11:39:52,639 DEBUG (BaseJdbcLogger.java:143)- <====      Total: 1
2019-10-26 11:39:52,640 DEBUG (BaseJdbcLogger.java:143)- ====>  Preparing: select id, dong, floor, room, sex, number, rent,hasnumber from dormitory where id = ? 
2019-10-26 11:39:52,640 DEBUG (BaseJdbcLogger.java:143)- ====> Parameters: 457(Integer)
2019-10-26 11:39:52,640 DEBUG (BaseJdbcLogger.java:143)- <====      Total: 1
2019-10-26 11:39:52,641 DEBUG (BaseJdbcLogger.java:143)- ====>  Preparing: select id, dong, floor, room, sex, number, rent,hasnumber from dormitory where id = ? 
2019-10-26 11:39:52,641 DEBUG (BaseJdbcLogger.java:143)- ====> Parameters: 458(Integer)
2019-10-26 11:39:52,642 DEBUG (BaseJdbcLogger.java:143)- <====      Total: 1
2019-10-26 11:39:52,642 DEBUG (BaseJdbcLogger.java:143)- ====>  Preparing: select id, dong, floor, room, sex, number, rent,hasnumber from dormitory where id = ? 
2019-10-26 11:39:52,642 DEBUG (BaseJdbcLogger.java:143)- ====> Parameters: 454(Integer)
2019-10-26 11:39:52,643 DEBUG (BaseJdbcLogger.java:143)- <====      Total: 1
2019-10-26 11:39:52,643 DEBUG (BaseJdbcLogger.java:143)- <==      Total: 5
2019-10-26 11:39:52,643 DEBUG (BaseJdbcLogger.java:143)- ==>  Preparing: select student_status.id,student_status.basic_id, student_status.student_id, student_status.class_id from student_status,student_basic where student_status.basic_id=student_basic.id and student_basic.sex=? and student_status.class_id=? 
2019-10-26 11:39:52,644 DEBUG (BaseJdbcLogger.java:143)- ==> Parameters: 女(String), 080205201901(String)
2019-10-26 11:39:52,645 DEBUG (BaseJdbcLogger.java:143)- ====>  Preparing: select id, name, sex, birthday, phone, ID_number, email, parent_phone, adress, major, state from student_basic where id = ? 
2019-10-26 11:39:52,645 DEBUG (BaseJdbcLogger.java:143)- ====> Parameters: 28612(String)
2019-10-26 11:39:52,645 DEBUG (BaseJdbcLogger.java:143)- <====      Total: 1
2019-10-26 11:39:52,646 DEBUG (BaseJdbcLogger.java:143)- ====>  Preparing: select id, class_id, name, director, grade, major_id from class WHERE class_id = ? 
2019-10-26 11:39:52,646 DEBUG (BaseJdbcLogger.java:143)- ====> Parameters: 080205201901(String)
2019-10-26 11:39:52,647 DEBUG (BaseJdbcLogger.java:143)- ======>  Preparing: select id, major_id, name, price, department_id from major where major_id = ? 
2019-10-26 11:39:52,647 DEBUG (BaseJdbcLogger.java:143)- ======> Parameters: 080205(String)
2019-10-26 11:39:52,648 DEBUG (BaseJdbcLogger.java:143)- <======      Total: 1
2019-10-26 11:39:52,649 DEBUG (BaseJdbcLogger.java:143)- <====      Total: 1
2019-10-26 11:39:52,649 DEBUG (BaseJdbcLogger.java:143)- ====>  Preparing: select id, name, sex, birthday, phone, ID_number, email, parent_phone, adress, major, state from student_basic where id = ? 
2019-10-26 11:39:52,649 DEBUG (BaseJdbcLogger.java:143)- ====> Parameters: 28614(String)
2019-10-26 11:39:52,650 DEBUG (BaseJdbcLogger.java:143)- <====      Total: 1
2019-10-26 11:39:52,651 DEBUG (BaseJdbcLogger.java:143)- ====>  Preparing: select id, name, sex, birthday, phone, ID_number, email, parent_phone, adress, major, state from student_basic where id = ? 
2019-10-26 11:39:52,652 DEBUG (BaseJdbcLogger.java:143)- ====> Parameters: 28615(String)
2019-10-26 11:39:52,655 DEBUG (BaseJdbcLogger.java:143)- <====      Total: 1
2019-10-26 11:39:52,655 DEBUG (BaseJdbcLogger.java:143)- ====>  Preparing: select id, name, sex, birthday, phone, ID_number, email, parent_phone, adress, major, state from student_basic where id = ? 
2019-10-26 11:39:52,656 DEBUG (BaseJdbcLogger.java:143)- ====> Parameters: 28617(String)
2019-10-26 11:39:52,658 DEBUG (BaseJdbcLogger.java:143)- <====      Total: 1
2019-10-26 11:39:52,658 DEBUG (BaseJdbcLogger.java:143)- ====>  Preparing: select id, name, sex, birthday, phone, ID_number, email, parent_phone, adress, major, state from student_basic where id = ? 
2019-10-26 11:39:52,658 DEBUG (BaseJdbcLogger.java:143)- ====> Parameters: 28620(String)
2019-10-26 11:39:52,659 DEBUG (BaseJdbcLogger.java:143)- <====      Total: 1
2019-10-26 11:39:52,659 DEBUG (BaseJdbcLogger.java:143)- ====>  Preparing: select id, name, sex, birthday, phone, ID_number, email, parent_phone, adress, major, state from student_basic where id = ? 
2019-10-26 11:39:52,660 DEBUG (BaseJdbcLogger.java:143)- ====> Parameters: 28624(String)
2019-10-26 11:39:52,660 DEBUG (BaseJdbcLogger.java:143)- <====      Total: 1
2019-10-26 11:39:52,661 DEBUG (BaseJdbcLogger.java:143)- ====>  Preparing: select id, name, sex, birthday, phone, ID_number, email, parent_phone, adress, major, state from student_basic where id = ? 
2019-10-26 11:39:52,661 DEBUG (BaseJdbcLogger.java:143)- ====> Parameters: 28626(String)
2019-10-26 11:39:52,661 DEBUG (BaseJdbcLogger.java:143)- <====      Total: 1
2019-10-26 11:39:52,662 DEBUG (BaseJdbcLogger.java:143)- ====>  Preparing: select id, name, sex, birthday, phone, ID_number, email, parent_phone, adress, major, state from student_basic where id = ? 
2019-10-26 11:39:52,662 DEBUG (BaseJdbcLogger.java:143)- ====> Parameters: 28628(String)
2019-10-26 11:39:52,663 DEBUG (BaseJdbcLogger.java:143)- <====      Total: 1
2019-10-26 11:39:52,663 DEBUG (BaseJdbcLogger.java:143)- ====>  Preparing: select id, name, sex, birthday, phone, ID_number, email, parent_phone, adress, major, state from student_basic where id = ? 
2019-10-26 11:39:52,663 DEBUG (BaseJdbcLogger.java:143)- ====> Parameters: 28631(String)
2019-10-26 11:39:52,664 DEBUG (BaseJdbcLogger.java:143)- <====      Total: 1
2019-10-26 11:39:52,664 DEBUG (BaseJdbcLogger.java:143)- ====>  Preparing: select id, name, sex, birthday, phone, ID_number, email, parent_phone, adress, major, state from student_basic where id = ? 
2019-10-26 11:39:52,664 DEBUG (BaseJdbcLogger.java:143)- ====> Parameters: 28633(String)
2019-10-26 11:39:52,665 DEBUG (BaseJdbcLogger.java:143)- <====      Total: 1
2019-10-26 11:39:52,665 DEBUG (BaseJdbcLogger.java:143)- ====>  Preparing: select id, name, sex, birthday, phone, ID_number, email, parent_phone, adress, major, state from student_basic where id = ? 
2019-10-26 11:39:52,666 DEBUG (BaseJdbcLogger.java:143)- ====> Parameters: 28635(String)
2019-10-26 11:39:52,666 DEBUG (BaseJdbcLogger.java:143)- <====      Total: 1
2019-10-26 11:39:52,667 DEBUG (BaseJdbcLogger.java:143)- ====>  Preparing: select id, name, sex, birthday, phone, ID_number, email, parent_phone, adress, major, state from student_basic where id = ? 
2019-10-26 11:39:52,667 DEBUG (BaseJdbcLogger.java:143)- ====> Parameters: 28637(String)
2019-10-26 11:39:52,668 DEBUG (BaseJdbcLogger.java:143)- <====      Total: 1
2019-10-26 11:39:52,668 DEBUG (BaseJdbcLogger.java:143)- ====>  Preparing: select id, name, sex, birthday, phone, ID_number, email, parent_phone, adress, major, state from student_basic where id = ? 
2019-10-26 11:39:52,669 DEBUG (BaseJdbcLogger.java:143)- ====> Parameters: 28638(String)
2019-10-26 11:39:52,670 DEBUG (BaseJdbcLogger.java:143)- <====      Total: 1
2019-10-26 11:39:52,671 DEBUG (BaseJdbcLogger.java:143)- ====>  Preparing: select id, name, sex, birthday, phone, ID_number, email, parent_phone, adress, major, state from student_basic where id = ? 
2019-10-26 11:39:52,672 DEBUG (BaseJdbcLogger.java:143)- ====> Parameters: 28640(String)
2019-10-26 11:39:52,672 DEBUG (BaseJdbcLogger.java:143)- <====      Total: 1
2019-10-26 11:39:52,673 DEBUG (BaseJdbcLogger.java:143)- ====>  Preparing: select id, name, sex, birthday, phone, ID_number, email, parent_phone, adress, major, state from student_basic where id = ? 
2019-10-26 11:39:52,673 DEBUG (BaseJdbcLogger.java:143)- ====> Parameters: 28643(String)
2019-10-26 11:39:52,673 DEBUG (BaseJdbcLogger.java:143)- <====      Total: 1
2019-10-26 11:39:52,674 DEBUG (BaseJdbcLogger.java:143)- ====>  Preparing: select id, name, sex, birthday, phone, ID_number, email, parent_phone, adress, major, state from student_basic where id = ? 
2019-10-26 11:39:52,674 DEBUG (BaseJdbcLogger.java:143)- ====> Parameters: 28644(String)
2019-10-26 11:39:52,675 DEBUG (BaseJdbcLogger.java:143)- <====      Total: 1
2019-10-26 11:39:52,675 DEBUG (BaseJdbcLogger.java:143)- ====>  Preparing: select id, name, sex, birthday, phone, ID_number, email, parent_phone, adress, major, state from student_basic where id = ? 
2019-10-26 11:39:52,675 DEBUG (BaseJdbcLogger.java:143)- ====> Parameters: 28646(String)
2019-10-26 11:39:52,676 DEBUG (BaseJdbcLogger.java:143)- <====      Total: 1
2019-10-26 11:39:52,676 DEBUG (BaseJdbcLogger.java:143)- ====>  Preparing: select id, name, sex, birthday, phone, ID_number, email, parent_phone, adress, major, state from student_basic where id = ? 
2019-10-26 11:39:52,676 DEBUG (BaseJdbcLogger.java:143)- ====> Parameters: 28647(String)
2019-10-26 11:39:52,677 DEBUG (BaseJdbcLogger.java:143)- <====      Total: 1
2019-10-26 11:39:52,677 DEBUG (BaseJdbcLogger.java:143)- ====>  Preparing: select id, name, sex, birthday, phone, ID_number, email, parent_phone, adress, major, state from student_basic where id = ? 
2019-10-26 11:39:52,678 DEBUG (BaseJdbcLogger.java:143)- ====> Parameters: 28648(String)
2019-10-26 11:39:52,678 DEBUG (BaseJdbcLogger.java:143)- <====      Total: 1
2019-10-26 11:39:52,678 DEBUG (BaseJdbcLogger.java:143)- ====>  Preparing: select id, name, sex, birthday, phone, ID_number, email, parent_phone, adress, major, state from student_basic where id = ? 
2019-10-26 11:39:52,679 DEBUG (BaseJdbcLogger.java:143)- ====> Parameters: 28651(String)
2019-10-26 11:39:52,679 DEBUG (BaseJdbcLogger.java:143)- <====      Total: 1
2019-10-26 11:39:52,680 DEBUG (BaseJdbcLogger.java:143)- ====>  Preparing: select id, name, sex, birthday, phone, ID_number, email, parent_phone, adress, major, state from student_basic where id = ? 
2019-10-26 11:39:52,680 DEBUG (BaseJdbcLogger.java:143)- ====> Parameters: 28654(String)
2019-10-26 11:39:52,680 DEBUG (BaseJdbcLogger.java:143)- <====      Total: 1
2019-10-26 11:39:52,681 DEBUG (BaseJdbcLogger.java:143)- ====>  Preparing: select id, name, sex, birthday, phone, ID_number, email, parent_phone, adress, major, state from student_basic where id = ? 
2019-10-26 11:39:52,681 DEBUG (BaseJdbcLogger.java:143)- ====> Parameters: 28656(String)
2019-10-26 11:39:52,682 DEBUG (BaseJdbcLogger.java:143)- <====      Total: 1
2019-10-26 11:39:52,682 DEBUG (BaseJdbcLogger.java:143)- ====>  Preparing: select id, name, sex, birthday, phone, ID_number, email, parent_phone, adress, major, state from student_basic where id = ? 
2019-10-26 11:39:52,682 DEBUG (BaseJdbcLogger.java:143)- ====> Parameters: 28659(String)
2019-10-26 11:39:52,683 DEBUG (BaseJdbcLogger.java:143)- <====      Total: 1
2019-10-26 11:39:52,683 DEBUG (BaseJdbcLogger.java:143)- ====>  Preparing: select id, name, sex, birthday, phone, ID_number, email, parent_phone, adress, major, state from student_basic where id = ? 
2019-10-26 11:39:52,683 DEBUG (BaseJdbcLogger.java:143)- ====> Parameters: 28664(String)
2019-10-26 11:39:52,684 DEBUG (BaseJdbcLogger.java:143)- <====      Total: 1
2019-10-26 11:39:52,684 DEBUG (BaseJdbcLogger.java:143)- ====>  Preparing: select id, name, sex, birthday, phone, ID_number, email, parent_phone, adress, major, state from student_basic where id = ? 
2019-10-26 11:39:52,685 DEBUG (BaseJdbcLogger.java:143)- ====> Parameters: 28666(String)
2019-10-26 11:39:52,686 DEBUG (BaseJdbcLogger.java:143)- <====      Total: 1
2019-10-26 11:39:52,687 DEBUG (BaseJdbcLogger.java:143)- ====>  Preparing: select id, name, sex, birthday, phone, ID_number, email, parent_phone, adress, major, state from student_basic where id = ? 
2019-10-26 11:39:52,687 DEBUG (BaseJdbcLogger.java:143)- ====> Parameters: 28667(String)
2019-10-26 11:39:52,689 DEBUG (BaseJdbcLogger.java:143)- <====      Total: 1
2019-10-26 11:39:52,689 DEBUG (BaseJdbcLogger.java:143)- <==      Total: 26
2019-10-26 11:39:52,689 DEBUG (BaseJdbcLogger.java:143)- ==>  Preparing: select dormitory_allocation.id, dormitory_allocation.class_id, dormitory_allocation.dormitory_id,dormitory_allocation.number from dormitory_allocation,dormitory WHERE dormitory_allocation.dormitory_id=dormitory.id and dormitory.sex=? and class_id = ? 
2019-10-26 11:39:52,690 DEBUG (BaseJdbcLogger.java:143)- ==> Parameters: 女(String), 080205201901(String)
2019-10-26 11:39:52,691 DEBUG (BaseJdbcLogger.java:143)- ====>  Preparing: select id, dong, floor, room, sex, number, rent,hasnumber from dormitory where id = ? 
2019-10-26 11:39:52,691 DEBUG (BaseJdbcLogger.java:143)- ====> Parameters: 459(Integer)
2019-10-26 11:39:52,692 DEBUG (BaseJdbcLogger.java:143)- <====      Total: 1
2019-10-26 11:39:52,692 DEBUG (BaseJdbcLogger.java:143)- ====>  Preparing: select id, dong, floor, room, sex, number, rent,hasnumber from dormitory where id = ? 
2019-10-26 11:39:52,692 DEBUG (BaseJdbcLogger.java:143)- ====> Parameters: 460(Integer)
2019-10-26 11:39:52,693 DEBUG (BaseJdbcLogger.java:143)- <====      Total: 1
2019-10-26 11:39:52,693 DEBUG (BaseJdbcLogger.java:143)- ====>  Preparing: select id, dong, floor, room, sex, number, rent,hasnumber from dormitory where id = ? 
2019-10-26 11:39:52,693 DEBUG (BaseJdbcLogger.java:143)- ====> Parameters: 461(Integer)
2019-10-26 11:39:52,694 DEBUG (BaseJdbcLogger.java:143)- <====      Total: 1
2019-10-26 11:39:52,694 DEBUG (BaseJdbcLogger.java:143)- ====>  Preparing: select id, dong, floor, room, sex, number, rent,hasnumber from dormitory where id = ? 
2019-10-26 11:39:52,695 DEBUG (BaseJdbcLogger.java:143)- ====> Parameters: 462(Integer)
2019-10-26 11:39:52,695 DEBUG (BaseJdbcLogger.java:143)- <====      Total: 1
2019-10-26 11:39:52,696 DEBUG (BaseJdbcLogger.java:143)- ====>  Preparing: select id, dong, floor, room, sex, number, rent,hasnumber from dormitory where id = ? 
2019-10-26 11:39:52,696 DEBUG (BaseJdbcLogger.java:143)- ====> Parameters: 463(Integer)
2019-10-26 11:39:52,697 DEBUG (BaseJdbcLogger.java:143)- <====      Total: 1
2019-10-26 11:39:52,697 DEBUG (BaseJdbcLogger.java:143)- ====>  Preparing: select id, dong, floor, room, sex, number, rent,hasnumber from dormitory where id = ? 
2019-10-26 11:39:52,697 DEBUG (BaseJdbcLogger.java:143)- ====> Parameters: 495(Integer)
2019-10-26 11:39:52,698 DEBUG (BaseJdbcLogger.java:143)- <====      Total: 1
2019-10-26 11:39:52,699 DEBUG (BaseJdbcLogger.java:143)- <==      Total: 6
2019-10-26 11:39:52,699 DEBUG (BaseJdbcLogger.java:143)- ==>  Preparing: select student_status.id,student_status.basic_id, student_status.student_id, student_status.class_id from student_status,student_basic where student_status.basic_id=student_basic.id and student_basic.sex=? and student_status.class_id=? 
2019-10-26 11:39:52,699 DEBUG (BaseJdbcLogger.java:143)- ==> Parameters: 女(String), 080205201902(String)
2019-10-26 11:39:52,700 DEBUG (BaseJdbcLogger.java:143)- ====>  Preparing: select id, name, sex, birthday, phone, ID_number, email, parent_phone, adress, major, state from student_basic where id = ? 
2019-10-26 11:39:52,701 DEBUG (BaseJdbcLogger.java:143)- ====> Parameters: 28670(String)
2019-10-26 11:39:52,701 DEBUG (BaseJdbcLogger.java:143)- <====      Total: 1
2019-10-26 11:39:52,702 DEBUG (BaseJdbcLogger.java:143)- ====>  Preparing: select id, class_id, name, director, grade, major_id from class WHERE class_id = ? 
2019-10-26 11:39:52,702 DEBUG (BaseJdbcLogger.java:143)- ====> Parameters: 080205201902(String)
2019-10-26 11:39:52,704 DEBUG (BaseJdbcLogger.java:143)- ======>  Preparing: select id, major_id, name, price, department_id from major where major_id = ? 
2019-10-26 11:39:52,704 DEBUG (BaseJdbcLogger.java:143)- ======> Parameters: 080205(String)
2019-10-26 11:39:52,706 DEBUG (BaseJdbcLogger.java:143)- <======      Total: 1
2019-10-26 11:39:52,706 DEBUG (BaseJdbcLogger.java:143)- <====      Total: 1
2019-10-26 11:39:52,707 DEBUG (BaseJdbcLogger.java:143)- ====>  Preparing: select id, name, sex, birthday, phone, ID_number, email, parent_phone, adress, major, state from student_basic where id = ? 
2019-10-26 11:39:52,707 DEBUG (BaseJdbcLogger.java:143)- ====> Parameters: 28672(String)
2019-10-26 11:39:52,708 DEBUG (BaseJdbcLogger.java:143)- <====      Total: 1
2019-10-26 11:39:52,709 DEBUG (BaseJdbcLogger.java:143)- ====>  Preparing: select id, name, sex, birthday, phone, ID_number, email, parent_phone, adress, major, state from student_basic where id = ? 
2019-10-26 11:39:52,709 DEBUG (BaseJdbcLogger.java:143)- ====> Parameters: 28675(String)
2019-10-26 11:39:52,710 DEBUG (BaseJdbcLogger.java:143)- <====      Total: 1
2019-10-26 11:39:52,710 DEBUG (BaseJdbcLogger.java:143)- ====>  Preparing: select id, name, sex, birthday, phone, ID_number, email, parent_phone, adress, major, state from student_basic where id = ? 
2019-10-26 11:39:52,711 DEBUG (BaseJdbcLogger.java:143)- ====> Parameters: 28676(String)
2019-10-26 11:39:52,711 DEBUG (BaseJdbcLogger.java:143)- <====      Total: 1
2019-10-26 11:39:52,712 DEBUG (BaseJdbcLogger.java:143)- ====>  Preparing: select id, name, sex, birthday, phone, ID_number, email, parent_phone, adress, major, state from student_basic where id = ? 
2019-10-26 11:39:52,712 DEBUG (BaseJdbcLogger.java:143)- ====> Parameters: 28678(String)
2019-10-26 11:39:52,713 DEBUG (BaseJdbcLogger.java:143)- <====      Total: 1
2019-10-26 11:39:52,714 DEBUG (BaseJdbcLogger.java:143)- ====>  Preparing: select id, name, sex, birthday, phone, ID_number, email, parent_phone, adress, major, state from student_basic where id = ? 
2019-10-26 11:39:52,714 DEBUG (BaseJdbcLogger.java:143)- ====> Parameters: 28680(String)
2019-10-26 11:39:52,715 DEBUG (BaseJdbcLogger.java:143)- <====      Total: 1
2019-10-26 11:39:52,715 DEBUG (BaseJdbcLogger.java:143)- ====>  Preparing: select id, name, sex, birthday, phone, ID_number, email, parent_phone, adress, major, state from student_basic where id = ? 
2019-10-26 11:39:52,716 DEBUG (BaseJdbcLogger.java:143)- ====> Parameters: 28681(String)
2019-10-26 11:39:52,716 DEBUG (BaseJdbcLogger.java:143)- <====      Total: 1
2019-10-26 11:39:52,717 DEBUG (BaseJdbcLogger.java:143)- ====>  Preparing: select id, name, sex, birthday, phone, ID_number, email, parent_phone, adress, major, state from student_basic where id = ? 
2019-10-26 11:39:52,717 DEBUG (BaseJdbcLogger.java:143)- ====> Parameters: 28682(String)
2019-10-26 11:39:52,717 DEBUG (BaseJdbcLogger.java:143)- <====      Total: 1
2019-10-26 11:39:52,718 DEBUG (BaseJdbcLogger.java:143)- ====>  Preparing: select id, name, sex, birthday, phone, ID_number, email, parent_phone, adress, major, state from student_basic where id = ? 
2019-10-26 11:39:52,718 DEBUG (BaseJdbcLogger.java:143)- ====> Parameters: 28684(String)
2019-10-26 11:39:52,719 DEBUG (BaseJdbcLogger.java:143)- <====      Total: 1
2019-10-26 11:39:52,720 DEBUG (BaseJdbcLogger.java:143)- ====>  Preparing: select id, name, sex, birthday, phone, ID_number, email, parent_phone, adress, major, state from student_basic where id = ? 
2019-10-26 11:39:52,721 DEBUG (BaseJdbcLogger.java:143)- ====> Parameters: 28685(String)
2019-10-26 11:39:52,722 DEBUG (BaseJdbcLogger.java:143)- <====      Total: 1
2019-10-26 11:39:52,723 DEBUG (BaseJdbcLogger.java:143)- ====>  Preparing: select id, name, sex, birthday, phone, ID_number, email, parent_phone, adress, major, state from student_basic where id = ? 
2019-10-26 11:39:52,723 DEBUG (BaseJdbcLogger.java:143)- ====> Parameters: 28686(String)
2019-10-26 11:39:52,724 DEBUG (BaseJdbcLogger.java:143)- <====      Total: 1
2019-10-26 11:39:52,724 DEBUG (BaseJdbcLogger.java:143)- ====>  Preparing: select id, name, sex, birthday, phone, ID_number, email, parent_phone, adress, major, state from student_basic where id = ? 
2019-10-26 11:39:52,724 DEBUG (BaseJdbcLogger.java:143)- ====> Parameters: 28687(String)
2019-10-26 11:39:52,725 DEBUG (BaseJdbcLogger.java:143)- <====      Total: 1
2019-10-26 11:39:52,725 DEBUG (BaseJdbcLogger.java:143)- ====>  Preparing: select id, name, sex, birthday, phone, ID_number, email, parent_phone, adress, major, state from student_basic where id = ? 
2019-10-26 11:39:52,725 DEBUG (BaseJdbcLogger.java:143)- ====> Parameters: 28691(String)
2019-10-26 11:39:52,726 DEBUG (BaseJdbcLogger.java:143)- <====      Total: 1
2019-10-26 11:39:52,726 DEBUG (BaseJdbcLogger.java:143)- ====>  Preparing: select id, name, sex, birthday, phone, ID_number, email, parent_phone, adress, major, state from student_basic where id = ? 
2019-10-26 11:39:52,727 DEBUG (BaseJdbcLogger.java:143)- ====> Parameters: 28692(String)
2019-10-26 11:39:52,727 DEBUG (BaseJdbcLogger.java:143)- <====      Total: 1
2019-10-26 11:39:52,728 DEBUG (BaseJdbcLogger.java:143)- ====>  Preparing: select id, name, sex, birthday, phone, ID_number, email, parent_phone, adress, major, state from student_basic where id = ? 
2019-10-26 11:39:52,728 DEBUG (BaseJdbcLogger.java:143)- ====> Parameters: 28694(String)
2019-10-26 11:39:52,729 DEBUG (BaseJdbcLogger.java:143)- <====      Total: 1
2019-10-26 11:39:52,729 DEBUG (BaseJdbcLogger.java:143)- ====>  Preparing: select id, name, sex, birthday, phone, ID_number, email, parent_phone, adress, major, state from student_basic where id = ? 
2019-10-26 11:39:52,729 DEBUG (BaseJdbcLogger.java:143)- ====> Parameters: 28695(String)
2019-10-26 11:39:52,730 DEBUG (BaseJdbcLogger.java:143)- <====      Total: 1
2019-10-26 11:39:52,730 DEBUG (BaseJdbcLogger.java:143)- ====>  Preparing: select id, name, sex, birthday, phone, ID_number, email, parent_phone, adress, major, state from student_basic where id = ? 
2019-10-26 11:39:52,730 DEBUG (BaseJdbcLogger.java:143)- ====> Parameters: 28698(String)
2019-10-26 11:39:52,731 DEBUG (BaseJdbcLogger.java:143)- <====      Total: 1
2019-10-26 11:39:52,731 DEBUG (BaseJdbcLogger.java:143)- ====>  Preparing: select id, name, sex, birthday, phone, ID_number, email, parent_phone, adress, major, state from student_basic where id = ? 
2019-10-26 11:39:52,732 DEBUG (BaseJdbcLogger.java:143)- ====> Parameters: 28699(String)
2019-10-26 11:39:52,732 DEBUG (BaseJdbcLogger.java:143)- <====      Total: 1
2019-10-26 11:39:52,732 DEBUG (BaseJdbcLogger.java:143)- ====>  Preparing: select id, name, sex, birthday, phone, ID_number, email, parent_phone, adress, major, state from student_basic where id = ? 
2019-10-26 11:39:52,733 DEBUG (BaseJdbcLogger.java:143)- ====> Parameters: 28700(String)
2019-10-26 11:39:52,733 DEBUG (BaseJdbcLogger.java:143)- <====      Total: 1
2019-10-26 11:39:52,734 DEBUG (BaseJdbcLogger.java:143)- ====>  Preparing: select id, name, sex, birthday, phone, ID_number, email, parent_phone, adress, major, state from student_basic where id = ? 
2019-10-26 11:39:52,734 DEBUG (BaseJdbcLogger.java:143)- ====> Parameters: 28701(String)
2019-10-26 11:39:52,735 DEBUG (BaseJdbcLogger.java:143)- <====      Total: 1
2019-10-26 11:39:52,736 DEBUG (BaseJdbcLogger.java:143)- ====>  Preparing: select id, name, sex, birthday, phone, ID_number, email, parent_phone, adress, major, state from student_basic where id = ? 
2019-10-26 11:39:52,736 DEBUG (BaseJdbcLogger.java:143)- ====> Parameters: 28706(String)
2019-10-26 11:39:52,737 DEBUG (BaseJdbcLogger.java:143)- <====      Total: 1
2019-10-26 11:39:52,738 DEBUG (BaseJdbcLogger.java:143)- ====>  Preparing: select id, name, sex, birthday, phone, ID_number, email, parent_phone, adress, major, state from student_basic where id = ? 
2019-10-26 11:39:52,739 DEBUG (BaseJdbcLogger.java:143)- ====> Parameters: 28707(String)
2019-10-26 11:39:52,739 DEBUG (BaseJdbcLogger.java:143)- <====      Total: 1
2019-10-26 11:39:52,740 DEBUG (BaseJdbcLogger.java:143)- ====>  Preparing: select id, name, sex, birthday, phone, ID_number, email, parent_phone, adress, major, state from student_basic where id = ? 
2019-10-26 11:39:52,740 DEBUG (BaseJdbcLogger.java:143)- ====> Parameters: 28708(String)
2019-10-26 11:39:52,741 DEBUG (BaseJdbcLogger.java:143)- <====      Total: 1
2019-10-26 11:39:52,741 DEBUG (BaseJdbcLogger.java:143)- ====>  Preparing: select id, name, sex, birthday, phone, ID_number, email, parent_phone, adress, major, state from student_basic where id = ? 
2019-10-26 11:39:52,741 DEBUG (BaseJdbcLogger.java:143)- ====> Parameters: 28711(String)
2019-10-26 11:39:52,742 DEBUG (BaseJdbcLogger.java:143)- <====      Total: 1
2019-10-26 11:39:52,742 DEBUG (BaseJdbcLogger.java:143)- ====>  Preparing: select id, name, sex, birthday, phone, ID_number, email, parent_phone, adress, major, state from student_basic where id = ? 
2019-10-26 11:39:52,743 DEBUG (BaseJdbcLogger.java:143)- ====> Parameters: 28713(String)
2019-10-26 11:39:52,743 DEBUG (BaseJdbcLogger.java:143)- <====      Total: 1
2019-10-26 11:39:52,744 DEBUG (BaseJdbcLogger.java:143)- <==      Total: 25
2019-10-26 11:39:52,744 DEBUG (BaseJdbcLogger.java:143)- ==>  Preparing: select dormitory_allocation.id, dormitory_allocation.class_id, dormitory_allocation.dormitory_id,dormitory_allocation.number from dormitory_allocation,dormitory WHERE dormitory_allocation.dormitory_id=dormitory.id and dormitory.sex=? and class_id = ? 
2019-10-26 11:39:52,744 DEBUG (BaseJdbcLogger.java:143)- ==> Parameters: 女(String), 080205201902(String)
2019-10-26 11:39:52,745 DEBUG (BaseJdbcLogger.java:143)- ====>  Preparing: select id, dong, floor, room, sex, number, rent,hasnumber from dormitory where id = ? 
2019-10-26 11:39:52,745 DEBUG (BaseJdbcLogger.java:143)- ====> Parameters: 464(Integer)
2019-10-26 11:39:52,746 DEBUG (BaseJdbcLogger.java:143)- <====      Total: 1
2019-10-26 11:39:52,746 DEBUG (BaseJdbcLogger.java:143)- ====>  Preparing: select id, dong, floor, room, sex, number, rent,hasnumber from dormitory where id = ? 
2019-10-26 11:39:52,747 DEBUG (BaseJdbcLogger.java:143)- ====> Parameters: 465(Integer)
2019-10-26 11:39:52,747 DEBUG (BaseJdbcLogger.java:143)- <====      Total: 1
2019-10-26 11:39:52,747 DEBUG (BaseJdbcLogger.java:143)- ====>  Preparing: select id, dong, floor, room, sex, number, rent,hasnumber from dormitory where id = ? 
2019-10-26 11:39:52,748 DEBUG (BaseJdbcLogger.java:143)- ====> Parameters: 466(Integer)
2019-10-26 11:39:52,748 DEBUG (BaseJdbcLogger.java:143)- <====      Total: 1
2019-10-26 11:39:52,749 DEBUG (BaseJdbcLogger.java:143)- ====>  Preparing: select id, dong, floor, room, sex, number, rent,hasnumber from dormitory where id = ? 
2019-10-26 11:39:52,749 DEBUG (BaseJdbcLogger.java:143)- ====> Parameters: 467(Integer)
2019-10-26 11:39:52,749 DEBUG (BaseJdbcLogger.java:143)- <====      Total: 1
2019-10-26 11:39:52,750 DEBUG (BaseJdbcLogger.java:143)- ====>  Preparing: select id, dong, floor, room, sex, number, rent,hasnumber from dormitory where id = ? 
2019-10-26 11:39:52,750 DEBUG (BaseJdbcLogger.java:143)- ====> Parameters: 468(Integer)
2019-10-26 11:39:52,751 DEBUG (BaseJdbcLogger.java:143)- <====      Total: 1
2019-10-26 11:39:52,751 DEBUG (BaseJdbcLogger.java:143)- <==      Total: 5
2019-10-26 11:39:52,752 DEBUG (BaseJdbcLogger.java:143)- ==>  Preparing: select student_status.id,student_status.basic_id, student_status.student_id, student_status.class_id from student_status,student_basic where student_status.basic_id=student_basic.id and student_basic.sex=? and student_status.class_id=? 
2019-10-26 11:39:52,752 DEBUG (BaseJdbcLogger.java:143)- ==> Parameters: 女(String), 080205201903(String)
2019-10-26 11:39:52,753 DEBUG (BaseJdbcLogger.java:143)- ====>  Preparing: select id, name, sex, birthday, phone, ID_number, email, parent_phone, adress, major, state from student_basic where id = ? 
2019-10-26 11:39:52,754 DEBUG (BaseJdbcLogger.java:143)- ====> Parameters: 28714(String)
2019-10-26 11:39:52,755 DEBUG (BaseJdbcLogger.java:143)- <====      Total: 1
2019-10-26 11:39:52,755 DEBUG (BaseJdbcLogger.java:143)- ====>  Preparing: select id, class_id, name, director, grade, major_id from class WHERE class_id = ? 
2019-10-26 11:39:52,756 DEBUG (BaseJdbcLogger.java:143)- ====> Parameters: 080205201903(String)
2019-10-26 11:39:52,757 DEBUG (BaseJdbcLogger.java:143)- ======>  Preparing: select id, major_id, name, price, department_id from major where major_id = ? 
2019-10-26 11:39:52,757 DEBUG (BaseJdbcLogger.java:143)- ======> Parameters: 080205(String)
2019-10-26 11:39:52,758 DEBUG (BaseJdbcLogger.java:143)- <======      Total: 1
2019-10-26 11:39:52,759 DEBUG (BaseJdbcLogger.java:143)- <====      Total: 1
2019-10-26 11:39:52,760 DEBUG (BaseJdbcLogger.java:143)- ====>  Preparing: select id, name, sex, birthday, phone, ID_number, email, parent_phone, adress, major, state from student_basic where id = ? 
2019-10-26 11:39:52,762 DEBUG (BaseJdbcLogger.java:143)- ====> Parameters: 28717(String)
2019-10-26 11:39:52,763 DEBUG (BaseJdbcLogger.java:143)- <====      Total: 1
2019-10-26 11:39:52,764 DEBUG (BaseJdbcLogger.java:143)- ====>  Preparing: select id, name, sex, birthday, phone, ID_number, email, parent_phone, adress, major, state from student_basic where id = ? 
2019-10-26 11:39:52,764 DEBUG (BaseJdbcLogger.java:143)- ====> Parameters: 28719(String)
2019-10-26 11:39:52,766 DEBUG (BaseJdbcLogger.java:143)- <====      Total: 1
2019-10-26 11:39:52,766 DEBUG (BaseJdbcLogger.java:143)- ====>  Preparing: select id, name, sex, birthday, phone, ID_number, email, parent_phone, adress, major, state from student_basic where id = ? 
