2019-09-04 04:08:27,421 DEBUG (BaseJdbcLogger.java:143)- ====> Parameters: 19727(String)
2019-09-04 04:08:27,423 DEBUG (BaseJdbcLogger.java:143)- <====      Total: 1
2019-09-04 04:08:27,424 DEBUG (BaseJdbcLogger.java:143)- ====>  Preparing: select id, name, sex, birthday, phone, ID_number, email, parent_phone, adress, major, state from student_basic where id = ? 
2019-09-04 04:08:27,424 DEBUG (BaseJdbcLogger.java:143)- ====> Parameters: 19730(String)
2019-09-04 04:08:27,425 DEBUG (BaseJdbcLogger.java:143)- <====      Total: 1
2019-09-04 04:08:27,427 DEBUG (BaseJdbcLogger.java:143)- ====>  Preparing: select id, name, sex, birthday, phone, ID_number, email, parent_phone, adress, major, state from student_basic where id = ? 
2019-09-04 04:08:27,427 DEBUG (BaseJdbcLogger.java:143)- ====> Parameters: 19733(String)
2019-09-04 04:08:27,428 DEBUG (BaseJdbcLogger.java:143)- <====      Total: 1
2019-09-04 04:08:27,429 DEBUG (BaseJdbcLogger.java:143)- ====>  Preparing: select id, name, sex, birthday, phone, ID_number, email, parent_phone, adress, major, state from student_basic where id = ? 
2019-09-04 04:08:27,430 DEBUG (BaseJdbcLogger.java:143)- ====> Parameters: 19734(String)
2019-09-04 04:08:27,431 DEBUG (BaseJdbcLogger.java:143)- <====      Total: 1
2019-09-04 04:08:27,432 DEBUG (BaseJdbcLogger.java:143)- ====>  Preparing: select id, name, sex, birthday, phone, ID_number, email, parent_phone, adress, major, state from student_basic where id = ? 
2019-09-04 04:08:27,432 DEBUG (BaseJdbcLogger.java:143)- ====> Parameters: 19736(String)
2019-09-04 04:08:27,433 DEBUG (BaseJdbcLogger.java:143)- <====      Total: 1
2019-09-04 04:08:27,433 DEBUG (BaseJdbcLogger.java:143)- ====>  Preparing: select id, name, sex, birthday, phone, ID_number, email, parent_phone, adress, major, state from student_basic where id = ? 
2019-09-04 04:08:27,434 DEBUG (BaseJdbcLogger.java:143)- ====> Parameters: 19737(String)
2019-09-04 04:08:27,435 DEBUG (BaseJdbcLogger.java:143)- <====      Total: 1
2019-09-04 04:08:27,435 DEBUG (BaseJdbcLogger.java:143)- ====>  Preparing: select id, name, sex, birthday, phone, ID_number, email, parent_phone, adress, major, state from student_basic where id = ? 
2019-09-04 04:08:27,437 DEBUG (BaseJdbcLogger.java:143)- ====> Parameters: 19739(String)
2019-09-04 04:08:27,438 DEBUG (BaseJdbcLogger.java:143)- <====      Total: 1
2019-09-04 04:08:27,438 DEBUG (BaseJdbcLogger.java:143)- ====>  Preparing: select id, name, sex, birthday, phone, ID_number, email, parent_phone, adress, major, state from student_basic where id = ? 
2019-09-04 04:08:27,438 DEBUG (BaseJdbcLogger.java:143)- ====> Parameters: 19741(String)
2019-09-04 04:08:27,439 DEBUG (BaseJdbcLogger.java:143)- <====      Total: 1
2019-09-04 04:08:27,439 DEBUG (BaseJdbcLogger.java:143)- ====>  Preparing: select id, name, sex, birthday, phone, ID_number, email, parent_phone, adress, major, state from student_basic where id = ? 
2019-09-04 04:08:27,440 DEBUG (BaseJdbcLogger.java:143)- ====> Parameters: 19744(String)
2019-09-04 04:08:27,440 DEBUG (BaseJdbcLogger.java:143)- <====      Total: 1
2019-09-04 04:08:27,441 DEBUG (BaseJdbcLogger.java:143)- ====>  Preparing: select id, name, sex, birthday, phone, ID_number, email, parent_phone, adress, major, state from student_basic where id = ? 
2019-09-04 04:08:27,441 DEBUG (BaseJdbcLogger.java:143)- ====> Parameters: 19745(String)
2019-09-04 04:08:27,443 DEBUG (BaseJdbcLogger.java:143)- <====      Total: 1
2019-09-04 04:08:27,443 DEBUG (BaseJdbcLogger.java:143)- ====>  Preparing: select id, name, sex, birthday, phone, ID_number, email, parent_phone, adress, major, state from student_basic where id = ? 
2019-09-04 04:08:27,443 DEBUG (BaseJdbcLogger.java:143)- ====> Parameters: 19750(String)
2019-09-04 04:08:27,444 DEBUG (BaseJdbcLogger.java:143)- <====      Total: 1
2019-09-04 04:08:27,444 DEBUG (BaseJdbcLogger.java:143)- <==      Total: 24
2019-09-04 04:08:27,444 DEBUG (BaseJdbcLogger.java:143)- ==>  Preparing: select dormitory_allocation.id, dormitory_allocation.class_id, dormitory_allocation.dormitory_id,dormitory_allocation.number from dormitory_allocation,dormitory WHERE dormitory_allocation.dormitory_id=dormitory.id and dormitory.sex=? and class_id = ? 
2019-09-04 04:08:27,445 DEBUG (BaseJdbcLogger.java:143)- ==> Parameters: 男(String), 130503201904(String)
2019-09-04 04:08:27,446 DEBUG (BaseJdbcLogger.java:143)- ====>  Preparing: select id, dong, floor, room, sex, number, rent,hasnumber from dormitory where id = ? 
2019-09-04 04:08:27,446 DEBUG (BaseJdbcLogger.java:143)- ====> Parameters: 37(Integer)
2019-09-04 04:08:27,447 DEBUG (BaseJdbcLogger.java:143)- <====      Total: 1
2019-09-04 04:08:27,448 DEBUG (BaseJdbcLogger.java:143)- ====>  Preparing: select id, dong, floor, room, sex, number, rent,hasnumber from dormitory where id = ? 
2019-09-04 04:08:27,448 DEBUG (BaseJdbcLogger.java:143)- ====> Parameters: 38(Integer)
2019-09-04 04:08:27,449 DEBUG (BaseJdbcLogger.java:143)- <====      Total: 1
2019-09-04 04:08:27,449 DEBUG (BaseJdbcLogger.java:143)- ====>  Preparing: select id, dong, floor, room, sex, number, rent,hasnumber from dormitory where id = ? 
2019-09-04 04:08:27,449 DEBUG (BaseJdbcLogger.java:143)- ====> Parameters: 39(Integer)
2019-09-04 04:08:27,450 DEBUG (BaseJdbcLogger.java:143)- <====      Total: 1
2019-09-04 04:08:27,451 DEBUG (BaseJdbcLogger.java:143)- ====>  Preparing: select id, dong, floor, room, sex, number, rent,hasnumber from dormitory where id = ? 
2019-09-04 04:08:27,451 DEBUG (BaseJdbcLogger.java:143)- ====> Parameters: 40(Integer)
2019-09-04 04:08:27,452 DEBUG (BaseJdbcLogger.java:143)- <====      Total: 1
2019-09-04 04:08:27,452 DEBUG (BaseJdbcLogger.java:143)- ====>  Preparing: select id, dong, floor, room, sex, number, rent,hasnumber from dormitory where id = ? 
2019-09-04 04:08:27,453 DEBUG (BaseJdbcLogger.java:143)- ====> Parameters: 41(Integer)
2019-09-04 04:08:27,453 DEBUG (BaseJdbcLogger.java:143)- <====      Total: 1
2019-09-04 04:08:27,454 DEBUG (BaseJdbcLogger.java:143)- <==      Total: 5
2019-09-04 04:08:27,455 DEBUG (BaseJdbcLogger.java:143)- ==>  Preparing: select student_status.id,student_status.basic_id, student_status.student_id, student_status.class_id from student_status,student_basic where student_status.basic_id=student_basic.id and student_basic.sex=? and student_status.class_id=? 
2019-09-04 04:08:27,455 DEBUG (BaseJdbcLogger.java:143)- ==> Parameters: 男(String), 080702201901(String)
2019-09-04 04:08:27,456 DEBUG (BaseJdbcLogger.java:143)- ====>  Preparing: select id, name, sex, birthday, phone, ID_number, email, parent_phone, adress, major, state from student_basic where id = ? 
2019-09-04 04:08:27,456 DEBUG (BaseJdbcLogger.java:143)- ====> Parameters: 19363(String)
2019-09-04 04:08:27,457 DEBUG (BaseJdbcLogger.java:143)- <====      Total: 1
2019-09-04 04:08:27,457 DEBUG (BaseJdbcLogger.java:143)- ====>  Preparing: select id, class_id, name, director, grade, major_id from class where class_id = ? 
2019-09-04 04:08:27,458 DEBUG (BaseJdbcLogger.java:143)- ====> Parameters: 080702201901(String)
2019-09-04 04:08:27,459 DEBUG (BaseJdbcLogger.java:143)- ======>  Preparing: select id, major_id, name, price, department_id from major where major_id = ? 
2019-09-04 04:08:27,459 DEBUG (BaseJdbcLogger.java:143)- ======> Parameters: 080702(String)
2019-09-04 04:08:27,460 DEBUG (BaseJdbcLogger.java:143)- <======      Total: 1
2019-09-04 04:08:27,460 DEBUG (BaseJdbcLogger.java:143)- <====      Total: 1
2019-09-04 04:08:27,461 DEBUG (BaseJdbcLogger.java:143)- ====>  Preparing: select id, name, sex, birthday, phone, ID_number, email, parent_phone, adress, major, state from student_basic where id = ? 
2019-09-04 04:08:27,461 DEBUG (BaseJdbcLogger.java:143)- ====> Parameters: 19366(String)
2019-09-04 04:08:27,462 DEBUG (BaseJdbcLogger.java:143)- <====      Total: 1
2019-09-04 04:08:27,462 DEBUG (BaseJdbcLogger.java:143)- ====>  Preparing: select id, name, sex, birthday, phone, ID_number, email, parent_phone, adress, major, state from student_basic where id = ? 
2019-09-04 04:08:27,463 DEBUG (BaseJdbcLogger.java:143)- ====> Parameters: 19367(String)
2019-09-04 04:08:27,463 DEBUG (BaseJdbcLogger.java:143)- <====      Total: 1
2019-09-04 04:08:27,464 DEBUG (BaseJdbcLogger.java:143)- ====>  Preparing: select id, name, sex, birthday, phone, ID_number, email, parent_phone, adress, major, state from student_basic where id = ? 
2019-09-04 04:08:27,465 DEBUG (BaseJdbcLogger.java:143)- ====> Parameters: 19368(String)
2019-09-04 04:08:27,465 DEBUG (BaseJdbcLogger.java:143)- <====      Total: 1
2019-09-04 04:08:27,466 DEBUG (BaseJdbcLogger.java:143)- ====>  Preparing: select id, name, sex, birthday, phone, ID_number, email, parent_phone, adress, major, state from student_basic where id = ? 
2019-09-04 04:08:27,466 DEBUG (BaseJdbcLogger.java:143)- ====> Parameters: 19370(String)
2019-09-04 04:08:27,467 DEBUG (BaseJdbcLogger.java:143)- <====      Total: 1
2019-09-04 04:08:27,468 DEBUG (BaseJdbcLogger.java:143)- ====>  Preparing: select id, name, sex, birthday, phone, ID_number, email, parent_phone, adress, major, state from student_basic where id = ? 
2019-09-04 04:08:27,468 DEBUG (BaseJdbcLogger.java:143)- ====> Parameters: 19371(String)
2019-09-04 04:08:27,469 DEBUG (BaseJdbcLogger.java:143)- <====      Total: 1
2019-09-04 04:08:27,470 DEBUG (BaseJdbcLogger.java:143)- ====>  Preparing: select id, name, sex, birthday, phone, ID_number, email, parent_phone, adress, major, state from student_basic where id = ? 
2019-09-04 04:08:27,470 DEBUG (BaseJdbcLogger.java:143)- ====> Parameters: 19372(String)
2019-09-04 04:08:27,471 DEBUG (BaseJdbcLogger.java:143)- <====      Total: 1
2019-09-04 04:08:27,472 DEBUG (BaseJdbcLogger.java:143)- ====>  Preparing: select id, name, sex, birthday, phone, ID_number, email, parent_phone, adress, major, state from student_basic where id = ? 
2019-09-04 04:08:27,472 DEBUG (BaseJdbcLogger.java:143)- ====> Parameters: 19374(String)
2019-09-04 04:08:27,473 DEBUG (BaseJdbcLogger.java:143)- <====      Total: 1
2019-09-04 04:08:27,473 DEBUG (BaseJdbcLogger.java:143)- ====>  Preparing: select id, name, sex, birthday, phone, ID_number, email, parent_phone, adress, major, state from student_basic where id = ? 
2019-09-04 04:08:27,474 DEBUG (BaseJdbcLogger.java:143)- ====> Parameters: 19375(String)
2019-09-04 04:08:27,475 DEBUG (BaseJdbcLogger.java:143)- <====      Total: 1
2019-09-04 04:08:27,476 DEBUG (BaseJdbcLogger.java:143)- ====>  Preparing: select id, name, sex, birthday, phone, ID_number, email, parent_phone, adress, major, state from student_basic where id = ? 
2019-09-04 04:08:27,476 DEBUG (BaseJdbcLogger.java:143)- ====> Parameters: 19376(String)
2019-09-04 04:08:27,477 DEBUG (BaseJdbcLogger.java:143)- <====      Total: 1
2019-09-04 04:08:27,477 DEBUG (BaseJdbcLogger.java:143)- ====>  Preparing: select id, name, sex, birthday, phone, ID_number, email, parent_phone, adress, major, state from student_basic where id = ? 
2019-09-04 04:08:27,478 DEBUG (BaseJdbcLogger.java:143)- ====> Parameters: 19377(String)
2019-09-04 04:08:27,479 DEBUG (BaseJdbcLogger.java:143)- <====      Total: 1
2019-09-04 04:08:27,480 DEBUG (BaseJdbcLogger.java:143)- ====>  Preparing: select id, name, sex, birthday, phone, ID_number, email, parent_phone, adress, major, state from student_basic where id = ? 
2019-09-04 04:08:27,480 DEBUG (BaseJdbcLogger.java:143)- ====> Parameters: 19378(String)
2019-09-04 04:08:27,481 DEBUG (BaseJdbcLogger.java:143)- <====      Total: 1
2019-09-04 04:08:27,482 DEBUG (BaseJdbcLogger.java:143)- ====>  Preparing: select id, name, sex, birthday, phone, ID_number, email, parent_phone, adress, major, state from student_basic where id = ? 
2019-09-04 04:08:27,482 DEBUG (BaseJdbcLogger.java:143)- ====> Parameters: 19380(String)
2019-09-04 04:08:27,483 DEBUG (BaseJdbcLogger.java:143)- <====      Total: 1
2019-09-04 04:08:27,483 DEBUG (BaseJdbcLogger.java:143)- ====>  Preparing: select id, name, sex, birthday, phone, ID_number, email, parent_phone, adress, major, state from student_basic where id = ? 
2019-09-04 04:08:27,484 DEBUG (BaseJdbcLogger.java:143)- ====> Parameters: 19386(String)
2019-09-04 04:08:27,486 DEBUG (BaseJdbcLogger.java:143)- <====      Total: 1
2019-09-04 04:08:27,486 DEBUG (BaseJdbcLogger.java:143)- ====>  Preparing: select id, name, sex, birthday, phone, ID_number, email, parent_phone, adress, major, state from student_basic where id = ? 
2019-09-04 04:08:27,487 DEBUG (BaseJdbcLogger.java:143)- ====> Parameters: 19389(String)
2019-09-04 04:08:27,488 DEBUG (BaseJdbcLogger.java:143)- <====      Total: 1
2019-09-04 04:08:27,488 DEBUG (BaseJdbcLogger.java:143)- ====>  Preparing: select id, name, sex, birthday, phone, ID_number, email, parent_phone, adress, major, state from student_basic where id = ? 
2019-09-04 04:08:27,488 DEBUG (BaseJdbcLogger.java:143)- ====> Parameters: 19390(String)
2019-09-04 04:08:27,490 DEBUG (BaseJdbcLogger.java:143)- <====      Total: 1
2019-09-04 04:08:27,490 DEBUG (BaseJdbcLogger.java:143)- ====>  Preparing: select id, name, sex, birthday, phone, ID_number, email, parent_phone, adress, major, state from student_basic where id = ? 
2019-09-04 04:08:27,490 DEBUG (BaseJdbcLogger.java:143)- ====> Parameters: 19391(String)
2019-09-04 04:08:27,492 DEBUG (BaseJdbcLogger.java:143)- <====      Total: 1
2019-09-04 04:08:27,492 DEBUG (BaseJdbcLogger.java:143)- ====>  Preparing: select id, name, sex, birthday, phone, ID_number, email, parent_phone, adress, major, state from student_basic where id = ? 
2019-09-04 04:08:27,492 DEBUG (BaseJdbcLogger.java:143)- ====> Parameters: 19392(String)
2019-09-04 04:08:27,493 DEBUG (BaseJdbcLogger.java:143)- <====      Total: 1
2019-09-04 04:08:27,493 DEBUG (BaseJdbcLogger.java:143)- ====>  Preparing: select id, name, sex, birthday, phone, ID_number, email, parent_phone, adress, major, state from student_basic where id = ? 
2019-09-04 04:08:27,494 DEBUG (BaseJdbcLogger.java:143)- ====> Parameters: 19393(String)
2019-09-04 04:08:27,494 DEBUG (BaseJdbcLogger.java:143)- <====      Total: 1
2019-09-04 04:08:27,495 DEBUG (BaseJdbcLogger.java:143)- ====>  Preparing: select id, name, sex, birthday, phone, ID_number, email, parent_phone, adress, major, state from student_basic where id = ? 
2019-09-04 04:08:27,495 DEBUG (BaseJdbcLogger.java:143)- ====> Parameters: 19394(String)
2019-09-04 04:08:27,496 DEBUG (BaseJdbcLogger.java:143)- <====      Total: 1
2019-09-04 04:08:27,497 DEBUG (BaseJdbcLogger.java:143)- ====>  Preparing: select id, name, sex, birthday, phone, ID_number, email, parent_phone, adress, major, state from student_basic where id = ? 
2019-09-04 04:08:27,497 DEBUG (BaseJdbcLogger.java:143)- ====> Parameters: 19395(String)
2019-09-04 04:08:27,498 DEBUG (BaseJdbcLogger.java:143)- <====      Total: 1
2019-09-04 04:08:27,498 DEBUG (BaseJdbcLogger.java:143)- ====>  Preparing: select id, name, sex, birthday, phone, ID_number, email, parent_phone, adress, major, state from student_basic where id = ? 
2019-09-04 04:08:27,498 DEBUG (BaseJdbcLogger.java:143)- ====> Parameters: 19396(String)
2019-09-04 04:08:27,499 DEBUG (BaseJdbcLogger.java:143)- <====      Total: 1
2019-09-04 04:08:27,500 DEBUG (BaseJdbcLogger.java:143)- ====>  Preparing: select id, name, sex, birthday, phone, ID_number, email, parent_phone, adress, major, state from student_basic where id = ? 
2019-09-04 04:08:27,500 DEBUG (BaseJdbcLogger.java:143)- ====> Parameters: 19397(String)
2019-09-04 04:08:27,501 DEBUG (BaseJdbcLogger.java:143)- <====      Total: 1
2019-09-04 04:08:27,501 DEBUG (BaseJdbcLogger.java:143)- ====>  Preparing: select id, name, sex, birthday, phone, ID_number, email, parent_phone, adress, major, state from student_basic where id = ? 
2019-09-04 04:08:27,502 DEBUG (BaseJdbcLogger.java:143)- ====> Parameters: 19398(String)
2019-09-04 04:08:27,502 DEBUG (BaseJdbcLogger.java:143)- <====      Total: 1
2019-09-04 04:08:27,503 DEBUG (BaseJdbcLogger.java:143)- ====>  Preparing: select id, name, sex, birthday, phone, ID_number, email, parent_phone, adress, major, state from student_basic where id = ? 
2019-09-04 04:08:27,504 DEBUG (BaseJdbcLogger.java:143)- ====> Parameters: 19399(String)
2019-09-04 04:08:27,504 DEBUG (BaseJdbcLogger.java:143)- <====      Total: 1
2019-09-04 04:08:27,504 DEBUG (BaseJdbcLogger.java:143)- <==      Total: 25
2019-09-04 04:08:27,505 DEBUG (BaseJdbcLogger.java:143)- ==>  Preparing: select dormitory_allocation.id, dormitory_allocation.class_id, dormitory_allocation.dormitory_id,dormitory_allocation.number from dormitory_allocation,dormitory WHERE dormitory_allocation.dormitory_id=dormitory.id and dormitory.sex=? and class_id = ? 
2019-09-04 04:08:27,505 DEBUG (BaseJdbcLogger.java:143)- ==> Parameters: 男(String), 080702201901(String)
2019-09-04 04:08:27,506 DEBUG (BaseJdbcLogger.java:143)- ====>  Preparing: select id, dong, floor, room, sex, number, rent,hasnumber from dormitory where id = ? 
2019-09-04 04:08:27,507 DEBUG (BaseJdbcLogger.java:143)- ====> Parameters: 42(Integer)
2019-09-04 04:08:27,507 DEBUG (BaseJdbcLogger.java:143)- <====      Total: 1
2019-09-04 04:08:27,508 DEBUG (BaseJdbcLogger.java:143)- ====>  Preparing: select id, dong, floor, room, sex, number, rent,hasnumber from dormitory where id = ? 
2019-09-04 04:08:27,508 DEBUG (BaseJdbcLogger.java:143)- ====> Parameters: 43(Integer)
2019-09-04 04:08:27,509 DEBUG (BaseJdbcLogger.java:143)- <====      Total: 1
2019-09-04 04:08:27,509 DEBUG (BaseJdbcLogger.java:143)- ====>  Preparing: select id, dong, floor, room, sex, number, rent,hasnumber from dormitory where id = ? 
2019-09-04 04:08:27,509 DEBUG (BaseJdbcLogger.java:143)- ====> Parameters: 44(Integer)
2019-09-04 04:08:27,510 DEBUG (BaseJdbcLogger.java:143)- <====      Total: 1
2019-09-04 04:08:27,511 DEBUG (BaseJdbcLogger.java:143)- ====>  Preparing: select id, dong, floor, room, sex, number, rent,hasnumber from dormitory where id = ? 
2019-09-04 04:08:27,511 DEBUG (BaseJdbcLogger.java:143)- ====> Parameters: 45(Integer)
2019-09-04 04:08:27,512 DEBUG (BaseJdbcLogger.java:143)- <====      Total: 1
2019-09-04 04:08:27,513 DEBUG (BaseJdbcLogger.java:143)- ====>  Preparing: select id, dong, floor, room, sex, number, rent,hasnumber from dormitory where id = ? 
2019-09-04 04:08:27,513 DEBUG (BaseJdbcLogger.java:143)- ====> Parameters: 46(Integer)
2019-09-04 04:08:27,514 DEBUG (BaseJdbcLogger.java:143)- <====      Total: 1
2019-09-04 04:08:27,514 DEBUG (BaseJdbcLogger.java:143)- <==      Total: 5
2019-09-04 04:08:27,514 DEBUG (BaseJdbcLogger.java:143)- ==>  Preparing: select student_status.id,student_status.basic_id, student_status.student_id, student_status.class_id from student_status,student_basic where student_status.basic_id=student_basic.id and student_basic.sex=? and student_status.class_id=? 
2019-09-04 04:08:27,515 DEBUG (BaseJdbcLogger.java:143)- ==> Parameters: 男(String), 080702201902(String)
2019-09-04 04:08:27,516 DEBUG (BaseJdbcLogger.java:143)- ====>  Preparing: select id, name, sex, birthday, phone, ID_number, email, parent_phone, adress, major, state from student_basic where id = ? 
2019-09-04 04:08:27,516 DEBUG (BaseJdbcLogger.java:143)- ====> Parameters: 19400(String)
2019-09-04 04:08:27,518 DEBUG (BaseJdbcLogger.java:143)- <====      Total: 1
2019-09-04 04:08:27,518 DEBUG (BaseJdbcLogger.java:143)- ====>  Preparing: select id, class_id, name, director, grade, major_id from class where class_id = ? 
2019-09-04 04:08:27,518 DEBUG (BaseJdbcLogger.java:143)- ====> Parameters: 080702201902(String)
2019-09-04 04:08:27,519 DEBUG (BaseJdbcLogger.java:143)- ======>  Preparing: select id, major_id, name, price, department_id from major where major_id = ? 
2019-09-04 04:08:27,519 DEBUG (BaseJdbcLogger.java:143)- ======> Parameters: 080702(String)
2019-09-04 04:08:27,520 DEBUG (BaseJdbcLogger.java:143)- <======      Total: 1
2019-09-04 04:08:27,520 DEBUG (BaseJdbcLogger.java:143)- <====      Total: 1
2019-09-04 04:08:27,521 DEBUG (BaseJdbcLogger.java:143)- ====>  Preparing: select id, name, sex, birthday, phone, ID_number, email, parent_phone, adress, major, state from student_basic where id = ? 
2019-09-04 04:08:27,522 DEBUG (BaseJdbcLogger.java:143)- ====> Parameters: 19401(String)
2019-09-04 04:08:27,522 DEBUG (BaseJdbcLogger.java:143)- <====      Total: 1
2019-09-04 04:08:27,523 DEBUG (BaseJdbcLogger.java:143)- ====>  Preparing: select id, name, sex, birthday, phone, ID_number, email, parent_phone, adress, major, state from student_basic where id = ? 
2019-09-04 04:08:27,523 DEBUG (BaseJdbcLogger.java:143)- ====> Parameters: 19402(String)
2019-09-04 04:08:27,524 DEBUG (BaseJdbcLogger.java:143)- <====      Total: 1
2019-09-04 04:08:27,525 DEBUG (BaseJdbcLogger.java:143)- ====>  Preparing: select id, name, sex, birthday, phone, ID_number, email, parent_phone, adress, major, state from student_basic where id = ? 
2019-09-04 04:08:27,525 DEBUG (BaseJdbcLogger.java:143)- ====> Parameters: 19403(String)
2019-09-04 04:08:27,526 DEBUG (BaseJdbcLogger.java:143)- <====      Total: 1
2019-09-04 04:08:27,526 DEBUG (BaseJdbcLogger.java:143)- ====>  Preparing: select id, name, sex, birthday, phone, ID_number, email, parent_phone, adress, major, state from student_basic where id = ? 
2019-09-04 04:08:27,526 DEBUG (BaseJdbcLogger.java:143)- ====> Parameters: 19405(String)
2019-09-04 04:08:27,527 DEBUG (BaseJdbcLogger.java:143)- <====      Total: 1
2019-09-04 04:08:27,527 DEBUG (BaseJdbcLogger.java:143)- ====>  Preparing: select id, name, sex, birthday, phone, ID_number, email, parent_phone, adress, major, state from student_basic where id = ? 
2019-09-04 04:08:27,528 DEBUG (BaseJdbcLogger.java:143)- ====> Parameters: 19406(String)
2019-09-04 04:08:27,528 DEBUG (BaseJdbcLogger.java:143)- <====      Total: 1
2019-09-04 04:08:27,529 DEBUG (BaseJdbcLogger.java:143)- ====>  Preparing: select id, name, sex, birthday, phone, ID_number, email, parent_phone, adress, major, state from student_basic where id = ? 
2019-09-04 04:08:27,530 DEBUG (BaseJdbcLogger.java:143)- ====> Parameters: 19409(String)
2019-09-04 04:08:27,530 DEBUG (BaseJdbcLogger.java:143)- <====      Total: 1
2019-09-04 04:08:27,530 DEBUG (BaseJdbcLogger.java:143)- ====>  Preparing: select id, name, sex, birthday, phone, ID_number, email, parent_phone, adress, major, state from student_basic where id = ? 
2019-09-04 04:08:27,531 DEBUG (BaseJdbcLogger.java:143)- ====> Parameters: 19410(String)
2019-09-04 04:08:27,532 DEBUG (BaseJdbcLogger.java:143)- <====      Total: 1
2019-09-04 04:08:27,532 DEBUG (BaseJdbcLogger.java:143)- ====>  Preparing: select id, name, sex, birthday, phone, ID_number, email, parent_phone, adress, major, state from student_basic where id = ? 
2019-09-04 04:08:27,533 DEBUG (BaseJdbcLogger.java:143)- ====> Parameters: 19411(String)
2019-09-04 04:08:27,533 DEBUG (BaseJdbcLogger.java:143)- <====      Total: 1
2019-09-04 04:08:27,534 DEBUG (BaseJdbcLogger.java:143)- ====>  Preparing: select id, name, sex, birthday, phone, ID_number, email, parent_phone, adress, major, state from student_basic where id = ? 
2019-09-04 04:08:27,534 DEBUG (BaseJdbcLogger.java:143)- ====> Parameters: 19412(String)
2019-09-04 04:08:27,535 DEBUG (BaseJdbcLogger.java:143)- <====      Total: 1
2019-09-04 04:08:27,536 DEBUG (BaseJdbcLogger.java:143)- ====>  Preparing: select id, name, sex, birthday, phone, ID_number, email, parent_phone, adress, major, state from student_basic where id = ? 
2019-09-04 04:08:27,536 DEBUG (BaseJdbcLogger.java:143)- ====> Parameters: 19415(String)
2019-09-04 04:08:27,536 DEBUG (BaseJdbcLogger.java:143)- <====      Total: 1
2019-09-04 04:08:27,537 DEBUG (BaseJdbcLogger.java:143)- ====>  Preparing: select id, name, sex, birthday, phone, ID_number, email, parent_phone, adress, major, state from student_basic where id = ? 
2019-09-04 04:08:27,537 DEBUG (BaseJdbcLogger.java:143)- ====> Parameters: 19417(String)
2019-09-04 04:08:27,538 DEBUG (BaseJdbcLogger.java:143)- <====      Total: 1
2019-09-04 04:08:27,538 DEBUG (BaseJdbcLogger.java:143)- ====>  Preparing: select id, name, sex, birthday, phone, ID_number, email, parent_phone, adress, major, state from student_basic where id = ? 
2019-09-04 04:08:27,538 DEBUG (BaseJdbcLogger.java:143)- ====> Parameters: 19418(String)
2019-09-04 04:08:27,539 DEBUG (BaseJdbcLogger.java:143)- <====      Total: 1
2019-09-04 04:08:27,540 DEBUG (BaseJdbcLogger.java:143)- ====>  Preparing: select id, name, sex, birthday, phone, ID_number, email, parent_phone, adress, major, state from student_basic where id = ? 
2019-09-04 04:08:27,540 DEBUG (BaseJdbcLogger.java:143)- ====> Parameters: 19419(String)
2019-09-04 04:08:27,541 DEBUG (BaseJdbcLogger.java:143)- <====      Total: 1
2019-09-04 04:08:27,542 DEBUG (BaseJdbcLogger.java:143)- ====>  Preparing: select id, name, sex, birthday, phone, ID_number, email, parent_phone, adress, major, state from student_basic where id = ? 
2019-09-04 04:08:27,542 DEBUG (BaseJdbcLogger.java:143)- ====> Parameters: 19422(String)
2019-09-04 04:08:27,543 DEBUG (BaseJdbcLogger.java:143)- <====      Total: 1
2019-09-04 04:08:27,543 DEBUG (BaseJdbcLogger.java:143)- ====>  Preparing: select id, name, sex, birthday, phone, ID_number, email, parent_phone, adress, major, state from student_basic where id = ? 
2019-09-04 04:08:27,544 DEBUG (BaseJdbcLogger.java:143)- ====> Parameters: 19423(String)
2019-09-04 04:08:27,545 DEBUG (BaseJdbcLogger.java:143)- <====      Total: 1
2019-09-04 04:08:27,546 DEBUG (BaseJdbcLogger.java:143)- ====>  Preparing: select id, name, sex, birthday, phone, ID_number, email, parent_phone, adress, major, state from student_basic where id = ? 
2019-09-04 04:08:27,546 DEBUG (BaseJdbcLogger.java:143)- ====> Parameters: 19425(String)
2019-09-04 04:08:27,547 DEBUG (BaseJdbcLogger.java:143)- <====      Total: 1
2019-09-04 04:08:27,547 DEBUG (BaseJdbcLogger.java:143)- ====>  Preparing: select id, name, sex, birthday, phone, ID_number, email, parent_phone, adress, major, state from student_basic where id = ? 
2019-09-04 04:08:27,548 DEBUG (BaseJdbcLogger.java:143)- ====> Parameters: 19426(String)
2019-09-04 04:08:27,549 DEBUG (BaseJdbcLogger.java:143)- <====      Total: 1
2019-09-04 04:08:27,550 DEBUG (BaseJdbcLogger.java:143)- ====>  Preparing: select id, name, sex, birthday, phone, ID_number, email, parent_phone, adress, major, state from student_basic where id = ? 
2019-09-04 04:08:27,550 DEBUG (BaseJdbcLogger.java:143)- ====> Parameters: 19429(String)
2019-09-04 04:08:27,552 DEBUG (BaseJdbcLogger.java:143)- <====      Total: 1
2019-09-04 04:08:27,552 DEBUG (BaseJdbcLogger.java:143)- ====>  Preparing: select id, name, sex, birthday, phone, ID_number, email, parent_phone, adress, major, state from student_basic where id = ? 
2019-09-04 04:08:27,553 DEBUG (BaseJdbcLogger.java:143)- ====> Parameters: 19431(String)
2019-09-04 04:08:27,554 DEBUG (BaseJdbcLogger.java:143)- <====      Total: 1
2019-09-04 04:08:27,555 DEBUG (BaseJdbcLogger.java:143)- ====>  Preparing: select id, name, sex, birthday, phone, ID_number, email, parent_phone, adress, major, state from student_basic where id = ? 
2019-09-04 04:08:27,555 DEBUG (BaseJdbcLogger.java:143)- ====> Parameters: 19432(String)
2019-09-04 04:08:27,556 DEBUG (BaseJdbcLogger.java:143)- <====      Total: 1
2019-09-04 04:08:27,557 DEBUG (BaseJdbcLogger.java:143)- ====>  Preparing: select id, name, sex, birthday, phone, ID_number, email, parent_phone, adress, major, state from student_basic where id = ? 
2019-09-04 04:08:27,557 DEBUG (BaseJdbcLogger.java:143)- ====> Parameters: 19433(String)
2019-09-04 04:08:27,557 DEBUG (BaseJdbcLogger.java:143)- <====      Total: 1
2019-09-04 04:08:27,558 DEBUG (BaseJdbcLogger.java:143)- ====>  Preparing: select id, name, sex, birthday, phone, ID_number, email, parent_phone, adress, major, state from student_basic where id = ? 
2019-09-04 04:08:27,558 DEBUG (BaseJdbcLogger.java:143)- ====> Parameters: 19435(String)
2019-09-04 04:08:27,559 DEBUG (BaseJdbcLogger.java:143)- <====      Total: 1
2019-09-04 04:08:27,560 DEBUG (BaseJdbcLogger.java:143)- ====>  Preparing: select id, name, sex, birthday, phone, ID_number, email, parent_phone, adress, major, state from student_basic where id = ? 
2019-09-04 04:08:27,561 DEBUG (BaseJdbcLogger.java:143)- ====> Parameters: 19437(String)
2019-09-04 04:08:27,561 DEBUG (BaseJdbcLogger.java:143)- <====      Total: 1
2019-09-04 04:08:27,562 DEBUG (BaseJdbcLogger.java:143)- ====>  Preparing: select id, name, sex, birthday, phone, ID_number, email, parent_phone, adress, major, state from student_basic where id = ? 
2019-09-04 04:08:27,562 DEBUG (BaseJdbcLogger.java:143)- ====> Parameters: 19438(String)
2019-09-04 04:08:27,563 DEBUG (BaseJdbcLogger.java:143)- <====      Total: 1
2019-09-04 04:08:27,563 DEBUG (BaseJdbcLogger.java:143)- <==      Total: 25
2019-09-04 04:08:27,563 DEBUG (BaseJdbcLogger.java:143)- ==>  Preparing: select dormitory_allocation.id, dormitory_allocation.class_id, dormitory_allocation.dormitory_id,dormitory_allocation.number from dormitory_allocation,dormitory WHERE dormitory_allocation.dormitory_id=dormitory.id and dormitory.sex=? and class_id = ? 
2019-09-04 04:08:27,564 DEBUG (BaseJdbcLogger.java:143)- ==> Parameters: 男(String), 080702201902(String)
2019-09-04 04:08:27,565 DEBUG (BaseJdbcLogger.java:143)- ====>  Preparing: select id, dong, floor, room, sex, number, rent,hasnumber from dormitory where id = ? 
2019-09-04 04:08:27,565 DEBUG (BaseJdbcLogger.java:143)- ====> Parameters: 47(Integer)
2019-09-04 04:08:27,566 DEBUG (BaseJdbcLogger.java:143)- <====      Total: 1
2019-09-04 04:08:27,566 DEBUG (BaseJdbcLogger.java:143)- ====>  Preparing: select id, dong, floor, room, sex, number, rent,hasnumber from dormitory where id = ? 
2019-09-04 04:08:27,567 DEBUG (BaseJdbcLogger.java:143)- ====> Parameters: 48(Integer)
2019-09-04 04:08:27,567 DEBUG (BaseJdbcLogger.java:143)- <====      Total: 1
2019-09-04 04:08:27,568 DEBUG (BaseJdbcLogger.java:143)- ====>  Preparing: select id, dong, floor, room, sex, number, rent,hasnumber from dormitory where id = ? 
2019-09-04 04:08:27,568 DEBUG (BaseJdbcLogger.java:143)- ====> Parameters: 49(Integer)
2019-09-04 04:08:27,569 DEBUG (BaseJdbcLogger.java:143)- <====      Total: 1
2019-09-04 04:08:27,569 DEBUG (BaseJdbcLogger.java:143)- ====>  Preparing: select id, dong, floor, room, sex, number, rent,hasnumber from dormitory where id = ? 
2019-09-04 04:08:27,570 DEBUG (BaseJdbcLogger.java:143)- ====> Parameters: 50(Integer)
2019-09-04 04:08:27,570 DEBUG (BaseJdbcLogger.java:143)- <====      Total: 1
2019-09-04 04:08:27,571 DEBUG (BaseJdbcLogger.java:143)- ====>  Preparing: select id, dong, floor, room, sex, number, rent,hasnumber from dormitory where id = ? 
2019-09-04 04:08:27,571 DEBUG (BaseJdbcLogger.java:143)- ====> Parameters: 51(Integer)
2019-09-04 04:08:27,572 DEBUG (BaseJdbcLogger.java:143)- <====      Total: 1
2019-09-04 04:08:27,572 DEBUG (BaseJdbcLogger.java:143)- <==      Total: 5
2019-09-04 04:08:27,573 DEBUG (BaseJdbcLogger.java:143)- ==>  Preparing: select student_status.id,student_status.basic_id, student_status.student_id, student_status.class_id from student_status,student_basic where student_status.basic_id=student_basic.id and student_basic.sex=? and student_status.class_id=? 
