2019-10-27 11:43:29,407 DEBUG (BaseJdbcLogger.java:143)- ====>  Preparing: select id, name, sex, birthday, phone, ID_number, email, parent_phone, adress, major, state from student_basic where id = ? 
2019-10-27 11:43:29,408 DEBUG (BaseJdbcLogger.java:143)- ====> Parameters: 28279(String)
2019-10-27 11:43:29,409 DEBUG (BaseJdbcLogger.java:143)- <====      Total: 1
2019-10-27 11:43:29,409 DEBUG (BaseJdbcLogger.java:143)- ====>  Preparing: select id, name, sex, birthday, phone, ID_number, email, parent_phone, adress, major, state from student_basic where id = ? 
2019-10-27 11:43:29,410 DEBUG (BaseJdbcLogger.java:143)- ====> Parameters: 28281(String)
2019-10-27 11:43:29,410 DEBUG (BaseJdbcLogger.java:143)- <====      Total: 1
2019-10-27 11:43:29,411 DEBUG (BaseJdbcLogger.java:143)- ====>  Preparing: select id, name, sex, birthday, phone, ID_number, email, parent_phone, adress, major, state from student_basic where id = ? 
2019-10-27 11:43:29,411 DEBUG (BaseJdbcLogger.java:143)- ====> Parameters: 28282(String)
2019-10-27 11:43:29,412 DEBUG (BaseJdbcLogger.java:143)- <====      Total: 1
2019-10-27 11:43:29,412 DEBUG (BaseJdbcLogger.java:143)- ====>  Preparing: select id, name, sex, birthday, phone, ID_number, email, parent_phone, adress, major, state from student_basic where id = ? 
2019-10-27 11:43:29,413 DEBUG (BaseJdbcLogger.java:143)- ====> Parameters: 28285(String)
2019-10-27 11:43:29,413 DEBUG (BaseJdbcLogger.java:143)- <====      Total: 1
2019-10-27 11:43:29,414 DEBUG (BaseJdbcLogger.java:143)- ====>  Preparing: select id, name, sex, birthday, phone, ID_number, email, parent_phone, adress, major, state from student_basic where id = ? 
2019-10-27 11:43:29,414 DEBUG (BaseJdbcLogger.java:143)- ====> Parameters: 28287(String)
2019-10-27 11:43:29,415 DEBUG (BaseJdbcLogger.java:143)- <====      Total: 1
2019-10-27 11:43:29,416 DEBUG (BaseJdbcLogger.java:143)- ====>  Preparing: select id, name, sex, birthday, phone, ID_number, email, parent_phone, adress, major, state from student_basic where id = ? 
2019-10-27 11:43:29,416 DEBUG (BaseJdbcLogger.java:143)- ====> Parameters: 28288(String)
2019-10-27 11:43:29,417 DEBUG (BaseJdbcLogger.java:143)- <====      Total: 1
2019-10-27 11:43:29,418 DEBUG (BaseJdbcLogger.java:143)- ====>  Preparing: select id, name, sex, birthday, phone, ID_number, email, parent_phone, adress, major, state from student_basic where id = ? 
2019-10-27 11:43:29,418 DEBUG (BaseJdbcLogger.java:143)- ====> Parameters: 28289(String)
2019-10-27 11:43:29,419 DEBUG (BaseJdbcLogger.java:143)- <====      Total: 1
2019-10-27 11:43:29,420 DEBUG (BaseJdbcLogger.java:143)- ====>  Preparing: select id, name, sex, birthday, phone, ID_number, email, parent_phone, adress, major, state from student_basic where id = ? 
2019-10-27 11:43:29,420 DEBUG (BaseJdbcLogger.java:143)- ====> Parameters: 28291(String)
2019-10-27 11:43:29,421 DEBUG (BaseJdbcLogger.java:143)- <====      Total: 1
2019-10-27 11:43:29,421 DEBUG (BaseJdbcLogger.java:143)- ====>  Preparing: select id, name, sex, birthday, phone, ID_number, email, parent_phone, adress, major, state from student_basic where id = ? 
2019-10-27 11:43:29,422 DEBUG (BaseJdbcLogger.java:143)- ====> Parameters: 28293(String)
2019-10-27 11:43:29,422 DEBUG (BaseJdbcLogger.java:143)- <====      Total: 1
2019-10-27 11:43:29,423 DEBUG (BaseJdbcLogger.java:143)- ====>  Preparing: select id, name, sex, birthday, phone, ID_number, email, parent_phone, adress, major, state from student_basic where id = ? 
2019-10-27 11:43:29,423 DEBUG (BaseJdbcLogger.java:143)- ====> Parameters: 28294(String)
2019-10-27 11:43:29,424 DEBUG (BaseJdbcLogger.java:143)- <====      Total: 1
2019-10-27 11:43:29,424 DEBUG (BaseJdbcLogger.java:143)- <==      Total: 25
2019-10-27 11:43:29,425 DEBUG (BaseJdbcLogger.java:143)- ==>  Preparing: select dormitory_allocation.id, dormitory_allocation.class_id, dormitory_allocation.dormitory_id,dormitory_allocation.number from dormitory_allocation,dormitory WHERE dormitory_allocation.dormitory_id=dormitory.id and dormitory.sex=? and class_id = ? 
2019-10-27 11:43:29,425 DEBUG (BaseJdbcLogger.java:143)- ==> Parameters: 男(String), 080702201902(String)
2019-10-27 11:43:29,426 DEBUG (BaseJdbcLogger.java:143)- <==      Total: 0
2019-10-27 11:43:29,427 DEBUG (BaseJdbcLogger.java:143)- ==>  Preparing: select student_status.id,student_status.basic_id, student_status.student_id, student_status.class_id from student_status,student_basic where student_status.basic_id=student_basic.id and student_basic.sex=? and student_status.class_id=? 
2019-10-27 11:43:29,427 DEBUG (BaseJdbcLogger.java:143)- ==> Parameters: 男(String), 080702201903(String)
2019-10-27 11:43:29,428 DEBUG (BaseJdbcLogger.java:143)- ====>  Preparing: select id, name, sex, birthday, phone, ID_number, email, parent_phone, adress, major, state from student_basic where id = ? 
2019-10-27 11:43:29,429 DEBUG (BaseJdbcLogger.java:143)- ====> Parameters: 28295(String)
2019-10-27 11:43:29,430 DEBUG (BaseJdbcLogger.java:143)- <====      Total: 1
2019-10-27 11:43:29,430 DEBUG (BaseJdbcLogger.java:143)- ====>  Preparing: select id, class_id, name, director, grade, major_id from class WHERE class_id = ? 
2019-10-27 11:43:29,431 DEBUG (BaseJdbcLogger.java:143)- ====> Parameters: 080702201903(String)
2019-10-27 11:43:29,433 DEBUG (BaseJdbcLogger.java:143)- ======>  Preparing: select id, major_id, name, price, department_id from major where major_id = ? 
2019-10-27 11:43:29,433 DEBUG (BaseJdbcLogger.java:143)- ======> Parameters: 080702(String)
2019-10-27 11:43:29,435 DEBUG (BaseJdbcLogger.java:143)- <======      Total: 1
2019-10-27 11:43:29,435 DEBUG (BaseJdbcLogger.java:143)- <====      Total: 1
2019-10-27 11:43:29,436 DEBUG (BaseJdbcLogger.java:143)- ====>  Preparing: select id, name, sex, birthday, phone, ID_number, email, parent_phone, adress, major, state from student_basic where id = ? 
2019-10-27 11:43:29,436 DEBUG (BaseJdbcLogger.java:143)- ====> Parameters: 28296(String)
2019-10-27 11:43:29,437 DEBUG (BaseJdbcLogger.java:143)- <====      Total: 1
2019-10-27 11:43:29,437 DEBUG (BaseJdbcLogger.java:143)- ====>  Preparing: select id, name, sex, birthday, phone, ID_number, email, parent_phone, adress, major, state from student_basic where id = ? 
2019-10-27 11:43:29,438 DEBUG (BaseJdbcLogger.java:143)- ====> Parameters: 28300(String)
2019-10-27 11:43:29,438 DEBUG (BaseJdbcLogger.java:143)- <====      Total: 1
2019-10-27 11:43:29,439 DEBUG (BaseJdbcLogger.java:143)- ====>  Preparing: select id, name, sex, birthday, phone, ID_number, email, parent_phone, adress, major, state from student_basic where id = ? 
2019-10-27 11:43:29,439 DEBUG (BaseJdbcLogger.java:143)- ====> Parameters: 28303(String)
2019-10-27 11:43:29,440 DEBUG (BaseJdbcLogger.java:143)- <====      Total: 1
2019-10-27 11:43:29,440 DEBUG (BaseJdbcLogger.java:143)- ====>  Preparing: select id, name, sex, birthday, phone, ID_number, email, parent_phone, adress, major, state from student_basic where id = ? 
2019-10-27 11:43:29,440 DEBUG (BaseJdbcLogger.java:143)- ====> Parameters: 28306(String)
2019-10-27 11:43:29,441 DEBUG (BaseJdbcLogger.java:143)- <====      Total: 1
2019-10-27 11:43:29,442 DEBUG (BaseJdbcLogger.java:143)- ====>  Preparing: select id, name, sex, birthday, phone, ID_number, email, parent_phone, adress, major, state from student_basic where id = ? 
2019-10-27 11:43:29,442 DEBUG (BaseJdbcLogger.java:143)- ====> Parameters: 28307(String)
2019-10-27 11:43:29,443 DEBUG (BaseJdbcLogger.java:143)- <====      Total: 1
2019-10-27 11:43:29,443 DEBUG (BaseJdbcLogger.java:143)- ====>  Preparing: select id, name, sex, birthday, phone, ID_number, email, parent_phone, adress, major, state from student_basic where id = ? 
2019-10-27 11:43:29,443 DEBUG (BaseJdbcLogger.java:143)- ====> Parameters: 28308(String)
2019-10-27 11:43:29,444 DEBUG (BaseJdbcLogger.java:143)- <====      Total: 1
2019-10-27 11:43:29,444 DEBUG (BaseJdbcLogger.java:143)- ====>  Preparing: select id, name, sex, birthday, phone, ID_number, email, parent_phone, adress, major, state from student_basic where id = ? 
2019-10-27 11:43:29,445 DEBUG (BaseJdbcLogger.java:143)- ====> Parameters: 28312(String)
2019-10-27 11:43:29,445 DEBUG (BaseJdbcLogger.java:143)- <====      Total: 1
2019-10-27 11:43:29,446 DEBUG (BaseJdbcLogger.java:143)- ====>  Preparing: select id, name, sex, birthday, phone, ID_number, email, parent_phone, adress, major, state from student_basic where id = ? 
2019-10-27 11:43:29,446 DEBUG (BaseJdbcLogger.java:143)- ====> Parameters: 28313(String)
2019-10-27 11:43:29,447 DEBUG (BaseJdbcLogger.java:143)- <====      Total: 1
2019-10-27 11:43:29,447 DEBUG (BaseJdbcLogger.java:143)- ====>  Preparing: select id, name, sex, birthday, phone, ID_number, email, parent_phone, adress, major, state from student_basic where id = ? 
2019-10-27 11:43:29,447 DEBUG (BaseJdbcLogger.java:143)- ====> Parameters: 28314(String)
2019-10-27 11:43:29,449 DEBUG (BaseJdbcLogger.java:143)- <====      Total: 1
2019-10-27 11:43:29,449 DEBUG (BaseJdbcLogger.java:143)- ====>  Preparing: select id, name, sex, birthday, phone, ID_number, email, parent_phone, adress, major, state from student_basic where id = ? 
2019-10-27 11:43:29,450 DEBUG (BaseJdbcLogger.java:143)- ====> Parameters: 28315(String)
2019-10-27 11:43:29,450 DEBUG (BaseJdbcLogger.java:143)- <====      Total: 1
2019-10-27 11:43:29,451 DEBUG (BaseJdbcLogger.java:143)- ====>  Preparing: select id, name, sex, birthday, phone, ID_number, email, parent_phone, adress, major, state from student_basic where id = ? 
2019-10-27 11:43:29,451 DEBUG (BaseJdbcLogger.java:143)- ====> Parameters: 28317(String)
2019-10-27 11:43:29,452 DEBUG (BaseJdbcLogger.java:143)- <====      Total: 1
2019-10-27 11:43:29,452 DEBUG (BaseJdbcLogger.java:143)- ====>  Preparing: select id, name, sex, birthday, phone, ID_number, email, parent_phone, adress, major, state from student_basic where id = ? 
2019-10-27 11:43:29,452 DEBUG (BaseJdbcLogger.java:143)- ====> Parameters: 28319(String)
2019-10-27 11:43:29,453 DEBUG (BaseJdbcLogger.java:143)- <====      Total: 1
2019-10-27 11:43:29,453 DEBUG (BaseJdbcLogger.java:143)- ====>  Preparing: select id, name, sex, birthday, phone, ID_number, email, parent_phone, adress, major, state from student_basic where id = ? 
2019-10-27 11:43:29,453 DEBUG (BaseJdbcLogger.java:143)- ====> Parameters: 28320(String)
2019-10-27 11:43:29,454 DEBUG (BaseJdbcLogger.java:143)- <====      Total: 1
2019-10-27 11:43:29,454 DEBUG (BaseJdbcLogger.java:143)- ====>  Preparing: select id, name, sex, birthday, phone, ID_number, email, parent_phone, adress, major, state from student_basic where id = ? 
2019-10-27 11:43:29,455 DEBUG (BaseJdbcLogger.java:143)- ====> Parameters: 28321(String)
2019-10-27 11:43:29,455 DEBUG (BaseJdbcLogger.java:143)- <====      Total: 1
2019-10-27 11:43:29,456 DEBUG (BaseJdbcLogger.java:143)- ====>  Preparing: select id, name, sex, birthday, phone, ID_number, email, parent_phone, adress, major, state from student_basic where id = ? 
2019-10-27 11:43:29,456 DEBUG (BaseJdbcLogger.java:143)- ====> Parameters: 28322(String)
2019-10-27 11:43:29,457 DEBUG (BaseJdbcLogger.java:143)- <====      Total: 1
2019-10-27 11:43:29,457 DEBUG (BaseJdbcLogger.java:143)- ====>  Preparing: select id, name, sex, birthday, phone, ID_number, email, parent_phone, adress, major, state from student_basic where id = ? 
2019-10-27 11:43:29,457 DEBUG (BaseJdbcLogger.java:143)- ====> Parameters: 28323(String)
2019-10-27 11:43:29,458 DEBUG (BaseJdbcLogger.java:143)- <====      Total: 1
2019-10-27 11:43:29,458 DEBUG (BaseJdbcLogger.java:143)- ====>  Preparing: select id, name, sex, birthday, phone, ID_number, email, parent_phone, adress, major, state from student_basic where id = ? 
2019-10-27 11:43:29,458 DEBUG (BaseJdbcLogger.java:143)- ====> Parameters: 28324(String)
2019-10-27 11:43:29,459 DEBUG (BaseJdbcLogger.java:143)- <====      Total: 1
2019-10-27 11:43:29,459 DEBUG (BaseJdbcLogger.java:143)- ====>  Preparing: select id, name, sex, birthday, phone, ID_number, email, parent_phone, adress, major, state from student_basic where id = ? 
2019-10-27 11:43:29,460 DEBUG (BaseJdbcLogger.java:143)- ====> Parameters: 28325(String)
2019-10-27 11:43:29,460 DEBUG (BaseJdbcLogger.java:143)- <====      Total: 1
2019-10-27 11:43:29,461 DEBUG (BaseJdbcLogger.java:143)- ====>  Preparing: select id, name, sex, birthday, phone, ID_number, email, parent_phone, adress, major, state from student_basic where id = ? 
2019-10-27 11:43:29,461 DEBUG (BaseJdbcLogger.java:143)- ====> Parameters: 28328(String)
2019-10-27 11:43:29,462 DEBUG (BaseJdbcLogger.java:143)- <====      Total: 1
2019-10-27 11:43:29,462 DEBUG (BaseJdbcLogger.java:143)- ====>  Preparing: select id, name, sex, birthday, phone, ID_number, email, parent_phone, adress, major, state from student_basic where id = ? 
2019-10-27 11:43:29,463 DEBUG (BaseJdbcLogger.java:143)- ====> Parameters: 28329(String)
2019-10-27 11:43:29,463 DEBUG (BaseJdbcLogger.java:143)- <====      Total: 1
2019-10-27 11:43:29,464 DEBUG (BaseJdbcLogger.java:143)- ====>  Preparing: select id, name, sex, birthday, phone, ID_number, email, parent_phone, adress, major, state from student_basic where id = ? 
2019-10-27 11:43:29,464 DEBUG (BaseJdbcLogger.java:143)- ====> Parameters: 28330(String)
2019-10-27 11:43:29,465 DEBUG (BaseJdbcLogger.java:143)- <====      Total: 1
2019-10-27 11:43:29,466 DEBUG (BaseJdbcLogger.java:143)- ====>  Preparing: select id, name, sex, birthday, phone, ID_number, email, parent_phone, adress, major, state from student_basic where id = ? 
2019-10-27 11:43:29,466 DEBUG (BaseJdbcLogger.java:143)- ====> Parameters: 28333(String)
2019-10-27 11:43:29,467 DEBUG (BaseJdbcLogger.java:143)- <====      Total: 1
2019-10-27 11:43:29,467 DEBUG (BaseJdbcLogger.java:143)- ====>  Preparing: select id, name, sex, birthday, phone, ID_number, email, parent_phone, adress, major, state from student_basic where id = ? 
2019-10-27 11:43:29,467 DEBUG (BaseJdbcLogger.java:143)- ====> Parameters: 28335(String)
2019-10-27 11:43:29,468 DEBUG (BaseJdbcLogger.java:143)- <====      Total: 1
2019-10-27 11:43:29,468 DEBUG (BaseJdbcLogger.java:143)- <==      Total: 24
2019-10-27 11:43:29,469 DEBUG (BaseJdbcLogger.java:143)- ==>  Preparing: select dormitory_allocation.id, dormitory_allocation.class_id, dormitory_allocation.dormitory_id,dormitory_allocation.number from dormitory_allocation,dormitory WHERE dormitory_allocation.dormitory_id=dormitory.id and dormitory.sex=? and class_id = ? 
2019-10-27 11:43:29,469 DEBUG (BaseJdbcLogger.java:143)- ==> Parameters: 男(String), 080702201903(String)
2019-10-27 11:43:29,469 DEBUG (BaseJdbcLogger.java:143)- <==      Total: 0
2019-10-27 11:43:29,470 DEBUG (BaseJdbcLogger.java:143)- ==>  Preparing: select student_status.id,student_status.basic_id, student_status.student_id, student_status.class_id from student_status,student_basic where student_status.basic_id=student_basic.id and student_basic.sex=? and student_status.class_id=? 
2019-10-27 11:43:29,470 DEBUG (BaseJdbcLogger.java:143)- ==> Parameters: 男(String), 080901201901(String)
2019-10-27 11:43:29,471 DEBUG (BaseJdbcLogger.java:143)- ====>  Preparing: select id, name, sex, birthday, phone, ID_number, email, parent_phone, adress, major, state from student_basic where id = ? 
2019-10-27 11:43:29,471 DEBUG (BaseJdbcLogger.java:143)- ====> Parameters: 27858(String)
2019-10-27 11:43:29,472 DEBUG (BaseJdbcLogger.java:143)- <====      Total: 1
2019-10-27 11:43:29,472 DEBUG (BaseJdbcLogger.java:143)- ====>  Preparing: select id, class_id, name, director, grade, major_id from class WHERE class_id = ? 
2019-10-27 11:43:29,473 DEBUG (BaseJdbcLogger.java:143)- ====> Parameters: 080901201901(String)
2019-10-27 11:43:29,473 DEBUG (BaseJdbcLogger.java:143)- ======>  Preparing: select id, major_id, name, price, department_id from major where major_id = ? 
2019-10-27 11:43:29,474 DEBUG (BaseJdbcLogger.java:143)- ======> Parameters: 080901(String)
2019-10-27 11:43:29,474 DEBUG (BaseJdbcLogger.java:143)- <======      Total: 1
2019-10-27 11:43:29,474 DEBUG (BaseJdbcLogger.java:143)- <====      Total: 1
2019-10-27 11:43:29,475 DEBUG (BaseJdbcLogger.java:143)- ====>  Preparing: select id, name, sex, birthday, phone, ID_number, email, parent_phone, adress, major, state from student_basic where id = ? 
2019-10-27 11:43:29,475 DEBUG (BaseJdbcLogger.java:143)- ====> Parameters: 27859(String)
2019-10-27 11:43:29,476 DEBUG (BaseJdbcLogger.java:143)- <====      Total: 1
2019-10-27 11:43:29,476 DEBUG (BaseJdbcLogger.java:143)- ====>  Preparing: select id, name, sex, birthday, phone, ID_number, email, parent_phone, adress, major, state from student_basic where id = ? 
2019-10-27 11:43:29,476 DEBUG (BaseJdbcLogger.java:143)- ====> Parameters: 27862(String)
2019-10-27 11:43:29,477 DEBUG (BaseJdbcLogger.java:143)- <====      Total: 1
2019-10-27 11:43:29,477 DEBUG (BaseJdbcLogger.java:143)- ====>  Preparing: select id, name, sex, birthday, phone, ID_number, email, parent_phone, adress, major, state from student_basic where id = ? 
2019-10-27 11:43:29,478 DEBUG (BaseJdbcLogger.java:143)- ====> Parameters: 27863(String)
2019-10-27 11:43:29,478 DEBUG (BaseJdbcLogger.java:143)- <====      Total: 1
2019-10-27 11:43:29,478 DEBUG (BaseJdbcLogger.java:143)- ====>  Preparing: select id, name, sex, birthday, phone, ID_number, email, parent_phone, adress, major, state from student_basic where id = ? 
2019-10-27 11:43:29,479 DEBUG (BaseJdbcLogger.java:143)- ====> Parameters: 27865(String)
2019-10-27 11:43:29,480 DEBUG (BaseJdbcLogger.java:143)- <====      Total: 1
2019-10-27 11:43:29,481 DEBUG (BaseJdbcLogger.java:143)- ====>  Preparing: select id, name, sex, birthday, phone, ID_number, email, parent_phone, adress, major, state from student_basic where id = ? 
2019-10-27 11:43:29,482 DEBUG (BaseJdbcLogger.java:143)- ====> Parameters: 27868(String)
2019-10-27 11:43:29,483 DEBUG (BaseJdbcLogger.java:143)- <====      Total: 1
2019-10-27 11:43:29,483 DEBUG (BaseJdbcLogger.java:143)- ====>  Preparing: select id, name, sex, birthday, phone, ID_number, email, parent_phone, adress, major, state from student_basic where id = ? 
2019-10-27 11:43:29,484 DEBUG (BaseJdbcLogger.java:143)- ====> Parameters: 27872(String)
2019-10-27 11:43:29,484 DEBUG (BaseJdbcLogger.java:143)- <====      Total: 1
2019-10-27 11:43:29,485 DEBUG (BaseJdbcLogger.java:143)- ====>  Preparing: select id, name, sex, birthday, phone, ID_number, email, parent_phone, adress, major, state from student_basic where id = ? 
2019-10-27 11:43:29,485 DEBUG (BaseJdbcLogger.java:143)- ====> Parameters: 27875(String)
2019-10-27 11:43:29,486 DEBUG (BaseJdbcLogger.java:143)- <====      Total: 1
2019-10-27 11:43:29,486 DEBUG (BaseJdbcLogger.java:143)- ====>  Preparing: select id, name, sex, birthday, phone, ID_number, email, parent_phone, adress, major, state from student_basic where id = ? 
2019-10-27 11:43:29,487 DEBUG (BaseJdbcLogger.java:143)- ====> Parameters: 27877(String)
2019-10-27 11:43:29,487 DEBUG (BaseJdbcLogger.java:143)- <====      Total: 1
2019-10-27 11:43:29,488 DEBUG (BaseJdbcLogger.java:143)- ====>  Preparing: select id, name, sex, birthday, phone, ID_number, email, parent_phone, adress, major, state from student_basic where id = ? 
2019-10-27 11:43:29,488 DEBUG (BaseJdbcLogger.java:143)- ====> Parameters: 27878(String)
2019-10-27 11:43:29,489 DEBUG (BaseJdbcLogger.java:143)- <====      Total: 1
2019-10-27 11:43:29,490 DEBUG (BaseJdbcLogger.java:143)- ====>  Preparing: select id, name, sex, birthday, phone, ID_number, email, parent_phone, adress, major, state from student_basic where id = ? 
2019-10-27 11:43:29,490 DEBUG (BaseJdbcLogger.java:143)- ====> Parameters: 27880(String)
2019-10-27 11:43:29,491 DEBUG (BaseJdbcLogger.java:143)- <====      Total: 1
2019-10-27 11:43:29,492 DEBUG (BaseJdbcLogger.java:143)- ====>  Preparing: select id, name, sex, birthday, phone, ID_number, email, parent_phone, adress, major, state from student_basic where id = ? 
2019-10-27 11:43:29,492 DEBUG (BaseJdbcLogger.java:143)- ====> Parameters: 27883(String)
2019-10-27 11:43:29,493 DEBUG (BaseJdbcLogger.java:143)- <====      Total: 1
2019-10-27 11:43:29,494 DEBUG (BaseJdbcLogger.java:143)- ====>  Preparing: select id, name, sex, birthday, phone, ID_number, email, parent_phone, adress, major, state from student_basic where id = ? 
2019-10-27 11:43:29,494 DEBUG (BaseJdbcLogger.java:143)- ====> Parameters: 27885(String)
2019-10-27 11:43:29,495 DEBUG (BaseJdbcLogger.java:143)- <====      Total: 1
2019-10-27 11:43:29,495 DEBUG (BaseJdbcLogger.java:143)- ====>  Preparing: select id, name, sex, birthday, phone, ID_number, email, parent_phone, adress, major, state from student_basic where id = ? 
2019-10-27 11:43:29,496 DEBUG (BaseJdbcLogger.java:143)- ====> Parameters: 27887(String)
2019-10-27 11:43:29,496 DEBUG (BaseJdbcLogger.java:143)- <====      Total: 1
2019-10-27 11:43:29,497 DEBUG (BaseJdbcLogger.java:143)- ====>  Preparing: select id, name, sex, birthday, phone, ID_number, email, parent_phone, adress, major, state from student_basic where id = ? 
2019-10-27 11:43:29,497 DEBUG (BaseJdbcLogger.java:143)- ====> Parameters: 27889(String)
2019-10-27 11:43:29,498 DEBUG (BaseJdbcLogger.java:143)- <====      Total: 1
2019-10-27 11:43:29,499 DEBUG (BaseJdbcLogger.java:143)- ====>  Preparing: select id, name, sex, birthday, phone, ID_number, email, parent_phone, adress, major, state from student_basic where id = ? 
2019-10-27 11:43:29,499 DEBUG (BaseJdbcLogger.java:143)- ====> Parameters: 27891(String)
2019-10-27 11:43:29,500 DEBUG (BaseJdbcLogger.java:143)- <====      Total: 1
2019-10-27 11:43:29,501 DEBUG (BaseJdbcLogger.java:143)- ====>  Preparing: select id, name, sex, birthday, phone, ID_number, email, parent_phone, adress, major, state from student_basic where id = ? 
2019-10-27 11:43:29,502 DEBUG (BaseJdbcLogger.java:143)- ====> Parameters: 27892(String)
2019-10-27 11:43:29,502 DEBUG (BaseJdbcLogger.java:143)- <====      Total: 1
2019-10-27 11:43:29,503 DEBUG (BaseJdbcLogger.java:143)- ====>  Preparing: select id, name, sex, birthday, phone, ID_number, email, parent_phone, adress, major, state from student_basic where id = ? 
2019-10-27 11:43:29,503 DEBUG (BaseJdbcLogger.java:143)- ====> Parameters: 27893(String)
2019-10-27 11:43:29,504 DEBUG (BaseJdbcLogger.java:143)- <====      Total: 1
2019-10-27 11:43:29,505 DEBUG (BaseJdbcLogger.java:143)- ====>  Preparing: select id, name, sex, birthday, phone, ID_number, email, parent_phone, adress, major, state from student_basic where id = ? 
2019-10-27 11:43:29,506 DEBUG (BaseJdbcLogger.java:143)- ====> Parameters: 27895(String)
2019-10-27 11:43:29,506 DEBUG (BaseJdbcLogger.java:143)- <====      Total: 1
2019-10-27 11:43:29,507 DEBUG (BaseJdbcLogger.java:143)- ====>  Preparing: select id, name, sex, birthday, phone, ID_number, email, parent_phone, adress, major, state from student_basic where id = ? 
2019-10-27 11:43:29,507 DEBUG (BaseJdbcLogger.java:143)- ====> Parameters: 27898(String)
2019-10-27 11:43:29,508 DEBUG (BaseJdbcLogger.java:143)- <====      Total: 1
2019-10-27 11:43:29,509 DEBUG (BaseJdbcLogger.java:143)- ====>  Preparing: select id, name, sex, birthday, phone, ID_number, email, parent_phone, adress, major, state from student_basic where id = ? 
2019-10-27 11:43:29,509 DEBUG (BaseJdbcLogger.java:143)- ====> Parameters: 27899(String)
2019-10-27 11:43:29,510 DEBUG (BaseJdbcLogger.java:143)- <====      Total: 1
2019-10-27 11:43:29,510 DEBUG (BaseJdbcLogger.java:143)- ====>  Preparing: select id, name, sex, birthday, phone, ID_number, email, parent_phone, adress, major, state from student_basic where id = ? 
2019-10-27 11:43:29,510 DEBUG (BaseJdbcLogger.java:143)- ====> Parameters: 27900(String)
2019-10-27 11:43:29,511 DEBUG (BaseJdbcLogger.java:143)- <====      Total: 1
2019-10-27 11:43:29,511 DEBUG (BaseJdbcLogger.java:143)- <==      Total: 22
2019-10-27 11:43:29,512 DEBUG (BaseJdbcLogger.java:143)- ==>  Preparing: select dormitory_allocation.id, dormitory_allocation.class_id, dormitory_allocation.dormitory_id,dormitory_allocation.number from dormitory_allocation,dormitory WHERE dormitory_allocation.dormitory_id=dormitory.id and dormitory.sex=? and class_id = ? 
2019-10-27 11:43:29,512 DEBUG (BaseJdbcLogger.java:143)- ==> Parameters: 男(String), 080901201901(String)
2019-10-27 11:43:29,513 DEBUG (BaseJdbcLogger.java:143)- <==      Total: 0
2019-10-27 11:43:29,514 DEBUG (BaseJdbcLogger.java:143)- ==>  Preparing: select student_status.id,student_status.basic_id, student_status.student_id, student_status.class_id from student_status,student_basic where student_status.basic_id=student_basic.id and student_basic.sex=? and student_status.class_id=? 
2019-10-27 11:43:29,515 DEBUG (BaseJdbcLogger.java:143)- ==> Parameters: 男(String), 080901201902(String)
2019-10-27 11:43:29,516 DEBUG (BaseJdbcLogger.java:143)- ====>  Preparing: select id, name, sex, birthday, phone, ID_number, email, parent_phone, adress, major, state from student_basic where id = ? 
2019-10-27 11:43:29,517 DEBUG (BaseJdbcLogger.java:143)- ====> Parameters: 27902(String)
2019-10-27 11:43:29,517 DEBUG (BaseJdbcLogger.java:143)- <====      Total: 1
2019-10-27 11:43:29,518 DEBUG (BaseJdbcLogger.java:143)- ====>  Preparing: select id, class_id, name, director, grade, major_id from class WHERE class_id = ? 
2019-10-27 11:43:29,518 DEBUG (BaseJdbcLogger.java:143)- ====> Parameters: 080901201902(String)
2019-10-27 11:43:29,519 DEBUG (BaseJdbcLogger.java:143)- ======>  Preparing: select id, major_id, name, price, department_id from major where major_id = ? 
2019-10-27 11:43:29,519 DEBUG (BaseJdbcLogger.java:143)- ======> Parameters: 080901(String)
2019-10-27 11:43:29,520 DEBUG (BaseJdbcLogger.java:143)- <======      Total: 1
2019-10-27 11:43:29,520 DEBUG (BaseJdbcLogger.java:143)- <====      Total: 1
2019-10-27 11:43:29,520 DEBUG (BaseJdbcLogger.java:143)- ====>  Preparing: select id, name, sex, birthday, phone, ID_number, email, parent_phone, adress, major, state from student_basic where id = ? 
2019-10-27 11:43:29,521 DEBUG (BaseJdbcLogger.java:143)- ====> Parameters: 27903(String)
2019-10-27 11:43:29,521 DEBUG (BaseJdbcLogger.java:143)- <====      Total: 1
2019-10-27 11:43:29,522 DEBUG (BaseJdbcLogger.java:143)- ====>  Preparing: select id, name, sex, birthday, phone, ID_number, email, parent_phone, adress, major, state from student_basic where id = ? 
2019-10-27 11:43:29,522 DEBUG (BaseJdbcLogger.java:143)- ====> Parameters: 27904(String)
2019-10-27 11:43:29,522 DEBUG (BaseJdbcLogger.java:143)- <====      Total: 1
2019-10-27 11:43:29,523 DEBUG (BaseJdbcLogger.java:143)- ====>  Preparing: select id, name, sex, birthday, phone, ID_number, email, parent_phone, adress, major, state from student_basic where id = ? 
2019-10-27 11:43:29,523 DEBUG (BaseJdbcLogger.java:143)- ====> Parameters: 27907(String)
2019-10-27 11:43:29,524 DEBUG (BaseJdbcLogger.java:143)- <====      Total: 1
2019-10-27 11:43:29,525 DEBUG (BaseJdbcLogger.java:143)- ====>  Preparing: select id, name, sex, birthday, phone, ID_number, email, parent_phone, adress, major, state from student_basic where id = ? 
2019-10-27 11:43:29,525 DEBUG (BaseJdbcLogger.java:143)- ====> Parameters: 27909(String)
2019-10-27 11:43:29,526 DEBUG (BaseJdbcLogger.java:143)- <====      Total: 1
2019-10-27 11:43:29,526 DEBUG (BaseJdbcLogger.java:143)- ====>  Preparing: select id, name, sex, birthday, phone, ID_number, email, parent_phone, adress, major, state from student_basic where id = ? 
2019-10-27 11:43:29,526 DEBUG (BaseJdbcLogger.java:143)- ====> Parameters: 27911(String)
2019-10-27 11:43:29,527 DEBUG (BaseJdbcLogger.java:143)- <====      Total: 1
2019-10-27 11:43:29,527 DEBUG (BaseJdbcLogger.java:143)- ====>  Preparing: select id, name, sex, birthday, phone, ID_number, email, parent_phone, adress, major, state from student_basic where id = ? 
2019-10-27 11:43:29,528 DEBUG (BaseJdbcLogger.java:143)- ====> Parameters: 27912(String)
2019-10-27 11:43:29,528 DEBUG (BaseJdbcLogger.java:143)- <====      Total: 1
2019-10-27 11:43:29,529 DEBUG (BaseJdbcLogger.java:143)- ====>  Preparing: select id, name, sex, birthday, phone, ID_number, email, parent_phone, adress, major, state from student_basic where id = ? 
2019-10-27 11:43:29,529 DEBUG (BaseJdbcLogger.java:143)- ====> Parameters: 27914(String)
2019-10-27 11:43:29,530 DEBUG (BaseJdbcLogger.java:143)- <====      Total: 1
2019-10-27 11:43:29,530 DEBUG (BaseJdbcLogger.java:143)- ====>  Preparing: select id, name, sex, birthday, phone, ID_number, email, parent_phone, adress, major, state from student_basic where id = ? 
2019-10-27 11:43:29,530 DEBUG (BaseJdbcLogger.java:143)- ====> Parameters: 27915(String)
2019-10-27 11:43:29,531 DEBUG (BaseJdbcLogger.java:143)- <====      Total: 1
2019-10-27 11:43:29,532 DEBUG (BaseJdbcLogger.java:143)- ====>  Preparing: select id, name, sex, birthday, phone, ID_number, email, parent_phone, adress, major, state from student_basic where id = ? 
2019-10-27 11:43:29,532 DEBUG (BaseJdbcLogger.java:143)- ====> Parameters: 27916(String)
2019-10-27 11:43:29,532 DEBUG (BaseJdbcLogger.java:143)- <====      Total: 1
2019-10-27 11:43:29,533 DEBUG (BaseJdbcLogger.java:143)- ====>  Preparing: select id, name, sex, birthday, phone, ID_number, email, parent_phone, adress, major, state from student_basic where id = ? 
2019-10-27 11:43:29,533 DEBUG (BaseJdbcLogger.java:143)- ====> Parameters: 27918(String)
2019-10-27 11:43:29,534 DEBUG (BaseJdbcLogger.java:143)- <====      Total: 1
2019-10-27 11:43:29,534 DEBUG (BaseJdbcLogger.java:143)- ====>  Preparing: select id, name, sex, birthday, phone, ID_number, email, parent_phone, adress, major, state from student_basic where id = ? 
2019-10-27 11:43:29,535 DEBUG (BaseJdbcLogger.java:143)- ====> Parameters: 27921(String)
2019-10-27 11:43:29,536 DEBUG (BaseJdbcLogger.java:143)- <====      Total: 1
2019-10-27 11:43:29,536 DEBUG (BaseJdbcLogger.java:143)- ====>  Preparing: select id, name, sex, birthday, phone, ID_number, email, parent_phone, adress, major, state from student_basic where id = ? 
2019-10-27 11:43:29,537 DEBUG (BaseJdbcLogger.java:143)- ====> Parameters: 27923(String)
2019-10-27 11:43:29,538 DEBUG (BaseJdbcLogger.java:143)- <====      Total: 1
2019-10-27 11:43:29,538 DEBUG (BaseJdbcLogger.java:143)- ====>  Preparing: select id, name, sex, birthday, phone, ID_number, email, parent_phone, adress, major, state from student_basic where id = ? 
2019-10-27 11:43:29,539 DEBUG (BaseJdbcLogger.java:143)- ====> Parameters: 27927(String)
2019-10-27 11:43:29,539 DEBUG (BaseJdbcLogger.java:143)- <====      Total: 1
2019-10-27 11:43:29,540 DEBUG (BaseJdbcLogger.java:143)- ====>  Preparing: select id, name, sex, birthday, phone, ID_number, email, parent_phone, adress, major, state from student_basic where id = ? 
2019-10-27 11:43:29,540 DEBUG (BaseJdbcLogger.java:143)- ====> Parameters: 27928(String)
2019-10-27 11:43:29,541 DEBUG (BaseJdbcLogger.java:143)- <====      Total: 1
2019-10-27 11:43:29,541 DEBUG (BaseJdbcLogger.java:143)- ====>  Preparing: select id, name, sex, birthday, phone, ID_number, email, parent_phone, adress, major, state from student_basic where id = ? 
2019-10-27 11:43:29,542 DEBUG (BaseJdbcLogger.java:143)- ====> Parameters: 27929(String)
2019-10-27 11:43:29,542 DEBUG (BaseJdbcLogger.java:143)- <====      Total: 1
2019-10-27 11:43:29,543 DEBUG (BaseJdbcLogger.java:143)- ====>  Preparing: select id, name, sex, birthday, phone, ID_number, email, parent_phone, adress, major, state from student_basic where id = ? 
2019-10-27 11:43:29,543 DEBUG (BaseJdbcLogger.java:143)- ====> Parameters: 27930(String)
2019-10-27 11:43:29,544 DEBUG (BaseJdbcLogger.java:143)- <====      Total: 1
2019-10-27 11:43:29,544 DEBUG (BaseJdbcLogger.java:143)- ====>  Preparing: select id, name, sex, birthday, phone, ID_number, email, parent_phone, adress, major, state from student_basic where id = ? 
