2019-10-28 00:07:22,210 DEBUG (BaseJdbcLogger.java:143)- <====      Total: 1
2019-10-28 00:07:22,211 DEBUG (BaseJdbcLogger.java:143)- ====>  Preparing: select id, name, sex, birthday, phone, ID_number, email, parent_phone, adress, major, state from student_basic where id = ? 
2019-10-28 00:07:22,212 DEBUG (BaseJdbcLogger.java:143)- ====> Parameters: 28440(String)
2019-10-28 00:07:22,214 DEBUG (BaseJdbcLogger.java:143)- <====      Total: 1
2019-10-28 00:07:22,214 DEBUG (BaseJdbcLogger.java:143)- ====>  Preparing: select id, name, sex, birthday, phone, ID_number, email, parent_phone, adress, major, state from student_basic where id = ? 
2019-10-28 00:07:22,215 DEBUG (BaseJdbcLogger.java:143)- ====> Parameters: 28444(String)
2019-10-28 00:07:22,216 DEBUG (BaseJdbcLogger.java:143)- <====      Total: 1
2019-10-28 00:07:22,216 DEBUG (BaseJdbcLogger.java:143)- ====>  Preparing: select id, name, sex, birthday, phone, ID_number, email, parent_phone, adress, major, state from student_basic where id = ? 
2019-10-28 00:07:22,217 DEBUG (BaseJdbcLogger.java:143)- ====> Parameters: 28446(String)
2019-10-28 00:07:22,217 DEBUG (BaseJdbcLogger.java:143)- <====      Total: 1
2019-10-28 00:07:22,218 DEBUG (BaseJdbcLogger.java:143)- ====>  Preparing: select id, name, sex, birthday, phone, ID_number, email, parent_phone, adress, major, state from student_basic where id = ? 
2019-10-28 00:07:22,219 DEBUG (BaseJdbcLogger.java:143)- ====> Parameters: 28447(String)
2019-10-28 00:07:22,220 DEBUG (BaseJdbcLogger.java:143)- <====      Total: 1
2019-10-28 00:07:22,220 DEBUG (BaseJdbcLogger.java:143)- ====>  Preparing: select id, name, sex, birthday, phone, ID_number, email, parent_phone, adress, major, state from student_basic where id = ? 
2019-10-28 00:07:22,221 DEBUG (BaseJdbcLogger.java:143)- ====> Parameters: 28448(String)
2019-10-28 00:07:22,221 DEBUG (BaseJdbcLogger.java:143)- <====      Total: 1
2019-10-28 00:07:22,222 DEBUG (BaseJdbcLogger.java:143)- ====>  Preparing: select id, name, sex, birthday, phone, ID_number, email, parent_phone, adress, major, state from student_basic where id = ? 
2019-10-28 00:07:22,222 DEBUG (BaseJdbcLogger.java:143)- ====> Parameters: 28453(String)
2019-10-28 00:07:22,222 DEBUG (BaseJdbcLogger.java:143)- <====      Total: 1
2019-10-28 00:07:22,223 DEBUG (BaseJdbcLogger.java:143)- ====>  Preparing: select id, name, sex, birthday, phone, ID_number, email, parent_phone, adress, major, state from student_basic where id = ? 
2019-10-28 00:07:22,223 DEBUG (BaseJdbcLogger.java:143)- ====> Parameters: 28455(String)
2019-10-28 00:07:22,223 DEBUG (BaseJdbcLogger.java:143)- <====      Total: 1
2019-10-28 00:07:22,225 DEBUG (BaseJdbcLogger.java:143)- ====>  Preparing: select id, name, sex, birthday, phone, ID_number, email, parent_phone, adress, major, state from student_basic where id = ? 
2019-10-28 00:07:22,225 DEBUG (BaseJdbcLogger.java:143)- ====> Parameters: 28469(String)
2019-10-28 00:07:22,225 DEBUG (BaseJdbcLogger.java:143)- <====      Total: 1
2019-10-28 00:07:22,226 DEBUG (BaseJdbcLogger.java:143)- ====>  Preparing: select id, name, sex, birthday, phone, ID_number, email, parent_phone, adress, major, state from student_basic where id = ? 
2019-10-28 00:07:22,226 DEBUG (BaseJdbcLogger.java:143)- ====> Parameters: 28470(String)
2019-10-28 00:07:22,226 DEBUG (BaseJdbcLogger.java:143)- <====      Total: 1
2019-10-28 00:07:22,227 DEBUG (BaseJdbcLogger.java:143)- ====>  Preparing: select id, name, sex, birthday, phone, ID_number, email, parent_phone, adress, major, state from student_basic where id = ? 
2019-10-28 00:07:22,228 DEBUG (BaseJdbcLogger.java:143)- ====> Parameters: 28472(String)
2019-10-28 00:07:22,228 DEBUG (BaseJdbcLogger.java:143)- <====      Total: 1
2019-10-28 00:07:22,228 DEBUG (BaseJdbcLogger.java:143)- ====>  Preparing: select id, name, sex, birthday, phone, ID_number, email, parent_phone, adress, major, state from student_basic where id = ? 
2019-10-28 00:07:22,228 DEBUG (BaseJdbcLogger.java:143)- ====> Parameters: 28473(String)
2019-10-28 00:07:22,230 DEBUG (BaseJdbcLogger.java:143)- <====      Total: 1
2019-10-28 00:07:22,231 DEBUG (BaseJdbcLogger.java:143)- ====>  Preparing: select id, name, sex, birthday, phone, ID_number, email, parent_phone, adress, major, state from student_basic where id = ? 
2019-10-28 00:07:22,231 DEBUG (BaseJdbcLogger.java:143)- ====> Parameters: 28479(String)
2019-10-28 00:07:22,232 DEBUG (BaseJdbcLogger.java:143)- <====      Total: 1
2019-10-28 00:07:22,232 DEBUG (BaseJdbcLogger.java:143)- ====>  Preparing: select id, name, sex, birthday, phone, ID_number, email, parent_phone, adress, major, state from student_basic where id = ? 
2019-10-28 00:07:22,232 DEBUG (BaseJdbcLogger.java:143)- ====> Parameters: 28480(String)
2019-10-28 00:07:22,234 DEBUG (BaseJdbcLogger.java:143)- <====      Total: 1
2019-10-28 00:07:22,234 DEBUG (BaseJdbcLogger.java:143)- ====>  Preparing: select id, name, sex, birthday, phone, ID_number, email, parent_phone, adress, major, state from student_basic where id = ? 
2019-10-28 00:07:22,234 DEBUG (BaseJdbcLogger.java:143)- ====> Parameters: 28481(String)
2019-10-28 00:07:22,234 DEBUG (BaseJdbcLogger.java:143)- <====      Total: 1
2019-10-28 00:07:22,236 DEBUG (BaseJdbcLogger.java:143)- ====>  Preparing: select id, name, sex, birthday, phone, ID_number, email, parent_phone, adress, major, state from student_basic where id = ? 
2019-10-28 00:07:22,236 DEBUG (BaseJdbcLogger.java:143)- ====> Parameters: 28482(String)
2019-10-28 00:07:22,236 DEBUG (BaseJdbcLogger.java:143)- <====      Total: 1
2019-10-28 00:07:22,237 DEBUG (BaseJdbcLogger.java:143)- ====>  Preparing: select id, name, sex, birthday, phone, ID_number, email, parent_phone, adress, major, state from student_basic where id = ? 
2019-10-28 00:07:22,237 DEBUG (BaseJdbcLogger.java:143)- ====> Parameters: 28483(String)
2019-10-28 00:07:22,237 DEBUG (BaseJdbcLogger.java:143)- <====      Total: 1
2019-10-28 00:07:22,238 DEBUG (BaseJdbcLogger.java:143)- <==      Total: 20
2019-10-28 00:07:22,239 DEBUG (BaseJdbcLogger.java:143)- ==>  Preparing: select dormitory_allocation.id, dormitory_allocation.class_id, dormitory_allocation.dormitory_id,dormitory_allocation.number from dormitory_allocation,dormitory WHERE dormitory_allocation.dormitory_id=dormitory.id and dormitory.sex=? and class_id = ? 
2019-10-28 00:07:22,239 DEBUG (BaseJdbcLogger.java:143)- ==> Parameters: 女(String), 130503201901(String)
2019-10-28 00:07:22,239 DEBUG (BaseJdbcLogger.java:143)- ====>  Preparing: select id, dong, floor, room, sex, number, rent,hasnumber from dormitory where id = ? 
2019-10-28 00:07:22,239 DEBUG (BaseJdbcLogger.java:143)- ====> Parameters: 484(Integer)
2019-10-28 00:07:22,240 DEBUG (BaseJdbcLogger.java:143)- <====      Total: 1
2019-10-28 00:07:22,241 DEBUG (BaseJdbcLogger.java:143)- ====>  Preparing: select id, dong, floor, room, sex, number, rent,hasnumber from dormitory where id = ? 
2019-10-28 00:07:22,241 DEBUG (BaseJdbcLogger.java:143)- ====> Parameters: 485(Integer)
2019-10-28 00:07:22,241 DEBUG (BaseJdbcLogger.java:143)- <====      Total: 1
2019-10-28 00:07:22,242 DEBUG (BaseJdbcLogger.java:143)- ====>  Preparing: select id, dong, floor, room, sex, number, rent,hasnumber from dormitory where id = ? 
2019-10-28 00:07:22,242 DEBUG (BaseJdbcLogger.java:143)- ====> Parameters: 486(Integer)
2019-10-28 00:07:22,243 DEBUG (BaseJdbcLogger.java:143)- <====      Total: 1
2019-10-28 00:07:22,244 DEBUG (BaseJdbcLogger.java:143)- ====>  Preparing: select id, dong, floor, room, sex, number, rent,hasnumber from dormitory where id = ? 
2019-10-28 00:07:22,244 DEBUG (BaseJdbcLogger.java:143)- ====> Parameters: 487(Integer)
2019-10-28 00:07:22,245 DEBUG (BaseJdbcLogger.java:143)- <====      Total: 1
2019-10-28 00:07:22,246 DEBUG (BaseJdbcLogger.java:143)- <==      Total: 4
2019-10-28 00:07:22,246 DEBUG (BaseJdbcLogger.java:143)- ==>  Preparing: select student_status.id,student_status.basic_id, student_status.student_id, student_status.class_id from student_status,student_basic where student_status.basic_id=student_basic.id and student_basic.sex=? and student_status.class_id=? 
2019-10-28 00:07:22,246 DEBUG (BaseJdbcLogger.java:143)- ==> Parameters: 女(String), 130503201902(String)
2019-10-28 00:07:22,247 DEBUG (BaseJdbcLogger.java:143)- ====>  Preparing: select id, name, sex, birthday, phone, ID_number, email, parent_phone, adress, major, state from student_basic where id = ? 
2019-10-28 00:07:22,247 DEBUG (BaseJdbcLogger.java:143)- ====> Parameters: 28484(String)
2019-10-28 00:07:22,249 DEBUG (BaseJdbcLogger.java:143)- <====      Total: 1
2019-10-28 00:07:22,249 DEBUG (BaseJdbcLogger.java:143)- ====>  Preparing: select id, class_id, name, director, grade, major_id from class WHERE class_id = ? 
2019-10-28 00:07:22,249 DEBUG (BaseJdbcLogger.java:143)- ====> Parameters: 130503201902(String)
2019-10-28 00:07:22,249 DEBUG (BaseJdbcLogger.java:143)- ======>  Preparing: select id, major_id, name, price, department_id from major where major_id = ? 
2019-10-28 00:07:22,251 DEBUG (BaseJdbcLogger.java:143)- ======> Parameters: 130503(String)
2019-10-28 00:07:22,251 DEBUG (BaseJdbcLogger.java:143)- <======      Total: 1
2019-10-28 00:07:22,252 DEBUG (BaseJdbcLogger.java:143)- <====      Total: 1
2019-10-28 00:07:22,252 DEBUG (BaseJdbcLogger.java:143)- ====>  Preparing: select id, name, sex, birthday, phone, ID_number, email, parent_phone, adress, major, state from student_basic where id = ? 
2019-10-28 00:07:22,253 DEBUG (BaseJdbcLogger.java:143)- ====> Parameters: 28487(String)
2019-10-28 00:07:22,253 DEBUG (BaseJdbcLogger.java:143)- <====      Total: 1
2019-10-28 00:07:22,254 DEBUG (BaseJdbcLogger.java:143)- ====>  Preparing: select id, name, sex, birthday, phone, ID_number, email, parent_phone, adress, major, state from student_basic where id = ? 
2019-10-28 00:07:22,254 DEBUG (BaseJdbcLogger.java:143)- ====> Parameters: 28489(String)
2019-10-28 00:07:22,254 DEBUG (BaseJdbcLogger.java:143)- <====      Total: 1
2019-10-28 00:07:22,256 DEBUG (BaseJdbcLogger.java:143)- ====>  Preparing: select id, name, sex, birthday, phone, ID_number, email, parent_phone, adress, major, state from student_basic where id = ? 
2019-10-28 00:07:22,256 DEBUG (BaseJdbcLogger.java:143)- ====> Parameters: 28493(String)
2019-10-28 00:07:22,256 DEBUG (BaseJdbcLogger.java:143)- <====      Total: 1
2019-10-28 00:07:22,257 DEBUG (BaseJdbcLogger.java:143)- ====>  Preparing: select id, name, sex, birthday, phone, ID_number, email, parent_phone, adress, major, state from student_basic where id = ? 
2019-10-28 00:07:22,258 DEBUG (BaseJdbcLogger.java:143)- ====> Parameters: 28494(String)
2019-10-28 00:07:22,258 DEBUG (BaseJdbcLogger.java:143)- <====      Total: 1
2019-10-28 00:07:22,259 DEBUG (BaseJdbcLogger.java:143)- ====>  Preparing: select id, name, sex, birthday, phone, ID_number, email, parent_phone, adress, major, state from student_basic where id = ? 
2019-10-28 00:07:22,260 DEBUG (BaseJdbcLogger.java:143)- ====> Parameters: 28495(String)
2019-10-28 00:07:22,260 DEBUG (BaseJdbcLogger.java:143)- <====      Total: 1
2019-10-28 00:07:22,260 DEBUG (BaseJdbcLogger.java:143)- ====>  Preparing: select id, name, sex, birthday, phone, ID_number, email, parent_phone, adress, major, state from student_basic where id = ? 
2019-10-28 00:07:22,261 DEBUG (BaseJdbcLogger.java:143)- ====> Parameters: 28498(String)
2019-10-28 00:07:22,262 DEBUG (BaseJdbcLogger.java:143)- <====      Total: 1
2019-10-28 00:07:22,262 DEBUG (BaseJdbcLogger.java:143)- ====>  Preparing: select id, name, sex, birthday, phone, ID_number, email, parent_phone, adress, major, state from student_basic where id = ? 
2019-10-28 00:07:22,262 DEBUG (BaseJdbcLogger.java:143)- ====> Parameters: 28499(String)
2019-10-28 00:07:22,263 DEBUG (BaseJdbcLogger.java:143)- <====      Total: 1
2019-10-28 00:07:22,264 DEBUG (BaseJdbcLogger.java:143)- ====>  Preparing: select id, name, sex, birthday, phone, ID_number, email, parent_phone, adress, major, state from student_basic where id = ? 
2019-10-28 00:07:22,264 DEBUG (BaseJdbcLogger.java:143)- ====> Parameters: 28505(String)
2019-10-28 00:07:22,264 DEBUG (BaseJdbcLogger.java:143)- <====      Total: 1
2019-10-28 00:07:22,266 DEBUG (BaseJdbcLogger.java:143)- ====>  Preparing: select id, name, sex, birthday, phone, ID_number, email, parent_phone, adress, major, state from student_basic where id = ? 
2019-10-28 00:07:22,266 DEBUG (BaseJdbcLogger.java:143)- ====> Parameters: 28506(String)
2019-10-28 00:07:22,267 DEBUG (BaseJdbcLogger.java:143)- <====      Total: 1
2019-10-28 00:07:22,267 DEBUG (BaseJdbcLogger.java:143)- ====>  Preparing: select id, name, sex, birthday, phone, ID_number, email, parent_phone, adress, major, state from student_basic where id = ? 
2019-10-28 00:07:22,267 DEBUG (BaseJdbcLogger.java:143)- ====> Parameters: 28511(String)
2019-10-28 00:07:22,268 DEBUG (BaseJdbcLogger.java:143)- <====      Total: 1
2019-10-28 00:07:22,268 DEBUG (BaseJdbcLogger.java:143)- ====>  Preparing: select id, name, sex, birthday, phone, ID_number, email, parent_phone, adress, major, state from student_basic where id = ? 
2019-10-28 00:07:22,270 DEBUG (BaseJdbcLogger.java:143)- ====> Parameters: 28513(String)
2019-10-28 00:07:22,270 DEBUG (BaseJdbcLogger.java:143)- <====      Total: 1
2019-10-28 00:07:22,270 DEBUG (BaseJdbcLogger.java:143)- ====>  Preparing: select id, name, sex, birthday, phone, ID_number, email, parent_phone, adress, major, state from student_basic where id = ? 
2019-10-28 00:07:22,271 DEBUG (BaseJdbcLogger.java:143)- ====> Parameters: 28514(String)
2019-10-28 00:07:22,271 DEBUG (BaseJdbcLogger.java:143)- <====      Total: 1
2019-10-28 00:07:22,273 DEBUG (BaseJdbcLogger.java:143)- ====>  Preparing: select id, name, sex, birthday, phone, ID_number, email, parent_phone, adress, major, state from student_basic where id = ? 
2019-10-28 00:07:22,273 DEBUG (BaseJdbcLogger.java:143)- ====> Parameters: 28516(String)
2019-10-28 00:07:22,274 DEBUG (BaseJdbcLogger.java:143)- <====      Total: 1
2019-10-28 00:07:22,274 DEBUG (BaseJdbcLogger.java:143)- ====>  Preparing: select id, name, sex, birthday, phone, ID_number, email, parent_phone, adress, major, state from student_basic where id = ? 
2019-10-28 00:07:22,274 DEBUG (BaseJdbcLogger.java:143)- ====> Parameters: 28517(String)
2019-10-28 00:07:22,275 DEBUG (BaseJdbcLogger.java:143)- <====      Total: 1
2019-10-28 00:07:22,276 DEBUG (BaseJdbcLogger.java:143)- ====>  Preparing: select id, name, sex, birthday, phone, ID_number, email, parent_phone, adress, major, state from student_basic where id = ? 
2019-10-28 00:07:22,276 DEBUG (BaseJdbcLogger.java:143)- ====> Parameters: 28522(String)
2019-10-28 00:07:22,276 DEBUG (BaseJdbcLogger.java:143)- <====      Total: 1
2019-10-28 00:07:22,278 DEBUG (BaseJdbcLogger.java:143)- ====>  Preparing: select id, name, sex, birthday, phone, ID_number, email, parent_phone, adress, major, state from student_basic where id = ? 
2019-10-28 00:07:22,278 DEBUG (BaseJdbcLogger.java:143)- ====> Parameters: 28523(String)
2019-10-28 00:07:22,278 DEBUG (BaseJdbcLogger.java:143)- <====      Total: 1
2019-10-28 00:07:22,278 DEBUG (BaseJdbcLogger.java:143)- ====>  Preparing: select id, name, sex, birthday, phone, ID_number, email, parent_phone, adress, major, state from student_basic where id = ? 
2019-10-28 00:07:22,279 DEBUG (BaseJdbcLogger.java:143)- ====> Parameters: 28528(String)
2019-10-28 00:07:22,279 DEBUG (BaseJdbcLogger.java:143)- <====      Total: 1
2019-10-28 00:07:22,280 DEBUG (BaseJdbcLogger.java:143)- ====>  Preparing: select id, name, sex, birthday, phone, ID_number, email, parent_phone, adress, major, state from student_basic where id = ? 
2019-10-28 00:07:22,281 DEBUG (BaseJdbcLogger.java:143)- ====> Parameters: 28529(String)
2019-10-28 00:07:22,282 DEBUG (BaseJdbcLogger.java:143)- <====      Total: 1
2019-10-28 00:07:22,282 DEBUG (BaseJdbcLogger.java:143)- ====>  Preparing: select id, name, sex, birthday, phone, ID_number, email, parent_phone, adress, major, state from student_basic where id = ? 
2019-10-28 00:07:22,282 DEBUG (BaseJdbcLogger.java:143)- ====> Parameters: 28530(String)
2019-10-28 00:07:22,283 DEBUG (BaseJdbcLogger.java:143)- <====      Total: 1
2019-10-28 00:07:22,284 DEBUG (BaseJdbcLogger.java:143)- <==      Total: 20
2019-10-28 00:07:22,284 DEBUG (BaseJdbcLogger.java:143)- ==>  Preparing: select dormitory_allocation.id, dormitory_allocation.class_id, dormitory_allocation.dormitory_id,dormitory_allocation.number from dormitory_allocation,dormitory WHERE dormitory_allocation.dormitory_id=dormitory.id and dormitory.sex=? and class_id = ? 
2019-10-28 00:07:22,284 DEBUG (BaseJdbcLogger.java:143)- ==> Parameters: 女(String), 130503201902(String)
2019-10-28 00:07:22,285 DEBUG (BaseJdbcLogger.java:143)- ====>  Preparing: select id, dong, floor, room, sex, number, rent,hasnumber from dormitory where id = ? 
2019-10-28 00:07:22,286 DEBUG (BaseJdbcLogger.java:143)- ====> Parameters: 488(Integer)
2019-10-28 00:07:22,286 DEBUG (BaseJdbcLogger.java:143)- <====      Total: 1
2019-10-28 00:07:22,287 DEBUG (BaseJdbcLogger.java:143)- ====>  Preparing: select id, dong, floor, room, sex, number, rent,hasnumber from dormitory where id = ? 
2019-10-28 00:07:22,287 DEBUG (BaseJdbcLogger.java:143)- ====> Parameters: 489(Integer)
2019-10-28 00:07:22,287 DEBUG (BaseJdbcLogger.java:143)- <====      Total: 1
2019-10-28 00:07:22,288 DEBUG (BaseJdbcLogger.java:143)- ====>  Preparing: select id, dong, floor, room, sex, number, rent,hasnumber from dormitory where id = ? 
2019-10-28 00:07:22,288 DEBUG (BaseJdbcLogger.java:143)- ====> Parameters: 490(Integer)
2019-10-28 00:07:22,288 DEBUG (BaseJdbcLogger.java:143)- <====      Total: 1
2019-10-28 00:07:22,290 DEBUG (BaseJdbcLogger.java:143)- ====>  Preparing: select id, dong, floor, room, sex, number, rent,hasnumber from dormitory where id = ? 
2019-10-28 00:07:22,290 DEBUG (BaseJdbcLogger.java:143)- ====> Parameters: 491(Integer)
2019-10-28 00:07:22,290 DEBUG (BaseJdbcLogger.java:143)- <====      Total: 1
2019-10-28 00:07:22,290 DEBUG (BaseJdbcLogger.java:143)- <==      Total: 4
2019-10-28 00:07:22,291 DEBUG (BaseJdbcLogger.java:143)- ==>  Preparing: select student_status.id,student_status.basic_id, student_status.student_id, student_status.class_id from student_status,student_basic where student_status.basic_id=student_basic.id and student_basic.sex=? and student_status.class_id=? 
2019-10-28 00:07:22,291 DEBUG (BaseJdbcLogger.java:143)- ==> Parameters: 女(String), 130503201903(String)
2019-10-28 00:07:22,292 DEBUG (BaseJdbcLogger.java:143)- ====>  Preparing: select id, name, sex, birthday, phone, ID_number, email, parent_phone, adress, major, state from student_basic where id = ? 
2019-10-28 00:07:22,292 DEBUG (BaseJdbcLogger.java:143)- ====> Parameters: 28531(String)
2019-10-28 00:07:22,294 DEBUG (BaseJdbcLogger.java:143)- <====      Total: 1
2019-10-28 00:07:22,294 DEBUG (BaseJdbcLogger.java:143)- ====>  Preparing: select id, class_id, name, director, grade, major_id from class WHERE class_id = ? 
2019-10-28 00:07:22,295 DEBUG (BaseJdbcLogger.java:143)- ====> Parameters: 130503201903(String)
2019-10-28 00:07:22,296 DEBUG (BaseJdbcLogger.java:143)- ======>  Preparing: select id, major_id, name, price, department_id from major where major_id = ? 
2019-10-28 00:07:22,296 DEBUG (BaseJdbcLogger.java:143)- ======> Parameters: 130503(String)
2019-10-28 00:07:22,297 DEBUG (BaseJdbcLogger.java:143)- <======      Total: 1
2019-10-28 00:07:22,298 DEBUG (BaseJdbcLogger.java:143)- <====      Total: 1
2019-10-28 00:07:22,298 DEBUG (BaseJdbcLogger.java:143)- ====>  Preparing: select id, name, sex, birthday, phone, ID_number, email, parent_phone, adress, major, state from student_basic where id = ? 
2019-10-28 00:07:22,298 DEBUG (BaseJdbcLogger.java:143)- ====> Parameters: 28533(String)
2019-10-28 00:07:22,299 DEBUG (BaseJdbcLogger.java:143)- <====      Total: 1
2019-10-28 00:07:22,300 DEBUG (BaseJdbcLogger.java:143)- ====>  Preparing: select id, name, sex, birthday, phone, ID_number, email, parent_phone, adress, major, state from student_basic where id = ? 
2019-10-28 00:07:22,300 DEBUG (BaseJdbcLogger.java:143)- ====> Parameters: 28534(String)
2019-10-28 00:07:22,300 DEBUG (BaseJdbcLogger.java:143)- <====      Total: 1
2019-10-28 00:07:22,301 DEBUG (BaseJdbcLogger.java:143)- ====>  Preparing: select id, name, sex, birthday, phone, ID_number, email, parent_phone, adress, major, state from student_basic where id = ? 
2019-10-28 00:07:22,301 DEBUG (BaseJdbcLogger.java:143)- ====> Parameters: 28535(String)
2019-10-28 00:07:22,302 DEBUG (BaseJdbcLogger.java:143)- <====      Total: 1
2019-10-28 00:07:22,302 DEBUG (BaseJdbcLogger.java:143)- ====>  Preparing: select id, name, sex, birthday, phone, ID_number, email, parent_phone, adress, major, state from student_basic where id = ? 
2019-10-28 00:07:22,302 DEBUG (BaseJdbcLogger.java:143)- ====> Parameters: 28537(String)
2019-10-28 00:07:22,303 DEBUG (BaseJdbcLogger.java:143)- <====      Total: 1
2019-10-28 00:07:22,304 DEBUG (BaseJdbcLogger.java:143)- ====>  Preparing: select id, name, sex, birthday, phone, ID_number, email, parent_phone, adress, major, state from student_basic where id = ? 
2019-10-28 00:07:22,304 DEBUG (BaseJdbcLogger.java:143)- ====> Parameters: 28538(String)
2019-10-28 00:07:22,306 DEBUG (BaseJdbcLogger.java:143)- <====      Total: 1
2019-10-28 00:07:22,306 DEBUG (BaseJdbcLogger.java:143)- ====>  Preparing: select id, name, sex, birthday, phone, ID_number, email, parent_phone, adress, major, state from student_basic where id = ? 
2019-10-28 00:07:22,307 DEBUG (BaseJdbcLogger.java:143)- ====> Parameters: 28539(String)
2019-10-28 00:07:22,307 DEBUG (BaseJdbcLogger.java:143)- <====      Total: 1
2019-10-28 00:07:22,308 DEBUG (BaseJdbcLogger.java:143)- ====>  Preparing: select id, name, sex, birthday, phone, ID_number, email, parent_phone, adress, major, state from student_basic where id = ? 
2019-10-28 00:07:22,309 DEBUG (BaseJdbcLogger.java:143)- ====> Parameters: 28540(String)
2019-10-28 00:07:22,309 DEBUG (BaseJdbcLogger.java:143)- <====      Total: 1
2019-10-28 00:07:22,311 DEBUG (BaseJdbcLogger.java:143)- ====>  Preparing: select id, name, sex, birthday, phone, ID_number, email, parent_phone, adress, major, state from student_basic where id = ? 
2019-10-28 00:07:22,311 DEBUG (BaseJdbcLogger.java:143)- ====> Parameters: 28550(String)
2019-10-28 00:07:22,312 DEBUG (BaseJdbcLogger.java:143)- <====      Total: 1
2019-10-28 00:07:22,312 DEBUG (BaseJdbcLogger.java:143)- ====>  Preparing: select id, name, sex, birthday, phone, ID_number, email, parent_phone, adress, major, state from student_basic where id = ? 
2019-10-28 00:07:22,312 DEBUG (BaseJdbcLogger.java:143)- ====> Parameters: 28551(String)
2019-10-28 00:07:22,313 DEBUG (BaseJdbcLogger.java:143)- <====      Total: 1
2019-10-28 00:07:22,314 DEBUG (BaseJdbcLogger.java:143)- ====>  Preparing: select id, name, sex, birthday, phone, ID_number, email, parent_phone, adress, major, state from student_basic where id = ? 
2019-10-28 00:07:22,315 DEBUG (BaseJdbcLogger.java:143)- ====> Parameters: 28556(String)
2019-10-28 00:07:22,316 DEBUG (BaseJdbcLogger.java:143)- <====      Total: 1
2019-10-28 00:07:22,316 DEBUG (BaseJdbcLogger.java:143)- ====>  Preparing: select id, name, sex, birthday, phone, ID_number, email, parent_phone, adress, major, state from student_basic where id = ? 
2019-10-28 00:07:22,316 DEBUG (BaseJdbcLogger.java:143)- ====> Parameters: 28557(String)
2019-10-28 00:07:22,317 DEBUG (BaseJdbcLogger.java:143)- <====      Total: 1
2019-10-28 00:07:22,318 DEBUG (BaseJdbcLogger.java:143)- ====>  Preparing: select id, name, sex, birthday, phone, ID_number, email, parent_phone, adress, major, state from student_basic where id = ? 
2019-10-28 00:07:22,318 DEBUG (BaseJdbcLogger.java:143)- ====> Parameters: 28560(String)
2019-10-28 00:07:22,319 DEBUG (BaseJdbcLogger.java:143)- <====      Total: 1
2019-10-28 00:07:22,319 DEBUG (BaseJdbcLogger.java:143)- ====>  Preparing: select id, name, sex, birthday, phone, ID_number, email, parent_phone, adress, major, state from student_basic where id = ? 
2019-10-28 00:07:22,320 DEBUG (BaseJdbcLogger.java:143)- ====> Parameters: 28563(String)
2019-10-28 00:07:22,321 DEBUG (BaseJdbcLogger.java:143)- <====      Total: 1
2019-10-28 00:07:22,322 DEBUG (BaseJdbcLogger.java:143)- ====>  Preparing: select id, name, sex, birthday, phone, ID_number, email, parent_phone, adress, major, state from student_basic where id = ? 
2019-10-28 00:07:22,322 DEBUG (BaseJdbcLogger.java:143)- ====> Parameters: 28570(String)
2019-10-28 00:07:22,322 DEBUG (BaseJdbcLogger.java:143)- <====      Total: 1
2019-10-28 00:07:22,323 DEBUG (BaseJdbcLogger.java:143)- ====>  Preparing: select id, name, sex, birthday, phone, ID_number, email, parent_phone, adress, major, state from student_basic where id = ? 
2019-10-28 00:07:22,323 DEBUG (BaseJdbcLogger.java:143)- ====> Parameters: 28571(String)
2019-10-28 00:07:22,324 DEBUG (BaseJdbcLogger.java:143)- <====      Total: 1
2019-10-28 00:07:22,325 DEBUG (BaseJdbcLogger.java:143)- ====>  Preparing: select id, name, sex, birthday, phone, ID_number, email, parent_phone, adress, major, state from student_basic where id = ? 
2019-10-28 00:07:22,325 DEBUG (BaseJdbcLogger.java:143)- ====> Parameters: 28572(String)
2019-10-28 00:07:22,326 DEBUG (BaseJdbcLogger.java:143)- <====      Total: 1
2019-10-28 00:07:22,327 DEBUG (BaseJdbcLogger.java:143)- ====>  Preparing: select id, name, sex, birthday, phone, ID_number, email, parent_phone, adress, major, state from student_basic where id = ? 
2019-10-28 00:07:22,327 DEBUG (BaseJdbcLogger.java:143)- ====> Parameters: 28574(String)
2019-10-28 00:07:22,327 DEBUG (BaseJdbcLogger.java:143)- <====      Total: 1
2019-10-28 00:07:22,329 DEBUG (BaseJdbcLogger.java:143)- ====>  Preparing: select id, name, sex, birthday, phone, ID_number, email, parent_phone, adress, major, state from student_basic where id = ? 
2019-10-28 00:07:22,329 DEBUG (BaseJdbcLogger.java:143)- ====> Parameters: 28575(String)
2019-10-28 00:07:22,330 DEBUG (BaseJdbcLogger.java:143)- <====      Total: 1
2019-10-28 00:07:22,331 DEBUG (BaseJdbcLogger.java:143)- <==      Total: 19
2019-10-28 00:07:22,331 DEBUG (BaseJdbcLogger.java:143)- ==>  Preparing: select dormitory_allocation.id, dormitory_allocation.class_id, dormitory_allocation.dormitory_id,dormitory_allocation.number from dormitory_allocation,dormitory WHERE dormitory_allocation.dormitory_id=dormitory.id and dormitory.sex=? and class_id = ? 
2019-10-28 00:07:22,331 DEBUG (BaseJdbcLogger.java:143)- ==> Parameters: 女(String), 130503201903(String)
2019-10-28 00:07:22,332 DEBUG (BaseJdbcLogger.java:143)- ====>  Preparing: select id, dong, floor, room, sex, number, rent,hasnumber from dormitory where id = ? 
2019-10-28 00:07:22,332 DEBUG (BaseJdbcLogger.java:143)- ====> Parameters: 492(Integer)
2019-10-28 00:07:22,333 DEBUG (BaseJdbcLogger.java:143)- <====      Total: 1
2019-10-28 00:07:22,334 DEBUG (BaseJdbcLogger.java:143)- ====>  Preparing: select id, dong, floor, room, sex, number, rent,hasnumber from dormitory where id = ? 
2019-10-28 00:07:22,334 DEBUG (BaseJdbcLogger.java:143)- ====> Parameters: 493(Integer)
2019-10-28 00:07:22,334 DEBUG (BaseJdbcLogger.java:143)- <====      Total: 1
2019-10-28 00:07:22,335 DEBUG (BaseJdbcLogger.java:143)- ====>  Preparing: select id, dong, floor, room, sex, number, rent,hasnumber from dormitory where id = ? 
2019-10-28 00:07:22,335 DEBUG (BaseJdbcLogger.java:143)- ====> Parameters: 494(Integer)
2019-10-28 00:07:22,336 DEBUG (BaseJdbcLogger.java:143)- <====      Total: 1
2019-10-28 00:07:22,337 DEBUG (BaseJdbcLogger.java:143)- ====>  Preparing: select id, dong, floor, room, sex, number, rent,hasnumber from dormitory where id = ? 
2019-10-28 00:07:22,337 DEBUG (BaseJdbcLogger.java:143)- ====> Parameters: 495(Integer)
2019-10-28 00:07:22,338 DEBUG (BaseJdbcLogger.java:143)- <====      Total: 1
2019-10-28 00:07:22,338 DEBUG (BaseJdbcLogger.java:143)- <==      Total: 4
2019-10-28 00:07:22,338 DEBUG (BaseJdbcLogger.java:143)- ==>  Preparing: select student_status.id,student_status.basic_id, student_status.student_id, student_status.class_id from student_status,student_basic where student_status.basic_id=student_basic.id and student_basic.sex=? and student_status.class_id=? 
2019-10-28 00:07:22,339 DEBUG (BaseJdbcLogger.java:143)- ==> Parameters: 女(String), 130503201904(String)
2019-10-28 00:07:22,340 DEBUG (BaseJdbcLogger.java:143)- ====>  Preparing: select id, name, sex, birthday, phone, ID_number, email, parent_phone, adress, major, state from student_basic where id = ? 
2019-10-28 00:07:22,340 DEBUG (BaseJdbcLogger.java:143)- ====> Parameters: 28576(String)
2019-10-28 00:07:22,341 DEBUG (BaseJdbcLogger.java:143)- <====      Total: 1
2019-10-28 00:07:22,342 DEBUG (BaseJdbcLogger.java:143)- ====>  Preparing: select id, class_id, name, director, grade, major_id from class WHERE class_id = ? 
2019-10-28 00:07:22,342 DEBUG (BaseJdbcLogger.java:143)- ====> Parameters: 130503201904(String)
2019-10-28 00:07:22,342 DEBUG (BaseJdbcLogger.java:143)- ======>  Preparing: select id, major_id, name, price, department_id from major where major_id = ? 
2019-10-28 00:07:22,343 DEBUG (BaseJdbcLogger.java:143)- ======> Parameters: 130503(String)
2019-10-28 00:07:22,343 DEBUG (BaseJdbcLogger.java:143)- <======      Total: 1
2019-10-28 00:07:22,344 DEBUG (BaseJdbcLogger.java:143)- <====      Total: 1
2019-10-28 00:07:22,344 DEBUG (BaseJdbcLogger.java:143)- ====>  Preparing: select id, name, sex, birthday, phone, ID_number, email, parent_phone, adress, major, state from student_basic where id = ? 
2019-10-28 00:07:22,345 DEBUG (BaseJdbcLogger.java:143)- ====> Parameters: 28577(String)
2019-10-28 00:07:22,345 DEBUG (BaseJdbcLogger.java:143)- <====      Total: 1
2019-10-28 00:07:22,346 DEBUG (BaseJdbcLogger.java:143)- ====>  Preparing: select id, name, sex, birthday, phone, ID_number, email, parent_phone, adress, major, state from student_basic where id = ? 
2019-10-28 00:07:22,346 DEBUG (BaseJdbcLogger.java:143)- ====> Parameters: 28578(String)
2019-10-28 00:07:22,347 DEBUG (BaseJdbcLogger.java:143)- <====      Total: 1
2019-10-28 00:07:22,348 DEBUG (BaseJdbcLogger.java:143)- ====>  Preparing: select id, name, sex, birthday, phone, ID_number, email, parent_phone, adress, major, state from student_basic where id = ? 
2019-10-28 00:07:22,348 DEBUG (BaseJdbcLogger.java:143)- ====> Parameters: 28581(String)
2019-10-28 00:07:22,348 DEBUG (BaseJdbcLogger.java:143)- <====      Total: 1
2019-10-28 00:07:22,349 DEBUG (BaseJdbcLogger.java:143)- ====>  Preparing: select id, name, sex, birthday, phone, ID_number, email, parent_phone, adress, major, state from student_basic where id = ? 
2019-10-28 00:07:22,349 DEBUG (BaseJdbcLogger.java:143)- ====> Parameters: 28582(String)
2019-10-28 00:07:22,350 DEBUG (BaseJdbcLogger.java:143)- <====      Total: 1
2019-10-28 00:07:22,350 DEBUG (BaseJdbcLogger.java:143)- ====>  Preparing: select id, name, sex, birthday, phone, ID_number, email, parent_phone, adress, major, state from student_basic where id = ? 
2019-10-28 00:07:22,351 DEBUG (BaseJdbcLogger.java:143)- ====> Parameters: 28584(String)
2019-10-28 00:07:22,352 DEBUG (BaseJdbcLogger.java:143)- <====      Total: 1
