2019-08-22 18:35:04,960 DEBUG (BaseJdbcLogger.java:143)- ====> Parameters: 12211(String)
2019-08-22 18:35:04,961 DEBUG (BaseJdbcLogger.java:143)- <====      Total: 1
2019-08-22 18:35:04,962 DEBUG (BaseJdbcLogger.java:143)- ====>  Preparing: select id, name, sex, birthday, phone, ID_number, email, parent_phone, adress, major, state from student_basic where id = ? 
2019-08-22 18:35:04,962 DEBUG (BaseJdbcLogger.java:143)- ====> Parameters: 12213(String)
2019-08-22 18:35:04,963 DEBUG (BaseJdbcLogger.java:143)- <====      Total: 1
2019-08-22 18:35:04,963 DEBUG (BaseJdbcLogger.java:143)- ====>  Preparing: select id, name, sex, birthday, phone, ID_number, email, parent_phone, adress, major, state from student_basic where id = ? 
2019-08-22 18:35:04,963 DEBUG (BaseJdbcLogger.java:143)- ====> Parameters: 12214(String)
2019-08-22 18:35:04,964 DEBUG (BaseJdbcLogger.java:143)- <====      Total: 1
2019-08-22 18:35:04,964 DEBUG (BaseJdbcLogger.java:143)- ====>  Preparing: select id, name, sex, birthday, phone, ID_number, email, parent_phone, adress, major, state from student_basic where id = ? 
2019-08-22 18:35:04,964 DEBUG (BaseJdbcLogger.java:143)- ====> Parameters: 12218(String)
2019-08-22 18:35:04,965 DEBUG (BaseJdbcLogger.java:143)- <====      Total: 1
2019-08-22 18:35:04,965 DEBUG (BaseJdbcLogger.java:143)- ====>  Preparing: select id, name, sex, birthday, phone, ID_number, email, parent_phone, adress, major, state from student_basic where id = ? 
2019-08-22 18:35:04,965 DEBUG (BaseJdbcLogger.java:143)- ====> Parameters: 12220(String)
2019-08-22 18:35:04,966 DEBUG (BaseJdbcLogger.java:143)- <====      Total: 1
2019-08-22 18:35:04,966 DEBUG (BaseJdbcLogger.java:143)- ====>  Preparing: select id, name, sex, birthday, phone, ID_number, email, parent_phone, adress, major, state from student_basic where id = ? 
2019-08-22 18:35:04,967 DEBUG (BaseJdbcLogger.java:143)- ====> Parameters: 12221(String)
2019-08-22 18:35:04,968 DEBUG (BaseJdbcLogger.java:143)- <====      Total: 1
2019-08-22 18:35:04,968 DEBUG (BaseJdbcLogger.java:143)- ====>  Preparing: select id, name, sex, birthday, phone, ID_number, email, parent_phone, adress, major, state from student_basic where id = ? 
2019-08-22 18:35:04,968 DEBUG (BaseJdbcLogger.java:143)- ====> Parameters: 12224(String)
2019-08-22 18:35:04,969 DEBUG (BaseJdbcLogger.java:143)- <====      Total: 1
2019-08-22 18:35:04,969 DEBUG (BaseJdbcLogger.java:143)- ====>  Preparing: select id, name, sex, birthday, phone, ID_number, email, parent_phone, adress, major, state from student_basic where id = ? 
2019-08-22 18:35:04,969 DEBUG (BaseJdbcLogger.java:143)- ====> Parameters: 12225(String)
2019-08-22 18:35:04,970 DEBUG (BaseJdbcLogger.java:143)- <====      Total: 1
2019-08-22 18:35:04,970 DEBUG (BaseJdbcLogger.java:143)- <==      Total: 20
2019-08-22 18:35:04,971 DEBUG (BaseJdbcLogger.java:143)- ==>  Preparing: select dormitory_allocation.id, dormitory_allocation.class_id, dormitory_allocation.dormitory_id,dormitory_allocation.number from dormitory_allocation,dormitory WHERE dormitory_allocation.dormitory_id=dormitory.id and dormitory.sex=? and class_id = ? 
2019-08-22 18:35:04,971 DEBUG (BaseJdbcLogger.java:143)- ==> Parameters: 男(String), 081001201902(String)
2019-08-22 18:35:04,971 DEBUG (BaseJdbcLogger.java:143)- ====>  Preparing: select id, dong, floor, room, sex, number, rent from dormitory where id = ? 
2019-08-22 18:35:04,972 DEBUG (BaseJdbcLogger.java:143)- ====> Parameters: 5(Integer)
2019-08-22 18:35:04,972 DEBUG (BaseJdbcLogger.java:143)- <====      Total: 1
2019-08-22 18:35:04,972 DEBUG (BaseJdbcLogger.java:143)- ====>  Preparing: select id, dong, floor, room, sex, number, rent from dormitory where id = ? 
2019-08-22 18:35:04,973 DEBUG (BaseJdbcLogger.java:143)- ====> Parameters: 6(Integer)
2019-08-22 18:35:04,973 DEBUG (BaseJdbcLogger.java:143)- <====      Total: 1
2019-08-22 18:35:04,973 DEBUG (BaseJdbcLogger.java:143)- ====>  Preparing: select id, dong, floor, room, sex, number, rent from dormitory where id = ? 
2019-08-22 18:35:04,974 DEBUG (BaseJdbcLogger.java:143)- ====> Parameters: 7(Integer)
2019-08-22 18:35:04,974 DEBUG (BaseJdbcLogger.java:143)- <====      Total: 1
2019-08-22 18:35:04,975 DEBUG (BaseJdbcLogger.java:143)- ====>  Preparing: select id, dong, floor, room, sex, number, rent from dormitory where id = ? 
2019-08-22 18:35:04,975 DEBUG (BaseJdbcLogger.java:143)- ====> Parameters: 4(Integer)
2019-08-22 18:35:04,975 DEBUG (BaseJdbcLogger.java:143)- <====      Total: 1
2019-08-22 18:35:04,976 DEBUG (BaseJdbcLogger.java:143)- <==      Total: 4
2019-08-22 18:35:04,976 DEBUG (BaseJdbcLogger.java:143)- ==>  Preparing: select dormitory_allocation.id, dormitory_allocation.class_id, dormitory_allocation.dormitory_id,dormitory_allocation.number from dormitory_allocation,dormitory WHERE dormitory_allocation.dormitory_id=dormitory.id and dormitory.sex=? and class_id = ? 
2019-08-22 18:35:04,976 DEBUG (BaseJdbcLogger.java:143)- ==> Parameters: 女(String), 081001201902(String)
2019-08-22 18:35:04,977 DEBUG (BaseJdbcLogger.java:143)- ====>  Preparing: select id, dong, floor, room, sex, number, rent from dormitory where id = ? 
2019-08-22 18:35:04,977 DEBUG (BaseJdbcLogger.java:143)- ====> Parameters: 455(Integer)
2019-08-22 18:35:04,977 DEBUG (BaseJdbcLogger.java:143)- <====      Total: 1
2019-08-22 18:35:04,978 DEBUG (BaseJdbcLogger.java:143)- ====>  Preparing: select id, dong, floor, room, sex, number, rent from dormitory where id = ? 
2019-08-22 18:35:04,978 DEBUG (BaseJdbcLogger.java:143)- ====> Parameters: 456(Integer)
2019-08-22 18:35:04,978 DEBUG (BaseJdbcLogger.java:143)- <====      Total: 1
2019-08-22 18:35:04,979 DEBUG (BaseJdbcLogger.java:143)- ====>  Preparing: select id, dong, floor, room, sex, number, rent from dormitory where id = ? 
2019-08-22 18:35:04,979 DEBUG (BaseJdbcLogger.java:143)- ====> Parameters: 457(Integer)
2019-08-22 18:35:04,979 DEBUG (BaseJdbcLogger.java:143)- <====      Total: 1
2019-08-22 18:35:04,980 DEBUG (BaseJdbcLogger.java:143)- ====>  Preparing: select id, dong, floor, room, sex, number, rent from dormitory where id = ? 
2019-08-22 18:35:04,980 DEBUG (BaseJdbcLogger.java:143)- ====> Parameters: 458(Integer)
2019-08-22 18:35:04,980 DEBUG (BaseJdbcLogger.java:143)- <====      Total: 1
2019-08-22 18:35:04,981 DEBUG (BaseJdbcLogger.java:143)- <==      Total: 4
2019-08-22 18:35:04,981 DEBUG (BaseJdbcLogger.java:143)- ==>  Preparing: select student_status.id,student_status.basic_id, student_status.student_id, student_status.class_id from student_status,student_basic where student_status.basic_id=student_basic.id and student_basic.sex=? and student_status.class_id=? 
2019-08-22 18:35:04,981 DEBUG (BaseJdbcLogger.java:143)- ==> Parameters: 男(String), 080205201901(String)
2019-08-22 18:35:04,982 DEBUG (BaseJdbcLogger.java:143)- ====>  Preparing: select id, name, sex, birthday, phone, ID_number, email, parent_phone, adress, major, state from student_basic where id = ? 
2019-08-22 18:35:04,982 DEBUG (BaseJdbcLogger.java:143)- ====> Parameters: 12752(String)
2019-08-22 18:35:04,983 DEBUG (BaseJdbcLogger.java:143)- <====      Total: 1
2019-08-22 18:35:04,984 DEBUG (BaseJdbcLogger.java:143)- ====>  Preparing: select id, class_id, name, director, grade, major_id from class where class_id = ? 
2019-08-22 18:35:04,984 DEBUG (BaseJdbcLogger.java:143)- ====> Parameters: 080205201901(String)
2019-08-22 18:35:04,985 DEBUG (BaseJdbcLogger.java:143)- ======>  Preparing: select id, major_id, name, price, department_id from major where major_id = ? 
2019-08-22 18:35:04,985 DEBUG (BaseJdbcLogger.java:143)- ======> Parameters: 080205(String)
2019-08-22 18:35:04,987 DEBUG (BaseJdbcLogger.java:143)- <======      Total: 1
2019-08-22 18:35:04,987 DEBUG (BaseJdbcLogger.java:143)- <====      Total: 1
2019-08-22 18:35:04,988 DEBUG (BaseJdbcLogger.java:143)- ====>  Preparing: select id, name, sex, birthday, phone, ID_number, email, parent_phone, adress, major, state from student_basic where id = ? 
2019-08-22 18:35:04,988 DEBUG (BaseJdbcLogger.java:143)- ====> Parameters: 12753(String)
2019-08-22 18:35:04,999 DEBUG (BaseJdbcLogger.java:143)- <====      Total: 1
2019-08-22 18:35:04,999 DEBUG (BaseJdbcLogger.java:143)- ====>  Preparing: select id, name, sex, birthday, phone, ID_number, email, parent_phone, adress, major, state from student_basic where id = ? 
2019-08-22 18:35:05,000 DEBUG (BaseJdbcLogger.java:143)- ====> Parameters: 12754(String)
2019-08-22 18:35:05,001 DEBUG (BaseJdbcLogger.java:143)- <====      Total: 1
2019-08-22 18:35:05,001 DEBUG (BaseJdbcLogger.java:143)- ====>  Preparing: select id, name, sex, birthday, phone, ID_number, email, parent_phone, adress, major, state from student_basic where id = ? 
2019-08-22 18:35:05,001 DEBUG (BaseJdbcLogger.java:143)- ====> Parameters: 12755(String)
2019-08-22 18:35:05,002 DEBUG (BaseJdbcLogger.java:143)- <====      Total: 1
2019-08-22 18:35:05,002 DEBUG (BaseJdbcLogger.java:143)- ====>  Preparing: select id, name, sex, birthday, phone, ID_number, email, parent_phone, adress, major, state from student_basic where id = ? 
2019-08-22 18:35:05,003 DEBUG (BaseJdbcLogger.java:143)- ====> Parameters: 12757(String)
2019-08-22 18:35:05,003 DEBUG (BaseJdbcLogger.java:143)- <====      Total: 1
2019-08-22 18:35:05,004 DEBUG (BaseJdbcLogger.java:143)- ====>  Preparing: select id, name, sex, birthday, phone, ID_number, email, parent_phone, adress, major, state from student_basic where id = ? 
2019-08-22 18:35:05,004 DEBUG (BaseJdbcLogger.java:143)- ====> Parameters: 12760(String)
2019-08-22 18:35:05,004 DEBUG (BaseJdbcLogger.java:143)- <====      Total: 1
2019-08-22 18:35:05,005 DEBUG (BaseJdbcLogger.java:143)- ====>  Preparing: select id, name, sex, birthday, phone, ID_number, email, parent_phone, adress, major, state from student_basic where id = ? 
2019-08-22 18:35:05,005 DEBUG (BaseJdbcLogger.java:143)- ====> Parameters: 12762(String)
2019-08-22 18:35:05,006 DEBUG (BaseJdbcLogger.java:143)- <====      Total: 1
2019-08-22 18:35:05,006 DEBUG (BaseJdbcLogger.java:143)- ====>  Preparing: select id, name, sex, birthday, phone, ID_number, email, parent_phone, adress, major, state from student_basic where id = ? 
2019-08-22 18:35:05,007 DEBUG (BaseJdbcLogger.java:143)- ====> Parameters: 12763(String)
2019-08-22 18:35:05,008 DEBUG (BaseJdbcLogger.java:143)- <====      Total: 1
2019-08-22 18:35:05,008 DEBUG (BaseJdbcLogger.java:143)- ====>  Preparing: select id, name, sex, birthday, phone, ID_number, email, parent_phone, adress, major, state from student_basic where id = ? 
2019-08-22 18:35:05,009 DEBUG (BaseJdbcLogger.java:143)- ====> Parameters: 12765(String)
2019-08-22 18:35:05,009 DEBUG (BaseJdbcLogger.java:143)- <====      Total: 1
2019-08-22 18:35:05,010 DEBUG (BaseJdbcLogger.java:143)- ====>  Preparing: select id, name, sex, birthday, phone, ID_number, email, parent_phone, adress, major, state from student_basic where id = ? 
2019-08-22 18:35:05,010 DEBUG (BaseJdbcLogger.java:143)- ====> Parameters: 12766(String)
2019-08-22 18:35:05,011 DEBUG (BaseJdbcLogger.java:143)- <====      Total: 1
2019-08-22 18:35:05,011 DEBUG (BaseJdbcLogger.java:143)- ====>  Preparing: select id, name, sex, birthday, phone, ID_number, email, parent_phone, adress, major, state from student_basic where id = ? 
2019-08-22 18:35:05,012 DEBUG (BaseJdbcLogger.java:143)- ====> Parameters: 12767(String)
2019-08-22 18:35:05,013 DEBUG (BaseJdbcLogger.java:143)- <====      Total: 1
2019-08-22 18:35:05,013 DEBUG (BaseJdbcLogger.java:143)- ====>  Preparing: select id, name, sex, birthday, phone, ID_number, email, parent_phone, adress, major, state from student_basic where id = ? 
2019-08-22 18:35:05,013 DEBUG (BaseJdbcLogger.java:143)- ====> Parameters: 12769(String)
2019-08-22 18:35:05,014 DEBUG (BaseJdbcLogger.java:143)- <====      Total: 1
2019-08-22 18:35:05,014 DEBUG (BaseJdbcLogger.java:143)- ====>  Preparing: select id, name, sex, birthday, phone, ID_number, email, parent_phone, adress, major, state from student_basic where id = ? 
2019-08-22 18:35:05,015 DEBUG (BaseJdbcLogger.java:143)- ====> Parameters: 12771(String)
2019-08-22 18:35:05,016 DEBUG (BaseJdbcLogger.java:143)- <====      Total: 1
2019-08-22 18:35:05,016 DEBUG (BaseJdbcLogger.java:143)- ====>  Preparing: select id, name, sex, birthday, phone, ID_number, email, parent_phone, adress, major, state from student_basic where id = ? 
2019-08-22 18:35:05,017 DEBUG (BaseJdbcLogger.java:143)- ====> Parameters: 12773(String)
2019-08-22 18:35:05,018 DEBUG (BaseJdbcLogger.java:143)- <====      Total: 1
2019-08-22 18:35:05,018 DEBUG (BaseJdbcLogger.java:143)- ====>  Preparing: select id, name, sex, birthday, phone, ID_number, email, parent_phone, adress, major, state from student_basic where id = ? 
2019-08-22 18:35:05,019 DEBUG (BaseJdbcLogger.java:143)- ====> Parameters: 12774(String)
2019-08-22 18:35:05,019 DEBUG (BaseJdbcLogger.java:143)- <====      Total: 1
2019-08-22 18:35:05,020 DEBUG (BaseJdbcLogger.java:143)- ====>  Preparing: select id, name, sex, birthday, phone, ID_number, email, parent_phone, adress, major, state from student_basic where id = ? 
2019-08-22 18:35:05,020 DEBUG (BaseJdbcLogger.java:143)- ====> Parameters: 12776(String)
2019-08-22 18:35:05,020 DEBUG (BaseJdbcLogger.java:143)- <====      Total: 1
2019-08-22 18:35:05,021 DEBUG (BaseJdbcLogger.java:143)- ====>  Preparing: select id, name, sex, birthday, phone, ID_number, email, parent_phone, adress, major, state from student_basic where id = ? 
2019-08-22 18:35:05,021 DEBUG (BaseJdbcLogger.java:143)- ====> Parameters: 12778(String)
2019-08-22 18:35:05,022 DEBUG (BaseJdbcLogger.java:143)- <====      Total: 1
2019-08-22 18:35:05,022 DEBUG (BaseJdbcLogger.java:143)- ====>  Preparing: select id, name, sex, birthday, phone, ID_number, email, parent_phone, adress, major, state from student_basic where id = ? 
2019-08-22 18:35:05,023 DEBUG (BaseJdbcLogger.java:143)- ====> Parameters: 12780(String)
2019-08-22 18:35:05,023 DEBUG (BaseJdbcLogger.java:143)- <====      Total: 1
2019-08-22 18:35:05,023 DEBUG (BaseJdbcLogger.java:143)- ====>  Preparing: select id, name, sex, birthday, phone, ID_number, email, parent_phone, adress, major, state from student_basic where id = ? 
2019-08-22 18:35:05,024 DEBUG (BaseJdbcLogger.java:143)- ====> Parameters: 12783(String)
2019-08-22 18:35:05,024 DEBUG (BaseJdbcLogger.java:143)- <====      Total: 1
2019-08-22 18:35:05,024 DEBUG (BaseJdbcLogger.java:143)- ====>  Preparing: select id, name, sex, birthday, phone, ID_number, email, parent_phone, adress, major, state from student_basic where id = ? 
2019-08-22 18:35:05,025 DEBUG (BaseJdbcLogger.java:143)- ====> Parameters: 12785(String)
2019-08-22 18:35:05,025 DEBUG (BaseJdbcLogger.java:143)- <====      Total: 1
2019-08-22 18:35:05,026 DEBUG (BaseJdbcLogger.java:143)- ====>  Preparing: select id, name, sex, birthday, phone, ID_number, email, parent_phone, adress, major, state from student_basic where id = ? 
2019-08-22 18:35:05,026 DEBUG (BaseJdbcLogger.java:143)- ====> Parameters: 12786(String)
2019-08-22 18:35:05,026 DEBUG (BaseJdbcLogger.java:143)- <====      Total: 1
2019-08-22 18:35:05,027 DEBUG (BaseJdbcLogger.java:143)- ====>  Preparing: select id, name, sex, birthday, phone, ID_number, email, parent_phone, adress, major, state from student_basic where id = ? 
2019-08-22 18:35:05,027 DEBUG (BaseJdbcLogger.java:143)- ====> Parameters: 12789(String)
2019-08-22 18:35:05,028 DEBUG (BaseJdbcLogger.java:143)- <====      Total: 1
