2019-10-28 00:02:31,907 DEBUG (BaseJdbcLogger.java:143)- ====>  Preparing: select id, name, sex, birthday, phone, ID_number, email, parent_phone, adress, major, state from student_basic where id = ? 
2019-10-28 00:02:31,909 DEBUG (BaseJdbcLogger.java:143)- ====> Parameters: 28301(String)
2019-10-28 00:02:31,910 DEBUG (BaseJdbcLogger.java:143)- <====      Total: 1
2019-10-28 00:02:31,911 DEBUG (BaseJdbcLogger.java:143)- ====>  Preparing: select id, name, sex, birthday, phone, ID_number, email, parent_phone, adress, major, state from student_basic where id = ? 
2019-10-28 00:02:31,911 DEBUG (BaseJdbcLogger.java:143)- ====> Parameters: 28302(String)
2019-10-28 00:02:31,912 DEBUG (BaseJdbcLogger.java:143)- <====      Total: 1
2019-10-28 00:02:31,912 DEBUG (BaseJdbcLogger.java:143)- ====>  Preparing: select id, name, sex, birthday, phone, ID_number, email, parent_phone, adress, major, state from student_basic where id = ? 
2019-10-28 00:02:31,913 DEBUG (BaseJdbcLogger.java:143)- ====> Parameters: 28304(String)
2019-10-28 00:02:31,913 DEBUG (BaseJdbcLogger.java:143)- <====      Total: 1
2019-10-28 00:02:31,914 DEBUG (BaseJdbcLogger.java:143)- ====>  Preparing: select id, name, sex, birthday, phone, ID_number, email, parent_phone, adress, major, state from student_basic where id = ? 
2019-10-28 00:02:31,914 DEBUG (BaseJdbcLogger.java:143)- ====> Parameters: 28305(String)
2019-10-28 00:02:31,915 DEBUG (BaseJdbcLogger.java:143)- <====      Total: 1
2019-10-28 00:02:31,915 DEBUG (BaseJdbcLogger.java:143)- ====>  Preparing: select id, name, sex, birthday, phone, ID_number, email, parent_phone, adress, major, state from student_basic where id = ? 
2019-10-28 00:02:31,915 DEBUG (BaseJdbcLogger.java:143)- ====> Parameters: 28309(String)
2019-10-28 00:02:31,916 DEBUG (BaseJdbcLogger.java:143)- <====      Total: 1
2019-10-28 00:02:31,916 DEBUG (BaseJdbcLogger.java:143)- ====>  Preparing: select id, name, sex, birthday, phone, ID_number, email, parent_phone, adress, major, state from student_basic where id = ? 
2019-10-28 00:02:31,917 DEBUG (BaseJdbcLogger.java:143)- ====> Parameters: 28310(String)
2019-10-28 00:02:31,918 DEBUG (BaseJdbcLogger.java:143)- <====      Total: 1
2019-10-28 00:02:31,918 DEBUG (BaseJdbcLogger.java:143)- ====>  Preparing: select id, name, sex, birthday, phone, ID_number, email, parent_phone, adress, major, state from student_basic where id = ? 
2019-10-28 00:02:31,918 DEBUG (BaseJdbcLogger.java:143)- ====> Parameters: 28311(String)
2019-10-28 00:02:31,919 DEBUG (BaseJdbcLogger.java:143)- <====      Total: 1
2019-10-28 00:02:31,919 DEBUG (BaseJdbcLogger.java:143)- ====>  Preparing: select id, name, sex, birthday, phone, ID_number, email, parent_phone, adress, major, state from student_basic where id = ? 
2019-10-28 00:02:31,919 DEBUG (BaseJdbcLogger.java:143)- ====> Parameters: 28316(String)
2019-10-28 00:02:31,920 DEBUG (BaseJdbcLogger.java:143)- <====      Total: 1
2019-10-28 00:02:31,920 DEBUG (BaseJdbcLogger.java:143)- ====>  Preparing: select id, name, sex, birthday, phone, ID_number, email, parent_phone, adress, major, state from student_basic where id = ? 
2019-10-28 00:02:31,921 DEBUG (BaseJdbcLogger.java:143)- ====> Parameters: 28318(String)
2019-10-28 00:02:31,921 DEBUG (BaseJdbcLogger.java:143)- <====      Total: 1
2019-10-28 00:02:31,922 DEBUG (BaseJdbcLogger.java:143)- ====>  Preparing: select id, name, sex, birthday, phone, ID_number, email, parent_phone, adress, major, state from student_basic where id = ? 
2019-10-28 00:02:31,922 DEBUG (BaseJdbcLogger.java:143)- ====> Parameters: 28326(String)
2019-10-28 00:02:31,922 DEBUG (BaseJdbcLogger.java:143)- <====      Total: 1
2019-10-28 00:02:31,923 DEBUG (BaseJdbcLogger.java:143)- ====>  Preparing: select id, name, sex, birthday, phone, ID_number, email, parent_phone, adress, major, state from student_basic where id = ? 
2019-10-28 00:02:31,923 DEBUG (BaseJdbcLogger.java:143)- ====> Parameters: 28327(String)
2019-10-28 00:02:31,924 DEBUG (BaseJdbcLogger.java:143)- <====      Total: 1
2019-10-28 00:02:31,924 DEBUG (BaseJdbcLogger.java:143)- ====>  Preparing: select id, name, sex, birthday, phone, ID_number, email, parent_phone, adress, major, state from student_basic where id = ? 
2019-10-28 00:02:31,924 DEBUG (BaseJdbcLogger.java:143)- ====> Parameters: 28331(String)
2019-10-28 00:02:31,925 DEBUG (BaseJdbcLogger.java:143)- <====      Total: 1
2019-10-28 00:02:31,925 DEBUG (BaseJdbcLogger.java:143)- ====>  Preparing: select id, name, sex, birthday, phone, ID_number, email, parent_phone, adress, major, state from student_basic where id = ? 
2019-10-28 00:02:31,925 DEBUG (BaseJdbcLogger.java:143)- ====> Parameters: 28332(String)
2019-10-28 00:02:31,926 DEBUG (BaseJdbcLogger.java:143)- <====      Total: 1
2019-10-28 00:02:31,926 DEBUG (BaseJdbcLogger.java:143)- ====>  Preparing: select id, name, sex, birthday, phone, ID_number, email, parent_phone, adress, major, state from student_basic where id = ? 
2019-10-28 00:02:31,927 DEBUG (BaseJdbcLogger.java:143)- ====> Parameters: 28334(String)
2019-10-28 00:02:31,927 DEBUG (BaseJdbcLogger.java:143)- <====      Total: 1
2019-10-28 00:02:31,927 DEBUG (BaseJdbcLogger.java:143)- <==      Total: 14
2019-10-28 00:02:31,928 DEBUG (BaseJdbcLogger.java:143)- ==>  Preparing: select dormitory_allocation.id, dormitory_allocation.class_id, dormitory_allocation.dormitory_id,dormitory_allocation.number from dormitory_allocation,dormitory WHERE dormitory_allocation.dormitory_id=dormitory.id and dormitory.sex=? and class_id = ? 
2019-10-28 00:02:31,929 DEBUG (BaseJdbcLogger.java:143)- ==> Parameters: 男(String), 080702201903(String)
2019-10-28 00:02:31,929 DEBUG (BaseJdbcLogger.java:143)- <==      Total: 0
2019-10-28 00:02:31,929 DEBUG (BaseJdbcLogger.java:143)- ==>  Preparing: select dormitory_allocation.id, dormitory_allocation.class_id, dormitory_allocation.dormitory_id,dormitory_allocation.number from dormitory_allocation,dormitory WHERE dormitory_allocation.dormitory_id=dormitory.id and dormitory.sex=? and class_id = ? 
2019-10-28 00:02:31,929 DEBUG (BaseJdbcLogger.java:143)- ==> Parameters: 女(String), 080702201903(String)
2019-10-28 00:02:31,930 DEBUG (BaseJdbcLogger.java:143)- <==      Total: 0
2019-10-28 00:02:31,931 DEBUG (BaseJdbcLogger.java:143)- ==>  Preparing: select id,class_id,name,director,grade,major_id from class where major_id = ? 
2019-10-28 00:02:31,931 DEBUG (BaseJdbcLogger.java:143)- ==> Parameters: 080901(String)
2019-10-28 00:02:31,931 DEBUG (BaseJdbcLogger.java:143)- <==      Total: 4
2019-10-28 00:02:31,932 DEBUG (BaseJdbcLogger.java:143)- ==>  Preparing: select student_status.id,student_status.basic_id, student_status.student_id, student_status.class_id from student_status,student_basic where student_status.basic_id=student_basic.id and student_basic.sex=? and student_status.class_id=? 
2019-10-28 00:02:31,932 DEBUG (BaseJdbcLogger.java:143)- ==> Parameters: 男(String), 080901201901(String)
2019-10-28 00:02:31,933 DEBUG (BaseJdbcLogger.java:143)- ====>  Preparing: select id, name, sex, birthday, phone, ID_number, email, parent_phone, adress, major, state from student_basic where id = ? 
2019-10-28 00:02:31,933 DEBUG (BaseJdbcLogger.java:143)- ====> Parameters: 27858(String)
2019-10-28 00:02:31,933 DEBUG (BaseJdbcLogger.java:143)- <====      Total: 1
2019-10-28 00:02:31,934 DEBUG (BaseJdbcLogger.java:143)- ====>  Preparing: select id, class_id, name, director, grade, major_id from class WHERE class_id = ? 
2019-10-28 00:02:31,934 DEBUG (BaseJdbcLogger.java:143)- ====> Parameters: 080901201901(String)
2019-10-28 00:02:31,935 DEBUG (BaseJdbcLogger.java:143)- ======>  Preparing: select id, major_id, name, price, department_id from major where major_id = ? 
2019-10-28 00:02:31,935 DEBUG (BaseJdbcLogger.java:143)- ======> Parameters: 080901(String)
2019-10-28 00:02:31,936 DEBUG (BaseJdbcLogger.java:143)- <======      Total: 1
2019-10-28 00:02:31,936 DEBUG (BaseJdbcLogger.java:143)- <====      Total: 1
2019-10-28 00:02:31,936 DEBUG (BaseJdbcLogger.java:143)- ====>  Preparing: select id, name, sex, birthday, phone, ID_number, email, parent_phone, adress, major, state from student_basic where id = ? 
2019-10-28 00:02:31,937 DEBUG (BaseJdbcLogger.java:143)- ====> Parameters: 27859(String)
2019-10-28 00:02:31,938 DEBUG (BaseJdbcLogger.java:143)- <====      Total: 1
2019-10-28 00:02:31,938 DEBUG (BaseJdbcLogger.java:143)- ====>  Preparing: select id, name, sex, birthday, phone, ID_number, email, parent_phone, adress, major, state from student_basic where id = ? 
2019-10-28 00:02:31,938 DEBUG (BaseJdbcLogger.java:143)- ====> Parameters: 27862(String)
2019-10-28 00:02:31,939 DEBUG (BaseJdbcLogger.java:143)- <====      Total: 1
2019-10-28 00:02:31,939 DEBUG (BaseJdbcLogger.java:143)- ====>  Preparing: select id, name, sex, birthday, phone, ID_number, email, parent_phone, adress, major, state from student_basic where id = ? 
2019-10-28 00:02:31,939 DEBUG (BaseJdbcLogger.java:143)- ====> Parameters: 27863(String)
2019-10-28 00:02:31,940 DEBUG (BaseJdbcLogger.java:143)- <====      Total: 1
2019-10-28 00:02:31,941 DEBUG (BaseJdbcLogger.java:143)- ====>  Preparing: select id, name, sex, birthday, phone, ID_number, email, parent_phone, adress, major, state from student_basic where id = ? 
2019-10-28 00:02:31,941 DEBUG (BaseJdbcLogger.java:143)- ====> Parameters: 27865(String)
2019-10-28 00:02:31,941 DEBUG (BaseJdbcLogger.java:143)- <====      Total: 1
2019-10-28 00:02:31,941 DEBUG (BaseJdbcLogger.java:143)- ====>  Preparing: select id, name, sex, birthday, phone, ID_number, email, parent_phone, adress, major, state from student_basic where id = ? 
2019-10-28 00:02:31,942 DEBUG (BaseJdbcLogger.java:143)- ====> Parameters: 27868(String)
2019-10-28 00:02:31,942 DEBUG (BaseJdbcLogger.java:143)- <====      Total: 1
2019-10-28 00:02:31,942 DEBUG (BaseJdbcLogger.java:143)- ====>  Preparing: select id, name, sex, birthday, phone, ID_number, email, parent_phone, adress, major, state from student_basic where id = ? 
2019-10-28 00:02:31,943 DEBUG (BaseJdbcLogger.java:143)- ====> Parameters: 27872(String)
2019-10-28 00:02:31,943 DEBUG (BaseJdbcLogger.java:143)- <====      Total: 1
2019-10-28 00:02:31,944 DEBUG (BaseJdbcLogger.java:143)- ====>  Preparing: select id, name, sex, birthday, phone, ID_number, email, parent_phone, adress, major, state from student_basic where id = ? 
2019-10-28 00:02:31,944 DEBUG (BaseJdbcLogger.java:143)- ====> Parameters: 27875(String)
2019-10-28 00:02:31,944 DEBUG (BaseJdbcLogger.java:143)- <====      Total: 1
2019-10-28 00:02:31,945 DEBUG (BaseJdbcLogger.java:143)- ====>  Preparing: select id, name, sex, birthday, phone, ID_number, email, parent_phone, adress, major, state from student_basic where id = ? 
2019-10-28 00:02:31,946 DEBUG (BaseJdbcLogger.java:143)- ====> Parameters: 27877(String)
2019-10-28 00:02:31,946 DEBUG (BaseJdbcLogger.java:143)- <====      Total: 1
2019-10-28 00:02:31,946 DEBUG (BaseJdbcLogger.java:143)- ====>  Preparing: select id, name, sex, birthday, phone, ID_number, email, parent_phone, adress, major, state from student_basic where id = ? 
2019-10-28 00:02:31,947 DEBUG (BaseJdbcLogger.java:143)- ====> Parameters: 27878(String)
2019-10-28 00:02:31,947 DEBUG (BaseJdbcLogger.java:143)- <====      Total: 1
2019-10-28 00:02:31,948 DEBUG (BaseJdbcLogger.java:143)- ====>  Preparing: select id, name, sex, birthday, phone, ID_number, email, parent_phone, adress, major, state from student_basic where id = ? 
2019-10-28 00:02:31,948 DEBUG (BaseJdbcLogger.java:143)- ====> Parameters: 27880(String)
2019-10-28 00:02:31,949 DEBUG (BaseJdbcLogger.java:143)- <====      Total: 1
2019-10-28 00:02:31,949 DEBUG (BaseJdbcLogger.java:143)- ====>  Preparing: select id, name, sex, birthday, phone, ID_number, email, parent_phone, adress, major, state from student_basic where id = ? 
2019-10-28 00:02:31,949 DEBUG (BaseJdbcLogger.java:143)- ====> Parameters: 27883(String)
2019-10-28 00:02:31,950 DEBUG (BaseJdbcLogger.java:143)- <====      Total: 1
2019-10-28 00:02:31,951 DEBUG (BaseJdbcLogger.java:143)- ====>  Preparing: select id, name, sex, birthday, phone, ID_number, email, parent_phone, adress, major, state from student_basic where id = ? 
2019-10-28 00:02:31,951 DEBUG (BaseJdbcLogger.java:143)- ====> Parameters: 27885(String)
2019-10-28 00:02:31,951 DEBUG (BaseJdbcLogger.java:143)- <====      Total: 1
2019-10-28 00:02:31,951 DEBUG (BaseJdbcLogger.java:143)- ====>  Preparing: select id, name, sex, birthday, phone, ID_number, email, parent_phone, adress, major, state from student_basic where id = ? 
2019-10-28 00:02:31,952 DEBUG (BaseJdbcLogger.java:143)- ====> Parameters: 27887(String)
2019-10-28 00:02:31,952 DEBUG (BaseJdbcLogger.java:143)- <====      Total: 1
2019-10-28 00:02:31,953 DEBUG (BaseJdbcLogger.java:143)- ====>  Preparing: select id, name, sex, birthday, phone, ID_number, email, parent_phone, adress, major, state from student_basic where id = ? 
2019-10-28 00:02:31,953 DEBUG (BaseJdbcLogger.java:143)- ====> Parameters: 27889(String)
2019-10-28 00:02:31,954 DEBUG (BaseJdbcLogger.java:143)- <====      Total: 1
2019-10-28 00:02:31,954 DEBUG (BaseJdbcLogger.java:143)- ====>  Preparing: select id, name, sex, birthday, phone, ID_number, email, parent_phone, adress, major, state from student_basic where id = ? 
2019-10-28 00:02:31,954 DEBUG (BaseJdbcLogger.java:143)- ====> Parameters: 27891(String)
2019-10-28 00:02:31,955 DEBUG (BaseJdbcLogger.java:143)- <====      Total: 1
2019-10-28 00:02:31,955 DEBUG (BaseJdbcLogger.java:143)- ====>  Preparing: select id, name, sex, birthday, phone, ID_number, email, parent_phone, adress, major, state from student_basic where id = ? 
2019-10-28 00:02:31,955 DEBUG (BaseJdbcLogger.java:143)- ====> Parameters: 27892(String)
2019-10-28 00:02:31,956 DEBUG (BaseJdbcLogger.java:143)- <====      Total: 1
2019-10-28 00:02:31,956 DEBUG (BaseJdbcLogger.java:143)- ====>  Preparing: select id, name, sex, birthday, phone, ID_number, email, parent_phone, adress, major, state from student_basic where id = ? 
2019-10-28 00:02:31,957 DEBUG (BaseJdbcLogger.java:143)- ====> Parameters: 27893(String)
2019-10-28 00:02:31,957 DEBUG (BaseJdbcLogger.java:143)- <====      Total: 1
2019-10-28 00:02:31,958 DEBUG (BaseJdbcLogger.java:143)- ====>  Preparing: select id, name, sex, birthday, phone, ID_number, email, parent_phone, adress, major, state from student_basic where id = ? 
2019-10-28 00:02:31,958 DEBUG (BaseJdbcLogger.java:143)- ====> Parameters: 27895(String)
2019-10-28 00:02:31,959 DEBUG (BaseJdbcLogger.java:143)- <====      Total: 1
2019-10-28 00:02:31,960 DEBUG (BaseJdbcLogger.java:143)- ====>  Preparing: select id, name, sex, birthday, phone, ID_number, email, parent_phone, adress, major, state from student_basic where id = ? 
2019-10-28 00:02:31,960 DEBUG (BaseJdbcLogger.java:143)- ====> Parameters: 27898(String)
2019-10-28 00:02:31,961 DEBUG (BaseJdbcLogger.java:143)- <====      Total: 1
2019-10-28 00:02:31,962 DEBUG (BaseJdbcLogger.java:143)- ====>  Preparing: select id, name, sex, birthday, phone, ID_number, email, parent_phone, adress, major, state from student_basic where id = ? 
2019-10-28 00:02:31,962 DEBUG (BaseJdbcLogger.java:143)- ====> Parameters: 27899(String)
2019-10-28 00:02:31,962 DEBUG (BaseJdbcLogger.java:143)- <====      Total: 1
2019-10-28 00:02:31,963 DEBUG (BaseJdbcLogger.java:143)- ====>  Preparing: select id, name, sex, birthday, phone, ID_number, email, parent_phone, adress, major, state from student_basic where id = ? 
2019-10-28 00:02:31,964 DEBUG (BaseJdbcLogger.java:143)- ====> Parameters: 27900(String)
2019-10-28 00:02:31,964 DEBUG (BaseJdbcLogger.java:143)- <====      Total: 1
2019-10-28 00:02:31,965 DEBUG (BaseJdbcLogger.java:143)- <==      Total: 22
2019-10-28 00:02:31,966 DEBUG (BaseJdbcLogger.java:143)- ==>  Preparing: select student_status.id,student_status.basic_id, student_status.student_id, student_status.class_id from student_status,student_basic where student_status.basic_id=student_basic.id and student_basic.sex=? and student_status.class_id=? 
2019-10-28 00:02:31,966 DEBUG (BaseJdbcLogger.java:143)- ==> Parameters: 女(String), 080901201901(String)
2019-10-28 00:02:31,967 DEBUG (BaseJdbcLogger.java:143)- ====>  Preparing: select id, name, sex, birthday, phone, ID_number, email, parent_phone, adress, major, state from student_basic where id = ? 
2019-10-28 00:02:31,968 DEBUG (BaseJdbcLogger.java:143)- ====> Parameters: 27860(String)
2019-10-28 00:02:31,969 DEBUG (BaseJdbcLogger.java:143)- <====      Total: 1
2019-10-28 00:02:31,970 DEBUG (BaseJdbcLogger.java:143)- ====>  Preparing: select id, name, sex, birthday, phone, ID_number, email, parent_phone, adress, major, state from student_basic where id = ? 
2019-10-28 00:02:31,970 DEBUG (BaseJdbcLogger.java:143)- ====> Parameters: 27861(String)
2019-10-28 00:02:31,970 DEBUG (BaseJdbcLogger.java:143)- <====      Total: 1
2019-10-28 00:02:31,971 DEBUG (BaseJdbcLogger.java:143)- ====>  Preparing: select id, name, sex, birthday, phone, ID_number, email, parent_phone, adress, major, state from student_basic where id = ? 
2019-10-28 00:02:31,972 DEBUG (BaseJdbcLogger.java:143)- ====> Parameters: 27864(String)
2019-10-28 00:02:31,973 DEBUG (BaseJdbcLogger.java:143)- <====      Total: 1
2019-10-28 00:02:31,973 DEBUG (BaseJdbcLogger.java:143)- ====>  Preparing: select id, name, sex, birthday, phone, ID_number, email, parent_phone, adress, major, state from student_basic where id = ? 
2019-10-28 00:02:31,974 DEBUG (BaseJdbcLogger.java:143)- ====> Parameters: 27866(String)
2019-10-28 00:02:31,974 DEBUG (BaseJdbcLogger.java:143)- <====      Total: 1
2019-10-28 00:02:31,975 DEBUG (BaseJdbcLogger.java:143)- ====>  Preparing: select id, name, sex, birthday, phone, ID_number, email, parent_phone, adress, major, state from student_basic where id = ? 
2019-10-28 00:02:31,975 DEBUG (BaseJdbcLogger.java:143)- ====> Parameters: 27867(String)
2019-10-28 00:02:31,978 DEBUG (BaseJdbcLogger.java:143)- <====      Total: 1
2019-10-28 00:02:31,979 DEBUG (BaseJdbcLogger.java:143)- ====>  Preparing: select id, name, sex, birthday, phone, ID_number, email, parent_phone, adress, major, state from student_basic where id = ? 
2019-10-28 00:02:31,979 DEBUG (BaseJdbcLogger.java:143)- ====> Parameters: 27869(String)
2019-10-28 00:02:31,980 DEBUG (BaseJdbcLogger.java:143)- <====      Total: 1
2019-10-28 00:02:31,980 DEBUG (BaseJdbcLogger.java:143)- ====>  Preparing: select id, name, sex, birthday, phone, ID_number, email, parent_phone, adress, major, state from student_basic where id = ? 
2019-10-28 00:02:31,980 DEBUG (BaseJdbcLogger.java:143)- ====> Parameters: 27870(String)
2019-10-28 00:02:31,981 DEBUG (BaseJdbcLogger.java:143)- <====      Total: 1
2019-10-28 00:02:31,982 DEBUG (BaseJdbcLogger.java:143)- ====>  Preparing: select id, name, sex, birthday, phone, ID_number, email, parent_phone, adress, major, state from student_basic where id = ? 
2019-10-28 00:02:31,982 DEBUG (BaseJdbcLogger.java:143)- ====> Parameters: 27871(String)
2019-10-28 00:02:31,983 DEBUG (BaseJdbcLogger.java:143)- <====      Total: 1
2019-10-28 00:02:31,984 DEBUG (BaseJdbcLogger.java:143)- ====>  Preparing: select id, name, sex, birthday, phone, ID_number, email, parent_phone, adress, major, state from student_basic where id = ? 
2019-10-28 00:02:31,984 DEBUG (BaseJdbcLogger.java:143)- ====> Parameters: 27873(String)
2019-10-28 00:02:31,985 DEBUG (BaseJdbcLogger.java:143)- <====      Total: 1
2019-10-28 00:02:31,985 DEBUG (BaseJdbcLogger.java:143)- ====>  Preparing: select id, name, sex, birthday, phone, ID_number, email, parent_phone, adress, major, state from student_basic where id = ? 
2019-10-28 00:02:31,985 DEBUG (BaseJdbcLogger.java:143)- ====> Parameters: 27874(String)
2019-10-28 00:02:31,986 DEBUG (BaseJdbcLogger.java:143)- <====      Total: 1
2019-10-28 00:02:31,986 DEBUG (BaseJdbcLogger.java:143)- ====>  Preparing: select id, name, sex, birthday, phone, ID_number, email, parent_phone, adress, major, state from student_basic where id = ? 
2019-10-28 00:02:31,987 DEBUG (BaseJdbcLogger.java:143)- ====> Parameters: 27876(String)
2019-10-28 00:02:31,987 DEBUG (BaseJdbcLogger.java:143)- <====      Total: 1
2019-10-28 00:02:31,988 DEBUG (BaseJdbcLogger.java:143)- ====>  Preparing: select id, name, sex, birthday, phone, ID_number, email, parent_phone, adress, major, state from student_basic where id = ? 
2019-10-28 00:02:31,988 DEBUG (BaseJdbcLogger.java:143)- ====> Parameters: 27879(String)
2019-10-28 00:02:31,988 DEBUG (BaseJdbcLogger.java:143)- <====      Total: 1
2019-10-28 00:02:31,989 DEBUG (BaseJdbcLogger.java:143)- ====>  Preparing: select id, name, sex, birthday, phone, ID_number, email, parent_phone, adress, major, state from student_basic where id = ? 
2019-10-28 00:02:31,989 DEBUG (BaseJdbcLogger.java:143)- ====> Parameters: 27881(String)
2019-10-28 00:02:31,990 DEBUG (BaseJdbcLogger.java:143)- <====      Total: 1
2019-10-28 00:02:31,990 DEBUG (BaseJdbcLogger.java:143)- ====>  Preparing: select id, name, sex, birthday, phone, ID_number, email, parent_phone, adress, major, state from student_basic where id = ? 
2019-10-28 00:02:31,991 DEBUG (BaseJdbcLogger.java:143)- ====> Parameters: 27882(String)
2019-10-28 00:02:31,992 DEBUG (BaseJdbcLogger.java:143)- <====      Total: 1
2019-10-28 00:02:31,992 DEBUG (BaseJdbcLogger.java:143)- ====>  Preparing: select id, name, sex, birthday, phone, ID_number, email, parent_phone, adress, major, state from student_basic where id = ? 
2019-10-28 00:02:31,992 DEBUG (BaseJdbcLogger.java:143)- ====> Parameters: 27884(String)
2019-10-28 00:02:31,993 DEBUG (BaseJdbcLogger.java:143)- <====      Total: 1
2019-10-28 00:02:31,994 DEBUG (BaseJdbcLogger.java:143)- ====>  Preparing: select id, name, sex, birthday, phone, ID_number, email, parent_phone, adress, major, state from student_basic where id = ? 
2019-10-28 00:02:31,994 DEBUG (BaseJdbcLogger.java:143)- ====> Parameters: 27886(String)
2019-10-28 00:02:31,995 DEBUG (BaseJdbcLogger.java:143)- <====      Total: 1
2019-10-28 00:02:31,995 DEBUG (BaseJdbcLogger.java:143)- ====>  Preparing: select id, name, sex, birthday, phone, ID_number, email, parent_phone, adress, major, state from student_basic where id = ? 
2019-10-28 00:02:31,995 DEBUG (BaseJdbcLogger.java:143)- ====> Parameters: 27888(String)
2019-10-28 00:02:31,996 DEBUG (BaseJdbcLogger.java:143)- <====      Total: 1
2019-10-28 00:02:31,996 DEBUG (BaseJdbcLogger.java:143)- ====>  Preparing: select id, name, sex, birthday, phone, ID_number, email, parent_phone, adress, major, state from student_basic where id = ? 
2019-10-28 00:02:31,997 DEBUG (BaseJdbcLogger.java:143)- ====> Parameters: 27890(String)
2019-10-28 00:02:31,997 DEBUG (BaseJdbcLogger.java:143)- <====      Total: 1
2019-10-28 00:02:31,998 DEBUG (BaseJdbcLogger.java:143)- <==      Total: 18
2019-10-28 00:02:31,998 DEBUG (BaseJdbcLogger.java:143)- ==>  Preparing: select dormitory_allocation.id, dormitory_allocation.class_id, dormitory_allocation.dormitory_id,dormitory_allocation.number from dormitory_allocation,dormitory WHERE dormitory_allocation.dormitory_id=dormitory.id and dormitory.sex=? and class_id = ? 
2019-10-28 00:02:31,998 DEBUG (BaseJdbcLogger.java:143)- ==> Parameters: 男(String), 080901201901(String)
2019-10-28 00:02:31,999 DEBUG (BaseJdbcLogger.java:143)- <==      Total: 0
2019-10-28 00:02:31,999 DEBUG (BaseJdbcLogger.java:143)- ==>  Preparing: select dormitory_allocation.id, dormitory_allocation.class_id, dormitory_allocation.dormitory_id,dormitory_allocation.number from dormitory_allocation,dormitory WHERE dormitory_allocation.dormitory_id=dormitory.id and dormitory.sex=? and class_id = ? 
2019-10-28 00:02:32,000 DEBUG (BaseJdbcLogger.java:143)- ==> Parameters: 女(String), 080901201901(String)
2019-10-28 00:02:32,000 DEBUG (BaseJdbcLogger.java:143)- <==      Total: 0
2019-10-28 00:02:32,000 DEBUG (BaseJdbcLogger.java:143)- ==>  Preparing: select student_status.id,student_status.basic_id, student_status.student_id, student_status.class_id from student_status,student_basic where student_status.basic_id=student_basic.id and student_basic.sex=? and student_status.class_id=? 
2019-10-28 00:02:32,001 DEBUG (BaseJdbcLogger.java:143)- ==> Parameters: 男(String), 080901201902(String)
2019-10-28 00:02:32,002 DEBUG (BaseJdbcLogger.java:143)- ====>  Preparing: select id, name, sex, birthday, phone, ID_number, email, parent_phone, adress, major, state from student_basic where id = ? 
2019-10-28 00:02:32,002 DEBUG (BaseJdbcLogger.java:143)- ====> Parameters: 27902(String)
2019-10-28 00:02:32,003 DEBUG (BaseJdbcLogger.java:143)- <====      Total: 1
2019-10-28 00:02:32,003 DEBUG (BaseJdbcLogger.java:143)- ====>  Preparing: select id, class_id, name, director, grade, major_id from class WHERE class_id = ? 
2019-10-28 00:02:32,003 DEBUG (BaseJdbcLogger.java:143)- ====> Parameters: 080901201902(String)
2019-10-28 00:02:32,004 DEBUG (BaseJdbcLogger.java:143)- <====      Total: 1
2019-10-28 00:02:32,004 DEBUG (BaseJdbcLogger.java:143)- ====>  Preparing: select id, name, sex, birthday, phone, ID_number, email, parent_phone, adress, major, state from student_basic where id = ? 
2019-10-28 00:02:32,005 DEBUG (BaseJdbcLogger.java:143)- ====> Parameters: 27903(String)
2019-10-28 00:02:32,005 DEBUG (BaseJdbcLogger.java:143)- <====      Total: 1
2019-10-28 00:02:32,005 DEBUG (BaseJdbcLogger.java:143)- ====>  Preparing: select id, name, sex, birthday, phone, ID_number, email, parent_phone, adress, major, state from student_basic where id = ? 
2019-10-28 00:02:32,006 DEBUG (BaseJdbcLogger.java:143)- ====> Parameters: 27904(String)
2019-10-28 00:02:32,006 DEBUG (BaseJdbcLogger.java:143)- <====      Total: 1
2019-10-28 00:02:32,007 DEBUG (BaseJdbcLogger.java:143)- ====>  Preparing: select id, name, sex, birthday, phone, ID_number, email, parent_phone, adress, major, state from student_basic where id = ? 
2019-10-28 00:02:32,007 DEBUG (BaseJdbcLogger.java:143)- ====> Parameters: 27907(String)
2019-10-28 00:02:32,008 DEBUG (BaseJdbcLogger.java:143)- <====      Total: 1
2019-10-28 00:02:32,008 DEBUG (BaseJdbcLogger.java:143)- ====>  Preparing: select id, name, sex, birthday, phone, ID_number, email, parent_phone, adress, major, state from student_basic where id = ? 
2019-10-28 00:02:32,008 DEBUG (BaseJdbcLogger.java:143)- ====> Parameters: 27909(String)
2019-10-28 00:02:32,009 DEBUG (BaseJdbcLogger.java:143)- <====      Total: 1
2019-10-28 00:02:32,009 DEBUG (BaseJdbcLogger.java:143)- ====>  Preparing: select id, name, sex, birthday, phone, ID_number, email, parent_phone, adress, major, state from student_basic where id = ? 
2019-10-28 00:02:32,010 DEBUG (BaseJdbcLogger.java:143)- ====> Parameters: 27911(String)
2019-10-28 00:02:32,010 DEBUG (BaseJdbcLogger.java:143)- <====      Total: 1
2019-10-28 00:02:32,011 DEBUG (BaseJdbcLogger.java:143)- ====>  Preparing: select id, name, sex, birthday, phone, ID_number, email, parent_phone, adress, major, state from student_basic where id = ? 
2019-10-28 00:02:32,011 DEBUG (BaseJdbcLogger.java:143)- ====> Parameters: 27912(String)
2019-10-28 00:02:32,011 DEBUG (BaseJdbcLogger.java:143)- <====      Total: 1
2019-10-28 00:02:32,011 DEBUG (BaseJdbcLogger.java:143)- ====>  Preparing: select id, name, sex, birthday, phone, ID_number, email, parent_phone, adress, major, state from student_basic where id = ? 
2019-10-28 00:02:32,012 DEBUG (BaseJdbcLogger.java:143)- ====> Parameters: 27914(String)
2019-10-28 00:02:32,012 DEBUG (BaseJdbcLogger.java:143)- <====      Total: 1
2019-10-28 00:02:32,012 DEBUG (BaseJdbcLogger.java:143)- ====>  Preparing: select id, name, sex, birthday, phone, ID_number, email, parent_phone, adress, major, state from student_basic where id = ? 
2019-10-28 00:02:32,014 DEBUG (BaseJdbcLogger.java:143)- ====> Parameters: 27915(String)
2019-10-28 00:02:32,014 DEBUG (BaseJdbcLogger.java:143)- <====      Total: 1
2019-10-28 00:02:32,015 DEBUG (BaseJdbcLogger.java:143)- ====>  Preparing: select id, name, sex, birthday, phone, ID_number, email, parent_phone, adress, major, state from student_basic where id = ? 
2019-10-28 00:02:32,015 DEBUG (BaseJdbcLogger.java:143)- ====> Parameters: 27916(String)
2019-10-28 00:02:32,015 DEBUG (BaseJdbcLogger.java:143)- <====      Total: 1
2019-10-28 00:02:32,015 DEBUG (BaseJdbcLogger.java:143)- ====>  Preparing: select id, name, sex, birthday, phone, ID_number, email, parent_phone, adress, major, state from student_basic where id = ? 
2019-10-28 00:02:32,015 DEBUG (BaseJdbcLogger.java:143)- ====> Parameters: 27918(String)
2019-10-28 00:02:32,017 DEBUG (BaseJdbcLogger.java:143)- <====      Total: 1
2019-10-28 00:02:32,017 DEBUG (BaseJdbcLogger.java:143)- ====>  Preparing: select id, name, sex, birthday, phone, ID_number, email, parent_phone, adress, major, state from student_basic where id = ? 
2019-10-28 00:02:32,017 DEBUG (BaseJdbcLogger.java:143)- ====> Parameters: 27921(String)
2019-10-28 00:02:32,017 DEBUG (BaseJdbcLogger.java:143)- <====      Total: 1
2019-10-28 00:02:32,018 DEBUG (BaseJdbcLogger.java:143)- ====>  Preparing: select id, name, sex, birthday, phone, ID_number, email, parent_phone, adress, major, state from student_basic where id = ? 
2019-10-28 00:02:32,018 DEBUG (BaseJdbcLogger.java:143)- ====> Parameters: 27923(String)
2019-10-28 00:02:32,020 DEBUG (BaseJdbcLogger.java:143)- <====      Total: 1
2019-10-28 00:02:32,020 DEBUG (BaseJdbcLogger.java:143)- ====>  Preparing: select id, name, sex, birthday, phone, ID_number, email, parent_phone, adress, major, state from student_basic where id = ? 
2019-10-28 00:02:32,020 DEBUG (BaseJdbcLogger.java:143)- ====> Parameters: 27927(String)
2019-10-28 00:02:32,021 DEBUG (BaseJdbcLogger.java:143)- <====      Total: 1
2019-10-28 00:02:32,021 DEBUG (BaseJdbcLogger.java:143)- ====>  Preparing: select id, name, sex, birthday, phone, ID_number, email, parent_phone, adress, major, state from student_basic where id = ? 
2019-10-28 00:02:32,021 DEBUG (BaseJdbcLogger.java:143)- ====> Parameters: 27928(String)
2019-10-28 00:02:32,021 DEBUG (BaseJdbcLogger.java:143)- <====      Total: 1
2019-10-28 00:02:32,021 DEBUG (BaseJdbcLogger.java:143)- ====>  Preparing: select id, name, sex, birthday, phone, ID_number, email, parent_phone, adress, major, state from student_basic where id = ? 
2019-10-28 00:02:32,022 DEBUG (BaseJdbcLogger.java:143)- ====> Parameters: 27929(String)
2019-10-28 00:02:32,022 DEBUG (BaseJdbcLogger.java:143)- <====      Total: 1
2019-10-28 00:02:32,023 DEBUG (BaseJdbcLogger.java:143)- ====>  Preparing: select id, name, sex, birthday, phone, ID_number, email, parent_phone, adress, major, state from student_basic where id = ? 
2019-10-28 00:02:32,023 DEBUG (BaseJdbcLogger.java:143)- ====> Parameters: 27930(String)
2019-10-28 00:02:32,025 DEBUG (BaseJdbcLogger.java:143)- <====      Total: 1
2019-10-28 00:02:32,025 DEBUG (BaseJdbcLogger.java:143)- ====>  Preparing: select id, name, sex, birthday, phone, ID_number, email, parent_phone, adress, major, state from student_basic where id = ? 
2019-10-28 00:02:32,027 DEBUG (BaseJdbcLogger.java:143)- ====> Parameters: 27933(String)
2019-10-28 00:02:32,027 DEBUG (BaseJdbcLogger.java:143)- <====      Total: 1
2019-10-28 00:02:32,028 DEBUG (BaseJdbcLogger.java:143)- ====>  Preparing: select id, name, sex, birthday, phone, ID_number, email, parent_phone, adress, major, state from student_basic where id = ? 
2019-10-28 00:02:32,028 DEBUG (BaseJdbcLogger.java:143)- ====> Parameters: 27937(String)
2019-10-28 00:02:32,028 DEBUG (BaseJdbcLogger.java:143)- <====      Total: 1
2019-10-28 00:02:32,029 DEBUG (BaseJdbcLogger.java:143)- ====>  Preparing: select id, name, sex, birthday, phone, ID_number, email, parent_phone, adress, major, state from student_basic where id = ? 
2019-10-28 00:02:32,029 DEBUG (BaseJdbcLogger.java:143)- ====> Parameters: 27940(String)
2019-10-28 00:02:32,030 DEBUG (BaseJdbcLogger.java:143)- <====      Total: 1
2019-10-28 00:02:32,030 DEBUG (BaseJdbcLogger.java:143)- ====>  Preparing: select id, name, sex, birthday, phone, ID_number, email, parent_phone, adress, major, state from student_basic where id = ? 
