2019-09-02 12:39:49,869 DEBUG (BaseJdbcLogger.java:143)- ====> Parameters: 18208(String)
2019-09-02 12:39:49,872 DEBUG (BaseJdbcLogger.java:143)- <====      Total: 1
2019-09-02 12:39:49,872 DEBUG (BaseJdbcLogger.java:143)- ====>  Preparing: select id, name, sex, birthday, phone, ID_number, email, parent_phone, adress, major, state from student_basic where id = ? 
2019-09-02 12:39:49,873 DEBUG (BaseJdbcLogger.java:143)- ====> Parameters: 18212(String)
2019-09-02 12:39:49,876 DEBUG (BaseJdbcLogger.java:143)- <====      Total: 1
2019-09-02 12:39:49,878 DEBUG (BaseJdbcLogger.java:143)- ====>  Preparing: select id, name, sex, birthday, phone, ID_number, email, parent_phone, adress, major, state from student_basic where id = ? 
2019-09-02 12:39:49,880 DEBUG (BaseJdbcLogger.java:143)- ====> Parameters: 18215(String)
2019-09-02 12:39:49,881 DEBUG (BaseJdbcLogger.java:143)- <====      Total: 1
2019-09-02 12:39:49,882 DEBUG (BaseJdbcLogger.java:143)- ====>  Preparing: select id, name, sex, birthday, phone, ID_number, email, parent_phone, adress, major, state from student_basic where id = ? 
2019-09-02 12:39:49,882 DEBUG (BaseJdbcLogger.java:143)- ====> Parameters: 18216(String)
2019-09-02 12:39:49,883 DEBUG (BaseJdbcLogger.java:143)- <====      Total: 1
2019-09-02 12:39:49,883 DEBUG (BaseJdbcLogger.java:143)- ====>  Preparing: select id, name, sex, birthday, phone, ID_number, email, parent_phone, adress, major, state from student_basic where id = ? 
2019-09-02 12:39:49,883 DEBUG (BaseJdbcLogger.java:143)- ====> Parameters: 18217(String)
2019-09-02 12:39:49,884 DEBUG (BaseJdbcLogger.java:143)- <====      Total: 1
2019-09-02 12:39:49,884 DEBUG (BaseJdbcLogger.java:143)- ====>  Preparing: select id, name, sex, birthday, phone, ID_number, email, parent_phone, adress, major, state from student_basic where id = ? 
2019-09-02 12:39:49,884 DEBUG (BaseJdbcLogger.java:143)- ====> Parameters: 18219(String)
2019-09-02 12:39:49,885 DEBUG (BaseJdbcLogger.java:143)- <====      Total: 1
2019-09-02 12:39:49,885 DEBUG (BaseJdbcLogger.java:143)- ====>  Preparing: select id, name, sex, birthday, phone, ID_number, email, parent_phone, adress, major, state from student_basic where id = ? 
2019-09-02 12:39:49,886 DEBUG (BaseJdbcLogger.java:143)- ====> Parameters: 18222(String)
2019-09-02 12:39:49,886 DEBUG (BaseJdbcLogger.java:143)- <====      Total: 1
2019-09-02 12:39:49,887 DEBUG (BaseJdbcLogger.java:143)- ====>  Preparing: select id, name, sex, birthday, phone, ID_number, email, parent_phone, adress, major, state from student_basic where id = ? 
2019-09-02 12:39:49,887 DEBUG (BaseJdbcLogger.java:143)- ====> Parameters: 18223(String)
2019-09-02 12:39:49,887 DEBUG (BaseJdbcLogger.java:143)- <====      Total: 1
2019-09-02 12:39:49,888 DEBUG (BaseJdbcLogger.java:143)- ====>  Preparing: select id, name, sex, birthday, phone, ID_number, email, parent_phone, adress, major, state from student_basic where id = ? 
2019-09-02 12:39:49,888 DEBUG (BaseJdbcLogger.java:143)- ====> Parameters: 18226(String)
2019-09-02 12:39:49,889 DEBUG (BaseJdbcLogger.java:143)- <====      Total: 1
2019-09-02 12:39:49,890 DEBUG (BaseJdbcLogger.java:143)- ====>  Preparing: select id, name, sex, birthday, phone, ID_number, email, parent_phone, adress, major, state from student_basic where id = ? 
2019-09-02 12:39:49,891 DEBUG (BaseJdbcLogger.java:143)- ====> Parameters: 18227(String)
2019-09-02 12:39:49,892 DEBUG (BaseJdbcLogger.java:143)- <====      Total: 1
2019-09-02 12:39:49,893 DEBUG (BaseJdbcLogger.java:143)- ====>  Preparing: select id, name, sex, birthday, phone, ID_number, email, parent_phone, adress, major, state from student_basic where id = ? 
2019-09-02 12:39:49,893 DEBUG (BaseJdbcLogger.java:143)- ====> Parameters: 18228(String)
2019-09-02 12:39:49,894 DEBUG (BaseJdbcLogger.java:143)- <====      Total: 1
2019-09-02 12:39:49,894 DEBUG (BaseJdbcLogger.java:143)- ====>  Preparing: select id, name, sex, birthday, phone, ID_number, email, parent_phone, adress, major, state from student_basic where id = ? 
2019-09-02 12:39:49,895 DEBUG (BaseJdbcLogger.java:143)- ====> Parameters: 18229(String)
2019-09-02 12:39:49,895 DEBUG (BaseJdbcLogger.java:143)- <====      Total: 1
2019-09-02 12:39:49,896 DEBUG (BaseJdbcLogger.java:143)- ====>  Preparing: select id, name, sex, birthday, phone, ID_number, email, parent_phone, adress, major, state from student_basic where id = ? 
2019-09-02 12:39:49,896 DEBUG (BaseJdbcLogger.java:143)- ====> Parameters: 18230(String)
2019-09-02 12:39:49,897 DEBUG (BaseJdbcLogger.java:143)- <====      Total: 1
2019-09-02 12:39:49,897 DEBUG (BaseJdbcLogger.java:143)- ====>  Preparing: select id, name, sex, birthday, phone, ID_number, email, parent_phone, adress, major, state from student_basic where id = ? 
2019-09-02 12:39:49,898 DEBUG (BaseJdbcLogger.java:143)- ====> Parameters: 18231(String)
2019-09-02 12:39:49,898 DEBUG (BaseJdbcLogger.java:143)- <====      Total: 1
2019-09-02 12:39:49,899 DEBUG (BaseJdbcLogger.java:143)- <==      Total: 17
2019-09-02 12:39:49,899 DEBUG (BaseJdbcLogger.java:143)- ==>  Preparing: select student_status.id,student_status.basic_id, student_status.student_id, student_status.class_id from student_status,student_basic where student_status.basic_id=student_basic.id and student_basic.sex=? and student_status.class_id=? 
2019-09-02 12:39:49,899 DEBUG (BaseJdbcLogger.java:143)- ==> Parameters: 女(String), 081001201902(String)
2019-09-02 12:39:49,900 DEBUG (BaseJdbcLogger.java:143)- ====>  Preparing: select id, name, sex, birthday, phone, ID_number, email, parent_phone, adress, major, state from student_basic where id = ? 
2019-09-02 12:39:49,901 DEBUG (BaseJdbcLogger.java:143)- ====> Parameters: 18193(String)
2019-09-02 12:39:49,901 DEBUG (BaseJdbcLogger.java:143)- <====      Total: 1
2019-09-02 12:39:49,902 DEBUG (BaseJdbcLogger.java:143)- ====>  Preparing: select id, class_id, name, director, grade, major_id from class where class_id = ? 
2019-09-02 12:39:49,902 DEBUG (BaseJdbcLogger.java:143)- ====> Parameters: 081001201902(String)
2019-09-02 12:39:49,903 DEBUG (BaseJdbcLogger.java:143)- ======>  Preparing: select id, major_id, name, price, department_id from major where major_id = ? 
2019-09-02 12:39:49,904 DEBUG (BaseJdbcLogger.java:143)- ======> Parameters: 081001(String)
2019-09-02 12:39:49,906 DEBUG (BaseJdbcLogger.java:143)- <======      Total: 1
2019-09-02 12:39:49,907 DEBUG (BaseJdbcLogger.java:143)- <====      Total: 1
2019-09-02 12:39:49,907 DEBUG (BaseJdbcLogger.java:143)- ====>  Preparing: select id, name, sex, birthday, phone, ID_number, email, parent_phone, adress, major, state from student_basic where id = ? 
2019-09-02 12:39:49,907 DEBUG (BaseJdbcLogger.java:143)- ====> Parameters: 18196(String)
2019-09-02 12:39:49,908 DEBUG (BaseJdbcLogger.java:143)- <====      Total: 1
2019-09-02 12:39:49,909 DEBUG (BaseJdbcLogger.java:143)- ====>  Preparing: select id, name, sex, birthday, phone, ID_number, email, parent_phone, adress, major, state from student_basic where id = ? 
2019-09-02 12:39:49,909 DEBUG (BaseJdbcLogger.java:143)- ====> Parameters: 18197(String)
2019-09-02 12:39:49,910 DEBUG (BaseJdbcLogger.java:143)- <====      Total: 1
2019-09-02 12:39:49,911 DEBUG (BaseJdbcLogger.java:143)- ====>  Preparing: select id, name, sex, birthday, phone, ID_number, email, parent_phone, adress, major, state from student_basic where id = ? 
2019-09-02 12:39:49,911 DEBUG (BaseJdbcLogger.java:143)- ====> Parameters: 18198(String)
2019-09-02 12:39:49,912 DEBUG (BaseJdbcLogger.java:143)- <====      Total: 1
2019-09-02 12:39:49,912 DEBUG (BaseJdbcLogger.java:143)- ====>  Preparing: select id, name, sex, birthday, phone, ID_number, email, parent_phone, adress, major, state from student_basic where id = ? 
2019-09-02 12:39:49,913 DEBUG (BaseJdbcLogger.java:143)- ====> Parameters: 18199(String)
2019-09-02 12:39:49,914 DEBUG (BaseJdbcLogger.java:143)- <====      Total: 1
2019-09-02 12:39:49,914 DEBUG (BaseJdbcLogger.java:143)- ====>  Preparing: select id, name, sex, birthday, phone, ID_number, email, parent_phone, adress, major, state from student_basic where id = ? 
2019-09-02 12:39:49,914 DEBUG (BaseJdbcLogger.java:143)- ====> Parameters: 18201(String)
2019-09-02 12:39:49,915 DEBUG (BaseJdbcLogger.java:143)- <====      Total: 1
2019-09-02 12:39:49,916 DEBUG (BaseJdbcLogger.java:143)- ====>  Preparing: select id, name, sex, birthday, phone, ID_number, email, parent_phone, adress, major, state from student_basic where id = ? 
2019-09-02 12:39:49,916 DEBUG (BaseJdbcLogger.java:143)- ====> Parameters: 18202(String)
2019-09-02 12:39:49,916 DEBUG (BaseJdbcLogger.java:143)- <====      Total: 1
2019-09-02 12:39:49,917 DEBUG (BaseJdbcLogger.java:143)- ====>  Preparing: select id, name, sex, birthday, phone, ID_number, email, parent_phone, adress, major, state from student_basic where id = ? 
2019-09-02 12:39:49,917 DEBUG (BaseJdbcLogger.java:143)- ====> Parameters: 18203(String)
2019-09-02 12:39:49,917 DEBUG (BaseJdbcLogger.java:143)- <====      Total: 1
2019-09-02 12:39:49,918 DEBUG (BaseJdbcLogger.java:143)- ====>  Preparing: select id, name, sex, birthday, phone, ID_number, email, parent_phone, adress, major, state from student_basic where id = ? 
2019-09-02 12:39:49,918 DEBUG (BaseJdbcLogger.java:143)- ====> Parameters: 18205(String)
2019-09-02 12:39:49,919 DEBUG (BaseJdbcLogger.java:143)- <====      Total: 1
2019-09-02 12:39:49,919 DEBUG (BaseJdbcLogger.java:143)- ====>  Preparing: select id, name, sex, birthday, phone, ID_number, email, parent_phone, adress, major, state from student_basic where id = ? 
2019-09-02 12:39:49,919 DEBUG (BaseJdbcLogger.java:143)- ====> Parameters: 18206(String)
2019-09-02 12:39:49,920 DEBUG (BaseJdbcLogger.java:143)- <====      Total: 1
2019-09-02 12:39:49,920 DEBUG (BaseJdbcLogger.java:143)- ====>  Preparing: select id, name, sex, birthday, phone, ID_number, email, parent_phone, adress, major, state from student_basic where id = ? 
2019-09-02 12:39:49,920 DEBUG (BaseJdbcLogger.java:143)- ====> Parameters: 18209(String)
2019-09-02 12:39:49,921 DEBUG (BaseJdbcLogger.java:143)- <====      Total: 1
2019-09-02 12:39:49,921 DEBUG (BaseJdbcLogger.java:143)- ====>  Preparing: select id, name, sex, birthday, phone, ID_number, email, parent_phone, adress, major, state from student_basic where id = ? 
2019-09-02 12:39:49,921 DEBUG (BaseJdbcLogger.java:143)- ====> Parameters: 18210(String)
2019-09-02 12:39:49,922 DEBUG (BaseJdbcLogger.java:143)- <====      Total: 1
2019-09-02 12:39:49,922 DEBUG (BaseJdbcLogger.java:143)- ====>  Preparing: select id, name, sex, birthday, phone, ID_number, email, parent_phone, adress, major, state from student_basic where id = ? 
2019-09-02 12:39:49,923 DEBUG (BaseJdbcLogger.java:143)- ====> Parameters: 18211(String)
2019-09-02 12:39:49,924 DEBUG (BaseJdbcLogger.java:143)- <====      Total: 1
2019-09-02 12:39:49,925 DEBUG (BaseJdbcLogger.java:143)- ====>  Preparing: select id, name, sex, birthday, phone, ID_number, email, parent_phone, adress, major, state from student_basic where id = ? 
2019-09-02 12:39:49,925 DEBUG (BaseJdbcLogger.java:143)- ====> Parameters: 18213(String)
2019-09-02 12:39:49,926 DEBUG (BaseJdbcLogger.java:143)- <====      Total: 1
2019-09-02 12:39:49,926 DEBUG (BaseJdbcLogger.java:143)- ====>  Preparing: select id, name, sex, birthday, phone, ID_number, email, parent_phone, adress, major, state from student_basic where id = ? 
2019-09-02 12:39:49,926 DEBUG (BaseJdbcLogger.java:143)- ====> Parameters: 18214(String)
2019-09-02 12:39:49,927 DEBUG (BaseJdbcLogger.java:143)- <====      Total: 1
2019-09-02 12:39:49,927 DEBUG (BaseJdbcLogger.java:143)- ====>  Preparing: select id, name, sex, birthday, phone, ID_number, email, parent_phone, adress, major, state from student_basic where id = ? 
2019-09-02 12:39:49,927 DEBUG (BaseJdbcLogger.java:143)- ====> Parameters: 18218(String)
2019-09-02 12:39:49,928 DEBUG (BaseJdbcLogger.java:143)- <====      Total: 1
2019-09-02 12:39:49,928 DEBUG (BaseJdbcLogger.java:143)- ====>  Preparing: select id, name, sex, birthday, phone, ID_number, email, parent_phone, adress, major, state from student_basic where id = ? 
2019-09-02 12:39:49,928 DEBUG (BaseJdbcLogger.java:143)- ====> Parameters: 18220(String)
2019-09-02 12:39:49,929 DEBUG (BaseJdbcLogger.java:143)- <====      Total: 1
2019-09-02 12:39:49,929 DEBUG (BaseJdbcLogger.java:143)- ====>  Preparing: select id, name, sex, birthday, phone, ID_number, email, parent_phone, adress, major, state from student_basic where id = ? 
2019-09-02 12:39:49,929 DEBUG (BaseJdbcLogger.java:143)- ====> Parameters: 18221(String)
2019-09-02 12:39:49,930 DEBUG (BaseJdbcLogger.java:143)- <====      Total: 1
2019-09-02 12:39:49,930 DEBUG (BaseJdbcLogger.java:143)- ====>  Preparing: select id, name, sex, birthday, phone, ID_number, email, parent_phone, adress, major, state from student_basic where id = ? 
2019-09-02 12:39:49,930 DEBUG (BaseJdbcLogger.java:143)- ====> Parameters: 18224(String)
2019-09-02 12:39:49,931 DEBUG (BaseJdbcLogger.java:143)- <====      Total: 1
2019-09-02 12:39:49,931 DEBUG (BaseJdbcLogger.java:143)- ====>  Preparing: select id, name, sex, birthday, phone, ID_number, email, parent_phone, adress, major, state from student_basic where id = ? 
2019-09-02 12:39:49,932 DEBUG (BaseJdbcLogger.java:143)- ====> Parameters: 18225(String)
2019-09-02 12:39:49,932 DEBUG (BaseJdbcLogger.java:143)- <====      Total: 1
2019-09-02 12:39:49,932 DEBUG (BaseJdbcLogger.java:143)- <==      Total: 20
2019-09-02 12:39:49,933 DEBUG (BaseJdbcLogger.java:143)- ==>  Preparing: select dormitory_allocation.id, dormitory_allocation.class_id, dormitory_allocation.dormitory_id,dormitory_allocation.number from dormitory_allocation,dormitory WHERE dormitory_allocation.dormitory_id=dormitory.id and dormitory.sex=? and class_id = ? 
2019-09-02 12:39:49,933 DEBUG (BaseJdbcLogger.java:143)- ==> Parameters: 男(String), 081001201902(String)
2019-09-02 12:39:49,934 DEBUG (BaseJdbcLogger.java:143)- ====>  Preparing: select id, dong, floor, room, sex, number, rent from dormitory where id = ? 
2019-09-02 12:39:49,934 DEBUG (BaseJdbcLogger.java:143)- ====> Parameters: 5(Integer)
2019-09-02 12:39:49,934 DEBUG (BaseJdbcLogger.java:143)- <====      Total: 1
2019-09-02 12:39:49,935 DEBUG (BaseJdbcLogger.java:143)- ====>  Preparing: select id, dong, floor, room, sex, number, rent from dormitory where id = ? 
2019-09-02 12:39:49,935 DEBUG (BaseJdbcLogger.java:143)- ====> Parameters: 6(Integer)
2019-09-02 12:39:49,935 DEBUG (BaseJdbcLogger.java:143)- <====      Total: 1
2019-09-02 12:39:49,936 DEBUG (BaseJdbcLogger.java:143)- ====>  Preparing: select id, dong, floor, room, sex, number, rent from dormitory where id = ? 
2019-09-02 12:39:49,936 DEBUG (BaseJdbcLogger.java:143)- ====> Parameters: 7(Integer)
2019-09-02 12:39:49,937 DEBUG (BaseJdbcLogger.java:143)- <====      Total: 1
2019-09-02 12:39:49,937 DEBUG (BaseJdbcLogger.java:143)- ====>  Preparing: select id, dong, floor, room, sex, number, rent from dormitory where id = ? 
2019-09-02 12:39:49,938 DEBUG (BaseJdbcLogger.java:143)- ====> Parameters: 4(Integer)
2019-09-02 12:39:49,938 DEBUG (BaseJdbcLogger.java:143)- <====      Total: 1
2019-09-02 12:39:49,939 DEBUG (BaseJdbcLogger.java:143)- <==      Total: 4
2019-09-02 12:39:49,939 DEBUG (BaseJdbcLogger.java:143)- ==>  Preparing: select dormitory_allocation.id, dormitory_allocation.class_id, dormitory_allocation.dormitory_id,dormitory_allocation.number from dormitory_allocation,dormitory WHERE dormitory_allocation.dormitory_id=dormitory.id and dormitory.sex=? and class_id = ? 
2019-09-02 12:39:49,939 DEBUG (BaseJdbcLogger.java:143)- ==> Parameters: 女(String), 081001201902(String)
