2019-10-27 23:24:12,069 DEBUG (BaseJdbcLogger.java:143)- ====> Parameters: 28019(String)
2019-10-27 23:24:12,072 DEBUG (BaseJdbcLogger.java:143)- <====      Total: 1
2019-10-27 23:24:12,073 DEBUG (BaseJdbcLogger.java:143)- ====>  Preparing: select id, name, sex, birthday, phone, ID_number, email, parent_phone, adress, major, state from student_basic where id = ? 
2019-10-27 23:24:12,075 DEBUG (BaseJdbcLogger.java:143)- ====> Parameters: 28021(String)
2019-10-27 23:24:12,076 DEBUG (BaseJdbcLogger.java:143)- <====      Total: 1
2019-10-27 23:24:12,077 DEBUG (BaseJdbcLogger.java:143)- ====>  Preparing: select id, name, sex, birthday, phone, ID_number, email, parent_phone, adress, major, state from student_basic where id = ? 
2019-10-27 23:24:12,078 DEBUG (BaseJdbcLogger.java:143)- ====> Parameters: 28023(String)
2019-10-27 23:24:12,078 DEBUG (BaseJdbcLogger.java:143)- <====      Total: 1
2019-10-27 23:24:12,080 DEBUG (BaseJdbcLogger.java:143)- ====>  Preparing: select id, name, sex, birthday, phone, ID_number, email, parent_phone, adress, major, state from student_basic where id = ? 
2019-10-27 23:24:12,080 DEBUG (BaseJdbcLogger.java:143)- ====> Parameters: 28024(String)
2019-10-27 23:24:12,080 DEBUG (BaseJdbcLogger.java:143)- <====      Total: 1
2019-10-27 23:24:12,081 DEBUG (BaseJdbcLogger.java:143)- ====>  Preparing: select id, name, sex, birthday, phone, ID_number, email, parent_phone, adress, major, state from student_basic where id = ? 
2019-10-27 23:24:12,081 DEBUG (BaseJdbcLogger.java:143)- ====> Parameters: 28025(String)
2019-10-27 23:24:12,082 DEBUG (BaseJdbcLogger.java:143)- <====      Total: 1
2019-10-27 23:24:12,082 DEBUG (BaseJdbcLogger.java:143)- ====>  Preparing: select id, name, sex, birthday, phone, ID_number, email, parent_phone, adress, major, state from student_basic where id = ? 
2019-10-27 23:24:12,082 DEBUG (BaseJdbcLogger.java:143)- ====> Parameters: 28026(String)
2019-10-27 23:24:12,083 DEBUG (BaseJdbcLogger.java:143)- <====      Total: 1
2019-10-27 23:24:12,083 DEBUG (BaseJdbcLogger.java:143)- ====>  Preparing: select id, name, sex, birthday, phone, ID_number, email, parent_phone, adress, major, state from student_basic where id = ? 
2019-10-27 23:24:12,084 DEBUG (BaseJdbcLogger.java:143)- ====> Parameters: 28030(String)
2019-10-27 23:24:12,085 DEBUG (BaseJdbcLogger.java:143)- <====      Total: 1
2019-10-27 23:24:12,085 DEBUG (BaseJdbcLogger.java:143)- ====>  Preparing: select id, name, sex, birthday, phone, ID_number, email, parent_phone, adress, major, state from student_basic where id = ? 
2019-10-27 23:24:12,085 DEBUG (BaseJdbcLogger.java:143)- ====> Parameters: 28031(String)
2019-10-27 23:24:12,086 DEBUG (BaseJdbcLogger.java:143)- <====      Total: 1
2019-10-27 23:24:12,087 DEBUG (BaseJdbcLogger.java:143)- ====>  Preparing: select id, name, sex, birthday, phone, ID_number, email, parent_phone, adress, major, state from student_basic where id = ? 
2019-10-27 23:24:12,087 DEBUG (BaseJdbcLogger.java:143)- ====> Parameters: 28032(String)
2019-10-27 23:24:12,088 DEBUG (BaseJdbcLogger.java:143)- <====      Total: 1
2019-10-27 23:24:12,088 DEBUG (BaseJdbcLogger.java:143)- ====>  Preparing: select id, name, sex, birthday, phone, ID_number, email, parent_phone, adress, major, state from student_basic where id = ? 
2019-10-27 23:24:12,089 DEBUG (BaseJdbcLogger.java:143)- ====> Parameters: 28034(String)
2019-10-27 23:24:12,091 DEBUG (BaseJdbcLogger.java:143)- <====      Total: 1
2019-10-27 23:24:12,094 DEBUG (BaseJdbcLogger.java:143)- ====>  Preparing: select id, name, sex, birthday, phone, ID_number, email, parent_phone, adress, major, state from student_basic where id = ? 
2019-10-27 23:24:12,096 DEBUG (BaseJdbcLogger.java:143)- ====> Parameters: 28035(String)
2019-10-27 23:24:12,097 DEBUG (BaseJdbcLogger.java:143)- <====      Total: 1
2019-10-27 23:24:12,098 DEBUG (BaseJdbcLogger.java:143)- ====>  Preparing: select id, name, sex, birthday, phone, ID_number, email, parent_phone, adress, major, state from student_basic where id = ? 
2019-10-27 23:24:12,098 DEBUG (BaseJdbcLogger.java:143)- ====> Parameters: 28041(String)
2019-10-27 23:24:12,099 DEBUG (BaseJdbcLogger.java:143)- <====      Total: 1
2019-10-27 23:24:12,099 DEBUG (BaseJdbcLogger.java:143)- ====>  Preparing: select id, name, sex, birthday, phone, ID_number, email, parent_phone, adress, major, state from student_basic where id = ? 
2019-10-27 23:24:12,099 DEBUG (BaseJdbcLogger.java:143)- ====> Parameters: 28045(String)
2019-10-27 23:24:12,100 DEBUG (BaseJdbcLogger.java:143)- <====      Total: 1
2019-10-27 23:24:12,101 DEBUG (BaseJdbcLogger.java:143)- ====>  Preparing: select id, name, sex, birthday, phone, ID_number, email, parent_phone, adress, major, state from student_basic where id = ? 
2019-10-27 23:24:12,102 DEBUG (BaseJdbcLogger.java:143)- ====> Parameters: 28046(String)
2019-10-27 23:24:12,102 DEBUG (BaseJdbcLogger.java:143)- <====      Total: 1
2019-10-27 23:24:12,102 DEBUG (BaseJdbcLogger.java:143)- ====>  Preparing: select id, name, sex, birthday, phone, ID_number, email, parent_phone, adress, major, state from student_basic where id = ? 
2019-10-27 23:24:12,103 DEBUG (BaseJdbcLogger.java:143)- ====> Parameters: 28050(String)
2019-10-27 23:24:12,103 DEBUG (BaseJdbcLogger.java:143)- <====      Total: 1
2019-10-27 23:24:12,104 DEBUG (BaseJdbcLogger.java:143)- ====>  Preparing: select id, name, sex, birthday, phone, ID_number, email, parent_phone, adress, major, state from student_basic where id = ? 
2019-10-27 23:24:12,104 DEBUG (BaseJdbcLogger.java:143)- ====> Parameters: 28051(String)
2019-10-27 23:24:12,105 DEBUG (BaseJdbcLogger.java:143)- <====      Total: 1
2019-10-27 23:24:12,106 DEBUG (BaseJdbcLogger.java:143)- <==      Total: 18
2019-10-27 23:24:12,108 DEBUG (BaseJdbcLogger.java:143)- ==>  Preparing: select student_status.id,student_status.basic_id, student_status.student_id, student_status.class_id from student_status,student_basic where student_status.basic_id=student_basic.id and student_basic.sex=? and student_status.class_id=? 
2019-10-27 23:24:12,109 DEBUG (BaseJdbcLogger.java:143)- ==> Parameters: 女(String), 081001201901(String)
2019-10-27 23:24:12,113 DEBUG (BaseJdbcLogger.java:143)- ====>  Preparing: select id, name, sex, birthday, phone, ID_number, email, parent_phone, adress, major, state from student_basic where id = ? 
2019-10-27 23:24:12,114 DEBUG (BaseJdbcLogger.java:143)- ====> Parameters: 28013(String)
2019-10-27 23:24:12,115 DEBUG (BaseJdbcLogger.java:143)- <====      Total: 1
2019-10-27 23:24:12,116 DEBUG (BaseJdbcLogger.java:143)- ====>  Preparing: select id, name, sex, birthday, phone, ID_number, email, parent_phone, adress, major, state from student_basic where id = ? 
2019-10-27 23:24:12,116 DEBUG (BaseJdbcLogger.java:143)- ====> Parameters: 28015(String)
2019-10-27 23:24:12,116 DEBUG (BaseJdbcLogger.java:143)- <====      Total: 1
2019-10-27 23:24:12,118 DEBUG (BaseJdbcLogger.java:143)- ====>  Preparing: select id, name, sex, birthday, phone, ID_number, email, parent_phone, adress, major, state from student_basic where id = ? 
2019-10-27 23:24:12,118 DEBUG (BaseJdbcLogger.java:143)- ====> Parameters: 28016(String)
2019-10-27 23:24:12,119 DEBUG (BaseJdbcLogger.java:143)- <====      Total: 1
2019-10-27 23:24:12,119 DEBUG (BaseJdbcLogger.java:143)- ====>  Preparing: select id, name, sex, birthday, phone, ID_number, email, parent_phone, adress, major, state from student_basic where id = ? 
2019-10-27 23:24:12,120 DEBUG (BaseJdbcLogger.java:143)- ====> Parameters: 28020(String)
2019-10-27 23:24:12,121 DEBUG (BaseJdbcLogger.java:143)- <====      Total: 1
2019-10-27 23:24:12,121 DEBUG (BaseJdbcLogger.java:143)- ====>  Preparing: select id, name, sex, birthday, phone, ID_number, email, parent_phone, adress, major, state from student_basic where id = ? 
2019-10-27 23:24:12,122 DEBUG (BaseJdbcLogger.java:143)- ====> Parameters: 28022(String)
2019-10-27 23:24:12,124 DEBUG (BaseJdbcLogger.java:143)- <====      Total: 1
2019-10-27 23:24:12,126 DEBUG (BaseJdbcLogger.java:143)- ====>  Preparing: select id, name, sex, birthday, phone, ID_number, email, parent_phone, adress, major, state from student_basic where id = ? 
2019-10-27 23:24:12,129 DEBUG (BaseJdbcLogger.java:143)- ====> Parameters: 28027(String)
2019-10-27 23:24:12,130 DEBUG (BaseJdbcLogger.java:143)- <====      Total: 1
2019-10-27 23:24:12,131 DEBUG (BaseJdbcLogger.java:143)- ====>  Preparing: select id, name, sex, birthday, phone, ID_number, email, parent_phone, adress, major, state from student_basic where id = ? 
2019-10-27 23:24:12,131 DEBUG (BaseJdbcLogger.java:143)- ====> Parameters: 28028(String)
2019-10-27 23:24:12,132 DEBUG (BaseJdbcLogger.java:143)- <====      Total: 1
2019-10-27 23:24:12,133 DEBUG (BaseJdbcLogger.java:143)- ====>  Preparing: select id, name, sex, birthday, phone, ID_number, email, parent_phone, adress, major, state from student_basic where id = ? 
2019-10-27 23:24:12,133 DEBUG (BaseJdbcLogger.java:143)- ====> Parameters: 28029(String)
2019-10-27 23:24:12,134 DEBUG (BaseJdbcLogger.java:143)- <====      Total: 1
2019-10-27 23:24:12,134 DEBUG (BaseJdbcLogger.java:143)- ====>  Preparing: select id, name, sex, birthday, phone, ID_number, email, parent_phone, adress, major, state from student_basic where id = ? 
2019-10-27 23:24:12,135 DEBUG (BaseJdbcLogger.java:143)- ====> Parameters: 28033(String)
2019-10-27 23:24:12,135 DEBUG (BaseJdbcLogger.java:143)- <====      Total: 1
2019-10-27 23:24:12,136 DEBUG (BaseJdbcLogger.java:143)- ====>  Preparing: select id, name, sex, birthday, phone, ID_number, email, parent_phone, adress, major, state from student_basic where id = ? 
2019-10-27 23:24:12,136 DEBUG (BaseJdbcLogger.java:143)- ====> Parameters: 28036(String)
2019-10-27 23:24:12,137 DEBUG (BaseJdbcLogger.java:143)- <====      Total: 1
2019-10-27 23:24:12,138 DEBUG (BaseJdbcLogger.java:143)- ====>  Preparing: select id, name, sex, birthday, phone, ID_number, email, parent_phone, adress, major, state from student_basic where id = ? 
2019-10-27 23:24:12,138 DEBUG (BaseJdbcLogger.java:143)- ====> Parameters: 28037(String)
2019-10-27 23:24:12,141 DEBUG (BaseJdbcLogger.java:143)- <====      Total: 1
2019-10-27 23:24:12,144 DEBUG (BaseJdbcLogger.java:143)- ====>  Preparing: select id, name, sex, birthday, phone, ID_number, email, parent_phone, adress, major, state from student_basic where id = ? 
2019-10-27 23:24:12,146 DEBUG (BaseJdbcLogger.java:143)- ====> Parameters: 28038(String)
2019-10-27 23:24:12,148 DEBUG (BaseJdbcLogger.java:143)- <====      Total: 1
2019-10-27 23:24:12,149 DEBUG (BaseJdbcLogger.java:143)- ====>  Preparing: select id, name, sex, birthday, phone, ID_number, email, parent_phone, adress, major, state from student_basic where id = ? 
2019-10-27 23:24:12,150 DEBUG (BaseJdbcLogger.java:143)- ====> Parameters: 28039(String)
2019-10-27 23:24:12,152 DEBUG (BaseJdbcLogger.java:143)- <====      Total: 1
2019-10-27 23:24:12,153 DEBUG (BaseJdbcLogger.java:143)- ====>  Preparing: select id, name, sex, birthday, phone, ID_number, email, parent_phone, adress, major, state from student_basic where id = ? 
2019-10-27 23:24:12,155 DEBUG (BaseJdbcLogger.java:143)- ====> Parameters: 28040(String)
2019-10-27 23:24:12,156 DEBUG (BaseJdbcLogger.java:143)- <====      Total: 1
2019-10-27 23:24:12,160 DEBUG (BaseJdbcLogger.java:143)- ====>  Preparing: select id, name, sex, birthday, phone, ID_number, email, parent_phone, adress, major, state from student_basic where id = ? 
2019-10-27 23:24:12,163 DEBUG (BaseJdbcLogger.java:143)- ====> Parameters: 28042(String)
2019-10-27 23:24:12,165 DEBUG (BaseJdbcLogger.java:143)- <====      Total: 1
2019-10-27 23:24:12,167 DEBUG (BaseJdbcLogger.java:143)- ====>  Preparing: select id, name, sex, birthday, phone, ID_number, email, parent_phone, adress, major, state from student_basic where id = ? 
2019-10-27 23:24:12,167 DEBUG (BaseJdbcLogger.java:143)- ====> Parameters: 28043(String)
2019-10-27 23:24:12,169 DEBUG (BaseJdbcLogger.java:143)- <====      Total: 1
2019-10-27 23:24:12,169 DEBUG (BaseJdbcLogger.java:143)- ====>  Preparing: select id, name, sex, birthday, phone, ID_number, email, parent_phone, adress, major, state from student_basic where id = ? 
2019-10-27 23:24:12,169 DEBUG (BaseJdbcLogger.java:143)- ====> Parameters: 28044(String)
2019-10-27 23:24:12,171 DEBUG (BaseJdbcLogger.java:143)- <====      Total: 1
2019-10-27 23:24:12,171 DEBUG (BaseJdbcLogger.java:143)- ====>  Preparing: select id, name, sex, birthday, phone, ID_number, email, parent_phone, adress, major, state from student_basic where id = ? 
2019-10-27 23:24:12,171 DEBUG (BaseJdbcLogger.java:143)- ====> Parameters: 28047(String)
2019-10-27 23:24:12,174 DEBUG (BaseJdbcLogger.java:143)- <====      Total: 1
2019-10-27 23:24:12,177 DEBUG (BaseJdbcLogger.java:143)- ====>  Preparing: select id, name, sex, birthday, phone, ID_number, email, parent_phone, adress, major, state from student_basic where id = ? 
2019-10-27 23:24:12,180 DEBUG (BaseJdbcLogger.java:143)- ====> Parameters: 28048(String)
2019-10-27 23:24:12,181 DEBUG (BaseJdbcLogger.java:143)- <====      Total: 1
2019-10-27 23:24:12,183 DEBUG (BaseJdbcLogger.java:143)- <==      Total: 19
2019-10-27 23:24:12,185 DEBUG (BaseJdbcLogger.java:143)- ==>  Preparing: select dormitory_allocation.id, dormitory_allocation.class_id, dormitory_allocation.dormitory_id,dormitory_allocation.number from dormitory_allocation,dormitory WHERE dormitory_allocation.dormitory_id=dormitory.id and dormitory.sex=? and class_id = ? 
2019-10-27 23:24:12,185 DEBUG (BaseJdbcLogger.java:143)- ==> Parameters: 男(String), 081001201901(String)
2019-10-27 23:24:12,186 DEBUG (BaseJdbcLogger.java:143)- <==      Total: 0
2019-10-27 23:24:12,186 DEBUG (BaseJdbcLogger.java:143)- ==>  Preparing: select dormitory_allocation.id, dormitory_allocation.class_id, dormitory_allocation.dormitory_id,dormitory_allocation.number from dormitory_allocation,dormitory WHERE dormitory_allocation.dormitory_id=dormitory.id and dormitory.sex=? and class_id = ? 
2019-10-27 23:24:12,187 DEBUG (BaseJdbcLogger.java:143)- ==> Parameters: 女(String), 081001201901(String)
2019-10-27 23:24:12,187 DEBUG (BaseJdbcLogger.java:143)- <==      Total: 0
2019-10-27 23:24:12,188 DEBUG (BaseJdbcLogger.java:143)- ==>  Preparing: select student_status.id,student_status.basic_id, student_status.student_id, student_status.class_id from student_status,student_basic where student_status.basic_id=student_basic.id and student_basic.sex=? and student_status.class_id=? 
2019-10-27 23:24:12,189 DEBUG (BaseJdbcLogger.java:143)- ==> Parameters: 男(String), 081001201902(String)
2019-10-27 23:24:12,191 DEBUG (BaseJdbcLogger.java:143)- ====>  Preparing: select id, name, sex, birthday, phone, ID_number, email, parent_phone, adress, major, state from student_basic where id = ? 
2019-10-27 23:24:12,193 DEBUG (BaseJdbcLogger.java:143)- ====> Parameters: 28056(String)
2019-10-27 23:24:12,195 DEBUG (BaseJdbcLogger.java:143)- <====      Total: 1
2019-10-27 23:24:12,196 DEBUG (BaseJdbcLogger.java:143)- ====>  Preparing: select id, class_id, name, director, grade, major_id from class WHERE class_id = ? 
2019-10-27 23:24:12,196 DEBUG (BaseJdbcLogger.java:143)- ====> Parameters: 081001201902(String)
2019-10-27 23:24:12,197 DEBUG (BaseJdbcLogger.java:143)- <====      Total: 1
2019-10-27 23:24:12,197 DEBUG (BaseJdbcLogger.java:143)- ====>  Preparing: select id, name, sex, birthday, phone, ID_number, email, parent_phone, adress, major, state from student_basic where id = ? 
2019-10-27 23:24:12,197 DEBUG (BaseJdbcLogger.java:143)- ====> Parameters: 28060(String)
2019-10-27 23:24:12,201 DEBUG (BaseJdbcLogger.java:143)- <====      Total: 1
2019-10-27 23:24:12,202 DEBUG (BaseJdbcLogger.java:143)- ====>  Preparing: select id, name, sex, birthday, phone, ID_number, email, parent_phone, adress, major, state from student_basic where id = ? 
2019-10-27 23:24:12,203 DEBUG (BaseJdbcLogger.java:143)- ====> Parameters: 28063(String)
2019-10-27 23:24:12,203 DEBUG (BaseJdbcLogger.java:143)- <====      Total: 1
