2019-09-04 03:59:54,341 DEBUG (BaseJdbcLogger.java:143)- <====      Total: 1
2019-09-04 03:59:54,344 DEBUG (BaseJdbcLogger.java:143)- ====>  Preparing: select id, name, sex, birthday, phone, ID_number, email, parent_phone, adress, major, state from student_basic where id = ? 
2019-09-04 03:59:54,344 DEBUG (BaseJdbcLogger.java:143)- ====> Parameters: 19403(String)
2019-09-04 03:59:54,345 DEBUG (BaseJdbcLogger.java:143)- <====      Total: 1
2019-09-04 03:59:54,345 DEBUG (BaseJdbcLogger.java:143)- ====>  Preparing: select id, name, sex, birthday, phone, ID_number, email, parent_phone, adress, major, state from student_basic where id = ? 
2019-09-04 03:59:54,346 DEBUG (BaseJdbcLogger.java:143)- ====> Parameters: 19405(String)
2019-09-04 03:59:54,347 DEBUG (BaseJdbcLogger.java:143)- <====      Total: 1
2019-09-04 03:59:54,348 DEBUG (BaseJdbcLogger.java:143)- ====>  Preparing: select id, name, sex, birthday, phone, ID_number, email, parent_phone, adress, major, state from student_basic where id = ? 
2019-09-04 03:59:54,349 DEBUG (BaseJdbcLogger.java:143)- ====> Parameters: 19406(String)
2019-09-04 03:59:54,350 DEBUG (BaseJdbcLogger.java:143)- <====      Total: 1
2019-09-04 03:59:54,351 DEBUG (BaseJdbcLogger.java:143)- ====>  Preparing: select id, name, sex, birthday, phone, ID_number, email, parent_phone, adress, major, state from student_basic where id = ? 
2019-09-04 03:59:54,351 DEBUG (BaseJdbcLogger.java:143)- ====> Parameters: 19409(String)
2019-09-04 03:59:54,351 DEBUG (BaseJdbcLogger.java:143)- <====      Total: 1
2019-09-04 03:59:54,352 DEBUG (BaseJdbcLogger.java:143)- ====>  Preparing: select id, name, sex, birthday, phone, ID_number, email, parent_phone, adress, major, state from student_basic where id = ? 
2019-09-04 03:59:54,352 DEBUG (BaseJdbcLogger.java:143)- ====> Parameters: 19410(String)
2019-09-04 03:59:54,353 DEBUG (BaseJdbcLogger.java:143)- <====      Total: 1
2019-09-04 03:59:54,353 DEBUG (BaseJdbcLogger.java:143)- ====>  Preparing: select id, name, sex, birthday, phone, ID_number, email, parent_phone, adress, major, state from student_basic where id = ? 
2019-09-04 03:59:54,354 DEBUG (BaseJdbcLogger.java:143)- ====> Parameters: 19411(String)
2019-09-04 03:59:54,354 DEBUG (BaseJdbcLogger.java:143)- <====      Total: 1
2019-09-04 03:59:54,355 DEBUG (BaseJdbcLogger.java:143)- ====>  Preparing: select id, name, sex, birthday, phone, ID_number, email, parent_phone, adress, major, state from student_basic where id = ? 
2019-09-04 03:59:54,355 DEBUG (BaseJdbcLogger.java:143)- ====> Parameters: 19412(String)
2019-09-04 03:59:54,356 DEBUG (BaseJdbcLogger.java:143)- <====      Total: 1
2019-09-04 03:59:54,357 DEBUG (BaseJdbcLogger.java:143)- ====>  Preparing: select id, name, sex, birthday, phone, ID_number, email, parent_phone, adress, major, state from student_basic where id = ? 
2019-09-04 03:59:54,357 DEBUG (BaseJdbcLogger.java:143)- ====> Parameters: 19415(String)
2019-09-04 03:59:54,358 DEBUG (BaseJdbcLogger.java:143)- <====      Total: 1
2019-09-04 03:59:54,359 DEBUG (BaseJdbcLogger.java:143)- ====>  Preparing: select id, name, sex, birthday, phone, ID_number, email, parent_phone, adress, major, state from student_basic where id = ? 
2019-09-04 03:59:54,359 DEBUG (BaseJdbcLogger.java:143)- ====> Parameters: 19417(String)
2019-09-04 03:59:54,360 DEBUG (BaseJdbcLogger.java:143)- <====      Total: 1
2019-09-04 03:59:54,360 DEBUG (BaseJdbcLogger.java:143)- ====>  Preparing: select id, name, sex, birthday, phone, ID_number, email, parent_phone, adress, major, state from student_basic where id = ? 
2019-09-04 03:59:54,361 DEBUG (BaseJdbcLogger.java:143)- ====> Parameters: 19418(String)
2019-09-04 03:59:54,361 DEBUG (BaseJdbcLogger.java:143)- <====      Total: 1
2019-09-04 03:59:54,362 DEBUG (BaseJdbcLogger.java:143)- ====>  Preparing: select id, name, sex, birthday, phone, ID_number, email, parent_phone, adress, major, state from student_basic where id = ? 
2019-09-04 03:59:54,362 DEBUG (BaseJdbcLogger.java:143)- ====> Parameters: 19419(String)
2019-09-04 03:59:54,363 DEBUG (BaseJdbcLogger.java:143)- <====      Total: 1
2019-09-04 03:59:54,364 DEBUG (BaseJdbcLogger.java:143)- ====>  Preparing: select id, name, sex, birthday, phone, ID_number, email, parent_phone, adress, major, state from student_basic where id = ? 
2019-09-04 03:59:54,364 DEBUG (BaseJdbcLogger.java:143)- ====> Parameters: 19422(String)
2019-09-04 03:59:54,365 DEBUG (BaseJdbcLogger.java:143)- <====      Total: 1
2019-09-04 03:59:54,366 DEBUG (BaseJdbcLogger.java:143)- ====>  Preparing: select id, name, sex, birthday, phone, ID_number, email, parent_phone, adress, major, state from student_basic where id = ? 
2019-09-04 03:59:54,367 DEBUG (BaseJdbcLogger.java:143)- ====> Parameters: 19423(String)
2019-09-04 03:59:54,368 DEBUG (BaseJdbcLogger.java:143)- <====      Total: 1
2019-09-04 03:59:54,369 DEBUG (BaseJdbcLogger.java:143)- ====>  Preparing: select id, name, sex, birthday, phone, ID_number, email, parent_phone, adress, major, state from student_basic where id = ? 
2019-09-04 03:59:54,369 DEBUG (BaseJdbcLogger.java:143)- ====> Parameters: 19425(String)
2019-09-04 03:59:54,370 DEBUG (BaseJdbcLogger.java:143)- <====      Total: 1
2019-09-04 03:59:54,370 DEBUG (BaseJdbcLogger.java:143)- ====>  Preparing: select id, name, sex, birthday, phone, ID_number, email, parent_phone, adress, major, state from student_basic where id = ? 
2019-09-04 03:59:54,371 DEBUG (BaseJdbcLogger.java:143)- ====> Parameters: 19426(String)
2019-09-04 03:59:54,371 DEBUG (BaseJdbcLogger.java:143)- <====      Total: 1
2019-09-04 03:59:54,372 DEBUG (BaseJdbcLogger.java:143)- ====>  Preparing: select id, name, sex, birthday, phone, ID_number, email, parent_phone, adress, major, state from student_basic where id = ? 
2019-09-04 03:59:54,372 DEBUG (BaseJdbcLogger.java:143)- ====> Parameters: 19429(String)
2019-09-04 03:59:54,373 DEBUG (BaseJdbcLogger.java:143)- <====      Total: 1
2019-09-04 03:59:54,374 DEBUG (BaseJdbcLogger.java:143)- ====>  Preparing: select id, name, sex, birthday, phone, ID_number, email, parent_phone, adress, major, state from student_basic where id = ? 
2019-09-04 03:59:54,374 DEBUG (BaseJdbcLogger.java:143)- ====> Parameters: 19431(String)
2019-09-04 03:59:54,375 DEBUG (BaseJdbcLogger.java:143)- <====      Total: 1
2019-09-04 03:59:54,375 DEBUG (BaseJdbcLogger.java:143)- ====>  Preparing: select id, name, sex, birthday, phone, ID_number, email, parent_phone, adress, major, state from student_basic where id = ? 
2019-09-04 03:59:54,376 DEBUG (BaseJdbcLogger.java:143)- ====> Parameters: 19432(String)
2019-09-04 03:59:54,377 DEBUG (BaseJdbcLogger.java:143)- <====      Total: 1
2019-09-04 03:59:54,377 DEBUG (BaseJdbcLogger.java:143)- ====>  Preparing: select id, name, sex, birthday, phone, ID_number, email, parent_phone, adress, major, state from student_basic where id = ? 
2019-09-04 03:59:54,378 DEBUG (BaseJdbcLogger.java:143)- ====> Parameters: 19433(String)
2019-09-04 03:59:54,378 DEBUG (BaseJdbcLogger.java:143)- <====      Total: 1
2019-09-04 03:59:54,379 DEBUG (BaseJdbcLogger.java:143)- ====>  Preparing: select id, name, sex, birthday, phone, ID_number, email, parent_phone, adress, major, state from student_basic where id = ? 
2019-09-04 03:59:54,379 DEBUG (BaseJdbcLogger.java:143)- ====> Parameters: 19435(String)
2019-09-04 03:59:54,380 DEBUG (BaseJdbcLogger.java:143)- <====      Total: 1
2019-09-04 03:59:54,381 DEBUG (BaseJdbcLogger.java:143)- ====>  Preparing: select id, name, sex, birthday, phone, ID_number, email, parent_phone, adress, major, state from student_basic where id = ? 
2019-09-04 03:59:54,381 DEBUG (BaseJdbcLogger.java:143)- ====> Parameters: 19437(String)
2019-09-04 03:59:54,382 DEBUG (BaseJdbcLogger.java:143)- <====      Total: 1
2019-09-04 03:59:54,383 DEBUG (BaseJdbcLogger.java:143)- ====>  Preparing: select id, name, sex, birthday, phone, ID_number, email, parent_phone, adress, major, state from student_basic where id = ? 
2019-09-04 03:59:54,384 DEBUG (BaseJdbcLogger.java:143)- ====> Parameters: 19438(String)
2019-09-04 03:59:54,384 DEBUG (BaseJdbcLogger.java:143)- <====      Total: 1
2019-09-04 03:59:54,385 DEBUG (BaseJdbcLogger.java:143)- <==      Total: 25
2019-09-04 03:59:54,385 DEBUG (BaseJdbcLogger.java:143)- ==>  Preparing: select dormitory_allocation.id, dormitory_allocation.class_id, dormitory_allocation.dormitory_id,dormitory_allocation.number from dormitory_allocation,dormitory WHERE dormitory_allocation.dormitory_id=dormitory.id and dormitory.sex=? and class_id = ? 
2019-09-04 03:59:54,386 DEBUG (BaseJdbcLogger.java:143)- ==> Parameters: 男(String), 080702201902(String)
2019-09-04 03:59:54,387 DEBUG (BaseJdbcLogger.java:143)- <==      Total: 0
2019-09-04 03:59:54,387 DEBUG (BaseJdbcLogger.java:143)- ==>  Preparing: select student_status.id,student_status.basic_id, student_status.student_id, student_status.class_id from student_status,student_basic where student_status.basic_id=student_basic.id and student_basic.sex=? and student_status.class_id=? 
2019-09-04 03:59:54,388 DEBUG (BaseJdbcLogger.java:143)- ==> Parameters: 男(String), 080702201903(String)
2019-09-04 03:59:54,389 DEBUG (BaseJdbcLogger.java:143)- ====>  Preparing: select id, name, sex, birthday, phone, ID_number, email, parent_phone, adress, major, state from student_basic where id = ? 
2019-09-04 03:59:54,390 DEBUG (BaseJdbcLogger.java:143)- ====> Parameters: 19439(String)
2019-09-04 03:59:54,391 DEBUG (BaseJdbcLogger.java:143)- <====      Total: 1
2019-09-04 03:59:54,391 DEBUG (BaseJdbcLogger.java:143)- ====>  Preparing: select id, class_id, name, director, grade, major_id from class where class_id = ? 
2019-09-04 03:59:54,392 DEBUG (BaseJdbcLogger.java:143)- ====> Parameters: 080702201903(String)
2019-09-04 03:59:54,392 DEBUG (BaseJdbcLogger.java:143)- ======>  Preparing: select id, major_id, name, price, department_id from major where major_id = ? 
2019-09-04 03:59:54,393 DEBUG (BaseJdbcLogger.java:143)- ======> Parameters: 080702(String)
2019-09-04 03:59:54,394 DEBUG (BaseJdbcLogger.java:143)- <======      Total: 1
2019-09-04 03:59:54,394 DEBUG (BaseJdbcLogger.java:143)- <====      Total: 1
2019-09-04 03:59:54,394 DEBUG (BaseJdbcLogger.java:143)- ====>  Preparing: select id, name, sex, birthday, phone, ID_number, email, parent_phone, adress, major, state from student_basic where id = ? 
2019-09-04 03:59:54,395 DEBUG (BaseJdbcLogger.java:143)- ====> Parameters: 19440(String)
2019-09-04 03:59:54,396 DEBUG (BaseJdbcLogger.java:143)- <====      Total: 1
2019-09-04 03:59:54,396 DEBUG (BaseJdbcLogger.java:143)- ====>  Preparing: select id, name, sex, birthday, phone, ID_number, email, parent_phone, adress, major, state from student_basic where id = ? 
2019-09-04 03:59:54,396 DEBUG (BaseJdbcLogger.java:143)- ====> Parameters: 19444(String)
2019-09-04 03:59:54,397 DEBUG (BaseJdbcLogger.java:143)- <====      Total: 1
2019-09-04 03:59:54,398 DEBUG (BaseJdbcLogger.java:143)- ====>  Preparing: select id, name, sex, birthday, phone, ID_number, email, parent_phone, adress, major, state from student_basic where id = ? 
2019-09-04 03:59:54,398 DEBUG (BaseJdbcLogger.java:143)- ====> Parameters: 19447(String)
2019-09-04 03:59:54,399 DEBUG (BaseJdbcLogger.java:143)- <====      Total: 1
2019-09-04 03:59:54,400 DEBUG (BaseJdbcLogger.java:143)- ====>  Preparing: select id, name, sex, birthday, phone, ID_number, email, parent_phone, adress, major, state from student_basic where id = ? 
2019-09-04 03:59:54,400 DEBUG (BaseJdbcLogger.java:143)- ====> Parameters: 19450(String)
2019-09-04 03:59:54,401 DEBUG (BaseJdbcLogger.java:143)- <====      Total: 1
2019-09-04 03:59:54,402 DEBUG (BaseJdbcLogger.java:143)- ====>  Preparing: select id, name, sex, birthday, phone, ID_number, email, parent_phone, adress, major, state from student_basic where id = ? 
2019-09-04 03:59:54,402 DEBUG (BaseJdbcLogger.java:143)- ====> Parameters: 19451(String)
2019-09-04 03:59:54,403 DEBUG (BaseJdbcLogger.java:143)- <====      Total: 1
2019-09-04 03:59:54,403 DEBUG (BaseJdbcLogger.java:143)- ====>  Preparing: select id, name, sex, birthday, phone, ID_number, email, parent_phone, adress, major, state from student_basic where id = ? 
2019-09-04 03:59:54,404 DEBUG (BaseJdbcLogger.java:143)- ====> Parameters: 19452(String)
2019-09-04 03:59:54,405 DEBUG (BaseJdbcLogger.java:143)- <====      Total: 1
2019-09-04 03:59:54,405 DEBUG (BaseJdbcLogger.java:143)- ====>  Preparing: select id, name, sex, birthday, phone, ID_number, email, parent_phone, adress, major, state from student_basic where id = ? 
2019-09-04 03:59:54,406 DEBUG (BaseJdbcLogger.java:143)- ====> Parameters: 19456(String)
2019-09-04 03:59:54,407 DEBUG (BaseJdbcLogger.java:143)- <====      Total: 1
2019-09-04 03:59:54,408 DEBUG (BaseJdbcLogger.java:143)- ====>  Preparing: select id, name, sex, birthday, phone, ID_number, email, parent_phone, adress, major, state from student_basic where id = ? 
2019-09-04 03:59:54,408 DEBUG (BaseJdbcLogger.java:143)- ====> Parameters: 19457(String)
2019-09-04 03:59:54,409 DEBUG (BaseJdbcLogger.java:143)- <====      Total: 1
2019-09-04 03:59:54,410 DEBUG (BaseJdbcLogger.java:143)- ====>  Preparing: select id, name, sex, birthday, phone, ID_number, email, parent_phone, adress, major, state from student_basic where id = ? 
2019-09-04 03:59:54,410 DEBUG (BaseJdbcLogger.java:143)- ====> Parameters: 19458(String)
2019-09-04 03:59:54,411 DEBUG (BaseJdbcLogger.java:143)- <====      Total: 1
2019-09-04 03:59:54,412 DEBUG (BaseJdbcLogger.java:143)- ====>  Preparing: select id, name, sex, birthday, phone, ID_number, email, parent_phone, adress, major, state from student_basic where id = ? 
2019-09-04 03:59:54,412 DEBUG (BaseJdbcLogger.java:143)- ====> Parameters: 19459(String)
2019-09-04 03:59:54,413 DEBUG (BaseJdbcLogger.java:143)- <====      Total: 1
2019-09-04 03:59:54,413 DEBUG (BaseJdbcLogger.java:143)- ====>  Preparing: select id, name, sex, birthday, phone, ID_number, email, parent_phone, adress, major, state from student_basic where id = ? 
2019-09-04 03:59:54,414 DEBUG (BaseJdbcLogger.java:143)- ====> Parameters: 19461(String)
2019-09-04 03:59:54,415 DEBUG (BaseJdbcLogger.java:143)- <====      Total: 1
2019-09-04 03:59:54,416 DEBUG (BaseJdbcLogger.java:143)- ====>  Preparing: select id, name, sex, birthday, phone, ID_number, email, parent_phone, adress, major, state from student_basic where id = ? 
2019-09-04 03:59:54,417 DEBUG (BaseJdbcLogger.java:143)- ====> Parameters: 19463(String)
2019-09-04 03:59:54,418 DEBUG (BaseJdbcLogger.java:143)- <====      Total: 1
2019-09-04 03:59:54,418 DEBUG (BaseJdbcLogger.java:143)- ====>  Preparing: select id, name, sex, birthday, phone, ID_number, email, parent_phone, adress, major, state from student_basic where id = ? 
2019-09-04 03:59:54,418 DEBUG (BaseJdbcLogger.java:143)- ====> Parameters: 19464(String)
2019-09-04 03:59:54,419 DEBUG (BaseJdbcLogger.java:143)- <====      Total: 1
2019-09-04 03:59:54,420 DEBUG (BaseJdbcLogger.java:143)- ====>  Preparing: select id, name, sex, birthday, phone, ID_number, email, parent_phone, adress, major, state from student_basic where id = ? 
2019-09-04 03:59:54,420 DEBUG (BaseJdbcLogger.java:143)- ====> Parameters: 19465(String)
2019-09-04 03:59:54,421 DEBUG (BaseJdbcLogger.java:143)- <====      Total: 1
2019-09-04 03:59:54,421 DEBUG (BaseJdbcLogger.java:143)- ====>  Preparing: select id, name, sex, birthday, phone, ID_number, email, parent_phone, adress, major, state from student_basic where id = ? 
2019-09-04 03:59:54,422 DEBUG (BaseJdbcLogger.java:143)- ====> Parameters: 19466(String)
2019-09-04 03:59:54,423 DEBUG (BaseJdbcLogger.java:143)- <====      Total: 1
2019-09-04 03:59:54,423 DEBUG (BaseJdbcLogger.java:143)- ====>  Preparing: select id, name, sex, birthday, phone, ID_number, email, parent_phone, adress, major, state from student_basic where id = ? 
2019-09-04 03:59:54,424 DEBUG (BaseJdbcLogger.java:143)- ====> Parameters: 19467(String)
2019-09-04 03:59:54,424 DEBUG (BaseJdbcLogger.java:143)- <====      Total: 1
2019-09-04 03:59:54,425 DEBUG (BaseJdbcLogger.java:143)- ====>  Preparing: select id, name, sex, birthday, phone, ID_number, email, parent_phone, adress, major, state from student_basic where id = ? 
2019-09-04 03:59:54,425 DEBUG (BaseJdbcLogger.java:143)- ====> Parameters: 19468(String)
2019-09-04 03:59:54,426 DEBUG (BaseJdbcLogger.java:143)- <====      Total: 1
2019-09-04 03:59:54,427 DEBUG (BaseJdbcLogger.java:143)- ====>  Preparing: select id, name, sex, birthday, phone, ID_number, email, parent_phone, adress, major, state from student_basic where id = ? 
2019-09-04 03:59:54,427 DEBUG (BaseJdbcLogger.java:143)- ====> Parameters: 19469(String)
2019-09-04 03:59:54,428 DEBUG (BaseJdbcLogger.java:143)- <====      Total: 1
2019-09-04 03:59:54,428 DEBUG (BaseJdbcLogger.java:143)- ====>  Preparing: select id, name, sex, birthday, phone, ID_number, email, parent_phone, adress, major, state from student_basic where id = ? 
2019-09-04 03:59:54,428 DEBUG (BaseJdbcLogger.java:143)- ====> Parameters: 19472(String)
2019-09-04 03:59:54,429 DEBUG (BaseJdbcLogger.java:143)- <====      Total: 1
2019-09-04 03:59:54,430 DEBUG (BaseJdbcLogger.java:143)- ====>  Preparing: select id, name, sex, birthday, phone, ID_number, email, parent_phone, adress, major, state from student_basic where id = ? 
2019-09-04 03:59:54,430 DEBUG (BaseJdbcLogger.java:143)- ====> Parameters: 19473(String)
2019-09-04 03:59:54,431 DEBUG (BaseJdbcLogger.java:143)- <====      Total: 1
2019-09-04 03:59:54,431 DEBUG (BaseJdbcLogger.java:143)- ====>  Preparing: select id, name, sex, birthday, phone, ID_number, email, parent_phone, adress, major, state from student_basic where id = ? 
2019-09-04 03:59:54,432 DEBUG (BaseJdbcLogger.java:143)- ====> Parameters: 19474(String)
2019-09-04 03:59:54,433 DEBUG (BaseJdbcLogger.java:143)- <====      Total: 1
2019-09-04 03:59:54,433 DEBUG (BaseJdbcLogger.java:143)- ====>  Preparing: select id, name, sex, birthday, phone, ID_number, email, parent_phone, adress, major, state from student_basic where id = ? 
2019-09-04 03:59:54,434 DEBUG (BaseJdbcLogger.java:143)- ====> Parameters: 19477(String)
2019-09-04 03:59:54,434 DEBUG (BaseJdbcLogger.java:143)- <====      Total: 1
2019-09-04 03:59:54,435 DEBUG (BaseJdbcLogger.java:143)- ====>  Preparing: select id, name, sex, birthday, phone, ID_number, email, parent_phone, adress, major, state from student_basic where id = ? 
2019-09-04 03:59:54,435 DEBUG (BaseJdbcLogger.java:143)- ====> Parameters: 19479(String)
2019-09-04 03:59:54,436 DEBUG (BaseJdbcLogger.java:143)- <====      Total: 1
2019-09-04 03:59:54,436 DEBUG (BaseJdbcLogger.java:143)- <==      Total: 24
2019-09-04 03:59:54,437 DEBUG (BaseJdbcLogger.java:143)- ==>  Preparing: select dormitory_allocation.id, dormitory_allocation.class_id, dormitory_allocation.dormitory_id,dormitory_allocation.number from dormitory_allocation,dormitory WHERE dormitory_allocation.dormitory_id=dormitory.id and dormitory.sex=? and class_id = ? 
2019-09-04 03:59:54,437 DEBUG (BaseJdbcLogger.java:143)- ==> Parameters: 男(String), 080702201903(String)
2019-09-04 03:59:54,438 DEBUG (BaseJdbcLogger.java:143)- ====>  Preparing: select id, dong, floor, room, sex, number, rent,hasnumber from dormitory where id = ? 
2019-09-04 03:59:54,438 DEBUG (BaseJdbcLogger.java:143)- ====> Parameters: 5(Integer)
2019-09-04 03:59:54,439 DEBUG (BaseJdbcLogger.java:143)- <====      Total: 1
2019-09-04 03:59:54,439 DEBUG (BaseJdbcLogger.java:143)- ====>  Preparing: select id, dong, floor, room, sex, number, rent,hasnumber from dormitory where id = ? 
2019-09-04 03:59:54,440 DEBUG (BaseJdbcLogger.java:143)- ====> Parameters: 17(Integer)
2019-09-04 03:59:54,441 DEBUG (BaseJdbcLogger.java:143)- <====      Total: 1
2019-09-04 03:59:54,441 DEBUG (BaseJdbcLogger.java:143)- ====>  Preparing: select id, dong, floor, room, sex, number, rent,hasnumber from dormitory where id = ? 
2019-09-04 03:59:54,442 DEBUG (BaseJdbcLogger.java:143)- ====> Parameters: 18(Integer)
2019-09-04 03:59:54,443 DEBUG (BaseJdbcLogger.java:143)- <====      Total: 1
2019-09-04 03:59:54,443 DEBUG (BaseJdbcLogger.java:143)- ====>  Preparing: select id, dong, floor, room, sex, number, rent,hasnumber from dormitory where id = ? 
2019-09-04 03:59:54,444 DEBUG (BaseJdbcLogger.java:143)- ====> Parameters: 19(Integer)
2019-09-04 03:59:54,445 DEBUG (BaseJdbcLogger.java:143)- <====      Total: 1
2019-09-04 03:59:54,445 DEBUG (BaseJdbcLogger.java:143)- ====>  Preparing: select id, dong, floor, room, sex, number, rent,hasnumber from dormitory where id = ? 
2019-09-04 03:59:54,446 DEBUG (BaseJdbcLogger.java:143)- ====> Parameters: 20(Integer)
2019-09-04 03:59:54,446 DEBUG (BaseJdbcLogger.java:143)- <====      Total: 1
2019-09-04 03:59:54,447 DEBUG (BaseJdbcLogger.java:143)- <==      Total: 5
2019-09-04 03:59:54,447 DEBUG (BaseJdbcLogger.java:143)- ==>  Preparing: select student_status.id,student_status.basic_id, student_status.student_id, student_status.class_id from student_status,student_basic where student_status.basic_id=student_basic.id and student_basic.sex=? and student_status.class_id=? 
2019-09-04 03:59:54,447 DEBUG (BaseJdbcLogger.java:143)- ==> Parameters: 男(String), 080901201901(String)
2019-09-04 03:59:54,449 DEBUG (BaseJdbcLogger.java:143)- ====>  Preparing: select id, name, sex, birthday, phone, ID_number, email, parent_phone, adress, major, state from student_basic where id = ? 
2019-09-04 03:59:54,450 DEBUG (BaseJdbcLogger.java:143)- ====> Parameters: 19002(String)
2019-09-04 03:59:54,450 DEBUG (BaseJdbcLogger.java:143)- <====      Total: 1
2019-09-04 03:59:54,451 DEBUG (BaseJdbcLogger.java:143)- ====>  Preparing: select id, class_id, name, director, grade, major_id from class where class_id = ? 
2019-09-04 03:59:54,452 DEBUG (BaseJdbcLogger.java:143)- ====> Parameters: 080901201901(String)
2019-09-04 03:59:54,452 DEBUG (BaseJdbcLogger.java:143)- ======>  Preparing: select id, major_id, name, price, department_id from major where major_id = ? 
2019-09-04 03:59:54,453 DEBUG (BaseJdbcLogger.java:143)- ======> Parameters: 080901(String)
2019-09-04 03:59:54,454 DEBUG (BaseJdbcLogger.java:143)- <======      Total: 1
2019-09-04 03:59:54,454 DEBUG (BaseJdbcLogger.java:143)- <====      Total: 1
2019-09-04 03:59:54,455 DEBUG (BaseJdbcLogger.java:143)- ====>  Preparing: select id, name, sex, birthday, phone, ID_number, email, parent_phone, adress, major, state from student_basic where id = ? 
2019-09-04 03:59:54,455 DEBUG (BaseJdbcLogger.java:143)- ====> Parameters: 19003(String)
2019-09-04 03:59:54,456 DEBUG (BaseJdbcLogger.java:143)- <====      Total: 1
2019-09-04 03:59:54,456 DEBUG (BaseJdbcLogger.java:143)- ====>  Preparing: select id, name, sex, birthday, phone, ID_number, email, parent_phone, adress, major, state from student_basic where id = ? 
2019-09-04 03:59:54,457 DEBUG (BaseJdbcLogger.java:143)- ====> Parameters: 19006(String)
2019-09-04 03:59:54,457 DEBUG (BaseJdbcLogger.java:143)- <====      Total: 1
2019-09-04 03:59:54,458 DEBUG (BaseJdbcLogger.java:143)- ====>  Preparing: select id, name, sex, birthday, phone, ID_number, email, parent_phone, adress, major, state from student_basic where id = ? 
2019-09-04 03:59:54,458 DEBUG (BaseJdbcLogger.java:143)- ====> Parameters: 19007(String)
2019-09-04 03:59:54,459 DEBUG (BaseJdbcLogger.java:143)- <====      Total: 1
2019-09-04 03:59:54,460 DEBUG (BaseJdbcLogger.java:143)- ====>  Preparing: select id, name, sex, birthday, phone, ID_number, email, parent_phone, adress, major, state from student_basic where id = ? 
2019-09-04 03:59:54,460 DEBUG (BaseJdbcLogger.java:143)- ====> Parameters: 19009(String)
2019-09-04 03:59:54,461 DEBUG (BaseJdbcLogger.java:143)- <====      Total: 1
2019-09-04 03:59:54,462 DEBUG (BaseJdbcLogger.java:143)- ====>  Preparing: select id, name, sex, birthday, phone, ID_number, email, parent_phone, adress, major, state from student_basic where id = ? 
2019-09-04 03:59:54,463 DEBUG (BaseJdbcLogger.java:143)- ====> Parameters: 19012(String)
2019-09-04 03:59:54,463 DEBUG (BaseJdbcLogger.java:143)- <====      Total: 1
2019-09-04 03:59:54,464 DEBUG (BaseJdbcLogger.java:143)- ====>  Preparing: select id, name, sex, birthday, phone, ID_number, email, parent_phone, adress, major, state from student_basic where id = ? 
2019-09-04 03:59:54,464 DEBUG (BaseJdbcLogger.java:143)- ====> Parameters: 19016(String)
2019-09-04 03:59:54,465 DEBUG (BaseJdbcLogger.java:143)- <====      Total: 1
2019-09-04 03:59:54,466 DEBUG (BaseJdbcLogger.java:143)- ====>  Preparing: select id, name, sex, birthday, phone, ID_number, email, parent_phone, adress, major, state from student_basic where id = ? 
2019-09-04 03:59:54,466 DEBUG (BaseJdbcLogger.java:143)- ====> Parameters: 19019(String)
2019-09-04 03:59:54,467 DEBUG (BaseJdbcLogger.java:143)- <====      Total: 1
2019-09-04 03:59:54,468 DEBUG (BaseJdbcLogger.java:143)- ====>  Preparing: select id, name, sex, birthday, phone, ID_number, email, parent_phone, adress, major, state from student_basic where id = ? 
2019-09-04 03:59:54,468 DEBUG (BaseJdbcLogger.java:143)- ====> Parameters: 19021(String)
2019-09-04 03:59:54,469 DEBUG (BaseJdbcLogger.java:143)- <====      Total: 1
2019-09-04 03:59:54,470 DEBUG (BaseJdbcLogger.java:143)- ====>  Preparing: select id, name, sex, birthday, phone, ID_number, email, parent_phone, adress, major, state from student_basic where id = ? 
2019-09-04 03:59:54,470 DEBUG (BaseJdbcLogger.java:143)- ====> Parameters: 19022(String)
2019-09-04 03:59:54,471 DEBUG (BaseJdbcLogger.java:143)- <====      Total: 1
2019-09-04 03:59:54,473 DEBUG (BaseJdbcLogger.java:143)- ====>  Preparing: select id, name, sex, birthday, phone, ID_number, email, parent_phone, adress, major, state from student_basic where id = ? 
2019-09-04 03:59:54,473 DEBUG (BaseJdbcLogger.java:143)- ====> Parameters: 19024(String)
2019-09-04 03:59:54,474 DEBUG (BaseJdbcLogger.java:143)- <====      Total: 1
2019-09-04 03:59:54,475 DEBUG (BaseJdbcLogger.java:143)- ====>  Preparing: select id, name, sex, birthday, phone, ID_number, email, parent_phone, adress, major, state from student_basic where id = ? 
2019-09-04 03:59:54,475 DEBUG (BaseJdbcLogger.java:143)- ====> Parameters: 19027(String)
2019-09-04 03:59:54,476 DEBUG (BaseJdbcLogger.java:143)- <====      Total: 1
2019-09-04 03:59:54,477 DEBUG (BaseJdbcLogger.java:143)- ====>  Preparing: select id, name, sex, birthday, phone, ID_number, email, parent_phone, adress, major, state from student_basic where id = ? 
2019-09-04 03:59:54,477 DEBUG (BaseJdbcLogger.java:143)- ====> Parameters: 19029(String)
2019-09-04 03:59:54,478 DEBUG (BaseJdbcLogger.java:143)- <====      Total: 1
2019-09-04 03:59:54,479 DEBUG (BaseJdbcLogger.java:143)- ====>  Preparing: select id, name, sex, birthday, phone, ID_number, email, parent_phone, adress, major, state from student_basic where id = ? 
2019-09-04 03:59:54,479 DEBUG (BaseJdbcLogger.java:143)- ====> Parameters: 19031(String)
2019-09-04 03:59:54,480 DEBUG (BaseJdbcLogger.java:143)- <====      Total: 1
2019-09-04 03:59:54,481 DEBUG (BaseJdbcLogger.java:143)- ====>  Preparing: select id, name, sex, birthday, phone, ID_number, email, parent_phone, adress, major, state from student_basic where id = ? 
2019-09-04 03:59:54,481 DEBUG (BaseJdbcLogger.java:143)- ====> Parameters: 19033(String)
2019-09-04 03:59:54,483 DEBUG (BaseJdbcLogger.java:143)- <====      Total: 1
2019-09-04 03:59:54,484 DEBUG (BaseJdbcLogger.java:143)- ====>  Preparing: select id, name, sex, birthday, phone, ID_number, email, parent_phone, adress, major, state from student_basic where id = ? 
2019-09-04 03:59:54,484 DEBUG (BaseJdbcLogger.java:143)- ====> Parameters: 19035(String)
2019-09-04 03:59:54,485 DEBUG (BaseJdbcLogger.java:143)- <====      Total: 1
2019-09-04 03:59:54,485 DEBUG (BaseJdbcLogger.java:143)- ====>  Preparing: select id, name, sex, birthday, phone, ID_number, email, parent_phone, adress, major, state from student_basic where id = ? 
2019-09-04 03:59:54,486 DEBUG (BaseJdbcLogger.java:143)- ====> Parameters: 19036(String)
2019-09-04 03:59:54,486 DEBUG (BaseJdbcLogger.java:143)- <====      Total: 1
2019-09-04 03:59:54,487 DEBUG (BaseJdbcLogger.java:143)- ====>  Preparing: select id, name, sex, birthday, phone, ID_number, email, parent_phone, adress, major, state from student_basic where id = ? 
2019-09-04 03:59:54,487 DEBUG (BaseJdbcLogger.java:143)- ====> Parameters: 19037(String)
2019-09-04 03:59:54,488 DEBUG (BaseJdbcLogger.java:143)- <====      Total: 1
2019-09-04 03:59:54,488 DEBUG (BaseJdbcLogger.java:143)- ====>  Preparing: select id, name, sex, birthday, phone, ID_number, email, parent_phone, adress, major, state from student_basic where id = ? 
2019-09-04 03:59:54,489 DEBUG (BaseJdbcLogger.java:143)- ====> Parameters: 19039(String)
2019-09-04 03:59:54,489 DEBUG (BaseJdbcLogger.java:143)- <====      Total: 1
2019-09-04 03:59:54,490 DEBUG (BaseJdbcLogger.java:143)- ====>  Preparing: select id, name, sex, birthday, phone, ID_number, email, parent_phone, adress, major, state from student_basic where id = ? 
2019-09-04 03:59:54,490 DEBUG (BaseJdbcLogger.java:143)- ====> Parameters: 19042(String)
2019-09-04 03:59:54,491 DEBUG (BaseJdbcLogger.java:143)- <====      Total: 1
2019-09-04 03:59:54,491 DEBUG (BaseJdbcLogger.java:143)- ====>  Preparing: select id, name, sex, birthday, phone, ID_number, email, parent_phone, adress, major, state from student_basic where id = ? 
2019-09-04 03:59:54,492 DEBUG (BaseJdbcLogger.java:143)- ====> Parameters: 19043(String)
2019-09-04 03:59:54,492 DEBUG (BaseJdbcLogger.java:143)- <====      Total: 1
2019-09-04 03:59:54,493 DEBUG (BaseJdbcLogger.java:143)- ====>  Preparing: select id, name, sex, birthday, phone, ID_number, email, parent_phone, adress, major, state from student_basic where id = ? 
2019-09-04 03:59:54,493 DEBUG (BaseJdbcLogger.java:143)- ====> Parameters: 19044(String)
2019-09-04 03:59:54,494 DEBUG (BaseJdbcLogger.java:143)- <====      Total: 1
2019-09-04 03:59:54,494 DEBUG (BaseJdbcLogger.java:143)- <==      Total: 22
2019-09-04 03:59:54,495 DEBUG (BaseJdbcLogger.java:143)- ==>  Preparing: select dormitory_allocation.id, dormitory_allocation.class_id, dormitory_allocation.dormitory_id,dormitory_allocation.number from dormitory_allocation,dormitory WHERE dormitory_allocation.dormitory_id=dormitory.id and dormitory.sex=? and class_id = ? 
2019-09-04 03:59:54,495 DEBUG (BaseJdbcLogger.java:143)- ==> Parameters: 男(String), 080901201901(String)
2019-09-04 03:59:54,496 DEBUG (BaseJdbcLogger.java:143)- <==      Total: 0
2019-09-04 03:59:54,496 DEBUG (BaseJdbcLogger.java:143)- ==>  Preparing: select student_status.id,student_status.basic_id, student_status.student_id, student_status.class_id from student_status,student_basic where student_status.basic_id=student_basic.id and student_basic.sex=? and student_status.class_id=? 
2019-09-04 03:59:54,497 DEBUG (BaseJdbcLogger.java:143)- ==> Parameters: 男(String), 080901201902(String)
2019-09-04 03:59:54,498 DEBUG (BaseJdbcLogger.java:143)- ====>  Preparing: select id, name, sex, birthday, phone, ID_number, email, parent_phone, adress, major, state from student_basic where id = ? 
2019-09-04 03:59:54,498 DEBUG (BaseJdbcLogger.java:143)- ====> Parameters: 19046(String)
2019-09-04 03:59:54,499 DEBUG (BaseJdbcLogger.java:143)- <====      Total: 1
2019-09-04 03:59:54,499 DEBUG (BaseJdbcLogger.java:143)- ====>  Preparing: select id, class_id, name, director, grade, major_id from class where class_id = ? 
2019-09-04 03:59:54,500 DEBUG (BaseJdbcLogger.java:143)- ====> Parameters: 080901201902(String)
2019-09-04 03:59:54,501 DEBUG (BaseJdbcLogger.java:143)- ======>  Preparing: select id, major_id, name, price, department_id from major where major_id = ? 
