2019-09-23 05:35:02,985 DEBUG (BaseJdbcLogger.java:143)- ====> Parameters: 25836(String)
2019-09-23 05:35:02,997 DEBUG (BaseJdbcLogger.java:143)- <====      Total: 1
2019-09-23 05:35:02,998 DEBUG (BaseJdbcLogger.java:143)- ====>  Preparing: select id, name, sex, birthday, phone, ID_number, email, parent_phone, adress, major, state from student_basic where id = ? 
2019-09-23 05:35:02,999 DEBUG (BaseJdbcLogger.java:143)- ====> Parameters: 25837(String)
2019-09-23 05:35:03,000 DEBUG (BaseJdbcLogger.java:143)- <====      Total: 1
2019-09-23 05:35:03,001 DEBUG (BaseJdbcLogger.java:143)- ====>  Preparing: select id, name, sex, birthday, phone, ID_number, email, parent_phone, adress, major, state from student_basic where id = ? 
2019-09-23 05:35:03,003 DEBUG (BaseJdbcLogger.java:143)- ====> Parameters: 25840(String)
2019-09-23 05:35:03,005 DEBUG (BaseJdbcLogger.java:143)- <====      Total: 1
2019-09-23 05:35:03,006 DEBUG (BaseJdbcLogger.java:143)- ====>  Preparing: select id, name, sex, birthday, phone, ID_number, email, parent_phone, adress, major, state from student_basic where id = ? 
2019-09-23 05:35:03,007 DEBUG (BaseJdbcLogger.java:143)- ====> Parameters: 25841(String)
2019-09-23 05:35:03,008 DEBUG (BaseJdbcLogger.java:143)- <====      Total: 1
2019-09-23 05:35:03,008 DEBUG (BaseJdbcLogger.java:143)- ====>  Preparing: select id, name, sex, birthday, phone, ID_number, email, parent_phone, adress, major, state from student_basic where id = ? 
2019-09-23 05:35:03,009 DEBUG (BaseJdbcLogger.java:143)- ====> Parameters: 25842(String)
2019-09-23 05:35:03,010 DEBUG (BaseJdbcLogger.java:143)- <====      Total: 1
2019-09-23 05:35:03,011 DEBUG (BaseJdbcLogger.java:143)- ====>  Preparing: select id, name, sex, birthday, phone, ID_number, email, parent_phone, adress, major, state from student_basic where id = ? 
2019-09-23 05:35:03,012 DEBUG (BaseJdbcLogger.java:143)- ====> Parameters: 25843(String)
2019-09-23 05:35:03,013 DEBUG (BaseJdbcLogger.java:143)- <====      Total: 1
2019-09-23 05:35:03,014 DEBUG (BaseJdbcLogger.java:143)- ====>  Preparing: select id, name, sex, birthday, phone, ID_number, email, parent_phone, adress, major, state from student_basic where id = ? 
2019-09-23 05:35:03,014 DEBUG (BaseJdbcLogger.java:143)- ====> Parameters: 25847(String)
2019-09-23 05:35:03,016 DEBUG (BaseJdbcLogger.java:143)- <====      Total: 1
2019-09-23 05:35:03,016 DEBUG (BaseJdbcLogger.java:143)- ====>  Preparing: select id, name, sex, birthday, phone, ID_number, email, parent_phone, adress, major, state from student_basic where id = ? 
2019-09-23 05:35:03,018 DEBUG (BaseJdbcLogger.java:143)- ====> Parameters: 25849(String)
2019-09-23 05:35:03,020 DEBUG (BaseJdbcLogger.java:143)- <====      Total: 1
2019-09-23 05:35:03,021 DEBUG (BaseJdbcLogger.java:143)- ====>  Preparing: select id, name, sex, birthday, phone, ID_number, email, parent_phone, adress, major, state from student_basic where id = ? 
2019-09-23 05:35:03,021 DEBUG (BaseJdbcLogger.java:143)- ====> Parameters: 25850(String)
2019-09-23 05:35:03,023 DEBUG (BaseJdbcLogger.java:143)- <====      Total: 1
2019-09-23 05:35:03,023 DEBUG (BaseJdbcLogger.java:143)- ====>  Preparing: select id, name, sex, birthday, phone, ID_number, email, parent_phone, adress, major, state from student_basic where id = ? 
2019-09-23 05:35:03,024 DEBUG (BaseJdbcLogger.java:143)- ====> Parameters: 25851(String)
2019-09-23 05:35:03,028 DEBUG (BaseJdbcLogger.java:143)- <====      Total: 1
2019-09-23 05:35:03,029 DEBUG (BaseJdbcLogger.java:143)- ====>  Preparing: select id, name, sex, birthday, phone, ID_number, email, parent_phone, adress, major, state from student_basic where id = ? 
2019-09-23 05:35:03,029 DEBUG (BaseJdbcLogger.java:143)- ====> Parameters: 25853(String)
2019-09-23 05:35:03,030 DEBUG (BaseJdbcLogger.java:143)- <====      Total: 1
2019-09-23 05:35:03,031 DEBUG (BaseJdbcLogger.java:143)- ====>  Preparing: select id, name, sex, birthday, phone, ID_number, email, parent_phone, adress, major, state from student_basic where id = ? 
2019-09-23 05:35:03,032 DEBUG (BaseJdbcLogger.java:143)- ====> Parameters: 25854(String)
2019-09-23 05:35:03,033 DEBUG (BaseJdbcLogger.java:143)- <====      Total: 1
2019-09-23 05:35:03,034 DEBUG (BaseJdbcLogger.java:143)- ====>  Preparing: select id, name, sex, birthday, phone, ID_number, email, parent_phone, adress, major, state from student_basic where id = ? 
2019-09-23 05:35:03,035 DEBUG (BaseJdbcLogger.java:143)- ====> Parameters: 25857(String)
2019-09-23 05:35:03,036 DEBUG (BaseJdbcLogger.java:143)- <====      Total: 1
2019-09-23 05:35:03,037 DEBUG (BaseJdbcLogger.java:143)- <==      Total: 25
2019-09-23 05:35:03,038 DEBUG (BaseJdbcLogger.java:143)- ==>  Preparing: select dormitory_allocation.id, dormitory_allocation.class_id, dormitory_allocation.dormitory_id,dormitory_allocation.number from dormitory_allocation,dormitory WHERE dormitory_allocation.dormitory_id=dormitory.id and dormitory.sex=? and class_id = ? 
2019-09-23 05:35:03,038 DEBUG (BaseJdbcLogger.java:143)- ==> Parameters: 男(String), 080205201905(String)
2019-09-23 05:35:03,040 DEBUG (BaseJdbcLogger.java:143)- <==      Total: 0
2019-09-23 05:35:03,040 DEBUG (BaseJdbcLogger.java:143)- ==>  Preparing: select dormitory_allocation.id, dormitory_allocation.class_id, dormitory_allocation.dormitory_id,dormitory_allocation.number from dormitory_allocation,dormitory WHERE dormitory_allocation.dormitory_id=dormitory.id and dormitory.sex=? and class_id = ? 
2019-09-23 05:35:03,041 DEBUG (BaseJdbcLogger.java:143)- ==> Parameters: 女(String), 080205201905(String)
2019-09-23 05:35:03,041 DEBUG (BaseJdbcLogger.java:143)- <==      Total: 0
2019-09-23 05:35:03,042 DEBUG (BaseJdbcLogger.java:143)- ==>  Preparing: select id,class_id,name,director,grade,major_id from class where major_id = ? 
2019-09-23 05:35:03,042 DEBUG (BaseJdbcLogger.java:143)- ==> Parameters: 130503(String)
2019-09-23 05:35:03,044 DEBUG (BaseJdbcLogger.java:143)- <==      Total: 4
2019-09-23 05:35:03,044 DEBUG (BaseJdbcLogger.java:143)- ==>  Preparing: select student_status.id,student_status.basic_id, student_status.student_id, student_status.class_id from student_status,student_basic where student_status.basic_id=student_basic.id and student_basic.sex=? and student_status.class_id=? 
2019-09-23 05:35:03,045 DEBUG (BaseJdbcLogger.java:143)- ==> Parameters: 男(String), 130503201901(String)
2019-09-23 05:35:03,048 DEBUG (BaseJdbcLogger.java:143)- ====>  Preparing: select id, name, sex, birthday, phone, ID_number, email, parent_phone, adress, major, state from student_basic where id = ? 
2019-09-23 05:35:03,049 DEBUG (BaseJdbcLogger.java:143)- ====> Parameters: 25436(String)
2019-09-23 05:35:03,050 DEBUG (BaseJdbcLogger.java:143)- <====      Total: 1
2019-09-23 05:35:03,050 DEBUG (BaseJdbcLogger.java:143)- ====>  Preparing: select id, class_id, name, director, grade, major_id from class WHERE class_id = ? 
2019-09-23 05:35:03,051 DEBUG (BaseJdbcLogger.java:143)- ====> Parameters: 130503201901(String)
2019-09-23 05:35:03,052 DEBUG (BaseJdbcLogger.java:143)- ======>  Preparing: select id, major_id, name, price, department_id from major where major_id = ? 
2019-09-23 05:35:03,053 DEBUG (BaseJdbcLogger.java:143)- ======> Parameters: 130503(String)
2019-09-23 05:35:03,054 DEBUG (BaseJdbcLogger.java:143)- <======      Total: 1
2019-09-23 05:35:03,055 DEBUG (BaseJdbcLogger.java:143)- <====      Total: 1
2019-09-23 05:35:03,056 DEBUG (BaseJdbcLogger.java:143)- ====>  Preparing: select id, name, sex, birthday, phone, ID_number, email, parent_phone, adress, major, state from student_basic where id = ? 
2019-09-23 05:35:03,057 DEBUG (BaseJdbcLogger.java:143)- ====> Parameters: 25437(String)
2019-09-23 05:35:03,058 DEBUG (BaseJdbcLogger.java:143)- <====      Total: 1
2019-09-23 05:35:03,059 DEBUG (BaseJdbcLogger.java:143)- ====>  Preparing: select id, name, sex, birthday, phone, ID_number, email, parent_phone, adress, major, state from student_basic where id = ? 
2019-09-23 05:35:03,059 DEBUG (BaseJdbcLogger.java:143)- ====> Parameters: 25441(String)
2019-09-23 05:35:03,060 DEBUG (BaseJdbcLogger.java:143)- <====      Total: 1
2019-09-23 05:35:03,062 DEBUG (BaseJdbcLogger.java:143)- ====>  Preparing: select id, name, sex, birthday, phone, ID_number, email, parent_phone, adress, major, state from student_basic where id = ? 
2019-09-23 05:35:03,062 DEBUG (BaseJdbcLogger.java:143)- ====> Parameters: 25442(String)
2019-09-23 05:35:03,063 DEBUG (BaseJdbcLogger.java:143)- <====      Total: 1
2019-09-23 05:35:03,064 DEBUG (BaseJdbcLogger.java:143)- ====>  Preparing: select id, name, sex, birthday, phone, ID_number, email, parent_phone, adress, major, state from student_basic where id = ? 
2019-09-23 05:35:03,065 DEBUG (BaseJdbcLogger.java:143)- ====> Parameters: 25443(String)
2019-09-23 05:35:03,066 DEBUG (BaseJdbcLogger.java:143)- <====      Total: 1
2019-09-23 05:35:03,067 DEBUG (BaseJdbcLogger.java:143)- ====>  Preparing: select id, name, sex, birthday, phone, ID_number, email, parent_phone, adress, major, state from student_basic where id = ? 
2019-09-23 05:35:03,067 DEBUG (BaseJdbcLogger.java:143)- ====> Parameters: 25445(String)
2019-09-23 05:35:03,069 DEBUG (BaseJdbcLogger.java:143)- <====      Total: 1
2019-09-23 05:35:03,070 DEBUG (BaseJdbcLogger.java:143)- ====>  Preparing: select id, name, sex, birthday, phone, ID_number, email, parent_phone, adress, major, state from student_basic where id = ? 
2019-09-23 05:35:03,071 DEBUG (BaseJdbcLogger.java:143)- ====> Parameters: 25449(String)
2019-09-23 05:35:03,072 DEBUG (BaseJdbcLogger.java:143)- <====      Total: 1
2019-09-23 05:35:03,072 DEBUG (BaseJdbcLogger.java:143)- ====>  Preparing: select id, name, sex, birthday, phone, ID_number, email, parent_phone, adress, major, state from student_basic where id = ? 
2019-09-23 05:35:03,072 DEBUG (BaseJdbcLogger.java:143)- ====> Parameters: 25450(String)
2019-09-23 05:35:03,073 DEBUG (BaseJdbcLogger.java:143)- <====      Total: 1
2019-09-23 05:35:03,074 DEBUG (BaseJdbcLogger.java:143)- ====>  Preparing: select id, name, sex, birthday, phone, ID_number, email, parent_phone, adress, major, state from student_basic where id = ? 
2019-09-23 05:35:03,075 DEBUG (BaseJdbcLogger.java:143)- ====> Parameters: 25451(String)
2019-09-23 05:35:03,075 DEBUG (BaseJdbcLogger.java:143)- <====      Total: 1
2019-09-23 05:35:03,075 DEBUG (BaseJdbcLogger.java:143)- ====>  Preparing: select id, name, sex, birthday, phone, ID_number, email, parent_phone, adress, major, state from student_basic where id = ? 
2019-09-23 05:35:03,077 DEBUG (BaseJdbcLogger.java:143)- ====> Parameters: 25452(String)
2019-09-23 05:35:03,078 DEBUG (BaseJdbcLogger.java:143)- <====      Total: 1
2019-09-23 05:35:03,078 DEBUG (BaseJdbcLogger.java:143)- ====>  Preparing: select id, name, sex, birthday, phone, ID_number, email, parent_phone, adress, major, state from student_basic where id = ? 
2019-09-23 05:35:03,078 DEBUG (BaseJdbcLogger.java:143)- ====> Parameters: 25454(String)
2019-09-23 05:35:03,079 DEBUG (BaseJdbcLogger.java:143)- <====      Total: 1
2019-09-23 05:35:03,080 DEBUG (BaseJdbcLogger.java:143)- ====>  Preparing: select id, name, sex, birthday, phone, ID_number, email, parent_phone, adress, major, state from student_basic where id = ? 
2019-09-23 05:35:03,080 DEBUG (BaseJdbcLogger.java:143)- ====> Parameters: 25456(String)
2019-09-23 05:35:03,081 DEBUG (BaseJdbcLogger.java:143)- <====      Total: 1
2019-09-23 05:35:03,082 DEBUG (BaseJdbcLogger.java:143)- ====>  Preparing: select id, name, sex, birthday, phone, ID_number, email, parent_phone, adress, major, state from student_basic where id = ? 
2019-09-23 05:35:03,083 DEBUG (BaseJdbcLogger.java:143)- ====> Parameters: 25457(String)
2019-09-23 05:35:03,083 DEBUG (BaseJdbcLogger.java:143)- <====      Total: 1
2019-09-23 05:35:03,083 DEBUG (BaseJdbcLogger.java:143)- ====>  Preparing: select id, name, sex, birthday, phone, ID_number, email, parent_phone, adress, major, state from student_basic where id = ? 
2019-09-23 05:35:03,085 DEBUG (BaseJdbcLogger.java:143)- ====> Parameters: 25458(String)
2019-09-23 05:35:03,085 DEBUG (BaseJdbcLogger.java:143)- <====      Total: 1
2019-09-23 05:35:03,086 DEBUG (BaseJdbcLogger.java:143)- ====>  Preparing: select id, name, sex, birthday, phone, ID_number, email, parent_phone, adress, major, state from student_basic where id = ? 
2019-09-23 05:35:03,087 DEBUG (BaseJdbcLogger.java:143)- ====> Parameters: 25459(String)
2019-09-23 05:35:03,087 DEBUG (BaseJdbcLogger.java:143)- <====      Total: 1
2019-09-23 05:35:03,089 DEBUG (BaseJdbcLogger.java:143)- ====>  Preparing: select id, name, sex, birthday, phone, ID_number, email, parent_phone, adress, major, state from student_basic where id = ? 
2019-09-23 05:35:03,089 DEBUG (BaseJdbcLogger.java:143)- ====> Parameters: 25460(String)
2019-09-23 05:35:03,090 DEBUG (BaseJdbcLogger.java:143)- <====      Total: 1
2019-09-23 05:35:03,090 DEBUG (BaseJdbcLogger.java:143)- ====>  Preparing: select id, name, sex, birthday, phone, ID_number, email, parent_phone, adress, major, state from student_basic where id = ? 
2019-09-23 05:35:03,090 DEBUG (BaseJdbcLogger.java:143)- ====> Parameters: 25461(String)
2019-09-23 05:35:03,091 DEBUG (BaseJdbcLogger.java:143)- <====      Total: 1
2019-09-23 05:35:03,092 DEBUG (BaseJdbcLogger.java:143)- ====>  Preparing: select id, name, sex, birthday, phone, ID_number, email, parent_phone, adress, major, state from student_basic where id = ? 
2019-09-23 05:35:03,092 DEBUG (BaseJdbcLogger.java:143)- ====> Parameters: 25462(String)
2019-09-23 05:35:03,093 DEBUG (BaseJdbcLogger.java:143)- <====      Total: 1
2019-09-23 05:35:03,094 DEBUG (BaseJdbcLogger.java:143)- ====>  Preparing: select id, name, sex, birthday, phone, ID_number, email, parent_phone, adress, major, state from student_basic where id = ? 
2019-09-23 05:35:03,095 DEBUG (BaseJdbcLogger.java:143)- ====> Parameters: 25463(String)
2019-09-23 05:35:03,097 DEBUG (BaseJdbcLogger.java:143)- <====      Total: 1
2019-09-23 05:35:03,097 DEBUG (BaseJdbcLogger.java:143)- ====>  Preparing: select id, name, sex, birthday, phone, ID_number, email, parent_phone, adress, major, state from student_basic where id = ? 
2019-09-23 05:35:03,097 DEBUG (BaseJdbcLogger.java:143)- ====> Parameters: 25464(String)
2019-09-23 05:35:03,098 DEBUG (BaseJdbcLogger.java:143)- <====      Total: 1
2019-09-23 05:35:03,099 DEBUG (BaseJdbcLogger.java:143)- ====>  Preparing: select id, name, sex, birthday, phone, ID_number, email, parent_phone, adress, major, state from student_basic where id = ? 
2019-09-23 05:35:03,100 DEBUG (BaseJdbcLogger.java:143)- ====> Parameters: 25465(String)
2019-09-23 05:35:03,101 DEBUG (BaseJdbcLogger.java:143)- <====      Total: 1
2019-09-23 05:35:03,101 DEBUG (BaseJdbcLogger.java:143)- ====>  Preparing: select id, name, sex, birthday, phone, ID_number, email, parent_phone, adress, major, state from student_basic where id = ? 
2019-09-23 05:35:03,103 DEBUG (BaseJdbcLogger.java:143)- ====> Parameters: 25466(String)
2019-09-23 05:35:03,103 DEBUG (BaseJdbcLogger.java:143)- <====      Total: 1
2019-09-23 05:35:03,104 DEBUG (BaseJdbcLogger.java:143)- ====>  Preparing: select id, name, sex, birthday, phone, ID_number, email, parent_phone, adress, major, state from student_basic where id = ? 
2019-09-23 05:35:03,104 DEBUG (BaseJdbcLogger.java:143)- ====> Parameters: 25467(String)
2019-09-23 05:35:03,104 DEBUG (BaseJdbcLogger.java:143)- <====      Total: 1
2019-09-23 05:35:03,105 DEBUG (BaseJdbcLogger.java:143)- ====>  Preparing: select id, name, sex, birthday, phone, ID_number, email, parent_phone, adress, major, state from student_basic where id = ? 
2019-09-23 05:35:03,105 DEBUG (BaseJdbcLogger.java:143)- ====> Parameters: 25468(String)
2019-09-23 05:35:03,106 DEBUG (BaseJdbcLogger.java:143)- <====      Total: 1
2019-09-23 05:35:03,107 DEBUG (BaseJdbcLogger.java:143)- <==      Total: 24
2019-09-23 05:35:03,108 DEBUG (BaseJdbcLogger.java:143)- ==>  Preparing: select student_status.id,student_status.basic_id, student_status.student_id, student_status.class_id from student_status,student_basic where student_status.basic_id=student_basic.id and student_basic.sex=? and student_status.class_id=? 
2019-09-23 05:35:03,109 DEBUG (BaseJdbcLogger.java:143)- ==> Parameters: 女(String), 130503201901(String)
2019-09-23 05:35:03,109 DEBUG (BaseJdbcLogger.java:143)- ====>  Preparing: select id, name, sex, birthday, phone, ID_number, email, parent_phone, adress, major, state from student_basic where id = ? 
2019-09-23 05:35:03,110 DEBUG (BaseJdbcLogger.java:143)- ====> Parameters: 25434(String)
2019-09-23 05:35:03,112 DEBUG (BaseJdbcLogger.java:143)- <====      Total: 1
2019-09-23 05:35:03,112 DEBUG (BaseJdbcLogger.java:143)- ====>  Preparing: select id, name, sex, birthday, phone, ID_number, email, parent_phone, adress, major, state from student_basic where id = ? 
2019-09-23 05:35:03,112 DEBUG (BaseJdbcLogger.java:143)- ====> Parameters: 25435(String)
2019-09-23 05:35:03,113 DEBUG (BaseJdbcLogger.java:143)- <====      Total: 1
2019-09-23 05:35:03,114 DEBUG (BaseJdbcLogger.java:143)- ====>  Preparing: select id, name, sex, birthday, phone, ID_number, email, parent_phone, adress, major, state from student_basic where id = ? 
2019-09-23 05:35:03,115 DEBUG (BaseJdbcLogger.java:143)- ====> Parameters: 25438(String)
2019-09-23 05:35:03,115 DEBUG (BaseJdbcLogger.java:143)- <====      Total: 1
2019-09-23 05:35:03,115 DEBUG (BaseJdbcLogger.java:143)- ====>  Preparing: select id, name, sex, birthday, phone, ID_number, email, parent_phone, adress, major, state from student_basic where id = ? 
2019-09-23 05:35:03,116 DEBUG (BaseJdbcLogger.java:143)- ====> Parameters: 25439(String)
2019-09-23 05:35:03,117 DEBUG (BaseJdbcLogger.java:143)- <====      Total: 1
2019-09-23 05:35:03,118 DEBUG (BaseJdbcLogger.java:143)- ====>  Preparing: select id, name, sex, birthday, phone, ID_number, email, parent_phone, adress, major, state from student_basic where id = ? 
2019-09-23 05:35:03,118 DEBUG (BaseJdbcLogger.java:143)- ====> Parameters: 25440(String)
2019-09-23 05:35:03,120 DEBUG (BaseJdbcLogger.java:143)- <====      Total: 1
2019-09-23 05:35:03,121 DEBUG (BaseJdbcLogger.java:143)- ====>  Preparing: select id, name, sex, birthday, phone, ID_number, email, parent_phone, adress, major, state from student_basic where id = ? 
2019-09-23 05:35:03,122 DEBUG (BaseJdbcLogger.java:143)- ====> Parameters: 25444(String)
2019-09-23 05:35:03,124 DEBUG (BaseJdbcLogger.java:143)- <====      Total: 1
2019-09-23 05:35:03,125 DEBUG (BaseJdbcLogger.java:143)- ====>  Preparing: select id, name, sex, birthday, phone, ID_number, email, parent_phone, adress, major, state from student_basic where id = ? 
2019-09-23 05:35:03,126 DEBUG (BaseJdbcLogger.java:143)- ====> Parameters: 25446(String)
2019-09-23 05:35:03,128 DEBUG (BaseJdbcLogger.java:143)- <====      Total: 1
2019-09-23 05:35:03,129 DEBUG (BaseJdbcLogger.java:143)- ====>  Preparing: select id, name, sex, birthday, phone, ID_number, email, parent_phone, adress, major, state from student_basic where id = ? 
2019-09-23 05:35:03,130 DEBUG (BaseJdbcLogger.java:143)- ====> Parameters: 25447(String)
2019-09-23 05:35:03,131 DEBUG (BaseJdbcLogger.java:143)- <====      Total: 1
2019-09-23 05:35:03,132 DEBUG (BaseJdbcLogger.java:143)- ====>  Preparing: select id, name, sex, birthday, phone, ID_number, email, parent_phone, adress, major, state from student_basic where id = ? 
2019-09-23 05:35:03,133 DEBUG (BaseJdbcLogger.java:143)- ====> Parameters: 25448(String)
2019-09-23 05:35:03,135 DEBUG (BaseJdbcLogger.java:143)- <====      Total: 1
2019-09-23 05:35:03,136 DEBUG (BaseJdbcLogger.java:143)- ====>  Preparing: select id, name, sex, birthday, phone, ID_number, email, parent_phone, adress, major, state from student_basic where id = ? 
2019-09-23 05:35:03,137 DEBUG (BaseJdbcLogger.java:143)- ====> Parameters: 25453(String)
2019-09-23 05:35:03,139 DEBUG (BaseJdbcLogger.java:143)- <====      Total: 1
2019-09-23 05:35:03,140 DEBUG (BaseJdbcLogger.java:143)- ====>  Preparing: select id, name, sex, birthday, phone, ID_number, email, parent_phone, adress, major, state from student_basic where id = ? 
2019-09-23 05:35:03,140 DEBUG (BaseJdbcLogger.java:143)- ====> Parameters: 25455(String)
2019-09-23 05:35:03,141 DEBUG (BaseJdbcLogger.java:143)- <====      Total: 1
2019-09-23 05:35:03,142 DEBUG (BaseJdbcLogger.java:143)- ====>  Preparing: select id, name, sex, birthday, phone, ID_number, email, parent_phone, adress, major, state from student_basic where id = ? 
2019-09-23 05:35:03,142 DEBUG (BaseJdbcLogger.java:143)- ====> Parameters: 25469(String)
2019-09-23 05:35:03,143 DEBUG (BaseJdbcLogger.java:143)- <====      Total: 1
2019-09-23 05:35:03,144 DEBUG (BaseJdbcLogger.java:143)- ====>  Preparing: select id, name, sex, birthday, phone, ID_number, email, parent_phone, adress, major, state from student_basic where id = ? 
2019-09-23 05:35:03,145 DEBUG (BaseJdbcLogger.java:143)- ====> Parameters: 25470(String)
2019-09-23 05:35:03,145 DEBUG (BaseJdbcLogger.java:143)- <====      Total: 1
2019-09-23 05:35:03,146 DEBUG (BaseJdbcLogger.java:143)- ====>  Preparing: select id, name, sex, birthday, phone, ID_number, email, parent_phone, adress, major, state from student_basic where id = ? 
2019-09-23 05:35:03,146 DEBUG (BaseJdbcLogger.java:143)- ====> Parameters: 25472(String)
2019-09-23 05:35:03,147 DEBUG (BaseJdbcLogger.java:143)- <====      Total: 1
2019-09-23 05:35:03,148 DEBUG (BaseJdbcLogger.java:143)- ====>  Preparing: select id, name, sex, birthday, phone, ID_number, email, parent_phone, adress, major, state from student_basic where id = ? 
2019-09-23 05:35:03,148 DEBUG (BaseJdbcLogger.java:143)- ====> Parameters: 25473(String)
2019-09-23 05:35:03,149 DEBUG (BaseJdbcLogger.java:143)- <====      Total: 1
2019-09-23 05:35:03,150 DEBUG (BaseJdbcLogger.java:143)- ====>  Preparing: select id, name, sex, birthday, phone, ID_number, email, parent_phone, adress, major, state from student_basic where id = ? 
2019-09-23 05:35:03,151 DEBUG (BaseJdbcLogger.java:143)- ====> Parameters: 25479(String)
2019-09-23 05:35:03,152 DEBUG (BaseJdbcLogger.java:143)- <====      Total: 1
2019-09-23 05:35:03,153 DEBUG (BaseJdbcLogger.java:143)- ====>  Preparing: select id, name, sex, birthday, phone, ID_number, email, parent_phone, adress, major, state from student_basic where id = ? 
2019-09-23 05:35:03,154 DEBUG (BaseJdbcLogger.java:143)- ====> Parameters: 25480(String)
2019-09-23 05:35:03,156 DEBUG (BaseJdbcLogger.java:143)- <====      Total: 1
2019-09-23 05:35:03,157 DEBUG (BaseJdbcLogger.java:143)- ====>  Preparing: select id, name, sex, birthday, phone, ID_number, email, parent_phone, adress, major, state from student_basic where id = ? 
2019-09-23 05:35:03,157 DEBUG (BaseJdbcLogger.java:143)- ====> Parameters: 25481(String)
2019-09-23 05:35:03,158 DEBUG (BaseJdbcLogger.java:143)- <====      Total: 1
2019-09-23 05:35:03,159 DEBUG (BaseJdbcLogger.java:143)- ====>  Preparing: select id, name, sex, birthday, phone, ID_number, email, parent_phone, adress, major, state from student_basic where id = ? 
2019-09-23 05:35:03,160 DEBUG (BaseJdbcLogger.java:143)- ====> Parameters: 25482(String)
2019-09-23 05:35:03,161 DEBUG (BaseJdbcLogger.java:143)- <====      Total: 1
2019-09-23 05:35:03,162 DEBUG (BaseJdbcLogger.java:143)- ====>  Preparing: select id, name, sex, birthday, phone, ID_number, email, parent_phone, adress, major, state from student_basic where id = ? 
2019-09-23 05:35:03,162 DEBUG (BaseJdbcLogger.java:143)- ====> Parameters: 25483(String)
2019-09-23 05:35:03,163 DEBUG (BaseJdbcLogger.java:143)- <====      Total: 1
2019-09-23 05:35:03,164 DEBUG (BaseJdbcLogger.java:143)- <==      Total: 20
2019-09-23 05:35:03,164 DEBUG (BaseJdbcLogger.java:143)- ==>  Preparing: select dormitory_allocation.id, dormitory_allocation.class_id, dormitory_allocation.dormitory_id,dormitory_allocation.number from dormitory_allocation,dormitory WHERE dormitory_allocation.dormitory_id=dormitory.id and dormitory.sex=? and class_id = ? 
2019-09-23 05:35:03,165 DEBUG (BaseJdbcLogger.java:143)- ==> Parameters: 男(String), 130503201901(String)
2019-09-23 05:35:03,165 DEBUG (BaseJdbcLogger.java:143)- <==      Total: 0
2019-09-23 05:35:03,166 DEBUG (BaseJdbcLogger.java:143)- ==>  Preparing: select dormitory_allocation.id, dormitory_allocation.class_id, dormitory_allocation.dormitory_id,dormitory_allocation.number from dormitory_allocation,dormitory WHERE dormitory_allocation.dormitory_id=dormitory.id and dormitory.sex=? and class_id = ? 
2019-09-23 05:35:03,167 DEBUG (BaseJdbcLogger.java:143)- ==> Parameters: 女(String), 130503201901(String)
2019-09-23 05:35:03,167 DEBUG (BaseJdbcLogger.java:143)- <==      Total: 0
2019-09-23 05:35:03,167 DEBUG (BaseJdbcLogger.java:143)- ==>  Preparing: select student_status.id,student_status.basic_id, student_status.student_id, student_status.class_id from student_status,student_basic where student_status.basic_id=student_basic.id and student_basic.sex=? and student_status.class_id=? 
2019-09-23 05:35:03,168 DEBUG (BaseJdbcLogger.java:143)- ==> Parameters: 男(String), 130503201902(String)
2019-09-23 05:35:03,170 DEBUG (BaseJdbcLogger.java:143)- ====>  Preparing: select id, name, sex, birthday, phone, ID_number, email, parent_phone, adress, major, state from student_basic where id = ? 
2019-09-23 05:35:03,171 DEBUG (BaseJdbcLogger.java:143)- ====> Parameters: 25471(String)
2019-09-23 05:35:03,172 DEBUG (BaseJdbcLogger.java:143)- <====      Total: 1
2019-09-23 05:35:03,173 DEBUG (BaseJdbcLogger.java:143)- ====>  Preparing: select id, class_id, name, director, grade, major_id from class WHERE class_id = ? 
2019-09-23 05:35:03,174 DEBUG (BaseJdbcLogger.java:143)- ====> Parameters: 130503201902(String)
2019-09-23 05:35:03,174 DEBUG (BaseJdbcLogger.java:143)- <====      Total: 1
2019-09-23 05:35:03,175 DEBUG (BaseJdbcLogger.java:143)- ====>  Preparing: select id, name, sex, birthday, phone, ID_number, email, parent_phone, adress, major, state from student_basic where id = ? 
2019-09-23 05:35:03,175 DEBUG (BaseJdbcLogger.java:143)- ====> Parameters: 25474(String)
2019-09-23 05:35:03,176 DEBUG (BaseJdbcLogger.java:143)- <====      Total: 1
2019-09-23 05:35:03,176 DEBUG (BaseJdbcLogger.java:143)- ====>  Preparing: select id, name, sex, birthday, phone, ID_number, email, parent_phone, adress, major, state from student_basic where id = ? 
2019-09-23 05:35:03,177 DEBUG (BaseJdbcLogger.java:143)- ====> Parameters: 25475(String)
2019-09-23 05:35:03,178 DEBUG (BaseJdbcLogger.java:143)- <====      Total: 1
2019-09-23 05:35:03,178 DEBUG (BaseJdbcLogger.java:143)- ====>  Preparing: select id, name, sex, birthday, phone, ID_number, email, parent_phone, adress, major, state from student_basic where id = ? 
2019-09-23 05:35:03,179 DEBUG (BaseJdbcLogger.java:143)- ====> Parameters: 25476(String)
2019-09-23 05:35:03,180 DEBUG (BaseJdbcLogger.java:143)- <====      Total: 1
2019-09-23 05:35:03,180 DEBUG (BaseJdbcLogger.java:143)- ====>  Preparing: select id, name, sex, birthday, phone, ID_number, email, parent_phone, adress, major, state from student_basic where id = ? 
2019-09-23 05:35:03,181 DEBUG (BaseJdbcLogger.java:143)- ====> Parameters: 25477(String)
2019-09-23 05:35:03,182 DEBUG (BaseJdbcLogger.java:143)- <====      Total: 1
2019-09-23 05:35:03,183 DEBUG (BaseJdbcLogger.java:143)- ====>  Preparing: select id, name, sex, birthday, phone, ID_number, email, parent_phone, adress, major, state from student_basic where id = ? 
2019-09-23 05:35:03,184 DEBUG (BaseJdbcLogger.java:143)- ====> Parameters: 25478(String)
2019-09-23 05:35:03,185 DEBUG (BaseJdbcLogger.java:143)- <====      Total: 1
2019-09-23 05:35:03,186 DEBUG (BaseJdbcLogger.java:143)- ====>  Preparing: select id, name, sex, birthday, phone, ID_number, email, parent_phone, adress, major, state from student_basic where id = ? 
2019-09-23 05:35:03,187 DEBUG (BaseJdbcLogger.java:143)- ====> Parameters: 25485(String)
2019-09-23 05:35:03,189 DEBUG (BaseJdbcLogger.java:143)- <====      Total: 1
2019-09-23 05:35:03,190 DEBUG (BaseJdbcLogger.java:143)- ====>  Preparing: select id, name, sex, birthday, phone, ID_number, email, parent_phone, adress, major, state from student_basic where id = ? 
2019-09-23 05:35:03,191 DEBUG (BaseJdbcLogger.java:143)- ====> Parameters: 25486(String)
2019-09-23 05:35:03,192 DEBUG (BaseJdbcLogger.java:143)- <====      Total: 1
2019-09-23 05:35:03,193 DEBUG (BaseJdbcLogger.java:143)- ====>  Preparing: select id, name, sex, birthday, phone, ID_number, email, parent_phone, adress, major, state from student_basic where id = ? 
2019-09-23 05:35:03,194 DEBUG (BaseJdbcLogger.java:143)- ====> Parameters: 25488(String)
2019-09-23 05:35:03,195 DEBUG (BaseJdbcLogger.java:143)- <====      Total: 1
2019-09-23 05:35:03,196 DEBUG (BaseJdbcLogger.java:143)- ====>  Preparing: select id, name, sex, birthday, phone, ID_number, email, parent_phone, adress, major, state from student_basic where id = ? 
2019-09-23 05:35:03,197 DEBUG (BaseJdbcLogger.java:143)- ====> Parameters: 25490(String)
2019-09-23 05:35:03,198 DEBUG (BaseJdbcLogger.java:143)- <====      Total: 1
2019-09-23 05:35:03,199 DEBUG (BaseJdbcLogger.java:143)- ====>  Preparing: select id, name, sex, birthday, phone, ID_number, email, parent_phone, adress, major, state from student_basic where id = ? 
2019-09-23 05:35:03,200 DEBUG (BaseJdbcLogger.java:143)- ====> Parameters: 25491(String)
2019-09-23 05:35:03,200 DEBUG (BaseJdbcLogger.java:143)- <====      Total: 1
2019-09-23 05:35:03,202 DEBUG (BaseJdbcLogger.java:143)- ====>  Preparing: select id, name, sex, birthday, phone, ID_number, email, parent_phone, adress, major, state from student_basic where id = ? 
2019-09-23 05:35:03,203 DEBUG (BaseJdbcLogger.java:143)- ====> Parameters: 25492(String)
2019-09-23 05:35:03,204 DEBUG (BaseJdbcLogger.java:143)- <====      Total: 1
2019-09-23 05:35:03,205 DEBUG (BaseJdbcLogger.java:143)- ====>  Preparing: select id, name, sex, birthday, phone, ID_number, email, parent_phone, adress, major, state from student_basic where id = ? 
2019-09-23 05:35:03,206 DEBUG (BaseJdbcLogger.java:143)- ====> Parameters: 25496(String)
2019-09-23 05:35:03,207 DEBUG (BaseJdbcLogger.java:143)- <====      Total: 1
2019-09-23 05:35:03,208 DEBUG (BaseJdbcLogger.java:143)- ====>  Preparing: select id, name, sex, birthday, phone, ID_number, email, parent_phone, adress, major, state from student_basic where id = ? 
2019-09-23 05:35:03,209 DEBUG (BaseJdbcLogger.java:143)- ====> Parameters: 25497(String)
2019-09-23 05:35:03,209 DEBUG (BaseJdbcLogger.java:143)- <====      Total: 1
2019-09-23 05:35:03,210 DEBUG (BaseJdbcLogger.java:143)- ====>  Preparing: select id, name, sex, birthday, phone, ID_number, email, parent_phone, adress, major, state from student_basic where id = ? 
2019-09-23 05:35:03,210 DEBUG (BaseJdbcLogger.java:143)- ====> Parameters: 25500(String)
2019-09-23 05:35:03,212 DEBUG (BaseJdbcLogger.java:143)- <====      Total: 1
2019-09-23 05:35:03,212 DEBUG (BaseJdbcLogger.java:143)- ====>  Preparing: select id, name, sex, birthday, phone, ID_number, email, parent_phone, adress, major, state from student_basic where id = ? 
2019-09-23 05:35:03,213 DEBUG (BaseJdbcLogger.java:143)- ====> Parameters: 25501(String)
2019-09-23 05:35:03,213 DEBUG (BaseJdbcLogger.java:143)- <====      Total: 1
2019-09-23 05:35:03,214 DEBUG (BaseJdbcLogger.java:143)- ====>  Preparing: select id, name, sex, birthday, phone, ID_number, email, parent_phone, adress, major, state from student_basic where id = ? 
2019-09-23 05:35:03,214 DEBUG (BaseJdbcLogger.java:143)- ====> Parameters: 25502(String)
2019-09-23 05:35:03,215 DEBUG (BaseJdbcLogger.java:143)- <====      Total: 1
2019-09-23 05:35:03,216 DEBUG (BaseJdbcLogger.java:143)- ====>  Preparing: select id, name, sex, birthday, phone, ID_number, email, parent_phone, adress, major, state from student_basic where id = ? 
2019-09-23 05:35:03,216 DEBUG (BaseJdbcLogger.java:143)- ====> Parameters: 25503(String)
