2019-09-02 12:39:45,041 DEBUG (BaseJdbcLogger.java:143)- ====>  Preparing: select id, name, sex, birthday, phone, ID_number, email, parent_phone, adress, major, state from student_basic where id = ? 
2019-09-02 12:39:45,042 DEBUG (BaseJdbcLogger.java:143)- ====> Parameters: 18482(String)
2019-09-02 12:39:45,043 DEBUG (BaseJdbcLogger.java:143)- <====      Total: 1
2019-09-02 12:39:45,043 DEBUG (BaseJdbcLogger.java:143)- ====>  Preparing: select id, name, sex, birthday, phone, ID_number, email, parent_phone, adress, major, state from student_basic where id = ? 
2019-09-02 12:39:45,044 DEBUG (BaseJdbcLogger.java:143)- ====> Parameters: 18484(String)
2019-09-02 12:39:45,044 DEBUG (BaseJdbcLogger.java:143)- <====      Total: 1
2019-09-02 12:39:45,045 DEBUG (BaseJdbcLogger.java:143)- ====>  Preparing: select id, name, sex, birthday, phone, ID_number, email, parent_phone, adress, major, state from student_basic where id = ? 
2019-09-02 12:39:45,045 DEBUG (BaseJdbcLogger.java:143)- ====> Parameters: 18490(String)
2019-09-02 12:39:45,046 DEBUG (BaseJdbcLogger.java:143)- <====      Total: 1
2019-09-02 12:39:45,047 DEBUG (BaseJdbcLogger.java:143)- ====>  Preparing: select id, name, sex, birthday, phone, ID_number, email, parent_phone, adress, major, state from student_basic where id = ? 
2019-09-02 12:39:45,047 DEBUG (BaseJdbcLogger.java:143)- ====> Parameters: 18494(String)
2019-09-02 12:39:45,048 DEBUG (BaseJdbcLogger.java:143)- <====      Total: 1
2019-09-02 12:39:45,048 DEBUG (BaseJdbcLogger.java:143)- ====>  Preparing: select id, name, sex, birthday, phone, ID_number, email, parent_phone, adress, major, state from student_basic where id = ? 
2019-09-02 12:39:45,049 DEBUG (BaseJdbcLogger.java:143)- ====> Parameters: 18495(String)
2019-09-02 12:39:45,049 DEBUG (BaseJdbcLogger.java:143)- <====      Total: 1
2019-09-02 12:39:45,050 DEBUG (BaseJdbcLogger.java:143)- ====>  Preparing: select id, name, sex, birthday, phone, ID_number, email, parent_phone, adress, major, state from student_basic where id = ? 
2019-09-02 12:39:45,050 DEBUG (BaseJdbcLogger.java:143)- ====> Parameters: 18497(String)
2019-09-02 12:39:45,051 DEBUG (BaseJdbcLogger.java:143)- <====      Total: 1
2019-09-02 12:39:45,051 DEBUG (BaseJdbcLogger.java:143)- ====>  Preparing: select id, name, sex, birthday, phone, ID_number, email, parent_phone, adress, major, state from student_basic where id = ? 
2019-09-02 12:39:45,052 DEBUG (BaseJdbcLogger.java:143)- ====> Parameters: 18500(String)
2019-09-02 12:39:45,052 DEBUG (BaseJdbcLogger.java:143)- <====      Total: 1
2019-09-02 12:39:45,053 DEBUG (BaseJdbcLogger.java:143)- ====>  Preparing: select id, name, sex, birthday, phone, ID_number, email, parent_phone, adress, major, state from student_basic where id = ? 
2019-09-02 12:39:45,053 DEBUG (BaseJdbcLogger.java:143)- ====> Parameters: 18502(String)
2019-09-02 12:39:45,054 DEBUG (BaseJdbcLogger.java:143)- <====      Total: 1
2019-09-02 12:39:45,054 DEBUG (BaseJdbcLogger.java:143)- ====>  Preparing: select id, name, sex, birthday, phone, ID_number, email, parent_phone, adress, major, state from student_basic where id = ? 
2019-09-02 12:39:45,054 DEBUG (BaseJdbcLogger.java:143)- ====> Parameters: 18503(String)
2019-09-02 12:39:45,055 DEBUG (BaseJdbcLogger.java:143)- <====      Total: 1
2019-09-02 12:39:45,055 DEBUG (BaseJdbcLogger.java:143)- ====>  Preparing: select id, name, sex, birthday, phone, ID_number, email, parent_phone, adress, major, state from student_basic where id = ? 
2019-09-02 12:39:45,055 DEBUG (BaseJdbcLogger.java:143)- ====> Parameters: 18504(String)
2019-09-02 12:39:45,056 DEBUG (BaseJdbcLogger.java:143)- <====      Total: 1
2019-09-02 12:39:45,056 DEBUG (BaseJdbcLogger.java:143)- ====>  Preparing: select id, name, sex, birthday, phone, ID_number, email, parent_phone, adress, major, state from student_basic where id = ? 
2019-09-02 12:39:45,057 DEBUG (BaseJdbcLogger.java:143)- ====> Parameters: 18505(String)
2019-09-02 12:39:45,058 DEBUG (BaseJdbcLogger.java:143)- <====      Total: 1
2019-09-02 12:39:45,058 DEBUG (BaseJdbcLogger.java:143)- ====>  Preparing: select id, name, sex, birthday, phone, ID_number, email, parent_phone, adress, major, state from student_basic where id = ? 
2019-09-02 12:39:45,059 DEBUG (BaseJdbcLogger.java:143)- ====> Parameters: 18506(String)
2019-09-02 12:39:45,060 DEBUG (BaseJdbcLogger.java:143)- <====      Total: 1
2019-09-02 12:39:45,061 DEBUG (BaseJdbcLogger.java:143)- ====>  Preparing: select id, name, sex, birthday, phone, ID_number, email, parent_phone, adress, major, state from student_basic where id = ? 
2019-09-02 12:39:45,062 DEBUG (BaseJdbcLogger.java:143)- ====> Parameters: 18507(String)
2019-09-02 12:39:45,063 DEBUG (BaseJdbcLogger.java:143)- <====      Total: 1
2019-09-02 12:39:45,063 DEBUG (BaseJdbcLogger.java:143)- ====>  Preparing: select id, name, sex, birthday, phone, ID_number, email, parent_phone, adress, major, state from student_basic where id = ? 
2019-09-02 12:39:45,064 DEBUG (BaseJdbcLogger.java:143)- ====> Parameters: 18509(String)
2019-09-02 12:39:45,065 DEBUG (BaseJdbcLogger.java:143)- <====      Total: 1
2019-09-02 12:39:45,065 DEBUG (BaseJdbcLogger.java:143)- ====>  Preparing: select id, name, sex, birthday, phone, ID_number, email, parent_phone, adress, major, state from student_basic where id = ? 
2019-09-02 12:39:45,065 DEBUG (BaseJdbcLogger.java:143)- ====> Parameters: 18510(String)
2019-09-02 12:39:45,066 DEBUG (BaseJdbcLogger.java:143)- <====      Total: 1
2019-09-02 12:39:45,066 DEBUG (BaseJdbcLogger.java:143)- ====>  Preparing: select id, name, sex, birthday, phone, ID_number, email, parent_phone, adress, major, state from student_basic where id = ? 
2019-09-02 12:39:45,067 DEBUG (BaseJdbcLogger.java:143)- ====> Parameters: 18511(String)
2019-09-02 12:39:45,067 DEBUG (BaseJdbcLogger.java:143)- <====      Total: 1
2019-09-02 12:39:45,067 DEBUG (BaseJdbcLogger.java:143)- ====>  Preparing: select id, name, sex, birthday, phone, ID_number, email, parent_phone, adress, major, state from student_basic where id = ? 
2019-09-02 12:39:45,068 DEBUG (BaseJdbcLogger.java:143)- ====> Parameters: 18514(String)
2019-09-02 12:39:45,068 DEBUG (BaseJdbcLogger.java:143)- <====      Total: 1
2019-09-02 12:39:45,068 DEBUG (BaseJdbcLogger.java:143)- ====>  Preparing: select id, name, sex, birthday, phone, ID_number, email, parent_phone, adress, major, state from student_basic where id = ? 
2019-09-02 12:39:45,069 DEBUG (BaseJdbcLogger.java:143)- ====> Parameters: 18516(String)
2019-09-02 12:39:45,069 DEBUG (BaseJdbcLogger.java:143)- <====      Total: 1
2019-09-02 12:39:45,069 DEBUG (BaseJdbcLogger.java:143)- ====>  Preparing: select id, name, sex, birthday, phone, ID_number, email, parent_phone, adress, major, state from student_basic where id = ? 
2019-09-02 12:39:45,070 DEBUG (BaseJdbcLogger.java:143)- ====> Parameters: 18519(String)
2019-09-02 12:39:45,070 DEBUG (BaseJdbcLogger.java:143)- <====      Total: 1
2019-09-02 12:39:45,070 DEBUG (BaseJdbcLogger.java:143)- ====>  Preparing: select id, name, sex, birthday, phone, ID_number, email, parent_phone, adress, major, state from student_basic where id = ? 
2019-09-02 12:39:45,071 DEBUG (BaseJdbcLogger.java:143)- ====> Parameters: 18520(String)
2019-09-02 12:39:45,071 DEBUG (BaseJdbcLogger.java:143)- <====      Total: 1
2019-09-02 12:39:45,071 DEBUG (BaseJdbcLogger.java:143)- ====>  Preparing: select id, name, sex, birthday, phone, ID_number, email, parent_phone, adress, major, state from student_basic where id = ? 
2019-09-02 12:39:45,072 DEBUG (BaseJdbcLogger.java:143)- ====> Parameters: 18522(String)
2019-09-02 12:39:45,073 DEBUG (BaseJdbcLogger.java:143)- <====      Total: 1
2019-09-02 12:39:45,073 DEBUG (BaseJdbcLogger.java:143)- ====>  Preparing: select id, name, sex, birthday, phone, ID_number, email, parent_phone, adress, major, state from student_basic where id = ? 
2019-09-02 12:39:45,074 DEBUG (BaseJdbcLogger.java:143)- ====> Parameters: 18525(String)
2019-09-02 12:39:45,074 DEBUG (BaseJdbcLogger.java:143)- <====      Total: 1
2019-09-02 12:39:45,074 DEBUG (BaseJdbcLogger.java:143)- ====>  Preparing: select id, name, sex, birthday, phone, ID_number, email, parent_phone, adress, major, state from student_basic where id = ? 
2019-09-02 12:39:45,075 DEBUG (BaseJdbcLogger.java:143)- ====> Parameters: 18526(String)
2019-09-02 12:39:45,075 DEBUG (BaseJdbcLogger.java:143)- <====      Total: 1
2019-09-02 12:39:45,075 DEBUG (BaseJdbcLogger.java:143)- ====>  Preparing: select id, name, sex, birthday, phone, ID_number, email, parent_phone, adress, major, state from student_basic where id = ? 
2019-09-02 12:39:45,076 DEBUG (BaseJdbcLogger.java:143)- ====> Parameters: 18527(String)
2019-09-02 12:39:45,077 DEBUG (BaseJdbcLogger.java:143)- <====      Total: 1
2019-09-02 12:39:45,077 DEBUG (BaseJdbcLogger.java:143)- <==      Total: 25
2019-09-02 12:39:45,078 DEBUG (BaseJdbcLogger.java:143)- ==>  Preparing: select dormitory_allocation.id, dormitory_allocation.class_id, dormitory_allocation.dormitory_id,dormitory_allocation.number from dormitory_allocation,dormitory WHERE dormitory_allocation.dormitory_id=dormitory.id and dormitory.sex=? and class_id = ? 
2019-09-02 12:39:45,078 DEBUG (BaseJdbcLogger.java:143)- ==> Parameters: 男(String), 082803201901(String)
2019-09-02 12:39:45,080 DEBUG (BaseJdbcLogger.java:143)- ====>  Preparing: select id, dong, floor, room, sex, number, rent from dormitory where id = ? 
2019-09-02 12:39:45,080 DEBUG (BaseJdbcLogger.java:143)- ====> Parameters: 101(Integer)
2019-09-02 12:39:45,081 DEBUG (BaseJdbcLogger.java:143)- <====      Total: 1
2019-09-02 12:39:45,081 DEBUG (BaseJdbcLogger.java:143)- ====>  Preparing: select id, dong, floor, room, sex, number, rent from dormitory where id = ? 
2019-09-02 12:39:45,082 DEBUG (BaseJdbcLogger.java:143)- ====> Parameters: 102(Integer)
2019-09-02 12:39:45,082 DEBUG (BaseJdbcLogger.java:143)- <====      Total: 1
2019-09-02 12:39:45,082 DEBUG (BaseJdbcLogger.java:143)- ====>  Preparing: select id, dong, floor, room, sex, number, rent from dormitory where id = ? 
2019-09-02 12:39:45,083 DEBUG (BaseJdbcLogger.java:143)- ====> Parameters: 103(Integer)
2019-09-02 12:39:45,083 DEBUG (BaseJdbcLogger.java:143)- <====      Total: 1
2019-09-02 12:39:45,083 DEBUG (BaseJdbcLogger.java:143)- ====>  Preparing: select id, dong, floor, room, sex, number, rent from dormitory where id = ? 
2019-09-02 12:39:45,084 DEBUG (BaseJdbcLogger.java:143)- ====> Parameters: 104(Integer)
2019-09-02 12:39:45,084 DEBUG (BaseJdbcLogger.java:143)- <====      Total: 1
2019-09-02 12:39:45,084 DEBUG (BaseJdbcLogger.java:143)- ====>  Preparing: select id, dong, floor, room, sex, number, rent from dormitory where id = ? 
2019-09-02 12:39:45,084 DEBUG (BaseJdbcLogger.java:143)- ====> Parameters: 67(Integer)
2019-09-02 12:39:45,085 DEBUG (BaseJdbcLogger.java:143)- <====      Total: 1
2019-09-02 12:39:45,085 DEBUG (BaseJdbcLogger.java:143)- ====>  Preparing: select id, dong, floor, room, sex, number, rent from dormitory where id = ? 
2019-09-02 12:39:45,085 DEBUG (BaseJdbcLogger.java:143)- ====> Parameters: 73(Integer)
2019-09-02 12:39:45,086 DEBUG (BaseJdbcLogger.java:143)- <====      Total: 1
2019-09-02 12:39:45,086 DEBUG (BaseJdbcLogger.java:143)- ====>  Preparing: select id, dong, floor, room, sex, number, rent from dormitory where id = ? 
2019-09-02 12:39:45,087 DEBUG (BaseJdbcLogger.java:143)- ====> Parameters: 79(Integer)
2019-09-02 12:39:45,087 DEBUG (BaseJdbcLogger.java:143)- <====      Total: 1
2019-09-02 12:39:45,087 DEBUG (BaseJdbcLogger.java:143)- ====>  Preparing: select id, dong, floor, room, sex, number, rent from dormitory where id = ? 
2019-09-02 12:39:45,088 DEBUG (BaseJdbcLogger.java:143)- ====> Parameters: 85(Integer)
2019-09-02 12:39:45,088 DEBUG (BaseJdbcLogger.java:143)- <====      Total: 1
2019-09-02 12:39:45,089 DEBUG (BaseJdbcLogger.java:143)- <==      Total: 8
2019-09-02 12:39:45,089 DEBUG (BaseJdbcLogger.java:143)- ==>  Preparing: select dormitory_allocation.id, dormitory_allocation.class_id, dormitory_allocation.dormitory_id,dormitory_allocation.number from dormitory_allocation,dormitory WHERE dormitory_allocation.dormitory_id=dormitory.id and dormitory.sex=? and class_id = ? 
2019-09-02 12:39:45,089 DEBUG (BaseJdbcLogger.java:143)- ==> Parameters: 女(String), 082803201901(String)
2019-09-02 12:39:45,090 DEBUG (BaseJdbcLogger.java:143)- ====>  Preparing: select id, dong, floor, room, sex, number, rent from dormitory where id = ? 
2019-09-02 12:39:45,090 DEBUG (BaseJdbcLogger.java:143)- ====> Parameters: 536(Integer)
2019-09-02 12:39:45,090 DEBUG (BaseJdbcLogger.java:143)- <====      Total: 1
2019-09-02 12:39:45,091 DEBUG (BaseJdbcLogger.java:143)- ====>  Preparing: select id, dong, floor, room, sex, number, rent from dormitory where id = ? 
2019-09-02 12:39:45,091 DEBUG (BaseJdbcLogger.java:143)- ====> Parameters: 537(Integer)
2019-09-02 12:39:45,092 DEBUG (BaseJdbcLogger.java:143)- <====      Total: 1
2019-09-02 12:39:45,092 DEBUG (BaseJdbcLogger.java:143)- ====>  Preparing: select id, dong, floor, room, sex, number, rent from dormitory where id = ? 
2019-09-02 12:39:45,092 DEBUG (BaseJdbcLogger.java:143)- ====> Parameters: 538(Integer)
2019-09-02 12:39:45,092 DEBUG (BaseJdbcLogger.java:143)- <====      Total: 1
2019-09-02 12:39:45,093 DEBUG (BaseJdbcLogger.java:143)- ====>  Preparing: select id, dong, floor, room, sex, number, rent from dormitory where id = ? 
2019-09-02 12:39:45,093 DEBUG (BaseJdbcLogger.java:143)- ====> Parameters: 539(Integer)
2019-09-02 12:39:45,094 DEBUG (BaseJdbcLogger.java:143)- <====      Total: 1
2019-09-02 12:39:45,094 DEBUG (BaseJdbcLogger.java:143)- ====>  Preparing: select id, dong, floor, room, sex, number, rent from dormitory where id = ? 
2019-09-02 12:39:45,094 DEBUG (BaseJdbcLogger.java:143)- ====> Parameters: 540(Integer)
2019-09-02 12:39:45,095 DEBUG (BaseJdbcLogger.java:143)- <====      Total: 1
2019-09-02 12:39:45,095 DEBUG (BaseJdbcLogger.java:143)- <==      Total: 5
2019-09-02 12:39:45,096 DEBUG (BaseJdbcLogger.java:143)- ==>  Preparing: select student_status.id,student_status.basic_id, student_status.student_id, student_status.class_id from student_status,student_basic where student_status.basic_id=student_basic.id and student_basic.sex=? and student_status.class_id=? 
2019-09-02 12:39:45,097 DEBUG (BaseJdbcLogger.java:143)- ==> Parameters: 男(String), 082803201902(String)
2019-09-02 12:39:45,098 DEBUG (BaseJdbcLogger.java:143)- ====>  Preparing: select id, name, sex, birthday, phone, ID_number, email, parent_phone, adress, major, state from student_basic where id = ? 
2019-09-02 12:39:45,098 DEBUG (BaseJdbcLogger.java:143)- ====> Parameters: 18532(String)
2019-09-02 12:39:45,100 DEBUG (BaseJdbcLogger.java:143)- <====      Total: 1
2019-09-02 12:39:45,100 DEBUG (BaseJdbcLogger.java:143)- ====>  Preparing: select id, class_id, name, director, grade, major_id from class where class_id = ? 
2019-09-02 12:39:45,101 DEBUG (BaseJdbcLogger.java:143)- ====> Parameters: 082803201902(String)
2019-09-02 12:39:45,102 DEBUG (BaseJdbcLogger.java:143)- ======>  Preparing: select id, major_id, name, price, department_id from major where major_id = ? 
2019-09-02 12:39:45,102 DEBUG (BaseJdbcLogger.java:143)- ======> Parameters: 082803(String)
2019-09-02 12:39:45,102 DEBUG (BaseJdbcLogger.java:143)- <======      Total: 1
2019-09-02 12:39:45,103 DEBUG (BaseJdbcLogger.java:143)- <====      Total: 1
2019-09-02 12:39:45,103 DEBUG (BaseJdbcLogger.java:143)- ====>  Preparing: select id, name, sex, birthday, phone, ID_number, email, parent_phone, adress, major, state from student_basic where id = ? 
2019-09-02 12:39:45,103 DEBUG (BaseJdbcLogger.java:143)- ====> Parameters: 18534(String)
2019-09-02 12:39:45,104 DEBUG (BaseJdbcLogger.java:143)- <====      Total: 1
2019-09-02 12:39:45,104 DEBUG (BaseJdbcLogger.java:143)- ====>  Preparing: select id, name, sex, birthday, phone, ID_number, email, parent_phone, adress, major, state from student_basic where id = ? 
2019-09-02 12:39:45,105 DEBUG (BaseJdbcLogger.java:143)- ====> Parameters: 18535(String)
2019-09-02 12:39:45,105 DEBUG (BaseJdbcLogger.java:143)- <====      Total: 1
2019-09-02 12:39:45,105 DEBUG (BaseJdbcLogger.java:143)- ====>  Preparing: select id, name, sex, birthday, phone, ID_number, email, parent_phone, adress, major, state from student_basic where id = ? 
2019-09-02 12:39:45,106 DEBUG (BaseJdbcLogger.java:143)- ====> Parameters: 18536(String)
2019-09-02 12:39:45,107 DEBUG (BaseJdbcLogger.java:143)- <====      Total: 1
2019-09-02 12:39:45,107 DEBUG (BaseJdbcLogger.java:143)- ====>  Preparing: select id, name, sex, birthday, phone, ID_number, email, parent_phone, adress, major, state from student_basic where id = ? 
2019-09-02 12:39:45,108 DEBUG (BaseJdbcLogger.java:143)- ====> Parameters: 18537(String)
2019-09-02 12:39:45,108 DEBUG (BaseJdbcLogger.java:143)- <====      Total: 1
2019-09-02 12:39:45,108 DEBUG (BaseJdbcLogger.java:143)- ====>  Preparing: select id, name, sex, birthday, phone, ID_number, email, parent_phone, adress, major, state from student_basic where id = ? 
2019-09-02 12:39:45,109 DEBUG (BaseJdbcLogger.java:143)- ====> Parameters: 18539(String)
2019-09-02 12:39:45,109 DEBUG (BaseJdbcLogger.java:143)- <====      Total: 1
2019-09-02 12:39:45,110 DEBUG (BaseJdbcLogger.java:143)- ====>  Preparing: select id, name, sex, birthday, phone, ID_number, email, parent_phone, adress, major, state from student_basic where id = ? 
2019-09-02 12:39:45,110 DEBUG (BaseJdbcLogger.java:143)- ====> Parameters: 18541(String)
2019-09-02 12:39:45,111 DEBUG (BaseJdbcLogger.java:143)- <====      Total: 1
2019-09-02 12:39:45,112 DEBUG (BaseJdbcLogger.java:143)- ====>  Preparing: select id, name, sex, birthday, phone, ID_number, email, parent_phone, adress, major, state from student_basic where id = ? 
2019-09-02 12:39:45,112 DEBUG (BaseJdbcLogger.java:143)- ====> Parameters: 18543(String)
2019-09-02 12:39:45,113 DEBUG (BaseJdbcLogger.java:143)- <====      Total: 1
2019-09-02 12:39:45,114 DEBUG (BaseJdbcLogger.java:143)- ====>  Preparing: select id, name, sex, birthday, phone, ID_number, email, parent_phone, adress, major, state from student_basic where id = ? 
2019-09-02 12:39:45,114 DEBUG (BaseJdbcLogger.java:143)- ====> Parameters: 18544(String)
2019-09-02 12:39:45,114 DEBUG (BaseJdbcLogger.java:143)- <====      Total: 1
2019-09-02 12:39:45,115 DEBUG (BaseJdbcLogger.java:143)- ====>  Preparing: select id, name, sex, birthday, phone, ID_number, email, parent_phone, adress, major, state from student_basic where id = ? 
2019-09-02 12:39:45,115 DEBUG (BaseJdbcLogger.java:143)- ====> Parameters: 18545(String)
2019-09-02 12:39:45,116 DEBUG (BaseJdbcLogger.java:143)- <====      Total: 1
2019-09-02 12:39:45,116 DEBUG (BaseJdbcLogger.java:143)- ====>  Preparing: select id, name, sex, birthday, phone, ID_number, email, parent_phone, adress, major, state from student_basic where id = ? 
2019-09-02 12:39:45,116 DEBUG (BaseJdbcLogger.java:143)- ====> Parameters: 18547(String)
2019-09-02 12:39:45,117 DEBUG (BaseJdbcLogger.java:143)- <====      Total: 1
2019-09-02 12:39:45,117 DEBUG (BaseJdbcLogger.java:143)- ====>  Preparing: select id, name, sex, birthday, phone, ID_number, email, parent_phone, adress, major, state from student_basic where id = ? 
2019-09-02 12:39:45,117 DEBUG (BaseJdbcLogger.java:143)- ====> Parameters: 18548(String)
2019-09-02 12:39:45,118 DEBUG (BaseJdbcLogger.java:143)- <====      Total: 1
2019-09-02 12:39:45,118 DEBUG (BaseJdbcLogger.java:143)- ====>  Preparing: select id, name, sex, birthday, phone, ID_number, email, parent_phone, adress, major, state from student_basic where id = ? 
2019-09-02 12:39:45,118 DEBUG (BaseJdbcLogger.java:143)- ====> Parameters: 18550(String)
2019-09-02 12:39:45,119 DEBUG (BaseJdbcLogger.java:143)- <====      Total: 1
2019-09-02 12:39:45,119 DEBUG (BaseJdbcLogger.java:143)- ====>  Preparing: select id, name, sex, birthday, phone, ID_number, email, parent_phone, adress, major, state from student_basic where id = ? 
2019-09-02 12:39:45,119 DEBUG (BaseJdbcLogger.java:143)- ====> Parameters: 18553(String)
2019-09-02 12:39:45,120 DEBUG (BaseJdbcLogger.java:143)- <====      Total: 1
2019-09-02 12:39:45,120 DEBUG (BaseJdbcLogger.java:143)- ====>  Preparing: select id, name, sex, birthday, phone, ID_number, email, parent_phone, adress, major, state from student_basic where id = ? 
2019-09-02 12:39:45,121 DEBUG (BaseJdbcLogger.java:143)- ====> Parameters: 18555(String)
2019-09-02 12:39:45,121 DEBUG (BaseJdbcLogger.java:143)- <====      Total: 1
2019-09-02 12:39:45,121 DEBUG (BaseJdbcLogger.java:143)- ====>  Preparing: select id, name, sex, birthday, phone, ID_number, email, parent_phone, adress, major, state from student_basic where id = ? 
2019-09-02 12:39:45,122 DEBUG (BaseJdbcLogger.java:143)- ====> Parameters: 18561(String)
2019-09-02 12:39:45,123 DEBUG (BaseJdbcLogger.java:143)- <====      Total: 1
2019-09-02 12:39:45,124 DEBUG (BaseJdbcLogger.java:143)- ====>  Preparing: select id, name, sex, birthday, phone, ID_number, email, parent_phone, adress, major, state from student_basic where id = ? 
2019-09-02 12:39:45,124 DEBUG (BaseJdbcLogger.java:143)- ====> Parameters: 18562(String)
2019-09-02 12:39:45,124 DEBUG (BaseJdbcLogger.java:143)- <====      Total: 1
2019-09-02 12:39:45,125 DEBUG (BaseJdbcLogger.java:143)- ====>  Preparing: select id, name, sex, birthday, phone, ID_number, email, parent_phone, adress, major, state from student_basic where id = ? 
2019-09-02 12:39:45,125 DEBUG (BaseJdbcLogger.java:143)- ====> Parameters: 18564(String)
2019-09-02 12:39:45,126 DEBUG (BaseJdbcLogger.java:143)- <====      Total: 1
2019-09-02 12:39:45,126 DEBUG (BaseJdbcLogger.java:143)- ====>  Preparing: select id, name, sex, birthday, phone, ID_number, email, parent_phone, adress, major, state from student_basic where id = ? 
2019-09-02 12:39:45,126 DEBUG (BaseJdbcLogger.java:143)- ====> Parameters: 18565(String)
2019-09-02 12:39:45,127 DEBUG (BaseJdbcLogger.java:143)- <====      Total: 1
2019-09-02 12:39:45,128 DEBUG (BaseJdbcLogger.java:143)- ====>  Preparing: select id, name, sex, birthday, phone, ID_number, email, parent_phone, adress, major, state from student_basic where id = ? 
2019-09-02 12:39:45,128 DEBUG (BaseJdbcLogger.java:143)- ====> Parameters: 18566(String)
2019-09-02 12:39:45,129 DEBUG (BaseJdbcLogger.java:143)- <====      Total: 1
2019-09-02 12:39:45,129 DEBUG (BaseJdbcLogger.java:143)- ====>  Preparing: select id, name, sex, birthday, phone, ID_number, email, parent_phone, adress, major, state from student_basic where id = ? 
2019-09-02 12:39:45,130 DEBUG (BaseJdbcLogger.java:143)- ====> Parameters: 18567(String)
2019-09-02 12:39:45,131 DEBUG (BaseJdbcLogger.java:143)- <====      Total: 1
2019-09-02 12:39:45,131 DEBUG (BaseJdbcLogger.java:143)- ====>  Preparing: select id, name, sex, birthday, phone, ID_number, email, parent_phone, adress, major, state from student_basic where id = ? 
2019-09-02 12:39:45,131 DEBUG (BaseJdbcLogger.java:143)- ====> Parameters: 18570(String)
2019-09-02 12:39:45,132 DEBUG (BaseJdbcLogger.java:143)- <====      Total: 1
2019-09-02 12:39:45,132 DEBUG (BaseJdbcLogger.java:143)- ====>  Preparing: select id, name, sex, birthday, phone, ID_number, email, parent_phone, adress, major, state from student_basic where id = ? 
2019-09-02 12:39:45,132 DEBUG (BaseJdbcLogger.java:143)- ====> Parameters: 18573(String)
2019-09-02 12:39:45,133 DEBUG (BaseJdbcLogger.java:143)- <====      Total: 1
2019-09-02 12:39:45,133 DEBUG (BaseJdbcLogger.java:143)- ====>  Preparing: select id, name, sex, birthday, phone, ID_number, email, parent_phone, adress, major, state from student_basic where id = ? 
2019-09-02 12:39:45,133 DEBUG (BaseJdbcLogger.java:143)- ====> Parameters: 18574(String)
2019-09-02 12:39:45,134 DEBUG (BaseJdbcLogger.java:143)- <====      Total: 1
2019-09-02 12:39:45,134 DEBUG (BaseJdbcLogger.java:143)- <==      Total: 24
2019-09-02 12:39:45,134 DEBUG (BaseJdbcLogger.java:143)- ==>  Preparing: select student_status.id,student_status.basic_id, student_status.student_id, student_status.class_id from student_status,student_basic where student_status.basic_id=student_basic.id and student_basic.sex=? and student_status.class_id=? 
2019-09-02 12:39:45,134 DEBUG (BaseJdbcLogger.java:143)- ==> Parameters: 女(String), 082803201902(String)
2019-09-02 12:39:45,135 DEBUG (BaseJdbcLogger.java:143)- ====>  Preparing: select id, name, sex, birthday, phone, ID_number, email, parent_phone, adress, major, state from student_basic where id = ? 
2019-09-02 12:39:45,136 DEBUG (BaseJdbcLogger.java:143)- ====> Parameters: 18529(String)
2019-09-02 12:39:45,136 DEBUG (BaseJdbcLogger.java:143)- <====      Total: 1
2019-09-02 12:39:45,137 DEBUG (BaseJdbcLogger.java:143)- ====>  Preparing: select id, class_id, name, director, grade, major_id from class where class_id = ? 
2019-09-02 12:39:45,137 DEBUG (BaseJdbcLogger.java:143)- ====> Parameters: 082803201902(String)
2019-09-02 12:39:45,138 DEBUG (BaseJdbcLogger.java:143)- ======>  Preparing: select id, major_id, name, price, department_id from major where major_id = ? 
2019-09-02 12:39:45,138 DEBUG (BaseJdbcLogger.java:143)- ======> Parameters: 082803(String)
2019-09-02 12:39:45,139 DEBUG (BaseJdbcLogger.java:143)- <======      Total: 1
2019-09-02 12:39:45,140 DEBUG (BaseJdbcLogger.java:143)- <====      Total: 1
2019-09-02 12:39:45,140 DEBUG (BaseJdbcLogger.java:143)- ====>  Preparing: select id, name, sex, birthday, phone, ID_number, email, parent_phone, adress, major, state from student_basic where id = ? 
2019-09-02 12:39:45,140 DEBUG (BaseJdbcLogger.java:143)- ====> Parameters: 18530(String)
2019-09-02 12:39:45,141 DEBUG (BaseJdbcLogger.java:143)- <====      Total: 1
2019-09-02 12:39:45,141 DEBUG (BaseJdbcLogger.java:143)- ====>  Preparing: select id, name, sex, birthday, phone, ID_number, email, parent_phone, adress, major, state from student_basic where id = ? 
2019-09-02 12:39:45,141 DEBUG (BaseJdbcLogger.java:143)- ====> Parameters: 18531(String)
2019-09-02 12:39:45,142 DEBUG (BaseJdbcLogger.java:143)- <====      Total: 1
2019-09-02 12:39:45,142 DEBUG (BaseJdbcLogger.java:143)- ====>  Preparing: select id, name, sex, birthday, phone, ID_number, email, parent_phone, adress, major, state from student_basic where id = ? 
2019-09-02 12:39:45,142 DEBUG (BaseJdbcLogger.java:143)- ====> Parameters: 18533(String)
2019-09-02 12:39:45,143 DEBUG (BaseJdbcLogger.java:143)- <====      Total: 1
2019-09-02 12:39:45,143 DEBUG (BaseJdbcLogger.java:143)- ====>  Preparing: select id, name, sex, birthday, phone, ID_number, email, parent_phone, adress, major, state from student_basic where id = ? 
2019-09-02 12:39:45,144 DEBUG (BaseJdbcLogger.java:143)- ====> Parameters: 18538(String)
2019-09-02 12:39:45,145 DEBUG (BaseJdbcLogger.java:143)- <====      Total: 1
2019-09-02 12:39:45,145 DEBUG (BaseJdbcLogger.java:143)- ====>  Preparing: select id, name, sex, birthday, phone, ID_number, email, parent_phone, adress, major, state from student_basic where id = ? 
2019-09-02 12:39:45,146 DEBUG (BaseJdbcLogger.java:143)- ====> Parameters: 18540(String)
2019-09-02 12:39:45,146 DEBUG (BaseJdbcLogger.java:143)- <====      Total: 1
2019-09-02 12:39:45,147 DEBUG (BaseJdbcLogger.java:143)- ====>  Preparing: select id, name, sex, birthday, phone, ID_number, email, parent_phone, adress, major, state from student_basic where id = ? 
2019-09-02 12:39:45,147 DEBUG (BaseJdbcLogger.java:143)- ====> Parameters: 18542(String)
2019-09-02 12:39:45,148 DEBUG (BaseJdbcLogger.java:143)- <====      Total: 1
2019-09-02 12:39:45,148 DEBUG (BaseJdbcLogger.java:143)- ====>  Preparing: select id, name, sex, birthday, phone, ID_number, email, parent_phone, adress, major, state from student_basic where id = ? 
2019-09-02 12:39:45,148 DEBUG (BaseJdbcLogger.java:143)- ====> Parameters: 18546(String)
2019-09-02 12:39:45,149 DEBUG (BaseJdbcLogger.java:143)- <====      Total: 1
2019-09-02 12:39:45,149 DEBUG (BaseJdbcLogger.java:143)- ====>  Preparing: select id, name, sex, birthday, phone, ID_number, email, parent_phone, adress, major, state from student_basic where id = ? 
2019-09-02 12:39:45,150 DEBUG (BaseJdbcLogger.java:143)- ====> Parameters: 18549(String)
2019-09-02 12:39:45,150 DEBUG (BaseJdbcLogger.java:143)- <====      Total: 1
2019-09-02 12:39:45,151 DEBUG (BaseJdbcLogger.java:143)- ====>  Preparing: select id, name, sex, birthday, phone, ID_number, email, parent_phone, adress, major, state from student_basic where id = ? 
2019-09-02 12:39:45,151 DEBUG (BaseJdbcLogger.java:143)- ====> Parameters: 18551(String)
2019-09-02 12:39:45,152 DEBUG (BaseJdbcLogger.java:143)- <====      Total: 1
2019-09-02 12:39:45,152 DEBUG (BaseJdbcLogger.java:143)- ====>  Preparing: select id, name, sex, birthday, phone, ID_number, email, parent_phone, adress, major, state from student_basic where id = ? 
2019-09-02 12:39:45,153 DEBUG (BaseJdbcLogger.java:143)- ====> Parameters: 18552(String)
2019-09-02 12:39:45,153 DEBUG (BaseJdbcLogger.java:143)- <====      Total: 1
2019-09-02 12:39:45,154 DEBUG (BaseJdbcLogger.java:143)- ====>  Preparing: select id, name, sex, birthday, phone, ID_number, email, parent_phone, adress, major, state from student_basic where id = ? 
2019-09-02 12:39:45,154 DEBUG (BaseJdbcLogger.java:143)- ====> Parameters: 18554(String)
2019-09-02 12:39:45,155 DEBUG (BaseJdbcLogger.java:143)- <====      Total: 1
2019-09-02 12:39:45,155 DEBUG (BaseJdbcLogger.java:143)- ====>  Preparing: select id, name, sex, birthday, phone, ID_number, email, parent_phone, adress, major, state from student_basic where id = ? 
2019-09-02 12:39:45,155 DEBUG (BaseJdbcLogger.java:143)- ====> Parameters: 18556(String)
2019-09-02 12:39:45,156 DEBUG (BaseJdbcLogger.java:143)- <====      Total: 1
2019-09-02 12:39:45,156 DEBUG (BaseJdbcLogger.java:143)- ====>  Preparing: select id, name, sex, birthday, phone, ID_number, email, parent_phone, adress, major, state from student_basic where id = ? 
2019-09-02 12:39:45,157 DEBUG (BaseJdbcLogger.java:143)- ====> Parameters: 18557(String)
2019-09-02 12:39:45,157 DEBUG (BaseJdbcLogger.java:143)- <====      Total: 1
2019-09-02 12:39:45,158 DEBUG (BaseJdbcLogger.java:143)- ====>  Preparing: select id, name, sex, birthday, phone, ID_number, email, parent_phone, adress, major, state from student_basic where id = ? 
2019-09-02 12:39:45,158 DEBUG (BaseJdbcLogger.java:143)- ====> Parameters: 18558(String)
2019-09-02 12:39:45,158 DEBUG (BaseJdbcLogger.java:143)- <====      Total: 1
2019-09-02 12:39:45,159 DEBUG (BaseJdbcLogger.java:143)- ====>  Preparing: select id, name, sex, birthday, phone, ID_number, email, parent_phone, adress, major, state from student_basic where id = ? 
2019-09-02 12:39:45,159 DEBUG (BaseJdbcLogger.java:143)- ====> Parameters: 18559(String)
2019-09-02 12:39:45,160 DEBUG (BaseJdbcLogger.java:143)- <====      Total: 1
2019-09-02 12:39:45,161 DEBUG (BaseJdbcLogger.java:143)- ====>  Preparing: select id, name, sex, birthday, phone, ID_number, email, parent_phone, adress, major, state from student_basic where id = ? 
