2019-10-28 00:20:24,972 DEBUG (BaseJdbcLogger.java:143)- ====> Parameters: 28644(String)
2019-10-28 00:20:24,974 DEBUG (BaseJdbcLogger.java:143)- <====      Total: 1
2019-10-28 00:20:24,975 DEBUG (BaseJdbcLogger.java:143)- ====>  Preparing: select id, name, sex, birthday, phone, ID_number, email, parent_phone, adress, major, state from student_basic where id = ? 
2019-10-28 00:20:24,975 DEBUG (BaseJdbcLogger.java:143)- ====> Parameters: 28646(String)
2019-10-28 00:20:24,976 DEBUG (BaseJdbcLogger.java:143)- <====      Total: 1
2019-10-28 00:20:24,977 DEBUG (BaseJdbcLogger.java:143)- ====>  Preparing: select id, name, sex, birthday, phone, ID_number, email, parent_phone, adress, major, state from student_basic where id = ? 
2019-10-28 00:20:24,977 DEBUG (BaseJdbcLogger.java:143)- ====> Parameters: 28647(String)
2019-10-28 00:20:24,978 DEBUG (BaseJdbcLogger.java:143)- <====      Total: 1
2019-10-28 00:20:24,979 DEBUG (BaseJdbcLogger.java:143)- ====>  Preparing: select id, name, sex, birthday, phone, ID_number, email, parent_phone, adress, major, state from student_basic where id = ? 
2019-10-28 00:20:24,979 DEBUG (BaseJdbcLogger.java:143)- ====> Parameters: 28648(String)
2019-10-28 00:20:24,980 DEBUG (BaseJdbcLogger.java:143)- <====      Total: 1
2019-10-28 00:20:24,981 DEBUG (BaseJdbcLogger.java:143)- ====>  Preparing: select id, name, sex, birthday, phone, ID_number, email, parent_phone, adress, major, state from student_basic where id = ? 
2019-10-28 00:20:24,981 DEBUG (BaseJdbcLogger.java:143)- ====> Parameters: 28651(String)
2019-10-28 00:20:24,986 DEBUG (BaseJdbcLogger.java:143)- <====      Total: 1
2019-10-28 00:20:24,986 DEBUG (BaseJdbcLogger.java:143)- ====>  Preparing: select id, name, sex, birthday, phone, ID_number, email, parent_phone, adress, major, state from student_basic where id = ? 
2019-10-28 00:20:24,988 DEBUG (BaseJdbcLogger.java:143)- ====> Parameters: 28654(String)
2019-10-28 00:20:24,988 DEBUG (BaseJdbcLogger.java:143)- <====      Total: 1
2019-10-28 00:20:24,989 DEBUG (BaseJdbcLogger.java:143)- ====>  Preparing: select id, name, sex, birthday, phone, ID_number, email, parent_phone, adress, major, state from student_basic where id = ? 
2019-10-28 00:20:24,989 DEBUG (BaseJdbcLogger.java:143)- ====> Parameters: 28656(String)
2019-10-28 00:20:24,990 DEBUG (BaseJdbcLogger.java:143)- <====      Total: 1
2019-10-28 00:20:24,991 DEBUG (BaseJdbcLogger.java:143)- ====>  Preparing: select id, name, sex, birthday, phone, ID_number, email, parent_phone, adress, major, state from student_basic where id = ? 
2019-10-28 00:20:24,991 DEBUG (BaseJdbcLogger.java:143)- ====> Parameters: 28659(String)
2019-10-28 00:20:24,992 DEBUG (BaseJdbcLogger.java:143)- <====      Total: 1
2019-10-28 00:20:24,993 DEBUG (BaseJdbcLogger.java:143)- ====>  Preparing: select id, name, sex, birthday, phone, ID_number, email, parent_phone, adress, major, state from student_basic where id = ? 
2019-10-28 00:20:24,993 DEBUG (BaseJdbcLogger.java:143)- ====> Parameters: 28664(String)
2019-10-28 00:20:24,994 DEBUG (BaseJdbcLogger.java:143)- <====      Total: 1
2019-10-28 00:20:24,995 DEBUG (BaseJdbcLogger.java:143)- ====>  Preparing: select id, name, sex, birthday, phone, ID_number, email, parent_phone, adress, major, state from student_basic where id = ? 
2019-10-28 00:20:24,996 DEBUG (BaseJdbcLogger.java:143)- ====> Parameters: 28666(String)
2019-10-28 00:20:24,997 DEBUG (BaseJdbcLogger.java:143)- <====      Total: 1
2019-10-28 00:20:24,997 DEBUG (BaseJdbcLogger.java:143)- ====>  Preparing: select id, name, sex, birthday, phone, ID_number, email, parent_phone, adress, major, state from student_basic where id = ? 
2019-10-28 00:20:24,997 DEBUG (BaseJdbcLogger.java:143)- ====> Parameters: 28667(String)
2019-10-28 00:20:24,999 DEBUG (BaseJdbcLogger.java:143)- <====      Total: 1
2019-10-28 00:20:24,999 DEBUG (BaseJdbcLogger.java:143)- <==      Total: 26
2019-10-28 00:20:24,999 DEBUG (BaseJdbcLogger.java:143)- ==>  Preparing: select dormitory_allocation.id, dormitory_allocation.class_id, dormitory_allocation.dormitory_id,dormitory_allocation.number from dormitory_allocation,dormitory WHERE dormitory_allocation.dormitory_id=dormitory.id and dormitory.sex=? and class_id = ? 
2019-10-28 00:20:25,001 DEBUG (BaseJdbcLogger.java:143)- ==> Parameters: 女(String), 080205201901(String)
2019-10-28 00:20:25,002 DEBUG (BaseJdbcLogger.java:143)- ====>  Preparing: select id, dong, floor, room, sex, number, rent,hasnumber from dormitory where id = ? 
2019-10-28 00:20:25,003 DEBUG (BaseJdbcLogger.java:143)- ====> Parameters: 459(Integer)
2019-10-28 00:20:25,003 DEBUG (BaseJdbcLogger.java:143)- <====      Total: 1
2019-10-28 00:20:25,005 DEBUG (BaseJdbcLogger.java:143)- ====>  Preparing: select id, dong, floor, room, sex, number, rent,hasnumber from dormitory where id = ? 
2019-10-28 00:20:25,005 DEBUG (BaseJdbcLogger.java:143)- ====> Parameters: 460(Integer)
2019-10-28 00:20:25,006 DEBUG (BaseJdbcLogger.java:143)- <====      Total: 1
2019-10-28 00:20:25,006 DEBUG (BaseJdbcLogger.java:143)- ====>  Preparing: select id, dong, floor, room, sex, number, rent,hasnumber from dormitory where id = ? 
2019-10-28 00:20:25,006 DEBUG (BaseJdbcLogger.java:143)- ====> Parameters: 461(Integer)
2019-10-28 00:20:25,007 DEBUG (BaseJdbcLogger.java:143)- <====      Total: 1
2019-10-28 00:20:25,007 DEBUG (BaseJdbcLogger.java:143)- ====>  Preparing: select id, dong, floor, room, sex, number, rent,hasnumber from dormitory where id = ? 
2019-10-28 00:20:25,009 DEBUG (BaseJdbcLogger.java:143)- ====> Parameters: 462(Integer)
2019-10-28 00:20:25,009 DEBUG (BaseJdbcLogger.java:143)- <====      Total: 1
2019-10-28 00:20:25,011 DEBUG (BaseJdbcLogger.java:143)- ====>  Preparing: select id, dong, floor, room, sex, number, rent,hasnumber from dormitory where id = ? 
2019-10-28 00:20:25,012 DEBUG (BaseJdbcLogger.java:143)- ====> Parameters: 463(Integer)
2019-10-28 00:20:25,013 DEBUG (BaseJdbcLogger.java:143)- <====      Total: 1
2019-10-28 00:20:25,014 DEBUG (BaseJdbcLogger.java:143)- ====>  Preparing: select id, dong, floor, room, sex, number, rent,hasnumber from dormitory where id = ? 
2019-10-28 00:20:25,014 DEBUG (BaseJdbcLogger.java:143)- ====> Parameters: 495(Integer)
2019-10-28 00:20:25,016 DEBUG (BaseJdbcLogger.java:143)- <====      Total: 1
2019-10-28 00:20:25,016 DEBUG (BaseJdbcLogger.java:143)- <==      Total: 6
2019-10-28 00:20:25,016 DEBUG (BaseJdbcLogger.java:143)- ==>  Preparing: select student_status.id,student_status.basic_id, student_status.student_id, student_status.class_id from student_status,student_basic where student_status.basic_id=student_basic.id and student_basic.sex=? and student_status.class_id=? 
2019-10-28 00:20:25,017 DEBUG (BaseJdbcLogger.java:143)- ==> Parameters: 女(String), 080205201902(String)
2019-10-28 00:20:25,019 DEBUG (BaseJdbcLogger.java:143)- ====>  Preparing: select id, name, sex, birthday, phone, ID_number, email, parent_phone, adress, major, state from student_basic where id = ? 
2019-10-28 00:20:25,020 DEBUG (BaseJdbcLogger.java:143)- ====> Parameters: 28670(String)
2019-10-28 00:20:25,020 DEBUG (BaseJdbcLogger.java:143)- <====      Total: 1
2019-10-28 00:20:25,021 DEBUG (BaseJdbcLogger.java:143)- ====>  Preparing: select id, class_id, name, director, grade, major_id from class WHERE class_id = ? 
2019-10-28 00:20:25,021 DEBUG (BaseJdbcLogger.java:143)- ====> Parameters: 080205201902(String)
2019-10-28 00:20:25,022 DEBUG (BaseJdbcLogger.java:143)- ======>  Preparing: select id, major_id, name, price, department_id from major where major_id = ? 
2019-10-28 00:20:25,022 DEBUG (BaseJdbcLogger.java:143)- ======> Parameters: 080205(String)
2019-10-28 00:20:25,023 DEBUG (BaseJdbcLogger.java:143)- <======      Total: 1
2019-10-28 00:20:25,024 DEBUG (BaseJdbcLogger.java:143)- <====      Total: 1
2019-10-28 00:20:25,024 DEBUG (BaseJdbcLogger.java:143)- ====>  Preparing: select id, name, sex, birthday, phone, ID_number, email, parent_phone, adress, major, state from student_basic where id = ? 
2019-10-28 00:20:25,024 DEBUG (BaseJdbcLogger.java:143)- ====> Parameters: 28672(String)
2019-10-28 00:20:25,026 DEBUG (BaseJdbcLogger.java:143)- <====      Total: 1
2019-10-28 00:20:25,026 DEBUG (BaseJdbcLogger.java:143)- ====>  Preparing: select id, name, sex, birthday, phone, ID_number, email, parent_phone, adress, major, state from student_basic where id = ? 
2019-10-28 00:20:25,027 DEBUG (BaseJdbcLogger.java:143)- ====> Parameters: 28675(String)
2019-10-28 00:20:25,027 DEBUG (BaseJdbcLogger.java:143)- <====      Total: 1
2019-10-28 00:20:25,028 DEBUG (BaseJdbcLogger.java:143)- ====>  Preparing: select id, name, sex, birthday, phone, ID_number, email, parent_phone, adress, major, state from student_basic where id = ? 
2019-10-28 00:20:25,028 DEBUG (BaseJdbcLogger.java:143)- ====> Parameters: 28676(String)
2019-10-28 00:20:25,029 DEBUG (BaseJdbcLogger.java:143)- <====      Total: 1
2019-10-28 00:20:25,030 DEBUG (BaseJdbcLogger.java:143)- ====>  Preparing: select id, name, sex, birthday, phone, ID_number, email, parent_phone, adress, major, state from student_basic where id = ? 
2019-10-28 00:20:25,030 DEBUG (BaseJdbcLogger.java:143)- ====> Parameters: 28678(String)
2019-10-28 00:20:25,032 DEBUG (BaseJdbcLogger.java:143)- <====      Total: 1
2019-10-28 00:20:25,032 DEBUG (BaseJdbcLogger.java:143)- ====>  Preparing: select id, name, sex, birthday, phone, ID_number, email, parent_phone, adress, major, state from student_basic where id = ? 
2019-10-28 00:20:25,033 DEBUG (BaseJdbcLogger.java:143)- ====> Parameters: 28680(String)
2019-10-28 00:20:25,034 DEBUG (BaseJdbcLogger.java:143)- <====      Total: 1
2019-10-28 00:20:25,034 DEBUG (BaseJdbcLogger.java:143)- ====>  Preparing: select id, name, sex, birthday, phone, ID_number, email, parent_phone, adress, major, state from student_basic where id = ? 
2019-10-28 00:20:25,036 DEBUG (BaseJdbcLogger.java:143)- ====> Parameters: 28681(String)
2019-10-28 00:20:25,036 DEBUG (BaseJdbcLogger.java:143)- <====      Total: 1
2019-10-28 00:20:25,036 DEBUG (BaseJdbcLogger.java:143)- ====>  Preparing: select id, name, sex, birthday, phone, ID_number, email, parent_phone, adress, major, state from student_basic where id = ? 
2019-10-28 00:20:25,036 DEBUG (BaseJdbcLogger.java:143)- ====> Parameters: 28682(String)
2019-10-28 00:20:25,037 DEBUG (BaseJdbcLogger.java:143)- <====      Total: 1
2019-10-28 00:20:25,037 DEBUG (BaseJdbcLogger.java:143)- ====>  Preparing: select id, name, sex, birthday, phone, ID_number, email, parent_phone, adress, major, state from student_basic where id = ? 
2019-10-28 00:20:25,037 DEBUG (BaseJdbcLogger.java:143)- ====> Parameters: 28684(String)
2019-10-28 00:20:25,038 DEBUG (BaseJdbcLogger.java:143)- <====      Total: 1
2019-10-28 00:20:25,038 DEBUG (BaseJdbcLogger.java:143)- ====>  Preparing: select id, name, sex, birthday, phone, ID_number, email, parent_phone, adress, major, state from student_basic where id = ? 
2019-10-28 00:20:25,039 DEBUG (BaseJdbcLogger.java:143)- ====> Parameters: 28685(String)
2019-10-28 00:20:25,039 DEBUG (BaseJdbcLogger.java:143)- <====      Total: 1
2019-10-28 00:20:25,040 DEBUG (BaseJdbcLogger.java:143)- ====>  Preparing: select id, name, sex, birthday, phone, ID_number, email, parent_phone, adress, major, state from student_basic where id = ? 
2019-10-28 00:20:25,040 DEBUG (BaseJdbcLogger.java:143)- ====> Parameters: 28686(String)
2019-10-28 00:20:25,041 DEBUG (BaseJdbcLogger.java:143)- <====      Total: 1
2019-10-28 00:20:25,041 DEBUG (BaseJdbcLogger.java:143)- ====>  Preparing: select id, name, sex, birthday, phone, ID_number, email, parent_phone, adress, major, state from student_basic where id = ? 
2019-10-28 00:20:25,042 DEBUG (BaseJdbcLogger.java:143)- ====> Parameters: 28687(String)
2019-10-28 00:20:25,043 DEBUG (BaseJdbcLogger.java:143)- <====      Total: 1
2019-10-28 00:20:25,043 DEBUG (BaseJdbcLogger.java:143)- ====>  Preparing: select id, name, sex, birthday, phone, ID_number, email, parent_phone, adress, major, state from student_basic where id = ? 
2019-10-28 00:20:25,043 DEBUG (BaseJdbcLogger.java:143)- ====> Parameters: 28691(String)
2019-10-28 00:20:25,044 DEBUG (BaseJdbcLogger.java:143)- <====      Total: 1
2019-10-28 00:20:25,044 DEBUG (BaseJdbcLogger.java:143)- ====>  Preparing: select id, name, sex, birthday, phone, ID_number, email, parent_phone, adress, major, state from student_basic where id = ? 
2019-10-28 00:20:25,044 DEBUG (BaseJdbcLogger.java:143)- ====> Parameters: 28692(String)
2019-10-28 00:20:25,046 DEBUG (BaseJdbcLogger.java:143)- <====      Total: 1
2019-10-28 00:20:25,046 DEBUG (BaseJdbcLogger.java:143)- ====>  Preparing: select id, name, sex, birthday, phone, ID_number, email, parent_phone, adress, major, state from student_basic where id = ? 
2019-10-28 00:20:25,047 DEBUG (BaseJdbcLogger.java:143)- ====> Parameters: 28694(String)
2019-10-28 00:20:25,048 DEBUG (BaseJdbcLogger.java:143)- <====      Total: 1
2019-10-28 00:20:25,049 DEBUG (BaseJdbcLogger.java:143)- ====>  Preparing: select id, name, sex, birthday, phone, ID_number, email, parent_phone, adress, major, state from student_basic where id = ? 
2019-10-28 00:20:25,049 DEBUG (BaseJdbcLogger.java:143)- ====> Parameters: 28695(String)
2019-10-28 00:20:25,051 DEBUG (BaseJdbcLogger.java:143)- <====      Total: 1
2019-10-28 00:20:25,051 DEBUG (BaseJdbcLogger.java:143)- ====>  Preparing: select id, name, sex, birthday, phone, ID_number, email, parent_phone, adress, major, state from student_basic where id = ? 
2019-10-28 00:20:25,051 DEBUG (BaseJdbcLogger.java:143)- ====> Parameters: 28698(String)
2019-10-28 00:20:25,053 DEBUG (BaseJdbcLogger.java:143)- <====      Total: 1
2019-10-28 00:20:25,053 DEBUG (BaseJdbcLogger.java:143)- ====>  Preparing: select id, name, sex, birthday, phone, ID_number, email, parent_phone, adress, major, state from student_basic where id = ? 
2019-10-28 00:20:25,053 DEBUG (BaseJdbcLogger.java:143)- ====> Parameters: 28699(String)
2019-10-28 00:20:25,053 DEBUG (BaseJdbcLogger.java:143)- <====      Total: 1
2019-10-28 00:20:25,054 DEBUG (BaseJdbcLogger.java:143)- ====>  Preparing: select id, name, sex, birthday, phone, ID_number, email, parent_phone, adress, major, state from student_basic where id = ? 
2019-10-28 00:20:25,054 DEBUG (BaseJdbcLogger.java:143)- ====> Parameters: 28700(String)
2019-10-28 00:20:25,055 DEBUG (BaseJdbcLogger.java:143)- <====      Total: 1
2019-10-28 00:20:25,055 DEBUG (BaseJdbcLogger.java:143)- ====>  Preparing: select id, name, sex, birthday, phone, ID_number, email, parent_phone, adress, major, state from student_basic where id = ? 
2019-10-28 00:20:25,055 DEBUG (BaseJdbcLogger.java:143)- ====> Parameters: 28701(String)
2019-10-28 00:20:25,056 DEBUG (BaseJdbcLogger.java:143)- <====      Total: 1
2019-10-28 00:20:25,056 DEBUG (BaseJdbcLogger.java:143)- ====>  Preparing: select id, name, sex, birthday, phone, ID_number, email, parent_phone, adress, major, state from student_basic where id = ? 
2019-10-28 00:20:25,057 DEBUG (BaseJdbcLogger.java:143)- ====> Parameters: 28706(String)
2019-10-28 00:20:25,058 DEBUG (BaseJdbcLogger.java:143)- <====      Total: 1
2019-10-28 00:20:25,058 DEBUG (BaseJdbcLogger.java:143)- ====>  Preparing: select id, name, sex, birthday, phone, ID_number, email, parent_phone, adress, major, state from student_basic where id = ? 
2019-10-28 00:20:25,058 DEBUG (BaseJdbcLogger.java:143)- ====> Parameters: 28707(String)
2019-10-28 00:20:25,059 DEBUG (BaseJdbcLogger.java:143)- <====      Total: 1
2019-10-28 00:20:25,059 DEBUG (BaseJdbcLogger.java:143)- ====>  Preparing: select id, name, sex, birthday, phone, ID_number, email, parent_phone, adress, major, state from student_basic where id = ? 
2019-10-28 00:20:25,059 DEBUG (BaseJdbcLogger.java:143)- ====> Parameters: 28708(String)
2019-10-28 00:20:25,060 DEBUG (BaseJdbcLogger.java:143)- <====      Total: 1
2019-10-28 00:20:25,060 DEBUG (BaseJdbcLogger.java:143)- ====>  Preparing: select id, name, sex, birthday, phone, ID_number, email, parent_phone, adress, major, state from student_basic where id = ? 
2019-10-28 00:20:25,060 DEBUG (BaseJdbcLogger.java:143)- ====> Parameters: 28711(String)
2019-10-28 00:20:25,061 DEBUG (BaseJdbcLogger.java:143)- <====      Total: 1
2019-10-28 00:20:25,062 DEBUG (BaseJdbcLogger.java:143)- ====>  Preparing: select id, name, sex, birthday, phone, ID_number, email, parent_phone, adress, major, state from student_basic where id = ? 
2019-10-28 00:20:25,062 DEBUG (BaseJdbcLogger.java:143)- ====> Parameters: 28713(String)
2019-10-28 00:20:25,064 DEBUG (BaseJdbcLogger.java:143)- <====      Total: 1
2019-10-28 00:20:25,064 DEBUG (BaseJdbcLogger.java:143)- <==      Total: 25
2019-10-28 00:20:25,065 DEBUG (BaseJdbcLogger.java:143)- ==>  Preparing: select dormitory_allocation.id, dormitory_allocation.class_id, dormitory_allocation.dormitory_id,dormitory_allocation.number from dormitory_allocation,dormitory WHERE dormitory_allocation.dormitory_id=dormitory.id and dormitory.sex=? and class_id = ? 
2019-10-28 00:20:25,066 DEBUG (BaseJdbcLogger.java:143)- ==> Parameters: 女(String), 080205201902(String)
2019-10-28 00:20:25,067 DEBUG (BaseJdbcLogger.java:143)- ====>  Preparing: select id, dong, floor, room, sex, number, rent,hasnumber from dormitory where id = ? 
2019-10-28 00:20:25,067 DEBUG (BaseJdbcLogger.java:143)- ====> Parameters: 464(Integer)
2019-10-28 00:20:25,068 DEBUG (BaseJdbcLogger.java:143)- <====      Total: 1
2019-10-28 00:20:25,069 DEBUG (BaseJdbcLogger.java:143)- ====>  Preparing: select id, dong, floor, room, sex, number, rent,hasnumber from dormitory where id = ? 
2019-10-28 00:20:25,069 DEBUG (BaseJdbcLogger.java:143)- ====> Parameters: 465(Integer)
2019-10-28 00:20:25,069 DEBUG (BaseJdbcLogger.java:143)- <====      Total: 1
2019-10-28 00:20:25,070 DEBUG (BaseJdbcLogger.java:143)- ====>  Preparing: select id, dong, floor, room, sex, number, rent,hasnumber from dormitory where id = ? 
2019-10-28 00:20:25,070 DEBUG (BaseJdbcLogger.java:143)- ====> Parameters: 466(Integer)
2019-10-28 00:20:25,071 DEBUG (BaseJdbcLogger.java:143)- <====      Total: 1
2019-10-28 00:20:25,071 DEBUG (BaseJdbcLogger.java:143)- ====>  Preparing: select id, dong, floor, room, sex, number, rent,hasnumber from dormitory where id = ? 
2019-10-28 00:20:25,071 DEBUG (BaseJdbcLogger.java:143)- ====> Parameters: 467(Integer)
2019-10-28 00:20:25,072 DEBUG (BaseJdbcLogger.java:143)- <====      Total: 1
2019-10-28 00:20:25,072 DEBUG (BaseJdbcLogger.java:143)- ====>  Preparing: select id, dong, floor, room, sex, number, rent,hasnumber from dormitory where id = ? 
2019-10-28 00:20:25,072 DEBUG (BaseJdbcLogger.java:143)- ====> Parameters: 468(Integer)
2019-10-28 00:20:25,073 DEBUG (BaseJdbcLogger.java:143)- <====      Total: 1
2019-10-28 00:20:25,073 DEBUG (BaseJdbcLogger.java:143)- <==      Total: 5
2019-10-28 00:20:25,074 DEBUG (BaseJdbcLogger.java:143)- ==>  Preparing: select student_status.id,student_status.basic_id, student_status.student_id, student_status.class_id from student_status,student_basic where student_status.basic_id=student_basic.id and student_basic.sex=? and student_status.class_id=? 
2019-10-28 00:20:25,074 DEBUG (BaseJdbcLogger.java:143)- ==> Parameters: 女(String), 080205201903(String)
2019-10-28 00:20:25,075 DEBUG (BaseJdbcLogger.java:143)- ====>  Preparing: select id, name, sex, birthday, phone, ID_number, email, parent_phone, adress, major, state from student_basic where id = ? 
2019-10-28 00:20:25,075 DEBUG (BaseJdbcLogger.java:143)- ====> Parameters: 28714(String)
2019-10-28 00:20:25,076 DEBUG (BaseJdbcLogger.java:143)- <====      Total: 1
2019-10-28 00:20:25,076 DEBUG (BaseJdbcLogger.java:143)- ====>  Preparing: select id, class_id, name, director, grade, major_id from class WHERE class_id = ? 
2019-10-28 00:20:25,076 DEBUG (BaseJdbcLogger.java:143)- ====> Parameters: 080205201903(String)
2019-10-28 00:20:25,078 DEBUG (BaseJdbcLogger.java:143)- ======>  Preparing: select id, major_id, name, price, department_id from major where major_id = ? 
2019-10-28 00:20:25,078 DEBUG (BaseJdbcLogger.java:143)- ======> Parameters: 080205(String)
2019-10-28 00:20:25,079 DEBUG (BaseJdbcLogger.java:143)- <======      Total: 1
2019-10-28 00:20:25,079 DEBUG (BaseJdbcLogger.java:143)- <====      Total: 1
2019-10-28 00:20:25,080 DEBUG (BaseJdbcLogger.java:143)- ====>  Preparing: select id, name, sex, birthday, phone, ID_number, email, parent_phone, adress, major, state from student_basic where id = ? 
2019-10-28 00:20:25,080 DEBUG (BaseJdbcLogger.java:143)- ====> Parameters: 28717(String)
2019-10-28 00:20:25,092 DEBUG (BaseJdbcLogger.java:143)- <====      Total: 1
2019-10-28 00:20:25,092 DEBUG (BaseJdbcLogger.java:143)- ====>  Preparing: select id, name, sex, birthday, phone, ID_number, email, parent_phone, adress, major, state from student_basic where id = ? 
2019-10-28 00:20:25,093 DEBUG (BaseJdbcLogger.java:143)- ====> Parameters: 28719(String)
2019-10-28 00:20:25,093 DEBUG (BaseJdbcLogger.java:143)- <====      Total: 1
2019-10-28 00:20:25,094 DEBUG (BaseJdbcLogger.java:143)- ====>  Preparing: select id, name, sex, birthday, phone, ID_number, email, parent_phone, adress, major, state from student_basic where id = ? 
2019-10-28 00:20:25,094 DEBUG (BaseJdbcLogger.java:143)- ====> Parameters: 28720(String)
2019-10-28 00:20:25,095 DEBUG (BaseJdbcLogger.java:143)- <====      Total: 1
2019-10-28 00:20:25,095 DEBUG (BaseJdbcLogger.java:143)- ====>  Preparing: select id, name, sex, birthday, phone, ID_number, email, parent_phone, adress, major, state from student_basic where id = ? 
2019-10-28 00:20:25,096 DEBUG (BaseJdbcLogger.java:143)- ====> Parameters: 28721(String)
2019-10-28 00:20:25,097 DEBUG (BaseJdbcLogger.java:143)- <====      Total: 1
2019-10-28 00:20:25,098 DEBUG (BaseJdbcLogger.java:143)- ====>  Preparing: select id, name, sex, birthday, phone, ID_number, email, parent_phone, adress, major, state from student_basic where id = ? 
2019-10-28 00:20:25,098 DEBUG (BaseJdbcLogger.java:143)- ====> Parameters: 28722(String)
2019-10-28 00:20:25,099 DEBUG (BaseJdbcLogger.java:143)- <====      Total: 1
2019-10-28 00:20:25,099 DEBUG (BaseJdbcLogger.java:143)- ====>  Preparing: select id, name, sex, birthday, phone, ID_number, email, parent_phone, adress, major, state from student_basic where id = ? 
2019-10-28 00:20:25,100 DEBUG (BaseJdbcLogger.java:143)- ====> Parameters: 28724(String)
2019-10-28 00:20:25,100 DEBUG (BaseJdbcLogger.java:143)- <====      Total: 1
2019-10-28 00:20:25,101 DEBUG (BaseJdbcLogger.java:143)- ====>  Preparing: select id, name, sex, birthday, phone, ID_number, email, parent_phone, adress, major, state from student_basic where id = ? 
2019-10-28 00:20:25,101 DEBUG (BaseJdbcLogger.java:143)- ====> Parameters: 28725(String)
2019-10-28 00:20:25,102 DEBUG (BaseJdbcLogger.java:143)- <====      Total: 1
2019-10-28 00:20:25,102 DEBUG (BaseJdbcLogger.java:143)- ====>  Preparing: select id, name, sex, birthday, phone, ID_number, email, parent_phone, adress, major, state from student_basic where id = ? 
2019-10-28 00:20:25,102 DEBUG (BaseJdbcLogger.java:143)- ====> Parameters: 28727(String)
2019-10-28 00:20:25,117 DEBUG (BaseJdbcLogger.java:143)- <====      Total: 1
2019-10-28 00:20:25,118 DEBUG (BaseJdbcLogger.java:143)- ====>  Preparing: select id, name, sex, birthday, phone, ID_number, email, parent_phone, adress, major, state from student_basic where id = ? 
2019-10-28 00:20:25,119 DEBUG (BaseJdbcLogger.java:143)- ====> Parameters: 28729(String)
2019-10-28 00:20:25,119 DEBUG (BaseJdbcLogger.java:143)- <====      Total: 1
2019-10-28 00:20:25,120 DEBUG (BaseJdbcLogger.java:143)- ====>  Preparing: select id, name, sex, birthday, phone, ID_number, email, parent_phone, adress, major, state from student_basic where id = ? 
2019-10-28 00:20:25,120 DEBUG (BaseJdbcLogger.java:143)- ====> Parameters: 28730(String)
2019-10-28 00:20:25,121 DEBUG (BaseJdbcLogger.java:143)- <====      Total: 1
2019-10-28 00:20:25,121 DEBUG (BaseJdbcLogger.java:143)- ====>  Preparing: select id, name, sex, birthday, phone, ID_number, email, parent_phone, adress, major, state from student_basic where id = ? 
2019-10-28 00:20:25,122 DEBUG (BaseJdbcLogger.java:143)- ====> Parameters: 28733(String)
2019-10-28 00:20:25,123 DEBUG (BaseJdbcLogger.java:143)- <====      Total: 1
2019-10-28 00:20:25,123 DEBUG (BaseJdbcLogger.java:143)- ====>  Preparing: select id, name, sex, birthday, phone, ID_number, email, parent_phone, adress, major, state from student_basic where id = ? 
2019-10-28 00:20:25,123 DEBUG (BaseJdbcLogger.java:143)- ====> Parameters: 28735(String)
2019-10-28 00:20:25,124 DEBUG (BaseJdbcLogger.java:143)- <====      Total: 1
2019-10-28 00:20:25,124 DEBUG (BaseJdbcLogger.java:143)- ====>  Preparing: select id, name, sex, birthday, phone, ID_number, email, parent_phone, adress, major, state from student_basic where id = ? 
2019-10-28 00:20:25,125 DEBUG (BaseJdbcLogger.java:143)- ====> Parameters: 28736(String)
2019-10-28 00:20:25,125 DEBUG (BaseJdbcLogger.java:143)- <====      Total: 1
2019-10-28 00:20:25,126 DEBUG (BaseJdbcLogger.java:143)- ====>  Preparing: select id, name, sex, birthday, phone, ID_number, email, parent_phone, adress, major, state from student_basic where id = ? 
2019-10-28 00:20:25,126 DEBUG (BaseJdbcLogger.java:143)- ====> Parameters: 28741(String)
2019-10-28 00:20:25,126 DEBUG (BaseJdbcLogger.java:143)- <====      Total: 1
2019-10-28 00:20:25,127 DEBUG (BaseJdbcLogger.java:143)- ====>  Preparing: select id, name, sex, birthday, phone, ID_number, email, parent_phone, adress, major, state from student_basic where id = ? 
2019-10-28 00:20:25,127 DEBUG (BaseJdbcLogger.java:143)- ====> Parameters: 28742(String)
2019-10-28 00:20:25,128 DEBUG (BaseJdbcLogger.java:143)- <====      Total: 1
2019-10-28 00:20:25,128 DEBUG (BaseJdbcLogger.java:143)- ====>  Preparing: select id, name, sex, birthday, phone, ID_number, email, parent_phone, adress, major, state from student_basic where id = ? 
2019-10-28 00:20:25,129 DEBUG (BaseJdbcLogger.java:143)- ====> Parameters: 28745(String)
2019-10-28 00:20:25,130 DEBUG (BaseJdbcLogger.java:143)- <====      Total: 1
2019-10-28 00:20:25,130 DEBUG (BaseJdbcLogger.java:143)- ====>  Preparing: select id, name, sex, birthday, phone, ID_number, email, parent_phone, adress, major, state from student_basic where id = ? 
2019-10-28 00:20:25,131 DEBUG (BaseJdbcLogger.java:143)- ====> Parameters: 28749(String)
2019-10-28 00:20:25,131 DEBUG (BaseJdbcLogger.java:143)- <====      Total: 1
2019-10-28 00:20:25,132 DEBUG (BaseJdbcLogger.java:143)- ====>  Preparing: select id, name, sex, birthday, phone, ID_number, email, parent_phone, adress, major, state from student_basic where id = ? 
2019-10-28 00:20:25,132 DEBUG (BaseJdbcLogger.java:143)- ====> Parameters: 28750(String)
2019-10-28 00:20:25,133 DEBUG (BaseJdbcLogger.java:143)- <====      Total: 1
2019-10-28 00:20:25,133 DEBUG (BaseJdbcLogger.java:143)- ====>  Preparing: select id, name, sex, birthday, phone, ID_number, email, parent_phone, adress, major, state from student_basic where id = ? 
2019-10-28 00:20:25,133 DEBUG (BaseJdbcLogger.java:143)- ====> Parameters: 28753(String)
2019-10-28 00:20:25,134 DEBUG (BaseJdbcLogger.java:143)- <====      Total: 1
2019-10-28 00:20:25,134 DEBUG (BaseJdbcLogger.java:143)- ====>  Preparing: select id, name, sex, birthday, phone, ID_number, email, parent_phone, adress, major, state from student_basic where id = ? 
2019-10-28 00:20:25,134 DEBUG (BaseJdbcLogger.java:143)- ====> Parameters: 28754(String)
2019-10-28 00:20:25,135 DEBUG (BaseJdbcLogger.java:143)- <====      Total: 1
2019-10-28 00:20:25,135 DEBUG (BaseJdbcLogger.java:143)- ====>  Preparing: select id, name, sex, birthday, phone, ID_number, email, parent_phone, adress, major, state from student_basic where id = ? 
2019-10-28 00:20:25,136 DEBUG (BaseJdbcLogger.java:143)- ====> Parameters: 28756(String)
2019-10-28 00:20:25,136 DEBUG (BaseJdbcLogger.java:143)- <====      Total: 1
2019-10-28 00:20:25,136 DEBUG (BaseJdbcLogger.java:143)- ====>  Preparing: select id, name, sex, birthday, phone, ID_number, email, parent_phone, adress, major, state from student_basic where id = ? 
2019-10-28 00:20:25,137 DEBUG (BaseJdbcLogger.java:143)- ====> Parameters: 28758(String)
2019-10-28 00:20:25,138 DEBUG (BaseJdbcLogger.java:143)- <====      Total: 1
2019-10-28 00:20:25,139 DEBUG (BaseJdbcLogger.java:143)- ====>  Preparing: select id, name, sex, birthday, phone, ID_number, email, parent_phone, adress, major, state from student_basic where id = ? 
2019-10-28 00:20:25,140 DEBUG (BaseJdbcLogger.java:143)- ====> Parameters: 28759(String)
2019-10-28 00:20:25,140 DEBUG (BaseJdbcLogger.java:143)- <====      Total: 1
2019-10-28 00:20:25,140 DEBUG (BaseJdbcLogger.java:143)- ====>  Preparing: select id, name, sex, birthday, phone, ID_number, email, parent_phone, adress, major, state from student_basic where id = ? 
2019-10-28 00:20:25,140 DEBUG (BaseJdbcLogger.java:143)- ====> Parameters: 28760(String)
2019-10-28 00:20:25,141 DEBUG (BaseJdbcLogger.java:143)- <====      Total: 1
2019-10-28 00:20:25,141 DEBUG (BaseJdbcLogger.java:143)- <==      Total: 25
2019-10-28 00:20:25,142 DEBUG (BaseJdbcLogger.java:143)- ==>  Preparing: select dormitory_allocation.id, dormitory_allocation.class_id, dormitory_allocation.dormitory_id,dormitory_allocation.number from dormitory_allocation,dormitory WHERE dormitory_allocation.dormitory_id=dormitory.id and dormitory.sex=? and class_id = ? 
2019-10-28 00:20:25,142 DEBUG (BaseJdbcLogger.java:143)- ==> Parameters: 女(String), 080205201903(String)
2019-10-28 00:20:25,143 DEBUG (BaseJdbcLogger.java:143)- ====>  Preparing: select id, dong, floor, room, sex, number, rent,hasnumber from dormitory where id = ? 
2019-10-28 00:20:25,143 DEBUG (BaseJdbcLogger.java:143)- ====> Parameters: 469(Integer)
2019-10-28 00:20:25,144 DEBUG (BaseJdbcLogger.java:143)- <====      Total: 1
2019-10-28 00:20:25,144 DEBUG (BaseJdbcLogger.java:143)- ====>  Preparing: select id, dong, floor, room, sex, number, rent,hasnumber from dormitory where id = ? 
2019-10-28 00:20:25,144 DEBUG (BaseJdbcLogger.java:143)- ====> Parameters: 470(Integer)
2019-10-28 00:20:25,146 DEBUG (BaseJdbcLogger.java:143)- <====      Total: 1
2019-10-28 00:20:25,147 DEBUG (BaseJdbcLogger.java:143)- ====>  Preparing: select id, dong, floor, room, sex, number, rent,hasnumber from dormitory where id = ? 
2019-10-28 00:20:25,147 DEBUG (BaseJdbcLogger.java:143)- ====> Parameters: 471(Integer)
2019-10-28 00:20:25,148 DEBUG (BaseJdbcLogger.java:143)- <====      Total: 1
2019-10-28 00:20:25,149 DEBUG (BaseJdbcLogger.java:143)- ====>  Preparing: select id, dong, floor, room, sex, number, rent,hasnumber from dormitory where id = ? 
2019-10-28 00:20:25,149 DEBUG (BaseJdbcLogger.java:143)- ====> Parameters: 472(Integer)
2019-10-28 00:20:25,149 DEBUG (BaseJdbcLogger.java:143)- <====      Total: 1
2019-10-28 00:20:25,150 DEBUG (BaseJdbcLogger.java:143)- ====>  Preparing: select id, dong, floor, room, sex, number, rent,hasnumber from dormitory where id = ? 
2019-10-28 00:20:25,150 DEBUG (BaseJdbcLogger.java:143)- ====> Parameters: 473(Integer)
2019-10-28 00:20:25,151 DEBUG (BaseJdbcLogger.java:143)- <====      Total: 1
2019-10-28 00:20:25,151 DEBUG (BaseJdbcLogger.java:143)- <==      Total: 5
2019-10-28 00:20:25,152 DEBUG (BaseJdbcLogger.java:143)- ==>  Preparing: select student_status.id,student_status.basic_id, student_status.student_id, student_status.class_id from student_status,student_basic where student_status.basic_id=student_basic.id and student_basic.sex=? and student_status.class_id=? 
2019-10-28 00:20:25,152 DEBUG (BaseJdbcLogger.java:143)- ==> Parameters: 女(String), 080205201904(String)
2019-10-28 00:20:25,154 DEBUG (BaseJdbcLogger.java:143)- ====>  Preparing: select id, name, sex, birthday, phone, ID_number, email, parent_phone, adress, major, state from student_basic where id = ? 
2019-10-28 00:20:25,154 DEBUG (BaseJdbcLogger.java:143)- ====> Parameters: 28763(String)
2019-10-28 00:20:25,155 DEBUG (BaseJdbcLogger.java:143)- <====      Total: 1
2019-10-28 00:20:25,155 DEBUG (BaseJdbcLogger.java:143)- ====>  Preparing: select id, class_id, name, director, grade, major_id from class WHERE class_id = ? 
2019-10-28 00:20:25,155 DEBUG (BaseJdbcLogger.java:143)- ====> Parameters: 080205201904(String)
2019-10-28 00:20:25,156 DEBUG (BaseJdbcLogger.java:143)- ======>  Preparing: select id, major_id, name, price, department_id from major where major_id = ? 
2019-10-28 00:20:25,156 DEBUG (BaseJdbcLogger.java:143)- ======> Parameters: 080205(String)
2019-10-28 00:20:25,157 DEBUG (BaseJdbcLogger.java:143)- <======      Total: 1
2019-10-28 00:20:25,157 DEBUG (BaseJdbcLogger.java:143)- <====      Total: 1
2019-10-28 00:20:25,157 DEBUG (BaseJdbcLogger.java:143)- ====>  Preparing: select id, name, sex, birthday, phone, ID_number, email, parent_phone, adress, major, state from student_basic where id = ? 
2019-10-28 00:20:25,158 DEBUG (BaseJdbcLogger.java:143)- ====> Parameters: 28764(String)
2019-10-28 00:20:25,158 DEBUG (BaseJdbcLogger.java:143)- <====      Total: 1
2019-10-28 00:20:25,160 DEBUG (BaseJdbcLogger.java:143)- ====>  Preparing: select id, name, sex, birthday, phone, ID_number, email, parent_phone, adress, major, state from student_basic where id = ? 
2019-10-28 00:20:25,160 DEBUG (BaseJdbcLogger.java:143)- ====> Parameters: 28768(String)
2019-10-28 00:20:25,160 DEBUG (BaseJdbcLogger.java:143)- <====      Total: 1
2019-10-28 00:20:25,161 DEBUG (BaseJdbcLogger.java:143)- ====>  Preparing: select id, name, sex, birthday, phone, ID_number, email, parent_phone, adress, major, state from student_basic where id = ? 
2019-10-28 00:20:25,161 DEBUG (BaseJdbcLogger.java:143)- ====> Parameters: 28769(String)
2019-10-28 00:20:25,163 DEBUG (BaseJdbcLogger.java:143)- <====      Total: 1
2019-10-28 00:20:25,163 DEBUG (BaseJdbcLogger.java:143)- ====>  Preparing: select id, name, sex, birthday, phone, ID_number, email, parent_phone, adress, major, state from student_basic where id = ? 
2019-10-28 00:20:25,163 DEBUG (BaseJdbcLogger.java:143)- ====> Parameters: 28770(String)
2019-10-28 00:20:25,164 DEBUG (BaseJdbcLogger.java:143)- <====      Total: 1
2019-10-28 00:20:25,164 DEBUG (BaseJdbcLogger.java:143)- ====>  Preparing: select id, name, sex, birthday, phone, ID_number, email, parent_phone, adress, major, state from student_basic where id = ? 
2019-10-28 00:20:25,165 DEBUG (BaseJdbcLogger.java:143)- ====> Parameters: 28771(String)
2019-10-28 00:20:25,165 DEBUG (BaseJdbcLogger.java:143)- <====      Total: 1
2019-10-28 00:20:25,166 DEBUG (BaseJdbcLogger.java:143)- ====>  Preparing: select id, name, sex, birthday, phone, ID_number, email, parent_phone, adress, major, state from student_basic where id = ? 
2019-10-28 00:20:25,166 DEBUG (BaseJdbcLogger.java:143)- ====> Parameters: 28776(String)
2019-10-28 00:20:25,166 DEBUG (BaseJdbcLogger.java:143)- <====      Total: 1
2019-10-28 00:20:25,167 DEBUG (BaseJdbcLogger.java:143)- ====>  Preparing: select id, name, sex, birthday, phone, ID_number, email, parent_phone, adress, major, state from student_basic where id = ? 
2019-10-28 00:20:25,167 DEBUG (BaseJdbcLogger.java:143)- ====> Parameters: 28777(String)
2019-10-28 00:20:25,168 DEBUG (BaseJdbcLogger.java:143)- <====      Total: 1
2019-10-28 00:20:25,169 DEBUG (BaseJdbcLogger.java:143)- ====>  Preparing: select id, name, sex, birthday, phone, ID_number, email, parent_phone, adress, major, state from student_basic where id = ? 
2019-10-28 00:20:25,169 DEBUG (BaseJdbcLogger.java:143)- ====> Parameters: 28779(String)
2019-10-28 00:20:25,170 DEBUG (BaseJdbcLogger.java:143)- <====      Total: 1
2019-10-28 00:20:25,170 DEBUG (BaseJdbcLogger.java:143)- ====>  Preparing: select id, name, sex, birthday, phone, ID_number, email, parent_phone, adress, major, state from student_basic where id = ? 
2019-10-28 00:20:25,171 DEBUG (BaseJdbcLogger.java:143)- ====> Parameters: 28781(String)
2019-10-28 00:20:25,172 DEBUG (BaseJdbcLogger.java:143)- <====      Total: 1
2019-10-28 00:20:25,172 DEBUG (BaseJdbcLogger.java:143)- ====>  Preparing: select id, name, sex, birthday, phone, ID_number, email, parent_phone, adress, major, state from student_basic where id = ? 
2019-10-28 00:20:25,173 DEBUG (BaseJdbcLogger.java:143)- ====> Parameters: 28784(String)
2019-10-28 00:20:25,173 DEBUG (BaseJdbcLogger.java:143)- <====      Total: 1
2019-10-28 00:20:25,173 DEBUG (BaseJdbcLogger.java:143)- ====>  Preparing: select id, name, sex, birthday, phone, ID_number, email, parent_phone, adress, major, state from student_basic where id = ? 
2019-10-28 00:20:25,174 DEBUG (BaseJdbcLogger.java:143)- ====> Parameters: 28785(String)
2019-10-28 00:20:25,174 DEBUG (BaseJdbcLogger.java:143)- <====      Total: 1
2019-10-28 00:20:25,175 DEBUG (BaseJdbcLogger.java:143)- ====>  Preparing: select id, name, sex, birthday, phone, ID_number, email, parent_phone, adress, major, state from student_basic where id = ? 
2019-10-28 00:20:25,175 DEBUG (BaseJdbcLogger.java:143)- ====> Parameters: 28786(String)
2019-10-28 00:20:25,176 DEBUG (BaseJdbcLogger.java:143)- <====      Total: 1
2019-10-28 00:20:25,176 DEBUG (BaseJdbcLogger.java:143)- ====>  Preparing: select id, name, sex, birthday, phone, ID_number, email, parent_phone, adress, major, state from student_basic where id = ? 
2019-10-28 00:20:25,176 DEBUG (BaseJdbcLogger.java:143)- ====> Parameters: 28787(String)
2019-10-28 00:20:25,177 DEBUG (BaseJdbcLogger.java:143)- <====      Total: 1
2019-10-28 00:20:25,178 DEBUG (BaseJdbcLogger.java:143)- ====>  Preparing: select id, name, sex, birthday, phone, ID_number, email, parent_phone, adress, major, state from student_basic where id = ? 
2019-10-28 00:20:25,178 DEBUG (BaseJdbcLogger.java:143)- ====> Parameters: 28788(String)
2019-10-28 00:20:25,179 DEBUG (BaseJdbcLogger.java:143)- <====      Total: 1
2019-10-28 00:20:25,180 DEBUG (BaseJdbcLogger.java:143)- ====>  Preparing: select id, name, sex, birthday, phone, ID_number, email, parent_phone, adress, major, state from student_basic where id = ? 
2019-10-28 00:20:25,180 DEBUG (BaseJdbcLogger.java:143)- ====> Parameters: 28790(String)
2019-10-28 00:20:25,180 DEBUG (BaseJdbcLogger.java:143)- <====      Total: 1
2019-10-28 00:20:25,181 DEBUG (BaseJdbcLogger.java:143)- ====>  Preparing: select id, name, sex, birthday, phone, ID_number, email, parent_phone, adress, major, state from student_basic where id = ? 
2019-10-28 00:20:25,181 DEBUG (BaseJdbcLogger.java:143)- ====> Parameters: 28791(String)
2019-10-28 00:20:25,182 DEBUG (BaseJdbcLogger.java:143)- <====      Total: 1
2019-10-28 00:20:25,183 DEBUG (BaseJdbcLogger.java:143)- ====>  Preparing: select id, name, sex, birthday, phone, ID_number, email, parent_phone, adress, major, state from student_basic where id = ? 
2019-10-28 00:20:25,184 DEBUG (BaseJdbcLogger.java:143)- ====> Parameters: 28794(String)
2019-10-28 00:20:25,184 DEBUG (BaseJdbcLogger.java:143)- <====      Total: 1
2019-10-28 00:20:25,185 DEBUG (BaseJdbcLogger.java:143)- ====>  Preparing: select id, name, sex, birthday, phone, ID_number, email, parent_phone, adress, major, state from student_basic where id = ? 
2019-10-28 00:20:25,185 DEBUG (BaseJdbcLogger.java:143)- ====> Parameters: 28795(String)
2019-10-28 00:20:25,186 DEBUG (BaseJdbcLogger.java:143)- <====      Total: 1
2019-10-28 00:20:25,186 DEBUG (BaseJdbcLogger.java:143)- ====>  Preparing: select id, name, sex, birthday, phone, ID_number, email, parent_phone, adress, major, state from student_basic where id = ? 
2019-10-28 00:20:25,187 DEBUG (BaseJdbcLogger.java:143)- ====> Parameters: 28796(String)
2019-10-28 00:20:25,187 DEBUG (BaseJdbcLogger.java:143)- <====      Total: 1
2019-10-28 00:20:25,187 DEBUG (BaseJdbcLogger.java:143)- ====>  Preparing: select id, name, sex, birthday, phone, ID_number, email, parent_phone, adress, major, state from student_basic where id = ? 
2019-10-28 00:20:25,188 DEBUG (BaseJdbcLogger.java:143)- ====> Parameters: 28797(String)
2019-10-28 00:20:25,188 DEBUG (BaseJdbcLogger.java:143)- <====      Total: 1
2019-10-28 00:20:25,189 DEBUG (BaseJdbcLogger.java:143)- ====>  Preparing: select id, name, sex, birthday, phone, ID_number, email, parent_phone, adress, major, state from student_basic where id = ? 
2019-10-28 00:20:25,189 DEBUG (BaseJdbcLogger.java:143)- ====> Parameters: 28798(String)
2019-10-28 00:20:25,190 DEBUG (BaseJdbcLogger.java:143)- <====      Total: 1
2019-10-28 00:20:25,190 DEBUG (BaseJdbcLogger.java:143)- ====>  Preparing: select id, name, sex, birthday, phone, ID_number, email, parent_phone, adress, major, state from student_basic where id = ? 
2019-10-28 00:20:25,190 DEBUG (BaseJdbcLogger.java:143)- ====> Parameters: 28804(String)
2019-10-28 00:20:25,191 DEBUG (BaseJdbcLogger.java:143)- <====      Total: 1
2019-10-28 00:20:25,191 DEBUG (BaseJdbcLogger.java:143)- ====>  Preparing: select id, name, sex, birthday, phone, ID_number, email, parent_phone, adress, major, state from student_basic where id = ? 
2019-10-28 00:20:25,191 DEBUG (BaseJdbcLogger.java:143)- ====> Parameters: 28806(String)
2019-10-28 00:20:25,192 DEBUG (BaseJdbcLogger.java:143)- <====      Total: 1
2019-10-28 00:20:25,192 DEBUG (BaseJdbcLogger.java:143)- ====>  Preparing: select id, name, sex, birthday, phone, ID_number, email, parent_phone, adress, major, state from student_basic where id = ? 
2019-10-28 00:20:25,193 DEBUG (BaseJdbcLogger.java:143)- ====> Parameters: 28807(String)
2019-10-28 00:20:25,194 DEBUG (BaseJdbcLogger.java:143)- <====      Total: 1
2019-10-28 00:20:25,194 DEBUG (BaseJdbcLogger.java:143)- <==      Total: 25
2019-10-28 00:20:25,194 DEBUG (BaseJdbcLogger.java:143)- ==>  Preparing: select dormitory_allocation.id, dormitory_allocation.class_id, dormitory_allocation.dormitory_id,dormitory_allocation.number from dormitory_allocation,dormitory WHERE dormitory_allocation.dormitory_id=dormitory.id and dormitory.sex=? and class_id = ? 
2019-10-28 00:20:25,195 DEBUG (BaseJdbcLogger.java:143)- ==> Parameters: 女(String), 080205201904(String)
2019-10-28 00:20:25,195 DEBUG (BaseJdbcLogger.java:143)- ====>  Preparing: select id, dong, floor, room, sex, number, rent,hasnumber from dormitory where id = ? 
2019-10-28 00:20:25,196 DEBUG (BaseJdbcLogger.java:143)- ====> Parameters: 474(Integer)
2019-10-28 00:20:25,197 DEBUG (BaseJdbcLogger.java:143)- <====      Total: 1
2019-10-28 00:20:25,197 DEBUG (BaseJdbcLogger.java:143)- ====>  Preparing: select id, dong, floor, room, sex, number, rent,hasnumber from dormitory where id = ? 
2019-10-28 00:20:25,197 DEBUG (BaseJdbcLogger.java:143)- ====> Parameters: 475(Integer)
2019-10-28 00:20:25,198 DEBUG (BaseJdbcLogger.java:143)- <====      Total: 1
2019-10-28 00:20:25,198 DEBUG (BaseJdbcLogger.java:143)- ====>  Preparing: select id, dong, floor, room, sex, number, rent,hasnumber from dormitory where id = ? 
2019-10-28 00:20:25,198 DEBUG (BaseJdbcLogger.java:143)- ====> Parameters: 476(Integer)
2019-10-28 00:20:25,199 DEBUG (BaseJdbcLogger.java:143)- <====      Total: 1
2019-10-28 00:20:25,199 DEBUG (BaseJdbcLogger.java:143)- ====>  Preparing: select id, dong, floor, room, sex, number, rent,hasnumber from dormitory where id = ? 
2019-10-28 00:20:25,200 DEBUG (BaseJdbcLogger.java:143)- ====> Parameters: 477(Integer)
2019-10-28 00:20:25,200 DEBUG (BaseJdbcLogger.java:143)- <====      Total: 1
2019-10-28 00:20:25,200 DEBUG (BaseJdbcLogger.java:143)- ====>  Preparing: select id, dong, floor, room, sex, number, rent,hasnumber from dormitory where id = ? 
2019-10-28 00:20:25,201 DEBUG (BaseJdbcLogger.java:143)- ====> Parameters: 478(Integer)
2019-10-28 00:20:25,202 DEBUG (BaseJdbcLogger.java:143)- <====      Total: 1
2019-10-28 00:20:25,202 DEBUG (BaseJdbcLogger.java:143)- <==      Total: 5
2019-10-28 00:20:25,202 DEBUG (BaseJdbcLogger.java:143)- ==>  Preparing: select student_status.id,student_status.basic_id, student_status.student_id, student_status.class_id from student_status,student_basic where student_status.basic_id=student_basic.id and student_basic.sex=? and student_status.class_id=? 
2019-10-28 00:20:25,203 DEBUG (BaseJdbcLogger.java:143)- ==> Parameters: 女(String), 080205201905(String)
2019-10-28 00:20:25,204 DEBUG (BaseJdbcLogger.java:143)- ====>  Preparing: select id, name, sex, birthday, phone, ID_number, email, parent_phone, adress, major, state from student_basic where id = ? 
2019-10-28 00:20:25,205 DEBUG (BaseJdbcLogger.java:143)- ====> Parameters: 28808(String)
2019-10-28 00:20:25,205 DEBUG (BaseJdbcLogger.java:143)- <====      Total: 1
2019-10-28 00:20:25,206 DEBUG (BaseJdbcLogger.java:143)- ====>  Preparing: select id, class_id, name, director, grade, major_id from class WHERE class_id = ? 
2019-10-28 00:20:25,206 DEBUG (BaseJdbcLogger.java:143)- ====> Parameters: 080205201905(String)
2019-10-28 00:20:25,207 DEBUG (BaseJdbcLogger.java:143)- ======>  Preparing: select id, major_id, name, price, department_id from major where major_id = ? 
2019-10-28 00:20:25,207 DEBUG (BaseJdbcLogger.java:143)- ======> Parameters: 080205(String)
2019-10-28 00:20:25,207 DEBUG (BaseJdbcLogger.java:143)- <======      Total: 1
2019-10-28 00:20:25,208 DEBUG (BaseJdbcLogger.java:143)- <====      Total: 1
2019-10-28 00:20:25,208 DEBUG (BaseJdbcLogger.java:143)- ====>  Preparing: select id, name, sex, birthday, phone, ID_number, email, parent_phone, adress, major, state from student_basic where id = ? 
2019-10-28 00:20:25,208 DEBUG (BaseJdbcLogger.java:143)- ====> Parameters: 28809(String)
2019-10-28 00:20:25,210 DEBUG (BaseJdbcLogger.java:143)- <====      Total: 1
2019-10-28 00:20:25,210 DEBUG (BaseJdbcLogger.java:143)- ====>  Preparing: select id, name, sex, birthday, phone, ID_number, email, parent_phone, adress, major, state from student_basic where id = ? 
2019-10-28 00:20:25,211 DEBUG (BaseJdbcLogger.java:143)- ====> Parameters: 28811(String)
2019-10-28 00:20:25,212 DEBUG (BaseJdbcLogger.java:143)- <====      Total: 1
2019-10-28 00:20:25,213 DEBUG (BaseJdbcLogger.java:143)- ====>  Preparing: select id, name, sex, birthday, phone, ID_number, email, parent_phone, adress, major, state from student_basic where id = ? 
2019-10-28 00:20:25,214 DEBUG (BaseJdbcLogger.java:143)- ====> Parameters: 28816(String)
2019-10-28 00:20:25,215 DEBUG (BaseJdbcLogger.java:143)- <====      Total: 1
2019-10-28 00:20:25,215 DEBUG (BaseJdbcLogger.java:143)- ====>  Preparing: select id, name, sex, birthday, phone, ID_number, email, parent_phone, adress, major, state from student_basic where id = ? 
2019-10-28 00:20:25,215 DEBUG (BaseJdbcLogger.java:143)- ====> Parameters: 28818(String)
2019-10-28 00:20:25,217 DEBUG (BaseJdbcLogger.java:143)- <====      Total: 1
2019-10-28 00:20:25,218 DEBUG (BaseJdbcLogger.java:143)- ====>  Preparing: select id, name, sex, birthday, phone, ID_number, email, parent_phone, adress, major, state from student_basic where id = ? 
2019-10-28 00:20:25,219 DEBUG (BaseJdbcLogger.java:143)- ====> Parameters: 28823(String)
2019-10-28 00:20:25,220 DEBUG (BaseJdbcLogger.java:143)- <====      Total: 1
2019-10-28 00:20:25,220 DEBUG (BaseJdbcLogger.java:143)- ====>  Preparing: select id, name, sex, birthday, phone, ID_number, email, parent_phone, adress, major, state from student_basic where id = ? 
2019-10-28 00:20:25,220 DEBUG (BaseJdbcLogger.java:143)- ====> Parameters: 28829(String)
2019-10-28 00:20:25,221 DEBUG (BaseJdbcLogger.java:143)- <====      Total: 1
2019-10-28 00:20:25,222 DEBUG (BaseJdbcLogger.java:143)- ====>  Preparing: select id, name, sex, birthday, phone, ID_number, email, parent_phone, adress, major, state from student_basic where id = ? 
2019-10-28 00:20:25,222 DEBUG (BaseJdbcLogger.java:143)- ====> Parameters: 28830(String)
2019-10-28 00:20:25,223 DEBUG (BaseJdbcLogger.java:143)- <====      Total: 1
2019-10-28 00:20:25,223 DEBUG (BaseJdbcLogger.java:143)- ====>  Preparing: select id, name, sex, birthday, phone, ID_number, email, parent_phone, adress, major, state from student_basic where id = ? 
2019-10-28 00:20:25,223 DEBUG (BaseJdbcLogger.java:143)- ====> Parameters: 28831(String)
2019-10-28 00:20:25,224 DEBUG (BaseJdbcLogger.java:143)- <====      Total: 1
2019-10-28 00:20:25,224 DEBUG (BaseJdbcLogger.java:143)- ====>  Preparing: select id, name, sex, birthday, phone, ID_number, email, parent_phone, adress, major, state from student_basic where id = ? 
2019-10-28 00:20:25,225 DEBUG (BaseJdbcLogger.java:143)- ====> Parameters: 28832(String)
2019-10-28 00:20:25,226 DEBUG (BaseJdbcLogger.java:143)- <====      Total: 1
2019-10-28 00:20:25,226 DEBUG (BaseJdbcLogger.java:143)- ====>  Preparing: select id, name, sex, birthday, phone, ID_number, email, parent_phone, adress, major, state from student_basic where id = ? 
2019-10-28 00:20:25,226 DEBUG (BaseJdbcLogger.java:143)- ====> Parameters: 28833(String)
2019-10-28 00:20:25,227 DEBUG (BaseJdbcLogger.java:143)- <====      Total: 1
2019-10-28 00:20:25,227 DEBUG (BaseJdbcLogger.java:143)- ====>  Preparing: select id, name, sex, birthday, phone, ID_number, email, parent_phone, adress, major, state from student_basic where id = ? 
2019-10-28 00:20:25,228 DEBUG (BaseJdbcLogger.java:143)- ====> Parameters: 28834(String)
2019-10-28 00:20:25,228 DEBUG (BaseJdbcLogger.java:143)- <====      Total: 1
2019-10-28 00:20:25,229 DEBUG (BaseJdbcLogger.java:143)- ====>  Preparing: select id, name, sex, birthday, phone, ID_number, email, parent_phone, adress, major, state from student_basic where id = ? 
2019-10-28 00:20:25,229 DEBUG (BaseJdbcLogger.java:143)- ====> Parameters: 28836(String)
2019-10-28 00:20:25,231 DEBUG (BaseJdbcLogger.java:143)- <====      Total: 1
2019-10-28 00:20:25,231 DEBUG (BaseJdbcLogger.java:143)- ====>  Preparing: select id, name, sex, birthday, phone, ID_number, email, parent_phone, adress, major, state from student_basic where id = ? 
2019-10-28 00:20:25,231 DEBUG (BaseJdbcLogger.java:143)- ====> Parameters: 28837(String)
2019-10-28 00:20:25,232 DEBUG (BaseJdbcLogger.java:143)- <====      Total: 1
2019-10-28 00:20:25,233 DEBUG (BaseJdbcLogger.java:143)- ====>  Preparing: select id, name, sex, birthday, phone, ID_number, email, parent_phone, adress, major, state from student_basic where id = ? 
2019-10-28 00:20:25,233 DEBUG (BaseJdbcLogger.java:143)- ====> Parameters: 28840(String)
2019-10-28 00:20:25,234 DEBUG (BaseJdbcLogger.java:143)- <====      Total: 1
2019-10-28 00:20:25,234 DEBUG (BaseJdbcLogger.java:143)- ====>  Preparing: select id, name, sex, birthday, phone, ID_number, email, parent_phone, adress, major, state from student_basic where id = ? 
2019-10-28 00:20:25,235 DEBUG (BaseJdbcLogger.java:143)- ====> Parameters: 28841(String)
2019-10-28 00:20:25,235 DEBUG (BaseJdbcLogger.java:143)- <====      Total: 1
2019-10-28 00:20:25,236 DEBUG (BaseJdbcLogger.java:143)- ====>  Preparing: select id, name, sex, birthday, phone, ID_number, email, parent_phone, adress, major, state from student_basic where id = ? 
2019-10-28 00:20:25,236 DEBUG (BaseJdbcLogger.java:143)- ====> Parameters: 28842(String)
2019-10-28 00:20:25,237 DEBUG (BaseJdbcLogger.java:143)- <====      Total: 1
2019-10-28 00:20:25,237 DEBUG (BaseJdbcLogger.java:143)- ====>  Preparing: select id, name, sex, birthday, phone, ID_number, email, parent_phone, adress, major, state from student_basic where id = ? 
2019-10-28 00:20:25,237 DEBUG (BaseJdbcLogger.java:143)- ====> Parameters: 28843(String)
2019-10-28 00:20:25,238 DEBUG (BaseJdbcLogger.java:143)- <====      Total: 1
2019-10-28 00:20:25,238 DEBUG (BaseJdbcLogger.java:143)- ====>  Preparing: select id, name, sex, birthday, phone, ID_number, email, parent_phone, adress, major, state from student_basic where id = ? 
2019-10-28 00:20:25,238 DEBUG (BaseJdbcLogger.java:143)- ====> Parameters: 28847(String)
2019-10-28 00:20:25,239 DEBUG (BaseJdbcLogger.java:143)- <====      Total: 1
2019-10-28 00:20:25,239 DEBUG (BaseJdbcLogger.java:143)- ====>  Preparing: select id, name, sex, birthday, phone, ID_number, email, parent_phone, adress, major, state from student_basic where id = ? 
2019-10-28 00:20:25,240 DEBUG (BaseJdbcLogger.java:143)- ====> Parameters: 28849(String)
2019-10-28 00:20:25,240 DEBUG (BaseJdbcLogger.java:143)- <====      Total: 1
2019-10-28 00:20:25,241 DEBUG (BaseJdbcLogger.java:143)- ====>  Preparing: select id, name, sex, birthday, phone, ID_number, email, parent_phone, adress, major, state from student_basic where id = ? 
2019-10-28 00:20:25,241 DEBUG (BaseJdbcLogger.java:143)- ====> Parameters: 28850(String)
2019-10-28 00:20:25,243 DEBUG (BaseJdbcLogger.java:143)- <====      Total: 1
2019-10-28 00:20:25,243 DEBUG (BaseJdbcLogger.java:143)- ====>  Preparing: select id, name, sex, birthday, phone, ID_number, email, parent_phone, adress, major, state from student_basic where id = ? 
2019-10-28 00:20:25,243 DEBUG (BaseJdbcLogger.java:143)- ====> Parameters: 28851(String)
2019-10-28 00:20:25,244 DEBUG (BaseJdbcLogger.java:143)- <====      Total: 1
2019-10-28 00:20:25,244 DEBUG (BaseJdbcLogger.java:143)- ====>  Preparing: select id, name, sex, birthday, phone, ID_number, email, parent_phone, adress, major, state from student_basic where id = ? 
2019-10-28 00:20:25,245 DEBUG (BaseJdbcLogger.java:143)- ====> Parameters: 28853(String)
2019-10-28 00:20:25,246 DEBUG (BaseJdbcLogger.java:143)- <====      Total: 1
2019-10-28 00:20:25,246 DEBUG (BaseJdbcLogger.java:143)- ====>  Preparing: select id, name, sex, birthday, phone, ID_number, email, parent_phone, adress, major, state from student_basic where id = ? 
2019-10-28 00:20:25,247 DEBUG (BaseJdbcLogger.java:143)- ====> Parameters: 28854(String)
2019-10-28 00:20:25,247 DEBUG (BaseJdbcLogger.java:143)- <====      Total: 1
2019-10-28 00:20:25,247 DEBUG (BaseJdbcLogger.java:143)- ====>  Preparing: select id, name, sex, birthday, phone, ID_number, email, parent_phone, adress, major, state from student_basic where id = ? 
2019-10-28 00:20:25,248 DEBUG (BaseJdbcLogger.java:143)- ====> Parameters: 28857(String)
2019-10-28 00:20:25,248 DEBUG (BaseJdbcLogger.java:143)- <====      Total: 1
2019-10-28 00:20:25,249 DEBUG (BaseJdbcLogger.java:143)- <==      Total: 25
2019-10-28 00:20:25,249 DEBUG (BaseJdbcLogger.java:143)- ==>  Preparing: select dormitory_allocation.id, dormitory_allocation.class_id, dormitory_allocation.dormitory_id,dormitory_allocation.number from dormitory_allocation,dormitory WHERE dormitory_allocation.dormitory_id=dormitory.id and dormitory.sex=? and class_id = ? 
2019-10-28 00:20:25,250 DEBUG (BaseJdbcLogger.java:143)- ==> Parameters: 女(String), 080205201905(String)
2019-10-28 00:20:25,251 DEBUG (BaseJdbcLogger.java:143)- ====>  Preparing: select id, dong, floor, room, sex, number, rent,hasnumber from dormitory where id = ? 
2019-10-28 00:20:25,251 DEBUG (BaseJdbcLogger.java:143)- ====> Parameters: 479(Integer)
2019-10-28 00:20:25,252 DEBUG (BaseJdbcLogger.java:143)- <====      Total: 1
2019-10-28 00:20:25,252 DEBUG (BaseJdbcLogger.java:143)- ====>  Preparing: select id, dong, floor, room, sex, number, rent,hasnumber from dormitory where id = ? 
2019-10-28 00:20:25,252 DEBUG (BaseJdbcLogger.java:143)- ====> Parameters: 480(Integer)
2019-10-28 00:20:25,253 DEBUG (BaseJdbcLogger.java:143)- <====      Total: 1
2019-10-28 00:20:25,253 DEBUG (BaseJdbcLogger.java:143)- ====>  Preparing: select id, dong, floor, room, sex, number, rent,hasnumber from dormitory where id = ? 
2019-10-28 00:20:25,253 DEBUG (BaseJdbcLogger.java:143)- ====> Parameters: 481(Integer)
2019-10-28 00:20:25,254 DEBUG (BaseJdbcLogger.java:143)- <====      Total: 1
2019-10-28 00:20:25,254 DEBUG (BaseJdbcLogger.java:143)- ====>  Preparing: select id, dong, floor, room, sex, number, rent,hasnumber from dormitory where id = ? 
2019-10-28 00:20:25,255 DEBUG (BaseJdbcLogger.java:143)- ====> Parameters: 482(Integer)
2019-10-28 00:20:25,255 DEBUG (BaseJdbcLogger.java:143)- <====      Total: 1
2019-10-28 00:20:25,256 DEBUG (BaseJdbcLogger.java:143)- ====>  Preparing: select id, dong, floor, room, sex, number, rent,hasnumber from dormitory where id = ? 
2019-10-28 00:20:25,256 DEBUG (BaseJdbcLogger.java:143)- ====> Parameters: 483(Integer)
2019-10-28 00:20:25,256 DEBUG (BaseJdbcLogger.java:143)- <====      Total: 1
2019-10-28 00:20:25,257 DEBUG (BaseJdbcLogger.java:143)- <==      Total: 5
2019-10-28 00:20:25,257 DEBUG (BaseJdbcLogger.java:143)- ==>  Preparing: select student_status.id,student_status.basic_id, student_status.student_id, student_status.class_id from student_status,student_basic where student_status.basic_id=student_basic.id and student_basic.sex=? and student_status.class_id=? 
2019-10-28 00:20:25,258 DEBUG (BaseJdbcLogger.java:143)- ==> Parameters: 女(String), 130503201901(String)
2019-10-28 00:20:25,259 DEBUG (BaseJdbcLogger.java:143)- ====>  Preparing: select id, name, sex, birthday, phone, ID_number, email, parent_phone, adress, major, state from student_basic where id = ? 
2019-10-28 00:20:25,259 DEBUG (BaseJdbcLogger.java:143)- ====> Parameters: 28434(String)
2019-10-28 00:20:25,260 DEBUG (BaseJdbcLogger.java:143)- <====      Total: 1
2019-10-28 00:20:25,260 DEBUG (BaseJdbcLogger.java:143)- ====>  Preparing: select id, class_id, name, director, grade, major_id from class WHERE class_id = ? 
2019-10-28 00:20:25,260 DEBUG (BaseJdbcLogger.java:143)- ====> Parameters: 130503201901(String)
2019-10-28 00:20:25,261 DEBUG (BaseJdbcLogger.java:143)- ======>  Preparing: select id, major_id, name, price, department_id from major where major_id = ? 
2019-10-28 00:20:25,261 DEBUG (BaseJdbcLogger.java:143)- ======> Parameters: 130503(String)
2019-10-28 00:20:25,262 DEBUG (BaseJdbcLogger.java:143)- <======      Total: 1
2019-10-28 00:20:25,264 DEBUG (BaseJdbcLogger.java:143)- <====      Total: 1
2019-10-28 00:20:25,264 DEBUG (BaseJdbcLogger.java:143)- ====>  Preparing: select id, name, sex, birthday, phone, ID_number, email, parent_phone, adress, major, state from student_basic where id = ? 
2019-10-28 00:20:25,264 DEBUG (BaseJdbcLogger.java:143)- ====> Parameters: 28435(String)
2019-10-28 00:20:25,265 DEBUG (BaseJdbcLogger.java:143)- <====      Total: 1
2019-10-28 00:20:25,266 DEBUG (BaseJdbcLogger.java:143)- ====>  Preparing: select id, name, sex, birthday, phone, ID_number, email, parent_phone, adress, major, state from student_basic where id = ? 
2019-10-28 00:20:25,266 DEBUG (BaseJdbcLogger.java:143)- ====> Parameters: 28438(String)
2019-10-28 00:20:25,267 DEBUG (BaseJdbcLogger.java:143)- <====      Total: 1
2019-10-28 00:20:25,268 DEBUG (BaseJdbcLogger.java:143)- ====>  Preparing: select id, name, sex, birthday, phone, ID_number, email, parent_phone, adress, major, state from student_basic where id = ? 
2019-10-28 00:20:25,268 DEBUG (BaseJdbcLogger.java:143)- ====> Parameters: 28439(String)
2019-10-28 00:20:25,269 DEBUG (BaseJdbcLogger.java:143)- <====      Total: 1
2019-10-28 00:20:25,270 DEBUG (BaseJdbcLogger.java:143)- ====>  Preparing: select id, name, sex, birthday, phone, ID_number, email, parent_phone, adress, major, state from student_basic where id = ? 
2019-10-28 00:20:25,270 DEBUG (BaseJdbcLogger.java:143)- ====> Parameters: 28440(String)
2019-10-28 00:20:25,271 DEBUG (BaseJdbcLogger.java:143)- <====      Total: 1
2019-10-28 00:20:25,272 DEBUG (BaseJdbcLogger.java:143)- ====>  Preparing: select id, name, sex, birthday, phone, ID_number, email, parent_phone, adress, major, state from student_basic where id = ? 
2019-10-28 00:20:25,272 DEBUG (BaseJdbcLogger.java:143)- ====> Parameters: 28444(String)
2019-10-28 00:20:25,272 DEBUG (BaseJdbcLogger.java:143)- <====      Total: 1
2019-10-28 00:20:25,273 DEBUG (BaseJdbcLogger.java:143)- ====>  Preparing: select id, name, sex, birthday, phone, ID_number, email, parent_phone, adress, major, state from student_basic where id = ? 
2019-10-28 00:20:25,273 DEBUG (BaseJdbcLogger.java:143)- ====> Parameters: 28446(String)
2019-10-28 00:20:25,274 DEBUG (BaseJdbcLogger.java:143)- <====      Total: 1
2019-10-28 00:20:25,275 DEBUG (BaseJdbcLogger.java:143)- ====>  Preparing: select id, name, sex, birthday, phone, ID_number, email, parent_phone, adress, major, state from student_basic where id = ? 
2019-10-28 00:20:25,275 DEBUG (BaseJdbcLogger.java:143)- ====> Parameters: 28447(String)
2019-10-28 00:20:25,275 DEBUG (BaseJdbcLogger.java:143)- <====      Total: 1
2019-10-28 00:20:25,276 DEBUG (BaseJdbcLogger.java:143)- ====>  Preparing: select id, name, sex, birthday, phone, ID_number, email, parent_phone, adress, major, state from student_basic where id = ? 
2019-10-28 00:20:25,276 DEBUG (BaseJdbcLogger.java:143)- ====> Parameters: 28448(String)
2019-10-28 00:20:25,277 DEBUG (BaseJdbcLogger.java:143)- <====      Total: 1
2019-10-28 00:20:25,277 DEBUG (BaseJdbcLogger.java:143)- ====>  Preparing: select id, name, sex, birthday, phone, ID_number, email, parent_phone, adress, major, state from student_basic where id = ? 
2019-10-28 00:20:25,277 DEBUG (BaseJdbcLogger.java:143)- ====> Parameters: 28453(String)
2019-10-28 00:20:25,278 DEBUG (BaseJdbcLogger.java:143)- <====      Total: 1
2019-10-28 00:20:25,278 DEBUG (BaseJdbcLogger.java:143)- ====>  Preparing: select id, name, sex, birthday, phone, ID_number, email, parent_phone, adress, major, state from student_basic where id = ? 
2019-10-28 00:20:25,279 DEBUG (BaseJdbcLogger.java:143)- ====> Parameters: 28455(String)
2019-10-28 00:20:25,280 DEBUG (BaseJdbcLogger.java:143)- <====      Total: 1
2019-10-28 00:20:25,280 DEBUG (BaseJdbcLogger.java:143)- ====>  Preparing: select id, name, sex, birthday, phone, ID_number, email, parent_phone, adress, major, state from student_basic where id = ? 
2019-10-28 00:20:25,281 DEBUG (BaseJdbcLogger.java:143)- ====> Parameters: 28469(String)
2019-10-28 00:20:25,282 DEBUG (BaseJdbcLogger.java:143)- <====      Total: 1
2019-10-28 00:20:25,282 DEBUG (BaseJdbcLogger.java:143)- ====>  Preparing: select id, name, sex, birthday, phone, ID_number, email, parent_phone, adress, major, state from student_basic where id = ? 
2019-10-28 00:20:25,283 DEBUG (BaseJdbcLogger.java:143)- ====> Parameters: 28470(String)
2019-10-28 00:20:25,284 DEBUG (BaseJdbcLogger.java:143)- <====      Total: 1
2019-10-28 00:20:25,284 DEBUG (BaseJdbcLogger.java:143)- ====>  Preparing: select id, name, sex, birthday, phone, ID_number, email, parent_phone, adress, major, state from student_basic where id = ? 
2019-10-28 00:20:25,284 DEBUG (BaseJdbcLogger.java:143)- ====> Parameters: 28472(String)
2019-10-28 00:20:25,285 DEBUG (BaseJdbcLogger.java:143)- <====      Total: 1
