2019-09-02 12:35:10,212 DEBUG (BaseJdbcLogger.java:143)- ====>  Preparing: select id, name, sex, birthday, phone, ID_number, email, parent_phone, adress, major, state from student_basic where id = ? 
2019-09-02 12:35:10,213 DEBUG (BaseJdbcLogger.java:143)- ====> Parameters: 18204(String)
2019-09-02 12:35:10,214 DEBUG (BaseJdbcLogger.java:143)- <====      Total: 1
2019-09-02 12:35:10,214 DEBUG (BaseJdbcLogger.java:143)- ====>  Preparing: select id, name, sex, birthday, phone, ID_number, email, parent_phone, adress, major, state from student_basic where id = ? 
2019-09-02 12:35:10,215 DEBUG (BaseJdbcLogger.java:143)- ====> Parameters: 18207(String)
2019-09-02 12:35:10,215 DEBUG (BaseJdbcLogger.java:143)- <====      Total: 1
2019-09-02 12:35:10,216 DEBUG (BaseJdbcLogger.java:143)- ====>  Preparing: select id, name, sex, birthday, phone, ID_number, email, parent_phone, adress, major, state from student_basic where id = ? 
2019-09-02 12:35:10,216 DEBUG (BaseJdbcLogger.java:143)- ====> Parameters: 18208(String)
2019-09-02 12:35:10,217 DEBUG (BaseJdbcLogger.java:143)- <====      Total: 1
2019-09-02 12:35:10,217 DEBUG (BaseJdbcLogger.java:143)- ====>  Preparing: select id, name, sex, birthday, phone, ID_number, email, parent_phone, adress, major, state from student_basic where id = ? 
2019-09-02 12:35:10,217 DEBUG (BaseJdbcLogger.java:143)- ====> Parameters: 18212(String)
2019-09-02 12:35:10,218 DEBUG (BaseJdbcLogger.java:143)- <====      Total: 1
2019-09-02 12:35:10,218 DEBUG (BaseJdbcLogger.java:143)- ====>  Preparing: select id, name, sex, birthday, phone, ID_number, email, parent_phone, adress, major, state from student_basic where id = ? 
2019-09-02 12:35:10,218 DEBUG (BaseJdbcLogger.java:143)- ====> Parameters: 18215(String)
2019-09-02 12:35:10,219 DEBUG (BaseJdbcLogger.java:143)- <====      Total: 1
2019-09-02 12:35:10,219 DEBUG (BaseJdbcLogger.java:143)- ====>  Preparing: select id, name, sex, birthday, phone, ID_number, email, parent_phone, adress, major, state from student_basic where id = ? 
2019-09-02 12:35:10,219 DEBUG (BaseJdbcLogger.java:143)- ====> Parameters: 18216(String)
2019-09-02 12:35:10,220 DEBUG (BaseJdbcLogger.java:143)- <====      Total: 1
2019-09-02 12:35:10,220 DEBUG (BaseJdbcLogger.java:143)- ====>  Preparing: select id, name, sex, birthday, phone, ID_number, email, parent_phone, adress, major, state from student_basic where id = ? 
2019-09-02 12:35:10,220 DEBUG (BaseJdbcLogger.java:143)- ====> Parameters: 18217(String)
2019-09-02 12:35:10,221 DEBUG (BaseJdbcLogger.java:143)- <====      Total: 1
2019-09-02 12:35:10,222 DEBUG (BaseJdbcLogger.java:143)- ====>  Preparing: select id, name, sex, birthday, phone, ID_number, email, parent_phone, adress, major, state from student_basic where id = ? 
2019-09-02 12:35:10,222 DEBUG (BaseJdbcLogger.java:143)- ====> Parameters: 18219(String)
2019-09-02 12:35:10,222 DEBUG (BaseJdbcLogger.java:143)- <====      Total: 1
2019-09-02 12:35:10,223 DEBUG (BaseJdbcLogger.java:143)- ====>  Preparing: select id, name, sex, birthday, phone, ID_number, email, parent_phone, adress, major, state from student_basic where id = ? 
2019-09-02 12:35:10,223 DEBUG (BaseJdbcLogger.java:143)- ====> Parameters: 18222(String)
2019-09-02 12:35:10,224 DEBUG (BaseJdbcLogger.java:143)- <====      Total: 1
2019-09-02 12:35:10,224 DEBUG (BaseJdbcLogger.java:143)- ====>  Preparing: select id, name, sex, birthday, phone, ID_number, email, parent_phone, adress, major, state from student_basic where id = ? 
2019-09-02 12:35:10,224 DEBUG (BaseJdbcLogger.java:143)- ====> Parameters: 18223(String)
2019-09-02 12:35:10,225 DEBUG (BaseJdbcLogger.java:143)- <====      Total: 1
2019-09-02 12:35:10,225 DEBUG (BaseJdbcLogger.java:143)- ====>  Preparing: select id, name, sex, birthday, phone, ID_number, email, parent_phone, adress, major, state from student_basic where id = ? 
2019-09-02 12:35:10,225 DEBUG (BaseJdbcLogger.java:143)- ====> Parameters: 18226(String)
2019-09-02 12:35:10,226 DEBUG (BaseJdbcLogger.java:143)- <====      Total: 1
2019-09-02 12:35:10,226 DEBUG (BaseJdbcLogger.java:143)- ====>  Preparing: select id, name, sex, birthday, phone, ID_number, email, parent_phone, adress, major, state from student_basic where id = ? 
2019-09-02 12:35:10,226 DEBUG (BaseJdbcLogger.java:143)- ====> Parameters: 18227(String)
2019-09-02 12:35:10,227 DEBUG (BaseJdbcLogger.java:143)- <====      Total: 1
2019-09-02 12:35:10,227 DEBUG (BaseJdbcLogger.java:143)- ====>  Preparing: select id, name, sex, birthday, phone, ID_number, email, parent_phone, adress, major, state from student_basic where id = ? 
2019-09-02 12:35:10,228 DEBUG (BaseJdbcLogger.java:143)- ====> Parameters: 18228(String)
2019-09-02 12:35:10,228 DEBUG (BaseJdbcLogger.java:143)- <====      Total: 1
2019-09-02 12:35:10,228 DEBUG (BaseJdbcLogger.java:143)- ====>  Preparing: select id, name, sex, birthday, phone, ID_number, email, parent_phone, adress, major, state from student_basic where id = ? 
2019-09-02 12:35:10,229 DEBUG (BaseJdbcLogger.java:143)- ====> Parameters: 18229(String)
2019-09-02 12:35:10,229 DEBUG (BaseJdbcLogger.java:143)- <====      Total: 1
2019-09-02 12:35:10,229 DEBUG (BaseJdbcLogger.java:143)- ====>  Preparing: select id, name, sex, birthday, phone, ID_number, email, parent_phone, adress, major, state from student_basic where id = ? 
2019-09-02 12:35:10,230 DEBUG (BaseJdbcLogger.java:143)- ====> Parameters: 18230(String)
2019-09-02 12:35:10,230 DEBUG (BaseJdbcLogger.java:143)- <====      Total: 1
2019-09-02 12:35:10,231 DEBUG (BaseJdbcLogger.java:143)- ====>  Preparing: select id, name, sex, birthday, phone, ID_number, email, parent_phone, adress, major, state from student_basic where id = ? 
2019-09-02 12:35:10,231 DEBUG (BaseJdbcLogger.java:143)- ====> Parameters: 18231(String)
2019-09-02 12:35:10,232 DEBUG (BaseJdbcLogger.java:143)- <====      Total: 1
2019-09-02 12:35:10,233 DEBUG (BaseJdbcLogger.java:143)- <==      Total: 17
2019-09-02 12:35:10,233 DEBUG (BaseJdbcLogger.java:143)- ==>  Preparing: select student_status.id,student_status.basic_id, student_status.student_id, student_status.class_id from student_status,student_basic where student_status.basic_id=student_basic.id and student_basic.sex=? and student_status.class_id=? 
2019-09-02 12:35:10,233 DEBUG (BaseJdbcLogger.java:143)- ==> Parameters: 女(String), 081001201902(String)
2019-09-02 12:35:10,235 DEBUG (BaseJdbcLogger.java:143)- ====>  Preparing: select id, name, sex, birthday, phone, ID_number, email, parent_phone, adress, major, state from student_basic where id = ? 
2019-09-02 12:35:10,235 DEBUG (BaseJdbcLogger.java:143)- ====> Parameters: 18193(String)
2019-09-02 12:35:10,236 DEBUG (BaseJdbcLogger.java:143)- <====      Total: 1
2019-09-02 12:35:10,236 DEBUG (BaseJdbcLogger.java:143)- ====>  Preparing: select id, class_id, name, director, grade, major_id from class where class_id = ? 
2019-09-02 12:35:10,237 DEBUG (BaseJdbcLogger.java:143)- ====> Parameters: 081001201902(String)
2019-09-02 12:35:10,237 DEBUG (BaseJdbcLogger.java:143)- ======>  Preparing: select id, major_id, name, price, department_id from major where major_id = ? 
2019-09-02 12:35:10,238 DEBUG (BaseJdbcLogger.java:143)- ======> Parameters: 081001(String)
2019-09-02 12:35:10,238 DEBUG (BaseJdbcLogger.java:143)- <======      Total: 1
2019-09-02 12:35:10,239 DEBUG (BaseJdbcLogger.java:143)- <====      Total: 1
2019-09-02 12:35:10,239 DEBUG (BaseJdbcLogger.java:143)- ====>  Preparing: select id, name, sex, birthday, phone, ID_number, email, parent_phone, adress, major, state from student_basic where id = ? 
2019-09-02 12:35:10,239 DEBUG (BaseJdbcLogger.java:143)- ====> Parameters: 18196(String)
2019-09-02 12:35:10,240 DEBUG (BaseJdbcLogger.java:143)- <====      Total: 1
2019-09-02 12:35:10,241 DEBUG (BaseJdbcLogger.java:143)- ====>  Preparing: select id, name, sex, birthday, phone, ID_number, email, parent_phone, adress, major, state from student_basic where id = ? 
2019-09-02 12:35:10,241 DEBUG (BaseJdbcLogger.java:143)- ====> Parameters: 18197(String)
2019-09-02 12:35:10,242 DEBUG (BaseJdbcLogger.java:143)- <====      Total: 1
2019-09-02 12:35:10,242 DEBUG (BaseJdbcLogger.java:143)- ====>  Preparing: select id, name, sex, birthday, phone, ID_number, email, parent_phone, adress, major, state from student_basic where id = ? 
2019-09-02 12:35:10,242 DEBUG (BaseJdbcLogger.java:143)- ====> Parameters: 18198(String)
2019-09-02 12:35:10,243 DEBUG (BaseJdbcLogger.java:143)- <====      Total: 1
2019-09-02 12:35:10,244 DEBUG (BaseJdbcLogger.java:143)- ====>  Preparing: select id, name, sex, birthday, phone, ID_number, email, parent_phone, adress, major, state from student_basic where id = ? 
2019-09-02 12:35:10,245 DEBUG (BaseJdbcLogger.java:143)- ====> Parameters: 18199(String)
2019-09-02 12:35:10,246 DEBUG (BaseJdbcLogger.java:143)- <====      Total: 1
2019-09-02 12:35:10,246 DEBUG (BaseJdbcLogger.java:143)- ====>  Preparing: select id, name, sex, birthday, phone, ID_number, email, parent_phone, adress, major, state from student_basic where id = ? 
2019-09-02 12:35:10,246 DEBUG (BaseJdbcLogger.java:143)- ====> Parameters: 18201(String)
2019-09-02 12:35:10,247 DEBUG (BaseJdbcLogger.java:143)- <====      Total: 1
2019-09-02 12:35:10,247 DEBUG (BaseJdbcLogger.java:143)- ====>  Preparing: select id, name, sex, birthday, phone, ID_number, email, parent_phone, adress, major, state from student_basic where id = ? 
2019-09-02 12:35:10,248 DEBUG (BaseJdbcLogger.java:143)- ====> Parameters: 18202(String)
2019-09-02 12:35:10,248 DEBUG (BaseJdbcLogger.java:143)- <====      Total: 1
2019-09-02 12:35:10,249 DEBUG (BaseJdbcLogger.java:143)- ====>  Preparing: select id, name, sex, birthday, phone, ID_number, email, parent_phone, adress, major, state from student_basic where id = ? 
2019-09-02 12:35:10,249 DEBUG (BaseJdbcLogger.java:143)- ====> Parameters: 18203(String)
2019-09-02 12:35:10,250 DEBUG (BaseJdbcLogger.java:143)- <====      Total: 1
2019-09-02 12:35:10,251 DEBUG (BaseJdbcLogger.java:143)- ====>  Preparing: select id, name, sex, birthday, phone, ID_number, email, parent_phone, adress, major, state from student_basic where id = ? 
2019-09-02 12:35:10,252 DEBUG (BaseJdbcLogger.java:143)- ====> Parameters: 18205(String)
2019-09-02 12:35:10,253 DEBUG (BaseJdbcLogger.java:143)- <====      Total: 1
2019-09-02 12:35:10,253 DEBUG (BaseJdbcLogger.java:143)- ====>  Preparing: select id, name, sex, birthday, phone, ID_number, email, parent_phone, adress, major, state from student_basic where id = ? 
2019-09-02 12:35:10,254 DEBUG (BaseJdbcLogger.java:143)- ====> Parameters: 18206(String)
2019-09-02 12:35:10,254 DEBUG (BaseJdbcLogger.java:143)- <====      Total: 1
2019-09-02 12:35:10,254 DEBUG (BaseJdbcLogger.java:143)- ====>  Preparing: select id, name, sex, birthday, phone, ID_number, email, parent_phone, adress, major, state from student_basic where id = ? 
2019-09-02 12:35:10,255 DEBUG (BaseJdbcLogger.java:143)- ====> Parameters: 18209(String)
2019-09-02 12:35:10,255 DEBUG (BaseJdbcLogger.java:143)- <====      Total: 1
2019-09-02 12:35:10,256 DEBUG (BaseJdbcLogger.java:143)- ====>  Preparing: select id, name, sex, birthday, phone, ID_number, email, parent_phone, adress, major, state from student_basic where id = ? 
2019-09-02 12:35:10,256 DEBUG (BaseJdbcLogger.java:143)- ====> Parameters: 18210(String)
2019-09-02 12:35:10,257 DEBUG (BaseJdbcLogger.java:143)- <====      Total: 1
2019-09-02 12:35:10,257 DEBUG (BaseJdbcLogger.java:143)- ====>  Preparing: select id, name, sex, birthday, phone, ID_number, email, parent_phone, adress, major, state from student_basic where id = ? 
2019-09-02 12:35:10,258 DEBUG (BaseJdbcLogger.java:143)- ====> Parameters: 18211(String)
2019-09-02 12:35:10,258 DEBUG (BaseJdbcLogger.java:143)- <====      Total: 1
2019-09-02 12:35:10,259 DEBUG (BaseJdbcLogger.java:143)- ====>  Preparing: select id, name, sex, birthday, phone, ID_number, email, parent_phone, adress, major, state from student_basic where id = ? 
2019-09-02 12:35:10,259 DEBUG (BaseJdbcLogger.java:143)- ====> Parameters: 18213(String)
2019-09-02 12:35:10,260 DEBUG (BaseJdbcLogger.java:143)- <====      Total: 1
2019-09-02 12:35:10,260 DEBUG (BaseJdbcLogger.java:143)- ====>  Preparing: select id, name, sex, birthday, phone, ID_number, email, parent_phone, adress, major, state from student_basic where id = ? 
2019-09-02 12:35:10,260 DEBUG (BaseJdbcLogger.java:143)- ====> Parameters: 18214(String)
2019-09-02 12:35:10,261 DEBUG (BaseJdbcLogger.java:143)- <====      Total: 1
2019-09-02 12:35:10,261 DEBUG (BaseJdbcLogger.java:143)- ====>  Preparing: select id, name, sex, birthday, phone, ID_number, email, parent_phone, adress, major, state from student_basic where id = ? 
2019-09-02 12:35:10,261 DEBUG (BaseJdbcLogger.java:143)- ====> Parameters: 18218(String)
2019-09-02 12:35:10,262 DEBUG (BaseJdbcLogger.java:143)- <====      Total: 1
2019-09-02 12:35:10,262 DEBUG (BaseJdbcLogger.java:143)- ====>  Preparing: select id, name, sex, birthday, phone, ID_number, email, parent_phone, adress, major, state from student_basic where id = ? 
2019-09-02 12:35:10,263 DEBUG (BaseJdbcLogger.java:143)- ====> Parameters: 18220(String)
2019-09-02 12:35:10,264 DEBUG (BaseJdbcLogger.java:143)- <====      Total: 1
2019-09-02 12:35:10,264 DEBUG (BaseJdbcLogger.java:143)- ====>  Preparing: select id, name, sex, birthday, phone, ID_number, email, parent_phone, adress, major, state from student_basic where id = ? 
2019-09-02 12:35:10,265 DEBUG (BaseJdbcLogger.java:143)- ====> Parameters: 18221(String)
2019-09-02 12:35:10,266 DEBUG (BaseJdbcLogger.java:143)- <====      Total: 1
2019-09-02 12:35:10,267 DEBUG (BaseJdbcLogger.java:143)- ====>  Preparing: select id, name, sex, birthday, phone, ID_number, email, parent_phone, adress, major, state from student_basic where id = ? 
2019-09-02 12:35:10,267 DEBUG (BaseJdbcLogger.java:143)- ====> Parameters: 18224(String)
2019-09-02 12:35:10,268 DEBUG (BaseJdbcLogger.java:143)- <====      Total: 1
2019-09-02 12:35:10,268 DEBUG (BaseJdbcLogger.java:143)- ====>  Preparing: select id, name, sex, birthday, phone, ID_number, email, parent_phone, adress, major, state from student_basic where id = ? 
2019-09-02 12:35:10,269 DEBUG (BaseJdbcLogger.java:143)- ====> Parameters: 18225(String)
2019-09-02 12:35:10,270 DEBUG (BaseJdbcLogger.java:143)- <====      Total: 1
2019-09-02 12:35:10,270 DEBUG (BaseJdbcLogger.java:143)- <==      Total: 20
2019-09-02 12:35:10,270 DEBUG (BaseJdbcLogger.java:143)- ==>  Preparing: select dormitory_allocation.id, dormitory_allocation.class_id, dormitory_allocation.dormitory_id,dormitory_allocation.number from dormitory_allocation,dormitory WHERE dormitory_allocation.dormitory_id=dormitory.id and dormitory.sex=? and class_id = ? 
2019-09-02 12:35:10,271 DEBUG (BaseJdbcLogger.java:143)- ==> Parameters: 男(String), 081001201902(String)
2019-09-02 12:35:10,272 DEBUG (BaseJdbcLogger.java:143)- ====>  Preparing: select id, dong, floor, room, sex, number, rent from dormitory where id = ? 
2019-09-02 12:35:10,272 DEBUG (BaseJdbcLogger.java:143)- ====> Parameters: 5(Integer)
2019-09-02 12:35:10,273 DEBUG (BaseJdbcLogger.java:143)- <====      Total: 1
2019-09-02 12:35:10,273 DEBUG (BaseJdbcLogger.java:143)- ====>  Preparing: select id, dong, floor, room, sex, number, rent from dormitory where id = ? 
2019-09-02 12:35:10,273 DEBUG (BaseJdbcLogger.java:143)- ====> Parameters: 6(Integer)
2019-09-02 12:35:10,274 DEBUG (BaseJdbcLogger.java:143)- <====      Total: 1
2019-09-02 12:35:10,274 DEBUG (BaseJdbcLogger.java:143)- ====>  Preparing: select id, dong, floor, room, sex, number, rent from dormitory where id = ? 
2019-09-02 12:35:10,275 DEBUG (BaseJdbcLogger.java:143)- ====> Parameters: 7(Integer)
