2019-08-20 18:08:35,426 DEBUG (BaseJdbcLogger.java:143)- <====      Total: 1
2019-08-20 18:08:35,435 DEBUG (BaseJdbcLogger.java:143)- ====>  Preparing: select id, name, sex, birthday, phone, ID_number, email, parent_phone, adress, major, state from student_basic where id = ? 
2019-08-20 18:08:35,439 DEBUG (BaseJdbcLogger.java:143)- ====> Parameters: 12356(String)
2019-08-20 18:08:35,451 DEBUG (BaseJdbcLogger.java:143)- <====      Total: 1
2019-08-20 18:08:35,456 DEBUG (BaseJdbcLogger.java:143)- ====>  Preparing: select id, name, sex, birthday, phone, ID_number, email, parent_phone, adress, major, state from student_basic where id = ? 
2019-08-20 18:08:35,459 DEBUG (BaseJdbcLogger.java:143)- ====> Parameters: 12357(String)
2019-08-20 18:08:35,476 DEBUG (BaseJdbcLogger.java:143)- <====      Total: 1
2019-08-20 18:08:35,481 DEBUG (BaseJdbcLogger.java:143)- ====>  Preparing: select id, name, sex, birthday, phone, ID_number, email, parent_phone, adress, major, state from student_basic where id = ? 
2019-08-20 18:08:35,487 DEBUG (BaseJdbcLogger.java:143)- ====> Parameters: 12358(String)
2019-08-20 18:08:35,497 DEBUG (BaseJdbcLogger.java:143)- <====      Total: 1
2019-08-20 18:08:35,503 DEBUG (BaseJdbcLogger.java:143)- ====>  Preparing: select id, name, sex, birthday, phone, ID_number, email, parent_phone, adress, major, state from student_basic where id = ? 
2019-08-20 18:08:35,507 DEBUG (BaseJdbcLogger.java:143)- ====> Parameters: 12360(String)
2019-08-20 18:08:35,517 DEBUG (BaseJdbcLogger.java:143)- <====      Total: 1
2019-08-20 18:08:35,522 DEBUG (BaseJdbcLogger.java:143)- ====>  Preparing: select id, name, sex, birthday, phone, ID_number, email, parent_phone, adress, major, state from student_basic where id = ? 
2019-08-20 18:08:35,525 DEBUG (BaseJdbcLogger.java:143)- ====> Parameters: 12361(String)
2019-08-20 18:08:35,535 DEBUG (BaseJdbcLogger.java:143)- <====      Total: 1
2019-08-20 18:08:35,538 DEBUG (BaseJdbcLogger.java:143)- <==      Total: 25
2019-08-20 18:08:35,541 DEBUG (BaseJdbcLogger.java:143)- ==>  Preparing: select student_status.id,student_status.basic_id, student_status.student_id, student_status.class_id from student_status,student_basic where student_status.basic_id=student_basic.id and student_basic.sex=? and student_status.class_id=? 
2019-08-20 18:08:35,545 DEBUG (BaseJdbcLogger.java:143)- ==> Parameters: 女(String), 080703201903(String)
2019-08-20 18:08:35,554 DEBUG (BaseJdbcLogger.java:143)- ====>  Preparing: select id, name, sex, birthday, phone, ID_number, email, parent_phone, adress, major, state from student_basic where id = ? 
2019-08-20 18:08:35,557 DEBUG (BaseJdbcLogger.java:143)- ====> Parameters: 12320(String)
2019-08-20 18:08:35,568 DEBUG (BaseJdbcLogger.java:143)- <====      Total: 1
2019-08-20 18:08:35,572 DEBUG (BaseJdbcLogger.java:143)- ====>  Preparing: select id, class_id, name, director, grade, major_id from class where class_id = ? 
2019-08-20 18:08:35,574 DEBUG (BaseJdbcLogger.java:143)- ====> Parameters: 080703201903(String)
2019-08-20 18:08:35,582 DEBUG (BaseJdbcLogger.java:143)- ======>  Preparing: select id, major_id, name, price, department_id from major where major_id = ? 
2019-08-20 18:08:35,586 DEBUG (BaseJdbcLogger.java:143)- ======> Parameters: 080703(String)
2019-08-20 18:08:35,592 DEBUG (BaseJdbcLogger.java:143)- <======      Total: 1
2019-08-20 18:08:35,595 DEBUG (BaseJdbcLogger.java:143)- <====      Total: 1
2019-08-20 18:08:35,601 DEBUG (BaseJdbcLogger.java:143)- ====>  Preparing: select id, name, sex, birthday, phone, ID_number, email, parent_phone, adress, major, state from student_basic where id = ? 
2019-08-20 18:08:35,604 DEBUG (BaseJdbcLogger.java:143)- ====> Parameters: 12322(String)
2019-08-20 18:08:35,615 DEBUG (BaseJdbcLogger.java:143)- <====      Total: 1
2019-08-20 18:08:35,620 DEBUG (BaseJdbcLogger.java:143)- ====>  Preparing: select id, name, sex, birthday, phone, ID_number, email, parent_phone, adress, major, state from student_basic where id = ? 
