2019-08-22 18:39:25,931 DEBUG (BaseJdbcLogger.java:143)- ==> Parameters: 男(String), 080901201901(String)
2019-08-22 18:39:25,934 DEBUG (BaseJdbcLogger.java:143)- ====>  Preparing: select id, name, sex, birthday, phone, ID_number, email, parent_phone, adress, major, state from student_basic where id = ? 
2019-08-22 18:39:25,935 DEBUG (BaseJdbcLogger.java:143)- ====> Parameters: 12002(String)
2019-08-22 18:39:25,936 DEBUG (BaseJdbcLogger.java:143)- <====      Total: 1
2019-08-22 18:39:25,936 DEBUG (BaseJdbcLogger.java:143)- ====>  Preparing: select id, class_id, name, director, grade, major_id from class where class_id = ? 
2019-08-22 18:39:25,936 DEBUG (BaseJdbcLogger.java:143)- ====> Parameters: 080901201901(String)
2019-08-22 18:39:25,938 DEBUG (BaseJdbcLogger.java:143)- ======>  Preparing: select id, major_id, name, price, department_id from major where major_id = ? 
2019-08-22 18:39:25,938 DEBUG (BaseJdbcLogger.java:143)- ======> Parameters: 080901(String)
2019-08-22 18:39:25,939 DEBUG (BaseJdbcLogger.java:143)- <======      Total: 1
2019-08-22 18:39:25,939 DEBUG (BaseJdbcLogger.java:143)- <====      Total: 1
2019-08-22 18:39:25,939 DEBUG (BaseJdbcLogger.java:143)- ====>  Preparing: select id, name, sex, birthday, phone, ID_number, email, parent_phone, adress, major, state from student_basic where id = ? 
2019-08-22 18:39:25,940 DEBUG (BaseJdbcLogger.java:143)- ====> Parameters: 12003(String)
2019-08-22 18:39:25,942 DEBUG (BaseJdbcLogger.java:143)- <====      Total: 1
2019-08-22 18:39:25,943 DEBUG (BaseJdbcLogger.java:143)- ====>  Preparing: select id, name, sex, birthday, phone, ID_number, email, parent_phone, adress, major, state from student_basic where id = ? 
2019-08-22 18:39:25,944 DEBUG (BaseJdbcLogger.java:143)- ====> Parameters: 12006(String)
2019-08-22 18:39:25,945 DEBUG (BaseJdbcLogger.java:143)- <====      Total: 1
2019-08-22 18:39:25,945 DEBUG (BaseJdbcLogger.java:143)- ====>  Preparing: select id, name, sex, birthday, phone, ID_number, email, parent_phone, adress, major, state from student_basic where id = ? 
2019-08-22 18:39:25,946 DEBUG (BaseJdbcLogger.java:143)- ====> Parameters: 12007(String)
2019-08-22 18:39:25,946 DEBUG (BaseJdbcLogger.java:143)- <====      Total: 1
2019-08-22 18:39:25,947 DEBUG (BaseJdbcLogger.java:143)- ====>  Preparing: select id, name, sex, birthday, phone, ID_number, email, parent_phone, adress, major, state from student_basic where id = ? 
2019-08-22 18:39:25,947 DEBUG (BaseJdbcLogger.java:143)- ====> Parameters: 12009(String)
2019-08-22 18:39:25,948 DEBUG (BaseJdbcLogger.java:143)- <====      Total: 1
2019-08-22 18:39:25,948 DEBUG (BaseJdbcLogger.java:143)- ====>  Preparing: select id, name, sex, birthday, phone, ID_number, email, parent_phone, adress, major, state from student_basic where id = ? 
2019-08-22 18:39:25,948 DEBUG (BaseJdbcLogger.java:143)- ====> Parameters: 12012(String)
2019-08-22 18:39:25,949 DEBUG (BaseJdbcLogger.java:143)- <====      Total: 1
2019-08-22 18:39:25,949 DEBUG (BaseJdbcLogger.java:143)- ====>  Preparing: select id, name, sex, birthday, phone, ID_number, email, parent_phone, adress, major, state from student_basic where id = ? 
2019-08-22 18:39:25,950 DEBUG (BaseJdbcLogger.java:143)- ====> Parameters: 12016(String)
2019-08-22 18:39:25,950 DEBUG (BaseJdbcLogger.java:143)- <====      Total: 1
2019-08-22 18:39:25,950 DEBUG (BaseJdbcLogger.java:143)- ====>  Preparing: select id, name, sex, birthday, phone, ID_number, email, parent_phone, adress, major, state from student_basic where id = ? 
2019-08-22 18:39:25,951 DEBUG (BaseJdbcLogger.java:143)- ====> Parameters: 12019(String)
2019-08-22 18:39:25,951 DEBUG (BaseJdbcLogger.java:143)- <====      Total: 1
2019-08-22 18:39:25,952 DEBUG (BaseJdbcLogger.java:143)- ====>  Preparing: select id, name, sex, birthday, phone, ID_number, email, parent_phone, adress, major, state from student_basic where id = ? 
2019-08-22 18:39:25,952 DEBUG (BaseJdbcLogger.java:143)- ====> Parameters: 12021(String)
2019-08-22 18:39:25,953 DEBUG (BaseJdbcLogger.java:143)- <====      Total: 1
2019-08-22 18:39:25,953 DEBUG (BaseJdbcLogger.java:143)- ====>  Preparing: select id, name, sex, birthday, phone, ID_number, email, parent_phone, adress, major, state from student_basic where id = ? 
2019-08-22 18:39:25,953 DEBUG (BaseJdbcLogger.java:143)- ====> Parameters: 12022(String)
2019-08-22 18:39:25,954 DEBUG (BaseJdbcLogger.java:143)- <====      Total: 1
2019-08-22 18:39:25,955 DEBUG (BaseJdbcLogger.java:143)- ====>  Preparing: select id, name, sex, birthday, phone, ID_number, email, parent_phone, adress, major, state from student_basic where id = ? 
2019-08-22 18:39:25,955 DEBUG (BaseJdbcLogger.java:143)- ====> Parameters: 12024(String)
2019-08-22 18:39:25,956 DEBUG (BaseJdbcLogger.java:143)- <====      Total: 1
2019-08-22 18:39:25,956 DEBUG (BaseJdbcLogger.java:143)- ====>  Preparing: select id, name, sex, birthday, phone, ID_number, email, parent_phone, adress, major, state from student_basic where id = ? 
2019-08-22 18:39:25,958 DEBUG (BaseJdbcLogger.java:143)- ====> Parameters: 12027(String)
2019-08-22 18:39:25,959 DEBUG (BaseJdbcLogger.java:143)- <====      Total: 1
2019-08-22 18:39:25,959 DEBUG (BaseJdbcLogger.java:143)- ====>  Preparing: select id, name, sex, birthday, phone, ID_number, email, parent_phone, adress, major, state from student_basic where id = ? 
2019-08-22 18:39:25,960 DEBUG (BaseJdbcLogger.java:143)- ====> Parameters: 12029(String)
2019-08-22 18:39:25,961 DEBUG (BaseJdbcLogger.java:143)- <====      Total: 1
2019-08-22 18:39:25,962 DEBUG (BaseJdbcLogger.java:143)- ====>  Preparing: select id, name, sex, birthday, phone, ID_number, email, parent_phone, adress, major, state from student_basic where id = ? 
2019-08-22 18:39:25,962 DEBUG (BaseJdbcLogger.java:143)- ====> Parameters: 12031(String)
2019-08-22 18:39:25,962 DEBUG (BaseJdbcLogger.java:143)- <====      Total: 1
2019-08-22 18:39:25,963 DEBUG (BaseJdbcLogger.java:143)- ====>  Preparing: select id, name, sex, birthday, phone, ID_number, email, parent_phone, adress, major, state from student_basic where id = ? 
2019-08-22 18:39:25,963 DEBUG (BaseJdbcLogger.java:143)- ====> Parameters: 12033(String)
2019-08-22 18:39:25,964 DEBUG (BaseJdbcLogger.java:143)- <====      Total: 1
2019-08-22 18:39:25,964 DEBUG (BaseJdbcLogger.java:143)- ====>  Preparing: select id, name, sex, birthday, phone, ID_number, email, parent_phone, adress, major, state from student_basic where id = ? 
2019-08-22 18:39:25,964 DEBUG (BaseJdbcLogger.java:143)- ====> Parameters: 12035(String)
2019-08-22 18:39:25,965 DEBUG (BaseJdbcLogger.java:143)- <====      Total: 1
2019-08-22 18:39:25,965 DEBUG (BaseJdbcLogger.java:143)- ====>  Preparing: select id, name, sex, birthday, phone, ID_number, email, parent_phone, adress, major, state from student_basic where id = ? 
2019-08-22 18:39:25,966 DEBUG (BaseJdbcLogger.java:143)- ====> Parameters: 12036(String)
2019-08-22 18:39:25,966 DEBUG (BaseJdbcLogger.java:143)- <====      Total: 1
2019-08-22 18:39:25,967 DEBUG (BaseJdbcLogger.java:143)- ====>  Preparing: select id, name, sex, birthday, phone, ID_number, email, parent_phone, adress, major, state from student_basic where id = ? 
2019-08-22 18:39:25,967 DEBUG (BaseJdbcLogger.java:143)- ====> Parameters: 12037(String)
2019-08-22 18:39:25,968 DEBUG (BaseJdbcLogger.java:143)- <====      Total: 1
2019-08-22 18:39:25,968 DEBUG (BaseJdbcLogger.java:143)- ====>  Preparing: select id, name, sex, birthday, phone, ID_number, email, parent_phone, adress, major, state from student_basic where id = ? 
2019-08-22 18:39:25,968 DEBUG (BaseJdbcLogger.java:143)- ====> Parameters: 12039(String)
2019-08-22 18:39:25,969 DEBUG (BaseJdbcLogger.java:143)- <====      Total: 1
