2019-09-04 04:02:17,400 DEBUG (BaseJdbcLogger.java:143)- ====>  Preparing: select id, name, sex, birthday, phone, ID_number, email, parent_phone, adress, major, state from student_basic where id = ? 
2019-09-04 04:02:17,402 DEBUG (BaseJdbcLogger.java:143)- ====> Parameters: 19804(String)
2019-09-04 04:02:17,403 DEBUG (BaseJdbcLogger.java:143)- <====      Total: 1
2019-09-04 04:02:17,404 DEBUG (BaseJdbcLogger.java:143)- ====>  Preparing: select id, name, sex, birthday, phone, ID_number, email, parent_phone, adress, major, state from student_basic where id = ? 
2019-09-04 04:02:17,404 DEBUG (BaseJdbcLogger.java:143)- ====> Parameters: 19805(String)
2019-09-04 04:02:17,405 DEBUG (BaseJdbcLogger.java:143)- <====      Total: 1
2019-09-04 04:02:17,406 DEBUG (BaseJdbcLogger.java:143)- ====>  Preparing: select id, name, sex, birthday, phone, ID_number, email, parent_phone, adress, major, state from student_basic where id = ? 
2019-09-04 04:02:17,407 DEBUG (BaseJdbcLogger.java:143)- ====> Parameters: 19806(String)
2019-09-04 04:02:17,408 DEBUG (BaseJdbcLogger.java:143)- <====      Total: 1
2019-09-04 04:02:17,409 DEBUG (BaseJdbcLogger.java:143)- ====>  Preparing: select id, name, sex, birthday, phone, ID_number, email, parent_phone, adress, major, state from student_basic where id = ? 
2019-09-04 04:02:17,409 DEBUG (BaseJdbcLogger.java:143)- ====> Parameters: 19807(String)
2019-09-04 04:02:17,410 DEBUG (BaseJdbcLogger.java:143)- <====      Total: 1
2019-09-04 04:02:17,411 DEBUG (BaseJdbcLogger.java:143)- ====>  Preparing: select id, name, sex, birthday, phone, ID_number, email, parent_phone, adress, major, state from student_basic where id = ? 
2019-09-04 04:02:17,411 DEBUG (BaseJdbcLogger.java:143)- ====> Parameters: 19809(String)
2019-09-04 04:02:17,412 DEBUG (BaseJdbcLogger.java:143)- <====      Total: 1
2019-09-04 04:02:17,412 DEBUG (BaseJdbcLogger.java:143)- ====>  Preparing: select id, name, sex, birthday, phone, ID_number, email, parent_phone, adress, major, state from student_basic where id = ? 
2019-09-04 04:02:17,413 DEBUG (BaseJdbcLogger.java:143)- ====> Parameters: 19812(String)
2019-09-04 04:02:17,414 DEBUG (BaseJdbcLogger.java:143)- <====      Total: 1
2019-09-04 04:02:17,414 DEBUG (BaseJdbcLogger.java:143)- ====>  Preparing: select id, name, sex, birthday, phone, ID_number, email, parent_phone, adress, major, state from student_basic where id = ? 
2019-09-04 04:02:17,415 DEBUG (BaseJdbcLogger.java:143)- ====> Parameters: 19813(String)
2019-09-04 04:02:17,415 DEBUG (BaseJdbcLogger.java:143)- <====      Total: 1
2019-09-04 04:02:17,416 DEBUG (BaseJdbcLogger.java:143)- ====>  Preparing: select id, name, sex, birthday, phone, ID_number, email, parent_phone, adress, major, state from student_basic where id = ? 
2019-09-04 04:02:17,416 DEBUG (BaseJdbcLogger.java:143)- ====> Parameters: 19815(String)
2019-09-04 04:02:17,417 DEBUG (BaseJdbcLogger.java:143)- <====      Total: 1
2019-09-04 04:02:17,418 DEBUG (BaseJdbcLogger.java:143)- ====>  Preparing: select id, name, sex, birthday, phone, ID_number, email, parent_phone, adress, major, state from student_basic where id = ? 
2019-09-04 04:02:17,418 DEBUG (BaseJdbcLogger.java:143)- ====> Parameters: 19817(String)
2019-09-04 04:02:17,420 DEBUG (BaseJdbcLogger.java:143)- <====      Total: 1
2019-09-04 04:02:17,421 DEBUG (BaseJdbcLogger.java:143)- ====>  Preparing: select id, name, sex, birthday, phone, ID_number, email, parent_phone, adress, major, state from student_basic where id = ? 
2019-09-04 04:02:17,422 DEBUG (BaseJdbcLogger.java:143)- ====> Parameters: 19818(String)
2019-09-04 04:02:17,423 DEBUG (BaseJdbcLogger.java:143)- <====      Total: 1
2019-09-04 04:02:17,424 DEBUG (BaseJdbcLogger.java:143)- ====>  Preparing: select id, name, sex, birthday, phone, ID_number, email, parent_phone, adress, major, state from student_basic where id = ? 
2019-09-04 04:02:17,425 DEBUG (BaseJdbcLogger.java:143)- ====> Parameters: 19821(String)
2019-09-04 04:02:17,426 DEBUG (BaseJdbcLogger.java:143)- <====      Total: 1
2019-09-04 04:02:17,427 DEBUG (BaseJdbcLogger.java:143)- ====>  Preparing: select id, name, sex, birthday, phone, ID_number, email, parent_phone, adress, major, state from student_basic where id = ? 
2019-09-04 04:02:17,428 DEBUG (BaseJdbcLogger.java:143)- ====> Parameters: 19823(String)
2019-09-04 04:02:17,429 DEBUG (BaseJdbcLogger.java:143)- <====      Total: 1
2019-09-04 04:02:17,430 DEBUG (BaseJdbcLogger.java:143)- ====>  Preparing: select id, name, sex, birthday, phone, ID_number, email, parent_phone, adress, major, state from student_basic where id = ? 
2019-09-04 04:02:17,431 DEBUG (BaseJdbcLogger.java:143)- ====> Parameters: 19827(String)
2019-09-04 04:02:17,432 DEBUG (BaseJdbcLogger.java:143)- <====      Total: 1
2019-09-04 04:02:17,433 DEBUG (BaseJdbcLogger.java:143)- ====>  Preparing: select id, name, sex, birthday, phone, ID_number, email, parent_phone, adress, major, state from student_basic where id = ? 
2019-09-04 04:02:17,434 DEBUG (BaseJdbcLogger.java:143)- ====> Parameters: 19832(String)
2019-09-04 04:02:17,435 DEBUG (BaseJdbcLogger.java:143)- <====      Total: 1
2019-09-04 04:02:17,436 DEBUG (BaseJdbcLogger.java:143)- ====>  Preparing: select id, name, sex, birthday, phone, ID_number, email, parent_phone, adress, major, state from student_basic where id = ? 
2019-09-04 04:02:17,436 DEBUG (BaseJdbcLogger.java:143)- ====> Parameters: 19833(String)
2019-09-04 04:02:17,437 DEBUG (BaseJdbcLogger.java:143)- <====      Total: 1
2019-09-04 04:02:17,438 DEBUG (BaseJdbcLogger.java:143)- ====>  Preparing: select id, name, sex, birthday, phone, ID_number, email, parent_phone, adress, major, state from student_basic where id = ? 
2019-09-04 04:02:17,438 DEBUG (BaseJdbcLogger.java:143)- ====> Parameters: 19834(String)
2019-09-04 04:02:17,439 DEBUG (BaseJdbcLogger.java:143)- <====      Total: 1
2019-09-04 04:02:17,440 DEBUG (BaseJdbcLogger.java:143)- ====>  Preparing: select id, name, sex, birthday, phone, ID_number, email, parent_phone, adress, major, state from student_basic where id = ? 
2019-09-04 04:02:17,440 DEBUG (BaseJdbcLogger.java:143)- ====> Parameters: 19837(String)
2019-09-04 04:02:17,443 DEBUG (BaseJdbcLogger.java:143)- <====      Total: 1
2019-09-04 04:02:17,444 DEBUG (BaseJdbcLogger.java:143)- ==>  Preparing: select dormitory.id, dormitory.dong, dormitory.floor, dormitory.room, dormitory.sex, dormitory.number, dormitory.rent, dormitory.hasnumber from dormitory LEFT JOIN dormitory_allocation on dormitory_allocation.dormitory_id = dormitory.id LEFT JOIN class on dormitory_allocation.class_id=class.class_id LEFT JOIN major on class.major_id=major.major_id WHERE dong = ? and floor = ? group by dormitory.dong,dormitory.floor,dormitory.room 
2019-09-04 04:02:17,444 DEBUG (BaseJdbcLogger.java:143)- ====>  Preparing: select id, name, sex, birthday, phone, ID_number, email, parent_phone, adress, major, state from student_basic where id = ? 
2019-09-04 04:02:17,444 DEBUG (BaseJdbcLogger.java:143)- ====> Parameters: 19840(String)
2019-09-04 04:02:17,444 DEBUG (BaseJdbcLogger.java:143)- ==> Parameters: 1A(String), 1(Integer)
2019-09-04 04:02:17,445 DEBUG (BaseJdbcLogger.java:143)- <====      Total: 1
2019-09-04 04:02:17,446 DEBUG (BaseJdbcLogger.java:143)- ====>  Preparing: select id, name, sex, birthday, phone, ID_number, email, parent_phone, adress, major, state from student_basic where id = ? 
2019-09-04 04:02:17,446 DEBUG (BaseJdbcLogger.java:143)- ====> Parameters: 19841(String)
2019-09-04 04:02:17,449 DEBUG (BaseJdbcLogger.java:143)- <==      Total: 50
2019-09-04 04:02:17,456 DEBUG (BaseJdbcLogger.java:143)- <====      Total: 1
2019-09-04 04:02:17,457 DEBUG (BaseJdbcLogger.java:143)- ====>  Preparing: select id, name, sex, birthday, phone, ID_number, email, parent_phone, adress, major, state from student_basic where id = ? 
2019-09-04 04:02:17,458 DEBUG (BaseJdbcLogger.java:143)- ====> Parameters: 19846(String)
2019-09-04 04:02:17,459 DEBUG (BaseJdbcLogger.java:143)- <====      Total: 1
2019-09-04 04:02:17,460 DEBUG (BaseJdbcLogger.java:143)- ====>  Preparing: select id, name, sex, birthday, phone, ID_number, email, parent_phone, adress, major, state from student_basic where id = ? 
2019-09-04 04:02:17,460 DEBUG (BaseJdbcLogger.java:143)- ====> Parameters: 19847(String)
2019-09-04 04:02:17,461 DEBUG (BaseJdbcLogger.java:143)- <====      Total: 1
2019-09-04 04:02:17,462 DEBUG (BaseJdbcLogger.java:143)- <==      Total: 25
2019-09-04 04:02:17,462 DEBUG (BaseJdbcLogger.java:143)- ==>  Preparing: select dormitory_allocation.id, dormitory_allocation.class_id, dormitory_allocation.dormitory_id,dormitory_allocation.number from dormitory_allocation,dormitory WHERE dormitory_allocation.dormitory_id=dormitory.id and dormitory.sex=? and class_id = ? 
2019-09-04 04:02:17,463 DEBUG (BaseJdbcLogger.java:143)- ==> Parameters: 男(String), 080205201902(String)
2019-09-04 04:02:17,464 DEBUG (BaseJdbcLogger.java:143)- ====>  Preparing: select id, dong, floor, room, sex, number, rent,hasnumber from dormitory where id = ? 
2019-09-04 04:02:17,464 DEBUG (BaseJdbcLogger.java:143)- ====> Parameters: 20(Integer)
2019-09-04 04:02:17,465 DEBUG (BaseJdbcLogger.java:143)- <====      Total: 1
2019-09-04 04:02:17,465 DEBUG (BaseJdbcLogger.java:143)- ====>  Preparing: select id, dong, floor, room, sex, number, rent,hasnumber from dormitory where id = ? 
2019-09-04 04:02:17,466 DEBUG (BaseJdbcLogger.java:143)- ====> Parameters: 25(Integer)
2019-09-04 04:02:17,466 DEBUG (BaseJdbcLogger.java:143)- <====      Total: 1
2019-09-04 04:02:17,467 DEBUG (BaseJdbcLogger.java:143)- ====>  Preparing: select id, dong, floor, room, sex, number, rent,hasnumber from dormitory where id = ? 
2019-09-04 04:02:17,467 DEBUG (BaseJdbcLogger.java:143)- ====> Parameters: 26(Integer)
2019-09-04 04:02:17,468 DEBUG (BaseJdbcLogger.java:143)- <====      Total: 1
2019-09-04 04:02:17,468 DEBUG (BaseJdbcLogger.java:143)- ====>  Preparing: select id, dong, floor, room, sex, number, rent,hasnumber from dormitory where id = ? 
2019-09-04 04:02:17,469 DEBUG (BaseJdbcLogger.java:143)- ====> Parameters: 27(Integer)
2019-09-04 04:02:17,469 DEBUG (BaseJdbcLogger.java:143)- <====      Total: 1
2019-09-04 04:02:17,470 DEBUG (BaseJdbcLogger.java:143)- ====>  Preparing: select id, dong, floor, room, sex, number, rent,hasnumber from dormitory where id = ? 
2019-09-04 04:02:17,470 DEBUG (BaseJdbcLogger.java:143)- ====> Parameters: 28(Integer)
2019-09-04 04:02:17,471 DEBUG (BaseJdbcLogger.java:143)- <====      Total: 1
2019-09-04 04:02:17,471 DEBUG (BaseJdbcLogger.java:143)- ====>  Preparing: select id, dong, floor, room, sex, number, rent,hasnumber from dormitory where id = ? 
2019-09-04 04:02:17,472 DEBUG (BaseJdbcLogger.java:143)- ====> Parameters: 29(Integer)
2019-09-04 04:02:17,472 DEBUG (BaseJdbcLogger.java:143)- <====      Total: 1
2019-09-04 04:02:17,473 DEBUG (BaseJdbcLogger.java:143)- ====>  Preparing: select id, dong, floor, room, sex, number, rent,hasnumber from dormitory where id = ? 
2019-09-04 04:02:17,474 DEBUG (BaseJdbcLogger.java:143)- ====> Parameters: 30(Integer)
2019-09-04 04:02:17,474 DEBUG (BaseJdbcLogger.java:143)- <====      Total: 1
2019-09-04 04:02:17,475 DEBUG (BaseJdbcLogger.java:143)- <==      Total: 7
2019-09-04 04:02:17,475 DEBUG (BaseJdbcLogger.java:143)- ==>  Preparing: select student_status.id,student_status.basic_id, student_status.student_id, student_status.class_id from student_status,student_basic where student_status.basic_id=student_basic.id and student_basic.sex=? and student_status.class_id=? 
2019-09-04 04:02:17,476 DEBUG (BaseJdbcLogger.java:143)- ==> Parameters: 男(String), 080205201903(String)
2019-09-04 04:02:17,477 DEBUG (BaseJdbcLogger.java:143)- ====>  Preparing: select id, name, sex, birthday, phone, ID_number, email, parent_phone, adress, major, state from student_basic where id = ? 
2019-09-04 04:02:17,478 DEBUG (BaseJdbcLogger.java:143)- ====> Parameters: 19848(String)
2019-09-04 04:02:17,480 DEBUG (BaseJdbcLogger.java:143)- <====      Total: 1
2019-09-04 04:02:17,480 DEBUG (BaseJdbcLogger.java:143)- ====>  Preparing: select id, class_id, name, director, grade, major_id from class where class_id = ? 
2019-09-04 04:02:17,480 DEBUG (BaseJdbcLogger.java:143)- ====> Parameters: 080205201903(String)
2019-09-04 04:02:17,481 DEBUG (BaseJdbcLogger.java:143)- ======>  Preparing: select id, major_id, name, price, department_id from major where major_id = ? 
2019-09-04 04:02:17,482 DEBUG (BaseJdbcLogger.java:143)- ======> Parameters: 080205(String)
2019-09-04 04:02:17,484 DEBUG (BaseJdbcLogger.java:143)- <======      Total: 1
2019-09-04 04:02:17,484 DEBUG (BaseJdbcLogger.java:143)- <====      Total: 1
2019-09-04 04:02:17,485 DEBUG (BaseJdbcLogger.java:143)- ====>  Preparing: select id, name, sex, birthday, phone, ID_number, email, parent_phone, adress, major, state from student_basic where id = ? 
2019-09-04 04:02:17,485 DEBUG (BaseJdbcLogger.java:143)- ====> Parameters: 19849(String)
2019-09-04 04:02:17,487 DEBUG (BaseJdbcLogger.java:143)- <====      Total: 1
2019-09-04 04:02:17,487 DEBUG (BaseJdbcLogger.java:143)- ====>  Preparing: select id, name, sex, birthday, phone, ID_number, email, parent_phone, adress, major, state from student_basic where id = ? 
2019-09-04 04:02:17,488 DEBUG (BaseJdbcLogger.java:143)- ====> Parameters: 19853(String)
2019-09-04 04:02:17,489 DEBUG (BaseJdbcLogger.java:143)- <====      Total: 1
2019-09-04 04:02:17,489 DEBUG (BaseJdbcLogger.java:143)- ====>  Preparing: select id, name, sex, birthday, phone, ID_number, email, parent_phone, adress, major, state from student_basic where id = ? 
2019-09-04 04:02:17,490 DEBUG (BaseJdbcLogger.java:143)- ====> Parameters: 19854(String)
2019-09-04 04:02:17,491 DEBUG (BaseJdbcLogger.java:143)- <====      Total: 1
2019-09-04 04:02:17,492 DEBUG (BaseJdbcLogger.java:143)- ====>  Preparing: select id, name, sex, birthday, phone, ID_number, email, parent_phone, adress, major, state from student_basic where id = ? 
2019-09-04 04:02:17,492 DEBUG (BaseJdbcLogger.java:143)- ====> Parameters: 19856(String)
2019-09-04 04:02:17,492 DEBUG (BaseJdbcLogger.java:143)- <====      Total: 1
2019-09-04 04:02:17,493 DEBUG (BaseJdbcLogger.java:143)- ====>  Preparing: select id, name, sex, birthday, phone, ID_number, email, parent_phone, adress, major, state from student_basic where id = ? 
2019-09-04 04:02:17,494 DEBUG (BaseJdbcLogger.java:143)- ====> Parameters: 19859(String)
2019-09-04 04:02:17,496 DEBUG (BaseJdbcLogger.java:143)- <====      Total: 1
2019-09-04 04:02:17,497 DEBUG (BaseJdbcLogger.java:143)- ====>  Preparing: select id, name, sex, birthday, phone, ID_number, email, parent_phone, adress, major, state from student_basic where id = ? 
2019-09-04 04:02:17,498 DEBUG (BaseJdbcLogger.java:143)- ====> Parameters: 19860(String)
2019-09-04 04:02:17,499 DEBUG (BaseJdbcLogger.java:143)- <====      Total: 1
2019-09-04 04:02:17,500 DEBUG (BaseJdbcLogger.java:143)- ====>  Preparing: select id, name, sex, birthday, phone, ID_number, email, parent_phone, adress, major, state from student_basic where id = ? 
2019-09-04 04:02:17,501 DEBUG (BaseJdbcLogger.java:143)- ====> Parameters: 19862(String)
2019-09-04 04:02:17,502 DEBUG (BaseJdbcLogger.java:143)- <====      Total: 1
2019-09-04 04:02:17,503 DEBUG (BaseJdbcLogger.java:143)- ====>  Preparing: select id, name, sex, birthday, phone, ID_number, email, parent_phone, adress, major, state from student_basic where id = ? 
2019-09-04 04:02:17,504 DEBUG (BaseJdbcLogger.java:143)- ====> Parameters: 19867(String)
2019-09-04 04:02:17,505 DEBUG (BaseJdbcLogger.java:143)- <====      Total: 1
2019-09-04 04:02:17,506 DEBUG (BaseJdbcLogger.java:143)- ====>  Preparing: select id, name, sex, birthday, phone, ID_number, email, parent_phone, adress, major, state from student_basic where id = ? 
2019-09-04 04:02:17,507 DEBUG (BaseJdbcLogger.java:143)- ====> Parameters: 19870(String)
2019-09-04 04:02:17,508 DEBUG (BaseJdbcLogger.java:143)- <====      Total: 1
2019-09-04 04:02:17,509 DEBUG (BaseJdbcLogger.java:143)- ====>  Preparing: select id, name, sex, birthday, phone, ID_number, email, parent_phone, adress, major, state from student_basic where id = ? 
2019-09-04 04:02:17,510 DEBUG (BaseJdbcLogger.java:143)- ====> Parameters: 19872(String)
2019-09-04 04:02:17,512 DEBUG (BaseJdbcLogger.java:143)- <====      Total: 1
2019-09-04 04:02:17,513 DEBUG (BaseJdbcLogger.java:143)- ====>  Preparing: select id, name, sex, birthday, phone, ID_number, email, parent_phone, adress, major, state from student_basic where id = ? 
2019-09-04 04:02:17,513 DEBUG (BaseJdbcLogger.java:143)- ====> Parameters: 19875(String)
2019-09-04 04:02:17,514 DEBUG (BaseJdbcLogger.java:143)- <====      Total: 1
2019-09-04 04:02:17,515 DEBUG (BaseJdbcLogger.java:143)- ====>  Preparing: select id, name, sex, birthday, phone, ID_number, email, parent_phone, adress, major, state from student_basic where id = ? 
2019-09-04 04:02:17,515 DEBUG (BaseJdbcLogger.java:143)- ====> Parameters: 19876(String)
2019-09-04 04:02:17,517 DEBUG (BaseJdbcLogger.java:143)- <====      Total: 1
2019-09-04 04:02:17,517 DEBUG (BaseJdbcLogger.java:143)- ====>  Preparing: select id, name, sex, birthday, phone, ID_number, email, parent_phone, adress, major, state from student_basic where id = ? 
2019-09-04 04:02:17,518 DEBUG (BaseJdbcLogger.java:143)- ====> Parameters: 19878(String)
2019-09-04 04:02:17,520 DEBUG (BaseJdbcLogger.java:143)- <====      Total: 1
2019-09-04 04:02:17,520 DEBUG (BaseJdbcLogger.java:143)- ====>  Preparing: select id, name, sex, birthday, phone, ID_number, email, parent_phone, adress, major, state from student_basic where id = ? 
2019-09-04 04:02:17,521 DEBUG (BaseJdbcLogger.java:143)- ====> Parameters: 19881(String)
2019-09-04 04:02:17,522 DEBUG (BaseJdbcLogger.java:143)- <====      Total: 1
2019-09-04 04:02:17,523 DEBUG (BaseJdbcLogger.java:143)- ====>  Preparing: select id, name, sex, birthday, phone, ID_number, email, parent_phone, adress, major, state from student_basic where id = ? 
2019-09-04 04:02:17,523 DEBUG (BaseJdbcLogger.java:143)- ====> Parameters: 19882(String)
2019-09-04 04:02:17,524 DEBUG (BaseJdbcLogger.java:143)- <====      Total: 1
2019-09-04 04:02:17,525 DEBUG (BaseJdbcLogger.java:143)- ====>  Preparing: select id, name, sex, birthday, phone, ID_number, email, parent_phone, adress, major, state from student_basic where id = ? 
2019-09-04 04:02:17,526 DEBUG (BaseJdbcLogger.java:143)- ====> Parameters: 19883(String)
2019-09-04 04:02:17,527 DEBUG (BaseJdbcLogger.java:143)- <====      Total: 1
2019-09-04 04:02:17,527 DEBUG (BaseJdbcLogger.java:143)- ====>  Preparing: select id, name, sex, birthday, phone, ID_number, email, parent_phone, adress, major, state from student_basic where id = ? 
2019-09-04 04:02:17,529 DEBUG (BaseJdbcLogger.java:143)- ====> Parameters: 19884(String)
2019-09-04 04:02:17,531 DEBUG (BaseJdbcLogger.java:143)- <====      Total: 1
2019-09-04 04:02:17,532 DEBUG (BaseJdbcLogger.java:143)- ====>  Preparing: select id, name, sex, birthday, phone, ID_number, email, parent_phone, adress, major, state from student_basic where id = ? 
2019-09-04 04:02:17,533 DEBUG (BaseJdbcLogger.java:143)- ====> Parameters: 19887(String)
2019-09-04 04:02:17,535 DEBUG (BaseJdbcLogger.java:143)- <====      Total: 1
2019-09-04 04:02:17,536 DEBUG (BaseJdbcLogger.java:143)- ====>  Preparing: select id, name, sex, birthday, phone, ID_number, email, parent_phone, adress, major, state from student_basic where id = ? 
2019-09-04 04:02:17,536 DEBUG (BaseJdbcLogger.java:143)- ====> Parameters: 19888(String)
2019-09-04 04:02:17,537 DEBUG (BaseJdbcLogger.java:143)- <====      Total: 1
2019-09-04 04:02:17,538 DEBUG (BaseJdbcLogger.java:143)- ====>  Preparing: select id, name, sex, birthday, phone, ID_number, email, parent_phone, adress, major, state from student_basic where id = ? 
2019-09-04 04:02:17,538 DEBUG (BaseJdbcLogger.java:143)- ====> Parameters: 19890(String)
2019-09-04 04:02:17,539 DEBUG (BaseJdbcLogger.java:143)- <====      Total: 1
2019-09-04 04:02:17,540 DEBUG (BaseJdbcLogger.java:143)- ====>  Preparing: select id, name, sex, birthday, phone, ID_number, email, parent_phone, adress, major, state from student_basic where id = ? 
2019-09-04 04:02:17,540 DEBUG (BaseJdbcLogger.java:143)- ====> Parameters: 19891(String)
2019-09-04 04:02:17,541 DEBUG (BaseJdbcLogger.java:143)- <====      Total: 1
2019-09-04 04:02:17,543 DEBUG (BaseJdbcLogger.java:143)- ====>  Preparing: select id, name, sex, birthday, phone, ID_number, email, parent_phone, adress, major, state from student_basic where id = ? 
2019-09-04 04:02:17,544 DEBUG (BaseJdbcLogger.java:143)- ====> Parameters: 19892(String)
2019-09-04 04:02:17,545 DEBUG (BaseJdbcLogger.java:143)- <====      Total: 1
2019-09-04 04:02:17,546 DEBUG (BaseJdbcLogger.java:143)- ====>  Preparing: select id, name, sex, birthday, phone, ID_number, email, parent_phone, adress, major, state from student_basic where id = ? 
2019-09-04 04:02:17,546 DEBUG (BaseJdbcLogger.java:143)- ====> Parameters: 19895(String)
2019-09-04 04:02:17,548 DEBUG (BaseJdbcLogger.java:143)- <====      Total: 1
2019-09-04 04:02:17,549 DEBUG (BaseJdbcLogger.java:143)- ====>  Preparing: select id, name, sex, birthday, phone, ID_number, email, parent_phone, adress, major, state from student_basic where id = ? 
2019-09-04 04:02:17,549 DEBUG (BaseJdbcLogger.java:143)- ====> Parameters: 19896(String)
2019-09-04 04:02:17,550 DEBUG (BaseJdbcLogger.java:143)- <====      Total: 1
2019-09-04 04:02:17,551 DEBUG (BaseJdbcLogger.java:143)- <==      Total: 25
2019-09-04 04:02:17,551 DEBUG (BaseJdbcLogger.java:143)- ==>  Preparing: select dormitory_allocation.id, dormitory_allocation.class_id, dormitory_allocation.dormitory_id,dormitory_allocation.number from dormitory_allocation,dormitory WHERE dormitory_allocation.dormitory_id=dormitory.id and dormitory.sex=? and class_id = ? 
2019-09-04 04:02:17,551 DEBUG (BaseJdbcLogger.java:143)- ==> Parameters: 男(String), 080205201903(String)
2019-09-04 04:02:17,552 DEBUG (BaseJdbcLogger.java:143)- ====>  Preparing: select id, dong, floor, room, sex, number, rent,hasnumber from dormitory where id = ? 
2019-09-04 04:02:17,553 DEBUG (BaseJdbcLogger.java:143)- ====> Parameters: 31(Integer)
2019-09-04 04:02:17,554 DEBUG (BaseJdbcLogger.java:143)- <====      Total: 1
2019-09-04 04:02:17,554 DEBUG (BaseJdbcLogger.java:143)- ====>  Preparing: select id, dong, floor, room, sex, number, rent,hasnumber from dormitory where id = ? 
2019-09-04 04:02:17,555 DEBUG (BaseJdbcLogger.java:143)- ====> Parameters: 32(Integer)
2019-09-04 04:02:17,556 DEBUG (BaseJdbcLogger.java:143)- <====      Total: 1
2019-09-04 04:02:17,556 DEBUG (BaseJdbcLogger.java:143)- ====>  Preparing: select id, dong, floor, room, sex, number, rent,hasnumber from dormitory where id = ? 
2019-09-04 04:02:17,556 DEBUG (BaseJdbcLogger.java:143)- ====> Parameters: 33(Integer)
2019-09-04 04:02:17,558 DEBUG (BaseJdbcLogger.java:143)- <====      Total: 1
2019-09-04 04:02:17,559 DEBUG (BaseJdbcLogger.java:143)- ====>  Preparing: select id, dong, floor, room, sex, number, rent,hasnumber from dormitory where id = ? 
2019-09-04 04:02:17,559 DEBUG (BaseJdbcLogger.java:143)- ====> Parameters: 34(Integer)
2019-09-04 04:02:17,561 DEBUG (BaseJdbcLogger.java:143)- <====      Total: 1
2019-09-04 04:02:17,562 DEBUG (BaseJdbcLogger.java:143)- ====>  Preparing: select id, dong, floor, room, sex, number, rent,hasnumber from dormitory where id = ? 
2019-09-04 04:02:17,563 DEBUG (BaseJdbcLogger.java:143)- ====> Parameters: 35(Integer)
2019-09-04 04:02:17,563 DEBUG (BaseJdbcLogger.java:143)- <====      Total: 1
2019-09-04 04:02:17,564 DEBUG (BaseJdbcLogger.java:143)- ====>  Preparing: select id, dong, floor, room, sex, number, rent,hasnumber from dormitory where id = ? 
2019-09-04 04:02:17,564 DEBUG (BaseJdbcLogger.java:143)- ====> Parameters: 36(Integer)
2019-09-04 04:02:17,565 DEBUG (BaseJdbcLogger.java:143)- <====      Total: 1
2019-09-04 04:02:17,566 DEBUG (BaseJdbcLogger.java:143)- <==      Total: 6
2019-09-04 04:02:17,566 DEBUG (BaseJdbcLogger.java:143)- ==>  Preparing: select student_status.id,student_status.basic_id, student_status.student_id, student_status.class_id from student_status,student_basic where student_status.basic_id=student_basic.id and student_basic.sex=? and student_status.class_id=? 
2019-09-04 04:02:17,566 DEBUG (BaseJdbcLogger.java:143)- ==> Parameters: 男(String), 130503201901(String)
2019-09-04 04:02:17,567 DEBUG (BaseJdbcLogger.java:143)- ====>  Preparing: select id, name, sex, birthday, phone, ID_number, email, parent_phone, adress, major, state from student_basic where id = ? 
2019-09-04 04:02:17,568 DEBUG (BaseJdbcLogger.java:143)- ====> Parameters: 19580(String)
2019-09-04 04:02:17,569 DEBUG (BaseJdbcLogger.java:143)- <====      Total: 1
2019-09-04 04:02:17,569 DEBUG (BaseJdbcLogger.java:143)- ====>  Preparing: select id, class_id, name, director, grade, major_id from class where class_id = ? 
2019-09-04 04:02:17,570 DEBUG (BaseJdbcLogger.java:143)- ====> Parameters: 130503201901(String)
2019-09-04 04:02:17,570 DEBUG (BaseJdbcLogger.java:143)- ======>  Preparing: select id, major_id, name, price, department_id from major where major_id = ? 
2019-09-04 04:02:17,571 DEBUG (BaseJdbcLogger.java:143)- ======> Parameters: 130503(String)
2019-09-04 04:02:17,571 DEBUG (BaseJdbcLogger.java:143)- <======      Total: 1
2019-09-04 04:02:17,572 DEBUG (BaseJdbcLogger.java:143)- <====      Total: 1
2019-09-04 04:02:17,572 DEBUG (BaseJdbcLogger.java:143)- ====>  Preparing: select id, name, sex, birthday, phone, ID_number, email, parent_phone, adress, major, state from student_basic where id = ? 
2019-09-04 04:02:17,573 DEBUG (BaseJdbcLogger.java:143)- ====> Parameters: 19581(String)
2019-09-04 04:02:17,574 DEBUG (BaseJdbcLogger.java:143)- <====      Total: 1
2019-09-04 04:02:17,574 DEBUG (BaseJdbcLogger.java:143)- ====>  Preparing: select id, name, sex, birthday, phone, ID_number, email, parent_phone, adress, major, state from student_basic where id = ? 
2019-09-04 04:02:17,575 DEBUG (BaseJdbcLogger.java:143)- ====> Parameters: 19585(String)
2019-09-04 04:02:17,576 DEBUG (BaseJdbcLogger.java:143)- <====      Total: 1
2019-09-04 04:02:17,577 DEBUG (BaseJdbcLogger.java:143)- ====>  Preparing: select id, name, sex, birthday, phone, ID_number, email, parent_phone, adress, major, state from student_basic where id = ? 
2019-09-04 04:02:17,578 DEBUG (BaseJdbcLogger.java:143)- ====> Parameters: 19586(String)
2019-09-04 04:02:17,579 DEBUG (BaseJdbcLogger.java:143)- <====      Total: 1
2019-09-04 04:02:17,579 DEBUG (BaseJdbcLogger.java:143)- ====>  Preparing: select id, name, sex, birthday, phone, ID_number, email, parent_phone, adress, major, state from student_basic where id = ? 
2019-09-04 04:02:17,580 DEBUG (BaseJdbcLogger.java:143)- ====> Parameters: 19587(String)
2019-09-04 04:02:17,580 DEBUG (BaseJdbcLogger.java:143)- <====      Total: 1
2019-09-04 04:02:17,581 DEBUG (BaseJdbcLogger.java:143)- ====>  Preparing: select id, name, sex, birthday, phone, ID_number, email, parent_phone, adress, major, state from student_basic where id = ? 
2019-09-04 04:02:17,581 DEBUG (BaseJdbcLogger.java:143)- ====> Parameters: 19589(String)
2019-09-04 04:02:17,582 DEBUG (BaseJdbcLogger.java:143)- <====      Total: 1
2019-09-04 04:02:17,583 DEBUG (BaseJdbcLogger.java:143)- ====>  Preparing: select id, name, sex, birthday, phone, ID_number, email, parent_phone, adress, major, state from student_basic where id = ? 
2019-09-04 04:02:17,583 DEBUG (BaseJdbcLogger.java:143)- ====> Parameters: 19593(String)
2019-09-04 04:02:17,585 DEBUG (BaseJdbcLogger.java:143)- <====      Total: 1
2019-09-04 04:02:17,585 DEBUG (BaseJdbcLogger.java:143)- ====>  Preparing: select id, name, sex, birthday, phone, ID_number, email, parent_phone, adress, major, state from student_basic where id = ? 
2019-09-04 04:02:17,585 DEBUG (BaseJdbcLogger.java:143)- ====> Parameters: 19594(String)
2019-09-04 04:02:17,586 DEBUG (BaseJdbcLogger.java:143)- <====      Total: 1
2019-09-04 04:02:17,587 DEBUG (BaseJdbcLogger.java:143)- ====>  Preparing: select id, name, sex, birthday, phone, ID_number, email, parent_phone, adress, major, state from student_basic where id = ? 
2019-09-04 04:02:17,587 DEBUG (BaseJdbcLogger.java:143)- ====> Parameters: 19595(String)
2019-09-04 04:02:17,588 DEBUG (BaseJdbcLogger.java:143)- <====      Total: 1
2019-09-04 04:02:17,588 DEBUG (BaseJdbcLogger.java:143)- ====>  Preparing: select id, name, sex, birthday, phone, ID_number, email, parent_phone, adress, major, state from student_basic where id = ? 
2019-09-04 04:02:17,588 DEBUG (BaseJdbcLogger.java:143)- ====> Parameters: 19596(String)
2019-09-04 04:02:17,589 DEBUG (BaseJdbcLogger.java:143)- <====      Total: 1
2019-09-04 04:02:17,590 DEBUG (BaseJdbcLogger.java:143)- ====>  Preparing: select id, name, sex, birthday, phone, ID_number, email, parent_phone, adress, major, state from student_basic where id = ? 
2019-09-04 04:02:17,591 DEBUG (BaseJdbcLogger.java:143)- ====> Parameters: 19598(String)
2019-09-04 04:02:17,591 DEBUG (BaseJdbcLogger.java:143)- <====      Total: 1
2019-09-04 04:02:17,591 DEBUG (BaseJdbcLogger.java:143)- ====>  Preparing: select id, name, sex, birthday, phone, ID_number, email, parent_phone, adress, major, state from student_basic where id = ? 
2019-09-04 04:02:17,592 DEBUG (BaseJdbcLogger.java:143)- ====> Parameters: 19600(String)
2019-09-04 04:02:17,592 DEBUG (BaseJdbcLogger.java:143)- <====      Total: 1
2019-09-04 04:02:17,593 DEBUG (BaseJdbcLogger.java:143)- ====>  Preparing: select id, name, sex, birthday, phone, ID_number, email, parent_phone, adress, major, state from student_basic where id = ? 
2019-09-04 04:02:17,593 DEBUG (BaseJdbcLogger.java:143)- ====> Parameters: 19601(String)
2019-09-04 04:02:17,594 DEBUG (BaseJdbcLogger.java:143)- <====      Total: 1
2019-09-04 04:02:17,594 DEBUG (BaseJdbcLogger.java:143)- ====>  Preparing: select id, name, sex, birthday, phone, ID_number, email, parent_phone, adress, major, state from student_basic where id = ? 
2019-09-04 04:02:17,595 DEBUG (BaseJdbcLogger.java:143)- ====> Parameters: 19602(String)
2019-09-04 04:02:17,595 DEBUG (BaseJdbcLogger.java:143)- <====      Total: 1
2019-09-04 04:02:17,596 DEBUG (BaseJdbcLogger.java:143)- ====>  Preparing: select id, name, sex, birthday, phone, ID_number, email, parent_phone, adress, major, state from student_basic where id = ? 
2019-09-04 04:02:17,596 DEBUG (BaseJdbcLogger.java:143)- ====> Parameters: 19603(String)
2019-09-04 04:02:17,597 DEBUG (BaseJdbcLogger.java:143)- <====      Total: 1
2019-09-04 04:02:17,598 DEBUG (BaseJdbcLogger.java:143)- ====>  Preparing: select id, name, sex, birthday, phone, ID_number, email, parent_phone, adress, major, state from student_basic where id = ? 
2019-09-04 04:02:17,598 DEBUG (BaseJdbcLogger.java:143)- ====> Parameters: 19604(String)
2019-09-04 04:02:17,599 DEBUG (BaseJdbcLogger.java:143)- <====      Total: 1
2019-09-04 04:02:17,600 DEBUG (BaseJdbcLogger.java:143)- ====>  Preparing: select id, name, sex, birthday, phone, ID_number, email, parent_phone, adress, major, state from student_basic where id = ? 
2019-09-04 04:02:17,600 DEBUG (BaseJdbcLogger.java:143)- ====> Parameters: 19605(String)
2019-09-04 04:02:17,601 DEBUG (BaseJdbcLogger.java:143)- <====      Total: 1
2019-09-04 04:02:17,601 DEBUG (BaseJdbcLogger.java:143)- ====>  Preparing: select id, name, sex, birthday, phone, ID_number, email, parent_phone, adress, major, state from student_basic where id = ? 
