2019-09-04 03:59:29,043 DEBUG (BaseJdbcLogger.java:143)- ==>  Preparing: insert into dormitory_allocation (class_id, dormitory_id,number) values ( ?, ?, ? ) 
2019-09-04 03:59:29,045 DEBUG (BaseJdbcLogger.java:143)- ==> Parameters: 080702201903(String), 18(Integer), 5(Integer)
2019-09-04 03:59:29,058 DEBUG (BaseJdbcLogger.java:143)- <==    Updates: 1
2019-09-04 03:59:29,059 DEBUG (BaseJdbcLogger.java:143)- ==>  Preparing: select id, dong, floor, room, sex, number, rent,hasnumber from dormitory where id = ? 
2019-09-04 03:59:29,062 DEBUG (BaseJdbcLogger.java:143)- ==> Parameters: 18(Integer)
2019-09-04 03:59:29,063 DEBUG (BaseJdbcLogger.java:143)- <==      Total: 1
2019-09-04 03:59:29,063 DEBUG (BaseJdbcLogger.java:143)- ==>  Preparing: update dormitory set dong = ?, floor = ?, room = ?, sex = ?, number = ?, rent = ?, hasnumber = ? where id = ? 
2019-09-04 03:59:29,064 DEBUG (BaseJdbcLogger.java:143)- ==> Parameters: 1A(String), 1(Integer), 18(Integer), 男(String), 5(Integer), 1250(String), 5(Integer), 18(Integer)
2019-09-04 03:59:29,068 DEBUG (BaseJdbcLogger.java:143)- <==    Updates: 1
2019-09-04 03:59:29,100 DEBUG (BaseJdbcLogger.java:143)- ==>  Preparing: select id, class_id, name, director, grade, major_id from class 
2019-09-04 03:59:29,101 DEBUG (BaseJdbcLogger.java:143)- ==> Parameters: 
2019-09-04 03:59:29,102 DEBUG (BaseJdbcLogger.java:143)- ====>  Preparing: select id, major_id, name, price, department_id from major where major_id = ? 
2019-09-04 03:59:29,103 DEBUG (BaseJdbcLogger.java:143)- ====> Parameters: 081001(String)
2019-09-04 03:59:29,104 DEBUG (BaseJdbcLogger.java:143)- <====      Total: 1
2019-09-04 03:59:29,106 DEBUG (BaseJdbcLogger.java:143)- ====>  Preparing: select id, major_id, name, price, department_id from major where major_id = ? 
2019-09-04 03:59:29,106 DEBUG (BaseJdbcLogger.java:143)- ====> Parameters: 080205(String)
2019-09-04 03:59:29,109 DEBUG (BaseJdbcLogger.java:143)- <====      Total: 1
2019-09-04 03:59:29,110 DEBUG (BaseJdbcLogger.java:143)- ====>  Preparing: select id, major_id, name, price, department_id from major where major_id = ? 
2019-09-04 03:59:29,110 DEBUG (BaseJdbcLogger.java:143)- ==>  Preparing: select DISTINCT dormitory.dong from dormitory where dormitory.sex=? 
2019-09-04 03:59:29,111 DEBUG (BaseJdbcLogger.java:143)- ====> Parameters: 130503(String)
2019-09-04 03:59:29,111 DEBUG (BaseJdbcLogger.java:143)- ==> Parameters: 男(String)
2019-09-04 03:59:29,113 DEBUG (BaseJdbcLogger.java:143)- <====      Total: 1
2019-09-04 03:59:29,113 DEBUG (BaseJdbcLogger.java:143)- <==      Total: 2
2019-09-04 03:59:29,113 DEBUG (BaseJdbcLogger.java:143)- ====>  Preparing: select id, major_id, name, price, department_id from major where major_id = ? 
2019-09-04 03:59:29,114 DEBUG (BaseJdbcLogger.java:143)- ====> Parameters: 080702(String)
2019-09-04 03:59:29,123 DEBUG (BaseJdbcLogger.java:143)- <====      Total: 1
2019-09-04 03:59:29,123 DEBUG (BaseJdbcLogger.java:143)- ====>  Preparing: select id, major_id, name, price, department_id from major where major_id = ? 
2019-09-04 03:59:29,124 DEBUG (BaseJdbcLogger.java:143)- ====> Parameters: 080901(String)
2019-09-04 03:59:29,125 DEBUG (BaseJdbcLogger.java:143)- <====      Total: 1
2019-09-04 03:59:29,125 DEBUG (BaseJdbcLogger.java:143)- ====>  Preparing: select id, major_id, name, price, department_id from major where major_id = ? 
2019-09-04 03:59:29,126 DEBUG (BaseJdbcLogger.java:143)- ====> Parameters: 080703(String)
2019-09-04 03:59:29,127 DEBUG (BaseJdbcLogger.java:143)- <====      Total: 1
2019-09-04 03:59:29,128 DEBUG (BaseJdbcLogger.java:143)- ====>  Preparing: select id, major_id, name, price, department_id from major where major_id = ? 
2019-09-04 03:59:29,129 DEBUG (BaseJdbcLogger.java:143)- ====> Parameters: 082803(String)
2019-09-04 03:59:29,129 DEBUG (BaseJdbcLogger.java:143)- <====      Total: 1
2019-09-04 03:59:29,131 DEBUG (BaseJdbcLogger.java:143)- <==      Total: 22
2019-09-04 03:59:29,131 DEBUG (BaseJdbcLogger.java:143)- ==>  Preparing: select student_status.id,student_status.basic_id, student_status.student_id, student_status.class_id from student_status,student_basic where student_status.basic_id=student_basic.id and student_basic.sex=? and student_status.class_id=? 
