2019-10-26 11:39:26,747 DEBUG (BaseJdbcLogger.java:143)- ====>  Preparing: select id, name, sex, birthday, phone, ID_number, email, parent_phone, adress, major, state from student_basic where id = ? 
2019-10-26 11:39:26,749 DEBUG (BaseJdbcLogger.java:143)- ====> Parameters: 27933(String)
2019-10-26 11:39:26,750 DEBUG (BaseJdbcLogger.java:143)- <====      Total: 1
2019-10-26 11:39:26,750 DEBUG (BaseJdbcLogger.java:143)- ====>  Preparing: select id, name, sex, birthday, phone, ID_number, email, parent_phone, adress, major, state from student_basic where id = ? 
2019-10-26 11:39:26,751 DEBUG (BaseJdbcLogger.java:143)- ====> Parameters: 27937(String)
2019-10-26 11:39:26,753 DEBUG (BaseJdbcLogger.java:143)- <====      Total: 1
2019-10-26 11:39:26,755 DEBUG (BaseJdbcLogger.java:143)- ====>  Preparing: select id, name, sex, birthday, phone, ID_number, email, parent_phone, adress, major, state from student_basic where id = ? 
2019-10-26 11:39:26,756 DEBUG (BaseJdbcLogger.java:143)- ====> Parameters: 27940(String)
2019-10-26 11:39:26,756 DEBUG (BaseJdbcLogger.java:143)- <====      Total: 1
2019-10-26 11:39:26,757 DEBUG (BaseJdbcLogger.java:143)- ====>  Preparing: select id, name, sex, birthday, phone, ID_number, email, parent_phone, adress, major, state from student_basic where id = ? 
2019-10-26 11:39:26,757 DEBUG (BaseJdbcLogger.java:143)- ====> Parameters: 27942(String)
2019-10-26 11:39:26,758 DEBUG (BaseJdbcLogger.java:143)- <====      Total: 1
2019-10-26 11:39:26,758 DEBUG (BaseJdbcLogger.java:143)- ====>  Preparing: select id, name, sex, birthday, phone, ID_number, email, parent_phone, adress, major, state from student_basic where id = ? 
2019-10-26 11:39:26,759 DEBUG (BaseJdbcLogger.java:143)- ====> Parameters: 27945(String)
2019-10-26 11:39:26,759 DEBUG (BaseJdbcLogger.java:143)- <====      Total: 1
2019-10-26 11:39:26,759 DEBUG (BaseJdbcLogger.java:143)- <==      Total: 22
2019-10-26 11:39:26,760 DEBUG (BaseJdbcLogger.java:143)- ==>  Preparing: select student_status.id,student_status.basic_id, student_status.student_id, student_status.class_id from student_status,student_basic where student_status.basic_id=student_basic.id and student_basic.sex=? and student_status.class_id=? 
2019-10-26 11:39:26,760 DEBUG (BaseJdbcLogger.java:143)- ==> Parameters: 女(String), 080901201902(String)
2019-10-26 11:39:26,761 DEBUG (BaseJdbcLogger.java:143)- ====>  Preparing: select id, name, sex, birthday, phone, ID_number, email, parent_phone, adress, major, state from student_basic where id = ? 
2019-10-26 11:39:26,761 DEBUG (BaseJdbcLogger.java:143)- ====> Parameters: 27894(String)
2019-10-26 11:39:26,762 DEBUG (BaseJdbcLogger.java:143)- <====      Total: 1
2019-10-26 11:39:26,762 DEBUG (BaseJdbcLogger.java:143)- ====>  Preparing: select id, name, sex, birthday, phone, ID_number, email, parent_phone, adress, major, state from student_basic where id = ? 
2019-10-26 11:39:26,762 DEBUG (BaseJdbcLogger.java:143)- ====> Parameters: 27896(String)
2019-10-26 11:39:26,763 DEBUG (BaseJdbcLogger.java:143)- <====      Total: 1
2019-10-26 11:39:26,763 DEBUG (BaseJdbcLogger.java:143)- ====>  Preparing: select id, name, sex, birthday, phone, ID_number, email, parent_phone, adress, major, state from student_basic where id = ? 
2019-10-26 11:39:26,764 DEBUG (BaseJdbcLogger.java:143)- ====> Parameters: 27897(String)
2019-10-26 11:39:26,765 DEBUG (BaseJdbcLogger.java:143)- <====      Total: 1
2019-10-26 11:39:26,765 DEBUG (BaseJdbcLogger.java:143)- ====>  Preparing: select id, name, sex, birthday, phone, ID_number, email, parent_phone, adress, major, state from student_basic where id = ? 
2019-10-26 11:39:26,766 DEBUG (BaseJdbcLogger.java:143)- ====> Parameters: 27901(String)
2019-10-26 11:39:26,766 DEBUG (BaseJdbcLogger.java:143)- <====      Total: 1
2019-10-26 11:39:26,767 DEBUG (BaseJdbcLogger.java:143)- ====>  Preparing: select id, name, sex, birthday, phone, ID_number, email, parent_phone, adress, major, state from student_basic where id = ? 
2019-10-26 11:39:26,767 DEBUG (BaseJdbcLogger.java:143)- ====> Parameters: 27905(String)
2019-10-26 11:39:26,768 DEBUG (BaseJdbcLogger.java:143)- <====      Total: 1
2019-10-26 11:39:26,768 DEBUG (BaseJdbcLogger.java:143)- ====>  Preparing: select id, name, sex, birthday, phone, ID_number, email, parent_phone, adress, major, state from student_basic where id = ? 
2019-10-26 11:39:26,768 DEBUG (BaseJdbcLogger.java:143)- ====> Parameters: 27906(String)
2019-10-26 11:39:26,769 DEBUG (BaseJdbcLogger.java:143)- <====      Total: 1
2019-10-26 11:39:26,769 DEBUG (BaseJdbcLogger.java:143)- ====>  Preparing: select id, name, sex, birthday, phone, ID_number, email, parent_phone, adress, major, state from student_basic where id = ? 
2019-10-26 11:39:26,769 DEBUG (BaseJdbcLogger.java:143)- ====> Parameters: 27908(String)
2019-10-26 11:39:26,770 DEBUG (BaseJdbcLogger.java:143)- <====      Total: 1
2019-10-26 11:39:26,770 DEBUG (BaseJdbcLogger.java:143)- ====>  Preparing: select id, name, sex, birthday, phone, ID_number, email, parent_phone, adress, major, state from student_basic where id = ? 
2019-10-26 11:39:26,771 DEBUG (BaseJdbcLogger.java:143)- ====> Parameters: 27910(String)
2019-10-26 11:39:26,772 DEBUG (BaseJdbcLogger.java:143)- <====      Total: 1
2019-10-26 11:39:26,773 DEBUG (BaseJdbcLogger.java:143)- ====>  Preparing: select id, name, sex, birthday, phone, ID_number, email, parent_phone, adress, major, state from student_basic where id = ? 
2019-10-26 11:39:26,773 DEBUG (BaseJdbcLogger.java:143)- ====> Parameters: 27913(String)
2019-10-26 11:39:26,775 DEBUG (BaseJdbcLogger.java:143)- <====      Total: 1
2019-10-26 11:39:26,777 DEBUG (BaseJdbcLogger.java:143)- ====>  Preparing: select id, name, sex, birthday, phone, ID_number, email, parent_phone, adress, major, state from student_basic where id = ? 
2019-10-26 11:39:26,777 DEBUG (BaseJdbcLogger.java:143)- ====> Parameters: 27917(String)
2019-10-26 11:39:26,778 DEBUG (BaseJdbcLogger.java:143)- <====      Total: 1
2019-10-26 11:39:26,779 DEBUG (BaseJdbcLogger.java:143)- ====>  Preparing: select id, name, sex, birthday, phone, ID_number, email, parent_phone, adress, major, state from student_basic where id = ? 
2019-10-26 11:39:26,779 DEBUG (BaseJdbcLogger.java:143)- ====> Parameters: 27919(String)
2019-10-26 11:39:26,780 DEBUG (BaseJdbcLogger.java:143)- <====      Total: 1
2019-10-26 11:39:26,781 DEBUG (BaseJdbcLogger.java:143)- ====>  Preparing: select id, name, sex, birthday, phone, ID_number, email, parent_phone, adress, major, state from student_basic where id = ? 
2019-10-26 11:39:26,781 DEBUG (BaseJdbcLogger.java:143)- ====> Parameters: 27920(String)
2019-10-26 11:39:26,782 DEBUG (BaseJdbcLogger.java:143)- <====      Total: 1
2019-10-26 11:39:26,782 DEBUG (BaseJdbcLogger.java:143)- ====>  Preparing: select id, name, sex, birthday, phone, ID_number, email, parent_phone, adress, major, state from student_basic where id = ? 
2019-10-26 11:39:26,782 DEBUG (BaseJdbcLogger.java:143)- ====> Parameters: 27922(String)
2019-10-26 11:39:26,783 DEBUG (BaseJdbcLogger.java:143)- <====      Total: 1
2019-10-26 11:39:26,783 DEBUG (BaseJdbcLogger.java:143)- ====>  Preparing: select id, name, sex, birthday, phone, ID_number, email, parent_phone, adress, major, state from student_basic where id = ? 
2019-10-26 11:39:26,784 DEBUG (BaseJdbcLogger.java:143)- ====> Parameters: 27924(String)
2019-10-26 11:39:26,784 DEBUG (BaseJdbcLogger.java:143)- <====      Total: 1
2019-10-26 11:39:26,784 DEBUG (BaseJdbcLogger.java:143)- ====>  Preparing: select id, name, sex, birthday, phone, ID_number, email, parent_phone, adress, major, state from student_basic where id = ? 
2019-10-26 11:39:26,785 DEBUG (BaseJdbcLogger.java:143)- ====> Parameters: 27925(String)
2019-10-26 11:39:26,785 DEBUG (BaseJdbcLogger.java:143)- <====      Total: 1
2019-10-26 11:39:26,786 DEBUG (BaseJdbcLogger.java:143)- ====>  Preparing: select id, name, sex, birthday, phone, ID_number, email, parent_phone, adress, major, state from student_basic where id = ? 
2019-10-26 11:39:26,786 DEBUG (BaseJdbcLogger.java:143)- ====> Parameters: 27926(String)
2019-10-26 11:39:26,786 DEBUG (BaseJdbcLogger.java:143)- <====      Total: 1
2019-10-26 11:39:26,787 DEBUG (BaseJdbcLogger.java:143)- ====>  Preparing: select id, name, sex, birthday, phone, ID_number, email, parent_phone, adress, major, state from student_basic where id = ? 
2019-10-26 11:39:26,787 DEBUG (BaseJdbcLogger.java:143)- ====> Parameters: 27931(String)
2019-10-26 11:39:26,788 DEBUG (BaseJdbcLogger.java:143)- <====      Total: 1
2019-10-26 11:39:26,788 DEBUG (BaseJdbcLogger.java:143)- <==      Total: 17
2019-10-26 11:39:26,788 DEBUG (BaseJdbcLogger.java:143)- ==>  Preparing: select dormitory_allocation.id, dormitory_allocation.class_id, dormitory_allocation.dormitory_id,dormitory_allocation.number from dormitory_allocation,dormitory WHERE dormitory_allocation.dormitory_id=dormitory.id and dormitory.sex=? and class_id = ? 
2019-10-26 11:39:26,789 DEBUG (BaseJdbcLogger.java:143)- ==> Parameters: 男(String), 080901201902(String)
2019-10-26 11:39:26,789 DEBUG (BaseJdbcLogger.java:143)- <==      Total: 0
2019-10-26 11:39:26,790 DEBUG (BaseJdbcLogger.java:143)- ==>  Preparing: select dormitory_allocation.id, dormitory_allocation.class_id, dormitory_allocation.dormitory_id,dormitory_allocation.number from dormitory_allocation,dormitory WHERE dormitory_allocation.dormitory_id=dormitory.id and dormitory.sex=? and class_id = ? 
2019-10-26 11:39:26,790 DEBUG (BaseJdbcLogger.java:143)- ==> Parameters: 女(String), 080901201902(String)
2019-10-26 11:39:26,791 DEBUG (BaseJdbcLogger.java:143)- <==      Total: 0
2019-10-26 11:39:26,791 DEBUG (BaseJdbcLogger.java:143)- ==>  Preparing: select student_status.id,student_status.basic_id, student_status.student_id, student_status.class_id from student_status,student_basic where student_status.basic_id=student_basic.id and student_basic.sex=? and student_status.class_id=? 
2019-10-26 11:39:26,792 DEBUG (BaseJdbcLogger.java:143)- ==> Parameters: 男(String), 080901201903(String)
2019-10-26 11:39:26,793 DEBUG (BaseJdbcLogger.java:143)- ====>  Preparing: select id, name, sex, birthday, phone, ID_number, email, parent_phone, adress, major, state from student_basic where id = ? 
2019-10-26 11:39:26,793 DEBUG (BaseJdbcLogger.java:143)- ====> Parameters: 27946(String)
2019-10-26 11:39:26,794 DEBUG (BaseJdbcLogger.java:143)- <====      Total: 1
2019-10-26 11:39:26,794 DEBUG (BaseJdbcLogger.java:143)- ====>  Preparing: select id, class_id, name, director, grade, major_id from class WHERE class_id = ? 
2019-10-26 11:39:26,795 DEBUG (BaseJdbcLogger.java:143)- ====> Parameters: 080901201903(String)
2019-10-26 11:39:26,795 DEBUG (BaseJdbcLogger.java:143)- <====      Total: 1
2019-10-26 11:39:26,796 DEBUG (BaseJdbcLogger.java:143)- ====>  Preparing: select id, name, sex, birthday, phone, ID_number, email, parent_phone, adress, major, state from student_basic where id = ? 
2019-10-26 11:39:26,796 DEBUG (BaseJdbcLogger.java:143)- ====> Parameters: 27951(String)
2019-10-26 11:39:26,797 DEBUG (BaseJdbcLogger.java:143)- <====      Total: 1
2019-10-26 11:39:26,797 DEBUG (BaseJdbcLogger.java:143)- ====>  Preparing: select id, name, sex, birthday, phone, ID_number, email, parent_phone, adress, major, state from student_basic where id = ? 
2019-10-26 11:39:26,798 DEBUG (BaseJdbcLogger.java:143)- ====> Parameters: 27952(String)
2019-10-26 11:39:26,798 DEBUG (BaseJdbcLogger.java:143)- <====      Total: 1
2019-10-26 11:39:26,799 DEBUG (BaseJdbcLogger.java:143)- ====>  Preparing: select id, name, sex, birthday, phone, ID_number, email, parent_phone, adress, major, state from student_basic where id = ? 
2019-10-26 11:39:26,799 DEBUG (BaseJdbcLogger.java:143)- ====> Parameters: 27953(String)
2019-10-26 11:39:26,800 DEBUG (BaseJdbcLogger.java:143)- <====      Total: 1
2019-10-26 11:39:26,800 DEBUG (BaseJdbcLogger.java:143)- ====>  Preparing: select id, name, sex, birthday, phone, ID_number, email, parent_phone, adress, major, state from student_basic where id = ? 
2019-10-26 11:39:26,801 DEBUG (BaseJdbcLogger.java:143)- ====> Parameters: 27954(String)
2019-10-26 11:39:26,801 DEBUG (BaseJdbcLogger.java:143)- <====      Total: 1
2019-10-26 11:39:26,802 DEBUG (BaseJdbcLogger.java:143)- ====>  Preparing: select id, name, sex, birthday, phone, ID_number, email, parent_phone, adress, major, state from student_basic where id = ? 
2019-10-26 11:39:26,802 DEBUG (BaseJdbcLogger.java:143)- ====> Parameters: 27955(String)
2019-10-26 11:39:26,803 DEBUG (BaseJdbcLogger.java:143)- <====      Total: 1
2019-10-26 11:39:26,803 DEBUG (BaseJdbcLogger.java:143)- ====>  Preparing: select id, name, sex, birthday, phone, ID_number, email, parent_phone, adress, major, state from student_basic where id = ? 
2019-10-26 11:39:26,803 DEBUG (BaseJdbcLogger.java:143)- ====> Parameters: 27956(String)
2019-10-26 11:39:26,804 DEBUG (BaseJdbcLogger.java:143)- <====      Total: 1
2019-10-26 11:39:26,804 DEBUG (BaseJdbcLogger.java:143)- ====>  Preparing: select id, name, sex, birthday, phone, ID_number, email, parent_phone, adress, major, state from student_basic where id = ? 
2019-10-26 11:39:26,805 DEBUG (BaseJdbcLogger.java:143)- ====> Parameters: 27957(String)
2019-10-26 11:39:26,806 DEBUG (BaseJdbcLogger.java:143)- <====      Total: 1
2019-10-26 11:39:26,806 DEBUG (BaseJdbcLogger.java:143)- ====>  Preparing: select id, name, sex, birthday, phone, ID_number, email, parent_phone, adress, major, state from student_basic where id = ? 
2019-10-26 11:39:26,807 DEBUG (BaseJdbcLogger.java:143)- ====> Parameters: 27958(String)
2019-10-26 11:39:26,807 DEBUG (BaseJdbcLogger.java:143)- <====      Total: 1
2019-10-26 11:39:26,808 DEBUG (BaseJdbcLogger.java:143)- ====>  Preparing: select id, name, sex, birthday, phone, ID_number, email, parent_phone, adress, major, state from student_basic where id = ? 
2019-10-26 11:39:26,808 DEBUG (BaseJdbcLogger.java:143)- ====> Parameters: 27960(String)
2019-10-26 11:39:26,809 DEBUG (BaseJdbcLogger.java:143)- <====      Total: 1
2019-10-26 11:39:26,810 DEBUG (BaseJdbcLogger.java:143)- ====>  Preparing: select id, name, sex, birthday, phone, ID_number, email, parent_phone, adress, major, state from student_basic where id = ? 
2019-10-26 11:39:26,810 DEBUG (BaseJdbcLogger.java:143)- ====> Parameters: 27961(String)
2019-10-26 11:39:26,811 DEBUG (BaseJdbcLogger.java:143)- <====      Total: 1
2019-10-26 11:39:26,811 DEBUG (BaseJdbcLogger.java:143)- ====>  Preparing: select id, name, sex, birthday, phone, ID_number, email, parent_phone, adress, major, state from student_basic where id = ? 
2019-10-26 11:39:26,811 DEBUG (BaseJdbcLogger.java:143)- ====> Parameters: 27964(String)
2019-10-26 11:39:26,812 DEBUG (BaseJdbcLogger.java:143)- <====      Total: 1
2019-10-26 11:39:26,812 DEBUG (BaseJdbcLogger.java:143)- ====>  Preparing: select id, name, sex, birthday, phone, ID_number, email, parent_phone, adress, major, state from student_basic where id = ? 
2019-10-26 11:39:26,813 DEBUG (BaseJdbcLogger.java:143)- ====> Parameters: 27967(String)
2019-10-26 11:39:26,813 DEBUG (BaseJdbcLogger.java:143)- <====      Total: 1
2019-10-26 11:39:26,814 DEBUG (BaseJdbcLogger.java:143)- ====>  Preparing: select id, name, sex, birthday, phone, ID_number, email, parent_phone, adress, major, state from student_basic where id = ? 
2019-10-26 11:39:26,814 DEBUG (BaseJdbcLogger.java:143)- ====> Parameters: 27968(String)
2019-10-26 11:39:26,815 DEBUG (BaseJdbcLogger.java:143)- <====      Total: 1
2019-10-26 11:39:26,816 DEBUG (BaseJdbcLogger.java:143)- ====>  Preparing: select id, name, sex, birthday, phone, ID_number, email, parent_phone, adress, major, state from student_basic where id = ? 
2019-10-26 11:39:26,816 DEBUG (BaseJdbcLogger.java:143)- ====> Parameters: 27969(String)
2019-10-26 11:39:26,817 DEBUG (BaseJdbcLogger.java:143)- <====      Total: 1
2019-10-26 11:39:26,817 DEBUG (BaseJdbcLogger.java:143)- ====>  Preparing: select id, name, sex, birthday, phone, ID_number, email, parent_phone, adress, major, state from student_basic where id = ? 
2019-10-26 11:39:26,818 DEBUG (BaseJdbcLogger.java:143)- ====> Parameters: 27973(String)
2019-10-26 11:39:26,818 DEBUG (BaseJdbcLogger.java:143)- <====      Total: 1
2019-10-26 11:39:26,819 DEBUG (BaseJdbcLogger.java:143)- ====>  Preparing: select id, name, sex, birthday, phone, ID_number, email, parent_phone, adress, major, state from student_basic where id = ? 
2019-10-26 11:39:26,820 DEBUG (BaseJdbcLogger.java:143)- ====> Parameters: 27974(String)
2019-10-26 11:39:26,821 DEBUG (BaseJdbcLogger.java:143)- <====      Total: 1
2019-10-26 11:39:26,821 DEBUG (BaseJdbcLogger.java:143)- ====>  Preparing: select id, name, sex, birthday, phone, ID_number, email, parent_phone, adress, major, state from student_basic where id = ? 
2019-10-26 11:39:26,822 DEBUG (BaseJdbcLogger.java:143)- ====> Parameters: 27975(String)
2019-10-26 11:39:26,823 DEBUG (BaseJdbcLogger.java:143)- <====      Total: 1
2019-10-26 11:39:26,823 DEBUG (BaseJdbcLogger.java:143)- ====>  Preparing: select id, name, sex, birthday, phone, ID_number, email, parent_phone, adress, major, state from student_basic where id = ? 
2019-10-26 11:39:26,824 DEBUG (BaseJdbcLogger.java:143)- ====> Parameters: 27976(String)
2019-10-26 11:39:26,824 DEBUG (BaseJdbcLogger.java:143)- <====      Total: 1
2019-10-26 11:39:26,825 DEBUG (BaseJdbcLogger.java:143)- ====>  Preparing: select id, name, sex, birthday, phone, ID_number, email, parent_phone, adress, major, state from student_basic where id = ? 
2019-10-26 11:39:26,825 DEBUG (BaseJdbcLogger.java:143)- ====> Parameters: 27977(String)
2019-10-26 11:39:26,826 DEBUG (BaseJdbcLogger.java:143)- <====      Total: 1
2019-10-26 11:39:26,826 DEBUG (BaseJdbcLogger.java:143)- ====>  Preparing: select id, name, sex, birthday, phone, ID_number, email, parent_phone, adress, major, state from student_basic where id = ? 
2019-10-26 11:39:26,827 DEBUG (BaseJdbcLogger.java:143)- ====> Parameters: 27978(String)
2019-10-26 11:39:26,837 DEBUG (BaseJdbcLogger.java:143)- <====      Total: 1
2019-10-26 11:39:26,838 DEBUG (BaseJdbcLogger.java:143)- <==      Total: 21
2019-10-26 11:39:26,838 DEBUG (BaseJdbcLogger.java:143)- ==>  Preparing: select student_status.id,student_status.basic_id, student_status.student_id, student_status.class_id from student_status,student_basic where student_status.basic_id=student_basic.id and student_basic.sex=? and student_status.class_id=? 
2019-10-26 11:39:26,838 DEBUG (BaseJdbcLogger.java:143)- ==> Parameters: 女(String), 080901201903(String)
2019-10-26 11:39:26,839 DEBUG (BaseJdbcLogger.java:143)- ====>  Preparing: select id, name, sex, birthday, phone, ID_number, email, parent_phone, adress, major, state from student_basic where id = ? 
2019-10-26 11:39:26,840 DEBUG (BaseJdbcLogger.java:143)- ====> Parameters: 27932(String)
2019-10-26 11:39:26,842 DEBUG (BaseJdbcLogger.java:143)- <====      Total: 1
2019-10-26 11:39:26,843 DEBUG (BaseJdbcLogger.java:143)- ====>  Preparing: select id, name, sex, birthday, phone, ID_number, email, parent_phone, adress, major, state from student_basic where id = ? 
2019-10-26 11:39:26,844 DEBUG (BaseJdbcLogger.java:143)- ====> Parameters: 27934(String)
2019-10-26 11:39:26,844 DEBUG (BaseJdbcLogger.java:143)- <====      Total: 1
2019-10-26 11:39:26,845 DEBUG (BaseJdbcLogger.java:143)- ====>  Preparing: select id, name, sex, birthday, phone, ID_number, email, parent_phone, adress, major, state from student_basic where id = ? 
2019-10-26 11:39:26,845 DEBUG (BaseJdbcLogger.java:143)- ====> Parameters: 27935(String)
2019-10-26 11:39:26,846 DEBUG (BaseJdbcLogger.java:143)- <====      Total: 1
2019-10-26 11:39:26,846 DEBUG (BaseJdbcLogger.java:143)- ====>  Preparing: select id, name, sex, birthday, phone, ID_number, email, parent_phone, adress, major, state from student_basic where id = ? 
2019-10-26 11:39:26,847 DEBUG (BaseJdbcLogger.java:143)- ====> Parameters: 27936(String)
2019-10-26 11:39:26,849 DEBUG (BaseJdbcLogger.java:143)- <====      Total: 1
2019-10-26 11:39:26,849 DEBUG (BaseJdbcLogger.java:143)- ====>  Preparing: select id, name, sex, birthday, phone, ID_number, email, parent_phone, adress, major, state from student_basic where id = ? 
2019-10-26 11:39:26,850 DEBUG (BaseJdbcLogger.java:143)- ====> Parameters: 27938(String)
2019-10-26 11:39:26,850 DEBUG (BaseJdbcLogger.java:143)- <====      Total: 1
2019-10-26 11:39:26,851 DEBUG (BaseJdbcLogger.java:143)- ====>  Preparing: select id, name, sex, birthday, phone, ID_number, email, parent_phone, adress, major, state from student_basic where id = ? 
2019-10-26 11:39:26,851 DEBUG (BaseJdbcLogger.java:143)- ====> Parameters: 27939(String)
2019-10-26 11:39:26,852 DEBUG (BaseJdbcLogger.java:143)- <====      Total: 1
2019-10-26 11:39:26,852 DEBUG (BaseJdbcLogger.java:143)- ====>  Preparing: select id, name, sex, birthday, phone, ID_number, email, parent_phone, adress, major, state from student_basic where id = ? 
2019-10-26 11:39:26,852 DEBUG (BaseJdbcLogger.java:143)- ====> Parameters: 27941(String)
2019-10-26 11:39:26,853 DEBUG (BaseJdbcLogger.java:143)- <====      Total: 1
2019-10-26 11:39:26,854 DEBUG (BaseJdbcLogger.java:143)- ====>  Preparing: select id, name, sex, birthday, phone, ID_number, email, parent_phone, adress, major, state from student_basic where id = ? 
2019-10-26 11:39:26,854 DEBUG (BaseJdbcLogger.java:143)- ====> Parameters: 27943(String)
2019-10-26 11:39:26,855 DEBUG (BaseJdbcLogger.java:143)- <====      Total: 1
2019-10-26 11:39:26,855 DEBUG (BaseJdbcLogger.java:143)- ====>  Preparing: select id, name, sex, birthday, phone, ID_number, email, parent_phone, adress, major, state from student_basic where id = ? 
2019-10-26 11:39:26,855 DEBUG (BaseJdbcLogger.java:143)- ====> Parameters: 27944(String)
2019-10-26 11:39:26,856 DEBUG (BaseJdbcLogger.java:143)- <====      Total: 1
2019-10-26 11:39:26,856 DEBUG (BaseJdbcLogger.java:143)- ====>  Preparing: select id, name, sex, birthday, phone, ID_number, email, parent_phone, adress, major, state from student_basic where id = ? 
2019-10-26 11:39:26,856 DEBUG (BaseJdbcLogger.java:143)- ====> Parameters: 27947(String)
2019-10-26 11:39:26,857 DEBUG (BaseJdbcLogger.java:143)- <====      Total: 1
2019-10-26 11:39:26,858 DEBUG (BaseJdbcLogger.java:143)- ====>  Preparing: select id, name, sex, birthday, phone, ID_number, email, parent_phone, adress, major, state from student_basic where id = ? 
2019-10-26 11:39:26,858 DEBUG (BaseJdbcLogger.java:143)- ====> Parameters: 27948(String)
2019-10-26 11:39:26,859 DEBUG (BaseJdbcLogger.java:143)- <====      Total: 1
2019-10-26 11:39:26,859 DEBUG (BaseJdbcLogger.java:143)- ====>  Preparing: select id, name, sex, birthday, phone, ID_number, email, parent_phone, adress, major, state from student_basic where id = ? 
2019-10-26 11:39:26,860 DEBUG (BaseJdbcLogger.java:143)- ====> Parameters: 27949(String)
2019-10-26 11:39:26,860 DEBUG (BaseJdbcLogger.java:143)- <====      Total: 1
2019-10-26 11:39:26,860 DEBUG (BaseJdbcLogger.java:143)- ====>  Preparing: select id, name, sex, birthday, phone, ID_number, email, parent_phone, adress, major, state from student_basic where id = ? 
2019-10-26 11:39:26,861 DEBUG (BaseJdbcLogger.java:143)- ====> Parameters: 27950(String)
2019-10-26 11:39:26,861 DEBUG (BaseJdbcLogger.java:143)- <====      Total: 1
2019-10-26 11:39:26,862 DEBUG (BaseJdbcLogger.java:143)- ====>  Preparing: select id, name, sex, birthday, phone, ID_number, email, parent_phone, adress, major, state from student_basic where id = ? 
2019-10-26 11:39:26,862 DEBUG (BaseJdbcLogger.java:143)- ====> Parameters: 27959(String)
2019-10-26 11:39:26,863 DEBUG (BaseJdbcLogger.java:143)- <====      Total: 1
2019-10-26 11:39:26,863 DEBUG (BaseJdbcLogger.java:143)- ====>  Preparing: select id, name, sex, birthday, phone, ID_number, email, parent_phone, adress, major, state from student_basic where id = ? 
2019-10-26 11:39:26,863 DEBUG (BaseJdbcLogger.java:143)- ====> Parameters: 27962(String)
2019-10-26 11:39:26,864 DEBUG (BaseJdbcLogger.java:143)- <====      Total: 1
2019-10-26 11:39:26,864 DEBUG (BaseJdbcLogger.java:143)- ====>  Preparing: select id, name, sex, birthday, phone, ID_number, email, parent_phone, adress, major, state from student_basic where id = ? 
2019-10-26 11:39:26,865 DEBUG (BaseJdbcLogger.java:143)- ====> Parameters: 27963(String)
2019-10-26 11:39:26,865 DEBUG (BaseJdbcLogger.java:143)- <====      Total: 1
2019-10-26 11:39:26,865 DEBUG (BaseJdbcLogger.java:143)- ====>  Preparing: select id, name, sex, birthday, phone, ID_number, email, parent_phone, adress, major, state from student_basic where id = ? 
2019-10-26 11:39:26,866 DEBUG (BaseJdbcLogger.java:143)- ====> Parameters: 27965(String)
2019-10-26 11:39:26,866 DEBUG (BaseJdbcLogger.java:143)- <====      Total: 1
2019-10-26 11:39:26,867 DEBUG (BaseJdbcLogger.java:143)- <==      Total: 17
2019-10-26 11:39:26,867 DEBUG (BaseJdbcLogger.java:143)- ==>  Preparing: select dormitory_allocation.id, dormitory_allocation.class_id, dormitory_allocation.dormitory_id,dormitory_allocation.number from dormitory_allocation,dormitory WHERE dormitory_allocation.dormitory_id=dormitory.id and dormitory.sex=? and class_id = ? 
2019-10-26 11:39:26,867 DEBUG (BaseJdbcLogger.java:143)- ==> Parameters: 男(String), 080901201903(String)
2019-10-26 11:39:26,868 DEBUG (BaseJdbcLogger.java:143)- <==      Total: 0
2019-10-26 11:39:26,868 DEBUG (BaseJdbcLogger.java:143)- ==>  Preparing: select dormitory_allocation.id, dormitory_allocation.class_id, dormitory_allocation.dormitory_id,dormitory_allocation.number from dormitory_allocation,dormitory WHERE dormitory_allocation.dormitory_id=dormitory.id and dormitory.sex=? and class_id = ? 
2019-10-26 11:39:26,869 DEBUG (BaseJdbcLogger.java:143)- ==> Parameters: 女(String), 080901201903(String)
2019-10-26 11:39:26,869 DEBUG (BaseJdbcLogger.java:143)- <==      Total: 0
2019-10-26 11:39:26,869 DEBUG (BaseJdbcLogger.java:143)- ==>  Preparing: select student_status.id,student_status.basic_id, student_status.student_id, student_status.class_id from student_status,student_basic where student_status.basic_id=student_basic.id and student_basic.sex=? and student_status.class_id=? 
2019-10-26 11:39:26,870 DEBUG (BaseJdbcLogger.java:143)- ==> Parameters: 男(String), 080901201904(String)
2019-10-26 11:39:26,871 DEBUG (BaseJdbcLogger.java:143)- ====>  Preparing: select id, name, sex, birthday, phone, ID_number, email, parent_phone, adress, major, state from student_basic where id = ? 
2019-10-26 11:39:26,871 DEBUG (BaseJdbcLogger.java:143)- ====> Parameters: 27980(String)
2019-10-26 11:39:26,872 DEBUG (BaseJdbcLogger.java:143)- <====      Total: 1
2019-10-26 11:39:26,872 DEBUG (BaseJdbcLogger.java:143)- ====>  Preparing: select id, class_id, name, director, grade, major_id from class WHERE class_id = ? 
2019-10-26 11:39:26,872 DEBUG (BaseJdbcLogger.java:143)- ====> Parameters: 080901201904(String)
2019-10-26 11:39:26,873 DEBUG (BaseJdbcLogger.java:143)- <====      Total: 1
2019-10-26 11:39:26,873 DEBUG (BaseJdbcLogger.java:143)- ====>  Preparing: select id, name, sex, birthday, phone, ID_number, email, parent_phone, adress, major, state from student_basic where id = ? 
2019-10-26 11:39:26,874 DEBUG (BaseJdbcLogger.java:143)- ====> Parameters: 27983(String)
2019-10-26 11:39:26,874 DEBUG (BaseJdbcLogger.java:143)- <====      Total: 1
2019-10-26 11:39:26,875 DEBUG (BaseJdbcLogger.java:143)- ====>  Preparing: select id, name, sex, birthday, phone, ID_number, email, parent_phone, adress, major, state from student_basic where id = ? 
2019-10-26 11:39:26,875 DEBUG (BaseJdbcLogger.java:143)- ====> Parameters: 27985(String)
2019-10-26 11:39:26,876 DEBUG (BaseJdbcLogger.java:143)- <====      Total: 1
2019-10-26 11:39:26,876 DEBUG (BaseJdbcLogger.java:143)- ====>  Preparing: select id, name, sex, birthday, phone, ID_number, email, parent_phone, adress, major, state from student_basic where id = ? 
2019-10-26 11:39:26,877 DEBUG (BaseJdbcLogger.java:143)- ====> Parameters: 27986(String)
2019-10-26 11:39:26,877 DEBUG (BaseJdbcLogger.java:143)- <====      Total: 1
2019-10-26 11:39:26,878 DEBUG (BaseJdbcLogger.java:143)- ====>  Preparing: select id, name, sex, birthday, phone, ID_number, email, parent_phone, adress, major, state from student_basic where id = ? 
2019-10-26 11:39:26,878 DEBUG (BaseJdbcLogger.java:143)- ====> Parameters: 27988(String)
2019-10-26 11:39:26,879 DEBUG (BaseJdbcLogger.java:143)- <====      Total: 1
2019-10-26 11:39:26,879 DEBUG (BaseJdbcLogger.java:143)- ====>  Preparing: select id, name, sex, birthday, phone, ID_number, email, parent_phone, adress, major, state from student_basic where id = ? 
2019-10-26 11:39:26,879 DEBUG (BaseJdbcLogger.java:143)- ====> Parameters: 27990(String)
2019-10-26 11:39:26,880 DEBUG (BaseJdbcLogger.java:143)- <====      Total: 1
2019-10-26 11:39:26,880 DEBUG (BaseJdbcLogger.java:143)- ====>  Preparing: select id, name, sex, birthday, phone, ID_number, email, parent_phone, adress, major, state from student_basic where id = ? 
2019-10-26 11:39:26,881 DEBUG (BaseJdbcLogger.java:143)- ====> Parameters: 27991(String)
2019-10-26 11:39:26,881 DEBUG (BaseJdbcLogger.java:143)- <====      Total: 1
2019-10-26 11:39:26,881 DEBUG (BaseJdbcLogger.java:143)- ====>  Preparing: select id, name, sex, birthday, phone, ID_number, email, parent_phone, adress, major, state from student_basic where id = ? 
2019-10-26 11:39:26,882 DEBUG (BaseJdbcLogger.java:143)- ====> Parameters: 27992(String)
2019-10-26 11:39:26,882 DEBUG (BaseJdbcLogger.java:143)- <====      Total: 1
2019-10-26 11:39:26,883 DEBUG (BaseJdbcLogger.java:143)- ====>  Preparing: select id, name, sex, birthday, phone, ID_number, email, parent_phone, adress, major, state from student_basic where id = ? 
2019-10-26 11:39:26,883 DEBUG (BaseJdbcLogger.java:143)- ====> Parameters: 27993(String)
2019-10-26 11:39:26,883 DEBUG (BaseJdbcLogger.java:143)- <====      Total: 1
2019-10-26 11:39:26,884 DEBUG (BaseJdbcLogger.java:143)- ====>  Preparing: select id, name, sex, birthday, phone, ID_number, email, parent_phone, adress, major, state from student_basic where id = ? 
2019-10-26 11:39:26,884 DEBUG (BaseJdbcLogger.java:143)- ====> Parameters: 27995(String)
2019-10-26 11:39:26,885 DEBUG (BaseJdbcLogger.java:143)- <====      Total: 1
2019-10-26 11:39:26,885 DEBUG (BaseJdbcLogger.java:143)- ====>  Preparing: select id, name, sex, birthday, phone, ID_number, email, parent_phone, adress, major, state from student_basic where id = ? 
2019-10-26 11:39:26,885 DEBUG (BaseJdbcLogger.java:143)- ====> Parameters: 27997(String)
2019-10-26 11:39:26,886 DEBUG (BaseJdbcLogger.java:143)- <====      Total: 1
2019-10-26 11:39:26,887 DEBUG (BaseJdbcLogger.java:143)- ====>  Preparing: select id, name, sex, birthday, phone, ID_number, email, parent_phone, adress, major, state from student_basic where id = ? 
2019-10-26 11:39:26,887 DEBUG (BaseJdbcLogger.java:143)- ====> Parameters: 27998(String)
2019-10-26 11:39:26,888 DEBUG (BaseJdbcLogger.java:143)- <====      Total: 1
2019-10-26 11:39:26,889 DEBUG (BaseJdbcLogger.java:143)- ====>  Preparing: select id, name, sex, birthday, phone, ID_number, email, parent_phone, adress, major, state from student_basic where id = ? 
2019-10-26 11:39:26,889 DEBUG (BaseJdbcLogger.java:143)- ====> Parameters: 27999(String)
2019-10-26 11:39:26,890 DEBUG (BaseJdbcLogger.java:143)- <====      Total: 1
2019-10-26 11:39:26,890 DEBUG (BaseJdbcLogger.java:143)- ====>  Preparing: select id, name, sex, birthday, phone, ID_number, email, parent_phone, adress, major, state from student_basic where id = ? 
2019-10-26 11:39:26,891 DEBUG (BaseJdbcLogger.java:143)- ====> Parameters: 28003(String)
2019-10-26 11:39:26,891 DEBUG (BaseJdbcLogger.java:143)- <====      Total: 1
2019-10-26 11:39:26,892 DEBUG (BaseJdbcLogger.java:143)- ====>  Preparing: select id, name, sex, birthday, phone, ID_number, email, parent_phone, adress, major, state from student_basic where id = ? 
2019-10-26 11:39:26,892 DEBUG (BaseJdbcLogger.java:143)- ====> Parameters: 28004(String)
2019-10-26 11:39:26,893 DEBUG (BaseJdbcLogger.java:143)- <====      Total: 1
2019-10-26 11:39:26,894 DEBUG (BaseJdbcLogger.java:143)- ====>  Preparing: select id, name, sex, birthday, phone, ID_number, email, parent_phone, adress, major, state from student_basic where id = ? 
2019-10-26 11:39:26,894 DEBUG (BaseJdbcLogger.java:143)- ====> Parameters: 28005(String)
2019-10-26 11:39:26,895 DEBUG (BaseJdbcLogger.java:143)- <====      Total: 1
2019-10-26 11:39:26,895 DEBUG (BaseJdbcLogger.java:143)- ====>  Preparing: select id, name, sex, birthday, phone, ID_number, email, parent_phone, adress, major, state from student_basic where id = ? 
2019-10-26 11:39:26,896 DEBUG (BaseJdbcLogger.java:143)- ====> Parameters: 28006(String)
2019-10-26 11:39:26,896 DEBUG (BaseJdbcLogger.java:143)- <====      Total: 1
2019-10-26 11:39:26,896 DEBUG (BaseJdbcLogger.java:143)- ====>  Preparing: select id, name, sex, birthday, phone, ID_number, email, parent_phone, adress, major, state from student_basic where id = ? 
2019-10-26 11:39:26,897 DEBUG (BaseJdbcLogger.java:143)- ====> Parameters: 28008(String)
2019-10-26 11:39:26,897 DEBUG (BaseJdbcLogger.java:143)- <====      Total: 1
2019-10-26 11:39:26,898 DEBUG (BaseJdbcLogger.java:143)- ====>  Preparing: select id, name, sex, birthday, phone, ID_number, email, parent_phone, adress, major, state from student_basic where id = ? 
2019-10-26 11:39:26,898 DEBUG (BaseJdbcLogger.java:143)- ====> Parameters: 28009(String)
2019-10-26 11:39:26,898 DEBUG (BaseJdbcLogger.java:143)- <====      Total: 1
2019-10-26 11:39:26,899 DEBUG (BaseJdbcLogger.java:143)- ====>  Preparing: select id, name, sex, birthday, phone, ID_number, email, parent_phone, adress, major, state from student_basic where id = ? 
2019-10-26 11:39:26,899 DEBUG (BaseJdbcLogger.java:143)- ====> Parameters: 28010(String)
2019-10-26 11:39:26,900 DEBUG (BaseJdbcLogger.java:143)- <====      Total: 1
2019-10-26 11:39:26,900 DEBUG (BaseJdbcLogger.java:143)- ====>  Preparing: select id, name, sex, birthday, phone, ID_number, email, parent_phone, adress, major, state from student_basic where id = ? 
2019-10-26 11:39:26,900 DEBUG (BaseJdbcLogger.java:143)- ====> Parameters: 28011(String)
2019-10-26 11:39:26,901 DEBUG (BaseJdbcLogger.java:143)- <====      Total: 1
2019-10-26 11:39:26,901 DEBUG (BaseJdbcLogger.java:143)- <==      Total: 21
2019-10-26 11:39:26,901 DEBUG (BaseJdbcLogger.java:143)- ==>  Preparing: select student_status.id,student_status.basic_id, student_status.student_id, student_status.class_id from student_status,student_basic where student_status.basic_id=student_basic.id and student_basic.sex=? and student_status.class_id=? 
2019-10-26 11:39:26,902 DEBUG (BaseJdbcLogger.java:143)- ==> Parameters: 女(String), 080901201904(String)
2019-10-26 11:39:26,903 DEBUG (BaseJdbcLogger.java:143)- ====>  Preparing: select id, name, sex, birthday, phone, ID_number, email, parent_phone, adress, major, state from student_basic where id = ? 
2019-10-26 11:39:26,903 DEBUG (BaseJdbcLogger.java:143)- ====> Parameters: 27966(String)
2019-10-26 11:39:26,904 DEBUG (BaseJdbcLogger.java:143)- <====      Total: 1
2019-10-26 11:39:26,904 DEBUG (BaseJdbcLogger.java:143)- ====>  Preparing: select id, name, sex, birthday, phone, ID_number, email, parent_phone, adress, major, state from student_basic where id = ? 
2019-10-26 11:39:26,904 DEBUG (BaseJdbcLogger.java:143)- ====> Parameters: 27970(String)
2019-10-26 11:39:26,905 DEBUG (BaseJdbcLogger.java:143)- <====      Total: 1
2019-10-26 11:39:26,905 DEBUG (BaseJdbcLogger.java:143)- ====>  Preparing: select id, name, sex, birthday, phone, ID_number, email, parent_phone, adress, major, state from student_basic where id = ? 
2019-10-26 11:39:26,906 DEBUG (BaseJdbcLogger.java:143)- ====> Parameters: 27971(String)
2019-10-26 11:39:26,907 DEBUG (BaseJdbcLogger.java:143)- <====      Total: 1
2019-10-26 11:39:26,907 DEBUG (BaseJdbcLogger.java:143)- ====>  Preparing: select id, name, sex, birthday, phone, ID_number, email, parent_phone, adress, major, state from student_basic where id = ? 
2019-10-26 11:39:26,908 DEBUG (BaseJdbcLogger.java:143)- ====> Parameters: 27972(String)
2019-10-26 11:39:26,908 DEBUG (BaseJdbcLogger.java:143)- <====      Total: 1
2019-10-26 11:39:26,909 DEBUG (BaseJdbcLogger.java:143)- ====>  Preparing: select id, name, sex, birthday, phone, ID_number, email, parent_phone, adress, major, state from student_basic where id = ? 
2019-10-26 11:39:26,909 DEBUG (BaseJdbcLogger.java:143)- ====> Parameters: 27979(String)
2019-10-26 11:39:26,910 DEBUG (BaseJdbcLogger.java:143)- <====      Total: 1
2019-10-26 11:39:26,911 DEBUG (BaseJdbcLogger.java:143)- ====>  Preparing: select id, name, sex, birthday, phone, ID_number, email, parent_phone, adress, major, state from student_basic where id = ? 
2019-10-26 11:39:26,911 DEBUG (BaseJdbcLogger.java:143)- ====> Parameters: 27981(String)
2019-10-26 11:39:26,912 DEBUG (BaseJdbcLogger.java:143)- <====      Total: 1
2019-10-26 11:39:26,912 DEBUG (BaseJdbcLogger.java:143)- ====>  Preparing: select id, name, sex, birthday, phone, ID_number, email, parent_phone, adress, major, state from student_basic where id = ? 
2019-10-26 11:39:26,912 DEBUG (BaseJdbcLogger.java:143)- ====> Parameters: 27982(String)
2019-10-26 11:39:26,913 DEBUG (BaseJdbcLogger.java:143)- <====      Total: 1
2019-10-26 11:39:26,913 DEBUG (BaseJdbcLogger.java:143)- ====>  Preparing: select id, name, sex, birthday, phone, ID_number, email, parent_phone, adress, major, state from student_basic where id = ? 
2019-10-26 11:39:26,914 DEBUG (BaseJdbcLogger.java:143)- ====> Parameters: 27984(String)
2019-10-26 11:39:26,914 DEBUG (BaseJdbcLogger.java:143)- <====      Total: 1
2019-10-26 11:39:26,915 DEBUG (BaseJdbcLogger.java:143)- ====>  Preparing: select id, name, sex, birthday, phone, ID_number, email, parent_phone, adress, major, state from student_basic where id = ? 
2019-10-26 11:39:26,915 DEBUG (BaseJdbcLogger.java:143)- ====> Parameters: 27987(String)
2019-10-26 11:39:26,916 DEBUG (BaseJdbcLogger.java:143)- <====      Total: 1
2019-10-26 11:39:26,916 DEBUG (BaseJdbcLogger.java:143)- ====>  Preparing: select id, name, sex, birthday, phone, ID_number, email, parent_phone, adress, major, state from student_basic where id = ? 
2019-10-26 11:39:26,916 DEBUG (BaseJdbcLogger.java:143)- ====> Parameters: 27989(String)
2019-10-26 11:39:26,917 DEBUG (BaseJdbcLogger.java:143)- <====      Total: 1
2019-10-26 11:39:26,917 DEBUG (BaseJdbcLogger.java:143)- ====>  Preparing: select id, name, sex, birthday, phone, ID_number, email, parent_phone, adress, major, state from student_basic where id = ? 
2019-10-26 11:39:26,918 DEBUG (BaseJdbcLogger.java:143)- ====> Parameters: 27994(String)
2019-10-26 11:39:26,918 DEBUG (BaseJdbcLogger.java:143)- <====      Total: 1
2019-10-26 11:39:26,919 DEBUG (BaseJdbcLogger.java:143)- ====>  Preparing: select id, name, sex, birthday, phone, ID_number, email, parent_phone, adress, major, state from student_basic where id = ? 
2019-10-26 11:39:26,919 DEBUG (BaseJdbcLogger.java:143)- ====> Parameters: 27996(String)
2019-10-26 11:39:26,920 DEBUG (BaseJdbcLogger.java:143)- <====      Total: 1
2019-10-26 11:39:26,920 DEBUG (BaseJdbcLogger.java:143)- ====>  Preparing: select id, name, sex, birthday, phone, ID_number, email, parent_phone, adress, major, state from student_basic where id = ? 
2019-10-26 11:39:26,920 DEBUG (BaseJdbcLogger.java:143)- ====> Parameters: 28000(String)
2019-10-26 11:39:26,921 DEBUG (BaseJdbcLogger.java:143)- <====      Total: 1
2019-10-26 11:39:26,921 DEBUG (BaseJdbcLogger.java:143)- ====>  Preparing: select id, name, sex, birthday, phone, ID_number, email, parent_phone, adress, major, state from student_basic where id = ? 
2019-10-26 11:39:26,921 DEBUG (BaseJdbcLogger.java:143)- ====> Parameters: 28001(String)
2019-10-26 11:39:26,922 DEBUG (BaseJdbcLogger.java:143)- <====      Total: 1
2019-10-26 11:39:26,922 DEBUG (BaseJdbcLogger.java:143)- ====>  Preparing: select id, name, sex, birthday, phone, ID_number, email, parent_phone, adress, major, state from student_basic where id = ? 
2019-10-26 11:39:26,923 DEBUG (BaseJdbcLogger.java:143)- ====> Parameters: 28002(String)
2019-10-26 11:39:26,923 DEBUG (BaseJdbcLogger.java:143)- <====      Total: 1
2019-10-26 11:39:26,923 DEBUG (BaseJdbcLogger.java:143)- ====>  Preparing: select id, name, sex, birthday, phone, ID_number, email, parent_phone, adress, major, state from student_basic where id = ? 
2019-10-26 11:39:26,924 DEBUG (BaseJdbcLogger.java:143)- ====> Parameters: 28007(String)
2019-10-26 11:39:26,925 DEBUG (BaseJdbcLogger.java:143)- <====      Total: 1
2019-10-26 11:39:26,925 DEBUG (BaseJdbcLogger.java:143)- ====>  Preparing: select id, name, sex, birthday, phone, ID_number, email, parent_phone, adress, major, state from student_basic where id = ? 
2019-10-26 11:39:26,925 DEBUG (BaseJdbcLogger.java:143)- ====> Parameters: 28012(String)
2019-10-26 11:39:26,926 DEBUG (BaseJdbcLogger.java:143)- <====      Total: 1
2019-10-26 11:39:26,927 DEBUG (BaseJdbcLogger.java:143)- <==      Total: 17
2019-10-26 11:39:26,927 DEBUG (BaseJdbcLogger.java:143)- ==>  Preparing: select dormitory_allocation.id, dormitory_allocation.class_id, dormitory_allocation.dormitory_id,dormitory_allocation.number from dormitory_allocation,dormitory WHERE dormitory_allocation.dormitory_id=dormitory.id and dormitory.sex=? and class_id = ? 
2019-10-26 11:39:26,927 DEBUG (BaseJdbcLogger.java:143)- ==> Parameters: 男(String), 080901201904(String)
2019-10-26 11:39:26,928 DEBUG (BaseJdbcLogger.java:143)- <==      Total: 0
2019-10-26 11:39:26,928 DEBUG (BaseJdbcLogger.java:143)- ==>  Preparing: select dormitory_allocation.id, dormitory_allocation.class_id, dormitory_allocation.dormitory_id,dormitory_allocation.number from dormitory_allocation,dormitory WHERE dormitory_allocation.dormitory_id=dormitory.id and dormitory.sex=? and class_id = ? 
2019-10-26 11:39:26,928 DEBUG (BaseJdbcLogger.java:143)- ==> Parameters: 女(String), 080901201904(String)
2019-10-26 11:39:26,929 DEBUG (BaseJdbcLogger.java:143)- <==      Total: 0
2019-10-26 11:39:26,929 DEBUG (BaseJdbcLogger.java:143)- ==>  Preparing: select id,class_id,name,director,grade,major_id from class where major_id = ? 
2019-10-26 11:39:26,929 DEBUG (BaseJdbcLogger.java:143)- ==> Parameters: 080703(String)
2019-10-26 11:39:26,930 DEBUG (BaseJdbcLogger.java:143)- <==      Total: 3
2019-10-26 11:39:26,930 DEBUG (BaseJdbcLogger.java:143)- ==>  Preparing: select student_status.id,student_status.basic_id, student_status.student_id, student_status.class_id from student_status,student_basic where student_status.basic_id=student_basic.id and student_basic.sex=? and student_status.class_id=? 
2019-10-26 11:39:26,931 DEBUG (BaseJdbcLogger.java:143)- ==> Parameters: 男(String), 080703201901(String)
2019-10-26 11:39:26,932 DEBUG (BaseJdbcLogger.java:143)- ====>  Preparing: select id, name, sex, birthday, phone, ID_number, email, parent_phone, adress, major, state from student_basic where id = ? 
2019-10-26 11:39:26,932 DEBUG (BaseJdbcLogger.java:143)- ====> Parameters: 28089(String)
2019-10-26 11:39:26,932 DEBUG (BaseJdbcLogger.java:143)- <====      Total: 1
2019-10-26 11:39:26,933 DEBUG (BaseJdbcLogger.java:143)- ====>  Preparing: select id, class_id, name, director, grade, major_id from class WHERE class_id = ? 
2019-10-26 11:39:26,934 DEBUG (BaseJdbcLogger.java:143)- ====> Parameters: 080703201901(String)
2019-10-26 11:39:26,935 DEBUG (BaseJdbcLogger.java:143)- ======>  Preparing: select id, major_id, name, price, department_id from major where major_id = ? 
2019-10-26 11:39:26,935 DEBUG (BaseJdbcLogger.java:143)- ======> Parameters: 080703(String)
2019-10-26 11:39:26,936 DEBUG (BaseJdbcLogger.java:143)- <======      Total: 1
2019-10-26 11:39:26,936 DEBUG (BaseJdbcLogger.java:143)- <====      Total: 1
2019-10-26 11:39:26,937 DEBUG (BaseJdbcLogger.java:143)- ====>  Preparing: select id, name, sex, birthday, phone, ID_number, email, parent_phone, adress, major, state from student_basic where id = ? 
2019-10-26 11:39:26,937 DEBUG (BaseJdbcLogger.java:143)- ====> Parameters: 28090(String)
2019-10-26 11:39:26,938 DEBUG (BaseJdbcLogger.java:143)- <====      Total: 1
2019-10-26 11:39:26,939 DEBUG (BaseJdbcLogger.java:143)- ====>  Preparing: select id, name, sex, birthday, phone, ID_number, email, parent_phone, adress, major, state from student_basic where id = ? 
2019-10-26 11:39:26,939 DEBUG (BaseJdbcLogger.java:143)- ====> Parameters: 28091(String)
2019-10-26 11:39:26,940 DEBUG (BaseJdbcLogger.java:143)- <====      Total: 1
2019-10-26 11:39:26,941 DEBUG (BaseJdbcLogger.java:143)- ====>  Preparing: select id, name, sex, birthday, phone, ID_number, email, parent_phone, adress, major, state from student_basic where id = ? 
2019-10-26 11:39:26,942 DEBUG (BaseJdbcLogger.java:143)- ====> Parameters: 28092(String)
2019-10-26 11:39:26,943 DEBUG (BaseJdbcLogger.java:143)- <====      Total: 1
2019-10-26 11:39:26,944 DEBUG (BaseJdbcLogger.java:143)- ====>  Preparing: select id, name, sex, birthday, phone, ID_number, email, parent_phone, adress, major, state from student_basic where id = ? 
2019-10-26 11:39:26,944 DEBUG (BaseJdbcLogger.java:143)- ====> Parameters: 28095(String)
2019-10-26 11:39:26,945 DEBUG (BaseJdbcLogger.java:143)- <====      Total: 1
2019-10-26 11:39:26,945 DEBUG (BaseJdbcLogger.java:143)- ====>  Preparing: select id, name, sex, birthday, phone, ID_number, email, parent_phone, adress, major, state from student_basic where id = ? 
2019-10-26 11:39:26,946 DEBUG (BaseJdbcLogger.java:143)- ====> Parameters: 28096(String)
2019-10-26 11:39:26,947 DEBUG (BaseJdbcLogger.java:143)- <====      Total: 1
2019-10-26 11:39:26,947 DEBUG (BaseJdbcLogger.java:143)- ====>  Preparing: select id, name, sex, birthday, phone, ID_number, email, parent_phone, adress, major, state from student_basic where id = ? 
2019-10-26 11:39:26,947 DEBUG (BaseJdbcLogger.java:143)- ====> Parameters: 28097(String)
2019-10-26 11:39:26,948 DEBUG (BaseJdbcLogger.java:143)- <====      Total: 1
2019-10-26 11:39:26,948 DEBUG (BaseJdbcLogger.java:143)- ====>  Preparing: select id, name, sex, birthday, phone, ID_number, email, parent_phone, adress, major, state from student_basic where id = ? 
2019-10-26 11:39:26,949 DEBUG (BaseJdbcLogger.java:143)- ====> Parameters: 28098(String)
2019-10-26 11:39:26,949 DEBUG (BaseJdbcLogger.java:143)- <====      Total: 1
2019-10-26 11:39:26,950 DEBUG (BaseJdbcLogger.java:143)- ====>  Preparing: select id, name, sex, birthday, phone, ID_number, email, parent_phone, adress, major, state from student_basic where id = ? 
2019-10-26 11:39:26,950 DEBUG (BaseJdbcLogger.java:143)- ====> Parameters: 28099(String)
2019-10-26 11:39:26,951 DEBUG (BaseJdbcLogger.java:143)- <====      Total: 1
2019-10-26 11:39:26,951 DEBUG (BaseJdbcLogger.java:143)- ====>  Preparing: select id, name, sex, birthday, phone, ID_number, email, parent_phone, adress, major, state from student_basic where id = ? 
2019-10-26 11:39:26,951 DEBUG (BaseJdbcLogger.java:143)- ====> Parameters: 28100(String)
2019-10-26 11:39:26,952 DEBUG (BaseJdbcLogger.java:143)- <====      Total: 1
2019-10-26 11:39:26,952 DEBUG (BaseJdbcLogger.java:143)- ====>  Preparing: select id, name, sex, birthday, phone, ID_number, email, parent_phone, adress, major, state from student_basic where id = ? 
2019-10-26 11:39:26,953 DEBUG (BaseJdbcLogger.java:143)- ====> Parameters: 28102(String)
2019-10-26 11:39:26,953 DEBUG (BaseJdbcLogger.java:143)- <====      Total: 1
2019-10-26 11:39:26,954 DEBUG (BaseJdbcLogger.java:143)- ====>  Preparing: select id, name, sex, birthday, phone, ID_number, email, parent_phone, adress, major, state from student_basic where id = ? 
2019-10-26 11:39:26,954 DEBUG (BaseJdbcLogger.java:143)- ====> Parameters: 28106(String)
2019-10-26 11:39:26,954 DEBUG (BaseJdbcLogger.java:143)- <====      Total: 1
2019-10-26 11:39:26,955 DEBUG (BaseJdbcLogger.java:143)- ====>  Preparing: select id, name, sex, birthday, phone, ID_number, email, parent_phone, adress, major, state from student_basic where id = ? 
2019-10-26 11:39:26,955 DEBUG (BaseJdbcLogger.java:143)- ====> Parameters: 28109(String)
2019-10-26 11:39:26,956 DEBUG (BaseJdbcLogger.java:143)- <====      Total: 1
2019-10-26 11:39:26,956 DEBUG (BaseJdbcLogger.java:143)- ====>  Preparing: select id, name, sex, birthday, phone, ID_number, email, parent_phone, adress, major, state from student_basic where id = ? 
2019-10-26 11:39:26,956 DEBUG (BaseJdbcLogger.java:143)- ====> Parameters: 28110(String)
2019-10-26 11:39:26,957 DEBUG (BaseJdbcLogger.java:143)- <====      Total: 1
2019-10-26 11:39:26,957 DEBUG (BaseJdbcLogger.java:143)- ====>  Preparing: select id, name, sex, birthday, phone, ID_number, email, parent_phone, adress, major, state from student_basic where id = ? 
2019-10-26 11:39:26,958 DEBUG (BaseJdbcLogger.java:143)- ====> Parameters: 28113(String)
2019-10-26 11:39:26,959 DEBUG (BaseJdbcLogger.java:143)- <====      Total: 1
2019-10-26 11:39:26,959 DEBUG (BaseJdbcLogger.java:143)- ====>  Preparing: select id, name, sex, birthday, phone, ID_number, email, parent_phone, adress, major, state from student_basic where id = ? 
2019-10-26 11:39:26,960 DEBUG (BaseJdbcLogger.java:143)- ====> Parameters: 28115(String)
2019-10-26 11:39:26,960 DEBUG (BaseJdbcLogger.java:143)- <====      Total: 1
2019-10-26 11:39:26,961 DEBUG (BaseJdbcLogger.java:143)- ====>  Preparing: select id, name, sex, birthday, phone, ID_number, email, parent_phone, adress, major, state from student_basic where id = ? 
2019-10-26 11:39:26,961 DEBUG (BaseJdbcLogger.java:143)- ====> Parameters: 28116(String)
2019-10-26 11:39:26,961 DEBUG (BaseJdbcLogger.java:143)- <====      Total: 1
2019-10-26 11:39:26,962 DEBUG (BaseJdbcLogger.java:143)- ====>  Preparing: select id, name, sex, birthday, phone, ID_number, email, parent_phone, adress, major, state from student_basic where id = ? 
2019-10-26 11:39:26,962 DEBUG (BaseJdbcLogger.java:143)- ====> Parameters: 28118(String)
2019-10-26 11:39:26,963 DEBUG (BaseJdbcLogger.java:143)- <====      Total: 1
2019-10-26 11:39:26,963 DEBUG (BaseJdbcLogger.java:143)- ====>  Preparing: select id, name, sex, birthday, phone, ID_number, email, parent_phone, adress, major, state from student_basic where id = ? 
2019-10-26 11:39:26,963 DEBUG (BaseJdbcLogger.java:143)- ====> Parameters: 28119(String)
2019-10-26 11:39:26,964 DEBUG (BaseJdbcLogger.java:143)- <====      Total: 1
2019-10-26 11:39:26,964 DEBUG (BaseJdbcLogger.java:143)- ====>  Preparing: select id, name, sex, birthday, phone, ID_number, email, parent_phone, adress, major, state from student_basic where id = ? 
2019-10-26 11:39:26,964 DEBUG (BaseJdbcLogger.java:143)- ====> Parameters: 28121(String)
2019-10-26 11:39:26,965 DEBUG (BaseJdbcLogger.java:143)- <====      Total: 1
2019-10-26 11:39:26,965 DEBUG (BaseJdbcLogger.java:143)- ====>  Preparing: select id, name, sex, birthday, phone, ID_number, email, parent_phone, adress, major, state from student_basic where id = ? 
2019-10-26 11:39:26,966 DEBUG (BaseJdbcLogger.java:143)- ====> Parameters: 28124(String)
2019-10-26 11:39:26,967 DEBUG (BaseJdbcLogger.java:143)- <====      Total: 1
2019-10-26 11:39:26,967 DEBUG (BaseJdbcLogger.java:143)- ====>  Preparing: select id, name, sex, birthday, phone, ID_number, email, parent_phone, adress, major, state from student_basic where id = ? 
2019-10-26 11:39:26,967 DEBUG (BaseJdbcLogger.java:143)- ====> Parameters: 28127(String)
2019-10-26 11:39:26,968 DEBUG (BaseJdbcLogger.java:143)- <====      Total: 1
2019-10-26 11:39:26,968 DEBUG (BaseJdbcLogger.java:143)- ====>  Preparing: select id, name, sex, birthday, phone, ID_number, email, parent_phone, adress, major, state from student_basic where id = ? 
2019-10-26 11:39:26,968 DEBUG (BaseJdbcLogger.java:143)- ====> Parameters: 28130(String)
2019-10-26 11:39:26,969 DEBUG (BaseJdbcLogger.java:143)- <====      Total: 1
2019-10-26 11:39:26,969 DEBUG (BaseJdbcLogger.java:143)- ====>  Preparing: select id, name, sex, birthday, phone, ID_number, email, parent_phone, adress, major, state from student_basic where id = ? 
2019-10-26 11:39:26,970 DEBUG (BaseJdbcLogger.java:143)- ====> Parameters: 28131(String)
2019-10-26 11:39:26,970 DEBUG (BaseJdbcLogger.java:143)- <====      Total: 1
2019-10-26 11:39:26,970 DEBUG (BaseJdbcLogger.java:143)- ====>  Preparing: select id, name, sex, birthday, phone, ID_number, email, parent_phone, adress, major, state from student_basic where id = ? 
2019-10-26 11:39:26,971 DEBUG (BaseJdbcLogger.java:143)- ====> Parameters: 28132(String)
2019-10-26 11:39:26,972 DEBUG (BaseJdbcLogger.java:143)- <====      Total: 1
2019-10-26 11:39:26,972 DEBUG (BaseJdbcLogger.java:143)- ====>  Preparing: select id, name, sex, birthday, phone, ID_number, email, parent_phone, adress, major, state from student_basic where id = ? 
2019-10-26 11:39:26,972 DEBUG (BaseJdbcLogger.java:143)- ====> Parameters: 28133(String)
2019-10-26 11:39:26,973 DEBUG (BaseJdbcLogger.java:143)- <====      Total: 1
2019-10-26 11:39:26,973 DEBUG (BaseJdbcLogger.java:143)- <==      Total: 26
2019-10-26 11:39:26,974 DEBUG (BaseJdbcLogger.java:143)- ==>  Preparing: select student_status.id,student_status.basic_id, student_status.student_id, student_status.class_id from student_status,student_basic where student_status.basic_id=student_basic.id and student_basic.sex=? and student_status.class_id=? 
2019-10-26 11:39:26,974 DEBUG (BaseJdbcLogger.java:143)- ==> Parameters: 女(String), 080703201901(String)
2019-10-26 11:39:26,976 DEBUG (BaseJdbcLogger.java:143)- ====>  Preparing: select id, name, sex, birthday, phone, ID_number, email, parent_phone, adress, major, state from student_basic where id = ? 
2019-10-26 11:39:26,976 DEBUG (BaseJdbcLogger.java:143)- ====> Parameters: 28088(String)
2019-10-26 11:39:26,977 DEBUG (BaseJdbcLogger.java:143)- <====      Total: 1
2019-10-26 11:39:26,977 DEBUG (BaseJdbcLogger.java:143)- ====>  Preparing: select id, name, sex, birthday, phone, ID_number, email, parent_phone, adress, major, state from student_basic where id = ? 
2019-10-26 11:39:26,977 DEBUG (BaseJdbcLogger.java:143)- ====> Parameters: 28093(String)
2019-10-26 11:39:26,978 DEBUG (BaseJdbcLogger.java:143)- <====      Total: 1
2019-10-26 11:39:26,978 DEBUG (BaseJdbcLogger.java:143)- ====>  Preparing: select id, name, sex, birthday, phone, ID_number, email, parent_phone, adress, major, state from student_basic where id = ? 
2019-10-26 11:39:26,978 DEBUG (BaseJdbcLogger.java:143)- ====> Parameters: 28094(String)
2019-10-26 11:39:26,979 DEBUG (BaseJdbcLogger.java:143)- <====      Total: 1
2019-10-26 11:39:26,979 DEBUG (BaseJdbcLogger.java:143)- ====>  Preparing: select id, name, sex, birthday, phone, ID_number, email, parent_phone, adress, major, state from student_basic where id = ? 
2019-10-26 11:39:26,980 DEBUG (BaseJdbcLogger.java:143)- ====> Parameters: 28101(String)
2019-10-26 11:39:26,980 DEBUG (BaseJdbcLogger.java:143)- <====      Total: 1
2019-10-26 11:39:26,980 DEBUG (BaseJdbcLogger.java:143)- ====>  Preparing: select id, name, sex, birthday, phone, ID_number, email, parent_phone, adress, major, state from student_basic where id = ? 
2019-10-26 11:39:26,981 DEBUG (BaseJdbcLogger.java:143)- ====> Parameters: 28103(String)
2019-10-26 11:39:26,981 DEBUG (BaseJdbcLogger.java:143)- <====      Total: 1
2019-10-26 11:39:26,982 DEBUG (BaseJdbcLogger.java:143)- ====>  Preparing: select id, name, sex, birthday, phone, ID_number, email, parent_phone, adress, major, state from student_basic where id = ? 
2019-10-26 11:39:26,982 DEBUG (BaseJdbcLogger.java:143)- ====> Parameters: 28104(String)
2019-10-26 11:39:26,983 DEBUG (BaseJdbcLogger.java:143)- <====      Total: 1
2019-10-26 11:39:26,984 DEBUG (BaseJdbcLogger.java:143)- ====>  Preparing: select id, name, sex, birthday, phone, ID_number, email, parent_phone, adress, major, state from student_basic where id = ? 
2019-10-26 11:39:26,984 DEBUG (BaseJdbcLogger.java:143)- ====> Parameters: 28105(String)
2019-10-26 11:39:26,985 DEBUG (BaseJdbcLogger.java:143)- <====      Total: 1
2019-10-26 11:39:26,985 DEBUG (BaseJdbcLogger.java:143)- ====>  Preparing: select id, name, sex, birthday, phone, ID_number, email, parent_phone, adress, major, state from student_basic where id = ? 
2019-10-26 11:39:26,985 DEBUG (BaseJdbcLogger.java:143)- ====> Parameters: 28107(String)
2019-10-26 11:39:26,986 DEBUG (BaseJdbcLogger.java:143)- <====      Total: 1
2019-10-26 11:39:26,986 DEBUG (BaseJdbcLogger.java:143)- ====>  Preparing: select id, name, sex, birthday, phone, ID_number, email, parent_phone, adress, major, state from student_basic where id = ? 
2019-10-26 11:39:26,987 DEBUG (BaseJdbcLogger.java:143)- ====> Parameters: 28108(String)
2019-10-26 11:39:26,987 DEBUG (BaseJdbcLogger.java:143)- <====      Total: 1
2019-10-26 11:39:26,987 DEBUG (BaseJdbcLogger.java:143)- ====>  Preparing: select id, name, sex, birthday, phone, ID_number, email, parent_phone, adress, major, state from student_basic where id = ? 
2019-10-26 11:39:26,988 DEBUG (BaseJdbcLogger.java:143)- ====> Parameters: 28111(String)
2019-10-26 11:39:26,988 DEBUG (BaseJdbcLogger.java:143)- <====      Total: 1
2019-10-26 11:39:26,989 DEBUG (BaseJdbcLogger.java:143)- ====>  Preparing: select id, name, sex, birthday, phone, ID_number, email, parent_phone, adress, major, state from student_basic where id = ? 
2019-10-26 11:39:26,989 DEBUG (BaseJdbcLogger.java:143)- ====> Parameters: 28112(String)
2019-10-26 11:39:26,990 DEBUG (BaseJdbcLogger.java:143)- <====      Total: 1
2019-10-26 11:39:26,991 DEBUG (BaseJdbcLogger.java:143)- ====>  Preparing: select id, name, sex, birthday, phone, ID_number, email, parent_phone, adress, major, state from student_basic where id = ? 
2019-10-26 11:39:26,992 DEBUG (BaseJdbcLogger.java:143)- ====> Parameters: 28114(String)
2019-10-26 11:39:26,993 DEBUG (BaseJdbcLogger.java:143)- <====      Total: 1
2019-10-26 11:39:26,995 DEBUG (BaseJdbcLogger.java:143)- ====>  Preparing: select id, name, sex, birthday, phone, ID_number, email, parent_phone, adress, major, state from student_basic where id = ? 
2019-10-26 11:39:26,997 DEBUG (BaseJdbcLogger.java:143)- ====> Parameters: 28117(String)
2019-10-26 11:39:26,998 DEBUG (BaseJdbcLogger.java:143)- <====      Total: 1
2019-10-26 11:39:26,999 DEBUG (BaseJdbcLogger.java:143)- ====>  Preparing: select id, name, sex, birthday, phone, ID_number, email, parent_phone, adress, major, state from student_basic where id = ? 
2019-10-26 11:39:26,999 DEBUG (BaseJdbcLogger.java:143)- ====> Parameters: 28120(String)
2019-10-26 11:39:27,000 DEBUG (BaseJdbcLogger.java:143)- <====      Total: 1
2019-10-26 11:39:27,001 DEBUG (BaseJdbcLogger.java:143)- ====>  Preparing: select id, name, sex, birthday, phone, ID_number, email, parent_phone, adress, major, state from student_basic where id = ? 
2019-10-26 11:39:27,001 DEBUG (BaseJdbcLogger.java:143)- ====> Parameters: 28122(String)
2019-10-26 11:39:27,002 DEBUG (BaseJdbcLogger.java:143)- <====      Total: 1
2019-10-26 11:39:27,004 DEBUG (BaseJdbcLogger.java:143)- ====>  Preparing: select id, name, sex, birthday, phone, ID_number, email, parent_phone, adress, major, state from student_basic where id = ? 
2019-10-26 11:39:27,004 DEBUG (BaseJdbcLogger.java:143)- ====> Parameters: 28123(String)
2019-10-26 11:39:27,005 DEBUG (BaseJdbcLogger.java:143)- <====      Total: 1
2019-10-26 11:39:27,005 DEBUG (BaseJdbcLogger.java:143)- ====>  Preparing: select id, name, sex, birthday, phone, ID_number, email, parent_phone, adress, major, state from student_basic where id = ? 
2019-10-26 11:39:27,006 DEBUG (BaseJdbcLogger.java:143)- ====> Parameters: 28125(String)
2019-10-26 11:39:27,006 DEBUG (BaseJdbcLogger.java:143)- <====      Total: 1
2019-10-26 11:39:27,007 DEBUG (BaseJdbcLogger.java:143)- ====>  Preparing: select id, name, sex, birthday, phone, ID_number, email, parent_phone, adress, major, state from student_basic where id = ? 
2019-10-26 11:39:27,007 DEBUG (BaseJdbcLogger.java:143)- ====> Parameters: 28126(String)
2019-10-26 11:39:27,010 DEBUG (BaseJdbcLogger.java:143)- <====      Total: 1
2019-10-26 11:39:27,011 DEBUG (BaseJdbcLogger.java:143)- <==      Total: 18
2019-10-26 11:39:27,012 DEBUG (BaseJdbcLogger.java:143)- ==>  Preparing: select dormitory_allocation.id, dormitory_allocation.class_id, dormitory_allocation.dormitory_id,dormitory_allocation.number from dormitory_allocation,dormitory WHERE dormitory_allocation.dormitory_id=dormitory.id and dormitory.sex=? and class_id = ? 
2019-10-26 11:39:27,013 DEBUG (BaseJdbcLogger.java:143)- ==> Parameters: 男(String), 080703201901(String)
2019-10-26 11:39:27,013 DEBUG (BaseJdbcLogger.java:143)- <==      Total: 0
2019-10-26 11:39:27,014 DEBUG (BaseJdbcLogger.java:143)- ==>  Preparing: select dormitory_allocation.id, dormitory_allocation.class_id, dormitory_allocation.dormitory_id,dormitory_allocation.number from dormitory_allocation,dormitory WHERE dormitory_allocation.dormitory_id=dormitory.id and dormitory.sex=? and class_id = ? 
2019-10-26 11:39:27,014 DEBUG (BaseJdbcLogger.java:143)- ==> Parameters: 女(String), 080703201901(String)
2019-10-26 11:39:27,015 DEBUG (BaseJdbcLogger.java:143)- <==      Total: 0
2019-10-26 11:39:27,015 DEBUG (BaseJdbcLogger.java:143)- ==>  Preparing: select student_status.id,student_status.basic_id, student_status.student_id, student_status.class_id from student_status,student_basic where student_status.basic_id=student_basic.id and student_basic.sex=? and student_status.class_id=? 
2019-10-26 11:39:27,015 DEBUG (BaseJdbcLogger.java:143)- ==> Parameters: 男(String), 080703201902(String)
2019-10-26 11:39:27,016 DEBUG (BaseJdbcLogger.java:143)- ====>  Preparing: select id, name, sex, birthday, phone, ID_number, email, parent_phone, adress, major, state from student_basic where id = ? 
2019-10-26 11:39:27,017 DEBUG (BaseJdbcLogger.java:143)- ====> Parameters: 28135(String)
2019-10-26 11:39:27,017 DEBUG (BaseJdbcLogger.java:143)- <====      Total: 1
2019-10-26 11:39:27,018 DEBUG (BaseJdbcLogger.java:143)- ====>  Preparing: select id, class_id, name, director, grade, major_id from class WHERE class_id = ? 
2019-10-26 11:39:27,018 DEBUG (BaseJdbcLogger.java:143)- ====> Parameters: 080703201902(String)
2019-10-26 11:39:27,019 DEBUG (BaseJdbcLogger.java:143)- <====      Total: 1
2019-10-26 11:39:27,019 DEBUG (BaseJdbcLogger.java:143)- ====>  Preparing: select id, name, sex, birthday, phone, ID_number, email, parent_phone, adress, major, state from student_basic where id = ? 
2019-10-26 11:39:27,019 DEBUG (BaseJdbcLogger.java:143)- ====> Parameters: 28136(String)
2019-10-26 11:39:27,020 DEBUG (BaseJdbcLogger.java:143)- <====      Total: 1
2019-10-26 11:39:27,020 DEBUG (BaseJdbcLogger.java:143)- ====>  Preparing: select id, name, sex, birthday, phone, ID_number, email, parent_phone, adress, major, state from student_basic where id = ? 
2019-10-26 11:39:27,020 DEBUG (BaseJdbcLogger.java:143)- ====> Parameters: 28139(String)
2019-10-26 11:39:27,021 DEBUG (BaseJdbcLogger.java:143)- <====      Total: 1
2019-10-26 11:39:27,021 DEBUG (BaseJdbcLogger.java:143)- ====>  Preparing: select id, name, sex, birthday, phone, ID_number, email, parent_phone, adress, major, state from student_basic where id = ? 
2019-10-26 11:39:27,022 DEBUG (BaseJdbcLogger.java:143)- ====> Parameters: 28140(String)
2019-10-26 11:39:27,022 DEBUG (BaseJdbcLogger.java:143)- <====      Total: 1
2019-10-26 11:39:27,023 DEBUG (BaseJdbcLogger.java:143)- ====>  Preparing: select id, name, sex, birthday, phone, ID_number, email, parent_phone, adress, major, state from student_basic where id = ? 
2019-10-26 11:39:27,023 DEBUG (BaseJdbcLogger.java:143)- ====> Parameters: 28141(String)
2019-10-26 11:39:27,024 DEBUG (BaseJdbcLogger.java:143)- <====      Total: 1
2019-10-26 11:39:27,026 DEBUG (BaseJdbcLogger.java:143)- ====>  Preparing: select id, name, sex, birthday, phone, ID_number, email, parent_phone, adress, major, state from student_basic where id = ? 
2019-10-26 11:39:27,027 DEBUG (BaseJdbcLogger.java:143)- ====> Parameters: 28142(String)
2019-10-26 11:39:27,028 DEBUG (BaseJdbcLogger.java:143)- <====      Total: 1
2019-10-26 11:39:27,029 DEBUG (BaseJdbcLogger.java:143)- ====>  Preparing: select id, name, sex, birthday, phone, ID_number, email, parent_phone, adress, major, state from student_basic where id = ? 
2019-10-26 11:39:27,029 DEBUG (BaseJdbcLogger.java:143)- ====> Parameters: 28143(String)
