2019-09-02 12:37:47,808 DEBUG (BaseJdbcLogger.java:143)- ====>  Preparing: select id, name, sex, birthday, phone, ID_number, email, parent_phone, adress, major, state from student_basic where id = ? 
2019-09-02 12:37:47,810 DEBUG (BaseJdbcLogger.java:143)- ====> Parameters: 18060(String)
2019-09-02 12:37:47,812 DEBUG (BaseJdbcLogger.java:143)- <====      Total: 1
2019-09-02 12:37:47,812 DEBUG (BaseJdbcLogger.java:143)- ====>  Preparing: select id, name, sex, birthday, phone, ID_number, email, parent_phone, adress, major, state from student_basic where id = ? 
2019-09-02 12:37:47,813 DEBUG (BaseJdbcLogger.java:143)- ====> Parameters: 18062(String)
2019-09-02 12:37:47,814 DEBUG (BaseJdbcLogger.java:143)- <====      Total: 1
2019-09-02 12:37:47,815 DEBUG (BaseJdbcLogger.java:143)- ====>  Preparing: select id, name, sex, birthday, phone, ID_number, email, parent_phone, adress, major, state from student_basic where id = ? 
2019-09-02 12:37:47,815 DEBUG (BaseJdbcLogger.java:143)- ====> Parameters: 18065(String)
2019-09-02 12:37:47,816 DEBUG (BaseJdbcLogger.java:143)- <====      Total: 1
2019-09-02 12:37:47,816 DEBUG (BaseJdbcLogger.java:143)- ====>  Preparing: select id, name, sex, birthday, phone, ID_number, email, parent_phone, adress, major, state from student_basic where id = ? 
2019-09-02 12:37:47,817 DEBUG (BaseJdbcLogger.java:143)- ====> Parameters: 18067(String)
2019-09-02 12:37:47,818 DEBUG (BaseJdbcLogger.java:143)- <====      Total: 1
2019-09-02 12:37:47,818 DEBUG (BaseJdbcLogger.java:143)- ====>  Preparing: select id, name, sex, birthday, phone, ID_number, email, parent_phone, adress, major, state from student_basic where id = ? 
2019-09-02 12:37:47,818 DEBUG (BaseJdbcLogger.java:143)- ====> Parameters: 18071(String)
2019-09-02 12:37:47,819 DEBUG (BaseJdbcLogger.java:143)- <====      Total: 1
2019-09-02 12:37:47,820 DEBUG (BaseJdbcLogger.java:143)- ====>  Preparing: select id, name, sex, birthday, phone, ID_number, email, parent_phone, adress, major, state from student_basic where id = ? 
2019-09-02 12:37:47,820 DEBUG (BaseJdbcLogger.java:143)- ====> Parameters: 18072(String)
2019-09-02 12:37:47,820 DEBUG (BaseJdbcLogger.java:143)- <====      Total: 1
2019-09-02 12:37:47,821 DEBUG (BaseJdbcLogger.java:143)- ====>  Preparing: select id, name, sex, birthday, phone, ID_number, email, parent_phone, adress, major, state from student_basic where id = ? 
2019-09-02 12:37:47,821 DEBUG (BaseJdbcLogger.java:143)- ====> Parameters: 18073(String)
2019-09-02 12:37:47,821 DEBUG (BaseJdbcLogger.java:143)- <====      Total: 1
2019-09-02 12:37:47,822 DEBUG (BaseJdbcLogger.java:143)- ====>  Preparing: select id, name, sex, birthday, phone, ID_number, email, parent_phone, adress, major, state from student_basic where id = ? 
2019-09-02 12:37:47,822 DEBUG (BaseJdbcLogger.java:143)- ====> Parameters: 18074(String)
2019-09-02 12:37:47,822 DEBUG (BaseJdbcLogger.java:143)- <====      Total: 1
2019-09-02 12:37:47,823 DEBUG (BaseJdbcLogger.java:143)- ====>  Preparing: select id, name, sex, birthday, phone, ID_number, email, parent_phone, adress, major, state from student_basic where id = ? 
2019-09-02 12:37:47,823 DEBUG (BaseJdbcLogger.java:143)- ====> Parameters: 18077(String)
2019-09-02 12:37:47,823 DEBUG (BaseJdbcLogger.java:143)- <====      Total: 1
2019-09-02 12:37:47,824 DEBUG (BaseJdbcLogger.java:143)- ====>  Preparing: select id, name, sex, birthday, phone, ID_number, email, parent_phone, adress, major, state from student_basic where id = ? 
2019-09-02 12:37:47,824 DEBUG (BaseJdbcLogger.java:143)- ====> Parameters: 18081(String)
2019-09-02 12:37:47,825 DEBUG (BaseJdbcLogger.java:143)- <====      Total: 1
2019-09-02 12:37:47,825 DEBUG (BaseJdbcLogger.java:143)- ====>  Preparing: select id, name, sex, birthday, phone, ID_number, email, parent_phone, adress, major, state from student_basic where id = ? 
2019-09-02 12:37:47,825 DEBUG (BaseJdbcLogger.java:143)- ====> Parameters: 18084(String)
2019-09-02 12:37:47,826 DEBUG (BaseJdbcLogger.java:143)- <====      Total: 1
2019-09-02 12:37:47,826 DEBUG (BaseJdbcLogger.java:143)- ====>  Preparing: select id, name, sex, birthday, phone, ID_number, email, parent_phone, adress, major, state from student_basic where id = ? 
2019-09-02 12:37:47,826 DEBUG (BaseJdbcLogger.java:143)- ====> Parameters: 18086(String)
2019-09-02 12:37:47,827 DEBUG (BaseJdbcLogger.java:143)- <====      Total: 1
2019-09-02 12:37:47,827 DEBUG (BaseJdbcLogger.java:143)- ====>  Preparing: select id, name, sex, birthday, phone, ID_number, email, parent_phone, adress, major, state from student_basic where id = ? 
2019-09-02 12:37:47,827 DEBUG (BaseJdbcLogger.java:143)- ====> Parameters: 18089(String)
2019-09-02 12:37:47,828 DEBUG (BaseJdbcLogger.java:143)- <====      Total: 1
2019-09-02 12:37:47,828 DEBUG (BaseJdbcLogger.java:143)- ====>  Preparing: select id, name, sex, birthday, phone, ID_number, email, parent_phone, adress, major, state from student_basic where id = ? 
2019-09-02 12:37:47,828 DEBUG (BaseJdbcLogger.java:143)- ====> Parameters: 18090(String)
2019-09-02 12:37:47,829 DEBUG (BaseJdbcLogger.java:143)- <====      Total: 1
2019-09-02 12:37:47,829 DEBUG (BaseJdbcLogger.java:143)- ====>  Preparing: select id, name, sex, birthday, phone, ID_number, email, parent_phone, adress, major, state from student_basic where id = ? 
2019-09-02 12:37:47,830 DEBUG (BaseJdbcLogger.java:143)- ====> Parameters: 18095(String)
2019-09-02 12:37:47,831 DEBUG (BaseJdbcLogger.java:143)- <====      Total: 1
2019-09-02 12:37:47,832 DEBUG (BaseJdbcLogger.java:143)- ====>  Preparing: select id, name, sex, birthday, phone, ID_number, email, parent_phone, adress, major, state from student_basic where id = ? 
2019-09-02 12:37:47,833 DEBUG (BaseJdbcLogger.java:143)- ====> Parameters: 18096(String)
2019-09-02 12:37:47,834 DEBUG (BaseJdbcLogger.java:143)- <====      Total: 1
2019-09-02 12:37:47,834 DEBUG (BaseJdbcLogger.java:143)- ====>  Preparing: select id, name, sex, birthday, phone, ID_number, email, parent_phone, adress, major, state from student_basic where id = ? 
2019-09-02 12:37:47,834 DEBUG (BaseJdbcLogger.java:143)- ====> Parameters: 18097(String)
2019-09-02 12:37:47,835 DEBUG (BaseJdbcLogger.java:143)- <====      Total: 1
2019-09-02 12:37:47,836 DEBUG (BaseJdbcLogger.java:143)- ====>  Preparing: select id, name, sex, birthday, phone, ID_number, email, parent_phone, adress, major, state from student_basic where id = ? 
2019-09-02 12:37:47,836 DEBUG (BaseJdbcLogger.java:143)- ====> Parameters: 18098(String)
2019-09-02 12:37:47,837 DEBUG (BaseJdbcLogger.java:143)- <====      Total: 1
2019-09-02 12:37:47,837 DEBUG (BaseJdbcLogger.java:143)- ====>  Preparing: select id, name, sex, birthday, phone, ID_number, email, parent_phone, adress, major, state from student_basic where id = ? 
2019-09-02 12:37:47,837 DEBUG (BaseJdbcLogger.java:143)- ====> Parameters: 18099(String)
2019-09-02 12:37:47,838 DEBUG (BaseJdbcLogger.java:143)- <====      Total: 1
2019-09-02 12:37:47,838 DEBUG (BaseJdbcLogger.java:143)- ====>  Preparing: select id, name, sex, birthday, phone, ID_number, email, parent_phone, adress, major, state from student_basic where id = ? 
2019-09-02 12:37:47,839 DEBUG (BaseJdbcLogger.java:143)- ====> Parameters: 18100(String)
2019-09-02 12:37:47,839 DEBUG (BaseJdbcLogger.java:143)- <====      Total: 1
2019-09-02 12:37:47,839 DEBUG (BaseJdbcLogger.java:143)- ====>  Preparing: select id, name, sex, birthday, phone, ID_number, email, parent_phone, adress, major, state from student_basic where id = ? 
2019-09-02 12:37:47,840 DEBUG (BaseJdbcLogger.java:143)- ====> Parameters: 18101(String)
2019-09-02 12:37:47,840 DEBUG (BaseJdbcLogger.java:143)- <====      Total: 1
2019-09-02 12:37:47,841 DEBUG (BaseJdbcLogger.java:143)- ====>  Preparing: select id, name, sex, birthday, phone, ID_number, email, parent_phone, adress, major, state from student_basic where id = ? 
2019-09-02 12:37:47,841 DEBUG (BaseJdbcLogger.java:143)- ====> Parameters: 18102(String)
2019-09-02 12:37:47,841 DEBUG (BaseJdbcLogger.java:143)- <====      Total: 1
2019-09-02 12:37:47,842 DEBUG (BaseJdbcLogger.java:143)- ====>  Preparing: select id, name, sex, birthday, phone, ID_number, email, parent_phone, adress, major, state from student_basic where id = ? 
2019-09-02 12:37:47,842 DEBUG (BaseJdbcLogger.java:143)- ====> Parameters: 18104(String)
2019-09-02 12:37:47,843 DEBUG (BaseJdbcLogger.java:143)- <====      Total: 1
2019-09-02 12:37:47,843 DEBUG (BaseJdbcLogger.java:143)- ====>  Preparing: select id, name, sex, birthday, phone, ID_number, email, parent_phone, adress, major, state from student_basic where id = ? 
2019-09-02 12:37:47,843 DEBUG (BaseJdbcLogger.java:143)- ====> Parameters: 18105(String)
2019-09-02 12:37:47,843 DEBUG (BaseJdbcLogger.java:143)- <====      Total: 1
2019-09-02 12:37:47,844 DEBUG (BaseJdbcLogger.java:143)- ====>  Preparing: select id, name, sex, birthday, phone, ID_number, email, parent_phone, adress, major, state from student_basic where id = ? 
2019-09-02 12:37:47,845 DEBUG (BaseJdbcLogger.java:143)- ====> Parameters: 18108(String)
2019-09-02 12:37:47,845 DEBUG (BaseJdbcLogger.java:143)- <====      Total: 1
2019-09-02 12:37:47,846 DEBUG (BaseJdbcLogger.java:143)- ====>  Preparing: select id, name, sex, birthday, phone, ID_number, email, parent_phone, adress, major, state from student_basic where id = ? 
2019-09-02 12:37:47,847 DEBUG (BaseJdbcLogger.java:143)- ====> Parameters: 18111(String)
2019-09-02 12:37:47,848 DEBUG (BaseJdbcLogger.java:143)- <====      Total: 1
2019-09-02 12:37:47,848 DEBUG (BaseJdbcLogger.java:143)- ====>  Preparing: select id, name, sex, birthday, phone, ID_number, email, parent_phone, adress, major, state from student_basic where id = ? 
2019-09-02 12:37:47,848 DEBUG (BaseJdbcLogger.java:143)- ====> Parameters: 18112(String)
2019-09-02 12:37:47,849 DEBUG (BaseJdbcLogger.java:143)- <====      Total: 1
2019-09-02 12:37:47,850 DEBUG (BaseJdbcLogger.java:143)- <==      Total: 29
2019-09-02 12:37:47,850 DEBUG (BaseJdbcLogger.java:143)- ==>  Preparing: select student_status.id,student_status.basic_id, student_status.student_id, student_status.class_id from student_status,student_basic where student_status.basic_id=student_basic.id and student_basic.sex=? and student_status.class_id=? 
2019-09-02 12:37:47,850 DEBUG (BaseJdbcLogger.java:143)- ==> Parameters: 女(String), 080901201902(String)
2019-09-02 12:37:47,852 DEBUG (BaseJdbcLogger.java:143)- ====>  Preparing: select id, name, sex, birthday, phone, ID_number, email, parent_phone, adress, major, state from student_basic where id = ? 
2019-09-02 12:37:47,852 DEBUG (BaseJdbcLogger.java:143)- ====> Parameters: 18050(String)
2019-09-02 12:37:47,853 DEBUG (BaseJdbcLogger.java:143)- <====      Total: 1
2019-09-02 12:37:47,854 DEBUG (BaseJdbcLogger.java:143)- ====>  Preparing: select id, class_id, name, director, grade, major_id from class where class_id = ? 
2019-09-02 12:37:47,854 DEBUG (BaseJdbcLogger.java:143)- ====> Parameters: 080901201902(String)
2019-09-02 12:37:47,855 DEBUG (BaseJdbcLogger.java:143)- ======>  Preparing: select id, major_id, name, price, department_id from major where major_id = ? 
2019-09-02 12:37:47,855 DEBUG (BaseJdbcLogger.java:143)- ======> Parameters: 080901(String)
2019-09-02 12:37:47,856 DEBUG (BaseJdbcLogger.java:143)- <======      Total: 1
2019-09-02 12:37:47,857 DEBUG (BaseJdbcLogger.java:143)- <====      Total: 1
2019-09-02 12:37:47,857 DEBUG (BaseJdbcLogger.java:143)- ====>  Preparing: select id, name, sex, birthday, phone, ID_number, email, parent_phone, adress, major, state from student_basic where id = ? 
2019-09-02 12:37:47,858 DEBUG (BaseJdbcLogger.java:143)- ====> Parameters: 18052(String)
2019-09-02 12:37:47,858 DEBUG (BaseJdbcLogger.java:143)- <====      Total: 1
2019-09-02 12:37:47,859 DEBUG (BaseJdbcLogger.java:143)- ====>  Preparing: select id, name, sex, birthday, phone, ID_number, email, parent_phone, adress, major, state from student_basic where id = ? 
2019-09-02 12:37:47,859 DEBUG (BaseJdbcLogger.java:143)- ====> Parameters: 18054(String)
2019-09-02 12:37:47,860 DEBUG (BaseJdbcLogger.java:143)- <====      Total: 1
2019-09-02 12:37:47,861 DEBUG (BaseJdbcLogger.java:143)- ====>  Preparing: select id, name, sex, birthday, phone, ID_number, email, parent_phone, adress, major, state from student_basic where id = ? 
2019-09-02 12:37:47,861 DEBUG (BaseJdbcLogger.java:143)- ====> Parameters: 18057(String)
2019-09-02 12:37:47,862 DEBUG (BaseJdbcLogger.java:143)- <====      Total: 1
2019-09-02 12:37:47,862 DEBUG (BaseJdbcLogger.java:143)- ====>  Preparing: select id, name, sex, birthday, phone, ID_number, email, parent_phone, adress, major, state from student_basic where id = ? 
2019-09-02 12:37:47,863 DEBUG (BaseJdbcLogger.java:143)- ====> Parameters: 18061(String)
2019-09-02 12:37:47,865 DEBUG (BaseJdbcLogger.java:143)- <====      Total: 1
2019-09-02 12:37:47,865 DEBUG (BaseJdbcLogger.java:143)- ====>  Preparing: select id, name, sex, birthday, phone, ID_number, email, parent_phone, adress, major, state from student_basic where id = ? 
2019-09-02 12:37:47,866 DEBUG (BaseJdbcLogger.java:143)- ====> Parameters: 18063(String)
2019-09-02 12:37:47,867 DEBUG (BaseJdbcLogger.java:143)- <====      Total: 1
2019-09-02 12:37:47,867 DEBUG (BaseJdbcLogger.java:143)- ====>  Preparing: select id, name, sex, birthday, phone, ID_number, email, parent_phone, adress, major, state from student_basic where id = ? 
2019-09-02 12:37:47,868 DEBUG (BaseJdbcLogger.java:143)- ====> Parameters: 18064(String)
2019-09-02 12:37:47,869 DEBUG (BaseJdbcLogger.java:143)- <====      Total: 1
2019-09-02 12:37:47,869 DEBUG (BaseJdbcLogger.java:143)- ====>  Preparing: select id, name, sex, birthday, phone, ID_number, email, parent_phone, adress, major, state from student_basic where id = ? 
2019-09-02 12:37:47,869 DEBUG (BaseJdbcLogger.java:143)- ====> Parameters: 18066(String)
2019-09-02 12:37:47,870 DEBUG (BaseJdbcLogger.java:143)- <====      Total: 1
2019-09-02 12:37:47,871 DEBUG (BaseJdbcLogger.java:143)- ====>  Preparing: select id, name, sex, birthday, phone, ID_number, email, parent_phone, adress, major, state from student_basic where id = ? 
2019-09-02 12:37:47,871 DEBUG (BaseJdbcLogger.java:143)- ====> Parameters: 18068(String)
2019-09-02 12:37:47,871 DEBUG (BaseJdbcLogger.java:143)- <====      Total: 1
2019-09-02 12:37:47,871 DEBUG (BaseJdbcLogger.java:143)- ====>  Preparing: select id, name, sex, birthday, phone, ID_number, email, parent_phone, adress, major, state from student_basic where id = ? 
2019-09-02 12:37:47,871 DEBUG (BaseJdbcLogger.java:143)- ====> Parameters: 18069(String)
2019-09-02 12:37:47,872 DEBUG (BaseJdbcLogger.java:143)- <====      Total: 1
2019-09-02 12:37:47,873 DEBUG (BaseJdbcLogger.java:143)- ====>  Preparing: select id, name, sex, birthday, phone, ID_number, email, parent_phone, adress, major, state from student_basic where id = ? 
2019-09-02 12:37:47,873 DEBUG (BaseJdbcLogger.java:143)- ====> Parameters: 18070(String)
2019-09-02 12:37:47,874 DEBUG (BaseJdbcLogger.java:143)- <====      Total: 1
2019-09-02 12:37:47,874 DEBUG (BaseJdbcLogger.java:143)- ====>  Preparing: select id, name, sex, birthday, phone, ID_number, email, parent_phone, adress, major, state from student_basic where id = ? 
2019-09-02 12:37:47,874 DEBUG (BaseJdbcLogger.java:143)- ====> Parameters: 18075(String)
2019-09-02 12:37:47,875 DEBUG (BaseJdbcLogger.java:143)- <====      Total: 1
2019-09-02 12:37:47,875 DEBUG (BaseJdbcLogger.java:143)- ====>  Preparing: select id, name, sex, birthday, phone, ID_number, email, parent_phone, adress, major, state from student_basic where id = ? 
2019-09-02 12:37:47,876 DEBUG (BaseJdbcLogger.java:143)- ====> Parameters: 18076(String)
2019-09-02 12:37:47,876 DEBUG (BaseJdbcLogger.java:143)- <====      Total: 1
2019-09-02 12:37:47,876 DEBUG (BaseJdbcLogger.java:143)- ====>  Preparing: select id, name, sex, birthday, phone, ID_number, email, parent_phone, adress, major, state from student_basic where id = ? 
2019-09-02 12:37:47,877 DEBUG (BaseJdbcLogger.java:143)- ====> Parameters: 18078(String)
2019-09-02 12:37:47,877 DEBUG (BaseJdbcLogger.java:143)- <====      Total: 1
2019-09-02 12:37:47,878 DEBUG (BaseJdbcLogger.java:143)- ====>  Preparing: select id, name, sex, birthday, phone, ID_number, email, parent_phone, adress, major, state from student_basic where id = ? 
2019-09-02 12:37:47,878 DEBUG (BaseJdbcLogger.java:143)- ====> Parameters: 18079(String)
2019-09-02 12:37:47,879 DEBUG (BaseJdbcLogger.java:143)- <====      Total: 1
2019-09-02 12:37:47,880 DEBUG (BaseJdbcLogger.java:143)- ====>  Preparing: select id, name, sex, birthday, phone, ID_number, email, parent_phone, adress, major, state from student_basic where id = ? 
2019-09-02 12:37:47,880 DEBUG (BaseJdbcLogger.java:143)- ====> Parameters: 18080(String)
2019-09-02 12:37:47,881 DEBUG (BaseJdbcLogger.java:143)- <====      Total: 1
2019-09-02 12:37:47,882 DEBUG (BaseJdbcLogger.java:143)- ====>  Preparing: select id, name, sex, birthday, phone, ID_number, email, parent_phone, adress, major, state from student_basic where id = ? 
2019-09-02 12:37:47,882 DEBUG (BaseJdbcLogger.java:143)- ====> Parameters: 18082(String)
2019-09-02 12:37:47,883 DEBUG (BaseJdbcLogger.java:143)- <====      Total: 1
2019-09-02 12:37:47,883 DEBUG (BaseJdbcLogger.java:143)- ====>  Preparing: select id, name, sex, birthday, phone, ID_number, email, parent_phone, adress, major, state from student_basic where id = ? 
2019-09-02 12:37:47,883 DEBUG (BaseJdbcLogger.java:143)- ====> Parameters: 18083(String)
2019-09-02 12:37:47,884 DEBUG (BaseJdbcLogger.java:143)- <====      Total: 1
2019-09-02 12:37:47,884 DEBUG (BaseJdbcLogger.java:143)- ====>  Preparing: select id, name, sex, birthday, phone, ID_number, email, parent_phone, adress, major, state from student_basic where id = ? 
2019-09-02 12:37:47,884 DEBUG (BaseJdbcLogger.java:143)- ====> Parameters: 18085(String)
2019-09-02 12:37:47,885 DEBUG (BaseJdbcLogger.java:143)- <====      Total: 1
2019-09-02 12:37:47,885 DEBUG (BaseJdbcLogger.java:143)- ====>  Preparing: select id, name, sex, birthday, phone, ID_number, email, parent_phone, adress, major, state from student_basic where id = ? 
2019-09-02 12:37:47,886 DEBUG (BaseJdbcLogger.java:143)- ====> Parameters: 18087(String)
2019-09-02 12:37:47,886 DEBUG (BaseJdbcLogger.java:143)- <====      Total: 1
2019-09-02 12:37:47,886 DEBUG (BaseJdbcLogger.java:143)- ====>  Preparing: select id, name, sex, birthday, phone, ID_number, email, parent_phone, adress, major, state from student_basic where id = ? 
2019-09-02 12:37:47,887 DEBUG (BaseJdbcLogger.java:143)- ====> Parameters: 18088(String)
2019-09-02 12:37:47,887 DEBUG (BaseJdbcLogger.java:143)- <====      Total: 1
2019-09-02 12:37:47,888 DEBUG (BaseJdbcLogger.java:143)- ====>  Preparing: select id, name, sex, birthday, phone, ID_number, email, parent_phone, adress, major, state from student_basic where id = ? 
2019-09-02 12:37:47,888 DEBUG (BaseJdbcLogger.java:143)- ====> Parameters: 18091(String)
2019-09-02 12:37:47,888 DEBUG (BaseJdbcLogger.java:143)- <====      Total: 1
2019-09-02 12:37:47,889 DEBUG (BaseJdbcLogger.java:143)- ====>  Preparing: select id, name, sex, birthday, phone, ID_number, email, parent_phone, adress, major, state from student_basic where id = ? 
2019-09-02 12:37:47,889 DEBUG (BaseJdbcLogger.java:143)- ====> Parameters: 18092(String)
2019-09-02 12:37:47,889 DEBUG (BaseJdbcLogger.java:143)- <====      Total: 1
2019-09-02 12:37:47,890 DEBUG (BaseJdbcLogger.java:143)- <==      Total: 23
2019-09-02 12:37:47,890 DEBUG (BaseJdbcLogger.java:143)- ==>  Preparing: select dormitory_allocation.id, dormitory_allocation.class_id, dormitory_allocation.dormitory_id,dormitory_allocation.number from dormitory_allocation,dormitory WHERE dormitory_allocation.dormitory_id=dormitory.id and dormitory.sex=? and class_id = ? 
2019-09-02 12:37:47,890 DEBUG (BaseJdbcLogger.java:143)- ==> Parameters: 男(String), 080901201902(String)
2019-09-02 12:37:47,891 DEBUG (BaseJdbcLogger.java:143)- ====>  Preparing: select id, dong, floor, room, sex, number, rent from dormitory where id = ? 
2019-09-02 12:37:47,891 DEBUG (BaseJdbcLogger.java:143)- ====> Parameters: 74(Integer)
2019-09-02 12:37:47,892 DEBUG (BaseJdbcLogger.java:143)- <====      Total: 1
2019-09-02 12:37:47,892 DEBUG (BaseJdbcLogger.java:143)- ====>  Preparing: select id, dong, floor, room, sex, number, rent from dormitory where id = ? 
2019-09-02 12:37:47,892 DEBUG (BaseJdbcLogger.java:143)- ====> Parameters: 75(Integer)
2019-09-02 12:37:47,893 DEBUG (BaseJdbcLogger.java:143)- <====      Total: 1
2019-09-02 12:37:47,893 DEBUG (BaseJdbcLogger.java:143)- ====>  Preparing: select id, dong, floor, room, sex, number, rent from dormitory where id = ? 
2019-09-02 12:37:47,893 DEBUG (BaseJdbcLogger.java:143)- ====> Parameters: 76(Integer)
2019-09-02 12:37:47,893 DEBUG (BaseJdbcLogger.java:143)- <====      Total: 1
2019-09-02 12:37:47,894 DEBUG (BaseJdbcLogger.java:143)- ====>  Preparing: select id, dong, floor, room, sex, number, rent from dormitory where id = ? 
2019-09-02 12:37:47,894 DEBUG (BaseJdbcLogger.java:143)- ====> Parameters: 77(Integer)
2019-09-02 12:37:47,895 DEBUG (BaseJdbcLogger.java:143)- <====      Total: 1
2019-09-02 12:37:47,896 DEBUG (BaseJdbcLogger.java:143)- ====>  Preparing: select id, dong, floor, room, sex, number, rent from dormitory where id = ? 
2019-09-02 12:37:47,896 DEBUG (BaseJdbcLogger.java:143)- ====> Parameters: 78(Integer)
2019-09-02 12:37:47,898 DEBUG (BaseJdbcLogger.java:143)- <====      Total: 1
2019-09-02 12:37:47,898 DEBUG (BaseJdbcLogger.java:143)- ====>  Preparing: select id, dong, floor, room, sex, number, rent from dormitory where id = ? 
2019-09-02 12:37:47,898 DEBUG (BaseJdbcLogger.java:143)- ====> Parameters: 79(Integer)
2019-09-02 12:37:47,899 DEBUG (BaseJdbcLogger.java:143)- <====      Total: 1
2019-09-02 12:37:47,899 DEBUG (BaseJdbcLogger.java:143)- <==      Total: 6
2019-09-02 12:37:47,900 DEBUG (BaseJdbcLogger.java:143)- ==>  Preparing: select dormitory_allocation.id, dormitory_allocation.class_id, dormitory_allocation.dormitory_id,dormitory_allocation.number from dormitory_allocation,dormitory WHERE dormitory_allocation.dormitory_id=dormitory.id and dormitory.sex=? and class_id = ? 
2019-09-02 12:37:47,900 DEBUG (BaseJdbcLogger.java:143)- ==> Parameters: 女(String), 080901201902(String)
2019-09-02 12:37:47,901 DEBUG (BaseJdbcLogger.java:143)- ====>  Preparing: select id, dong, floor, room, sex, number, rent from dormitory where id = ? 
2019-09-02 12:37:47,902 DEBUG (BaseJdbcLogger.java:143)- ====> Parameters: 514(Integer)
2019-09-02 12:37:47,902 DEBUG (BaseJdbcLogger.java:143)- <====      Total: 1
2019-09-02 12:37:47,903 DEBUG (BaseJdbcLogger.java:143)- ====>  Preparing: select id, dong, floor, room, sex, number, rent from dormitory where id = ? 
2019-09-02 12:37:47,903 DEBUG (BaseJdbcLogger.java:143)- ====> Parameters: 515(Integer)
2019-09-02 12:37:47,904 DEBUG (BaseJdbcLogger.java:143)- <====      Total: 1
2019-09-02 12:37:47,904 DEBUG (BaseJdbcLogger.java:143)- ====>  Preparing: select id, dong, floor, room, sex, number, rent from dormitory where id = ? 
2019-09-02 12:37:47,904 DEBUG (BaseJdbcLogger.java:143)- ====> Parameters: 516(Integer)
2019-09-02 12:37:47,905 DEBUG (BaseJdbcLogger.java:143)- <====      Total: 1
2019-09-02 12:37:47,905 DEBUG (BaseJdbcLogger.java:143)- ====>  Preparing: select id, dong, floor, room, sex, number, rent from dormitory where id = ? 
2019-09-02 12:37:47,906 DEBUG (BaseJdbcLogger.java:143)- ====> Parameters: 517(Integer)
2019-09-02 12:37:47,906 DEBUG (BaseJdbcLogger.java:143)- <====      Total: 1
2019-09-02 12:37:47,907 DEBUG (BaseJdbcLogger.java:143)- ====>  Preparing: select id, dong, floor, room, sex, number, rent from dormitory where id = ? 
2019-09-02 12:37:47,908 DEBUG (BaseJdbcLogger.java:143)- ====> Parameters: 518(Integer)
2019-09-02 12:37:47,908 DEBUG (BaseJdbcLogger.java:143)- <====      Total: 1
2019-09-02 12:37:47,909 DEBUG (BaseJdbcLogger.java:143)- <==      Total: 5
2019-09-02 12:37:47,909 DEBUG (BaseJdbcLogger.java:143)- ==>  Preparing: select student_status.id,student_status.basic_id, student_status.student_id, student_status.class_id from student_status,student_basic where student_status.basic_id=student_basic.id and student_basic.sex=? and student_status.class_id=? 
2019-09-02 12:37:47,909 DEBUG (BaseJdbcLogger.java:143)- ==> Parameters: 男(String), 080901201903(String)
2019-09-02 12:37:47,910 DEBUG (BaseJdbcLogger.java:143)- ====>  Preparing: select id, name, sex, birthday, phone, ID_number, email, parent_phone, adress, major, state from student_basic where id = ? 
2019-09-02 12:37:47,911 DEBUG (BaseJdbcLogger.java:143)- ====> Parameters: 18113(String)
2019-09-02 12:37:47,912 DEBUG (BaseJdbcLogger.java:143)- <====      Total: 1
2019-09-02 12:37:47,914 DEBUG (BaseJdbcLogger.java:143)- ====>  Preparing: select id, class_id, name, director, grade, major_id from class where class_id = ? 
2019-09-02 12:37:47,914 DEBUG (BaseJdbcLogger.java:143)- ====> Parameters: 080901201903(String)
2019-09-02 12:37:47,915 DEBUG (BaseJdbcLogger.java:143)- ======>  Preparing: select id, major_id, name, price, department_id from major where major_id = ? 
2019-09-02 12:37:47,916 DEBUG (BaseJdbcLogger.java:143)- ======> Parameters: 080901(String)
2019-09-02 12:37:47,917 DEBUG (BaseJdbcLogger.java:143)- <======      Total: 1
2019-09-02 12:37:47,918 DEBUG (BaseJdbcLogger.java:143)- <====      Total: 1
2019-09-02 12:37:47,918 DEBUG (BaseJdbcLogger.java:143)- ====>  Preparing: select id, name, sex, birthday, phone, ID_number, email, parent_phone, adress, major, state from student_basic where id = ? 
2019-09-02 12:37:47,918 DEBUG (BaseJdbcLogger.java:143)- ====> Parameters: 18117(String)
2019-09-02 12:37:47,919 DEBUG (BaseJdbcLogger.java:143)- <====      Total: 1
2019-09-02 12:37:47,920 DEBUG (BaseJdbcLogger.java:143)- ====>  Preparing: select id, name, sex, birthday, phone, ID_number, email, parent_phone, adress, major, state from student_basic where id = ? 
2019-09-02 12:37:47,920 DEBUG (BaseJdbcLogger.java:143)- ====> Parameters: 18118(String)
2019-09-02 12:37:47,921 DEBUG (BaseJdbcLogger.java:143)- <====      Total: 1
2019-09-02 12:37:47,922 DEBUG (BaseJdbcLogger.java:143)- ====>  Preparing: select id, name, sex, birthday, phone, ID_number, email, parent_phone, adress, major, state from student_basic where id = ? 
2019-09-02 12:37:47,922 DEBUG (BaseJdbcLogger.java:143)- ====> Parameters: 18119(String)
2019-09-02 12:37:47,923 DEBUG (BaseJdbcLogger.java:143)- <====      Total: 1
2019-09-02 12:37:47,924 DEBUG (BaseJdbcLogger.java:143)- ====>  Preparing: select id, name, sex, birthday, phone, ID_number, email, parent_phone, adress, major, state from student_basic where id = ? 
2019-09-02 12:37:47,924 DEBUG (BaseJdbcLogger.java:143)- ====> Parameters: 18120(String)
2019-09-02 12:37:47,925 DEBUG (BaseJdbcLogger.java:143)- <====      Total: 1
2019-09-02 12:37:47,925 DEBUG (BaseJdbcLogger.java:143)- ====>  Preparing: select id, name, sex, birthday, phone, ID_number, email, parent_phone, adress, major, state from student_basic where id = ? 
2019-09-02 12:37:47,926 DEBUG (BaseJdbcLogger.java:143)- ====> Parameters: 18121(String)
2019-09-02 12:37:47,926 DEBUG (BaseJdbcLogger.java:143)- <====      Total: 1
2019-09-02 12:37:47,926 DEBUG (BaseJdbcLogger.java:143)- ====>  Preparing: select id, name, sex, birthday, phone, ID_number, email, parent_phone, adress, major, state from student_basic where id = ? 
2019-09-02 12:37:47,927 DEBUG (BaseJdbcLogger.java:143)- ====> Parameters: 18122(String)
2019-09-02 12:37:47,927 DEBUG (BaseJdbcLogger.java:143)- <====      Total: 1
2019-09-02 12:37:47,928 DEBUG (BaseJdbcLogger.java:143)- ====>  Preparing: select id, name, sex, birthday, phone, ID_number, email, parent_phone, adress, major, state from student_basic where id = ? 
2019-09-02 12:37:47,928 DEBUG (BaseJdbcLogger.java:143)- ====> Parameters: 18124(String)
2019-09-02 12:37:47,930 DEBUG (BaseJdbcLogger.java:143)- <====      Total: 1
2019-09-02 12:37:47,931 DEBUG (BaseJdbcLogger.java:143)- ====>  Preparing: select id, name, sex, birthday, phone, ID_number, email, parent_phone, adress, major, state from student_basic where id = ? 
2019-09-02 12:37:47,931 DEBUG (BaseJdbcLogger.java:143)- ====> Parameters: 18127(String)
2019-09-02 12:37:47,932 DEBUG (BaseJdbcLogger.java:143)- <====      Total: 1
2019-09-02 12:37:47,932 DEBUG (BaseJdbcLogger.java:143)- ====>  Preparing: select id, name, sex, birthday, phone, ID_number, email, parent_phone, adress, major, state from student_basic where id = ? 
2019-09-02 12:37:47,932 DEBUG (BaseJdbcLogger.java:143)- ====> Parameters: 18129(String)
2019-09-02 12:37:47,933 DEBUG (BaseJdbcLogger.java:143)- <====      Total: 1
2019-09-02 12:37:47,933 DEBUG (BaseJdbcLogger.java:143)- ====>  Preparing: select id, name, sex, birthday, phone, ID_number, email, parent_phone, adress, major, state from student_basic where id = ? 
2019-09-02 12:37:47,934 DEBUG (BaseJdbcLogger.java:143)- ====> Parameters: 18130(String)
2019-09-02 12:37:47,935 DEBUG (BaseJdbcLogger.java:143)- <====      Total: 1
2019-09-02 12:37:47,936 DEBUG (BaseJdbcLogger.java:143)- ====>  Preparing: select id, name, sex, birthday, phone, ID_number, email, parent_phone, adress, major, state from student_basic where id = ? 
2019-09-02 12:37:47,936 DEBUG (BaseJdbcLogger.java:143)- ====> Parameters: 18132(String)
2019-09-02 12:37:47,937 DEBUG (BaseJdbcLogger.java:143)- <====      Total: 1
2019-09-02 12:37:47,937 DEBUG (BaseJdbcLogger.java:143)- ====>  Preparing: select id, name, sex, birthday, phone, ID_number, email, parent_phone, adress, major, state from student_basic where id = ? 
2019-09-02 12:37:47,938 DEBUG (BaseJdbcLogger.java:143)- ====> Parameters: 18134(String)
2019-09-02 12:37:47,938 DEBUG (BaseJdbcLogger.java:143)- <====      Total: 1
2019-09-02 12:37:47,938 DEBUG (BaseJdbcLogger.java:143)- ====>  Preparing: select id, name, sex, birthday, phone, ID_number, email, parent_phone, adress, major, state from student_basic where id = ? 
2019-09-02 12:37:47,939 DEBUG (BaseJdbcLogger.java:143)- ====> Parameters: 18135(String)
2019-09-02 12:37:47,939 DEBUG (BaseJdbcLogger.java:143)- <====      Total: 1
2019-09-02 12:37:47,939 DEBUG (BaseJdbcLogger.java:143)- ====>  Preparing: select id, name, sex, birthday, phone, ID_number, email, parent_phone, adress, major, state from student_basic where id = ? 
2019-09-02 12:37:47,940 DEBUG (BaseJdbcLogger.java:143)- ====> Parameters: 18136(String)
2019-09-02 12:37:47,940 DEBUG (BaseJdbcLogger.java:143)- <====      Total: 1
2019-09-02 12:37:47,940 DEBUG (BaseJdbcLogger.java:143)- ====>  Preparing: select id, name, sex, birthday, phone, ID_number, email, parent_phone, adress, major, state from student_basic where id = ? 
2019-09-02 12:37:47,941 DEBUG (BaseJdbcLogger.java:143)- ====> Parameters: 18137(String)
2019-09-02 12:37:47,941 DEBUG (BaseJdbcLogger.java:143)- <====      Total: 1
2019-09-02 12:37:47,941 DEBUG (BaseJdbcLogger.java:143)- ====>  Preparing: select id, name, sex, birthday, phone, ID_number, email, parent_phone, adress, major, state from student_basic where id = ? 
