2019-08-22 22:49:14,744 DEBUG (BaseJdbcLogger.java:143)- ====> Parameters: 12949(String)
2019-08-22 22:49:14,746 DEBUG (BaseJdbcLogger.java:143)- <====      Total: 1
2019-08-22 22:49:14,746 DEBUG (BaseJdbcLogger.java:143)- ====>  Preparing: select id, name, sex, birthday, phone, ID_number, email, parent_phone, adress, major, state from student_basic where id = ? 
2019-08-22 22:49:14,747 DEBUG (BaseJdbcLogger.java:143)- ====> Parameters: 12954(String)
2019-08-22 22:49:14,747 DEBUG (BaseJdbcLogger.java:143)- <====      Total: 1
2019-08-22 22:49:14,748 DEBUG (BaseJdbcLogger.java:143)- <==      Total: 25
2019-08-22 22:49:14,748 DEBUG (BaseJdbcLogger.java:143)- ==>  Preparing: select student_status.id,student_status.basic_id, student_status.student_id, student_status.class_id from student_status,student_basic where student_status.basic_id=student_basic.id and student_basic.sex=? and student_status.class_id=? 
2019-08-22 22:49:14,750 DEBUG (BaseJdbcLogger.java:143)- ==> Parameters: 女(String), 080205201904(String)
2019-08-22 22:49:14,751 DEBUG (BaseJdbcLogger.java:143)- ====>  Preparing: select id, name, sex, birthday, phone, ID_number, email, parent_phone, adress, major, state from student_basic where id = ? 
2019-08-22 22:49:14,751 DEBUG (BaseJdbcLogger.java:143)- ====> Parameters: 12907(String)
2019-08-22 22:49:14,753 DEBUG (BaseJdbcLogger.java:143)- <====      Total: 1
2019-08-22 22:49:14,753 DEBUG (BaseJdbcLogger.java:143)- ====>  Preparing: select id, class_id, name, director, grade, major_id from class where class_id = ? 
2019-08-22 22:49:14,754 DEBUG (BaseJdbcLogger.java:143)- ====> Parameters: 080205201904(String)
2019-08-22 22:49:14,755 DEBUG (BaseJdbcLogger.java:143)- ======>  Preparing: select id, major_id, name, price, department_id from major where major_id = ? 
2019-08-22 22:49:14,755 DEBUG (BaseJdbcLogger.java:143)- ======> Parameters: 080205(String)
2019-08-22 22:49:14,756 DEBUG (BaseJdbcLogger.java:143)- <======      Total: 1
2019-08-22 22:49:14,756 DEBUG (BaseJdbcLogger.java:143)- <====      Total: 1
2019-08-22 22:49:14,756 DEBUG (BaseJdbcLogger.java:143)- ====>  Preparing: select id, name, sex, birthday, phone, ID_number, email, parent_phone, adress, major, state from student_basic where id = ? 
2019-08-22 22:49:14,757 DEBUG (BaseJdbcLogger.java:143)- ====> Parameters: 12908(String)
2019-08-22 22:49:14,757 DEBUG (BaseJdbcLogger.java:143)- <====      Total: 1
2019-08-22 22:49:14,758 DEBUG (BaseJdbcLogger.java:143)- ====>  Preparing: select id, name, sex, birthday, phone, ID_number, email, parent_phone, adress, major, state from student_basic where id = ? 
2019-08-22 22:49:14,758 DEBUG (BaseJdbcLogger.java:143)- ====> Parameters: 12912(String)
2019-08-22 22:49:14,759 DEBUG (BaseJdbcLogger.java:143)- <====      Total: 1
2019-08-22 22:49:14,760 DEBUG (BaseJdbcLogger.java:143)- ====>  Preparing: select id, name, sex, birthday, phone, ID_number, email, parent_phone, adress, major, state from student_basic where id = ? 
2019-08-22 22:49:14,760 DEBUG (BaseJdbcLogger.java:143)- ====> Parameters: 12913(String)
2019-08-22 22:49:14,760 DEBUG (BaseJdbcLogger.java:143)- <====      Total: 1
2019-08-22 22:49:14,761 DEBUG (BaseJdbcLogger.java:143)- ====>  Preparing: select id, name, sex, birthday, phone, ID_number, email, parent_phone, adress, major, state from student_basic where id = ? 
2019-08-22 22:49:14,762 DEBUG (BaseJdbcLogger.java:143)- ====> Parameters: 12914(String)
2019-08-22 22:49:14,762 DEBUG (BaseJdbcLogger.java:143)- <====      Total: 1
2019-08-22 22:49:14,763 DEBUG (BaseJdbcLogger.java:143)- ====>  Preparing: select id, name, sex, birthday, phone, ID_number, email, parent_phone, adress, major, state from student_basic where id = ? 
2019-08-22 22:49:14,763 DEBUG (BaseJdbcLogger.java:143)- ====> Parameters: 12915(String)
2019-08-22 22:49:14,763 DEBUG (BaseJdbcLogger.java:143)- <====      Total: 1
2019-08-22 22:49:14,764 DEBUG (BaseJdbcLogger.java:143)- ====>  Preparing: select id, name, sex, birthday, phone, ID_number, email, parent_phone, adress, major, state from student_basic where id = ? 
2019-08-22 22:49:14,764 DEBUG (BaseJdbcLogger.java:143)- ====> Parameters: 12920(String)
2019-08-22 22:49:14,764 DEBUG (BaseJdbcLogger.java:143)- <====      Total: 1
2019-08-22 22:49:14,765 DEBUG (BaseJdbcLogger.java:143)- ====>  Preparing: select id, name, sex, birthday, phone, ID_number, email, parent_phone, adress, major, state from student_basic where id = ? 
2019-08-22 22:49:14,765 DEBUG (BaseJdbcLogger.java:143)- ====> Parameters: 12921(String)
2019-08-22 22:49:14,765 DEBUG (BaseJdbcLogger.java:143)- <====      Total: 1
2019-08-22 22:49:14,765 DEBUG (BaseJdbcLogger.java:143)- ====>  Preparing: select id, name, sex, birthday, phone, ID_number, email, parent_phone, adress, major, state from student_basic where id = ? 
2019-08-22 22:49:14,765 DEBUG (BaseJdbcLogger.java:143)- ====> Parameters: 12923(String)
2019-08-22 22:49:14,766 DEBUG (BaseJdbcLogger.java:143)- <====      Total: 1
2019-08-22 22:49:14,767 DEBUG (BaseJdbcLogger.java:143)- ====>  Preparing: select id, name, sex, birthday, phone, ID_number, email, parent_phone, adress, major, state from student_basic where id = ? 
2019-08-22 22:49:14,767 DEBUG (BaseJdbcLogger.java:143)- ====> Parameters: 12925(String)
2019-08-22 22:49:14,767 DEBUG (BaseJdbcLogger.java:143)- <====      Total: 1
2019-08-22 22:49:14,767 DEBUG (BaseJdbcLogger.java:143)- ====>  Preparing: select id, name, sex, birthday, phone, ID_number, email, parent_phone, adress, major, state from student_basic where id = ? 
2019-08-22 22:49:14,768 DEBUG (BaseJdbcLogger.java:143)- ====> Parameters: 12928(String)
2019-08-22 22:49:14,769 DEBUG (BaseJdbcLogger.java:143)- <====      Total: 1
2019-08-22 22:49:14,769 DEBUG (BaseJdbcLogger.java:143)- ====>  Preparing: select id, name, sex, birthday, phone, ID_number, email, parent_phone, adress, major, state from student_basic where id = ? 
2019-08-22 22:49:14,770 DEBUG (BaseJdbcLogger.java:143)- ====> Parameters: 12929(String)
2019-08-22 22:49:14,771 DEBUG (BaseJdbcLogger.java:143)- <====      Total: 1
2019-08-22 22:49:14,771 DEBUG (BaseJdbcLogger.java:143)- ====>  Preparing: select id, name, sex, birthday, phone, ID_number, email, parent_phone, adress, major, state from student_basic where id = ? 
2019-08-22 22:49:14,772 DEBUG (BaseJdbcLogger.java:143)- ====> Parameters: 12930(String)
2019-08-22 22:49:14,773 DEBUG (BaseJdbcLogger.java:143)- <====      Total: 1
2019-08-22 22:49:14,773 DEBUG (BaseJdbcLogger.java:143)- ====>  Preparing: select id, name, sex, birthday, phone, ID_number, email, parent_phone, adress, major, state from student_basic where id = ? 
2019-08-22 22:49:14,773 DEBUG (BaseJdbcLogger.java:143)- ====> Parameters: 12931(String)
2019-08-22 22:49:14,773 DEBUG (BaseJdbcLogger.java:143)- <====      Total: 1
2019-08-22 22:49:14,774 DEBUG (BaseJdbcLogger.java:143)- ====>  Preparing: select id, name, sex, birthday, phone, ID_number, email, parent_phone, adress, major, state from student_basic where id = ? 
2019-08-22 22:49:14,775 DEBUG (BaseJdbcLogger.java:143)- ====> Parameters: 12932(String)
2019-08-22 22:49:14,775 DEBUG (BaseJdbcLogger.java:143)- <====      Total: 1
2019-08-22 22:49:14,776 DEBUG (BaseJdbcLogger.java:143)- ====>  Preparing: select id, name, sex, birthday, phone, ID_number, email, parent_phone, adress, major, state from student_basic where id = ? 
2019-08-22 22:49:14,776 DEBUG (BaseJdbcLogger.java:143)- ====> Parameters: 12934(String)
2019-08-22 22:49:14,776 DEBUG (BaseJdbcLogger.java:143)- <====      Total: 1
2019-08-22 22:49:14,776 DEBUG (BaseJdbcLogger.java:143)- ====>  Preparing: select id, name, sex, birthday, phone, ID_number, email, parent_phone, adress, major, state from student_basic where id = ? 
2019-08-22 22:49:14,776 DEBUG (BaseJdbcLogger.java:143)- ====> Parameters: 12935(String)
2019-08-22 22:49:14,777 DEBUG (BaseJdbcLogger.java:143)- <====      Total: 1
2019-08-22 22:49:14,778 DEBUG (BaseJdbcLogger.java:143)- ====>  Preparing: select id, name, sex, birthday, phone, ID_number, email, parent_phone, adress, major, state from student_basic where id = ? 
2019-08-22 22:49:14,778 DEBUG (BaseJdbcLogger.java:143)- ====> Parameters: 12938(String)
2019-08-22 22:49:14,779 DEBUG (BaseJdbcLogger.java:143)- <====      Total: 1
2019-08-22 22:49:14,779 DEBUG (BaseJdbcLogger.java:143)- ====>  Preparing: select id, name, sex, birthday, phone, ID_number, email, parent_phone, adress, major, state from student_basic where id = ? 
2019-08-22 22:49:14,780 DEBUG (BaseJdbcLogger.java:143)- ====> Parameters: 12939(String)
2019-08-22 22:49:14,780 DEBUG (BaseJdbcLogger.java:143)- <====      Total: 1
2019-08-22 22:49:14,780 DEBUG (BaseJdbcLogger.java:143)- ====>  Preparing: select id, name, sex, birthday, phone, ID_number, email, parent_phone, adress, major, state from student_basic where id = ? 
2019-08-22 22:49:14,780 DEBUG (BaseJdbcLogger.java:143)- ====> Parameters: 12940(String)
2019-08-22 22:49:14,780 DEBUG (BaseJdbcLogger.java:143)- <====      Total: 1
2019-08-22 22:49:14,782 DEBUG (BaseJdbcLogger.java:143)- ====>  Preparing: select id, name, sex, birthday, phone, ID_number, email, parent_phone, adress, major, state from student_basic where id = ? 
2019-08-22 22:49:14,782 DEBUG (BaseJdbcLogger.java:143)- ====> Parameters: 12941(String)
2019-08-22 22:49:14,783 DEBUG (BaseJdbcLogger.java:143)- <====      Total: 1
2019-08-22 22:49:14,783 DEBUG (BaseJdbcLogger.java:143)- ====>  Preparing: select id, name, sex, birthday, phone, ID_number, email, parent_phone, adress, major, state from student_basic where id = ? 
2019-08-22 22:49:14,784 DEBUG (BaseJdbcLogger.java:143)- ====> Parameters: 12942(String)
2019-08-22 22:49:14,784 DEBUG (BaseJdbcLogger.java:143)- <====      Total: 1
2019-08-22 22:49:14,785 DEBUG (BaseJdbcLogger.java:143)- ====>  Preparing: select id, name, sex, birthday, phone, ID_number, email, parent_phone, adress, major, state from student_basic where id = ? 
2019-08-22 22:49:14,785 DEBUG (BaseJdbcLogger.java:143)- ====> Parameters: 12948(String)
2019-08-22 22:49:14,787 DEBUG (BaseJdbcLogger.java:143)- <====      Total: 1
2019-08-22 22:49:14,788 DEBUG (BaseJdbcLogger.java:143)- ====>  Preparing: select id, name, sex, birthday, phone, ID_number, email, parent_phone, adress, major, state from student_basic where id = ? 
2019-08-22 22:49:14,788 DEBUG (BaseJdbcLogger.java:143)- ====> Parameters: 12950(String)
2019-08-22 22:49:14,789 DEBUG (BaseJdbcLogger.java:143)- <====      Total: 1
2019-08-22 22:49:14,790 DEBUG (BaseJdbcLogger.java:143)- ====>  Preparing: select id, name, sex, birthday, phone, ID_number, email, parent_phone, adress, major, state from student_basic where id = ? 
2019-08-22 22:49:14,790 DEBUG (BaseJdbcLogger.java:143)- ====> Parameters: 12951(String)
2019-08-22 22:49:14,791 DEBUG (BaseJdbcLogger.java:143)- <====      Total: 1
2019-08-22 22:49:14,791 DEBUG (BaseJdbcLogger.java:143)- <==      Total: 25
2019-08-22 22:49:14,791 DEBUG (BaseJdbcLogger.java:143)- ==>  Preparing: select dormitory_allocation.id, dormitory_allocation.class_id, dormitory_allocation.dormitory_id,dormitory_allocation.number from dormitory_allocation,dormitory WHERE dormitory_allocation.dormitory_id=dormitory.id and dormitory.sex=? and class_id = ? 
2019-08-22 22:49:14,791 DEBUG (BaseJdbcLogger.java:143)- ==> Parameters: 男(String), 080205201904(String)
2019-08-22 22:49:14,792 DEBUG (BaseJdbcLogger.java:143)- ====>  Preparing: select id, dong, floor, room, sex, number, rent from dormitory where id = ? 
2019-08-22 22:49:14,793 DEBUG (BaseJdbcLogger.java:143)- ====> Parameters: 23(Integer)
2019-08-22 22:49:14,793 DEBUG (BaseJdbcLogger.java:143)- <====      Total: 1
2019-08-22 22:49:14,794 DEBUG (BaseJdbcLogger.java:143)- ====>  Preparing: select id, dong, floor, room, sex, number, rent from dormitory where id = ? 
2019-08-22 22:49:14,794 DEBUG (BaseJdbcLogger.java:143)- ====> Parameters: 24(Integer)
2019-08-22 22:49:14,795 DEBUG (BaseJdbcLogger.java:143)- <====      Total: 1
2019-08-22 22:49:14,795 DEBUG (BaseJdbcLogger.java:143)- ====>  Preparing: select id, dong, floor, room, sex, number, rent from dormitory where id = ? 
2019-08-22 22:49:14,795 DEBUG (BaseJdbcLogger.java:143)- ====> Parameters: 25(Integer)
2019-08-22 22:49:14,796 DEBUG (BaseJdbcLogger.java:143)- <====      Total: 1
2019-08-22 22:49:14,797 DEBUG (BaseJdbcLogger.java:143)- ====>  Preparing: select id, dong, floor, room, sex, number, rent from dormitory where id = ? 
2019-08-22 22:49:14,797 DEBUG (BaseJdbcLogger.java:143)- ====> Parameters: 26(Integer)
2019-08-22 22:49:14,798 DEBUG (BaseJdbcLogger.java:143)- <====      Total: 1
2019-08-22 22:49:14,798 DEBUG (BaseJdbcLogger.java:143)- ====>  Preparing: select id, dong, floor, room, sex, number, rent from dormitory where id = ? 
2019-08-22 22:49:14,798 DEBUG (BaseJdbcLogger.java:143)- ====> Parameters: 27(Integer)
2019-08-22 22:49:14,799 DEBUG (BaseJdbcLogger.java:143)- <====      Total: 1
2019-08-22 22:49:14,799 DEBUG (BaseJdbcLogger.java:143)- <==      Total: 5
2019-08-22 22:49:14,800 DEBUG (BaseJdbcLogger.java:143)- ==>  Preparing: select dormitory_allocation.id, dormitory_allocation.class_id, dormitory_allocation.dormitory_id,dormitory_allocation.number from dormitory_allocation,dormitory WHERE dormitory_allocation.dormitory_id=dormitory.id and dormitory.sex=? and class_id = ? 
2019-08-22 22:49:14,800 DEBUG (BaseJdbcLogger.java:143)- ==> Parameters: 女(String), 080205201904(String)
2019-08-22 22:49:14,801 DEBUG (BaseJdbcLogger.java:143)- ====>  Preparing: select id, dong, floor, room, sex, number, rent from dormitory where id = ? 
2019-08-22 22:49:14,802 DEBUG (BaseJdbcLogger.java:143)- ====> Parameters: 474(Integer)
2019-08-22 22:49:14,804 DEBUG (BaseJdbcLogger.java:143)- <====      Total: 1
2019-08-22 22:49:14,804 DEBUG (BaseJdbcLogger.java:143)- ====>  Preparing: select id, dong, floor, room, sex, number, rent from dormitory where id = ? 
2019-08-22 22:49:14,804 DEBUG (BaseJdbcLogger.java:143)- ====> Parameters: 475(Integer)
2019-08-22 22:49:14,805 DEBUG (BaseJdbcLogger.java:143)- <====      Total: 1
2019-08-22 22:49:14,806 DEBUG (BaseJdbcLogger.java:143)- ====>  Preparing: select id, dong, floor, room, sex, number, rent from dormitory where id = ? 
2019-08-22 22:49:14,806 DEBUG (BaseJdbcLogger.java:143)- ====> Parameters: 476(Integer)
2019-08-22 22:49:14,807 DEBUG (BaseJdbcLogger.java:143)- <====      Total: 1
2019-08-22 22:49:14,807 DEBUG (BaseJdbcLogger.java:143)- ====>  Preparing: select id, dong, floor, room, sex, number, rent from dormitory where id = ? 
2019-08-22 22:49:14,808 DEBUG (BaseJdbcLogger.java:143)- ====> Parameters: 477(Integer)
2019-08-22 22:49:14,809 DEBUG (BaseJdbcLogger.java:143)- <====      Total: 1
2019-08-22 22:49:14,809 DEBUG (BaseJdbcLogger.java:143)- ====>  Preparing: select id, dong, floor, room, sex, number, rent from dormitory where id = ? 
2019-08-22 22:49:14,809 DEBUG (BaseJdbcLogger.java:143)- ====> Parameters: 478(Integer)
2019-08-22 22:49:14,810 DEBUG (BaseJdbcLogger.java:143)- <====      Total: 1
2019-08-22 22:49:14,810 DEBUG (BaseJdbcLogger.java:143)- <==      Total: 5
2019-08-22 22:49:14,810 DEBUG (BaseJdbcLogger.java:143)- ==>  Preparing: select student_status.id,student_status.basic_id, student_status.student_id, student_status.class_id from student_status,student_basic where student_status.basic_id=student_basic.id and student_basic.sex=? and student_status.class_id=? 
2019-08-22 22:49:14,811 DEBUG (BaseJdbcLogger.java:143)- ==> Parameters: 男(String), 080205201905(String)
2019-08-22 22:49:14,812 DEBUG (BaseJdbcLogger.java:143)- ====>  Preparing: select id, name, sex, birthday, phone, ID_number, email, parent_phone, adress, major, state from student_basic where id = ? 
2019-08-22 22:49:14,812 DEBUG (BaseJdbcLogger.java:143)- ====> Parameters: 12956(String)
2019-08-22 22:49:14,814 DEBUG (BaseJdbcLogger.java:143)- <====      Total: 1
2019-08-22 22:49:14,814 DEBUG (BaseJdbcLogger.java:143)- ====>  Preparing: select id, class_id, name, director, grade, major_id from class where class_id = ? 
2019-08-22 22:49:14,814 DEBUG (BaseJdbcLogger.java:143)- ====> Parameters: 080205201905(String)
2019-08-22 22:49:14,815 DEBUG (BaseJdbcLogger.java:143)- ======>  Preparing: select id, major_id, name, price, department_id from major where major_id = ? 
2019-08-22 22:49:14,816 DEBUG (BaseJdbcLogger.java:143)- ======> Parameters: 080205(String)
2019-08-22 22:49:14,816 DEBUG (BaseJdbcLogger.java:143)- <======      Total: 1
2019-08-22 22:49:14,817 DEBUG (BaseJdbcLogger.java:143)- <====      Total: 1
2019-08-22 22:49:14,817 DEBUG (BaseJdbcLogger.java:143)- ====>  Preparing: select id, name, sex, birthday, phone, ID_number, email, parent_phone, adress, major, state from student_basic where id = ? 
2019-08-22 22:49:14,817 DEBUG (BaseJdbcLogger.java:143)- ====> Parameters: 12957(String)
2019-08-22 22:49:14,818 DEBUG (BaseJdbcLogger.java:143)- <====      Total: 1
2019-08-22 22:49:14,819 DEBUG (BaseJdbcLogger.java:143)- ====>  Preparing: select id, name, sex, birthday, phone, ID_number, email, parent_phone, adress, major, state from student_basic where id = ? 
2019-08-22 22:49:14,820 DEBUG (BaseJdbcLogger.java:143)- ====> Parameters: 12958(String)
2019-08-22 22:49:14,821 DEBUG (BaseJdbcLogger.java:143)- <====      Total: 1
2019-08-22 22:49:14,822 DEBUG (BaseJdbcLogger.java:143)- ====>  Preparing: select id, name, sex, birthday, phone, ID_number, email, parent_phone, adress, major, state from student_basic where id = ? 
2019-08-22 22:49:14,822 DEBUG (BaseJdbcLogger.java:143)- ====> Parameters: 12959(String)
2019-08-22 22:49:14,823 DEBUG (BaseJdbcLogger.java:143)- <====      Total: 1
2019-08-22 22:49:14,824 DEBUG (BaseJdbcLogger.java:143)- ====>  Preparing: select id, name, sex, birthday, phone, ID_number, email, parent_phone, adress, major, state from student_basic where id = ? 
2019-08-22 22:49:14,824 DEBUG (BaseJdbcLogger.java:143)- ====> Parameters: 12961(String)
2019-08-22 22:49:14,825 DEBUG (BaseJdbcLogger.java:143)- <====      Total: 1
2019-08-22 22:49:14,825 DEBUG (BaseJdbcLogger.java:143)- ====>  Preparing: select id, name, sex, birthday, phone, ID_number, email, parent_phone, adress, major, state from student_basic where id = ? 
2019-08-22 22:49:14,826 DEBUG (BaseJdbcLogger.java:143)- ====> Parameters: 12963(String)
2019-08-22 22:49:14,826 DEBUG (BaseJdbcLogger.java:143)- <====      Total: 1
2019-08-22 22:49:14,827 DEBUG (BaseJdbcLogger.java:143)- ====>  Preparing: select id, name, sex, birthday, phone, ID_number, email, parent_phone, adress, major, state from student_basic where id = ? 
2019-08-22 22:49:14,827 DEBUG (BaseJdbcLogger.java:143)- ====> Parameters: 12964(String)
2019-08-22 22:49:14,828 DEBUG (BaseJdbcLogger.java:143)- <====      Total: 1
2019-08-22 22:49:14,828 DEBUG (BaseJdbcLogger.java:143)- ====>  Preparing: select id, name, sex, birthday, phone, ID_number, email, parent_phone, adress, major, state from student_basic where id = ? 
2019-08-22 22:49:14,828 DEBUG (BaseJdbcLogger.java:143)- ====> Parameters: 12965(String)
2019-08-22 22:49:14,829 DEBUG (BaseJdbcLogger.java:143)- <====      Total: 1
2019-08-22 22:49:14,830 DEBUG (BaseJdbcLogger.java:143)- ====>  Preparing: select id, name, sex, birthday, phone, ID_number, email, parent_phone, adress, major, state from student_basic where id = ? 
2019-08-22 22:49:14,830 DEBUG (BaseJdbcLogger.java:143)- ====> Parameters: 12966(String)
2019-08-22 22:49:14,831 DEBUG (BaseJdbcLogger.java:143)- <====      Total: 1
2019-08-22 22:49:14,831 DEBUG (BaseJdbcLogger.java:143)- ====>  Preparing: select id, name, sex, birthday, phone, ID_number, email, parent_phone, adress, major, state from student_basic where id = ? 
2019-08-22 22:49:14,831 DEBUG (BaseJdbcLogger.java:143)- ====> Parameters: 12968(String)
2019-08-22 22:49:14,832 DEBUG (BaseJdbcLogger.java:143)- <====      Total: 1
2019-08-22 22:49:14,833 DEBUG (BaseJdbcLogger.java:143)- ====>  Preparing: select id, name, sex, birthday, phone, ID_number, email, parent_phone, adress, major, state from student_basic where id = ? 
2019-08-22 22:49:14,833 DEBUG (BaseJdbcLogger.java:143)- ====> Parameters: 12969(String)
2019-08-22 22:49:14,833 DEBUG (BaseJdbcLogger.java:143)- <====      Total: 1
2019-08-22 22:49:14,833 DEBUG (BaseJdbcLogger.java:143)- ====>  Preparing: select id, name, sex, birthday, phone, ID_number, email, parent_phone, adress, major, state from student_basic where id = ? 
2019-08-22 22:49:14,834 DEBUG (BaseJdbcLogger.java:143)- ====> Parameters: 12970(String)
2019-08-22 22:49:14,834 DEBUG (BaseJdbcLogger.java:143)- <====      Total: 1
2019-08-22 22:49:14,835 DEBUG (BaseJdbcLogger.java:143)- ====>  Preparing: select id, name, sex, birthday, phone, ID_number, email, parent_phone, adress, major, state from student_basic where id = ? 
2019-08-22 22:49:14,836 DEBUG (BaseJdbcLogger.java:143)- ====> Parameters: 12971(String)
2019-08-22 22:49:14,837 DEBUG (BaseJdbcLogger.java:143)- <====      Total: 1
2019-08-22 22:49:14,838 DEBUG (BaseJdbcLogger.java:143)- ====>  Preparing: select id, name, sex, birthday, phone, ID_number, email, parent_phone, adress, major, state from student_basic where id = ? 
2019-08-22 22:49:14,838 DEBUG (BaseJdbcLogger.java:143)- ====> Parameters: 12972(String)
2019-08-22 22:49:14,840 DEBUG (BaseJdbcLogger.java:143)- <====      Total: 1
2019-08-22 22:49:14,840 DEBUG (BaseJdbcLogger.java:143)- ====>  Preparing: select id, name, sex, birthday, phone, ID_number, email, parent_phone, adress, major, state from student_basic where id = ? 
2019-08-22 22:49:14,840 DEBUG (BaseJdbcLogger.java:143)- ====> Parameters: 12979(String)
2019-08-22 22:49:14,841 DEBUG (BaseJdbcLogger.java:143)- <====      Total: 1
2019-08-22 22:49:14,841 DEBUG (BaseJdbcLogger.java:143)- ====>  Preparing: select id, name, sex, birthday, phone, ID_number, email, parent_phone, adress, major, state from student_basic where id = ? 
2019-08-22 22:49:14,841 DEBUG (BaseJdbcLogger.java:143)- ====> Parameters: 12982(String)
2019-08-22 22:49:14,842 DEBUG (BaseJdbcLogger.java:143)- <====      Total: 1
2019-08-22 22:49:14,842 DEBUG (BaseJdbcLogger.java:143)- ====>  Preparing: select id, name, sex, birthday, phone, ID_number, email, parent_phone, adress, major, state from student_basic where id = ? 
2019-08-22 22:49:14,842 DEBUG (BaseJdbcLogger.java:143)- ====> Parameters: 12983(String)
2019-08-22 22:49:14,843 DEBUG (BaseJdbcLogger.java:143)- <====      Total: 1
2019-08-22 22:49:14,843 DEBUG (BaseJdbcLogger.java:143)- ====>  Preparing: select id, name, sex, birthday, phone, ID_number, email, parent_phone, adress, major, state from student_basic where id = ? 
2019-08-22 22:49:14,843 DEBUG (BaseJdbcLogger.java:143)- ====> Parameters: 12988(String)
2019-08-22 22:49:14,844 DEBUG (BaseJdbcLogger.java:143)- <====      Total: 1
2019-08-22 22:49:14,844 DEBUG (BaseJdbcLogger.java:143)- ====>  Preparing: select id, name, sex, birthday, phone, ID_number, email, parent_phone, adress, major, state from student_basic where id = ? 
2019-08-22 22:49:14,844 DEBUG (BaseJdbcLogger.java:143)- ====> Parameters: 12989(String)
2019-08-22 22:49:14,846 DEBUG (BaseJdbcLogger.java:143)- <====      Total: 1
2019-08-22 22:49:14,846 DEBUG (BaseJdbcLogger.java:143)- ====>  Preparing: select id, name, sex, birthday, phone, ID_number, email, parent_phone, adress, major, state from student_basic where id = ? 
2019-08-22 22:49:14,847 DEBUG (BaseJdbcLogger.java:143)- ====> Parameters: 12990(String)
2019-08-22 22:49:14,847 DEBUG (BaseJdbcLogger.java:143)- <====      Total: 1
2019-08-22 22:49:14,847 DEBUG (BaseJdbcLogger.java:143)- ====>  Preparing: select id, name, sex, birthday, phone, ID_number, email, parent_phone, adress, major, state from student_basic where id = ? 
2019-08-22 22:49:14,848 DEBUG (BaseJdbcLogger.java:143)- ====> Parameters: 12992(String)
2019-08-22 22:49:14,848 DEBUG (BaseJdbcLogger.java:143)- <====      Total: 1
2019-08-22 22:49:14,849 DEBUG (BaseJdbcLogger.java:143)- ====>  Preparing: select id, name, sex, birthday, phone, ID_number, email, parent_phone, adress, major, state from student_basic where id = ? 
2019-08-22 22:49:14,849 DEBUG (BaseJdbcLogger.java:143)- ====> Parameters: 12996(String)
2019-08-22 22:49:14,849 DEBUG (BaseJdbcLogger.java:143)- <====      Total: 1
2019-08-22 22:49:14,850 DEBUG (BaseJdbcLogger.java:143)- ====>  Preparing: select id, name, sex, birthday, phone, ID_number, email, parent_phone, adress, major, state from student_basic where id = ? 
2019-08-22 22:49:14,851 DEBUG (BaseJdbcLogger.java:143)- ====> Parameters: 12999(String)
2019-08-22 22:49:14,853 DEBUG (BaseJdbcLogger.java:143)- <====      Total: 1
2019-08-22 22:49:14,854 DEBUG (BaseJdbcLogger.java:143)- ====>  Preparing: select id, name, sex, birthday, phone, ID_number, email, parent_phone, adress, major, state from student_basic where id = ? 
2019-08-22 22:49:14,854 DEBUG (BaseJdbcLogger.java:143)- ====> Parameters: 13000(String)
2019-08-22 22:49:14,855 DEBUG (BaseJdbcLogger.java:143)- <====      Total: 1
2019-08-22 22:49:14,856 DEBUG (BaseJdbcLogger.java:143)- <==      Total: 24
2019-08-22 22:49:14,856 DEBUG (BaseJdbcLogger.java:143)- ==>  Preparing: select student_status.id,student_status.basic_id, student_status.student_id, student_status.class_id from student_status,student_basic where student_status.basic_id=student_basic.id and student_basic.sex=? and student_status.class_id=? 
2019-08-22 22:49:14,857 DEBUG (BaseJdbcLogger.java:143)- ==> Parameters: 女(String), 080205201905(String)
2019-08-22 22:49:14,858 DEBUG (BaseJdbcLogger.java:143)- ====>  Preparing: select id, name, sex, birthday, phone, ID_number, email, parent_phone, adress, major, state from student_basic where id = ? 
2019-08-22 22:49:14,858 DEBUG (BaseJdbcLogger.java:143)- ====> Parameters: 12952(String)
2019-08-22 22:49:14,859 DEBUG (BaseJdbcLogger.java:143)- <====      Total: 1
2019-08-22 22:49:14,859 DEBUG (BaseJdbcLogger.java:143)- ====>  Preparing: select id, class_id, name, director, grade, major_id from class where class_id = ? 
2019-08-22 22:49:14,860 DEBUG (BaseJdbcLogger.java:143)- ====> Parameters: 080205201905(String)
2019-08-22 22:49:14,860 DEBUG (BaseJdbcLogger.java:143)- ======>  Preparing: select id, major_id, name, price, department_id from major where major_id = ? 
2019-08-22 22:49:14,860 DEBUG (BaseJdbcLogger.java:143)- ======> Parameters: 080205(String)
2019-08-22 22:49:14,861 DEBUG (BaseJdbcLogger.java:143)- <======      Total: 1
2019-08-22 22:49:14,862 DEBUG (BaseJdbcLogger.java:143)- <====      Total: 1
2019-08-22 22:49:14,862 DEBUG (BaseJdbcLogger.java:143)- ====>  Preparing: select id, name, sex, birthday, phone, ID_number, email, parent_phone, adress, major, state from student_basic where id = ? 
2019-08-22 22:49:14,862 DEBUG (BaseJdbcLogger.java:143)- ====> Parameters: 12953(String)
2019-08-22 22:49:14,863 DEBUG (BaseJdbcLogger.java:143)- <====      Total: 1
2019-08-22 22:49:14,863 DEBUG (BaseJdbcLogger.java:143)- ====>  Preparing: select id, name, sex, birthday, phone, ID_number, email, parent_phone, adress, major, state from student_basic where id = ? 
2019-08-22 22:49:14,863 DEBUG (BaseJdbcLogger.java:143)- ====> Parameters: 12955(String)
2019-08-22 22:49:14,864 DEBUG (BaseJdbcLogger.java:143)- <====      Total: 1
2019-08-22 22:49:14,864 DEBUG (BaseJdbcLogger.java:143)- ====>  Preparing: select id, name, sex, birthday, phone, ID_number, email, parent_phone, adress, major, state from student_basic where id = ? 
2019-08-22 22:49:14,865 DEBUG (BaseJdbcLogger.java:143)- ====> Parameters: 12960(String)
2019-08-22 22:49:14,865 DEBUG (BaseJdbcLogger.java:143)- <====      Total: 1
2019-08-22 22:49:14,866 DEBUG (BaseJdbcLogger.java:143)- ====>  Preparing: select id, name, sex, birthday, phone, ID_number, email, parent_phone, adress, major, state from student_basic where id = ? 
2019-08-22 22:49:14,866 DEBUG (BaseJdbcLogger.java:143)- ====> Parameters: 12962(String)
2019-08-22 22:49:14,866 DEBUG (BaseJdbcLogger.java:143)- <====      Total: 1
2019-08-22 22:49:14,867 DEBUG (BaseJdbcLogger.java:143)- ====>  Preparing: select id, name, sex, birthday, phone, ID_number, email, parent_phone, adress, major, state from student_basic where id = ? 
2019-08-22 22:49:14,867 DEBUG (BaseJdbcLogger.java:143)- ====> Parameters: 12967(String)
2019-08-22 22:49:14,868 DEBUG (BaseJdbcLogger.java:143)- <====      Total: 1
2019-08-22 22:49:14,869 DEBUG (BaseJdbcLogger.java:143)- ====>  Preparing: select id, name, sex, birthday, phone, ID_number, email, parent_phone, adress, major, state from student_basic where id = ? 
2019-08-22 22:49:14,869 DEBUG (BaseJdbcLogger.java:143)- ====> Parameters: 12973(String)
2019-08-22 22:49:14,870 DEBUG (BaseJdbcLogger.java:143)- <====      Total: 1
2019-08-22 22:49:14,871 DEBUG (BaseJdbcLogger.java:143)- ====>  Preparing: select id, name, sex, birthday, phone, ID_number, email, parent_phone, adress, major, state from student_basic where id = ? 
2019-08-22 22:49:14,872 DEBUG (BaseJdbcLogger.java:143)- ====> Parameters: 12974(String)
2019-08-22 22:49:14,873 DEBUG (BaseJdbcLogger.java:143)- <====      Total: 1
2019-08-22 22:49:14,873 DEBUG (BaseJdbcLogger.java:143)- ====>  Preparing: select id, name, sex, birthday, phone, ID_number, email, parent_phone, adress, major, state from student_basic where id = ? 
2019-08-22 22:49:14,873 DEBUG (BaseJdbcLogger.java:143)- ====> Parameters: 12975(String)
2019-08-22 22:49:14,875 DEBUG (BaseJdbcLogger.java:143)- <====      Total: 1
2019-08-22 22:49:14,875 DEBUG (BaseJdbcLogger.java:143)- ====>  Preparing: select id, name, sex, birthday, phone, ID_number, email, parent_phone, adress, major, state from student_basic where id = ? 
2019-08-22 22:49:14,875 DEBUG (BaseJdbcLogger.java:143)- ====> Parameters: 12976(String)
2019-08-22 22:49:14,876 DEBUG (BaseJdbcLogger.java:143)- <====      Total: 1
2019-08-22 22:49:14,876 DEBUG (BaseJdbcLogger.java:143)- ====>  Preparing: select id, name, sex, birthday, phone, ID_number, email, parent_phone, adress, major, state from student_basic where id = ? 
2019-08-22 22:49:14,876 DEBUG (BaseJdbcLogger.java:143)- ====> Parameters: 12977(String)
2019-08-22 22:49:14,877 DEBUG (BaseJdbcLogger.java:143)- <====      Total: 1
2019-08-22 22:49:14,878 DEBUG (BaseJdbcLogger.java:143)- ====>  Preparing: select id, name, sex, birthday, phone, ID_number, email, parent_phone, adress, major, state from student_basic where id = ? 
2019-08-22 22:49:14,878 DEBUG (BaseJdbcLogger.java:143)- ====> Parameters: 12978(String)
2019-08-22 22:49:14,879 DEBUG (BaseJdbcLogger.java:143)- <====      Total: 1
2019-08-22 22:49:14,879 DEBUG (BaseJdbcLogger.java:143)- ====>  Preparing: select id, name, sex, birthday, phone, ID_number, email, parent_phone, adress, major, state from student_basic where id = ? 
2019-08-22 22:49:14,880 DEBUG (BaseJdbcLogger.java:143)- ====> Parameters: 12980(String)
2019-08-22 22:49:14,880 DEBUG (BaseJdbcLogger.java:143)- <====      Total: 1
2019-08-22 22:49:14,881 DEBUG (BaseJdbcLogger.java:143)- ====>  Preparing: select id, name, sex, birthday, phone, ID_number, email, parent_phone, adress, major, state from student_basic where id = ? 
2019-08-22 22:49:14,881 DEBUG (BaseJdbcLogger.java:143)- ====> Parameters: 12981(String)
2019-08-22 22:49:14,881 DEBUG (BaseJdbcLogger.java:143)- <====      Total: 1
2019-08-22 22:49:14,882 DEBUG (BaseJdbcLogger.java:143)- ====>  Preparing: select id, name, sex, birthday, phone, ID_number, email, parent_phone, adress, major, state from student_basic where id = ? 
2019-08-22 22:49:14,882 DEBUG (BaseJdbcLogger.java:143)- ====> Parameters: 12984(String)
2019-08-22 22:49:14,882 DEBUG (BaseJdbcLogger.java:143)- <====      Total: 1
2019-08-22 22:49:14,883 DEBUG (BaseJdbcLogger.java:143)- ====>  Preparing: select id, name, sex, birthday, phone, ID_number, email, parent_phone, adress, major, state from student_basic where id = ? 
2019-08-22 22:49:14,883 DEBUG (BaseJdbcLogger.java:143)- ====> Parameters: 12985(String)
2019-08-22 22:49:14,883 DEBUG (BaseJdbcLogger.java:143)- <====      Total: 1
2019-08-22 22:49:14,884 DEBUG (BaseJdbcLogger.java:143)- ====>  Preparing: select id, name, sex, birthday, phone, ID_number, email, parent_phone, adress, major, state from student_basic where id = ? 
2019-08-22 22:49:14,884 DEBUG (BaseJdbcLogger.java:143)- ====> Parameters: 12986(String)
2019-08-22 22:49:14,884 DEBUG (BaseJdbcLogger.java:143)- <====      Total: 1
2019-08-22 22:49:14,884 DEBUG (BaseJdbcLogger.java:143)- ====>  Preparing: select id, name, sex, birthday, phone, ID_number, email, parent_phone, adress, major, state from student_basic where id = ? 
2019-08-22 22:49:14,885 DEBUG (BaseJdbcLogger.java:143)- ====> Parameters: 12987(String)
2019-08-22 22:49:14,886 DEBUG (BaseJdbcLogger.java:143)- <====      Total: 1
2019-08-22 22:49:14,887 DEBUG (BaseJdbcLogger.java:143)- ====>  Preparing: select id, name, sex, birthday, phone, ID_number, email, parent_phone, adress, major, state from student_basic where id = ? 
2019-08-22 22:49:14,887 DEBUG (BaseJdbcLogger.java:143)- ====> Parameters: 12991(String)
2019-08-22 22:49:14,888 DEBUG (BaseJdbcLogger.java:143)- <====      Total: 1
2019-08-22 22:49:14,889 DEBUG (BaseJdbcLogger.java:143)- ====>  Preparing: select id, name, sex, birthday, phone, ID_number, email, parent_phone, adress, major, state from student_basic where id = ? 
2019-08-22 22:49:14,889 DEBUG (BaseJdbcLogger.java:143)- ====> Parameters: 12993(String)
2019-08-22 22:49:14,889 DEBUG (BaseJdbcLogger.java:143)- <====      Total: 1
2019-08-22 22:49:14,890 DEBUG (BaseJdbcLogger.java:143)- ====>  Preparing: select id, name, sex, birthday, phone, ID_number, email, parent_phone, adress, major, state from student_basic where id = ? 
2019-08-22 22:49:14,891 DEBUG (BaseJdbcLogger.java:143)- ====> Parameters: 12994(String)
2019-08-22 22:49:14,891 DEBUG (BaseJdbcLogger.java:143)- <====      Total: 1
2019-08-22 22:49:14,891 DEBUG (BaseJdbcLogger.java:143)- ====>  Preparing: select id, name, sex, birthday, phone, ID_number, email, parent_phone, adress, major, state from student_basic where id = ? 
2019-08-22 22:49:14,891 DEBUG (BaseJdbcLogger.java:143)- ====> Parameters: 12995(String)
2019-08-22 22:49:14,892 DEBUG (BaseJdbcLogger.java:143)- <====      Total: 1
2019-08-22 22:49:14,892 DEBUG (BaseJdbcLogger.java:143)- ====>  Preparing: select id, name, sex, birthday, phone, ID_number, email, parent_phone, adress, major, state from student_basic where id = ? 
2019-08-22 22:49:14,892 DEBUG (BaseJdbcLogger.java:143)- ====> Parameters: 12997(String)
2019-08-22 22:49:14,893 DEBUG (BaseJdbcLogger.java:143)- <====      Total: 1
2019-08-22 22:49:14,894 DEBUG (BaseJdbcLogger.java:143)- ====>  Preparing: select id, name, sex, birthday, phone, ID_number, email, parent_phone, adress, major, state from student_basic where id = ? 
2019-08-22 22:49:14,894 DEBUG (BaseJdbcLogger.java:143)- ====> Parameters: 12998(String)
2019-08-22 22:49:14,894 DEBUG (BaseJdbcLogger.java:143)- <====      Total: 1
2019-08-22 22:49:14,895 DEBUG (BaseJdbcLogger.java:143)- ====>  Preparing: select id, name, sex, birthday, phone, ID_number, email, parent_phone, adress, major, state from student_basic where id = ? 
2019-08-22 22:49:14,895 DEBUG (BaseJdbcLogger.java:143)- ====> Parameters: 13001(String)
2019-08-22 22:49:14,895 DEBUG (BaseJdbcLogger.java:143)- <====      Total: 1
2019-08-22 22:49:14,896 DEBUG (BaseJdbcLogger.java:143)- <==      Total: 25
2019-08-22 22:49:14,897 DEBUG (BaseJdbcLogger.java:143)- ==>  Preparing: select dormitory_allocation.id, dormitory_allocation.class_id, dormitory_allocation.dormitory_id,dormitory_allocation.number from dormitory_allocation,dormitory WHERE dormitory_allocation.dormitory_id=dormitory.id and dormitory.sex=? and class_id = ? 
2019-08-22 22:49:14,897 DEBUG (BaseJdbcLogger.java:143)- ==> Parameters: 男(String), 080205201905(String)
2019-08-22 22:49:14,898 DEBUG (BaseJdbcLogger.java:143)- ====>  Preparing: select id, dong, floor, room, sex, number, rent from dormitory where id = ? 
2019-08-22 22:49:14,898 DEBUG (BaseJdbcLogger.java:143)- ====> Parameters: 28(Integer)
2019-08-22 22:49:14,898 DEBUG (BaseJdbcLogger.java:143)- <====      Total: 1
2019-08-22 22:49:14,899 DEBUG (BaseJdbcLogger.java:143)- ====>  Preparing: select id, dong, floor, room, sex, number, rent from dormitory where id = ? 
2019-08-22 22:49:14,900 DEBUG (BaseJdbcLogger.java:143)- ====> Parameters: 29(Integer)
2019-08-22 22:49:14,900 DEBUG (BaseJdbcLogger.java:143)- <====      Total: 1
2019-08-22 22:49:14,901 DEBUG (BaseJdbcLogger.java:143)- ====>  Preparing: select id, dong, floor, room, sex, number, rent from dormitory where id = ? 
2019-08-22 22:49:14,901 DEBUG (BaseJdbcLogger.java:143)- ====> Parameters: 30(Integer)
2019-08-22 22:49:14,902 DEBUG (BaseJdbcLogger.java:143)- <====      Total: 1
2019-08-22 22:49:14,903 DEBUG (BaseJdbcLogger.java:143)- ====>  Preparing: select id, dong, floor, room, sex, number, rent from dormitory where id = ? 
2019-08-22 22:49:14,903 DEBUG (BaseJdbcLogger.java:143)- ====> Parameters: 31(Integer)
2019-08-22 22:49:14,904 DEBUG (BaseJdbcLogger.java:143)- <====      Total: 1
2019-08-22 22:49:14,906 DEBUG (BaseJdbcLogger.java:143)- ====>  Preparing: select id, dong, floor, room, sex, number, rent from dormitory where id = ? 
2019-08-22 22:49:14,906 DEBUG (BaseJdbcLogger.java:143)- ====> Parameters: 32(Integer)
2019-08-22 22:49:14,907 DEBUG (BaseJdbcLogger.java:143)- <====      Total: 1
2019-08-22 22:49:14,908 DEBUG (BaseJdbcLogger.java:143)- <==      Total: 5
2019-08-22 22:49:14,908 DEBUG (BaseJdbcLogger.java:143)- ==>  Preparing: select dormitory_allocation.id, dormitory_allocation.class_id, dormitory_allocation.dormitory_id,dormitory_allocation.number from dormitory_allocation,dormitory WHERE dormitory_allocation.dormitory_id=dormitory.id and dormitory.sex=? and class_id = ? 
2019-08-22 22:49:14,909 DEBUG (BaseJdbcLogger.java:143)- ==> Parameters: 女(String), 080205201905(String)
2019-08-22 22:49:14,910 DEBUG (BaseJdbcLogger.java:143)- ====>  Preparing: select id, dong, floor, room, sex, number, rent from dormitory where id = ? 
2019-08-22 22:49:14,911 DEBUG (BaseJdbcLogger.java:143)- ====> Parameters: 479(Integer)
2019-08-22 22:49:14,912 DEBUG (BaseJdbcLogger.java:143)- <====      Total: 1
2019-08-22 22:49:14,912 DEBUG (BaseJdbcLogger.java:143)- ====>  Preparing: select id, dong, floor, room, sex, number, rent from dormitory where id = ? 
2019-08-22 22:49:14,912 DEBUG (BaseJdbcLogger.java:143)- ====> Parameters: 480(Integer)
2019-08-22 22:49:14,913 DEBUG (BaseJdbcLogger.java:143)- <====      Total: 1
2019-08-22 22:49:14,914 DEBUG (BaseJdbcLogger.java:143)- ====>  Preparing: select id, dong, floor, room, sex, number, rent from dormitory where id = ? 
2019-08-22 22:49:14,914 DEBUG (BaseJdbcLogger.java:143)- ====> Parameters: 481(Integer)
2019-08-22 22:49:14,914 DEBUG (BaseJdbcLogger.java:143)- <====      Total: 1
2019-08-22 22:49:14,914 DEBUG (BaseJdbcLogger.java:143)- ====>  Preparing: select id, dong, floor, room, sex, number, rent from dormitory where id = ? 
2019-08-22 22:49:14,915 DEBUG (BaseJdbcLogger.java:143)- ====> Parameters: 482(Integer)
2019-08-22 22:49:14,915 DEBUG (BaseJdbcLogger.java:143)- <====      Total: 1
2019-08-22 22:49:14,916 DEBUG (BaseJdbcLogger.java:143)- ====>  Preparing: select id, dong, floor, room, sex, number, rent from dormitory where id = ? 
2019-08-22 22:49:14,916 DEBUG (BaseJdbcLogger.java:143)- ====> Parameters: 483(Integer)
2019-08-22 22:49:14,916 DEBUG (BaseJdbcLogger.java:143)- <====      Total: 1
2019-08-22 22:49:14,917 DEBUG (BaseJdbcLogger.java:143)- <==      Total: 5
2019-08-22 22:49:14,917 DEBUG (BaseJdbcLogger.java:143)- ==>  Preparing: select student_status.id,student_status.basic_id, student_status.student_id, student_status.class_id from student_status,student_basic where student_status.basic_id=student_basic.id and student_basic.sex=? and student_status.class_id=? 
2019-08-22 22:49:14,918 DEBUG (BaseJdbcLogger.java:143)- ==> Parameters: 男(String), 130503201901(String)
2019-08-22 22:49:14,919 DEBUG (BaseJdbcLogger.java:143)- ====>  Preparing: select id, name, sex, birthday, phone, ID_number, email, parent_phone, adress, major, state from student_basic where id = ? 
2019-08-22 22:49:14,920 DEBUG (BaseJdbcLogger.java:143)- ====> Parameters: 12580(String)
2019-08-22 22:49:14,921 DEBUG (BaseJdbcLogger.java:143)- <====      Total: 1
2019-08-22 22:49:14,921 DEBUG (BaseJdbcLogger.java:143)- ====>  Preparing: select id, class_id, name, director, grade, major_id from class where class_id = ? 
2019-08-22 22:49:14,922 DEBUG (BaseJdbcLogger.java:143)- ====> Parameters: 130503201901(String)
2019-08-22 22:49:14,923 DEBUG (BaseJdbcLogger.java:143)- ======>  Preparing: select id, major_id, name, price, department_id from major where major_id = ? 
2019-08-22 22:49:14,923 DEBUG (BaseJdbcLogger.java:143)- ======> Parameters: 130503(String)
2019-08-22 22:49:14,925 DEBUG (BaseJdbcLogger.java:143)- <======      Total: 1
2019-08-22 22:49:14,925 DEBUG (BaseJdbcLogger.java:143)- <====      Total: 1
2019-08-22 22:49:14,926 DEBUG (BaseJdbcLogger.java:143)- ====>  Preparing: select id, name, sex, birthday, phone, ID_number, email, parent_phone, adress, major, state from student_basic where id = ? 
2019-08-22 22:49:14,926 DEBUG (BaseJdbcLogger.java:143)- ====> Parameters: 12581(String)
2019-08-22 22:49:14,927 DEBUG (BaseJdbcLogger.java:143)- <====      Total: 1
2019-08-22 22:49:14,927 DEBUG (BaseJdbcLogger.java:143)- ====>  Preparing: select id, name, sex, birthday, phone, ID_number, email, parent_phone, adress, major, state from student_basic where id = ? 
2019-08-22 22:49:14,928 DEBUG (BaseJdbcLogger.java:143)- ====> Parameters: 12585(String)
2019-08-22 22:49:14,928 DEBUG (BaseJdbcLogger.java:143)- <====      Total: 1
2019-08-22 22:49:14,929 DEBUG (BaseJdbcLogger.java:143)- ====>  Preparing: select id, name, sex, birthday, phone, ID_number, email, parent_phone, adress, major, state from student_basic where id = ? 
2019-08-22 22:49:14,929 DEBUG (BaseJdbcLogger.java:143)- ====> Parameters: 12586(String)
2019-08-22 22:49:14,929 DEBUG (BaseJdbcLogger.java:143)- <====      Total: 1
2019-08-22 22:49:14,930 DEBUG (BaseJdbcLogger.java:143)- ====>  Preparing: select id, name, sex, birthday, phone, ID_number, email, parent_phone, adress, major, state from student_basic where id = ? 
2019-08-22 22:49:14,930 DEBUG (BaseJdbcLogger.java:143)- ====> Parameters: 12587(String)
2019-08-22 22:49:14,931 DEBUG (BaseJdbcLogger.java:143)- <====      Total: 1
2019-08-22 22:49:14,931 DEBUG (BaseJdbcLogger.java:143)- ====>  Preparing: select id, name, sex, birthday, phone, ID_number, email, parent_phone, adress, major, state from student_basic where id = ? 
2019-08-22 22:49:14,931 DEBUG (BaseJdbcLogger.java:143)- ====> Parameters: 12589(String)
2019-08-22 22:49:14,932 DEBUG (BaseJdbcLogger.java:143)- <====      Total: 1
2019-08-22 22:49:14,933 DEBUG (BaseJdbcLogger.java:143)- ====>  Preparing: select id, name, sex, birthday, phone, ID_number, email, parent_phone, adress, major, state from student_basic where id = ? 
2019-08-22 22:49:14,933 DEBUG (BaseJdbcLogger.java:143)- ====> Parameters: 12593(String)
2019-08-22 22:49:14,934 DEBUG (BaseJdbcLogger.java:143)- <====      Total: 1
2019-08-22 22:49:14,934 DEBUG (BaseJdbcLogger.java:143)- ====>  Preparing: select id, name, sex, birthday, phone, ID_number, email, parent_phone, adress, major, state from student_basic where id = ? 
2019-08-22 22:49:14,934 DEBUG (BaseJdbcLogger.java:143)- ====> Parameters: 12594(String)
2019-08-22 22:49:14,936 DEBUG (BaseJdbcLogger.java:143)- <====      Total: 1
2019-08-22 22:49:14,937 DEBUG (BaseJdbcLogger.java:143)- ====>  Preparing: select id, name, sex, birthday, phone, ID_number, email, parent_phone, adress, major, state from student_basic where id = ? 
2019-08-22 22:49:14,937 DEBUG (BaseJdbcLogger.java:143)- ====> Parameters: 12595(String)
2019-08-22 22:49:14,938 DEBUG (BaseJdbcLogger.java:143)- <====      Total: 1
2019-08-22 22:49:14,939 DEBUG (BaseJdbcLogger.java:143)- ====>  Preparing: select id, name, sex, birthday, phone, ID_number, email, parent_phone, adress, major, state from student_basic where id = ? 
2019-08-22 22:49:14,939 DEBUG (BaseJdbcLogger.java:143)- ====> Parameters: 12596(String)
2019-08-22 22:49:14,940 DEBUG (BaseJdbcLogger.java:143)- <====      Total: 1
2019-08-22 22:49:14,941 DEBUG (BaseJdbcLogger.java:143)- ====>  Preparing: select id, name, sex, birthday, phone, ID_number, email, parent_phone, adress, major, state from student_basic where id = ? 
2019-08-22 22:49:14,941 DEBUG (BaseJdbcLogger.java:143)- ====> Parameters: 12598(String)
2019-08-22 22:49:14,942 DEBUG (BaseJdbcLogger.java:143)- <====      Total: 1
2019-08-22 22:49:14,943 DEBUG (BaseJdbcLogger.java:143)- ====>  Preparing: select id, name, sex, birthday, phone, ID_number, email, parent_phone, adress, major, state from student_basic where id = ? 
2019-08-22 22:49:14,943 DEBUG (BaseJdbcLogger.java:143)- ====> Parameters: 12600(String)
2019-08-22 22:49:14,944 DEBUG (BaseJdbcLogger.java:143)- <====      Total: 1
2019-08-22 22:49:14,944 DEBUG (BaseJdbcLogger.java:143)- ====>  Preparing: select id, name, sex, birthday, phone, ID_number, email, parent_phone, adress, major, state from student_basic where id = ? 
2019-08-22 22:49:14,944 DEBUG (BaseJdbcLogger.java:143)- ====> Parameters: 12601(String)
2019-08-22 22:49:14,946 DEBUG (BaseJdbcLogger.java:143)- <====      Total: 1
2019-08-22 22:49:14,946 DEBUG (BaseJdbcLogger.java:143)- ====>  Preparing: select id, name, sex, birthday, phone, ID_number, email, parent_phone, adress, major, state from student_basic where id = ? 
2019-08-22 22:49:14,946 DEBUG (BaseJdbcLogger.java:143)- ====> Parameters: 12602(String)
2019-08-22 22:49:14,947 DEBUG (BaseJdbcLogger.java:143)- <====      Total: 1
2019-08-22 22:49:14,947 DEBUG (BaseJdbcLogger.java:143)- ====>  Preparing: select id, name, sex, birthday, phone, ID_number, email, parent_phone, adress, major, state from student_basic where id = ? 
2019-08-22 22:49:14,948 DEBUG (BaseJdbcLogger.java:143)- ====> Parameters: 12603(String)
2019-08-22 22:49:14,948 DEBUG (BaseJdbcLogger.java:143)- <====      Total: 1
2019-08-22 22:49:14,949 DEBUG (BaseJdbcLogger.java:143)- ====>  Preparing: select id, name, sex, birthday, phone, ID_number, email, parent_phone, adress, major, state from student_basic where id = ? 
2019-08-22 22:49:14,950 DEBUG (BaseJdbcLogger.java:143)- ====> Parameters: 12604(String)
2019-08-22 22:49:14,951 DEBUG (BaseJdbcLogger.java:143)- <====      Total: 1
2019-08-22 22:49:14,952 DEBUG (BaseJdbcLogger.java:143)- ====>  Preparing: select id, name, sex, birthday, phone, ID_number, email, parent_phone, adress, major, state from student_basic where id = ? 
2019-08-22 22:49:14,952 DEBUG (BaseJdbcLogger.java:143)- ====> Parameters: 12605(String)
2019-08-22 22:49:14,953 DEBUG (BaseJdbcLogger.java:143)- <====      Total: 1
2019-08-22 22:49:14,954 DEBUG (BaseJdbcLogger.java:143)- ====>  Preparing: select id, name, sex, birthday, phone, ID_number, email, parent_phone, adress, major, state from student_basic where id = ? 
2019-08-22 22:49:14,954 DEBUG (BaseJdbcLogger.java:143)- ====> Parameters: 12606(String)
2019-08-22 22:49:14,955 DEBUG (BaseJdbcLogger.java:143)- <====      Total: 1
2019-08-22 22:49:14,955 DEBUG (BaseJdbcLogger.java:143)- ====>  Preparing: select id, name, sex, birthday, phone, ID_number, email, parent_phone, adress, major, state from student_basic where id = ? 
2019-08-22 22:49:14,955 DEBUG (BaseJdbcLogger.java:143)- ====> Parameters: 12607(String)
2019-08-22 22:49:14,957 DEBUG (BaseJdbcLogger.java:143)- <====      Total: 1
2019-08-22 22:49:14,958 DEBUG (BaseJdbcLogger.java:143)- ====>  Preparing: select id, name, sex, birthday, phone, ID_number, email, parent_phone, adress, major, state from student_basic where id = ? 
2019-08-22 22:49:14,958 DEBUG (BaseJdbcLogger.java:143)- ====> Parameters: 12608(String)
2019-08-22 22:49:14,958 DEBUG (BaseJdbcLogger.java:143)- <====      Total: 1
2019-08-22 22:49:14,959 DEBUG (BaseJdbcLogger.java:143)- ====>  Preparing: select id, name, sex, birthday, phone, ID_number, email, parent_phone, adress, major, state from student_basic where id = ? 
2019-08-22 22:49:14,959 DEBUG (BaseJdbcLogger.java:143)- ====> Parameters: 12609(String)
2019-08-22 22:49:14,960 DEBUG (BaseJdbcLogger.java:143)- <====      Total: 1
2019-08-22 22:49:14,960 DEBUG (BaseJdbcLogger.java:143)- ====>  Preparing: select id, name, sex, birthday, phone, ID_number, email, parent_phone, adress, major, state from student_basic where id = ? 
2019-08-22 22:49:14,960 DEBUG (BaseJdbcLogger.java:143)- ====> Parameters: 12610(String)
2019-08-22 22:49:14,961 DEBUG (BaseJdbcLogger.java:143)- <====      Total: 1
2019-08-22 22:49:14,961 DEBUG (BaseJdbcLogger.java:143)- ====>  Preparing: select id, name, sex, birthday, phone, ID_number, email, parent_phone, adress, major, state from student_basic where id = ? 
2019-08-22 22:49:14,961 DEBUG (BaseJdbcLogger.java:143)- ====> Parameters: 12611(String)
2019-08-22 22:49:14,962 DEBUG (BaseJdbcLogger.java:143)- <====      Total: 1
2019-08-22 22:49:14,962 DEBUG (BaseJdbcLogger.java:143)- ====>  Preparing: select id, name, sex, birthday, phone, ID_number, email, parent_phone, adress, major, state from student_basic where id = ? 
2019-08-22 22:49:14,962 DEBUG (BaseJdbcLogger.java:143)- ====> Parameters: 12612(String)
2019-08-22 22:49:14,963 DEBUG (BaseJdbcLogger.java:143)- <====      Total: 1
2019-08-22 22:49:14,963 DEBUG (BaseJdbcLogger.java:143)- <==      Total: 24
2019-08-22 22:49:14,963 DEBUG (BaseJdbcLogger.java:143)- ==>  Preparing: select student_status.id,student_status.basic_id, student_status.student_id, student_status.class_id from student_status,student_basic where student_status.basic_id=student_basic.id and student_basic.sex=? and student_status.class_id=? 
2019-08-22 22:49:14,964 DEBUG (BaseJdbcLogger.java:143)- ==> Parameters: 女(String), 130503201901(String)
2019-08-22 22:49:14,965 DEBUG (BaseJdbcLogger.java:143)- ====>  Preparing: select id, name, sex, birthday, phone, ID_number, email, parent_phone, adress, major, state from student_basic where id = ? 
2019-08-22 22:49:14,965 DEBUG (BaseJdbcLogger.java:143)- ====> Parameters: 12578(String)
2019-08-22 22:49:14,966 DEBUG (BaseJdbcLogger.java:143)- <====      Total: 1
2019-08-22 22:49:14,966 DEBUG (BaseJdbcLogger.java:143)- ====>  Preparing: select id, class_id, name, director, grade, major_id from class where class_id = ? 
2019-08-22 22:49:14,966 DEBUG (BaseJdbcLogger.java:143)- ====> Parameters: 130503201901(String)
2019-08-22 22:49:14,967 DEBUG (BaseJdbcLogger.java:143)- ======>  Preparing: select id, major_id, name, price, department_id from major where major_id = ? 
2019-08-22 22:49:14,967 DEBUG (BaseJdbcLogger.java:143)- ======> Parameters: 130503(String)
2019-08-22 22:49:14,968 DEBUG (BaseJdbcLogger.java:143)- <======      Total: 1
2019-08-22 22:49:14,969 DEBUG (BaseJdbcLogger.java:143)- <====      Total: 1
2019-08-22 22:49:14,970 DEBUG (BaseJdbcLogger.java:143)- ====>  Preparing: select id, name, sex, birthday, phone, ID_number, email, parent_phone, adress, major, state from student_basic where id = ? 
2019-08-22 22:49:14,970 DEBUG (BaseJdbcLogger.java:143)- ====> Parameters: 12579(String)
2019-08-22 22:49:14,972 DEBUG (BaseJdbcLogger.java:143)- <====      Total: 1
2019-08-22 22:49:14,972 DEBUG (BaseJdbcLogger.java:143)- ====>  Preparing: select id, name, sex, birthday, phone, ID_number, email, parent_phone, adress, major, state from student_basic where id = ? 
2019-08-22 22:49:14,973 DEBUG (BaseJdbcLogger.java:143)- ====> Parameters: 12582(String)
2019-08-22 22:49:14,973 DEBUG (BaseJdbcLogger.java:143)- <====      Total: 1
2019-08-22 22:49:14,974 DEBUG (BaseJdbcLogger.java:143)- ====>  Preparing: select id, name, sex, birthday, phone, ID_number, email, parent_phone, adress, major, state from student_basic where id = ? 
2019-08-22 22:49:14,975 DEBUG (BaseJdbcLogger.java:143)- ====> Parameters: 12583(String)
2019-08-22 22:49:14,975 DEBUG (BaseJdbcLogger.java:143)- <====      Total: 1
2019-08-22 22:49:14,975 DEBUG (BaseJdbcLogger.java:143)- ====>  Preparing: select id, name, sex, birthday, phone, ID_number, email, parent_phone, adress, major, state from student_basic where id = ? 
2019-08-22 22:49:14,976 DEBUG (BaseJdbcLogger.java:143)- ====> Parameters: 12584(String)
2019-08-22 22:49:14,977 DEBUG (BaseJdbcLogger.java:143)- <====      Total: 1
2019-08-22 22:49:14,977 DEBUG (BaseJdbcLogger.java:143)- ====>  Preparing: select id, name, sex, birthday, phone, ID_number, email, parent_phone, adress, major, state from student_basic where id = ? 
2019-08-22 22:49:14,977 DEBUG (BaseJdbcLogger.java:143)- ====> Parameters: 12588(String)
2019-08-22 22:49:14,978 DEBUG (BaseJdbcLogger.java:143)- <====      Total: 1
2019-08-22 22:49:14,979 DEBUG (BaseJdbcLogger.java:143)- ====>  Preparing: select id, name, sex, birthday, phone, ID_number, email, parent_phone, adress, major, state from student_basic where id = ? 
2019-08-22 22:49:14,979 DEBUG (BaseJdbcLogger.java:143)- ====> Parameters: 12590(String)
2019-08-22 22:49:14,980 DEBUG (BaseJdbcLogger.java:143)- <====      Total: 1
2019-08-22 22:49:14,981 DEBUG (BaseJdbcLogger.java:143)- ====>  Preparing: select id, name, sex, birthday, phone, ID_number, email, parent_phone, adress, major, state from student_basic where id = ? 
2019-08-22 22:49:14,981 DEBUG (BaseJdbcLogger.java:143)- ====> Parameters: 12591(String)
2019-08-22 22:49:14,982 DEBUG (BaseJdbcLogger.java:143)- <====      Total: 1
2019-08-22 22:49:14,982 DEBUG (BaseJdbcLogger.java:143)- ====>  Preparing: select id, name, sex, birthday, phone, ID_number, email, parent_phone, adress, major, state from student_basic where id = ? 
2019-08-22 22:49:14,983 DEBUG (BaseJdbcLogger.java:143)- ====> Parameters: 12592(String)
2019-08-22 22:49:14,984 DEBUG (BaseJdbcLogger.java:143)- <====      Total: 1
2019-08-22 22:49:14,984 DEBUG (BaseJdbcLogger.java:143)- ====>  Preparing: select id, name, sex, birthday, phone, ID_number, email, parent_phone, adress, major, state from student_basic where id = ? 
2019-08-22 22:49:14,984 DEBUG (BaseJdbcLogger.java:143)- ====> Parameters: 12597(String)
2019-08-22 22:49:14,986 DEBUG (BaseJdbcLogger.java:143)- <====      Total: 1
2019-08-22 22:49:14,986 DEBUG (BaseJdbcLogger.java:143)- ====>  Preparing: select id, name, sex, birthday, phone, ID_number, email, parent_phone, adress, major, state from student_basic where id = ? 
2019-08-22 22:49:14,986 DEBUG (BaseJdbcLogger.java:143)- ====> Parameters: 12599(String)
2019-08-22 22:49:14,987 DEBUG (BaseJdbcLogger.java:143)- <====      Total: 1
2019-08-22 22:49:14,988 DEBUG (BaseJdbcLogger.java:143)- ====>  Preparing: select id, name, sex, birthday, phone, ID_number, email, parent_phone, adress, major, state from student_basic where id = ? 
2019-08-22 22:49:14,988 DEBUG (BaseJdbcLogger.java:143)- ====> Parameters: 12613(String)
2019-08-22 22:49:14,989 DEBUG (BaseJdbcLogger.java:143)- <====      Total: 1
2019-08-22 22:49:14,989 DEBUG (BaseJdbcLogger.java:143)- ====>  Preparing: select id, name, sex, birthday, phone, ID_number, email, parent_phone, adress, major, state from student_basic where id = ? 
2019-08-22 22:49:14,989 DEBUG (BaseJdbcLogger.java:143)- ====> Parameters: 12614(String)
2019-08-22 22:49:14,999 DEBUG (BaseJdbcLogger.java:143)- <====      Total: 1
2019-08-22 22:49:15,000 DEBUG (BaseJdbcLogger.java:143)- ====>  Preparing: select id, name, sex, birthday, phone, ID_number, email, parent_phone, adress, major, state from student_basic where id = ? 
2019-08-22 22:49:15,000 DEBUG (BaseJdbcLogger.java:143)- ====> Parameters: 12616(String)
2019-08-22 22:49:15,001 DEBUG (BaseJdbcLogger.java:143)- <====      Total: 1
2019-08-22 22:49:15,001 DEBUG (BaseJdbcLogger.java:143)- ====>  Preparing: select id, name, sex, birthday, phone, ID_number, email, parent_phone, adress, major, state from student_basic where id = ? 
2019-08-22 22:49:15,002 DEBUG (BaseJdbcLogger.java:143)- ====> Parameters: 12617(String)
2019-08-22 22:49:15,003 DEBUG (BaseJdbcLogger.java:143)- <====      Total: 1
2019-08-22 22:49:15,004 DEBUG (BaseJdbcLogger.java:143)- ====>  Preparing: select id, name, sex, birthday, phone, ID_number, email, parent_phone, adress, major, state from student_basic where id = ? 
2019-08-22 22:49:15,004 DEBUG (BaseJdbcLogger.java:143)- ====> Parameters: 12623(String)
2019-08-22 22:49:15,004 DEBUG (BaseJdbcLogger.java:143)- <====      Total: 1
2019-08-22 22:49:15,005 DEBUG (BaseJdbcLogger.java:143)- ====>  Preparing: select id, name, sex, birthday, phone, ID_number, email, parent_phone, adress, major, state from student_basic where id = ? 
2019-08-22 22:49:15,005 DEBUG (BaseJdbcLogger.java:143)- ====> Parameters: 12624(String)
2019-08-22 22:49:15,006 DEBUG (BaseJdbcLogger.java:143)- <====      Total: 1
2019-08-22 22:49:15,006 DEBUG (BaseJdbcLogger.java:143)- ====>  Preparing: select id, name, sex, birthday, phone, ID_number, email, parent_phone, adress, major, state from student_basic where id = ? 
2019-08-22 22:49:15,007 DEBUG (BaseJdbcLogger.java:143)- ====> Parameters: 12625(String)
2019-08-22 22:49:15,007 DEBUG (BaseJdbcLogger.java:143)- <====      Total: 1
2019-08-22 22:49:15,007 DEBUG (BaseJdbcLogger.java:143)- ====>  Preparing: select id, name, sex, birthday, phone, ID_number, email, parent_phone, adress, major, state from student_basic where id = ? 
2019-08-22 22:49:15,008 DEBUG (BaseJdbcLogger.java:143)- ====> Parameters: 12626(String)
2019-08-22 22:49:15,008 DEBUG (BaseJdbcLogger.java:143)- <====      Total: 1
2019-08-22 22:49:15,009 DEBUG (BaseJdbcLogger.java:143)- ====>  Preparing: select id, name, sex, birthday, phone, ID_number, email, parent_phone, adress, major, state from student_basic where id = ? 
2019-08-22 22:49:15,009 DEBUG (BaseJdbcLogger.java:143)- ====> Parameters: 12627(String)
2019-08-22 22:49:15,009 DEBUG (BaseJdbcLogger.java:143)- <====      Total: 1
2019-08-22 22:49:15,010 DEBUG (BaseJdbcLogger.java:143)- <==      Total: 20
2019-08-22 22:49:15,010 DEBUG (BaseJdbcLogger.java:143)- ==>  Preparing: select dormitory_allocation.id, dormitory_allocation.class_id, dormitory_allocation.dormitory_id,dormitory_allocation.number from dormitory_allocation,dormitory WHERE dormitory_allocation.dormitory_id=dormitory.id and dormitory.sex=? and class_id = ? 
2019-08-22 22:49:15,010 DEBUG (BaseJdbcLogger.java:143)- ==> Parameters: 男(String), 130503201901(String)
2019-08-22 22:49:15,011 DEBUG (BaseJdbcLogger.java:143)- ====>  Preparing: select id, dong, floor, room, sex, number, rent from dormitory where id = ? 
2019-08-22 22:49:15,011 DEBUG (BaseJdbcLogger.java:143)- ====> Parameters: 33(Integer)
2019-08-22 22:49:15,012 DEBUG (BaseJdbcLogger.java:143)- <====      Total: 1
2019-08-22 22:49:15,012 DEBUG (BaseJdbcLogger.java:143)- ====>  Preparing: select id, dong, floor, room, sex, number, rent from dormitory where id = ? 
2019-08-22 22:49:15,012 DEBUG (BaseJdbcLogger.java:143)- ====> Parameters: 34(Integer)
2019-08-22 22:49:15,013 DEBUG (BaseJdbcLogger.java:143)- <====      Total: 1
2019-08-22 22:49:15,014 DEBUG (BaseJdbcLogger.java:143)- ====>  Preparing: select id, dong, floor, room, sex, number, rent from dormitory where id = ? 
2019-08-22 22:49:15,014 DEBUG (BaseJdbcLogger.java:143)- ====> Parameters: 35(Integer)
2019-08-22 22:49:15,015 DEBUG (BaseJdbcLogger.java:143)- <====      Total: 1
2019-08-22 22:49:15,015 DEBUG (BaseJdbcLogger.java:143)- ====>  Preparing: select id, dong, floor, room, sex, number, rent from dormitory where id = ? 
2019-08-22 22:49:15,015 DEBUG (BaseJdbcLogger.java:143)- ====> Parameters: 36(Integer)
2019-08-22 22:49:15,016 DEBUG (BaseJdbcLogger.java:143)- <====      Total: 1
2019-08-22 22:49:15,017 DEBUG (BaseJdbcLogger.java:143)- ====>  Preparing: select id, dong, floor, room, sex, number, rent from dormitory where id = ? 
2019-08-22 22:49:15,017 DEBUG (BaseJdbcLogger.java:143)- ====> Parameters: 37(Integer)
2019-08-22 22:49:15,017 DEBUG (BaseJdbcLogger.java:143)- <====      Total: 1
2019-08-22 22:49:15,017 DEBUG (BaseJdbcLogger.java:143)- <==      Total: 5
2019-08-22 22:49:15,018 DEBUG (BaseJdbcLogger.java:143)- ==>  Preparing: select dormitory_allocation.id, dormitory_allocation.class_id, dormitory_allocation.dormitory_id,dormitory_allocation.number from dormitory_allocation,dormitory WHERE dormitory_allocation.dormitory_id=dormitory.id and dormitory.sex=? and class_id = ? 
2019-08-22 22:49:15,018 DEBUG (BaseJdbcLogger.java:143)- ==> Parameters: 女(String), 130503201901(String)
2019-08-22 22:49:15,019 DEBUG (BaseJdbcLogger.java:143)- ====>  Preparing: select id, dong, floor, room, sex, number, rent from dormitory where id = ? 
2019-08-22 22:49:15,020 DEBUG (BaseJdbcLogger.java:143)- ====> Parameters: 484(Integer)
2019-08-22 22:49:15,020 DEBUG (BaseJdbcLogger.java:143)- <====      Total: 1
2019-08-22 22:49:15,021 DEBUG (BaseJdbcLogger.java:143)- ====>  Preparing: select id, dong, floor, room, sex, number, rent from dormitory where id = ? 
2019-08-22 22:49:15,021 DEBUG (BaseJdbcLogger.java:143)- ====> Parameters: 485(Integer)
2019-08-22 22:49:15,022 DEBUG (BaseJdbcLogger.java:143)- <====      Total: 1
2019-08-22 22:49:15,022 DEBUG (BaseJdbcLogger.java:143)- ====>  Preparing: select id, dong, floor, room, sex, number, rent from dormitory where id = ? 
2019-08-22 22:49:15,023 DEBUG (BaseJdbcLogger.java:143)- ====> Parameters: 486(Integer)
2019-08-22 22:49:15,024 DEBUG (BaseJdbcLogger.java:143)- <====      Total: 1
2019-08-22 22:49:15,024 DEBUG (BaseJdbcLogger.java:143)- ====>  Preparing: select id, dong, floor, room, sex, number, rent from dormitory where id = ? 
2019-08-22 22:49:15,025 DEBUG (BaseJdbcLogger.java:143)- ====> Parameters: 487(Integer)
2019-08-22 22:49:15,025 DEBUG (BaseJdbcLogger.java:143)- <====      Total: 1
2019-08-22 22:49:15,026 DEBUG (BaseJdbcLogger.java:143)- <==      Total: 4
2019-08-22 22:49:15,026 DEBUG (BaseJdbcLogger.java:143)- ==>  Preparing: select student_status.id,student_status.basic_id, student_status.student_id, student_status.class_id from student_status,student_basic where student_status.basic_id=student_basic.id and student_basic.sex=? and student_status.class_id=? 
2019-08-22 22:49:15,026 DEBUG (BaseJdbcLogger.java:143)- ==> Parameters: 男(String), 130503201902(String)
