2019-08-22 18:38:32,476 DEBUG (BaseJdbcLogger.java:143)- ====> Parameters: 4(Integer)
2019-08-22 18:38:32,483 DEBUG (BaseJdbcLogger.java:143)- <====      Total: 1
2019-08-22 18:38:32,485 DEBUG (BaseJdbcLogger.java:143)- <==      Total: 2
2019-08-22 18:38:32,486 DEBUG (BaseJdbcLogger.java:143)- ==>  Preparing: select dormitory_allocation.id, dormitory_allocation.class_id, dormitory_allocation.dormitory_id,dormitory_allocation.number from dormitory_allocation,dormitory WHERE dormitory_allocation.dormitory_id=dormitory.id and dormitory_id = ? 
2019-08-22 18:38:32,488 DEBUG (BaseJdbcLogger.java:143)- ==> Parameters: 32(Integer)
2019-08-22 18:38:32,489 DEBUG (BaseJdbcLogger.java:143)- ====>  Preparing: select id, dong, floor, room, sex, number, rent from dormitory where id = ? 
2019-08-22 18:38:32,490 DEBUG (BaseJdbcLogger.java:143)- ====> Parameters: 32(Integer)
2019-08-22 18:38:32,491 DEBUG (BaseJdbcLogger.java:143)- <====      Total: 1
2019-08-22 18:38:32,494 DEBUG (BaseJdbcLogger.java:143)- <==      Total: 2
2019-08-22 18:38:32,495 DEBUG (BaseJdbcLogger.java:143)- ==>  Preparing: select dormitory_allocation.id, dormitory_allocation.class_id, dormitory_allocation.dormitory_id,dormitory_allocation.number from dormitory_allocation,dormitory WHERE dormitory_allocation.dormitory_id=dormitory.id and dormitory_id = ? 
2019-08-22 18:38:32,497 DEBUG (BaseJdbcLogger.java:143)- ==> Parameters: 37(Integer)
2019-08-22 18:38:32,500 DEBUG (BaseJdbcLogger.java:143)- ====>  Preparing: select id, dong, floor, room, sex, number, rent from dormitory where id = ? 
2019-08-22 18:38:32,501 DEBUG (BaseJdbcLogger.java:143)- ====> Parameters: 37(Integer)
2019-08-22 18:38:32,502 DEBUG (BaseJdbcLogger.java:143)- <====      Total: 1
2019-08-22 18:38:32,502 DEBUG (BaseJdbcLogger.java:143)- <==      Total: 2
2019-08-22 18:38:32,503 DEBUG (BaseJdbcLogger.java:143)- ==>  Preparing: select dormitory_allocation.id, dormitory_allocation.class_id, dormitory_allocation.dormitory_id,dormitory_allocation.number from dormitory_allocation,dormitory WHERE dormitory_allocation.dormitory_id=dormitory.id and dormitory_id = ? 
2019-08-22 18:38:32,504 DEBUG (BaseJdbcLogger.java:143)- ==> Parameters: 42(Integer)
2019-08-22 18:38:32,505 DEBUG (BaseJdbcLogger.java:143)- ====>  Preparing: select id, dong, floor, room, sex, number, rent from dormitory where id = ? 
2019-08-22 18:38:32,505 DEBUG (BaseJdbcLogger.java:143)- ====> Parameters: 42(Integer)
2019-08-22 18:38:32,506 DEBUG (BaseJdbcLogger.java:143)- <====      Total: 1
2019-08-22 18:38:32,507 DEBUG (BaseJdbcLogger.java:143)- <==      Total: 2
2019-08-22 18:38:32,508 DEBUG (BaseJdbcLogger.java:143)- ==>  Preparing: select dormitory_allocation.id, dormitory_allocation.class_id, dormitory_allocation.dormitory_id,dormitory_allocation.number from dormitory_allocation,dormitory WHERE dormitory_allocation.dormitory_id=dormitory.id and dormitory_id = ? 
2019-08-22 18:38:32,508 DEBUG (BaseJdbcLogger.java:143)- ==> Parameters: 47(Integer)
2019-08-22 18:38:32,510 DEBUG (BaseJdbcLogger.java:143)- ====>  Preparing: select id, dong, floor, room, sex, number, rent from dormitory where id = ? 
2019-08-22 18:38:32,511 DEBUG (BaseJdbcLogger.java:143)- ====> Parameters: 47(Integer)
2019-08-22 18:38:32,512 DEBUG (BaseJdbcLogger.java:143)- <====      Total: 1
2019-08-22 18:38:32,513 DEBUG (BaseJdbcLogger.java:143)- <==      Total: 2
2019-08-22 18:38:32,514 DEBUG (BaseJdbcLogger.java:143)- ==>  Preparing: select dormitory_allocation.id, dormitory_allocation.class_id, dormitory_allocation.dormitory_id,dormitory_allocation.number from dormitory_allocation,dormitory WHERE dormitory_allocation.dormitory_id=dormitory.id and dormitory_id = ? 
2019-08-22 18:38:32,515 DEBUG (BaseJdbcLogger.java:143)- ==> Parameters: 52(Integer)
2019-08-22 18:38:32,518 DEBUG (BaseJdbcLogger.java:143)- ====>  Preparing: select id, dong, floor, room, sex, number, rent from dormitory where id = ? 
2019-08-22 18:38:32,519 DEBUG (BaseJdbcLogger.java:143)- ====> Parameters: 52(Integer)
2019-08-22 18:38:32,521 DEBUG (BaseJdbcLogger.java:143)- <====      Total: 1
2019-08-22 18:38:32,523 DEBUG (BaseJdbcLogger.java:143)- <==      Total: 2
2019-08-22 18:38:32,523 DEBUG (BaseJdbcLogger.java:143)- ==>  Preparing: select dormitory_allocation.id, dormitory_allocation.class_id, dormitory_allocation.dormitory_id,dormitory_allocation.number from dormitory_allocation,dormitory WHERE dormitory_allocation.dormitory_id=dormitory.id and dormitory_id = ? 
2019-08-22 18:38:32,524 DEBUG (BaseJdbcLogger.java:143)- ==> Parameters: 73(Integer)
2019-08-22 18:38:32,526 DEBUG (BaseJdbcLogger.java:143)- ====>  Preparing: select id, dong, floor, room, sex, number, rent from dormitory where id = ? 
2019-08-22 18:38:32,526 DEBUG (BaseJdbcLogger.java:143)- ====> Parameters: 73(Integer)
2019-08-22 18:38:32,527 DEBUG (BaseJdbcLogger.java:143)- <====      Total: 1
2019-08-22 18:38:32,528 DEBUG (BaseJdbcLogger.java:143)- <==      Total: 2
2019-08-22 18:38:32,529 DEBUG (BaseJdbcLogger.java:143)- ==>  Preparing: select dormitory_allocation.id, dormitory_allocation.class_id, dormitory_allocation.dormitory_id,dormitory_allocation.number from dormitory_allocation,dormitory WHERE dormitory_allocation.dormitory_id=dormitory.id and dormitory_id = ? 
2019-08-22 18:38:32,529 DEBUG (BaseJdbcLogger.java:143)- ==> Parameters: 79(Integer)
2019-08-22 18:38:32,530 DEBUG (BaseJdbcLogger.java:143)- ====>  Preparing: select id, dong, floor, room, sex, number, rent from dormitory where id = ? 
2019-08-22 18:38:32,530 DEBUG (BaseJdbcLogger.java:143)- ====> Parameters: 79(Integer)
2019-08-22 18:38:32,532 DEBUG (BaseJdbcLogger.java:143)- <====      Total: 1
2019-08-22 18:38:32,532 DEBUG (BaseJdbcLogger.java:143)- <==      Total: 2
2019-08-22 18:38:32,533 DEBUG (BaseJdbcLogger.java:143)- ==>  Preparing: select dormitory_allocation.id, dormitory_allocation.class_id, dormitory_allocation.dormitory_id,dormitory_allocation.number from dormitory_allocation,dormitory WHERE dormitory_allocation.dormitory_id=dormitory.id and dormitory_id = ? 
2019-08-22 18:38:32,533 DEBUG (BaseJdbcLogger.java:143)- ==> Parameters: 105(Integer)
2019-08-22 18:38:32,534 DEBUG (BaseJdbcLogger.java:143)- ====>  Preparing: select id, dong, floor, room, sex, number, rent from dormitory where id = ? 
2019-08-22 18:38:32,535 DEBUG (BaseJdbcLogger.java:143)- ====> Parameters: 105(Integer)
2019-08-22 18:38:32,536 DEBUG (BaseJdbcLogger.java:143)- <====      Total: 1
2019-08-22 18:38:32,536 DEBUG (BaseJdbcLogger.java:143)- <==      Total: 2
2019-08-22 18:38:32,537 DEBUG (BaseJdbcLogger.java:143)- ==>  Preparing: SELECT a.* from dormitory_allocation as a ,dormitory as b where a.dormitory_id=b.id and a.number < b.number and b.sex=? and a.dormitory_id in ( SELECT dormitory_id from dormitory_allocation GROUP BY (dormitory_id) HAVING COUNT(dormitory_id) = 1 ) 
2019-08-22 18:38:32,537 DEBUG (BaseJdbcLogger.java:143)- ==> Parameters: 女(String)
2019-08-22 18:38:32,539 DEBUG (BaseJdbcLogger.java:143)- ====>  Preparing: select id, dong, floor, room, sex, number, rent from dormitory where id = ? 
2019-08-22 18:38:32,539 DEBUG (BaseJdbcLogger.java:143)- ====> Parameters: 495(Integer)
2019-08-22 18:38:32,540 DEBUG (BaseJdbcLogger.java:143)- <====      Total: 1
2019-08-22 18:38:32,541 DEBUG (BaseJdbcLogger.java:143)- ====>  Preparing: select id, dong, floor, room, sex, number, rent from dormitory where id = ? 
2019-08-22 18:38:32,541 DEBUG (BaseJdbcLogger.java:143)- ====> Parameters: 499(Integer)
2019-08-22 18:38:32,542 DEBUG (BaseJdbcLogger.java:143)- <====      Total: 1
2019-08-22 18:38:32,543 DEBUG (BaseJdbcLogger.java:143)- ====>  Preparing: select id, dong, floor, room, sex, number, rent from dormitory where id = ? 
2019-08-22 18:38:32,543 DEBUG (BaseJdbcLogger.java:143)- ====> Parameters: 508(Integer)
2019-08-22 18:38:32,544 DEBUG (BaseJdbcLogger.java:143)- <====      Total: 1
2019-08-22 18:38:32,544 DEBUG (BaseJdbcLogger.java:143)- ====>  Preparing: select id, dong, floor, room, sex, number, rent from dormitory where id = ? 
2019-08-22 18:38:32,544 DEBUG (BaseJdbcLogger.java:143)- ====> Parameters: 513(Integer)
