2019-09-23 05:09:04,423 DEBUG (BaseJdbcLogger.java:143)- <==    Updates: 50
2019-09-23 05:09:04,426 DEBUG (BaseJdbcLogger.java:143)- ==>  Preparing: update student_status SET student_id = ?, class_id = ? WHERE basic_id= ? ; update student_status SET student_id = ?, class_id = ? WHERE basic_id= ? ; update student_status SET student_id = ?, class_id = ? WHERE basic_id= ? ; update student_status SET student_id = ?, class_id = ? WHERE basic_id= ? ; update student_status SET student_id = ?, class_id = ? WHERE basic_id= ? ; update student_status SET student_id = ?, class_id = ? WHERE basic_id= ? ; update student_status SET student_id = ?, class_id = ? WHERE basic_id= ? ; update student_status SET student_id = ?, class_id = ? WHERE basic_id= ? ; update student_status SET student_id = ?, class_id = ? WHERE basic_id= ? ; update student_status SET student_id = ?, class_id = ? WHERE basic_id= ? ; update student_status SET student_id = ?, class_id = ? WHERE basic_id= ? ; update student_status SET student_id = ?, class_id = ? WHERE basic_id= ? ; update student_status SET student_id = ?, class_id = ? WHERE basic_id= ? ; update student_status SET student_id = ?, class_id = ? WHERE basic_id= ? ; update student_status SET student_id = ?, class_id = ? WHERE basic_id= ? ; update student_status SET student_id = ?, class_id = ? WHERE basic_id= ? ; update student_status SET student_id = ?, class_id = ? WHERE basic_id= ? ; update student_status SET student_id = ?, class_id = ? WHERE basic_id= ? ; update student_status SET student_id = ?, class_id = ? WHERE basic_id= ? ; update student_status SET student_id = ?, class_id = ? WHERE basic_id= ? ; update student_status SET student_id = ?, class_id = ? WHERE basic_id= ? ; update student_status SET student_id = ?, class_id = ? WHERE basic_id= ? ; update student_status SET student_id = ?, class_id = ? WHERE basic_id= ? ; update student_status SET student_id = ?, class_id = ? WHERE basic_id= ? ; update student_status SET student_id = ?, class_id = ? WHERE basic_id= ? ; update student_status SET student_id = ?, class_id = ? WHERE basic_id= ? ; update student_status SET student_id = ?, class_id = ? WHERE basic_id= ? ; update student_status SET student_id = ?, class_id = ? WHERE basic_id= ? ; update student_status SET student_id = ?, class_id = ? WHERE basic_id= ? ; update student_status SET student_id = ?, class_id = ? WHERE basic_id= ? ; update student_status SET student_id = ?, class_id = ? WHERE basic_id= ? ; update student_status SET student_id = ?, class_id = ? WHERE basic_id= ? ; update student_status SET student_id = ?, class_id = ? WHERE basic_id= ? ; update student_status SET student_id = ?, class_id = ? WHERE basic_id= ? ; update student_status SET student_id = ?, class_id = ? WHERE basic_id= ? ; update student_status SET student_id = ?, class_id = ? WHERE basic_id= ? ; update student_status SET student_id = ?, class_id = ? WHERE basic_id= ? ; update student_status SET student_id = ?, class_id = ? WHERE basic_id= ? ; update student_status SET student_id = ?, class_id = ? WHERE basic_id= ? ; update student_status SET student_id = ?, class_id = ? WHERE basic_id= ? ; update student_status SET student_id = ?, class_id = ? WHERE basic_id= ? ; update student_status SET student_id = ?, class_id = ? WHERE basic_id= ? ; update student_status SET student_id = ?, class_id = ? WHERE basic_id= ? ; update student_status SET student_id = ?, class_id = ? WHERE basic_id= ? ; update student_status SET student_id = ?, class_id = ? WHERE basic_id= ? ; update student_status SET student_id = ?, class_id = ? WHERE basic_id= ? ; update student_status SET student_id = ?, class_id = ? WHERE basic_id= ? ; update student_status SET student_id = ?, class_id = ? WHERE basic_id= ? ; update student_status SET student_id = ?, class_id = ? WHERE basic_id= ? ; update student_status SET student_id = ?, class_id = ? WHERE basic_id= ? 
2019-09-23 05:09:04,478 DEBUG (BaseJdbcLogger.java:143)- ==> Parameters: 19381603(String), 080205201903(String), 25704(Integer), 19381603(String), 080205201903(String), 25705(Integer), 19381603(String), 080205201903(String), 25709(Integer), 19381603(String), 080205201903(String), 25710(Integer), 19381603(String), 080205201903(String), 25712(Integer), 19381603(String), 080205201903(String), 25715(Integer), 19381603(String), 080205201903(String), 25716(Integer), 19381603(String), 080205201903(String), 25718(Integer), 19381603(String), 080205201903(String), 25723(Integer), 19381603(String), 080205201903(String), 25726(Integer), 19381603(String), 080205201903(String), 25728(Integer), 19381603(String), 080205201903(String), 25731(Integer), 19381603(String), 080205201903(String), 25732(Integer), 19381603(String), 080205201903(String), 25734(Integer), 19381603(String), 080205201903(String), 25737(Integer), 19381603(String), 080205201903(String), 25738(Integer), 19381603(String), 080205201903(String), 25739(Integer), 19381603(String), 080205201903(String), 25740(Integer), 19381603(String), 080205201903(String), 25743(Integer), 19381603(String), 080205201903(String), 25744(Integer), 19381603(String), 080205201903(String), 25746(Integer), 19381603(String), 080205201903(String), 25747(Integer), 19381603(String), 080205201903(String), 25748(Integer), 19381603(String), 080205201903(String), 25751(Integer), 19381603(String), 080205201903(String), 25752(Integer), 19381603(String), 080205201903(String), 25714(Integer), 19381603(String), 080205201903(String), 25717(Integer), 19381603(String), 080205201903(String), 25719(Integer), 19381603(String), 080205201903(String), 25720(Integer), 19381603(String), 080205201903(String), 25721(Integer), 19381603(String), 080205201903(String), 25722(Integer), 19381603(String), 080205201903(String), 25724(Integer), 19381603(String), 080205201903(String), 25725(Integer), 19381603(String), 080205201903(String), 25727(Integer), 19381603(String), 080205201903(String), 25729(Integer), 19381603(String), 080205201903(String), 25730(Integer), 19381603(String), 080205201903(String), 25733(Integer), 19381603(String), 080205201903(String), 25735(Integer), 19381603(String), 080205201903(String), 25736(Integer), 19381603(String), 080205201903(String), 25741(Integer), 19381603(String), 080205201903(String), 25742(Integer), 19381603(String), 080205201903(String), 25745(Integer), 19381603(String), 080205201903(String), 25749(Integer), 19381603(String), 080205201903(String), 25750(Integer), 19381603(String), 080205201903(String), 25753(Integer), 19381603(String), 080205201903(String), 25754(Integer), 19381603(String), 080205201903(String), 25756(Integer), 19381603(String), 080205201903(String), 25758(Integer), 19381603(String), 080205201903(String), 25759(Integer), 19381603(String), 080205201903(String), 25760(Integer)
2019-09-23 05:09:04,508 DEBUG (BaseJdbcLogger.java:143)- <==    Updates: 1
2019-09-23 05:09:04,509 DEBUG (BaseJdbcLogger.java:143)- ==>  Preparing: update student_basic set state = '1' where id in ( ? , ? , ? , ? , ? , ? , ? , ? , ? , ? , ? , ? , ? , ? , ? , ? , ? , ? , ? , ? , ? , ? , ? , ? , ? , ? , ? , ? , ? , ? , ? , ? , ? , ? , ? , ? , ? , ? , ? , ? , ? , ? , ? , ? , ? , ? , ? , ? , ? , ? ) 
2019-09-23 05:09:04,509 DEBUG (BaseJdbcLogger.java:143)- ==> Parameters: 25704(Integer), 25705(Integer), 25709(Integer), 25710(Integer), 25712(Integer), 25715(Integer), 25716(Integer), 25718(Integer), 25723(Integer), 25726(Integer), 25728(Integer), 25731(Integer), 25732(Integer), 25734(Integer), 25737(Integer), 25738(Integer), 25739(Integer), 25740(Integer), 25743(Integer), 25744(Integer), 25746(Integer), 25747(Integer), 25748(Integer), 25751(Integer), 25752(Integer), 25714(Integer), 25717(Integer), 25719(Integer), 25720(Integer), 25721(Integer), 25722(Integer), 25724(Integer), 25725(Integer), 25727(Integer), 25729(Integer), 25730(Integer), 25733(Integer), 25735(Integer), 25736(Integer), 25741(Integer), 25742(Integer), 25745(Integer), 25749(Integer), 25750(Integer), 25753(Integer), 25754(Integer), 25756(Integer), 25758(Integer), 25759(Integer), 25760(Integer)
2019-09-23 05:09:04,510 DEBUG (BaseJdbcLogger.java:143)- <==    Updates: 50
2019-09-23 05:09:04,513 DEBUG (BaseJdbcLogger.java:143)- ==>  Preparing: update student_status SET student_id = ?, class_id = ? WHERE basic_id= ? ; update student_status SET student_id = ?, class_id = ? WHERE basic_id= ? ; update student_status SET student_id = ?, class_id = ? WHERE basic_id= ? ; update student_status SET student_id = ?, class_id = ? WHERE basic_id= ? ; update student_status SET student_id = ?, class_id = ? WHERE basic_id= ? ; update student_status SET student_id = ?, class_id = ? WHERE basic_id= ? ; update student_status SET student_id = ?, class_id = ? WHERE basic_id= ? ; update student_status SET student_id = ?, class_id = ? WHERE basic_id= ? ; update student_status SET student_id = ?, class_id = ? WHERE basic_id= ? ; update student_status SET student_id = ?, class_id = ? WHERE basic_id= ? ; update student_status SET student_id = ?, class_id = ? WHERE basic_id= ? ; update student_status SET student_id = ?, class_id = ? WHERE basic_id= ? ; update student_status SET student_id = ?, class_id = ? WHERE basic_id= ? ; update student_status SET student_id = ?, class_id = ? WHERE basic_id= ? ; update student_status SET student_id = ?, class_id = ? WHERE basic_id= ? ; update student_status SET student_id = ?, class_id = ? WHERE basic_id= ? ; update student_status SET student_id = ?, class_id = ? WHERE basic_id= ? ; update student_status SET student_id = ?, class_id = ? WHERE basic_id= ? ; update student_status SET student_id = ?, class_id = ? WHERE basic_id= ? ; update student_status SET student_id = ?, class_id = ? WHERE basic_id= ? ; update student_status SET student_id = ?, class_id = ? WHERE basic_id= ? ; update student_status SET student_id = ?, class_id = ? WHERE basic_id= ? ; update student_status SET student_id = ?, class_id = ? WHERE basic_id= ? ; update student_status SET student_id = ?, class_id = ? WHERE basic_id= ? ; update student_status SET student_id = ?, class_id = ? WHERE basic_id= ? ; update student_status SET student_id = ?, class_id = ? WHERE basic_id= ? ; update student_status SET student_id = ?, class_id = ? WHERE basic_id= ? ; update student_status SET student_id = ?, class_id = ? WHERE basic_id= ? ; update student_status SET student_id = ?, class_id = ? WHERE basic_id= ? ; update student_status SET student_id = ?, class_id = ? WHERE basic_id= ? ; update student_status SET student_id = ?, class_id = ? WHERE basic_id= ? ; update student_status SET student_id = ?, class_id = ? WHERE basic_id= ? ; update student_status SET student_id = ?, class_id = ? WHERE basic_id= ? ; update student_status SET student_id = ?, class_id = ? WHERE basic_id= ? ; update student_status SET student_id = ?, class_id = ? WHERE basic_id= ? ; update student_status SET student_id = ?, class_id = ? WHERE basic_id= ? ; update student_status SET student_id = ?, class_id = ? WHERE basic_id= ? ; update student_status SET student_id = ?, class_id = ? WHERE basic_id= ? ; update student_status SET student_id = ?, class_id = ? WHERE basic_id= ? ; update student_status SET student_id = ?, class_id = ? WHERE basic_id= ? ; update student_status SET student_id = ?, class_id = ? WHERE basic_id= ? ; update student_status SET student_id = ?, class_id = ? WHERE basic_id= ? ; update student_status SET student_id = ?, class_id = ? WHERE basic_id= ? ; update student_status SET student_id = ?, class_id = ? WHERE basic_id= ? ; update student_status SET student_id = ?, class_id = ? WHERE basic_id= ? ; update student_status SET student_id = ?, class_id = ? WHERE basic_id= ? ; update student_status SET student_id = ?, class_id = ? WHERE basic_id= ? ; update student_status SET student_id = ?, class_id = ? WHERE basic_id= ? ; update student_status SET student_id = ?, class_id = ? WHERE basic_id= ? ; update student_status SET student_id = ?, class_id = ? WHERE basic_id= ? 
2019-09-23 05:09:04,514 DEBUG (BaseJdbcLogger.java:143)- ==> Parameters: 19381604(String), 080205201904(String), 25755(Integer), 19381604(String), 080205201904(String), 25757(Integer), 19381604(String), 080205201904(String), 25761(Integer), 19381604(String), 080205201904(String), 25762(Integer), 19381604(String), 080205201904(String), 25765(Integer), 19381604(String), 080205201904(String), 25766(Integer), 19381604(String), 080205201904(String), 25767(Integer), 19381604(String), 080205201904(String), 25772(Integer), 19381604(String), 080205201904(String), 25773(Integer), 19381604(String), 080205201904(String), 25774(Integer), 19381604(String), 080205201904(String), 25775(Integer), 19381604(String), 080205201904(String), 25778(Integer), 19381604(String), 080205201904(String), 25780(Integer), 19381604(String), 080205201904(String), 25782(Integer), 19381604(String), 080205201904(String), 25783(Integer), 19381604(String), 080205201904(String), 25789(Integer), 19381604(String), 080205201904(String), 25792(Integer), 19381604(String), 080205201904(String), 25793(Integer), 19381604(String), 080205201904(String), 25799(Integer), 19381604(String), 080205201904(String), 25800(Integer), 19381604(String), 080205201904(String), 25801(Integer), 19381604(String), 080205201904(String), 25802(Integer), 19381604(String), 080205201904(String), 25803(Integer), 19381604(String), 080205201904(String), 25805(Integer), 19381604(String), 080205201904(String), 25810(Integer), 19381604(String), 080205201904(String), 25763(Integer), 19381604(String), 080205201904(String), 25764(Integer), 19381604(String), 080205201904(String), 25768(Integer), 19381604(String), 080205201904(String), 25769(Integer), 19381604(String), 080205201904(String), 25770(Integer), 19381604(String), 080205201904(String), 25771(Integer), 19381604(String), 080205201904(String), 25776(Integer), 19381604(String), 080205201904(String), 25777(Integer), 19381604(String), 080205201904(String), 25779(Integer), 19381604(String), 080205201904(String), 25781(Integer), 19381604(String), 080205201904(String), 25784(Integer), 19381604(String), 080205201904(String), 25785(Integer), 19381604(String), 080205201904(String), 25786(Integer), 19381604(String), 080205201904(String), 25787(Integer), 19381604(String), 080205201904(String), 25788(Integer), 19381604(String), 080205201904(String), 25790(Integer), 19381604(String), 080205201904(String), 25791(Integer), 19381604(String), 080205201904(String), 25794(Integer), 19381604(String), 080205201904(String), 25795(Integer), 19381604(String), 080205201904(String), 25796(Integer), 19381604(String), 080205201904(String), 25797(Integer), 19381604(String), 080205201904(String), 25798(Integer), 19381604(String), 080205201904(String), 25804(Integer), 19381604(String), 080205201904(String), 25806(Integer), 19381604(String), 080205201904(String), 25807(Integer)
2019-09-23 05:09:04,543 DEBUG (BaseJdbcLogger.java:143)- <==    Updates: 1
2019-09-23 05:09:04,544 DEBUG (BaseJdbcLogger.java:143)- ==>  Preparing: update student_basic set state = '1' where id in ( ? , ? , ? , ? , ? , ? , ? , ? , ? , ? , ? , ? , ? , ? , ? , ? , ? , ? , ? , ? , ? , ? , ? , ? , ? , ? , ? , ? , ? , ? , ? , ? , ? , ? , ? , ? , ? , ? , ? , ? , ? , ? , ? , ? , ? , ? , ? , ? , ? , ? ) 
2019-09-23 05:09:04,544 DEBUG (BaseJdbcLogger.java:143)- ==> Parameters: 25755(Integer), 25757(Integer), 25761(Integer), 25762(Integer), 25765(Integer), 25766(Integer), 25767(Integer), 25772(Integer), 25773(Integer), 25774(Integer), 25775(Integer), 25778(Integer), 25780(Integer), 25782(Integer), 25783(Integer), 25789(Integer), 25792(Integer), 25793(Integer), 25799(Integer), 25800(Integer), 25801(Integer), 25802(Integer), 25803(Integer), 25805(Integer), 25810(Integer), 25763(Integer), 25764(Integer), 25768(Integer), 25769(Integer), 25770(Integer), 25771(Integer), 25776(Integer), 25777(Integer), 25779(Integer), 25781(Integer), 25784(Integer), 25785(Integer), 25786(Integer), 25787(Integer), 25788(Integer), 25790(Integer), 25791(Integer), 25794(Integer), 25795(Integer), 25796(Integer), 25797(Integer), 25798(Integer), 25804(Integer), 25806(Integer), 25807(Integer)
2019-09-23 05:09:04,545 DEBUG (BaseJdbcLogger.java:143)- <==    Updates: 50
2019-09-23 05:09:04,548 DEBUG (BaseJdbcLogger.java:143)- ==>  Preparing: update student_status SET student_id = ?, class_id = ? WHERE basic_id= ? ; update student_status SET student_id = ?, class_id = ? WHERE basic_id= ? ; update student_status SET student_id = ?, class_id = ? WHERE basic_id= ? ; update student_status SET student_id = ?, class_id = ? WHERE basic_id= ? ; update student_status SET student_id = ?, class_id = ? WHERE basic_id= ? ; update student_status SET student_id = ?, class_id = ? WHERE basic_id= ? ; update student_status SET student_id = ?, class_id = ? WHERE basic_id= ? ; update student_status SET student_id = ?, class_id = ? WHERE basic_id= ? ; update student_status SET student_id = ?, class_id = ? WHERE basic_id= ? ; update student_status SET student_id = ?, class_id = ? WHERE basic_id= ? ; update student_status SET student_id = ?, class_id = ? WHERE basic_id= ? ; update student_status SET student_id = ?, class_id = ? WHERE basic_id= ? ; update student_status SET student_id = ?, class_id = ? WHERE basic_id= ? ; update student_status SET student_id = ?, class_id = ? WHERE basic_id= ? ; update student_status SET student_id = ?, class_id = ? WHERE basic_id= ? ; update student_status SET student_id = ?, class_id = ? WHERE basic_id= ? ; update student_status SET student_id = ?, class_id = ? WHERE basic_id= ? ; update student_status SET student_id = ?, class_id = ? WHERE basic_id= ? ; update student_status SET student_id = ?, class_id = ? WHERE basic_id= ? ; update student_status SET student_id = ?, class_id = ? WHERE basic_id= ? ; update student_status SET student_id = ?, class_id = ? WHERE basic_id= ? ; update student_status SET student_id = ?, class_id = ? WHERE basic_id= ? ; update student_status SET student_id = ?, class_id = ? WHERE basic_id= ? ; update student_status SET student_id = ?, class_id = ? WHERE basic_id= ? ; update student_status SET student_id = ?, class_id = ? WHERE basic_id= ? ; update student_status SET student_id = ?, class_id = ? WHERE basic_id= ? ; update student_status SET student_id = ?, class_id = ? WHERE basic_id= ? ; update student_status SET student_id = ?, class_id = ? WHERE basic_id= ? ; update student_status SET student_id = ?, class_id = ? WHERE basic_id= ? ; update student_status SET student_id = ?, class_id = ? WHERE basic_id= ? ; update student_status SET student_id = ?, class_id = ? WHERE basic_id= ? ; update student_status SET student_id = ?, class_id = ? WHERE basic_id= ? ; update student_status SET student_id = ?, class_id = ? WHERE basic_id= ? ; update student_status SET student_id = ?, class_id = ? WHERE basic_id= ? ; update student_status SET student_id = ?, class_id = ? WHERE basic_id= ? ; update student_status SET student_id = ?, class_id = ? WHERE basic_id= ? ; update student_status SET student_id = ?, class_id = ? WHERE basic_id= ? ; update student_status SET student_id = ?, class_id = ? WHERE basic_id= ? ; update student_status SET student_id = ?, class_id = ? WHERE basic_id= ? ; update student_status SET student_id = ?, class_id = ? WHERE basic_id= ? ; update student_status SET student_id = ?, class_id = ? WHERE basic_id= ? ; update student_status SET student_id = ?, class_id = ? WHERE basic_id= ? ; update student_status SET student_id = ?, class_id = ? WHERE basic_id= ? ; update student_status SET student_id = ?, class_id = ? WHERE basic_id= ? ; update student_status SET student_id = ?, class_id = ? WHERE basic_id= ? ; update student_status SET student_id = ?, class_id = ? WHERE basic_id= ? ; update student_status SET student_id = ?, class_id = ? WHERE basic_id= ? ; update student_status SET student_id = ?, class_id = ? WHERE basic_id= ? ; update student_status SET student_id = ?, class_id = ? WHERE basic_id= ? 
2019-09-23 05:09:04,549 DEBUG (BaseJdbcLogger.java:143)- ==> Parameters: 19381605(String), 080205201905(String), 25812(Integer), 19381605(String), 080205201905(String), 25813(Integer), 19381605(String), 080205201905(String), 25814(Integer), 19381605(String), 080205201905(String), 25815(Integer), 19381605(String), 080205201905(String), 25817(Integer), 19381605(String), 080205201905(String), 25819(Integer), 19381605(String), 080205201905(String), 25820(Integer), 19381605(String), 080205201905(String), 25821(Integer), 19381605(String), 080205201905(String), 25822(Integer), 19381605(String), 080205201905(String), 25824(Integer), 19381605(String), 080205201905(String), 25825(Integer), 19381605(String), 080205201905(String), 25826(Integer), 19381605(String), 080205201905(String), 25827(Integer), 19381605(String), 080205201905(String), 25828(Integer), 19381605(String), 080205201905(String), 25835(Integer), 19381605(String), 080205201905(String), 25838(Integer), 19381605(String), 080205201905(String), 25839(Integer), 19381605(String), 080205201905(String), 25844(Integer), 19381605(String), 080205201905(String), 25845(Integer), 19381605(String), 080205201905(String), 25846(Integer), 19381605(String), 080205201905(String), 25848(Integer), 19381605(String), 080205201905(String), 25852(Integer), 19381605(String), 080205201905(String), 25855(Integer), 19381605(String), 080205201905(String), 25856(Integer), 19381605(String), 080205201905(String), 25808(Integer), 19381605(String), 080205201905(String), 25809(Integer), 19381605(String), 080205201905(String), 25811(Integer), 19381605(String), 080205201905(String), 25816(Integer), 19381605(String), 080205201905(String), 25818(Integer), 19381605(String), 080205201905(String), 25823(Integer), 19381605(String), 080205201905(String), 25829(Integer), 19381605(String), 080205201905(String), 25830(Integer), 19381605(String), 080205201905(String), 25831(Integer), 19381605(String), 080205201905(String), 25832(Integer), 19381605(String), 080205201905(String), 25833(Integer), 19381605(String), 080205201905(String), 25834(Integer), 19381605(String), 080205201905(String), 25836(Integer), 19381605(String), 080205201905(String), 25837(Integer), 19381605(String), 080205201905(String), 25840(Integer), 19381605(String), 080205201905(String), 25841(Integer), 19381605(String), 080205201905(String), 25842(Integer), 19381605(String), 080205201905(String), 25843(Integer), 19381605(String), 080205201905(String), 25847(Integer), 19381605(String), 080205201905(String), 25849(Integer), 19381605(String), 080205201905(String), 25850(Integer), 19381605(String), 080205201905(String), 25851(Integer), 19381605(String), 080205201905(String), 25853(Integer), 19381605(String), 080205201905(String), 25854(Integer), 19381605(String), 080205201905(String), 25857(Integer)
2019-09-23 05:09:04,577 DEBUG (BaseJdbcLogger.java:143)- <==    Updates: 1
2019-09-23 05:09:04,578 DEBUG (BaseJdbcLogger.java:143)- ==>  Preparing: update student_basic set state = '1' where id in ( ? , ? , ? , ? , ? , ? , ? , ? , ? , ? , ? , ? , ? , ? , ? , ? , ? , ? , ? , ? , ? , ? , ? , ? , ? , ? , ? , ? , ? , ? , ? , ? , ? , ? , ? , ? , ? , ? , ? , ? , ? , ? , ? , ? , ? , ? , ? , ? , ? ) 
2019-09-23 05:09:04,579 DEBUG (BaseJdbcLogger.java:143)- ==> Parameters: 25812(Integer), 25813(Integer), 25814(Integer), 25815(Integer), 25817(Integer), 25819(Integer), 25820(Integer), 25821(Integer), 25822(Integer), 25824(Integer), 25825(Integer), 25826(Integer), 25827(Integer), 25828(Integer), 25835(Integer), 25838(Integer), 25839(Integer), 25844(Integer), 25845(Integer), 25846(Integer), 25848(Integer), 25852(Integer), 25855(Integer), 25856(Integer), 25808(Integer), 25809(Integer), 25811(Integer), 25816(Integer), 25818(Integer), 25823(Integer), 25829(Integer), 25830(Integer), 25831(Integer), 25832(Integer), 25833(Integer), 25834(Integer), 25836(Integer), 25837(Integer), 25840(Integer), 25841(Integer), 25842(Integer), 25843(Integer), 25847(Integer), 25849(Integer), 25850(Integer), 25851(Integer), 25853(Integer), 25854(Integer), 25857(Integer)
2019-09-23 05:09:04,588 DEBUG (BaseJdbcLogger.java:143)- <==    Updates: 49
2019-09-23 05:09:04,588 DEBUG (BaseJdbcLogger.java:143)- ==>  Preparing: insert into class(class_id,name,grade,major_id) values (?, ?, ?, ?) , (?, ?, ?, ?) , (?, ?, ?, ?) , (?, ?, ?, ?) , (?, ?, ?, ?) 
2019-09-23 05:09:04,589 DEBUG (BaseJdbcLogger.java:143)- ==> Parameters: 080205201901(String), 1班(String), 2019级(String), 080205(String), 080205201902(String), 2班(String), 2019级(String), 080205(String), 080205201903(String), 3班(String), 2019级(String), 080205(String), 080205201904(String), 4班(String), 2019级(String), 080205(String), 080205201905(String), 5班(String), 2019级(String), 080205(String)
2019-09-23 05:09:04,589 DEBUG (BaseJdbcLogger.java:143)- <==    Updates: 5
2019-09-23 05:09:04,591 DEBUG (BaseJdbcLogger.java:143)- ==>  Preparing: select major_id from major where name=? limit 1 
2019-09-23 05:09:04,591 DEBUG (BaseJdbcLogger.java:143)- ==> Parameters: 环境设计(String)
2019-09-23 05:09:04,592 DEBUG (BaseJdbcLogger.java:143)- <==      Total: 1
2019-09-23 05:09:04,593 DEBUG (BaseJdbcLogger.java:143)- ==>  Preparing: select id, name, sex, birthday, phone, ID_number, email, parent_phone, adress, major, state from student_basic where sex=? and major=? and state='0' 
2019-09-23 05:09:04,593 DEBUG (BaseJdbcLogger.java:143)- ==> Parameters: 男(String), 环境设计(String)
2019-09-23 05:09:04,594 DEBUG (BaseJdbcLogger.java:143)- ====>  Preparing: select a.id, a.role_id, a.name from role as a,user_role as b where a.id=b.role_id and b.user_id=? 
2019-09-23 05:09:04,594 DEBUG (BaseJdbcLogger.java:143)- ====> Parameters: 25436(Integer)
2019-09-23 05:09:04,595 DEBUG (BaseJdbcLogger.java:143)- <====      Total: 0
2019-09-23 05:09:04,596 DEBUG (BaseJdbcLogger.java:143)- ====>  Preparing: select a.id, a.role_id, a.name from role as a,user_role as b where a.id=b.role_id and b.user_id=? 
2019-09-23 05:09:04,596 DEBUG (BaseJdbcLogger.java:143)- ====> Parameters: 25437(Integer)
2019-09-23 05:09:04,597 DEBUG (BaseJdbcLogger.java:143)- <====      Total: 0
2019-09-23 05:09:04,597 DEBUG (BaseJdbcLogger.java:143)- ====>  Preparing: select a.id, a.role_id, a.name from role as a,user_role as b where a.id=b.role_id and b.user_id=? 
2019-09-23 05:09:04,597 DEBUG (BaseJdbcLogger.java:143)- ====> Parameters: 25441(Integer)
2019-09-23 05:09:04,598 DEBUG (BaseJdbcLogger.java:143)- <====      Total: 0
2019-09-23 05:09:04,598 DEBUG (BaseJdbcLogger.java:143)- ====>  Preparing: select a.id, a.role_id, a.name from role as a,user_role as b where a.id=b.role_id and b.user_id=? 
2019-09-23 05:09:04,599 DEBUG (BaseJdbcLogger.java:143)- ====> Parameters: 25442(Integer)
2019-09-23 05:09:04,600 DEBUG (BaseJdbcLogger.java:143)- <====      Total: 0
2019-09-23 05:09:04,600 DEBUG (BaseJdbcLogger.java:143)- ====>  Preparing: select a.id, a.role_id, a.name from role as a,user_role as b where a.id=b.role_id and b.user_id=? 
2019-09-23 05:09:04,600 DEBUG (BaseJdbcLogger.java:143)- ====> Parameters: 25443(Integer)
2019-09-23 05:09:04,601 DEBUG (BaseJdbcLogger.java:143)- <====      Total: 0
2019-09-23 05:09:04,601 DEBUG (BaseJdbcLogger.java:143)- ====>  Preparing: select a.id, a.role_id, a.name from role as a,user_role as b where a.id=b.role_id and b.user_id=? 
2019-09-23 05:09:04,602 DEBUG (BaseJdbcLogger.java:143)- ====> Parameters: 25445(Integer)
2019-09-23 05:09:04,603 DEBUG (BaseJdbcLogger.java:143)- <====      Total: 0
2019-09-23 05:09:04,603 DEBUG (BaseJdbcLogger.java:143)- ====>  Preparing: select a.id, a.role_id, a.name from role as a,user_role as b where a.id=b.role_id and b.user_id=? 
2019-09-23 05:09:04,603 DEBUG (BaseJdbcLogger.java:143)- ====> Parameters: 25449(Integer)
2019-09-23 05:09:04,604 DEBUG (BaseJdbcLogger.java:143)- <====      Total: 0
2019-09-23 05:09:04,605 DEBUG (BaseJdbcLogger.java:143)- ====>  Preparing: select a.id, a.role_id, a.name from role as a,user_role as b where a.id=b.role_id and b.user_id=? 
2019-09-23 05:09:04,605 DEBUG (BaseJdbcLogger.java:143)- ====> Parameters: 25450(Integer)
2019-09-23 05:09:04,605 DEBUG (BaseJdbcLogger.java:143)- <====      Total: 0
2019-09-23 05:09:04,605 DEBUG (BaseJdbcLogger.java:143)- ====>  Preparing: select a.id, a.role_id, a.name from role as a,user_role as b where a.id=b.role_id and b.user_id=? 
2019-09-23 05:09:04,606 DEBUG (BaseJdbcLogger.java:143)- ====> Parameters: 25451(Integer)
2019-09-23 05:09:04,606 DEBUG (BaseJdbcLogger.java:143)- <====      Total: 0
2019-09-23 05:09:04,607 DEBUG (BaseJdbcLogger.java:143)- ====>  Preparing: select a.id, a.role_id, a.name from role as a,user_role as b where a.id=b.role_id and b.user_id=? 
2019-09-23 05:09:04,608 DEBUG (BaseJdbcLogger.java:143)- ====> Parameters: 25452(Integer)
2019-09-23 05:09:04,610 DEBUG (BaseJdbcLogger.java:143)- <====      Total: 0
2019-09-23 05:09:04,610 DEBUG (BaseJdbcLogger.java:143)- ====>  Preparing: select a.id, a.role_id, a.name from role as a,user_role as b where a.id=b.role_id and b.user_id=? 
2019-09-23 05:09:04,610 DEBUG (BaseJdbcLogger.java:143)- ====> Parameters: 25454(Integer)
2019-09-23 05:09:04,610 DEBUG (BaseJdbcLogger.java:143)- <====      Total: 0
2019-09-23 05:09:04,612 DEBUG (BaseJdbcLogger.java:143)- ====>  Preparing: select a.id, a.role_id, a.name from role as a,user_role as b where a.id=b.role_id and b.user_id=? 
2019-09-23 05:09:04,612 DEBUG (BaseJdbcLogger.java:143)- ====> Parameters: 25456(Integer)
2019-09-23 05:09:04,612 DEBUG (BaseJdbcLogger.java:143)- <====      Total: 0
2019-09-23 05:09:04,613 DEBUG (BaseJdbcLogger.java:143)- ====>  Preparing: select a.id, a.role_id, a.name from role as a,user_role as b where a.id=b.role_id and b.user_id=? 
2019-09-23 05:09:04,613 DEBUG (BaseJdbcLogger.java:143)- ====> Parameters: 25457(Integer)
2019-09-23 05:09:04,613 DEBUG (BaseJdbcLogger.java:143)- <====      Total: 0
2019-09-23 05:09:04,613 DEBUG (BaseJdbcLogger.java:143)- ====>  Preparing: select a.id, a.role_id, a.name from role as a,user_role as b where a.id=b.role_id and b.user_id=? 
2019-09-23 05:09:04,614 DEBUG (BaseJdbcLogger.java:143)- ====> Parameters: 25458(Integer)
2019-09-23 05:09:04,614 DEBUG (BaseJdbcLogger.java:143)- <====      Total: 0
2019-09-23 05:09:04,615 DEBUG (BaseJdbcLogger.java:143)- ====>  Preparing: select a.id, a.role_id, a.name from role as a,user_role as b where a.id=b.role_id and b.user_id=? 
2019-09-23 05:09:04,615 DEBUG (BaseJdbcLogger.java:143)- ====> Parameters: 25459(Integer)
2019-09-23 05:09:04,616 DEBUG (BaseJdbcLogger.java:143)- <====      Total: 0
2019-09-23 05:09:04,616 DEBUG (BaseJdbcLogger.java:143)- ====>  Preparing: select a.id, a.role_id, a.name from role as a,user_role as b where a.id=b.role_id and b.user_id=? 
2019-09-23 05:09:04,616 DEBUG (BaseJdbcLogger.java:143)- ====> Parameters: 25460(Integer)
2019-09-23 05:09:04,617 DEBUG (BaseJdbcLogger.java:143)- <====      Total: 0
2019-09-23 05:09:04,617 DEBUG (BaseJdbcLogger.java:143)- ====>  Preparing: select a.id, a.role_id, a.name from role as a,user_role as b where a.id=b.role_id and b.user_id=? 
2019-09-23 05:09:04,618 DEBUG (BaseJdbcLogger.java:143)- ====> Parameters: 25461(Integer)
2019-09-23 05:09:04,618 DEBUG (BaseJdbcLogger.java:143)- <====      Total: 0
2019-09-23 05:09:04,619 DEBUG (BaseJdbcLogger.java:143)- ====>  Preparing: select a.id, a.role_id, a.name from role as a,user_role as b where a.id=b.role_id and b.user_id=? 
2019-09-23 05:09:04,619 DEBUG (BaseJdbcLogger.java:143)- ====> Parameters: 25462(Integer)
2019-09-23 05:09:04,620 DEBUG (BaseJdbcLogger.java:143)- <====      Total: 0
2019-09-23 05:09:04,621 DEBUG (BaseJdbcLogger.java:143)- ====>  Preparing: select a.id, a.role_id, a.name from role as a,user_role as b where a.id=b.role_id and b.user_id=? 
2019-09-23 05:09:04,621 DEBUG (BaseJdbcLogger.java:143)- ====> Parameters: 25463(Integer)
2019-09-23 05:09:04,621 DEBUG (BaseJdbcLogger.java:143)- <====      Total: 0
2019-09-23 05:09:04,622 DEBUG (BaseJdbcLogger.java:143)- ====>  Preparing: select a.id, a.role_id, a.name from role as a,user_role as b where a.id=b.role_id and b.user_id=? 
2019-09-23 05:09:04,623 DEBUG (BaseJdbcLogger.java:143)- ====> Parameters: 25464(Integer)
2019-09-23 05:09:04,624 DEBUG (BaseJdbcLogger.java:143)- <====      Total: 0
2019-09-23 05:09:04,625 DEBUG (BaseJdbcLogger.java:143)- ====>  Preparing: select a.id, a.role_id, a.name from role as a,user_role as b where a.id=b.role_id and b.user_id=? 
2019-09-23 05:09:04,625 DEBUG (BaseJdbcLogger.java:143)- ====> Parameters: 25465(Integer)
2019-09-23 05:09:04,625 DEBUG (BaseJdbcLogger.java:143)- <====      Total: 0
2019-09-23 05:09:04,627 DEBUG (BaseJdbcLogger.java:143)- ====>  Preparing: select a.id, a.role_id, a.name from role as a,user_role as b where a.id=b.role_id and b.user_id=? 
2019-09-23 05:09:04,627 DEBUG (BaseJdbcLogger.java:143)- ====> Parameters: 25466(Integer)
2019-09-23 05:09:04,627 DEBUG (BaseJdbcLogger.java:143)- <====      Total: 0
2019-09-23 05:09:04,628 DEBUG (BaseJdbcLogger.java:143)- ====>  Preparing: select a.id, a.role_id, a.name from role as a,user_role as b where a.id=b.role_id and b.user_id=? 
2019-09-23 05:09:04,628 DEBUG (BaseJdbcLogger.java:143)- ====> Parameters: 25467(Integer)
2019-09-23 05:09:04,629 DEBUG (BaseJdbcLogger.java:143)- <====      Total: 0
2019-09-23 05:09:04,629 DEBUG (BaseJdbcLogger.java:143)- ====>  Preparing: select a.id, a.role_id, a.name from role as a,user_role as b where a.id=b.role_id and b.user_id=? 
2019-09-23 05:09:04,630 DEBUG (BaseJdbcLogger.java:143)- ====> Parameters: 25468(Integer)
2019-09-23 05:09:04,631 DEBUG (BaseJdbcLogger.java:143)- <====      Total: 0
2019-09-23 05:09:04,631 DEBUG (BaseJdbcLogger.java:143)- ====>  Preparing: select a.id, a.role_id, a.name from role as a,user_role as b where a.id=b.role_id and b.user_id=? 
2019-09-23 05:09:04,631 DEBUG (BaseJdbcLogger.java:143)- ====> Parameters: 25471(Integer)
2019-09-23 05:09:04,633 DEBUG (BaseJdbcLogger.java:143)- <====      Total: 0
2019-09-23 05:09:04,633 DEBUG (BaseJdbcLogger.java:143)- ====>  Preparing: select a.id, a.role_id, a.name from role as a,user_role as b where a.id=b.role_id and b.user_id=? 
2019-09-23 05:09:04,633 DEBUG (BaseJdbcLogger.java:143)- ====> Parameters: 25474(Integer)
2019-09-23 05:09:04,635 DEBUG (BaseJdbcLogger.java:143)- <====      Total: 0
2019-09-23 05:09:04,635 DEBUG (BaseJdbcLogger.java:143)- ====>  Preparing: select a.id, a.role_id, a.name from role as a,user_role as b where a.id=b.role_id and b.user_id=? 
2019-09-23 05:09:04,635 DEBUG (BaseJdbcLogger.java:143)- ====> Parameters: 25475(Integer)
2019-09-23 05:09:04,635 DEBUG (BaseJdbcLogger.java:143)- <====      Total: 0
2019-09-23 05:09:04,636 DEBUG (BaseJdbcLogger.java:143)- ====>  Preparing: select a.id, a.role_id, a.name from role as a,user_role as b where a.id=b.role_id and b.user_id=? 
2019-09-23 05:09:04,636 DEBUG (BaseJdbcLogger.java:143)- ====> Parameters: 25476(Integer)
2019-09-23 05:09:04,637 DEBUG (BaseJdbcLogger.java:143)- <====      Total: 0
2019-09-23 05:09:04,637 DEBUG (BaseJdbcLogger.java:143)- ====>  Preparing: select a.id, a.role_id, a.name from role as a,user_role as b where a.id=b.role_id and b.user_id=? 
2019-09-23 05:09:04,637 DEBUG (BaseJdbcLogger.java:143)- ====> Parameters: 25477(Integer)
2019-09-23 05:09:04,639 DEBUG (BaseJdbcLogger.java:143)- <====      Total: 0
2019-09-23 05:09:04,639 DEBUG (BaseJdbcLogger.java:143)- ====>  Preparing: select a.id, a.role_id, a.name from role as a,user_role as b where a.id=b.role_id and b.user_id=? 
2019-09-23 05:09:04,640 DEBUG (BaseJdbcLogger.java:143)- ====> Parameters: 25478(Integer)
2019-09-23 05:09:04,641 DEBUG (BaseJdbcLogger.java:143)- <====      Total: 0
2019-09-23 05:09:04,641 DEBUG (BaseJdbcLogger.java:143)- ====>  Preparing: select a.id, a.role_id, a.name from role as a,user_role as b where a.id=b.role_id and b.user_id=? 
2019-09-23 05:09:04,641 DEBUG (BaseJdbcLogger.java:143)- ====> Parameters: 25485(Integer)
2019-09-23 05:09:04,641 DEBUG (BaseJdbcLogger.java:143)- <====      Total: 0
2019-09-23 05:09:04,642 DEBUG (BaseJdbcLogger.java:143)- ====>  Preparing: select a.id, a.role_id, a.name from role as a,user_role as b where a.id=b.role_id and b.user_id=? 
2019-09-23 05:09:04,643 DEBUG (BaseJdbcLogger.java:143)- ====> Parameters: 25486(Integer)
2019-09-23 05:09:04,643 DEBUG (BaseJdbcLogger.java:143)- <====      Total: 0
2019-09-23 05:09:04,643 DEBUG (BaseJdbcLogger.java:143)- ====>  Preparing: select a.id, a.role_id, a.name from role as a,user_role as b where a.id=b.role_id and b.user_id=? 
2019-09-23 05:09:04,643 DEBUG (BaseJdbcLogger.java:143)- ====> Parameters: 25488(Integer)
2019-09-23 05:09:04,644 DEBUG (BaseJdbcLogger.java:143)- <====      Total: 0
2019-09-23 05:09:04,644 DEBUG (BaseJdbcLogger.java:143)- ====>  Preparing: select a.id, a.role_id, a.name from role as a,user_role as b where a.id=b.role_id and b.user_id=? 
2019-09-23 05:09:04,645 DEBUG (BaseJdbcLogger.java:143)- ====> Parameters: 25490(Integer)
2019-09-23 05:09:04,645 DEBUG (BaseJdbcLogger.java:143)- <====      Total: 0
2019-09-23 05:09:04,646 DEBUG (BaseJdbcLogger.java:143)- ====>  Preparing: select a.id, a.role_id, a.name from role as a,user_role as b where a.id=b.role_id and b.user_id=? 
2019-09-23 05:09:04,646 DEBUG (BaseJdbcLogger.java:143)- ====> Parameters: 25491(Integer)
2019-09-23 05:09:04,647 DEBUG (BaseJdbcLogger.java:143)- <====      Total: 0
2019-09-23 05:09:04,648 DEBUG (BaseJdbcLogger.java:143)- ====>  Preparing: select a.id, a.role_id, a.name from role as a,user_role as b where a.id=b.role_id and b.user_id=? 
2019-09-23 05:09:04,648 DEBUG (BaseJdbcLogger.java:143)- ====> Parameters: 25492(Integer)
2019-09-23 05:09:04,648 DEBUG (BaseJdbcLogger.java:143)- <====      Total: 0
2019-09-23 05:09:04,649 DEBUG (BaseJdbcLogger.java:143)- ====>  Preparing: select a.id, a.role_id, a.name from role as a,user_role as b where a.id=b.role_id and b.user_id=? 
2019-09-23 05:09:04,649 DEBUG (BaseJdbcLogger.java:143)- ====> Parameters: 25496(Integer)
2019-09-23 05:09:04,649 DEBUG (BaseJdbcLogger.java:143)- <====      Total: 0
2019-09-23 05:09:04,650 DEBUG (BaseJdbcLogger.java:143)- ====>  Preparing: select a.id, a.role_id, a.name from role as a,user_role as b where a.id=b.role_id and b.user_id=? 
2019-09-23 05:09:04,651 DEBUG (BaseJdbcLogger.java:143)- ====> Parameters: 25497(Integer)
2019-09-23 05:09:04,651 DEBUG (BaseJdbcLogger.java:143)- <====      Total: 0
2019-09-23 05:09:04,652 DEBUG (BaseJdbcLogger.java:143)- ====>  Preparing: select a.id, a.role_id, a.name from role as a,user_role as b where a.id=b.role_id and b.user_id=? 
2019-09-23 05:09:04,652 DEBUG (BaseJdbcLogger.java:143)- ====> Parameters: 25500(Integer)
2019-09-23 05:09:04,652 DEBUG (BaseJdbcLogger.java:143)- <====      Total: 0
2019-09-23 05:09:04,653 DEBUG (BaseJdbcLogger.java:143)- ====>  Preparing: select a.id, a.role_id, a.name from role as a,user_role as b where a.id=b.role_id and b.user_id=? 
2019-09-23 05:09:04,653 DEBUG (BaseJdbcLogger.java:143)- ====> Parameters: 25501(Integer)
2019-09-23 05:09:04,653 DEBUG (BaseJdbcLogger.java:143)- <====      Total: 0
2019-09-23 05:09:04,654 DEBUG (BaseJdbcLogger.java:143)- ====>  Preparing: select a.id, a.role_id, a.name from role as a,user_role as b where a.id=b.role_id and b.user_id=? 
2019-09-23 05:09:04,655 DEBUG (BaseJdbcLogger.java:143)- ====> Parameters: 25502(Integer)
2019-09-23 05:09:04,655 DEBUG (BaseJdbcLogger.java:143)- <====      Total: 0
2019-09-23 05:09:04,656 DEBUG (BaseJdbcLogger.java:143)- ====>  Preparing: select a.id, a.role_id, a.name from role as a,user_role as b where a.id=b.role_id and b.user_id=? 
2019-09-23 05:09:04,656 DEBUG (BaseJdbcLogger.java:143)- ====> Parameters: 25503(Integer)
2019-09-23 05:09:04,657 DEBUG (BaseJdbcLogger.java:143)- <====      Total: 0
2019-09-23 05:09:04,657 DEBUG (BaseJdbcLogger.java:143)- ====>  Preparing: select a.id, a.role_id, a.name from role as a,user_role as b where a.id=b.role_id and b.user_id=? 
2019-09-23 05:09:04,657 DEBUG (BaseJdbcLogger.java:143)- ====> Parameters: 25504(Integer)
2019-09-23 05:09:04,658 DEBUG (BaseJdbcLogger.java:143)- <====      Total: 0
2019-09-23 05:09:04,658 DEBUG (BaseJdbcLogger.java:143)- ====>  Preparing: select a.id, a.role_id, a.name from role as a,user_role as b where a.id=b.role_id and b.user_id=? 
2019-09-23 05:09:04,658 DEBUG (BaseJdbcLogger.java:143)- ====> Parameters: 25507(Integer)
2019-09-23 05:09:04,659 DEBUG (BaseJdbcLogger.java:143)- <====      Total: 0
2019-09-23 05:09:04,660 DEBUG (BaseJdbcLogger.java:143)- ====>  Preparing: select a.id, a.role_id, a.name from role as a,user_role as b where a.id=b.role_id and b.user_id=? 
2019-09-23 05:09:04,661 DEBUG (BaseJdbcLogger.java:143)- ====> Parameters: 25508(Integer)
2019-09-23 05:09:04,661 DEBUG (BaseJdbcLogger.java:143)- <====      Total: 0
2019-09-23 05:09:04,662 DEBUG (BaseJdbcLogger.java:143)- ====>  Preparing: select a.id, a.role_id, a.name from role as a,user_role as b where a.id=b.role_id and b.user_id=? 
2019-09-23 05:09:04,662 DEBUG (BaseJdbcLogger.java:143)- ====> Parameters: 25509(Integer)
2019-09-23 05:09:04,662 DEBUG (BaseJdbcLogger.java:143)- <====      Total: 0
2019-09-23 05:09:04,663 DEBUG (BaseJdbcLogger.java:143)- ====>  Preparing: select a.id, a.role_id, a.name from role as a,user_role as b where a.id=b.role_id and b.user_id=? 
2019-09-23 05:09:04,663 DEBUG (BaseJdbcLogger.java:143)- ====> Parameters: 25510(Integer)
2019-09-23 05:09:04,664 DEBUG (BaseJdbcLogger.java:143)- <====      Total: 0
2019-09-23 05:09:04,664 DEBUG (BaseJdbcLogger.java:143)- ====>  Preparing: select a.id, a.role_id, a.name from role as a,user_role as b where a.id=b.role_id and b.user_id=? 
2019-09-23 05:09:04,664 DEBUG (BaseJdbcLogger.java:143)- ====> Parameters: 25512(Integer)
2019-09-23 05:09:04,664 DEBUG (BaseJdbcLogger.java:143)- <====      Total: 0
2019-09-23 05:09:04,666 DEBUG (BaseJdbcLogger.java:143)- ====>  Preparing: select a.id, a.role_id, a.name from role as a,user_role as b where a.id=b.role_id and b.user_id=? 
2019-09-23 05:09:04,666 DEBUG (BaseJdbcLogger.java:143)- ====> Parameters: 25515(Integer)
2019-09-23 05:09:04,666 DEBUG (BaseJdbcLogger.java:143)- <====      Total: 0
2019-09-23 05:09:04,666 DEBUG (BaseJdbcLogger.java:143)- ====>  Preparing: select a.id, a.role_id, a.name from role as a,user_role as b where a.id=b.role_id and b.user_id=? 
2019-09-23 05:09:04,666 DEBUG (BaseJdbcLogger.java:143)- ====> Parameters: 25518(Integer)
2019-09-23 05:09:04,667 DEBUG (BaseJdbcLogger.java:143)- <====      Total: 0
2019-09-23 05:09:04,667 DEBUG (BaseJdbcLogger.java:143)- ====>  Preparing: select a.id, a.role_id, a.name from role as a,user_role as b where a.id=b.role_id and b.user_id=? 
2019-09-23 05:09:04,667 DEBUG (BaseJdbcLogger.java:143)- ====> Parameters: 25519(Integer)
2019-09-23 05:09:04,668 DEBUG (BaseJdbcLogger.java:143)- <====      Total: 0
2019-09-23 05:09:04,669 DEBUG (BaseJdbcLogger.java:143)- ====>  Preparing: select a.id, a.role_id, a.name from role as a,user_role as b where a.id=b.role_id and b.user_id=? 
2019-09-23 05:09:04,670 DEBUG (BaseJdbcLogger.java:143)- ====> Parameters: 25520(Integer)
2019-09-23 05:09:04,671 DEBUG (BaseJdbcLogger.java:143)- <====      Total: 0
2019-09-23 05:09:04,671 DEBUG (BaseJdbcLogger.java:143)- ====>  Preparing: select a.id, a.role_id, a.name from role as a,user_role as b where a.id=b.role_id and b.user_id=? 
2019-09-23 05:09:04,671 DEBUG (BaseJdbcLogger.java:143)- ====> Parameters: 25521(Integer)
2019-09-23 05:09:04,673 DEBUG (BaseJdbcLogger.java:143)- <====      Total: 0
2019-09-23 05:09:04,673 DEBUG (BaseJdbcLogger.java:143)- ====>  Preparing: select a.id, a.role_id, a.name from role as a,user_role as b where a.id=b.role_id and b.user_id=? 
2019-09-23 05:09:04,673 DEBUG (BaseJdbcLogger.java:143)- ====> Parameters: 25524(Integer)
2019-09-23 05:09:04,674 DEBUG (BaseJdbcLogger.java:143)- <====      Total: 0
2019-09-23 05:09:04,674 DEBUG (BaseJdbcLogger.java:143)- ====>  Preparing: select a.id, a.role_id, a.name from role as a,user_role as b where a.id=b.role_id and b.user_id=? 
2019-09-23 05:09:04,674 DEBUG (BaseJdbcLogger.java:143)- ====> Parameters: 25525(Integer)
2019-09-23 05:09:04,675 DEBUG (BaseJdbcLogger.java:143)- <====      Total: 0
2019-09-23 05:09:04,676 DEBUG (BaseJdbcLogger.java:143)- ====>  Preparing: select a.id, a.role_id, a.name from role as a,user_role as b where a.id=b.role_id and b.user_id=? 
2019-09-23 05:09:04,676 DEBUG (BaseJdbcLogger.java:143)- ====> Parameters: 25526(Integer)
2019-09-23 05:09:04,676 DEBUG (BaseJdbcLogger.java:143)- <====      Total: 0
2019-09-23 05:09:04,677 DEBUG (BaseJdbcLogger.java:143)- ====>  Preparing: select a.id, a.role_id, a.name from role as a,user_role as b where a.id=b.role_id and b.user_id=? 
2019-09-23 05:09:04,677 DEBUG (BaseJdbcLogger.java:143)- ====> Parameters: 25527(Integer)
2019-09-23 05:09:04,678 DEBUG (BaseJdbcLogger.java:143)- <====      Total: 0
2019-09-23 05:09:04,678 DEBUG (BaseJdbcLogger.java:143)- ====>  Preparing: select a.id, a.role_id, a.name from role as a,user_role as b where a.id=b.role_id and b.user_id=? 
2019-09-23 05:09:04,678 DEBUG (BaseJdbcLogger.java:143)- ====> Parameters: 25532(Integer)
2019-09-23 05:09:04,679 DEBUG (BaseJdbcLogger.java:143)- <====      Total: 0
2019-09-23 05:09:04,679 DEBUG (BaseJdbcLogger.java:143)- ====>  Preparing: select a.id, a.role_id, a.name from role as a,user_role as b where a.id=b.role_id and b.user_id=? 
2019-09-23 05:09:04,680 DEBUG (BaseJdbcLogger.java:143)- ====> Parameters: 25536(Integer)
2019-09-23 05:09:04,680 DEBUG (BaseJdbcLogger.java:143)- <====      Total: 0
2019-09-23 05:09:04,681 DEBUG (BaseJdbcLogger.java:143)- ====>  Preparing: select a.id, a.role_id, a.name from role as a,user_role as b where a.id=b.role_id and b.user_id=? 
2019-09-23 05:09:04,681 DEBUG (BaseJdbcLogger.java:143)- ====> Parameters: 25541(Integer)
2019-09-23 05:09:04,682 DEBUG (BaseJdbcLogger.java:143)- <====      Total: 0
2019-09-23 05:09:04,684 DEBUG (BaseJdbcLogger.java:143)- ====>  Preparing: select a.id, a.role_id, a.name from role as a,user_role as b where a.id=b.role_id and b.user_id=? 
2019-09-23 05:09:04,684 DEBUG (BaseJdbcLogger.java:143)- ====> Parameters: 25542(Integer)
2019-09-23 05:09:04,686 DEBUG (BaseJdbcLogger.java:143)- <====      Total: 0
2019-09-23 05:09:04,686 DEBUG (BaseJdbcLogger.java:143)- ====>  Preparing: select a.id, a.role_id, a.name from role as a,user_role as b where a.id=b.role_id and b.user_id=? 
2019-09-23 05:09:04,686 DEBUG (BaseJdbcLogger.java:143)- ====> Parameters: 25543(Integer)
2019-09-23 05:09:04,687 DEBUG (BaseJdbcLogger.java:143)- <====      Total: 0
2019-09-23 05:09:04,689 DEBUG (BaseJdbcLogger.java:143)- ====>  Preparing: select a.id, a.role_id, a.name from role as a,user_role as b where a.id=b.role_id and b.user_id=? 
2019-09-23 05:09:04,689 DEBUG (BaseJdbcLogger.java:143)- ====> Parameters: 25544(Integer)
2019-09-23 05:09:04,690 DEBUG (BaseJdbcLogger.java:143)- <====      Total: 0
2019-09-23 05:09:04,690 DEBUG (BaseJdbcLogger.java:143)- ====>  Preparing: select a.id, a.role_id, a.name from role as a,user_role as b where a.id=b.role_id and b.user_id=? 
2019-09-23 05:09:04,690 DEBUG (BaseJdbcLogger.java:143)- ====> Parameters: 25545(Integer)
2019-09-23 05:09:04,691 DEBUG (BaseJdbcLogger.java:143)- <====      Total: 0
2019-09-23 05:09:04,691 DEBUG (BaseJdbcLogger.java:143)- ====>  Preparing: select a.id, a.role_id, a.name from role as a,user_role as b where a.id=b.role_id and b.user_id=? 
2019-09-23 05:09:04,692 DEBUG (BaseJdbcLogger.java:143)- ====> Parameters: 25546(Integer)
2019-09-23 05:09:04,692 DEBUG (BaseJdbcLogger.java:143)- <====      Total: 0
2019-09-23 05:09:04,693 DEBUG (BaseJdbcLogger.java:143)- ====>  Preparing: select a.id, a.role_id, a.name from role as a,user_role as b where a.id=b.role_id and b.user_id=? 
2019-09-23 05:09:04,693 DEBUG (BaseJdbcLogger.java:143)- ====> Parameters: 25547(Integer)
2019-09-23 05:09:04,694 DEBUG (BaseJdbcLogger.java:143)- <====      Total: 0
2019-09-23 05:09:04,694 DEBUG (BaseJdbcLogger.java:143)- ====>  Preparing: select a.id, a.role_id, a.name from role as a,user_role as b where a.id=b.role_id and b.user_id=? 
2019-09-23 05:09:04,694 DEBUG (BaseJdbcLogger.java:143)- ====> Parameters: 25548(Integer)
2019-09-23 05:09:04,695 DEBUG (BaseJdbcLogger.java:143)- <====      Total: 0
2019-09-23 05:09:04,695 DEBUG (BaseJdbcLogger.java:143)- ====>  Preparing: select a.id, a.role_id, a.name from role as a,user_role as b where a.id=b.role_id and b.user_id=? 
2019-09-23 05:09:04,695 DEBUG (BaseJdbcLogger.java:143)- ====> Parameters: 25549(Integer)
2019-09-23 05:09:04,697 DEBUG (BaseJdbcLogger.java:143)- <====      Total: 0
2019-09-23 05:09:04,698 DEBUG (BaseJdbcLogger.java:143)- ====>  Preparing: select a.id, a.role_id, a.name from role as a,user_role as b where a.id=b.role_id and b.user_id=? 
2019-09-23 05:09:04,698 DEBUG (BaseJdbcLogger.java:143)- ====> Parameters: 25552(Integer)
2019-09-23 05:09:04,698 DEBUG (BaseJdbcLogger.java:143)- <====      Total: 0
2019-09-23 05:09:04,698 DEBUG (BaseJdbcLogger.java:143)- ====>  Preparing: select a.id, a.role_id, a.name from role as a,user_role as b where a.id=b.role_id and b.user_id=? 
2019-09-23 05:09:04,698 DEBUG (BaseJdbcLogger.java:143)- ====> Parameters: 25553(Integer)
2019-09-23 05:09:04,699 DEBUG (BaseJdbcLogger.java:143)- <====      Total: 0
2019-09-23 05:09:04,700 DEBUG (BaseJdbcLogger.java:143)- ====>  Preparing: select a.id, a.role_id, a.name from role as a,user_role as b where a.id=b.role_id and b.user_id=? 
2019-09-23 05:09:04,700 DEBUG (BaseJdbcLogger.java:143)- ====> Parameters: 25554(Integer)
2019-09-23 05:09:04,701 DEBUG (BaseJdbcLogger.java:143)- <====      Total: 0
2019-09-23 05:09:04,701 DEBUG (BaseJdbcLogger.java:143)- ====>  Preparing: select a.id, a.role_id, a.name from role as a,user_role as b where a.id=b.role_id and b.user_id=? 
2019-09-23 05:09:04,701 DEBUG (BaseJdbcLogger.java:143)- ====> Parameters: 25555(Integer)
2019-09-23 05:09:04,703 DEBUG (BaseJdbcLogger.java:143)- <====      Total: 0
2019-09-23 05:09:04,703 DEBUG (BaseJdbcLogger.java:143)- ====>  Preparing: select a.id, a.role_id, a.name from role as a,user_role as b where a.id=b.role_id and b.user_id=? 
2019-09-23 05:09:04,703 DEBUG (BaseJdbcLogger.java:143)- ====> Parameters: 25558(Integer)
2019-09-23 05:09:04,704 DEBUG (BaseJdbcLogger.java:143)- <====      Total: 0
2019-09-23 05:09:04,705 DEBUG (BaseJdbcLogger.java:143)- ====>  Preparing: select a.id, a.role_id, a.name from role as a,user_role as b where a.id=b.role_id and b.user_id=? 
2019-09-23 05:09:04,705 DEBUG (BaseJdbcLogger.java:143)- ====> Parameters: 25559(Integer)
2019-09-23 05:09:04,706 DEBUG (BaseJdbcLogger.java:143)- <====      Total: 0
2019-09-23 05:09:04,707 DEBUG (BaseJdbcLogger.java:143)- ====>  Preparing: select a.id, a.role_id, a.name from role as a,user_role as b where a.id=b.role_id and b.user_id=? 
2019-09-23 05:09:04,707 DEBUG (BaseJdbcLogger.java:143)- ====> Parameters: 25561(Integer)
2019-09-23 05:09:04,708 DEBUG (BaseJdbcLogger.java:143)- <====      Total: 0
2019-09-23 05:09:04,708 DEBUG (BaseJdbcLogger.java:143)- ====>  Preparing: select a.id, a.role_id, a.name from role as a,user_role as b where a.id=b.role_id and b.user_id=? 
2019-09-23 05:09:04,708 DEBUG (BaseJdbcLogger.java:143)- ====> Parameters: 25562(Integer)
2019-09-23 05:09:04,710 DEBUG (BaseJdbcLogger.java:143)- <====      Total: 0
2019-09-23 05:09:04,710 DEBUG (BaseJdbcLogger.java:143)- ====>  Preparing: select a.id, a.role_id, a.name from role as a,user_role as b where a.id=b.role_id and b.user_id=? 
