2019-10-27 19:15:37,059 DEBUG (BaseJdbcLogger.java:143)- ====>  Preparing: select id, name, sex, birthday, phone, ID_number, email, parent_phone, adress, major, state from student_basic where id = ? 
2019-10-27 19:15:37,061 DEBUG (BaseJdbcLogger.java:143)- ====> Parameters: 28327(String)
2019-10-27 19:15:37,062 DEBUG (BaseJdbcLogger.java:143)- <====      Total: 1
2019-10-27 19:15:37,063 DEBUG (BaseJdbcLogger.java:143)- ====>  Preparing: select id, name, sex, birthday, phone, ID_number, email, parent_phone, adress, major, state from student_basic where id = ? 
2019-10-27 19:15:37,063 DEBUG (BaseJdbcLogger.java:143)- ====> Parameters: 28331(String)
2019-10-27 19:15:37,064 DEBUG (BaseJdbcLogger.java:143)- <====      Total: 1
2019-10-27 19:15:37,065 DEBUG (BaseJdbcLogger.java:143)- ====>  Preparing: select id, name, sex, birthday, phone, ID_number, email, parent_phone, adress, major, state from student_basic where id = ? 
2019-10-27 19:15:37,065 DEBUG (BaseJdbcLogger.java:143)- ====> Parameters: 28332(String)
2019-10-27 19:15:37,066 DEBUG (BaseJdbcLogger.java:143)- <====      Total: 1
2019-10-27 19:15:37,067 DEBUG (BaseJdbcLogger.java:143)- ====>  Preparing: select id, name, sex, birthday, phone, ID_number, email, parent_phone, adress, major, state from student_basic where id = ? 
2019-10-27 19:15:37,068 DEBUG (BaseJdbcLogger.java:143)- ====> Parameters: 28334(String)
2019-10-27 19:15:37,069 DEBUG (BaseJdbcLogger.java:143)- <====      Total: 1
2019-10-27 19:15:37,070 DEBUG (BaseJdbcLogger.java:143)- <==      Total: 14
2019-10-27 19:15:37,070 DEBUG (BaseJdbcLogger.java:143)- ==>  Preparing: select dormitory_allocation.id, dormitory_allocation.class_id, dormitory_allocation.dormitory_id,dormitory_allocation.number from dormitory_allocation,dormitory WHERE dormitory_allocation.dormitory_id=dormitory.id and dormitory.sex=? and class_id = ? 
2019-10-27 19:15:37,071 DEBUG (BaseJdbcLogger.java:143)- ==> Parameters: 男(String), 080702201903(String)
2019-10-27 19:15:37,072 DEBUG (BaseJdbcLogger.java:143)- <==      Total: 0
2019-10-27 19:15:37,073 DEBUG (BaseJdbcLogger.java:143)- ==>  Preparing: select dormitory_allocation.id, dormitory_allocation.class_id, dormitory_allocation.dormitory_id,dormitory_allocation.number from dormitory_allocation,dormitory WHERE dormitory_allocation.dormitory_id=dormitory.id and dormitory.sex=? and class_id = ? 
2019-10-27 19:15:37,073 DEBUG (BaseJdbcLogger.java:143)- ==> Parameters: 女(String), 080702201903(String)
2019-10-27 19:15:37,074 DEBUG (BaseJdbcLogger.java:143)- <==      Total: 0
2019-10-27 19:15:37,075 DEBUG (BaseJdbcLogger.java:143)- ==>  Preparing: select id,class_id,name,director,grade,major_id from class where major_id = ? 
2019-10-27 19:15:37,075 DEBUG (BaseJdbcLogger.java:143)- ==> Parameters: 080901(String)
2019-10-27 19:15:37,077 DEBUG (BaseJdbcLogger.java:143)- <==      Total: 4
2019-10-27 19:15:37,077 DEBUG (BaseJdbcLogger.java:143)- ==>  Preparing: select student_status.id,student_status.basic_id, student_status.student_id, student_status.class_id from student_status,student_basic where student_status.basic_id=student_basic.id and student_basic.sex=? and student_status.class_id=? 
2019-10-27 19:15:37,077 DEBUG (BaseJdbcLogger.java:143)- ==> Parameters: 男(String), 080901201901(String)
2019-10-27 19:15:37,079 DEBUG (BaseJdbcLogger.java:143)- ====>  Preparing: select id, name, sex, birthday, phone, ID_number, email, parent_phone, adress, major, state from student_basic where id = ? 
2019-10-27 19:15:37,080 DEBUG (BaseJdbcLogger.java:143)- ====> Parameters: 27858(String)
2019-10-27 19:15:37,081 DEBUG (BaseJdbcLogger.java:143)- <====      Total: 1
2019-10-27 19:15:37,081 DEBUG (BaseJdbcLogger.java:143)- ====>  Preparing: select id, class_id, name, director, grade, major_id from class WHERE class_id = ? 
2019-10-27 19:15:37,082 DEBUG (BaseJdbcLogger.java:143)- ====> Parameters: 080901201901(String)
2019-10-27 19:15:37,083 DEBUG (BaseJdbcLogger.java:143)- ======>  Preparing: select id, major_id, name, price, department_id from major where major_id = ? 
2019-10-27 19:15:37,083 DEBUG (BaseJdbcLogger.java:143)- ======> Parameters: 080901(String)
2019-10-27 19:15:37,084 DEBUG (BaseJdbcLogger.java:143)- <======      Total: 1
2019-10-27 19:15:37,085 DEBUG (BaseJdbcLogger.java:143)- <====      Total: 1
2019-10-27 19:15:37,085 DEBUG (BaseJdbcLogger.java:143)- ====>  Preparing: select id, name, sex, birthday, phone, ID_number, email, parent_phone, adress, major, state from student_basic where id = ? 
2019-10-27 19:15:37,085 DEBUG (BaseJdbcLogger.java:143)- ====> Parameters: 27859(String)
2019-10-27 19:15:37,086 DEBUG (BaseJdbcLogger.java:143)- <====      Total: 1
2019-10-27 19:15:37,086 DEBUG (BaseJdbcLogger.java:143)- ====>  Preparing: select id, name, sex, birthday, phone, ID_number, email, parent_phone, adress, major, state from student_basic where id = ? 
2019-10-27 19:15:37,087 DEBUG (BaseJdbcLogger.java:143)- ====> Parameters: 27862(String)
2019-10-27 19:15:37,088 DEBUG (BaseJdbcLogger.java:143)- <====      Total: 1
2019-10-27 19:15:37,089 DEBUG (BaseJdbcLogger.java:143)- ====>  Preparing: select id, name, sex, birthday, phone, ID_number, email, parent_phone, adress, major, state from student_basic where id = ? 
2019-10-27 19:15:37,090 DEBUG (BaseJdbcLogger.java:143)- ====> Parameters: 27863(String)
2019-10-27 19:15:37,091 DEBUG (BaseJdbcLogger.java:143)- <====      Total: 1
2019-10-27 19:15:37,092 DEBUG (BaseJdbcLogger.java:143)- ====>  Preparing: select id, name, sex, birthday, phone, ID_number, email, parent_phone, adress, major, state from student_basic where id = ? 
2019-10-27 19:15:37,093 DEBUG (BaseJdbcLogger.java:143)- ====> Parameters: 27865(String)
2019-10-27 19:15:37,094 DEBUG (BaseJdbcLogger.java:143)- <====      Total: 1
2019-10-27 19:15:37,094 DEBUG (BaseJdbcLogger.java:143)- ====>  Preparing: select id, name, sex, birthday, phone, ID_number, email, parent_phone, adress, major, state from student_basic where id = ? 
2019-10-27 19:15:37,095 DEBUG (BaseJdbcLogger.java:143)- ====> Parameters: 27868(String)
2019-10-27 19:15:37,096 DEBUG (BaseJdbcLogger.java:143)- <====      Total: 1
2019-10-27 19:15:37,096 DEBUG (BaseJdbcLogger.java:143)- ====>  Preparing: select id, name, sex, birthday, phone, ID_number, email, parent_phone, adress, major, state from student_basic where id = ? 
2019-10-27 19:15:37,096 DEBUG (BaseJdbcLogger.java:143)- ====> Parameters: 27872(String)
2019-10-27 19:15:37,097 DEBUG (BaseJdbcLogger.java:143)- <====      Total: 1
2019-10-27 19:15:37,098 DEBUG (BaseJdbcLogger.java:143)- ====>  Preparing: select id, name, sex, birthday, phone, ID_number, email, parent_phone, adress, major, state from student_basic where id = ? 
2019-10-27 19:15:37,098 DEBUG (BaseJdbcLogger.java:143)- ====> Parameters: 27875(String)
2019-10-27 19:15:37,099 DEBUG (BaseJdbcLogger.java:143)- <====      Total: 1
2019-10-27 19:15:37,100 DEBUG (BaseJdbcLogger.java:143)- ====>  Preparing: select id, name, sex, birthday, phone, ID_number, email, parent_phone, adress, major, state from student_basic where id = ? 
2019-10-27 19:15:37,100 DEBUG (BaseJdbcLogger.java:143)- ====> Parameters: 27877(String)
2019-10-27 19:15:37,100 DEBUG (BaseJdbcLogger.java:143)- <====      Total: 1
2019-10-27 19:15:37,100 DEBUG (BaseJdbcLogger.java:143)- ====>  Preparing: select id, name, sex, birthday, phone, ID_number, email, parent_phone, adress, major, state from student_basic where id = ? 
2019-10-27 19:15:37,101 DEBUG (BaseJdbcLogger.java:143)- ====> Parameters: 27878(String)
2019-10-27 19:15:37,102 DEBUG (BaseJdbcLogger.java:143)- <====      Total: 1
2019-10-27 19:15:37,102 DEBUG (BaseJdbcLogger.java:143)- ====>  Preparing: select id, name, sex, birthday, phone, ID_number, email, parent_phone, adress, major, state from student_basic where id = ? 
2019-10-27 19:15:37,103 DEBUG (BaseJdbcLogger.java:143)- ====> Parameters: 27880(String)
2019-10-27 19:15:37,104 DEBUG (BaseJdbcLogger.java:143)- <====      Total: 1
2019-10-27 19:15:37,104 DEBUG (BaseJdbcLogger.java:143)- ====>  Preparing: select id, name, sex, birthday, phone, ID_number, email, parent_phone, adress, major, state from student_basic where id = ? 
2019-10-27 19:15:37,105 DEBUG (BaseJdbcLogger.java:143)- ====> Parameters: 27883(String)
2019-10-27 19:15:37,106 DEBUG (BaseJdbcLogger.java:143)- <====      Total: 1
2019-10-27 19:15:37,106 DEBUG (BaseJdbcLogger.java:143)- ====>  Preparing: select id, name, sex, birthday, phone, ID_number, email, parent_phone, adress, major, state from student_basic where id = ? 
2019-10-27 19:15:37,107 DEBUG (BaseJdbcLogger.java:143)- ====> Parameters: 27885(String)
2019-10-27 19:15:37,108 DEBUG (BaseJdbcLogger.java:143)- <====      Total: 1
2019-10-27 19:15:37,108 DEBUG (BaseJdbcLogger.java:143)- ====>  Preparing: select id, name, sex, birthday, phone, ID_number, email, parent_phone, adress, major, state from student_basic where id = ? 
2019-10-27 19:15:37,108 DEBUG (BaseJdbcLogger.java:143)- ====> Parameters: 27887(String)
2019-10-27 19:15:37,109 DEBUG (BaseJdbcLogger.java:143)- <====      Total: 1
2019-10-27 19:15:37,109 DEBUG (BaseJdbcLogger.java:143)- ====>  Preparing: select id, name, sex, birthday, phone, ID_number, email, parent_phone, adress, major, state from student_basic where id = ? 
2019-10-27 19:15:37,110 DEBUG (BaseJdbcLogger.java:143)- ====> Parameters: 27889(String)
2019-10-27 19:15:37,111 DEBUG (BaseJdbcLogger.java:143)- <====      Total: 1
2019-10-27 19:15:37,111 DEBUG (BaseJdbcLogger.java:143)- ====>  Preparing: select id, name, sex, birthday, phone, ID_number, email, parent_phone, adress, major, state from student_basic where id = ? 
2019-10-27 19:15:37,112 DEBUG (BaseJdbcLogger.java:143)- ====> Parameters: 27891(String)
2019-10-27 19:15:37,112 DEBUG (BaseJdbcLogger.java:143)- <====      Total: 1
2019-10-27 19:15:37,113 DEBUG (BaseJdbcLogger.java:143)- ====>  Preparing: select id, name, sex, birthday, phone, ID_number, email, parent_phone, adress, major, state from student_basic where id = ? 
2019-10-27 19:15:37,113 DEBUG (BaseJdbcLogger.java:143)- ====> Parameters: 27892(String)
2019-10-27 19:15:37,114 DEBUG (BaseJdbcLogger.java:143)- <====      Total: 1
2019-10-27 19:15:37,115 DEBUG (BaseJdbcLogger.java:143)- ====>  Preparing: select id, name, sex, birthday, phone, ID_number, email, parent_phone, adress, major, state from student_basic where id = ? 
2019-10-27 19:15:37,115 DEBUG (BaseJdbcLogger.java:143)- ====> Parameters: 27893(String)
2019-10-27 19:15:37,116 DEBUG (BaseJdbcLogger.java:143)- <====      Total: 1
2019-10-27 19:15:37,116 DEBUG (BaseJdbcLogger.java:143)- ====>  Preparing: select id, name, sex, birthday, phone, ID_number, email, parent_phone, adress, major, state from student_basic where id = ? 
2019-10-27 19:15:37,116 DEBUG (BaseJdbcLogger.java:143)- ====> Parameters: 27895(String)
2019-10-27 19:15:37,118 DEBUG (BaseJdbcLogger.java:143)- <====      Total: 1
2019-10-27 19:15:37,118 DEBUG (BaseJdbcLogger.java:143)- ====>  Preparing: select id, name, sex, birthday, phone, ID_number, email, parent_phone, adress, major, state from student_basic where id = ? 
2019-10-27 19:15:37,118 DEBUG (BaseJdbcLogger.java:143)- ====> Parameters: 27898(String)
2019-10-27 19:15:37,119 DEBUG (BaseJdbcLogger.java:143)- <====      Total: 1
2019-10-27 19:15:37,120 DEBUG (BaseJdbcLogger.java:143)- ====>  Preparing: select id, name, sex, birthday, phone, ID_number, email, parent_phone, adress, major, state from student_basic where id = ? 
2019-10-27 19:15:37,120 DEBUG (BaseJdbcLogger.java:143)- ====> Parameters: 27899(String)
2019-10-27 19:15:37,121 DEBUG (BaseJdbcLogger.java:143)- <====      Total: 1
2019-10-27 19:15:37,122 DEBUG (BaseJdbcLogger.java:143)- ====>  Preparing: select id, name, sex, birthday, phone, ID_number, email, parent_phone, adress, major, state from student_basic where id = ? 
2019-10-27 19:15:37,122 DEBUG (BaseJdbcLogger.java:143)- ====> Parameters: 27900(String)
2019-10-27 19:15:37,123 DEBUG (BaseJdbcLogger.java:143)- <====      Total: 1
2019-10-27 19:15:37,123 DEBUG (BaseJdbcLogger.java:143)- <==      Total: 22
2019-10-27 19:15:37,124 DEBUG (BaseJdbcLogger.java:143)- ==>  Preparing: select student_status.id,student_status.basic_id, student_status.student_id, student_status.class_id from student_status,student_basic where student_status.basic_id=student_basic.id and student_basic.sex=? and student_status.class_id=? 
2019-10-27 19:15:37,124 DEBUG (BaseJdbcLogger.java:143)- ==> Parameters: 女(String), 080901201901(String)
2019-10-27 19:15:37,126 DEBUG (BaseJdbcLogger.java:143)- ====>  Preparing: select id, name, sex, birthday, phone, ID_number, email, parent_phone, adress, major, state from student_basic where id = ? 
2019-10-27 19:15:37,127 DEBUG (BaseJdbcLogger.java:143)- ====> Parameters: 27860(String)
2019-10-27 19:15:37,128 DEBUG (BaseJdbcLogger.java:143)- <====      Total: 1
2019-10-27 19:15:37,128 DEBUG (BaseJdbcLogger.java:143)- ====>  Preparing: select id, name, sex, birthday, phone, ID_number, email, parent_phone, adress, major, state from student_basic where id = ? 
2019-10-27 19:15:37,129 DEBUG (BaseJdbcLogger.java:143)- ====> Parameters: 27861(String)
2019-10-27 19:15:37,131 DEBUG (BaseJdbcLogger.java:143)- <====      Total: 1
2019-10-27 19:15:37,131 DEBUG (BaseJdbcLogger.java:143)- ====>  Preparing: select id, name, sex, birthday, phone, ID_number, email, parent_phone, adress, major, state from student_basic where id = ? 
2019-10-27 19:15:37,132 DEBUG (BaseJdbcLogger.java:143)- ====> Parameters: 27864(String)
2019-10-27 19:15:37,133 DEBUG (BaseJdbcLogger.java:143)- <====      Total: 1
2019-10-27 19:15:37,134 DEBUG (BaseJdbcLogger.java:143)- ====>  Preparing: select id, name, sex, birthday, phone, ID_number, email, parent_phone, adress, major, state from student_basic where id = ? 
2019-10-27 19:15:37,135 DEBUG (BaseJdbcLogger.java:143)- ====> Parameters: 27866(String)
2019-10-27 19:15:37,136 DEBUG (BaseJdbcLogger.java:143)- <====      Total: 1
2019-10-27 19:15:37,137 DEBUG (BaseJdbcLogger.java:143)- ====>  Preparing: select id, name, sex, birthday, phone, ID_number, email, parent_phone, adress, major, state from student_basic where id = ? 
2019-10-27 19:15:37,138 DEBUG (BaseJdbcLogger.java:143)- ====> Parameters: 27867(String)
2019-10-27 19:15:37,139 DEBUG (BaseJdbcLogger.java:143)- <====      Total: 1
2019-10-27 19:15:37,140 DEBUG (BaseJdbcLogger.java:143)- ====>  Preparing: select id, name, sex, birthday, phone, ID_number, email, parent_phone, adress, major, state from student_basic where id = ? 
2019-10-27 19:15:37,140 DEBUG (BaseJdbcLogger.java:143)- ====> Parameters: 27869(String)
2019-10-27 19:15:37,142 DEBUG (BaseJdbcLogger.java:143)- <====      Total: 1
2019-10-27 19:15:37,142 DEBUG (BaseJdbcLogger.java:143)- ====>  Preparing: select id, name, sex, birthday, phone, ID_number, email, parent_phone, adress, major, state from student_basic where id = ? 
2019-10-27 19:15:37,142 DEBUG (BaseJdbcLogger.java:143)- ====> Parameters: 27870(String)
2019-10-27 19:15:37,143 DEBUG (BaseJdbcLogger.java:143)- <====      Total: 1
2019-10-27 19:15:37,144 DEBUG (BaseJdbcLogger.java:143)- ====>  Preparing: select id, name, sex, birthday, phone, ID_number, email, parent_phone, adress, major, state from student_basic where id = ? 
2019-10-27 19:15:37,145 DEBUG (BaseJdbcLogger.java:143)- ====> Parameters: 27871(String)
2019-10-27 19:15:37,145 DEBUG (BaseJdbcLogger.java:143)- <====      Total: 1
2019-10-27 19:15:37,145 DEBUG (BaseJdbcLogger.java:143)- ====>  Preparing: select id, name, sex, birthday, phone, ID_number, email, parent_phone, adress, major, state from student_basic where id = ? 
2019-10-27 19:15:37,146 DEBUG (BaseJdbcLogger.java:143)- ====> Parameters: 27873(String)
2019-10-27 19:15:37,147 DEBUG (BaseJdbcLogger.java:143)- <====      Total: 1
2019-10-27 19:15:37,148 DEBUG (BaseJdbcLogger.java:143)- ====>  Preparing: select id, name, sex, birthday, phone, ID_number, email, parent_phone, adress, major, state from student_basic where id = ? 
2019-10-27 19:15:37,148 DEBUG (BaseJdbcLogger.java:143)- ====> Parameters: 27874(String)
2019-10-27 19:15:37,148 DEBUG (BaseJdbcLogger.java:143)- <====      Total: 1
2019-10-27 19:15:37,149 DEBUG (BaseJdbcLogger.java:143)- ====>  Preparing: select id, name, sex, birthday, phone, ID_number, email, parent_phone, adress, major, state from student_basic where id = ? 
2019-10-27 19:15:37,150 DEBUG (BaseJdbcLogger.java:143)- ====> Parameters: 27876(String)
2019-10-27 19:15:37,151 DEBUG (BaseJdbcLogger.java:143)- <====      Total: 1
2019-10-27 19:15:37,152 DEBUG (BaseJdbcLogger.java:143)- ====>  Preparing: select id, name, sex, birthday, phone, ID_number, email, parent_phone, adress, major, state from student_basic where id = ? 
2019-10-27 19:15:37,152 DEBUG (BaseJdbcLogger.java:143)- ====> Parameters: 27879(String)
2019-10-27 19:15:37,153 DEBUG (BaseJdbcLogger.java:143)- <====      Total: 1
2019-10-27 19:15:37,153 DEBUG (BaseJdbcLogger.java:143)- ====>  Preparing: select id, name, sex, birthday, phone, ID_number, email, parent_phone, adress, major, state from student_basic where id = ? 
2019-10-27 19:15:37,154 DEBUG (BaseJdbcLogger.java:143)- ====> Parameters: 27881(String)
2019-10-27 19:15:37,154 DEBUG (BaseJdbcLogger.java:143)- <====      Total: 1
2019-10-27 19:15:37,155 DEBUG (BaseJdbcLogger.java:143)- ====>  Preparing: select id, name, sex, birthday, phone, ID_number, email, parent_phone, adress, major, state from student_basic where id = ? 
2019-10-27 19:15:37,156 DEBUG (BaseJdbcLogger.java:143)- ====> Parameters: 27882(String)
2019-10-27 19:15:37,156 DEBUG (BaseJdbcLogger.java:143)- <====      Total: 1
2019-10-27 19:15:37,157 DEBUG (BaseJdbcLogger.java:143)- ====>  Preparing: select id, name, sex, birthday, phone, ID_number, email, parent_phone, adress, major, state from student_basic where id = ? 
2019-10-27 19:15:37,157 DEBUG (BaseJdbcLogger.java:143)- ====> Parameters: 27884(String)
2019-10-27 19:15:37,158 DEBUG (BaseJdbcLogger.java:143)- <====      Total: 1
2019-10-27 19:15:37,158 DEBUG (BaseJdbcLogger.java:143)- ====>  Preparing: select id, name, sex, birthday, phone, ID_number, email, parent_phone, adress, major, state from student_basic where id = ? 
2019-10-27 19:15:37,159 DEBUG (BaseJdbcLogger.java:143)- ====> Parameters: 27886(String)
2019-10-27 19:15:37,160 DEBUG (BaseJdbcLogger.java:143)- <====      Total: 1
2019-10-27 19:15:37,160 DEBUG (BaseJdbcLogger.java:143)- ====>  Preparing: select id, name, sex, birthday, phone, ID_number, email, parent_phone, adress, major, state from student_basic where id = ? 
2019-10-27 19:15:37,161 DEBUG (BaseJdbcLogger.java:143)- ====> Parameters: 27888(String)
2019-10-27 19:15:37,162 DEBUG (BaseJdbcLogger.java:143)- <====      Total: 1
2019-10-27 19:15:37,162 DEBUG (BaseJdbcLogger.java:143)- ====>  Preparing: select id, name, sex, birthday, phone, ID_number, email, parent_phone, adress, major, state from student_basic where id = ? 
2019-10-27 19:15:37,162 DEBUG (BaseJdbcLogger.java:143)- ====> Parameters: 27890(String)
2019-10-27 19:15:37,164 DEBUG (BaseJdbcLogger.java:143)- <====      Total: 1
2019-10-27 19:15:37,164 DEBUG (BaseJdbcLogger.java:143)- <==      Total: 18
2019-10-27 19:15:37,164 DEBUG (BaseJdbcLogger.java:143)- ==>  Preparing: select dormitory_allocation.id, dormitory_allocation.class_id, dormitory_allocation.dormitory_id,dormitory_allocation.number from dormitory_allocation,dormitory WHERE dormitory_allocation.dormitory_id=dormitory.id and dormitory.sex=? and class_id = ? 
2019-10-27 19:15:37,164 DEBUG (BaseJdbcLogger.java:143)- ==> Parameters: 男(String), 080901201901(String)
2019-10-27 19:15:37,165 DEBUG (BaseJdbcLogger.java:143)- <==      Total: 0
2019-10-27 19:15:37,166 DEBUG (BaseJdbcLogger.java:143)- ==>  Preparing: select dormitory_allocation.id, dormitory_allocation.class_id, dormitory_allocation.dormitory_id,dormitory_allocation.number from dormitory_allocation,dormitory WHERE dormitory_allocation.dormitory_id=dormitory.id and dormitory.sex=? and class_id = ? 
2019-10-27 19:15:37,166 DEBUG (BaseJdbcLogger.java:143)- ==> Parameters: 女(String), 080901201901(String)
2019-10-27 19:15:37,167 DEBUG (BaseJdbcLogger.java:143)- <==      Total: 0
2019-10-27 19:15:37,168 DEBUG (BaseJdbcLogger.java:143)- ==>  Preparing: select student_status.id,student_status.basic_id, student_status.student_id, student_status.class_id from student_status,student_basic where student_status.basic_id=student_basic.id and student_basic.sex=? and student_status.class_id=? 
2019-10-27 19:15:37,168 DEBUG (BaseJdbcLogger.java:143)- ==> Parameters: 男(String), 080901201902(String)
2019-10-27 19:15:37,169 DEBUG (BaseJdbcLogger.java:143)- ====>  Preparing: select id, name, sex, birthday, phone, ID_number, email, parent_phone, adress, major, state from student_basic where id = ? 
2019-10-27 19:15:37,171 DEBUG (BaseJdbcLogger.java:143)- ====> Parameters: 27902(String)
2019-10-27 19:15:37,171 DEBUG (BaseJdbcLogger.java:143)- <====      Total: 1
2019-10-27 19:15:37,172 DEBUG (BaseJdbcLogger.java:143)- ====>  Preparing: select id, class_id, name, director, grade, major_id from class WHERE class_id = ? 
2019-10-27 19:15:37,172 DEBUG (BaseJdbcLogger.java:143)- ====> Parameters: 080901201902(String)
2019-10-27 19:15:37,181 DEBUG (BaseJdbcLogger.java:143)- <====      Total: 1
2019-10-27 19:15:37,182 DEBUG (BaseJdbcLogger.java:143)- ====>  Preparing: select id, name, sex, birthday, phone, ID_number, email, parent_phone, adress, major, state from student_basic where id = ? 
2019-10-27 19:15:37,183 DEBUG (BaseJdbcLogger.java:143)- ====> Parameters: 27903(String)
2019-10-27 19:15:37,184 DEBUG (BaseJdbcLogger.java:143)- <====      Total: 1
2019-10-27 19:15:37,184 DEBUG (BaseJdbcLogger.java:143)- ====>  Preparing: select id, name, sex, birthday, phone, ID_number, email, parent_phone, adress, major, state from student_basic where id = ? 
2019-10-27 19:15:37,184 DEBUG (BaseJdbcLogger.java:143)- ====> Parameters: 27904(String)
2019-10-27 19:15:37,185 DEBUG (BaseJdbcLogger.java:143)- <====      Total: 1
2019-10-27 19:15:37,186 DEBUG (BaseJdbcLogger.java:143)- ====>  Preparing: select id, name, sex, birthday, phone, ID_number, email, parent_phone, adress, major, state from student_basic where id = ? 
2019-10-27 19:15:37,186 DEBUG (BaseJdbcLogger.java:143)- ====> Parameters: 27907(String)
2019-10-27 19:15:37,188 DEBUG (BaseJdbcLogger.java:143)- <====      Total: 1
2019-10-27 19:15:37,188 DEBUG (BaseJdbcLogger.java:143)- ====>  Preparing: select id, name, sex, birthday, phone, ID_number, email, parent_phone, adress, major, state from student_basic where id = ? 
2019-10-27 19:15:37,188 DEBUG (BaseJdbcLogger.java:143)- ====> Parameters: 27909(String)
2019-10-27 19:15:37,189 DEBUG (BaseJdbcLogger.java:143)- <====      Total: 1
2019-10-27 19:15:37,190 DEBUG (BaseJdbcLogger.java:143)- ====>  Preparing: select id, name, sex, birthday, phone, ID_number, email, parent_phone, adress, major, state from student_basic where id = ? 
2019-10-27 19:15:37,190 DEBUG (BaseJdbcLogger.java:143)- ====> Parameters: 27911(String)
2019-10-27 19:15:37,190 DEBUG (BaseJdbcLogger.java:143)- <====      Total: 1
2019-10-27 19:15:37,192 DEBUG (BaseJdbcLogger.java:143)- ====>  Preparing: select id, name, sex, birthday, phone, ID_number, email, parent_phone, adress, major, state from student_basic where id = ? 
2019-10-27 19:15:37,192 DEBUG (BaseJdbcLogger.java:143)- ====> Parameters: 27912(String)
2019-10-27 19:15:37,193 DEBUG (BaseJdbcLogger.java:143)- <====      Total: 1
2019-10-27 19:15:37,193 DEBUG (BaseJdbcLogger.java:143)- ====>  Preparing: select id, name, sex, birthday, phone, ID_number, email, parent_phone, adress, major, state from student_basic where id = ? 
2019-10-27 19:15:37,193 DEBUG (BaseJdbcLogger.java:143)- ====> Parameters: 27914(String)
2019-10-27 19:15:37,194 DEBUG (BaseJdbcLogger.java:143)- <====      Total: 1
2019-10-27 19:15:37,194 DEBUG (BaseJdbcLogger.java:143)- ====>  Preparing: select id, name, sex, birthday, phone, ID_number, email, parent_phone, adress, major, state from student_basic where id = ? 
2019-10-27 19:15:37,195 DEBUG (BaseJdbcLogger.java:143)- ====> Parameters: 27915(String)
2019-10-27 19:15:37,195 DEBUG (BaseJdbcLogger.java:143)- <====      Total: 1
2019-10-27 19:15:37,196 DEBUG (BaseJdbcLogger.java:143)- ====>  Preparing: select id, name, sex, birthday, phone, ID_number, email, parent_phone, adress, major, state from student_basic where id = ? 
2019-10-27 19:15:37,196 DEBUG (BaseJdbcLogger.java:143)- ====> Parameters: 27916(String)
2019-10-27 19:15:37,198 DEBUG (BaseJdbcLogger.java:143)- <====      Total: 1
2019-10-27 19:15:37,198 DEBUG (BaseJdbcLogger.java:143)- ====>  Preparing: select id, name, sex, birthday, phone, ID_number, email, parent_phone, adress, major, state from student_basic where id = ? 
2019-10-27 19:15:37,198 DEBUG (BaseJdbcLogger.java:143)- ====> Parameters: 27918(String)
2019-10-27 19:15:37,199 DEBUG (BaseJdbcLogger.java:143)- <====      Total: 1
2019-10-27 19:15:37,200 DEBUG (BaseJdbcLogger.java:143)- ====>  Preparing: select id, name, sex, birthday, phone, ID_number, email, parent_phone, adress, major, state from student_basic where id = ? 
2019-10-27 19:15:37,200 DEBUG (BaseJdbcLogger.java:143)- ====> Parameters: 27921(String)
2019-10-27 19:15:37,201 DEBUG (BaseJdbcLogger.java:143)- <====      Total: 1
2019-10-27 19:15:37,201 DEBUG (BaseJdbcLogger.java:143)- ====>  Preparing: select id, name, sex, birthday, phone, ID_number, email, parent_phone, adress, major, state from student_basic where id = ? 
2019-10-27 19:15:37,202 DEBUG (BaseJdbcLogger.java:143)- ====> Parameters: 27923(String)
2019-10-27 19:15:37,202 DEBUG (BaseJdbcLogger.java:143)- <====      Total: 1
2019-10-27 19:15:37,202 DEBUG (BaseJdbcLogger.java:143)- ====>  Preparing: select id, name, sex, birthday, phone, ID_number, email, parent_phone, adress, major, state from student_basic where id = ? 
2019-10-27 19:15:37,203 DEBUG (BaseJdbcLogger.java:143)- ====> Parameters: 27927(String)
2019-10-27 19:15:37,204 DEBUG (BaseJdbcLogger.java:143)- <====      Total: 1
2019-10-27 19:15:37,205 DEBUG (BaseJdbcLogger.java:143)- ====>  Preparing: select id, name, sex, birthday, phone, ID_number, email, parent_phone, adress, major, state from student_basic where id = ? 
2019-10-27 19:15:37,205 DEBUG (BaseJdbcLogger.java:143)- ====> Parameters: 27928(String)
2019-10-27 19:15:37,205 DEBUG (BaseJdbcLogger.java:143)- <====      Total: 1
2019-10-27 19:15:37,206 DEBUG (BaseJdbcLogger.java:143)- ====>  Preparing: select id, name, sex, birthday, phone, ID_number, email, parent_phone, adress, major, state from student_basic where id = ? 
2019-10-27 19:15:37,206 DEBUG (BaseJdbcLogger.java:143)- ====> Parameters: 27929(String)
2019-10-27 19:15:37,207 DEBUG (BaseJdbcLogger.java:143)- <====      Total: 1
2019-10-27 19:15:37,207 DEBUG (BaseJdbcLogger.java:143)- ====>  Preparing: select id, name, sex, birthday, phone, ID_number, email, parent_phone, adress, major, state from student_basic where id = ? 
2019-10-27 19:15:37,207 DEBUG (BaseJdbcLogger.java:143)- ====> Parameters: 27930(String)
2019-10-27 19:15:37,208 DEBUG (BaseJdbcLogger.java:143)- <====      Total: 1
2019-10-27 19:15:37,209 DEBUG (BaseJdbcLogger.java:143)- ====>  Preparing: select id, name, sex, birthday, phone, ID_number, email, parent_phone, adress, major, state from student_basic where id = ? 
2019-10-27 19:15:37,209 DEBUG (BaseJdbcLogger.java:143)- ====> Parameters: 27933(String)
2019-10-27 19:15:37,210 DEBUG (BaseJdbcLogger.java:143)- <====      Total: 1
2019-10-27 19:15:37,210 DEBUG (BaseJdbcLogger.java:143)- ====>  Preparing: select id, name, sex, birthday, phone, ID_number, email, parent_phone, adress, major, state from student_basic where id = ? 
2019-10-27 19:15:37,210 DEBUG (BaseJdbcLogger.java:143)- ====> Parameters: 27937(String)
2019-10-27 19:15:37,211 DEBUG (BaseJdbcLogger.java:143)- <====      Total: 1
2019-10-27 19:15:37,211 DEBUG (BaseJdbcLogger.java:143)- ====>  Preparing: select id, name, sex, birthday, phone, ID_number, email, parent_phone, adress, major, state from student_basic where id = ? 
2019-10-27 19:15:37,212 DEBUG (BaseJdbcLogger.java:143)- ====> Parameters: 27940(String)
2019-10-27 19:15:37,214 DEBUG (BaseJdbcLogger.java:143)- <====      Total: 1
2019-10-27 19:15:37,214 DEBUG (BaseJdbcLogger.java:143)- ====>  Preparing: select id, name, sex, birthday, phone, ID_number, email, parent_phone, adress, major, state from student_basic where id = ? 
2019-10-27 19:15:37,215 DEBUG (BaseJdbcLogger.java:143)- ====> Parameters: 27942(String)
2019-10-27 19:15:37,216 DEBUG (BaseJdbcLogger.java:143)- <====      Total: 1
2019-10-27 19:15:37,216 DEBUG (BaseJdbcLogger.java:143)- ====>  Preparing: select id, name, sex, birthday, phone, ID_number, email, parent_phone, adress, major, state from student_basic where id = ? 
2019-10-27 19:15:37,217 DEBUG (BaseJdbcLogger.java:143)- ====> Parameters: 27945(String)
2019-10-27 19:15:37,218 DEBUG (BaseJdbcLogger.java:143)- <====      Total: 1
2019-10-27 19:15:37,219 DEBUG (BaseJdbcLogger.java:143)- <==      Total: 22
2019-10-27 19:15:37,219 DEBUG (BaseJdbcLogger.java:143)- ==>  Preparing: select student_status.id,student_status.basic_id, student_status.student_id, student_status.class_id from student_status,student_basic where student_status.basic_id=student_basic.id and student_basic.sex=? and student_status.class_id=? 
2019-10-27 19:15:37,219 DEBUG (BaseJdbcLogger.java:143)- ==> Parameters: 女(String), 080901201902(String)
2019-10-27 19:15:37,220 DEBUG (BaseJdbcLogger.java:143)- ====>  Preparing: select id, name, sex, birthday, phone, ID_number, email, parent_phone, adress, major, state from student_basic where id = ? 
2019-10-27 19:15:37,221 DEBUG (BaseJdbcLogger.java:143)- ====> Parameters: 27894(String)
2019-10-27 19:15:37,222 DEBUG (BaseJdbcLogger.java:143)- <====      Total: 1
2019-10-27 19:15:37,222 DEBUG (BaseJdbcLogger.java:143)- ====>  Preparing: select id, name, sex, birthday, phone, ID_number, email, parent_phone, adress, major, state from student_basic where id = ? 
2019-10-27 19:15:37,222 DEBUG (BaseJdbcLogger.java:143)- ====> Parameters: 27896(String)
2019-10-27 19:15:37,223 DEBUG (BaseJdbcLogger.java:143)- <====      Total: 1
2019-10-27 19:15:37,224 DEBUG (BaseJdbcLogger.java:143)- ====>  Preparing: select id, name, sex, birthday, phone, ID_number, email, parent_phone, adress, major, state from student_basic where id = ? 
2019-10-27 19:15:37,224 DEBUG (BaseJdbcLogger.java:143)- ====> Parameters: 27897(String)
2019-10-27 19:15:37,225 DEBUG (BaseJdbcLogger.java:143)- <====      Total: 1
2019-10-27 19:15:37,225 DEBUG (BaseJdbcLogger.java:143)- ====>  Preparing: select id, name, sex, birthday, phone, ID_number, email, parent_phone, adress, major, state from student_basic where id = ? 
2019-10-27 19:15:37,226 DEBUG (BaseJdbcLogger.java:143)- ====> Parameters: 27901(String)
2019-10-27 19:15:37,227 DEBUG (BaseJdbcLogger.java:143)- <====      Total: 1
2019-10-27 19:15:37,227 DEBUG (BaseJdbcLogger.java:143)- ====>  Preparing: select id, name, sex, birthday, phone, ID_number, email, parent_phone, adress, major, state from student_basic where id = ? 
2019-10-27 19:15:37,228 DEBUG (BaseJdbcLogger.java:143)- ====> Parameters: 27905(String)
2019-10-27 19:15:37,230 DEBUG (BaseJdbcLogger.java:143)- <====      Total: 1
2019-10-27 19:15:37,231 DEBUG (BaseJdbcLogger.java:143)- ====>  Preparing: select id, name, sex, birthday, phone, ID_number, email, parent_phone, adress, major, state from student_basic where id = ? 
2019-10-27 19:15:37,232 DEBUG (BaseJdbcLogger.java:143)- ====> Parameters: 27906(String)
2019-10-27 19:15:37,233 DEBUG (BaseJdbcLogger.java:143)- <====      Total: 1
2019-10-27 19:15:37,234 DEBUG (BaseJdbcLogger.java:143)- ====>  Preparing: select id, name, sex, birthday, phone, ID_number, email, parent_phone, adress, major, state from student_basic where id = ? 
2019-10-27 19:15:37,234 DEBUG (BaseJdbcLogger.java:143)- ====> Parameters: 27908(String)
2019-10-27 19:15:37,236 DEBUG (BaseJdbcLogger.java:143)- <====      Total: 1
2019-10-27 19:15:37,236 DEBUG (BaseJdbcLogger.java:143)- ====>  Preparing: select id, name, sex, birthday, phone, ID_number, email, parent_phone, adress, major, state from student_basic where id = ? 
