2019-09-23 05:01:01,897 DEBUG (BaseJdbcLogger.java:143)- ====> Parameters: 24890(String)
2019-09-23 05:01:01,900 DEBUG (BaseJdbcLogger.java:143)- <====      Total: 1
2019-09-23 05:01:01,901 DEBUG (BaseJdbcLogger.java:143)- ====>  Preparing: select id, name, sex, birthday, phone, ID_number, email, parent_phone, adress, major, state from student_basic where id = ? 
2019-09-23 05:01:01,902 DEBUG (BaseJdbcLogger.java:143)- ====> Parameters: 24894(String)
2019-09-23 05:01:01,903 DEBUG (BaseJdbcLogger.java:143)- <====      Total: 1
2019-09-23 05:01:01,903 DEBUG (BaseJdbcLogger.java:143)- ====>  Preparing: select id, name, sex, birthday, phone, ID_number, email, parent_phone, adress, major, state from student_basic where id = ? 
2019-09-23 05:01:01,904 DEBUG (BaseJdbcLogger.java:143)- ====> Parameters: 24896(String)
2019-09-23 05:01:01,905 DEBUG (BaseJdbcLogger.java:143)- <====      Total: 1
2019-09-23 05:01:01,906 DEBUG (BaseJdbcLogger.java:143)- ====>  Preparing: select id, name, sex, birthday, phone, ID_number, email, parent_phone, adress, major, state from student_basic where id = ? 
2019-09-23 05:01:01,907 DEBUG (BaseJdbcLogger.java:143)- ====> Parameters: 24897(String)
2019-09-23 05:01:01,907 DEBUG (BaseJdbcLogger.java:143)- <====      Total: 1
2019-09-23 05:01:01,907 DEBUG (BaseJdbcLogger.java:143)- ====>  Preparing: select id, name, sex, birthday, phone, ID_number, email, parent_phone, adress, major, state from student_basic where id = ? 
2019-09-23 05:01:01,909 DEBUG (BaseJdbcLogger.java:143)- ====> Parameters: 24901(String)
2019-09-23 05:01:01,909 DEBUG (BaseJdbcLogger.java:143)- <====      Total: 1
2019-09-23 05:01:01,909 DEBUG (BaseJdbcLogger.java:143)- ====>  Preparing: select id, name, sex, birthday, phone, ID_number, email, parent_phone, adress, major, state from student_basic where id = ? 
2019-09-23 05:01:01,909 DEBUG (BaseJdbcLogger.java:143)- ====> Parameters: 24905(String)
2019-09-23 05:01:01,910 DEBUG (BaseJdbcLogger.java:143)- <====      Total: 1
2019-09-23 05:01:01,910 DEBUG (BaseJdbcLogger.java:143)- ====>  Preparing: select id, name, sex, birthday, phone, ID_number, email, parent_phone, adress, major, state from student_basic where id = ? 
2019-09-23 05:01:01,911 DEBUG (BaseJdbcLogger.java:143)- ====> Parameters: 24906(String)
2019-09-23 05:01:01,911 DEBUG (BaseJdbcLogger.java:143)- <====      Total: 1
2019-09-23 05:01:01,912 DEBUG (BaseJdbcLogger.java:143)- ====>  Preparing: select id, name, sex, birthday, phone, ID_number, email, parent_phone, adress, major, state from student_basic where id = ? 
2019-09-23 05:01:01,912 DEBUG (BaseJdbcLogger.java:143)- ====> Parameters: 24908(String)
2019-09-23 05:01:01,913 DEBUG (BaseJdbcLogger.java:143)- <====      Total: 1
2019-09-23 05:01:01,913 DEBUG (BaseJdbcLogger.java:143)- ====>  Preparing: select id, name, sex, birthday, phone, ID_number, email, parent_phone, adress, major, state from student_basic where id = ? 
2019-09-23 05:01:01,913 DEBUG (BaseJdbcLogger.java:143)- ====> Parameters: 24910(String)
2019-09-23 05:01:01,914 DEBUG (BaseJdbcLogger.java:143)- <====      Total: 1
2019-09-23 05:01:01,914 DEBUG (BaseJdbcLogger.java:143)- ====>  Preparing: select id, name, sex, birthday, phone, ID_number, email, parent_phone, adress, major, state from student_basic where id = ? 
2019-09-23 05:01:01,915 DEBUG (BaseJdbcLogger.java:143)- ====> Parameters: 24913(String)
2019-09-23 05:01:01,915 DEBUG (BaseJdbcLogger.java:143)- <====      Total: 1
2019-09-23 05:01:01,915 DEBUG (BaseJdbcLogger.java:143)- ====>  Preparing: select id, name, sex, birthday, phone, ID_number, email, parent_phone, adress, major, state from student_basic where id = ? 
2019-09-23 05:01:01,916 DEBUG (BaseJdbcLogger.java:143)- ====> Parameters: 24917(String)
2019-09-23 05:01:01,917 DEBUG (BaseJdbcLogger.java:143)- <====      Total: 1
2019-09-23 05:01:01,917 DEBUG (BaseJdbcLogger.java:143)- ====>  Preparing: select id, name, sex, birthday, phone, ID_number, email, parent_phone, adress, major, state from student_basic where id = ? 
2019-09-23 05:01:01,917 DEBUG (BaseJdbcLogger.java:143)- ====> Parameters: 24919(String)
2019-09-23 05:01:01,918 DEBUG (BaseJdbcLogger.java:143)- <====      Total: 1
2019-09-23 05:01:01,919 DEBUG (BaseJdbcLogger.java:143)- ====>  Preparing: select id, name, sex, birthday, phone, ID_number, email, parent_phone, adress, major, state from student_basic where id = ? 
2019-09-23 05:01:01,919 DEBUG (BaseJdbcLogger.java:143)- ====> Parameters: 24920(String)
2019-09-23 05:01:01,920 DEBUG (BaseJdbcLogger.java:143)- <====      Total: 1
2019-09-23 05:01:01,920 DEBUG (BaseJdbcLogger.java:143)- ====>  Preparing: select id, name, sex, birthday, phone, ID_number, email, parent_phone, adress, major, state from student_basic where id = ? 
2019-09-23 05:01:01,920 DEBUG (BaseJdbcLogger.java:143)- ====> Parameters: 24922(String)
2019-09-23 05:01:01,921 DEBUG (BaseJdbcLogger.java:143)- <====      Total: 1
2019-09-23 05:01:01,921 DEBUG (BaseJdbcLogger.java:143)- ====>  Preparing: select id, name, sex, birthday, phone, ID_number, email, parent_phone, adress, major, state from student_basic where id = ? 
2019-09-23 05:01:01,922 DEBUG (BaseJdbcLogger.java:143)- ====> Parameters: 24924(String)
2019-09-23 05:01:01,922 DEBUG (BaseJdbcLogger.java:143)- <====      Total: 1
2019-09-23 05:01:01,923 DEBUG (BaseJdbcLogger.java:143)- ====>  Preparing: select id, name, sex, birthday, phone, ID_number, email, parent_phone, adress, major, state from student_basic where id = ? 
2019-09-23 05:01:01,924 DEBUG (BaseJdbcLogger.java:143)- ====> Parameters: 24925(String)
2019-09-23 05:01:01,924 DEBUG (BaseJdbcLogger.java:143)- <====      Total: 1
2019-09-23 05:01:01,925 DEBUG (BaseJdbcLogger.java:143)- ====>  Preparing: select id, name, sex, birthday, phone, ID_number, email, parent_phone, adress, major, state from student_basic where id = ? 
2019-09-23 05:01:01,925 DEBUG (BaseJdbcLogger.java:143)- ====> Parameters: 24926(String)
2019-09-23 05:01:01,926 DEBUG (BaseJdbcLogger.java:143)- <====      Total: 1
2019-09-23 05:01:01,927 DEBUG (BaseJdbcLogger.java:143)- ====>  Preparing: select id, name, sex, birthday, phone, ID_number, email, parent_phone, adress, major, state from student_basic where id = ? 
2019-09-23 05:01:01,928 DEBUG (BaseJdbcLogger.java:143)- ====> Parameters: 24931(String)
2019-09-23 05:01:01,929 DEBUG (BaseJdbcLogger.java:143)- <====      Total: 1
2019-09-23 05:01:01,929 DEBUG (BaseJdbcLogger.java:143)- ====>  Preparing: select id, name, sex, birthday, phone, ID_number, email, parent_phone, adress, major, state from student_basic where id = ? 
2019-09-23 05:01:01,930 DEBUG (BaseJdbcLogger.java:143)- ====> Parameters: 24932(String)
2019-09-23 05:01:01,931 DEBUG (BaseJdbcLogger.java:143)- <====      Total: 1
2019-09-23 05:01:01,932 DEBUG (BaseJdbcLogger.java:143)- ====>  Preparing: select id, name, sex, birthday, phone, ID_number, email, parent_phone, adress, major, state from student_basic where id = ? 
2019-09-23 05:01:01,932 DEBUG (BaseJdbcLogger.java:143)- ====> Parameters: 24934(String)
2019-09-23 05:01:01,933 DEBUG (BaseJdbcLogger.java:143)- <====      Total: 1
2019-09-23 05:01:01,933 DEBUG (BaseJdbcLogger.java:143)- ====>  Preparing: select id, name, sex, birthday, phone, ID_number, email, parent_phone, adress, major, state from student_basic where id = ? 
2019-09-23 05:01:01,933 DEBUG (BaseJdbcLogger.java:143)- ====> Parameters: 24935(String)
2019-09-23 05:01:01,934 DEBUG (BaseJdbcLogger.java:143)- <====      Total: 1
2019-09-23 05:01:01,936 DEBUG (BaseJdbcLogger.java:143)- ====>  Preparing: select id, name, sex, birthday, phone, ID_number, email, parent_phone, adress, major, state from student_basic where id = ? 
2019-09-23 05:01:01,936 DEBUG (BaseJdbcLogger.java:143)- ====> Parameters: 24936(String)
2019-09-23 05:01:01,937 DEBUG (BaseJdbcLogger.java:143)- <====      Total: 1
2019-09-23 05:01:01,937 DEBUG (BaseJdbcLogger.java:143)- ====>  Preparing: select id, name, sex, birthday, phone, ID_number, email, parent_phone, adress, major, state from student_basic where id = ? 
2019-09-23 05:01:01,938 DEBUG (BaseJdbcLogger.java:143)- ====> Parameters: 24938(String)
2019-09-23 05:01:01,939 DEBUG (BaseJdbcLogger.java:143)- <====      Total: 1
2019-09-23 05:01:01,940 DEBUG (BaseJdbcLogger.java:143)- ====>  Preparing: select id, name, sex, birthday, phone, ID_number, email, parent_phone, adress, major, state from student_basic where id = ? 
2019-09-23 05:01:01,940 DEBUG (BaseJdbcLogger.java:143)- ====> Parameters: 24939(String)
2019-09-23 05:01:01,940 DEBUG (BaseJdbcLogger.java:143)- <====      Total: 1
2019-09-23 05:01:01,941 DEBUG (BaseJdbcLogger.java:143)- ====>  Preparing: select id, name, sex, birthday, phone, ID_number, email, parent_phone, adress, major, state from student_basic where id = ? 
2019-09-23 05:01:01,941 DEBUG (BaseJdbcLogger.java:143)- ====> Parameters: 24941(String)
2019-09-23 05:01:01,942 DEBUG (BaseJdbcLogger.java:143)- <====      Total: 1
2019-09-23 05:01:01,943 DEBUG (BaseJdbcLogger.java:143)- ====>  Preparing: select id, name, sex, birthday, phone, ID_number, email, parent_phone, adress, major, state from student_basic where id = ? 
2019-09-23 05:01:01,943 DEBUG (BaseJdbcLogger.java:143)- ====> Parameters: 24943(String)
2019-09-23 05:01:01,944 DEBUG (BaseJdbcLogger.java:143)- <====      Total: 1
2019-09-23 05:01:01,945 DEBUG (BaseJdbcLogger.java:143)- ====>  Preparing: select id, name, sex, birthday, phone, ID_number, email, parent_phone, adress, major, state from student_basic where id = ? 
2019-09-23 05:01:01,945 DEBUG (BaseJdbcLogger.java:143)- ====> Parameters: 24944(String)
2019-09-23 05:01:01,946 DEBUG (BaseJdbcLogger.java:143)- <====      Total: 1
2019-09-23 05:01:01,947 DEBUG (BaseJdbcLogger.java:143)- ====>  Preparing: select id, name, sex, birthday, phone, ID_number, email, parent_phone, adress, major, state from student_basic where id = ? 
2019-09-23 05:01:01,947 DEBUG (BaseJdbcLogger.java:143)- ====> Parameters: 24947(String)
2019-09-23 05:01:01,949 DEBUG (BaseJdbcLogger.java:143)- <====      Total: 1
2019-09-23 05:01:01,949 DEBUG (BaseJdbcLogger.java:143)- ====>  Preparing: select id, name, sex, birthday, phone, ID_number, email, parent_phone, adress, major, state from student_basic where id = ? 
2019-09-23 05:01:01,950 DEBUG (BaseJdbcLogger.java:143)- ====> Parameters: 24948(String)
2019-09-23 05:01:01,951 DEBUG (BaseJdbcLogger.java:143)- <====      Total: 1
2019-09-23 05:01:01,952 DEBUG (BaseJdbcLogger.java:143)- ====>  Preparing: select id, name, sex, birthday, phone, ID_number, email, parent_phone, adress, major, state from student_basic where id = ? 
2019-09-23 05:01:01,953 DEBUG (BaseJdbcLogger.java:143)- ====> Parameters: 24949(String)
2019-09-23 05:01:01,954 DEBUG (BaseJdbcLogger.java:143)- <====      Total: 1
2019-09-23 05:01:01,955 DEBUG (BaseJdbcLogger.java:143)- ====>  Preparing: select id, name, sex, birthday, phone, ID_number, email, parent_phone, adress, major, state from student_basic where id = ? 
2019-09-23 05:01:01,956 DEBUG (BaseJdbcLogger.java:143)- ====> Parameters: 24950(String)
2019-09-23 05:01:01,957 DEBUG (BaseJdbcLogger.java:143)- <====      Total: 1
2019-09-23 05:01:01,958 DEBUG (BaseJdbcLogger.java:143)- ====>  Preparing: select id, name, sex, birthday, phone, ID_number, email, parent_phone, adress, major, state from student_basic where id = ? 
2019-09-23 05:01:01,959 DEBUG (BaseJdbcLogger.java:143)- ====> Parameters: 24959(String)
2019-09-23 05:01:01,960 DEBUG (BaseJdbcLogger.java:143)- <====      Total: 1
2019-09-23 05:01:01,960 DEBUG (BaseJdbcLogger.java:143)- ====>  Preparing: select id, name, sex, birthday, phone, ID_number, email, parent_phone, adress, major, state from student_basic where id = ? 
2019-09-23 05:01:01,961 DEBUG (BaseJdbcLogger.java:143)- ====> Parameters: 24962(String)
2019-09-23 05:01:01,962 DEBUG (BaseJdbcLogger.java:143)- <====      Total: 1
2019-09-23 05:01:01,962 DEBUG (BaseJdbcLogger.java:143)- ====>  Preparing: select id, name, sex, birthday, phone, ID_number, email, parent_phone, adress, major, state from student_basic where id = ? 
2019-09-23 05:01:01,963 DEBUG (BaseJdbcLogger.java:143)- ====> Parameters: 24963(String)
2019-09-23 05:01:01,964 DEBUG (BaseJdbcLogger.java:143)- <====      Total: 1
2019-09-23 05:01:01,964 DEBUG (BaseJdbcLogger.java:143)- ====>  Preparing: select id, name, sex, birthday, phone, ID_number, email, parent_phone, adress, major, state from student_basic where id = ? 
2019-09-23 05:01:01,965 DEBUG (BaseJdbcLogger.java:143)- ====> Parameters: 24965(String)
2019-09-23 05:01:01,966 DEBUG (BaseJdbcLogger.java:143)- <====      Total: 1
2019-09-23 05:01:01,967 DEBUG (BaseJdbcLogger.java:143)- ====>  Preparing: select id, name, sex, birthday, phone, ID_number, email, parent_phone, adress, major, state from student_basic where id = ? 
2019-09-23 05:01:01,967 DEBUG (BaseJdbcLogger.java:143)- ====> Parameters: 24966(String)
2019-09-23 05:01:01,969 DEBUG (BaseJdbcLogger.java:143)- <====      Total: 1
2019-09-23 05:01:01,969 DEBUG (BaseJdbcLogger.java:143)- ====>  Preparing: select id, name, sex, birthday, phone, ID_number, email, parent_phone, adress, major, state from student_basic where id = ? 
2019-09-23 05:01:01,970 DEBUG (BaseJdbcLogger.java:143)- ====> Parameters: 24970(String)
2019-09-23 05:01:01,971 DEBUG (BaseJdbcLogger.java:143)- <====      Total: 1
2019-09-23 05:01:01,971 DEBUG (BaseJdbcLogger.java:143)- ====>  Preparing: select id, name, sex, birthday, phone, ID_number, email, parent_phone, adress, major, state from student_basic where id = ? 
2019-09-23 05:01:01,972 DEBUG (BaseJdbcLogger.java:143)- ====> Parameters: 24971(String)
2019-09-23 05:01:01,973 DEBUG (BaseJdbcLogger.java:143)- <====      Total: 1
2019-09-23 05:01:01,973 DEBUG (BaseJdbcLogger.java:143)- ====>  Preparing: select id, name, sex, birthday, phone, ID_number, email, parent_phone, adress, major, state from student_basic where id = ? 
2019-09-23 05:01:01,974 DEBUG (BaseJdbcLogger.java:143)- ====> Parameters: 24972(String)
2019-09-23 05:01:01,974 DEBUG (BaseJdbcLogger.java:143)- <====      Total: 1
2019-09-23 05:01:01,975 DEBUG (BaseJdbcLogger.java:143)- ====>  Preparing: select id, name, sex, birthday, phone, ID_number, email, parent_phone, adress, major, state from student_basic where id = ? 
2019-09-23 05:01:01,975 DEBUG (BaseJdbcLogger.java:143)- ====> Parameters: 24979(String)
2019-09-23 05:01:01,976 DEBUG (BaseJdbcLogger.java:143)- <====      Total: 1
2019-09-23 05:01:01,976 DEBUG (BaseJdbcLogger.java:143)- ====>  Preparing: select id, name, sex, birthday, phone, ID_number, email, parent_phone, adress, major, state from student_basic where id = ? 
2019-09-23 05:01:01,977 DEBUG (BaseJdbcLogger.java:143)- ====> Parameters: 24981(String)
2019-09-23 05:01:01,977 DEBUG (BaseJdbcLogger.java:143)- <====      Total: 1
2019-09-23 05:01:01,978 DEBUG (BaseJdbcLogger.java:143)- ====>  Preparing: select id, name, sex, birthday, phone, ID_number, email, parent_phone, adress, major, state from student_basic where id = ? 
2019-09-23 05:01:01,978 DEBUG (BaseJdbcLogger.java:143)- ====> Parameters: 24982(String)
2019-09-23 05:01:01,979 DEBUG (BaseJdbcLogger.java:143)- <====      Total: 1
2019-09-23 05:01:01,979 DEBUG (BaseJdbcLogger.java:143)- ====>  Preparing: select id, name, sex, birthday, phone, ID_number, email, parent_phone, adress, major, state from student_basic where id = ? 
2019-09-23 05:01:01,980 DEBUG (BaseJdbcLogger.java:143)- ====> Parameters: 24984(String)
2019-09-23 05:01:01,980 DEBUG (BaseJdbcLogger.java:143)- <====      Total: 1
2019-09-23 05:01:01,981 DEBUG (BaseJdbcLogger.java:143)- ====>  Preparing: select id, name, sex, birthday, phone, ID_number, email, parent_phone, adress, major, state from student_basic where id = ? 
2019-09-23 05:01:01,981 DEBUG (BaseJdbcLogger.java:143)- ====> Parameters: 24987(String)
2019-09-23 05:01:01,982 DEBUG (BaseJdbcLogger.java:143)- <====      Total: 1
2019-09-23 05:01:01,983 DEBUG (BaseJdbcLogger.java:143)- ====>  Preparing: select id, name, sex, birthday, phone, ID_number, email, parent_phone, adress, major, state from student_basic where id = ? 
2019-09-23 05:01:01,983 DEBUG (BaseJdbcLogger.java:143)- ====> Parameters: 24989(String)
2019-09-23 05:01:01,983 DEBUG (BaseJdbcLogger.java:143)- <====      Total: 1
2019-09-23 05:01:01,983 DEBUG (BaseJdbcLogger.java:143)- ====>  Preparing: select id, name, sex, birthday, phone, ID_number, email, parent_phone, adress, major, state from student_basic where id = ? 
2019-09-23 05:01:01,984 DEBUG (BaseJdbcLogger.java:143)- ====> Parameters: 24994(String)
2019-09-23 05:01:01,985 DEBUG (BaseJdbcLogger.java:143)- <====      Total: 1
2019-09-23 05:01:01,986 DEBUG (BaseJdbcLogger.java:143)- ====>  Preparing: select id, name, sex, birthday, phone, ID_number, email, parent_phone, adress, major, state from student_basic where id = ? 
2019-09-23 05:01:01,986 DEBUG (BaseJdbcLogger.java:143)- ====> Parameters: 24996(String)
2019-09-23 05:01:01,987 DEBUG (BaseJdbcLogger.java:143)- <====      Total: 1
2019-09-23 05:01:01,988 DEBUG (BaseJdbcLogger.java:143)- ====>  Preparing: select id, name, sex, birthday, phone, ID_number, email, parent_phone, adress, major, state from student_basic where id = ? 
2019-09-23 05:01:01,988 DEBUG (BaseJdbcLogger.java:143)- ====> Parameters: 25000(String)
2019-09-23 05:01:01,989 DEBUG (BaseJdbcLogger.java:143)- <====      Total: 1
2019-09-23 05:01:01,990 DEBUG (BaseJdbcLogger.java:143)- ====>  Preparing: select id, name, sex, birthday, phone, ID_number, email, parent_phone, adress, major, state from student_basic where id = ? 
2019-09-23 05:01:01,991 DEBUG (BaseJdbcLogger.java:143)- ====> Parameters: 25001(String)
2019-09-23 05:01:01,991 DEBUG (BaseJdbcLogger.java:143)- <====      Total: 1
2019-09-23 05:01:01,992 DEBUG (BaseJdbcLogger.java:143)- ====>  Preparing: select id, name, sex, birthday, phone, ID_number, email, parent_phone, adress, major, state from student_basic where id = ? 
2019-09-23 05:01:01,992 DEBUG (BaseJdbcLogger.java:143)- ====> Parameters: 25002(String)
2019-09-23 05:01:01,993 DEBUG (BaseJdbcLogger.java:143)- <====      Total: 1
2019-09-23 05:01:01,994 DEBUG (BaseJdbcLogger.java:143)- ====>  Preparing: select id, name, sex, birthday, phone, ID_number, email, parent_phone, adress, major, state from student_basic where id = ? 
2019-09-23 05:01:01,994 DEBUG (BaseJdbcLogger.java:143)- ====> Parameters: 25007(String)
2019-09-23 05:01:01,995 DEBUG (BaseJdbcLogger.java:143)- <====      Total: 1
2019-09-23 05:01:01,995 DEBUG (BaseJdbcLogger.java:143)- ====>  Preparing: select id, name, sex, birthday, phone, ID_number, email, parent_phone, adress, major, state from student_basic where id = ? 
2019-09-23 05:01:01,995 DEBUG (BaseJdbcLogger.java:143)- ====> Parameters: 25012(String)
2019-09-23 05:01:01,996 DEBUG (BaseJdbcLogger.java:143)- <====      Total: 1
2019-09-23 05:01:01,997 DEBUG (BaseJdbcLogger.java:143)- <==      Total: 69
2019-09-23 05:01:01,997 DEBUG (BaseJdbcLogger.java:143)- ==>  Preparing: select student_status.id, student_status.basic_id, student_status.student_id, student_status.class_id from student_status,student_basic where student_status.basic_id=student_basic.id and student_basic.sex=? and student_basic.major=? and student_status.class_id='0' 
2019-09-23 05:01:01,997 DEBUG (BaseJdbcLogger.java:143)- ==> Parameters: 男(String), 通信工程(String)
2019-09-23 05:01:02,001 DEBUG (BaseJdbcLogger.java:143)- ====>  Preparing: select id, name, sex, birthday, phone, ID_number, email, parent_phone, adress, major, state from student_basic where id = ? 
2019-09-23 05:01:02,001 DEBUG (BaseJdbcLogger.java:143)- ====> Parameters: 25089(String)
2019-09-23 05:01:02,003 DEBUG (BaseJdbcLogger.java:143)- <====      Total: 1
2019-09-23 05:01:02,003 DEBUG (BaseJdbcLogger.java:143)- ====>  Preparing: select id, class_id, name, director, grade, major_id from class WHERE class_id = ? 
2019-09-23 05:01:02,004 DEBUG (BaseJdbcLogger.java:143)- ====> Parameters: 0(String)
2019-09-23 05:01:02,005 DEBUG (BaseJdbcLogger.java:143)- <====      Total: 0
2019-09-23 05:01:02,005 DEBUG (BaseJdbcLogger.java:143)- ====>  Preparing: select id, name, sex, birthday, phone, ID_number, email, parent_phone, adress, major, state from student_basic where id = ? 
2019-09-23 05:01:02,006 DEBUG (BaseJdbcLogger.java:143)- ====> Parameters: 25090(String)
2019-09-23 05:01:02,007 DEBUG (BaseJdbcLogger.java:143)- <====      Total: 1
2019-09-23 05:01:02,008 DEBUG (BaseJdbcLogger.java:143)- ====>  Preparing: select id, name, sex, birthday, phone, ID_number, email, parent_phone, adress, major, state from student_basic where id = ? 
2019-09-23 05:01:02,008 DEBUG (BaseJdbcLogger.java:143)- ====> Parameters: 25091(String)
2019-09-23 05:01:02,009 DEBUG (BaseJdbcLogger.java:143)- <====      Total: 1
2019-09-23 05:01:02,010 DEBUG (BaseJdbcLogger.java:143)- ====>  Preparing: select id, name, sex, birthday, phone, ID_number, email, parent_phone, adress, major, state from student_basic where id = ? 
2019-09-23 05:01:02,011 DEBUG (BaseJdbcLogger.java:143)- ====> Parameters: 25092(String)
2019-09-23 05:01:02,013 DEBUG (BaseJdbcLogger.java:143)- <====      Total: 1
2019-09-23 05:01:02,013 DEBUG (BaseJdbcLogger.java:143)- ====>  Preparing: select id, name, sex, birthday, phone, ID_number, email, parent_phone, adress, major, state from student_basic where id = ? 
2019-09-23 05:01:02,015 DEBUG (BaseJdbcLogger.java:143)- ====> Parameters: 25095(String)
2019-09-23 05:01:02,016 DEBUG (BaseJdbcLogger.java:143)- <====      Total: 1
2019-09-23 05:01:02,017 DEBUG (BaseJdbcLogger.java:143)- ====>  Preparing: select id, name, sex, birthday, phone, ID_number, email, parent_phone, adress, major, state from student_basic where id = ? 
2019-09-23 05:01:02,018 DEBUG (BaseJdbcLogger.java:143)- ====> Parameters: 25096(String)
2019-09-23 05:01:02,020 DEBUG (BaseJdbcLogger.java:143)- <====      Total: 1
2019-09-23 05:01:02,020 DEBUG (BaseJdbcLogger.java:143)- ====>  Preparing: select id, name, sex, birthday, phone, ID_number, email, parent_phone, adress, major, state from student_basic where id = ? 
2019-09-23 05:01:02,020 DEBUG (BaseJdbcLogger.java:143)- ====> Parameters: 25097(String)
2019-09-23 05:01:02,021 DEBUG (BaseJdbcLogger.java:143)- <====      Total: 1
2019-09-23 05:01:02,022 DEBUG (BaseJdbcLogger.java:143)- ====>  Preparing: select id, name, sex, birthday, phone, ID_number, email, parent_phone, adress, major, state from student_basic where id = ? 
2019-09-23 05:01:02,022 DEBUG (BaseJdbcLogger.java:143)- ====> Parameters: 25098(String)
2019-09-23 05:01:02,023 DEBUG (BaseJdbcLogger.java:143)- <====      Total: 1
2019-09-23 05:01:02,023 DEBUG (BaseJdbcLogger.java:143)- ====>  Preparing: select id, name, sex, birthday, phone, ID_number, email, parent_phone, adress, major, state from student_basic where id = ? 
2019-09-23 05:01:02,023 DEBUG (BaseJdbcLogger.java:143)- ====> Parameters: 25099(String)
2019-09-23 05:01:02,024 DEBUG (BaseJdbcLogger.java:143)- <====      Total: 1
2019-09-23 05:01:02,024 DEBUG (BaseJdbcLogger.java:143)- ====>  Preparing: select id, name, sex, birthday, phone, ID_number, email, parent_phone, adress, major, state from student_basic where id = ? 
2019-09-23 05:01:02,025 DEBUG (BaseJdbcLogger.java:143)- ====> Parameters: 25100(String)
2019-09-23 05:01:02,025 DEBUG (BaseJdbcLogger.java:143)- <====      Total: 1
2019-09-23 05:01:02,026 DEBUG (BaseJdbcLogger.java:143)- ====>  Preparing: select id, name, sex, birthday, phone, ID_number, email, parent_phone, adress, major, state from student_basic where id = ? 
2019-09-23 05:01:02,026 DEBUG (BaseJdbcLogger.java:143)- ====> Parameters: 25102(String)
2019-09-23 05:01:02,027 DEBUG (BaseJdbcLogger.java:143)- <====      Total: 1
2019-09-23 05:01:02,027 DEBUG (BaseJdbcLogger.java:143)- ====>  Preparing: select id, name, sex, birthday, phone, ID_number, email, parent_phone, adress, major, state from student_basic where id = ? 
2019-09-23 05:01:02,028 DEBUG (BaseJdbcLogger.java:143)- ====> Parameters: 25106(String)
2019-09-23 05:01:02,028 DEBUG (BaseJdbcLogger.java:143)- <====      Total: 1
2019-09-23 05:01:02,029 DEBUG (BaseJdbcLogger.java:143)- ====>  Preparing: select id, name, sex, birthday, phone, ID_number, email, parent_phone, adress, major, state from student_basic where id = ? 
2019-09-23 05:01:02,029 DEBUG (BaseJdbcLogger.java:143)- ====> Parameters: 25109(String)
2019-09-23 05:01:02,030 DEBUG (BaseJdbcLogger.java:143)- <====      Total: 1
2019-09-23 05:01:02,031 DEBUG (BaseJdbcLogger.java:143)- ====>  Preparing: select id, name, sex, birthday, phone, ID_number, email, parent_phone, adress, major, state from student_basic where id = ? 
2019-09-23 05:01:02,031 DEBUG (BaseJdbcLogger.java:143)- ====> Parameters: 25110(String)
2019-09-23 05:01:02,032 DEBUG (BaseJdbcLogger.java:143)- <====      Total: 1
2019-09-23 05:01:02,033 DEBUG (BaseJdbcLogger.java:143)- ====>  Preparing: select id, name, sex, birthday, phone, ID_number, email, parent_phone, adress, major, state from student_basic where id = ? 
2019-09-23 05:01:02,033 DEBUG (BaseJdbcLogger.java:143)- ====> Parameters: 25113(String)
2019-09-23 05:01:02,035 DEBUG (BaseJdbcLogger.java:143)- <====      Total: 1
2019-09-23 05:01:02,035 DEBUG (BaseJdbcLogger.java:143)- ====>  Preparing: select id, name, sex, birthday, phone, ID_number, email, parent_phone, adress, major, state from student_basic where id = ? 
2019-09-23 05:01:02,035 DEBUG (BaseJdbcLogger.java:143)- ====> Parameters: 25115(String)
2019-09-23 05:01:02,036 DEBUG (BaseJdbcLogger.java:143)- <====      Total: 1
2019-09-23 05:01:02,037 DEBUG (BaseJdbcLogger.java:143)- ====>  Preparing: select id, name, sex, birthday, phone, ID_number, email, parent_phone, adress, major, state from student_basic where id = ? 
2019-09-23 05:01:02,037 DEBUG (BaseJdbcLogger.java:143)- ====> Parameters: 25116(String)
2019-09-23 05:01:02,038 DEBUG (BaseJdbcLogger.java:143)- <====      Total: 1
2019-09-23 05:01:02,038 DEBUG (BaseJdbcLogger.java:143)- ====>  Preparing: select id, name, sex, birthday, phone, ID_number, email, parent_phone, adress, major, state from student_basic where id = ? 
2019-09-23 05:01:02,039 DEBUG (BaseJdbcLogger.java:143)- ====> Parameters: 25118(String)
2019-09-23 05:01:02,039 DEBUG (BaseJdbcLogger.java:143)- <====      Total: 1
2019-09-23 05:01:02,040 DEBUG (BaseJdbcLogger.java:143)- ====>  Preparing: select id, name, sex, birthday, phone, ID_number, email, parent_phone, adress, major, state from student_basic where id = ? 
2019-09-23 05:01:02,040 DEBUG (BaseJdbcLogger.java:143)- ====> Parameters: 25119(String)
2019-09-23 05:01:02,041 DEBUG (BaseJdbcLogger.java:143)- <====      Total: 1
2019-09-23 05:01:02,041 DEBUG (BaseJdbcLogger.java:143)- ====>  Preparing: select id, name, sex, birthday, phone, ID_number, email, parent_phone, adress, major, state from student_basic where id = ? 
2019-09-23 05:01:02,041 DEBUG (BaseJdbcLogger.java:143)- ====> Parameters: 25121(String)
2019-09-23 05:01:02,042 DEBUG (BaseJdbcLogger.java:143)- <====      Total: 1
2019-09-23 05:01:02,042 DEBUG (BaseJdbcLogger.java:143)- ====>  Preparing: select id, name, sex, birthday, phone, ID_number, email, parent_phone, adress, major, state from student_basic where id = ? 
2019-09-23 05:01:02,043 DEBUG (BaseJdbcLogger.java:143)- ====> Parameters: 25124(String)
2019-09-23 05:01:02,043 DEBUG (BaseJdbcLogger.java:143)- <====      Total: 1
2019-09-23 05:01:02,044 DEBUG (BaseJdbcLogger.java:143)- ====>  Preparing: select id, name, sex, birthday, phone, ID_number, email, parent_phone, adress, major, state from student_basic where id = ? 
2019-09-23 05:01:02,044 DEBUG (BaseJdbcLogger.java:143)- ====> Parameters: 25127(String)
2019-09-23 05:01:02,045 DEBUG (BaseJdbcLogger.java:143)- <====      Total: 1
2019-09-23 05:01:02,045 DEBUG (BaseJdbcLogger.java:143)- ====>  Preparing: select id, name, sex, birthday, phone, ID_number, email, parent_phone, adress, major, state from student_basic where id = ? 
2019-09-23 05:01:02,046 DEBUG (BaseJdbcLogger.java:143)- ====> Parameters: 25130(String)
2019-09-23 05:01:02,046 DEBUG (BaseJdbcLogger.java:143)- <====      Total: 1
2019-09-23 05:01:02,047 DEBUG (BaseJdbcLogger.java:143)- ====>  Preparing: select id, name, sex, birthday, phone, ID_number, email, parent_phone, adress, major, state from student_basic where id = ? 
2019-09-23 05:01:02,047 DEBUG (BaseJdbcLogger.java:143)- ====> Parameters: 25131(String)
2019-09-23 05:01:02,048 DEBUG (BaseJdbcLogger.java:143)- <====      Total: 1
2019-09-23 05:01:02,049 DEBUG (BaseJdbcLogger.java:143)- ====>  Preparing: select id, name, sex, birthday, phone, ID_number, email, parent_phone, adress, major, state from student_basic where id = ? 
2019-09-23 05:01:02,050 DEBUG (BaseJdbcLogger.java:143)- ====> Parameters: 25132(String)
2019-09-23 05:01:02,051 DEBUG (BaseJdbcLogger.java:143)- <====      Total: 1
2019-09-23 05:01:02,051 DEBUG (BaseJdbcLogger.java:143)- ====>  Preparing: select id, name, sex, birthday, phone, ID_number, email, parent_phone, adress, major, state from student_basic where id = ? 
2019-09-23 05:01:02,052 DEBUG (BaseJdbcLogger.java:143)- ====> Parameters: 25133(String)
2019-09-23 05:01:02,052 DEBUG (BaseJdbcLogger.java:143)- <====      Total: 1
2019-09-23 05:01:02,053 DEBUG (BaseJdbcLogger.java:143)- ====>  Preparing: select id, name, sex, birthday, phone, ID_number, email, parent_phone, adress, major, state from student_basic where id = ? 
2019-09-23 05:01:02,054 DEBUG (BaseJdbcLogger.java:143)- ====> Parameters: 25135(String)
2019-09-23 05:01:02,055 DEBUG (BaseJdbcLogger.java:143)- <====      Total: 1
2019-09-23 05:01:02,055 DEBUG (BaseJdbcLogger.java:143)- ====>  Preparing: select id, name, sex, birthday, phone, ID_number, email, parent_phone, adress, major, state from student_basic where id = ? 
2019-09-23 05:01:02,056 DEBUG (BaseJdbcLogger.java:143)- ====> Parameters: 25136(String)
2019-09-23 05:01:02,057 DEBUG (BaseJdbcLogger.java:143)- <====      Total: 1
2019-09-23 05:01:02,057 DEBUG (BaseJdbcLogger.java:143)- ====>  Preparing: select id, name, sex, birthday, phone, ID_number, email, parent_phone, adress, major, state from student_basic where id = ? 
2019-09-23 05:01:02,058 DEBUG (BaseJdbcLogger.java:143)- ====> Parameters: 25139(String)
2019-09-23 05:01:02,059 DEBUG (BaseJdbcLogger.java:143)- <====      Total: 1
2019-09-23 05:01:02,059 DEBUG (BaseJdbcLogger.java:143)- ====>  Preparing: select id, name, sex, birthday, phone, ID_number, email, parent_phone, adress, major, state from student_basic where id = ? 
2019-09-23 05:01:02,060 DEBUG (BaseJdbcLogger.java:143)- ====> Parameters: 25140(String)
2019-09-23 05:01:02,061 DEBUG (BaseJdbcLogger.java:143)- <====      Total: 1
2019-09-23 05:01:02,061 DEBUG (BaseJdbcLogger.java:143)- ====>  Preparing: select id, name, sex, birthday, phone, ID_number, email, parent_phone, adress, major, state from student_basic where id = ? 
2019-09-23 05:01:02,062 DEBUG (BaseJdbcLogger.java:143)- ====> Parameters: 25141(String)
2019-09-23 05:01:02,063 DEBUG (BaseJdbcLogger.java:143)- <====      Total: 1
2019-09-23 05:01:02,064 DEBUG (BaseJdbcLogger.java:143)- ====>  Preparing: select id, name, sex, birthday, phone, ID_number, email, parent_phone, adress, major, state from student_basic where id = ? 
2019-09-23 05:01:02,065 DEBUG (BaseJdbcLogger.java:143)- ====> Parameters: 25142(String)
