2019-09-04 03:48:26,151 DEBUG (BaseJdbcLogger.java:143)- ====>  Preparing: select id, name, sex, birthday, phone, ID_number, email, parent_phone, adress, major, state from student_basic where id = ? 
2019-09-04 03:48:26,153 DEBUG (BaseJdbcLogger.java:143)- ====> Parameters: 19496(String)
2019-09-04 03:48:26,153 DEBUG (BaseJdbcLogger.java:143)- <====      Total: 1
2019-09-04 03:48:26,154 DEBUG (BaseJdbcLogger.java:143)- ====>  Preparing: select id, name, sex, birthday, phone, ID_number, email, parent_phone, adress, major, state from student_basic where id = ? 
2019-09-04 03:48:26,154 DEBUG (BaseJdbcLogger.java:143)- ====> Parameters: 19498(String)
2019-09-04 03:48:26,155 DEBUG (BaseJdbcLogger.java:143)- <====      Total: 1
2019-09-04 03:48:26,156 DEBUG (BaseJdbcLogger.java:143)- ====>  Preparing: select id, name, sex, birthday, phone, ID_number, email, parent_phone, adress, major, state from student_basic where id = ? 
2019-09-04 03:48:26,157 DEBUG (BaseJdbcLogger.java:143)- ====> Parameters: 19499(String)
2019-09-04 03:48:26,157 DEBUG (BaseJdbcLogger.java:143)- <====      Total: 1
2019-09-04 03:48:26,158 DEBUG (BaseJdbcLogger.java:143)- ====>  Preparing: select id, name, sex, birthday, phone, ID_number, email, parent_phone, adress, major, state from student_basic where id = ? 
2019-09-04 03:48:26,158 DEBUG (BaseJdbcLogger.java:143)- ====> Parameters: 19501(String)
2019-09-04 03:48:26,159 DEBUG (BaseJdbcLogger.java:143)- <====      Total: 1
2019-09-04 03:48:26,160 DEBUG (BaseJdbcLogger.java:143)- ====>  Preparing: select id, name, sex, birthday, phone, ID_number, email, parent_phone, adress, major, state from student_basic where id = ? 
2019-09-04 03:48:26,160 DEBUG (BaseJdbcLogger.java:143)- ====> Parameters: 19508(String)
2019-09-04 03:48:26,161 DEBUG (BaseJdbcLogger.java:143)- <====      Total: 1
2019-09-04 03:48:26,161 DEBUG (BaseJdbcLogger.java:143)- ====>  Preparing: select id, name, sex, birthday, phone, ID_number, email, parent_phone, adress, major, state from student_basic where id = ? 
2019-09-04 03:48:26,161 DEBUG (BaseJdbcLogger.java:143)- ====> Parameters: 19512(String)
2019-09-04 03:48:26,162 DEBUG (BaseJdbcLogger.java:143)- <====      Total: 1
2019-09-04 03:48:26,162 DEBUG (BaseJdbcLogger.java:143)- <==      Total: 16
2019-09-04 03:48:26,163 DEBUG (BaseJdbcLogger.java:143)- ==>  Preparing: select dormitory_allocation.id, dormitory_allocation.class_id, dormitory_allocation.dormitory_id,dormitory_allocation.number from dormitory_allocation,dormitory WHERE dormitory_allocation.dormitory_id=dormitory.id and dormitory.sex=? and class_id = ? 
2019-09-04 03:48:26,163 DEBUG (BaseJdbcLogger.java:143)- ==> Parameters: 男(String), 082803201901(String)
2019-09-04 03:48:26,164 DEBUG (BaseJdbcLogger.java:143)- <==      Total: 0
2019-09-04 03:48:26,165 DEBUG (BaseJdbcLogger.java:143)- ==>  Preparing: select student_status.id,student_status.basic_id, student_status.student_id, student_status.class_id from student_status,student_basic where student_status.basic_id=student_basic.id and student_basic.sex=? and student_status.class_id=? 
2019-09-04 03:48:26,165 DEBUG (BaseJdbcLogger.java:143)- ==> Parameters: 男(String), 082803201902(String)
2019-09-04 03:48:26,166 DEBUG (BaseJdbcLogger.java:143)- ====>  Preparing: select id, name, sex, birthday, phone, ID_number, email, parent_phone, adress, major, state from student_basic where id = ? 
2019-09-04 03:48:26,167 DEBUG (BaseJdbcLogger.java:143)- ====> Parameters: 19513(String)
2019-09-04 03:48:26,168 DEBUG (BaseJdbcLogger.java:143)- <====      Total: 1
2019-09-04 03:48:26,168 DEBUG (BaseJdbcLogger.java:143)- ====>  Preparing: select id, class_id, name, director, grade, major_id from class where class_id = ? 
2019-09-04 03:48:26,168 DEBUG (BaseJdbcLogger.java:143)- ====> Parameters: 082803201902(String)
2019-09-04 03:48:26,169 DEBUG (BaseJdbcLogger.java:143)- ======>  Preparing: select id, major_id, name, price, department_id from major where major_id = ? 
2019-09-04 03:48:26,169 DEBUG (BaseJdbcLogger.java:143)- ======> Parameters: 082803(String)
2019-09-04 03:48:26,170 DEBUG (BaseJdbcLogger.java:143)- <======      Total: 1
2019-09-04 03:48:26,171 DEBUG (BaseJdbcLogger.java:143)- <====      Total: 1
2019-09-04 03:48:26,171 DEBUG (BaseJdbcLogger.java:143)- ====>  Preparing: select id, name, sex, birthday, phone, ID_number, email, parent_phone, adress, major, state from student_basic where id = ? 
2019-09-04 03:48:26,172 DEBUG (BaseJdbcLogger.java:143)- ====> Parameters: 19515(String)
2019-09-04 03:48:26,172 DEBUG (BaseJdbcLogger.java:143)- <====      Total: 1
2019-09-04 03:48:26,173 DEBUG (BaseJdbcLogger.java:143)- ====>  Preparing: select id, name, sex, birthday, phone, ID_number, email, parent_phone, adress, major, state from student_basic where id = ? 
2019-09-04 03:48:26,173 DEBUG (BaseJdbcLogger.java:143)- ====> Parameters: 19517(String)
2019-09-04 03:48:26,174 DEBUG (BaseJdbcLogger.java:143)- <====      Total: 1
2019-09-04 03:48:26,174 DEBUG (BaseJdbcLogger.java:143)- ====>  Preparing: select id, name, sex, birthday, phone, ID_number, email, parent_phone, adress, major, state from student_basic where id = ? 
2019-09-04 03:48:26,174 DEBUG (BaseJdbcLogger.java:143)- ====> Parameters: 19518(String)
2019-09-04 03:48:26,175 DEBUG (BaseJdbcLogger.java:143)- <====      Total: 1
2019-09-04 03:48:26,175 DEBUG (BaseJdbcLogger.java:143)- ====>  Preparing: select id, name, sex, birthday, phone, ID_number, email, parent_phone, adress, major, state from student_basic where id = ? 
2019-09-04 03:48:26,176 DEBUG (BaseJdbcLogger.java:143)- ====> Parameters: 19521(String)
2019-09-04 03:48:26,176 DEBUG (BaseJdbcLogger.java:143)- <====      Total: 1
2019-09-04 03:48:26,177 DEBUG (BaseJdbcLogger.java:143)- ====>  Preparing: select id, name, sex, birthday, phone, ID_number, email, parent_phone, adress, major, state from student_basic where id = ? 
2019-09-04 03:48:26,177 DEBUG (BaseJdbcLogger.java:143)- ====> Parameters: 19523(String)
2019-09-04 03:48:26,178 DEBUG (BaseJdbcLogger.java:143)- <====      Total: 1
2019-09-04 03:48:26,178 DEBUG (BaseJdbcLogger.java:143)- ====>  Preparing: select id, name, sex, birthday, phone, ID_number, email, parent_phone, adress, major, state from student_basic where id = ? 
2019-09-04 03:48:26,179 DEBUG (BaseJdbcLogger.java:143)- ====> Parameters: 19524(String)
2019-09-04 03:48:26,179 DEBUG (BaseJdbcLogger.java:143)- <====      Total: 1
2019-09-04 03:48:26,180 DEBUG (BaseJdbcLogger.java:143)- ====>  Preparing: select id, name, sex, birthday, phone, ID_number, email, parent_phone, adress, major, state from student_basic where id = ? 
2019-09-04 03:48:26,180 DEBUG (BaseJdbcLogger.java:143)- ====> Parameters: 19528(String)
2019-09-04 03:48:26,181 DEBUG (BaseJdbcLogger.java:143)- <====      Total: 1
2019-09-04 03:48:26,181 DEBUG (BaseJdbcLogger.java:143)- ====>  Preparing: select id, name, sex, birthday, phone, ID_number, email, parent_phone, adress, major, state from student_basic where id = ? 
2019-09-04 03:48:26,181 DEBUG (BaseJdbcLogger.java:143)- ====> Parameters: 19532(String)
2019-09-04 03:48:26,182 DEBUG (BaseJdbcLogger.java:143)- <====      Total: 1
2019-09-04 03:48:26,183 DEBUG (BaseJdbcLogger.java:143)- ====>  Preparing: select id, name, sex, birthday, phone, ID_number, email, parent_phone, adress, major, state from student_basic where id = ? 
2019-09-04 03:48:26,183 DEBUG (BaseJdbcLogger.java:143)- ====> Parameters: 19534(String)
2019-09-04 03:48:26,184 DEBUG (BaseJdbcLogger.java:143)- <====      Total: 1
2019-09-04 03:48:26,184 DEBUG (BaseJdbcLogger.java:143)- ====>  Preparing: select id, name, sex, birthday, phone, ID_number, email, parent_phone, adress, major, state from student_basic where id = ? 
2019-09-04 03:48:26,184 DEBUG (BaseJdbcLogger.java:143)- ====> Parameters: 19535(String)
2019-09-04 03:48:26,185 DEBUG (BaseJdbcLogger.java:143)- <====      Total: 1
2019-09-04 03:48:26,185 DEBUG (BaseJdbcLogger.java:143)- ====>  Preparing: select id, name, sex, birthday, phone, ID_number, email, parent_phone, adress, major, state from student_basic where id = ? 
2019-09-04 03:48:26,185 DEBUG (BaseJdbcLogger.java:143)- ====> Parameters: 19536(String)
2019-09-04 03:48:26,186 DEBUG (BaseJdbcLogger.java:143)- <====      Total: 1
2019-09-04 03:48:26,187 DEBUG (BaseJdbcLogger.java:143)- ====>  Preparing: select id, name, sex, birthday, phone, ID_number, email, parent_phone, adress, major, state from student_basic where id = ? 
2019-09-04 03:48:26,187 DEBUG (BaseJdbcLogger.java:143)- ====> Parameters: 19537(String)
2019-09-04 03:48:26,188 DEBUG (BaseJdbcLogger.java:143)- <====      Total: 1
2019-09-04 03:48:26,188 DEBUG (BaseJdbcLogger.java:143)- ====>  Preparing: select id, name, sex, birthday, phone, ID_number, email, parent_phone, adress, major, state from student_basic where id = ? 
2019-09-04 03:48:26,189 DEBUG (BaseJdbcLogger.java:143)- ====> Parameters: 19539(String)
2019-09-04 03:48:26,189 DEBUG (BaseJdbcLogger.java:143)- <====      Total: 1
2019-09-04 03:48:26,190 DEBUG (BaseJdbcLogger.java:143)- ====>  Preparing: select id, name, sex, birthday, phone, ID_number, email, parent_phone, adress, major, state from student_basic where id = ? 
2019-09-04 03:48:26,190 DEBUG (BaseJdbcLogger.java:143)- ====> Parameters: 19541(String)
2019-09-04 03:48:26,191 DEBUG (BaseJdbcLogger.java:143)- <====      Total: 1
2019-09-04 03:48:26,191 DEBUG (BaseJdbcLogger.java:143)- ====>  Preparing: select id, name, sex, birthday, phone, ID_number, email, parent_phone, adress, major, state from student_basic where id = ? 
2019-09-04 03:48:26,192 DEBUG (BaseJdbcLogger.java:143)- ====> Parameters: 19543(String)
2019-09-04 03:48:26,192 DEBUG (BaseJdbcLogger.java:143)- <====      Total: 1
2019-09-04 03:48:26,192 DEBUG (BaseJdbcLogger.java:143)- <==      Total: 16
2019-09-04 03:48:26,193 DEBUG (BaseJdbcLogger.java:143)- ==>  Preparing: select dormitory_allocation.id, dormitory_allocation.class_id, dormitory_allocation.dormitory_id,dormitory_allocation.number from dormitory_allocation,dormitory WHERE dormitory_allocation.dormitory_id=dormitory.id and dormitory.sex=? and class_id = ? 
2019-09-04 03:48:26,193 DEBUG (BaseJdbcLogger.java:143)- ==> Parameters: 男(String), 082803201902(String)
2019-09-04 03:48:26,194 DEBUG (BaseJdbcLogger.java:143)- <==      Total: 0
2019-09-04 03:48:26,195 DEBUG (BaseJdbcLogger.java:143)- ==>  Preparing: select student_status.id,student_status.basic_id, student_status.student_id, student_status.class_id from student_status,student_basic where student_status.basic_id=student_basic.id and student_basic.sex=? and student_status.class_id=? 
2019-09-04 03:48:26,195 DEBUG (BaseJdbcLogger.java:143)- ==> Parameters: 男(String), 082803201903(String)
2019-09-04 03:48:26,197 DEBUG (BaseJdbcLogger.java:143)- ====>  Preparing: select id, name, sex, birthday, phone, ID_number, email, parent_phone, adress, major, state from student_basic where id = ? 
2019-09-04 03:48:26,197 DEBUG (BaseJdbcLogger.java:143)- ====> Parameters: 19544(String)
2019-09-04 03:48:26,198 DEBUG (BaseJdbcLogger.java:143)- <====      Total: 1
2019-09-04 03:48:26,198 DEBUG (BaseJdbcLogger.java:143)- ====>  Preparing: select id, class_id, name, director, grade, major_id from class where class_id = ? 
2019-09-04 03:48:26,199 DEBUG (BaseJdbcLogger.java:143)- ====> Parameters: 082803201903(String)
2019-09-04 03:48:26,200 DEBUG (BaseJdbcLogger.java:143)- ======>  Preparing: select id, major_id, name, price, department_id from major where major_id = ? 
2019-09-04 03:48:26,200 DEBUG (BaseJdbcLogger.java:143)- ======> Parameters: 082803(String)
2019-09-04 03:48:26,201 DEBUG (BaseJdbcLogger.java:143)- <======      Total: 1
2019-09-04 03:48:26,201 DEBUG (BaseJdbcLogger.java:143)- <====      Total: 1
2019-09-04 03:48:26,202 DEBUG (BaseJdbcLogger.java:143)- ====>  Preparing: select id, name, sex, birthday, phone, ID_number, email, parent_phone, adress, major, state from student_basic where id = ? 
2019-09-04 03:48:26,202 DEBUG (BaseJdbcLogger.java:143)- ====> Parameters: 19545(String)
2019-09-04 03:48:26,203 DEBUG (BaseJdbcLogger.java:143)- <====      Total: 1
2019-09-04 03:48:26,203 DEBUG (BaseJdbcLogger.java:143)- ====>  Preparing: select id, name, sex, birthday, phone, ID_number, email, parent_phone, adress, major, state from student_basic where id = ? 
2019-09-04 03:48:26,204 DEBUG (BaseJdbcLogger.java:143)- ====> Parameters: 19547(String)
2019-09-04 03:48:26,206 DEBUG (BaseJdbcLogger.java:143)- <====      Total: 1
2019-09-04 03:48:26,206 DEBUG (BaseJdbcLogger.java:143)- ====>  Preparing: select id, name, sex, birthday, phone, ID_number, email, parent_phone, adress, major, state from student_basic where id = ? 
2019-09-04 03:48:26,207 DEBUG (BaseJdbcLogger.java:143)- ====> Parameters: 19548(String)
2019-09-04 03:48:26,208 DEBUG (BaseJdbcLogger.java:143)- <====      Total: 1
2019-09-04 03:48:26,209 DEBUG (BaseJdbcLogger.java:143)- ====>  Preparing: select id, name, sex, birthday, phone, ID_number, email, parent_phone, adress, major, state from student_basic where id = ? 
2019-09-04 03:48:26,209 DEBUG (BaseJdbcLogger.java:143)- ====> Parameters: 19550(String)
2019-09-04 03:48:26,210 DEBUG (BaseJdbcLogger.java:143)- <====      Total: 1
2019-09-04 03:48:26,210 DEBUG (BaseJdbcLogger.java:143)- ====>  Preparing: select id, name, sex, birthday, phone, ID_number, email, parent_phone, adress, major, state from student_basic where id = ? 
2019-09-04 03:48:26,210 DEBUG (BaseJdbcLogger.java:143)- ====> Parameters: 19553(String)
2019-09-04 03:48:26,211 DEBUG (BaseJdbcLogger.java:143)- <====      Total: 1
2019-09-04 03:48:26,212 DEBUG (BaseJdbcLogger.java:143)- ====>  Preparing: select id, name, sex, birthday, phone, ID_number, email, parent_phone, adress, major, state from student_basic where id = ? 
2019-09-04 03:48:26,213 DEBUG (BaseJdbcLogger.java:143)- ====> Parameters: 19555(String)
2019-09-04 03:48:26,213 DEBUG (BaseJdbcLogger.java:143)- <====      Total: 1
2019-09-04 03:48:26,214 DEBUG (BaseJdbcLogger.java:143)- ====>  Preparing: select id, name, sex, birthday, phone, ID_number, email, parent_phone, adress, major, state from student_basic where id = ? 
2019-09-04 03:48:26,214 DEBUG (BaseJdbcLogger.java:143)- ====> Parameters: 19561(String)
2019-09-04 03:48:26,215 DEBUG (BaseJdbcLogger.java:143)- <====      Total: 1
2019-09-04 03:48:26,216 DEBUG (BaseJdbcLogger.java:143)- ====>  Preparing: select id, name, sex, birthday, phone, ID_number, email, parent_phone, adress, major, state from student_basic where id = ? 
2019-09-04 03:48:26,216 DEBUG (BaseJdbcLogger.java:143)- ====> Parameters: 19562(String)
2019-09-04 03:48:26,217 DEBUG (BaseJdbcLogger.java:143)- <====      Total: 1
2019-09-04 03:48:26,218 DEBUG (BaseJdbcLogger.java:143)- ====>  Preparing: select id, name, sex, birthday, phone, ID_number, email, parent_phone, adress, major, state from student_basic where id = ? 
2019-09-04 03:48:26,218 DEBUG (BaseJdbcLogger.java:143)- ====> Parameters: 19564(String)
2019-09-04 03:48:26,219 DEBUG (BaseJdbcLogger.java:143)- <====      Total: 1
2019-09-04 03:48:26,219 DEBUG (BaseJdbcLogger.java:143)- ====>  Preparing: select id, name, sex, birthday, phone, ID_number, email, parent_phone, adress, major, state from student_basic where id = ? 
2019-09-04 03:48:26,219 DEBUG (BaseJdbcLogger.java:143)- ====> Parameters: 19565(String)
2019-09-04 03:48:26,221 DEBUG (BaseJdbcLogger.java:143)- <====      Total: 1
2019-09-04 03:48:26,221 DEBUG (BaseJdbcLogger.java:143)- ====>  Preparing: select id, name, sex, birthday, phone, ID_number, email, parent_phone, adress, major, state from student_basic where id = ? 
2019-09-04 03:48:26,221 DEBUG (BaseJdbcLogger.java:143)- ====> Parameters: 19566(String)
2019-09-04 03:48:26,222 DEBUG (BaseJdbcLogger.java:143)- <====      Total: 1
2019-09-04 03:48:26,223 DEBUG (BaseJdbcLogger.java:143)- ====>  Preparing: select id, name, sex, birthday, phone, ID_number, email, parent_phone, adress, major, state from student_basic where id = ? 
2019-09-04 03:48:26,223 DEBUG (BaseJdbcLogger.java:143)- ====> Parameters: 19567(String)
2019-09-04 03:48:26,223 DEBUG (BaseJdbcLogger.java:143)- <====      Total: 1
2019-09-04 03:48:26,224 DEBUG (BaseJdbcLogger.java:143)- ====>  Preparing: select id, name, sex, birthday, phone, ID_number, email, parent_phone, adress, major, state from student_basic where id = ? 
2019-09-04 03:48:26,224 DEBUG (BaseJdbcLogger.java:143)- ====> Parameters: 19570(String)
2019-09-04 03:48:26,225 DEBUG (BaseJdbcLogger.java:143)- <====      Total: 1
2019-09-04 03:48:26,225 DEBUG (BaseJdbcLogger.java:143)- ====>  Preparing: select id, name, sex, birthday, phone, ID_number, email, parent_phone, adress, major, state from student_basic where id = ? 
2019-09-04 03:48:26,226 DEBUG (BaseJdbcLogger.java:143)- ====> Parameters: 19573(String)
2019-09-04 03:48:26,227 DEBUG (BaseJdbcLogger.java:143)- <====      Total: 1
2019-09-04 03:48:26,227 DEBUG (BaseJdbcLogger.java:143)- ====>  Preparing: select id, name, sex, birthday, phone, ID_number, email, parent_phone, adress, major, state from student_basic where id = ? 
2019-09-04 03:48:26,227 DEBUG (BaseJdbcLogger.java:143)- ====> Parameters: 19574(String)
2019-09-04 03:48:26,228 DEBUG (BaseJdbcLogger.java:143)- <====      Total: 1
2019-09-04 03:48:26,228 DEBUG (BaseJdbcLogger.java:143)- <==      Total: 16
2019-09-04 03:48:26,228 DEBUG (BaseJdbcLogger.java:143)- ==>  Preparing: select dormitory_allocation.id, dormitory_allocation.class_id, dormitory_allocation.dormitory_id,dormitory_allocation.number from dormitory_allocation,dormitory WHERE dormitory_allocation.dormitory_id=dormitory.id and dormitory.sex=? and class_id = ? 
2019-09-04 03:48:26,229 DEBUG (BaseJdbcLogger.java:143)- ==> Parameters: 男(String), 082803201903(String)
2019-09-04 03:48:26,229 DEBUG (BaseJdbcLogger.java:143)- <==      Total: 0
2019-09-04 03:48:26,230 DEBUG (BaseJdbcLogger.java:143)- ==>  Preparing: select student_status.id,student_status.basic_id, student_status.student_id, student_status.class_id from student_status,student_basic where student_status.basic_id=student_basic.id and student_basic.sex=? and student_status.class_id=? 
2019-09-04 03:48:26,230 DEBUG (BaseJdbcLogger.java:143)- ==> Parameters: 男(String), 080205201904(String)
2019-09-04 03:48:26,232 DEBUG (BaseJdbcLogger.java:143)- ====>  Preparing: select id, name, sex, birthday, phone, ID_number, email, parent_phone, adress, major, state from student_basic where id = ? 
2019-09-04 03:48:26,232 DEBUG (BaseJdbcLogger.java:143)- ====> Parameters: 19752(String)
2019-09-04 03:48:26,233 DEBUG (BaseJdbcLogger.java:143)- <====      Total: 1
2019-09-04 03:48:26,234 DEBUG (BaseJdbcLogger.java:143)- ====>  Preparing: select id, class_id, name, director, grade, major_id from class where class_id = ? 
2019-09-04 03:48:26,234 DEBUG (BaseJdbcLogger.java:143)- ====> Parameters: 080205201904(String)
2019-09-04 03:48:26,235 DEBUG (BaseJdbcLogger.java:143)- ======>  Preparing: select id, major_id, name, price, department_id from major where major_id = ? 
2019-09-04 03:48:26,235 DEBUG (BaseJdbcLogger.java:143)- ======> Parameters: 080205(String)
2019-09-04 03:48:26,236 DEBUG (BaseJdbcLogger.java:143)- <======      Total: 1
2019-09-04 03:48:26,236 DEBUG (BaseJdbcLogger.java:143)- <====      Total: 1
2019-09-04 03:48:26,236 DEBUG (BaseJdbcLogger.java:143)- ====>  Preparing: select id, name, sex, birthday, phone, ID_number, email, parent_phone, adress, major, state from student_basic where id = ? 
2019-09-04 03:48:26,237 DEBUG (BaseJdbcLogger.java:143)- ====> Parameters: 19753(String)
2019-09-04 03:48:26,237 DEBUG (BaseJdbcLogger.java:143)- <====      Total: 1
2019-09-04 03:48:26,238 DEBUG (BaseJdbcLogger.java:143)- ====>  Preparing: select id, name, sex, birthday, phone, ID_number, email, parent_phone, adress, major, state from student_basic where id = ? 
2019-09-04 03:48:26,238 DEBUG (BaseJdbcLogger.java:143)- ====> Parameters: 19754(String)
2019-09-04 03:48:26,239 DEBUG (BaseJdbcLogger.java:143)- <====      Total: 1
2019-09-04 03:48:26,239 DEBUG (BaseJdbcLogger.java:143)- ====>  Preparing: select id, name, sex, birthday, phone, ID_number, email, parent_phone, adress, major, state from student_basic where id = ? 
2019-09-04 03:48:26,240 DEBUG (BaseJdbcLogger.java:143)- ====> Parameters: 19755(String)
2019-09-04 03:48:26,241 DEBUG (BaseJdbcLogger.java:143)- <====      Total: 1
2019-09-04 03:48:26,241 DEBUG (BaseJdbcLogger.java:143)- ====>  Preparing: select id, name, sex, birthday, phone, ID_number, email, parent_phone, adress, major, state from student_basic where id = ? 
2019-09-04 03:48:26,241 DEBUG (BaseJdbcLogger.java:143)- ====> Parameters: 19757(String)
2019-09-04 03:48:26,242 DEBUG (BaseJdbcLogger.java:143)- <====      Total: 1
2019-09-04 03:48:26,242 DEBUG (BaseJdbcLogger.java:143)- ====>  Preparing: select id, name, sex, birthday, phone, ID_number, email, parent_phone, adress, major, state from student_basic where id = ? 
2019-09-04 03:48:26,243 DEBUG (BaseJdbcLogger.java:143)- ====> Parameters: 19760(String)
2019-09-04 03:48:26,243 DEBUG (BaseJdbcLogger.java:143)- <====      Total: 1
2019-09-04 03:48:26,244 DEBUG (BaseJdbcLogger.java:143)- ====>  Preparing: select id, name, sex, birthday, phone, ID_number, email, parent_phone, adress, major, state from student_basic where id = ? 
2019-09-04 03:48:26,244 DEBUG (BaseJdbcLogger.java:143)- ====> Parameters: 19762(String)
2019-09-04 03:48:26,245 DEBUG (BaseJdbcLogger.java:143)- <====      Total: 1
2019-09-04 03:48:26,245 DEBUG (BaseJdbcLogger.java:143)- ====>  Preparing: select id, name, sex, birthday, phone, ID_number, email, parent_phone, adress, major, state from student_basic where id = ? 
2019-09-04 03:48:26,245 DEBUG (BaseJdbcLogger.java:143)- ====> Parameters: 19763(String)
2019-09-04 03:48:26,246 DEBUG (BaseJdbcLogger.java:143)- <====      Total: 1
2019-09-04 03:48:26,246 DEBUG (BaseJdbcLogger.java:143)- ====>  Preparing: select id, name, sex, birthday, phone, ID_number, email, parent_phone, adress, major, state from student_basic where id = ? 
2019-09-04 03:48:26,246 DEBUG (BaseJdbcLogger.java:143)- ====> Parameters: 19765(String)
2019-09-04 03:48:26,247 DEBUG (BaseJdbcLogger.java:143)- <====      Total: 1
2019-09-04 03:48:26,248 DEBUG (BaseJdbcLogger.java:143)- ====>  Preparing: select id, name, sex, birthday, phone, ID_number, email, parent_phone, adress, major, state from student_basic where id = ? 
2019-09-04 03:48:26,248 DEBUG (BaseJdbcLogger.java:143)- ====> Parameters: 19766(String)
2019-09-04 03:48:26,248 DEBUG (BaseJdbcLogger.java:143)- <====      Total: 1
2019-09-04 03:48:26,249 DEBUG (BaseJdbcLogger.java:143)- ====>  Preparing: select id, name, sex, birthday, phone, ID_number, email, parent_phone, adress, major, state from student_basic where id = ? 
2019-09-04 03:48:26,250 DEBUG (BaseJdbcLogger.java:143)- ====> Parameters: 19767(String)
2019-09-04 03:48:26,250 DEBUG (BaseJdbcLogger.java:143)- <====      Total: 1
2019-09-04 03:48:26,250 DEBUG (BaseJdbcLogger.java:143)- ====>  Preparing: select id, name, sex, birthday, phone, ID_number, email, parent_phone, adress, major, state from student_basic where id = ? 
2019-09-04 03:48:26,251 DEBUG (BaseJdbcLogger.java:143)- ====> Parameters: 19769(String)
2019-09-04 03:48:26,251 DEBUG (BaseJdbcLogger.java:143)- <====      Total: 1
2019-09-04 03:48:26,252 DEBUG (BaseJdbcLogger.java:143)- ====>  Preparing: select id, name, sex, birthday, phone, ID_number, email, parent_phone, adress, major, state from student_basic where id = ? 
2019-09-04 03:48:26,252 DEBUG (BaseJdbcLogger.java:143)- ====> Parameters: 19771(String)
2019-09-04 03:48:26,253 DEBUG (BaseJdbcLogger.java:143)- <====      Total: 1
2019-09-04 03:48:26,253 DEBUG (BaseJdbcLogger.java:143)- ====>  Preparing: select id, name, sex, birthday, phone, ID_number, email, parent_phone, adress, major, state from student_basic where id = ? 
2019-09-04 03:48:26,254 DEBUG (BaseJdbcLogger.java:143)- ====> Parameters: 19773(String)
2019-09-04 03:48:26,254 DEBUG (BaseJdbcLogger.java:143)- <====      Total: 1
2019-09-04 03:48:26,255 DEBUG (BaseJdbcLogger.java:143)- ====>  Preparing: select id, name, sex, birthday, phone, ID_number, email, parent_phone, adress, major, state from student_basic where id = ? 
2019-09-04 03:48:26,255 DEBUG (BaseJdbcLogger.java:143)- ====> Parameters: 19774(String)
2019-09-04 03:48:26,256 DEBUG (BaseJdbcLogger.java:143)- <====      Total: 1
2019-09-04 03:48:26,256 DEBUG (BaseJdbcLogger.java:143)- ====>  Preparing: select id, name, sex, birthday, phone, ID_number, email, parent_phone, adress, major, state from student_basic where id = ? 
2019-09-04 03:48:26,256 DEBUG (BaseJdbcLogger.java:143)- ====> Parameters: 19776(String)
2019-09-04 03:48:26,257 DEBUG (BaseJdbcLogger.java:143)- <====      Total: 1
2019-09-04 03:48:26,258 DEBUG (BaseJdbcLogger.java:143)- ====>  Preparing: select id, name, sex, birthday, phone, ID_number, email, parent_phone, adress, major, state from student_basic where id = ? 
2019-09-04 03:48:26,258 DEBUG (BaseJdbcLogger.java:143)- ====> Parameters: 19778(String)
2019-09-04 03:48:26,259 DEBUG (BaseJdbcLogger.java:143)- <====      Total: 1
2019-09-04 03:48:26,259 DEBUG (BaseJdbcLogger.java:143)- ====>  Preparing: select id, name, sex, birthday, phone, ID_number, email, parent_phone, adress, major, state from student_basic where id = ? 
2019-09-04 03:48:26,259 DEBUG (BaseJdbcLogger.java:143)- ====> Parameters: 19780(String)
2019-09-04 03:48:26,260 DEBUG (BaseJdbcLogger.java:143)- <====      Total: 1
2019-09-04 03:48:26,260 DEBUG (BaseJdbcLogger.java:143)- ====>  Preparing: select id, name, sex, birthday, phone, ID_number, email, parent_phone, adress, major, state from student_basic where id = ? 
2019-09-04 03:48:26,260 DEBUG (BaseJdbcLogger.java:143)- ====> Parameters: 19783(String)
2019-09-04 03:48:26,261 DEBUG (BaseJdbcLogger.java:143)- <====      Total: 1
2019-09-04 03:48:26,261 DEBUG (BaseJdbcLogger.java:143)- ====>  Preparing: select id, name, sex, birthday, phone, ID_number, email, parent_phone, adress, major, state from student_basic where id = ? 
2019-09-04 03:48:26,262 DEBUG (BaseJdbcLogger.java:143)- ====> Parameters: 19785(String)
2019-09-04 03:48:26,263 DEBUG (BaseJdbcLogger.java:143)- <====      Total: 1
2019-09-04 03:48:26,263 DEBUG (BaseJdbcLogger.java:143)- ====>  Preparing: select id, name, sex, birthday, phone, ID_number, email, parent_phone, adress, major, state from student_basic where id = ? 
2019-09-04 03:48:26,264 DEBUG (BaseJdbcLogger.java:143)- ====> Parameters: 19786(String)
2019-09-04 03:48:26,265 DEBUG (BaseJdbcLogger.java:143)- <====      Total: 1
2019-09-04 03:48:26,265 DEBUG (BaseJdbcLogger.java:143)- ====>  Preparing: select id, name, sex, birthday, phone, ID_number, email, parent_phone, adress, major, state from student_basic where id = ? 
2019-09-04 03:48:26,266 DEBUG (BaseJdbcLogger.java:143)- ====> Parameters: 19789(String)
2019-09-04 03:48:26,267 DEBUG (BaseJdbcLogger.java:143)- <====      Total: 1
2019-09-04 03:48:26,268 DEBUG (BaseJdbcLogger.java:143)- <==      Total: 22
2019-09-04 03:48:26,268 DEBUG (BaseJdbcLogger.java:143)- ==>  Preparing: select dormitory_allocation.id, dormitory_allocation.class_id, dormitory_allocation.dormitory_id,dormitory_allocation.number from dormitory_allocation,dormitory WHERE dormitory_allocation.dormitory_id=dormitory.id and dormitory.sex=? and class_id = ? 
2019-09-04 03:48:26,269 DEBUG (BaseJdbcLogger.java:143)- ==> Parameters: 男(String), 080205201904(String)
2019-09-04 03:48:26,269 DEBUG (BaseJdbcLogger.java:143)- <==      Total: 0
