2019-09-04 03:51:42,835 DEBUG (BaseJdbcLogger.java:143)- ==>  Preparing: insert into dormitory_allocation (class_id, dormitory_id,number) values ( ?, ?, ? ) 
2019-09-04 03:51:42,838 DEBUG (BaseJdbcLogger.java:143)- ==> Parameters: 081001201902(String), 9(Integer), 5(Integer)
2019-09-04 03:51:42,847 DEBUG (BaseJdbcLogger.java:143)- <==    Updates: 1
2019-09-04 03:51:42,848 DEBUG (BaseJdbcLogger.java:143)- ==>  Preparing: select id, dong, floor, room, sex, number, rent,hasnumber from dormitory where id = ? 
2019-09-04 03:51:42,850 DEBUG (BaseJdbcLogger.java:143)- ==> Parameters: 9(Integer)
2019-09-04 03:51:42,852 DEBUG (BaseJdbcLogger.java:143)- <==      Total: 1
2019-09-04 03:51:42,853 DEBUG (BaseJdbcLogger.java:143)- ==>  Preparing: update dormitory set dong = ?, floor = ?, room = ?, sex = ?, number = ?, rent = ?, hasnumber = ? where id = ? 
2019-09-04 03:51:42,854 DEBUG (BaseJdbcLogger.java:143)- ==> Parameters: 1A(String), 1(Integer), 9(Integer), 男(String), 5(Integer), 1250(String), 5(Integer), 9(Integer)
2019-09-04 03:51:42,856 DEBUG (BaseJdbcLogger.java:143)- <==    Updates: 1
2019-09-04 03:51:42,877 DEBUG (BaseJdbcLogger.java:143)- ==>  Preparing: select id, class_id, name, director, grade, major_id from class 
2019-09-04 03:51:42,879 DEBUG (BaseJdbcLogger.java:143)- ==> Parameters: 
2019-09-04 03:51:42,880 DEBUG (BaseJdbcLogger.java:143)- ====>  Preparing: select id, major_id, name, price, department_id from major where major_id = ? 
2019-09-04 03:51:42,881 DEBUG (BaseJdbcLogger.java:143)- ====> Parameters: 081001(String)
2019-09-04 03:51:42,882 DEBUG (BaseJdbcLogger.java:143)- <====      Total: 1
2019-09-04 03:51:42,883 DEBUG (BaseJdbcLogger.java:143)- ====>  Preparing: select id, major_id, name, price, department_id from major where major_id = ? 
2019-09-04 03:51:42,884 DEBUG (BaseJdbcLogger.java:143)- ====> Parameters: 080205(String)
2019-09-04 03:51:42,884 DEBUG (BaseJdbcLogger.java:143)- ==>  Preparing: select DISTINCT dormitory.dong from dormitory where dormitory.sex=? 
2019-09-04 03:51:42,885 DEBUG (BaseJdbcLogger.java:143)- ==> Parameters: 男(String)
2019-09-04 03:51:42,885 DEBUG (BaseJdbcLogger.java:143)- <====      Total: 1
2019-09-04 03:51:42,886 DEBUG (BaseJdbcLogger.java:143)- ====>  Preparing: select id, major_id, name, price, department_id from major where major_id = ? 
2019-09-04 03:51:42,886 DEBUG (BaseJdbcLogger.java:143)- ====> Parameters: 130503(String)
2019-09-04 03:51:42,887 DEBUG (BaseJdbcLogger.java:143)- <==      Total: 2
