2019-09-02 12:39:21,759 DEBUG (BaseJdbcLogger.java:143)- ==>  Preparing: select id, class_id, name, director, grade, major_id from class 
2019-09-02 12:39:21,761 DEBUG (BaseJdbcLogger.java:143)- ==> Parameters: 
2019-09-02 12:39:21,761 DEBUG (BaseJdbcLogger.java:143)- ====>  Preparing: select id, major_id, name, price, department_id from major where major_id = ? 
2019-09-02 12:39:21,762 DEBUG (BaseJdbcLogger.java:143)- ====> Parameters: 081001(String)
2019-09-02 12:39:21,765 DEBUG (BaseJdbcLogger.java:143)- <====      Total: 1
2019-09-02 12:39:21,766 DEBUG (BaseJdbcLogger.java:143)- ====>  Preparing: select id, major_id, name, price, department_id from major where major_id = ? 
2019-09-02 12:39:21,768 DEBUG (BaseJdbcLogger.java:143)- ====> Parameters: 080205(String)
2019-09-02 12:39:21,774 DEBUG (BaseJdbcLogger.java:143)- <====      Total: 1
2019-09-02 12:39:21,775 DEBUG (BaseJdbcLogger.java:143)- ====>  Preparing: select id, major_id, name, price, department_id from major where major_id = ? 
2019-09-02 12:39:21,776 DEBUG (BaseJdbcLogger.java:143)- ====> Parameters: 130503(String)
2019-09-02 12:39:21,777 DEBUG (BaseJdbcLogger.java:143)- <====      Total: 1
2019-09-02 12:39:21,777 DEBUG (BaseJdbcLogger.java:143)- ====>  Preparing: select id, major_id, name, price, department_id from major where major_id = ? 
2019-09-02 12:39:21,777 DEBUG (BaseJdbcLogger.java:143)- ====> Parameters: 080702(String)
2019-09-02 12:39:21,778 DEBUG (BaseJdbcLogger.java:143)- <====      Total: 1
2019-09-02 12:39:21,779 DEBUG (BaseJdbcLogger.java:143)- ====>  Preparing: select id, major_id, name, price, department_id from major where major_id = ? 
2019-09-02 12:39:21,779 DEBUG (BaseJdbcLogger.java:143)- ====> Parameters: 080901(String)
2019-09-02 12:39:21,781 DEBUG (BaseJdbcLogger.java:143)- <====      Total: 1
2019-09-02 12:39:21,783 DEBUG (BaseJdbcLogger.java:143)- ====>  Preparing: select id, major_id, name, price, department_id from major where major_id = ? 
2019-09-02 12:39:21,785 DEBUG (BaseJdbcLogger.java:143)- ====> Parameters: 080703(String)
2019-09-02 12:39:21,789 DEBUG (BaseJdbcLogger.java:143)- <====      Total: 1
2019-09-02 12:39:21,791 DEBUG (BaseJdbcLogger.java:143)- ====>  Preparing: select id, major_id, name, price, department_id from major where major_id = ? 
2019-09-02 12:39:21,792 DEBUG (BaseJdbcLogger.java:143)- ====> Parameters: 082803(String)
2019-09-02 12:39:21,793 DEBUG (BaseJdbcLogger.java:143)- <====      Total: 1
2019-09-02 12:39:21,793 DEBUG (BaseJdbcLogger.java:143)- <==      Total: 22
2019-09-02 12:39:21,794 DEBUG (BaseJdbcLogger.java:143)- ==>  Preparing: select student_status.id,student_status.basic_id, student_status.student_id, student_status.class_id from student_status,student_basic where student_status.basic_id=student_basic.id and student_basic.sex=? and student_status.class_id=? 
2019-09-02 12:39:21,794 DEBUG (BaseJdbcLogger.java:143)- ==> Parameters: 男(String), 081001201901(String)
2019-09-02 12:39:21,796 DEBUG (BaseJdbcLogger.java:143)- ====>  Preparing: select id, name, sex, birthday, phone, ID_number, email, parent_phone, adress, major, state from student_basic where id = ? 
2019-09-02 12:39:21,796 DEBUG (BaseJdbcLogger.java:143)- ====> Parameters: 18158(String)
2019-09-02 12:39:21,799 DEBUG (BaseJdbcLogger.java:143)- <====      Total: 1
2019-09-02 12:39:21,801 DEBUG (BaseJdbcLogger.java:143)- ====>  Preparing: select id, class_id, name, director, grade, major_id from class where class_id = ? 
2019-09-02 12:39:21,804 DEBUG (BaseJdbcLogger.java:143)- ====> Parameters: 081001201901(String)
2019-09-02 12:39:21,807 DEBUG (BaseJdbcLogger.java:143)- ======>  Preparing: select id, major_id, name, price, department_id from major where major_id = ? 
2019-09-02 12:39:21,807 DEBUG (BaseJdbcLogger.java:143)- ======> Parameters: 081001(String)
2019-09-02 12:39:21,808 DEBUG (BaseJdbcLogger.java:143)- <======      Total: 1
2019-09-02 12:39:21,809 DEBUG (BaseJdbcLogger.java:143)- <====      Total: 1
2019-09-02 12:39:21,809 DEBUG (BaseJdbcLogger.java:143)- ====>  Preparing: select id, name, sex, birthday, phone, ID_number, email, parent_phone, adress, major, state from student_basic where id = ? 
2019-09-02 12:39:21,809 DEBUG (BaseJdbcLogger.java:143)- ====> Parameters: 18162(String)
2019-09-02 12:39:21,810 DEBUG (BaseJdbcLogger.java:143)- <====      Total: 1
2019-09-02 12:39:21,811 DEBUG (BaseJdbcLogger.java:143)- ====>  Preparing: select id, name, sex, birthday, phone, ID_number, email, parent_phone, adress, major, state from student_basic where id = ? 
2019-09-02 12:39:21,812 DEBUG (BaseJdbcLogger.java:143)- ====> Parameters: 18163(String)
2019-09-02 12:39:21,814 DEBUG (BaseJdbcLogger.java:143)- <====      Total: 1
2019-09-02 12:39:21,816 DEBUG (BaseJdbcLogger.java:143)- ====>  Preparing: select id, name, sex, birthday, phone, ID_number, email, parent_phone, adress, major, state from student_basic where id = ? 
2019-09-02 12:39:21,817 DEBUG (BaseJdbcLogger.java:143)- ====> Parameters: 18165(String)
2019-09-02 12:39:21,821 DEBUG (BaseJdbcLogger.java:143)- <====      Total: 1
2019-09-02 12:39:21,823 DEBUG (BaseJdbcLogger.java:143)- ====>  Preparing: select id, name, sex, birthday, phone, ID_number, email, parent_phone, adress, major, state from student_basic where id = ? 
2019-09-02 12:39:21,824 DEBUG (BaseJdbcLogger.java:143)- ====> Parameters: 18167(String)
2019-09-02 12:39:21,825 DEBUG (BaseJdbcLogger.java:143)- <====      Total: 1
2019-09-02 12:39:21,825 DEBUG (BaseJdbcLogger.java:143)- ====>  Preparing: select id, name, sex, birthday, phone, ID_number, email, parent_phone, adress, major, state from student_basic where id = ? 
2019-09-02 12:39:21,826 DEBUG (BaseJdbcLogger.java:143)- ====> Parameters: 18168(String)
2019-09-02 12:39:21,827 DEBUG (BaseJdbcLogger.java:143)- <====      Total: 1
2019-09-02 12:39:21,828 DEBUG (BaseJdbcLogger.java:143)- ====>  Preparing: select id, name, sex, birthday, phone, ID_number, email, parent_phone, adress, major, state from student_basic where id = ? 
2019-09-02 12:39:21,828 DEBUG (BaseJdbcLogger.java:143)- ====> Parameters: 18169(String)
2019-09-02 12:39:21,830 DEBUG (BaseJdbcLogger.java:143)- <====      Total: 1
2019-09-02 12:39:21,832 DEBUG (BaseJdbcLogger.java:143)- ====>  Preparing: select id, name, sex, birthday, phone, ID_number, email, parent_phone, adress, major, state from student_basic where id = ? 
2019-09-02 12:39:21,833 DEBUG (BaseJdbcLogger.java:143)- ====> Parameters: 18170(String)
2019-09-02 12:39:21,837 DEBUG (BaseJdbcLogger.java:143)- <====      Total: 1
2019-09-02 12:39:21,840 DEBUG (BaseJdbcLogger.java:143)- ====>  Preparing: select id, name, sex, birthday, phone, ID_number, email, parent_phone, adress, major, state from student_basic where id = ? 
2019-09-02 12:39:21,840 DEBUG (BaseJdbcLogger.java:143)- ====> Parameters: 18174(String)
2019-09-02 12:39:21,841 DEBUG (BaseJdbcLogger.java:143)- <====      Total: 1
2019-09-02 12:39:21,842 DEBUG (BaseJdbcLogger.java:143)- ====>  Preparing: select id, name, sex, birthday, phone, ID_number, email, parent_phone, adress, major, state from student_basic where id = ? 
2019-09-02 12:39:21,843 DEBUG (BaseJdbcLogger.java:143)- ====> Parameters: 18175(String)
2019-09-02 12:39:21,844 DEBUG (BaseJdbcLogger.java:143)- <====      Total: 1
2019-09-02 12:39:21,845 DEBUG (BaseJdbcLogger.java:143)- ====>  Preparing: select id, name, sex, birthday, phone, ID_number, email, parent_phone, adress, major, state from student_basic where id = ? 
2019-09-02 12:39:21,845 DEBUG (BaseJdbcLogger.java:143)- ====> Parameters: 18176(String)
2019-09-02 12:39:21,846 DEBUG (BaseJdbcLogger.java:143)- <====      Total: 1
2019-09-02 12:39:21,848 DEBUG (BaseJdbcLogger.java:143)- ====>  Preparing: select id, name, sex, birthday, phone, ID_number, email, parent_phone, adress, major, state from student_basic where id = ? 
2019-09-02 12:39:21,849 DEBUG (BaseJdbcLogger.java:143)- ====> Parameters: 18178(String)
2019-09-02 12:39:21,853 DEBUG (BaseJdbcLogger.java:143)- <====      Total: 1
2019-09-02 12:39:21,855 DEBUG (BaseJdbcLogger.java:143)- ====>  Preparing: select id, name, sex, birthday, phone, ID_number, email, parent_phone, adress, major, state from student_basic where id = ? 
2019-09-02 12:39:21,857 DEBUG (BaseJdbcLogger.java:143)- ====> Parameters: 18179(String)
2019-09-02 12:39:21,858 DEBUG (BaseJdbcLogger.java:143)- <====      Total: 1
2019-09-02 12:39:21,858 DEBUG (BaseJdbcLogger.java:143)- ====>  Preparing: select id, name, sex, birthday, phone, ID_number, email, parent_phone, adress, major, state from student_basic where id = ? 
2019-09-02 12:39:21,858 DEBUG (BaseJdbcLogger.java:143)- ====> Parameters: 18185(String)
2019-09-02 12:39:21,859 DEBUG (BaseJdbcLogger.java:143)- <====      Total: 1
2019-09-02 12:39:21,860 DEBUG (BaseJdbcLogger.java:143)- ====>  Preparing: select id, name, sex, birthday, phone, ID_number, email, parent_phone, adress, major, state from student_basic where id = ? 
2019-09-02 12:39:21,860 DEBUG (BaseJdbcLogger.java:143)- ====> Parameters: 18189(String)
2019-09-02 12:39:21,861 DEBUG (BaseJdbcLogger.java:143)- <====      Total: 1
2019-09-02 12:39:21,862 DEBUG (BaseJdbcLogger.java:143)- ====>  Preparing: select id, name, sex, birthday, phone, ID_number, email, parent_phone, adress, major, state from student_basic where id = ? 
2019-09-02 12:39:21,863 DEBUG (BaseJdbcLogger.java:143)- ====> Parameters: 18190(String)
2019-09-02 12:39:21,865 DEBUG (BaseJdbcLogger.java:143)- <====      Total: 1
2019-09-02 12:39:21,867 DEBUG (BaseJdbcLogger.java:143)- ====>  Preparing: select id, name, sex, birthday, phone, ID_number, email, parent_phone, adress, major, state from student_basic where id = ? 
2019-09-02 12:39:21,869 DEBUG (BaseJdbcLogger.java:143)- ====> Parameters: 18194(String)
2019-09-02 12:39:21,874 DEBUG (BaseJdbcLogger.java:143)- <====      Total: 1
2019-09-02 12:39:21,874 DEBUG (BaseJdbcLogger.java:143)- ====>  Preparing: select id, name, sex, birthday, phone, ID_number, email, parent_phone, adress, major, state from student_basic where id = ? 
2019-09-02 12:39:21,875 DEBUG (BaseJdbcLogger.java:143)- ====> Parameters: 18195(String)
2019-09-02 12:39:21,876 DEBUG (BaseJdbcLogger.java:143)- <====      Total: 1
2019-09-02 12:39:21,877 DEBUG (BaseJdbcLogger.java:143)- <==      Total: 18
2019-09-02 12:39:21,878 DEBUG (BaseJdbcLogger.java:143)- ==>  Preparing: select student_status.id,student_status.basic_id, student_status.student_id, student_status.class_id from student_status,student_basic where student_status.basic_id=student_basic.id and student_basic.sex=? and student_status.class_id=? 
2019-09-02 12:39:21,878 DEBUG (BaseJdbcLogger.java:143)- ==> Parameters: 女(String), 081001201901(String)
2019-09-02 12:39:21,880 DEBUG (BaseJdbcLogger.java:143)- ====>  Preparing: select id, name, sex, birthday, phone, ID_number, email, parent_phone, adress, major, state from student_basic where id = ? 
2019-09-02 12:39:21,882 DEBUG (BaseJdbcLogger.java:143)- ====> Parameters: 18157(String)
2019-09-02 12:39:21,886 DEBUG (BaseJdbcLogger.java:143)- <====      Total: 1
2019-09-02 12:39:21,888 DEBUG (BaseJdbcLogger.java:143)- ====>  Preparing: select id, class_id, name, director, grade, major_id from class where class_id = ? 
2019-09-02 12:39:21,890 DEBUG (BaseJdbcLogger.java:143)- ====> Parameters: 081001201901(String)
2019-09-02 12:39:21,891 DEBUG (BaseJdbcLogger.java:143)- ======>  Preparing: select id, major_id, name, price, department_id from major where major_id = ? 
2019-09-02 12:39:21,892 DEBUG (BaseJdbcLogger.java:143)- ======> Parameters: 081001(String)
2019-09-02 12:39:21,893 DEBUG (BaseJdbcLogger.java:143)- <======      Total: 1
2019-09-02 12:39:21,894 DEBUG (BaseJdbcLogger.java:143)- <====      Total: 1
2019-09-02 12:39:21,894 DEBUG (BaseJdbcLogger.java:143)- ====>  Preparing: select id, name, sex, birthday, phone, ID_number, email, parent_phone, adress, major, state from student_basic where id = ? 
2019-09-02 12:39:21,894 DEBUG (BaseJdbcLogger.java:143)- ====> Parameters: 18159(String)
2019-09-02 12:39:21,895 DEBUG (BaseJdbcLogger.java:143)- <====      Total: 1
2019-09-02 12:39:21,895 DEBUG (BaseJdbcLogger.java:143)- ====>  Preparing: select id, name, sex, birthday, phone, ID_number, email, parent_phone, adress, major, state from student_basic where id = ? 
2019-09-02 12:39:21,896 DEBUG (BaseJdbcLogger.java:143)- ====> Parameters: 18160(String)
2019-09-02 12:39:21,897 DEBUG (BaseJdbcLogger.java:143)- <====      Total: 1
2019-09-02 12:39:21,898 DEBUG (BaseJdbcLogger.java:143)- ====>  Preparing: select id, name, sex, birthday, phone, ID_number, email, parent_phone, adress, major, state from student_basic where id = ? 
2019-09-02 12:39:21,900 DEBUG (BaseJdbcLogger.java:143)- ====> Parameters: 18161(String)
2019-09-02 12:39:21,903 DEBUG (BaseJdbcLogger.java:143)- <====      Total: 1
2019-09-02 12:39:21,906 DEBUG (BaseJdbcLogger.java:143)- ====>  Preparing: select id, name, sex, birthday, phone, ID_number, email, parent_phone, adress, major, state from student_basic where id = ? 
2019-09-02 12:39:21,906 DEBUG (BaseJdbcLogger.java:143)- ====> Parameters: 18164(String)
2019-09-02 12:39:21,907 DEBUG (BaseJdbcLogger.java:143)- <====      Total: 1
2019-09-02 12:39:21,908 DEBUG (BaseJdbcLogger.java:143)- ====>  Preparing: select id, name, sex, birthday, phone, ID_number, email, parent_phone, adress, major, state from student_basic where id = ? 
2019-09-02 12:39:21,908 DEBUG (BaseJdbcLogger.java:143)- ====> Parameters: 18166(String)
2019-09-02 12:39:21,909 DEBUG (BaseJdbcLogger.java:143)- <====      Total: 1
2019-09-02 12:39:21,910 DEBUG (BaseJdbcLogger.java:143)- ====>  Preparing: select id, name, sex, birthday, phone, ID_number, email, parent_phone, adress, major, state from student_basic where id = ? 
2019-09-02 12:39:21,910 DEBUG (BaseJdbcLogger.java:143)- ====> Parameters: 18171(String)
2019-09-02 12:39:21,911 DEBUG (BaseJdbcLogger.java:143)- <====      Total: 1
2019-09-02 12:39:21,912 DEBUG (BaseJdbcLogger.java:143)- ====>  Preparing: select id, name, sex, birthday, phone, ID_number, email, parent_phone, adress, major, state from student_basic where id = ? 
2019-09-02 12:39:21,912 DEBUG (BaseJdbcLogger.java:143)- ====> Parameters: 18172(String)
2019-09-02 12:39:21,913 DEBUG (BaseJdbcLogger.java:143)- <====      Total: 1
2019-09-02 12:39:21,913 DEBUG (BaseJdbcLogger.java:143)- ====>  Preparing: select id, name, sex, birthday, phone, ID_number, email, parent_phone, adress, major, state from student_basic where id = ? 
2019-09-02 12:39:21,913 DEBUG (BaseJdbcLogger.java:143)- ====> Parameters: 18173(String)
2019-09-02 12:39:21,916 DEBUG (BaseJdbcLogger.java:143)- <====      Total: 1
2019-09-02 12:39:21,918 DEBUG (BaseJdbcLogger.java:143)- ====>  Preparing: select id, name, sex, birthday, phone, ID_number, email, parent_phone, adress, major, state from student_basic where id = ? 
2019-09-02 12:39:21,920 DEBUG (BaseJdbcLogger.java:143)- ====> Parameters: 18177(String)
2019-09-02 12:39:21,924 DEBUG (BaseJdbcLogger.java:143)- <====      Total: 1
2019-09-02 12:39:21,925 DEBUG (BaseJdbcLogger.java:143)- ====>  Preparing: select id, name, sex, birthday, phone, ID_number, email, parent_phone, adress, major, state from student_basic where id = ? 
2019-09-02 12:39:21,926 DEBUG (BaseJdbcLogger.java:143)- ====> Parameters: 18180(String)
2019-09-02 12:39:21,927 DEBUG (BaseJdbcLogger.java:143)- <====      Total: 1
