2019-09-02 12:40:14,529 DEBUG (BaseJdbcLogger.java:143)- <==      Total: 1
2019-09-02 12:40:14,531 DEBUG (BaseJdbcLogger.java:143)- ==>  Preparing: SELECT a.* from dormitory_allocation as a ,dormitory as b where a.dormitory_id=b.id and b.sex=? GROUP BY (a.dormitory_id) HAVING COUNT(a.dormitory_id)>1 
2019-09-02 12:40:14,531 DEBUG (BaseJdbcLogger.java:143)- ==> Parameters: 女(String)
2019-09-02 12:40:14,533 DEBUG (BaseJdbcLogger.java:143)- <==      Total: 6
2019-09-02 12:40:14,533 DEBUG (BaseJdbcLogger.java:143)- ==>  Preparing: select dormitory_allocation.id, dormitory_allocation.class_id, dormitory_allocation.dormitory_id,dormitory_allocation.number from dormitory_allocation,dormitory WHERE dormitory_allocation.dormitory_id=dormitory.id and dormitory_id = ? 
2019-09-02 12:40:14,535 DEBUG (BaseJdbcLogger.java:143)- ==> Parameters: 495(Integer)
2019-09-02 12:40:14,537 DEBUG (BaseJdbcLogger.java:143)- ====>  Preparing: select id, dong, floor, room, sex, number, rent from dormitory where id = ? 
2019-09-02 12:40:14,539 DEBUG (BaseJdbcLogger.java:143)- ====> Parameters: 495(Integer)
2019-09-02 12:40:14,542 DEBUG (BaseJdbcLogger.java:143)- <====      Total: 1
2019-09-02 12:40:14,543 DEBUG (BaseJdbcLogger.java:143)- <==      Total: 2
2019-09-02 12:40:14,545 DEBUG (BaseJdbcLogger.java:143)- ==>  Preparing: select dormitory_allocation.id, dormitory_allocation.class_id, dormitory_allocation.dormitory_id,dormitory_allocation.number from dormitory_allocation,dormitory WHERE dormitory_allocation.dormitory_id=dormitory.id and dormitory_id = ? 
2019-09-02 12:40:14,545 DEBUG (BaseJdbcLogger.java:143)- ==> Parameters: 499(Integer)
2019-09-02 12:40:14,546 DEBUG (BaseJdbcLogger.java:143)- ====>  Preparing: select id, dong, floor, room, sex, number, rent from dormitory where id = ? 
2019-09-02 12:40:14,547 DEBUG (BaseJdbcLogger.java:143)- ====> Parameters: 499(Integer)
2019-09-02 12:40:14,549 DEBUG (BaseJdbcLogger.java:143)- <====      Total: 1
2019-09-02 12:40:14,549 DEBUG (BaseJdbcLogger.java:143)- <==      Total: 2
2019-09-02 12:40:14,550 DEBUG (BaseJdbcLogger.java:143)- ==>  Preparing: select dormitory_allocation.id, dormitory_allocation.class_id, dormitory_allocation.dormitory_id,dormitory_allocation.number from dormitory_allocation,dormitory WHERE dormitory_allocation.dormitory_id=dormitory.id and dormitory_id = ? 
2019-09-02 12:40:14,550 DEBUG (BaseJdbcLogger.java:143)- ==> Parameters: 508(Integer)
2019-09-02 12:40:14,554 DEBUG (BaseJdbcLogger.java:143)- ====>  Preparing: select id, dong, floor, room, sex, number, rent from dormitory where id = ? 
2019-09-02 12:40:14,555 DEBUG (BaseJdbcLogger.java:143)- ====> Parameters: 508(Integer)
2019-09-02 12:40:14,562 DEBUG (BaseJdbcLogger.java:143)- <====      Total: 1
2019-09-02 12:40:14,565 DEBUG (BaseJdbcLogger.java:143)- <==      Total: 2
2019-09-02 12:40:14,567 DEBUG (BaseJdbcLogger.java:143)- ==>  Preparing: select dormitory_allocation.id, dormitory_allocation.class_id, dormitory_allocation.dormitory_id,dormitory_allocation.number from dormitory_allocation,dormitory WHERE dormitory_allocation.dormitory_id=dormitory.id and dormitory_id = ? 
2019-09-02 12:40:14,568 DEBUG (BaseJdbcLogger.java:143)- ==> Parameters: 513(Integer)
2019-09-02 12:40:14,571 DEBUG (BaseJdbcLogger.java:143)- ====>  Preparing: select id, dong, floor, room, sex, number, rent from dormitory where id = ? 
2019-09-02 12:40:14,572 DEBUG (BaseJdbcLogger.java:143)- ====> Parameters: 513(Integer)
2019-09-02 12:40:14,576 DEBUG (BaseJdbcLogger.java:143)- <====      Total: 1
2019-09-02 12:40:14,579 DEBUG (BaseJdbcLogger.java:143)- <==      Total: 2
2019-09-02 12:40:14,580 DEBUG (BaseJdbcLogger.java:143)- ==>  Preparing: select dormitory_allocation.id, dormitory_allocation.class_id, dormitory_allocation.dormitory_id,dormitory_allocation.number from dormitory_allocation,dormitory WHERE dormitory_allocation.dormitory_id=dormitory.id and dormitory_id = ? 
2019-09-02 12:40:14,581 DEBUG (BaseJdbcLogger.java:143)- ==> Parameters: 518(Integer)
2019-09-02 12:40:14,583 DEBUG (BaseJdbcLogger.java:143)- ====>  Preparing: select id, dong, floor, room, sex, number, rent from dormitory where id = ? 
2019-09-02 12:40:14,584 DEBUG (BaseJdbcLogger.java:143)- ====> Parameters: 518(Integer)
2019-09-02 12:40:14,587 DEBUG (BaseJdbcLogger.java:143)- <====      Total: 1
2019-09-02 12:40:14,589 DEBUG (BaseJdbcLogger.java:143)- <==      Total: 2
2019-09-02 12:40:14,590 DEBUG (BaseJdbcLogger.java:143)- ==>  Preparing: select dormitory_allocation.id, dormitory_allocation.class_id, dormitory_allocation.dormitory_id,dormitory_allocation.number from dormitory_allocation,dormitory WHERE dormitory_allocation.dormitory_id=dormitory.id and dormitory_id = ? 
2019-09-02 12:40:14,590 DEBUG (BaseJdbcLogger.java:143)- ==> Parameters: 523(Integer)
2019-09-02 12:40:14,592 DEBUG (BaseJdbcLogger.java:143)- ====>  Preparing: select id, dong, floor, room, sex, number, rent from dormitory where id = ? 
2019-09-02 12:40:14,594 DEBUG (BaseJdbcLogger.java:143)- ====> Parameters: 523(Integer)
2019-09-02 12:40:14,598 DEBUG (BaseJdbcLogger.java:143)- <====      Total: 1
2019-09-02 12:40:14,600 DEBUG (BaseJdbcLogger.java:143)- <==      Total: 3
2019-09-02 12:40:14,729 DEBUG (BaseJdbcLogger.java:143)- ==>  Preparing: select id, class_id, name, director, grade, major_id from class 
2019-09-02 12:40:14,730 DEBUG (BaseJdbcLogger.java:143)- ==> Parameters: 
2019-09-02 12:40:14,730 DEBUG (BaseJdbcLogger.java:143)- ====>  Preparing: select id, major_id, name, price, department_id from major where major_id = ? 
2019-09-02 12:40:14,731 DEBUG (BaseJdbcLogger.java:143)- ====> Parameters: 081001(String)
2019-09-02 12:40:14,731 DEBUG (BaseJdbcLogger.java:143)- <====      Total: 1
2019-09-02 12:40:14,732 DEBUG (BaseJdbcLogger.java:143)- ====>  Preparing: select id, major_id, name, price, department_id from major where major_id = ? 
2019-09-02 12:40:14,732 DEBUG (BaseJdbcLogger.java:143)- ====> Parameters: 080205(String)
2019-09-02 12:40:14,732 DEBUG (BaseJdbcLogger.java:143)- <====      Total: 1
2019-09-02 12:40:14,733 DEBUG (BaseJdbcLogger.java:143)- ====>  Preparing: select id, major_id, name, price, department_id from major where major_id = ? 
2019-09-02 12:40:14,733 DEBUG (BaseJdbcLogger.java:143)- ====> Parameters: 130503(String)
2019-09-02 12:40:14,734 DEBUG (BaseJdbcLogger.java:143)- <====      Total: 1
2019-09-02 12:40:14,735 DEBUG (BaseJdbcLogger.java:143)- ====>  Preparing: select id, major_id, name, price, department_id from major where major_id = ? 
2019-09-02 12:40:14,736 DEBUG (BaseJdbcLogger.java:143)- ====> Parameters: 080702(String)
2019-09-02 12:40:14,740 DEBUG (BaseJdbcLogger.java:143)- <====      Total: 1
2019-09-02 12:40:14,741 DEBUG (BaseJdbcLogger.java:143)- ====>  Preparing: select id, major_id, name, price, department_id from major where major_id = ? 
2019-09-02 12:40:14,743 DEBUG (BaseJdbcLogger.java:143)- ====> Parameters: 080901(String)
2019-09-02 12:40:14,745 DEBUG (BaseJdbcLogger.java:143)- <====      Total: 1
2019-09-02 12:40:14,745 DEBUG (BaseJdbcLogger.java:143)- ====>  Preparing: select id, major_id, name, price, department_id from major where major_id = ? 
2019-09-02 12:40:14,746 DEBUG (BaseJdbcLogger.java:143)- ====> Parameters: 080703(String)
2019-09-02 12:40:14,746 DEBUG (BaseJdbcLogger.java:143)- <====      Total: 1
2019-09-02 12:40:14,747 DEBUG (BaseJdbcLogger.java:143)- ====>  Preparing: select id, major_id, name, price, department_id from major where major_id = ? 
2019-09-02 12:40:14,747 DEBUG (BaseJdbcLogger.java:143)- ====> Parameters: 082803(String)
2019-09-02 12:40:14,748 DEBUG (BaseJdbcLogger.java:143)- <====      Total: 1
2019-09-02 12:40:14,749 DEBUG (BaseJdbcLogger.java:143)- <==      Total: 22
2019-09-02 12:40:14,749 DEBUG (BaseJdbcLogger.java:143)- ==>  Preparing: select student_status.id,student_status.basic_id, student_status.student_id, student_status.class_id from student_status,student_basic where student_status.basic_id=student_basic.id and student_basic.sex=? and student_status.class_id=? 
2019-09-02 12:40:14,749 DEBUG (BaseJdbcLogger.java:143)- ==> Parameters: 男(String), 081001201901(String)
2019-09-02 12:40:14,750 DEBUG (BaseJdbcLogger.java:143)- ====>  Preparing: select id, name, sex, birthday, phone, ID_number, email, parent_phone, adress, major, state from student_basic where id = ? 
2019-09-02 12:40:14,751 DEBUG (BaseJdbcLogger.java:143)- ====> Parameters: 18158(String)
2019-09-02 12:40:14,753 DEBUG (BaseJdbcLogger.java:143)- <====      Total: 1
2019-09-02 12:40:14,754 DEBUG (BaseJdbcLogger.java:143)- ====>  Preparing: select id, class_id, name, director, grade, major_id from class where class_id = ? 
2019-09-02 12:40:14,755 DEBUG (BaseJdbcLogger.java:143)- ====> Parameters: 081001201901(String)
2019-09-02 12:40:14,758 DEBUG (BaseJdbcLogger.java:143)- ======>  Preparing: select id, major_id, name, price, department_id from major where major_id = ? 
2019-09-02 12:40:14,760 DEBUG (BaseJdbcLogger.java:143)- ======> Parameters: 081001(String)
2019-09-02 12:40:14,761 DEBUG (BaseJdbcLogger.java:143)- <======      Total: 1
2019-09-02 12:40:14,761 DEBUG (BaseJdbcLogger.java:143)- <====      Total: 1
2019-09-02 12:40:14,762 DEBUG (BaseJdbcLogger.java:143)- ====>  Preparing: select id, name, sex, birthday, phone, ID_number, email, parent_phone, adress, major, state from student_basic where id = ? 
2019-09-02 12:40:14,762 DEBUG (BaseJdbcLogger.java:143)- ====> Parameters: 18162(String)
2019-09-02 12:40:14,763 DEBUG (BaseJdbcLogger.java:143)- <====      Total: 1
2019-09-02 12:40:14,764 DEBUG (BaseJdbcLogger.java:143)- ====>  Preparing: select id, name, sex, birthday, phone, ID_number, email, parent_phone, adress, major, state from student_basic where id = ? 
2019-09-02 12:40:14,764 DEBUG (BaseJdbcLogger.java:143)- ====> Parameters: 18163(String)
2019-09-02 12:40:14,765 DEBUG (BaseJdbcLogger.java:143)- <====      Total: 1
2019-09-02 12:40:14,765 DEBUG (BaseJdbcLogger.java:143)- ====>  Preparing: select id, name, sex, birthday, phone, ID_number, email, parent_phone, adress, major, state from student_basic where id = ? 
2019-09-02 12:40:14,766 DEBUG (BaseJdbcLogger.java:143)- ====> Parameters: 18165(String)
2019-09-02 12:40:14,766 DEBUG (BaseJdbcLogger.java:143)- <====      Total: 1
2019-09-02 12:40:14,767 DEBUG (BaseJdbcLogger.java:143)- ====>  Preparing: select id, name, sex, birthday, phone, ID_number, email, parent_phone, adress, major, state from student_basic where id = ? 
2019-09-02 12:40:14,767 DEBUG (BaseJdbcLogger.java:143)- ====> Parameters: 18167(String)
2019-09-02 12:40:14,768 DEBUG (BaseJdbcLogger.java:143)- <====      Total: 1
2019-09-02 12:40:14,769 DEBUG (BaseJdbcLogger.java:143)- ====>  Preparing: select id, name, sex, birthday, phone, ID_number, email, parent_phone, adress, major, state from student_basic where id = ? 
2019-09-02 12:40:14,770 DEBUG (BaseJdbcLogger.java:143)- ====> Parameters: 18168(String)
2019-09-02 12:40:14,773 DEBUG (BaseJdbcLogger.java:143)- <====      Total: 1
2019-09-02 12:40:14,775 DEBUG (BaseJdbcLogger.java:143)- ====>  Preparing: select id, name, sex, birthday, phone, ID_number, email, parent_phone, adress, major, state from student_basic where id = ? 
2019-09-02 12:40:14,777 DEBUG (BaseJdbcLogger.java:143)- ====> Parameters: 18169(String)
2019-09-02 12:40:14,778 DEBUG (BaseJdbcLogger.java:143)- <====      Total: 1
2019-09-02 12:40:14,778 DEBUG (BaseJdbcLogger.java:143)- ====>  Preparing: select id, name, sex, birthday, phone, ID_number, email, parent_phone, adress, major, state from student_basic where id = ? 
2019-09-02 12:40:14,779 DEBUG (BaseJdbcLogger.java:143)- ====> Parameters: 18170(String)
2019-09-02 12:40:14,780 DEBUG (BaseJdbcLogger.java:143)- <====      Total: 1
2019-09-02 12:40:14,780 DEBUG (BaseJdbcLogger.java:143)- ====>  Preparing: select id, name, sex, birthday, phone, ID_number, email, parent_phone, adress, major, state from student_basic where id = ? 
2019-09-02 12:40:14,782 DEBUG (BaseJdbcLogger.java:143)- ====> Parameters: 18174(String)
2019-09-02 12:40:14,783 DEBUG (BaseJdbcLogger.java:143)- <====      Total: 1
2019-09-02 12:40:14,783 DEBUG (BaseJdbcLogger.java:143)- ====>  Preparing: select id, name, sex, birthday, phone, ID_number, email, parent_phone, adress, major, state from student_basic where id = ? 
2019-09-02 12:40:14,784 DEBUG (BaseJdbcLogger.java:143)- ====> Parameters: 18175(String)
2019-09-02 12:40:14,785 DEBUG (BaseJdbcLogger.java:143)- <====      Total: 1
2019-09-02 12:40:14,786 DEBUG (BaseJdbcLogger.java:143)- ====>  Preparing: select id, name, sex, birthday, phone, ID_number, email, parent_phone, adress, major, state from student_basic where id = ? 
2019-09-02 12:40:14,788 DEBUG (BaseJdbcLogger.java:143)- ====> Parameters: 18176(String)
2019-09-02 12:40:14,791 DEBUG (BaseJdbcLogger.java:143)- <====      Total: 1
2019-09-02 12:40:14,793 DEBUG (BaseJdbcLogger.java:143)- ====>  Preparing: select id, name, sex, birthday, phone, ID_number, email, parent_phone, adress, major, state from student_basic where id = ? 
2019-09-02 12:40:14,794 DEBUG (BaseJdbcLogger.java:143)- ====> Parameters: 18178(String)
2019-09-02 12:40:14,795 DEBUG (BaseJdbcLogger.java:143)- <====      Total: 1
2019-09-02 12:40:14,795 DEBUG (BaseJdbcLogger.java:143)- ====>  Preparing: select id, name, sex, birthday, phone, ID_number, email, parent_phone, adress, major, state from student_basic where id = ? 
2019-09-02 12:40:14,795 DEBUG (BaseJdbcLogger.java:143)- ====> Parameters: 18179(String)
2019-09-02 12:40:14,796 DEBUG (BaseJdbcLogger.java:143)- <====      Total: 1
2019-09-02 12:40:14,797 DEBUG (BaseJdbcLogger.java:143)- ====>  Preparing: select id, name, sex, birthday, phone, ID_number, email, parent_phone, adress, major, state from student_basic where id = ? 
2019-09-02 12:40:14,797 DEBUG (BaseJdbcLogger.java:143)- ====> Parameters: 18185(String)
2019-09-02 12:40:14,798 DEBUG (BaseJdbcLogger.java:143)- <====      Total: 1
2019-09-02 12:40:14,799 DEBUG (BaseJdbcLogger.java:143)- ====>  Preparing: select id, name, sex, birthday, phone, ID_number, email, parent_phone, adress, major, state from student_basic where id = ? 
2019-09-02 12:40:14,800 DEBUG (BaseJdbcLogger.java:143)- ====> Parameters: 18189(String)
2019-09-02 12:40:14,804 DEBUG (BaseJdbcLogger.java:143)- <====      Total: 1
2019-09-02 12:40:14,805 DEBUG (BaseJdbcLogger.java:143)- ====>  Preparing: select id, name, sex, birthday, phone, ID_number, email, parent_phone, adress, major, state from student_basic where id = ? 
2019-09-02 12:40:14,805 DEBUG (BaseJdbcLogger.java:143)- ====> Parameters: 18190(String)
2019-09-02 12:40:14,806 DEBUG (BaseJdbcLogger.java:143)- <====      Total: 1
2019-09-02 12:40:14,807 DEBUG (BaseJdbcLogger.java:143)- ====>  Preparing: select id, name, sex, birthday, phone, ID_number, email, parent_phone, adress, major, state from student_basic where id = ? 
2019-09-02 12:40:14,807 DEBUG (BaseJdbcLogger.java:143)- ====> Parameters: 18194(String)
2019-09-02 12:40:14,808 DEBUG (BaseJdbcLogger.java:143)- <====      Total: 1
2019-09-02 12:40:14,809 DEBUG (BaseJdbcLogger.java:143)- ====>  Preparing: select id, name, sex, birthday, phone, ID_number, email, parent_phone, adress, major, state from student_basic where id = ? 
2019-09-02 12:40:14,810 DEBUG (BaseJdbcLogger.java:143)- ====> Parameters: 18195(String)
2019-09-02 12:40:14,811 DEBUG (BaseJdbcLogger.java:143)- <====      Total: 1
2019-09-02 12:40:14,812 DEBUG (BaseJdbcLogger.java:143)- <==      Total: 18
2019-09-02 12:40:14,812 DEBUG (BaseJdbcLogger.java:143)- ==>  Preparing: select student_status.id,student_status.basic_id, student_status.student_id, student_status.class_id from student_status,student_basic where student_status.basic_id=student_basic.id and student_basic.sex=? and student_status.class_id=? 
2019-09-02 12:40:14,812 DEBUG (BaseJdbcLogger.java:143)- ==> Parameters: 女(String), 081001201901(String)
2019-09-02 12:40:14,818 DEBUG (BaseJdbcLogger.java:143)- ====>  Preparing: select id, name, sex, birthday, phone, ID_number, email, parent_phone, adress, major, state from student_basic where id = ? 
2019-09-02 12:40:14,820 DEBUG (BaseJdbcLogger.java:143)- ====> Parameters: 18157(String)
2019-09-02 12:40:14,820 DEBUG (BaseJdbcLogger.java:143)- <====      Total: 1
2019-09-02 12:40:14,822 DEBUG (BaseJdbcLogger.java:143)- ====>  Preparing: select id, class_id, name, director, grade, major_id from class where class_id = ? 
2019-09-02 12:40:14,822 DEBUG (BaseJdbcLogger.java:143)- ====> Parameters: 081001201901(String)
2019-09-02 12:40:14,822 DEBUG (BaseJdbcLogger.java:143)- ======>  Preparing: select id, major_id, name, price, department_id from major where major_id = ? 
2019-09-02 12:40:14,822 DEBUG (BaseJdbcLogger.java:143)- ======> Parameters: 081001(String)
2019-09-02 12:40:14,823 DEBUG (BaseJdbcLogger.java:143)- <======      Total: 1
2019-09-02 12:40:14,824 DEBUG (BaseJdbcLogger.java:143)- <====      Total: 1
2019-09-02 12:40:14,824 DEBUG (BaseJdbcLogger.java:143)- ====>  Preparing: select id, name, sex, birthday, phone, ID_number, email, parent_phone, adress, major, state from student_basic where id = ? 
2019-09-02 12:40:14,824 DEBUG (BaseJdbcLogger.java:143)- ====> Parameters: 18159(String)
2019-09-02 12:40:14,825 DEBUG (BaseJdbcLogger.java:143)- <====      Total: 1
2019-09-02 12:40:14,826 DEBUG (BaseJdbcLogger.java:143)- ====>  Preparing: select id, name, sex, birthday, phone, ID_number, email, parent_phone, adress, major, state from student_basic where id = ? 
2019-09-02 12:40:14,827 DEBUG (BaseJdbcLogger.java:143)- ====> Parameters: 18160(String)
2019-09-02 12:40:14,832 DEBUG (BaseJdbcLogger.java:143)- <====      Total: 1
2019-09-02 12:40:14,833 DEBUG (BaseJdbcLogger.java:143)- ====>  Preparing: select id, name, sex, birthday, phone, ID_number, email, parent_phone, adress, major, state from student_basic where id = ? 
2019-09-02 12:40:14,833 DEBUG (BaseJdbcLogger.java:143)- ====> Parameters: 18161(String)
2019-09-02 12:40:14,835 DEBUG (BaseJdbcLogger.java:143)- <====      Total: 1
2019-09-02 12:40:14,836 DEBUG (BaseJdbcLogger.java:143)- ====>  Preparing: select id, name, sex, birthday, phone, ID_number, email, parent_phone, adress, major, state from student_basic where id = ? 
2019-09-02 12:40:14,836 DEBUG (BaseJdbcLogger.java:143)- ====> Parameters: 18164(String)
2019-09-02 12:40:14,837 DEBUG (BaseJdbcLogger.java:143)- <====      Total: 1
2019-09-02 12:40:14,837 DEBUG (BaseJdbcLogger.java:143)- ====>  Preparing: select id, name, sex, birthday, phone, ID_number, email, parent_phone, adress, major, state from student_basic where id = ? 
2019-09-02 12:40:14,838 DEBUG (BaseJdbcLogger.java:143)- ====> Parameters: 18166(String)
2019-09-02 12:40:14,839 DEBUG (BaseJdbcLogger.java:143)- <====      Total: 1
2019-09-02 12:40:14,839 DEBUG (BaseJdbcLogger.java:143)- ====>  Preparing: select id, name, sex, birthday, phone, ID_number, email, parent_phone, adress, major, state from student_basic where id = ? 
2019-09-02 12:40:14,840 DEBUG (BaseJdbcLogger.java:143)- ====> Parameters: 18171(String)
2019-09-02 12:40:14,841 DEBUG (BaseJdbcLogger.java:143)- <====      Total: 1
2019-09-02 12:40:14,841 DEBUG (BaseJdbcLogger.java:143)- ====>  Preparing: select id, name, sex, birthday, phone, ID_number, email, parent_phone, adress, major, state from student_basic where id = ? 
2019-09-02 12:40:14,842 DEBUG (BaseJdbcLogger.java:143)- ====> Parameters: 18172(String)
2019-09-02 12:40:14,842 DEBUG (BaseJdbcLogger.java:143)- <====      Total: 1
2019-09-02 12:40:14,843 DEBUG (BaseJdbcLogger.java:143)- ====>  Preparing: select id, name, sex, birthday, phone, ID_number, email, parent_phone, adress, major, state from student_basic where id = ? 
2019-09-02 12:40:14,843 DEBUG (BaseJdbcLogger.java:143)- ====> Parameters: 18173(String)
2019-09-02 12:40:14,844 DEBUG (BaseJdbcLogger.java:143)- <====      Total: 1
2019-09-02 12:40:14,844 DEBUG (BaseJdbcLogger.java:143)- ====>  Preparing: select id, name, sex, birthday, phone, ID_number, email, parent_phone, adress, major, state from student_basic where id = ? 
2019-09-02 12:40:14,845 DEBUG (BaseJdbcLogger.java:143)- ====> Parameters: 18177(String)
2019-09-02 12:40:14,845 DEBUG (BaseJdbcLogger.java:143)- <====      Total: 1
2019-09-02 12:40:14,846 DEBUG (BaseJdbcLogger.java:143)- ====>  Preparing: select id, name, sex, birthday, phone, ID_number, email, parent_phone, adress, major, state from student_basic where id = ? 
2019-09-02 12:40:14,847 DEBUG (BaseJdbcLogger.java:143)- ====> Parameters: 18180(String)
2019-09-02 12:40:14,851 DEBUG (BaseJdbcLogger.java:143)- <====      Total: 1
2019-09-02 12:40:14,853 DEBUG (BaseJdbcLogger.java:143)- ====>  Preparing: select id, name, sex, birthday, phone, ID_number, email, parent_phone, adress, major, state from student_basic where id = ? 
2019-09-02 12:40:14,854 DEBUG (BaseJdbcLogger.java:143)- ====> Parameters: 18181(String)
2019-09-02 12:40:14,855 DEBUG (BaseJdbcLogger.java:143)- <====      Total: 1
2019-09-02 12:40:14,855 DEBUG (BaseJdbcLogger.java:143)- ====>  Preparing: select id, name, sex, birthday, phone, ID_number, email, parent_phone, adress, major, state from student_basic where id = ? 
2019-09-02 12:40:14,856 DEBUG (BaseJdbcLogger.java:143)- ====> Parameters: 18182(String)
2019-09-02 12:40:14,857 DEBUG (BaseJdbcLogger.java:143)- <====      Total: 1
2019-09-02 12:40:14,857 DEBUG (BaseJdbcLogger.java:143)- ====>  Preparing: select id, name, sex, birthday, phone, ID_number, email, parent_phone, adress, major, state from student_basic where id = ? 
2019-09-02 12:40:14,858 DEBUG (BaseJdbcLogger.java:143)- ====> Parameters: 18183(String)
2019-09-02 12:40:14,859 DEBUG (BaseJdbcLogger.java:143)- <====      Total: 1
2019-09-02 12:40:14,860 DEBUG (BaseJdbcLogger.java:143)- ====>  Preparing: select id, name, sex, birthday, phone, ID_number, email, parent_phone, adress, major, state from student_basic where id = ? 
2019-09-02 12:40:14,862 DEBUG (BaseJdbcLogger.java:143)- ====> Parameters: 18184(String)
2019-09-02 12:40:14,866 DEBUG (BaseJdbcLogger.java:143)- <====      Total: 1
2019-09-02 12:40:14,867 DEBUG (BaseJdbcLogger.java:143)- ====>  Preparing: select id, name, sex, birthday, phone, ID_number, email, parent_phone, adress, major, state from student_basic where id = ? 
2019-09-02 12:40:14,869 DEBUG (BaseJdbcLogger.java:143)- ====> Parameters: 18186(String)
2019-09-02 12:40:14,871 DEBUG (BaseJdbcLogger.java:143)- <====      Total: 1
2019-09-02 12:40:14,871 DEBUG (BaseJdbcLogger.java:143)- ====>  Preparing: select id, name, sex, birthday, phone, ID_number, email, parent_phone, adress, major, state from student_basic where id = ? 
2019-09-02 12:40:14,872 DEBUG (BaseJdbcLogger.java:143)- ====> Parameters: 18187(String)
2019-09-02 12:40:14,873 DEBUG (BaseJdbcLogger.java:143)- <====      Total: 1
2019-09-02 12:40:14,873 DEBUG (BaseJdbcLogger.java:143)- ====>  Preparing: select id, name, sex, birthday, phone, ID_number, email, parent_phone, adress, major, state from student_basic where id = ? 
2019-09-02 12:40:14,874 DEBUG (BaseJdbcLogger.java:143)- ====> Parameters: 18188(String)
2019-09-02 12:40:14,877 DEBUG (BaseJdbcLogger.java:143)- <====      Total: 1
2019-09-02 12:40:14,878 DEBUG (BaseJdbcLogger.java:143)- ====>  Preparing: select id, name, sex, birthday, phone, ID_number, email, parent_phone, adress, major, state from student_basic where id = ? 
2019-09-02 12:40:14,881 DEBUG (BaseJdbcLogger.java:143)- ====> Parameters: 18191(String)
2019-09-02 12:40:14,882 DEBUG (BaseJdbcLogger.java:143)- <====      Total: 1
2019-09-02 12:40:14,883 DEBUG (BaseJdbcLogger.java:143)- ====>  Preparing: select id, name, sex, birthday, phone, ID_number, email, parent_phone, adress, major, state from student_basic where id = ? 
2019-09-02 12:40:14,883 DEBUG (BaseJdbcLogger.java:143)- ====> Parameters: 18192(String)
2019-09-02 12:40:14,886 DEBUG (BaseJdbcLogger.java:143)- <====      Total: 1
2019-09-02 12:40:14,888 DEBUG (BaseJdbcLogger.java:143)- <==      Total: 20
2019-09-02 12:40:14,890 DEBUG (BaseJdbcLogger.java:143)- ==>  Preparing: select dormitory_allocation.id, dormitory_allocation.class_id, dormitory_allocation.dormitory_id,dormitory_allocation.number from dormitory_allocation,dormitory WHERE dormitory_allocation.dormitory_id=dormitory.id and dormitory.sex=? and class_id = ? 
2019-09-02 12:40:14,891 DEBUG (BaseJdbcLogger.java:143)- ==> Parameters: 男(String), 081001201901(String)
2019-09-02 12:40:14,894 DEBUG (BaseJdbcLogger.java:143)- ====>  Preparing: select id, dong, floor, room, sex, number, rent from dormitory where id = ? 
2019-09-02 12:40:14,895 DEBUG (BaseJdbcLogger.java:143)- ====> Parameters: 1(Integer)
2019-09-02 12:40:14,896 DEBUG (BaseJdbcLogger.java:143)- <====      Total: 1
2019-09-02 12:40:14,897 DEBUG (BaseJdbcLogger.java:143)- ====>  Preparing: select id, dong, floor, room, sex, number, rent from dormitory where id = ? 
2019-09-02 12:40:14,898 DEBUG (BaseJdbcLogger.java:143)- ====> Parameters: 2(Integer)
2019-09-02 12:40:14,899 DEBUG (BaseJdbcLogger.java:143)- <====      Total: 1
2019-09-02 12:40:14,901 DEBUG (BaseJdbcLogger.java:143)- ====>  Preparing: select id, dong, floor, room, sex, number, rent from dormitory where id = ? 
2019-09-02 12:40:14,903 DEBUG (BaseJdbcLogger.java:143)- ====> Parameters: 3(Integer)
2019-09-02 12:40:14,905 DEBUG (BaseJdbcLogger.java:143)- <====      Total: 1
2019-09-02 12:40:14,907 DEBUG (BaseJdbcLogger.java:143)- ====>  Preparing: select id, dong, floor, room, sex, number, rent from dormitory where id = ? 
2019-09-02 12:40:14,908 DEBUG (BaseJdbcLogger.java:143)- ====> Parameters: 4(Integer)
2019-09-02 12:40:14,911 DEBUG (BaseJdbcLogger.java:143)- <====      Total: 1
2019-09-02 12:40:14,912 DEBUG (BaseJdbcLogger.java:143)- <==      Total: 4
2019-09-02 12:40:14,912 DEBUG (BaseJdbcLogger.java:143)- ==>  Preparing: select dormitory_allocation.id, dormitory_allocation.class_id, dormitory_allocation.dormitory_id,dormitory_allocation.number from dormitory_allocation,dormitory WHERE dormitory_allocation.dormitory_id=dormitory.id and dormitory.sex=? and class_id = ? 
2019-09-02 12:40:14,912 DEBUG (BaseJdbcLogger.java:143)- ==> Parameters: 女(String), 081001201901(String)
2019-09-02 12:40:14,913 DEBUG (BaseJdbcLogger.java:143)- ====>  Preparing: select id, dong, floor, room, sex, number, rent from dormitory where id = ? 
2019-09-02 12:40:14,914 DEBUG (BaseJdbcLogger.java:143)- ====> Parameters: 451(Integer)
2019-09-02 12:40:14,914 DEBUG (BaseJdbcLogger.java:143)- <====      Total: 1
2019-09-02 12:40:14,915 DEBUG (BaseJdbcLogger.java:143)- ====>  Preparing: select id, dong, floor, room, sex, number, rent from dormitory where id = ? 
2019-09-02 12:40:14,915 DEBUG (BaseJdbcLogger.java:143)- ====> Parameters: 452(Integer)
2019-09-02 12:40:14,915 DEBUG (BaseJdbcLogger.java:143)- <====      Total: 1
2019-09-02 12:40:14,916 DEBUG (BaseJdbcLogger.java:143)- ====>  Preparing: select id, dong, floor, room, sex, number, rent from dormitory where id = ? 
2019-09-02 12:40:14,916 DEBUG (BaseJdbcLogger.java:143)- ====> Parameters: 453(Integer)
2019-09-02 12:40:14,917 DEBUG (BaseJdbcLogger.java:143)- <====      Total: 1
2019-09-02 12:40:14,919 DEBUG (BaseJdbcLogger.java:143)- ====>  Preparing: select id, dong, floor, room, sex, number, rent from dormitory where id = ? 
2019-09-02 12:40:14,920 DEBUG (BaseJdbcLogger.java:143)- ====> Parameters: 454(Integer)
2019-09-02 12:40:14,922 DEBUG (BaseJdbcLogger.java:143)- <====      Total: 1
2019-09-02 12:40:14,924 DEBUG (BaseJdbcLogger.java:143)- <==      Total: 4
2019-09-02 12:40:14,926 DEBUG (BaseJdbcLogger.java:143)- ==>  Preparing: select student_status.id,student_status.basic_id, student_status.student_id, student_status.class_id from student_status,student_basic where student_status.basic_id=student_basic.id and student_basic.sex=? and student_status.class_id=? 
2019-09-02 12:40:14,926 DEBUG (BaseJdbcLogger.java:143)- ==> Parameters: 男(String), 081001201902(String)
2019-09-02 12:40:14,928 DEBUG (BaseJdbcLogger.java:143)- ====>  Preparing: select id, name, sex, birthday, phone, ID_number, email, parent_phone, adress, major, state from student_basic where id = ? 
2019-09-02 12:40:14,928 DEBUG (BaseJdbcLogger.java:143)- ====> Parameters: 18200(String)
2019-09-02 12:40:14,929 DEBUG (BaseJdbcLogger.java:143)- <====      Total: 1
2019-09-02 12:40:14,929 DEBUG (BaseJdbcLogger.java:143)- ====>  Preparing: select id, class_id, name, director, grade, major_id from class where class_id = ? 
2019-09-02 12:40:14,929 DEBUG (BaseJdbcLogger.java:143)- ====> Parameters: 081001201902(String)
2019-09-02 12:40:14,930 DEBUG (BaseJdbcLogger.java:143)- ======>  Preparing: select id, major_id, name, price, department_id from major where major_id = ? 
2019-09-02 12:40:14,930 DEBUG (BaseJdbcLogger.java:143)- ======> Parameters: 081001(String)
2019-09-02 12:40:14,931 DEBUG (BaseJdbcLogger.java:143)- <======      Total: 1
2019-09-02 12:40:14,931 DEBUG (BaseJdbcLogger.java:143)- <====      Total: 1
2019-09-02 12:40:14,932 DEBUG (BaseJdbcLogger.java:143)- ====>  Preparing: select id, name, sex, birthday, phone, ID_number, email, parent_phone, adress, major, state from student_basic where id = ? 
2019-09-02 12:40:14,932 DEBUG (BaseJdbcLogger.java:143)- ====> Parameters: 18204(String)
2019-09-02 12:40:14,932 DEBUG (BaseJdbcLogger.java:143)- <====      Total: 1
2019-09-02 12:40:14,933 DEBUG (BaseJdbcLogger.java:143)- ====>  Preparing: select id, name, sex, birthday, phone, ID_number, email, parent_phone, adress, major, state from student_basic where id = ? 
2019-09-02 12:40:14,933 DEBUG (BaseJdbcLogger.java:143)- ====> Parameters: 18207(String)
2019-09-02 12:40:14,935 DEBUG (BaseJdbcLogger.java:143)- <====      Total: 1
2019-09-02 12:40:14,937 DEBUG (BaseJdbcLogger.java:143)- ====>  Preparing: select id, name, sex, birthday, phone, ID_number, email, parent_phone, adress, major, state from student_basic where id = ? 
2019-09-02 12:40:14,939 DEBUG (BaseJdbcLogger.java:143)- ====> Parameters: 18208(String)
2019-09-02 12:40:14,942 DEBUG (BaseJdbcLogger.java:143)- <====      Total: 1
2019-09-02 12:40:14,943 DEBUG (BaseJdbcLogger.java:143)- ====>  Preparing: select id, name, sex, birthday, phone, ID_number, email, parent_phone, adress, major, state from student_basic where id = ? 
2019-09-02 12:40:14,944 DEBUG (BaseJdbcLogger.java:143)- ====> Parameters: 18212(String)
2019-09-02 12:40:14,945 DEBUG (BaseJdbcLogger.java:143)- <====      Total: 1
2019-09-02 12:40:14,945 DEBUG (BaseJdbcLogger.java:143)- ====>  Preparing: select id, name, sex, birthday, phone, ID_number, email, parent_phone, adress, major, state from student_basic where id = ? 
2019-09-02 12:40:14,945 DEBUG (BaseJdbcLogger.java:143)- ====> Parameters: 18215(String)
2019-09-02 12:40:14,946 DEBUG (BaseJdbcLogger.java:143)- <====      Total: 1
2019-09-02 12:40:14,946 DEBUG (BaseJdbcLogger.java:143)- ====>  Preparing: select id, name, sex, birthday, phone, ID_number, email, parent_phone, adress, major, state from student_basic where id = ? 
2019-09-02 12:40:14,947 DEBUG (BaseJdbcLogger.java:143)- ====> Parameters: 18216(String)
2019-09-02 12:40:14,947 DEBUG (BaseJdbcLogger.java:143)- <====      Total: 1
2019-09-02 12:40:14,947 DEBUG (BaseJdbcLogger.java:143)- ====>  Preparing: select id, name, sex, birthday, phone, ID_number, email, parent_phone, adress, major, state from student_basic where id = ? 
