2019-09-24 18:58:05,490 DEBUG (BaseJdbcLogger.java:143)- <====      Total: 1
2019-09-24 18:58:05,492 DEBUG (BaseJdbcLogger.java:143)- ====>  Preparing: select id, name, sex, birthday, phone, ID_number, email, parent_phone, adress, major, state from student_basic where id = ? 
2019-09-24 18:58:05,492 DEBUG (BaseJdbcLogger.java:143)- ====> Parameters: 27138(String)
2019-09-24 18:58:05,493 DEBUG (BaseJdbcLogger.java:143)- <====      Total: 1
2019-09-24 18:58:05,494 DEBUG (BaseJdbcLogger.java:143)- ====>  Preparing: select id, name, sex, birthday, phone, ID_number, email, parent_phone, adress, major, state from student_basic where id = ? 
2019-09-24 18:58:05,494 DEBUG (BaseJdbcLogger.java:143)- ====> Parameters: 27145(String)
2019-09-24 18:58:05,524 DEBUG (BaseJdbcLogger.java:143)- <====      Total: 1
2019-09-24 18:58:05,525 DEBUG (BaseJdbcLogger.java:143)- ====>  Preparing: select id, name, sex, birthday, phone, ID_number, email, parent_phone, adress, major, state from student_basic where id = ? 
2019-09-24 18:58:05,525 DEBUG (BaseJdbcLogger.java:143)- ====> Parameters: 27147(String)
2019-09-24 18:58:05,526 DEBUG (BaseJdbcLogger.java:143)- <====      Total: 1
2019-09-24 18:58:05,526 DEBUG (BaseJdbcLogger.java:143)- ====>  Preparing: select id, name, sex, birthday, phone, ID_number, email, parent_phone, adress, major, state from student_basic where id = ? 
2019-09-24 18:58:05,527 DEBUG (BaseJdbcLogger.java:143)- ====> Parameters: 27148(String)
2019-09-24 18:58:05,528 DEBUG (BaseJdbcLogger.java:143)- <====      Total: 1
2019-09-24 18:58:05,529 DEBUG (BaseJdbcLogger.java:143)- ====>  Preparing: select id, name, sex, birthday, phone, ID_number, email, parent_phone, adress, major, state from student_basic where id = ? 
2019-09-24 18:58:05,529 DEBUG (BaseJdbcLogger.java:143)- ====> Parameters: 27152(String)
2019-09-24 18:58:05,530 DEBUG (BaseJdbcLogger.java:143)- <====      Total: 1
2019-09-24 18:58:05,531 DEBUG (BaseJdbcLogger.java:143)- ====>  Preparing: select id, name, sex, birthday, phone, ID_number, email, parent_phone, adress, major, state from student_basic where id = ? 
2019-09-24 18:58:05,531 DEBUG (BaseJdbcLogger.java:143)- ====> Parameters: 27153(String)
2019-09-24 18:58:05,532 DEBUG (BaseJdbcLogger.java:143)- <====      Total: 1
2019-09-24 18:58:05,532 DEBUG (BaseJdbcLogger.java:143)- ====>  Preparing: select id, name, sex, birthday, phone, ID_number, email, parent_phone, adress, major, state from student_basic where id = ? 
2019-09-24 18:58:05,532 DEBUG (BaseJdbcLogger.java:143)- ====> Parameters: 27154(String)
2019-09-24 18:58:05,533 DEBUG (BaseJdbcLogger.java:143)- <====      Total: 1
2019-09-24 18:58:05,533 DEBUG (BaseJdbcLogger.java:143)- ====>  Preparing: select id, name, sex, birthday, phone, ID_number, email, parent_phone, adress, major, state from student_basic where id = ? 
2019-09-24 18:58:05,534 DEBUG (BaseJdbcLogger.java:143)- ====> Parameters: 27155(String)
2019-09-24 18:58:05,534 DEBUG (BaseJdbcLogger.java:143)- <====      Total: 1
2019-09-24 18:58:05,534 DEBUG (BaseJdbcLogger.java:143)- ====>  Preparing: select id, name, sex, birthday, phone, ID_number, email, parent_phone, adress, major, state from student_basic where id = ? 
2019-09-24 18:58:05,535 DEBUG (BaseJdbcLogger.java:143)- ====> Parameters: 27159(String)
2019-09-24 18:58:05,535 DEBUG (BaseJdbcLogger.java:143)- <====      Total: 1
2019-09-24 18:58:05,536 DEBUG (BaseJdbcLogger.java:143)- ====>  Preparing: select id, name, sex, birthday, phone, ID_number, email, parent_phone, adress, major, state from student_basic where id = ? 
2019-09-24 18:58:05,536 DEBUG (BaseJdbcLogger.java:143)- ====> Parameters: 27163(String)
2019-09-24 18:58:05,536 DEBUG (BaseJdbcLogger.java:143)- <====      Total: 1
2019-09-24 18:58:05,537 DEBUG (BaseJdbcLogger.java:143)- ====>  Preparing: select id, name, sex, birthday, phone, ID_number, email, parent_phone, adress, major, state from student_basic where id = ? 
2019-09-24 18:58:05,537 DEBUG (BaseJdbcLogger.java:143)- ====> Parameters: 27168(String)
2019-09-24 18:58:05,538 DEBUG (BaseJdbcLogger.java:143)- <====      Total: 1
2019-09-24 18:58:05,538 DEBUG (BaseJdbcLogger.java:143)- ====>  Preparing: select id, name, sex, birthday, phone, ID_number, email, parent_phone, adress, major, state from student_basic where id = ? 
2019-09-24 18:58:05,539 DEBUG (BaseJdbcLogger.java:143)- ====> Parameters: 27170(String)
2019-09-24 18:58:05,540 DEBUG (BaseJdbcLogger.java:143)- <====      Total: 1
2019-09-24 18:58:05,540 DEBUG (BaseJdbcLogger.java:143)- ====>  Preparing: select id, name, sex, birthday, phone, ID_number, email, parent_phone, adress, major, state from student_basic where id = ? 
2019-09-24 18:58:05,540 DEBUG (BaseJdbcLogger.java:143)- ====> Parameters: 27171(String)
2019-09-24 18:58:05,541 DEBUG (BaseJdbcLogger.java:143)- <====      Total: 1
2019-09-24 18:58:05,541 DEBUG (BaseJdbcLogger.java:143)- ====>  Preparing: select id, name, sex, birthday, phone, ID_number, email, parent_phone, adress, major, state from student_basic where id = ? 
2019-09-24 18:58:05,542 DEBUG (BaseJdbcLogger.java:143)- ====> Parameters: 27174(String)
2019-09-24 18:58:05,543 DEBUG (BaseJdbcLogger.java:143)- <====      Total: 1
2019-09-24 18:58:05,545 DEBUG (BaseJdbcLogger.java:143)- <==      Total: 36
2019-09-24 18:58:05,545 DEBUG (BaseJdbcLogger.java:143)- ==>  Preparing: select dormitory_allocation.id, dormitory_allocation.class_id, dormitory_allocation.dormitory_id,dormitory_allocation.number from dormitory_allocation,dormitory WHERE dormitory_allocation.dormitory_id=dormitory.id and dormitory.sex=? and class_id = ? 
2019-09-24 18:58:05,546 DEBUG (BaseJdbcLogger.java:143)- ==> Parameters: 女(String), 080703201902(String)
2019-09-24 18:58:05,547 DEBUG (BaseJdbcLogger.java:143)- ====>  Preparing: select id, dong, floor, room, sex, number, rent,hasnumber from dormitory where id = ? 
2019-09-24 18:58:05,547 DEBUG (BaseJdbcLogger.java:143)- ====> Parameters: 552(Integer)
2019-09-24 18:58:05,548 DEBUG (BaseJdbcLogger.java:143)- <====      Total: 1
2019-09-24 18:58:05,550 DEBUG (BaseJdbcLogger.java:143)- ====>  Preparing: select id, dong, floor, room, sex, number, rent,hasnumber from dormitory where id = ? 
2019-09-24 18:58:05,550 DEBUG (BaseJdbcLogger.java:143)- ====> Parameters: 553(Integer)
2019-09-24 18:58:05,550 DEBUG (BaseJdbcLogger.java:143)- <====      Total: 1
2019-09-24 18:58:05,550 DEBUG (BaseJdbcLogger.java:143)- ====>  Preparing: select id, dong, floor, room, sex, number, rent,hasnumber from dormitory where id = ? 
2019-09-24 18:58:05,550 DEBUG (BaseJdbcLogger.java:143)- ====> Parameters: 554(Integer)
2019-09-24 18:58:05,551 DEBUG (BaseJdbcLogger.java:143)- <====      Total: 1
2019-09-24 18:58:05,551 DEBUG (BaseJdbcLogger.java:143)- ====>  Preparing: select id, dong, floor, room, sex, number, rent,hasnumber from dormitory where id = ? 
2019-09-24 18:58:05,551 DEBUG (BaseJdbcLogger.java:143)- ====> Parameters: 555(Integer)
2019-09-24 18:58:05,552 DEBUG (BaseJdbcLogger.java:143)- <====      Total: 1
2019-09-24 18:58:05,552 DEBUG (BaseJdbcLogger.java:143)- ====>  Preparing: select id, dong, floor, room, sex, number, rent,hasnumber from dormitory where id = ? 
2019-09-24 18:58:05,552 DEBUG (BaseJdbcLogger.java:143)- ====> Parameters: 556(Integer)
2019-09-24 18:58:05,553 DEBUG (BaseJdbcLogger.java:143)- <====      Total: 1
2019-09-24 18:58:05,553 DEBUG (BaseJdbcLogger.java:143)- ====>  Preparing: select id, dong, floor, room, sex, number, rent,hasnumber from dormitory where id = ? 
2019-09-24 18:58:05,553 DEBUG (BaseJdbcLogger.java:143)- ====> Parameters: 557(Integer)
2019-09-24 18:58:05,554 DEBUG (BaseJdbcLogger.java:143)- <====      Total: 1
2019-09-24 18:58:05,554 DEBUG (BaseJdbcLogger.java:143)- ====>  Preparing: select id, dong, floor, room, sex, number, rent,hasnumber from dormitory where id = ? 
2019-09-24 18:58:05,555 DEBUG (BaseJdbcLogger.java:143)- ====> Parameters: 558(Integer)
2019-09-24 18:58:05,555 DEBUG (BaseJdbcLogger.java:143)- <====      Total: 1
2019-09-24 18:58:05,555 DEBUG (BaseJdbcLogger.java:143)- ====>  Preparing: select id, dong, floor, room, sex, number, rent,hasnumber from dormitory where id = ? 
2019-09-24 18:58:05,556 DEBUG (BaseJdbcLogger.java:143)- ====> Parameters: 516(Integer)
2019-09-24 18:58:05,556 DEBUG (BaseJdbcLogger.java:143)- <====      Total: 1
2019-09-24 18:58:05,557 DEBUG (BaseJdbcLogger.java:143)- <==      Total: 8
2019-09-24 18:58:05,557 DEBUG (BaseJdbcLogger.java:143)- ==>  Preparing: select student_status.id,student_status.basic_id, student_status.student_id, student_status.class_id from student_status,student_basic where student_status.basic_id=student_basic.id and student_basic.sex=? and student_status.class_id=? 
2019-09-24 18:58:05,557 DEBUG (BaseJdbcLogger.java:143)- ==> Parameters: 女(String), 080703201903(String)
2019-09-24 18:58:05,558 DEBUG (BaseJdbcLogger.java:143)- ====>  Preparing: select id, name, sex, birthday, phone, ID_number, email, parent_phone, adress, major, state from student_basic where id = ? 
2019-09-24 18:58:05,559 DEBUG (BaseJdbcLogger.java:143)- ====> Parameters: 27176(String)
2019-09-24 18:58:05,560 DEBUG (BaseJdbcLogger.java:143)- <====      Total: 1
2019-09-24 18:58:05,561 DEBUG (BaseJdbcLogger.java:143)- ====>  Preparing: select id, class_id, name, director, grade, major_id from class WHERE class_id = ? 
2019-09-24 18:58:05,561 DEBUG (BaseJdbcLogger.java:143)- ====> Parameters: 080703201903(String)
2019-09-24 18:58:05,562 DEBUG (BaseJdbcLogger.java:143)- ======>  Preparing: select id, major_id, name, price, department_id from major where major_id = ? 
2019-09-24 18:58:05,563 DEBUG (BaseJdbcLogger.java:143)- ======> Parameters: 080703(String)
2019-09-24 18:58:05,563 DEBUG (BaseJdbcLogger.java:143)- <======      Total: 1
2019-09-24 18:58:05,564 DEBUG (BaseJdbcLogger.java:143)- <====      Total: 1
2019-09-24 18:58:05,564 DEBUG (BaseJdbcLogger.java:143)- ====>  Preparing: select id, name, sex, birthday, phone, ID_number, email, parent_phone, adress, major, state from student_basic where id = ? 
2019-09-24 18:58:05,564 DEBUG (BaseJdbcLogger.java:143)- ====> Parameters: 27178(String)
2019-09-24 18:58:05,565 DEBUG (BaseJdbcLogger.java:143)- <====      Total: 1
2019-09-24 18:58:05,565 DEBUG (BaseJdbcLogger.java:143)- ====>  Preparing: select id, name, sex, birthday, phone, ID_number, email, parent_phone, adress, major, state from student_basic where id = ? 
2019-09-24 18:58:05,566 DEBUG (BaseJdbcLogger.java:143)- ====> Parameters: 27181(String)
2019-09-24 18:58:05,566 DEBUG (BaseJdbcLogger.java:143)- <====      Total: 1
2019-09-24 18:58:05,567 DEBUG (BaseJdbcLogger.java:143)- ====>  Preparing: select id, name, sex, birthday, phone, ID_number, email, parent_phone, adress, major, state from student_basic where id = ? 
2019-09-24 18:58:05,567 DEBUG (BaseJdbcLogger.java:143)- ====> Parameters: 27186(String)
2019-09-24 18:58:05,567 DEBUG (BaseJdbcLogger.java:143)- <====      Total: 1
2019-09-24 18:58:05,568 DEBUG (BaseJdbcLogger.java:143)- ====>  Preparing: select id, name, sex, birthday, phone, ID_number, email, parent_phone, adress, major, state from student_basic where id = ? 
2019-09-24 18:58:05,568 DEBUG (BaseJdbcLogger.java:143)- ====> Parameters: 27187(String)
2019-09-24 18:58:05,569 DEBUG (BaseJdbcLogger.java:143)- <====      Total: 1
2019-09-24 18:58:05,569 DEBUG (BaseJdbcLogger.java:143)- ====>  Preparing: select id, name, sex, birthday, phone, ID_number, email, parent_phone, adress, major, state from student_basic where id = ? 
2019-09-24 18:58:05,569 DEBUG (BaseJdbcLogger.java:143)- ====> Parameters: 27188(String)
2019-09-24 18:58:05,570 DEBUG (BaseJdbcLogger.java:143)- <====      Total: 1
2019-09-24 18:58:05,570 DEBUG (BaseJdbcLogger.java:143)- ====>  Preparing: select id, name, sex, birthday, phone, ID_number, email, parent_phone, adress, major, state from student_basic where id = ? 
2019-09-24 18:58:05,570 DEBUG (BaseJdbcLogger.java:143)- ====> Parameters: 27189(String)
2019-09-24 18:58:05,571 DEBUG (BaseJdbcLogger.java:143)- <====      Total: 1
2019-09-24 18:58:05,571 DEBUG (BaseJdbcLogger.java:143)- ====>  Preparing: select id, name, sex, birthday, phone, ID_number, email, parent_phone, adress, major, state from student_basic where id = ? 
2019-09-24 18:58:05,572 DEBUG (BaseJdbcLogger.java:143)- ====> Parameters: 27191(String)
2019-09-24 18:58:05,572 DEBUG (BaseJdbcLogger.java:143)- <====      Total: 1
2019-09-24 18:58:05,572 DEBUG (BaseJdbcLogger.java:143)- ====>  Preparing: select id, name, sex, birthday, phone, ID_number, email, parent_phone, adress, major, state from student_basic where id = ? 
2019-09-24 18:58:05,573 DEBUG (BaseJdbcLogger.java:143)- ====> Parameters: 27192(String)
2019-09-24 18:58:05,573 DEBUG (BaseJdbcLogger.java:143)- <====      Total: 1
2019-09-24 18:58:05,574 DEBUG (BaseJdbcLogger.java:143)- ====>  Preparing: select id, name, sex, birthday, phone, ID_number, email, parent_phone, adress, major, state from student_basic where id = ? 
2019-09-24 18:58:05,574 DEBUG (BaseJdbcLogger.java:143)- ====> Parameters: 27196(String)
2019-09-24 18:58:05,574 DEBUG (BaseJdbcLogger.java:143)- <====      Total: 1
2019-09-24 18:58:05,575 DEBUG (BaseJdbcLogger.java:143)- ====>  Preparing: select id, name, sex, birthday, phone, ID_number, email, parent_phone, adress, major, state from student_basic where id = ? 
2019-09-24 18:58:05,575 DEBUG (BaseJdbcLogger.java:143)- ====> Parameters: 27197(String)
2019-09-24 18:58:05,576 DEBUG (BaseJdbcLogger.java:143)- <====      Total: 1
2019-09-24 18:58:05,577 DEBUG (BaseJdbcLogger.java:143)- ====>  Preparing: select id, name, sex, birthday, phone, ID_number, email, parent_phone, adress, major, state from student_basic where id = ? 
2019-09-24 18:58:05,578 DEBUG (BaseJdbcLogger.java:143)- ====> Parameters: 27198(String)
2019-09-24 18:58:05,579 DEBUG (BaseJdbcLogger.java:143)- <====      Total: 1
2019-09-24 18:58:05,580 DEBUG (BaseJdbcLogger.java:143)- ====>  Preparing: select id, name, sex, birthday, phone, ID_number, email, parent_phone, adress, major, state from student_basic where id = ? 
2019-09-24 18:58:05,580 DEBUG (BaseJdbcLogger.java:143)- ====> Parameters: 27199(String)
2019-09-24 18:58:05,581 DEBUG (BaseJdbcLogger.java:143)- <====      Total: 1
2019-09-24 18:58:05,581 DEBUG (BaseJdbcLogger.java:143)- ====>  Preparing: select id, name, sex, birthday, phone, ID_number, email, parent_phone, adress, major, state from student_basic where id = ? 
2019-09-24 18:58:05,581 DEBUG (BaseJdbcLogger.java:143)- ====> Parameters: 27202(String)
2019-09-24 18:58:05,582 DEBUG (BaseJdbcLogger.java:143)- <====      Total: 1
2019-09-24 18:58:05,582 DEBUG (BaseJdbcLogger.java:143)- ====>  Preparing: select id, name, sex, birthday, phone, ID_number, email, parent_phone, adress, major, state from student_basic where id = ? 
2019-09-24 18:58:05,582 DEBUG (BaseJdbcLogger.java:143)- ====> Parameters: 27204(String)
2019-09-24 18:58:05,583 DEBUG (BaseJdbcLogger.java:143)- <====      Total: 1
2019-09-24 18:58:05,583 DEBUG (BaseJdbcLogger.java:143)- ====>  Preparing: select id, name, sex, birthday, phone, ID_number, email, parent_phone, adress, major, state from student_basic where id = ? 
2019-09-24 18:58:05,583 DEBUG (BaseJdbcLogger.java:143)- ====> Parameters: 27209(String)
2019-09-24 18:58:05,584 DEBUG (BaseJdbcLogger.java:143)- <====      Total: 1
2019-09-24 18:58:05,584 DEBUG (BaseJdbcLogger.java:143)- ====>  Preparing: select id, name, sex, birthday, phone, ID_number, email, parent_phone, adress, major, state from student_basic where id = ? 
2019-09-24 18:58:05,585 DEBUG (BaseJdbcLogger.java:143)- ====> Parameters: 27210(String)
2019-09-24 18:58:05,585 DEBUG (BaseJdbcLogger.java:143)- <====      Total: 1
2019-09-24 18:58:05,585 DEBUG (BaseJdbcLogger.java:143)- ====>  Preparing: select id, name, sex, birthday, phone, ID_number, email, parent_phone, adress, major, state from student_basic where id = ? 
2019-09-24 18:58:05,586 DEBUG (BaseJdbcLogger.java:143)- ====> Parameters: 27215(String)
2019-09-24 18:58:05,586 DEBUG (BaseJdbcLogger.java:143)- <====      Total: 1
2019-09-24 18:58:05,587 DEBUG (BaseJdbcLogger.java:143)- <==      Total: 36
2019-09-24 18:58:05,587 DEBUG (BaseJdbcLogger.java:143)- ==>  Preparing: select dormitory_allocation.id, dormitory_allocation.class_id, dormitory_allocation.dormitory_id,dormitory_allocation.number from dormitory_allocation,dormitory WHERE dormitory_allocation.dormitory_id=dormitory.id and dormitory.sex=? and class_id = ? 
2019-09-24 18:58:05,588 DEBUG (BaseJdbcLogger.java:143)- ==> Parameters: 女(String), 080703201903(String)
2019-09-24 18:58:05,588 DEBUG (BaseJdbcLogger.java:143)- ====>  Preparing: select id, dong, floor, room, sex, number, rent,hasnumber from dormitory where id = ? 
2019-09-24 18:58:05,589 DEBUG (BaseJdbcLogger.java:143)- ====> Parameters: 559(Integer)
2019-09-24 18:58:05,589 DEBUG (BaseJdbcLogger.java:143)- <====      Total: 1
2019-09-24 18:58:05,589 DEBUG (BaseJdbcLogger.java:143)- ====>  Preparing: select id, dong, floor, room, sex, number, rent,hasnumber from dormitory where id = ? 
2019-09-24 18:58:05,590 DEBUG (BaseJdbcLogger.java:143)- ====> Parameters: 560(Integer)
2019-09-24 18:58:05,590 DEBUG (BaseJdbcLogger.java:143)- <====      Total: 1
2019-09-24 18:58:05,591 DEBUG (BaseJdbcLogger.java:143)- ====>  Preparing: select id, dong, floor, room, sex, number, rent,hasnumber from dormitory where id = ? 
2019-09-24 18:58:05,591 DEBUG (BaseJdbcLogger.java:143)- ====> Parameters: 561(Integer)
2019-09-24 18:58:05,591 DEBUG (BaseJdbcLogger.java:143)- <====      Total: 1
2019-09-24 18:58:05,592 DEBUG (BaseJdbcLogger.java:143)- ====>  Preparing: select id, dong, floor, room, sex, number, rent,hasnumber from dormitory where id = ? 
2019-09-24 18:58:05,592 DEBUG (BaseJdbcLogger.java:143)- ====> Parameters: 562(Integer)
2019-09-24 18:58:05,593 DEBUG (BaseJdbcLogger.java:143)- <====      Total: 1
2019-09-24 18:58:05,594 DEBUG (BaseJdbcLogger.java:143)- ====>  Preparing: select id, dong, floor, room, sex, number, rent,hasnumber from dormitory where id = ? 
2019-09-24 18:58:05,595 DEBUG (BaseJdbcLogger.java:143)- ====> Parameters: 563(Integer)
2019-09-24 18:58:05,596 DEBUG (BaseJdbcLogger.java:143)- <====      Total: 1
2019-09-24 18:58:05,597 DEBUG (BaseJdbcLogger.java:143)- ====>  Preparing: select id, dong, floor, room, sex, number, rent,hasnumber from dormitory where id = ? 
2019-09-24 18:58:05,597 DEBUG (BaseJdbcLogger.java:143)- ====> Parameters: 564(Integer)
2019-09-24 18:58:05,598 DEBUG (BaseJdbcLogger.java:143)- <====      Total: 1
2019-09-24 18:58:05,598 DEBUG (BaseJdbcLogger.java:143)- ====>  Preparing: select id, dong, floor, room, sex, number, rent,hasnumber from dormitory where id = ? 
2019-09-24 18:58:05,599 DEBUG (BaseJdbcLogger.java:143)- ====> Parameters: 565(Integer)
2019-09-24 18:58:05,600 DEBUG (BaseJdbcLogger.java:143)- <====      Total: 1
2019-09-24 18:58:05,601 DEBUG (BaseJdbcLogger.java:143)- ====>  Preparing: select id, dong, floor, room, sex, number, rent,hasnumber from dormitory where id = ? 
2019-09-24 18:58:05,601 DEBUG (BaseJdbcLogger.java:143)- ====> Parameters: 537(Integer)
2019-09-24 18:58:05,602 DEBUG (BaseJdbcLogger.java:143)- <====      Total: 1
2019-09-24 18:58:05,603 DEBUG (BaseJdbcLogger.java:143)- <==      Total: 8
2019-09-24 18:58:05,603 DEBUG (BaseJdbcLogger.java:143)- ==>  Preparing: select student_status.id,student_status.basic_id, student_status.student_id, student_status.class_id from student_status,student_basic where student_status.basic_id=student_basic.id and student_basic.sex=? and student_status.class_id=? 
2019-09-24 18:58:05,604 DEBUG (BaseJdbcLogger.java:143)- ==> Parameters: 女(String), 082803201901(String)
2019-09-24 18:58:05,606 DEBUG (BaseJdbcLogger.java:143)- ====>  Preparing: select id, name, sex, birthday, phone, ID_number, email, parent_phone, adress, major, state from student_basic where id = ? 
2019-09-24 18:58:05,606 DEBUG (BaseJdbcLogger.java:143)- ====> Parameters: 27336(String)
2019-09-24 18:58:05,608 DEBUG (BaseJdbcLogger.java:143)- <====      Total: 1
2019-09-24 18:58:05,608 DEBUG (BaseJdbcLogger.java:143)- ====>  Preparing: select id, class_id, name, director, grade, major_id from class WHERE class_id = ? 
2019-09-24 18:58:05,609 DEBUG (BaseJdbcLogger.java:143)- ====> Parameters: 082803201901(String)
2019-09-24 18:58:05,611 DEBUG (BaseJdbcLogger.java:143)- ======>  Preparing: select id, major_id, name, price, department_id from major where major_id = ? 
2019-09-24 18:58:05,612 DEBUG (BaseJdbcLogger.java:143)- ======> Parameters: 082803(String)
2019-09-24 18:58:05,613 DEBUG (BaseJdbcLogger.java:143)- <======      Total: 1
2019-09-24 18:58:05,614 DEBUG (BaseJdbcLogger.java:143)- <====      Total: 1
2019-09-24 18:58:05,614 DEBUG (BaseJdbcLogger.java:143)- ====>  Preparing: select id, name, sex, birthday, phone, ID_number, email, parent_phone, adress, major, state from student_basic where id = ? 
2019-09-24 18:58:05,615 DEBUG (BaseJdbcLogger.java:143)- ====> Parameters: 27338(String)
2019-09-24 18:58:05,616 DEBUG (BaseJdbcLogger.java:143)- <====      Total: 1
2019-09-24 18:58:05,616 DEBUG (BaseJdbcLogger.java:143)- ====>  Preparing: select id, name, sex, birthday, phone, ID_number, email, parent_phone, adress, major, state from student_basic where id = ? 
2019-09-24 18:58:05,616 DEBUG (BaseJdbcLogger.java:143)- ====> Parameters: 27340(String)
2019-09-24 18:58:05,617 DEBUG (BaseJdbcLogger.java:143)- <====      Total: 1
2019-09-24 18:58:05,618 DEBUG (BaseJdbcLogger.java:143)- ====>  Preparing: select id, name, sex, birthday, phone, ID_number, email, parent_phone, adress, major, state from student_basic where id = ? 
2019-09-24 18:58:05,618 DEBUG (BaseJdbcLogger.java:143)- ====> Parameters: 27346(String)
2019-09-24 18:58:05,619 DEBUG (BaseJdbcLogger.java:143)- <====      Total: 1
2019-09-24 18:58:05,619 DEBUG (BaseJdbcLogger.java:143)- ====>  Preparing: select id, name, sex, birthday, phone, ID_number, email, parent_phone, adress, major, state from student_basic where id = ? 
2019-09-24 18:58:05,619 DEBUG (BaseJdbcLogger.java:143)- ====> Parameters: 27350(String)
2019-09-24 18:58:05,620 DEBUG (BaseJdbcLogger.java:143)- <====      Total: 1
2019-09-24 18:58:05,621 DEBUG (BaseJdbcLogger.java:143)- ====>  Preparing: select id, name, sex, birthday, phone, ID_number, email, parent_phone, adress, major, state from student_basic where id = ? 
2019-09-24 18:58:05,621 DEBUG (BaseJdbcLogger.java:143)- ====> Parameters: 27351(String)
2019-09-24 18:58:05,622 DEBUG (BaseJdbcLogger.java:143)- <====      Total: 1
2019-09-24 18:58:05,623 DEBUG (BaseJdbcLogger.java:143)- ====>  Preparing: select id, name, sex, birthday, phone, ID_number, email, parent_phone, adress, major, state from student_basic where id = ? 
2019-09-24 18:58:05,624 DEBUG (BaseJdbcLogger.java:143)- ====> Parameters: 27353(String)
2019-09-24 18:58:05,625 DEBUG (BaseJdbcLogger.java:143)- <====      Total: 1
2019-09-24 18:58:05,626 DEBUG (BaseJdbcLogger.java:143)- ====>  Preparing: select id, name, sex, birthday, phone, ID_number, email, parent_phone, adress, major, state from student_basic where id = ? 
2019-09-24 18:58:05,626 DEBUG (BaseJdbcLogger.java:143)- ====> Parameters: 27356(String)
2019-09-24 18:58:05,628 DEBUG (BaseJdbcLogger.java:143)- <====      Total: 1
2019-09-24 18:58:05,629 DEBUG (BaseJdbcLogger.java:143)- ====>  Preparing: select id, name, sex, birthday, phone, ID_number, email, parent_phone, adress, major, state from student_basic where id = ? 
2019-09-24 18:58:05,630 DEBUG (BaseJdbcLogger.java:143)- ====> Parameters: 27358(String)
2019-09-24 18:58:05,631 DEBUG (BaseJdbcLogger.java:143)- <====      Total: 1
2019-09-24 18:58:05,632 DEBUG (BaseJdbcLogger.java:143)- ====>  Preparing: select id, name, sex, birthday, phone, ID_number, email, parent_phone, adress, major, state from student_basic where id = ? 
2019-09-24 18:58:05,632 DEBUG (BaseJdbcLogger.java:143)- ====> Parameters: 27359(String)
2019-09-24 18:58:05,633 DEBUG (BaseJdbcLogger.java:143)- <====      Total: 1
2019-09-24 18:58:05,634 DEBUG (BaseJdbcLogger.java:143)- ====>  Preparing: select id, name, sex, birthday, phone, ID_number, email, parent_phone, adress, major, state from student_basic where id = ? 
2019-09-24 18:58:05,634 DEBUG (BaseJdbcLogger.java:143)- ====> Parameters: 27360(String)
2019-09-24 18:58:05,635 DEBUG (BaseJdbcLogger.java:143)- <====      Total: 1
2019-09-24 18:58:05,636 DEBUG (BaseJdbcLogger.java:143)- ====>  Preparing: select id, name, sex, birthday, phone, ID_number, email, parent_phone, adress, major, state from student_basic where id = ? 
2019-09-24 18:58:05,637 DEBUG (BaseJdbcLogger.java:143)- ====> Parameters: 27361(String)
2019-09-24 18:58:05,638 DEBUG (BaseJdbcLogger.java:143)- <====      Total: 1
2019-09-24 18:58:05,638 DEBUG (BaseJdbcLogger.java:143)- ====>  Preparing: select id, name, sex, birthday, phone, ID_number, email, parent_phone, adress, major, state from student_basic where id = ? 
2019-09-24 18:58:05,639 DEBUG (BaseJdbcLogger.java:143)- ====> Parameters: 27362(String)
2019-09-24 18:58:05,640 DEBUG (BaseJdbcLogger.java:143)- <====      Total: 1
2019-09-24 18:58:05,641 DEBUG (BaseJdbcLogger.java:143)- ====>  Preparing: select id, name, sex, birthday, phone, ID_number, email, parent_phone, adress, major, state from student_basic where id = ? 
2019-09-24 18:58:05,641 DEBUG (BaseJdbcLogger.java:143)- ====> Parameters: 27363(String)
2019-09-24 18:58:05,642 DEBUG (BaseJdbcLogger.java:143)- <====      Total: 1
2019-09-24 18:58:05,643 DEBUG (BaseJdbcLogger.java:143)- ====>  Preparing: select id, name, sex, birthday, phone, ID_number, email, parent_phone, adress, major, state from student_basic where id = ? 
2019-09-24 18:58:05,644 DEBUG (BaseJdbcLogger.java:143)- ====> Parameters: 27365(String)
2019-09-24 18:58:05,645 DEBUG (BaseJdbcLogger.java:143)- <====      Total: 1
2019-09-24 18:58:05,646 DEBUG (BaseJdbcLogger.java:143)- ====>  Preparing: select id, name, sex, birthday, phone, ID_number, email, parent_phone, adress, major, state from student_basic where id = ? 
2019-09-24 18:58:05,646 DEBUG (BaseJdbcLogger.java:143)- ====> Parameters: 27366(String)
2019-09-24 18:58:05,647 DEBUG (BaseJdbcLogger.java:143)- <====      Total: 1
2019-09-24 18:58:05,647 DEBUG (BaseJdbcLogger.java:143)- ====>  Preparing: select id, name, sex, birthday, phone, ID_number, email, parent_phone, adress, major, state from student_basic where id = ? 
2019-09-24 18:58:05,648 DEBUG (BaseJdbcLogger.java:143)- ====> Parameters: 27367(String)
2019-09-24 18:58:05,648 DEBUG (BaseJdbcLogger.java:143)- <====      Total: 1
2019-09-24 18:58:05,649 DEBUG (BaseJdbcLogger.java:143)- ====>  Preparing: select id, name, sex, birthday, phone, ID_number, email, parent_phone, adress, major, state from student_basic where id = ? 
2019-09-24 18:58:05,649 DEBUG (BaseJdbcLogger.java:143)- ====> Parameters: 27370(String)
2019-09-24 18:58:05,649 DEBUG (BaseJdbcLogger.java:143)- <====      Total: 1
2019-09-24 18:58:05,650 DEBUG (BaseJdbcLogger.java:143)- ====>  Preparing: select id, name, sex, birthday, phone, ID_number, email, parent_phone, adress, major, state from student_basic where id = ? 
2019-09-24 18:58:05,651 DEBUG (BaseJdbcLogger.java:143)- ====> Parameters: 27372(String)
2019-09-24 18:58:05,652 DEBUG (BaseJdbcLogger.java:143)- <====      Total: 1
2019-09-24 18:58:05,653 DEBUG (BaseJdbcLogger.java:143)- ====>  Preparing: select id, name, sex, birthday, phone, ID_number, email, parent_phone, adress, major, state from student_basic where id = ? 
2019-09-24 18:58:05,653 DEBUG (BaseJdbcLogger.java:143)- ====> Parameters: 27375(String)
2019-09-24 18:58:05,655 DEBUG (BaseJdbcLogger.java:143)- <====      Total: 1
2019-09-24 18:58:05,656 DEBUG (BaseJdbcLogger.java:143)- ====>  Preparing: select id, name, sex, birthday, phone, ID_number, email, parent_phone, adress, major, state from student_basic where id = ? 
2019-09-24 18:58:05,656 DEBUG (BaseJdbcLogger.java:143)- ====> Parameters: 27376(String)
2019-09-24 18:58:05,657 DEBUG (BaseJdbcLogger.java:143)- <====      Total: 1
2019-09-24 18:58:05,658 DEBUG (BaseJdbcLogger.java:143)- ====>  Preparing: select id, name, sex, birthday, phone, ID_number, email, parent_phone, adress, major, state from student_basic where id = ? 
2019-09-24 18:58:05,658 DEBUG (BaseJdbcLogger.java:143)- ====> Parameters: 27378(String)
2019-09-24 18:58:05,659 DEBUG (BaseJdbcLogger.java:143)- <====      Total: 1
2019-09-24 18:58:05,660 DEBUG (BaseJdbcLogger.java:143)- ====>  Preparing: select id, name, sex, birthday, phone, ID_number, email, parent_phone, adress, major, state from student_basic where id = ? 
2019-09-24 18:58:05,661 DEBUG (BaseJdbcLogger.java:143)- ====> Parameters: 27381(String)
2019-09-24 18:58:05,665 DEBUG (BaseJdbcLogger.java:143)- <====      Total: 1
2019-09-24 18:58:05,666 DEBUG (BaseJdbcLogger.java:143)- ====>  Preparing: select id, name, sex, birthday, phone, ID_number, email, parent_phone, adress, major, state from student_basic where id = ? 
2019-09-24 18:58:05,666 DEBUG (BaseJdbcLogger.java:143)- ====> Parameters: 27382(String)
2019-09-24 18:58:05,667 DEBUG (BaseJdbcLogger.java:143)- <====      Total: 1
2019-09-24 18:58:05,667 DEBUG (BaseJdbcLogger.java:143)- ====>  Preparing: select id, name, sex, birthday, phone, ID_number, email, parent_phone, adress, major, state from student_basic where id = ? 
2019-09-24 18:58:05,667 DEBUG (BaseJdbcLogger.java:143)- ====> Parameters: 27383(String)
2019-09-24 18:58:05,668 DEBUG (BaseJdbcLogger.java:143)- <====      Total: 1
2019-09-24 18:58:05,668 DEBUG (BaseJdbcLogger.java:143)- <==      Total: 25
2019-09-24 18:58:05,669 DEBUG (BaseJdbcLogger.java:143)- ==>  Preparing: select dormitory_allocation.id, dormitory_allocation.class_id, dormitory_allocation.dormitory_id,dormitory_allocation.number from dormitory_allocation,dormitory WHERE dormitory_allocation.dormitory_id=dormitory.id and dormitory.sex=? and class_id = ? 
2019-09-24 18:58:05,669 DEBUG (BaseJdbcLogger.java:143)- ==> Parameters: 女(String), 082803201901(String)
2019-09-24 18:58:05,670 DEBUG (BaseJdbcLogger.java:143)- ====>  Preparing: select id, dong, floor, room, sex, number, rent,hasnumber from dormitory where id = ? 
2019-09-24 18:58:05,671 DEBUG (BaseJdbcLogger.java:143)- ====> Parameters: 566(Integer)
2019-09-24 18:58:05,671 DEBUG (BaseJdbcLogger.java:143)- <====      Total: 1
2019-09-24 18:58:05,672 DEBUG (BaseJdbcLogger.java:143)- ====>  Preparing: select id, dong, floor, room, sex, number, rent,hasnumber from dormitory where id = ? 
2019-09-24 18:58:05,672 DEBUG (BaseJdbcLogger.java:143)- ====> Parameters: 567(Integer)
2019-09-24 18:58:05,673 DEBUG (BaseJdbcLogger.java:143)- <====      Total: 1
2019-09-24 18:58:05,673 DEBUG (BaseJdbcLogger.java:143)- ====>  Preparing: select id, dong, floor, room, sex, number, rent,hasnumber from dormitory where id = ? 
2019-09-24 18:58:05,673 DEBUG (BaseJdbcLogger.java:143)- ====> Parameters: 568(Integer)
2019-09-24 18:58:05,674 DEBUG (BaseJdbcLogger.java:143)- <====      Total: 1
2019-09-24 18:58:05,674 DEBUG (BaseJdbcLogger.java:143)- ====>  Preparing: select id, dong, floor, room, sex, number, rent,hasnumber from dormitory where id = ? 
2019-09-24 18:58:05,674 DEBUG (BaseJdbcLogger.java:143)- ====> Parameters: 569(Integer)
2019-09-24 18:58:05,675 DEBUG (BaseJdbcLogger.java:143)- <====      Total: 1
2019-09-24 18:58:05,675 DEBUG (BaseJdbcLogger.java:143)- ====>  Preparing: select id, dong, floor, room, sex, number, rent,hasnumber from dormitory where id = ? 
2019-09-24 18:58:05,675 DEBUG (BaseJdbcLogger.java:143)- ====> Parameters: 570(Integer)
2019-09-24 18:58:05,677 DEBUG (BaseJdbcLogger.java:143)- <====      Total: 1
2019-09-24 18:58:05,678 DEBUG (BaseJdbcLogger.java:143)- <==      Total: 5
2019-09-24 18:58:05,679 DEBUG (BaseJdbcLogger.java:143)- ==>  Preparing: select student_status.id,student_status.basic_id, student_status.student_id, student_status.class_id from student_status,student_basic where student_status.basic_id=student_basic.id and student_basic.sex=? and student_status.class_id=? 
2019-09-24 18:58:05,679 DEBUG (BaseJdbcLogger.java:143)- ==> Parameters: 女(String), 082803201902(String)
2019-09-24 18:58:05,681 DEBUG (BaseJdbcLogger.java:143)- ====>  Preparing: select id, name, sex, birthday, phone, ID_number, email, parent_phone, adress, major, state from student_basic where id = ? 
2019-09-24 18:58:05,681 DEBUG (BaseJdbcLogger.java:143)- ====> Parameters: 27385(String)
2019-09-24 18:58:05,683 DEBUG (BaseJdbcLogger.java:143)- <====      Total: 1
2019-09-24 18:58:05,683 DEBUG (BaseJdbcLogger.java:143)- ====>  Preparing: select id, class_id, name, director, grade, major_id from class WHERE class_id = ? 
2019-09-24 18:58:05,684 DEBUG (BaseJdbcLogger.java:143)- ====> Parameters: 082803201902(String)
2019-09-24 18:58:05,684 DEBUG (BaseJdbcLogger.java:143)- ======>  Preparing: select id, major_id, name, price, department_id from major where major_id = ? 
2019-09-24 18:58:05,685 DEBUG (BaseJdbcLogger.java:143)- ======> Parameters: 082803(String)
2019-09-24 18:58:05,685 DEBUG (BaseJdbcLogger.java:143)- <======      Total: 1
2019-09-24 18:58:05,686 DEBUG (BaseJdbcLogger.java:143)- <====      Total: 1
2019-09-24 18:58:05,686 DEBUG (BaseJdbcLogger.java:143)- ====>  Preparing: select id, name, sex, birthday, phone, ID_number, email, parent_phone, adress, major, state from student_basic where id = ? 
2019-09-24 18:58:05,686 DEBUG (BaseJdbcLogger.java:143)- ====> Parameters: 27386(String)
2019-09-24 18:58:05,687 DEBUG (BaseJdbcLogger.java:143)- <====      Total: 1
2019-09-24 18:58:05,687 DEBUG (BaseJdbcLogger.java:143)- ====>  Preparing: select id, name, sex, birthday, phone, ID_number, email, parent_phone, adress, major, state from student_basic where id = ? 
2019-09-24 18:58:05,688 DEBUG (BaseJdbcLogger.java:143)- ====> Parameters: 27387(String)
2019-09-24 18:58:05,688 DEBUG (BaseJdbcLogger.java:143)- <====      Total: 1
2019-09-24 18:58:05,689 DEBUG (BaseJdbcLogger.java:143)- ====>  Preparing: select id, name, sex, birthday, phone, ID_number, email, parent_phone, adress, major, state from student_basic where id = ? 
2019-09-24 18:58:05,689 DEBUG (BaseJdbcLogger.java:143)- ====> Parameters: 27389(String)
2019-09-24 18:58:05,689 DEBUG (BaseJdbcLogger.java:143)- <====      Total: 1
2019-09-24 18:58:05,690 DEBUG (BaseJdbcLogger.java:143)- ====>  Preparing: select id, name, sex, birthday, phone, ID_number, email, parent_phone, adress, major, state from student_basic where id = ? 
2019-09-24 18:58:05,690 DEBUG (BaseJdbcLogger.java:143)- ====> Parameters: 27394(String)
2019-09-24 18:58:05,691 DEBUG (BaseJdbcLogger.java:143)- <====      Total: 1
2019-09-24 18:58:05,691 DEBUG (BaseJdbcLogger.java:143)- ====>  Preparing: select id, name, sex, birthday, phone, ID_number, email, parent_phone, adress, major, state from student_basic where id = ? 
2019-09-24 18:58:05,691 DEBUG (BaseJdbcLogger.java:143)- ====> Parameters: 27396(String)
2019-09-24 18:58:05,692 DEBUG (BaseJdbcLogger.java:143)- <====      Total: 1
2019-09-24 18:58:05,693 DEBUG (BaseJdbcLogger.java:143)- ====>  Preparing: select id, name, sex, birthday, phone, ID_number, email, parent_phone, adress, major, state from student_basic where id = ? 
2019-09-24 18:58:05,693 DEBUG (BaseJdbcLogger.java:143)- ====> Parameters: 27398(String)
2019-09-24 18:58:05,695 DEBUG (BaseJdbcLogger.java:143)- <====      Total: 1
2019-09-24 18:58:05,696 DEBUG (BaseJdbcLogger.java:143)- ====>  Preparing: select id, name, sex, birthday, phone, ID_number, email, parent_phone, adress, major, state from student_basic where id = ? 
2019-09-24 18:58:05,696 DEBUG (BaseJdbcLogger.java:143)- ====> Parameters: 27402(String)
2019-09-24 18:58:05,697 DEBUG (BaseJdbcLogger.java:143)- <====      Total: 1
2019-09-24 18:58:05,698 DEBUG (BaseJdbcLogger.java:143)- ====>  Preparing: select id, name, sex, birthday, phone, ID_number, email, parent_phone, adress, major, state from student_basic where id = ? 
2019-09-24 18:58:05,698 DEBUG (BaseJdbcLogger.java:143)- ====> Parameters: 27405(String)
2019-09-24 18:58:05,699 DEBUG (BaseJdbcLogger.java:143)- <====      Total: 1
2019-09-24 18:58:05,699 DEBUG (BaseJdbcLogger.java:143)- ====>  Preparing: select id, name, sex, birthday, phone, ID_number, email, parent_phone, adress, major, state from student_basic where id = ? 
2019-09-24 18:58:05,699 DEBUG (BaseJdbcLogger.java:143)- ====> Parameters: 27407(String)
2019-09-24 18:58:05,700 DEBUG (BaseJdbcLogger.java:143)- <====      Total: 1
2019-09-24 18:58:05,700 DEBUG (BaseJdbcLogger.java:143)- ====>  Preparing: select id, name, sex, birthday, phone, ID_number, email, parent_phone, adress, major, state from student_basic where id = ? 
2019-09-24 18:58:05,701 DEBUG (BaseJdbcLogger.java:143)- ====> Parameters: 27408(String)
2019-09-24 18:58:05,701 DEBUG (BaseJdbcLogger.java:143)- <====      Total: 1
2019-09-24 18:58:05,702 DEBUG (BaseJdbcLogger.java:143)- ====>  Preparing: select id, name, sex, birthday, phone, ID_number, email, parent_phone, adress, major, state from student_basic where id = ? 
2019-09-24 18:58:05,702 DEBUG (BaseJdbcLogger.java:143)- ====> Parameters: 27410(String)
2019-09-24 18:58:05,703 DEBUG (BaseJdbcLogger.java:143)- <====      Total: 1
2019-09-24 18:58:05,703 DEBUG (BaseJdbcLogger.java:143)- ====>  Preparing: select id, name, sex, birthday, phone, ID_number, email, parent_phone, adress, major, state from student_basic where id = ? 
2019-09-24 18:58:05,703 DEBUG (BaseJdbcLogger.java:143)- ====> Parameters: 27412(String)
2019-09-24 18:58:05,704 DEBUG (BaseJdbcLogger.java:143)- <====      Total: 1
2019-09-24 18:58:05,704 DEBUG (BaseJdbcLogger.java:143)- ====>  Preparing: select id, name, sex, birthday, phone, ID_number, email, parent_phone, adress, major, state from student_basic where id = ? 
2019-09-24 18:58:05,705 DEBUG (BaseJdbcLogger.java:143)- ====> Parameters: 27413(String)
2019-09-24 18:58:05,705 DEBUG (BaseJdbcLogger.java:143)- <====      Total: 1
2019-09-24 18:58:05,706 DEBUG (BaseJdbcLogger.java:143)- ====>  Preparing: select id, name, sex, birthday, phone, ID_number, email, parent_phone, adress, major, state from student_basic where id = ? 
2019-09-24 18:58:05,706 DEBUG (BaseJdbcLogger.java:143)- ====> Parameters: 27414(String)
2019-09-24 18:58:05,706 DEBUG (BaseJdbcLogger.java:143)- <====      Total: 1
2019-09-24 18:58:05,707 DEBUG (BaseJdbcLogger.java:143)- ====>  Preparing: select id, name, sex, birthday, phone, ID_number, email, parent_phone, adress, major, state from student_basic where id = ? 
2019-09-24 18:58:05,707 DEBUG (BaseJdbcLogger.java:143)- ====> Parameters: 27415(String)
2019-09-24 18:58:05,708 DEBUG (BaseJdbcLogger.java:143)- <====      Total: 1
2019-09-24 18:58:05,709 DEBUG (BaseJdbcLogger.java:143)- ====>  Preparing: select id, name, sex, birthday, phone, ID_number, email, parent_phone, adress, major, state from student_basic where id = ? 
2019-09-24 18:58:05,709 DEBUG (BaseJdbcLogger.java:143)- ====> Parameters: 27416(String)
2019-09-24 18:58:05,712 DEBUG (BaseJdbcLogger.java:143)- <====      Total: 1
2019-09-24 18:58:05,714 DEBUG (BaseJdbcLogger.java:143)- ====>  Preparing: select id, name, sex, birthday, phone, ID_number, email, parent_phone, adress, major, state from student_basic where id = ? 
2019-09-24 18:58:05,715 DEBUG (BaseJdbcLogger.java:143)- ====> Parameters: 27419(String)
2019-09-24 18:58:05,716 DEBUG (BaseJdbcLogger.java:143)- <====      Total: 1
2019-09-24 18:58:05,717 DEBUG (BaseJdbcLogger.java:143)- ====>  Preparing: select id, name, sex, birthday, phone, ID_number, email, parent_phone, adress, major, state from student_basic where id = ? 
2019-09-24 18:58:05,717 DEBUG (BaseJdbcLogger.java:143)- ====> Parameters: 27424(String)
2019-09-24 18:58:05,718 DEBUG (BaseJdbcLogger.java:143)- <====      Total: 1
2019-09-24 18:58:05,718 DEBUG (BaseJdbcLogger.java:143)- ====>  Preparing: select id, name, sex, birthday, phone, ID_number, email, parent_phone, adress, major, state from student_basic where id = ? 
2019-09-24 18:58:05,719 DEBUG (BaseJdbcLogger.java:143)- ====> Parameters: 27425(String)
2019-09-24 18:58:05,719 DEBUG (BaseJdbcLogger.java:143)- <====      Total: 1
2019-09-24 18:58:05,720 DEBUG (BaseJdbcLogger.java:143)- ====>  Preparing: select id, name, sex, birthday, phone, ID_number, email, parent_phone, adress, major, state from student_basic where id = ? 
2019-09-24 18:58:05,720 DEBUG (BaseJdbcLogger.java:143)- ====> Parameters: 27427(String)
2019-09-24 18:58:05,721 DEBUG (BaseJdbcLogger.java:143)- <====      Total: 1
2019-09-24 18:58:05,722 DEBUG (BaseJdbcLogger.java:143)- ====>  Preparing: select id, name, sex, birthday, phone, ID_number, email, parent_phone, adress, major, state from student_basic where id = ? 
2019-09-24 18:58:05,722 DEBUG (BaseJdbcLogger.java:143)- ====> Parameters: 27428(String)
2019-09-24 18:58:05,723 DEBUG (BaseJdbcLogger.java:143)- <====      Total: 1
2019-09-24 18:58:05,724 DEBUG (BaseJdbcLogger.java:143)- ====>  Preparing: select id, name, sex, birthday, phone, ID_number, email, parent_phone, adress, major, state from student_basic where id = ? 
2019-09-24 18:58:05,724 DEBUG (BaseJdbcLogger.java:143)- ====> Parameters: 27431(String)
2019-09-24 18:58:05,725 DEBUG (BaseJdbcLogger.java:143)- <====      Total: 1
2019-09-24 18:58:05,725 DEBUG (BaseJdbcLogger.java:143)- ====>  Preparing: select id, name, sex, birthday, phone, ID_number, email, parent_phone, adress, major, state from student_basic where id = ? 
2019-09-24 18:58:05,726 DEBUG (BaseJdbcLogger.java:143)- ====> Parameters: 27432(String)
2019-09-24 18:58:05,728 DEBUG (BaseJdbcLogger.java:143)- <====      Total: 1
2019-09-24 18:58:05,729 DEBUG (BaseJdbcLogger.java:143)- ====>  Preparing: select id, name, sex, birthday, phone, ID_number, email, parent_phone, adress, major, state from student_basic where id = ? 
2019-09-24 18:58:05,729 DEBUG (BaseJdbcLogger.java:143)- ====> Parameters: 27433(String)
2019-09-24 18:58:05,730 DEBUG (BaseJdbcLogger.java:143)- <====      Total: 1
2019-09-24 18:58:05,731 DEBUG (BaseJdbcLogger.java:143)- <==      Total: 25
2019-09-24 18:58:05,731 DEBUG (BaseJdbcLogger.java:143)- ==>  Preparing: select dormitory_allocation.id, dormitory_allocation.class_id, dormitory_allocation.dormitory_id,dormitory_allocation.number from dormitory_allocation,dormitory WHERE dormitory_allocation.dormitory_id=dormitory.id and dormitory.sex=? and class_id = ? 
2019-09-24 18:58:05,732 DEBUG (BaseJdbcLogger.java:143)- ==> Parameters: 女(String), 082803201902(String)
2019-09-24 18:58:05,733 DEBUG (BaseJdbcLogger.java:143)- ====>  Preparing: select id, dong, floor, room, sex, number, rent,hasnumber from dormitory where id = ? 
2019-09-24 18:58:05,734 DEBUG (BaseJdbcLogger.java:143)- ====> Parameters: 571(Integer)
2019-09-24 18:58:05,735 DEBUG (BaseJdbcLogger.java:143)- <====      Total: 1
2019-09-24 18:58:05,735 DEBUG (BaseJdbcLogger.java:143)- ====>  Preparing: select id, dong, floor, room, sex, number, rent,hasnumber from dormitory where id = ? 
2019-09-24 18:58:05,735 DEBUG (BaseJdbcLogger.java:143)- ====> Parameters: 572(Integer)
2019-09-24 18:58:05,736 DEBUG (BaseJdbcLogger.java:143)- <====      Total: 1
2019-09-24 18:58:05,736 DEBUG (BaseJdbcLogger.java:143)- ====>  Preparing: select id, dong, floor, room, sex, number, rent,hasnumber from dormitory where id = ? 
2019-09-24 18:58:05,737 DEBUG (BaseJdbcLogger.java:143)- ====> Parameters: 573(Integer)
2019-09-24 18:58:05,737 DEBUG (BaseJdbcLogger.java:143)- <====      Total: 1
2019-09-24 18:58:05,738 DEBUG (BaseJdbcLogger.java:143)- ====>  Preparing: select id, dong, floor, room, sex, number, rent,hasnumber from dormitory where id = ? 
2019-09-24 18:58:05,738 DEBUG (BaseJdbcLogger.java:143)- ====> Parameters: 574(Integer)
2019-09-24 18:58:05,739 DEBUG (BaseJdbcLogger.java:143)- <====      Total: 1
2019-09-24 18:58:05,739 DEBUG (BaseJdbcLogger.java:143)- ====>  Preparing: select id, dong, floor, room, sex, number, rent,hasnumber from dormitory where id = ? 
2019-09-24 18:58:05,739 DEBUG (BaseJdbcLogger.java:143)- ====> Parameters: 575(Integer)
2019-09-24 18:58:05,740 DEBUG (BaseJdbcLogger.java:143)- <====      Total: 1
2019-09-24 18:58:05,740 DEBUG (BaseJdbcLogger.java:143)- <==      Total: 5
